*** OpenTTD Crash Report ***

Crash at: Sun Dec 26 10:45:49 2010
In game date: 1850-01-03 (5)

Crash reason:
 Exception: E1212012
 Location:  75469617
 Message:   Assertion failed at line 1024 of ..\src\viewport.cpp: type < HT_DIR_END

OpenTTD version:
 Version:    r21615 (0)
 NewGRF ver: 1100546f
 Bits:       32
 Endian:     little
 Dedicated:  no
 Build date: Dec 23 2010 23:18:25

Registers:
 EAX: 0012F420 EBX: 00000016 ECX: 00000000 EDX: 770D64F4
 ESI: 00BCCD08 EDI: 00000000 EBP: 0012F470 ESP: 0012F420
 EIP: 75469617 EFLAGS: 00200246

 Bytes at instruction pointer:
 C9 C2 10 00 89 45 C0 EB ED 90 90 90 90 90 8B FF 55 8B EC 83 EC 1C 6A 00

Stack trace:
 E1212012 00000000 00000000 75469617 00000000 761962E3 01E381B4 FFFFFFFE
 7614888D 761470F4 00000000 7613BB59 770D54BC 770F32EB FFFFFFFF 00000024
 0012F46C 00000004 00000000 00000016 0012F4D0 0057014D E1212012 00000000
 00000000 00000000 00642B76 00000016 77E50A0A 0012F818 00000200 00000007
 770EF0D7 FFFFFFFF 00000000 0012F4B8 0057013D 00000001 0012F490 0012F024
 0012FF78 00648D60 774DE3D2 FFFFFFFE 0012F808 00641FB0 00000016 00000200
 770D63E0 00F534D8 00000082 00000000 00000000 7613BB59 761477CD 761652B9
 00250212 00000007 00000000 00000001 000F0594 00000000 00E20000 00E715A0
 060DB4EC 00000291 01A60011 00000101 0012F554 76165511 002D0578 00E70980
 00000001 00E71598 0012F560 770E201F 00000000 00010003 0012F754 00E71598
 0012F5F8 7618E16D 00E20000 00000000 00E715A0 00000001 0012F754 00000001
 00000000 00000000 000003C2 00000258 00000000 00C2BE08 00000010 0000001C
 0000000F 00250212 00000006 000001E3 00000000 000001B7 00000000 00000172
 00000008 50022080 00290D48 00000000 00000000 00000035 00007F01 00E715A0
 00000001 0000000F 00000000 00000020 000001DF 00E71604 0012F748 7618E6B9
 00000010 0012F818 00000200 7618E6F1 00000001 004D8194 00000001 00000000
 00290784 00000000 0012F6C8 00372F1E 00000000 00000000 7618E70C 00000000
 00000001 00000000 00000000 0012F690 00420F18 0012F670 00372F1E 0012F778
 00420D37 00000200 00000023 0012F728 02AB7760 0012F748 73F4343C 00000023
 00000000 0012F854 02AB76F8 00010000 00020001 000000A0 0000001B 00000011
 00000004 00000003 00000000 00000000 00000004 00000003 00000000 00000000
 00000008 00000004 00000006 00000000 00000000 00000000 00000000 00000000
 00000001 00000016 00000000 00000000 0000001C 00000011 0000000D 0000000D
 1E101126 0185048B CB101182 00000000 00000017 0000007F 0012F818 00C2BE08

Operating system:
 Name:     Windows
 Release:  6.1.7600 ()
 Compiler: MSVC 1500

Configuration:
 Blitter:      8bpp-optimized
 Graphics set: OpenGFX (589)
 Language:     C:\Program Files\OpenTTD\lang\english_US.lng
 Music driver: dmusic
 Music set:    OpenMSX (96)
 Network:      no
 Sound driver: win32
 Sound set:    OpenSFX (87)
 Video driver: win32

AI Configuration (local: 0):
  0: Human

Libraries:
 FreeType:   2.4.4
 ICU:        4.4.2
 LZMA:       5.0.0
 LZO:        2.03
 PNG:        1.4.5
 Zlib:       1.2.5

Module information:
 C:\Program Files\OpenTTD\openttd.exe handle: 00400000 size: 8204288 crc: 3E0BC7D5 date: 2010-12-23 23:21:30
 C:\Windows\SYSTEM32\ntdll.dll handle: 77090000 size: 1286456 crc: F8E255B8 date: 2010-11-30 09:54:28
 C:\Windows\system32\kernel32.dll handle: 75580000 size: 857088 crc: 1DC306D9 date: 2010-11-30 09:54:28
 C:\Windows\system32\KERNELBASE.dll handle: 75460000 size: 288256 crc: 37432389 date: 2009-07-14 01:15:35
 C:\Windows\system32\WINMM.dll handle: 6BB50000 size: 194048 crc: 2FBEB05C date: 2009-07-14 01:16:19
 C:\Windows\system32\msvcrt.dll handle: 758B0000 size: 690688 crc: 554C94A4 date: 2009-07-14 01:15:50
 C:\Windows\system32\USER32.dll handle: 76130000 size: 811520 crc: F5A646DD date: 2009-07-14 01:16:17
 C:\Windows\system32\GDI32.dll handle: 75DC0000 size: 304640 crc: 252D0177 date: 2009-07-14 01:15:22
 C:\Windows\system32\LPK.dll handle: 75CB0000 size: 26624 crc: 13E68B63 date: 2009-07-14 01:15:36
 C:\Windows\system32\USP10.dll handle: 75D20000 size: 627200 crc: 3887C4C8 date: 2009-07-14 01:16:17
 C:\Windows\system32\WS2_32.dll handle: 771D0000 size: 206336 crc: 4C23BF22 date: 2009-07-14 01:16:20
 C:\Windows\system32\RPCRT4.dll handle: 77210000 size: 652288 crc: 14458268 date: 2009-07-14 01:16:13
 C:\Windows\system32\NSI.dll handle: 75E20000 size: 8704 crc: 2ACE9671 date: 2009-07-14 01:16:11
 C:\Windows\system32\ADVAPI32.dll handle: 75660000 size: 640000 crc: 24248FE4 date: 2009-07-14 01:14:53
 C:\Windows\SYSTEM32\sechost.dll handle: 75890000 size: 92160 crc: B624B29A date: 2009-07-14 01:16:13
 C:\Windows\system32\SHELL32.dll handle: 762A0000 size: 12867584 crc: E1911954 date: 2010-11-30 09:54:32
 C:\Windows\system32\SHLWAPI.dll handle: 75CC0000 size: 350208 crc: 8D9B2C39 date: 2009-07-14 01:16:14
 C:\Windows\system32\IMM32.DLL handle: 76200000 size: 118272 crc: F2F44531 date: 2009-07-14 01:15:32
 C:\Windows\system32\MSCTF.dll handle: 76060000 size: 828928 crc: DFE09EEB date: 2009-07-14 01:15:43
 C:\Windows\system32\SHFolder.dll handle: 6C170000 size: 7168 crc: 683AAC32 date: 2009-07-14 01:16:14
 C:\Windows\system32\ole32.dll handle: 75700000 size: 1413632 crc: 082ED659 date: 2010-06-29 05:02:02
 C:\Windows\system32\MMDevAPI.DLL handle: 73C40000 size: 213504 crc: 352DF99F date: 2009-07-14 01:15:41
 C:\Windows\system32\PROPSYS.dll handle: 73FB0000 size: 988160 crc: 0700E8D7 date: 2009-07-14 01:16:12
 C:\Windows\system32\OLEAUT32.dll handle: 754F0000 size: 571904 crc: 9BF754BE date: 2010-04-07 07:10:36
 C:\Windows\system32\wdmaud.drv handle: 6AFB0000 size: 172032 crc: 03BEEBE2 date: 2009-07-14 01:14:08
 C:\Windows\system32\ksuser.dll handle: 6AFA0000 size: 4608 crc: EBE07232 date: 2009-07-14 01:15:35
 C:\Windows\system32\AVRT.dll handle: 73F10000 size: 14336 crc: 9818237B date: 2009-07-14 01:14:58
 C:\Windows\system32\SETUPAPI.dll handle: 76EF0000 size: 1668608 crc: F909EF01 date: 2009-07-14 01:16:14
 C:\Windows\system32\CFGMGR32.dll handle: 754B0000 size: 145920 crc: 6377C630 date: 2009-07-14 01:15:02
 C:\Windows\system32\DEVOBJ.dll handle: 753B0000 size: 64512 crc: 2B501D62 date: 2009-07-14 01:15:11
 C:\Windows\system32\AUDIOSES.DLL handle: 6B320000 size: 195584 crc: BC939745 date: 2009-07-14 01:14:57
 C:\Windows\system32\msacm32.drv handle: 73A10000 size: 20992 crc: 73923147 date: 2009-07-14 01:14:08
 C:\Windows\system32\MSACM32.dll handle: 73890000 size: 72192 crc: ABA25814 date: 2009-07-14 01:15:42
 C:\Windows\system32\midimap.dll handle: 73A30000 size: 16896 crc: C000494C date: 2009-07-14 01:15:40
 C:\Windows\system32\CRYPTBASE.dll handle: 75110000 size: 36864 crc: 00308E17 date: 2009-07-14 01:15:07
 C:\Windows\system32\CLBCatQ.DLL handle: 75FD0000 size: 522240 crc: 6C130B8A date: 2009-07-14 01:15:03
 C:\Windows\system32\uxtheme.dll handle: 73F40000 size: 249856 crc: 1CD7BB78 date: 2009-07-14 01:16:17
 C:\Program Files\Common Files\microsoft shared\ink\tiptsf.dll handle: 6D450000 size: 348160 crc: 7D193B81 date: 2009-07-14 01:16:16
 C:\Windows\system32\dwmapi.dll handle: 73F20000 size: 67072 crc: FC7CA4B8 date: 2009-07-14 01:15:13
 C:\Windows\system32\version.dll handle: 74660000 size: 21504 crc: 88D9D0F1 date: 2009-07-14 01:16:17
 C:\Program Files\IdeaCom\IdcMgr\IDCHook.dll handle: 10000000 size: 229376 crc: E022441C date: 2009-11-26 17:57:22
 C:\Program Files\WIDCOMM\Bluetooth Software\btmmhook.dll handle: 02DE0000 size: 226592 crc: 735D1A68 date: 2010-01-08 21:55:30
 C:\Windows\system32\PSAPI.DLL handle: 754E0000 size: 6144 crc: 25B988F9 date: 2009-07-14 01:16:12
 C:\Windows\system32\oleacc.dll handle: 73580000 size: 233472 crc: DCDB7650 date: 2009-07-14 01:16:12
 C:\Windows\System32\dmime.dll handle: 6CCA0000 size: 179712 crc: 179D7CFB date: 2009-07-14 01:15:12
 C:\Windows\System32\DSOUND.dll handle: 6B380000 size: 453632 crc: EC24F2F8 date: 2009-07-14 01:15:13
 C:\Windows\System32\POWRPROF.dll handle: 73B60000 size: 145408 crc: 9957ABF4 date: 2009-07-14 01:16:12
 C:\Windows\System32\dmusic.dll handle: 719A0000 size: 101376 crc: F5D0AA6B date: 2009-07-14 01:15:12
 C:\Windows\system32\WINTRUST.dll handle: 75380000 size: 172032 crc: EA2D5BBA date: 2010-11-30 09:54:19
 C:\Windows\system32\CRYPT32.dll handle: 75260000 size: 1151488 crc: CC34327C date: 2009-07-14 01:15:07
 C:\Windows\system32\MSASN1.dll handle: 75250000 size: 34816 crc: 4F65C9C8 date: 2010-11-30 09:54:41
 C:\Windows\System32\dmsynth.dll handle: 6CC80000 size: 105472 crc: 3B102040 date: 2009-07-14 01:15:12
 C:\Windows\System32\dmloader.dll handle: 741F0000 size: 38400 crc: 8A3F45D2 date: 2009-07-14 01:15:12
 C:\Windows\system32\mswsock.dll handle: 74C20000 size: 232448 crc: 32400D27 date: 2009-07-14 01:15:51
 C:\Windows\System32\wshtcpip.dll handle: 746F0000 size: 9216 crc: BA963A19 date: 2009-07-14 01:16:20
 C:\Windows\System32\dmstyle.dll handle: 6C0C0000 size: 105984 crc: 306B797C date: 2009-07-14 01:15:12
 C:\Windows\System32\dmband.dll handle: 71AB0000 size: 30720 crc: B880FDE2 date: 2009-07-14 01:15:12
 C:\Program Files\WIDCOMM\Bluetooth Software\btkeyind.dll handle: 04530000 size: 132384 crc: 8288E72C date: 2010-01-08 21:55:28

---- gamelog start ----
Tick 0: new game started
     Revision text changed to r21615, savegame version 155, not modified, _openttd_newgrf_version = 0x1100546f
     New game mode: 1 landscape: 0
     Added NewGRF: GRF ID 44441000, checksum 796D60F6F346D4FCAE5F8D8B9158B083, filename: ukrs2__the_uk_railway_set-0.6\proj1000.grf (md5sum matches)
---- gamelog end ----

*** End of OpenTTD Crash Report ***

Decoded stack trace:
[00] ???                  0x75469617 רד + 84
[01] ???                  0x0057014D
[02] ???                  0x00641FB0
[03] ???                  0x0042F807
[04] ???                  0x00449878
[05] ???                  0x00449BBA
[06] ???                  0x00660708
[07] ???                  0x0044A416
[08] ???                  0x0044A68C
[09] ???                  0x0044A724
[10] ???                  0x0044F0F1
[11] ???                  0x004511E1
[12] ???                  0x0045123F
[13] ???                  0x0041B622
[14] ???                  0x0045348A
[15] ???                  0x0056ED68

*** End of additional info ***
