*** OpenTTD Crash Report ***
Date: 2009-05-23 11:31:32
Build: r16381 (0) built on May 22 2009 18:24:17
Reason: Assertion failed at ..\src\strings.cpp:672: i != NULL
Language: english.lng
Exception C0000005 at 00439309
Registers:
 EAX: 05604E88 EBX: 00000000 ECX: 0012F510 EDX: 05604EBE
 ESI: 00000000 EDI: 00000000 EBP: 0012F814 ESP: 0012F728
 EIP: 00439309 EFLAGS: 00010206

Bytes at CS:EIP:
 88 1D 00 00 00 00 8B 46 0C 0F B7 00 99 89 84 24 A8 00 00 00 89 94 24 AC

Stack trace: 
 00000041 006C2110 0012F860 7C911BFF 0012F879 00D1D6D2 00000000 00C50000
 006ADC30 05400000 05330000 0012F79C 7C911DAC 00000C00 006EE000 00000000
 00C50000 056EE000 7C90DA54 7C918331 FFFFFFFF 0012F834 0012F84C 00008000
 00C50000 056AC3F0 00C50000 00C50000 00C50178 0012F868 7C910E91 00C50608
 7C91056D 0012F900 056AC3F8 00000000 02330000 02330000 056AC3F0 00C50178
 05D63020 056AC3F8 00000000 00000000 00000000 05683E98 00000004 051F2F48
 00000000 00000001 043F0000 00000000 00C50050 0C500000 0571BEB0 051F2F50
 00000410 00004008 00040008 0012F838 0043843D 006ADC40 00000000 0012FA5F
 04B74A88 006C2110 00000000 0012F860 0012FB8C 00438457 006ADC30 0012FA5F
 004763C9 0012FA5F 04B74A88 0210AF80 00000000 7C90EE18 EE8381EE 6F438380
 70206C61 75646F72 6F697463 7461206E 0059E920 98CC0BDD 0012F900 056AC3FC
 00000000 0012F900 0012F87C 0012F880 0012F8D8 005A6300 98B661E5 FFFFFFFE
 0059E97D 00528AE5 056AC3F8 00000000 0012F900 00535341 0012F994 0012F984
 00528626 000ACD2A 048EC900 00000000 0012F9BC 005BBFA6 FFFFFFFF 0012F9C8
 00527B78 0012F900 000ACD2E 00527A63 048EC900 00494A15 00000000 00000000
 00000000 00000000 00000000 00000000 00032000 00000000 0C500080 00000000
 00000000 006AD148 00002710 048EC900 00000003 00000000 00000000 00000000
 00000000 00000000 00000000 00000000 00000000 00000000 0043C6F5 000ACD2A
 004949F1 00494A15 0043C6F5 000ACD2A 004949F1 00494A15 000ACD2A 00494A6E
 004996EA 000ACD2A 0012FA0C 00000000 0041E239 004365C0 00003BD0 00FFFFFF
 0012F9B0 00006B60 0012F9E0 004413A5 0012FAB4 00000003 00005F01 00005F41
 0000A717 004365C0 00003BD3 00FFFFFF 0012F9E0 00006B8B 0012FA14 004413A5
 0000142C 004365C0 00003B41 004365C0 00003B4F 00FFFFFF 0012FA08 00006C20
 0012FA3C 004413A5 00000002 004365C0 00003B4D 00FFFFFF 0012FA28 00006C44

Module information:
 C:\Program Files\OpenTTD\openttd.exe handle: 00400000 size: 2826752 crc: 5E6105DE date: 2009-05-22 17:28:20
 C:\WINDOWS\system32\ntdll.dll handle: 7C900000 size: 708096 crc: A5A50370 date: 2004-08-03 23:56:38
 C:\WINDOWS\system32\kernel32.dll handle: 7C800000 size: 985088 crc: 38173A98 date: 2006-07-05 10:57:10
 C:\WINDOWS\system32\WINMM.dll handle: 76B40000 size: 176128 crc: 123646FA date: 2004-08-03 23:56:48
 C:\WINDOWS\system32\USER32.dll handle: 77D40000 size: 577024 crc: CF5FD70E date: 2006-08-01 14:24:14
 C:\WINDOWS\system32\GDI32.dll handle: 77F10000 size: 280064 crc: 34B06115 date: 2006-08-01 14:20:53
 C:\WINDOWS\system32\ADVAPI32.dll handle: 77DD0000 size: 616960 crc: 5E7A2F0A date: 2004-08-03 23:56:42
 C:\WINDOWS\system32\RPCRT4.dll handle: 77E70000 size: 582144 crc: E0A988EF date: 2006-08-01 14:23:14
 C:\WINDOWS\system32\WS2_32.dll handle: 71AB0000 size: 82944 crc: 9738CC56 date: 2004-08-03 23:56:48
 C:\WINDOWS\system32\msvcrt.dll handle: 77C10000 size: 343040 crc: 5298C0C5 date: 2004-08-03 23:56:44
 C:\WINDOWS\system32\WS2HELP.dll handle: 71AA0000 size: 19968 crc: F5DD5AB6 date: 2004-08-03 23:56:48
 C:\WINDOWS\system32\SHELL32.dll handle: 7C9C0000 size: 8457728 crc: 22D76AFF date: 2006-07-13 14:03:23
 C:\WINDOWS\system32\SHLWAPI.dll handle: 77F60000 size: 474112 crc: F4E47D73 date: 2006-10-23 15:34:22
 C:\WINDOWS\WinSxS\x86_Microsoft.Windows.Common-Controls_6595b64144ccf1df_6.0.2600.2982_x-ww_ac3f9c03\comctl32.dll handle: 773D0000 size: 1054208 crc: 58D6578C date: 2006-08-25 08:45:56
 C:\WINDOWS\system32\comctl32.dll handle: 5D090000 size: 617472 crc: 232F6674 date: 2006-08-25 15:45:58
 C:\WINDOWS\system32\SHFolder.dll handle: 76780000 size: 25088 crc: 2EC7582B date: 2004-08-03 23:56:46
 C:\WINDOWS\system32\WINTRUST.dll handle: 76C30000 size: 176640 crc: 88D208BD date: 2004-08-03 23:56:48
 C:\WINDOWS\system32\CRYPT32.dll handle: 77A80000 size: 597504 crc: 971ECFAA date: 2004-08-03 23:56:42
 C:\WINDOWS\system32\MSASN1.dll handle: 77B20000 size: 57344 crc: D5127637 date: 2004-08-03 23:56:44
 C:\WINDOWS\system32\IMAGEHLP.dll handle: 76C90000 size: 144384 crc: 714A70BC date: 2004-08-03 23:56:44
 C:\WINDOWS\system32\wdmaud.drv handle: 72D20000 size: 23552 crc: 982E84EE date: 2006-08-01 15:18:16
 C:\WINDOWS\system32\msacm32.drv handle: 72D10000 size: 20480 crc: D5406BAE date: 2001-08-23 12:00:00
 C:\WINDOWS\system32\MSACM32.dll handle: 77BE0000 size: 71680 crc: 6A21891E date: 2004-08-03 23:56:44
 C:\WINDOWS\system32\midimap.dll handle: 77BD0000 size: 18944 crc: 502B5282 date: 2004-08-03 23:56:44
 C:\WINDOWS\system32\ole32.dll handle: 774E0000 size: 1286144 crc: 42369D2E date: 2006-08-01 14:23:02
 C:\WINDOWS\system32\MSCTF.dll handle: 74720000 size: 297472 crc: CAA13AEF date: 2006-08-01 14:21:56
 C:\WINDOWS\system32\CLBCATQ.DLL handle: 76FD0000 size: 498688 crc: 5AB7528A date: 2006-08-01 14:20:17
 C:\WINDOWS\system32\COMRes.dll handle: 77050000 size: 792064 crc: 5A12B4A2 date: 2004-08-03 23:56:42
 C:\WINDOWS\system32\OLEAUT32.dll handle: 77120000 size: 553472 crc: 78035CFF date: 2004-08-03 23:56:46
 C:\WINDOWS\system32\VERSION.dll handle: 77C00000 size: 18944 crc: CFE439BB date: 2004-08-03 23:56:48
 C:\WINDOWS\system32\dmime.dll handle: 5C570000 size: 181248 crc: F18E50F8 date: 2004-08-03 23:56:44
 C:\WINDOWS\system32\DSOUND.dll handle: 73F10000 size: 367616 crc: F0EFB582 date: 2004-08-03 23:56:44
 C:\WINDOWS\system32\dmusic.dll handle: 6C980000 size: 104448 crc: 0C1C73CE date: 2004-08-03 23:56:44
 C:\WINDOWS\system32\KsUser.dll handle: 73EE0000 size: 4096 crc: 519CF22C date: 2006-08-01 15:18:14
 C:\WINDOWS\system32\dmsynth.dll handle: 6C9A0000 size: 103424 crc: ECEFF055 date: 2004-08-03 23:56:44
 C:\WINDOWS\system32\dmloader.dll handle: 6CA10000 size: 35840 crc: CCCBFD58 date: 2004-08-03 23:56:44
 C:\WINDOWS\system32\imon.dll handle: 20B00000 size: 298104 crc: D6562357 date: 2007-03-11 14:14:13
 C:\WINDOWS\system32\WSOCK32.dll handle: 71AD0000 size: 22528 crc: 6E514A7A date: 2004-08-03 23:56:48
 C:\WINDOWS\system32\mswsock.dll handle: 71A50000 size: 245248 crc: E2309390 date: 2004-08-03 23:56:46
 C:\WINDOWS\system32\hnetcfg.dll handle: 662B0000 size: 344064 crc: 6CF15ACF date: 2004-08-03 23:56:44
 C:\WINDOWS\System32\wshtcpip.dll handle: 71A90000 size: 19968 crc: B88CC0E5 date: 2004-08-03 23:56:48
 C:\WINDOWS\system32\DNSAPI.dll handle: 76F20000 size: 147456 crc: 793D5622 date: 2006-06-26 17:45:19
 C:\WINDOWS\system32\rasadhlp.dll handle: 76FC0000 size: 7680 crc: 1B4FA6E5 date: 2006-06-26 17:45:19
 C:\WINDOWS\system32\psapi.dll handle: 76BF0000 size: 23040 crc: 97A44A88 date: 2004-08-03 23:56:46

System information:
 Windows version 5.1 2600 Service Pack 2

---- gamelog start ----
Tick 0: new game started
     Revision text changed to r16312, savegame version 119, not modified, _openttd_newgrf_version = 0x08003fb8
     New game mode: 1 landscape: 0
Tick 51052: game loaded
     Revision text changed to r16381, savegame version 119, not modified, _openttd_newgrf_version = 0x08003ffd
---- gamelog end ----
