*** OpenTTD Crash Report ***

Crash at: Sun Sep  8 14:56:30 2013
In game date: 1950-01-02 (19)

Crash reason:
 Signal:  Aborted (6)
 Message: Assertion failed at line 672 of /bamboo/src/widget_type.h: num >= 0

OpenTTD version:
 Version:    r25755 (0)
 NewGRF ver: 1400649b
 Bits:       64
 Endian:     little
 Dedicated:  no
 Build date: Sep  7 2013 18:04:58

Stacktrace:
 [00] ./openttd(_ZNK12CrashLogUnix13LogStacktraceEPcPKc+0x39) [0x7512c9]
 [01] ./openttd(_ZNK8CrashLog12FillCrashLogEPcPKc+0xf0) [0x5da270]
 [02] ./openttd(_ZNK8CrashLog12MakeCrashLogEv+0x63) [0x5da353]
 [03] ./openttd() [0x75121d]
 [04] /usr/lib/libc.so.6(+0x35450) [0x7f758b87b450]
 [05] /usr/lib/libc.so.6(gsignal+0x39) [0x7f758b87b3d9]
 [06] /usr/lib/libc.so.6(abort+0x148) [0x7f758b87c7d8]
 [07] ./openttd() [0x73b30f]
 [08] ./openttd(_ZN13NWidgetMatrix8SetCountEi+0x13c) [0x8df45c]
 [09] ./openttd(_ZN17NWidgetHorizontal18AssignSizePositionE10SizingTypejjjjb+0x1be) [0x8d92ee]
 [10] ./openttd(_ZN15NWidgetVertical18AssignSizePositionE10SizingTypejjjjb+0x1ae) [0x8d8fce]
 [11] ./openttd(_ZN17NWidgetHorizontal18AssignSizePositionE10SizingTypejjjjb+0x1be) [0x8d92ee]
 [12] ./openttd(_ZN15NWidgetVertical18AssignSizePositionE10SizingTypejjjjb+0x1ae) [0x8d8fce]
 [13] ./openttd(_ZN15NWidgetVertical18AssignSizePositionE10SizingTypejjjjb+0x1ae) [0x8d8fce]
 [14] ./openttd(_ZN6Window6ReInitEii+0x71) [0x8e4a71]
 [15] ./openttd(_Z21ShowBuildObjectPickerP6Window+0x1ab) [0x73939b]
 [16] ./openttd(_ZN22TerraformToolbarWindow7OnClickE5Pointii+0x54) [0x85d534]
 [17] ./openttd(_Z17HandleMouseEventsv+0x146a) [0x8e845a]
 [18] ./openttd(_ZN15VideoDriver_SDL9PollEventEv+0x105) [0x8c5415]
 [19] ./openttd(_ZN15VideoDriver_SDL8MainLoopEv+0x90) [0x8c56f0]
 [20] ./openttd(_Z12openttd_mainiPPc+0xf87) [0x73d757]
 [21] /usr/lib/libc.so.6(__libc_start_main+0xf5) [0x7f758b867bc5]
 [22] ./openttd() [0x519079]

Operating system:
 Name:     Linux
 Release:  3.10.10-1-ARCH
 Version:  #1 SMP PREEMPT Fri Aug 30 11:30:06 CEST 2013
 Machine:  x86_64
 Compiler: GCC 4.4.5 "4.4.5"

Configuration:
 Blitter:      8bpp-optimized
 Graphics set: OpenGFX (1021)
 Language:     /home/flh/Downloads/openttd-trunk-r25755-linux-generic-amd64/lang/english.lng
 Music driver: extmidi
 Music set:    NoMusic (0)
 Network:      no
 Sound driver: sdl
 Sound set:    NoSound (2)
 Video driver: sdl

AI Configuration (local: 0):
  0: Human

Libraries:
 FontConfig: 2.10.95
 FreeType:   2.4.2
 ICU:        4.4.1
 LZMA:       5.0.3
 LZO:        2.03
 PNG:        1.2.44
 SDL:        1.2.15
 Zlib:       1.2.8

---- gamelog start ----
Tick 0: new game started
     Revision text changed to r25755, savegame version 185, not modified, _openttd_newgrf_version = 0x1400649b
     New game mode: 1 landscape: 0
     Added NewGRF: GRF ID 504A0107, checksum 29830A0BDE9BBE9578C44C4D22D76B7C, filename: beach_objects-1.0/beach_v1_0.grf (md5sum matches)
     Added NewGRF: GRF ID 504A0102, checksum 29EA308A78B7740794B80A117D14BF34, filename: dutch_delta_works-1.1/dutchdeltaworks_v1_1.grf (md5sum matches)
     Added NewGRF: GRF ID 504A0013, checksum E2FB4F9E66207F8016B7303323FDD00C, filename: isrdwestyle_objects-1.0/isrdwe_objects_v1_0.grf (md5sum matches)
     Added NewGRF: GRF ID 6D620C00, checksum E05630F419A118E12647BBCE1E9F1EE0, filename: marico.grf (md5sum matches)
     Added NewGRF: GRF ID 4F472B34, checksum DD8430D9CAFECEB7830DDBF92A1C2B0B, filename: opengfx_landscape-1.0.0/ogfx-landscape.grf (md5sum matches)
     Added NewGRF: GRF ID 49464E4F, checksum BAC22546C151037276AA7775F17AB3A9, filename: sno__supercheeses_newobjects-0.1/sno-supercheesesnewobjects.grf (md5sum matches)
     Added NewGRF: GRF ID 4D4D9910, checksum 3CD3F4D0D98DDC0DB08E9AD74B88A9E2, filename: the_lighthouse_set-1.2/the_lighthouse_set_v1.2.grf (md5sum matches)
---- gamelog end ----

*** End of OpenTTD Crash Report ***
