*** OpenTTD Crash Report ***

Crash at: Mon Oct 19 19:50:13 2009

Crash reason:
 Signal:  Aborted (6)
 Message: <none>

OpenTTD version:
 Version:    r17814M (2)
 NewGRF ver: 08004596
 Bits:       64
 Endian:     little
 Dedicated:  no
 Build date: Oct 19 2009 21:42:14

Stacktrace:
 [00] bin/openttd(_ZNK12CrashLogUnix13LogStacktraceEPcPKc+0x3c) [0x60eabc]
 [01] bin/openttd(_ZNK8CrashLog12FillCrashLogEPcPKc+0xa1) [0x534381]
 [02] bin/openttd(_ZNK8CrashLog12MakeCrashLogEv+0x54) [0x534454]
 [03] bin/openttd(_Z11HandleCrashi+0x54) [0x60ea14]
 [04] /lib/libc.so.6 [0x7f31aee5c110]
 [05] /lib/libc.so.6(sigprocmask+0x10) [0x7f31aee5c340]
 [06] /lib/libc.so.6(abort+0xe7) [0x7f31aee5dbb7]
 [07] /usr/lib/liballeg.so.4.2 [0x7f31b26a7de9]
 [08] /lib/libc.so.6 [0x7f31aee5c110]
 [09] /lib/libc.so.6(gsignal+0x35) [0x7f31aee5c085]
 [10] /lib/libc.so.6(abort+0x181) [0x7f31aee5dc51]
 [11] /lib/libc.so.6 [0x7f31aee9c378]
 [12] /lib/libc.so.6 [0x7f31aeea1ec8]
 [13] /lib/libc.so.6 [0x7f31aeea4a93]
 [14] /lib/libc.so.6(cfree+0x6c) [0x7f31aeea4eec]
 [15] //usr/lib64/opengl/nvidia/lib/libnvidia-tls.so.1 [0x7f31b2f17a3b]

Operating system:
 Name:    Linux
 Release: 2.6.30-gentoo-r8
 Version: #1 SMP Fri Oct 9 10:48:21 CEST 2009
 Machine: x86_64

Configuration:
 Blitter:      8bpp-optimized
 Graphics set: original_windows
 Language:     english.lng
 Music driver: extmidi
 Sound driver: sdl
 Sound set:    original_windows
 Video driver: allegro

AI Configuration:
  0: Human

Libraries:
 Allegro:    Allegro 4.2.2, Unix
 FontConfig: 2.7.3
 FreeType:   2.3.11
 ICU:        4.2.1
 PNG:        1.2.40
 SDL:        1.2.13

---- gamelog start ----
Tick 62675: game loaded
     Conversion from OTTD savegame without gamelog: version 4, 1
     Revision text changed to r17814M, savegame version 127, modified, _openttd_newgrf_version = 0x08004596
     New game mode: 0 landscape: 1
---- gamelog end ----

*** End of OpenTTD Crash Report ***
