*** OpenTTD Crash Report ***

Crash at: Mon Jan 10 21:12:31 2011
In game date: 1942-01-01 (0)

Crash reason:
 Signal:  Aborted (6)
 Message: Assertion failed at line 1493 of /usr/src/OpenTTD/compile/src/tunnelbridge_cmd.cpp: GetTunnelBridgeTransportType(tile) != TRANSPORT_RAIL

OpenTTD version:
 Version:    1.1.0-beta3 (0)
 NewGRF ver: 110054f6
 Bits:       64
 Endian:     little
 Dedicated:  no
 Build date: Jan  9 2011 15:24:22

Stacktrace:
 [00] openttd(_ZNK12CrashLogUnix13LogStacktraceEPcPKc+0x3c) [0x6b854c]
 [01] openttd(_ZNK8CrashLog12FillCrashLogEPcPKc+0xe6) [0x5918e6]
 [02] openttd(_ZNK8CrashLog12MakeCrashLogEv+0x7c) [0x5919ec]
 [03] openttd [0x6b849e]
 [04] /lib/libc.so.6 [0x2af42171ef60]
 [05] /lib/libc.so.6(gsignal+0x35) [0x2af42171eed5]
 [06] /lib/libc.so.6(abort+0x183) [0x2af4217203f3]
 [07] openttd [0x6a5bc5]
 [08] openttd [0x7c3534]
 [09] openttd(_Z29ChangeOwnershipOfCompanyItems5OwnerS_+0x556) [0x5a6e06]
 [10] openttd(_Z20CompaniesMonthlyLoopv+0x2be) [0x5a7f3e]
 [11] openttd(_Z12IncreaseDatev+0xd5) [0x591fa5]
 [12] openttd(_Z13StateGameLoopv+0x2fa) [0x6a67ba]
 [13] openttd(_Z15NetworkGameLoopv+0x24a) [0x62784a]
 [14] openttd(_Z8GameLoopv+0x1a5) [0x6a8435]
 [15] openttd(_ZN21VideoDriver_Dedicated8MainLoopEv+0xa9) [0x7dbc49]
 [16] openttd(_Z8ttd_mainiPPc+0xe7b) [0x6a7f2b]
 [17] /lib/libc.so.6(__libc_start_main+0xe6) [0x2af42170b1a6]
 [18] openttd(__gxx_personality_v0+0x311) [0x4beb59]

Operating system:
 Name:     Linux
 Release:  2.6.18-028stab069.6
 Version:  #1 SMP Wed May 26 18:10:06 MSD 2010
 Machine:  x86_64
 Compiler: GCC 4.3.2 "4.3.2"

Configuration:
 Blitter:      null
 Graphics set: original_windows (0)
 Language:     /usr/share/games/openttd/lang/english_US.lng
 Music driver: null
 Music set:    NoMusic (0)
 Network:      server
 Sound driver: null
 Sound set:    original_windows (0)
 Video driver: dedicated

AI Configuration (local: 255):
  0: Human
  1: Human
  2: Human

Libraries:
 FontConfig: 2.6.0
 FreeType:   2.3.7
 ICU:        3.8.1
 LZMA:       4.999.9beta
 LZO:        2.03
 PNG:        1.2.27
 SDL:        1.2.12
 Zlib:       1.2.3.3

---- gamelog start ----
Tick 0: new game started
     Revision text changed to 1.1.0-beta3, savegame version 156, not modified, _openttd_newgrf_version = 0x110054f6
     New game mode: 1 landscape: 1
     Added NewGRF: GRF ID 4D656F91, checksum 87E86B1E2DCDBFA25C9F07A70D09541E, filename: ecs_town_vector-1.031dec2010/ecstown.grf (md5sum matches)
     Added NewGRF: GRF ID 4D656F9F, checksum A71CCBB7CABE4622EE223D03DF3AD084, filename: ecs_basic_vector_ii-1.031dec2010/ecsbas2.grf (md5sum matches)
     Added NewGRF: GRF ID 4D656F97, checksum 87254469940C14FE9D318253F9EC8DF7, filename: ecs_agricultural_vector-1.031dec2010/ecsagri.grf (md5sum matches)
     Added NewGRF: GRF ID 4D656F9C, checksum 7DCAFA182E564F9ED0ACD3EB345443B5, filename: ecs_chemical_vector_ii-1.031dec2010/ecschem2.grf (md5sum matches)
     Added NewGRF: GRF ID 4D656F96, checksum 682C2B4B460032782186BF03AE2C156C, filename: ecs_construction_vector-b527dec2010/ecsconstw.grf (md5sum matches)
     Added NewGRF: GRF ID 4D656F9D, checksum 35232EE67152D4FCCB8B3B39D5090137, filename: ecs_houses-b631dec2010/ecshouse.grf (md5sum matches)
     Added NewGRF: GRF ID 4D656F94, checksum 7645D30F8801935316B5A968B96190C6, filename: ecs_machinery_vector-1.031dec2010/ecsmach.grf (md5sum matches)
     Added NewGRF: GRF ID 56430001, checksum AF3E0A1E6EF0B98DB966594578D1775B, filename: total_town_replacement_set-3.02a/ttrs3w.grf (md5sum matches)
     Added NewGRF: GRF ID 4D656F95, checksum B4CFBC6D751E777569329869C7E61D9B, filename: ecs_wood_vector-1.031dec2010/ecswood.grf (md5sum matches)
     Added NewGRF: GRF ID 50430303, checksum 38558CC62E283687C5CD56F2D3596B64, filename: alaskan_town_names-1.0/alsk_names.grf (md5sum matches)
     Added NewGRF: GRF ID 49420105, checksum AA49A3545A80BFC1AE361F5D0B6D75BC, filename: snow_line_mod-1.0.0/snowlinemod.grf (md5sum matches)
     Added NewGRF: GRF ID 46727806, checksum 09E95562B1894A4D55D5532C6A889621, filename: opengfx_trees-0.2.2/opengfx+trees.grf (md5sum matches)
     Added NewGRF: GRF ID 4A53AA01, checksum E4C0F82E58963374BC14F7875C4AA59D, filename: nogridland-2010.10.14/nogridland.grf (md5sum matches)
     Added NewGRF: GRF ID 19060801, checksum 6CFC6328D999C140851BFE6514BA277A, filename: bigger_depots.0.3/bigdepot.grf (md5sum matches)
     Added NewGRF: GRF ID 44440302, checksum 439275017478C2E5E7AA25F5E191903D, filename: north_american_renewal_set.2_03/nars2w.grf (md5sum matches)
     Added NewGRF: GRF ID 52571201, checksum C1C7D8C53EB7E74EEE2F0EF29638B466, filename: egrvts.1.0/egrvts.grf (md5sum matches)
     Added NewGRF: GRF ID 414E0101, checksum 9FE1949FF50A22F6260A6D2D3FA45A2D, filename: fish_ship_set-0.8.2/fish.grf (md5sum matches)
     Added NewGRF: GRF ID 4A4D0101, checksum 9ABAA3211849E0C55FB642521ECFB16F, filename: sailing_ships-0.3/sailing_ships.grf (md5sum matches)
     Added NewGRF: GRF ID 74677462, checksum A2396FFDCC0F1BA37A2A89EF525CDF21, filename: total_bridge_renewal_set.1.12/total_bridges.grf (md5sum matches)
     Added NewGRF: GRF ID 42533331, checksum 987D739F4D00B7EB98E4D302968C7A9F, filename: ttmsbridge-all/ttms_bridges.grf (md5sum matches)
     Added NewGRF: GRF ID 45530500, checksum FA231F55E8CC472EA98271F7C2AA9EFF, filename: japanese_stations-2.0a/jpstationsw.grf (md5sum matches)
     Added NewGRF: GRF ID 4A430002, checksum 0728ADCB4DF2F1EB9247ABD449296F4E, filename: industrial_stations_renewal.0.8.0/indstatrw.grf (md5sum matches)
     Added NewGRF: GRF ID 4D470303, checksum 8F903FAC3099CA3C9A296AAECBB27A75, filename: basemod-3.2/basecosts.grf (md5sum matches)
---- gamelog end ----

*** End of OpenTTD Crash Report ***
