*** OpenTTD Crash Report ***

Crash at: Fri Dec  3 00:07:53 2010
In game date: 2080-06-05 (18)

Crash reason:
 Signal:  Aborted (6)
 Message: <none>

OpenTTD version:
 Version:    r21367 (2)
 NewGRF ver: 11005377
 Bits:       64
 Endian:     little
 Dedicated:  no
 Build date: Dec  2 2010 02:28:12

Stacktrace:
 [00] bin/openttd(_ZNK12CrashLogUnix13LogStacktraceEPcPKc+0x39) [0x66cdc9]
 [01] bin/openttd(_ZNK8CrashLog12FillCrashLogEPcPKc+0xf0) [0x549200]
 [02] bin/openttd(_ZNK8CrashLog12MakeCrashLogEv+0x63) [0x5492e3]
 [03] bin/openttd() [0x66cd1d]
 [04] /lib/libc.so.6(+0x321f0) [0x7f75add4e1f0]
 [05] /lib/libc.so.6(gsignal+0x35) [0x7f75add4e175]
 [06] /lib/libc.so.6(abort+0x180) [0x7f75add4f590]
 [07] /lib/libc.so.6(__assert_fail+0xf1) [0x7f75add47201]
 [08] bin/openttd() [0x766fd3]
 [09] bin/openttd() [0x6c1e60]
 [10] bin/openttd(_Z16CallVehicleTicksv+0xf5) [0x7731c5]
 [11] bin/openttd(_Z13StateGameLoopv+0x845) [0x65a6f5]
 [12] bin/openttd(_Z8GameLoopv+0xb8) [0x65bc48]
 [13] bin/openttd(_ZN15VideoDriver_SDL8MainLoopEv+0x1e1) [0x783031]
 [14] bin/openttd(_Z8ttd_mainiPPc+0xdc8) [0x65b858]
 [15] /lib/libc.so.6(__libc_start_main+0xfd) [0x7f75add3abbd]
 [16] bin/openttd() [0x4b57a9]

Operating system:
 Name:     Linux
 Release:  2.6.35-gentoo-r13
 Version:  #1 SMP Wed Nov 24 21:22:31 CET 2010
 Machine:  x86_64
 Compiler: GCC 4.4.5 "4.4.5"

Configuration:
 Blitter:      8bpp-optimized
 Graphics set: original_windows (0)
 Language:     /home/smatz/openttd/anon3/bin/lang/czech.lng
 Music driver: extmidi
 Music set:    NoMusic (0)
 Network:      no
 Sound driver: sdl
 Sound set:    original_windows (0)
 Video driver: sdl

AI Configuration (local: 0):
  0: Human

Libraries:
 FontConfig: 2.8.0
 FreeType:   2.4.3
 ICU:        4.4.2
 LZMA:       4.999.9beta
 LZO:        2.02
 PNG:        1.4.3
 SDL:        1.2.13
 Zlib:       1.2.3

---- gamelog start ----
Tick 0: new game started
     Revision text changed to r18529, savegame version 132, not modified, _openttd_newgrf_version = 0x08004861
     New game mode: 1 landscape: 1
     Added NewGRF: GRF ID 4D470501, checksum 921D08A4B3430BDCC14715B6A1288350, filename: ottdc_grfpack/0_info.grf (md5sum matches)
     Added NewGRF: GRF ID 424B5461, checksum D8B7E0175E66D485634CFEA8CAE2ACC6, filename: ottdc_grfpack/4_infrastructure/bktun/BKTunw.grf (md5sum matches)
     Added NewGRF: GRF ID 58534602, checksum 181DF5910D8F6B29E3D2940DEDE43042, filename: ottdc_grfpack/4_infrastructure/found/found.grf (md5sum matches)
     Added NewGRF: GRF ID 74677462, checksum A2396FFDCC0F1BA37A2A89EF525CDF21, filename: ottdc_grfpack/4_infrastructure/totalbridges/total_bridges.grf (md5sum matches)
     Added NewGRF: GRF ID 52455400, checksum 1600687C50C5AB1E72EDD487CAD50E2A, filename: ottdc_grfpack/7_stations/ae_city/ae_cityw.GRF (md5sum matches)
     Added NewGRF: GRF ID 52455200, checksum 0E5A9C5ACD2BCAF7FA0658C3F905A660, filename: ottdc_grfpack/7_stations/ae_rura/ae_ruraw.GRF (md5sum matches)
     Added NewGRF: GRF ID 52455300, checksum 37C0B839B13C4B18051580C81EEDF427, filename: ottdc_grfpack/7_stations/ae_subu/ae_subuw.GRF (md5sum matches)
     Added NewGRF: GRF ID 45520102, checksum 1406B06F6475037445A944963CA6D5CE, filename: ottdc_grfpack/7_stations/basic_platforms/basic_platformsw.grf (md5sum matches)
     Added NewGRF: GRF ID 45520400, checksum 1D00426064137AA49B6FC4F4BCFF173F, filename: ottdc_grfpack/7_stations/brickfreight/brickfreightw.GRF (md5sum matches)
     Added NewGRF: GRF ID 504E0002, checksum 6E6944E09CE6C3AC130DF72C542EE4B1, filename: ottdc_grfpack/7_stations/buffers/buffers.grf (md5sum matches)
     Added NewGRF: GRF ID 43415463, checksum 422B1603DC1CEDA4E59E715E12EAD332, filename: ottdc_grfpack/7_stations/canstn/canstnw.grf (md5sum matches)
     Added NewGRF: GRF ID 45530400, checksum 1D13F6976C0C032F3FB8F76B84B6EBA8, filename: japanese_stations.2.0/jpstationsw.grf (md5sum matches)
     Added NewGRF: GRF ID 58534453, checksum 2E100BCA91DB8371CD9D57DBEC3AB0C8, filename: ottdc_grfpack/7_stations/dutchstat/dutchstatw.grf (md5sum matches)
     Added NewGRF: GRF ID 4A430002, checksum 0728ADCB4DF2F1EB9247ABD449296F4E, filename: ottdc_grfpack/7_stations/indstatr/indstatrw.grf (md5sum matches)
     Added NewGRF: GRF ID 45520500, checksum 7E30CA79D5A8B3A6CBE873E26096D7D2, filename: ottdc_grfpack/7_stations/modernsuburban/modernsuburbanw.GRF (md5sum matches)
     Added NewGRF: GRF ID 6D620601, checksum 44EB2F155862E4D4F0AB671D7021AF54, filename: ottdc_grfpack/7_stations/newstats/newstatsw.grf (md5sum matches)
     Added NewGRF: GRF ID 19060801, checksum 6CFC6328D999C140851BFE6514BA277A, filename: bigger_depots.0.3/bigdepot.grf (md5sum matches)
     Added NewGRF: GRF ID 504E0001, checksum E7781323D2B0086E2E76342DAA036054, filename: ottdc_grfpack/7_stations/ukwaypoints/ukwaypointsw.grf (md5sum matches)
     Added NewGRF: GRF ID 54570200, checksum 3DEB9B30A6254AE8606A5A9A99A9A696, filename: ottdc_grfpack/7_stations/usstats/usstatsw.grf (md5sum matches)
     Added NewGRF: GRF ID 52571201, checksum C1C7D8C53EB7E74EEE2F0EF29638B466, filename: ottdc_grfpack/8_vehicles/road_vehicles/grvts/egrvts.grf (md5sum matches)
     Added NewGRF: GRF ID 6D620004, checksum 70649F1AFC954942173B0AA89C1E8B14, filename: ottdc_grfpack/8_vehicles/ships/newships/newshipsw.grf (md5sum matches)
     Added NewGRF: GRF ID 44440A01, checksum D48D7AD02CA355B92FAE081DC4A36868, filename: av8_aviators_aircraft_set.1.501/pb_av8w.grf (md5sum matches)
     Added NewGRF: GRF ID 43414E61, checksum 3233EAB371490D899A348A0AE8C59591, filename: ottdc_grfpack/1_other/townnames/canadian/CaNames.grf (md5sum matches)
     Added NewGRF: GRF ID 4D413032, checksum EB482BE1789BC292CD6CAC011F2932C3, filename: ottdc_grfpack/8_vehicles/trains_wagons/empty/empty.grf (md5sum matches)
     Added NewGRF: GRF ID 54560103, checksum 381A11BC5B0F0489B410A0A3B4967844, filename: ottdc_grfpack/2_landscape/smoothsnow/smoothsnoww.grf (md5sum matches)
     Added NewGRF: GRF ID 44440302, checksum 439275017478C2E5E7AA25F5E191903D, filename: north_american_renewal_set.2_03/nars2w.grf (md5sum matches)
     Added NewGRF: GRF ID 41424631, checksum C3BCFB890BE4207032E5B94889DDBC33, filename: ottdc_grfpack/6_town_buildings/partysquare/partysquare.grf (md5sum matches)
Tick 0: game loaded
     Revision text changed to r18577, savegame version 132, not modified, _openttd_newgrf_version = 0x08004891
Tick 47: game loaded
     Revision text changed to r18669, savegame version 132, modified, _openttd_newgrf_version = 0x100048ed
Tick 51584: game loaded
     Revision text changed to r18669, savegame version 132, not modified, _openttd_newgrf_version = 0x100048ed
Tick 51996: GRF config changed
     Added NewGRF: GRF ID 49420105, checksum A6E7B72F9C52F08303204C6FB3A3700A, unknown GRF
Tick 52179: GRF config changed
     Removed NewGRF: GRF ID 49420105, unknown GRF
Tick 52856: game loaded
     Revision text changed to r18669, savegame version 132, modified, _openttd_newgrf_version = 0x100048ed
Tick 31462: game loaded
     Revision text changed to r21367, savegame version 153, modified, _openttd_newgrf_version = 0x11005377
---- gamelog end ----

*** End of OpenTTD Crash Report ***
