*** OpenTTD Crash Report ***
Date: 2009-09-03 00:43:08
Build: 0.7.2 (0) built on Jul 31 2009 22:53:33
Language: english_US.lng
Exception C0000005 at 004BB341
Registers:
 EAX: 00002000 EBX: 0013F85C ECX: 01000001 EDX: 00C50608
 ESI: 021DBAA8 EDI: 0000040C EBP: 0013F8A8 ESP: 0013F834
 EIP: 004BB341 EFLAGS: 00010206

Bytes at CS:EIP:
 89 08 F7 00 00 00 00 08 8B 4B 04 89 48 04 74 03 FF 41 04 FF 46 04 39 7E

Stack trace: 
 01000001 021DBA90 004C8A23 01FA7A88 021DBAE8 021DBA90 022061C8 022061C8
 0206AEC0 00000002 01000001 00000000 000003F7 00000000 00000000 00000000
 00000000 00000000 00000000 00000002 00000005 00000001 00000001 00000000
 00000000 01FA7A80 0013F950 0059AAC3 00000002 0013F95C 004C9AB7 021DBA90
 02013718 00000001 000003F1 00000000 021DBA90 00000000 000003E9 00000000
 00000000 00000000 00000000 00000000 00000000 0A000020 01E718E0 00000000
 00000000 00000000 00000000 05000002 00000001 00000000 00000000 00000000
 00000000 00000000 00000000 00000000 00000000 08000100 02013718 006314CC
 006314CD 000003F4 00000000 021DBB20 00000000 021DBA90 0013F8C4 0013F9A4
 0059B24C 00000001 0013F9B0 004CBD1E 00F95BA8 000003EF 000003F1 00000001
 0013F9D8 00000001 00000000 021DBA90 00000001 000003E9 0013F9A8 02056330
 004B9CD8 021DBA90 01F95BA0 01F95BA8 0013FB1C 00599BD6 FFFFFFFF 0013F9E0
 004BACD8 01F95BA8 00000001 000003EF 0013F9D8 00000001 00000000 0013FA28
 021EB5C8 01000001 00000000 0013F9FC 004B8D64 00000001 00000001 021E7DF8
 006314CC 0000000A 0013FA30 004D5C3D 006314CC 0013FA28 FFFFFFFF 0A008000
 02036058 005DE138 00000000 01000000 021DBA90 0013FA58 0013FA58 0013FA58
 004CCD7F 4149504C 004AF883 004B5A59 005DE138 004AF8A8 004AF5DB 0013FA54
 00000000 0013FB28 004B5BF4 005DC2A4 00000000 0000039E 004B5C41 0013FB48
 0065B138 00000000 004B6993 0013FB48 00000104 00000000 00000500 4201116B
 00000001 00000000 000003ED 00000500 37000400 00000000 00000000 7CB7CDB1
 0013FAF8 0058097D 0013FAD8 00620554 00000000 0013FB34 0013FB48 00000104
 00000000 0013FB55 000000F6 0013FB48 00000042 00000000 00519D84 DCBAABCD
 00000000 0013FB14 005809BD 0013FB48 00000104 00620554 00000000 0013FB34
 0013FC50 0013FA80 0013FFB0 0059C1E9 00000000 0013FC50 00429B75 00000001

Module information:
 F:\Games\OpenTTD\__072\openttd.exe handle: 00400000 size: 2524672 crc: 30F92EB7 date: 2009-07-31 20:57:44
 C:\WINDOWS\system32\ntdll.dll handle: 7C900000 size: 719360 crc: C2922BE4 date: 2009-02-09 10:53:27
 C:\WINDOWS\system32\kernel32.dll handle: 7C800000 size: 1006080 crc: 324D70EE date: 2009-03-21 14:08:56
 C:\WINDOWS\system32\WINMM.dll handle: 76B30000 size: 177152 crc: 75A21A25 date: 2008-04-14 08:05:40
 C:\WINDOWS\system32\ADVAPI32.dll handle: 77DC0000 size: 682496 crc: E7107469 date: 2009-02-09 10:53:27
 C:\WINDOWS\system32\RPCRT4.dll handle: 77E70000 size: 585216 crc: B0451EEF date: 2009-04-15 14:53:54
 C:\WINDOWS\system32\Secur32.dll handle: 77FE0000 size: 56832 crc: 108486A9 date: 2009-06-25 08:26:49
 C:\WINDOWS\system32\GDI32.dll handle: 77F10000 size: 286720 crc: 9D41CF87 date: 2008-10-23 12:41:58
 C:\WINDOWS\system32\USER32.dll handle: 7E360000 size: 578560 crc: B6D93299 date: 2008-04-14 08:05:38
 C:\WINDOWS\system32\WS2_32.dll handle: 71A80000 size: 82432 crc: D560F807 date: 2008-04-14 08:05:40
 C:\WINDOWS\system32\msvcrt.dll handle: 77C00000 size: 343040 crc: 4DAD5BA4 date: 2008-04-14 08:05:28
 C:\WINDOWS\system32\WS2HELP.dll handle: 71A70000 size: 19968 crc: 153CEF33 date: 2008-04-14 08:05:40
 C:\WINDOWS\system32\SHELL32.dll handle: 7C9C0000 size: 8473088 crc: AD0FF91C date: 2008-06-17 19:02:39
 C:\WINDOWS\system32\SHLWAPI.dll handle: 77F60000 size: 474112 crc: AA58A5F4 date: 2008-04-14 08:05:32
 C:\WINDOWS\system32\IMM32.DLL handle: 76370000 size: 110080 crc: 00D02E31 date: 2008-04-14 08:05:22
 C:\WINDOWS\WinSxS\x86_Microsoft.Windows.Common-Controls_6595b64144ccf1df_6.0.2600.5512_x-ww_35d4ce83\comctl32.dll handle: 773C0000 size: 1054208 crc: D4F50C8C date: 2008-04-14 08:03:38
 C:\WINDOWS\system32\comctl32.dll handle: 5D5A0000 size: 617472 crc: A0148E16 date: 2008-04-14 08:05:20
 C:\WINDOWS\system32\SHFolder.dll handle: 76770000 size: 25088 crc: 04790D92 date: 2008-04-14 08:05:32
 C:\WINDOWS\system32\wdmaud.drv handle: 72CD0000 size: 23552 crc: 1E5852DA date: 2008-04-14 08:06:10
 C:\WINDOWS\system32\WINTRUST.dll handle: 76C20000 size: 176640 crc: AF3256F0 date: 2008-04-14 08:05:40
 C:\WINDOWS\system32\CRYPT32.dll handle: 77A70000 size: 602112 crc: 66AA1A81 date: 2008-04-14 08:05:20
 C:\WINDOWS\system32\MSASN1.dll handle: 77B10000 size: 57344 crc: 580370EF date: 2008-04-14 08:05:26
 C:\WINDOWS\system32\IMAGEHLP.dll handle: 76C80000 size: 144384 crc: 6C0A91D3 date: 2008-04-14 08:05:22
 C:\WINDOWS\system32\msacm32.drv handle: 72CC0000 size: 20480 crc: E15F7342 date: 2001-10-09 12:00:00
 C:\WINDOWS\system32\MSACM32.dll handle: 77BD0000 size: 71680 crc: 780B6664 date: 2008-04-14 08:05:26
 C:\WINDOWS\system32\midimap.dll handle: 77BC0000 size: 18944 crc: 834B2EAA date: 2008-04-14 08:05:26
 C:\WINDOWS\system32\ole32.dll handle: 774D0000 size: 1287168 crc: 7BFC4AF7 date: 2008-04-14 08:05:32
 C:\WINDOWS\system32\uxtheme.dll handle: 5B250000 size: 219136 crc: C9C83E95 date: 2008-04-14 08:05:38
 C:\WINDOWS\system32\MSCTF.dll handle: 746E0000 size: 297984 crc: 1C2D809E date: 2008-04-14 08:05:26
 C:\Programmer\Logitech\SetPoint\lgscroll.dll handle: 10100000 size: 45584 crc: 94D1DEDF date: 2009-02-18 22:31:16
 C:\WINDOWS\WinSxS\x86_Microsoft.VC80.CRT_1fc8b3b9a1e18e3b_8.0.50727.3053_x-ww_b80fa8ca\MSVCR80.dll handle: 78130000 size: 635904 crc: 4126B94A date: 2008-07-25 10:17:20
 C:\WINDOWS\system32\NTMARTA.DLL handle: 77680000 size: 119296 crc: EDA4BC03 date: 2008-04-14 08:05:30
 C:\WINDOWS\system32\SAMLIB.dll handle: 71BC0000 size: 64000 crc: 4288557F date: 2008-04-14 08:05:32
 C:\WINDOWS\system32\WLDAP32.dll handle: 76F50000 size: 172544 crc: 96AB0B14 date: 2008-04-14 08:05:40
 C:\WINDOWS\system32\CLBCATQ.DLL handle: 76FC0000 size: 498688 crc: A6D46637 date: 2008-04-14 08:05:20
 C:\WINDOWS\system32\COMRes.dll handle: 77040000 size: 804352 crc: 6C98E6E1 date: 2008-04-14 08:05:20
 C:\WINDOWS\system32\OLEAUT32.dll handle: 77110000 size: 551936 crc: 549AA2B7 date: 2008-04-14 08:05:32
 C:\WINDOWS\system32\VERSION.dll handle: 77BF0000 size: 18944 crc: E401A036 date: 2008-04-14 08:05:38
 C:\WINDOWS\system32\dmime.dll handle: 60D60000 size: 181248 crc: A4C4DC2A date: 2008-04-14 08:05:22
 C:\WINDOWS\system32\DSOUND.dll handle: 73EC0000 size: 367616 crc: 90CBF586 date: 2008-04-14 08:05:22
 C:\WINDOWS\system32\dmusic.dll handle: 6CF00000 size: 104448 crc: 18779733 date: 2008-04-14 08:05:22
 C:\WINDOWS\system32\KsUser.dll handle: 73E90000 size: 4096 crc: 6CE6DBBE date: 2008-04-14 07:05:24
 C:\WINDOWS\system32\dmsynth.dll handle: 6CF20000 size: 103424 crc: 7269ED73 date: 2008-04-14 08:05:22
 C:\WINDOWS\system32\dmloader.dll handle: 6CF90000 size: 35840 crc: C33B5E62 date: 2008-04-14 08:05:22
 C:\WINDOWS\system32\apphelp.dll handle: 77B30000 size: 125952 crc: 78686056 date: 2008-04-14 08:05:20
 C:\WINDOWS\system32\msctfime.ime handle: 75190000 size: 177152 crc: D3EEDE4A date: 2008-04-14 08:04:18
 C:\WINDOWS\system32\mswsock.dll handle: 71A20000 size: 246784 crc: BC367305 date: 2008-06-20 17:48:23
 C:\WINDOWS\system32\hnetcfg.dll handle: 62F70000 size: 346112 crc: FCF9E6D0 date: 2008-04-14 08:05:22
 C:\WINDOWS\System32\wshtcpip.dll handle: 71A60000 size: 19456 crc: 25DD512A date: 2008-04-14 08:05:40
 C:\WINDOWS\system32\DNSAPI.dll handle: 76F10000 size: 147968 crc: 65E1FCE1 date: 2008-06-20 17:48:23
 C:\WINDOWS\System32\winrnr.dll handle: 76FA0000 size: 16896 crc: 483ABD69 date: 2008-04-14 08:05:40
 C:\WINDOWS\system32\rasadhlp.dll handle: 76FB0000 size: 7680 crc: 3EA32BB0 date: 2008-04-14 08:05:32
 C:\WINDOWS\system32\psapi.dll handle: 76BE0000 size: 23040 crc: CA2B69D6 date: 2008-04-14 08:05:32

System information:
 Windows version 5.1 2600 Service Pack 3

---- gamelog start ----
Tick 0: new game started
     Revision text changed to 0.7.1, savegame version 116, not modified, _openttd_newgrf_version = 0x0718409c
     New game mode: 1 landscape: 0
Tick 26349: game loaded
     Revision text changed to 0.7.2-RC1, savegame version 116, not modified, _openttd_newgrf_version = 0x072041c4
Tick 19364: game loaded
     Revision text changed to 0.7.2, savegame version 116, not modified, _openttd_newgrf_version = 0x07284272
---- gamelog end ----
