*** OpenTTD Crash Report ***
Date: 2007-09-02 09:43:48
Build: 0.5.2 built on May 29 2007 20:45:46
Exception C0000096 at 5C57EB85
Registers:
 EAX: 00000000 EBX: 00AD2C70 ECX: 00AD2C70 EDX: 776067F0
 ESI: 00000000 EDI: 00000000 EBP: 0135FFB4 ESP: 0135FFB0
 EIP: 5C57EB85 EFLAGS: 00010246

Bytes at CS:EIP:
 EC 28 56 6A 00 8B F1 FF 15 EC 10 57 5C 50 FF 15 F0 10 57 5C 83 BE 58 03

Stack trace: 
 5C57F04D 0135FFEC 7C80B6A3 00AD2C70 00000000 00000000 00AD2C70 7FFDB000
 C0000096 0135FFC0 0135FBDC FFFFFFFF 7C839A30 7C80B6B0 00000000 00000000
 00000000 5C57F034 00AD2C70 00000000 00000001 00000000 00000000 00000000
 00000000 00000000 00000000 00000000 00000000 00000000 00000000 00000000
 00000000 00000000 00000000 00000000 00000000 00000000 00000000 00000000
 00000000 00000000 00000000 00000000 00000000 00000000 00000000 00000000
 00000000 00000000 00000000 00000000 00000000 00000000 00000000 00000000
 00000000 00000000 00000000 00000000 00000000 00000000 00000000 00000000
 00000000 00000000 00000000 00000000 00000000 00000000 00000000 00000000
 00000000 00000000 00000000 00000000 00000000 00000000 00000000 00000000
 00000000 00000000 00000000 00000000 00000000 00000000 00000000 00000000
 00000000 00000000 00000000 00000000 00000000 00000000 00000000 00000000
 00000000 00000000 00000000 00000000 00000000 00000000 00000000 00000000
 00000000 00000000 00000000 00000000 00000000 00000000 00000000 00000000
 00000000 00000000 00000000 00000000 00000000 00000000 00000000 00000000
 00000000 00000000 00000000 00000000 00000000 00000000 00000000 00000000
 00000000 00000000 00000000 00000000 00000000 00000000 00000000 00000000
 00000000 00000000 00000000 00000000 00000000 00000000 00000000 00000000
 00000000 00000000 00000000 00000000 00000000 00000000 00000000 00000000
 00000000 00000000 00000000 00000000 00000000 00000000 00000000 00000000
 00000000 00000000 00000000 00000000 00000000 00000000 00000000 00000000
 00000000 00000000 00000000 00000000 00000000 00000000 00000000 00000000
 00000000 00000000 00000000 00000000 00000000 00000000 00000000 00000000
 00000000 00000000 00000000 00000000 00000000 00000000 00000000 00000000

Module information:
 H:\Download\FireFox\openttd\openttd.exe handle: 00400000 size: 1353728 crc: 2FFC558C date: 2007-05-29 13:46:46
 C:\WINDOWS\system32\ntdll.dll handle: 7C900000 size: 708096 crc: A5A50370 date: 2004-08-03 22:56:38
 C:\WINDOWS\system32\kernel32.dll handle: 7C800000 size: 986112 crc: 04D58B93 date: 2007-04-16 16:07:27
 C:\WINDOWS\system32\WINMM.dll handle: 76B40000 size: 176128 crc: 123646FA date: 2004-08-03 22:56:48
 C:\WINDOWS\system32\USER32.dll handle: 7E410000 size: 577536 crc: DF3237C6 date: 2007-03-08 15:36:28
 C:\WINDOWS\system32\GDI32.dll handle: 77F10000 size: 282112 crc: F0029774 date: 2007-06-19 13:31:19
 C:\WINDOWS\system32\ADVAPI32.dll handle: 77DD0000 size: 616960 crc: 5E7A2F0A date: 2004-08-03 22:56:42
 C:\WINDOWS\system32\RPCRT4.dll handle: 77E70000 size: 581120 crc: 3AE05623 date: 2004-08-03 22:56:46
 C:\WINDOWS\system32\WS2_32.dll handle: 71AB0000 size: 82944 crc: 9738CC56 date: 2004-08-03 22:56:48
 C:\WINDOWS\system32\msvcrt.dll handle: 77C10000 size: 343040 crc: 22FF0A89 date: 2007-02-19 10:32:49
 C:\WINDOWS\system32\WS2HELP.dll handle: 71AA0000 size: 19968 crc: F5DD5AB6 date: 2004-08-03 22:56:48
 C:\WINDOWS\system32\IMM32.DLL handle: 76390000 size: 110080 crc: FD65A0DD date: 2004-08-03 22:56:44
 C:\WINDOWS\system32\LPK.DLL handle: 629C0000 size: 22016 crc: 3AC484CC date: 2004-08-03 22:56:44
 C:\WINDOWS\system32\USP10.dll handle: 74D90000 size: 406528 crc: 826D7E56 date: 2004-08-03 22:56:48
 C:\WINDOWS\system32\sockspy.dll handle: 10000000 size: 73728 crc: E360987C date: 2006-01-26 13:19:52
 C:\WINDOWS\system32\serwvdrv.dll handle: 5CD70000 size: 14848 crc: F5919143 date: 2001-08-23 11:00:00
 C:\WINDOWS\system32\umdmxfrm.dll handle: 5B0A0000 size: 13312 crc: DAFF19A8 date: 2001-08-23 11:00:00
 C:\WINDOWS\system32\WINTRUST.dll handle: 76C30000 size: 176640 crc: 88D208BD date: 2004-08-03 22:56:48
 C:\WINDOWS\system32\CRYPT32.dll handle: 77A80000 size: 597504 crc: 971ECFAA date: 2004-08-03 22:56:42
 C:\WINDOWS\system32\MSASN1.dll handle: 77B20000 size: 57344 crc: D5127637 date: 2004-08-03 22:56:44
 C:\WINDOWS\system32\IMAGEHLP.dll handle: 76C90000 size: 144384 crc: 714A70BC date: 2004-08-03 22:56:44
 C:\WINDOWS\system32\wdmaud.drv handle: 72D20000 size: 23552 crc: 982E84EE date: 2004-08-03 17:56:58
 C:\WINDOWS\system32\msacm32.drv handle: 72D10000 size: 20480 crc: D5406BAE date: 2001-08-23 11:00:00
 C:\WINDOWS\system32\MSACM32.dll handle: 77BE0000 size: 71680 crc: 6A21891E date: 2004-08-03 22:56:44
 C:\WINDOWS\system32\midimap.dll handle: 77BD0000 size: 18944 crc: 502B5282 date: 2004-08-03 22:56:44
 C:\WINDOWS\system32\ole32.dll handle: 774E0000 size: 1285120 crc: AD325A7F date: 2005-07-26 04:39:48
 C:\WINDOWS\system32\uxtheme.dll handle: 5AD70000 size: 218624 crc: 5AA98F22 date: 2004-08-03 22:56:48
 H:\PROGRA~1\ZONELA~1\ZONEAL~1\MAILFR~1\mlfhook.dll handle: 24000000 size: 6656 crc: B5E6A98E date: 2007-01-04 05:16:52
 C:\WINDOWS\system32\CLBCATQ.DLL handle: 76FD0000 size: 498688 crc: 9DED030F date: 2005-07-26 04:39:43
 C:\WINDOWS\system32\COMRes.dll handle: 77050000 size: 792064 crc: 5A12B4A2 date: 2004-08-03 22:56:42
 C:\WINDOWS\system32\OLEAUT32.dll handle: 77120000 size: 549376 crc: 5A89C9E1 date: 2007-05-17 11:28:05
 C:\WINDOWS\system32\VERSION.dll handle: 77C00000 size: 18944 crc: CFE439BB date: 2004-08-03 22:56:48
 C:\WINDOWS\system32\dmime.dll handle: 5C570000 size: 181248 crc: F18E50F8 date: 2004-08-03 22:56:44
 C:\WINDOWS\system32\DSOUND.dll handle: 73F10000 size: 367616 crc: F0EFB582 date: 2004-08-03 22:56:44
 C:\WINDOWS\system32\dmusic.dll handle: 6C980000 size: 104448 crc: 0C1C73CE date: 2004-08-03 22:56:44
 C:\WINDOWS\system32\setupapi.dll handle: 77920000 size: 983552 crc: 23B01F4D date: 2004-08-03 22:56:46
 C:\WINDOWS\system32\psapi.dll handle: 76BF0000 size: 23040 crc: 97A44A88 date: 2004-08-03 22:56:46

System information:
 Windows version 5.1 2600 S
