*** OpenTTD Crash Report ***

Crash at: Thu Dec 02 16:33:56 2010
In game date: 1950-01-01 (0)

Crash reason:
 Exception: C0000005
 Location:  00541280
 Message:   <none>

OpenTTD version:
 Version:    r21366 (0)
 NewGRF ver: 11005376
 Bits:       32
 Endian:     little
 Dedicated:  no
 Build date: Dec  1 2010 19:17:05

Registers:
 EAX: 00000000 EBX: 00000050 ECX: 00000028 EDX: 00E10608
 ESI: 01983E70 EDI: 00E7A660 EBP: 0012FBB0 ESP: 0012FB80
 EIP: 00541280 EFLAGS: 00010202

 Bytes at instruction pointer:
 FF 70 08 0F B6 06 50 A1 98 63 83 00 BF 98 63 83 00 8B CF FF 50 0C 0F B7

Stack trace:
 00E7A660 00F29EF8 00000050 0053D29E 00000000 00F29EB8 00000006 00000008
 00E18DA8 00E18DB8 00E18DA8 00E7A65C 0012FBE4 0053D5E5 00E1E980 00E7B6C8
 00F17BF8 0012FFB0 6F6634DC 00000006 0000079E 000ADE1F 00000000 00000000
 00541600 00000001 0041BBD1 00000004 00000001 00000001 0012FC18 00000000
 00000004 0041BC13 00000000 00419446 00000001 00000000 0012FC48 0042FD1A
 00000100 00000001 0000FFFF 0042FFFA 00000000 00000001 000CDBCD 000CDBD7
 00000000 0012FC40 00000000 00430B8E 00000001 00000000 0056B5B9 007F27F4
 00E3AD98 0012FD14 00000000 0012FC58 000CDBD7 000CDBF5 00000000 00000000
 000D006C 00000113 00000001 0056A6C6 000CDBCD 0000021C 00000178 0042FB22
 0012FD2C 0012FE30 00000001 01000051 00000000 00000000 00000000 00000000
 00000000 00000000 00000000 FFFFFFFF 00000000 00000000 FFFFFFFF 00000000
 FFFFFFFF 00000000 00000000 00000000 0012FF30 00000000 00000000 00000000
 FFFFFFFF 0012FE34 00773E48 00000000 00000000 0012FF30 0056D584 00000001
 0012FE30 FFFFFFFE 00000000 5C3A4322 756B6F44 746E656D 6E752065 69452064
 6574736E 6E756C6C 5C6E6567 696D6441 7473696E 6F746172 69455C72 656E6567
 74614420 6E656965 54544F5C 706F5C44 74746E65 78652E64 00200065 00E10178
 00000000 00000000 00000000 00E10178 00E10178 00E10178 00000004 00000020
 00E1CFE8 00000204 00E1D208 00000020 00E1CFE8 00E1D210 00E10000 0012FBE0
 00000000 0012FE7C 77F72402 77F65510 FFFFFFFF 77F4180B 00639EB3 00E10000
 00000000 00000018 00E1CFC0 0012FEEC 0012FEF8 0012FE0C 0063B0FA 00000018
 00000000 00E19F20 0000000C 0012FE88 004EFAF6 00000018 004EF6E3 00E1CFF8
 004EF769 00E1CFC0 00E1D1C8 0012FEEC 0012FD2D 00000000 0012FE94 77F72402
 77F65510 00000003 00000018 00639EB3 00E10000 00000000 00000018 00000002
 00E184D8 00645F18 00E10000 00000000 00645F21 0A2A4A54 00E18148 00E184D8

Operating system:
 Name:     Windows
 Release:  5.1.2600 ()
 Compiler: MSVC 1500

Configuration:
 Blitter:      8bpp-optimized
 Graphics set: original_windows (0)
 Language:     C:\Dokumente und Einstellungen\Administrator\Eigene Dateien\OTTD\lang\german.lng
 Music driver: null
 Music set:    NoMusic (0)
 Network:      no
 Sound driver: null
 Sound set:    original_windows (0)
 Video driver: win32

AI Configuration (local: 255):

Libraries:
 FreeType:   2.4.3
 ICU:        4.4.2
 LZMA:       5.0.0
 LZO:        2.03
 PNG:        1.4.4
 Zlib:       1.2.5

Module information:
 C:\Dokumente und Einstellungen\Administrator\Eigene Dateien\OTTD\openttd.exe handle: 00400000 size: 4064768 crc: 7A3ACB33 date: 2010-12-01 18:20:32
 C:\WINDOWS\System32\ntdll.dll handle: 77F40000 size: 699904 crc: C6E880A5 date: 2001-08-18 11:00:00
 C:\WINDOWS\system32\kernel32.dll handle: 77E40000 size: 1000448 crc: AEF591D2 date: 2001-08-18 11:00:00
 C:\WINDOWS\System32\WINMM.dll handle: 76AF0000 size: 172544 crc: B10FA63A date: 2001-08-18 11:00:00
 C:\WINDOWS\system32\USER32.dll handle: 77D10000 size: 562688 crc: 9D1DB382 date: 2001-08-18 11:00:00
 C:\WINDOWS\system32\GDI32.dll handle: 77C40000 size: 250880 crc: 30197149 date: 2001-08-18 11:00:00
 C:\WINDOWS\system32\ADVAPI32.dll handle: 77DA0000 size: 610816 crc: 077305D3 date: 2001-08-18 11:00:00
 C:\WINDOWS\system32\RPCRT4.dll handle: 77C90000 size: 463872 crc: 2117DFA2 date: 2001-08-18 11:00:00
 C:\WINDOWS\System32\WS2_32.dll handle: 71A10000 size: 75264 crc: 209B8BC7 date: 2001-08-18 11:00:00
 C:\WINDOWS\system32\msvcrt.dll handle: 77BE0000 size: 322560 crc: 70D9E8F3 date: 2001-08-18 11:00:00
 C:\WINDOWS\System32\WS2HELP.dll handle: 71A00000 size: 18944 crc: AA3BE968 date: 2001-08-18 11:00:00
 C:\WINDOWS\system32\SHELL32.dll handle: 773A0000 size: 8363520 crc: 7B61F880 date: 2001-08-18 11:00:00
 C:\WINDOWS\system32\SHLWAPI.dll handle: 772A0000 size: 398336 crc: E7FA4E47 date: 2001-08-18 11:00:00
 C:\WINDOWS\WinSxS\x86_Microsoft.Windows.Common-Controls_6595b64144ccf1df_6.0.0.0_x-ww_1382d70a\comctl32.dll handle: 00D20000 size: 921088 crc: D1053913 date: 2001-08-18 12:00:00
 C:\WINDOWS\system32\comctl32.dll handle: 77310000 size: 557568 crc: C07668AF date: 2001-08-18 11:00:00
 C:\WINDOWS\System32\SHFolder.dll handle: 76730000 size: 22528 crc: 8F841D1F date: 2001-08-18 11:00:00
 C:\WINDOWS\System32\MSCTF.dll handle: 746A0000 size: 293888 crc: 4C27CF38 date: 2001-08-18 11:00:00
 C:\WINDOWS\system32\ole32.dll handle: 77180000 size: 1141760 crc: 239D2450 date: 2001-08-18 11:00:00
 C:\WINDOWS\System32\CLBCATQ.DLL handle: 76F90000 size: 468480 crc: 99789210 date: 2001-08-18 13:00:00
 C:\WINDOWS\system32\OLEAUT32.dll handle: 770F0000 size: 569344 crc: 63728615 date: 2001-08-18 11:00:00
 C:\WINDOWS\System32\COMRes.dll handle: 77010000 size: 846848 crc: 536419F8 date: 2001-08-18 11:00:00
 C:\WINDOWS\system32\VERSION.dll handle: 77BD0000 size: 16384 crc: F0848894 date: 2001-08-18 11:00:00
 C:\WINDOWS\System32\DSOUND.dll handle: 73E70000 size: 338944 crc: AC26EC0E date: 2001-08-18 11:00:00
 C:\WINDOWS\System32\KsUser.dll handle: 73E40000 size: 4096 crc: 2303CF51 date: 2001-08-18 03:53:48
 C:\WINDOWS\system32\mswsock.dll handle: 719B0000 size: 230400 crc: C8EAB9F5 date: 2001-08-18 11:00:00
 C:\WINDOWS\System32\wshtcpip.dll handle: 719F0000 size: 17408 crc: 49D7FC12 date: 2001-08-18 11:00:00
 C:\WINDOWS\System32\psapi.dll handle: 76BB0000 size: 17408 crc: 6D9CF876 date: 2001-08-18 11:00:00

---- gamelog start ----
Tick 0: new game started
     Revision text changed to r21366, savegame version 153, not modified, _openttd_newgrf_version = 0x11005376
     New game mode: 1 landscape: 0
     Added NewGRF: GRF ID 6D620C00, checksum 378A14CB2E7D3FCCF73C6509D38178E2, filename: newobj.grf (md5sum matches)
---- gamelog end ----

*** End of OpenTTD Crash Report ***

Decoded stack trace:
[00] ???                  0x00541280
[01] ???                  0x0053D5E5
[02] ???                  0x0041BBD1

*** End of additional info ***
