*** OpenTTD Crash Report ***
Date: 2008-02-19 16:25:29
Build: 0.6.0-beta4 built on Feb 18 2008 22:59:36
Reason: !Disconnecting train
Exception C0000005 at 004243CB
Registers:
 EAX: 0012F904 EBX: 00000001 ECX: 00001CD5 EDX: 00680000
 ESI: 00000200 EDI: 0000C0E3 EBP: 0012FB04 ESP: 0012F8FC
 EIP: 004243CB EFLAGS: 00010246

Bytes at CS:EIP:
 C6 05 00 00 00 00 00 8B 0D 5C FD 5A 00 85 C9 74 05 8B 01 FF 50 04 68 4C

Stack trace: 
 00000000 0214011C 73694421 6E6E6F63 69746365 7420676E 6E696172 0012F900
 004BB1B0 0012FA00 00000001 0000001C 01CCC858 00000000 01430003 0012F950
 004BB262 02093848 00000001 02093864 00000001 0012F9D0 004BB1B0 0012FB20
 00000001 0012FB20 00000001 00B90100 00000001 0000001C 01CCC898 00000000
 017F000C 0012F998 004BB262 02093864 00000001 02093880 00000001 0012FA18
 004BB1B0 0012FAD0 00000000 0012FAD0 00000003 0012FA30 004BB1B0 0012FA00
 00000001 0000001C 01CCC898 00000000 017F0001 0012F9E8 004BB262 02093864
 00000001 0012FAA8 0012FAA8 00000001 0112FAA8 0012FA00 004BB26B 020938B8
 00000001 0012FA80 004BB1B0 0012FAA8 0213FE74 0213FE74 01100000 0012FA30
 004BB262 02093880 00000001 020938B8 00000000 0012FAB0 004BB1B0 0012FAD0
 01D1B1C8 00BFD5F8 00000000 0012FAC8 004BB1B0 01CD5000 00000001 0000001C
 01CCC8D8 00000004 0110FDEB 0012FAA8 0213FFC8 00C3255C 0112FAA8 0012FA88
 004BB26B 0012FAA8 00C3255C 0012FA98 004BB259 0000C0E3 0213FFC8 0012FAF0
 004B7D9E 0213FFC8 00437DF2 7FFFFFFF 0000141C 0065C544 00664478 0000141C
 004BB7D9 00000005 01CACB50 004815F2 00000005 00C59B70 004BCAA4 0000C0E3
 0214011C 0048B1D4 0000C0E3 0000C0E3 0214011C 004170B6 00000000 00000001
 00000003 004962DB 0012FB60 00496778 0058B590 00000001 01D2F72C 00000000
 004B7F5C 00000E38 0000060F 0000C2E3 0000C0E3 0047D8B5 00000E38 0000060F
 0000C2E3 0000C0E3 00000007 00000000 00000018 00000000 00000003 0213FFC8
 00D2F72C 0012FB84 00496E6A 0214011C 00000001 0059FB68 01D2F72C 00000000
 01D2F72C 01D2F484 0012FBC8 004970BF 00000000 01D2F72C 00438F77 01553B1A
 01553B39 00000000 00000001 0000000F 0000000F 01553B1A 01553B39 00000000
 00425549 00000000 005E1424 0012FBD8 00425874 00000000 0012FBC0 00000000
 004D4886 00668354 005E1758 0012FD10 00000000 00000000 01553B39 01553B57

Module information:
 F:\Programmes\Games\OTTD\beta0.6.4\openttd.exe handle: 00400000 size: 1802752 crc: 264B9914 date: 2008-02-18 23:02:38
 C:\WINDOWS\system32\ntdll.dll handle: 7C900000 size: 708096 crc: A5A50370 date: 2004-08-03 23:56:38
 C:\WINDOWS\system32\kernel32.dll handle: 7C800000 size: 983552 crc: 63EDEAA9 date: 2004-08-03 23:56:44
 C:\WINDOWS\system32\WINMM.dll handle: 76B40000 size: 176128 crc: 123646FA date: 2004-08-03 23:56:48
 C:\WINDOWS\system32\USER32.dll handle: 77D40000 size: 577024 crc: 23C4ACD0 date: 2004-08-03 23:56:48
 C:\WINDOWS\system32\GDI32.dll handle: 77F10000 size: 278016 crc: 38A80671 date: 2004-08-03 23:56:44
 C:\WINDOWS\system32\ADVAPI32.dll handle: 77DD0000 size: 616960 crc: 5E7A2F0A date: 2004-08-03 23:56:42
 C:\WINDOWS\system32\RPCRT4.dll handle: 77E70000 size: 581120 crc: 3AE05623 date: 2004-08-03 23:56:46
 C:\WINDOWS\system32\WS2_32.dll handle: 71AB0000 size: 82944 crc: 9738CC56 date: 2004-08-03 23:56:48
 C:\WINDOWS\system32\msvcrt.dll handle: 77C10000 size: 343040 crc: 5298C0C5 date: 2004-08-03 23:56:44
 C:\WINDOWS\system32\WS2HELP.dll handle: 71AA0000 size: 19968 crc: F5DD5AB6 date: 2004-08-03 23:56:48
 C:\WINDOWS\system32\SHFolder.dll handle: 76780000 size: 25088 crc: 2EC7582B date: 2004-08-03 23:56:46
 C:\WINDOWS\system32\SHLWAPI.dll handle: 77F60000 size: 473600 crc: 2D4FD44F date: 2004-08-03 23:56:46
 C:\WINDOWS\WinSxS\x86_Microsoft.Windows.Common-Controls_6595b64144ccf1df_6.0.2600.2180_x-ww_a84f1ff9\comctl32.dll handle: 773D0000 size: 1050624 crc: 893FE926 date: 2004-08-03 23:57:02
 C:\WINDOWS\system32\comctl32.dll handle: 5D090000 size: 611328 crc: DD782FC8 date: 2004-08-03 23:56:42
 C:\WINDOWS\system32\wdmaud.drv handle: 72D20000 size: 23552 crc: 982E84EE date: 2004-08-03 23:56:58
 C:\WINDOWS\system32\WINTRUST.dll handle: 76C30000 size: 176640 crc: 88D208BD date: 2004-08-03 23:56:48
 C:\WINDOWS\system32\CRYPT32.dll handle: 77A80000 size: 597504 crc: 971ECFAA date: 2004-08-03 23:56:42
 C:\WINDOWS\system32\MSASN1.dll handle: 77B20000 size: 57344 crc: D5127637 date: 2004-08-03 23:56:44
 C:\WINDOWS\system32\IMAGEHLP.dll handle: 76C90000 size: 144384 crc: 714A70BC date: 2004-08-03 23:56:44
 C:\WINDOWS\system32\msacm32.drv handle: 72D10000 size: 20480 crc: D5406BAE date: 2001-08-23 12:00:00
 C:\WINDOWS\system32\MSACM32.dll handle: 77BE0000 size: 71680 crc: 6A21891E date: 2004-08-03 23:56:44
 C:\WINDOWS\system32\midimap.dll handle: 77BD0000 size: 18944 crc: 502B5282 date: 2004-08-03 23:56:44
 C:\WINDOWS\system32\ole32.dll handle: 774E0000 size: 1281536 crc: 8A7E66C7 date: 2004-08-03 23:56:46
 C:\WINDOWS\system32\CLBCATQ.DLL handle: 76FD0000 size: 501248 crc: 258B91EE date: 2004-08-03 23:56:42
 C:\WINDOWS\system32\OLEAUT32.dll handle: 77120000 size: 553472 crc: 78035CFF date: 2004-08-03 23:56:46
 C:\WINDOWS\system32\COMRes.dll handle: 77050000 size: 792064 crc: 5A12B4A2 date: 2004-08-03 23:56:42
 C:\WINDOWS\system32\VERSION.dll handle: 77C00000 size: 18944 crc: CFE439BB date: 2004-08-03 23:56:48
 C:\WINDOWS\System32\dmime.dll handle: 5C570000 size: 181248 crc: F18E50F8 date: 2004-08-03 23:56:44
 C:\WINDOWS\System32\DSOUND.dll handle: 73F10000 size: 367616 crc: F0EFB582 date: 2004-08-03 23:56:44
 C:\WINDOWS\System32\dmusic.dll handle: 6C980000 size: 104448 crc: 0C1C73CE date: 2004-08-03 23:56:44
 C:\WINDOWS\system32\KsUser.dll handle: 73EE0000 size: 4096 crc: 519CF22C date: 2004-08-04 00:56:44
 C:\WINDOWS\System32\dmsynth.dll handle: 6C9A0000 size: 103424 crc: ECEFF055 date: 2004-08-03 23:56:44
 C:\WINDOWS\System32\dmloader.dll handle: 6CA10000 size: 35840 crc: CCCBFD58 date: 2004-08-03 23:56:44
 C:\WINDOWS\system32\mswsock.dll handle: 71A50000 size: 245248 crc: E2309390 date: 2004-08-03 23:56:46
 C:\WINDOWS\system32\hnetcfg.dll handle: 662B0000 size: 344064 crc: 6CF15ACF date: 2004-08-03 23:56:44
 C:\WINDOWS\System32\wshtcpip.dll handle: 71A90000 size: 19968 crc: B88CC0E5 date: 2004-08-03 23:56:48
 C:\WINDOWS\system32\psapi.dll handle: 76BF0000 size: 23040 crc: 97A44A88 date: 2004-08-03 23:56:46

System information:
 Windows version 5.1 2600 S
