*** OpenTTD Crash Report ***

Crash at: Wed Jul  3 18:53:25 2013
In game date: 2051-05-09 (27)

Crash reason:
 Signal:  Abort trap: 6 (6)
 Message: Assertion failed at line 79 of /bamboo/src/fontcache.cpp: IsPrintable(key)

OpenTTD version:
 Version:    r25545 (0)
 NewGRF ver: 140063c9
 Bits:       32
 Endian:     little
 Dedicated:  no
 Build date: Jun 30 2013 18:18:35


Stacktrace:
 [00] ???                  0x00000600

Operating system:
 Name:     Mac OS X
 Release:  10.8.4
 Machine:  Intel 80486
 Min Ver:  1040
 Compiler: GCC 4.0.1 "4.0.1 (Apple Inc. build 5490)"

Configuration:
 Blitter:      32bpp-anim
 Graphics set: OpenGFX (1021)
 Language:     /Users/idioty/Desktop/openttd/openttd-trunk-r25545-macosx-universal/OpenTTD.app/Contents/Resources/lang/hungarian.lng
 Music driver: cocoa
 Music set:    Scott Joplin Anthology (2)
 Network:      no
 Sound driver: cocoa
 Sound set:    OpenSFX (87)
 Video driver: cocoa

AI Configuration (local: 0):
  0: Human

Libraries:
 FreeType:   2.4.3
 ICU:        51.2
 LZMA:       5.0.0
 LZO:        2.03
 PNG:        1.4.4
 Zlib:       1.2.5

---- gamelog start ----
Tick 62675: game loaded
     Conversion from OTTD savegame without gamelog: version 4, 1
     Revision text changed to r25545, savegame version 184, not modified, _openttd_newgrf_version = 0x140063c9
     New game mode: 0 landscape: 1
---- gamelog end ----

*** End of OpenTTD Crash Report ***
