*** OpenTTD Crash Report ***
Date: 2009-02-07 17:52:36
Build: r15379 built on Feb  6 2009 19:22:28
Language: english.lng
Exception C0000005 at 0050ECCD
Registers:
 EAX: 03FC0019 EBX: 023B1938 ECX: 03FC0019 EDX: 0012F8E8
 ESI: 0012F8E8 EDI: 0012F8E8 EBP: 0012F8DC ESP: 0012F8D0
 EIP: 0050ECCD EFLAGS: 00010202

Bytes at CS:EIP:
 8B 08 49 74 18 49 74 0C 49 75 19 8B F0 E8 60 FF FF FF EB 10 57 50 E8 D5

Stack trace: 
 023B21CC 0012F8E8 0050B100 0012F938 0050B109 023B2118 00000036 0000000F
 00000000 00000000 00000000 00000000 00000000 00402200 00000016 00C8D250
 023B2118 023B1938 00650075 00C7F948 00509E6F 00509E8F 00509EAF 00509FB7
 0050AE03 000000FF 0012F9B8 0050B196 00000036 0000000F 00000075 023B2118
 0012F9AC 00494EEB 0000000F 0000000F 023B1938 023B2118 023B2268 023B23B8
 00000000 0012F9AC 00494C78 00008E86 00000001 9007003C 00001526 00000000
 023B1938 0012FA18 00C7F948 00000101 00000001 0012F960 00008E86 0012FBE0
 005A82FE FFFFFFFF 0012FA2C 00405108 00C7F994 00000101 00000000 00000000
 00000000 02324BC0 00000101 77D6DBC7 00D6DBA4 000008E0 00000860 00009007
 00494B7A 00000000 01371E90 00001526 00000000 0801FFFF 00000001 00001526
 00000000 0001FFFF 00030000 7FFDE000 00000000 0012FA40 77D4ED1A 0012FA64
 0044C2E5 00008E86 00000101 00000000 9007003C 00468935 00000000 00000001
 02324BC0 00000007 026E02C0 02324BC0 00000007 0012FA8C 004460B2 0000003B
 0000014F 00000007 0000014F 02324BC0 0000003B 000002BD 00000007 0012FABC
 00447BA7 0000003B 0000014F 00000000 00006AB0 000002BD 00000000 00000030
 00030000 00000000 080011CD 00000001 00447C87 00000001 00000000 00000001
 00000201 0012FB5C 00000000 00529DEF 0012FBC4 005299A9 00000000 00000001
 0012FBDC 00000000 0012FBE8 0012FBDC 01130000 20000000 10071B58 01160A97
 00000000 00000001 0012FBDC 0012FB5C 7FFDE000 00000102 00000000 00000000
 01160A97 00000000 00000000 0012FBE4 00000000 77D4ED1A 00000000 00000001
 0012FBDC 00000000 0012FC90 0012FB88 77D48709 000F0FA4 00000201 00000001
 016502BD 005299A9 DCBAABCD 00000000 0012FBC4 005299A9 0012FBF0 77D487EB
 005299A9 000F0FA4 00000201 00000001 016502BD 0012FC98 0012FC90 0090DDD0
 00000014 00000001 00000000 00000000 00000010 00000000 00000030 00000001

Module information:
 F:\GAMES\OpenTTD\openttd.exe handle: 00400000 size: 2573312 crc: 97876EBC date: 2009-02-06 16:26:22
 C:\WINDOWS\system32\ntdll.dll handle: 7C900000 size: 708096 crc: A5A50370 date: 2004-08-03 20:56:38
 C:\WINDOWS\system32\kernel32.dll handle: 7C800000 size: 983552 crc: 63EDEAA9 date: 2004-08-03 20:56:44
 C:\WINDOWS\system32\WINMM.dll handle: 76B40000 size: 176128 crc: 123646FA date: 2004-08-03 20:56:48
 C:\WINDOWS\system32\USER32.dll handle: 77D40000 size: 577024 crc: 23C4ACD0 date: 2004-08-03 20:56:48
 C:\WINDOWS\system32\GDI32.dll handle: 77F10000 size: 278016 crc: 38A80671 date: 2004-08-03 20:56:44
 C:\WINDOWS\system32\ADVAPI32.dll handle: 77DD0000 size: 616960 crc: 5E7A2F0A date: 2004-08-03 20:56:42
 C:\WINDOWS\system32\RPCRT4.dll handle: 77E70000 size: 581120 crc: 3AE05623 date: 2004-08-03 20:56:46
 C:\WINDOWS\system32\WS2_32.dll handle: 71AB0000 size: 82944 crc: 9738CC56 date: 2004-08-03 20:56:48
 C:\WINDOWS\system32\msvcrt.dll handle: 77C10000 size: 343040 crc: 5298C0C5 date: 2004-08-03 20:56:44
 C:\WINDOWS\system32\WS2HELP.dll handle: 71AA0000 size: 19968 crc: F5DD5AB6 date: 2004-08-03 20:56:48
 C:\WINDOWS\system32\SHFolder.dll handle: 76780000 size: 25088 crc: 2EC7582B date: 2004-08-03 20:56:46
 C:\WINDOWS\system32\SHLWAPI.dll handle: 77F60000 size: 473600 crc: 2D4FD44F date: 2004-08-03 20:56:46
 C:\WINDOWS\WinSxS\x86_Microsoft.Windows.Common-Controls_6595b64144ccf1df_6.0.2600.2180_x-ww_a84f1ff9\comctl32.dll handle: 773D0000 size: 1050624 crc: 893FE926 date: 2004-08-03 20:57:02
 C:\WINDOWS\system32\comctl32.dll handle: 5D090000 size: 611328 crc: DD782FC8 date: 2004-08-03 20:56:42
 C:\WINDOWS\system32\WINTRUST.dll handle: 76C30000 size: 176640 crc: 88D208BD date: 2004-08-03 20:56:48
 C:\WINDOWS\system32\CRYPT32.dll handle: 77A80000 size: 597504 crc: 971ECFAA date: 2004-08-03 20:56:42
 C:\WINDOWS\system32\MSASN1.dll handle: 77B20000 size: 57344 crc: D5127637 date: 2004-08-03 20:56:44
 C:\WINDOWS\system32\IMAGEHLP.dll handle: 76C90000 size: 144384 crc: 714A70BC date: 2004-08-03 20:56:44
 C:\WINDOWS\system32\wdmaud.drv handle: 72D20000 size: 23552 crc: 982E84EE date: 2004-08-03 21:56:58
 C:\WINDOWS\system32\msacm32.drv handle: 72D10000 size: 20480 crc: D5406BAE date: 2001-08-23 11:00:00
 C:\WINDOWS\system32\MSACM32.dll handle: 77BE0000 size: 71680 crc: 6A21891E date: 2004-08-03 20:56:44
 C:\WINDOWS\system32\midimap.dll handle: 77BD0000 size: 18944 crc: 502B5282 date: 2004-08-03 20:56:44
 C:\WINDOWS\system32\ole32.dll handle: 774E0000 size: 1281536 crc: 8A7E66C7 date: 2004-08-03 20:56:46
 C:\WINDOWS\system32\uxtheme.dll handle: 5AD70000 size: 218624 crc: 5AA98F22 date: 2004-08-03 20:56:48
 C:\WINDOWS\system32\MSCTF.dll handle: 74720000 size: 294400 crc: BBD2E653 date: 2004-08-03 20:56:44
 C:\WINDOWS\system32\nview.dll handle: 10000000 size: 1474560 crc: D5FF5C39 date: 2007-06-28 16:43:00
 C:\WINDOWS\system32\SHELL32.dll handle: 7C9C0000 size: 8384000 crc: 51CDDF32 date: 2004-08-03 20:56:46
 C:\WINDOWS\system32\PSAPI.DLL handle: 76BF0000 size: 23040 crc: 97A44A88 date: 2004-08-03 20:56:46
 C:\WINDOWS\system32\OLEAUT32.dll handle: 77120000 size: 553472 crc: 78035CFF date: 2004-08-03 20:56:46
 C:\WINDOWS\system32\VERSION.dll handle: 77C00000 size: 18944 crc: CFE439BB date: 2004-08-03 20:56:48
 C:\WINDOWS\system32\NTMARTA.DLL handle: 77690000 size: 118784 crc: 4E8FC2EA date: 2004-08-03 20:56:46
 C:\WINDOWS\system32\WLDAP32.dll handle: 76F60000 size: 172032 crc: 5FAE75A9 date: 2004-08-03 20:56:48
 C:\WINDOWS\system32\SAMLIB.dll handle: 71BF0000 size: 64000 crc: C20BD045 date: 2004-08-03 20:56:46
 C:\WINDOWS\system32\CLBCATQ.DLL handle: 76FD0000 size: 501248 crc: 258B91EE date: 2004-08-03 20:56:42
 C:\WINDOWS\system32\COMRes.dll handle: 77050000 size: 792064 crc: 5A12B4A2 date: 2004-08-03 20:56:42
 C:\WINDOWS\system32\dmime.dll handle: 5C570000 size: 181248 crc: F18E50F8 date: 2004-08-03 20:56:44
 C:\WINDOWS\system32\DSOUND.dll handle: 73F10000 size: 367616 crc: F0EFB582 date: 2004-08-03 20:56:44
 C:\WINDOWS\system32\dmusic.dll handle: 6C980000 size: 104448 crc: 0C1C73CE date: 2004-08-03 20:56:44
 C:\WINDOWS\system32\KsUser.dll handle: 73EE0000 size: 4096 crc: 519CF22C date: 2004-08-03 21:56:44
 C:\WINDOWS\system32\dmsynth.dll handle: 6C9A0000 size: 103424 crc: ECEFF055 date: 2004-08-03 20:56:44
 C:\WINDOWS\system32\dmloader.dll handle: 6CA10000 size: 35840 crc: CCCBFD58 date: 2004-08-03 20:56:44
 C:\Program Files\Punto Switcher\pshook.dll handle: 08000000 size: 21800 crc: 9EEF5538 date: 2008-10-16 12:18:56
 C:\Program Files\DrWeb\drwebsp.dll handle: 013C0000 size: 128240 crc: 7C97252A date: 2009-02-05 13:30:41
 C:\WINDOWS\system32\secur32.dll handle: 77FE0000 size: 55808 crc: 5A32C057 date: 2004-08-03 20:56:46
 C:\WINDOWS\system32\msv1_0.dll handle: 77C70000 size: 129536 crc: 90FF2230 date: 2004-08-03 20:56:44
 C:\WINDOWS\system32\iphlpapi.dll handle: 76D60000 size: 94720 crc: A1D69AE7 date: 2004-08-03 20:56:44
 C:\WINDOWS\system32\mswsock.dll handle: 71A50000 size: 245248 crc: E2309390 date: 2004-08-03 20:56:46
 C:\WINDOWS\system32\hnetcfg.dll handle: 662B0000 size: 344064 crc: 6CF15ACF date: 2004-08-03 20:56:44
 C:\WINDOWS\System32\wshtcpip.dll handle: 71A90000 size: 19968 crc: B88CC0E5 date: 2004-08-03 20:56:48
 C:\Program Files\ABBYY Lingvo 12\LvHook.dll handle: 3AA00000 size: 258048 crc: D9B65660 date: 2006-12-13 21:08:20
 C:\WINDOWS\system32\nvwddi.dll handle: 02590000 size: 81920 crc: C28771DC date: 2007-06-28 16:43:00

System information:
 Windows version 5.1 2600 Service Pack 2

---- gamelog start ----
Tick 0: new game started
     Revision text changed to r15379, savegame version 113, not modified, _openttd_newgrf_version = 0x07003c13
     New game mode: 1 landscape: 3
     Added NewGRF: GRF ID 4D656F23, checksum 5BCAA557D913560FC67444DDBB32BD36, filename: ECS(George)\5LVtruckw.grf
---- gamelog end ----
