*** OpenTTD Crash Report ***

Crash at: Mon Dec 14 19:12:55 2009

Crash reason:
 Exception: E1212012
 Location:  000007FEFCF1BB5D
 Message:   Assertion failed at line 376 of ..\src\group_cmd.cpp: v->IsFrontEngine()

OpenTTD version:
 Version:    r18485 (0)
 NewGRF ver: 08004835
 Bits:       64
 Endian:     little
 Dedicated:  no
 Build date: Dec 13 2009 19:36:25

Registers:
Registers:
 RAX: 0000000076841420 RBX: 0000000000000016 RCX: 000000000030E150 RDX: 0000000000000000
 RSI: 0000000000000000 RDI: 0000000000000008 RBP: 0000000000000001 RSP: 000000000030E660
 R8:  0000000000000000 R9:  0000000000000000 R10: 0000000000000000 R11: 0000000000000286
 R12: 0000000140123D00 R13: 000000013FE61304 R14: 0000000000000001 R15: 0000000076DBDAC9
 RIP: 000007FEFCF1BB5D EFLAGS: 00000202

 Bytes at instruction pointer:
 48 81 C4 C8 00 00 00 C3 90 90 90 90 90 90 90 90 90 90 90 48 89 5C 24 08

Stack trace:
 00000016 00000000 00000000 00000000 00000008 00000000 40123D00 00000001
 E1212012 00000000 00000000 00000000 FCF1BB5D 000007FE 00000000 00000000
 00000048 00000000 00000001 00000000 00000000 00000000 00000000 00000000
 00000070 00000000 FFFFFFFF FFFFFFFF FFFFFFFF FFFFFFFF 76DC9683 00000000
 00450230 00000000 76EDFB5A 00000000 00450398 00000000 00450268 00000000
 00000000 00000000 76DC7D57 00000000 00000000 00000000 76F338EC 00000000
 00000001 00000000 3FF5ED35 00000001 00000016 00000000 4C59A13A 00000000
 004CFF30 00000000 00450230 00000000 00000000 00000000 76EE4B4A 00000000
 008A76F0 00000000 76DBDAC9 00000000 00000000 00000000 00000081 00000000
 04D05B10 00000000 04D05B10 00000000 0000FFFE 00000000 3FF5E02E 00000001
 00000001 00000000 04D05D00 00000000 04D05D00 00000000 00000002 00000000
 00000000 00000000 76EFE415 00000000 00000000 00000000 00000000 00000000
 76F3388C 00000000 04000004 00000000 0030E828 00000000 00000030 00000003
 76DBDAEA 00000000 76DC7CCB 00000000 008B39A8 00000000 0030E858 00000000
 00000000 00000000 008A76F0 00000000 00000012 00000000 00000000 00000000
 00000000 00000000 76F338EC 00000000 76EE4BEC 00000000 76DD4CBF 00000000
 00070356 00000000 008A76F0 00000000 00000001 00000000 00000001 00000000
 00000001 00000000 690A0DC4 00000000 00000000 00000000 00000000 00000000
 00000008 00000000 00000010 00000000 004E7200 00000000 00450000 00000000
 004E71F0 00000000 76F0154A 00000000 00450000 00000000 004E7201 00000000
 00000000 00000000 004E7200 00000000 00070356 00000000 76E22FA4 00000000
 00000001 00000000 00070356 00000000 76E22FA4 00000000 0030EC60 00000000
 00000000 00000000 4019B342 00000001 00010003 00000000 00000001 00000000
 00000001 00000000 76E22505 00000000 004E7200 00000000 004E7200 00000000

Operating system:
 Name:    Windows
 Release: 6.1.7100 ()
 MSVC:    Yes

Configuration:
 Blitter:      8bpp-optimized
 Graphics set: OpenGFX
 Language:     dutch.lng
 Music driver: win32
 Sound driver: win32
 Sound set:    OpenSFX
 Video driver: win32

AI Configuration:
  0: Human

Libraries:
 FreeType:   2.3.11
 ICU:        4.2.1
 PNG:        1.2.40

Module information:
 D:\Games\OpenTTD\Nightly\openttd.exe handle: 000000013FC80000 size: 5099008 crc: 48BD055C date: 2009-12-13 19:41:04
 C:\Windows\SYSTEM32\ntdll.dll handle: 0000000076EB0000 size: 1723424 crc: 0CD1A299 date: 2009-04-22 05:44:44
 C:\Windows\system32\kernel32.dll handle: 0000000076C90000 size: 1158656 crc: F67EBE5A date: 2009-04-22 05:40:03
 C:\Windows\system32\KERNELBASE.dll handle: 000007FEFCF10000 size: 411648 crc: 620AEF04 date: 2009-04-22 05:40:03
 C:\Windows\system32\WINMM.dll handle: 000007FEFAE40000 size: 217600 crc: 4FCCEE88 date: 2009-04-22 05:41:35
 C:\Windows\system32\msvcrt.dll handle: 000007FEFE310000 size: 634368 crc: F184C203 date: 2009-04-22 05:40:24
 C:\Windows\system32\USER32.dll handle: 0000000076DB0000 size: 1008128 crc: 5D273EEB date: 2009-05-13 06:39:17
 C:\Windows\system32\GDI32.dll handle: 000007FEFDC10000 size: 403968 crc: 67C52685 date: 2009-05-13 06:39:08
 C:\Windows\system32\LPK.dll handle: 000007FEFE220000 size: 41472 crc: B4334DAA date: 2009-04-22 05:40:08
 C:\Windows\system32\USP10.dll handle: 000007FEFDE60000 size: 801280 crc: D30DE202 date: 2009-04-22 05:41:30
 C:\Windows\system32\WS2_32.dll handle: 000007FEFD320000 size: 297472 crc: 311847F5 date: 2009-04-22 05:41:46
 C:\Windows\system32\RPCRT4.dll handle: 000007FEFD1F0000 size: 1225728 crc: 2C458388 date: 2009-04-22 05:40:59
 C:\Windows\system32\NSI.dll handle: 000007FEFE010000 size: 13824 crc: 28062D12 date: 2009-04-22 05:40:48
 C:\Windows\system32\ADVAPI32.dll handle: 000007FEFDF30000 size: 877568 crc: 0C2EDA22 date: 2009-04-22 05:38:58
 C:\Windows\SYSTEM32\sechost.dll handle: 000007FEFD530000 size: 113664 crc: 1D1C8F78 date: 2009-04-22 05:41:01
 C:\Windows\system32\SHELL32.dll handle: 000007FEFE3B0000 size: 14156288 crc: 24432075 date: 2009-04-22 05:41:13
 C:\Windows\system32\SHLWAPI.dll handle: 000007FEFD4A0000 size: 445952 crc: 3AC99430 date: 2009-04-22 05:41:13
 C:\Windows\system32\IMM32.DLL handle: 000007FEFE020000 size: 167424 crc: 4859AF12 date: 2009-04-22 05:40:00
 C:\Windows\system32\MSCTF.dll handle: 000007FEFDA60000 size: 1065984 crc: 90592712 date: 2009-04-22 05:40:16
 C:\Windows\system32\SHFolder.dll handle: 000007FEF6B60000 size: 10240 crc: FA865ECE date: 2009-04-22 05:41:13
 C:\Windows\system32\ole32.dll handle: 000007FEFD550000 size: 2086912 crc: 2A647D25 date: 2009-04-22 05:40:51
 C:\Windows\system32\MMDevAPI.DLL handle: 000007FEFB5B0000 size: 283648 crc: 46352572 date: 2009-04-22 05:40:13
 C:\Windows\system32\PROPSYS.dll handle: 000007FEFB760000 size: 1212928 crc: B6648534 date: 2009-04-22 05:40:56
 C:\Windows\system32\OLEAUT32.dll handle: 000007FEFE230000 size: 861184 crc: 51783C19 date: 2009-04-22 05:40:51
 C:\Windows\system32\wdmaud.drv handle: 000007FEFADD0000 size: 217088 crc: A2E2C04C date: 2009-04-22 05:37:48
 C:\Windows\system32\ksuser.dll handle: 0000000074BD0000 size: 5120 crc: 2414C2C9 date: 2009-04-22 05:40:03
 C:\Windows\system32\AVRT.dll handle: 000007FEFB5A0000 size: 18432 crc: 3F2F0762 date: 2009-04-22 05:39:03
 C:\Windows\system32\SETUPAPI.dll handle: 000007FEFDC80000 size: 1902080 crc: A2B06F25 date: 2009-04-22 05:41:09
 C:\Windows\system32\CFGMGR32.dll handle: 000007FEFD190000 size: 207360 crc: 43574B54 date: 2009-04-22 05:39:12
 C:\Windows\system32\DEVOBJ.dll handle: 000007FEFD1D0000 size: 93184 crc: 8DDE907A date: 2009-04-22 05:39:29
 C:\Windows\system32\AUDIOSES.DLL handle: 000007FEFAD10000 size: 296448 crc: BD0EC3D2 date: 2009-04-22 05:39:02
 C:\Windows\system32\msacm32.drv handle: 000007FEFAB10000 size: 25600 crc: 6F7C62DD date: 2009-04-22 05:37:48
 C:\Windows\system32\MSACM32.dll handle: 000007FEFAAF0000 size: 83456 crc: FBAA0835 date: 2009-04-22 05:40:15
 C:\Windows\system32\midimap.dll handle: 000007FEFAAE0000 size: 20480 crc: 5DFB6A52 date: 2009-04-22 05:40:11
 C:\Windows\system32\CRYPTBASE.dll handle: 000007FEFCD50000 size: 43520 crc: EB566EE8 date: 2009-04-22 05:39:24
 C:\Windows\system32\CLBCatQ.DLL handle: 000007FEFD760000 size: 607744 crc: EBC96DDD date: 2009-04-22 05:39:15
 C:\Windows\system32\uxtheme.dll handle: 000007FEFB600000 size: 332288 crc: DD7F327E date: 2009-04-22 05:41:30
 C:\Windows\system32\dwmapi.dll handle: 000007FEFB1C0000 size: 85504 crc: 3E10659B date: 2009-04-22 05:39:35
 C:\Windows\system32\mswsock.dll handle: 000007FEFC690000 size: 321024 crc: A44671E5 date: 2009-04-22 05:40:25
 C:\Windows\System32\wshtcpip.dll handle: 000007FEFC050000 size: 13312 crc: 1B8568B1 date: 2009-04-22 05:41:47
 C:\Windows\System32\wship6.dll handle: 000007FEFC680000 size: 13824 crc: 9C048278 date: 2009-04-22 05:41:47
 C:\Windows\system32\DNSAPI.dll handle: 000007FEFC510000 size: 355840 crc: 6748ECB3 date: 2009-04-22 05:39:33
 C:\Windows\system32\IPHLPAPI.DLL handle: 000007FEFA410000 size: 145920 crc: 1C2827CD date: 2009-04-22 05:40:00
 C:\Windows\system32\WINNSI.DLL handle: 000007FEFA400000 size: 26112 crc: F8FF12DE date: 2009-04-22 05:41:35
 C:\Windows\system32\rasadhlp.dll handle: 000007FEF94B0000 size: 16384 crc: 078076F1 date: 2009-04-22 05:40:57
 C:\Windows\System32\fwpuclnt.dll handle: 000007FEFA100000 size: 325120 crc: ED4328D6 date: 2009-04-22 05:39:46
 C:\Windows\system32\psapi.dll handle: 0000000077080000 size: 9216 crc: 22C6DB0A date: 2009-04-22 05:40:56

---- gamelog start ----
Tick 0: new game started
     Revision text changed to r18485, savegame version 131, not modified, _openttd_newgrf_version = 0x08004835
     New game mode: 1 landscape: 2
---- gamelog end ----

*** End of OpenTTD Crash Report ***
