*** OpenTTD Crash Report ***

Crash at: Sun Jan 10 15:05:36 2010
In game date: 1964-11-05 (0)

Crash reason:
 Exception: E1212012
 Location:  7C812AEB
 Message:   Assertion failed at line 92 of ..\src\tree_cmd.cpp: CanPlantTreesOnTile(tile, true)

OpenTTD version:
 Version:    1.0.0-beta2 (0)
 NewGRF ver: 1000492f
 Bits:       32
 Endian:     little
 Dedicated:  no
 Build date: Jan  5 2010 21:16:15

Registers:
 EAX: 0012F230 EBX: 00000016 ECX: 00000000 EDX: 0076F8E0
 ESI: 00000000 EDI: 00000000 EBP: 0012F280 ESP: 0012F22C
 EIP: 7C812AEB EFLAGS: 00000246

 Bytes at instruction pointer:
 5E C9 C2 10 00 85 FF 0F 8E 36 93 FF FF 8B 55 FC 89 55 0C 0F B7 16 8B 7D

Stack trace:
 0076F800 E1212012 00000000 00000000 7C812AEB 00000000 00000000 0000004E
 00000000 00000520 0041E9C7 00000000 0012F280 7C90D7EC 7C9133F6 FFFFFFFF
 00000024 0012F27C 00000004 00000000 4618CD4E 0012F2E0 00549222 E1212012
 00000000 00000000 00000000 00617247 00000016 F6BBF2F0 0012F940 00000200
 00033960 7C9133F6 FFFFFFFF 00000000 0012F2C8 00549212 00000001 0012F2A0
 0012EE48 0012F9EC 0061BFB0 F6DAA7B8 FFFFFFFE 0012F618 006165CB 00000016
 00000200 0000000B 00000000 0012F314 00617C2A 0012F34C 0075B960 00D82D10
 0061E561 00000000 FFFFFFE1 0012F5A8 0061F06D 00000000 0012F940 0012F628
 0061F0F9 00000000 0012F350 00000000 00000007 00000520 0041E9C7 00000000
 0075B960 00D82D10 00D81E90 00025101 0012F5CC 00000000 00000000 00000000
 006CA495 00000000 00000000 00000000 0043A211 00000053 0012F840 0000001F
 00715590 FFFFFFFF 0012F3B0 00000000 00000000 00002A00 0041E9C7 00000000
 000000FF 0012F3EC 00531878 0001F3F3 00000002 00000000 000000FF 0012FAC0
 0012FAC0 0001F5F3 0041E9C7 00000000 00000000 00000010 0012F574 00000000
 7E42934B 00000010 0012F574 00000000 0012FAC0 0012F3F0 0041E9C7 0012F9EC
 7E44048F 7E429350 00008B37 0012F568 7E43A2BC 0012F574 0012F940 00000200
 7E43A2D6 00000001 0041E9C7 00000000 00000020 00890850 00000001 0012FAC0
 0012F47C 00000000 00000000 7E4120EC 00000000 00000001 0041E9C7 00000000
 00000020 00040022 00000001 0012FAC0 0012F4AC 0012FAC0 005318D3 0012FAC0
 0012FAC0 0001FDF3 0041E9C7 00000000 00000020 00040021 00000001 0012FAC0
 0012F4DC 0012FAC0 005318D3 0012FAC0 0012FAC0 0001FFF3 0041E9C7 00000000
 00000020 00040020 00000001 0012FAC0 0012F50C 0012FAC0 005318D3 0012FAC0
 0012FAC0 000201F3 0041E9C7 00000000 00000020 7AB9FF33 7AB9FF43 00000000
 0012F53C 0012FAC0 005318D3 0012FAC0 0012FAC0 000203F3 0041E9C7 00000000

Operating system:
 Name:    Windows
 Release: 5.1.2600 (Service Pack 3)
 MSVC:    Yes

Configuration:
 Blitter:      8bpp-optimized
 Graphics set: OpenGFX
 Language:     english.lng
 Music driver: dmusic
 Music set:    NoMusic
 Sound driver: win32
 Sound set:    OpenSFX
 Video driver: win32

AI Configuration:
  0: Human
  1: AdmiralAI (v22)
  2: NoCAB (v336)
  3: NoCAB (v336)

Libraries:
 FreeType:   2.3.11
 ICU:        4.2.1
 PNG:        1.2.40

Module information:
 f:\games\openttd\openttd.exe handle: 00400000 size: 3637760 crc: 7216D70B date: 2010-01-05 21:19:20
 G:\WINDOWS\system32\ntdll.dll handle: 7C900000 size: 706048 crc: 791555FA date: 2008-04-14 12:00:00
 G:\WINDOWS\system32\kernel32.dll handle: 7C800000 size: 989696 crc: 98CCF9A3 date: 2008-04-14 12:00:00
 G:\WINDOWS\system32\WINMM.dll handle: 76B40000 size: 176128 crc: 9676D976 date: 2008-04-14 12:00:00
 G:\WINDOWS\system32\ADVAPI32.dll handle: 77DD0000 size: 617472 crc: 78174499 date: 2008-04-14 12:00:00
 G:\WINDOWS\system32\RPCRT4.dll handle: 77E70000 size: 584704 crc: 78EC50DB date: 2008-04-14 12:00:00
 G:\WINDOWS\system32\Secur32.dll handle: 77FE0000 size: 56320 crc: 25AFC491 date: 2008-04-14 12:00:00
 G:\WINDOWS\system32\GDI32.dll handle: 77F10000 size: 285184 crc: 148CE77D date: 2008-04-14 12:00:00
 G:\WINDOWS\system32\USER32.dll handle: 7E410000 size: 578560 crc: F7C72264 date: 2008-04-14 12:00:00
 G:\WINDOWS\system32\WS2_32.dll handle: 71AB0000 size: 82432 crc: 7C519ECA date: 2008-04-14 12:00:00
 G:\WINDOWS\system32\msvcrt.dll handle: 77C10000 size: 343040 crc: 0B7B1677 date: 2008-04-14 12:00:00
 G:\WINDOWS\system32\WS2HELP.dll handle: 71AA0000 size: 19968 crc: 3F24E096 date: 2008-04-14 12:00:00
 G:\WINDOWS\system32\SHELL32.dll handle: 7C9C0000 size: 12171776 crc: 761492D1 date: 2008-04-20 18:47:17
 G:\WINDOWS\system32\SHLWAPI.dll handle: 77F60000 size: 474112 crc: 3230A338 date: 2008-04-14 12:00:00
 G:\WINDOWS\system32\IMM32.DLL handle: 76390000 size: 110080 crc: C1486DA0 date: 2008-04-14 12:00:00
 G:\WINDOWS\system32\LPK.DLL handle: 629C0000 size: 22016 crc: 9689B06F date: 2008-04-14 12:00:00
 G:\WINDOWS\system32\USP10.dll handle: 74D90000 size: 406016 crc: FA817293 date: 2008-04-14 12:00:00
 G:\WINDOWS\WinSxS\x86_Microsoft.Windows.Common-Controls_6595b64144ccf1df_6.0.2600.5512_x-ww_35d4ce83\comctl32.dll handle: 773D0000 size: 1054208 crc: 06939D35 date: 2008-04-14 12:00:00
 G:\WINDOWS\system32\comctl32.dll handle: 5D090000 size: 617472 crc: 519837A9 date: 2008-04-14 12:00:00
 G:\WINDOWS\system32\SHFolder.dll handle: 76780000 size: 25088 crc: 8009EA65 date: 2008-04-14 12:00:00
 G:\WINDOWS\system32\WINTRUST.dll handle: 76C30000 size: 176640 crc: 98E1211C date: 2008-04-14 12:00:00
 G:\WINDOWS\system32\CRYPT32.dll handle: 77A80000 size: 599040 crc: F04E4319 date: 2008-04-14 12:00:00
 G:\WINDOWS\system32\MSASN1.dll handle: 77B20000 size: 57344 crc: B280A6F9 date: 2008-04-14 12:00:00
 G:\WINDOWS\system32\IMAGEHLP.dll handle: 76C90000 size: 144384 crc: F7A06429 date: 2008-04-14 12:00:00
 G:\WINDOWS\system32\wdmaud.drv handle: 72D20000 size: 23552 crc: EEB914CA date: 2008-04-14 08:42:46
 G:\WINDOWS\system32\msacm32.drv handle: 72D10000 size: 20480 crc: D5406BAE date: 2008-04-14 12:00:00
 G:\WINDOWS\system32\MSACM32.dll handle: 77BE0000 size: 71680 crc: EDE4B266 date: 2008-04-14 12:00:00
 G:\WINDOWS\system32\midimap.dll handle: 77BD0000 size: 18944 crc: 2E6D5FD1 date: 2008-04-14 12:00:00
 G:\WINDOWS\system32\MSCTF.dll handle: 74720000 size: 297984 crc: 392BE0B0 date: 2008-04-14 12:00:00
 G:\Program Files\ScanSoft\OmniPageSE\ophook32.dll handle: 10000000 size: 167936 crc: 9BC80D50 date: 2002-06-03 09:37:50
 G:\WINDOWS\system32\ole32.dll handle: 774E0000 size: 1287168 crc: 3908D33A date: 2008-04-14 12:00:00
 G:\WINDOWS\system32\OLEAUT32.dll handle: 77120000 size: 551936 crc: 1EE83658 date: 2008-04-14 12:00:00
 G:\WINDOWS\system32\VERSION.dll handle: 77C00000 size: 18944 crc: 558B1DAF date: 2008-04-14 12:00:00
 G:\WINDOWS\system32\msctfime.ime handle: 755C0000 size: 177152 crc: 6D3663FE date: 2008-04-14 12:00:00
 G:\WINDOWS\system32\CLBCATQ.DLL handle: 76FD0000 size: 498688 crc: F43789FF date: 2008-04-14 12:00:00
 G:\WINDOWS\system32\COMRes.dll handle: 77050000 size: 792064 crc: 868482D5 date: 2008-04-14 12:00:00
 G:\WINDOWS\system32\dmime.dll handle: 5C570000 size: 181248 crc: A021AC64 date: 2008-04-14 12:00:00
 G:\WINDOWS\system32\DSOUND.dll handle: 73F10000 size: 367616 crc: 33C2A52C date: 2008-04-14 12:00:00
 G:\WINDOWS\system32\dmusic.dll handle: 6C980000 size: 104448 crc: E9A2B682 date: 2008-04-14 12:00:00
 G:\WINDOWS\system32\KsUser.dll handle: 73EE0000 size: 4096 crc: BD8E6BD9 date: 2008-04-14 08:41:58
 G:\WINDOWS\system32\dmsynth.dll handle: 6C9A0000 size: 103424 crc: 3E2BFB05 date: 2008-04-14 12:00:00
 G:\WINDOWS\system32\dmloader.dll handle: 6CA10000 size: 35840 crc: 9271DC2B date: 2008-04-14 12:00:00
 G:\WINDOWS\system32\mswsock.dll handle: 71A50000 size: 245248 crc: 121DE7EF date: 2008-04-14 12:00:00
 G:\WINDOWS\system32\hnetcfg.dll handle: 662B0000 size: 344064 crc: 96358152 date: 2008-04-14 12:00:00
 G:\WINDOWS\System32\wshtcpip.dll handle: 71A90000 size: 19456 crc: F5533E87 date: 2008-04-14 12:00:00
 G:\WINDOWS\system32\DNSAPI.dll handle: 76F20000 size: 147968 crc: 7DCFCC2E date: 2008-04-14 12:00:00
 G:\WINDOWS\system32\rasadhlp.dll handle: 76FC0000 size: 7680 crc: 3AB3D6CF date: 2008-04-14 12:00:00
 G:\WINDOWS\system32\psapi.dll handle: 76BF0000 size: 23040 crc: 75BBDCAD date: 2008-04-14 12:00:00

---- gamelog start ----
Tick 0: new game started
     Revision text changed to 1.0.0-beta2, savegame version 135, not modified, _openttd_newgrf_version = 0x1000492f
     New game mode: 1 landscape: 1
     Added NewGRF: GRF ID 45520C00, checksum FCF4EE39F19C02D9E8603D07621DDD99, filename: japanese_town_names.0.6\jpset_namw.grf
     Added NewGRF: GRF ID 52453300, checksum FA9253BC448F0B466FC018F80F9460C5, filename: japanese_trees.2.1\jptreesw.grf
     Added NewGRF: GRF ID 52453400, checksum D51890494514218231C4A080CD5FB492, filename: japanese_buildings.2.a5\jpbuild2w.grf
     Added NewGRF: GRF ID 52453200, checksum 8E0A4D49E0E6F60659D4E28AB38F6647, filename: japanset_landscape.1.1a\jplandw.grf
     Added NewGRF: GRF ID 44501401, checksum 5F46A5DE67D0168B638A878FB2D49AEB, filename: japanese_maglevs.0.1\jpmaglevw.grf
     Added NewGRF: GRF ID 2C320A01, checksum C915D0657363EC471AA05096FDF3B650, filename: japanese_signals.0.4b\jpsignalsw.grf
     Added NewGRF: GRF ID 45530400, checksum 1D13F6976C0C032F3FB8F76B84B6EBA8, filename: japanese_stations.2.0\jpstationsw.grf
     Added NewGRF: GRF ID 535A0D00, checksum 1191379D9C8BEEAA80DDBFE69F42EB70, filename: japanese_train_set.2.1\jptrains2w.grf
     Added NewGRF: GRF ID 49420105, checksum A6E7B72F9C52F08303204C6FB3A3700A, filename: snow_line_mod.0.1.0\snowlinemod.grf
     Added NewGRF: GRF ID 4D570102, checksum 8C41066F2430A1762047AB077B51EE63, filename: hover_bus.1.0\hoverbus_1.0.grf
---- gamelog end ----

*** End of OpenTTD Crash Report ***
