*** OpenTTD Crash Report ***

Crash at: Mon Jun 12 09:40:55 2017
In game date: 1956-09-26 (58)

Crash reason:
 Exception: E1212012
 Location:  00007FFF10F19E08
 Message:   Assertion failed at line 102 of c:\bamboo-agent-home\xml-data\build-dir\ottd-rls-w64bit\src\strings_func.h: size <= parent.GetDataLeft()

OpenTTD version:
 Version:    1.7.1-RC1 (0)
 NewGRF ver: 17106cdb
 Bits:       64
 Endian:     little
 Dedicated:  no
 Build date: May  4 2017 19:03:12

Registers:
 RAX: 00000000000000E0 RBX: 0000000000000016 RCX: 0000000000000004 RDX: 00000000013706B0
 RSI: 0000000000000000 RDI: 0000000000000008 RBP: 0000000000FED860 RSP: 0000000000FED3C0
 R8:  000000000000001C R9:  0000000000000000 R10: 0000000000000000 R11: 00000000010BE000
 R12: 00007FF6EA7F8CF0 R13: 00007FF6E9DBC660 R14: 0000000000000001 R15: 0000000000FEE301
 RIP: 00007FFF10F19E08 EFLAGS: 00000206

 Bytes at instruction pointer:
 48 8B 8C 24 C0 00 00 00 48 33 CC E8 78 B0 01 00 48 81 C4 D8 00 00 00 C3

Stack trace:
 00000000 00000000 00000016 00000000 00000000 00000000 00000008 00000000
 E1212012 00000000 00000000 00000000 10F19E08 00007FFF 00000000 00000000
 00000800 00000000 0000000F 00000000 00000050 00000000 001417B4 00000000
 00000000 00000000 EB8FE7A0 00007FF6 EA7624D8 00007FF6 00000010 00000000
 00000000 00000000 00000000 00000000 00000000 00000000 149A6817 00007FFF
 00000000 00000000 00000000 00000000 00FED280 00000000 00FED290 00000000
 50BC85CC 000075AC 00000001 FFFFFFFF 00000016 00000000 E9EA82D5 00007FF6
 00000001 00000000 7EE19C18 00007FF6 BDB8697B 00006269 149A0DB7 00007FFF
 00000020 00000000 00FEE301 00000000 00000000 00000000 00000020 00000000
 00000000 00000000 00FEE2D0 00000000 00FEE301 00000000 E9EA73F0 00007FF6
 00000001 00000000 00FEDB70 00000000 3659CAF8 00000000 FFFFFFFF 00000000
 00FEDB70 00000000 E9B1100F 00007FF6 00FEDB70 00000000 00FED860 00000000
 3659CAF8 00000000 00000020 00000000 65737341 6F697472 6166206E 64656C69
 20746120 656E696C 32303120 20666F20 625C3A63 6F626D61 67612D6F 2D746E65
 656D6F68 6C6D785C 7461642D 75625C61 2D646C69 5C726964 6474746F 736C722D
 3436772D 5C746962 5C637273 69727473 5F73676E 636E7566 203A682E 657A6973
 203D3C20 65726170 472E746E 61447465 654C6174 29287466 00000000 00000000
 00000038 00000000 00000000 00000000 00000000 00000000 00000020 00000000
 00000000 00000000 7281057B 00000000 00FEEACF 00000000 00FEE2D0 00000000
 00FED650 00000000 E9B3D032 00007FF6 000000CF 00000000 00000000 00000000
 00000000 00000000 00000000 00000000 00FED6F8 00000000 E9B2F213 00007FF6
 000000CF 00000000 00FEEACF 00000000 00000000 00000000 00FEE2D0 00000000
 00000000 00000000 00000040 00000000 00000040 00000000 00000000 00000000
 00000020 00000000 00FEE2D0 00000000 00FEE2D0 00000000 E9B3B1F2 00007FF6

Operating system:
 Name:     Windows
 Release:  6.2.9200 ()
 Compiler: MSVC 1600

Configuration:
 Blitter:      32bpp-anim
 Graphics set: OpenGFX (5580)
 Language:     C:\Program Files\OpenTTD\lang\czech.lng
 Music driver: win32
 Music set:    NoMusic (0)
 Network:      server
 Sound driver: win32
 Sound set:    NoSound (2)
 Video driver: win32

Fonts:
 Small:  sprite
 Medium: sprite
 Large:  sprite
 Mono:   sprite

AI Configuration (local: 0):
  0: Human
  1: Human
  2: NoCAB (v499)
  3: AdmiralAI (v25)
  4: NoCAB (v499)
  5: NoCAB (v499)
  6: Trans (v130722)
  7: NoCAB (v499)
  8: Terron (v209)
  9: NoCAB (v499)
 10: AdmiralAI (v25)
 11: NoCAB (v499)

Libraries:
 FreeType:   2.4.11
 ICU i18n:   51.2
 ICU lx:     51.2
 LZMA:       5.0.4
 LZO:        2.06
 PNG:        1.5.14
 Zlib:       1.2.7

Module information:
 C:\Program Files\OpenTTD\openttd.exe handle: 00007FF6E9AB0000 size: 14281216 crc: 0062843F date: 2017-05-04 19:08:02
 C:\WINDOWS\SYSTEM32\ntdll.dll handle: 00007FFF14930000 size: 1930320 crc: 3AF44E48 date: 2017-03-18 20:57:39
 C:\WINDOWS\System32\KERNEL32.DLL handle: 00007FFF145D0000 size: 708712 crc: 3F9593C1 date: 2017-04-28 01:06:01
 C:\WINDOWS\System32\KERNELBASE.dll handle: 00007FFF10EB0000 size: 2399728 crc: D389639A date: 2017-04-28 01:08:26
 C:\WINDOWS\System32\WS2_32.dll handle: 00007FFF121C0000 size: 433480 crc: 251D6805 date: 2017-03-18 20:57:35
 C:\WINDOWS\System32\sechost.dll handle: 00007FFF13D20000 size: 359064 crc: A5D07CF8 date: 2017-03-18 20:57:35
 C:\WINDOWS\System32\RPCRT4.dll handle: 00007FFF11E90000 size: 1194280 crc: D704F92C date: 2017-03-18 20:57:35
 C:\WINDOWS\System32\IMM32.dll handle: 00007FFF13CF0000 size: 173656 crc: 9B40D2BE date: 2017-03-18 20:57:35
 C:\WINDOWS\System32\USER32.dll handle: 00007FFF12530000 size: 1345088 crc: 9F9DCE71 date: 2017-03-18 20:57:35
 C:\WINDOWS\System32\win32u.dll handle: 00007FFF11E00000 size: 115792 crc: 7F776D1B date: 2017-03-18 20:57:35
 C:\WINDOWS\System32\GDI32.dll handle: 00007FFF147E0000 size: 149880 crc: 2C62A11A date: 2017-03-18 20:57:35
 C:\WINDOWS\System32\gdi32full.dll handle: 00007FFF11800000 size: 1604312 crc: 69CD22B3 date: 2017-04-28 01:12:51
 C:\WINDOWS\System32\msvcp_win.dll handle: 00007FFF11990000 size: 623480 crc: B34D66D1 date: 2017-03-18 20:57:39
 C:\WINDOWS\System32\ucrtbase.dll handle: 00007FFF11C00000 size: 1003624 crc: DDC13803 date: 2017-03-18 20:57:39
 C:\WINDOWS\System32\ADVAPI32.dll handle: 00007FFF14030000 size: 644696 crc: 8A62BC4F date: 2017-03-18 20:57:16
 C:\WINDOWS\System32\msvcrt.dll handle: 00007FFF13DE0000 size: 632800 crc: B96C4338 date: 2017-03-18 20:57:39
 C:\WINDOWS\System32\SHELL32.dll handle: 00007FFF126A0000 size: 21352176 crc: A0BEC538 date: 2017-05-20 06:51:46
 C:\WINDOWS\SYSTEM32\WINMM.dll handle: 00007FFF0F260000 size: 123592 crc: 5312FA00 date: 2017-03-18 20:57:42
 C:\WINDOWS\System32\cfgmgr32.dll handle: 00007FFF11DB0000 size: 287264 crc: 6EE51830 date: 2017-03-18 20:58:21
 C:\WINDOWS\System32\shcore.dll handle: 00007FFF14520000 size: 685504 crc: CA2A96EC date: 2017-03-18 20:58:10
 C:\WINDOWS\System32\combase.dll handle: 00007FFF12230000 size: 3116184 crc: 72FA1A69 date: 2017-04-28 00:57:26
 C:\WINDOWS\System32\bcryptPrimitives.dll handle: 00007FFF11E20000 size: 430848 crc: EED1FE17 date: 2017-03-18 20:57:50
 C:\WINDOWS\System32\windows.storage.dll handle: 00007FFF11100000 size: 7325584 crc: 0B5957C1 date: 2017-05-20 06:55:31
 C:\WINDOWS\System32\shlwapi.dll handle: 00007FFF13D80000 size: 323936 crc: 3E1E5896 date: 2017-03-18 20:58:29
 C:\WINDOWS\System32\kernel.appcore.dll handle: 00007FFF10DC0000 size: 54368 crc: E2F84293 date: 2017-03-18 20:58:01
 C:\WINDOWS\System32\powrprof.dll handle: 00007FFF10E00000 size: 302768 crc: DDBE03BB date: 2017-03-18 20:57:50
 C:\WINDOWS\System32\profapi.dll handle: 00007FFF10DA0000 size: 74992 crc: 79979ECC date: 2017-03-18 20:57:35
 C:\WINDOWS\SYSTEM32\winmmbase.dll handle: 00007FFF0F150000 size: 162792 crc: 620F1EF1 date: 2017-03-18 20:57:42
 C:\WINDOWS\system32\uxtheme.dll handle: 00007FFF0F5C0000 size: 587264 crc: 1B90996B date: 2017-03-18 20:58:25
 C:\WINDOWS\System32\MSCTF.dll handle: 00007FFF13B80000 size: 1459728 crc: 1156DF5F date: 2017-05-20 07:08:17
 C:\WINDOWS\System32\OLEAUT32.dll handle: 00007FFF14680000 size: 777400 crc: 913DFC20 date: 2017-05-20 07:03:18
 C:\Program Files (x86)\Stardock\Fences\FencesMenu64.dll handle: 00007FFEDDC40000 size: 646072 crc: BAF884C9 date: 2017-04-19 17:55:50
 C:\WINDOWS\System32\ole32.dll handle: 00007FFF13E80000 size: 1325456 crc: 773C4D06 date: 2017-04-28 00:55:44
 C:\WINDOWS\SYSTEM32\WTSAPI32.dll handle: 00007FFF0DD20000 size: 64168 crc: 3695D2F5 date: 2017-03-18 20:58:33
 C:\WINDOWS\SYSTEM32\USERENV.dll handle: 00007FFF10CD0000 size: 154560 crc: 287DF545 date: 2017-03-18 20:58:21
 C:\WINDOWS\WinSxS\amd64_microsoft.windows.gdiplus_6595b64144ccf1df_1.1.15063.0_none_9055be80f37df5c1\gdiplus.dll handle: 00007FFEF87E0000 size: 1640448 crc: 768CEF04 date: 2017-03-18 20:58:37
 C:\WINDOWS\system32\dwmapi.dll handle: 00007FFF0DEE0000 size: 147872 crc: 6C277545 date: 2017-03-18 20:58:35
 C:\WINDOWS\system32\mswsock.dll handle: 00007FFF106B0000 size: 358600 crc: 37232488 date: 2017-03-18 20:57:35
 C:\WINDOWS\SYSTEM32\MMDevAPI.DLL handle: 00007FFF081D0000 size: 406064 crc: 551FA6AD date: 2017-05-20 06:51:44
 C:\WINDOWS\SYSTEM32\DEVOBJ.dll handle: 00007FFF0F8C0000 size: 151456 crc: 0044695F date: 2017-03-18 20:58:21
 C:\WINDOWS\SYSTEM32\PROPSYS.dll handle: 00007FFF0DD40000 size: 1667832 crc: 4667749B date: 2017-03-18 20:58:18
 C:\WINDOWS\SYSTEM32\wdmaud.drv handle: 00007FFEE83A0000 size: 241152 crc: 506EADA1 date: 2017-03-18 20:57:05
 C:\WINDOWS\SYSTEM32\ksuser.dll handle: 00007FFEDEA90000 size: 23360 crc: 604A1F10 date: 2017-03-18 20:57:05
 C:\WINDOWS\SYSTEM32\AVRT.dll handle: 00007FFF0D4F0000 size: 33168 crc: 7FECCEFB date: 2017-03-18 20:57:05
 C:\WINDOWS\SYSTEM32\AUDIOSES.DLL handle: 00007FFF05080000 size: 1054280 crc: F39A2BCC date: 2017-03-18 20:57:05
 C:\WINDOWS\SYSTEM32\wintypes.dll handle: 00007FFF0D620000 size: 1282528 crc: 4B647A2B date: 2017-03-18 20:58:21
 C:\WINDOWS\SYSTEM32\msacm32.drv handle: 00007FFF08340000 size: 29184 crc: 3EF60F24 date: 2017-03-18 20:57:42
 C:\WINDOWS\SYSTEM32\MSACM32.dll handle: 00007FFF04040000 size: 103408 crc: DD9A570E date: 2017-03-18 20:57:05
 C:\WINDOWS\SYSTEM32\midimap.dll handle: 00007FFF068A0000 size: 25088 crc: 700D574D date: 2017-03-18 20:57:42
 C:\WINDOWS\System32\clbcatq.dll handle: 00007FFF13AE0000 size: 627624 crc: CDB898E4 date: 2017-03-18 20:57:20
 C:\WINDOWS\SYSTEM32\TextInputFramework.dll handle: 00007FFF02DC0000 size: 516608 crc: 4D85C98C date: 2017-03-18 20:57:35
 C:\WINDOWS\SYSTEM32\CoreUIComponents.dll handle: 00007FFF0C690000 size: 2969880 crc: 980C61F1 date: 2017-05-20 07:02:02
 C:\WINDOWS\SYSTEM32\CoreMessaging.dll handle: 00007FFF0EC40000 size: 923040 crc: A470BCF8 date: 2017-05-20 07:01:13
 C:\WINDOWS\SYSTEM32\ntmarta.dll handle: 00007FFF100A0000 size: 188608 crc: 6D82C9F0 date: 2017-03-18 20:58:22
 C:\WINDOWS\SYSTEM32\usermgrcli.dll handle: 00007FFF0C3F0000 size: 72432 crc: 0A71D503 date: 2017-03-18 20:57:50
 C:\WINDOWS\system32\wshqos.dll handle: 00007FFF083A0000 size: 20480 crc: 07494026 date: 2017-03-18 20:57:35
 C:\WINDOWS\SYSTEM32\wshtcpip.DLL handle: 00007FFF08330000 size: 12800 crc: 568687E3 date: 2017-03-18 20:57:35
 C:\WINDOWS\SYSTEM32\wship6.dll handle: 00007FFF082B0000 size: 12800 crc: D0ED42CB date: 2017-03-18 20:57:35
 C:\WINDOWS\SYSTEM32\DNSAPI.dll handle: 00007FFF10430000 size: 661224 crc: 4E3B71EB date: 2017-03-18 20:57:35
 C:\WINDOWS\System32\NSI.dll handle: 00007FFF14740000 size: 24376 crc: D95CFBD5 date: 2017-03-18 20:57:35
 C:\WINDOWS\SYSTEM32\IPHLPAPI.DLL handle: 00007FFF103F0000 size: 217016 crc: 783E6F99 date: 2017-03-18 20:57:36
 C:\Program Files\Bonjour\mdnsNSP.dll handle: 000000006AC70000 size: 133392 crc: 142AB0F0 date: 2015-08-12 15:03:42
 C:\WINDOWS\System32\fwpuclnt.dll handle: 00007FFF073C0000 size: 418816 crc: CF9F5B27 date: 2017-03-18 20:57:53
 C:\WINDOWS\SYSTEM32\bcrypt.dll handle: 00007FFF10960000 size: 141136 crc: E78DADDE date: 2017-03-18 20:58:21
 C:\Windows\System32\rasadhlp.dll handle: 00007FFF046E0000 size: 16896 crc: 4946AD4F date: 2017-03-18 20:57:01
 C:\WINDOWS\System32\psapi.dll handle: 00007FFF147D0000 size: 18720 crc: A707D479 date: 2017-03-18 20:57:11

---- gamelog start ----
Tick 0: new game started
Revision text changed to 1.7.1-RC1, savegame version 196, not modified, _openttd_newgrf_version = 0x17106cdb
New game mode: 1 landscape: 2
Added NewGRF: GRF ID 44440A11, checksum D701E3219A08351B1705A7860644A9A2, filename: general_av8ion-1.0\genav8.grf (md5sum matches)
Added NewGRF: GRF ID 44440A01, checksum FCEEC76CF44EC23E7FE9C88048CF11CC, filename: av8_aviators_aircraft_set-2.21\pb_av8w.grf (md5sum matches)
Added NewGRF: GRF ID 44440A03, checksum 6205E0297104502240D946EC26B195CA, filename: av8_extra_aircraft.1.501\pb_av8exw.grf (md5sum matches)
Added NewGRF: GRF ID 52570103, checksum EDB2D26F9D81423734CA12412F309CF3, filename: generic_tram_set.0.4\generictrams.grf (md5sum matches)
Added NewGRF: GRF ID 78560007, checksum 4FF96B8C2A55CA3DE21F8049F9DF046F, filename: ikarus_set-5.3\ikarus2w.grf (md5sum matches)
Added NewGRF: GRF ID FBFB0402, checksum D83CC84C8B92C924C5EBEEE96565D194, filename: metro_track_set-2.1.2\metrotrackset.grf (md5sum matches)
Added NewGRF: GRF ID 4642FB21, checksum 117F6F1F07C18A9C15ADC6127AFBAE97, filename: modern_tram_set-3.1\motraset_r3.1.grf (md5sum matches)
Added NewGRF: GRF ID 54438301, checksum 50AF2469F40A96ADC0D42840E0D950E4, filename: cs_tram_set_v._0.2__0.1-1.0.5\cstramsetw.grf (md5sum matches)
Added NewGRF: GRF ID 52571201, checksum C1C7D8C53EB7E74EEE2F0EF29638B466, filename: egrvts.1.0\egrvts.grf (md5sum matches)
Added NewGRF: GRF ID 414E0101, checksum 5D665C64693A438E3046C22666F46E08, filename: fish_ship_set-0.9.2\fish.grf (md5sum matches)
Added NewGRF: GRF ID 4672783A, checksum EA46C4036A1A107494926AB6A756F300, filename: fsmaglev_track-1.2\fs-magt.grf (md5sum matches)
Added NewGRF: GRF ID 535A0D00, checksum 21AC703CAB2BE6A80FAF2344366FE0C1, filename: japanese_train_set-3.3\jptrains.grf (md5sum matches)
Added NewGRF: GRF ID 44501401, checksum 5B9D588504701CCC2BB14CDB1F18D06B, filename: japanese_maglevs-3.1\jptrainsadd.grf (md5sum matches)
Added NewGRF: GRF ID 4A530117, checksum CA32127C974FD70434F9CA4E0AD4A501, filename: ecs__firs_vehicle_set-2014.11.26\efrefit.grf (md5sum matches)
Added NewGRF: GRF ID FBFB0202, checksum F7FA6C6ECEA645CA788B88555E118F4D, filename: transrapid_track_set-1.0.0\traratrk.grf (md5sum matches)
Added NewGRF: GRF ID 45530500, checksum D9BE5AFA481FC3E0A96E6EB72B455612, filename: japanese_stations-3.6\jpstations.grf (md5sum matches)
Added NewGRF: GRF ID 41444701, checksum 61388DF61C879AC43369F7A166A27A1C, filename: cs_cargo-0.3\altcscargo.grf (md5sum matches)
Added NewGRF: GRF ID 47472030, checksum 6FE6E4EA1041057A4B13B8741DA9075D, filename: australian_industries_set_auzind-6\auzind170.grf (md5sum matches)
---- gamelog end ----

*** End of OpenTTD Crash Report ***

Decoded stack trace:
[00] KERNELBASE           0x00007FFF10F19E08 RaiseException + 104
[01] openttd              0x00007FF6E9EA82D5
[02] openttd              0x00007FF6E9EA73F0
[03] openttd              0x00007FF6E9B1100F
[04] openttd              0x00007FF6E9B32800
[05] openttd              0x00007FF6E9B2F23C
[06] openttd              0x00007FF6E9B32229
[07] openttd              0x00007FF6E9B3029B
[08] openttd              0x00007FF6E9B2F23C
[09] openttd              0x00007FF6E9B2F2D0
[10] openttd              0x00007FF6E9B477F9
[11] openttd              0x00007FF6E9C37B8F
[12] openttd              0x00007FF6E9C3CF36
[13] openttd              0x00007FF6E9ABCA1F
[14] openttd              0x00007FF6E9ABC44D
[15] openttd              0x00007FF6E9B082AA
[16] openttd              0x00007FF6E9B019F8
[17] openttd              0x00007FF6E9B155F1
[18] openttd              0x00007FF6E9DBAD94
[19] openttd              0x00007FF6E9B1329D
[20] openttd              0x00007FF6E9DBD4AD
[21] openttd              0x00007FF6E9EA98F0
[22] KERNEL32             0x00007FFF145E2774 BaseThreadInitThunk + 20
[23] ntdll                0x00007FFF149A0D61 RtlUserThreadStart + 33

*** End of additional info ***
