*** OpenTTD Crash Report ***

Crash at: Sat Jun 01 19:19:56 2013
In game date: 2273-05-27 (61)

Crash reason:
 Exception: E1212012
 Location:  7686FC16
 Message:   Assertion failed at line 153 of ..\src\cargoaction.cpp: cp_new->Count() <= this->destination->reserved_count

OpenTTD version:
 Version:    r25300 (0)
 NewGRF ver: 140062d4
 Bits:       32
 Endian:     little
 Dedicated:  no
 Build date: May 28 2013 18:09:24

Registers:
 EAX: 0012F318 EBX: 00000016 ECX: 00000000 EDX: 779C5CD4
 ESI: 00C672FC EDI: 00000000 EBP: 0012F368 ESP: 0012F318
 EIP: 7686FC16 EFLAGS: 00200246

 Bytes at instruction pointer:
 C9 C2 10 00 90 90 90 90 90 8B FF 55 8B EC 51 51 83 7D 10 00 56 0F 84 B3

Stack trace:
 E1212012 00000000 00000000 7686FC16 00000000 00000028 000504C0 00000000
 00CCF3F8 00C1EF78 00000010 00000000 00000000 00000000 00000000 00000000
 779C4CD0 7798BD86 00000000 00000016 0012F3C8 005EA56A E1212012 00000000
 00000000 00000000 006BED87 00000016 D021F16F 0012F3E0 00000200 0012F620
 0012F3B4 7634D714 00000000 779C4CD0 005EA55A 00000001 0012F388 0012EF34
 0012F684 006C4310 D0F04A2F FFFFFFFE 0012F5E0 006BE345 00000016 00439332
 00000005 0E481800 65737341 6F697472 6166206E 64656C69 20746120 656E696C
 33353120 20666F20 735C2E2E 635C6372 6F677261 69746361 632E6E6F 203A7070
 6E5F7063 3E2D7765 6E756F43 20292874 74203D3C 2D736968 7365643E 616E6974
 6E6F6974 65723E2D 76726573 635F6465 746E756F 0012F500 0012F5C0 00000000
 00000000 00000000 00000000 00000000 00000000 00000000 00000000 00000000
 00000000 00000000 00000000 00000000 00000000 00000000 00000000 00000000
 00000000 0012F650 0012F614 00000000 00000000 00000000 00000000 00000000
 00000000 00000000 00000000 00000000 00000000 00000000 00000000 00000000
 00000000 00000000 00000000 00000000 00000000 00000000 00000001 00000000
 00000800 00000000 00000000 0F960058 00000000 00C6B088 00002710 0E29F8A0
 00000002 0D9C6E18 00000002 0012F56C 0045E66C 0E362D60 00009484 FFFFEF1C
 000017E0 0045E76C 00009484 00007278 0012F560 005AE7B2 00000002 0012F5B4
 000000AA 0012F5B4 0012F5A8 005B5D4B 0E1E8C28 005B5C75 0012F5B4 0E2A94D0
 0E2B9D60 00000000 0E2B9D60 0E2B9D01 000000C4 0012F624 0012F5EC 00404D76
 00000019 00000075 0003D480 0003D480 00000000 00000000 00000000 00000092
 0E3232A8 0012F620 00000036 0E6E8C10 00000000 00000000 00000000 00000000
 00000000 0012F684 0012F604 004044D5 00BAFBDC 00000099 00BDE8F4 00BDE8BC
 0E3232A8 0E2B9FD8 0E6E8C10 0012F644 004056B6 0E481800 0E2B9EF8 0E2B9FB2

Operating system:
 Name:     Windows
 Release:  6.0.6002 (Service Pack 2)
 Compiler: MSVC 1600

Configuration:
 Blitter:      8bpp-optimized
 Graphics set: OpenGFX (998)
 Language:     C:\MeinKram\OpenTTD\coopPS\lang\english.lng
 Music driver: dmusic
 Music set:    NoMusic (0)
 Network:      no
 Sound driver: win32
 Sound set:    NoSound (2)
 Video driver: win32

AI Configuration (local: 0):
  0: Human

Libraries:
 FreeType:   2.4.5
 ICU:        4.4.2
 LZMA:       5.0.3
 LZO:        2.05
 PNG:        1.5.4
 Zlib:       1.2.5

Module information:
 C:\MeinKram\OpenTTD\coopPS\openttd.exe handle: 00400000 size: 8837632 crc: 809E03B7 date: 2013-05-28 18:13:31
 C:\Windows\system32\ntdll.dll handle: 77960000 size: 1205064 crc: B7D44540 date: 2011-11-18 20:23:34
 C:\Sonstiges\avast\snxhk.dll handle: 6CDE0000 size: 246592 crc: 40960B04 date: 2013-05-09 08:58:26
 C:\Windows\system32\KERNEL32.dll handle: 76830000 size: 892928 crc: A01352B7 date: 2012-09-28 16:11:03
 C:\Windows\system32\WINMM.dll handle: 74700000 size: 189952 crc: FE5FC521 date: 2011-10-14 16:03:25
 C:\Windows\system32\msvcrt.dll handle: 77520000 size: 680448 crc: 2BA89372 date: 2011-12-14 16:17:47
 C:\Windows\system32\USER32.dll handle: 762F0000 size: 627712 crc: 80F0F3C5 date: 2009-04-11 06:28:25
 C:\Windows\system32\GDI32.dll handle: 77B70000 size: 297472 crc: 69625D80 date: 2009-04-11 06:28:19
 C:\Windows\system32\ADVAPI32.dll handle: 77AA0000 size: 800768 crc: D7864B03 date: 2009-04-11 06:28:17
 C:\Windows\system32\RPCRT4.dll handle: 77450000 size: 784896 crc: 35185859 date: 2009-04-23 12:15:07
 C:\Windows\system32\ole32.dll handle: 77810000 size: 1316864 crc: 35DF2E64 date: 2010-06-28 17:00:21
 C:\Windows\system32\OLEAUT32.dll handle: 766D0000 size: 563712 crc: 4F05A328 date: 2011-08-25 16:14:01
 C:\Windows\system32\OLEACC.dll handle: 746C0000 size: 238080 crc: 49653460 date: 2011-08-25 16:14:01
 C:\Windows\system32\WS2_32.dll handle: 77650000 size: 179200 crc: 5D581120 date: 2008-01-21 02:25:16
 C:\Windows\system32\NSI.dll handle: 76480000 size: 8192 crc: 10729B39 date: 2008-01-21 02:25:11
 C:\Windows\system32\SHELL32.dll handle: 76930000 size: 11586048 crc: C75340E1 date: 2012-06-08 17:47:00
 C:\Windows\system32\SHLWAPI.dll handle: 76420000 size: 353280 crc: 8C1197B8 date: 2012-11-22 03:54:36
 C:\Windows\system32\IMM32.DLL handle: 76910000 size: 114688 crc: 8D83D50A date: 2009-04-11 06:28:20
 C:\Windows\system32\MSCTF.dll handle: 76760000 size: 807424 crc: 78787E19 date: 2009-04-11 06:28:20
 C:\Windows\system32\LPK.DLL handle: 77A90000 size: 23552 crc: 2E03F135 date: 2009-06-15 14:52:42
 C:\Windows\system32\USP10.dll handle: 76270000 size: 502272 crc: A57A818A date: 2010-04-16 16:46:48
 C:\Windows\WinSxS\x86_microsoft.windows.common-controls_6595b64144ccf1df_6.0.6002.18305_none_5cb72f2a088b0ed3\comctl32.dll handle: 75060000 size: 1686016 crc: 3AB5D2D1 date: 2010-08-31 15:43:52
 C:\Windows\system32\uxtheme.dll handle: 74BA0000 size: 240128 crc: 5F29223E date: 2008-01-21 02:24:10
 C:\Windows\system32\mswsock.dll handle: 75610000 size: 223232 crc: 9C4248CA date: 2009-04-11 06:28:22
 C:\Windows\System32\wshtcpip.dll handle: 75200000 size: 9216 crc: 10C50FC1 date: 2008-01-21 02:24:29
 C:\Windows\system32\wdmaud.drv handle: 744B0000 size: 167424 crc: AE942463 date: 2009-04-11 06:27:12
 C:\Windows\system32\ksuser.dll handle: 746A0000 size: 4608 crc: 4C647881 date: 2006-11-02 09:46:05
 C:\Windows\system32\MMDevAPI.DLL handle: 74650000 size: 150528 crc: 481F98E7 date: 2009-04-11 06:28:20
 C:\Windows\system32\AVRT.dll handle: 746B0000 size: 12800 crc: EB589AA0 date: 2008-01-21 02:25:20
 C:\Windows\system32\SETUPAPI.dll handle: 77680000 size: 1591296 crc: A225D6A1 date: 2009-04-11 06:28:24
 C:\Windows\system32\WINTRUST.dll handle: 75030000 size: 172544 crc: 591A9904 date: 2012-08-24 15:53:29
 C:\Windows\system32\CRYPT32.dll handle: 75930000 size: 985088 crc: F09BE8E0 date: 2012-06-02 00:02:32
 C:\Windows\system32\MSASN1.dll handle: 75AB0000 size: 60928 crc: D62CDC5B date: 2009-09-04 11:41:59
 C:\Windows\system32\USERENV.dll handle: 75ED0000 size: 108544 crc: CC1E5DD3 date: 2009-04-11 06:28:25
 C:\Windows\system32\Secur32.dll handle: 75EB0000 size: 72704 crc: DFC8B400 date: 2011-11-16 16:23:08
 C:\Windows\system32\imagehlp.dll handle: 77620000 size: 157696 crc: FCADE26E date: 2012-02-29 15:09:53
 C:\Windows\system32\AUDIOSES.DLL handle: 74400000 size: 115712 crc: 9E346B3A date: 2009-04-11 06:28:18
 C:\Windows\system32\audioeng.dll handle: 74390000 size: 397312 crc: 17666E45 date: 2008-01-21 02:25:20
 C:\Windows\system32\PSAPI.DLL handle: 75F80000 size: 12288 crc: D7B812C5 date: 2006-11-02 09:46:12
 C:\Windows\system32\msacm32.drv handle: 74620000 size: 21504 crc: 28704D00 date: 2009-04-11 06:27:12
 C:\Windows\system32\MSACM32.dll handle: 742D0000 size: 71680 crc: A2E8F836 date: 2008-01-21 02:25:19
 C:\Windows\system32\midimap.dll handle: 74290000 size: 17408 crc: 9FC56E7F date: 2009-04-11 06:28:20
 C:\Windows\system32\CLBCatQ.DLL handle: 76390000 size: 523776 crc: C2EBF5E6 date: 2008-01-21 02:24:49
 C:\Windows\system32\dmime.dll handle: 6D950000 size: 178688 crc: 3063C87B date: 2008-01-21 02:24:03
 C:\Windows\system32\DSOUND.dll handle: 6C290000 size: 444416 crc: 2196E709 date: 2009-04-11 06:28:19
 C:\Windows\system32\POWRPROF.dll handle: 75210000 size: 98816 crc: F5FB120D date: 2009-04-11 06:28:23
 C:\Windows\system32\dmusic.dll handle: 74C20000 size: 101888 crc: 9C95E7AB date: 2009-04-11 06:28:18
 C:\Windows\system32\dmsynth.dll handle: 74D30000 size: 105472 crc: A572B2E6 date: 2009-04-11 06:28:18
 C:\Windows\system32\dmloader.dll handle: 74C10000 size: 38400 crc: 43D1875C date: 2008-01-21 02:24:03

---- gamelog start ----
Tick 0: new game started
     Revision text changed to r25267, savegame version 181, not modified, _openttd_newgrf_version = 0x140062b3
     New game mode: 1 landscape: 0
     Added NewGRF: GRF ID 414C0101, checksum FBED8AF16EEA824FB550CF3232618787, filename: stations_name_from_nearby_indus-1.2.3\station_name.grf (md5sum matches)
     Added NewGRF: GRF ID 576DAB03, checksum 4439F1DF2B8F0565C816406CDF0186C4, filename: alberta_town_names-3\alberta_town_names.3.grf (md5sum matches)
     Added NewGRF: GRF ID 44440A01, checksum 530780FCAAD0795BDE8DCB1C3FD491FF, filename: av8_aviators_aircraft_set-2.12\pb_av8w.grf (md5sum matches)
     Added NewGRF: GRF ID 45520102, checksum 1406B06F6475037445A944963CA6D5CE, filename: ottdc_grfpack\7_stations\basic_platforms\basic_platformsw.grf (md5sum matches)
     Added NewGRF: GRF ID 19060801, checksum 6CFC6328D999C140851BFE6514BA277A, filename: bigger_depots.0.3\bigdepot.grf (md5sum matches)
     Added NewGRF: GRF ID 424B5462, checksum 83FE5AA7CAFF0A307B44B297F2A259D6, filename: bk_enhanced_tunnel_set-1.0\bktunw.grf (md5sum matches)
     Added NewGRF: GRF ID 45520400, checksum 1D00426064137AA49B6FC4F4BCFF173F, filename: ottdc_grfpack\7_stations\brickfreight\brickfreightw.GRF (md5sum matches)
     Added NewGRF: GRF ID 43415463, checksum 422B1603DC1CEDA4E59E715E12EAD332, filename: ottdc_grfpack\7_stations\canstn\canstnw.grf (md5sum matches)
     Added NewGRF: GRF ID 52455400, checksum 1600687C50C5AB1E72EDD487CAD50E2A, filename: coded_by_aegir._artwork_by_aegir-1\ae_cityw.grf (md5sum matches)
     Added NewGRF: GRF ID 54570604, checksum 09E2627CACBE087959BCD2B86A07DB4E, filename: ottdc_grfpack\z_obsolete\harbour\harbourw_456.grf (md5sum matches)
     Added NewGRF: GRF ID 6D620401, checksum C5ACB6D5536A464FD78871D91840A35F, filename: ottdc_grfpack\8_vehicles\trains_wagons\dbsetxl\dbsetxlw.grf (md5sum matches)
     Added NewGRF: GRF ID 58534453, checksum 2E100BCA91DB8371CD9D57DBEC3AB0C8, filename: ottdc_grfpack\7_stations\dutchstat\dutchstatw.grf (md5sum matches)
     Added NewGRF: GRF ID 41501202, checksum 7FD3A30F749BFA5D5E1DF61326AD9B08, filename: heqs_heavy_equipment_set-1.5.1\heqs.grf (md5sum matches)
     Added NewGRF: GRF ID 414E0101, checksum 5D665C64693A438E3046C22666F46E08, filename: fish_ship_set-0.9.2\fish.grf (md5sum matches)
     Added NewGRF: GRF ID 52455200, checksum 0E5A9C5ACD2BCAF7FA0658C3F905A660, filename: rural_stations-1\ae_ruraw.grf (md5sum matches)
     Added NewGRF: GRF ID 44573452, checksum 48CF5FC0DEB895136F337A7E563FC66D, filename: dwestationtiles_industrial_ter-v0.7\dwe_stat_r.grf (md5sum matches)
     Added NewGRF: GRF ID 4D666F01, checksum 1C3723AAE56C6648B61BC211EA344835, filename: ottdc_grfpack\2_landscape\stolentrees\testw.grf (md5sum matches)
     Added NewGRF: GRF ID 4D4C0100, checksum 1E2A243600434194FB100E72E507D5EF, filename: ottdc_grfpack\4_infrastructure\dutchcat\dutchcatw.grf (md5sum matches)
     Added NewGRF: GRF ID 44573553, checksum EF7529EBEAF35758EE07E628B25F608D, filename: dwenewobjects-v0.1\dwe_newobj.grf (md5sum matches)
     Added NewGRF: GRF ID 4A430002, checksum 2A214CB9C68182C4C3B9206A28FC4185, filename: industrial_stations_renewal-0.8.2\indstatr.grf (md5sum matches)
     Added NewGRF: GRF ID 6D620402, checksum 66ADF9AC90D97C59ED783FEC7E9706F9, filename: ottdc_grfpack\8_vehicles\trains_wagons\dbsetxl\z_ecs\dbxl_ecs.grf (md5sum matches)
     Added NewGRF: GRF ID 44440401, checksum 6AAD39D3A1E489E0060A9511B7DF8CDA, filename: ottdc_grfpack\8_vehicles\road_vehicles\pb_hovs_bus\pb_hovs_bus.grf (md5sum matches)
     Added NewGRF: GRF ID 74677462, checksum 1D2A4E03D9F30922788C166254C27619, filename: total_bridge_renewal_set-1.2\total_bridges.grf (md5sum matches)
Tick 1280: settings changed
     Setting changed: construction.max_bridge_length : 8 -> 2048
Tick 1280: game loaded
     Revision text changed to r25267, savegame version 181, modified, _openttd_newgrf_version = 0x140062b3
Tick 1280: game loaded
     Revision text changed to r25300, savegame version 182, modified, _openttd_newgrf_version = 0x140062d4
Tick 9565: game loaded
     Revision text changed to r25300, savegame version 182, not modified, _openttd_newgrf_version = 0x140062d4
Tick 39143: game loaded
     Revision text changed to r25300, savegame version 182, modified, _openttd_newgrf_version = 0x140062d4
Tick 13406: game loaded
     Revision text changed to r25300, savegame version 182, not modified, _openttd_newgrf_version = 0x140062d4
Tick 26071: GRF config changed
     Added NewGRF: GRF ID 4D470305, checksum 2E96B9AB2BEA686BFF94961AD433A701, filename: basecosts-5.0\basecosts.grf (md5sum matches)
Tick 27072: GRF config changed
     GRF parameter changed: GRF ID 4D470305, filename: basecosts-5.0\basecosts.grf (md5sum matches)
Tick 27683: game loaded
     Revision text changed to r25300, savegame version 182, modified, _openttd_newgrf_version = 0x140062d4
Tick 32942: game loaded
     Revision text changed to r25300, savegame version 182, not modified, _openttd_newgrf_version = 0x140062d4
---- gamelog end ----

*** End of OpenTTD Crash Report ***

Decoded stack trace:
[00] KERNEL32             0x7686FC16 RaiseException + 88
[01] openttd              0x005EA56A
[02] openttd              0x006BE345
[03] openttd              0x004044D5
[04] openttd              0x004056B6
[05] openttd              0x004599F0
[06] openttd              0x004015AE
[07] openttd              0x004015F7
[08] openttd              0x0051A0C8
[09] openttd              0x0051A59E
[10] openttd              0x0051AC2E
[11] openttd              0x00457776
[12] openttd              0x0043BEFE
[13] openttd              0x0043C1DA

*** End of additional info ***
