*** OpenTTD Crash Report ***

Crash at: Fri Aug 29 11:12:14 2014
In game date: 1950-01-06 (26)

Crash reason:
 Exception: E1212012
 Location:  000007FEFCEC940D
 Message:   Assertion failed at line 428 of ..\src\gfx_layout.cpp: runs.End()[-1].first == length

OpenTTD version:
 Version:    r26761 (0)
 NewGRF ver: 15006889
 Bits:       64
 Endian:     little
 Dedicated:  no
 Build date: Aug 27 2014 18:18:11

Registers:
 RAX: 000000007726B399 RBX: 0000000000000016 RCX: 000000000018DD30 RDX: 0000000000000000
 RSI: 0000000000000000 RDI: 0000000000000008 RBP: 000000000018E7D0 RSP: 000000000018E340
 R8:  0000000000000000 R9:  0000000000000000 R10: 0000000000000000 R11: 0000000000000286
 R12: 00000001406DDD50 R13: 000000013FCA59E8 R14: 0000000000000001 R15: 0000005400000000
 RIP: 000007FEFCEC940D EFLAGS: 00000206

 Bytes at instruction pointer:
 48 81 C4 C8 00 00 00 C3 90 90 90 90 90 90 90 90 90 90 90 48 8B C4 48 83

Stack trace:
 00000016 00000000 00000000 00000000 00000008 00000000 76D71A4A 00000000
 E1212012 00000000 00000000 00000000 FCEC940D 000007FE 00000000 00000000
 40BF1B30 00000001 76CC146B 00000000 FD2E04E9 000007FE 001305E2 00000000
 00000010 00000000 4064A838 00000001 00000050 00000000 001305E2 00000000
 00000000 00000000 76EA3C2A 00000000 4064A838 00000001 00000010 00000000
 00000000 00000000 00000000 00000000 00000000 00000000 00000000 00000000
 00000001 00000000 3FD91269 00000001 00000016 00000000 D05E71FA 00000000
 00000001 00000000 76E99CAA 00000000 00000000 00000000 00000000 00000054
 26BB75A0 00000000 00000000 00000000 25A2EB38 00000000 0000000E 00000000
 00000003 00000000 3FD90620 00000001 00000001 00000000 0000000C 00000000
 266D8800 00000000 FFFFFFFF 00000000 0000000C 00000000 3FA0EA07 00000001
 0000000C 00000000 0018E7D0 00000000 266D8800 00000000 01C90080 00000000
 65737341 6F697472 6166206E 64656C69 20746120 656E696C 38323420 20666F20
 735C2E2E 675C6372 6C5F7866 756F7961 70632E74 72203A70 2E736E75 28646E45
 312D5B29 69662E5D 20747372 6C203D3D 74676E65 00000068 01DC0000 00000000
 00000020 00000000 00000020 00000000 01DC02A8 00000000 76EC3448 00000000
 00000000 00000000 00000020 00000000 02B70045 00000628 01C90470 00000000
 00002010 00000000 01DC0000 00000000 00002000 00000000 00002000 00000000
 01DC5128 00000000 76EC3448 00000000 00000000 00000000 00002000 00000000
 0404001D 00010001 01C90470 00000000 25A2EB38 00000000 00000000 00000000
 056786E0 00000000 00000020 00000000 055B1B00 00000000 0000000F 00000000
 25A2EB38 00000000 00000000 00000000 056786E0 00000000 00000020 00000000
 0018E7D0 00000000 76D71A4A 00000000 26BB75A0 00000000 00000000 00000000
 25A2EB38 00000000 0000000E 00000000 00000020 00000000 266D8800 00000000

Operating system:
 Name:     Windows
 Release:  6.1.7601 (Service Pack 1)
 Compiler: MSVC 1600

Configuration:
 Blitter:      32bpp-sse4
 Graphics set: zBase (251)
 Language:     C:\Users\Figgy\Desktop\ottdnightly\lang\english.lng
 Music driver: win32
 Music set:    NoMusic (0)
 Network:      server
 Sound driver: win32
 Sound set:    original_windows (0)
 Video driver: win32

Fonts:
 Small:  Calibri
 Medium: Calibri
 Large:  Calibri
 Mono:   sprite

AI Configuration (local: 0):
  0: Human
  1: IdAi (v1)

Libraries:
 FreeType:   2.4.11
 ICU:        51.2
 LZMA:       5.0.4
 LZO:        2.06
 PNG:        1.5.14
 Zlib:       1.2.7

Module information:
 C:\Users\Figgy\Desktop\ottdnightly\openttd.exe handle: 000000013F9B0000 size: 14133760 crc: FDBC0B37 date: 2014-08-29 05:58:14
 C:\Windows\SYSTEM32\ntdll.dll handle: 0000000076E70000 size: 1732032 crc: 5BF564D3 date: 2013-08-29 02:16:35
 C:\Windows\system32\kernel32.dll handle: 0000000076D50000 size: 1163264 crc: 19230232 date: 2014-03-04 09:44:00
 C:\Windows\system32\KERNELBASE.dll handle: 000007FEFCEC0000 size: 424960 crc: 7FB4EAD2 date: 2014-03-04 09:44:00
 C:\Windows\system32\WINMM.dll handle: 000007FEF9760000 size: 217600 crc: 7BC1529F date: 2009-07-14 01:41:56
 C:\Windows\system32\msvcrt.dll handle: 000007FEFD040000 size: 634880 crc: 9D1B448A date: 2011-12-16 08:46:06
 C:\Windows\system32\USER32.dll handle: 0000000076C50000 size: 1008128 crc: 70FF7D7F date: 2010-11-20 13:27:27
 C:\Windows\system32\GDI32.dll handle: 000007FEFEC90000 size: 404480 crc: 37D17315 date: 2014-08-23 02:07:00
 C:\Windows\system32\LPK.dll handle: 000007FEFEC80000 size: 41472 crc: EE04F660 date: 2013-06-06 05:50:51
 C:\Windows\system32\USP10.dll handle: 000007FEFE300000 size: 801280 crc: DCB1924F date: 2014-04-25 02:34:59
 C:\Windows\system32\WS2_32.dll handle: 000007FEFF090000 size: 297984 crc: 0F68689B date: 2010-11-20 13:27:29
 C:\Windows\system32\RPCRT4.dll handle: 000007FEFE3D0000 size: 1216000 crc: 9A153133 date: 2014-07-14 02:02:45
 C:\Windows\system32\NSI.dll handle: 000007FEFE710000 size: 13824 crc: 53B46F6C date: 2009-07-14 01:41:53
 C:\Windows\system32\IMM32.dll handle: 000007FEFE2D0000 size: 167424 crc: 41B2805A date: 2009-07-14 01:41:09
 C:\Windows\system32\MSCTF.dll handle: 000007FEFE890000 size: 1067008 crc: 798DDDA0 date: 2009-07-14 01:41:28
 C:\Windows\system32\ADVAPI32.dll handle: 000007FEFD0E0000 size: 878080 crc: D0A62838 date: 2013-08-29 02:13:28
 C:\Windows\SYSTEM32\sechost.dll handle: 000007FEFD1C0000 size: 113664 crc: 978CFAE5 date: 2009-07-14 01:41:53
 C:\Windows\system32\SHELL32.dll handle: 000007FEFD540000 size: 14175744 crc: 30A2F002 date: 2014-06-25 02:05:42
 C:\Windows\system32\SHLWAPI.dll handle: 000007FEFD420000 size: 448512 crc: 086DF743 date: 2010-11-20 13:27:25
 C:\Windows\system32\ole32.dll handle: 000007FEFE500000 size: 2086912 crc: 72F91CD0 date: 2010-11-20 13:27:23
 C:\Windows\system32\uxtheme.dll handle: 000007FEFB5F0000 size: 332288 crc: B0A13DF9 date: 2009-07-14 01:41:56
 F:\Fraps\fraps64.dll handle: 0000000072C40000 size: 185520 crc: F3BBDCEE date: 2012-04-26 11:49:12
 C:\Windows\system32\dwmapi.dll handle: 000007FEFC440000 size: 82432 crc: A459F360 date: 2009-07-14 01:40:34
 C:\Windows\system32\CRYPTBASE.dll handle: 000007FEFCB20000 size: 44032 crc: F547C16E date: 2009-07-14 01:40:24
 C:\Windows\system32\mswsock.dll handle: 000007FEFC120000 size: 327168 crc: 2C87855E date: 2013-09-08 02:27:14
 C:\Windows\System32\wshtcpip.dll handle: 000007FEFC5A0000 size: 13312 crc: 5D1E2C55 date: 2009-07-14 01:41:58
 C:\Windows\system32\MMDevAPI.DLL handle: 000007FEFB1F0000 size: 284160 crc: CDF2EF81 date: 2009-07-14 01:41:26
 C:\Windows\system32\PROPSYS.dll handle: 000007FEFB650000 size: 1212416 crc: B83FA3BE date: 2010-11-20 13:27:23
 C:\Windows\system32\OLEAUT32.dll handle: 000007FEFED00000 size: 861696 crc: 1F331414 date: 2011-08-27 05:37:49
 C:\Windows\system32\wdmaud.drv handle: 000007FEF9700000 size: 217088 crc: 12829973 date: 2010-11-20 13:24:21
 C:\Windows\system32\ksuser.dll handle: 00000000748E0000 size: 5120 crc: AA2071D9 date: 2009-07-14 01:41:13
 C:\Windows\system32\AVRT.dll handle: 000007FEFA500000 size: 18432 crc: 5CE53CB7 date: 2009-07-14 01:40:05
 C:\Windows\system32\SETUPAPI.dll handle: 000007FEFEA40000 size: 1900544 crc: A364BD6A date: 2010-11-20 13:27:25
 C:\Windows\system32\CFGMGR32.dll handle: 000007FEFCE20000 size: 207872 crc: 1984C339 date: 2010-11-20 13:25:50
 C:\Windows\system32\DEVOBJ.dll handle: 000007FEFCF40000 size: 93184 crc: A7541AE2 date: 2009-07-14 01:40:28
 C:\Windows\system32\AUDIOSES.DLL handle: 000007FEF9140000 size: 296448 crc: 90389554 date: 2010-11-20 13:25:42
 C:\Windows\system32\msacm32.drv handle: 000007FEF8C10000 size: 25600 crc: 2B579A05 date: 2009-07-14 01:38:50
 C:\Windows\system32\MSACM32.dll handle: 000007FEF8BF0000 size: 83456 crc: 3D67538B date: 2009-07-14 01:41:27
 C:\Windows\system32\midimap.dll handle: 000007FEF8BE0000 size: 20480 crc: CB902A13 date: 2009-07-14 01:41:23
 C:\Windows\system32\CLBCatQ.DLL handle: 000007FEFE9A0000 size: 607744 crc: 939E35C9 date: 2009-07-14 01:40:15
 C:\Windows\System32\wship6.dll handle: 000007FEFC110000 size: 13824 crc: E3FBF123 date: 2009-07-14 01:41:58
 C:\Windows\system32\psapi.dll handle: 0000000077040000 size: 9216 crc: 84B5E9BA date: 2009-07-14 01:41:53

---- gamelog start ----
Tick 0: new game started
Revision text changed to r26761, savegame version 192, not modified, _openttd_newgrf_version = 0x15006889
New game mode: 1 landscape: 2
Added NewGRF: GRF ID 44440000, checksum 5DE426FD3BA6EA98877F092EB77A4C1B, filename: pb_trains_10CC.grf (md5sum matches)
Added NewGRF: GRF ID F1250005, checksum 71231BAE6D5F4A5878933ADB74CABEE5, filename: firs_industry_replacement_set-1.3.0\firs.grf (md5sum matches)
---- gamelog end ----

*** End of OpenTTD Crash Report ***

Decoded stack trace:
[00] KERNELBASE           0x000007FEFCEC940D RaiseException + 61
[01] openttd              0x000000013FD91269
[02] openttd              0x000000013FD90620
[03] openttd              0x000000013FA0EA07
[04] openttd              0x000000013F9E3ABC
[05] openttd              0x000000013F9DE6FD
[06] openttd              0x000000013FA8F88B
[07] openttd              0x000000013FCA3FE4
[08] openttd              0x000000013FA10BD2
[09] openttd              0x000000013FCA6811
[10] openttd              0x000000013FD92BF8
[11] kernel32             0x0000000076D659ED BaseThreadInitThunk + 13
[12] ntdll                0x0000000076E9C541 RtlUserThreadStart + 33

*** End of additional info ***
