*** OpenTTD Crash Report ***
Date: 2008-01-27 13:03:28
Build: 0.6.0-beta3 built on Jan 15 2008 22:01:30
Reason: Assertion failed at d:\developpement\ottd\0.6.0-beta3\src\tile_map.h:124: !IsTileType(tile, MP_HOUSE)
Exception C0000005 at 004623EA
Registers:
 EAX: 00C9F008 EBX: 00574004 ECX: 0012F5E8 EDX: 00C9F06E
 ESI: 000048C1 EDI: 0053DDC0 EBP: 0012F85C ESP: 0012F800
 EIP: 004623EA EFLAGS: 00010206

Bytes at CS:EIP:
 C6 05 00 00 00 00 00 E8 28 EC FB FF 83 F8 07 75 18 68 40 72 57 00 6A 7D

Stack trace: 
 000048C1 000048C1 0012F890 00478BCA 0012F8F0 000048C1 00478B72 00000215
 00000000 000048C1 00000001 00000013 00000500 00000400 00000000 FFFFFFCB
 FFFFFFFF 0001FFFF 7E41B3F9 000C07F4 00000215 00000000 00000000 0012F8A4
 00405276 0000000A 00000003 00000000 00000000 0012F8F0 00000000 00478B72
 00000000 00000000 00000000 00000000 0012F878 0012F8A8 0012F9B4 0012F8AC
 0000000A 0012F914 00479112 000048C1 00000003 00000000 0000000A 00000003
 0000000A 0012F978 00000C10 0141B3A7 00000008 00000003 00000000 00000003
 00000000 00000000 00000000 0001FFFF 000000FF 00000000 00000000 FF01FFFF
 7E41B3A7 004CF6F1 000C07F4 00000084 004CF188 0012F99C 00479246 0012F978
 000048C1 0000000A 000048C3 000048C1 00405655 0000000A 000048C3 00000003
 000048C1 0012F9FC 000048C3 DCBAABCD 00000000 00000240 00000C10 0047922B
 00001011 00000000 0012F9A8 00000000 00000000 FF01FFFF 7C91056D 00507EE9
 00B80000 00000000 00507F08 83058841 00000000 00660814 00000000 0012F9EC
 0045E00A 000048C1 000048C3 00000003 00000000 10110401 00000001 0045E046
 0066060B 0045E2CF 00000003 0066067C 00000000 00660814 0012F9E8 00660748
 0012FA04 00000202 0043FA93 0012FA18 0043FB53 00000008 00000202 00000015
 00000C30 00000240 000048C3 000048C1 00000003 0000000B 0012FA54 00445486
 00000008 00000202 00000000 0041B51C 00000000 00000000 00000000 00000000
 0012FAEC 7C90EAE3 0012FA50 00000018 0084CAF8 00000000 004457AD 00000000
 00000000 00000008 00000202 0012FAEC 00000000 004CF5D7 0012FB54 004CF188
 00000000 00000000 7E41B51C 00000000 00000001 00000000 00000000 0012FAF4
 7C90EAE3 0012FAAC 00000018 0084CAF8 00000084 00000000 01FE00C9 004CF188
 7E41B473 7E41BD9A 004CEF08 004CF188 000001FE 004CEEBA 00000000 00000000
 00000013 00000500 00000400 0012FB18 7E418734 000C07F4 00000202 00000008

Module information:
 Z:\download\win\games\openttd\openttd-0.6.0-beta3-win32\openttd.exe handle: 00400000 size: 1782272 crc: 6969C673 date: 2008-01-16 04:06:22
 C:\WINDOWS\system32\ntdll.dll handle: 7C900000 size: 708096 crc: A5A50370 date: 2004-08-04 06:56:38
 C:\WINDOWS\system32\kernel32.dll handle: 7C800000 size: 984576 crc: 2CCFBF2B date: 2007-04-16 16:52:54
 C:\WINDOWS\system32\WINMM.dll handle: 76B40000 size: 176128 crc: 123646FA date: 2004-08-04 06:56:48
 C:\WINDOWS\system32\USER32.dll handle: 7E410000 size: 577536 crc: DF3237C6 date: 2007-03-08 16:36:28
 C:\WINDOWS\system32\GDI32.dll handle: 77F10000 size: 282112 crc: F0029774 date: 2007-06-19 14:31:20
 C:\WINDOWS\system32\ADVAPI32.dll handle: 77DD0000 size: 616960 crc: 5E7A2F0A date: 2004-08-04 06:56:42
 C:\WINDOWS\system32\RPCRT4.dll handle: 77E70000 size: 584192 crc: B1CE66F6 date: 2007-07-09 14:09:42
 C:\WINDOWS\system32\Secur32.dll handle: 77FE0000 size: 55808 crc: 5A32C057 date: 2004-08-04 06:56:46
 C:\WINDOWS\system32\WS2_32.dll handle: 71AB0000 size: 82944 crc: 9738CC56 date: 2004-08-04 06:56:48
 C:\WINDOWS\system32\msvcrt.dll handle: 77C10000 size: 343040 crc: 5298C0C5 date: 2004-08-04 06:56:44
 C:\WINDOWS\system32\WS2HELP.dll handle: 71AA0000 size: 19968 crc: F5DD5AB6 date: 2004-08-04 06:56:48
 C:\WINDOWS\system32\SHFolder.dll handle: 76780000 size: 25088 crc: 2EC7582B date: 2004-08-04 06:56:46
 C:\WINDOWS\system32\SHLWAPI.dll handle: 77F60000 size: 474112 crc: 0D027FB2 date: 2007-08-22 14:12:18
 C:\WINDOWS\WinSxS\x86_Microsoft.Windows.Common-Controls_6595b64144ccf1df_6.0.2600.2982_x-ww_ac3f9c03\comctl32.dll handle: 773D0000 size: 1054208 crc: 58D6578C date: 2006-08-25 15:45:56
 C:\WINDOWS\system32\comctl32.dll handle: 5D090000 size: 617472 crc: 232F6674 date: 2006-08-25 15:45:58
 C:\WINDOWS\system32\WINTRUST.dll handle: 76C30000 size: 176640 crc: 88D208BD date: 2004-08-04 06:56:48
 C:\WINDOWS\system32\CRYPT32.dll handle: 77A80000 size: 597504 crc: 971ECFAA date: 2004-08-04 06:56:42
 C:\WINDOWS\system32\MSASN1.dll handle: 77B20000 size: 57344 crc: D5127637 date: 2004-08-04 06:56:44
 C:\WINDOWS\system32\IMAGEHLP.dll handle: 76C90000 size: 144384 crc: 714A70BC date: 2004-08-04 06:56:44
 C:\WINDOWS\system32\wdmaud.drv handle: 72D20000 size: 23552 crc: 982E84EE date: 2004-08-04 06:56:58
 C:\WINDOWS\system32\msacm32.drv handle: 72D10000 size: 20480 crc: D5406BAE date: 2001-08-23 13:00:00
 C:\WINDOWS\system32\MSACM32.dll handle: 77BE0000 size: 71680 crc: 6A21891E date: 2004-08-04 06:56:44
 C:\WINDOWS\system32\midimap.dll handle: 77BD0000 size: 18944 crc: 502B5282 date: 2004-08-04 06:56:44
 C:\WINDOWS\system32\ole32.dll handle: 774E0000 size: 1285120 crc: AD325A7F date: 2005-07-26 04:39:48
 C:\WINDOWS\system32\CLBCATQ.DLL handle: 76FD0000 size: 498688 crc: 9DED030F date: 2005-07-26 04:39:44
 C:\WINDOWS\system32\COMRes.dll handle: 77050000 size: 792064 crc: 5A12B4A2 date: 2004-08-04 06:56:42
 C:\WINDOWS\system32\OLEAUT32.dll handle: 77120000 size: 549376 crc: 5A89C9E1 date: 2007-05-17 12:28:06
 C:\WINDOWS\system32\VERSION.dll handle: 77C00000 size: 18944 crc: CFE439BB date: 2004-08-04 06:56:48
 C:\WINDOWS\System32\dmime.dll handle: 5C570000 size: 181248 crc: F18E50F8 date: 2004-08-04 06:56:44
 C:\WINDOWS\System32\DSOUND.dll handle: 73F10000 size: 367616 crc: F0EFB582 date: 2004-08-04 06:56:44
 C:\WINDOWS\System32\dmusic.dll handle: 6C980000 size: 104448 crc: 0C1C73CE date: 2004-08-04 06:56:44
 C:\WINDOWS\system32\KsUser.dll handle: 73EE0000 size: 4096 crc: 519CF22C date: 2004-08-04 06:56:44
 C:\WINDOWS\System32\dmsynth.dll handle: 6C9A0000 size: 103424 crc: ECEFF055 date: 2004-08-04 06:56:44
 C:\WINDOWS\System32\dmloader.dll handle: 6CA10000 size: 35840 crc: CCCBFD58 date: 2004-08-04 06:56:44
 C:\WINDOWS\system32\mswsock.dll handle: 71A50000 size: 245248 crc: E2309390 date: 2004-08-04 06:56:46
 C:\WINDOWS\system32\hnetcfg.dll handle: 662B0000 size: 344064 crc: 6CF15ACF date: 2004-08-04 06:56:44
 C:\WINDOWS\System32\wshtcpip.dll handle: 71A90000 size: 19968 crc: B88CC0E5 date: 2004-08-04 06:56:48
 C:\WINDOWS\system32\DNSAPI.dll handle: 76F20000 size: 148480 crc: 05307EE0 date: 2006-06-26 17:37:10
 C:\WINDOWS\System32\winrnr.dll handle: 76FB0000 size: 16896 crc: F415B2FF date: 2004-08-04 06:56:48
 C:\WINDOWS\system32\WLDAP32.dll handle: 76F60000 size: 172032 crc: 5FAE75A9 date: 2004-08-04 06:56:48
 C:\Program Files\Bonjour\mdnsNSP.dll handle: 16080000 size: 94208 crc: DF63DAB0 date: 2006-02-28 18:42:28
 C:\WINDOWS\system32\Iphlpapi.dll handle: 76D60000 size: 94720 crc: 33280BB4 date: 2006-05-19 12:59:42
 C:\WINDOWS\system32\rasadhlp.dll handle: 76FC0000 size: 8192 crc: FE5FF0FB date: 2006-06-26 17:37:10
 C:\WINDOWS\system32\psapi.dll handle: 76BF0000 size: 23040 crc: 97A44A88 date: 2004-08-04 06:56:46

System information:
 Windows version 5.1 2600 S
