*** OpenTTD Crash Report ***

Crash at: Mon Mar 16 16:48:41 2015
In game date: 2043-01-14 (25)

Crash reason:
 Exception: C0000094
 Location:  000000013FBA9F02
 Message:   <none>

OpenTTD version:
 Version:    1.5.0-beta2 (0)
 NewGRF ver: 15006a22
 Bits:       64
 Endian:     little
 Dedicated:  no
 Build date: Feb 24 2015 19:54:35

Registers:
 RAX: 00000000FFFFD8F0 RBX: 0000000000000000 RCX: 0000000000000000 RDX: 00000000FFFFFFFF
 RSI: 0000000000000000 RDI: 000000000000003A RBP: 0000000000000001 RSP: 00000000001BE8A0
 R8:  0000000000000000 R9:  0000000000000000 R10: 0000000000000001 R11: 0000000000000000
 R12: 00000000000000F0 R13: 0000000000000001 R14: 0000000000001065 R15: 0000000000002253
 RIP: 000000013FBA9F02 EFLAGS: 00010203

 Bytes at instruction pointer:
 F7 FE 48 63 D0 48 C7 C0 00 00 00 80 48 3B D0 7E 0F B9 FF FF FF 7F 48 8B

Stack trace:
 00000001 00000000 000000F0 00000000 2593EAE0 00000000 3FCF0623 00000001
 2580CC90 00000000 3FCF0C97 00000001 2593EAE0 00000000 00000000 00000000
 00000000 00000000 3FD26B1D 00000001 2580CC90 00000000 2593EAE0 00000000
 2580CC90 00000000 00000007 00000003 00000000 00000000 3FCF2A79 00000001
 2580CC90 00000000 00000000 00000000 2593EAE0 00000000 00000032 00000000
 00000001 00000000 3FC03E89 00000001 2593EAE0 00000000 3FCF0299 00000001
 0000FFFF 00000000 00000000 00000000 0000000C 00000000 000000C0 00000000
 2593EAE0 00000000 00000001 00000000 00000100 00000000 3FCF395E 00000001
 25930305 00000000 2593EAE0 00000000 00000001 00000000 2593EAE0 00000000
 00000032 00000000 00000001 00000000 00000000 00000000 3FC0081E 00000001
 2593EAE0 00000000 001BEA89 00000000 2593E900 00000000 0000226E 00000000
 25A5B240 00000000 00000001 00000000 00000000 00000000 00000000 00000000
 FFFFFFFE FFFFFFFF 3FE1D113 00000001 00074983 00000000 3FCED0E8 00000001
 00000008 00000000 000B7BB4 00010001 00000000 00000000 00000000 00000000
 408D9EBB 00000001 FFFFFFFE FFFFFFFF 000DD604 00000000 00000001 00000000
 00000000 00000000 3FB70000 00000001 0132340F 00000000 000137AF 00000000
 000807B8 00000000 00000001 00000000 00000000 00000000 013233F1 00000000
 0132340F 00000000 407D0D60 00000001 013233F1 00000000 00000000 00000000
 001BEBF0 00000000 3FBD5F0D 00000001 00000000 00000000 013233F1 00000000
 407D0D60 00000001 000002B1 0000000B 001BEB28 00000000 001BEB38 00000000
 408D9EBB 00000001 00000001 00000000 407D0D60 00000001 00000561 00000000
 FFFFFFFE FFFFFFFF 00000001 00000000 00000000 00000000 773511F5 00000000
 00000070 00000000 FFFFFFFF FFFFFFFF FFFFFFFF FFFFFFFF 770F9B43 00000000
 001BEBB8 00000000 00000030 00000002 77108BCA 00000000 001BEC18 00000000

Operating system:
 Name:     Windows
 Release:  6.1.7601 (Service Pack 1)
 Compiler: MSVC 1600

Configuration:
 Blitter:      32bpp-anim
 Graphics set: original_windows (0)
 Language:     C:\Program Files\OpenTTD\lang\english.lng
 Music driver: win32
 Music set:    original_windows (1)
 Network:      no
 Sound driver: win32
 Sound set:    OpenSFX (87)
 Video driver: win32

Fonts:
 Small:  sprite
 Medium: sprite
 Large:  sprite
 Mono:   sprite

AI Configuration (local: 0):
  0: Human
  1: SimpleAI (v9)
  2: SimpleAI (v9)
  3: SimpleAI (v9)
  4: SimpleAI (v9)
  5: SimpleAI (v9)
  6: SimpleAI (v9)
  7: SimpleAI (v9)
  8: SimpleAI (v9)
 GS: City Controller (v6)

Libraries:
 FreeType:   2.4.11
 ICU:        51.2
 LZMA:       5.0.4
 LZO:        2.06
 PNG:        1.5.14
 Zlib:       1.2.7

Module information:
 C:\Program Files\OpenTTD\openttd.exe handle: 000000013FB70000 size: 14189056 crc: 8B78AFC6 date: 2015-02-24 19:59:38
 C:\Windows\SYSTEM32\ntdll.dll handle: 0000000077300000 size: 1732032 crc: 5BF564D3 date: 2013-08-29 02:16:35
 C:\Windows\system32\kernel32.dll handle: 00000000771E0000 size: 1163264 crc: 19230232 date: 2014-03-04 09:44:00
 C:\Windows\system32\KERNELBASE.dll handle: 000007FEFD410000 size: 424960 crc: 7FB4EAD2 date: 2014-03-04 09:44:00
 C:\Windows\system32\WINMM.dll handle: 000007FEF91F0000 size: 217600 crc: 7BC1529F date: 2009-07-14 01:41:56
 C:\Windows\system32\msvcrt.dll handle: 000007FEFDD20000 size: 634880 crc: 9D1B448A date: 2011-12-16 08:46:06
 C:\Windows\system32\USER32.dll handle: 00000000770E0000 size: 1008128 crc: 70FF7D7F date: 2010-11-21 03:24:09
 C:\Windows\system32\GDI32.dll handle: 000007FEFEE20000 size: 404480 crc: 37D17315 date: 2014-08-23 02:07:00
 C:\Windows\system32\LPK.dll handle: 000007FEFEEC0000 size: 41984 crc: D76C1EF7 date: 2015-02-20 04:41:01
 C:\Windows\system32\USP10.dll handle: 000007FEFD750000 size: 801280 crc: DCB1924F date: 2014-04-25 02:34:59
 C:\Windows\system32\WS2_32.dll handle: 000007FEFF460000 size: 297984 crc: 0F68689B date: 2010-11-21 03:24:28
 C:\Windows\system32\RPCRT4.dll handle: 000007FEFDB50000 size: 1216000 crc: 9A153133 date: 2014-07-14 02:02:45
 C:\Windows\system32\NSI.dll handle: 000007FEFEEB0000 size: 13824 crc: 53B46F6C date: 2009-07-14 01:41:53
 C:\Windows\system32\IMM32.dll handle: 000007FEFF2A0000 size: 167424 crc: 41B2805A date: 2009-07-14 01:41:09
 C:\Windows\system32\MSCTF.dll handle: 000007FEFEED0000 size: 1067520 crc: 362B3A40 date: 2015-01-17 02:48:38
 C:\Windows\system32\ADVAPI32.dll handle: 000007FEFD820000 size: 878080 crc: D0A62838 date: 2013-08-29 02:13:28
 C:\Windows\SYSTEM32\sechost.dll handle: 000007FEFEE90000 size: 113664 crc: 978CFAE5 date: 2009-07-14 01:41:53
 C:\Windows\system32\SHELL32.dll handle: 000007FEFDFF0000 size: 14177280 crc: F6E67702 date: 2015-02-13 05:22:33
 C:\Windows\system32\SHLWAPI.dll handle: 000007FEFEFE0000 size: 448512 crc: 086DF743 date: 2010-11-21 03:24:22
 C:\Windows\system32\ole32.dll handle: 000007FEFDDC0000 size: 2086912 crc: 72F91CD0 date: 2010-11-21 03:23:48
 C:\Windows\system32\uxtheme.dll handle: 000007FEFB650000 size: 332288 crc: B0A13DF9 date: 2009-07-14 01:41:56
 C:\Windows\system32\CRYPTBASE.dll handle: 000007FEFCF60000 size: 44032 crc: F547C16E date: 2009-07-14 01:40:24
 C:\Windows\system32\OLEAUT32.dll handle: 000007FEFF4B0000 size: 861696 crc: 2B84F0E4 date: 2014-11-26 03:53:59
 C:\Windows\system32\mswsock.dll handle: 000007FEFC8A0000 size: 327168 crc: 2C87855E date: 2013-09-08 02:27:14
 C:\Windows\System32\wshtcpip.dll handle: 000007FEFC260000 size: 13312 crc: 5D1E2C55 date: 2009-07-14 01:41:58
 C:\Windows\system32\MMDevAPI.DLL handle: 000007FEFBE80000 size: 284160 crc: CDF2EF81 date: 2009-07-14 01:41:26
 C:\Windows\system32\PROPSYS.dll handle: 000007FEFBD50000 size: 1212416 crc: B83FA3BE date: 2010-11-21 03:23:55
 C:\Windows\system32\wdmaud.drv handle: 000007FEF5910000 size: 217088 crc: 12829973 date: 2010-11-21 03:24:32
 C:\Windows\system32\ksuser.dll handle: 0000000071D20000 size: 5120 crc: AA2071D9 date: 2009-07-14 01:41:13
 C:\Windows\system32\AVRT.dll handle: 000007FEFBD40000 size: 18432 crc: 5CE53CB7 date: 2009-07-14 01:40:05
 C:\Windows\system32\SETUPAPI.dll handle: 000007FEFF0C0000 size: 1900544 crc: A364BD6A date: 2010-11-21 03:24:28
 C:\Windows\system32\CFGMGR32.dll handle: 000007FEFD340000 size: 207872 crc: 1984C339 date: 2010-11-21 03:24:00
 C:\Windows\system32\DEVOBJ.dll handle: 000007FEFD3E0000 size: 93184 crc: A7541AE2 date: 2009-07-14 01:40:28
 C:\Windows\system32\AUDIOSES.DLL handle: 000007FEF54D0000 size: 296448 crc: E010A4A9 date: 2015-02-03 03:30:55
 C:\Windows\system32\msacm32.drv handle: 000007FEF9E50000 size: 25600 crc: 2B579A05 date: 2009-07-14 01:38:50
 C:\Windows\system32\MSACM32.dll handle: 000007FEF5C80000 size: 83456 crc: 3D67538B date: 2009-07-14 01:41:27
 C:\Windows\system32\midimap.dll handle: 000007FEF6470000 size: 20480 crc: CB902A13 date: 2009-07-14 01:41:23
 C:\Windows\system32\CLBCatQ.DLL handle: 000007FEFDC80000 size: 607744 crc: 939E35C9 date: 2009-07-14 01:40:15
 C:\Windows\system32\dwmapi.dll handle: 000007FEFB280000 size: 82432 crc: A459F360 date: 2009-07-14 01:40:34
 C:\Windows\system32\psapi.dll handle: 00000000774C0000 size: 9216 crc: 84B5E9BA date: 2009-07-14 01:41:53

---- gamelog start ----
Tick 0: new game started
Revision text changed to 1.5.0-beta2, savegame version 194, not modified, _openttd_newgrf_version = 0x15006a22
New game mode: 1 landscape: 0
Added NewGRF: GRF ID 50430301, checksum 019EC35F3327E5069E68A8AD990C1AAE, filename: british_town_names-2.1\brit_names.grf (md5sum matches)
Added NewGRF: GRF ID 4A53AA01, checksum E4C0F82E58963374BC14F7875C4AA59D, filename: nogridland-2010.10.14\nogridland.grf (md5sum matches)
Added NewGRF: GRF ID 54560103, checksum 381A11BC5B0F0489B410A0A3B4967844, filename: smooth_snow_transition.1.2\smoothsnoww.grf (md5sum matches)
Added NewGRF: GRF ID 554B524C, checksum 934F973D33A42EB858B80031F904F057, filename: uk_roads_with_signs-0.2\ukroadswsigns.grf (md5sum matches)
Added NewGRF: GRF ID 56430001, checksum 2AD089EE6B73F25D79F286AD43765914, filename: total_town_replacement_set-3.14\ttrs3w.grf (md5sum matches)
Added NewGRF: GRF ID 504E0001, checksum E7781323D2B0086E2E76342DAA036054, filename: uk_waypoints-1\ukwaypointsw.grf (md5sum matches)
Added NewGRF: GRF ID 41410107, checksum 4128D1A2D620EF69A9AFA08AA70B4AD9, filename: airport_asphalt_ttdur-1.0\airportasphaltw.grf (md5sum matches)
Added NewGRF: GRF ID 4E440107, checksum 3AF0DA02CA5186F821CD0247BC1A4DCA, filename: dock_with_containers_and_crane-1.0\docksw.grf (md5sum matches)
Added NewGRF: GRF ID 46520107, checksum FC0469A7B5D9267EED4CCAC17F56019E, filename: fontrenew_ttdur-1.0\fontreneww.grf (md5sum matches)
Added NewGRF: GRF ID 48500107, checksum BAD99A1801E507272CFE9D61474870B9, filename: heliport_ttdur-1.0\heliportw.grf (md5sum matches)
Added NewGRF: GRF ID 2D480107, checksum D12D0DF9F96AFFB4122E32D0C5D12D63, filename: main_hq_ttdur-1.0\mainhqw.grf (md5sum matches)
Added NewGRF: GRF ID 4E420107, checksum 5A19459F9A576B151331D981A6887AAD, filename: national_bank_ttdur-1.0\nationalbankw.grf (md5sum matches)
Added NewGRF: GRF ID 54520107, checksum E224CA3932045781F931DF19ADD75777, filename: transmitter_ttdur-1.0\transmitterw.grf (md5sum matches)
Tick 10056: settings changed
Setting changed: construction.max_tunnel_length : 64 -> 65
Tick 10056: settings changed
Setting changed: construction.max_tunnel_length : 65 -> 66
Tick 10056: settings changed
Setting changed: construction.max_tunnel_length : 66 -> 67
Tick 10056: settings changed
Setting changed: construction.max_tunnel_length : 67 -> 68
Tick 10056: settings changed
Setting changed: construction.max_tunnel_length : 68 -> 69
Tick 10056: settings changed
Setting changed: construction.max_tunnel_length : 69 -> 70
Tick 10056: settings changed
Setting changed: construction.max_tunnel_length : 70 -> 71
Tick 10056: settings changed
Setting changed: construction.max_tunnel_length : 71 -> 70
Tick 10056: settings changed
Setting changed: construction.max_tunnel_length : 70 -> 69
Tick 10056: settings changed
Setting changed: construction.max_tunnel_length : 69 -> 68
Tick 10056: settings changed
Setting changed: construction.max_tunnel_length : 68 -> 69
Tick 10056: settings changed
Setting changed: construction.max_tunnel_length : 69 -> 70
Tick 10056: settings changed
Setting changed: construction.max_tunnel_length : 70 -> 71
Tick 10056: settings changed
Setting changed: construction.max_tunnel_length : 71 -> 72
Tick 10056: settings changed
Setting changed: construction.max_tunnel_length : 72 -> 73
Tick 10056: settings changed
Setting changed: construction.max_tunnel_length : 73 -> 74
Tick 10056: settings changed
Setting changed: construction.max_tunnel_length : 74 -> 75
Tick 10056: settings changed
Setting changed: construction.max_tunnel_length : 75 -> 76
Tick 10056: settings changed
Setting changed: construction.max_tunnel_length : 76 -> 77
Tick 10056: settings changed
Setting changed: construction.max_tunnel_length : 77 -> 78
Tick 10056: settings changed
Setting changed: construction.max_tunnel_length : 78 -> 79
Tick 10056: settings changed
Setting changed: construction.max_tunnel_length : 79 -> 80
Tick 10056: settings changed
Setting changed: construction.max_tunnel_length : 80 -> 81
Tick 10056: settings changed
Setting changed: construction.max_tunnel_length : 81 -> 82
Tick 10056: settings changed
Setting changed: construction.max_tunnel_length : 82 -> 83
Tick 10056: settings changed
Setting changed: construction.max_tunnel_length : 83 -> 84
Tick 10056: settings changed
Setting changed: construction.max_tunnel_length : 84 -> 85
Tick 10056: settings changed
Setting changed: construction.max_tunnel_length : 85 -> 86
Tick 10056: settings changed
Setting changed: construction.max_tunnel_length : 86 -> 87
Tick 10056: settings changed
Setting changed: construction.max_tunnel_length : 87 -> 88
Tick 10056: settings changed
Setting changed: construction.max_tunnel_length : 88 -> 89
Tick 10056: settings changed
Setting changed: construction.max_tunnel_length : 89 -> 90
Tick 10056: settings changed
Setting changed: construction.max_tunnel_length : 90 -> 91
Tick 10056: settings changed
Setting changed: construction.max_tunnel_length : 91 -> 92
Tick 10056: settings changed
Setting changed: construction.max_tunnel_length : 92 -> 93
Tick 10056: settings changed
Setting changed: construction.max_tunnel_length : 93 -> 94
Tick 10056: settings changed
Setting changed: construction.max_tunnel_length : 94 -> 95
Tick 10056: settings changed
Setting changed: construction.max_tunnel_length : 95 -> 96
Tick 10056: settings changed
Setting changed: construction.max_tunnel_length : 96 -> 97
Tick 10056: settings changed
Setting changed: construction.max_tunnel_length : 97 -> 98
Tick 10056: settings changed
Setting changed: construction.max_tunnel_length : 98 -> 99
Tick 10056: settings changed
Setting changed: construction.max_tunnel_length : 99 -> 100
Tick 10056: settings changed
Setting changed: construction.max_tunnel_length : 100 -> 101
Tick 10056: settings changed
Setting changed: construction.max_tunnel_length : 101 -> 102
Tick 10056: settings changed
Setting changed: construction.max_tunnel_length : 102 -> 103
Tick 10056: settings changed
Setting changed: construction.max_tunnel_length : 103 -> 104
Tick 10056: settings changed
Setting changed: construction.max_tunnel_length : 104 -> 105
Tick 10056: settings changed
Setting changed: construction.max_tunnel_length : 105 -> 106
Tick 10056: settings changed
Setting changed: construction.max_tunnel_length : 106 -> 107
Tick 10056: settings changed
Setting changed: construction.max_tunnel_length : 107 -> 108
Tick 10056: settings changed
Setting changed: construction.max_tunnel_length : 108 -> 109
Tick 10056: settings changed
Setting changed: construction.max_tunnel_length : 109 -> 110
Tick 10056: settings changed
Setting changed: construction.max_tunnel_length : 110 -> 111
Tick 10056: settings changed
Setting changed: construction.max_tunnel_length : 111 -> 112
Tick 10056: settings changed
Setting changed: construction.max_tunnel_length : 112 -> 113
Tick 10056: settings changed
Setting changed: construction.max_tunnel_length : 113 -> 114
Tick 10056: settings changed
Setting changed: construction.max_tunnel_length : 114 -> 115
Tick 10056: settings changed
Setting changed: construction.max_tunnel_length : 115 -> 116
Tick 10056: settings changed
Setting changed: construction.max_tunnel_length : 116 -> 117
Tick 10056: settings changed
Setting changed: construction.max_tunnel_length : 117 -> 118
Tick 10056: settings changed
Setting changed: construction.max_tunnel_length : 118 -> 119
Tick 10056: settings changed
Setting changed: construction.max_tunnel_length : 119 -> 120
Tick 10056: settings changed
Setting changed: construction.max_tunnel_length : 120 -> 121
Tick 10056: settings changed
Setting changed: construction.max_tunnel_length : 121 -> 122
Tick 10056: settings changed
Setting changed: construction.max_tunnel_length : 122 -> 123
Tick 10056: settings changed
Setting changed: construction.max_tunnel_length : 123 -> 124
Tick 10056: settings changed
Setting changed: construction.max_tunnel_length : 124 -> 125
Tick 10056: settings changed
Setting changed: construction.max_tunnel_length : 125 -> 126
Tick 10056: settings changed
Setting changed: construction.max_tunnel_length : 126 -> 127
Tick 10056: settings changed
Setting changed: construction.max_tunnel_length : 127 -> 128
Tick 10056: settings changed
Setting changed: construction.max_tunnel_length : 128 -> 129
Tick 10056: settings changed
Setting changed: construction.max_tunnel_length : 129 -> 130
Tick 10056: settings changed
Setting changed: construction.max_tunnel_length : 130 -> 131
Tick 10056: settings changed
Setting changed: construction.max_tunnel_length : 131 -> 132
Tick 10056: settings changed
Setting changed: construction.max_tunnel_length : 132 -> 133
Tick 10056: settings changed
Setting changed: construction.max_tunnel_length : 133 -> 134
Tick 10056: settings changed
Setting changed: construction.max_tunnel_length : 134 -> 135
Tick 10056: settings changed
Setting changed: construction.max_tunnel_length : 135 -> 136
Tick 10056: settings changed
Setting changed: construction.max_tunnel_length : 136 -> 137
Tick 10056: settings changed
Setting changed: construction.max_tunnel_length : 137 -> 138
Tick 10056: settings changed
Setting changed: construction.max_tunnel_length : 138 -> 139
Tick 10056: settings changed
Setting changed: construction.max_tunnel_length : 139 -> 140
Tick 10056: settings changed
Setting changed: construction.max_tunnel_length : 140 -> 141
Tick 10056: settings changed
Setting changed: construction.max_tunnel_length : 141 -> 142
Tick 10056: settings changed
Setting changed: construction.max_tunnel_length : 142 -> 143
Tick 10056: settings changed
Setting changed: construction.max_tunnel_length : 143 -> 144
Tick 10056: settings changed
Setting changed: construction.max_tunnel_length : 144 -> 145
Tick 10056: settings changed
Setting changed: construction.max_tunnel_length : 145 -> 146
Tick 10056: settings changed
Setting changed: construction.max_tunnel_length : 146 -> 147
Tick 10056: settings changed
Setting changed: construction.max_tunnel_length : 147 -> 148
Tick 10056: settings changed
Setting changed: construction.max_tunnel_length : 148 -> 149
Tick 10056: settings changed
Setting changed: construction.max_tunnel_length : 149 -> 150
Tick 10056: settings changed
Setting changed: construction.max_tunnel_length : 150 -> 151
Tick 10056: settings changed
Setting changed: construction.max_tunnel_length : 151 -> 152
Tick 10056: settings changed
Setting changed: construction.max_tunnel_length : 152 -> 153
Tick 10056: settings changed
Setting changed: construction.max_tunnel_length : 153 -> 154
Tick 10056: settings changed
Setting changed: construction.max_tunnel_length : 154 -> 155
Tick 10056: settings changed
Setting changed: construction.max_tunnel_length : 155 -> 156
Tick 10056: settings changed
Setting changed: construction.max_tunnel_length : 156 -> 157
Tick 10056: settings changed
Setting changed: construction.max_tunnel_length : 157 -> 158
Tick 10056: settings changed
Setting changed: construction.max_tunnel_length : 158 -> 159
Tick 10056: settings changed
Setting changed: construction.max_tunnel_length : 159 -> 160
Tick 10056: settings changed
Setting changed: construction.max_tunnel_length : 160 -> 161
Tick 10056: settings changed
Setting changed: construction.max_tunnel_length : 161 -> 162
Tick 10056: settings changed
Setting changed: construction.max_tunnel_length : 162 -> 163
Tick 10056: settings changed
Setting changed: construction.max_tunnel_length : 163 -> 164
Tick 10056: settings changed
Setting changed: construction.max_tunnel_length : 164 -> 165
Tick 10056: settings changed
Setting changed: construction.max_tunnel_length : 165 -> 166
Tick 10056: settings changed
Setting changed: construction.max_tunnel_length : 166 -> 167
Tick 10056: settings changed
Setting changed: construction.max_tunnel_length : 167 -> 168
Tick 10056: settings changed
Setting changed: construction.max_tunnel_length : 168 -> 169
Tick 10056: settings changed
Setting changed: construction.max_tunnel_length : 169 -> 170
Tick 10056: settings changed
Setting changed: construction.max_tunnel_length : 170 -> 171
Tick 10056: settings changed
Setting changed: construction.max_tunnel_length : 171 -> 172
Tick 10056: settings changed
Setting changed: construction.max_tunnel_length : 172 -> 173
Tick 10056: settings changed
Setting changed: construction.max_tunnel_length : 173 -> 174
Tick 10056: settings changed
Setting changed: construction.max_tunnel_length : 174 -> 175
Tick 10056: settings changed
Setting changed: construction.max_tunnel_length : 175 -> 176
Tick 10056: settings changed
Setting changed: construction.max_tunnel_length : 176 -> 177
Tick 10056: settings changed
Setting changed: construction.max_tunnel_length : 177 -> 178
Tick 10056: settings changed
Setting changed: construction.max_tunnel_length : 178 -> 179
Tick 10056: settings changed
Setting changed: construction.max_tunnel_length : 179 -> 180
---- gamelog end ----

*** End of OpenTTD Crash Report ***

Decoded stack trace:
[00] openttd              0x000000013FBA9F02
[01] openttd              0x000000013FCF0C97
[02] openttd              0x000000013FCF2A79
[03] openttd              0x000000013FCF395E
[04] openttd              0x000000013FC0081E
[05] openttd              0x000000013FBD5F0D
[06] openttd              0x000000013FBD62FF
[07] openttd              0x000000013FE6E2F5
[08] openttd              0x000000013FBD3FBA
[09] openttd              0x000000013FE70975
[10] openttd              0x000000013FF5CD60
[11] kernel32             0x00000000771F59ED BaseThreadInitThunk + 13
[12] ntdll                0x000000007732C541 RtlUserThreadStart + 33

*** End of additional info ***
