*** OpenTTD Crash Report ***

Crash at: Sat Aug 13 22:56:48 2011
In game date: 2052-12-08 (66)

Crash reason:
 Exception: E1212012
 Location:  75B6D36F
 Message:   Assertion failed at line 125 of c:\buildslave\windows-win32\build\src\pathfinder/follow_track.hpp: ((TrackStatusToTrackdirBits(GetTileTrackStatus(m_old_tile, TT(), IsRoadTT() && m_veh != NULL ? RoadVehicle::From(m_veh)->compatible_roadtypes : 0)) & TrackdirToTrackdirBits(m_old_td)) != 0) || (IsTram() && GetSingleTramBit(m_old_tile) != INVALID_DIAGDIR)

OpenTTD version:
 Version:    1.1.2-RC2 (0)
 NewGRF ver: 112058b1
 Bits:       32
 Endian:     little
 Dedicated:  no
 Build date: Jul 30 2011 18:18:45

Registers:
 EAX: 0012DFDC EBX: 00000016 ECX: 00000000 EDX: 777570B4
 ESI: 00BCD19C EDI: 00000000 EBP: 0012E02C ESP: 0012DFDC
 EIP: 75B6D36F EFLAGS: 00200246

 Bytes at instruction pointer:
 C9 C2 10 00 89 45 C0 EB ED 90 90 90 90 90 FF 15 60 13 B6 75 33 C9 3D 24

Stack trace:
 E1212012 00000000 00000000 75B6D36F 00000000 00B8E630 00000010 00000000
 00000000 00000000 00000000 00000000 00000000 0012DE9C 0012DEAC 00000001
 77756054 7776A2AC 00000000 00000016 0012E08C 0056D99A E1212012 00000000
 00000000 00000000 00641AA1 00000016 8372EA89 0012E0A4 00000200 00000000
 0012E078 76D4EAA4 00000000 77756054 0056D98A 00000001 0012E04C 0012DBE0
 0012E318 00647080 83DA132D FFFFFFFE 0012E2A4 00641005 00000016 0042E9EA
 0012E2DC 00000200 65737341 6F697472 6166206E 64656C69 20746120 656E696C
 35323120 20666F20 625C3A63 646C6975 76616C73 69775C65 776F646E 69772D73
 5C32336E 6C697562 72735C64 61705C63 69666874 7265646E 6C6F662F 5F776F6C
 63617274 70682E6B 28203A70 61725428 74536B63 73757461 72546F54 646B6361
 69427269 47287374 69547465 7254656C 536B6361 75746174 5F6D2873 5F646C6F
 656C6974 5454202C 202C2928 6F527349 54546461 26202928 5F6D2026 20686576
 4E203D21 204C4C55 6F52203F 65566461 6C636968 463A3A65 286D6F72 65765F6D
 3E2D2968 706D6F63 62697461 725F656C 7464616F 73657079 30203A20 26202929
 61725420 69646B63 546F5472 6B636172 42726964 28737469 6C6F5F6D 64745F64
 21202929 2930203D 207C7C20 54734928 286D6172 26262029 74654720 676E6953
 7254656C 69426D61 5F6D2874 5F646C6F 656C6974 3D212029 564E4920 44494C41
 4149445F 52494447 00000029 00000000 01DD0000 0123002B 9C005BC7 05A75440
 00000001 77762FE7 00000002 00000008 05CDB400 05CDB400 05CDB3FB 00000000
 0023000E 01DD0000 01C209F0 0012E190 0012E1E0 004E1A3E 00000005 004E1A71
 0000AB96 0054A454 0054A56B 0000AB96 0054B91D 0054A418 00000005 0054B949
 0012E2DC 0000AB96 004C7788 0012E2DC 00000200 00000000 0012E2A4 0041F94F
 00000000 000000FF 0012E2C8 00433371 00B2BABC 0000007D 00B65840 00B65740
 06240028 00000000 00000009 0012E324 005599C5 06240028 0012E380 00000000

Operating system:
 Name:     Windows
 Release:  6.1.7601 (Service Pack 1)
 Compiler: MSVC 1600

Configuration:
 Blitter:      8bpp-optimized
 Graphics set: OpenGFX (672)
 Language:     C:\Program Files\OpenTTD\lang\english.lng
 Music driver: dmusic
 Music set:    OpenMSX (96)
 Network:      no
 Sound driver: win32
 Sound set:    OpenSFX (87)
 Video driver: win32

AI Configuration (local: 0):
  0: Human

Libraries:
 FreeType:   2.4.5
 ICU:        4.4.2
 LZMA:       5.0.3
 LZO:        2.05
 PNG:        1.5.4
 Zlib:       1.2.5

Module information:
 C:\Program Files\OpenTTD\openttd.exe handle: 00400000 size: 8206848 crc: 27ECA690 date: 2011-07-30 18:21:12
 C:\Windows\SYSTEM32\ntdll.dll handle: 77710000 size: 1288488 crc: 4AF5D7E5 date: 2010-11-20 12:24:36
 C:\Windows\system32\kernel32.dll handle: 76EA0000 size: 868352 crc: E7508B03 date: 2011-07-16 04:27:30
 C:\Windows\system32\KERNELBASE.dll handle: 75B60000 size: 290816 crc: F62261E5 date: 2011-07-16 04:27:30
 C:\Windows\system32\WINMM.dll handle: 739E0000 size: 194048 crc: 849223C7 date: 2010-11-20 12:21:36
 C:\Windows\system32\msvcrt.dll handle: 76F80000 size: 690688 crc: 554C94A4 date: 2009-07-14 01:15:50
 C:\Windows\system32\USER32.dll handle: 76CF0000 size: 811520 crc: A7CBE597 date: 2010-11-20 12:21:33
 C:\Windows\system32\GDI32.dll handle: 76A10000 size: 304640 crc: 7034A7D3 date: 2010-11-20 12:19:05
 C:\Windows\system32\LPK.dll handle: 778D0000 size: 26624 crc: 13E68B63 date: 2009-07-14 01:15:36
 C:\Windows\system32\USP10.dll handle: 75C40000 size: 626176 crc: A5ECB486 date: 2010-11-20 12:21:33
 C:\Windows\system32\WS2_32.dll handle: 75CE0000 size: 206848 crc: FD00A753 date: 2010-11-20 12:21:38
 C:\Windows\system32\RPCRT4.dll handle: 76C40000 size: 653312 crc: 859C9823 date: 2010-11-20 12:21:03
 C:\Windows\system32\NSI.dll handle: 778C0000 size: 8704 crc: 2ACE9671 date: 2009-07-14 01:16:11
 C:\Windows\system32\ADVAPI32.dll handle: 76970000 size: 640512 crc: 34D5363F date: 2010-11-20 12:18:02
 C:\Windows\SYSTEM32\sechost.dll handle: 76A60000 size: 92160 crc: B624B29A date: 2009-07-14 01:16:13
 C:\Windows\system32\SHELL32.dll handle: 75D20000 size: 12872192 crc: 23AAF5A3 date: 2010-11-20 12:21:19
 C:\Windows\system32\SHLWAPI.dll handle: 76DC0000 size: 350208 crc: 23E05F73 date: 2010-11-20 12:21:19
 C:\Windows\system32\IMM32.DLL handle: 77860000 size: 118272 crc: B45269DC date: 2010-11-20 12:19:22
 C:\Windows\system32\MSCTF.dll handle: 773D0000 size: 828928 crc: DFE09EEB date: 2009-07-14 01:15:43
 C:\Windows\system32\SHFolder.dll handle: 73D10000 size: 7168 crc: 683AAC32 date: 2009-07-14 01:16:14
 C:\Windows\system32\ole32.dll handle: 774A0000 size: 1414144 crc: 74A1E844 date: 2010-11-20 12:20:49
 C:\Windows\system32\MMDevAPI.DLL handle: 744A0000 size: 213504 crc: 93C0AA4F date: 2010-11-20 12:19:39
 C:\Windows\system32\PROPSYS.dll handle: 743A0000 size: 988160 crc: 888D0BCB date: 2010-11-20 12:20:57
 C:\Windows\system32\OLEAUT32.dll handle: 77030000 size: 571904 crc: E9FA5FF8 date: 2011-02-25 05:34:36
 C:\Windows\system32\wdmaud.drv handle: 73850000 size: 172032 crc: D5B9F5FA date: 2010-11-20 12:16:50
 C:\Windows\system32\ksuser.dll handle: 73840000 size: 4608 crc: EBE07232 date: 2009-07-14 01:15:35
 C:\Windows\system32\AVRT.dll handle: 745E0000 size: 14336 crc: 9818237B date: 2009-07-14 01:14:58
 C:\Windows\system32\SETUPAPI.dll handle: 770C0000 size: 1667584 crc: 1D0104E8 date: 2010-11-20 12:21:14
 C:\Windows\system32\CFGMGR32.dll handle: 759F0000 size: 145920 crc: 4DDC6E9A date: 2010-11-20 12:18:12
 C:\Windows\system32\DEVOBJ.dll handle: 75A20000 size: 64512 crc: 2B501D62 date: 2009-07-14 01:15:11
 C:\Windows\system32\AUDIOSES.DLL handle: 737D0000 size: 195584 crc: 0A7E52B1 date: 2010-11-20 12:18:05
 C:\Windows\system32\msacm32.drv handle: 73680000 size: 20992 crc: 73923147 date: 2009-07-14 01:14:08
 C:\Windows\system32\MSACM32.dll handle: 73660000 size: 72192 crc: ABA25814 date: 2009-07-14 01:15:42
 C:\Windows\system32\midimap.dll handle: 73650000 size: 16896 crc: C000494C date: 2009-07-14 01:15:40
 C:\Windows\system32\CRYPTBASE.dll handle: 75830000 size: 36864 crc: 00308E17 date: 2009-07-14 01:15:07
 C:\Windows\system32\CLBCatQ.DLL handle: 75BB0000 size: 522240 crc: 6C130B8A date: 2009-07-14 01:15:03
 C:\Windows\system32\uxtheme.dll handle: 74180000 size: 249856 crc: 1CD7BB78 date: 2009-07-14 01:16:17
 C:\Windows\system32\dwmapi.dll handle: 73E90000 size: 67072 crc: FC7CA4B8 date: 2009-07-14 01:15:13
 C:\Windows\System32\dmime.dll handle: 6B620000 size: 179712 crc: 179D7CFB date: 2009-07-14 01:15:12
 C:\Windows\System32\DSOUND.dll handle: 6D880000 size: 453632 crc: EC24F2F8 date: 2009-07-14 01:15:13
 C:\Windows\System32\POWRPROF.dll handle: 745F0000 size: 145408 crc: 9957ABF4 date: 2009-07-14 01:16:12
 C:\Windows\System32\dmusic.dll handle: 6B680000 size: 101376 crc: F5D0AA6B date: 2009-07-14 01:15:12
 C:\Windows\system32\WINTRUST.dll handle: 75930000 size: 172032 crc: B7CADF2A date: 2010-11-20 12:21:36
 C:\Windows\system32\CRYPT32.dll handle: 75A40000 size: 1154048 crc: 61BB81F2 date: 2010-11-20 12:18:24
 C:\Windows\system32\MSASN1.dll handle: 75920000 size: 34304 crc: BE7DA129 date: 2010-11-20 12:19:45
 C:\Windows\System32\dmsynth.dll handle: 6B660000 size: 105472 crc: 3B102040 date: 2009-07-14 01:15:12
 C:\Windows\System32\dmloader.dll handle: 72C30000 size: 38400 crc: 8A3F45D2 date: 2009-07-14 01:15:12
 C:\Windows\system32\mswsock.dll handle: 75320000 size: 232448 crc: 47C95B42 date: 2010-11-20 12:19:56
 C:\Windows\System32\wshtcpip.dll handle: 74A10000 size: 9216 crc: BA963A19 date: 2009-07-14 01:16:20
 C:\Windows\system32\Amhooker.dll handle: 10000000 size: 36864 crc: 499085DC date: 2007-02-10 19:51:38
 C:\Windows\system32\psapi.dll handle: 77850000 size: 6144 crc: 25B988F9 date: 2009-07-14 01:16:12

---- gamelog start ----
Tick 0: new game started
     Revision text changed to 1.1.0-beta2, savegame version 155, not modified, _openttd_newgrf_version = 0x110054b0
     New game mode: 1 landscape: 2
     Added NewGRF: GRF ID 4A430002, checksum 586499B6B66A461D0CB653B46FCB1433, filename: industrial_stations_renewal.0.8.0\indstatrw.grf (matches GRFID only)
     Added NewGRF: GRF ID 414C0101, checksum 8868C6AA5191153F4255C129C9472043, filename: stations_name_from_nearby_indus-1.2.4\station_name.grf (md5sum matches)
     Added NewGRF: GRF ID 46727806, checksum 09E95562B1894A4D55D5532C6A889621, filename: opengfx_trees-0.2.2\opengfx+trees.grf (md5sum matches)
     Added NewGRF: GRF ID 52571201, checksum C1C7D8C53EB7E74EEE2F0EF29638B466, filename: egrvts.1.0\egrvts.grf (md5sum matches)
Tick 46953: game loaded
     Revision text changed to 1.1.0-beta3, savegame version 156, not modified, _openttd_newgrf_version = 0x110054f5
Tick 41740: game loaded
     Revision text changed to 1.1.2-RC2, savegame version 160, not modified, _openttd_newgrf_version = 0x112058b1
     Compatible NewGRF loaded: GRF ID 4A430002, checksum 0728ADCB4DF2F1EB9247ABD449296F4E, filename: industrial_stations_renewal.0.8.0\indstatrw.grf (md5sum matches)
---- gamelog end ----

*** End of OpenTTD Crash Report ***

Decoded stack trace:
[00] KERNELBASE           0x75B6D36F RaiseException + 84
[01] openttd              0x0056D99A
[02] openttd              0x00641005
[03] openttd              0x00433371
[04] openttd              0x005599C5
[05] openttd              0x00557C05
[06] openttd              0x00556388
[07] openttd              0x0055609D
[08] openttd              0x004D57CD
[09] openttd              0x004D707A
[10] openttd              0x004D7618
[11] openttd              0x00445518
[12] openttd              0x00430D5B
[13] openttd              0x00430FDB

*** End of additional info ***
