*** OpenTTD Crash Report ***

Crash at: Tue Feb 18 14:08:36 2014
In game date: 0-01-01 (0)

Crash reason:
 Exception: E1212012
 Location:  000007FEFCCA940D
 Message:   NOT_REACHED triggered at line 136 of ..\src\thread\thread_win32.cpp

OpenTTD version:
 Version:    r26352 (0)
 NewGRF ver: 140066f0
 Bits:       64
 Endian:     little
 Dedicated:  no
 Build date: Feb 17 2014 19:19:07

Registers:
 RAX: 0000000077A2203C RBX: 0000000000000016 RCX: 00000000002EE5A0 RDX: 0000000000000000
 RSI: 0000000000000000 RDI: 0000000000000008 RBP: 0000000000000000 RSP: 00000000002EEBB0
 R8:  0000000000000000 R9:  0000000000000000 R10: 0000000000000000 R11: 0000000000000286
 R12: 000000014071FBF0 R13: 000000013FCEBF14 R14: 0000000000000001 R15: 0000005400000000
 RIP: 000007FEFCCA940D EFLAGS: 00000206

 Bytes at instruction pointer:
 48 81 C4 C8 00 00 00 C3 90 90 90 90 90 90 90 90 90 90 90 48 8B C4 48 83

Stack trace:
 00000016 00000000 00000000 00000000 00000008 00000000 01D90470 00000000
 E1212012 00000000 00000000 00000000 FCCA940D 000007FE 00000000 00000000
 40C338A0 00000001 76C0146B 00000000 FD9C976C 000007FE 014C0474 00000000
 00000010 00000000 4068D288 00000001 00000050 00000000 014C0474 00000000
 00000000 00000000 76DE3C2A 00000000 4068D288 00000001 00000010 00000000
 00000000 00000000 00000000 00000000 00000000 00000000 00000000 00000000
 00000001 00000000 3FDD7949 00000001 00000016 00000000 292EDEE1 00000000
 00000001 00000000 76DD9CAA 00000000 00000000 00000000 00000000 00000054
 00000001 00000000 00000000 00000000 01627D70 00000000 01627D8E 00000000
 00000000 00000000 3FDD6D00 00000001 00000001 00000000 02221280 00000000
 01627D70 00000000 FFFFFFFF 00000000 02221280 00000000 3FA5D51B 00000001
 02221280 00000000 00000000 00000000 01627D70 00000000 000001F0 00000000
 5F544F4E 43414552 20444548 67697274 65726567 74612064 6E696C20 33312065
 666F2036 5C2E2E20 5C637273 65726874 745C6461 61657268 69775F64 2E32336E
 00707063 00000000 01EB0000 00000000 000002C8 00000000 000002C8 00000000
 01EB0548 00000000 76E034D8 00000000 01EB0000 00000000 0000000A 00000000
 000002C8 00000000 000002D0 00000000 01EB0548 00000000 002EEEB0 00000000
 00000000 00000000 00000030 00000000 00260036 00000081 01D90470 00000000
 00000000 00000178 00000030 00000000 00AE0014 0000000D 00438700 00000000
 002EEE78 00000000 01D90274 00000000 01D90560 00000000 00000001 00000001
 76EC5430 00000000 00000000 00000000 02192F40 00000000 3FA9B8E6 00000001
 76EC5430 00000000 00000000 00000000 00000020 00000000 01EB0000 00000000
 FD9C96EC 000007FE 00000000 00000000 00000001 00000000 00000000 00000000
 00000000 00000000 00000000 00000000 02265A20 00000000 3FCED274 00000001

Operating system:
 Name:     Windows
 Release:  6.1.7601 (Service Pack 1)
 Compiler: MSVC 1600

Configuration:
 Blitter:      8bpp-optimized
 Graphics set: none (4294967295)
 Language:     C:\Users\Taede\Downloads\openttd-trunk-r26352-windows-win64\lang\english.lng
 Music driver: none
 Music set:    none (4294967295)
 Network:      no
 Sound driver: none
 Sound set:    none (4294967295)
 Video driver: win32

Fonts:
 Small:  Arial
 Medium: Arial
 Large:  Arial
 Mono:   sprite

AI Configuration (local: 0):

Libraries:
 FreeType:   2.4.11
 ICU:        51.2
 LZMA:       5.0.4
 LZO:        2.06
 PNG:        1.5.14
 Zlib:       1.2.7

Module information:
 C:\Users\Taede\Downloads\openttd-trunk-r26352-windows-win64\openttd.exe handle: 000000013FA00000 size: 14075904 crc: AC713EEF date: 2014-02-17 19:24:12
 C:\Windows\SYSTEM32\ntdll.dll handle: 0000000076DB0000 size: 1732032 crc: 5BF564D3 date: 2013-08-29 02:16:35
 C:\Windows\system32\kernel32.dll handle: 0000000076C90000 size: 1161216 crc: ED45D5AA date: 2013-08-02 02:13:34
 C:\Windows\system32\KERNELBASE.dll handle: 000007FEFCCA0000 size: 424448 crc: 816D1584 date: 2013-08-02 02:13:34
 C:\Windows\system32\WINMM.dll handle: 000007FEF9C60000 size: 217600 crc: 7BC1529F date: 2009-07-14 01:41:56
 C:\Windows\system32\msvcrt.dll handle: 000007FEFD8A0000 size: 634880 crc: 9D1B448A date: 2011-12-16 08:46:06
 C:\Windows\system32\USER32.dll handle: 0000000076B90000 size: 1008128 crc: 70FF7D7F date: 2010-11-20 13:27:27
 C:\Windows\system32\GDI32.dll handle: 000007FEFD480000 size: 404480 crc: DCBD7E30 date: 2013-10-03 02:23:48
 C:\Windows\system32\LPK.dll handle: 000007FEFD650000 size: 41472 crc: EE04F660 date: 2013-06-06 05:50:51
 C:\Windows\system32\USP10.dll handle: 000007FEFDC70000 size: 800768 crc: ED52987B date: 2012-11-22 05:44:23
 C:\Windows\system32\WS2_32.dll handle: 000007FEFDD40000 size: 297984 crc: 0F68689B date: 2010-11-20 13:27:29
 C:\Windows\system32\RPCRT4.dll handle: 000007FEFCF90000 size: 1217024 crc: 91581142 date: 2013-07-09 05:51:16
 C:\Windows\system32\NSI.dll handle: 000007FEFDDF0000 size: 13824 crc: 53B46F6C date: 2009-07-14 01:41:53
 C:\Windows\system32\IMM32.dll handle: 000007FEFED70000 size: 167424 crc: 41B2805A date: 2009-07-14 01:41:09
 C:\Windows\system32\MSCTF.dll handle: 000007FEFD0C0000 size: 1067008 crc: 798DDDA0 date: 2009-07-14 01:41:28
 C:\Windows\system32\ADVAPI32.dll handle: 000007FEFDB70000 size: 878080 crc: D0A62838 date: 2013-08-29 02:13:28
 C:\Windows\SYSTEM32\sechost.dll handle: 000007FEFDC50000 size: 113664 crc: 978CFAE5 date: 2009-07-14 01:41:53
 C:\Windows\system32\SHELL32.dll handle: 000007FEFDFE0000 size: 14172672 crc: 1287D1E7 date: 2013-07-26 02:24:57
 C:\Windows\system32\SHLWAPI.dll handle: 000007FEFF040000 size: 448512 crc: 086DF743 date: 2010-11-20 13:27:25
 C:\Windows\system32\ole32.dll handle: 000007FEFD960000 size: 2086912 crc: 72F91CD0 date: 2010-11-20 13:27:23
 C:\Windows\system32\uxtheme.dll handle: 000007FEFB290000 size: 332288 crc: B0A13DF9 date: 2009-07-14 01:41:56
 C:\Program Files\Logitech\SetPoint\lgscroll.dll handle: 0000000010100000 size: 56848 crc: EE6FDA68 date: 2009-07-20 19:37:10
 C:\Windows\WinSxS\amd64_microsoft.vc80.crt_1fc8b3b9a1e18e3b_8.0.50727.6195_none_88e41e092fab0294\MSVCR80.dll handle: 0000000073CC0000 size: 802640 crc: 5D9AD12D date: 2012-10-27 23:35:18
 C:\Windows\system32\ntmarta.dll handle: 000007FEFA750000 size: 162304 crc: 5344798C date: 2009-07-14 01:41:53
 C:\Windows\system32\WLDAP32.dll handle: 000007FEFDD90000 size: 312832 crc: 38AE3CF8 date: 2010-11-20 13:27:28
 C:\Windows\system32\dwmapi.dll handle: 000007FEFAD40000 size: 82432 crc: A459F360 date: 2009-07-14 01:40:34
 C:\Windows\system32\CRYPTBASE.dll handle: 000007FEFCA90000 size: 44032 crc: F547C16E date: 2009-07-14 01:40:24
 C:\Program Files (x86)\Avira\AntiVir Desktop\avsda64.dll handle: 000007FEFBD40000 size: 231496 crc: 0A4CD6BC date: 2013-11-14 15:08:36
 C:\Windows\system32\IPHLPAPI.DLL handle: 000007FEFBD10000 size: 145920 crc: 000D9F17 date: 2010-11-20 13:26:39
 C:\Windows\system32\WINNSI.DLL handle: 000007FEFBD00000 size: 26112 crc: 744B2434 date: 2009-07-14 01:41:56
 C:\Windows\system32\mswsock.dll handle: 000007FEFC3D0000 size: 327168 crc: 2C87855E date: 2013-09-08 02:27:14
 C:\Windows\System32\wshtcpip.dll handle: 000007FEFBCE0000 size: 13312 crc: 5D1E2C55 date: 2009-07-14 01:41:58
 C:\Windows\system32\psapi.dll handle: 0000000076F70000 size: 9216 crc: 84B5E9BA date: 2009-07-14 01:41:53

---- gamelog start ----
---- gamelog end ----

*** End of OpenTTD Crash Report ***

Decoded stack trace:
[00] KERNELBASE           0x000007FEFCCA940D RaiseException + 61
[01] openttd              0x000000013FDD7949
[02] openttd              0x000000013FDD6D00
[03] openttd              0x000000013FA5D51B
[04] openttd              0x000000013FCED436
[05] openttd              0x000000013FCED487
[06] openttd              0x000000013FCEA4B4
[07] openttd              0x000000013FAA7237
[08] openttd              0x000000013FA5F3DD
[09] openttd              0x000000013FCECD3B
[10] openttd              0x000000013FDD93C4
[11] kernel32             0x0000000076CA652D BaseThreadInitThunk + 13
[12] ntdll                0x0000000076DDC541 RtlUserThreadStart + 33

*** End of additional info ***
