*** OpenTTD Crash Report ***
Date: 2010-01-11 10:30:54
Build: 0.7.5 (0) built on Dec 23 2009 20:15:57
Language: german.lng
Exception C0000005 at 00438C42
Registers:
 EAX: 00D1D390 EBX: 0000FFFE ECX: 00000000 EDX: 00000000
 ESI: 01BB8624 EDI: 01BB8624 EBP: 0012F9F8 ESP: 0012F9D0
 EIP: 00438C42 EFLAGS: 00010206

Bytes at CS:EIP:
 0F B7 49 04 0F B6 77 08 C1 E1 05 0B CE 0F B6 B7 96 00 00 00 C1 E1 0B 0B

Stack trace: 
 01BB8624 00483707 00000000 01BB8624 00436C3F 00000000 00000000 01BB8624
 01BB8624 01BB8624 0012FA14 00401A18 01BB8624 01BB8624 0012FFB0 0059F800
 00000000 0012FA90 00401A92 01BB8624 0049EC80 00000001 00000000 0012FB18
 00000000 00B8BBB4 01BB8624 0012FB08 00000001 01BB8624 00000000 00475C3A
 00000001 FFECD5C6 FFFFFFFF 0001FFFF 00000001 00000000 00000000 0049E07A
 00000001 FFF66AE3 FFFFFFFF 0001FFFF 00000001 FFECD5C6 FFFFFFFF 0001FFFF
 0012FB2C 00476F64 00000001 000002DF 00000000 00000000 BC2DEA8C 0012FB78
 0012FC18 01B8BBB4 01B8BBB4 01BB8624 0000000B 00CD9008 00000080 00D0FFE8
 0000000B 0049E8C5 01B2D918 00000000 000002DF 00CD9008 00000001 FFFFCED6
 FFFFFFFF 0001FFFF 00000001 0012F911 00000000 0001FFFF 00000000 00000000
 0012FB3C 0040509C 000000FF 00000000 00000000 0001FFFF 00000001 0012FBA8
 004775D9 0012FB48 0012FB6C 00000000 00000000 0012FB6A 00000001 0012F911
 00000000 0001FFFF 00000000 01B8BBB4 00000001 00000000 000000FF 01B8BBB4
 01B789C4 00000000 00000001 00000000 00000000 0201FFFF 00000001 125D3F92
 5C7A8F26 01D24921 0045030C 004781C2 00000000 01B8BBB4 0012FC28 00437001
 00000001 000000E3 00000000 00000000 003F7637 003F7637 00000000 02454860
 000000E3 0047739B 00CBAE58 00000010 0000031A 000001E8 0060E600 0000F9F8
 0012FC10 0000F7FA 00000001 004ABE18 00000000 00000001 00000001 0012F911
 00000000 0001FFFF 0000F8F9 0012FC50 0000000F 003F7637 0012FC50 00429EFF
 003F7637 003F7637 0012FC50 00000000 003F7637 00000000 00000000 00420AE1
 0012FC64 0042A142 003F7637 00000000 0012FC4C 00000000 0051CFA1 0067CD94
 00CBBD20 0012FD14 00000000 0012FC68 003F7637 003F7655 00000000 00000000
 00050116 0000000F 00000000 00000000 003F7637 0000046F 000001FE 004295C7
 0012FD2C 00000001 00000001 01000001 00CBBD10 00000000 00000000 00000000

Module information:
 D:\(==)G A M E S(==)\OpenTTD\openttd.exe handle: 00400000 size: 2541056 crc: D6AD0E94 date: 2009-12-23 20:19:10
 C:\WINDOWS\system32\ntdll.dll handle: 7C910000 size: 740352 crc: DF9DFAC6 date: 2009-02-09 10:51:43
 C:\WINDOWS\system32\kernel32.dll handle: 7C800000 size: 1063424 crc: ECE9D84A date: 2009-03-21 14:06:58
 C:\WINDOWS\system32\WINMM.dll handle: 76AF0000 size: 178176 crc: E266DD96 date: 2008-04-14 06:52:34
 C:\WINDOWS\system32\ADVAPI32.dll handle: 77DA0000 size: 678400 crc: 3DC76BEF date: 2009-02-09 10:51:44
 C:\WINDOWS\system32\RPCRT4.dll handle: 77E50000 size: 585216 crc: 0FAB43E2 date: 2009-04-15 14:51:29
 C:\WINDOWS\system32\Secur32.dll handle: 77FC0000 size: 56832 crc: 779A7E7A date: 2009-06-25 08:25:23
 C:\WINDOWS\system32\GDI32.dll handle: 77EF0000 size: 286720 crc: 62E5D8E7 date: 2008-10-23 12:36:55
 C:\WINDOWS\system32\USER32.dll handle: 7E360000 size: 580096 crc: 89D3E1AE date: 2008-04-14 06:52:32
 C:\WINDOWS\system32\WS2_32.dll handle: 71A10000 size: 82432 crc: E04F0DBC date: 2008-04-14 06:52:34
 C:\WINDOWS\system32\msvcrt.dll handle: 77BE0000 size: 343040 crc: 88E736C3 date: 2008-04-14 06:52:20
 C:\WINDOWS\system32\WS2HELP.dll handle: 71A00000 size: 19968 crc: 495F6FD3 date: 2008-04-14 06:52:34
 C:\WINDOWS\system32\SHELL32.dll handle: 7E670000 size: 8502272 crc: 7A6DE62C date: 2008-06-17 19:00:59
 C:\WINDOWS\system32\SHLWAPI.dll handle: 77F40000 size: 474624 crc: F8F36120 date: 2008-04-14 06:52:26
 C:\WINDOWS\WinSxS\x86_Microsoft.Windows.Common-Controls_6595b64144ccf1df_6.0.2600.5512_x-ww_35d4ce83\comctl32.dll handle: 773A0000 size: 1054208 crc: FD52368A date: 2008-04-14 06:50:12
 C:\WINDOWS\system32\comctl32.dll handle: 5D450000 size: 617472 crc: ACCB0A1D date: 2008-04-14 06:52:10
 C:\WINDOWS\system32\SHFolder.dll handle: 76730000 size: 25088 crc: 2A9ECCE3 date: 2008-04-14 06:52:26
 C:\WINDOWS\system32\wdmaud.drv handle: 72C90000 size: 23552 crc: AA8C6F26 date: 2008-04-14 06:53:10
 C:\WINDOWS\system32\WINTRUST.dll handle: 76BF0000 size: 176640 crc: D6727A9A date: 2008-04-14 06:52:34
 C:\WINDOWS\system32\CRYPT32.dll handle: 77A50000 size: 604160 crc: 02332DFE date: 2008-04-14 06:52:10
 C:\WINDOWS\system32\MSASN1.dll handle: 77AF0000 size: 58880 crc: F4E0209C date: 2009-09-04 21:03:28
 C:\WINDOWS\system32\IMAGEHLP.dll handle: 76C50000 size: 144384 crc: 5CC92799 date: 2008-04-14 06:52:14
 C:\WINDOWS\system32\msacm32.drv handle: 72C80000 size: 20992 crc: E6F1E346 date: 2001-08-18 11:55:14
 C:\WINDOWS\system32\MSACM32.dll handle: 77BB0000 size: 72192 crc: F5983F18 date: 2008-04-14 06:52:16
 C:\WINDOWS\system32\midimap.dll handle: 77BA0000 size: 18944 crc: 6E74A717 date: 2008-04-14 06:52:16
 C:\WINDOWS\system32\ole32.dll handle: 774B0000 size: 1287680 crc: B2FE9A6A date: 2008-04-14 06:52:24
 C:\WINDOWS\system32\uxtheme.dll handle: 5B0F0000 size: 219136 crc: 1C43D322 date: 2008-04-14 06:52:32
 C:\WINDOWS\system32\MSCTF.dll handle: 746A0000 size: 297984 crc: 42CB9401 date: 2008-04-14 06:52:18
 C:\Programme\Logitech\SetPoint\GameHook.dll handle: 10D00000 size: 57344 crc: 4454049A date: 2007-01-30 00:46:56
 C:\Programme\Logitech\SetPoint\lgscroll.dll handle: 10100000 size: 44544 crc: 08D71EC8 date: 2007-01-30 00:47:46
 C:\WINDOWS\WinSxS\x86_Microsoft.VC80.CRT_1fc8b3b9a1e18e3b_8.0.50727.4053_x-ww_e6967989\MSVCR80.dll handle: 78130000 size: 632656 crc: F4376274 date: 2009-07-12 00:12:06
 C:\WINDOWS\WinSxS\x86_Microsoft.VC80.CRT_1fc8b3b9a1e18e3b_8.0.50727.4053_x-ww_e6967989\MSVCP80.dll handle: 7C420000 size: 554832 crc: 4EA826D3 date: 2009-07-12 00:09:20
 C:\WINDOWS\system32\NTMARTA.DLL handle: 77660000 size: 119296 crc: FB9A9568 date: 2008-04-14 06:52:22
 C:\WINDOWS\system32\SAMLIB.dll handle: 71B70000 size: 64000 crc: 7316802A date: 2008-04-14 06:52:24
 C:\WINDOWS\system32\WLDAP32.dll handle: 76F20000 size: 173056 crc: C7D8F037 date: 2008-04-14 06:52:34
 C:\WINDOWS\system32\CLBCATQ.DLL handle: 76F90000 size: 498688 crc: 423AB384 date: 2008-04-14 06:52:08
 C:\WINDOWS\system32\COMRes.dll handle: 77010000 size: 846848 crc: E513A9A0 date: 2008-04-14 06:52:10
 C:\WINDOWS\system32\OLEAUT32.dll handle: 770F0000 size: 551936 crc: 9BD88917 date: 2008-04-14 06:52:24
 C:\WINDOWS\system32\VERSION.dll handle: 77BD0000 size: 18944 crc: 5D52A980 date: 2008-04-14 06:52:32
 C:\WINDOWS\system32\dmime.dll handle: 5C900000 size: 181248 crc: D19C00C9 date: 2008-04-14 06:52:10
 C:\WINDOWS\system32\DSOUND.dll handle: 73E70000 size: 367616 crc: E4D652D0 date: 2008-04-14 06:52:10
 C:\WINDOWS\system32\dmusic.dll handle: 6CE60000 size: 104448 crc: 5016B6A2 date: 2008-04-14 06:52:10
 C:\WINDOWS\system32\KsUser.dll handle: 73E40000 size: 4096 crc: 80E8F1DA date: 2008-04-14 06:52:14
 C:\WINDOWS\system32\dmsynth.dll handle: 6CE80000 size: 103424 crc: 089F2F8F date: 2008-04-14 06:52:10
 C:\WINDOWS\system32\dmloader.dll handle: 6CEF0000 size: 35840 crc: 10E5FAB8 date: 2008-04-14 06:52:10
 C:\WINDOWS\system32\mswsock.dll handle: 719B0000 size: 247296 crc: 1323EFAD date: 2008-06-20 17:46:10
 C:\WINDOWS\system32\hnetcfg.dll handle: 66710000 size: 348672 crc: 1EE21C3A date: 2008-04-14 06:52:12
 C:\WINDOWS\System32\wshtcpip.dll handle: 719F0000 size: 19456 crc: 26C346BD date: 2008-04-14 06:52:34
 C:\WINDOWS\system32\dmstyle.dll handle: 6CEA0000 size: 105984 crc: 66ECB595 date: 2008-04-14 06:52:10
 C:\WINDOWS\system32\dmband.dll handle: 6D0A0000 size: 28672 crc: 7A4F5BDC date: 2008-04-14 06:52:10
 C:\WINDOWS\system32\psapi.dll handle: 76BB0000 size: 23040 crc: 38CB6558 date: 2008-04-14 06:52:24

System information:
 Windows version 5.1 2600 Service Pack 3

---- gamelog start ----
Tick 12482: game loaded
     Conversion from OTTD savegame without gamelog: version 92, 0
     Revision text changed to 0.7.5, savegame version 116, not modified, _openttd_newgrf_version = 0x075848bb
     New game mode: 1 landscape: 0
     Added NewGRF: GRF ID 45520400, checksum 1D00426064137AA49B6FC4F4BCFF173F
     Added NewGRF: GRF ID 54570604, checksum 45A1DE357DB4EAEBE8428643A751F1CA
     Added NewGRF: GRF ID 4E440107, checksum 1BB611005FFB5AB6BCEA9C0B1AF77941
     Added NewGRF: GRF ID 4A430000, checksum A8B0E3328517AF70653FBDF7CDAFE005
     Added NewGRF: GRF ID 4D656F03, checksum 70CB3C14984E1B028923C514DA7E48BD
     Added NewGRF: GRF ID 4D656F02, checksum 3516E43FFF17490EB1BEE9D5FE9C91D0
     Added NewGRF: GRF ID 4D656F00, checksum D37944C84C91B65941ED2EB7AC2AB30F
     Added NewGRF: GRF ID 45520500, checksum 7E30CA79D5A8B3A6CBE873E26096D7D2
     Added NewGRF: GRF ID 44470000, checksum 840B1A2DDDE83A56C3F65C601C8C4C6F
     Added NewGRF: GRF ID 4E530107, checksum 2C7C69E0C385722EC2C89520CC0F3DE8
     Added NewGRF: GRF ID 41410107, checksum 4128D1A2D620EF69A9AFA08AA70B4AD9
     Added NewGRF: GRF ID 535A0501, checksum 44B7893026BB8599A79DFAB05C3149AB
     Added NewGRF: GRF ID 6D620601, checksum 44EB2F155862E4D4F0AB671D7021AF54
     Added NewGRF: GRF ID 444D0301, checksum 668DE436AD3F191812A49614215DD4F0
     Added NewGRF: GRF ID 45520600, checksum 346457CB4632554B6A175785236883E4
     Added NewGRF: GRF ID 504E0001, checksum E7781323D2B0086E2E76342DAA036054
     Added NewGRF: GRF ID 444D0300, checksum 16EC19125B98EA7CA9D9CEF5479BD627
Tick 32209: game loaded
     Removed NewGRF: 45520400
     Removed NewGRF: 54570604
     Removed NewGRF: 4E440107
     Removed NewGRF: 4A430000
     Removed NewGRF: 4D656F03
     Removed NewGRF: 4D656F02
     Removed NewGRF: 4D656F00
     Removed NewGRF: 45520500
     Removed NewGRF: 44470000
     Removed NewGRF: 4E530107
     Removed NewGRF: 41410107
     Removed NewGRF: 535A0501
     Removed NewGRF: 6D620601
     Removed NewGRF: 444D0301
     Removed NewGRF: 45520600
     Removed NewGRF: 504E0001
     Removed NewGRF: 444D0300
Tick 32209: GRF config changed
     Added NewGRF: GRF ID 19060801, checksum 6CFC6328D999C140851BFE6514BA277A, filename: bigger_depots.0.3\bigdepot.grf
     Added NewGRF: GRF ID 504E0002, checksum 6E6944E09CE6C3AC130DF72C542EE4B1, filename: generic_buffers.0.1\buffers.grf
     Added NewGRF: GRF ID 41501201, checksum 4D8604EE336EB60F31A16462804ECE07, filename: heqs__heavy_equipment_set_.0.5c\heqs.grf
---- gamelog end ----
