*** OpenTTD Crash Report ***

Crash at: Thu Oct 29 22:37:23 2009

Crash reason:
 Signal:  Aborted (6)
 Message: NOT_REACHED triggered at line 935 of /home/chu/projects/ttd/src/vehicle_gui.cpp

OpenTTD version:
 Version:    r17902M (2)
 NewGRF ver: 080045ee
 Bits:       32
 Endian:     little
 Dedicated:  no
 Build date: Oct 29 2009 23:21:11

Stacktrace:
 [00] ./openttd(_ZNK12CrashLogUnix13LogStacktraceEPcPKc+0x43) [0x8252ac3]
 [01] ./openttd(_ZNK8CrashLog12FillCrashLogEPcPKc+0xaf) [0x8194b5f]
 [02] ./openttd(_ZNK8CrashLog12MakeCrashLogEv+0x9c) [0x8194c6c]
 [03] ./openttd(_Z11HandleCrashi+0x78) [0x8252a18]
 [04] [0x32c400]
 [05] [0x32c416]
 [06] /lib/libc.so.6(gsignal+0x50) [0x3f7450]
 [07] /lib/libc.so.6(abort+0x188) [0x3f8e18]
 [08] ./openttd(_Z13StateGameLoopv+0) [0x8243990]
 [09] ./openttd(_ZNK17VehicleListWindow19SetStringParametersEi+0x16e) [0x831e67e]
 [10] ./openttd(_ZN11NWidgetLeaf17SetupSmallestSizeEP6Windowb+0x26b) [0x8338ffb]
 [11] ./openttd(_ZN17NWidgetHorizontal17SetupSmallestSizeEP6Windowb+0x5c) [0x833989c]
 [12] ./openttd(_ZN15NWidgetVertical17SetupSmallestSizeEP6Windowb+0x5c) [0x833972c]
 [13] ./openttd(_ZN6Window14InitializeDataE11WindowClassPK6Widgeti+0x2d5) [0x8340dc5]
 [14] ./openttd(_ZN6Window16FinishInitNestedEPK10WindowDesci+0x36) [0x8340ed6]
 [15] ./openttd(_Z23AllocateWindowDescFrontI17VehicleListWindowEPT_PK10WindowDesci+0x15d) [0x831ed6d]
 [16] ./openttd [0x831cb83]
 [17] ./openttd(_ZN12OrdersWindow7OnClickE5Pointi+0xe6) [0x824f276]
 [18] ./openttd [0x8342223]
 [19] ./openttd(_Z9MouseLoop10MouseClicki+0x1306) [0x8343a16]
 [20] ./openttd(_Z17HandleMouseEventsv+0x5d) [0x8343acd]
 [21] ./openttd(_ZN15VideoDriver_SDL8MainLoopEv+0x28d) [0x8323c8d]
 [22] ./openttd(_Z8ttd_mainiPPc+0xdec) [0x824576c]
 [23] ./openttd(main+0x57) [0x8252d47]
 [24] /lib/libc.so.6(__libc_start_main+0xe5) [0x3e26d5]
 [25] ./openttd [0x80c9601]

Operating system:
 Name:    Linux
 Release: 2.6.27.21-170.2.56.fc10.i686
 Version: #1 SMP Mon Mar 23 23:37:54 EDT 2009
 Machine: i686

Configuration:
 Blitter:      8bpp-optimized
 Graphics set: original_windows
 Language:     german.lng
 Music driver: extmidi
 Sound driver: sdl
 Sound set:    original_windows
 Video driver: sdl

AI Configuration:
  0: Human

Libraries:
 FontConfig: 2.6.0
 FreeType:   2.3.7
 PNG:        1.2.31
 SDL:        1.2.13

---- gamelog start ----
Tick 0: new game started
     Revision text changed to r14536M, savegame version 102, modified, _openttd_newgrf_version = 0x070038c8
     New game mode: 1 landscape: 0
     Added NewGRF: GRF ID 6D620900, checksum 923A716E2E8F22D61659B94C003C7CD5, filename: riversw.grf
     Added NewGRF: GRF ID 52571201, checksum C1C7D8C53EB7E74EEE2F0EF29638B466, filename: egrvts.grf
     Added NewGRF: GRF ID 659E5728, checksum FED34CAF200387A091F5E59911060746, filename: newshipsmod2.grf
Tick 28443: game loaded
     Revision text changed to r14546M, savegame version 102, modified, _openttd_newgrf_version = 0x070038d2
Tick 51692: game loaded
     Revision text changed to r14578M, savegame version 102, modified, _openttd_newgrf_version = 0x070038f2
Tick 38568: game loaded
     Revision text changed to r14639M, savegame version 103, modified, _openttd_newgrf_version = 0x0700392f
Tick 21180: game loaded
     Revision text changed to r15235M, savegame version 111, modified, _openttd_newgrf_version = 0x07003b83
Tick 46749: game loaded
     Revision text changed to r15510M, savegame version 113, modified, _openttd_newgrf_version = 0x07003c96
Tick 49433: game loaded
     Revision text changed to r15568M, savegame version 113, modified, _openttd_newgrf_version = 0x07003cd0
Tick 11085: game loaded
     Revision text changed to r15763M, savegame version 115, modified, _openttd_newgrf_version = 0x08003d93
Tick 13559: game loaded
     Revision text changed to r16263M, savegame version 119, modified, _openttd_newgrf_version = 0x08003f87
Tick 36603: game loaded
     Revision text changed to r16373M, savegame version 119, modified, _openttd_newgrf_version = 0x08003ff5
Tick 18193: game loaded
     Revision text changed to r16451M, savegame version 120, modified, _openttd_newgrf_version = 0x08004043
Tick 61655: game loaded
     Revision text changed to r16460M, savegame version 120, modified, _openttd_newgrf_version = 0x0800404c
Tick 10232: game loaded
     Revision text changed to r16555M, savegame version 120, modified, _openttd_newgrf_version = 0x080040ab
Tick 22104: game loaded
     Revision text changed to r16578M, savegame version 120, modified, _openttd_newgrf_version = 0x080040c2
Tick 34366: game loaded
     Revision text changed to r16615M, savegame version 120, modified, _openttd_newgrf_version = 0x080040e7
Tick 43196: game loaded
     Revision text changed to r16645M, savegame version 120, modified, _openttd_newgrf_version = 0x08004105
Tick 21905: game loaded
     Revision text changed to r16667M, savegame version 120, modified, _openttd_newgrf_version = 0x0800411b
Tick 47291: game loaded
     Revision text changed to r16703M, savegame version 121, modified, _openttd_newgrf_version = 0x0800413f
Tick 26500: game loaded
     Revision text changed to r16712M, savegame version 121, modified, _openttd_newgrf_version = 0x08004148
Tick 48451: game loaded
     Revision text changed to r16733M, savegame version 121, modified, _openttd_newgrf_version = 0x0800415d
Tick 37321: game loaded
     Revision text changed to r16782M, savegame version 121, modified, _openttd_newgrf_version = 0x0800418e
Tick 4884: game loaded
     Revision text changed to r16920M, savegame version 123, modified, _openttd_newgrf_version = 0x08004218
Tick 39863: game loaded
     Revision text changed to r16953M, savegame version 123, modified, _openttd_newgrf_version = 0x08004239
Tick 16030: game loaded
     Revision text changed to r16982M, savegame version 123, modified, _openttd_newgrf_version = 0x08004256
Tick 46207: game loaded
     Revision text changed to r17178M, savegame version 125, modified, _openttd_newgrf_version = 0x0800431a
Tick 41942: game loaded
     Revision text changed to r17271M, savegame version 125, modified, _openttd_newgrf_version = 0x08004377
Tick 24749: game loaded
     Revision text changed to r17288M, savegame version 125, modified, _openttd_newgrf_version = 0x08004388
Tick 8732: game loaded
     Revision text changed to r17386M, savegame version 125, modified, _openttd_newgrf_version = 0x080043ea
Tick 13971: game loaded
     Revision text changed to r17455M, savegame version 127, modified, _openttd_newgrf_version = 0x0800442f
Tick 19019: game loaded
     Revision text changed to r17535M, savegame version 127, modified, _openttd_newgrf_version = 0x0800447f
Tick 44889: game loaded
     Revision text changed to r17581M, savegame version 127, modified, _openttd_newgrf_version = 0x080044ad
Tick 11007: game loaded
     Revision text changed to r17615M, savegame version 127, modified, _openttd_newgrf_version = 0x080044cf
Tick 4155: game loaded
     Revision text changed to r17628M, savegame version 127, modified, _openttd_newgrf_version = 0x080044dc
Tick 53315: game loaded
     Revision text changed to r17660M, savegame version 127, modified, _openttd_newgrf_version = 0x080044fc
Tick 6516: game loaded
     Revision text changed to r17686M, savegame version 127, modified, _openttd_newgrf_version = 0x08004516
Tick 34287: game loaded
     Revision text changed to r17723M, savegame version 127, modified, _openttd_newgrf_version = 0x0800453b
Tick 47489: game loaded
     Revision text changed to r17741M, savegame version 127, modified, _openttd_newgrf_version = 0x0800454d
Tick 15475: game loaded
     Revision text changed to r17750M, savegame version 127, modified, _openttd_newgrf_version = 0x08004556
Tick 44196: game loaded
     Revision text changed to r17766M, savegame version 127, modified, _openttd_newgrf_version = 0x08004566
Tick 21263: game loaded
     Revision text changed to r17778M, savegame version 127, modified, _openttd_newgrf_version = 0x08004572
Tick 5740: game loaded
     Revision text changed to r17843M, savegame version 127, modified, _openttd_newgrf_version = 0x080045b3
Tick 19802: game loaded
     Revision text changed to r17902M, savegame version 127, modified, _openttd_newgrf_version = 0x080045ee
---- gamelog end ----

*** End of OpenTTD Crash Report ***
