*** OpenTTD Crash Report ***

Crash at: Sun May 08 17:29:47 2011
In game date: 1919-02-22 (47)

Crash reason:
 Exception: C0000094
 Location:  0044BED1
 Message:   <none>

OpenTTD version:
 Version:    1.1.0 (0)
 NewGRF ver: 1108570a
 Bits:       32
 Endian:     little
 Dedicated:  no
 Build date: Mar 31 2011 21:39:49

Registers:
 EAX: 00000786 EBX: 00000004 ECX: 000000D6 EDX: 00000000
 ESI: 04203740 EDI: 00000004 EBP: 0012FBB8 ESP: 0012FBA4
 EIP: 0044BED1 EFLAGS: 00010202

 Bytes at instruction pointer:
 F7 3D A4 45 BC 00 3B C3 7C 02 8B C3 80 7D FF 00 74 0A 2B F8 8B C7 85 C0

Stack trace:
 000003E2 000000D6 00000000 04203160 001F6F22 0012FBE4 0044C38B 000003E2
 000000D6 00000000 FFFC9400 FFFCAC00 FFFCC400 000003DD 000000A8 0000FFFF
 00000000 0044C765 00000000 00000000 0000FFFF 00000000 00000000 00000000
 00000000 0044C890 0056E4E3 0056E4F3 00000000 0042DD38 00000000 00556555
 00BC5020 01AE1E08 0012FCDC 00000000 0012FC20 0056E4F3 0056E511 00000000
 00000000 000F025C 0000000F 00000000 00000000 0056E4D4 000003E2 000000EC
 0042CFD7 0012FCF4 0012FDF8 00000001 01000000 00000000 00000000 00000000
 00000000 00000000 00000000 00000000 FFFFFFFF 00000000 00000000 0012FCF4
 00000000 FFFFFFFF 00000000 00000000 00000000 0012FEF8 00000000 00000000
 00000000 FFFFFFFF 0012FDFC 00B4AF78 00000000 00000000 0012FEF8 00558516
 00000001 0012FDF8 FFFFFFFE 00000000 5C3A4322 676F7250 206D6172 656C6946
 704F5C73 54546E65 706F5C44 74746E65 78652E64 00200065 77ABE0ED 002F23DC
 FFFFFFFE 77AF2FE7 77AF2E82 77AF2DD6 00000018 0012FEB4 00000000 002E0034
 00000001 A40002A6 77AF2FE7 7792C1A8 77AF2DD6 01A8019C 01A80000 0026001D
 00000001 006E0008 00000007 01A90048 01A90164 0023001E 00000001 006C0009
 00000007 0012FD1C 00000002 00000000 00000020 0000000B 0012FDBC 00625073
 01A80000 00000000 00000018 01A88EA0 0012FEB4 0012FEC0 0012FDD4 006262BA
 00000018 77ABE0ED 002F23DC FFFFFFFE 0012FE50 004E1C0B 00000018 005155D6
 01A8A060 0051565C 01A88EA0 01A8A140 0012FEB4 0012FCF5 01A90164 00000002
 00000000 00000020 00000010 0012FE30 00625073 01A80000 00000000 01A896E0
 01A89A6C 0012FE6C 006310A8 01A80000 00000000 77AE6054 77AFA2AC FFFFFFFF
 00000024 0012FE54 00000004 00000000 CA7179EC 0012FE68 00630910 01A89A70
 01A89A70 00000001 00000001 00B9E45C 0012FE80 0062F8E7 00BAC1B8 0012FEC0
 006298FD 00000008 006251EA 006251E4 0012FEC4 006309CC 00000015 0012FEC4

Operating system:
 Name:     Windows
 Release:  6.1.7601 (Service Pack 1)
 Compiler: MSVC 1500

Configuration:
 Blitter:      8bpp-optimized
 Graphics set: OpenGFX (622)
 Language:     C:\Program Files\OpenTTD\lang\english.lng
 Music driver: dmusic
 Music set:    OpenMSX (96)
 Network:      no
 Sound driver: win32
 Sound set:    OpenSFX (87)
 Video driver: win32

AI Configuration (local: 0):
  0: Human

Libraries:
 FreeType:   2.4.4
 ICU:        4.4.2
 LZMA:       5.0.0
 LZO:        2.03
 PNG:        1.4.5
 Zlib:       1.2.5

Module information:
 C:\Program Files\OpenTTD\openttd.exe handle: 00400000 size: 8073728 crc: 668E2CE7 date: 2011-03-31 21:43:16
 C:\Windows\SYSTEM32\ntdll.dll handle: 77AA0000 size: 1288488 crc: 4AF5D7E5 date: 2010-11-20 12:24:36
 C:\Windows\system32\kernel32.dll handle: 76560000 size: 857600 crc: 7254951A date: 2010-11-20 12:19:26
 C:\Windows\system32\KERNELBASE.dll handle: 75D20000 size: 288256 crc: 5613EDEB date: 2010-11-20 12:19:26
 C:\Windows\system32\WINMM.dll handle: 745A0000 size: 194048 crc: 849223C7 date: 2010-11-20 12:21:36
 C:\Windows\system32\msvcrt.dll handle: 77C20000 size: 690688 crc: 554C94A4 date: 2009-07-14 01:15:50
 C:\Windows\system32\USER32.dll handle: 76BE0000 size: 811520 crc: A7CBE597 date: 2010-11-20 12:21:33
 C:\Windows\system32\GDI32.dll handle: 76340000 size: 304640 crc: 7034A7D3 date: 2010-11-20 12:19:05
 C:\Windows\system32\LPK.dll handle: 77C00000 size: 26624 crc: 13E68B63 date: 2009-07-14 01:15:36
 C:\Windows\system32\USP10.dll handle: 76B40000 size: 626176 crc: A5ECB486 date: 2010-11-20 12:21:33
 C:\Windows\system32\WS2_32.dll handle: 762D0000 size: 206848 crc: FD00A753 date: 2010-11-20 12:21:38
 C:\Windows\system32\RPCRT4.dll handle: 760B0000 size: 653312 crc: 859C9823 date: 2010-11-20 12:21:03
 C:\Windows\system32\NSI.dll handle: 76160000 size: 8704 crc: 2ACE9671 date: 2009-07-14 01:16:11
 C:\Windows\system32\ADVAPI32.dll handle: 766A0000 size: 640512 crc: 34D5363F date: 2010-11-20 12:18:02
 C:\Windows\SYSTEM32\sechost.dll handle: 77BE0000 size: 92160 crc: B624B29A date: 2009-07-14 01:16:13
 C:\Windows\system32\SHELL32.dll handle: 76CB0000 size: 12872192 crc: 23AAF5A3 date: 2010-11-20 12:21:19
 C:\Windows\system32\SHLWAPI.dll handle: 76640000 size: 350208 crc: 23E05F73 date: 2010-11-20 12:21:19
 C:\Windows\system32\IMM32.DLL handle: 76000000 size: 118272 crc: B45269DC date: 2010-11-20 12:19:22
 C:\Windows\system32\MSCTF.dll handle: 76740000 size: 828928 crc: DFE09EEB date: 2009-07-14 01:15:43
 C:\Windows\system32\SHFolder.dll handle: 74540000 size: 7168 crc: 683AAC32 date: 2009-07-14 01:16:14
 C:\Windows\system32\ole32.dll handle: 76170000 size: 1414144 crc: 74A1E844 date: 2010-11-20 12:20:49
 C:\Windows\system32\MMDevAPI.DLL handle: 74780000 size: 213504 crc: 93C0AA4F date: 2010-11-20 12:19:39
 C:\Windows\system32\PROPSYS.dll handle: 74A10000 size: 988160 crc: 888D0BCB date: 2010-11-20 12:20:57
 C:\Windows\system32\OLEAUT32.dll handle: 764D0000 size: 571904 crc: 922A078B date: 2010-11-20 12:20:49
 C:\Windows\system32\wdmaud.drv handle: 73300000 size: 172032 crc: D5B9F5FA date: 2010-11-20 12:16:50
 C:\Windows\system32\ksuser.dll handle: 73E60000 size: 4608 crc: EBE07232 date: 2009-07-14 01:15:35
 C:\Windows\system32\AVRT.dll handle: 74770000 size: 14336 crc: 9818237B date: 2009-07-14 01:14:58
 C:\Windows\system32\SETUPAPI.dll handle: 77900000 size: 1667584 crc: 1D0104E8 date: 2010-11-20 12:21:14
 C:\Windows\system32\CFGMGR32.dll handle: 75E90000 size: 145920 crc: 4DDC6E9A date: 2010-11-20 12:18:12
 C:\Windows\system32\DEVOBJ.dll handle: 75C70000 size: 64512 crc: 2B501D62 date: 2009-07-14 01:15:11
 C:\Windows\system32\AUDIOSES.DLL handle: 741E0000 size: 195584 crc: 0A7E52B1 date: 2010-11-20 12:18:05
 C:\Windows\system32\msacm32.drv handle: 734D0000 size: 20992 crc: 73923147 date: 2009-07-14 01:14:08
 C:\Windows\system32\MSACM32.dll handle: 73180000 size: 72192 crc: ABA25814 date: 2009-07-14 01:15:42
 C:\Windows\system32\midimap.dll handle: 73170000 size: 16896 crc: C000494C date: 2009-07-14 01:15:40
 C:\Windows\system32\CRYPTBASE.dll handle: 75B40000 size: 36864 crc: 00308E17 date: 2009-07-14 01:15:07
 C:\Windows\system32\CLBCatQ.DLL handle: 76020000 size: 522240 crc: 6C130B8A date: 2009-07-14 01:15:03
 C:\Windows\system32\uxtheme.dll handle: 749D0000 size: 249856 crc: 1CD7BB78 date: 2009-07-14 01:16:17
 C:\Windows\system32\dwmapi.dll handle: 74480000 size: 67072 crc: FC7CA4B8 date: 2009-07-14 01:15:13
 C:\Windows\System32\dmime.dll handle: 72C00000 size: 179712 crc: 179D7CFB date: 2009-07-14 01:15:12
 C:\Windows\System32\DSOUND.dll handle: 74610000 size: 453632 crc: EC24F2F8 date: 2009-07-14 01:15:13
 C:\Windows\System32\POWRPROF.dll handle: 74B10000 size: 145408 crc: 9957ABF4 date: 2009-07-14 01:16:12
 C:\Windows\System32\dmusic.dll handle: 70D30000 size: 101376 crc: F5D0AA6B date: 2009-07-14 01:15:12
 C:\Windows\system32\WINTRUST.dll handle: 75EC0000 size: 172032 crc: B7CADF2A date: 2010-11-20 12:21:36
 C:\Windows\system32\CRYPT32.dll handle: 75D70000 size: 1154048 crc: 61BB81F2 date: 2010-11-20 12:18:24
 C:\Windows\system32\MSASN1.dll handle: 75C60000 size: 34304 crc: BE7DA129 date: 2010-11-20 12:19:45
 C:\Windows\System32\dmsynth.dll handle: 70D10000 size: 105472 crc: 3B102040 date: 2009-07-14 01:15:12
 C:\Windows\System32\dmloader.dll handle: 742A0000 size: 38400 crc: 8A3F45D2 date: 2009-07-14 01:15:12
 C:\Windows\system32\mswsock.dll handle: 75620000 size: 232448 crc: 47C95B42 date: 2010-11-20 12:19:56
 C:\Windows\System32\wshtcpip.dll handle: 75180000 size: 9216 crc: BA963A19 date: 2009-07-14 01:16:20
 C:\Windows\system32\psapi.dll handle: 77C10000 size: 6144 crc: 25B988F9 date: 2009-07-14 01:16:12

---- gamelog start ----
Tick 0: new game started
     Revision text changed to 1.1.0, savegame version 160, not modified, _openttd_newgrf_version = 0x1108570a
     New game mode: 1 landscape: 0
     Added NewGRF: GRF ID 45520C00, checksum FCF4EE39F19C02D9E8603D07621DDD99, filename: japanese_town_names.0.6\jpset_namw.grf (md5sum matches)
     Added NewGRF: GRF ID 52453300, checksum FA9253BC448F0B466FC018F80F9460C5, filename: japanese_trees.2.1\jptreesw.grf (md5sum matches)
     Added NewGRF: GRF ID 52453400, checksum 5983783733079BB1978B69668064C0EC, filename: japanese_buildings-2.0\jpbuild2w.grf (md5sum matches)
     Added NewGRF: GRF ID 52453200, checksum 8E0A4D49E0E6F60659D4E28AB38F6647, filename: japanset_landscape.1.1a\jplandw.grf (md5sum matches)
     Added NewGRF: GRF ID 2C320A01, checksum C915D0657363EC471AA05096FDF3B650, filename: japanese_signals.0.4b\jpsignalsw.grf (md5sum matches)
     Added NewGRF: GRF ID 45530500, checksum FA231F55E8CC472EA98271F7C2AA9EFF, filename: japanese_stations-2.0a\jpstationsw.grf (md5sum matches)
     Added NewGRF: GRF ID 535A0D00, checksum 621BE488F7C9B57003C7E1323AB93AEB, filename: japanese_train_set.2.1a\jptrains2w.grf (md5sum matches)
     Added NewGRF: GRF ID 74677563, checksum 3F4153F5999BFDFD6CD578936F8B80F0, filename: total_bridge_renewal_japan.0.2\total_bridgesw.grf (md5sum matches)
     Added NewGRF: GRF ID 44440A01, checksum 0BF8636EFEEF4F0617CAE47D77FF4C43, filename: av8_aviators_aircraft_set-1.81\pb_av8w.grf (md5sum matches)
     Added NewGRF: GRF ID 52571201, checksum C1C7D8C53EB7E74EEE2F0EF29638B466, filename: egrvts.1.0\egrvts.grf (md5sum matches)
     Added NewGRF: GRF ID 4A430002, checksum 0728ADCB4DF2F1EB9247ABD449296F4E, filename: industrial_stations_renewal.0.8.0\indstatrw.grf (md5sum matches)
     Added NewGRF: GRF ID 444A5901, checksum 23CEC795D97265752C21EA8F02564A61, filename: vacuum_tube_train-0.22\vactrain.grf (md5sum matches)
---- gamelog end ----

*** End of OpenTTD Crash Report ***

Decoded stack trace:
[00] ???                  0x0044BED1
[01] ???                  0x0044C38B
[02] ???                  0x0044C765

*** End of additional info ***
