*** OpenTTD Crash Report ***

Crash at: Tue Mar 13 16:19:25 2012
In game date: 1951-01-01 (0)

Crash reason:
 Signal:  Bus error (10)
 Message: <none>

OpenTTD version:
 Version:    1.1.5 (0)
 NewGRF ver: 11585cf6
 Bits:       32
 Endian:     little
 Dedicated:  no
 Build date: Jan 17 2012 16:13:26


Stacktrace:
 [00] ???                  0x00000a00

Operating system:
 Name:     Mac OS X
 Release:  10.6.8
 Machine:  Intel 80486
 Min Ver:  1040
 Compiler: GCC 4.0.1 "4.0.1 (Apple Inc. build 5490)"

Configuration:
 Blitter:      32bpp-anim
 Graphics set: original_windows (0)
 Language:     /Applications/openttd-1.1.5-macosx-universal 1/OpenTTD.app/Contents/Resources/lang/english_US.lng
 Music driver: cocoa
 Music set:    original_windows (1)
 Network:      no
 Sound driver: cocoa
 Sound set:    original_windows (0)
 Video driver: cocoa

AI Configuration (local: 0):
  0: Human
  1: AdmiralAI (v25)

Libraries:
 FreeType:   2.4.3
 ICU:        4.6
 LZMA:       5.0.0
 LZO:        2.03
 PNG:        1.4.4
 Zlib:       1.2.3

---- gamelog start ----
Tick 0: new game started
     Revision text changed to 1.1.5, savegame version 160, not modified, _openttd_newgrf_version = 0x11585cf6
     New game mode: 1 landscape: 0
---- gamelog end ----

*** End of OpenTTD Crash Report ***
