*** OpenTTD Crash Report ***

Crash at: Sun Sep  4 18:34:30 2016
In game date: 2055-05-22 (43)

Crash reason:
 Signal:  Segmentation fault: 11 (11)
 Message: <none>

OpenTTD version:
 Version:    1.6.1 (0)
 NewGRF ver: 16186bd9
 Bits:       32
 Endian:     little
 Dedicated:  no
 Build date: Jun 30 2016 21:34:31


Stacktrace:
 [00] ???                  0x00000b00

Operating system:
 Name:     Mac OS X
 Release:  10.11.6
 Machine:  Intel x86-64h Haswell
 Min Ver:  1040
 Compiler: GCC 4.0.1 "4.0.1 (Apple Inc. build 5490)"

Configuration:
 Blitter:      32bpp-anim
 Graphics set: zBase (5588)
 Language:     /Applications/OpenTTD/OpenTTD.app/Contents/Resources/lang/english.lng
 Music driver: cocoa
 Music set:    Modern Motion (1)
 Network:      no
 Sound driver: cocoa
 Sound set:    OpenSFX (87)
 Video driver: cocoa

Fonts:
 Small:  sprite
 Medium: sprite
 Large:  sprite
 Mono:   sprite

AI Configuration (local: 0):
  0: Human

Libraries:
 FreeType:   2.4.3
 ICU i18n:   51.2
 ICU lx:     51.2
 LZMA:       5.0.0
 LZO:        2.03
 PNG:        1.4.4
 Zlib:       1.2.5

---- gamelog start ----
Tick 0: new game started
Revision text changed to 1.6.1, savegame version 195, not modified, _openttd_newgrf_version = 0x16186bd9
New game mode: 1 landscape: 0
Tick 49381: settings changed
Setting changed: construction.max_tunnel_length : 64 -> 65
Tick 49389: settings changed
Setting changed: construction.max_tunnel_length : 65 -> 66
Tick 49395: settings changed
Setting changed: construction.max_tunnel_length : 66 -> 67
Tick 49403: settings changed
Setting changed: construction.max_tunnel_length : 67 -> 68
Tick 49410: settings changed
Setting changed: construction.max_tunnel_length : 68 -> 69
Tick 49416: settings changed
Setting changed: construction.max_tunnel_length : 69 -> 70
Tick 49423: settings changed
Setting changed: construction.max_tunnel_length : 70 -> 71
Tick 49429: settings changed
Setting changed: construction.max_tunnel_length : 71 -> 72
Tick 49435: settings changed
Setting changed: construction.max_tunnel_length : 72 -> 73
Tick 49441: settings changed
Setting changed: construction.max_tunnel_length : 73 -> 74
Tick 49447: settings changed
Setting changed: construction.max_tunnel_length : 74 -> 75
Tick 49453: settings changed
Setting changed: construction.max_tunnel_length : 75 -> 76
Tick 49459: settings changed
Setting changed: construction.max_tunnel_length : 76 -> 77
Tick 49465: settings changed
Setting changed: construction.max_tunnel_length : 77 -> 78
Tick 49471: settings changed
Setting changed: construction.max_tunnel_length : 78 -> 79
Tick 49477: settings changed
Setting changed: construction.max_tunnel_length : 79 -> 80
Tick 49483: settings changed
Setting changed: construction.max_tunnel_length : 80 -> 81
Tick 49489: settings changed
Setting changed: construction.max_tunnel_length : 81 -> 82
Tick 49495: settings changed
Setting changed: construction.max_tunnel_length : 82 -> 83
Tick 49501: settings changed
Setting changed: construction.max_tunnel_length : 83 -> 84
Tick 49507: settings changed
Setting changed: construction.max_tunnel_length : 84 -> 85
Tick 49513: settings changed
Setting changed: construction.max_tunnel_length : 85 -> 86
Tick 49519: settings changed
Setting changed: construction.max_tunnel_length : 86 -> 87
Tick 49525: settings changed
Setting changed: construction.max_tunnel_length : 87 -> 88
Tick 49531: settings changed
Setting changed: construction.max_tunnel_length : 88 -> 89
Tick 49537: settings changed
Setting changed: construction.max_tunnel_length : 89 -> 90
Tick 49543: settings changed
Setting changed: construction.max_tunnel_length : 90 -> 91
Tick 49549: settings changed
Setting changed: construction.max_tunnel_length : 91 -> 92
Tick 49555: settings changed
Setting changed: construction.max_tunnel_length : 92 -> 93
Tick 49561: settings changed
Setting changed: construction.max_tunnel_length : 93 -> 94
Tick 49567: settings changed
Setting changed: construction.max_tunnel_length : 94 -> 95
Tick 49573: settings changed
Setting changed: construction.max_tunnel_length : 95 -> 96
Tick 49579: settings changed
Setting changed: construction.max_tunnel_length : 96 -> 97
Tick 49621: settings changed
Setting changed: construction.max_tunnel_length : 97 -> 98
Tick 49627: settings changed
Setting changed: construction.max_tunnel_length : 98 -> 99
Tick 49638: settings changed
Setting changed: construction.max_tunnel_length : 99 -> 100
Tick 49657: settings changed
Setting changed: construction.max_bridge_length : 64 -> 65
Tick 49663: settings changed
Setting changed: construction.max_bridge_length : 65 -> 66
Tick 49669: settings changed
Setting changed: construction.max_bridge_length : 66 -> 67
Tick 49675: settings changed
Setting changed: construction.max_bridge_length : 67 -> 68
Tick 49681: settings changed
Setting changed: construction.max_bridge_length : 68 -> 69
Tick 49687: settings changed
Setting changed: construction.max_bridge_length : 69 -> 70
Tick 49693: settings changed
Setting changed: construction.max_bridge_length : 70 -> 71
Tick 49699: settings changed
Setting changed: construction.max_bridge_length : 71 -> 72
Tick 49705: settings changed
Setting changed: construction.max_bridge_length : 72 -> 73
Tick 49711: settings changed
Setting changed: construction.max_bridge_length : 73 -> 74
Tick 49717: settings changed
Setting changed: construction.max_bridge_length : 74 -> 75
Tick 49723: settings changed
Setting changed: construction.max_bridge_length : 75 -> 76
Tick 49729: settings changed
Setting changed: construction.max_bridge_length : 76 -> 77
Tick 49735: settings changed
Setting changed: construction.max_bridge_length : 77 -> 78
Tick 49741: settings changed
Setting changed: construction.max_bridge_length : 78 -> 79
Tick 49747: settings changed
Setting changed: construction.max_bridge_length : 79 -> 80
Tick 49753: settings changed
Setting changed: construction.max_bridge_length : 80 -> 81
Tick 49759: settings changed
Setting changed: construction.max_bridge_length : 81 -> 82
Tick 49765: settings changed
Setting changed: construction.max_bridge_length : 82 -> 83
Tick 49771: settings changed
Setting changed: construction.max_bridge_length : 83 -> 84
Tick 49777: settings changed
Setting changed: construction.max_bridge_length : 84 -> 85
Tick 49783: settings changed
Setting changed: construction.max_bridge_length : 85 -> 86
Tick 49789: settings changed
Setting changed: construction.max_bridge_length : 86 -> 87
Tick 49795: settings changed
Setting changed: construction.max_bridge_length : 87 -> 88
Tick 49801: settings changed
Setting changed: construction.max_bridge_length : 88 -> 89
Tick 49807: settings changed
Setting changed: construction.max_bridge_length : 89 -> 90
Tick 49813: settings changed
Setting changed: construction.max_bridge_length : 90 -> 91
Tick 49819: settings changed
Setting changed: construction.max_bridge_length : 91 -> 92
Tick 49825: settings changed
Setting changed: construction.max_bridge_length : 92 -> 93
Tick 49831: settings changed
Setting changed: construction.max_bridge_length : 93 -> 94
Tick 49837: settings changed
Setting changed: construction.max_bridge_length : 94 -> 95
Tick 49843: settings changed
Setting changed: construction.max_bridge_length : 95 -> 96
Tick 49849: settings changed
Setting changed: construction.max_bridge_length : 96 -> 97
Tick 49855: settings changed
Setting changed: construction.max_bridge_length : 97 -> 98
Tick 49861: settings changed
Setting changed: construction.max_bridge_length : 98 -> 99
Tick 49867: settings changed
Setting changed: construction.max_bridge_length : 99 -> 100
Tick 49873: settings changed
Setting changed: construction.max_bridge_length : 100 -> 101
Tick 49879: settings changed
Setting changed: construction.max_bridge_length : 101 -> 102
Tick 49885: settings changed
Setting changed: construction.max_bridge_length : 102 -> 103
Tick 49891: settings changed
Setting changed: construction.max_bridge_length : 103 -> 104
Tick 49897: settings changed
Setting changed: construction.max_bridge_length : 104 -> 105
Tick 49903: settings changed
Setting changed: construction.max_bridge_length : 105 -> 106
Tick 49924: settings changed
Setting changed: construction.max_bridge_length : 106 -> 105
Tick 49931: settings changed
Setting changed: construction.max_bridge_length : 105 -> 104
Tick 49937: settings changed
Setting changed: construction.max_bridge_length : 104 -> 103
Tick 49944: settings changed
Setting changed: construction.max_bridge_length : 103 -> 102
Tick 49954: settings changed
Setting changed: construction.max_bridge_length : 102 -> 101
Tick 49964: settings changed
Setting changed: construction.max_bridge_length : 101 -> 100
---- gamelog end ----

*** End of OpenTTD Crash Report ***
