*** OpenTTD Crash Report ***

Crash at: Tue Feb 04 13:48:41 2014
In game date: 2514-12-09 (49)

Crash reason:
 Exception: C0000005
 Location:  000000013F2F1E0F
 Message:   <none>

OpenTTD version:
 Version:    1.3.3 (0)
 NewGRF ver: 13386618
 Bits:       64
 Endian:     little
 Dedicated:  no
 Build date: Nov 29 2013 12:26:13

Registers:
 RAX: 0000000000000200 RBX: 0000000004B2A7D9 RCX: 0000000000000000 RDX: 0000000010B65300
 RSI: 000000000026DBA0 RDI: 00000000C4B3AABA RBP: 000000000026DB40 RSP: 000000000026DAD0
 R8:  0000000000000001 R9:  0000000010B66840 R10: 0000000000000000 R11: 00000000000000FF
 R12: 000000000000000D R13: 0000000010B65334 R14: 000000000E5F3460 R15: 000000000D388BD0
 RIP: 000000013F2F1E0F EFLAGS: 00010293

 Bytes at instruction pointer:
 44 8B 07 48 63 46 38 4C 63 66 10 4C 03 C7 4D 8D 14 81 49 63 47 10 4C 89

Stack trace:
 00000840 00000000 00000000 00000000 772A5430 00000000 00000000 00000000
 00000590 00000000 01E30000 00000000 00000001 00000000 0000057C 00000000
 01E30808 00000000 04B2A7D9 00000000 C4B3AABA 00000000 0E5F3460 00000000
 10B66840 00000000 01D20470 00000000 00000185 00000000 00000000 00000000
 00000000 00000000 00000230 00000000 0000000D 00000000 FFFFF448 00000000
 0026DBE0 00000000 3F14355F 00000001 0D388BD0 00000000 0026DBA0 00000000
 00000002 00000000 00000000 00000000 04B29AA8 00000000 3FD6C06C 00000001
 00000000 00000000 0000000D 00000012 00000034 00000048 00000230 00000185
 10960000 00000000 00000550 00000001 001303FA 00000000 00000000 00000000
 00000005 00000000 001303FA 00000000 0026DCE9 00000000 3F142A01 00000001
 00000000 00000000 00000230 00000000 00000185 00000000 00000000 00000001
 10960000 00000000 00000000 00000000 00000002 00000000 00000005 00000000
 0D388BD0 00000000 3F143C60 00000001 3FCD2898 00000001 00000000 00000000
 00000000 00000000 0D388BD0 00000000 00000000 00000000 00000000 00000000
 03000550 00000000 3F34AAEC 00000001 00000000 00000000 00000000 00000000
 03000550 00000000 00000000 00000000 00000000 00000000 00000000 00000000
 0499D730 00000000 000003FF 00000000 00000000 00000000 00000000 00000000
 00000000 00000001 00000147 00000000 00000000 00000000 00000006 00000000
 0F1D4070 00000000 0F1D4080 00000000 01E343A0 00000000 0F90400D 00000000
 00000005 00000000 00000000 00000000 001303FA 00000000 770A9BD1 00000000
 00000005 00000000 00000001 00000000 00000000 00000000 00000000 00000000
 0FB3AFD0 00000000 0F1D4070 00000000 00000001 00000000 00000000 00000000
 00000000 00000000 00000000 00000000 00000048 00000000 00000001 00000000
 00000000 00000000 00000000 00000000 00000030 00000000 FFFFFFFF FFFFFFFF

Operating system:
 Name:     Windows
 Release:  6.1.7601 (Service Pack 1)
 Compiler: MSVC 1600

Configuration:
 Blitter:      32bpp-anim
 Graphics set: OpenGFX (5092)
 Language:     C:\OpenTTD\lang\german.lng
 Music driver: win32
 Music set:    OpenMSX (96)
 Network:      client
 Sound driver: win32
 Sound set:    OpenSFX (87)
 Video driver: win32

AI Configuration (local: 0):
  0: Human
  1: Human
  2: Human

Libraries:
 FreeType:   2.4.11
 ICU:        51.2
 LZMA:       5.0.4
 LZO:        2.06
 PNG:        1.5.14
 Zlib:       1.2.7

Module information:
 C:\OpenTTD\openttd.exe handle: 000000013F120000 size: 13174784 crc: CBDDBB1E date: 2013-11-29 12:30:04
 C:\windows\SYSTEM32\ntdll.dll handle: 0000000077190000 size: 1732032 crc: 5BF564D3 date: 2013-08-29 02:16:35
 C:\windows\system32\kernel32.dll handle: 0000000076F70000 size: 1161216 crc: ED45D5AA date: 2013-08-02 02:13:34
 C:\windows\system32\KERNELBASE.dll handle: 000007FEFD300000 size: 424448 crc: 816D1584 date: 2013-08-02 02:13:34
 C:\windows\system32\WINMM.dll handle: 000007FEF9A50000 size: 217600 crc: 7BC1529F date: 2009-07-14 01:41:56
 C:\windows\system32\msvcrt.dll handle: 000007FEFDBB0000 size: 634880 crc: 9D1B448A date: 2011-12-16 08:46:06
 C:\windows\system32\USER32.dll handle: 0000000077090000 size: 1008128 crc: 70FF7D7F date: 2010-11-21 03:24:09
 C:\windows\system32\GDI32.dll handle: 000007FEFEF50000 size: 404480 crc: DCBD7E30 date: 2013-10-03 02:23:48
 C:\windows\system32\LPK.dll handle: 000007FEFEF40000 size: 41472 crc: EE04F660 date: 2013-06-06 05:50:51
 C:\windows\system32\USP10.dll handle: 000007FEFEFC0000 size: 800768 crc: ED52987B date: 2012-11-22 05:44:23
 C:\windows\system32\WS2_32.dll handle: 000007FEFD720000 size: 297984 crc: 0F68689B date: 2010-11-21 03:24:28
 C:\windows\system32\RPCRT4.dll handle: 000007FEFDA20000 size: 1217024 crc: 91581142 date: 2013-07-09 05:51:16
 C:\windows\system32\NSI.dll handle: 000007FEFD710000 size: 13824 crc: 53B46F6C date: 2009-07-14 01:41:53
 C:\windows\system32\IMM32.dll handle: 000007FEFF210000 size: 167424 crc: 41B2805A date: 2009-07-14 01:41:09
 C:\windows\system32\MSCTF.dll handle: 000007FEFEC00000 size: 1067008 crc: 798DDDA0 date: 2009-07-14 01:41:28
 C:\windows\system32\ADVAPI32.dll handle: 000007FEFF130000 size: 878080 crc: D0A62838 date: 2013-08-29 02:13:28
 C:\windows\SYSTEM32\sechost.dll handle: 000007FEFEBE0000 size: 113664 crc: 978CFAE5 date: 2009-07-14 01:41:53
 C:\windows\system32\SHELL32.dll handle: 000007FEFDDB0000 size: 14172672 crc: 1287D1E7 date: 2013-07-26 02:24:57
 C:\windows\system32\SHLWAPI.dll handle: 000007FEFF240000 size: 448512 crc: 086DF743 date: 2010-11-21 03:24:22
 C:\windows\system32\ole32.dll handle: 000007FEFED30000 size: 2086912 crc: 72F91CD0 date: 2010-11-21 03:23:48
 C:\windows\system32\uxtheme.dll handle: 000007FEFB180000 size: 332288 crc: B0A13DF9 date: 2009-07-14 01:41:56
 C:\windows\system32\CRYPTBASE.dll handle: 000007FEFCE70000 size: 44032 crc: F547C16E date: 2009-07-14 01:40:24
 C:\windows\system32\mswsock.dll handle: 000007FEFC7B0000 size: 327168 crc: 2C87855E date: 2013-09-08 02:27:14
 C:\windows\System32\wshtcpip.dll handle: 000007FEFC100000 size: 13312 crc: 5D1E2C55 date: 2009-07-14 01:41:58
 C:\windows\system32\MMDevAPI.DLL handle: 000007FEFB4C0000 size: 284160 crc: CDF2EF81 date: 2009-07-14 01:41:26
 C:\windows\system32\PROPSYS.dll handle: 000007FEFB230000 size: 1212416 crc: B83FA3BE date: 2010-11-21 03:23:55
 C:\windows\system32\OLEAUT32.dll handle: 000007FEFD630000 size: 861696 crc: 1F331414 date: 2011-08-27 05:37:49
 C:\windows\system32\wdmaud.drv handle: 000007FEF6160000 size: 217088 crc: 12829973 date: 2010-11-21 03:24:32
 C:\windows\system32\ksuser.dll handle: 0000000073820000 size: 5120 crc: AA2071D9 date: 2009-07-14 01:41:13
 C:\windows\system32\AVRT.dll handle: 000007FEFB360000 size: 18432 crc: 5CE53CB7 date: 2009-07-14 01:40:05
 C:\windows\system32\SETUPAPI.dll handle: 000007FEFF2C0000 size: 1900544 crc: A364BD6A date: 2010-11-21 03:24:28
 C:\windows\system32\CFGMGR32.dll handle: 000007FEFD070000 size: 207872 crc: 1984C339 date: 2010-11-21 03:24:00
 C:\windows\system32\DEVOBJ.dll handle: 000007FEFCFF0000 size: 93184 crc: A7541AE2 date: 2009-07-14 01:40:28
 C:\windows\system32\AUDIOSES.DLL handle: 000007FEF4600000 size: 296448 crc: 90389554 date: 2010-11-21 03:24:32
 C:\windows\system32\msacm32.drv handle: 000007FEF6130000 size: 25600 crc: 2B579A05 date: 2009-07-14 01:38:50
 C:\windows\system32\MSACM32.dll handle: 000007FEF6110000 size: 83456 crc: 3D67538B date: 2009-07-14 01:41:27
 C:\windows\system32\midimap.dll handle: 000007FEF6100000 size: 20480 crc: CB902A13 date: 2009-07-14 01:41:23
 C:\windows\system32\CLBCatQ.DLL handle: 000007FEFF090000 size: 607744 crc: 939E35C9 date: 2009-07-14 01:40:15
 C:\windows\system32\dwmapi.dll handle: 000007FEFADA0000 size: 82432 crc: A459F360 date: 2009-07-14 01:40:34
 C:\windows\System32\wship6.dll handle: 000007FEFC7A0000 size: 13824 crc: E3FBF123 date: 2009-07-14 01:41:58
 C:\windows\system32\DNSAPI.dll handle: 000007FEFC630000 size: 357888 crc: 194CAF1C date: 2011-03-03 06:24:15
 C:\Program Files\Common Files\Microsoft Shared\Windows Live\WLIDNSP.DLL handle: 000007FEF75F0000 size: 170880 crc: 0457B743 date: 2010-09-21 12:49:00
 C:\windows\system32\PSAPI.DLL handle: 0000000077360000 size: 9216 crc: 84B5E9BA date: 2009-07-14 01:41:53
 C:\windows\system32\IPHLPAPI.DLL handle: 000007FEFA600000 size: 145920 crc: 000D9F17 date: 2010-11-21 03:24:16
 C:\windows\system32\WINNSI.DLL handle: 000007FEFA5F0000 size: 26112 crc: 744B2434 date: 2009-07-14 01:41:56
 C:\windows\system32\rasadhlp.dll handle: 000007FEF75E0000 size: 16384 crc: C5FD1616 date: 2009-07-14 01:41:53
 C:\windows\System32\fwpuclnt.dll handle: 000007FEF9ED0000 size: 324096 crc: 5D5E70C7 date: 2013-10-12 02:29:08
 C:\windows\system32\mciseq.dll handle: 000007FEF7620000 size: 28672 crc: 61BC1358 date: 2009-07-14 01:41:21

---- gamelog start ----
Tick 0: new game started
     Revision text changed to 1.3.3, savegame version 180, not modified, _openttd_newgrf_version = 0x13386618
     New game mode: 1 landscape: 0
     Added NewGRF: GRF ID 32434353, checksum 1820C48040541B9E6FD4EA0F1D205438, filename: 2cc_subways_from_the_2cc_set-1.0\2cc_subways.grf (md5sum matches)
     Added NewGRF: GRF ID 27711003, checksum 30EF819C36EA5E003976E26A8A25CF71, filename: 2cc_trainset-2.0.0beta5\2cctrainset.grf (md5sum matches)
     Added NewGRF: GRF ID 47460000, checksum A4F4DABC184F3C73F0EB54342CCFF087, filename: 832bpp_trains_2cc-2\trains.grf (md5sum matches)
     Added NewGRF: GRF ID 44440A01, checksum FCEEC76CF44EC23E7FE9C88048CF11CC, filename: av8_aviators_aircraft_set-2.21\pb_av8w.grf (md5sum matches)
     Added NewGRF: GRF ID 44440A03, checksum 6205E0297104502240D946EC26B195CA, filename: av8_extra_aircraft.1.501\pb_av8exw.grf (md5sum matches)
     Added NewGRF: GRF ID 4D470303, checksum 476460AE75B233F7CF0736256F6008D4, filename: basemod-4.0\basecosts.grf (md5sum matches)
     Added NewGRF: GRF ID 4D4703C1, checksum 22BBE4FFF6EAC6BCCC71B6403F876D19, filename: basemod_presets-1.4.2\basecosts-presets.grf (md5sum matches)
     Added NewGRF: GRF ID 4D470D01, checksum F2C8664D215F534AFD37052169D89706, filename: belarusian_town_names-r7\belarusiantowns.grf (md5sum matches)
     Added NewGRF: GRF ID 19060801, checksum 6CFC6328D999C140851BFE6514BA277A, filename: bigger_depots.0.3\bigdepot.grf (md5sum matches)
     Added NewGRF: GRF ID 4D420100, checksum 1A5D28D0719FCDB928F59AEFDBE07B7C, filename: bobs_british_buses-0.2.1\bbbw.grf (md5sum matches)
     Added NewGRF: GRF ID 4D420000, checksum BCB0AC917F3DA91A3197C6A07D06BCE8, filename: bobs_random_vehicles_-0.9\brbvw.grf (md5sum matches)
     Added NewGRF: GRF ID 79210502, checksum FAFE655EC51D907391C38B116B199307, filename: brazilian_town_names-2.0\braziliantownnames.grf (md5sum matches)
     Added NewGRF: GRF ID 42533036, checksum CE427F6E64E3C30544097207B34887BA, filename: brianum_x2014__millennium_z-1.0.1\brianum_x2014_z2.grf (md5sum matches)
     Added NewGRF: GRF ID 42533032, checksum F9E16508E98197A5404A7A22F28E13E5, filename: brianum_sh_50__sh_60-1.0.1\brianum_sh50.grf (md5sum matches)
     Added NewGRF: GRF ID 42533031, checksum A6CF807078DE75D0209D53BE8BA6FDEC, filename: brianum_speed_limit_for_bridges-1.0\brianum_bridges.grf (md5sum matches)
     Added NewGRF: GRF ID 42533035, checksum 38884892BB4BC3765833008D4F37B1AD, filename: brianum_speedlimit_for_monorail-1.0\brianum_monorail_speedlimit.grf (md5sum matches)
     Added NewGRF: GRF ID 42533034, checksum 47B2E94AF0F94A345B1F2067C8B40B93, filename: brianum_vakuummonorail_trains-1.0.1\brianum_vactrain_vehicles.grf (md5sum matches)
     Added NewGRF: GRF ID 42533033, checksum E982D0EBB8FBEFD41CF1547EBF55F50F, filename: brianum_vacuummonorail_tube-1.0\brianum_vactrain_railtype.grf (md5sum matches)
     Added NewGRF: GRF ID 43485053, checksum 68B7DC640138E4F4B712F3CFB88167D6, filename: chips_station_set-1.4.0\chips.grf (md5sum matches)
     Added NewGRF: GRF ID 44419501, checksum 12422F3F4301D08201F9FF6F3B5308BF, filename: crazy_town_names-0.1\crazynames.grf (md5sum matches)
     Added NewGRF: GRF ID 44573553, checksum EF7529EBEAF35758EE07E628B25F608D, filename: dwenewobjects-v0.1\dwe_newobj.grf (md5sum matches)
     Added NewGRF: GRF ID 4946424C, checksum 277B92187F074918F46CE65FD6D440EC, filename: hot_air_balloon-1.0\hotairballoon.grf (md5sum matches)
     Added NewGRF: GRF ID 4D570102, checksum 8C41066F2430A1762047AB077B51EE63, filename: hover_bus.1.0\hoverbus_1.0.grf (md5sum matches)
     Added NewGRF: GRF ID 485A0101, checksum 7636EC20949478C0576AE6CDACE9EC84, filename: hover_vehicles-1\hoverv.grf (md5sum matches)
     Added NewGRF: GRF ID 45520C00, checksum FCF4EE39F19C02D9E8603D07621DDD99, filename: japanese_town_names.0.6\jpset_namw.grf (md5sum matches)
     Added NewGRF: GRF ID 52453400, checksum 87E88EFA687F91CE44548E54DA55059F, filename: japanese_buildings-3.0\jpbuild.grf (md5sum matches)
     Added NewGRF: GRF ID 52453200, checksum DBA84425F161E178ABAFBC3232509240, filename: japanset_landscape-3.1\jpland.grf (md5sum matches)
     Added NewGRF: GRF ID 2C320A01, checksum 065916BDB63F43BBB4A686E1B4954004, filename: japanese_signals-3.0\jpsignals.grf (md5sum matches)
     Added NewGRF: GRF ID 45530500, checksum 9B4FA4BD36869D64820D6A7EF45A718D, filename: japanese_stations-3.0\jpstations.grf (md5sum matches)
     Added NewGRF: GRF ID 44503000, checksum ED024A84600D0B2605F8CBB0C1A7BEE4, filename: japanese_tracks-3.0\jptracks.grf (md5sum matches)
     Added NewGRF: GRF ID 535A0D00, checksum 6CC5E384720FB59DC44E8A2ECEB2B647, filename: japanese_train_set-3.0\jptrains.grf (md5sum matches)
     Added NewGRF: GRF ID 52453300, checksum EF6A4519AD4C18B9B9112B8D7083862D, filename: japanese_trees-3.0\jptrees.grf (md5sum matches)
     Added NewGRF: GRF ID 736C6602, checksum 2DB244FD410D77FCCE2DE6D5AF09DF51, filename: japanese_city_names-1\jpcities.grf (md5sum matches)
     Added NewGRF: GRF ID 44501401, checksum 5F46A5DE67D0168B638A878FB2D49AEB, filename: japanese_maglevs.0.1\jpmaglevw.grf (md5sum matches)
     Added NewGRF: GRF ID 4D470601, checksum 9612002827109531AA074BB0B32F6F5B, filename: logic_train-0.9\logic.grf (md5sum matches)
     Added NewGRF: GRF ID 444A5401, checksum 70955580042DE6758938EA904A2223CA, filename: nutracks-1.1.2\nutracks.grf (md5sum matches)
     Added NewGRF: GRF ID 52577801, checksum 20B5D8122F2B4AD74ADDA30E44BA8233, filename: opengfx_biggui-2.0.0\ogfx-biggui.grf (md5sum matches)
     Added NewGRF: GRF ID 4D470C03, checksum A028C475AA25CE6C7142B5FD6037BC15, filename: basesets_spriteviewer-r8\ogfx-debug.grf (md5sum matches)
     Added NewGRF: GRF ID 11223301, checksum 474A7FF52E675DED3154101B58B3E3C7, filename: 2cc_chimaera_addon.2\chim.grf (md5sum matches)
---- gamelog end ----

*** End of OpenTTD Crash Report ***

Decoded stack trace:
[00] openttd              0x000000013F2F1E0F
[01] openttd              0x000000013F14355F
[02] openttd              0x000000013F142A01
[03] openttd              0x000000013F143C60
[04] openttd              0x000000013F34AAEC
[05] USER32               0x00000000770A9BD1 TranslateMessageEx + 673
[06] USER32               0x00000000770A6AA8 SetTimer + 376
[07] USER32               0x00000000770A26F8 GetSystemMenu + 312
[08] USER32               0x00000000770A760E SetWindowTextW + 1466
[09] uxtheme              0x000007FEFB181644
[10] uxtheme              0x000007FEFB181445
[11] USER32               0x00000000770A89D3 GetWindowDC + 227
[12] openttd              0x000000013F34B100
[13] USER32               0x00000000770A8971 GetWindowDC + 129
[14] USER32               0x00000000770A72CB SetWindowTextW + 631
[15] USER32               0x00000000770A2651 GetSystemMenu + 145
[16] ntdll                0x00000000771E11F5 KiUserCallbackDispatcher + 31
[17] USER32               0x00000000770B395A mouse_event + 198
[18] USER32               0x00000000770B378B ChangeDisplaySettingsW + 31
[19] openttd              0x000000013F34AA19
[20] USER32               0x00000000770A9BD1 TranslateMessageEx + 673
[21] USER32               0x00000000770A72CB SetWindowTextW + 631
[22] USER32               0x00000000770A6829 IsDialogMessageW + 361
[23] ntdll                0x00000000771E11F5 KiUserCallbackDispatcher + 31
[24] USER32               0x000000007709CBFA DestroyWindow + 10
[25] openttd              0x000000013F349E16
[26] openttd              0x000000013F34BA54
[27] openttd              0x000000013F14498C
[28] openttd              0x000000013F262C7E
[29] openttd              0x000000013F276571
[30] openttd              0x000000013F2765BB
[31] openttd              0x000000013F164114
[32] openttd              0x000000013F15855D
[33] openttd              0x000000013F324E4B
[34] openttd              0x000000013F325132
[35] openttd              0x000000013F15402C
[36] openttd              0x000000013F16527D
[37] openttd              0x000000013F34B93D
[38] openttd              0x000000013F163CA7
[39] openttd              0x000000013F34DF2F
[40] openttd              0x000000013F43A4C4
[41] kernel32             0x0000000076F8652D BaseThreadInitThunk + 13
[42] ntdll                0x00000000771BC541 RtlUserThreadStart + 33

*** End of additional info ***
