*** OpenTTD Crash Report ***

Crash at: Tue Nov 03 20:01:28 2009

Crash reason:
 Exception: C0000005
 Location:  76F366AB
 Message:   <none>

OpenTTD version:
 Version:    r17957 (0)
 NewGRF ver: 08004625
 Bits:       32
 Endian:     little
 Dedicated:  no
 Build date: Nov  2 2009 19:27:58

Registers:
 EAX: 7FFFFFF8 EBX: 80000000 ECX: 0219ECA8 EDX: 00000000
 ESI: 021C0000 EDI: 00000000 EBP: 0012FB08 ESP: 0012FAFC
 EIP: 76F366AB EFLAGS: 00210246

 Bytes at instruction pointer:
 80 78 07 05 0F 84 4D 95 00 00 F6 40 07 3F 0F 84 51 95 00 00 3B C7 89 45

Stack trace:
 80000000 0012FB74 04BB16B0 0012FB1C 76B49A26 021C0000 00000000 80000000
 0012FB5C 0060E8A5 021C0000 00000000 80000000 94CF57F7 0012FB74 04BB1678
 04BB16B0 76F366EA 0012FB30 0012F710 0012FB84 00618930 94AE2A3B FFFFFFFE
 0012FB90 004EF3D9 80000000 00000000 04BB1678 0075FCAC 04C16E88 0219ECA8
 04C16E88 0219ECA8 0012FBCC 006324EA 00000001 0012FBD8 004EF403 04BB1678
 04BB1678 0052D1B6 00000001 021CFA60 0219ED28 004F7061 004DD161 021CFA60
 04C13338 0075FCAC 0219ED28 0012FBB8 0012FBF8 00631AB6 00000000 0012FC04
 004D94FE 004E690E 021CFA60 020C1650 020C1650 021CFA64 00000080 0012FC38
 006321D7 0000000F 0012FC44 004D860D 021CFA60 0012FC28 00501F92 007877E0
 020C4BF0 00000000 007877E0 020C1140 020C0C60 020C1140 020C0C60 0012FF78
 00632C64 FFFFFFFF 0012FCDC 004ED457 020C4BF0 007877E0 007BDC50 0042B20C
 00000000 00000001 0042BD7E 0012FCF4 0012FDF8 00000001 00000000 010000E8
 00000000 00000000 00000000 00000000 00000000 FFFFFFFF 001F187C 00000000
 00000000 00000000 00000000 FFFFFFFF 00000000 00000000 00000000 0012FEF8
 00000000 00000000 00000000 FFFFFFFF 0012FDFC 0070184C 00000000 00000000
 0012FEF8 0054679C 00000001 0012FDF8 FFFFFFFE 00000000 5C3A4322 676F7250
 206D6172 656C6946 704F5C73 54546E65 706F5C44 74746E65 78652E64 00200065
 76F3661F 00000018 00000018 0012FEB4 001A0039 00000001 00000001 000001A7
 0016003A 00000001 00000001 A60001A7 020B0348 76F368FD 7678B4BB 021C0000
 00000000 021C0194 002F001A 00000001 020C0880 020B0498 002C001B 00000001
 00000000 00000020 0012FDBC 0012FDBC 00000018 020C0980 1000223D 76F36570
 00000018 0060E98D 021C0000 00000000 00000018 020C1D70 0012FEB4 0012FEC0
 0012FDD4 0060EA23 00000018 76F3661F 0000000B 0000000B 0012FE50 005030AC
 00000018 004ECF3E 020C0880 004ECFC4 020C1D70 020C0960 0012FEB4 0012FCF5

Operating system:
 Name:    Windows
 Release: 6.0.6002 (Service Pack 2)
 MSVC:    Yes

Configuration:
 Blitter:      8bpp-optimized
 Graphics set: original_windows
 Language:     swedish.lng
 Music driver: dmusic
 Sound driver: win32
 Sound set:    original_windows
 Video driver: win32

AI Configuration:
  0: Human

Libraries:
 FreeType:   2.3.11
 ICU:        4.2.1
 PNG:        1.2.40

Module information:
 C:\Program Files\OpenTTD\openttd.exe handle: 00400000 size: 3629056 crc: D6D8F686 date: 2009-11-02 18:32:10
 C:\Windows\system32\ntdll.dll handle: 76ED0000 size: 1202168 crc: 11EF8EE5 date: 2009-04-11 06:27:49
 C:\Windows\system32\kernel32.dll handle: 76B00000 size: 891392 crc: 1164F2B3 date: 2009-04-11 06:28:20
 C:\Windows\system32\WINMM.dll handle: 746D0000 size: 189952 crc: 3E8CBFF5 date: 2009-04-11 06:28:25
 C:\Windows\system32\msvcrt.dll handle: 77080000 size: 679936 crc: B0E5331E date: 2009-04-11 06:28:22
 C:\Windows\system32\USER32.dll handle: 75750000 size: 627712 crc: 80F0F3C5 date: 2009-04-11 06:28:25
 C:\Windows\system32\GDI32.dll handle: 75700000 size: 297472 crc: 69625D80 date: 2009-04-11 06:28:19
 C:\Windows\system32\ADVAPI32.dll handle: 75580000 size: 800768 crc: D7864B03 date: 2009-04-11 06:28:17
 C:\Windows\system32\RPCRT4.dll handle: 76D30000 size: 784896 crc: 35185859 date: 2009-04-23 12:15:07
 C:\Windows\system32\ole32.dll handle: 76BE0000 size: 1316864 crc: CB56BE6B date: 2009-04-11 06:28:23
 C:\Windows\system32\OLEAUT32.dll handle: 75850000 size: 563712 crc: 12E9F438 date: 2009-04-11 06:28:23
 C:\Windows\system32\OLEACC.dll handle: 74690000 size: 215040 crc: EF3061D3 date: 2008-01-19 07:36:01
 C:\Windows\system32\WS2_32.dll handle: 76710000 size: 179200 crc: 5D581120 date: 2008-01-19 07:37:09
 C:\Windows\system32\NSI.dll handle: 76700000 size: 8192 crc: 10729B39 date: 2008-01-19 07:35:57
 C:\Windows\system32\SHELL32.dll handle: 75A00000 size: 11584000 crc: 766AA8BB date: 2009-04-11 06:28:24
 C:\Windows\system32\SHLWAPI.dll handle: 77020000 size: 353280 crc: 681AC986 date: 2009-04-11 06:28:24
 C:\Windows\system32\ShimEng.dll handle: 6D450000 size: 111104 crc: 4C4AA1E6 date: 2006-11-02 09:46:13
 C:\Windows\system32\apphelp.dll handle: 753C0000 size: 171008 crc: D24585BB date: 2009-04-11 06:28:17
 C:\Windows\AppPatch\AcGenral.DLL handle: 69CC0000 size: 2159616 crc: 2B060366 date: 2009-08-29 02:30:14
 C:\Windows\system32\UxTheme.dll handle: 740D0000 size: 240128 crc: 5F29223E date: 2008-01-19 07:36:47
 C:\Windows\system32\NETAPI32.dll handle: 75260000 size: 467456 crc: AB04ABC0 date: 2009-04-11 06:28:23
 C:\Windows\system32\PSAPI.DLL handle: 75570000 size: 12288 crc: D7B812C5 date: 2006-11-02 09:46:12
 C:\Windows\system32\MSACM32.dll handle: 736C0000 size: 71680 crc: A2E8F836 date: 2008-01-19 07:34:54
 C:\Windows\system32\VERSION.dll handle: 75400000 size: 20480 crc: 8C605EC4 date: 2009-04-11 06:28:25
 C:\Windows\system32\sfc.dll handle: 72910000 size: 4608 crc: 5D5C8D17 date: 2006-11-02 09:46:13
 C:\Windows\system32\sfc_os.dll handle: 71490000 size: 38912 crc: 705BDC57 date: 2008-01-19 07:36:24
 C:\Windows\system32\SETUPAPI.dll handle: 76970000 size: 1591296 crc: A225D6A1 date: 2009-04-11 06:28:24
 C:\Windows\system32\USERENV.dll handle: 75430000 size: 108544 crc: CC1E5DD3 date: 2009-04-11 06:28:25
 C:\Windows\system32\Secur32.dll handle: 75410000 size: 72704 crc: C962EC8E date: 2009-06-15 14:53:43
 C:\Windows\system32\dwmapi.dll handle: 72140000 size: 39936 crc: 2E8C92C0 date: 2008-01-19 07:34:07
 C:\Windows\system32\urlmon.dll handle: 76830000 size: 1208832 crc: 96509BDA date: 2009-08-27 05:22:15
 C:\Windows\system32\iertutil.dll handle: 76510000 size: 1985536 crc: 07E60AA1 date: 2009-08-27 05:17:43
 C:\Windows\system32\MPR.dll handle: 74F90000 size: 68608 crc: 30B1204C date: 2009-04-11 06:28:20
 C:\Windows\system32\IMM32.DLL handle: 77000000 size: 114688 crc: 8D83D50A date: 2009-04-11 06:28:20
 C:\Windows\system32\MSCTF.dll handle: 76E00000 size: 807424 crc: 78787E19 date: 2009-04-11 06:28:20
 C:\Windows\system32\LPK.DLL handle: 759F0000 size: 23552 crc: 2E03F135 date: 2009-06-15 14:52:42
 C:\Windows\system32\USP10.dll handle: 75650000 size: 502272 crc: 33F7104F date: 2009-04-11 06:28:25
 C:\Windows\system32\guard32.dll handle: 10000000 size: 179792 crc: 27568B5B date: 2009-09-18 16:03:36
 C:\Windows\system32\fltlib.dll handle: 753F0000 size: 14848 crc: A5DB6642 date: 2006-11-02 09:46:04
 C:\Windows\WinSxS\x86_microsoft.windows.common-controls_6595b64144ccf1df_6.0.6002.18005_none_5cb72f96088b0de0\comctl32.dll handle: 74110000 size: 1686016 crc: 1453762E date: 2009-04-11 06:21:38
 C:\Windows\system32\SHFolder.dll handle: 6F420000 size: 7168 crc: 1CA14A5C date: 2006-11-02 09:46:13
 C:\Windows\system32\wdmaud.drv handle: 73B00000 size: 167424 crc: AE942463 date: 2009-04-11 06:27:12
 C:\Windows\system32\ksuser.dll handle: 73B40000 size: 4608 crc: 4C647881 date: 2006-11-02 09:46:05
 C:\Windows\system32\MMDevAPI.DLL handle: 73CA0000 size: 150528 crc: 481F98E7 date: 2009-04-11 06:28:20
 C:\Windows\system32\AVRT.dll handle: 73B70000 size: 12800 crc: EB589AA0 date: 2008-01-19 07:33:47
 C:\Windows\system32\WINTRUST.dll handle: 74660000 size: 171520 crc: EE6B6CCB date: 2008-01-19 07:36:56
 C:\Windows\system32\CRYPT32.dll handle: 74E90000 size: 978944 crc: CE0B7499 date: 2009-04-11 06:28:18
 C:\Windows\system32\MSASN1.dll handle: 74FF0000 size: 60928 crc: D62CDC5B date: 2009-09-04 11:41:59
 C:\Windows\system32\imagehlp.dll handle: 756D0000 size: 153088 crc: EEF49677 date: 2008-01-19 07:34:32
 C:\Windows\system32\AUDIOSES.DLL handle: 73AD0000 size: 115712 crc: 9E346B3A date: 2009-04-11 06:28:18
 C:\Windows\system32\audioeng.dll handle: 737F0000 size: 397312 crc: 17666E45 date: 2008-01-19 07:33:45
 C:\Windows\system32\msacm32.drv handle: 736E0000 size: 21504 crc: 28704D00 date: 2009-04-11 06:27:12
 C:\Windows\system32\midimap.dll handle: 736B0000 size: 17408 crc: 9FC56E7F date: 2009-04-11 06:28:20
 C:\Windows\system32\CLBCatQ.DLL handle: 75960000 size: 523776 crc: C2EBF5E6 date: 2008-01-19 07:33:52
 C:\Windows\system32\dmime.dll handle: 71D00000 size: 178688 crc: 3063C87B date: 2008-01-19 07:34:04
 C:\Windows\system32\DSOUND.dll handle: 6CE20000 size: 444416 crc: 2196E709 date: 2009-04-11 06:28:19
 C:\Windows\system32\POWRPROF.dll handle: 74870000 size: 98816 crc: F5FB120D date: 2009-04-11 06:28:23
 C:\Windows\system32\dmusic.dll handle: 71CE0000 size: 101888 crc: 9C95E7AB date: 2009-04-11 06:28:18
 C:\Windows\system32\dmsynth.dll handle: 71CC0000 size: 105472 crc: A572B2E6 date: 2009-04-11 06:28:18
 C:\Windows\system32\dmloader.dll handle: 71CB0000 size: 38400 crc: 43D1875C date: 2008-01-19 07:34:04
 C:\Windows\system32\IconCodecService.dll handle: 714B0000 size: 9728 crc: D8D965A6 date: 2006-11-02 12:34:33
 C:\Windows\system32\WindowsCodecs.dll handle: 73550000 size: 712704 crc: 723ABD0D date: 2009-04-11 06:28:25
 C:\Windows\system32\mswsock.dll handle: 74B50000 size: 223232 crc: 9C4248CA date: 2009-04-11 06:28:22
 C:\Windows\system32\dmstyle.dll handle: 71C80000 size: 105472 crc: 3B1A1D06 date: 2006-11-02 12:34:33
 C:\Windows\system32\dmband.dll handle: 71C70000 size: 30208 crc: 1AE3457D date: 2006-11-02 12:34:33
 C:\Windows\system32\PROPSYS.dll handle: 73BA0000 size: 754688 crc: 5C445BDE date: 2009-04-11 06:28:23
 C:\Windows\system32\NTMARTA.DLL handle: 74890000 size: 121344 crc: 4FD04295 date: 2009-04-11 06:28:23
 C:\Windows\system32\WLDAP32.dll handle: 75800000 size: 287744 crc: 4F6B6725 date: 2009-04-11 06:28:25
 C:\Windows\system32\SAMLIB.dll handle: 75010000 size: 57344 crc: 7469563F date: 2009-04-11 06:28:24
 C:\Windows\system32\rsaenh.dll handle: 748F0000 size: 241128 crc: 1291032D date: 2009-04-11 06:27:47
 C:\Windows\system32\mssprxy.dll handle: 73D50000 size: 33280 crc: 0E85DC68 date: 2009-04-11 06:28:22

---- gamelog start ----
Tick 0: new game started
     Revision text changed to r16883, savegame version 122, not modified, _openttd_newgrf_version = 0x080041f3
     New game mode: 1 landscape: 0
     Added NewGRF: GRF ID 4D656F91, checksum F41D273AC5714577DD3A72C204B1B69B, filename: ecs_town_vector.b5__27_jun_2009_\ecstownw.grf
     Added NewGRF: GRF ID 4D656F17, checksum 29C4591139251FA114B328F7B76098AD, filename: 4LVw.grf
     Added NewGRF: GRF ID 44440A03, checksum 6205E0297104502240D946EC26B195CA, filename: av8_extra_aircraft.1.501\pb_av8exw.grf
     Added NewGRF: GRF ID 44440A01, checksum E1B68B072980D64F9BBF9213875D0B2E, filename: av8_aviators_aircraft_set.v1.331\pb_av8w.grf
     Added NewGRF: GRF ID 6D620005, checksum E4C18D726BADD37045283D24E56505FD, filename: nshp_ecs.grf
     Added NewGRF: GRF ID 27711002, checksum 3E2A2578101FFB3DD8AFC451CC43C8D0, filename: 2cc_trainset.1.0.1\2cctrainset.grf
     Added NewGRF: GRF ID 554B5201, checksum 0D9C15FF1DC9AA50702780A730D9C650, filename: uk_roadset.1.1\ukroadsetw.grf
     Added NewGRF: GRF ID 52570103, checksum EDB2D26F9D81423734CA12412F309CF3, filename: generictrams_v0.4.grf
     Added NewGRF: GRF ID FBFB0401, checksum E497AFEB67D7501658FFC709C2E474A9, filename: metro_track_set.0.2.2\metrotracksetw.grf
     Added NewGRF: GRF ID 44440111, checksum 9B5051E70D60EF2926A249B923AFB0CA, filename: uk_renewal_set.3.04\pb_ukrs.grf
     Added NewGRF: GRF ID 44442202, checksum 3DAC7433C0DA14AD3C5E8C89D73A6A2E, filename: uk_renewal_set_addon_pack.3.04\ukrsap1w.grf
Tick 1875: game loaded
     Revision text changed to r16918, savegame version 123, not modified, _openttd_newgrf_version = 0x08004216
Tick 42241: game loaded
     Revision text changed to r16994, savegame version 124, not modified, _openttd_newgrf_version = 0x08004262
Tick 45836: game loaded
     Revision text changed to r17042, savegame version 124, not modified, _openttd_newgrf_version = 0x08004292
Tick 25691: game loaded
     Revision text changed to r17897, savegame version 127, not modified, _openttd_newgrf_version = 0x080045e9
Tick 54482: game loaded
     Revision text changed to r17901, savegame version 127, not modified, _openttd_newgrf_version = 0x080045ed
Tick 36313: game loaded
     Revision text changed to r17939, savegame version 127, not modified, _openttd_newgrf_version = 0x08004613
Tick 59437: game loaded
     Revision text changed to r17957, savegame version 127, not modified, _openttd_newgrf_version = 0x08004625
---- gamelog end ----

*** End of OpenTTD Crash Report ***
