*** OpenTTD Crash Report ***

Crash at: Mon Mar 08 13:11:38 2010
In game date: 1990-05-19 (63)

Crash reason:
 Exception: E1212012
 Location:  000007FEFD52AA7D
 Message:   Assertion failed at line 489 of ..\src\station.cpp: this->PtInExtendedRect(TileX(ta.tile) + ta.w - 1, TileY(ta.tile) + ta.h - 1)

OpenTTD version:
 Version:    r19371 (0)
 NewGRF ver: 11004bab
 Bits:       64
 Endian:     little
 Dedicated:  no
 Build date: Mar  7 2010 19:27:06

Registers:
 RAX: 0000000076DA87CF RBX: 0000000000000016 RCX: 000000000016D900 RDX: 0000000000000000
 RSI: 0000000000000000 RDI: 0000000000000008 RBP: 000000013F9EA720 RSP: 000000000016DF10
 R8:  0000000000000000 R9:  0000000000000000 R10: 0000000000000000 R11: 0000000000000286
 R12: 000000013F9A6C48 R13: 000000013F6E1AF8 R14: 0000000000000001 R15: 000000007724F59B
 RIP: 000007FEFD52AA7D EFLAGS: 00000206

 Bytes at instruction pointer:
 48 81 C4 C8 00 00 00 C3 90 90 90 90 90 90 90 90 90 90 90 48 83 EC 48 83

Stack trace:
 00000016 00000000 00000000 00000000 00000008 00000000 0016DF48 00000000
 E1212012 00000000 00000000 00000000 FD52AA7D 000007FE 00000000 00000000
 00000048 00000000 00000001 00000000 00000000 00000000 00000000 00000000
 00000070 00000000 FFFFFFFF FFFFFFFF FFFFFFFF FFFFFFFF 7725C333 00000000
 00170230 00000000 7738021A 00000000 00170408 00000000 00170274 00000000
 00000000 00000000 7725A01B 00000000 00000000 00000000 773639E8 00000000
 00000001 00000000 3F7E01A9 00000001 00000016 00000000 61BF169D 00000000
 001E7980 00000000 00170230 00000000 00000000 00000000 77377DBA 00000000
 0083A1C0 00000000 7724F59B 00000000 00000001 00000000 00000000 00000000
 00009D64 00000000 00000004 00000000 05AB75E0 00000000 3F7DF42E 00000001
 00000001 00000000 05AB7638 00000000 05AB75E0 00000000 00000002 00000000
 00000000 00000000 7738FDF5 00000000 00000000 00000000 00000000 00000000
 773C939C 00000000 02000002 00000000 0016E0D8 00000000 00000030 00000003
 7724F5BA 00000000 7725BAF9 00000000 0086AF98 00000000 0016E108 00000000
 00000000 00000000 0083A1C0 00000000 00000019 00000000 00000000 00000000
 00000000 00000000 773639E8 00000000 77385DC0 00000000 7726764C 00000000
 0024083A 00000000 0083A1C0 00000000 00000001 00000000 00000001 00000000
 00000001 00000000 640A12BA 00000000 00000000 00000000 00000000 00000000
 00000001 00000000 00000010 00000000 001E7060 00000000 00170000 00000000
 001E7050 00000000 77392075 00000000 00170000 00000000 001E7001 00000000
 00000000 00000000 001E7060 00000000 0024083A 00000000 772B32C4 00000000
 00000001 00000000 0024083A 00000000 772B32C4 00000000 0016E510 00000000
 00000000 00000000 3FA231C2 00000001 00010003 00000000 00000001 00000000
 00000001 00000000 772B2825 00000000 001E7060 00000000 001E7060 00000000

Operating system:
 Name:     Windows
 Release:  6.1.7600 ()
 Compiler: MSVC 1500

Configuration:
 Blitter:      8bpp-optimized
 Graphics set: original_windows
 Language:     german.lng
 Music driver: win32
 Music set:    original_windows
 Network:      no
 Sound driver: win32
 Sound set:    original_windows
 Video driver: win32

AI Configuration (local: 0):
  0: Human
  1: AdmiralAI (v22)
  2: AdmiralAI (v22)
  3: AdmiralAI (v22)

Libraries:
 FreeType:   2.3.11
 ICU:        4.2.1
 LZO:        2.03
 PNG:        1.2.40
 Zlib:       1.2.3

Module information:
 C:\Users\root\Desktop\openttd\openttd-trunk-r19371-windows-win64\openttd.exe handle: 000000013F4F0000 size: 5178880 crc: 44262D18 date: 2010-03-07 18:31:50
 C:\Windows\SYSTEM32\ntdll.dll handle: 0000000077340000 size: 1736792 crc: 5523175A date: 2009-07-14 01:43:10
 C:\Windows\system32\kernel32.dll handle: 0000000077120000 size: 1162240 crc: 822946F0 date: 2009-07-14 01:41:13
 C:\Windows\system32\KERNELBASE.dll handle: 000007FEFD520000 size: 421376 crc: 68F689E4 date: 2009-07-14 01:41:13
 C:\Windows\system32\WINMM.dll handle: 000007FEFA770000 size: 217600 crc: 7BC1529F date: 2009-07-14 01:41:56
 C:\Windows\system32\msvcrt.dll handle: 000007FEFD860000 size: 634880 crc: 7F3E716F date: 2009-07-14 01:41:32
 C:\Windows\system32\USER32.dll handle: 0000000077240000 size: 1008640 crc: 95FA0345 date: 2009-07-14 01:41:56
 C:\Windows\system32\GDI32.dll handle: 000007FEFE2E0000 size: 404480 crc: 0F1BAE69 date: 2009-07-14 01:40:56
 C:\Windows\system32\LPK.dll handle: 000007FEFF5A0000 size: 41984 crc: 350AF03B date: 2009-07-14 01:41:19
 C:\Windows\system32\USP10.dll handle: 000007FEFDB70000 size: 801280 crc: 32EFA120 date: 2009-07-14 01:41:56
 C:\Windows\system32\WS2_32.dll handle: 000007FEFDA80000 size: 296448 crc: B9553AFD date: 2009-07-14 01:41:58
 C:\Windows\system32\RPCRT4.dll handle: 000007FEFD900000 size: 1221632 crc: D5B6358C date: 2009-07-14 01:41:53
 C:\Windows\system32\NSI.dll handle: 000007FEFD850000 size: 13824 crc: 53B46F6C date: 2009-07-14 01:41:53
 C:\Windows\system32\ADVAPI32.dll handle: 000007FEFDF50000 size: 877056 crc: FA615A20 date: 2009-07-14 01:40:01
 C:\Windows\SYSTEM32\sechost.dll handle: 000007FEFDAD0000 size: 113664 crc: 978CFAE5 date: 2009-07-14 01:41:53
 C:\Windows\system32\SHELL32.dll handle: 000007FEFE660000 size: 14161920 crc: EAA55AE5 date: 2009-07-14 01:41:54
 C:\Windows\system32\SHLWAPI.dll handle: 000007FEFE350000 size: 449536 crc: 0BFDF102 date: 2009-07-14 01:41:54
 C:\Windows\system32\IMM32.DLL handle: 000007FEFE630000 size: 167424 crc: 41B2805A date: 2009-07-14 01:41:09
 C:\Windows\system32\MSCTF.dll handle: 000007FEFF490000 size: 1067008 crc: 798DDDA0 date: 2009-07-14 01:41:28
 C:\Windows\system32\SHFolder.dll handle: 000007FEF2E90000 size: 10240 crc: 08A48DE3 date: 2009-07-14 01:41:54
 C:\Windows\system32\ole32.dll handle: 000007FEFDD20000 size: 2084352 crc: 40D2CC46 date: 2009-07-14 01:41:53
 C:\Windows\system32\MMDevAPI.DLL handle: 000007FEFC140000 size: 284160 crc: CDF2EF81 date: 2009-07-14 01:41:26
 C:\Windows\system32\PROPSYS.dll handle: 000007FEFC010000 size: 1212416 crc: 98D01BC9 date: 2009-07-14 01:41:53
 C:\Windows\system32\OLEAUT32.dll handle: 000007FEFDC40000 size: 861184 crc: C4351602 date: 2009-07-14 01:41:53
 C:\Windows\system32\wdmaud.drv handle: 000007FEFA730000 size: 217088 crc: AB6BC545 date: 2009-07-14 01:38:50
 C:\Windows\system32\ksuser.dll handle: 0000000074EA0000 size: 5120 crc: AA2071D9 date: 2009-07-14 01:41:13
 C:\Windows\system32\AVRT.dll handle: 000007FEFC000000 size: 18432 crc: 5CE53CB7 date: 2009-07-14 01:40:05
 C:\Windows\system32\SETUPAPI.dll handle: 000007FEFD670000 size: 1899520 crc: 91ED5D15 date: 2009-07-14 01:41:54
 C:\Windows\system32\CFGMGR32.dll handle: 000007FEFD590000 size: 207360 crc: 369326FC date: 2009-07-14 01:40:15
 C:\Windows\system32\DEVOBJ.dll handle: 000007FEFD350000 size: 93184 crc: A7541AE2 date: 2009-07-14 01:40:28
 C:\Windows\system32\AUDIOSES.DLL handle: 000007FEFA5B0000 size: 296448 crc: 07CA71DE date: 2009-07-14 01:40:04
 C:\Windows\system32\msacm32.drv handle: 000007FEFA5A0000 size: 25600 crc: 2B579A05 date: 2009-07-14 01:38:50
 C:\Windows\system32\MSACM32.dll handle: 000007FEFA580000 size: 83456 crc: 3D67538B date: 2009-07-14 01:41:27
 C:\Windows\system32\midimap.dll handle: 000007FEFA570000 size: 20480 crc: CB902A13 date: 2009-07-14 01:41:23
 C:\Windows\system32\CRYPTBASE.dll handle: 000007FEFD1D0000 size: 44032 crc: F547C16E date: 2009-07-14 01:40:24
 C:\Windows\system32\CLBCatQ.DLL handle: 000007FEFF3F0000 size: 607744 crc: 939E35C9 date: 2009-07-14 01:40:15
 C:\Windows\system32\uxtheme.dll handle: 000007FEFAD00000 size: 332288 crc: B0A13DF9 date: 2009-07-14 01:41:56
 C:\Windows\system32\dwmapi.dll handle: 000007FEFA920000 size: 82432 crc: A459F360 date: 2009-07-14 01:40:34
 C:\Windows\system32\mswsock.dll handle: 000007FEFCB10000 size: 320000 crc: EA387916 date: 2009-07-14 01:41:34
 C:\Windows\System32\wshtcpip.dll handle: 000007FEFC4E0000 size: 13312 crc: 5D1E2C55 date: 2009-07-14 01:41:58
 C:\Windows\system32\psapi.dll handle: 0000000077500000 size: 9216 crc: 84B5E9BA date: 2009-07-14 01:41:53

---- gamelog start ----
Tick 0: new game started
     Revision text changed to r19371, savegame version 139, not modified, _openttd_newgrf_version = 0x11004bab
     New game mode: 1 landscape: 1
---- gamelog end ----

*** End of OpenTTD Crash Report ***
