*** OpenTTD Crash Report ***

Crash at: Tue Apr 26 15:22:04 2016
In game date: 2051-05-09 (27)

Crash reason:
 Exception: C0000005
 Location:  00007FF76C6C768A
 Message:   <none>

OpenTTD version:
 Version:    1.6.0 (0)
 NewGRF ver: 16086b8c
 Bits:       64
 Endian:     little
 Dedicated:  no
 Build date: Apr  1 2016 18:51:06

Registers:
 RAX: 00000000035C5190 RBX: 0000000002BE9730 RCX: 00000000035E6FC0 RDX: 0000000000000073
 RSI: 0000000002BE9730 RDI: 0000000000000002 RBP: 0000000000000000 RSP: 000000000014F040
 R8:  0000000000000002 R9:  00000000035C2550 R10: FFFFFFFFFCA19040 R11: 00007FF76C92E238
 R12: 000000000158CA1B R13: 000000000000FFFF R14: 0000000000000000 R15: 0000000000000001
 RIP: 00007FF76C6C768A EFLAGS: 00010283

 Bytes at instruction pointer:
 46 0F B6 1C 11 41 2B D3 75 08 48 FF C1 45 85 DB 75 EB 85 D2 74 46 48 8B

Stack trace:
 0014F078 00000000 00000030 00000002 8F122134 00007FFF 00000000 00000000
 00000002 00000000 035ED610 00000000 00000000 00000000 6C6ECC4E 00007FF7
 00000084 00000000 00000000 00000000 02BE9730 00000000 6C7A67B8 00007FF7
 00000002 00000000 035ED610 00000000 0014F300 00000000 6C6EEE21 00007FF7
 921DDA06 0000038B 00000000 00000000 035ED610 00000000 FFB06C54 FFD49480
 00000000 00000000 6C6479E2 00007FF7 021A6010 00000000 FFFC3C00 FFFC5400
 FF140000 FFFF0000 FF000000 FFF0D000 00000018 00000000 6C5CBE71 00007FF7
 FF2C507C FF305480 021A6010 00000000 FFACD0E0 FF486490 FF486490 FF486490
 0158C9FD 00000000 6C597942 00007FF7 0158C900 00000000 0158C9FD 00000000
 00000000 00000000 00000000 00000000 00000000 00000000 00000000 00000000
 00000070 00000000 FFFFFFFF FFFFFFFF FFFFFFFF FFFFFFFF 8F101665 00007FFF
 8F1018DC 00007FFF 00000000 00000000 00000000 00000000 001E047C 00000000
 00000000 00000000 0158C9FC 00000000 0014F290 00000000 8F100D86 00007FFF
 00CC2DE0 00000000 6C7A5CB0 00007FF7 001E047C 00000000 00252800 00000000
 00000001 00000000 0158C9FD 00000000 00000000 00000000 8F10C6EF 00007FFF
 001E047C 00000000 8EC21139 00007FFF 00000001 00000000 00000000 00000000
 0158C9DE 00000000 0158C9FC 00000000 00000000 00000000 6C7A78C9 00007FF7
 0158C9FD 00000000 0014F300 00000000 0158C9EE 00000000 0158C9EE 00000000
 00000001 00000000 00000001 00007FF7 001E047C 00000000 00000113 00000000
 00000001 00000000 6C7A5CB0 00007FF7 0158C9FD 00000396 000001A6 00000000
 00000001 00000000 00000000 00000000 00000006 00000000 00000007 00000000
 00000000 00000000 6C5961F1 00007FF7 00000000 00000000 0014F3F0 00000000
 00000000 00000000 00000000 00000000 02260101 00000000 00000030 00000000
 0000021A 00000000 00000000 00000000 6C540000 00007FF7 00000080 01000000

Operating system:
 Name:     Windows
 Release:  6.2.9200 ()
 Compiler: MSVC 1600

Configuration:
 Blitter:      32bpp-anim
 Graphics set: OpenGFX (5580)
 Language:     C:\Program Files\OpenTTD\lang\english.lng
 Music driver: win32
 Music set:    NoMusic (0)
 Network:      no
 Sound driver: win32
 Sound set:    OpenSFX (87)
 Video driver: win32

Fonts:
 Small:  sprite
 Medium: sprite
 Large:  sprite
 Mono:   sprite

AI Configuration (local: 0):
  0: Human

Libraries:
 FreeType:   2.4.11
 LZMA:       5.0.4
 LZO:        2.06
 PNG:        1.5.14
 Zlib:       1.2.7

Module information:
 C:\Program Files\OpenTTD\openttd.exe handle: 00007FF76C540000 size: 4979200 crc: 3C1A7EB8 date: 2016-04-01 18:55:04
 C:\WINDOWS\SYSTEM32\ntdll.dll handle: 00007FFF91790000 size: 1818696 crc: 58CFBA79 date: 2016-04-20 05:24:14
 C:\WINDOWS\system32\KERNEL32.DLL handle: 00007FFF90960000 size: 705584 crc: DD3F02D6 date: 2015-10-30 07:17:46
 C:\WINDOWS\system32\KERNELBASE.dll handle: 00007FFF8E010000 size: 1997328 crc: 5839649B date: 2016-04-20 05:24:14
 C:\WINDOWS\system32\apphelp.dll handle: 00007FFF8C3F0000 size: 479744 crc: 702D6C0F date: 2015-10-30 07:17:50
 C:\WINDOWS\system32\WS2_32.dll handle: 00007FFF8EB70000 size: 430816 crc: C93B2BDA date: 2015-10-30 07:18:03
 C:\WINDOWS\system32\sechost.dll handle: 00007FFF90DE0000 size: 371360 crc: F09DC2E8 date: 2015-10-30 07:18:03
 C:\WINDOWS\system32\RPCRT4.dll handle: 00007FFF90E40000 size: 1162144 crc: 618F4F4A date: 2015-10-30 07:18:03
 C:\WINDOWS\SYSTEM32\WINMM.dll handle: 00007FFF8C2A0000 size: 121992 crc: B480264F date: 2015-10-30 07:17:57
 C:\WINDOWS\system32\IMM32.dll handle: 00007FFF907C0000 size: 230416 crc: D52158C0 date: 2015-10-30 07:17:58
 C:\WINDOWS\system32\msvcrt.dll handle: 00007FFF91540000 size: 633760 crc: 247C0236 date: 2015-10-30 07:18:03
 C:\WINDOWS\system32\USER32.dll handle: 00007FFF8F0F0000 size: 1399224 crc: B7761272 date: 2016-02-13 17:32:09
 C:\WINDOWS\SYSTEM32\WINMMBASE.dll handle: 00007FFF8C240000 size: 166344 crc: F410A696 date: 2015-10-30 07:17:57
 C:\WINDOWS\system32\GDI32.dll handle: 00007FFF8EBE0000 size: 1594408 crc: 8265219D date: 2016-02-13 17:32:09
 C:\WINDOWS\system32\cfgmgr32.dll handle: 00007FFF8EB20000 size: 264488 crc: 1178E451 date: 2015-10-30 07:17:50
 C:\WINDOWS\system32\ADVAPI32.dll handle: 00007FFF90D00000 size: 671472 crc: A52B4190 date: 2016-02-13 17:32:22
 C:\WINDOWS\system32\SHELL32.dll handle: 00007FFF8F250000 size: 22564328 crc: 25780887 date: 2016-04-20 05:24:14
 C:\WINDOWS\system32\windows.storage.dll handle: 00007FFF8E200000 size: 6607080 crc: 56B734FC date: 2016-04-20 05:24:09
 C:\WINDOWS\system32\combase.dll handle: 00007FFF90A10000 size: 2606824 crc: 10B62289 date: 2016-02-13 17:32:09
 C:\WINDOWS\system32\bcryptPrimitives.dll handle: 00007FFF8E850000 size: 431296 crc: 9F19A044 date: 2015-10-30 07:18:03
 C:\WINDOWS\system32\shlwapi.dll handle: 00007FFF8EEC0000 size: 332104 crc: 9EA86865 date: 2015-10-30 07:18:14
 C:\WINDOWS\system32\kernel.appcore.dll handle: 00007FFF8DD90000 size: 45016 crc: A6EF8C2D date: 2015-10-30 07:17:47
 C:\WINDOWS\system32\shcore.dll handle: 00007FFF8EA60000 size: 726288 crc: 73E14A03 date: 2015-10-30 07:18:16
 C:\WINDOWS\system32\powrprof.dll handle: 00007FFF8DDD0000 size: 294472 crc: C01CDE24 date: 2015-10-30 07:17:48
 C:\WINDOWS\system32\profapi.dll handle: 00007FFF8DDB0000 size: 68752 crc: 530B5C2C date: 2015-10-30 07:18:03
 C:\WINDOWS\system32\uxtheme.dll handle: 00007FFF8C660000 size: 589312 crc: 5FCF2AF5 date: 2015-10-30 07:18:15
 C:\WINDOWS\system32\MSCTF.dll handle: 00007FFF90800000 size: 1415200 crc: 4FB7AA27 date: 2016-02-13 17:32:14
 C:\WINDOWS\system32\dwmapi.dll handle: 00007FFF8C380000 size: 107520 crc: F19EA449 date: 2015-10-30 07:17:58
 C:\WINDOWS\system32\mswsock.dll handle: 00007FFF8D660000 size: 357216 crc: 31E14371 date: 2015-10-30 07:18:03
 C:\WINDOWS\SYSTEM32\MMDevAPI.DLL handle: 00007FFF8A8F0000 size: 440120 crc: 7B397B17 date: 2015-10-30 07:17:57
 C:\WINDOWS\SYSTEM32\DEVOBJ.dll handle: 00007FFF8C860000 size: 149816 crc: D9B3F76C date: 2015-10-30 07:17:50
 C:\WINDOWS\SYSTEM32\PROPSYS.dll handle: 00007FFF8BCD0000 size: 1603224 crc: E0F4EB2A date: 2015-10-30 07:17:59
 C:\WINDOWS\system32\OLEAUT32.dll handle: 00007FFF91610000 size: 785088 crc: 372AF6B1 date: 2015-10-30 07:18:03
 C:\WINDOWS\SYSTEM32\wdmaud.drv handle: 00007FFF89F70000 size: 245248 crc: ACC4D569 date: 2015-10-30 07:17:57
 C:\WINDOWS\SYSTEM32\ksuser.dll handle: 00007FFF89F60000 size: 22752 crc: 6642CF0D date: 2015-10-30 07:17:57
 C:\WINDOWS\SYSTEM32\AVRT.dll handle: 00007FFF89CE0000 size: 32592 crc: 7C87F235 date: 2015-10-30 07:17:57
 C:\WINDOWS\SYSTEM32\AUDIOSES.DLL handle: 00007FFF8C2D0000 size: 536256 crc: F1B31B9B date: 2016-04-20 05:24:14
 C:\WINDOWS\SYSTEM32\wintypes.dll handle: 00007FFF888A0000 size: 1270072 crc: D09BD426 date: 2016-02-13 17:32:09
 C:\WINDOWS\SYSTEM32\msacm32.drv handle: 00007FFF84A80000 size: 27648 crc: ABE231B6 date: 2015-10-30 07:17:57
 C:\WINDOWS\SYSTEM32\MSACM32.dll handle: 00007FFF84A60000 size: 105392 crc: FE9F1281 date: 2015-10-30 07:17:57
 C:\WINDOWS\SYSTEM32\midimap.dll handle: 00007FFF84A20000 size: 25088 crc: 7C988B63 date: 2015-10-30 07:17:57
 C:\WINDOWS\system32\clbcatq.dll handle: 00007FFF916E0000 size: 662704 crc: 0C48BB7E date: 2015-10-30 07:17:51
 C:\WINDOWS\system32\psapi.dll handle: 00007FFF915E0000 size: 18656 crc: 4BB4B30F date: 2015-10-30 07:17:50

---- gamelog start ----
Tick 62675: game loaded
Conversion from OTTD savegame without gamelog: version 4, 1
Revision text changed to 1.6.0, savegame version 194, not modified, _openttd_newgrf_version = 0x16086b8c
New game mode: 0 landscape: 1
---- gamelog end ----

*** End of OpenTTD Crash Report ***

Decoded stack trace:
[00] openttd              0x00007FF76C6C768A
[01] openttd              0x00007FF76C6ECC4E
[02] openttd              0x00007FF76C6EEE21
[03] openttd              0x00007FF76C6479E2
[04] openttd              0x00007FF76C5CBE71
[05] openttd              0x00007FF76C597942
[06] openttd              0x00007FF76C7A78C9
[07] openttd              0x00007FF76C5961F1
[08] openttd              0x00007FF76C7A9FA9
[09] openttd              0x00007FF76C827220
[10] KERNEL32             0x00007FFF90978102 BaseThreadInitThunk + 34
[11] ntdll                0x00007FFF917EC5B4 RtlUserThreadStart + 52

*** End of additional info ***
