*** OpenTTD Crash Report ***

Crash at: Sat Jan 09 09:35:15 2010
In game date: 1963-12-31 (49)

Crash reason:
 Exception: E1212012
 Location:  000007FEFDA4AA7D
 Message:   Assertion failed at line 92 of ..\src\tree_cmd.cpp: CanPlantTreesOnTile(tile, true)

OpenTTD version:
 Version:    1.0.0-beta2 (0)
 NewGRF ver: 1000492f
 Bits:       64
 Endian:     little
 Dedicated:  no
 Build date: Jan  5 2010 21:26:14

Registers:
 RAX: 00000000778B0E09 RBX: 0000000000000016 RCX: 000000000020DDB0 RDX: 0000000000000000
 RSI: 0000000000000000 RDI: 0000000000000008 RBP: 0000000000000011 RSP: 000000000020E3C0
 R8:  0000000000000000 R9:  0000000000000000 R10: 0000000000000000 R11: 0000000000000286
 R12: 0000000140428EA0 R13: 00000001401661AC R14: 0000000000000001 R15: 000000000077D2C0
 RIP: 000007FEFDA4AA7D EFLAGS: 00000206

 Bytes at instruction pointer:
 48 81 C4 C8 00 00 00 C3 90 90 90 90 90 90 90 90 90 90 90 48 83 EC 48 83

Stack trace:
 00000016 00000000 00000000 00000000 00000008 00000000 00000000 00000000
 E1212012 00000000 00000000 00000000 FDA4AA7D 000007FE 00000000 00000000
 00000000 00000000 77902049 00000000 00070000 00000000 00000202 00000000
 00000001 00000000 00000000 00000000 00000000 00000000 7790201B 00000000
 00320230 00000000 77A3021A 00000000 003203A8 00000000 00000000 00000000
 00000070 00000000 FFFFFFFF FFFFFFFF 00000000 00000000 7790C333 00000000
 00000001 00000000 40263BD5 00000001 00000016 00000000 2F414F4C 00000000
 00000000 00000000 7790C60A 00000000 0020E5F0 00000000 77A27DBA 00000000
 00750890 00000000 0077D2C0 00000000 00000001 00000000 00000000 00000000
 00000000 00000000 00000011 00000000 00035698 00000000 40262ECE 00000001
 00000001 00000000 00035698 00000000 001AB4C0 00000000 00000002 00000000
 00750890 00000000 77909FAC 00000000 00000000 00000000 00000000 00000000
 77A7939C 00000000 00000001 00000000 00000001 00000000 00000000 00000000
 00000000 00000000 7790BAF9 00000000 00743DE8 00000000 7790A54D 00000000
 00000000 00000000 00000000 00000000 00000000 00000000 00000001 00000000
 000702C2 00000000 00000001 00000000 00750890 00000000 77917604 00000000
 00020294 00000000 00750890 00000000 00000001 00000000 00000001 00000000
 00000001 00000000 A50A079D FFFFFFFF 00000000 00000000 00000000 00000000
 00000001 00000000 00000010 00000000 04CEA0C0 00000000 00320000 00000000
 04CEA0B0 00000000 77A42075 00000000 00320000 00000000 04CEA001 00000000
 00000000 00000000 04CEA0C0 00000000 00020294 00000000 779632C4 00000000
 00000001 00000000 00020294 00000000 779632C4 00000000 0020E9C0 00000000
 00000000 00000000 404A0AC8 00000001 00010003 00000000 00000001 00000000
 00000000 00000000 77962825 00000000 04CEA0C0 00000000 04CEA0C0 00000000

Operating system:
 Name:    Windows
 Release: 6.1.7600 ()
 MSVC:    Yes

Configuration:
 Blitter:      8bpp-optimized
 Graphics set: original_windows
 Language:     hungarian.lng
 Music driver: win32
 Music set:    original_windows
 Sound driver: win32
 Sound set:    OpenSFX
 Video driver: win32

AI Configuration:
  0: Human
  1: AdmiralAI (v22)
  2: ChooChoo (v306)
  3: AdmiralAI (v22)
  4: AdmiralAI (v22)

Libraries:
 FreeType:   2.3.11
 ICU:        4.2.1
 PNG:        1.2.40

Module information:
 C:\Program Files\OpenTTD\openttd.exe handle: 000000013FF80000 size: 5119488 crc: 0D8BCF41 date: 2010-01-05 21:29:38
 C:\Windows\SYSTEM32\ntdll.dll handle: 00000000779F0000 size: 1736792 crc: 5523175A date: 2009-07-14 01:43:10
 C:\Windows\system32\kernel32.dll handle: 00000000777D0000 size: 1162240 crc: 822946F0 date: 2009-07-14 01:41:13
 C:\Windows\system32\KERNELBASE.dll handle: 000007FEFDA40000 size: 421376 crc: 68F689E4 date: 2009-07-14 01:41:13
 C:\Windows\system32\WINMM.dll handle: 000007FEFB650000 size: 217600 crc: 7BC1529F date: 2009-07-14 01:41:56
 C:\Windows\system32\msvcrt.dll handle: 000007FEFE040000 size: 634880 crc: 7F3E716F date: 2009-07-14 01:41:32
 C:\Windows\system32\USER32.dll handle: 00000000778F0000 size: 1008640 crc: 95FA0345 date: 2009-07-14 01:41:56
 C:\Windows\system32\GDI32.dll handle: 000007FEFE3F0000 size: 404480 crc: 0F1BAE69 date: 2009-07-14 01:40:56
 C:\Windows\system32\LPK.dll handle: 000007FEFDE00000 size: 41984 crc: 350AF03B date: 2009-07-14 01:41:19
 C:\Windows\system32\USP10.dll handle: 000007FEFFB50000 size: 801280 crc: 32EFA120 date: 2009-07-14 01:41:56
 C:\Windows\system32\WS2_32.dll handle: 000007FEFF970000 size: 296448 crc: B9553AFD date: 2009-07-14 01:41:58
 C:\Windows\system32\RPCRT4.dll handle: 000007FEFF840000 size: 1221632 crc: D5B6358C date: 2009-07-14 01:41:53
 C:\Windows\system32\NSI.dll handle: 000007FEFF9C0000 size: 13824 crc: 53B46F6C date: 2009-07-14 01:41:53
 C:\Windows\system32\ADVAPI32.dll handle: 000007FEFDD20000 size: 877056 crc: FA615A20 date: 2009-07-14 01:40:01
 C:\Windows\SYSTEM32\sechost.dll handle: 000007FEFF310000 size: 113664 crc: 978CFAE5 date: 2009-07-14 01:41:53
 C:\Windows\system32\SHELL32.dll handle: 000007FEFE580000 size: 14161920 crc: EAA55AE5 date: 2009-07-14 01:41:54
 C:\Windows\system32\SHLWAPI.dll handle: 000007FEFE500000 size: 449536 crc: 0BFDF102 date: 2009-07-14 01:41:54
 C:\Windows\system32\IMM32.DLL handle: 000007FEFE230000 size: 167424 crc: 41B2805A date: 2009-07-14 01:41:09
 C:\Windows\system32\MSCTF.dll handle: 000007FEFE2E0000 size: 1067008 crc: 798DDDA0 date: 2009-07-14 01:41:28
 C:\Windows\system32\SHFolder.dll handle: 000007FEFB2D0000 size: 10240 crc: 08A48DE3 date: 2009-07-14 01:41:54
 C:\Windows\system32\ole32.dll handle: 000007FEFF330000 size: 2084352 crc: 40D2CC46 date: 2009-07-14 01:41:53
 C:\Windows\system32\MMDevAPI.DLL handle: 000007FEFBDC0000 size: 284160 crc: CDF2EF81 date: 2009-07-14 01:41:26
 C:\Windows\system32\PROPSYS.dll handle: 000007FEFC3D0000 size: 1212416 crc: 98D01BC9 date: 2009-07-14 01:41:53
 C:\Windows\system32\OLEAUT32.dll handle: 000007FEFFC20000 size: 861184 crc: C4351602 date: 2009-07-14 01:41:53
 C:\Windows\system32\wdmaud.drv handle: 000007FEFB540000 size: 217088 crc: AB6BC545 date: 2009-07-14 01:38:50
 C:\Windows\system32\ksuser.dll handle: 0000000075710000 size: 5120 crc: AA2071D9 date: 2009-07-14 01:41:13
 C:\Windows\system32\AVRT.dll handle: 000007FEFBB00000 size: 18432 crc: 5CE53CB7 date: 2009-07-14 01:40:05
 C:\Windows\system32\SETUPAPI.dll handle: 000007FEFDE60000 size: 1899520 crc: 91ED5D15 date: 2009-07-14 01:41:54
 C:\Windows\system32\CFGMGR32.dll handle: 000007FEFDA00000 size: 207360 crc: 369326FC date: 2009-07-14 01:40:15
 C:\Windows\system32\DEVOBJ.dll handle: 000007FEFDAB0000 size: 93184 crc: A7541AE2 date: 2009-07-14 01:40:28
 C:\Windows\system32\AUDIOSES.DLL handle: 000007FEFB2F0000 size: 296448 crc: 07CA71DE date: 2009-07-14 01:40:04
 C:\Windows\system32\msacm32.drv handle: 000007FEFB230000 size: 25600 crc: 2B579A05 date: 2009-07-14 01:38:50
 C:\Windows\system32\MSACM32.dll handle: 000007FEFB1F0000 size: 83456 crc: 3D67538B date: 2009-07-14 01:41:27
 C:\Windows\system32\midimap.dll handle: 000007FEFB1E0000 size: 20480 crc: CB902A13 date: 2009-07-14 01:41:23
 C:\Windows\system32\CRYPTBASE.dll handle: 000007FEFD880000 size: 44032 crc: F547C16E date: 2009-07-14 01:40:24
 C:\Windows\system32\CLBCatQ.DLL handle: 000007FEFF540000 size: 607744 crc: 939E35C9 date: 2009-07-14 01:40:15
 C:\Windows\system32\uxtheme.dll handle: 000007FEFC1D0000 size: 332288 crc: B0A13DF9 date: 2009-07-14 01:41:56
 C:\Windows\system32\dwmapi.dll handle: 000007FEFBDA0000 size: 82432 crc: A459F360 date: 2009-07-14 01:40:34
 C:\Windows\system32\mswsock.dll handle: 000007FEFD1A0000 size: 320000 crc: EA387916 date: 2009-07-14 01:41:34
 C:\Windows\System32\wshtcpip.dll handle: 000007FEFCB90000 size: 13312 crc: 5D1E2C55 date: 2009-07-14 01:41:58
 C:\Windows\system32\mciseq.dll handle: 000007FEFB070000 size: 28672 crc: 61BC1358 date: 2009-07-14 01:41:21
 C:\Windows\system32\psapi.dll handle: 0000000077BB0000 size: 9216 crc: 84B5E9BA date: 2009-07-14 01:41:53

---- gamelog start ----
Tick 0: new game started
     Revision text changed to 1.0.0-beta2, savegame version 135, not modified, _openttd_newgrf_version = 0x1000492f
     New game mode: 1 landscape: 1
---- gamelog end ----

*** End of OpenTTD Crash Report ***
