*** OpenTTD Crash Report ***

Crash at: Sun Jan 24 22:43:32 2010
In game date: 1950-01-01 (0)

Crash reason:
 Signal:  Bus error (10)
 Message: <none>

OpenTTD version:
 Version:    r18912M (2)
 NewGRF ver: 100049e0
 Bits:       32
 Endian:     little
 Dedicated:  no
 Build date: Jan 24 2010 23:34:15


Stacktrace:
 [00] openttd              0x001283de (CrashLog::FillCrashLog(char*, char const*) const + 334)
 [01] openttd              0x00209adb (HandleCrash(int) + 251)
 [02] libSystem.B.dylib    0x931f59bb (_sigtramp + 43)
 [03] ???                  0xffffffff
 [04] openttd              0x001cbd44 (FeatureChangeInfo(ByteReader*) + 292)
 [05] openttd              0x001cf031 (DecodeSpecialSprite(unsigned char*, unsigned int, GrfLoadingStage) + 241)
 [06] openttd              0x001cffc3 (LoadNewGRFFile(GRFConfig*, unsigned int, GrfLoadingStage) + 931)
 [07] openttd              0x001d0c34 (LoadNewGRF(unsigned int, unsigned int) + 3012)
 [08] openttd              0x00159bd8 (GfxLoadSprites() + 808)
 [09] openttd              0x00151a13 (GenerateWorld(GenWorldMode, unsigned int, unsigned int, bool) + 227)
 [10] openttd              0x001fbd5c (MakeNewGame(bool, bool) + 172)
 [11] openttd              0x001fbe6d (SwitchToMode(SwitchMode) + 253)
 [12] openttd              0x001fc698 (GameLoop() + 520)
 [13] openttd              0x0035335c (QZ_GameLoop() + 2252)
 [14] openttd              0x0035192b (-[OTTDMain applicationDidFinishLaunching:] + 11)
 [15] Foundation           0x988481c7 (_nsnote_callback + 176)
 [16] CoreFoundation       0x923789a9 (__CFXNotificationPost + 905)
 [17] CoreFoundation       0x923783da (_CFXNotificationPostNotification + 186)
 [18] Foundation           0x9883d094 (-[NSNotificationCenter postNotificationName:object:userInfo:] + 128)
 [19] Foundation           0x9884a471 (-[NSNotificationCenter postNotificationName:object:] + 56)
 [20] AppKit               0x9492f73a (-[NSApplication _postDidFinishNotification] + 125)
 [21] AppKit               0x9492f64a (-[NSApplication _sendFinishLaunchingNotification] + 74)
 [22] AppKit               0x94a86595 (-[NSApplication(NSAppleEventHandling) _handleAEOpen:] + 274)
 [23] AppKit               0x94a861b5 (-[NSApplication(NSAppleEventHandling) _handleCoreEvent:withReplyEvent:] + 101)
 [24] Foundation           0x9887d404 (-[NSAppleEventManager dispatchRawAppleEvent:withRawReply:handlerRefCon:] + 511)
 [25] Foundation           0x9887d1c8 (_NSAppleEventManagerGenericHandler + 228)
 [26] AE                   0x966f8f3a (aeDispatchAppleEvent(AEDesc const*, AEDesc*, unsigned long, unsigned char*) + 166)
 [27] AE                   0x966f8e39 (dispatchEventAndSendReply(AEDesc const*, AEDesc*) + 43)
 [28] AE                   0x966f8d46 (aeProcessAppleEvent + 197)
 [29] HIToolbox            0x93ed92a1 (AEProcessAppleEvent + 50)
 [30] AppKit               0x948ffd02 (_DPSNextEvent + 1420)
 [31] AppKit               0x948ff306 (-[NSApplication nextEventMatchingMask:untilDate:inMode:dequeue:] + 156)
 [32] AppKit               0x948c149f (-[NSApplication run] + 821)
 [33] openttd              0x003518bf (VideoDriver_Cocoa::MainLoop() + 31)
 [34] openttd              0x001fda74 (ttd_main(int, char**) + 5028)
 [35] openttd              0x0020a9d2 (main + 146)
 [36] openttd              0x00039e85 (start + 53)

Operating system:
 Name:     Mac OS X
 Release:  10.6.2
 Machine:  Intel 80486
 Min Ver:  1040
 Compiler: GCC 4.2.1 "4.2.1 (Apple Inc. build 5646)"

Configuration:
 Blitter:      32bpp-simple
 Graphics set: original_windows
 Language:     german.lng
 Music driver: cocoa
 Music set:    NoMusic
 Network:      no
 Sound driver: cocoa
 Sound set:    original_windows
 Video driver: cocoa

AI Configuration (local: 255):

Libraries:
 FreeType:   2.3.9
 PNG:        1.2.35
 Zlib:       1.2.3

---- gamelog start ----
Tick 0: new game started
     Revision text changed to r18912M, savegame version 137, modified, _openttd_newgrf_version = 0x100049e0
     New game mode: 1 landscape: 0
     Added NewGRF: GRF ID 45530400, checksum 73C9EACB8825E46D9BA27090A1B56506, filename: Stations/jpstationsw_old.grf
---- gamelog end ----

*** End of OpenTTD Crash Report ***
