*** OpenTTD Crash Report ***
Date: 2008-01-24 03:18:03
Build: 0.6.0-beta3 built on Jan 15 2008 22:01:30
Reason: Assertion failed at d:\developpement\ottd\0.6.0-beta3\src\engine.h:254: e >= AIRCRAFT_ENGINES_INDEX && e < AIRCRAFT_ENGINES_INDEX + lengthof(_aircraft_vehicle_info)
Exception C0000005 at 00475C2E
Registers:
 EAX: 00CA13E8 EBX: 0012FB88 ECX: 0012F8D4 EDX: 00CA148D
 ESI: 0469C948 EDI: 00C74BB8 EBP: 0012FB3C ESP: 0012FAEC
 EIP: 00475C2E EFLAGS: 00010202

Bytes at CS:EIP:
 C6 05 00 00 00 00 00 0F B7 44 24 08 2D D7 00 00 00 6B C0 0C 8A 80 BB E6

Stack trace: 
 03956940 004760E6 00000000 00000000 000636D4 00002D40 01000000 0469C948
 00453461 0057FC80 00660000 00000000 00920001 000000FE 00660000 006603B0
 0012FFB0 0051F8C4 00000000 000636D4 0012FBA8 00405655 00000000 00010904
 00920001 02038F58 02038F40 00000000 00444A27 0012FB90 000018D0 00002D40
 00475E4F 00008850 00000000 00000200 00000000 00000000 7F01FFFF 0012FBE0
 7C80243C 0012FBA4 7C80240F 01348DDE 01348DDE 00000000 0041CEFF 0012FBE4
 0041CF29 000636D4 00010904 00920001 00000000 8850082D 00000000 01348DDE
 0041BADE 01348DE8 0041BB43 00000000 0041BCB7 00002733 0012FBF4 00424F96
 00000000 00000064 7E41F3B3 004CFDEA 00663CB0 005DD05C 0012FD10 00000000
 01348DE8 01348E06 00000000 00000000 00000000 00000000 0000C101 0000000F
 00000000 00B91A6B 00000200 00000180 004244B8 0012FD24 00000001 00000001
 0001FC80 00000000 00000008 FFFFFFFF 00000000 00000000 00000000 FFFFFFFF
 0012FE2C 00580578 00000000 7C90EE18 FFFFFFFF 00000000 00000000 00000000
 00000000 00020600 0012FCBC 7C821692 0000002C FFFFFFFF 0000002A 00000104
 0000FDE9 0012FD00 00000001 00000029 0012FCE8 7C8215EB 0000FDE9 00000000
 00020678 FFFFFF00 0012FD24 00000104 00000000 00000000 00000A28 0012FF28
 00443763 0000FD00 00000000 00020678 FFFFFFFF 0012FD24 00000104 00002F6C
 0012FF28 0012FF28 00443328 0012FE28 00000A28 00000002 5C3A4322 676F7250
 206D6172 656C6946 706F5C73 74746E65 6F5C3664 746E6570 652E6474 20006578
 00B86800 0012FEDC 0000000A 0012FEDC 0000000A 0012FD78 00403F8B 00B86868
 0000000F 0012FEDC 0000000A 0012FD9C 00404B36 00B86868 0000000F 00404B41
 0000000A 00B86864 00B86864 0012FED8 0012FDDC 00404A32 0012FED8 00000000
 FFFFFFFF 00B86858 004CEC61 0012FED8 00B86670 00B82C00 00B82C00 00B86858
 0012FDBC 0012FE40 0051E9A8 00000001 0012FE4C 004CEABC 00B86638 004CEB3C

Module information:
 C:\Program Files\openttd6\openttd.exe handle: 00400000 size: 1782272 crc: 6969C673 date: 2008-01-15 21:06:22
 C:\WINDOWS\system32\ntdll.dll handle: 7C900000 size: 708096 crc: A5A50370 date: 2004-08-04 07:56:36
 C:\WINDOWS\system32\kernel32.dll handle: 7C800000 size: 984576 crc: 2CCFBF2B date: 2007-04-16 15:52:53
 C:\WINDOWS\system32\WINMM.dll handle: 76B40000 size: 176128 crc: 123646FA date: 2004-08-04 07:56:46
 C:\WINDOWS\system32\USER32.dll handle: 7E410000 size: 577536 crc: DF3237C6 date: 2007-03-08 15:36:28
 C:\WINDOWS\system32\GDI32.dll handle: 77F10000 size: 282112 crc: F0029774 date: 2007-06-19 13:31:19
 C:\WINDOWS\system32\ADVAPI32.dll handle: 77DD0000 size: 616960 crc: 5E7A2F0A date: 2004-08-04 07:56:41
 C:\WINDOWS\system32\RPCRT4.dll handle: 77E70000 size: 582656 crc: 33676481 date: 2007-07-09 13:16:16
 C:\WINDOWS\system32\WS2_32.dll handle: 71AB0000 size: 82944 crc: 9738CC56 date: 2004-08-04 07:56:46
 C:\WINDOWS\system32\msvcrt.dll handle: 77C10000 size: 343040 crc: 5298C0C5 date: 2004-08-04 07:56:43
 C:\WINDOWS\system32\WS2HELP.dll handle: 71AA0000 size: 19968 crc: F5DD5AB6 date: 2004-08-04 07:56:46
 C:\WINDOWS\system32\IMM32.DLL handle: 76390000 size: 110080 crc: FD65A0DD date: 2004-08-04 07:56:42
 C:\WINDOWS\system32\SHFolder.dll handle: 76780000 size: 25088 crc: 2EC7582B date: 2004-08-04 07:56:45
 C:\WINDOWS\system32\SHLWAPI.dll handle: 77F60000 size: 474112 crc: F4E47D73 date: 2006-10-23 15:34:22
 C:\WINDOWS\WinSxS\x86_Microsoft.Windows.Common-Controls_6595b64144ccf1df_6.0.2600.2180_x-ww_a84f1ff9\comctl32.dll handle: 773D0000 size: 1050624 crc: 893FE926 date: 2004-08-04 07:57:00
 C:\WINDOWS\system32\comctl32.dll handle: 5D090000 size: 617472 crc: 232F6674 date: 2006-08-25 15:45:58
 C:\WINDOWS\system32\WINTRUST.dll handle: 76C30000 size: 176640 crc: 88D208BD date: 2004-08-04 07:56:46
 C:\WINDOWS\system32\CRYPT32.dll handle: 77A80000 size: 597504 crc: 971ECFAA date: 2004-08-04 07:56:41
 C:\WINDOWS\system32\MSASN1.dll handle: 77B20000 size: 57344 crc: D5127637 date: 2004-08-04 07:56:42
 C:\WINDOWS\system32\IMAGEHLP.dll handle: 76C90000 size: 144384 crc: 714A70BC date: 2004-08-04 07:56:42
 C:\WINDOWS\system32\wdmaud.drv handle: 72D20000 size: 23552 crc: 982E84EE date: 2004-08-04 07:56:57
 C:\WINDOWS\system32\msacm32.drv handle: 72D10000 size: 20480 crc: D5406BAE date: 2003-07-16 20:34:59
 C:\WINDOWS\system32\MSACM32.dll handle: 77BE0000 size: 71680 crc: 6A21891E date: 2004-08-04 07:56:42
 C:\WINDOWS\system32\midimap.dll handle: 77BD0000 size: 18944 crc: 502B5282 date: 2004-08-04 07:56:42
 C:\WINDOWS\system32\ole32.dll handle: 774E0000 size: 1285120 crc: AD325A7F date: 2005-07-26 04:39:48
 C:\WINDOWS\system32\uxtheme.dll handle: 5AD70000 size: 218624 crc: 5AA98F22 date: 2004-08-04 07:56:46
 C:\WINDOWS\system32\MSCTF.dll handle: 74720000 size: 294400 crc: BBD2E653 date: 2004-08-04 07:56:42
 C:\WINDOWS\system32\CLBCATQ.DLL handle: 76FD0000 size: 498688 crc: 9DED030F date: 2005-07-26 04:39:43
 C:\WINDOWS\system32\COMRes.dll handle: 77050000 size: 792064 crc: 5A12B4A2 date: 2004-08-04 07:56:41
 C:\WINDOWS\system32\OLEAUT32.dll handle: 77120000 size: 549376 crc: 5A89C9E1 date: 2007-05-17 11:28:05
 C:\WINDOWS\system32\VERSION.dll handle: 77C00000 size: 18944 crc: CFE439BB date: 2004-08-04 07:56:46
 C:\WINDOWS\system32\dmime.dll handle: 5C570000 size: 181248 crc: F18E50F8 date: 2004-08-04 07:56:42
 C:\WINDOWS\system32\DSOUND.dll handle: 73F10000 size: 367616 crc: F0EFB582 date: 2004-08-04 07:56:42
 C:\WINDOWS\system32\dmusic.dll handle: 6C980000 size: 104448 crc: 0C1C73CE date: 2004-08-04 07:56:42
 C:\WINDOWS\system32\KsUser.dll handle: 73EE0000 size: 4096 crc: 519CF22C date: 2004-08-04 06:56:42
 C:\WINDOWS\system32\dmsynth.dll handle: 6C9A0000 size: 103424 crc: ECEFF055 date: 2004-08-04 07:56:42
 C:\WINDOWS\system32\dmloader.dll handle: 6CA10000 size: 35840 crc: CCCBFD58 date: 2004-08-04 07:56:42
 C:\WINDOWS\system32\msctfime.ime handle: 755C0000 size: 177152 crc: 6A712F98 date: 2004-08-04 07:56:13
 C:\WINDOWS\system32\geoproxy.dll handle: 10000000 size: 77824 crc: 3A12C118 date: 2006-07-25 05:40:26
 C:\WINDOWS\system32\mswsock.dll handle: 71A50000 size: 245248 crc: E2309390 date: 2004-08-04 07:56:44
 C:\WINDOWS\system32\hnetcfg.dll handle: 662B0000 size: 344064 crc: 6CF15ACF date: 2004-08-04 07:56:42
 C:\WINDOWS\System32\wshtcpip.dll handle: 71A90000 size: 19968 crc: B88CC0E5 date: 2004-08-04 07:56:46
 C:\WINDOWS\system32\DNSAPI.dll handle: 76F20000 size: 148480 crc: 05307EE0 date: 2006-06-26 17:37:10
 C:\WINDOWS\System32\winrnr.dll handle: 76FB0000 size: 16896 crc: F415B2FF date: 2004-08-04 07:56:46
 C:\WINDOWS\system32\WLDAP32.dll handle: 76F60000 size: 172032 crc: 5FAE75A9 date: 2004-08-04 07:56:46
 C:\WINDOWS\system32\pnrpnsp.dll handle: 66580000 size: 58880 crc: 4EDF4244 date: 2006-10-11 16:24:45
 C:\WINDOWS\system32\rasadhlp.dll handle: 76FC0000 size: 8192 crc: FE5FF0FB date: 2006-06-26 17:37:10
 C:\WINDOWS\system32\psapi.dll handle: 76BF0000 size: 23040 crc: 97A44A88 date: 2004-08-04 07:56:44

System information:
 Windows version 5.1 2600 S
