*** OpenTTD Crash Report ***

Crash at: Sat Apr 17 07:47:19 2010
In game date: 1993-02-11 (60)

Crash reason:
 Exception: C0000005
 Location:  000000018003CBAD
 Message:   <none>

OpenTTD version:
 Version:    1.0.0 (0)
 NewGRF ver: 10084c4a
 Bits:       64
 Endian:     little
 Dedicated:  no
 Build date: Mar 31 2010 22:38:15

Registers:
 RAX: 00000000FFFFFFFF RBX: 00000001802E02D8 RCX: 00000000033E5330 RDX: 0000000004E1F738
 RSI: 00000000033E50E0 RDI: 00000000033E9310 RBP: 00000001802E02D8 RSP: 00000000001CEFB0
 R8:  0000000000000010 R9:  0000000000000001 R10: 0000000000381C68 R11: 0000000000000328
 R12: 00000000057E7F9C R13: 0000000000000328 R14: 00000000033E5330 R15: 0000000001DE99C0
 RIP: 000000018003CBAD EFLAGS: 00010202

 Bytes at instruction pointer:
 66 83 3A 02 48 8B F2 48 8B F9 0F 85 34 01 00 00 49 83 F8 10 0F 82 2A 01

Stack trace:
 033E5330 00000000 00000328 00000000 057E7F9C 00000000 FE66DF79 000007FE
 00000328 00000000 001CF030 00000000 01F93090 00000000 001CF028 00000000
 001CF028 00000000 7792C3DF 00000000 033E9310 00000000 8003B8F5 00000001
 802E02D8 00000001 802E02D8 00000001 033E50E0 00000000 0000271E 00000000
 00000010 00000000 802E02D8 00000001 033E9310 00000000 00000328 00000000
 00000048 00000000 00000001 00000001 00000000 00000000 00000000 00000000
 00000070 00000000 71DF0B4D 0000DE02 00000000 00000000 000C1AA1 00000000
 057E7F9C 00000000 00000328 00000000 00000000 00000000 00000003 00000000
 802E0000 00000001 8003BD32 00000001 00000000 00000000 3F2BD410 00000001
 00000000 00000000 00000000 00000000 033E5330 00000000 00000000 00000000
 000C1ABF 00000000 3F2A00CE 00000001 01E5F7D0 00000000 00000000 00000000
 000C1A00 00000000 057E7F90 00000000 01E5F7D0 00000000 3F13A120 00000001
 00000000 00000000 000C1AA1 00000000 00000000 00000000 000C1AA1 00000000
 00000000 00000000 00000000 00000000 000C1AA1 00000000 00000000 00000000
 00000000 00000000 3F146524 00000001 00000000 00000000 00000000 00000000
 00000000 00000000 FFFFFD41 00000000 001CF1D8 00000000 00000030 00000002
 7792B42A 00000000 00000018 00000018 00000018 00000018 001CF208 00000000
 C00000BB 00000000 00000000 00000000 0000000F 00000000 FDDF1203 000007FE
 001CF2A8 00000000 3F2BD410 00000001 77B75DC0 00000000 7792B43C 00000000
 FFFFD8F0 FFFFFFFF 001CF210 00000000 00000048 00000000 00000001 00000000
 00000000 00000000 00000000 00000000 00000000 00000000 00000000 00000000
 00000000 00000000 7791F12C 00000000 01DE99C0 00000000 00000000 00000000
 000C1A82 00000000 000C1AA0 00000000 000C1A00 00000000 3F2BE311 00000001
 000C1A00 00000000 00000000 00000000 000C1A91 00000000 00000000 00000000

Operating system:
 Name:     Windows
 Release:  6.1.7600 ()
 Compiler: MSVC 1500

Configuration:
 Blitter:      8bpp-optimized
 Graphics set: OpenGFX
 Language:     dutch.lng
 Music driver: win32
 Music set:    OpenMSX
 Network:      client
 Sound driver: win32
 Sound set:    OpenSFX
 Video driver: win32

AI Configuration (local: 0):
  0: Human

Libraries:
 FreeType:   2.3.12
 ICU:        4.2.1
 LZO:        2.03
 PNG:        1.2.43
 Zlib:       1.2.3

Module information:
 C:\Program Files\OpenTTD\openttd.exe handle: 000000013F110000 size: 4869120 crc: FA10B9B7 date: 2010-03-31 22:41:42
 C:\Windows\SYSTEM32\ntdll.dll handle: 0000000077B30000 size: 1736792 crc: 5523175A date: 2009-07-14 01:43:10
 C:\Windows\system32\kernel32.dll handle: 0000000077A10000 size: 1162240 crc: 822946F0 date: 2009-07-14 01:41:13
 C:\Windows\system32\KERNELBASE.dll handle: 000007FEFDDF0000 size: 421376 crc: 68F689E4 date: 2009-07-14 01:41:13
 C:\Windows\system32\WINMM.dll handle: 000007FEFB770000 size: 217600 crc: 7BC1529F date: 2009-07-14 01:41:56
 C:\Windows\system32\msvcrt.dll handle: 000007FEFFBC0000 size: 634880 crc: 7F3E716F date: 2009-07-14 01:41:32
 C:\Windows\system32\USER32.dll handle: 0000000077910000 size: 1008640 crc: 95FA0345 date: 2009-07-14 01:41:56
 C:\Windows\system32\GDI32.dll handle: 000007FEFF880000 size: 404480 crc: 0F1BAE69 date: 2009-07-14 01:40:56
 C:\Windows\system32\LPK.dll handle: 000007FEFF570000 size: 41984 crc: 350AF03B date: 2009-07-14 01:41:19
 C:\Windows\system32\USP10.dll handle: 000007FEFFD70000 size: 801280 crc: 32EFA120 date: 2009-07-14 01:41:56
 C:\Windows\system32\WS2_32.dll handle: 000007FEFE640000 size: 296448 crc: B9553AFD date: 2009-07-14 01:41:58
 C:\Windows\system32\RPCRT4.dll handle: 000007FEFE510000 size: 1221632 crc: D5B6358C date: 2009-07-14 01:41:53
 C:\Windows\system32\NSI.dll handle: 000007FEFFAD0000 size: 13824 crc: 53B46F6C date: 2009-07-14 01:41:53
 C:\Windows\system32\ADVAPI32.dll handle: 000007FEFE430000 size: 877056 crc: FA615A20 date: 2009-07-14 01:40:01
 C:\Windows\SYSTEM32\sechost.dll handle: 000007FEFE0C0000 size: 113664 crc: 978CFAE5 date: 2009-07-14 01:41:53
 C:\Windows\system32\SHELL32.dll handle: 000007FEFE710000 size: 14161920 crc: EAA55AE5 date: 2009-07-14 01:41:54
 C:\Windows\system32\SHLWAPI.dll handle: 000007FEFE260000 size: 449536 crc: 0BFDF102 date: 2009-07-14 01:41:54
 C:\Windows\system32\apphelp.dll handle: 000007FEFD920000 size: 338432 crc: D0C59D87 date: 2009-07-14 01:40:01
 C:\Windows\AppPatch\AppPatch64\AcGenral.DLL handle: 000007FEEA920000 size: 309248 crc: 08D8129A date: 2009-07-14 01:40:00
 C:\Windows\system32\SspiCli.dll handle: 000007FEFD8F0000 size: 136192 crc: 5D3C9BE6 date: 2009-07-14 01:41:54
 C:\Windows\system32\ole32.dll handle: 000007FEFDEB0000 size: 2084352 crc: 40D2CC46 date: 2009-07-14 01:41:53
 C:\Windows\system32\sfc.dll handle: 0000000073860000 size: 3072 crc: 49226A23 date: 2009-07-14 01:33:06
 C:\Windows\system32\sfc_os.DLL handle: 000007FEF9B30000 size: 45056 crc: 0FD07809 date: 2009-07-14 01:41:54
 C:\Windows\system32\USERENV.dll handle: 000007FEFCDE0000 size: 107008 crc: 4538DAD6 date: 2009-07-14 01:41:56
 C:\Windows\system32\profapi.dll handle: 000007FEFDA90000 size: 44032 crc: A0F2DD9D date: 2009-07-14 01:41:53
 C:\Windows\system32\dwmapi.dll handle: 000007FEFBE30000 size: 82432 crc: A459F360 date: 2009-07-14 01:40:34
 C:\Windows\system32\MPR.dll handle: 000007FEF98C0000 size: 80896 crc: 31FAEB95 date: 2009-07-14 01:41:26
 C:\Windows\system32\IMM32.DLL handle: 000007FEFF4A0000 size: 167424 crc: 41B2805A date: 2009-07-14 01:41:09
 C:\Windows\system32\MSCTF.dll handle: 000007FEFFC60000 size: 1067008 crc: 798DDDA0 date: 2009-07-14 01:41:28
 C:\Windows\system32\SHFolder.dll handle: 000007FEF6470000 size: 10240 crc: 08A48DE3 date: 2009-07-14 01:41:54
 C:\Windows\system32\MMDevAPI.DLL handle: 000007FEFC420000 size: 284160 crc: CDF2EF81 date: 2009-07-14 01:41:26
 C:\Windows\system32\PROPSYS.dll handle: 000007FEFC2F0000 size: 1212416 crc: 98D01BC9 date: 2009-07-14 01:41:53
 C:\Windows\system32\OLEAUT32.dll handle: 000007FEFFAE0000 size: 861184 crc: C4351602 date: 2009-07-14 01:41:53
 C:\Windows\system32\wdmaud.drv handle: 000007FEF73B0000 size: 217088 crc: AB6BC545 date: 2009-07-14 01:38:50
 C:\Windows\system32\ksuser.dll handle: 0000000075800000 size: 5120 crc: AA2071D9 date: 2009-07-14 01:41:13
 C:\Windows\system32\AVRT.dll handle: 000007FEFC2E0000 size: 18432 crc: 5CE53CB7 date: 2009-07-14 01:40:05
 C:\Windows\system32\SETUPAPI.dll handle: 000007FEFF8F0000 size: 1899520 crc: 91ED5D15 date: 2009-07-14 01:41:54
 C:\Windows\system32\CFGMGR32.dll handle: 000007FEFDBA0000 size: 207360 crc: 369326FC date: 2009-07-14 01:40:15
 C:\Windows\system32\DEVOBJ.dll handle: 000007FEFDB80000 size: 93184 crc: A7541AE2 date: 2009-07-14 01:40:28
 C:\Windows\system32\AUDIOSES.DLL handle: 000007FEFB910000 size: 296448 crc: 07CA71DE date: 2009-07-14 01:40:04
 C:\Windows\system32\msacm32.drv handle: 000007FEF7A00000 size: 25600 crc: 2B579A05 date: 2009-07-14 01:38:50
 C:\Windows\system32\MSACM32.dll handle: 000007FEF7390000 size: 83456 crc: 3D67538B date: 2009-07-14 01:41:27
 C:\Windows\system32\midimap.dll handle: 000007FEF76A0000 size: 20480 crc: CB902A13 date: 2009-07-14 01:41:23
 C:\Windows\system32\CRYPTBASE.dll handle: 000007FEFD980000 size: 44032 crc: F547C16E date: 2009-07-14 01:40:24
 C:\Windows\system32\CLBCatQ.DLL handle: 000007FEFF580000 size: 607744 crc: 939E35C9 date: 2009-07-14 01:40:15
 C:\Windows\system32\uxtheme.dll handle: 000007FEFC260000 size: 332288 crc: B0A13DF9 date: 2009-07-14 01:41:56
 D:\Program Files\Xfire\xfire_toucan64_42127.xll handle: 0000000180000000 size: 1516432 crc: CC40CAB7 date: 2010-03-26 19:00:54
 C:\Windows\system32\WSOCK32.dll handle: 000007FEF6410000 size: 18432 crc: 3888369A date: 2009-07-14 01:41:58
 C:\Windows\system32\MSIMG32.dll handle: 000007FEFB960000 size: 8192 crc: FA23F4BB date: 2009-07-14 01:41:29
 C:\Windows\system32\mswsock.dll handle: 000007FEFD2A0000 size: 320000 crc: EA387916 date: 2009-07-14 01:41:34
 C:\Windows\System32\wshtcpip.dll handle: 000007FEFCCB0000 size: 13312 crc: 5D1E2C55 date: 2009-07-14 01:41:58
 C:\Windows\System32\wship6.dll handle: 000007FEFD290000 size: 13824 crc: E3FBF123 date: 2009-07-14 01:41:58
 C:\Windows\system32\DNSAPI.dll handle: 000007FEFD120000 size: 356352 crc: D15B6D28 date: 2009-07-14 01:40:31
 C:\Program Files\Common Files\Microsoft Shared\Windows Live\WLIDNSP.DLL handle: 00000000736A0000 size: 168304 crc: 212C3702 date: 2009-03-30 16:19:58
 C:\Windows\system32\PSAPI.DLL handle: 0000000077D00000 size: 9216 crc: 84B5E9BA date: 2009-07-14 01:41:53
 C:\Windows\system32\IPHLPAPI.DLL handle: 000007FEFB100000 size: 145920 crc: FFC0BAF8 date: 2009-07-14 01:41:10
 C:\Windows\system32\WINNSI.DLL handle: 000007FEFB0E0000 size: 26112 crc: 744B2434 date: 2009-07-14 01:41:56
 C:\Windows\System32\fwpuclnt.dll handle: 000007FEFAF20000 size: 324096 crc: 37B502C2 date: 2009-07-14 01:40:55
 C:\Windows\system32\rasadhlp.dll handle: 000007FEF9AF0000 size: 16384 crc: C5FD1616 date: 2009-07-14 01:41:53

---- gamelog start ----
Tick 0: new game started
     Revision text changed to 1.0.0-beta3, savegame version 136, not modified, _openttd_newgrf_version = 0x100849b7
     New game mode: 1 landscape: 0
Tick 61240: game loaded
     Revision text changed to 1.0.0, savegame version 138, not modified, _openttd_newgrf_version = 0x10084c4a
     New game mode: 0 landscape: 0
---- gamelog end ----

*** End of OpenTTD Crash Report ***
