*** OpenTTD Crash Report ***
Date: 2009-07-30 15:05:09
Build: 0.7.2-RC2 (0) built on Jul 21 2009 19:19:06
Reason: Assertion failed at ..\src\economy.cpp:1540: front_v->cargo_payment == NULL
Language: english.lng
Exception C0000005 at 000000013F093C97
Registers:
RAX: 00000000044965A0 RBX: 00000000038A7AE0 RCX: 00000000044965A0 RDX: 0000000000000001
RSI: 0000000000000000 RDI: 0000000000000001 RBP: 000000013F2E1110 RSP: 000000000027F550
R8:  000000000027F38C R9:  00000000044965EC R10: 0000000000000000 R11: 8101010101010100
R12: 0000000000002A39 R13: 0000000001DD40E0 R14: 00000000000032C8 R15: 000000013F3289C0
RIP: 000000013F093C97 EFLAGS: 00010206

Bytes at CS:RIP:
 40 88 34 25 00 00 00 00 48 8D 0D AA 2A 30 00 E8 E9 F2 FB FF 48 3B C6 74

Stack trace: 
 3F2E1110 00000001 3F328A50 00000001 00000604 00000000 3F328A88 00000001
 3F3289A0 00000001 3F110EDC 00000001 038A7AE0 00000000 046ACDF8 00000000
 038A7AE0 00000000 05341F08 00000000 000000B5 00000000 00000001 00000000
 0000000E 00000000 00000021 00000000 00000664 00000000 046ACDF8 00000000
 000045AD 00002B01 00000000 0015845A 000045AD 00002B01 00000000 0015845A
 038A7AE0 00000000 00000000 00000000 00000000 00000000 02890154 00000000
 02890172 00000000 038A7AE0 00000000 00000100 00000000 0000000F 00000000
 038A7AE0 00000000 3F111269 00000001 038A0908 00000000 00000000 00000000
 00002A39 00000000 3F1CB25F 00000001 00000003 00000000 3F111370 00000001
 038A7AE0 00000000 01E0D000 00000000 0000FFFF 00000000 00000001 00000000
 038A7AE0 00000000 3F091910 00000001 038A7900 00000000 0000FFFF 00000000
 0000FFFF 00000000 00000000 00000000 00000007 00000000 3F140D12 00000001
 003F87F2 00000000 3F318C94 00000001 00000001 00000000 00000001 00000000
 02890154 00000000 00000000 00000000 00000000 00000000 02890154 00000000
 02890172 00000000 00000000 00000000 0000FFFF 00000000 01E0D000 00000000
 00000000 00000000 3F07C645 00000001 00000000 00000000 0000FFFF 00000000
 01E0D000 00000000 0000FFFF 00000000 01E074F0 00000000 0000FFFF 00000000
 00000000 00000000 3F07C95D 00000001 02890100 00000000 01E0D000 00000000
 0000FFFF 00000000 0000FFFF 00000000 00000000 00000000 00000000 00000000
 02890144 00000000 02890162 00000000 00000000 00000000 3F1F72B1 00000001
 02890100 00000000 02890154 00000000 02890144 00000000 02890144 00000000
 00000001 00000000 00000002 00000000 000B060E 00000000 0000000F FFFFF880
 00000000 00000000 00000000 00000000 02890154 00000217 00000130 FFFFF880
 01E0D0C0 00000000 01E0D0B0 00000000 01E0D0A0 00000000 3F07B9AA 00000001

Module information:
 F:\Program Files\OpenTTD\openttd-0.7.2-RC2-windows-win64\openttd.exe handle: 000000013F040000 size: 3778560 crc: 1356922A date: 2009-07-21 18:23:52
 C:\Windows\SYSTEM32\ntdll.dll handle: 0000000077B30000 size: 1723424 crc: 0CD1A299 date: 2009-04-22 05:44:44
 C:\Windows\system32\kernel32.dll handle: 0000000077A10000 size: 1158656 crc: F67EBE5A date: 2009-04-22 05:40:03
 C:\Windows\system32\KERNELBASE.dll handle: 000007FEFDDA0000 size: 411648 crc: 620AEF04 date: 2009-04-22 05:40:03
 C:\Windows\system32\WINMM.dll handle: 000007FEFB820000 size: 217600 crc: 4FCCEE88 date: 2009-04-22 05:41:35
 C:\Windows\system32\msvcrt.dll handle: 000007FEFDE70000 size: 634368 crc: F184C203 date: 2009-04-22 05:40:24
 C:\Windows\system32\USER32.dll handle: 0000000077910000 size: 1008128 crc: 5D273EEB date: 2009-05-13 06:39:17
 C:\Windows\system32\GDI32.dll handle: 000007FEFE980000 size: 403968 crc: 67C52685 date: 2009-05-13 06:39:08
 C:\Windows\system32\LPK.dll handle: 000007FEFDF10000 size: 41472 crc: B4334DAA date: 2009-04-22 05:40:08
 C:\Windows\system32\USP10.dll handle: 000007FEFE880000 size: 801280 crc: D30DE202 date: 2009-04-22 05:41:30
 C:\Windows\system32\WS2_32.dll handle: 000007FEFFB30000 size: 297472 crc: 311847F5 date: 2009-04-22 05:41:46
 C:\Windows\system32\RPCRT4.dll handle: 000007FEFE9F0000 size: 1225728 crc: 2C458388 date: 2009-04-22 05:40:59
 C:\Windows\system32\NSI.dll handle: 000007FEFFB80000 size: 13824 crc: 28062D12 date: 2009-04-22 05:40:48
 C:\Windows\system32\ADVAPI32.dll handle: 000007FEFE700000 size: 877568 crc: 0C2EDA22 date: 2009-04-22 05:38:58
 C:\Windows\SYSTEM32\sechost.dll handle: 000007FEFDF20000 size: 113664 crc: 1D1C8F78 date: 2009-04-22 05:41:01
 C:\Windows\system32\SHELL32.dll handle: 000007FEFEB20000 size: 14156288 crc: 24432075 date: 2009-04-22 05:41:13
 C:\Windows\system32\SHLWAPI.dll handle: 000007FEFFAC0000 size: 445952 crc: 3AC99430 date: 2009-04-22 05:41:13
 C:\Windows\system32\IMM32.DLL handle: 000007FEFE950000 size: 167424 crc: 4859AF12 date: 2009-04-22 05:40:00
 C:\Windows\system32\MSCTF.dll handle: 000007FEFF9B0000 size: 1065984 crc: 90592712 date: 2009-04-22 05:40:16
 C:\Windows\system32\SHFolder.dll handle: 000007FEF7710000 size: 10240 crc: FA865ECE date: 2009-04-22 05:41:13
 C:\Windows\system32\ole32.dll handle: 000007FEFDF40000 size: 2086912 crc: 2A647D25 date: 2009-04-22 05:40:51
 C:\Windows\system32\MMDevAPI.DLL handle: 000007FEFC900000 size: 283648 crc: 46352572 date: 2009-04-22 05:40:13
 C:\Windows\system32\PROPSYS.dll handle: 000007FEFC7D0000 size: 1212928 crc: B6648534 date: 2009-04-22 05:40:56
 C:\Windows\system32\OLEAUT32.dll handle: 000007FEFF8D0000 size: 861184 crc: 51783C19 date: 2009-04-22 05:40:51
 C:\Windows\system32\wdmaud.drv handle: 000007FEFB7E0000 size: 217088 crc: A2E2C04C date: 2009-04-22 05:37:48
 C:\Windows\system32\ksuser.dll handle: 0000000075790000 size: 5120 crc: 2414C2C9 date: 2009-04-22 05:40:03
 C:\Windows\system32\AVRT.dll handle: 000007FEFC7C0000 size: 18432 crc: 3F2F0762 date: 2009-04-22 05:39:03
 C:\Windows\system32\SETUPAPI.dll handle: 000007FEFE2D0000 size: 1902080 crc: A2B06F25 date: 2009-04-22 05:41:09
 C:\Windows\system32\CFGMGR32.dll handle: 000007FEFDD60000 size: 207360 crc: 43574B54 date: 2009-04-22 05:39:12
 C:\Windows\system32\DEVOBJ.dll handle: 000007FEFDE50000 size: 93184 crc: 8DDE907A date: 2009-04-22 05:39:29
 C:\Windows\system32\AUDIOSES.DLL handle: 000007FEFB790000 size: 296448 crc: BD0EC3D2 date: 2009-04-22 05:39:02
 C:\Windows\system32\msacm32.drv handle: 000007FEFB780000 size: 25600 crc: 6F7C62DD date: 2009-04-22 05:37:48
 C:\Windows\system32\MSACM32.dll handle: 000007FEFB760000 size: 83456 crc: FBAA0835 date: 2009-04-22 05:40:15
 C:\Windows\system32\midimap.dll handle: 000007FEFB750000 size: 20480 crc: 5DFB6A52 date: 2009-04-22 05:40:11
 C:\Windows\system32\CRYPTBASE.dll handle: 000007FEFD9D0000 size: 43520 crc: EB566EE8 date: 2009-04-22 05:39:24
 C:\Windows\system32\CLBCatQ.DLL handle: 000007FEFE660000 size: 607744 crc: EBC96DDD date: 2009-04-22 05:39:15
 C:\Windows\system32\uxtheme.dll handle: 000007FEFC1C0000 size: 332288 crc: DD7F327E date: 2009-04-22 05:41:30
 C:\Program Files\Logitech\SetPoint\lgscroll.dll handle: 0000000010100000 size: 56336 crc: A7CB8E4C date: 2008-11-07 16:50:00
 C:\Windows\WinSxS\amd64_microsoft.vc80.crt_1fc8b3b9a1e18e3b_8.0.50727.4918_none_88dbd2752fb28cf9\MSVCR80.dll handle: 00000000747C0000 size: 803680 crc: 52615113 date: 2009-04-04 20:04:32
 C:\Windows\system32\ntmarta.dll handle: 000007FEFC770000 size: 162816 crc: 9D58D82A date: 2009-04-22 05:40:48
 C:\Windows\system32\WLDAP32.dll handle: 000007FEFFDF0000 size: 311296 crc: F2DCDCBE date: 2009-04-22 05:41:36
 C:\Windows\system32\dwmapi.dll handle: 000007FEFBDE0000 size: 85504 crc: 3E10659B date: 2009-04-22 05:39:35
 C:\Windows\system32\mswsock.dll handle: 000007FEFD310000 size: 321024 crc: A44671E5 date: 2009-04-22 05:40:25
 C:\Windows\System32\wshtcpip.dll handle: 000007FEFCCA0000 size: 13312 crc: 1B8568B1 date: 2009-04-22 05:41:47
 C:\Windows\system32\psapi.dll handle: 0000000077CF0000 size: 9216 crc: 22C6DB0A date: 2009-04-22 05:40:56

System information:
 Windows version 6.1 7100 

---- gamelog start ----
Tick 0: game loaded
     Conversion from OTTD savegame without gamelog: version 83, 0
     Revision text changed to 0.7.2-RC1, savegame version 116, not modified, _openttd_newgrf_version = 0x072041c4
     New game mode: 1 landscape: 0
     Added NewGRF: GRF ID 6D620401, checksum C5ACB6D5536A464FD78871D91840A35F
     Added NewGRF: GRF ID 524B0104, checksum E513211298CDEC4CF469B655CC4B71AB
     Added NewGRF: GRF ID 6D620601, checksum 44EB2F155862E4D4F0AB671D7021AF54
     Added NewGRF: GRF ID 4A530101, checksum 9C78028CB9346C54D73F296250C104A8
     Removed NewGRF: 6D620401
     Removed NewGRF: 524B0104
     Removed NewGRF: 6D620601
     Removed NewGRF: 4A530101
Tick 60024: game loaded
     Removed NewGRF: 6D620401
     Removed NewGRF: 524B0104
     Removed NewGRF: 6D620601
     Removed NewGRF: 4A530101
Tick 23526: game loaded
     Removed NewGRF: 6D620401
     Removed NewGRF: 524B0104
     Removed NewGRF: 6D620601
     Removed NewGRF: 4A530101
Tick 48377: game loaded
     Removed NewGRF: 6D620401
     Removed NewGRF: 524B0104
     Removed NewGRF: 6D620601
     Removed NewGRF: 4A530101
Tick 48388: game loaded
     Removed NewGRF: 6D620401
     Removed NewGRF: 524B0104
     Removed NewGRF: 6D620601
     Removed NewGRF: 4A530101
Tick 49536: game loaded
     Revision text changed to 0.7.2-RC2, savegame version 116, not modified, _openttd_newgrf_version = 0x07204209
     Removed NewGRF: 6D620401
     Removed NewGRF: 524B0104
     Removed NewGRF: 6D620601
     Removed NewGRF: 4A530101
---- gamelog end ----
