*** OpenTTD Crash Report ***

Crash at: Mon Aug 30 11:55:52 2010
In game date: 2051-10-04 (33)

Crash reason:
 Exception: E1212012
 Location:  7C812AFB
 Message:   Assertion failed at line 26 of k:/Progs_K/nightly_source/trunk/src/saveload/../object_map.h: IsTileType(t, MP_OBJECT)

OpenTTD version:
 Version:    r20694M (2)
 NewGRF ver: 110050d6
 Bits:       32
 Endian:     little
 Dedicated:  no
 Build date: Aug 30 2010 13:54:47

Registers:
 EAX: 0022F2C4 EBX: 008CF668 ECX: 00000000 EDX: 00000000
 ESI: 00000000 EDI: 0059A290 EBP: 0022F314 ESP: 0022F2C0
 EIP: 7C812AFB EFLAGS: 00000246

 Bytes at instruction pointer:
 5E C9 C2 10 00 85 FF 0F 8E 36 93 FF FF 8B 55 FC 89 55 0C 0F B7 16 8B 7D

Stack trace:
 77C61890 E1212012 00000000 00000000 7C812AFB 00000000 7E4663FD 0022F2E0
 00000028 00060756 00000000 008CF668 0084BD30 00000010 00000000 00000000
 00000000 00000000 00000000 00000000 0022F19C 0022F37C 0059A2B1 E1212012
 00000000 00000000 00000000 77C61A58 0022F37C 77C352D3 77C352DA 00000016
 00858EE0 00857CFC 0022F3A0 0022F368 7E466579 00060756 008CF668 0059A290
 00000001 0022F340 0022EEEC 0022FFE0 77C35C94 77C12890 FFFFFFFF 00000000
 77C36BC1 00000016 0000000A 0058C2A0 0022F3A0 00000001 00857CBC 0022F5B4
 65737341 6F697472 6166206E 64656C69 20746120 656E696C 20363220 6B20666F
 72502F3A 5F73676F 696E2F4B 6C746867 6F735F79 65637275 7572742F 732F6B6E
 732F6372 6C657661 2F64616F 6F2F2E2E 63656A62 616D5F74 3A682E70 54734920
 54656C69 28657079 4D202C74 424F5F50 5443454A 007E0029 00000065 007EB4D4
 00698C00 007EB4D4 00000000 005EE7FF 0022F50C 00000010 00000065 02913A0C
 012D7FC0 029139F4 029139F4 029EBCD0 77C2C3E7 00000201 0022F468 77C2C42E
 000000C0 00000000 029EEEE0 005826DD 0022F480 0022F480 100256FC 7F6F06A0
 0022F4DC 10025D33 7C809B42 7C90CF6E 7C90CF7A 029139F4 00000001 029139F4
 012F9000 77C5D2E0 77C5EAC0 012F909A 012F9000 77C5D2E0 00000041 012F90AE
 000000C9 00000000 011F7D88 0000004E 00000010 00000000 00000100 00859CD8
 00000065 00000001 0022F550 00857C30 00000021 00000000 00000208 0022F6BC
 FFFFFFFF 00000000 0022F4F4 0022F6BC FFFFFFFF 00698C00 007EB4D4 0022F560
 005EF083 00698C00 007EB4D4 0022F570 005EF083 0022F430 007EB4D4 0022F580
 005EF083 0022F440 77C61AA0 0022F588 0022F550 0022F550 77C2C215 00000048
 008CED40 00000000 00000018 00859CEC 02913920 00000209 00000000 00857C58
 012FA100 00858EE0 00000000 005EF4BA 012FA114 00857C44 02913920 005EF97B
 02913920 012FA100 0000001A 005E4BAF 00857CBC 0000001A 00857CFC 00857CE2

Operating system:
 Name:     Windows
 Release:  5.1.2600 (Service Pack 3)
 Compiler: GCC 3.4.5 "3.4.5 (mingw-vista special r3)"

Configuration:
 Blitter:      8bpp-optimized
 Graphics set: original_windows (0)
 Language:     english.lng
 Music driver: win32
 Music set:    NoMusic (0)
 Network:      no
 Sound driver: win32
 Sound set:    original_windows (0)
 Video driver: win32

AI Configuration (local: 0):
  0: Human
  1: AdmiralAI (v25)
  2: SimpleAI (v4)

Libraries:
 LZO:        2.03
 PNG:        1.2.35
 Zlib:       1.2.3

Module information:
 K:\Progs_K\nightly_source\trunk\bin\openttd.exe handle: 00400000 size: 6488148 crc: A6F87E15 date: 2010-08-30 11:54:52
 T:\WINNT\system32\ntdll.dll handle: 7c900000 size: 714752 crc: 56E74C35 date: 2009-02-09 12:10:48
 T:\WINNT\system32\kernel32.dll handle: 7c800000 size: 989696 crc: 8A0508E5 date: 2009-03-21 14:06:58
 T:\WINNT\system32\guard32.dll handle: 10000000 size: 278288 crc: E4688E0F date: 2010-06-01 17:00:52
 T:\WINNT\system32\USER32.dll handle: 7e410000 size: 578560 crc: F7C72264 date: 2008-04-14 00:12:08
 T:\WINNT\system32\GDI32.dll handle: 77f10000 size: 286720 crc: B5F6B116 date: 2008-10-23 12:36:14
 T:\WINNT\system32\ADVAPI32.dll handle: 77dd0000 size: 617472 crc: C9027432 date: 2009-02-09 12:10:48
 T:\WINNT\system32\RPCRT4.dll handle: 77e70000 size: 585216 crc: E2046CB3 date: 2009-04-15 14:51:25
 T:\WINNT\system32\Secur32.dll handle: 77fe0000 size: 56832 crc: 3D0002B7 date: 2009-06-25 08:25:26
 T:\WINNT\system32\VERSION.dll handle: 77c00000 size: 18944 crc: 558B1DAF date: 2008-04-14 00:12:08
 T:\WINNT\system32\msvcrt.dll handle: 77c10000 size: 343040 crc: 0B7B1677 date: 2008-04-14 00:12:01
 T:\WINNT\system32\SHELL32.DLL handle: 7c9c0000 size: 8462336 crc: 73D4EFBD date: 2010-07-27 06:30:35
 T:\WINNT\system32\SHLWAPI.dll handle: 77f60000 size: 474112 crc: BDFA6F45 date: 2009-12-08 09:23:28
 T:\WINNT\system32\WINMM.DLL handle: 76b40000 size: 176128 crc: 9676D976 date: 2008-04-14 00:12:09
 T:\WINNT\system32\WS2_32.DLL handle: 71ab0000 size: 82432 crc: 7C519ECA date: 2008-04-14 00:12:10
 T:\WINNT\system32\WS2HELP.dll handle: 71aa0000 size: 19968 crc: 3F24E096 date: 2008-04-14 00:12:10
 T:\WINNT\system32\IMM32.DLL handle: 76390000 size: 110080 crc: C1486DA0 date: 2008-04-14 00:11:54
 T:\WINNT\system32\fltlib.dll handle: 4ffe0000 size: 16896 crc: 936EEE49 date: 2008-04-14 00:11:53
 T:\WINNT\WinSxS\x86_Microsoft.Windows.Common-Controls_6595b64144ccf1df_6.0.2600.5512_x-ww_35d4ce83\comctl32.dll handle: 773d0000 size: 1054208 crc: 06939D35 date: 2008-04-14 03:42:52
 T:\WINNT\system32\comctl32.dll handle: 5d090000 size: 617472 crc: 519837A9 date: 2008-04-14 00:11:51
 T:\WINNT\system32\SHFolder.dll handle: 76780000 size: 25088 crc: 8009EA65 date: 2008-04-14 00:12:05
 T:\WINNT\system32\WINTRUST.dll handle: 76c30000 size: 177664 crc: 10F114B4 date: 2009-12-24 06:59:40
 T:\WINNT\system32\CRYPT32.dll handle: 77a80000 size: 599040 crc: F04E4319 date: 2008-04-14 00:11:51
 T:\WINNT\system32\MSASN1.dll handle: 77b20000 size: 58880 crc: 63D6A79F date: 2009-09-04 21:03:36
 T:\WINNT\system32\IMAGEHLP.dll handle: 76c90000 size: 144384 crc: F7A06429 date: 2008-04-14 00:11:54
 T:\WINNT\system32\wdmaud.drv handle: 72d20000 size: 23552 crc: EEB914CA date: 2008-04-14 00:12:45
 T:\WINNT\system32\msacm32.drv handle: 72d10000 size: 20480 crc: D5406BAE date: 2001-08-23 12:00:00
 T:\WINNT\system32\MSACM32.dll handle: 77be0000 size: 71680 crc: EDE4B266 date: 2008-04-14 00:11:58
 T:\WINNT\system32\midimap.dll handle: 77bd0000 size: 18944 crc: 2E6D5FD1 date: 2008-04-14 00:11:57
 T:\WINNT\system32\MSCTF.dll handle: 74720000 size: 297984 crc: 392BE0B0 date: 2008-04-14 00:11:58
 T:\WINNT\system32\msctfime.ime handle: 755c0000 size: 177152 crc: 6D3663FE date: 2008-04-14 00:10:06
 T:\WINNT\system32\ole32.dll handle: 774e0000 size: 1287168 crc: 3908D33A date: 2008-04-14 00:12:02
 T:\progs_t\reinst\graphics_card_tools\pstrip\pshook.dll handle: 01ed0000 size: 20992 crc: F8CCDD5C date: 2001-07-23 23:31:36
 T:\WINNT\system32\oleaut32.dll handle: 77120000 size: 551936 crc: 1EE83658 date: 2008-04-14 00:12:02
 T:\WINNT\system32\ctagent.dll handle: 02000000 size: 7168 crc: 8991329B date: 2006-08-11 13:56:02
 T:\WINNT\system32\mswsock.dll handle: 71a50000 size: 245248 crc: FBBA0828 date: 2008-06-20 17:46:57
 T:\WINNT\system32\hnetcfg.dll handle: 662b0000 size: 344064 crc: 96358152 date: 2008-04-14 00:11:54
 T:\WINNT\System32\wshtcpip.dll handle: 71a90000 size: 19456 crc: F5533E87 date: 2008-04-14 00:12:10
 T:\PROGRA~1\Logitech\MOUSEW~1\SYSTEM\LGMOUSHK.dll handle: 01f40000 size: 24576 crc: BAB07794 date: 2002-08-13 08:50:00
 T:\WINNT\system32\psapi.dll handle: 76bf0000 size: 23040 crc: 75BBDCAD date: 2008-04-14 00:12:03

---- gamelog start ----
Tick 0: new game started
     Revision text changed to r20490M, savegame version 146, modified, _openttd_newgrf_version = 0x1100500a
     New game mode: 1 landscape: 2
     Added NewGRF: GRF ID 535A1344, checksum EE64CDD6E4600C717B448583026DF24D, filename: oilsgoup.grf
     Added NewGRF: GRF ID 4E4A0101, checksum ADAB27FC549AC3A9CEED502101B79C91, filename: electricall.grf
     Added NewGRF: GRF ID 44440A01, checksum EFEE1435093730D3DA55BDF69653CADC, filename: av8_aviators_aircraft_set-1.7\pb_av8w.grf
     Added NewGRF: GRF ID 535A5644, checksum 5390BFF2E600595DC74E1C6247DA762D, filename: bvehname.grf
Tick 8725: game loaded
     Revision text changed to r20499M, savegame version 146, modified, _openttd_newgrf_version = 0x11005013
---- gamelog end ----

*** End of OpenTTD Crash Report ***
