*** OpenTTD Crash Report ***

Crash at: Thu Jan 20 02:57:29 2011
In game date: 2059-03-12 (2)

Crash reason:
 Exception: E1212012
 Location:  7B835102
 Message:   Assertion failed at line 1024 of ..\src\viewport.cpp: type < HT_DIR_END

OpenTTD version:
 Version:    r21615 (0)
 NewGRF ver: 1100546f
 Bits:       32
 Endian:     little
 Dedicated:  no
 Build date: Dec 23 2010 23:18:25

Registers:
 EAX: 7B825039 EBX: 7B881FF4 ECX: 00000000 EDX: 00000000
 ESI: E1212012 EDI: 00000000 EBP: 0032F378 ESP: 0032F314
 EIP: 7B835102 EFLAGS: 00000246

 Bytes at instruction pointer:
 83 EC 04 8D 65 F8 5B 5E 5D C2 10 00 66 90 83 F9 0F B8 0F 00 00 00 0F 46

Stack trace:
 00000040 7BC45E51 7BC6259E E1212012 00000000 00000000 7B835102 00000000
 0032F384 7BC46128 00000050 0032F398 FFFFFFFD 7BC4511E 00110000 7BC34481
 00110000 00000048 00000016 7BC33B3F 00000000 0032F378 7B8350BA 00000016
 00BCCD08 0032F3D8 0057014D E1212012 00000000 00000000 00000000 00642B76
 00000016 FE9E5D04 0032F720 00000200 00000007 00000007 7B853EB0 00000000
 0032F3C4 0057013D 00000001 0032F398 0032EE80 0032FE80 00648D60 FE16B3D4
 FFFFFFFE 0032F710 00641FB0 00000016 00000200 6844EF8D 00110000 00000000
 00188220 00000005 00000765 00010050 00188220 00000010 00000079 00000000
 033CBD11 000000CF 00000057 00000154 00000120 7BC34481 00000001 00000001
 00000000 00000000 00010056 00010060 00010060 6847CFF4 0000001B 00010056
 0032F474 7BC34481 684B7020 00000000 00000007 7BC33B3F 6844CB39 6847CFF4
 0032F494 6847CFF4 0000001B 6847CFF4 0032F4A4 6844CB20 684B7020 00010056
 0032F534 6845114F 6844CB09 6847CFF4 0032F4C4 6844DE37 6844CB09 6847CFF4
 0032F554 6847CFF4 00000001 00000001 0032F4E4 6844DEA0 00010056 00000001
 00000021 00186890 00000001 00010056 0032F504 6844E1F2 00010056 00000000
 0032F554 6842A228 00000000 00000001 0032F554 68451F2F 00010056 6847CFF4
 6845A53D 6847CFF4 00010056 00010050 0032F538 6847CFF4 00000000 00010056
 0032F554 683F21A6 00010050 00000002 68451F1B 6847CFF4 00000001 00010056
 0032F5C4 683F473E 00010056 0032F590 00000000 00000000 00000001 00000000
 00000000 0032F680 7BC9AFF4 00010050 00187090 0032F590 7BC6DC7E 00010060
 00000202 00000000 00210038 000541D6 00000154 00000120 68485344 683C0000
 683F239D 6847CFF4 00010050 684B1DD8 0032F5F4 683F4833 00010056 00010050
 0032F694 00000001 00000001 68485344 0032F608 00000000 3F800000 0032F694
 0032F624 683F4881 00000000 684B1DD8 00010050 6842D0B0 0032F694 00000000

Operating system:
 Name:     Windows
 Release:  5.1.2600 (Service Pack 2)
 Compiler: MSVC 1500

Configuration:
 Blitter:      8bpp-optimized
 Graphics set: OpenGFX (589)
 Language:     C:\Program Files\OpenTTD\lang\french.lng
 Music driver: dmusic
 Music set:    OpenMSX (96)
 Network:      no
 Sound driver: win32
 Sound set:    OpenSFX (87)
 Video driver: win32

AI Configuration (local: 0):
  0: Human

Libraries:
 FreeType:   2.4.4
 ICU:        4.4.2
 LZMA:       5.0.0
 LZO:        2.03
 PNG:        1.4.5
 Zlib:       1.2.5

Module information:
 C:\Program Files\OpenTTD\openttd.exe handle: 00400000 size: 8204288 crc: 3E0BC7D5 date: 2010-12-23 23:21:30
 C:\windows\system32\ntdll.dll handle: 7BC10000 size: 2468 crc: 55354CC5 date: 2010-10-26 22:58:55
 C:\windows\system32\KERNEL32.dll handle: 7B810000 size: 932192 crc: 14C3A4A2 date: 2010-10-26 22:58:56
 C:\windows\system32\winmm.dll handle: 68330000 size: 372260 crc: 0D95F34A date: 2010-10-26 22:58:55
 C:\windows\system32\user32.dll handle: 683C0000 size: 211628 crc: 9E023E8A date: 2010-10-26 22:58:54
 C:\windows\system32\gdi32.dll handle: 684F0000 size: 2432 crc: A337FABB date: 2010-10-26 22:58:55
 C:\windows\system32\advapi32.dll handle: 6E4D0000 size: 2488 crc: 07C978BA date: 2010-10-26 22:58:55
 C:\windows\system32\ws2_32.dll handle: 68570000 size: 2476 crc: 17140957 date: 2010-10-26 22:58:55
 C:\windows\system32\shell32.dll handle: 685B0000 size: 1253780 crc: FFB3971A date: 2010-10-26 22:58:57
 C:\windows\system32\shlwapi.dll handle: 68780000 size: 14536 crc: A5CF2576 date: 2010-10-26 22:58:56
 C:\windows\system32\comctl32.dll handle: 79500000 size: 162532 crc: 3F3D364B date: 2010-10-26 22:59:01
 C:\windows\system32\winex11.drv handle: 688D0000 size: 2452 crc: 6DBC1846 date: 2010-10-26 22:58:59
 C:\windows\system32\imm32.dll handle: 68AD0000 size: 2468 crc: 10043E9B date: 2010-10-26 22:58:55
 C:\windows\system32\uxtheme.dll handle: 68B20000 size: 2448 crc: E39E2A0F date: 2010-10-26 22:59:00
 C:\windows\system32\ole32.dll handle: 68B60000 size: 4232 crc: 39AB4F99 date: 2010-10-26 22:59:02
 C:\windows\system32\rpcrt4.dll handle: 68C50000 size: 2472 crc: 6C1C24DD date: 2010-10-26 22:58:58
 C:\windows\system32\shfolder.dll handle: 66010000 size: 2556 crc: B4726E66 date: 2010-10-26 22:58:59
 C:\windows\system32\winealsa.drv handle: 5E760000 size: 1032 crc: 2FE56CE0 date: 2010-10-26 22:58:54
 C:\windows\system32\msacm32.drv handle: 25B60000 size: 1032 crc: 2FE56CE0 date: 2010-10-26 22:58:58
 C:\windows\system32\msacm32.dll handle: 72270000 size: 14316 crc: 73EC1AD2 date: 2010-10-26 22:58:59
 C:\windows\system32\midimap.dll handle: 202E0000 size: 1032 crc: 2FE56CE0 date: 2010-10-26 22:58:59
 C:\windows\system32\dmime.dll handle: 22970000 size: 181248 crc: BF6CE3D8 date: 2010-10-17 21:37:16
 C:\windows\system32\dsound.dll handle: 202F0000 size: 381952 crc: 71BC2B1C date: 2010-10-17 21:37:14
 C:\windows\system32\dmusic.dll handle: 20340000 size: 122880 crc: D0A4B03C date: 2010-10-17 21:37:16
 C:\windows\system32\dmsynth.dll handle: 70860000 size: 100864 crc: 8F12DF7F date: 2010-10-17 21:37:16
 C:\windows\system32\dmloader.dll handle: 2BFF0000 size: 33280 crc: CED7D165 date: 2010-10-17 21:37:16
 C:\windows\system32\iphlpapi.dll handle: 20360000 size: 2480 crc: D3844F95 date: 2010-10-26 22:59:00
 C:\windows\system32\psapi.dll handle: 302C0000 size: 2500 crc: 04667FAD date: 2010-10-26 22:58:54

---- gamelog start ----
Tick 0: new game started
     Revision text changed to 1.0.1, savegame version 138, not modified, _openttd_newgrf_version = 0x10184d1e
     New game mode: 1 landscape: 3
     Added NewGRF: GRF ID 44440A01, checksum D48D7AD02CA355B92FAE081DC4A36868, filename: av8_aviators_aircraft_set.1.501\pb_av8w.grf (md5sum matches)
     Added NewGRF: GRF ID 44440A03, checksum 6205E0297104502240D946EC26B195CA, filename: av8_extra_aircraft.1.501\pb_av8exw.grf (md5sum matches)
     Added NewGRF: GRF ID FBFB0102, checksum 803D38F242F016C4A8212FA05C0F9B7E, filename: dutch_tram_set.rc1\dutchtramsetw.grf (md5sum matches)
Tick 47767: game loaded
     Revision text changed to 1.0.2-RC1, savegame version 138, not modified, _openttd_newgrf_version = 0x10204de3
Tick 25918: game loaded
     Revision text changed to 1.0.2, savegame version 138, not modified, _openttd_newgrf_version = 0x10284e20
Tick 58080: game loaded
     Revision text changed to 1.0.4, savegame version 138, not modified, _openttd_newgrf_version = 0x10485145
Tick 46885: game loaded
     Revision text changed to r21615, savegame version 155, not modified, _openttd_newgrf_version = 0x1100546f
---- gamelog end ----

*** End of OpenTTD Crash Report ***

Decoded stack trace:
[00]                     0x7B835102
[01]                      0x0057014D
[02]                      0x00641FB0
[03]                      0x0042F807

*** End of additional info ***
