*** OpenTTD Crash Report ***
Date: 2009-07-23 23:56:22
Build: 0.7.2-RC2 (0) built on Jul 21 2009 19:09:51
Reason: Assertion failed at ..\src\economy.cpp:1555: v->load_unload_time_rem != 0
Language: english_US.lng
Exception C0000005 at 0040DA6A
Registers:
 EAX: 01F24788 EBX: 0343D834 ECX: 0012F880 EDX: 01F247D2
 ESI: 0062BFE8 EDI: 005EC8D8 EBP: 0012FAE4 ESP: 0012FA98
 EIP: 0040DA6A EFLAGS: 00210202

Bytes at CS:EIP:
 C6 05 00 00 00 00 00 B8 FF FF 00 00 66 01 83 16 01 00 00 0F B7 83 16 01

Stack trace: 
 03466808 0012FB78 00000000 76D20A75 00000000 00000001 00000000 00000000
 0012FB18 776C99CE 0012FAD0 00000018 0012FBAC 776C9980 01325DA8 00000084
 76D08DF4 0306A1CA 0052DD0D 0012FB80 0040E15E 0012FAF8 0066B314 03466808
 00000000 00000000 00000000 00000000 00000000 00000000 00000000 00000000
 00000000 00000000 00000000 00000000 00000000 00000000 00000000 00000000
 00000000 00000000 00000000 00000000 00000000 00000000 00000000 00000000
 00000000 00000000 00000000 00000000 00000000 00000000 00000000 00000000
 035D6FB0 035D3630 0012FBF0 0043A5A8 76D08DF4 0306A1CA 00000000 004A0E68
 00511A1A 00000008 0000BF56 0000EFF6 0047D610 00000000 00000008 0047DD5C
 0047D650 00000000 0000EFF6 0047DF49 005EC8D8 0000EFF6 0000EFF6 0000EFF6
 00000008 00000011 0000000F 0012FC18 76D08DF4 0306A1CA 0012FC18 0042B9C2
 76D08DF4 0306A1CA 0012FC18 00000000 0306A1CA 00000000 00000000 004222CD
 0012FC2C 0042BC03 0306A1CA 00000000 0012FC18 00000000 0052E95F 00692D74
 01F5B4E8 0012FCDC 00000000 0012FC30 0306A1CA 0306A1E8 00000000 00000000
 000903C6 00000113 00000001 0052DA40 0306A1BA 00000170 0000015A 0042B0B1
 0012FCF4 00000001 00000001 01000004 00000000 00000000 00000000 00000000
 01F529A0 FFFFFFFF 00000000 00000000 00000000 00000000 FFFFFFFF 00000000
 0012FEF8 00000000 00000000 00000000 FFFFFFFF 0012FDFC 006358D0 00000000
 00000000 0012FEF8 004441C0 00000001 0012FDF8 FFFFFFFE 00000000 5C3A4322
 676F7250 206D6172 656C6946 704F5C73 54546E65 706F5C44 74746E65 78652E64
 00000065 00D890E0 0012FE44 77679834 03183869 FFFFFFFE 776D5B87 776D5955
 776D58A6 00000018 0012FEB4 002E0034 00000001 00000001 000001E1 002A0035
 00000001 00000001 E00001E1 01EE0348 776D5B87 7467897D 00D80000 00000000
 00D80194 00350018 00000001 01EF0920 01EE0498 00320019 00000001 00000000

Module information:
 C:\Program Files\OpenTTD\openttd.exe handle: 00400000 size: 2630656 crc: 187A804F date: 2009-07-21 19:12:56
 C:\Windows\system32\ntdll.dll handle: 77670000 size: 1203792 crc: 7CFCEC95 date: 2008-01-21 02:25:01
 C:\Windows\system32\kernel32.dll handle: 76BD0000 size: 888832 crc: 62FA7623 date: 2009-02-13 08:49:05
 C:\Windows\system32\WINMM.dll handle: 743F0000 size: 189952 crc: D22FC585 date: 2008-01-21 02:24:11
 C:\Windows\system32\msvcrt.dll handle: 77470000 size: 680448 crc: E5AE7FEC date: 2008-01-21 02:24:36
 C:\Windows\system32\USER32.dll handle: 76D00000 size: 627200 crc: B687ED70 date: 2008-01-21 02:24:21
 C:\Windows\system32\GDI32.dll handle: 76CB0000 size: 296960 crc: AA2880BF date: 2008-10-21 05:25:18
 C:\Windows\system32\ADVAPI32.dll handle: 76E80000 size: 798720 crc: F58CDFCB date: 2008-01-21 02:24:27
 C:\Windows\system32\RPCRT4.dll handle: 76DB0000 size: 784896 crc: 091E6675 date: 2009-04-23 12:43:04
 C:\Windows\system32\ole32.dll handle: 77520000 size: 1315328 crc: 6B931D39 date: 2008-01-21 02:24:58
 C:\Windows\system32\OLEAUT32.dll handle: 76B30000 size: 563200 crc: B69E10E1 date: 2008-01-21 02:25:00
 C:\Windows\system32\OLEACC.dll handle: 743B0000 size: 215040 crc: EF3061D3 date: 2008-01-21 02:23:53
 C:\Windows\system32\WS2_32.dll handle: 777B0000 size: 179200 crc: 5D581120 date: 2008-01-21 02:24:48
 C:\Windows\system32\NSI.dll handle: 777A0000 size: 8192 crc: 10729B39 date: 2008-01-21 02:24:47
 C:\Windows\system32\SHELL32.dll handle: 75D20000 size: 11580928 crc: CE4BF6CB date: 2008-11-06 13:14:25
 C:\Windows\system32\SHLWAPI.dll handle: 771F0000 size: 351744 crc: F95C1869 date: 2008-01-21 02:24:37
 C:\Windows\system32\ShimEng.dll handle: 6FA90000 size: 111104 crc: 4C4AA1E6 date: 2006-11-02 09:46:13
 C:\Windows\system32\apphelp.dll handle: 75B50000 size: 171008 crc: 90646962 date: 2008-01-21 02:24:10
 C:\Windows\AppPatch\AcGenral.DLL handle: 6C840000 size: 2154496 crc: 95A5EE76 date: 2008-11-01 03:44:34
 C:\Windows\system32\UxTheme.dll handle: 74940000 size: 240128 crc: 5F29223E date: 2008-01-21 02:23:43
 C:\Windows\system32\NETAPI32.dll handle: 75840000 size: 466944 crc: 06255BD7 date: 2008-10-16 04:47:33
 C:\Windows\system32\PSAPI.DLL handle: 75D10000 size: 12288 crc: D7B812C5 date: 2006-11-02 09:46:12
 C:\Windows\system32\MSACM32.dll handle: 73220000 size: 71680 crc: A2E8F836 date: 2008-01-21 02:24:53
 C:\Windows\system32\VERSION.dll handle: 75310000 size: 20480 crc: FE59E801 date: 2008-01-21 02:24:11
 C:\Windows\system32\sfc.dll handle: 72760000 size: 4608 crc: 5D5C8D17 date: 2006-11-02 09:46:13
 C:\Windows\system32\sfc_os.DLL handle: 73CD0000 size: 38912 crc: 705BDC57 date: 2008-01-21 02:24:15
 C:\Windows\system32\SETUPAPI.dll handle: 76900000 size: 1590272 crc: BB6B35BF date: 2008-01-21 02:24:46
 C:\Windows\system32\USERENV.dll handle: 75BD0000 size: 108032 crc: AC76B003 date: 2008-01-21 02:24:10
 C:\Windows\system32\Secur32.dll handle: 75BB0000 size: 72704 crc: C6E7699B date: 2009-02-13 08:49:10
 C:\Windows\system32\dwmapi.dll handle: 71840000 size: 39936 crc: 2E8C92C0 date: 2008-01-21 02:24:06
 C:\Windows\system32\urlmon.dll handle: 77020000 size: 1207808 crc: A841BC7E date: 2009-05-09 05:49:46
 C:\Windows\system32\iertutil.dll handle: 77280000 size: 1985024 crc: 3FB52923 date: 2009-05-09 05:34:34
 C:\Windows\system32\MPR.dll handle: 756B0000 size: 68608 crc: 8020B202 date: 2008-01-21 02:24:14
 C:\Windows\system32\IMM32.DLL handle: 76A90000 size: 114688 crc: 57C1E0CD date: 2008-01-21 02:24:24
 C:\Windows\system32\MSCTF.dll handle: 76830000 size: 806912 crc: 66ABCC79 date: 2008-01-21 02:24:57
 C:\Windows\system32\LPK.DLL handle: 76DA0000 size: 23552 crc: 3277B148 date: 2008-01-21 02:24:14
 C:\Windows\system32\USP10.dll handle: 76AB0000 size: 501760 crc: 09CF36C9 date: 2008-01-21 02:24:14
 C:\Windows\system32\avgrsstx.dll handle: 6C1B0000 size: 11952 crc: FEFAE0A9 date: 2009-07-11 16:36:26
 C:\Windows\WinSxS\x86_microsoft.windows.common-controls_6595b64144ccf1df_6.0.6001.18000_none_5cdbaa5a083979cc\comctl32.dll handle: 74980000 size: 1684480 crc: 57ECDF87 date: 2008-01-21 02:23:44
 C:\Windows\system32\SHFolder.dll handle: 714E0000 size: 7168 crc: 1CA14A5C date: 2006-11-02 09:46:13
 C:\Windows\system32\wdmaud.drv handle: 73CE0000 size: 166912 crc: 5FC059D1 date: 2008-01-21 02:24:55
 C:\Windows\system32\ksuser.dll handle: 73450000 size: 4608 crc: 4C647881 date: 2006-11-02 09:46:05
 C:\Windows\system32\MMDevAPI.DLL handle: 748E0000 size: 149504 crc: 29FF5B91 date: 2008-01-21 02:24:44
 C:\Windows\system32\AVRT.dll handle: 74EA0000 size: 12800 crc: EB589AA0 date: 2008-01-21 02:24:54
 C:\Windows\system32\WINTRUST.dll handle: 74DD0000 size: 171520 crc: EE6B6CCB date: 2008-01-21 02:24:35
 C:\Windows\system32\CRYPT32.dll handle: 755B0000 size: 977408 crc: 49821E3F date: 2008-01-21 02:24:53
 C:\Windows\system32\MSASN1.dll handle: 75710000 size: 59904 crc: 7A69072B date: 2006-11-02 09:46:06
 C:\Windows\system32\imagehlp.dll handle: 77250000 size: 153088 crc: EEF49677 date: 2008-01-21 02:24:06
 C:\Windows\system32\AUDIOSES.DLL handle: 73420000 size: 116224 crc: 30C70121 date: 2008-01-21 02:24:54
 C:\Windows\system32\audioeng.dll handle: 72EA0000 size: 397312 crc: 17666E45 date: 2008-01-21 02:24:54
 C:\Windows\system32\msacm32.drv handle: 73410000 size: 21504 crc: 1F6A62A4 date: 2008-01-21 02:23:45
 C:\Windows\system32\midimap.dll handle: 72DE0000 size: 17408 crc: 44FD6876 date: 2008-01-21 02:23:45
 C:\Windows\system32\CLBCatQ.DLL handle: 77160000 size: 523776 crc: C2EBF5E6 date: 2008-01-21 02:24:24
 C:\Windows\system32\dmime.dll handle: 73940000 size: 178688 crc: 3063C87B date: 2008-01-21 02:23:37
 C:\Windows\system32\DSOUND.dll handle: 6D9C0000 size: 444416 crc: 1F6BF3CC date: 2008-01-21 02:24: C:\Windows\system32\mswsock.dll handle: 752A0000 size: 223232 crc: 3746AAB9 date: 2008-01-21 02:24:02 ---- gamelog start ----
Tick 62675: game loaded
     Conversion from OTTD savegame without gamelog: version 4, 1
     Revision text changed to 0.7.2-RC2, savegame version 116, not modified, _openttd_newgrf_version = 0x07204209
     New game mode: 0 landscape: 1
     Added NewGRF: GRF ID 4D656F54, checksum AAC1CBD79F701B8DCE0B480AB7D83EAD, filename: ottdc_grfpack\1_other\toyland2mars\Toyland2MarsW.grf
     Added NewGRF: GRF ID 4D656F55, checksum 375DE1749A40E0622F575FA351736317, filename: ottdc_grfpack\1_other\toyland2mars\z\T2MarsBonusW.grf
---- gamelog end ----
