*** OpenTTD Crash Report ***

Crash at: Tue Mar 20 19:57:54 2012
In game date: 1963-05-22 (10)

Crash reason:
 Signal:  Segmentation fault: 11 (11)
 Message: <none>

OpenTTD version:
 Version:    1.1.5 (0)
 NewGRF ver: 11585cf6
 Bits:       32
 Endian:     little
 Dedicated:  no
 Build date: Jan 17 2012 16:13:26


Stacktrace:
 [00] ???                  0x00000b00

Operating system:
 Name:     Mac OS X
 Release:  10.7.3
 Machine:  Intel 80486
 Min Ver:  1040
 Compiler: GCC 4.0.1 "4.0.1 (Apple Inc. build 5490)"

Configuration:
 Blitter:      32bpp-anim
 Graphics set: original_windows (0)
 Language:     /Users/krzys/Documents/gry/OpenTTD/OpenTTD.app/Contents/Resources/lang/polish.lng
 Music driver: cocoa
 Music set:    NoMusic (0)
 Network:      no
 Sound driver: cocoa
 Sound set:    NoSound (2)
 Video driver: cocoa

AI Configuration (local: 0):
  0: Human
  1: NoCAB (v498)
  2: NoCAB (v498)
  3: RoadAI (v3)
  4: RoadAI (v3)
  5: DictatorAI (v153)

Libraries:
 FreeType:   2.4.3
 ICU:        4.6
 LZMA:       5.0.0
 LZO:        2.03
 PNG:        1.4.4
 Zlib:       1.2.5

---- gamelog start ----
Tick 0: new game started
     Revision text changed to 1.1.5, savegame version 160, not modified, _openttd_newgrf_version = 0x11585cf6
     New game mode: 1 landscape: 0
     Added NewGRF: GRF ID 4642FB21, checksum 117F6F1F07C18A9C15ADC6127AFBAE97, filename: modern_tram_set-3.1/motraset_r3.1.grf (md5sum matches)
     Added NewGRF: GRF ID 49764202, checksum 58B1CA96A7BB760A907F25D4B835F064, filename: german_town_names-0.2.0/german-townnames.grf (md5sum matches)
     Added NewGRF: GRF ID 51560000, checksum BFF369655BCEFB9F4905BB474C05EBE7, filename: polish_pkp_set-1.6/pkp_set_1.6.grf (md5sum matches)
     Added NewGRF: GRF ID 444A5901, checksum 23CEC795D97265752C21EA8F02564A61, filename: vacuum_tube_train-0.22/vactrain.grf (md5sum matches)
---- gamelog end ----

*** End of OpenTTD Crash Report ***
