*** OpenTTD Crash Report ***
Date: 2008-06-18 09:38:00
Build: 0.6.1-RC2 built on May 21 2008 00:16:12
Reason: Assertion failed at ..\src\openttd.cpp:113: 0
Exception C0000005 at 004246D2
Registers:
 EAX: 00E6EEA8 EBX: 00000001 ECX: 0012F508 EDX: 00E6EED6
 ESI: 00000200 EDI: 0012FA4C EBP: 0012F928 ESP: 0012F71C
 EIP: 004246D2 EFLAGS: 00010202

Bytes at CS:EIP:
 C6 05 00 00 00 00 00 E8 08 DC 0E 00 CC 55 8B EC 81 EC 00 04 00 00 56 8D

Stack trace: 
 00000001 21E4B458 00000000 2074754F 6D20666F 726F6D65 43202E79 6F6E6E61
 6C612074 61636F6C 32206574 35333838 62203239 73657479 00C20100 00434C5E
 0012FADF 0012F7B8 7FFDF000 00000000 7FFDF000 029D0000 21E4F868 00C20050
 01440000 01440000 0012F8F0 127E0000 00436097 0012FAE7 01440000 0012F8B4
 00C20178 127E0000 004345DA 0012F838 21E4B860 21E8F870 0012F7C8 01440000
 005E4DD8 0012F8B4 127E0000 0012F8AC 21E8F868 000002CF 00667D10 00C20178
 0012F90B 00000000 21E4B858 005E4DD8 00000008 0012FB70 00C20178 00000030
 004148A8 01AA5548 00000008 21E90878 00C20178 00000009 FFFFFF0B 00C20178
 0012FB70 21E8F870 00C20178 00000008 01428FFC 00C20178 0012F89C 21E4B860
 00000000 00000001 00000000 00C20178 00000185 0000002D 00C20178 01AA5444
 21E90880 00000000 00000AF3 00000006 00C20178 00000006 00000002 00000192
 000010F5 00C20178 0000029C 0012FB70 0012F8DC 0000000D 0012F8A8 00C20178
 0012FB70 000002F1 00000011 0012F8D4 00019002 00058002 00667D10 00000000
 C000012D 0001FE70 00000082 21E4F860 00000001 00000000 00000000 00000000
 000C9000 00000000 00000000 00000000 00C20000 002C0028 00010000 00C20000
 0012F6F4 002C0008 00516599 00000006 002C0008 0051672C 000005AF 0000000C
 00000000 00512B78 0050F4C4 00544DE0 00401929 0057A434 002C0008 004C57E8
 002C0008 020DA020 0012F960 0012F9B0 0012FA6C 0012FA6C 0012FA6C 005262BD
 00000000 0012F998 004C38F6 000CF25A 020DA020 377A9612 00016456 000CF25A
 020DA020 000CF25A 0012FA44 0012FA6C 005267DB 00000002 0012FA78 0012FA78
 004C221D 004C2187 020DA020 000CF25A 00000000 21E4B458 21E4B860 00000000
 21E4F868 00000000 00000000 00032000 036E0020 00000000 00000000 00000000
 005E4658 00002710 020DA020 00000000 00000000 00000000 00000000 00000000
 00000000 00000000 00000000 00000000 00000000 00000000 00000000 00000000

Module information:
 C:\temp\OpenTTD\openttd.exe handle: 00400000 size: 1814528 crc: 61FF8BD0 date: 2008-05-20 22:20:40
 C:\WINDOWS\system32\ntdll.dll handle: 7C900000 size: 708096 crc: A5A50370 date: 2004-08-04 12:00:00
 C:\WINDOWS\system32\kernel32.dll handle: 7C800000 size: 984576 crc: 2CCFBF2B date: 2007-04-16 15:52:53
 C:\WINDOWS\system32\WINMM.dll handle: 76B40000 size: 176128 crc: 123646FA date: 2004-08-04 12:00:00
 C:\WINDOWS\system32\USER32.dll handle: 7E410000 size: 577536 crc: DF3237C6 date: 2007-03-08 15:36:28
 C:\WINDOWS\system32\GDI32.dll handle: 77F10000 size: 282112 crc: F0029774 date: 2007-06-19 13:31:19
 C:\WINDOWS\system32\ADVAPI32.dll handle: 77DD0000 size: 616960 crc: 5E7A2F0A date: 2004-08-04 12:00:00
 C:\WINDOWS\system32\RPCRT4.dll handle: 77E70000 size: 584192 crc: B1CE66F6 date: 2007-07-09 13:09:42
 C:\WINDOWS\system32\Secur32.dll handle: 77FE0000 size: 55808 crc: 5A32C057 date: 2004-08-04 12:00:00
 C:\WINDOWS\system32\WS2_32.dll handle: 71AB0000 size: 82944 crc: 9738CC56 date: 2004-08-04 12:00:00
 C:\WINDOWS\system32\msvcrt.dll handle: 77C10000 size: 343040 crc: 5298C0C5 date: 2004-08-04 12:00:00
 C:\WINDOWS\system32\WS2HELP.dll handle: 71AA0000 size: 19968 crc: F5DD5AB6 date: 2004-08-04 12:00:00
 C:\WINDOWS\system32\IMM32.DLL handle: 76390000 size: 110080 crc: FD65A0DD date: 2004-08-04 12:00:00
 C:\WINDOWS\system32\SHFolder.dll handle: 76780000 size: 25088 crc: 2EC7582B date: 2004-08-04 12:00:00
 C:\WINDOWS\system32\SHLWAPI.dll handle: 77F60000 size: 474112 crc: 4E548D67 date: 2007-12-07 01:07:13
 C:\WINDOWS\WinSxS\x86_Microsoft.Windows.Common-Controls_6595b64144ccf1df_6.0.2600.2982_x-ww_ac3f9c03\comctl32.dll handle: 773D0000 size: 1054208 crc: 58D6578C date: 2006-08-25 15:45:55
 C:\WINDOWS\system32\comctl32.dll handle: 5D090000 size: 617472 crc: 232F6674 date: 2006-08-25 15:45:58
 C:\WINDOWS\system32\uxtheme.dll handle: 5AD70000 size: 218624 crc: 5AA98F22 date: 2004-08-04 12:00:00
 C:\WINDOWS\system32\MSCTF.dll handle: 74720000 size: 294400 crc: BBD2E653 date: 2004-08-04 12:00:00
 C:\WINDOWS\system32\msctfime.ime handle: 755C0000 size: 177152 crc: 6A712F98 date: 2004-08-04 12:00:00
 C:\WINDOWS\system32\ole32.dll handle: 774E0000 size: 1285120 crc: AD325A7F date: 2005-07-26 04:39:48
 C:\WINDOWS\system32\WINTRUST.dll handle: 76C30000 size: 176640 crc: 88D208BD date: 2004-08-04 12:00:00
 C:\WINDOWS\system32\CRYPT32.dll handle: 77A80000 size: 597504 crc: 971ECFAA date: 2004-08-04 12:00:00
 C:\WINDOWS\system32\MSASN1.dll handle: 77B20000 size: 57344 crc: D5127637 date: 2004-08-04 12:00:00
 C:\WINDOWS\system32\IMAGEHLP.dll handle: 76C90000 size: 144384 crc: 714A70BC date: 2004-08-04 12:00:00
 C:\WINDOWS\system32\wdmaud.drv handle: 72D20000 size: 23552 crc: 982E84EE date: 2004-08-03 23:56:58
 C:\WINDOWS\system32\msacm32.drv handle: 72D10000 size: 20480 crc: D5406BAE date: 2004-08-04 12:00:00
 C:\WINDOWS\system32\MSACM32.dll handle: 77BE0000 size: 71680 crc: 6A21891E date: 2004-08-04 12:00:00
 C:\WINDOWS\system32\midimap.dll handle: 77BD0000 size: 18944 crc: 502B5282 date: 2004-08-04 12:00:00
 C:\WINDOWS\system32\CLBCATQ.DLL handle: 76FD0000 size: 498688 crc: 9DED030F date: 2005-07-26 04:39:43
 C:\WINDOWS\system32\COMRes.dll handle: 77050000 size: 792064 crc: 5A12B4A2 date: 2004-08-04 12:00:00
 C:\WINDOWS\system32\OLEAUT32.dll handle: 77120000 size: 550912 crc: 18657280 date: 2007-12-04 18:38:13
 C:\WINDOWS\system32\VERSION.dll handle: 77C00000 size: 18944 crc: CFE439BB date: 2004-08-04 12:00:00
 C:\WINDOWS\system32\dmime.dll handle: 5C570000 size: 181248 crc: F18E50F8 date: 2004-08-04 12:00:00
 C:\WINDOWS\system32\DSOUND.dll handle: 73F10000 size: 367616 crc: F0EFB582 date: 2004-08-04 12:00:00
 C:\WINDOWS\system32\dmusic.dll handle: 6C980000 size: 104448 crc: 0C1C73CE date: 2004-08-04 12:00:00
 C:\WINDOWS\system32\KsUser.dll handle: 73EE0000 size: 4096 crc: 519CF22C date: 2004-08-03 23:56:44
 C:\WINDOWS\system32\dmsynth.dll handle: 6C9A0000 size: 103424 crc: ECEFF055 date: 2004-08-04 12:00:00
 C:\WINDOWS\system32\dmloader.dll handle: 6CA10000 size: 35840 crc: CCCBFD58 date: 2004-08-04 12:00:00
 C:\WINDOWS\system32\mswsock.dll handle: 71A50000 size: 245248 crc: E2309390 date: 2004-08-04 12:00:00
 C:\WINDOWS\system32\hnetcfg.dll handle: 662B0000 size: 344064 crc: 6CF15ACF date: 2004-08-04 12:00:00
 C:\WINDOWS\System32\wshtcpip.dll handle: 71A90000 size: 19968 crc: B88CC0E5 date: 2004-08-04 12:00:00
 C:\WINDOWS\system32\psapi.dll handle: 76BF0000 size: 23040 crc: 97A44A88 date: 2004-08-04 12:00:00

System information:
 Windows version 5.1 2600 S
