*** OpenTTD Crash Report ***

Crash at: Sun Feb 06 14:30:22 2011
In game date: 1959-10-01 (0)

Crash reason:
 Exception: E1212012
 Location:  000007FEFD3AAA7D
 Message:   Assertion failed at line 2251 of ..\src\window.cpp: IsGeneratingWorld() || IsLocalCompany()

OpenTTD version:
 Version:    1.1.0-beta5 (0)
 NewGRF ver: 110055cf
 Bits:       64
 Endian:     little
 Dedicated:  no
 Build date: Feb  4 2011 20:39:13

Registers:
 RAX: 000000007723FAA6 RBX: 0000000000000016 RCX: 00000000001640A0 RDX: 0000000000000000
 RSI: 0000000000000000 RDI: 0000000000000008 RBP: 00000000000807B6 RSP: 00000000001646B0
 R8:  0000000000000000 R9:  0000000000000000 R10: 0000000000000000 R11: 0000000000000286
 R12: 000000013FA16710 R13: 000000013F300C60 R14: 0000000000000001 R15: 000000007706C333
 RIP: 000007FEFD3AAA7D EFLAGS: 00000206

 Bytes at instruction pointer:
 48 81 C4 C8 00 00 00 C3 90 90 90 90 90 90 90 90 90 90 90 48 83 EC 48 83

Stack trace:
 00000016 00000000 00000000 00000000 00000008 00000000 00000000 00000000
 E1212012 00000000 00000000 00000000 FD3AAA7D 000007FE 00000000 00000000
 00000000 00000000 00000000 00000000 770C32C4 00000000 0000000A 00000000
 0000000A 00000000 00000000 00000000 00000000 00000000 7706C3DF 00000000
 770C32C4 00000000 772AFF9A 00000000 00000000 00000000 770694BD 00000000
 00000001 00000000 00000001 00000000 00000000 00000000 00000000 00000000
 00000001 00000000 3F3FA2C1 00000001 00000016 00000000 60DB5253 00000000
 00000000 00000000 00000000 00000000 00000070 00000000 772A7B3A 00000000
 FFFFFFFF FFFFFFFF 7706C333 00000000 000807B6 00000000 00000000 00000000
 00000000 00000000 00000200 00000000 000001C0 00000000 3F3F9546 00000001
 00000001 00000000 00000000 00000000 000000E6 00000000 00000000 00000000
 00000001 00000000 00000000 00000000 009C47B8 00000000 00000001 00000001
 00000000 00000000 000004AA 0000034D 00000690 000003EE 7706A078 00000000
 00000000 00000000 00010101 80C801C5 02AB0003 011201D1 002E0047 00000000
 77293908 00000000 00000000 00000000 00000000 00000000 00000000 00000000
 00000000 00000000 00000691 00000409 00000000 00000000 772BFC65 00000000
 B20A1C35 FFFFFFFF 00000001 00000001 003D1106 00000000 0000000C 0000000E
 00164908 00000000 00000030 00000002 7705F5CA 00000000 000003D1 00000000
 00000000 00000000 00164938 00000000 00000000 00000000 009C4790 00000000
 0000000A FFFFFA80 00000001 00000000 00000000 00000000 77293908 00000000
 772B5BC0 00000000 77084DDC 00000000 77050000 00000000 00130A6A 00000000
 9D86CECA 0000C5C4 00130A6A 00000000 00000000 00000000 00000000 00000000
 00000001 00000000 00000010 00000000 00010003 00000000 00000001 00000000
 00000000 00000000 770C2825 00000000 003D10E0 00000000 003D10E0 00000000

Operating system:
 Name:     Windows
 Release:  6.1.7600 ()
 Compiler: MSVC 1500

Configuration:
 Blitter:      8bpp-optimized
 Graphics set: OpenGFX (589)
 Language:     E:\Jocuri\openttd beta\lang\english.lng
 Music driver: win32
 Music set:    OpenMSX (96)
 Network:      server
 Sound driver: win32
 Sound set:    OpenSFX (87)
 Video driver: win32

AI Configuration (local: 8):
  0: Human
  1: SimpleAI (v5)
  2: Denver & Rio Grande (v1)
  3: Trans (v100307)
  4: StreetTraffic (v1)
  5: Human
  6: TownCars (v4)
  7: StreetTraffic (v1)
  8: Human
  9: StreetTraffic (v1)

Libraries:
 FreeType:   2.4.4
 ICU:        4.4.2
 LZMA:       5.0.0
 LZO:        2.03
 PNG:        1.4.5
 Zlib:       1.2.5

Module information:
 E:\Jocuri\openttd beta\openttd.exe handle: 000000013F0E0000 size: 9903104 crc: CB401552 date: 2011-02-04 20:43:10
 C:\Windows\SYSTEM32\ntdll.dll handle: 0000000077270000 size: 1736608 crc: 51E6A99D date: 2010-03-24 06:59:44
 C:\Windows\system32\kernel32.dll handle: 0000000077150000 size: 1162240 crc: 822946F0 date: 2009-07-14 01:41:13
 C:\Windows\system32\KERNELBASE.dll handle: 000007FEFD3A0000 size: 421376 crc: 68F689E4 date: 2009-07-14 01:41:13
 C:\Windows\system32\WINMM.dll handle: 000007FEFBCA0000 size: 217600 crc: 7BC1529F date: 2009-07-14 01:41:56
 C:\Windows\system32\msvcrt.dll handle: 000007FEFEAF0000 size: 634880 crc: 7F3E716F date: 2009-07-14 01:41:32
 C:\Windows\system32\USER32.dll handle: 0000000077050000 size: 1008640 crc: D2138C35 date: 2009-07-14 01:41:56
 C:\Windows\system32\GDI32.dll handle: 000007FEFEF30000 size: 404480 crc: 0F1BAE69 date: 2009-07-14 01:40:56
 C:\Windows\system32\LPK.dll handle: 000007FEFF1F0000 size: 41984 crc: 350AF03B date: 2009-07-14 01:41:19
 C:\Windows\system32\USP10.dll handle: 000007FEFF230000 size: 801280 crc: 32EFA120 date: 2009-07-14 01:41:56
 C:\Windows\system32\WS2_32.dll handle: 000007FEFE690000 size: 296448 crc: B9553AFD date: 2009-07-14 01:41:58
 C:\Windows\system32\RPCRT4.dll handle: 000007FEFE6E0000 size: 1221632 crc: D5B6358C date: 2009-07-14 01:41:53
 C:\Windows\system32\NSI.dll handle: 000007FEFD640000 size: 13824 crc: 53B46F6C date: 2009-07-14 01:41:53
 C:\Windows\system32\ADVAPI32.dll handle: 000007FEFD7D0000 size: 877056 crc: FA615A20 date: 2009-07-14 01:40:01
 C:\Windows\SYSTEM32\sechost.dll handle: 000007FEFF1D0000 size: 113664 crc: 978CFAE5 date: 2009-07-14 01:41:53
 C:\Windows\system32\SHELL32.dll handle: 000007FEFD900000 size: 14162944 crc: 38C0D5D7 date: 2010-07-27 14:59:11
 C:\Windows\system32\SHLWAPI.dll handle: 000007FEFEB90000 size: 449536 crc: 0BFDF102 date: 2009-07-14 01:41:54
 C:\Windows\system32\IMM32.DLL handle: 000007FEFF200000 size: 167424 crc: 41B2805A date: 2009-07-14 01:41:09
 C:\Windows\system32\MSCTF.dll handle: 000007FEFEE20000 size: 1067008 crc: 798DDDA0 date: 2009-07-14 01:41:28
 C:\Windows\system32\guard64.dll handle: 0000000180000000 size: 362784 crc: CBF5BA53 date: 2011-01-12 19:53:47
 C:\Windows\system32\fltlib.dll handle: 000007FEFD1C0000 size: 19456 crc: C0616299 date: 2009-07-14 01:40:54
 C:\Windows\system32\SHFolder.dll handle: 000007FEF8930000 size: 10240 crc: 08A48DE3 date: 2009-07-14 01:41:54
 C:\Windows\system32\ole32.dll handle: 000007FEFEC10000 size: 2085376 crc: 4764DDC2 date: 2010-06-29 05:39:12
 C:\Windows\system32\MMDevAPI.DLL handle: 000007FEFB190000 size: 284160 crc: CDF2EF81 date: 2009-07-14 01:41:26
 C:\Windows\system32\PROPSYS.dll handle: 000007FEFB630000 size: 1212416 crc: 98D01BC9 date: 2009-07-14 01:41:53
 C:\Windows\system32\OLEAUT32.dll handle: 000007FEFF0F0000 size: 861184 crc: 112732BA date: 2010-04-07 07:37:39
 C:\Windows\system32\wdmaud.drv handle: 000007FEFA7C0000 size: 217088 crc: AB6BC545 date: 2009-07-14 01:38:50
 C:\Windows\system32\ksuser.dll handle: 0000000074F40000 size: 5120 crc: AA2071D9 date: 2009-07-14 01:41:13
 C:\Windows\system32\AVRT.dll handle: 000007FEFADF0000 size: 18432 crc: 5CE53CB7 date: 2009-07-14 01:40:05
 C:\Windows\system32\SETUPAPI.dll handle: 000007FEFF300000 size: 1899520 crc: 91ED5D15 date: 2009-07-14 01:41:54
 C:\Windows\system32\CFGMGR32.dll handle: 000007FEFD2C0000 size: 207360 crc: 369326FC date: 2009-07-14 01:40:15
 C:\Windows\system32\DEVOBJ.dll handle: 000007FEFD580000 size: 93184 crc: A7541AE2 date: 2009-07-14 01:40:28
 C:\Windows\system32\AUDIOSES.DLL handle: 000007FEFA770000 size: 296448 crc: 07CA71DE date: 2009-07-14 01:40:04
 C:\Windows\system32\msacm32.drv handle: 000007FEFAA40000 size: 25600 crc: 2B579A05 date: 2009-07-14 01:38:50
 C:\Windows\system32\MSACM32.dll handle: 000007FEFA840000 size: 83456 crc: 3D67538B date: 2009-07-14 01:41:27
 C:\Windows\system32\midimap.dll handle: 000007FEFA710000 size: 20480 crc: CB902A13 date: 2009-07-14 01:41:23
 C:\Windows\system32\CRYPTBASE.dll handle: 000007FEFD050000 size: 44032 crc: F547C16E date: 2009-07-14 01:40:24
 C:\Windows\system32\CLBCatQ.DLL handle: 000007FEFD5A0000 size: 607744 crc: 939E35C9 date: 2009-07-14 01:40:15
 C:\Windows\system32\uxtheme.dll handle: 000007FEFB5D0000 size: 332288 crc: B0A13DF9 date: 2009-07-14 01:41:56
 C:\Windows\system32\dwmapi.dll handle: 000007FEFB0B0000 size: 82432 crc: A459F360 date: 2009-07-14 01:40:34
 C:\Windows\system32\mswsock.dll handle: 000007FEFC9F0000 size: 320000 crc: EA387916 date: 2009-07-14 01:41:34
 C:\Windows\System32\wshtcpip.dll handle: 000007FEFC3E0000 size: 13312 crc: 5D1E2C55 date: 2009-07-14 01:41:58
 C:\Windows\System32\wship6.dll handle: 000007FEFC9E0000 size: 13824 crc: E3FBF123 date: 2009-07-14 01:41:58
 C:\Windows\system32\DNSAPI.dll handle: 000007FEFC870000 size: 356352 crc: D15B6D28 date: 2009-07-14 01:40:31
 C:\Program Files\Bonjour\mdnsNSP.dll handle: 0000000073B40000 size: 193824 crc: 4621FC38 date: 2010-07-27 15:55:48
 C:\Windows\system32\Iphlpapi.DLL handle: 000007FEFA530000 size: 145920 crc: FFC0BAF8 date: 2009-07-14 01:41:10
 C:\Windows\system32\WINNSI.DLL handle: 000007FEFA520000 size: 26112 crc: 744B2434 date: 2009-07-14 01:41:56
 C:\Program Files\Common Files\Microsoft Shared\Windows Live\WLIDNSP.DLL handle: 0000000073B10000 size: 168304 crc: A1C4A7FA date: 2009-08-18 10:48:02
 C:\Windows\system32\PSAPI.DLL handle: 0000000077440000 size: 9216 crc: 84B5E9BA date: 2009-07-14 01:41:53
 C:\Windows\System32\fwpuclnt.dll handle: 000007FEFA230000 size: 324096 crc: 37B502C2 date: 2009-07-14 01:40:55
 C:\Windows\system32\rasadhlp.dll handle: 000007FEF9C80000 size: 16384 crc: C5FD1616 date: 2009-07-14 01:41:53
 C:\Windows\WinSxS\amd64_microsoft.windows.common-controls_6595b64144ccf1df_6.0.7600.16661_none_fa62ad231704eab7\comctl32.dll handle: 000007FEFB960000 size: 2030080 crc: A65E8D4D date: 2010-08-21 06:12:27
 C:\Windows\system32\ntmarta.dll handle: 000007FEFAD90000 size: 162304 crc: 5344798C date: 2009-07-14 01:41:53
 C:\Windows\system32\WLDAP32.dll handle: 0000000001DD0000 size: 311808 crc: 7A3D9683 date: 2009-07-14 01:41:56
 C:\Windows\system32\CRYPTSP.dll handle: 000007FEFCA50000 size: 79872 crc: EAD9F786 date: 2009-07-14 01:40:24
 C:\Windows\system32\rsaenh.dll handle: 000007FEFC750000 size: 281256 crc: 4AE59CAD date: 2009-07-14 01:43:15
 C:\Windows\system32\RpcRtRemote.dll handle: 000007FEFD160000 size: 65024 crc: 2ADF872D date: 2009-07-14 01:41:53

---- gamelog start ----
Tick 0: new game started
     Revision text changed to 1.1.0-beta5, savegame version 159, not modified, _openttd_newgrf_version = 0x110055cf
     New game mode: 1 landscape: 2
     Added NewGRF: GRF ID 4D656F91, checksum 87E86B1E2DCDBFA25C9F07A70D09541E, filename: ecs_town_vector-1.031dec2010\ecstown.grf (md5sum matches)
     Added NewGRF: GRF ID 4D656F97, checksum 266D63BEA4CA6D06DAA29FA29862568E, filename: ecs_agricultural_vector-1.004jan2010\ecsagri.grf (md5sum matches)
     Added NewGRF: GRF ID 4D656F9F, checksum A71CCBB7CABE4622EE223D03DF3AD084, filename: ecs_basic_vector_ii-1.031dec2010\ecsbas2.grf (md5sum matches)
     Added NewGRF: GRF ID 4D656F9C, checksum 7DCAFA182E564F9ED0ACD3EB345443B5, filename: ecs_chemical_vector_ii-1.031dec2010\ecschem2.grf (md5sum matches)
     Added NewGRF: GRF ID 4D656F96, checksum 682C2B4B460032782186BF03AE2C156C, filename: ecs_construction_vector-b527dec2010\ecsconstw.grf (md5sum matches)
     Added NewGRF: GRF ID 4D656F9D, checksum 4B066C4ABBB37C710006334876B94987, filename: ecs_houses-v1.010jan2011\ecshouse.grf (md5sum matches)
     Added NewGRF: GRF ID 4D656F94, checksum 7645D30F8801935316B5A968B96190C6, filename: ecs_machinery_vector-1.031dec2010\ecsmach.grf (md5sum matches)
     Added NewGRF: GRF ID 4D656F95, checksum B4CFBC6D751E777569329869C7E61D9B, filename: ecs_wood_vector-1.031dec2010\ecswood.grf (md5sum matches)
     Added NewGRF: GRF ID 52571201, checksum C1C7D8C53EB7E74EEE2F0EF29638B466, filename: egrvts.1.0\egrvts.grf (md5sum matches)
     Added NewGRF: GRF ID 4A530117, checksum 89A2A4BFC9BFFE1158A6BBBBEA33975B, filename: ecs__firs_vehicle_set-2011.01.01\efrefit.grf (md5sum matches)
     Added NewGRF: GRF ID 4D4703C1, checksum 22BBE4FFF6EAC6BCCC71B6403F876D19, filename: basemod_presets-1.4.2\basecosts-presets.grf (md5sum matches)
     Added NewGRF: GRF ID 6D620204, checksum 253B0AC413865ABABFF52A32CD0B575A, filename: luuk_trainset-4.3\tempsetpw.grf (md5sum matches)
     Added NewGRF: GRF ID 4A530A04, checksum ECA671AA7D6ED504FC1C2A63E28D4820, filename: luuklands_server-2011.01.03\luukland_server_1.1.grf (md5sum matches)
---- gamelog end ----

*** End of OpenTTD Crash Report ***

Decoded stack trace:
[00] KERNELBASE           0x000007FEFD3AAA7D RaiseException + 61
[01] openttd              0x000000013F3FA2C1
[02] openttd              0x000000013F3F9546
[03] openttd              0x000000013F123B69
[04] openttd              0x000000013F1574E2
[05] openttd              0x000000013F2FEB92
[06] USER32               0x000000007706C3C1 GetSystemMetrics + 689
[07] USER32               0x000000007706C60A GetSystemMetrics + 1274
[08] USER32               0x000000007707726F MapDialogRect + 655
[09] USER32               0x00000000770774A5 MapDialogRect + 1221
[10] USER32               0x00000000770C27F0 SoftModalMessageBox + 2484
[11] USER32               0x00000000770C1AE5 MessageBoxIndirectW + 929
[12] USER32               0x00000000770C133B MessageBoxTimeoutW + 179
[13] USER32               0x00000000770C1232 MessageBoxW + 78
[14] openttd              0x000000013F123B58
[15] openttd              0x000000013F1574E2
[16] openttd              0x000000013F2FEB92
[17] USER32               0x000000007706C3C1 GetSystemMetrics + 689
[18] USER32               0x000000007706C60A GetSystemMetrics + 1274
[19] USER32               0x000000007707726F MapDialogRect + 655
[20] USER32               0x00000000770774A5 MapDialogRect + 1221
[21] USER32               0x00000000770C27F0 SoftModalMessageBox + 2484
[22] USER32               0x00000000770C1AE5 MessageBoxIndirectW + 929
[23] USER32               0x00000000770C133B MessageBoxTimeoutW + 179
[24] USER32               0x00000000770C1232 MessageBoxW + 78
[25] openttd              0x000000013F123B58
[26] openttd              0x000000013F1574E2
[27] openttd              0x000000013F2FEB92
[28] USER32               0x000000007706C3C1 GetSystemMetrics + 689
[29] USER32               0x000000007706C60A GetSystemMetrics + 1274
[30] USER32               0x000000007707726F MapDialogRect + 655
[31] USER32               0x00000000770774A5 MapDialogRect + 1221
[32] USER32               0x00000000770C27F0 SoftModalMessageBox + 2484
[33] USER32               0x00000000770C1AE5 MessageBoxIndirectW + 929
[34] USER32               0x00000000770C133B MessageBoxTimeoutW + 179
[35] USER32               0x00000000770C1232 MessageBoxW + 78
[36] openttd              0x000000013F123B58
[37] openttd              0x000000013F1574E2
[38] openttd              0x000000013F2FEB92
[39] USER32               0x000000007706C3C1 GetSystemMetrics + 689
[40] USER32               0x000000007706C60A GetSystemMetrics + 1274
[41] USER32               0x000000007707726F MapDialogRect + 655
[42] USER32               0x00000000770774A5 MapDialogRect + 1221
[43] USER32               0x00000000770C27F0 SoftModalMessageBox + 2484
[44] USER32               0x00000000770C1AE5 MessageBoxIndirectW + 929
[45] USER32               0x00000000770C133B MessageBoxTimeoutW + 179
[46] USER32               0x00000000770C1232 MessageBoxW + 78
[47] openttd              0x000000013F123B58
[48] openttd              0x000000013F1574E2
[49] openttd              0x000000013F2FEB92
[50] USER32               0x000000007706C3C1 GetSystemMetrics + 689
[51] USER32               0x000000007706C60A GetSystemMetrics + 1274
[52] USER32               0x000000007707726F MapDialogRect + 655
[53] USER32               0x00000000770774A5 MapDialogRect + 1221
[54] USER32               0x00000000770C27F0 SoftModalMessageBox + 2484
[55] USER32               0x00000000770C1AE5 MessageBoxIndirectW + 929
[56] USER32               0x00000000770C133B MessageBoxTimeoutW + 179
[57] USER32               0x00000000770C1232 MessageBoxW + 78
[58] openttd              0x000000013F123B58
[59] openttd              0x000000013F1574E2
[60] openttd              0x000000013F2FEB92
[61] USER32               0x000000007706C3C1 GetSystemMetrics + 689
[62] USER32               0x000000007706C60A GetSystemMetrics + 1274
[63] USER32               0x000000007707726F MapDialogRect + 655

*** End of additional info ***
