*** OpenTTD Crash Report ***
Date: 2008-01-07 14:39:20
Build: 0.6.0-beta2 built on Dec  9 2007 22:47:34
Reason: !Disconnecting road vehicle.
Exception C0000005 at 00423885
Registers:
 EAX: 0012F94C EBX: 00000001 ECX: 00003797 EDX: 00000000
 ESI: 00000200 EDI: 000000FF EBP: 0012FB4C ESP: 0012F944
 EIP: 00423885 EFLAGS: 00010246

Bytes at CS:EIP:
 C6 05 00 00 00 00 00 8B 0D 48 50 5A 00 85 C9 74 05 8B 01 FF 50 04 68 2C

Stack trace: 
 025056E8 025056E8 73694421 6E6E6F63 69746365 7220676E 2064616F 69686576
 2E656C63 00503C00 C009C359 0012F9E8 01A420DC 00000000 0012F9E8 0012F96C
 0012F970 0012F9C8 00509990 C043FB39 FFFFFFFE 0012FAE8 0199B158 0012FAE8
 0112FAE8 0012F9B8 004B3434 00000000 0012FAE8 0012FA30 004B3379 0012FAE8
 0012FAE8 0199B1C8 0051AB31 FFFFFFFF 0012FABC 004B8679 0012F9E8 00000009
 01A1AAE0 00000000 00000000 00000000 00000000 00000000 00000000 00032000
 00000000 00000000 03A401B4 03A40188 005DB274 00002710 00000001 0000001C
 00D0CDF0 00000000 01000000 0012FA48 004B342B 00000001 0012FAE8 00000001
 0012FAE8 0012FAC0 004B3379 0012FAE8 02505598 02505598 00000000 00000000
 00000000 00000009 01A29800 00000000 0069568C 00000000 00000000 00696818
 00015510 00000000 FFFFFFFF 004230E8 00009DD3 00476D8C 00009DD3 0047E5B0
 00000001 00009DD3 00000001 0000001C 00D242D0 00000000 01000001 0012FAD8
 004B342B 00000001 0012FAE8 00000003 02505598 0012FB34 004B01F6 02505598
 02505598 0000006B 0000004D 00000000 0043CBC5 00000209 00000007 00002208
 00661AB0 FFFFCD0F 0012FBA0 0043CC1E FFFFCF42 000021F4 0000024C FFFFFF62
 FFFFCF5B 02505518 004397AA FFFFCF42 000021F4 0047E9D6 00009DD2 004B6824
 00000003 0012FBA0 0012FBA0 00480D10 0058288C 00596310 025056E8 02505598
 7FFFFFFF 000016E5 00001705 0000006E 00000186 02738B40 00441F40 00000274
 00596310 00000000 00000001 00000000 00001D39 000000FF 00009DD2 0012FBB8
 004816A7 025056E8 02505598 02505598 00000000 0012FBDC 00436F87 00803E14
 00803E14 00000000 0000000F 0012FBF4 00803E14 00803E14 0012FBF4 00424A2C
 00000000 00424D42 00000000 0012FBDC 77D3D051 004CC095 00665860 005DED8C
 0012FD10 00000000 00803E14 00803E32 00000000 00000000 00000000 00090754
 0000000F 00000000 00000000 00803E14 0000001C 00000001 004242EF 0012FD24

Module information:
 D:\Gry\openttd6\openttd.exe handle: 00400000 size: 1751040 crc: ED0BA8D6 date: 2007-12-09 21:50:02
 C:\WINDOWS\system32\ntdll.dll handle: 7C900000 size: 716288 crc: 57B0BDD3 date: 2004-08-03 22:43:48
 C:\WINDOWS\system32\kernel32.dll handle: 7C800000 size: 1012224 crc: BF7566C5 date: 2004-08-03 22:44:02
 C:\WINDOWS\system32\WINMM.dll handle: 76B20000 size: 178176 crc: A40D58F0 date: 2004-08-03 22:44:16
 C:\WINDOWS\system32\USER32.dll handle: 77D30000 size: 578560 crc: D21092DB date: 2004-08-03 22:44:14
 C:\WINDOWS\system32\GDI32.dll handle: 77F10000 size: 278016 crc: 393CCD0B date: 2004-08-03 22:44:00
 C:\WINDOWS\system32\ADVAPI32.dll handle: 77DC0000 size: 686080 crc: D57F9200 date: 2004-08-03 22:43:52
 C:\WINDOWS\system32\RPCRT4.dll handle: 77E70000 size: 581120 crc: 6DB2FD44 date: 2004-08-03 22:44:10
 C:\WINDOWS\system32\WS2_32.dll handle: 71A50000 size: 82944 crc: F9A267D3 date: 2004-08-03 22:44:16
 C:\WINDOWS\system32\msvcrt.dll handle: 77C00000 size: 343040 crc: 968C862E date: 2004-08-03 22:44:06
 C:\WINDOWS\system32\WS2HELP.dll handle: 71A40000 size: 19968 crc: 8C96BEED date: 2004-08-03 22:44:16
 C:\WINDOWS\system32\SHFolder.dll handle: 76760000 size: 25088 crc: C5F5D176 date: 2004-08-03 22:44:12
 C:\WINDOWS\system32\SHLWAPI.dll handle: 77F60000 size: 473600 crc: 8262B15F date: 2004-08-03 22:44:12
 C:\WINDOWS\WinSxS\x86_Microsoft.Windows.Common-Controls_6595b64144ccf1df_6.0.2600.2180_x-ww_a84f1ff9\comctl32.dll handle: 773C0000 size: 1050624 crc: 9E604D03 date: 2004-08-03 22:42:34
 C:\WINDOWS\system32\comctl32.dll handle: 5D520000 size: 611328 crc: 5F8CAA28 date: 2004-08-03 22:43:56
 C:\WINDOWS\system32\wdmaud.drv handle: 72CB0000 size: 23552 crc: 5C07C34D date: 2004-08-03 22:44:32
 C:\WINDOWS\system32\WINTRUST.dll handle: 76C20000 size: 176640 crc: 57C29A7B date: 2004-08-03 22:44:16
 C:\WINDOWS\system32\CRYPT32.dll handle: 77A70000 size: 601088 crc: 4A4DC352 date: 2004-08-03 22:43:56
 C:\WINDOWS\system32\MSASN1.dll handle: 77B10000 size: 57344 crc: 680F248C date: 2004-08-03 22:44:04
 C:\WINDOWS\system32\IMAGEHLP.dll handle: 76C80000 size: 144384 crc: 8EBFFDF4 date: 2004-08-03 22:44:00
 C:\WINDOWS\system32\msacm32.drv handle: 72CA0000 size: 20992 crc: 3B986665 date: 2001-10-26 16:30:08
 C:\WINDOWS\system32\MSACM32.dll handle: 77BD0000 size: 71680 crc: 23F0727B date: 2004-08-03 22:44:04
 C:\WINDOWS\system32\midimap.dll handle: 77BC0000 size: 18944 crc: 7A2AAF3D date: 2004-08-03 22:44:02
 C:\WINDOWS\system32\uxtheme.dll handle: 5B1D0000 size: 219648 crc: BD1671E3 date: 2004-08-03 22:44:14
 C:\WINDOWS\system32\MSCTF.dll handle: 746D0000 size: 294400 crc: 8AE6132C date: 2004-08-03 22:44:04
 C:\Program Files\Logitech\SetPoint\lgscroll.dll handle: 10100000 size: 44544 crc: 08D71EC8 date: 2007-01-29 23:47:46
 C:\WINDOWS\WinSxS\x86_Microsoft.VC80.CRT_1fc8b3b9a1e18e3b_8.0.50727.762_x-ww_6b128700\MSVCR80.dll handle: 78130000 size: 626688 crc: 1891790F date: 2006-12-01 20:54:32
 C:\WINDOWS\WinSxS\x86_Microsoft.VC80.CRT_1fc8b3b9a1e18e3b_8.0.50727.762_x-ww_6b128700\MSVCP80.dll handle: 7C420000 size: 548864 crc: 5108E115 date: 2006-12-01 20:54:34
 C:\WINDOWS\system32\NTMARTA.DLL handle: 77680000 size: 119808 crc: D4DFBB72 date: 2004-08-03 22:44:08
 C:\WINDOWS\system32\WLDAP32.dll handle: 76F50000 size: 172544 crc: EA361D09 date: 2004-08-03 22:44:16
 C:\WINDOWS\system32\ole32.dll handle: 774D0000 size: 1281024 crc: A87F3A85 date: 2004-08-03 22:44:08
 C:\WINDOWS\system32\SAMLIB.dll handle: 71BA0000 size: 64000 crc: E8E1E7C2 date: 2004-08-03 22:44:10
 C:\WINDOWS\system32\mswsock.dll handle: 719F0000 size: 246784 crc: 86CBCB08 date: 2004-08-03 22:44:06
 C:\WINDOWS\system32\hnetcfg.dll handle: 66780000 size: 346624 crc: 5D894FA5 date: 2004-08-03 22:44:00
 C:\WINDOWS\System32\wshtcpip.dll handle: 71A30000 size: 19968 crc: 2D3545D3 date: 2004-08-03 22:44:16
 C:\WINDOWS\system32\psapi.dll handle: 76BE0000 size: 23040 crc: B38524FE date: 2004-08-03 22:44:10

System information:
 Windows version 5.1 2600 D
