*** OpenTTD Crash Report ***

Crash at: Sat Feb 13 09:36:33 2010
In game date: 2135-01-02 (41)

Crash reason:
 Exception: E1212012
 Location:  7C812AFB
 Message:   Assertion failed at line 53 of c:\openttd\compile\src\core/pool_type.hpp: index < this->first_unused

OpenTTD version:
 Version:    1.0.0-beta4 (0)
 NewGRF ver: 10004a40
 Bits:       32
 Endian:     little
 Dedicated:  no
 Build date: Feb  4 2010 17:34:50

Registers:
 EAX: 0012E868 EBX: 00000016 ECX: 00000000 EDX: 00774108
 ESI: 00000000 EDI: 00000000 EBP: 0012E8B8 ESP: 0012E864
 EIP: 7C812AFB EFLAGS: 00000246

 Bytes at instruction pointer:
 5E C9 C2 10 00 85 FF 0F 8E 36 93 FF FF 8B 55 FC 89 55 0C 0F B7 16 8B 7D

Stack trace:
 00774028 E1212012 00000000 00000000 7C812AFB 00000000 0C350BF2 0CB90C77
 0D3D0CFB 0DC10D7F 0E450E03 0EC50E87 0F350EFF 7C90D80A 7C913416 FFFFFFFF
 00000024 0012E8B4 00000004 00000000 D912CEEC 0012E918 0054BD3A E1212012
 00000000 00000000 00000000 0061A747 00000016 2603427F 00000000 00000200
 00000000 7C913416 FFFFFFFF 00000000 0012E900 0054BD2A 00000001 0012E8D8
 0012E480 0012FFB0 0061F4B0 266270B7 FFFFFFFE 0012EC50 00619ACB 00000016
 00000200 0000000B 00000000 0012E94C 0061B12A 0012E984 0075F960 00D82CB8
 00621A61 00000000 FFFFFFE6 0012EBE0 0062256D 00000000 00000000 0012EC60
 006225F9 0061BBB5 00D8223C 00000000 00000007 00000006 00620475 00000000
 0075F960 00D82CB8 00D81E90 586A2C01 0012EC04 00000000 00000000 00000000
 006CD495 00000000 00000000 00000000 00000A5B 00000064 0012EE78 0000001A
 006FD334 FFFFFFFF 00778550 00000000 00000200 0061E897 00F06AD0 0012E9EC
 006167CC 00000016 0012EA28 00615E9F 0075EBB0 00615E5F 2603414F 0012EA60
 0012F8D8 00000211 00000200 0012E9FC 7E202C7D 00000010 0012EBAC 00000000
 7E37934B 00000010 0012EBAC 00000000 FFFFFFFF 0012EA28 0012F8B0 0012FFB0
 7E39048F 7E379350 0000AC7A 0012EBA0 7E38A2BC 0012EBAC 00000000 00000200
 7E38A2D6 00000001 011400F4 015B0136 01B40185 008A0850 0297025A 031502D6
 03900353 00000000 00000000 7E3620EC 00000000 00000001 0041A00F 0012EB1C
 00419B77 0012FAEC 0041A2F3 00000008 000000A1 0000001E 0012F2E8 00000000
 00000080 0012FAEC 0041A32B 01D10408 000000ED 01DA1910 0012EB1D 00000000
 0000000A 53BF80EE 65657263 6F68736E 75732074 73656363 6C756673 7320796C
 64657661 00736120 72637327 736E6565 2E746F68 27676E70 0012EB00 00000000
 00000180 007C8BC0 00000000 00000200 00000200 FFFFFFFE 00000200 0077561C
 0012EB80 0061BBB5 00D8223C 0012EB90 0062047E 00000006 00620475 260340F7

Operating system:
 Name:     Windows
 Release:  5.1.2600 (Dodatek Service Pack 3)
 Compiler: MSVC 1500

Configuration:
 Blitter:      8bpp-optimized
 Graphics set: OpenGFX
 Language:     english_US.lng
 Music driver: dmusic
 Music set:    NoMusic
 Network:      no
 Sound driver: win32
 Sound set:    NoSound
 Video driver: win32

AI Configuration (local: 16):
  0: Human
  4: Human
  7: Human

Libraries:
 FreeType:   2.3.11
 ICU:        4.2.1
 LZO:        2.03
 PNG:        1.2.40
 Zlib:       1.2.3

Module information:
 D:\Games\OpenTTD\openttd.exe handle: 00400000 size: 3655680 crc: 278B9B41 date: 2010-02-04 17:37:50
 C:\WINDOWS\system32\ntdll.dll handle: 7C900000 size: 722944 crc: 4B75E6BA date: 2009-02-09 10:53:43
 C:\WINDOWS\system32\kernel32.dll handle: 7C800000 size: 1018368 crc: 4B7C89FB date: 2009-03-21 14:08:59
 C:\WINDOWS\system32\WINMM.dll handle: 76B20000 size: 178176 crc: CAC074C6 date: 2008-04-15 12:00:00
 C:\WINDOWS\system32\ADVAPI32.dll handle: 77DC0000 size: 686592 crc: 05FB5751 date: 2009-02-09 10:53:44
 C:\WINDOWS\system32\RPCRT4.dll handle: 77E70000 size: 585216 crc: 987C1A85 date: 2009-04-15 14:54:38
 C:\WINDOWS\system32\Secur32.dll handle: 77FE0000 size: 56832 crc: F1594456 date: 2009-06-25 08:27:54
 C:\WINDOWS\system32\GDI32.dll handle: 77F10000 size: 286720 crc: DD225E93 date: 2008-10-23 12:42:41
 C:\WINDOWS\system32\USER32.dll handle: 7E360000 size: 580096 crc: 3CE36650 date: 2008-04-15 12:00:00
 C:\WINDOWS\system32\WS2_32.dll handle: 71A50000 size: 82432 crc: 3A3BDFBA date: 2008-04-15 12:00:00
 C:\WINDOWS\system32\msvcrt.dll handle: 77C00000 size: 343040 crc: 347C9C51 date: 2008-04-15 12:00:00
 C:\WINDOWS\system32\WS2HELP.dll handle: 71A40000 size: 19968 crc: 12A256A7 date: 2008-04-15 12:00:00
 C:\WINDOWS\system32\SHELL32.dll handle: 7C9C0000 size: 8489984 crc: 7986168A date: 2008-06-17 19:03:15
 C:\WINDOWS\system32\SHLWAPI.dll handle: 77F60000 size: 474112 crc: 3DB04662 date: 2009-12-08 09:25:45
 C:\WINDOWS\system32\IMM32.DLL handle: 76360000 size: 110080 crc: DEDA0F1E date: 2008-04-15 12:00:00
 C:\WINDOWS\WinSxS\x86_Microsoft.Windows.Common-Controls_6595b64144ccf1df_6.0.2600.5512_x-ww_35d4ce83\comctl32.dll handle: 773C0000 size: 1054208 crc: BFC66AA6 date: 2008-04-15 12:00:00
 C:\WINDOWS\system32\comctl32.dll handle: 5D520000 size: 617472 crc: E00ED426 date: 2008-04-15 12:00:00
 C:\WINDOWS\system32\SHFolder.dll handle: 76760000 size: 25088 crc: 16CC684F date: 2008-04-15 12:00:00
 C:\WINDOWS\system32\wdmaud.drv handle: 72CB0000 size: 23552 crc: B8ADA525 date: 2008-04-14 21:51:58
 C:\WINDOWS\system32\WINTRUST.dll handle: 76C20000 size: 176640 crc: C63FD40F date: 2008-04-15 12:00:00
 C:\WINDOWS\system32\CRYPT32.dll handle: 77A70000 size: 602624 crc: 37A098C2 date: 2008-04-15 12:00:00
 C:\WINDOWS\system32\MSASN1.dll handle: 77B10000 size: 58880 crc: 17671C24 date: 2009-09-04 21:05:35
 C:\WINDOWS\system32\IMAGEHLP.dll handle: 76C80000 size: 144384 crc: 19CF8345 date: 2008-04-15 12:00:00
 C:\WINDOWS\system32\msacm32.drv handle: 72CA0000 size: 20992 crc: 3B986665 date: 2008-04-15 12:00:00
 C:\WINDOWS\system32\MSACM32.dll handle: 77BD0000 size: 71680 crc: 140E8924 date: 2008-04-15 12:00:00
 C:\WINDOWS\system32\midimap.dll handle: 77BC0000 size: 18944 crc: 2A965D37 date: 2008-04-15 12:00:00
 C:\WINDOWS\system32\uxtheme.dll handle: 5B1D0000 size: 219648 crc: 1751163E date: 2008-04-15 12:00:00
 C:\WINDOWS\system32\MSCTF.dll handle: 746D0000 size: 297984 crc: 700E631D date: 2008-04-15 12:00:00
 C:\WINDOWS\system32\msctfime.ime handle: 75180000 size: 177152 crc: 71DEF604 date: 2008-04-15 12:00:00
 C:\WINDOWS\system32\ole32.dll handle: 774D0000 size: 1287168 crc: 0F267E5A date: 2008-04-15 12:00:00
 C:\WINDOWS\system32\btmmhook.dll handle: 10000000 size: 73728 crc: 8B274457 date: 2008-09-17 12:19:50
 C:\WINDOWS\system32\CLBCATQ.DLL handle: 76FC0000 size: 498688 crc: A24DAFF6 date: 2008-04-15 12:00:00
 C:\WINDOWS\system32\COMRes.dll handle: 77040000 size: 822272 crc: E87AFCC9 date: 2008-04-15 12:00:00
 C:\WINDOWS\system32\OLEAUT32.dll handle: 77110000 size: 551936 crc: F2335770 date: 2008-04-15 12:00:00
 C:\WINDOWS\system32\VERSION.dll handle: 77BF0000 size: 18944 crc: 702E3251 date: 2008-04-15 12:00:00
 C:\WINDOWS\system32\dmime.dll handle: 5AD00000 size: 181248 crc: 56FD6756 date: 2008-04-15 12:00:00
 C:\WINDOWS\system32\DSOUND.dll handle: 73EA0000 size: 367616 crc: 091D1B00 date: 2008-04-15 12:00:00
 C:\WINDOWS\system32\dmusic.dll handle: 6CEC0000 size: 104448 crc: 4CE87A1B date: 2008-04-15 12:00:00
 C:\WINDOWS\system32\KsUser.dll handle: 73E70000 size: 4096 crc: DD28AFF8 date: 2008-04-14 21:50:36
 C:\WINDOWS\system32\dmsynth.dll handle: 6CEE0000 size: 103424 crc: 01458DF3 date: 2008-04-15 12:00:00
 C:\WINDOWS\system32\dmloader.dll handle: 6CF50000 size: 35840 crc: B16B84D9 date: 2008-04-15 12:00:00
 C:\WINDOWS\system32\mswsock.dll handle: 719F0000 size: 246784 crc: 2A0B90D3 date: 2008-06-20 17:48:53
 C:\WINDOWS\system32\hnetcfg.dll handle: 66780000 size: 346112 crc: D0457FFC date: 2008-04-15 12:00:00
 C:\WINDOWS\System32\wshtcpip.dll handle: 71A30000 size: 19456 crc: 1FCE0B67 date: 2008-04-15 12:00:00
 C:\WINDOWS\system32\DNSAPI.dll handle: 76F10000 size: 147968 crc: E97EBF56 date: 2008-06-20 17:48:53
 C:\WINDOWS\system32\rasadhlp.dll handle: 76FB0000 size: 7680 crc: 60BBDAE8 date: 2008-04-15 12:00:00
 C:\WINDOWS\system32\psapi.dll handle: 76BE0000 size: 23040 crc: CD39AEF7 date: 2008-04-15 12:00:00

---- gamelog start ----
Tick 0: new game started
     Revision text changed to 1.0.0-beta1, savegame version 132, maybe modified, _openttd_newgrf_version = 0x100048bf
     New game mode: 1 landscape: 0
Tick 63293: game loaded
     Revision text changed to 1.0.0-beta1, savegame version 132, not modified, _openttd_newgrf_version = 0x100048bf
Tick 18678: game loaded
     New game mode: 2 landscape: 0
Tick 18678: game loaded
     New game mode: 1 landscape: 0
Tick 21677: settings changed
     Setting changed: vehicle.plane_speed : 4 -> 3
Tick 21687: settings changed
     Setting changed: vehicle.plane_speed : 3 -> 2
Tick 21697: settings changed
     Setting changed: vehicle.plane_speed : 2 -> 1
Tick 4943: game loaded
     Revision text changed to 1.0.0-beta3, savegame version 136, not modified, _openttd_newgrf_version = 0x100849b7
Tick 35841: game loaded
     New game mode: 2 landscape: 0
Tick 35841: game loaded
     Revision text changed to 1.0.0-beta4, savegame version 138, not modified, _openttd_newgrf_version = 0x10004a40
---- gamelog end ----

*** End of OpenTTD Crash Report ***
