*** OpenTTD Crash Report ***

Crash at: Sat Feb 12 15:55:39 2011
In game date: 2050-01-01 (0)

Crash reason:
 Signal:  Aborted (6)
 Message: Assertion failed at line 127 of /home/chillcore/chiottd/no_internet/clean_openttd/src/core/pool_func.hpp: this->checked != 0

OpenTTD version:
 Version:    r22064 (0)
 NewGRF ver: 11005630
 Bits:       32
 Endian:     little
 Dedicated:  no
 Build date: Feb 12 2011 16:25:41

Stacktrace:
 [00] /home/chillcore/chiottd/no_internet/clean_openttd/bin/openttd(_ZNK12CrashLogUnix13LogStacktraceEPcPKc+0x43) [0x82c3173]
 [01] /home/chillcore/chiottd/no_internet/clean_openttd/bin/openttd(_ZNK8CrashLog12FillCrashLogEPcPKc+0x102) [0x81bb982]
 [02] /home/chillcore/chiottd/no_internet/clean_openttd/bin/openttd(_ZNK8CrashLog12MakeCrashLogEv+0xc4) [0x81bbad4]
 [03] /home/chillcore/chiottd/no_internet/clean_openttd/bin/openttd() [0x82c309e]
 [04] [0x6ff400]
 [05] [0x6ff422]
 [06] /lib/tls/i686/cmov/libc.so.6(gsignal+0x51) [0x803651]
 [07] /lib/tls/i686/cmov/libc.so.6(abort+0x182) [0x806a82]
 [08] /home/chillcore/chiottd/no_internet/clean_openttd/bin/openttd() [0x82b0abd]

Operating system:
 Name:     Linux
 Release:  2.6.32-29-generic
 Version:  #57-Ubuntu SMP Sun Jan 30 03:30:16 UTC 2011
 Machine:  i686
 Compiler: GCC 4.4.3 "4.4.3"

Configuration:
 Blitter:      8bpp-optimized
 Graphics set: OpenGFX (593)
 Language:     /home/chillcore/chiottd/no_internet/clean_openttd/bin/lang/dutch.lng
 Music driver: extmidi
 Music set:    Scott Joplin Anthology (1)
 Network:      no
 Sound driver: sdl
 Sound set:    OpenSFX (97)
 Video driver: sdl

AI Configuration (local: 255):

Libraries:
 Allegro:    Allegro 4.2.2, Unix
 FontConfig: 2.8.0
 FreeType:   2.3.11
 ICU:        4.2.1
 LZMA:       4.999.9beta
 LZO:        2.03
 PNG:        1.2.42
 SDL:        1.2.14
 Zlib:       1.2.3.3

---- gamelog start ----
Tick 0: new game started
     Revision text changed to r22064, savegame version 160, not modified, _openttd_newgrf_version = 0x11005630
     New game mode: 1 landscape: 0
---- gamelog end ----

*** End of OpenTTD Crash Report ***
