*** OpenTTD Crash Report ***
Date: 2008-01-26 14:14:38
Build: 0.6.0-beta3 built on Jan 15 2008 22:01:30
Exception C0000005 at 00441D44
Registers:
 EAX: 00000000 EBX: 00660748 ECX: 00000020 EDX: 00000400
 ESI: 00660748 EDI: 00D9B1F8 EBP: 0012FA70 ESP: 0012FA64
 EIP: 00441D44 EFLAGS: 00210212

Bytes at CS:EIP:
 8B 00 56 89 45 FC 89 7D F8 83 7D F8 00 8B 77 04 74 05 39 7D F8 74 05 E8

Stack trace: 
 000001A8 0066067C 00660748 0012FACC 00442175 00000000 00660748 00660748
 00000000 00000000 00000000 00000000 0001FFFF 000000FF 00000000 00000000
 0001FFFF 000000FF 00000000 00000000 0001FFFF 006606E8 0066067C 00000000
 0000020E 00443C57 0012FAF0 00443C36 0044FA01 006603A8 00660748 0012FB00
 00660748 0064E8F4 00000000 0012FB58 00443CF7 00000001 006603A8 00660748
 00441EFB 006603A8 00660748 006603A0 006604E4 004527FE 00000001 006603B4
 006604E4 006603A0 0065795B 0065794B 005B733B 00413F9C 0012FB17 00000016
 00000003 006603AC 00660814 0012FB58 006603A0 0012FB7C 00443C36 00000008
 00000001 0000BDD8 00000054 00D04FF8 28744824 502C784C 0012FBC8 00444903
 00000008 0065794B 0065795B 00000000 00445420 0065794B 0065795B 00000000
 000001B7 0012FBF4 0043E2F1 00000086 00000000 00000111 0000030E 000005ED
 00000000 00000000 004457AD 00000000 00000000 0065794B 0065795B 0012FBF4
 00000000 00424FEF 00000000 0012FBDC 7E36F3B3 004CFDEA 00663CB0 005DD05C
 0012FD10 00000000 0065795B 00657979 00000000 00000000 00000000 00150680
 00000113 00000001 004CEEBA 0065793B 000001A3 0000016D 004244B8 0012FD24
 00000001 00000001 0001FC80 00000000 00000008 FFFFFFFF 00000000 00000000
 00000000 FFFFFFFF 0012FE2C 00580578 00000000 7C90EE18 FFFFFFFF 00000000
 00000000 00000000 00000000 00020D00 0012FCBC 7C821692 00000022 FFFFFFFF
 00000020 00000104 0000FDE9 0012FD00 00000001 0000001F 0012FCE8 7C8215EB
 0000FDE9 00000000 00020CF8 FFFFFF00 0012FD24 00000104 00000000 00000000
 00000A28 0012FF28 00443763 0000FD00 00000000 00020CF8 FFFFFFFF 0012FD24
 00000104 0000F64C 0012FF28 0012FF28 00443328 0012FE28 00000A28 00000002
 5C3A4322 6C657053 65704F5C 4454546E 65706F5C 6474746E 6578652E 00002000
 0012FD60 00508851 00C16E40 0012FEDC 0000000A 0012FEDC 0000000A 0012FD78

Module information:
 C:\Spel\OpenTTD\openttd.exe handle: 00400000 size: 1782272 crc: 6969C673 date: 2008-01-15 21:06:22
 C:\WINDOWS\system32\ntdll.dll handle: 7C900000 size: 712704 crc: E4A6F54A date: 2004-08-03 23:33:24
 C:\WINDOWS\system32\kernel32.dll handle: 7C800000 size: 997888 crc: B9AF112A date: 2006-07-05 10:57:10
 C:\WINDOWS\system32\WINMM.dll handle: 76B30000 size: 176640 crc: 0CEB4F4C date: 2004-08-03 23:34:02
 C:\WINDOWS\system32\USER32.dll handle: 7E360000 size: 577536 crc: 14C663FD date: 2007-03-08 15:39:13
 C:\WINDOWS\system32\GDI32.dll handle: 77F10000 size: 281600 crc: B2384DB9 date: 2007-03-08 15:39:13
 C:\WINDOWS\system32\ADVAPI32.dll handle: 77DC0000 size: 680960 crc: F9C6E2BF date: 2004-08-03 23:33:30
 C:\WINDOWS\system32\RPCRT4.dll handle: 77E70000 size: 581120 crc: 3301F68E date: 2004-08-03 23:33:54
 C:\WINDOWS\system32\WS2_32.dll handle: 71AA0000 size: 82944 crc: 78BFD22B date: 2004-08-03 23:34:04
 C:\WINDOWS\system32\msvcrt.dll handle: 77C00000 size: 343040 crc: 4457F098 date: 2004-08-03 23:33:48
 C:\WINDOWS\system32\WS2HELP.dll handle: 71A90000 size: 19968 crc: 34E3165A date: 2004-08-03 23:34:06
 C:\WINDOWS\system32\IMM32.DLL handle: 76370000 size: 110080 crc: 17E20333 date: 2004-08-03 23:33:40
 C:\WINDOWS\system32\SHFolder.dll handle: 76770000 size: 25088 crc: 95D213AF date: 2004-08-03 23:33:56
 C:\WINDOWS\system32\SHLWAPI.dll handle: 77F60000 size: 474112 crc: 867BBF72 date: 2007-01-04 14:05:03
 C:\WINDOWS\WinSxS\x86_Microsoft.Windows.Common-Controls_6595b64144ccf1df_6.0.2600.2982_x-ww_ac3f9c03\comctl32.dll handle: 773C0000 size: 1054208 crc: B93B86A2 date: 2006-08-25 15:53:58
 C:\WINDOWS\system32\comctl32.dll handle: 5D5B0000 size: 617472 crc: D2A09BEF date: 2006-08-25 15:54:00
 C:\WINDOWS\system32\WINTRUST.dll handle: 76C20000 size: 176640 crc: CD5ED874 date: 2004-08-03 23:34:02
 C:\WINDOWS\system32\CRYPT32.dll handle: 77A70000 size: 600576 crc: 3D37A90D date: 2004-08-03 23:33:32
 C:\WINDOWS\system32\MSASN1.dll handle: 77B10000 size: 57344 crc: 94A2CEF4 date: 2004-08-03 23:33:46
 C:\WINDOWS\system32\IMAGEHLP.dll handle: 76C80000 size: 144384 crc: CBCFAE43 date: 2004-08-03 23:33:40
 C:\WINDOWS\system32\wdmaud.drv handle: 72CF0000 size: 23552 crc: 459FD53E date: 2004-08-03 23:34:56
 C:\WINDOWS\system32\msacm32.drv handle: 72CE0000 size: 20480 crc: D67B4EB9 date: 2002-10-30 20:41:32
 C:\WINDOWS\system32\MSACM32.dll handle: 77BD0000 size: 71680 crc: E22AF4C2 date: 2004-08-03 23:33:44
 C:\WINDOWS\system32\midimap.dll handle: 77BC0000 size: 18944 crc: 6BDCBAD0 date: 2004-08-03 23:33:44
 C:\WINDOWS\system32\ole32.dll handle: 774D0000 size: 1284608 crc: F4D6E501 date: 2005-07-26 04:42:49
 C:\Program\Logitech\MouseWare\System\LgWndHk.dll handle: 10000000 size: 6144 crc: CBC83612 date: 2004-01-08 08:50:00
 C:\WINDOWS\system32\MSCTF.dll handle: 746F0000 size: 294400 crc: 10205AB3 date: 2004-08-03 23:33:46
 C:\WINDOWS\system32\CLBCATQ.DLL handle: 76FC0000 size: 498688 crc: 4A12B3F3 date: 2005-07-26 04:42:48
 C:\WINDOWS\system32\COMRes.dll handle: 77040000 size: 803328 crc: 2D789238 date: 2004-08-03 23:33:32
 C:\WINDOWS\system32\OLEAUT32.dll handle: 77110000 size: 553472 crc: 4ACD12CD date: 2004-08-03 23:33:52
 C:\WINDOWS\system32\VERSION.dll handle: 77BF0000 size: 18944 crc: C6D62367 date: 2004-08-03 23:34:02
 C:\WINDOWS\system32\dmime.dll handle: 60D70000 size: 181248 crc: A78A3503 date: 2004-08-03 23:33:34
 C:\WINDOWS\system32\DSOUND.dll handle: 73EE0000 size: 367616 crc: 46FD3435 date: 2004-08-03 23:33:34
 C:\WINDOWS\system32\dmusic.dll handle: 6CF10000 size: 104448 crc: 1DD9FB81 date: 2004-08-03 23:33:34
 C:\WINDOWS\system32\KsUser.dll handle: 73EB0000 size: 4096 crc: 77188B9B date: 2004-08-03 23:33:42
 C:\WINDOWS\system32\dmsynth.dll handle: 6CF30000 size: 103424 crc: 83163F71 date: 2004-08-03 23:33:34
 C:\WINDOWS\system32\dmloader.dll handle: 6CFA0000 size: 35840 crc: 582F453E date: 2004-08-03 23:33:34
 C:\WINDOWS\system32\msctfime.ime handle: 751A0000 size: 177152 crc: CF562769 date: 2004-08-03 23:31:18
 C:\WINDOWS\system32\ctagent.dll handle: 01750000 size: 61440 crc: 1461C0A7 date: 2003-05-28 17:59:32
 C:\WINDOWS\system32\mswsock.dll handle: 71A40000 size: 247296 crc: D57413EA date: 2004-08-03 23:33:50
 C:\WINDOWS\system32\hnetcfg.dll handle: 698B0000 size: 344576 crc: 47D119C9 date: 2004-08-03 23:33:38
 C:\WINDOWS\System32\wshtcpip.dll handle: 71A80000 size: 19968 crc: 0908DDD2 date: 2004-08-03 23:34:06
 C:\Program\Delade filer\Logitech\Scrolling\LgMsgHk.dll handle: 01DD0000 size: 24064 crc: 0757E77E date: 2004-01-08 08:50:00
 C:\WINDOWS\system32\MSVCP60.dll handle: 76060000 size: 413696 crc: DC3190F2 date: 2004-08-03 23:33:48
 C:\WINDOWS\system32\mslbui.dll handle: 60AF0000 size: 25088 crc: 056EF707 date: 2004-08-03 23:33:48
 C:\WINDOWS\system32\dmstyle.dll handle: 6CF50000 size: 105984 crc: 0526EB57 date: 2004-08-03 23:33:34
 C:\WINDOWS\system32\dmband.dll handle: 6D150000 size: 28672 crc: 2C02B19F date: 2004-08-03 23:33:34
 C:\WINDOWS\system32\psapi.dll handle: 76BE0000 size: 23040 crc: 40DA662C date: 2004-08-03 23:33:54

System information:
 Windows version 5.1 2600 S
