*** OpenTTD Crash Report ***
Date: 2009-02-20 10:37:13
Build: r15523 built on Feb 19 2009 19:22:40
Language: german.lng
Exception C0000005 at 00461246
Registers:
 EAX: 000022FF EBX: 00E25030 ECX: 0106626D EDX: 00000000
 ESI: 00E3209C EDI: 01DF1300 EBP: 0012FA5C ESP: 0012FA50
 EIP: 00461246 EFLAGS: 00210206

Bytes at CS:EIP:
 39 08 74 2A 05 34 02 00 00 89 45 10 8B 00 85 C0 75 EE 53 BE 38 02 00 00

Stack trace: 
 00EB8098 00000006 01DF1300 0012FA8C 00445D90 0000004F 0000014A 00E3209C
 0000014A 00EB8098 0000004F 00000006 00446C1D 00000006 0100014A 0012FABC
 00447813 0000004F 0000014A 00000000 0005BEC4 000002F4 00000000 0012FAB4
 001095E0 00000000 02010001 00000001 004478F3 00000001 00000000 00000001
 00000201 0012FB5C 00000000 005290A1 0012FBC4 00528C5B 00000000 00020000
 1010B944 0012FAEC 00000000 00320030 1010B910 0012FAFC 00000000 0012FB24
 7E36F896 00820CE0 0012FBDC 7FFDF000 00000000 0012FB5C 10109BD6 00040133
 00000000 00000001 0012FBDC 00000000 00000102 7E36F84A 00000000 00000001
 0012FBDC 00000000 0012FC90 0012FB88 7E368734 0020068E 00000201 00000001
 028E02F4 00528C5B DCBAABCD 00000000 0012FBC4 00528C5B 0012FBF0 7E368816
 00528C5B 0020068E 00000201 00000001 028E02F4 0012FC98 0012FC90 009019C0
 00000014 00000001 00000000 00000000 00000010 00000000 00000030 00000001
 00000000 00000000 0012FBA4 0012F674 0012FC40 7E390457 7E368830 00000000
 0012FC50 7E3689CD 00000000 00528C5B 0020068E 00000201 00000001 028E02F4
 009019D4 00000001 16367D16 7E36929B 7E36F3B3 0012FC50 7E369402 0012FC90
 00000001 00000000 0012FC18 0012F674 0012FFB0 7E390457 7E3689F0 FFFFFFFF
 0012FC60 7E368A10 0012FC90 00000000 00000000 00529700 0012FC90 0068A9F0
 00DDAAF0 0012FD14 00000000 0012FC68 16367D07 16367D25 00000000 00000000
 0020068E 00000201 00000001 028E02F4 16367D16 000002FF 000002AB 0042A027
 0012FD2C 00000001 00000001 01000001 00000000 00000000 00000000 00000000
 00DDAAE0 FFFFFFFF FFFFFFFF 00000000 00000000 00000000 FFFFFFFF 00000000
 0012FF30 00000000 00000000 00000000 FFFFFFFF 0012FE34 0062C4C8 00000000
 0000A9DC 0012FF30 0044540F 00000001 0012FE30 FFFFFFFE 00000000 5C3A4322
 756B6F44 746E656D 6E752065 69452064 6574736E 6E756C6C 5C6E6567 696D6441

Module information:
 C:\Dokumente und Einstellungen\Admin\Desktop\OpenTTD\openttd-trunk-r15523-windows-win32\openttd.exe handle: 00400000 size: 2581504 crc: 0CE1B275 date: 2009-02-19 18:26:36
 C:\WINDOWS\system32\ntdll.dll handle: 7C910000 size: 733696 crc: 56C42453 date: 2004-08-04 13:00:00
 C:\WINDOWS\system32\kernel32.dll handle: 7C800000 size: 1058304 crc: 5D9F6DED date: 2007-04-16 15:53:05
 C:\WINDOWS\system32\WINMM.dll handle: 76AF0000 size: 178176 crc: 54E937C2 date: 2004-08-04 13:00:00
 C:\WINDOWS\system32\USER32.dll handle: 7E360000 size: 579072 crc: 83B958D8 date: 2007-03-08 15:36:30
 C:\WINDOWS\system32\GDI32.dll handle: 77EF0000 size: 281600 crc: 04693142 date: 2007-03-08 15:36:30
 C:\WINDOWS\system32\ADVAPI32.dll handle: 77DA0000 size: 677888 crc: 23CAF27D date: 2004-08-04 13:00:00
 C:\WINDOWS\system32\RPCRT4.dll handle: 77E50000 size: 581120 crc: 090C7697 date: 2004-08-04 13:00:00
 C:\WINDOWS\system32\WS2_32.dll handle: 71A10000 size: 82944 crc: 52750A2E date: 2004-08-04 13:00:00
 C:\WINDOWS\system32\msvcrt.dll handle: 77BE0000 size: 343040 crc: 0A2A7946 date: 2004-08-04 13:00:00
 C:\WINDOWS\system32\WS2HELP.dll handle: 71A00000 size: 19968 crc: E839B627 date: 2004-08-04 13:00:00
 C:\WINDOWS\system32\SHFolder.dll handle: 76730000 size: 25088 crc: EB76CAE0 date: 2004-08-04 13:00:00
 C:\WINDOWS\system32\SHLWAPI.dll handle: 77F40000 size: 474624 crc: 3B584422 date: 2006-06-23 11:10:19
 C:\WINDOWS\WinSxS\x86_Microsoft.Windows.Common-Controls_6595b64144ccf1df_6.0.2600.2982_x-ww_ac3f9c03\comctl32.dll handle: 773A0000 size: 1054208 crc: A5D18B7A date: 2006-08-25 15:46:44
 C:\WINDOWS\system32\comctl32.dll handle: 5D450000 size: 617472 crc: 3BDFF4D0 date: 2006-08-25 15:46:47
 C:\WINDOWS\system32\WINTRUST.dll handle: 76BF0000 size: 176640 crc: 73F3B134 date: 2004-08-04 13:00:00
 C:\WINDOWS\system32\CRYPT32.dll handle: 77A50000 size: 602624 crc: FC4F0978 date: 2004-08-04 13:00:00
 C:\WINDOWS\system32\MSASN1.dll handle: 77AF0000 size: 57344 crc: 37DBC108 date: 2004-08-04 13:00:00
 C:\WINDOWS\system32\IMAGEHLP.dll handle: 76C50000 size: 144384 crc: DA63FF61 date: 2004-08-04 13:00:00
 C:\WINDOWS\system32\wdmaud.drv handle: 72C90000 size: 23552 crc: 47C9B021 date: 2004-08-03 22:58:28
 C:\WINDOWS\system32\msacm32.drv handle: 72C80000 size: 20992 crc: E6F1E346 date: 2004-08-04 13:00:00
 C:\WINDOWS\system32\MSACM32.dll handle: 77BB0000 size: 72192 crc: 4F83C9A6 date: 2004-08-04 13:00:00
 C:\WINDOWS\system32\midimap.dll handle: 77BA0000 size: 18944 crc: 9D83D9D8 date: 2004-08-04 13:00:00
 C:\WINDOWS\system32\ole32.dll handle: 774B0000 size: 1285120 crc: 2CDC009F date: 2005-07-26 04:39:49
 C:\WINDOWS\system32\uxtheme.dll handle: 5B0F0000 size: 219648 crc: 05E13E75 date: 2004-08-04 13:00:00
 C:\Programme\Logitech\SetPoint\GameHook.dll handle: 10D00000 size: 64016 crc: 290F45C5 date: 2007-11-15 09:06:18
 C:\Programme\Logitech\SetPoint\lgscroll.dll handle: 10100000 size: 62480 crc: 1D428DE6 date: 2007-11-15 09:10:38
 C:\WINDOWS\WinSxS\x86_Microsoft.VC80.CRT_1fc8b3b9a1e18e3b_8.0.50727.762_x-ww_6b128700\MSVCR80.dll handle: 78130000 size: 626688 crc: 1891790F date: 2006-12-01 20:54:32
 C:\WINDOWS\WinSxS\x86_Microsoft.VC80.CRT_1fc8b3b9a1e18e3b_8.0.50727.762_x-ww_6b128700\MSVCP80.dll handle: 7C420000 size: 548864 crc: 5108E115 date: 2006-12-01 20:54:34
 C:\WINDOWS\system32\NTMARTA.DLL handle: 77660000 size: 119296 crc: 0DB7DE58 date: 2004-08-04 13:00:00
 C:\WINDOWS\system32\WLDAP32.dll handle: 76F20000 size: 173056 crc: 13AEF378 date: 2004-08-04 13:00:00
 C:\WINDOWS\system32\SAMLIB.dll handle: 71B70000 size: 64000 crc: F4284D6C date: 2004-08-04 13:00:00
 C:\WINDOWS\system32\CLBCATQ.DLL handle: 76F90000 size: 498688 crc: 7728098B date: 2005-07-26 04:39:44
 C:\WINDOWS\system32\COMRes.dll handle: 77010000 size: 846848 crc: 36F6CAE5 date: 2004-08-04 13:00:00
 C:\WINDOWS\system32\OLEAUT32.dll handle: 770F0000 size: 553472 crc: 44BAD7B8 date: 2004-08-04 13:00:00
 C:\WINDOWS\system32\VERSION.dll handle: 77BD0000 size: 18944 crc: 14F8DA2B date: 2004-08-04 13:00:00
 C:\WINDOWS\system32\dmime.dll handle: 5C900000 size: 181248 crc: 3672A64B date: 2004-08-04 13:00:00
 C:\WINDOWS\system32\DSOUND.dll handle: 73E70000 size: 367616 crc: 6BA90018 date: 2004-08-04 13:00:00
 C:\WINDOWS\system32\dmusic.dll handle: 6CE60000 size: 104448 crc: 0A743302 date: 2004-08-04 13:00:00
 C:\WINDOWS\system32\KsUser.dll handle: 73E40000 size: 4096 crc: 931FDB2C date: 2004-08-03 22:57:24
 C:\WINDOWS\system32\dmsynth.dll handle: 6CE80000 size: 103424 crc: 9FC739C1 date: 2004-08-04 13:00:00
 C:\WINDOWS\system32\dmloader.dll handle: 6CEF0000 size: 35840 crc: A2BBF945 date: 2004-08-04 13:00:00
 C:\WINDOWS\system32\ctagent.dll handle: 02000000 size: 8704 crc: DE6C405D date: 2008-06-27 15:24:56
 C:\WINDOWS\system32\mswsock.dll handle: 719B0000 size: 247296 crc: 2CF6ECFF date: 2004-08-04 13:00:00
 C:\WINDOWS\system32\hnetcfg.dll handle: 66710000 size: 348672 crc: 8F6C63C9 date: 2004-08-04 13:00:00
 C:\WINDOWS\System32\wshtcpip.dll handle: 719F0000 size: 19968 crc: 6AFA7EE1 date: 2004-08-04 13:00:00
 C:\WINDOWS\system32\DNSAPI.dll handle: 76EE0000 size: 148480 crc: B18D6C21 date: 2006-06-26 17:40:34
 C:\WINDOWS\System32\winrnr.dll handle: 76F70000 size: 16896 crc: C9046F73 date: 2004-08-04 13:00:00
 C:\Programme\Bonjour\mdnsNSP.dll handle: 16080000 size: 94208 crc: DF63DAB0 date: 2006-02-28 11:42:30
 C:\WINDOWS\system32\Iphlpapi.dll handle: 76D20000 size: 95744 crc: 950BB33C date: 2006-05-19 13:09:50
 C:\WINDOWS\system32\rasadhlp.dll handle: 76F80000 size: 8192 crc: 43704FC7 date: 2006-06-26 17:40:34
 C:\WINDOWS\system32\psapi.dll handle: 76BB0000 size: 23040 crc: 4963BF76 date: 2004-08-04 13:00:00

System information:
 Windows version 5.1 2600 Service Pack 2

---- gamelog start ----
Tick 27763: game loaded
     Conversion from OTTD savegame without gamelog: version 4, 1
     Revision text changed to r15523, savegame version 113, not modified, _openttd_newgrf_version = 0x07003ca3
     New game mode: 0 landscape: 1
     Added NewGRF: GRF ID 4D470501, checksum 921D08A4B3430BDCC14715B6A1288350, filename: ottdc_grfpack\0_info.grf
---- gamelog end ----
