*** OpenTTD Crash Report ***

Crash at: Sun Oct  5 15:00:50 2014
In game date: 0-01-01 (0)

Crash reason:
 Signal:  Segmentation fault (11)
 Message: <none>

OpenTTD version:
 Version:    r (0)
 NewGRF ver: 15000000
 Bits:       64
 Endian:     little
 Dedicated:  no
 Build date: Oct  5 2014 19:00:22

Stacktrace:
 [00] bin/openttd(_ZNK12CrashLogUnix13LogStacktraceEPcPKc+0x39) [0x6fd3c9]
 [01] bin/openttd(_ZNK8CrashLog12FillCrashLogEPcPKc+0xf0) [0x5b3b80]
 [02] bin/openttd(_ZNK8CrashLog12MakeCrashLogEv+0xac) [0x5b3e4c]
 [03] bin/openttd() [0x6fd334]
 [04] /lib64/libc.so.6(+0x353e0) [0x7f0f6f5bf3e0]
 [05] bin/openttd(_ZN11SpriteGroup7ResolveEPKS_R14ResolverObjectb+0xc) [0x6d515c]
 [06] bin/openttd(_Z21GetCustomSignalSpritePK12RailtypeInfoj10SignalType13SignalVariant11SignalStateb+0x5c) [0x6d47ac]
 [07] bin/openttd(_Z25ResolveRailTypeGUISpritesP12RailtypeInfo+0x112) [0x732792]
 [08] bin/openttd(_Z13InitRailTypesv+0x21) [0x732811]
 [09] bin/openttd(_Z10LoadNewGRFjj+0x11fd) [0x6b655d]
 [10] bin/openttd(_Z14GfxLoadSpritesv+0x165) [0x60c095]
 [11] bin/openttd(_Z13GenerateWorld12GenWorldModejjb+0x86) [0x5fe966]
 [12] bin/openttd(_Z12openttd_mainiPPc+0x159f) [0x6e9f8f]
 [13] /lib64/libc.so.6(__libc_start_main+0xf5) [0x7f0f6f5abad5]
 [14] bin/openttd() [0x4f1289]

Operating system:
 Name:     Linux
 Release:  3.14.19-std-def-alt1
 Version:  #1 SMP Thu Sep 18 15:00:24 UTC 2014
 Machine:  x86_64
 Compiler: GCC 4.5.4 "4.5.4 20120702 (ALT Linux 4.5.4-alt2)"

Configuration:
 Blitter:      32bpp-anim
 Graphics set: OpenGFX (5092)
 Language:     /home/vanya/Documents/Программы/OpenTTD/patches/trunk/bin/lang/english.lng
 Music driver: extmidi
 Music set:    NoMusic (0)
 Network:      no
 Sound driver: sdl
 Sound set:    NoSound (2)
 Video driver: sdl

Fonts:
 Small:  Arial
 Medium: Arial
 Large:  Arial
 Mono:   sprite

AI Configuration (local: 255):

Libraries:
 Allegro:    Allegro 4.4.2, Unix
 FontConfig: 2.11.1
 FreeType:   2.4.11
 ICU:        50.1.1
 LZMA:       5.0.4
 LZO:        2.06
 PNG:        1.5.13
 SDL:        1.2.14
 Zlib:       1.2.8

---- gamelog start ----
Tick 0: new game started
Revision text changed to r, savegame version 194, not modified, _openttd_newgrf_version = 0x15000000
New game mode: 0 landscape: 0
---- gamelog end ----

*** End of OpenTTD Crash Report ***
