*** OpenTTD Crash Report ***

Crash at: Sun Aug 22 17:04:15 2010
In game date: 1977-12-05 (57)

Crash reason:
 Exception: E1212012
 Location:  7C59BCB1
 Message:   Assertion failed at line 280 of ..\src\autoreplace_cmd.cpp: cost.Succeeded()

OpenTTD version:
 Version:    r20589 (0)
 NewGRF ver: 1100506d
 Bits:       32
 Endian:     little
 Dedicated:  no
 Build date: Aug 21 2010 18:16:48

Registers:
 EAX: 0012F2D8 EBX: 00000016 ECX: 00000000 EDX: 007256D0
 ESI: 00000000 EDI: 00000000 EBP: 0012F328 ESP: 0012F2D0
 EIP: 7C59BCB1 EFLAGS: 00000246

 Bytes at instruction pointer:
 5F 5E C9 C2 10 00 55 8B EC 83 EC 1C 56 8D 45 E4 6A 1C 50 FF 75 08 33 F6

Stack trace:
 00000000 007255EC E1212012 00000000 00000000 7C59BCB1 00000000 00000001
 00000000 00000001 C28181EE 2C3031A3 2C323730 00393037 74726F77 72542068
 70736E61 2074726F 2D202D20 0012F300 0012FB34 0012F338 0012F388 005625BC
 E1212012 00000000 00000000 00000000 005EC7B6 00000016 B899D442 0012F6D0
 00000200 00000000 00000073 00000000 00000000 0012F350 005625AC 00000001
 0012F348 0012EF14 0012FAFC 005F1320 B8E4E282 FFFFFFFE 0012F6C0 005EBBF0
 00000016 00000200 005ED199 0012F3E8 0070A188 01012DE0 005F3978 00000000
 FFFFFFF0 0012F644 005F4484 00000000 0012F6D0 0012F6D0 005F4510 0012F524
 00705DF8 00000000 00000007 00000000 E06D7363 00000000 0070A188 01012DE0
 01011E90 77FBB201 0012F668 00000000 00000000 00000000 0068B0CD 00000000
 00000000 00000000 0012F44C 0000004C 0012F8E8 00000010 006D6D28 FFFFFFFF
 00705DF8 00000000 00000000 00000000 0012F678 0012F678 00000000 0053B7A8
 0250FC48 0012F678 00000000 0012F549 0000004B 00000000 0000016F 0077F818
 00000000 0000001F 0000000D 00000000 00000000 00000000 0000016F 0000000D
 00000000 00000000 00000500 000003E4 0005032E 00000001 0000004C 00000000
 00000020 000003E4 50022080 00000000 0000000D 0000002F 00000043 00000009
 7F01FFFF 0015ADC0 00000077 000001BA 0015AE24 0012F62C 77E344D5 00000010
 0012F684 00000200 00000001 0012F50C 00540FFB 00541051 0012F57F 0012F544
 00000001 005412E3 00541229 0012F580 02510998 00000001 000007B9 02510998
 00000001 0000001C 025109C8 00000000 0112F580 0012F574 00541229 0012F580
 00000000 0110BD48 00000000 02510A08 00000001 0000001C 02510A38 000007B9
 01000000 0012F5D0 0053CBD5 0053CBE7 00000036 00000014 00000000 00000700
 00000000 00000000 00000000 0053CB00 00000016 02354710 00000000 00000000
 00000014 00000000 0053B624 0053B644 0053B664 0053B78C 0053C860 00000000

Operating system:
 Name:     Windows
 Release:  5.0.2195 (Service Pack 4)
 Compiler: MSVC 1500

Configuration:
 Blitter:      8bpp-optimized
 Graphics set: original_windows (0)
 Language:     english.lng
 Music driver: dmusic
 Music set:    NoMusic (0)
 Network:      no
 Sound driver: win32
 Sound set:    original_windows (0)
 Video driver: win32

AI Configuration (local: 0):
  0: Human
  1: SimpleAI (v3)
  2: SimpleAI (v3)

Libraries:
 FreeType:   2.3.12
 ICU:        4.4.1
 LZO:        2.03
 PNG:        1.4.3
 Zlib:       1.2.5

Module information:
 D:\MPS\OpenTTD\openttd.exe handle: 00400000 size: 3325952 crc: B0BC8915 date: 2010-08-21 17:20:42
 C:\WINNT\system32\ntdll.dll handle: 77F80000 size: 483600 crc: 20C3F220 date: 2005-01-13 09:09:38
 C:\WINNT\system32\WINMM.dll handle: 77570000 size: 189200 crc: 4D22CDCF date: 1999-12-06 21:00:00
 C:\WINNT\system32\USER32.DLL handle: 77E10000 size: 381200 crc: 198EB4F7 date: 2007-03-06 11:17:48
 C:\WINNT\system32\KERNEL32.dll handle: 7C570000 size: 712976 crc: 12FF2E20 date: 2007-04-16 12:44:08
 C:\WINNT\system32\GDI32.dll handle: 77F40000 size: 237840 crc: E1A7FDA4 date: 2008-10-23 05:27:42
 C:\WINNT\system32\ADVAPI32.DLL handle: 7C2D0000 size: 401168 crc: ACC28968 date: 2005-04-21 08:08:44
 C:\WINNT\system32\RPCRT4.dll handle: 77D30000 size: 439056 crc: CA8841B6 date: 2007-07-17 06:42:52
 C:\WINNT\system32\Secur32.dll handle: 7C340000 size: 48912 crc: 8F8D4C2D date: 2003-06-19 11:05:04
 C:\WINNT\system32\WS2_32.dll handle: 75030000 size: 69904 crc: 81A863AD date: 2003-06-19 11:05:04
 C:\WINNT\system32\MSVCRT.DLL handle: 78000000 size: 286773 crc: F2541912 date: 2003-06-19 11:05:04
 C:\WINNT\system32\WS2HELP.DLL handle: 75020000 size: 18192 crc: 4DA41EA8 date: 1999-12-06 21:00:00
 C:\WINNT\system32\SHELL32.dll handle: 7CF30000 size: 2362640 crc: 8C2CC003 date: 2008-04-15 23:13:30
 C:\WINNT\system32\SHLWAPI.dll handle: 70A70000 size: 402944 crc: CD69ACFD date: 2008-10-15 14:11:50
 C:\WINNT\system32\COMCTL32.dll handle: 71710000 size: 530192 crc: D77CEFD8 date: 2006-08-28 08:44:10
 C:\WINNT\system32\mt32emu.dll handle: 10000000 size: 184320 crc: FBB4A128 date: 2005-07-04 01:34:40
 C:\WINNT\system32\ole32.dll handle: 7CE20000 size: 957712 crc: AA2A941F date: 2005-09-05 08:18:46
 C:\WINNT\system32\OLEAUT32.dll handle: 779B0000 size: 631056 crc: 3D351355 date: 2007-12-05 10:40:00
 C:\WINNT\system32\SHFolder.dll handle: 719B0000 size: 22528 crc: E5396C74 date: 2002-08-29 06:14:40
 C:\WINNT\system32\wdmaud.drv handle: 77560000 size: 21264 crc: 77700FE7 date: 2003-06-19 11:05:04
 C:\WINNT\system32\msacm32.drv handle: 77400000 size: 21264 crc: 8652F554 date: 1999-12-06 21:00:00
 C:\WINNT\system32\MSACM32.dll handle: 77410000 size: 66832 crc: 44BEAFF2 date: 1999-12-06 21:00:00
 C:\WINNT\system32\INDICDLL.dll handle: 6E420000 size: 11536 crc: 7B4AFA3C date: 1999-12-06 21:00:00
 C:\WINNT\system32\IMM32.dll handle: 75E60000 size: 96528 crc: 396BABBC date: 2003-06-19 11:05:04
 C:\Program Files\Belkin\Bluetooth Software\BtBalloon.dll handle: 01590000 size: 49152 crc: ED12900F date: 2004-10-01 06:56:24
 C:\WINNT\system32\CLBCATQ.DLL handle: 7C950000 size: 551184 crc: 0B683C02 date: 2005-09-05 08:18:46
 C:\WINNT\system32\dmime.dll handle: 77300000 size: 181248 crc: BF6CE3D8 date: 2004-07-09 04:27:28
 C:\WINNT\system32\DSOUND.dll handle: 51080000 size: 381952 crc: 71BC2B1C date: 2004-07-09 04:27:28
 C:\WINNT\system32\VERSION.dll handle: 77820000 size: 16144 crc: F4A3147D date: 2003-06-19 11:05:04
 C:\WINNT\system32\LZ32.DLL handle: 759B0000 size: 10000 crc: 4B5EC897 date: 2003-06-19 11:05:04
 C:\WINNT\system32\dmusic.dll handle: 77180000 size: 122880 crc: D0A4B03C date: 2004-07-09 04:27:28
 C:\WINNT\system32\KsUser.dll handle: 5EF80000 size: 4096 crc: 853DEC10 date: 2002-12-12 00:14:32
 C:\WINNT\system32\midimap.dll handle: 6BFB0000 size: 19216 crc: 159410EE date: 1999-12-06 21:00:00
 C:\WINNT\system32\dmsynth.dll handle: 77480000 size: 100864 crc: 8F12DF7F date: 2002-12-12 00:14:32
 C:\WINNT\system32\dmloader.dll handle: 77380000 size: 33280 crc: CED7D165 date: 2002-12-12 00:14:32
 C:\WINNT\system32\msafd.dll handle: 74FD0000 size: 105744 crc: 5E8AE91F date: 2008-06-25 09:41:54
 C:\WINNT\System32\wshtcpip.dll handle: 75010000 size: 17680 crc: 0F243B8F date: 2003-06-19 11:05:04
 C:\Program Files\Belkin\Bluetooth Software\btkeyind.dll handle: 025D0000 size: 53248 crc: E3F53B34 date: 2004-10-01 14:13:12
 C:\WINNT\system32\psapi.dll handle: 690A0000 size: 28944 crc: 9E1098C8 date: 1999-12-06 21:00:00

---- gamelog start ----
Tick 0: new game started
     Revision text changed to r20589, savegame version 146, not modified, _openttd_newgrf_version = 0x1100506d
     New game mode: 1 landscape: 0
     Added NewGRF: GRF ID 6D620601, checksum 44EB2F155862E4D4F0AB671D7021AF54, filename: newgrf\newstatsw.grf
     Added NewGRF: GRF ID 6D620004, checksum 70649F1AFC954942173B0AA89C1E8B14, filename: newgrf\newshipsw.grf
     Added NewGRF: GRF ID 4D470302, checksum 52BFBEA55B7EDB8192DE26040FF03CC9, filename: newgrf\basecosts.grf
     Added NewGRF: GRF ID 74677462, checksum A2396FFDCC0F1BA37A2A89EF525CDF21, filename: newgrf\total_bridges.grf
     Added NewGRF: GRF ID 4A430002, checksum 0728ADCB4DF2F1EB9247ABD449296F4E, filename: newgrf\indstatrw.grf
     Added NewGRF: GRF ID 44441000, checksum 65D01F40B9830EF6617C6B0D30F8A4E2, filename: newgrf\proj1000.grf
     Added NewGRF: GRF ID 44440A01, checksum EFEE1435093730D3DA55BDF69653CADC, filename: newgrf\pb_av8w.grf
     Added NewGRF: GRF ID 05102002, checksum A8B77B8D1F20D43B6FA521B4C3A8FC50, filename: monolev_replacement_set_v0.3.6-0.3.7\mrsv037.grf
     Added NewGRF: GRF ID 44440401, checksum 6AAD39D3A1E489E0060A9511B7DF8CDA, filename: newgrf\pb_hovs_bus.grf
---- gamelog end ----

*** End of OpenTTD Crash Report ***
