*** OpenTTD Crash Report ***
Date: 2009-03-20 02:26:21
Build: 0.7.0-RC1 (1) built on Mar 15 2009 23:10:47
Reason: NOT_REACHED triggered at line 1650 of ..\src\misc_gui.cpp
Language: english.lng
Exception C0000005 at 004427D9
Registers:
 EAX: 00000001 EBX: 00000001 ECX: 00000D22 EDX: 00010000
 ESI: 0012F840 EDI: 0263C290 EBP: 0012FA40 ESP: 0012F82C
 EIP: 004427D9 EFLAGS: 00010202

Bytes at CS:EIP:
 C6 05 00 00 00 00 00 5B C2 04 00 55 8B EC 81 EC 14 04 00 00 56 57 8B 7D

Stack trace: 
 00000002 00429B93 00000001 00000009 00000004 5F544F4E 43414552 20444548
 67697274 65726567 74612064 6E696C20 36312065 6F203035 2E2E2066 6372735C
 73696D5C 75675F63 70632E69 03850070 00000017 00000001 00000019 00000011
 00000005 00000000 00000000 00000000 5AD73971 00000084 5ADA1688 0012F8BC
 5AD8C406 0143C248 00000217 00000211 0012F97C 5AD8C3C8 0143C248 0012F974
 0008014C 0143C180 00000084 00010000 00020001 000000A0 0000001F 00000011
 00000004 00000003 00000000 00000000 00000004 00000003 00000000 00000000
 00000004 00000003 00000004 00000002 00000000 00000000 00000000 00000000
 00000001 0000001A 00000000 00000000 00000015 00000015 0000000D 0000000D
 7010075A 03850273 00000017 00000001 00000019 00000011 5AD73971 00000084
 5ADA1688 00000015 00000217 5AD73935 7E4194BE 7E428E0D 0008014C 00000020
 0008014C 02010001 00000000 0000029E 00000000 0008014C 00000020 00000000
 000004B0 7E428DB2 00000000 00000001 00000001 00000000 7E428DB2 00000001
 0012F9E8 7E428DD9 0008014C 00000020 0008014C 02010001 00000000 7E418BD9
 7E471088 0012F97C 0012FA30 7E428DAC 7E428D8B 0008014C 00000020 00000000
 00000000 00000001 00000000 0012FA00 00000000 0012FB48 7E44048F 7E428D90
 FFFFFFFF 7E428D8B 0052BDB2 0008014C 00000020 0012FA8C 00459164 006243D4
 00000672 0063891C 0263C290 00000009 0266DBA0 00443FE2 00000098 00000133
 00000009 00000133 0263C290 00000098 00000009 00444E70 00000009 01000133
 0012FABC 00445A70 00000098 00000133 00000000 0026DBE0 00000217 00000000
 0012FAE0 0075F1A6 00000000 FFFFFFFF 00000001 00445B50 00000001 00000000
 00000001 00000201 0012FB5C 00000000 0052BC9A 0012FBC4 0052B854 00000000
 008DF238 00000000 00000000 00000102 0012FB40 747313D4 000101BD 00000000
 00000001 747313D9 00000000 7FFDF000 00000102 00C70000 000101BD 0012FB14

Module information:
 C:\Program Files\OpenTTD\openttd.exe handle: 00400000 size: 2613248 crc: D2C576EE date: 2009-03-15 23:13:56
 C:\WINDOWS\system32\ntdll.dll handle: 7C900000 size: 706048 crc: 791555FA date: 2008-04-14 00:11:24
 C:\WINDOWS\system32\kernel32.dll handle: 7C800000 size: 989696 crc: 98CCF9A3 date: 2008-04-14 00:11:56
 C:\WINDOWS\system32\WINMM.dll handle: 76B40000 size: 176128 crc: 9676D976 date: 2008-04-14 00:12:09
 C:\WINDOWS\system32\ADVAPI32.dll handle: 77DD0000 size: 617472 crc: 78174499 date: 2008-04-14 00:11:48
 C:\WINDOWS\system32\RPCRT4.dll handle: 77E70000 size: 584704 crc: 78EC50DB date: 2008-04-14 00:12:04
 C:\WINDOWS\system32\Secur32.dll handle: 77FE0000 size: 56320 crc: 25AFC491 date: 2008-04-14 00:12:05
 C:\WINDOWS\system32\GDI32.dll handle: 77F10000 size: 286720 crc: B5F6B116 date: 2008-10-23 12:36:14
 C:\WINDOWS\system32\USER32.dll handle: 7E410000 size: 578560 crc: F7C72264 date: 2008-04-14 00:12:08
 C:\WINDOWS\system32\WS2_32.dll handle: 71AB0000 size: 82432 crc: 7C519ECA date: 2008-04-14 00:12:10
 C:\WINDOWS\system32\msvcrt.dll handle: 77C10000 size: 343040 crc: 0B7B1677 date: 2008-04-14 00:12:01
 C:\WINDOWS\system32\WS2HELP.dll handle: 71AA0000 size: 19968 crc: 3F24E096 date: 2008-04-14 00:12:10
 C:\WINDOWS\system32\SHELL32.dll handle: 7C9C0000 size: 8461312 crc: 2221EFBA date: 2008-06-17 19:02:19
 C:\WINDOWS\system32\SHLWAPI.dll handle: 77F60000 size: 474112 crc: 3230A338 date: 2008-04-14 00:12:05
 C:\WINDOWS\system32\IMM32.DLL handle: 76390000 size: 110080 crc: C1486DA0 date: 2008-04-14 00:11:54
 C:\WINDOWS\WinSxS\x86_Microsoft.Windows.Common-Controls_6595b64144ccf1df_6.0.2600.5512_x-ww_35d4ce83\comctl32.dll handle: 773D0000 size: 1054208 crc: 06939D35 date: 2008-04-14 00:12:51
 C:\WINDOWS\system32\comctl32.dll handle: 5D090000 size: 617472 crc: 519837A9 date: 2008-04-14 00:11:51
 C:\WINDOWS\system32\SHFolder.dll handle: 76780000 size: 25088 crc: 8009EA65 date: 2008-04-14 00:12:05
 C:\WINDOWS\system32\WINTRUST.dll handle: 76C30000 size: 176640 crc: 98E1211C date: 2008-04-14 00:12:09
 C:\WINDOWS\system32\CRYPT32.dll handle: 77A80000 size: 599040 crc: F04E4319 date: 2008-04-14 00:11:51
 C:\WINDOWS\system32\MSASN1.dll handle: 77B20000 size: 57344 crc: B280A6F9 date: 2008-04-14 00:11:58
 C:\WINDOWS\system32\IMAGEHLP.dll handle: 76C90000 size: 144384 crc: F7A06429 date: 2008-04-14 00:11:54
 C:\WINDOWS\system32\wdmaud.drv handle: 72D20000 size: 23552 crc: EEB914CA date: 2008-04-14 00:12:45
 C:\WINDOWS\system32\msacm32.drv handle: 72D10000 size: 20480 crc: D5406BAE date: 2006-02-28 12:00:00
 C:\WINDOWS\system32\MSACM32.dll handle: 77BE0000 size: 71680 crc: EDE4B266 date: 2008-04-14 00:11:58
 C:\WINDOWS\system32\midimap.dll handle: 77BD0000 size: 18944 crc: 2E6D5FD1 date: 2008-04-14 00:11:57
 C:\WINDOWS\system32\ole32.dll handle: 774E0000 size: 1287168 crc: 3908D33A date: 2008-04-14 00:12:02
 C:\WINDOWS\system32\uxtheme.dll handle: 5AD70000 size: 218624 crc: A4A915A5 date: 2008-04-14 00:12:08
 C:\WINDOWS\system32\MSCTF.dll handle: 74720000 size: 297984 crc: 392BE0B0 date: 2008-04-14 00:11:58
 C:\Program Files\TalkTalk\bin\sprthook.dll handle: 62D00000 size: 116264 crc: E8A6FAA6 date: 2007-08-24 17:15:02
 C:\WINDOWS\system32\OLEACC.dll handle: 74C80000 size: 163328 crc: 5E164907 date: 2006-02-28 12:00:00
 C:\Program Files\TalkTalk\bin\MSVCP60.dll handle: 76080000 size: 233472 crc: 49AFD6E1 date: 2007-10-13 16:51:55
 C:\WINDOWS\system32\OLEAUT32.dll handle: 77120000 size: 551936 crc: 1EE83658 date: 2008-04-14 00:12:02
 C:\WINDOWS\system32\CLBCATQ.DLL handle: 76FD0000 size: 498688 crc: F43789FF date: 2008-04-14 00:11:50
 C:\WINDOWS\system32\COMRes.dll handle: 77050000 size: 792064 crc: 868482D5 date: 2008-04-14 00:11:51
 C:\WINDOWS\system32\VERSION.dll handle: 77C00000 size: 18944 crc: 558B1DAF date: 2008-04-14 00:12:08
 C:\WINDOWS\system32\dmime.dll handle: 5C570000 size: 181248 crc: A021AC64 date: 2008-04-14 00:11:52
 C:\WINDOWS\system32\DSOUND.dll handle: 73F10000 size: 367616 crc: 33C2A52C date: 2008-04-14 00:11:52
 C:\WINDOWS\system32\dmusic.dll handle: 6C980000 size: 104448 crc: E9A2B682 date: 2008-04-14 00:11:52
 C:\WINDOWS\system32\KsUser.dll handle: 73EE0000 size: 4096 crc: BD8E6BD9 date: 2008-04-14 00:11:56
 C:\WINDOWS\system32\dmsynth.dll handle: 6C9A0000 size: 103424 crc: 3E2BFB05 date: 2008-04-14 00:11:52
 C:\WINDOWS\system32\dmloader.dll handle: 6CA10000 size: 35840 crc: 9271DC2B date: 2008-04-14 00:11:52
 C:\WINDOWS\system32\msctfime.ime handle: 755C0000 size: 177152 crc: 6D3663FE date: 2008-04-14 00:10:06
 C:\WINDOWS\system32\mswsock.dll handle: 71A50000 size: 245248 crc: FBBA0828 date: 2008-06-20 17:46:57
 C:\WINDOWS\system32\hnetcfg.dll handle: 662B0000 size: 344064 crc: 96358152 date: 2008-04-14 00:11:54
 C:\WINDOWS\System32\wshtcpip.dll handle: 71A90000 size: 19456 crc: F5533E87 date: 2008-04-14 00:12:10
 C:\WINDOWS\system32\psapi.dll handle: 76BF0000 size: 23040 crc: 75BBDCAD date: 2008-04-14 00:12:03

System information:
 Windows version 5.1 2600 Service Pack 3

---- gamelog start ----
Tick 0: new game started
     Revision text changed to 0.7.0-RC1, savegame version 115, maybe modified, _openttd_newgrf_version = 0x07003d7a
     New game mode: 1 landscape: 0
     Added NewGRF: GRF ID 44440111, checksum 9B5051E70D60EF2926A249B923AFB0CA, filename: uk_renewal_set.3.04\pb_ukrs.grf
     Added NewGRF: GRF ID 4A430002, checksum 0728ADCB4DF2F1EB9247ABD449296F4E, filename: industrial_stations_renewal.0.8.0\indstatrw.grf
     Added NewGRF: GRF ID 74677462, checksum A2396FFDCC0F1BA37A2A89EF525CDF21, filename: total_bridge_renewal_set.1.12\total_bridges.grf
     Added NewGRF: GRF ID 535A0901, checksum BECE0FB994E34EBDF6DB76EC3B566914, filename: purno_s_new_railway_fence.1\fencew.grf
     Added NewGRF: GRF ID 19060801, checksum 6CFC6328D999C140851BFE6514BA277A, filename: bigger_depots.0.3\bigdepot.grf
     Added NewGRF: GRF ID 44440602, checksum B90C2A495D6D23995725177E44A03899, filename: pikkindd.grf
     Added NewGRF: GRF ID 45480101, checksum 287FD7736305613D13B9C085913D7F9E, filename: experts_hard___industries.0.2\eh_industries.grf
     Added NewGRF: GRF ID 44442401, checksum 334E5048360B5D9677DAACAF1114F0B7, filename: pb_ukrhd.grf
---- gamelog end ----
