*** OpenTTD Crash Report ***

Crash at: Wed May 19 13:48:21 2010
In game date: 1950-01-01 (6)

Crash reason:
 Exception: C0000005
 Location:  000000013FE7376D
 Message:   <none>

OpenTTD version:
 Version:    1.0.1 (0)
 NewGRF ver: 10184d1e
 Bits:       64
 Endian:     little
 Dedicated:  no
 Build date: Apr 30 2010 21:49:51

Registers:
 RAX: 0000000000000000 RBX: 000000000019E623 RCX: 000000013FE736DE RDX: 0000000002706AD0
 RSI: 000000000019EE1F RDI: 00000001402A3D98 RBP: 0000000002637F69 RSP: 000000000019E3B0
 R8:  0000000000006014 R9:  0000000000000001 R10: 0000000000000000 R11: 0000000000000008
 R12: 0000000000000030 R13: 00000000000001F5 R14: 0000000005A15598 R15: 0000000000000001
 RIP: 000000013FE7376D EFLAGS: 00010246

 Bytes at instruction pointer:
 0F B7 08 0F B7 42 08 41 0F B7 D0 48 89 44 24 70 48 89 4C 24 68 4C 8D 44

Stack trace:
 0019E96E 00000000 400DF0C8 00000001 00000000 00000000 0019E5C0 00000000
 00000000 00000000 00000000 00000000 0000E009 00000000 3FE73A4E 00000001
 402A3D90 00000001 000007F0 00000000 402A3D90 00000001 00000042 00000001
 00008822 00000000 0019E610 00000000 00000000 00000001 0019E620 00000000
 0019E6B6 00000000 3FE73A4E 00000001 402A3D90 00000001 00000000 00000000
 0019E4E8 00000000 00000000 00000000 0019E6E6 00000000 0019E660 00000000
 00000000 00000000 00000000 00000000 0019E706 00000000 3FE73A4E 00000001
 402A3D90 00000001 3FE71CD0 00000001 000007F1 00000000 00000001 00000000
 00000013 00000000 0019E6B0 00000000 00000000 00000000 3FE722AC 00000001
 0019E756 00000000 3FE73A4E 00000001 402A3D90 00000001 00000000 30000000
 00000014 00000000 D224A930 0000F746 FFFFFFFF 7FFFFFFF 0019E700 00000000
 00000000 00000000 00000008 00000000 3FE4F4F0 00000001 00000001 00000000
 05A155C0 00000000 00000010 00000000 00000028 00000000 0000028A 00000000
 00000265 00000000 0019EE0F 00000000 00000000 00000000 0019EE1F 00000000
 402A3D90 00000001 0019E620 00000000 00000000 00000000 3FE721FD 00000001
 0019E623 00000000 02637F69 00000000 00000000 00000000 00000000 00000000
 0019EE1F 00000000 00000008 00000000 000003EE 00000000 3FE4FBD7 00000001
 000001FB 00000000 000001FA 00000000 000003C1 00000000 00000337 00000000
 00000300 00000000 0019EEAF 00000000 00000000 00000000 00000008 00000000
 3FE4F4F0 00000001 00000001 00000000 058280EE 00000000 00000010 00000000
 0000003C 00000000 00000358 00000000 0000031F 00000000 000003EA 00000000
 000003EB 00000000 3FE4FC1B 00000001 00000000 00000000 0000034F 00000000
 000003EB 00000000 0019E6B0 00000000 0019EEAF 00000000 0000000C 00000000
 00000001 00000000 00000400 00000000 00000401 00000000 3FE4FC1B 00000001

Operating system:
 Name:     Windows
 Release:  6.1.7600 ()
 Compiler: MSVC 1500

Configuration:
 Blitter:      8bpp-optimized
 Graphics set: OpenGFX
 Language:     english.lng
 Music driver: win32
 Music set:    OpenMSX
 Network:      no
 Sound driver: win32
 Sound set:    OpenSFX
 Video driver: win32

AI Configuration (local: 0):
  0: Human

Libraries:
 FreeType:   2.3.12
 ICU:        4.2.1
 LZO:        2.03
 PNG:        1.2.43
 Zlib:       1.2.3

Module information:
 H:\Games\Transport Tycoon Deluxe\OpenTTD\openttd.exe handle: 000000013FE30000 size: 4877312 crc: 8E117F23 date: 2010-04-30 21:53:06
 C:\Windows\SYSTEM32\ntdll.dll handle: 0000000077930000 size: 1736792 crc: 5523175A date: 2009-07-14 01:43:10
 C:\Windows\system32\kernel32.dll handle: 0000000077810000 size: 1162240 crc: 822946F0 date: 2009-07-14 01:41:13
 C:\Windows\system32\KERNELBASE.dll handle: 000007FEFD9E0000 size: 421376 crc: 68F689E4 date: 2009-07-14 01:41:13
 C:\Windows\system32\WINMM.dll handle: 000007FEFB4D0000 size: 217600 crc: 7BC1529F date: 2009-07-14 01:41:56
 C:\Windows\system32\msvcrt.dll handle: 000007FEFDCE0000 size: 634880 crc: 7F3E716F date: 2009-07-14 01:41:32
 C:\Windows\system32\USER32.dll handle: 0000000077710000 size: 1008640 crc: 95FA0345 date: 2009-07-14 01:41:56
 C:\Windows\system32\GDI32.dll handle: 000007FEFEDB0000 size: 404480 crc: 0F1BAE69 date: 2009-07-14 01:40:56
 C:\Windows\system32\LPK.dll handle: 000007FEFF080000 size: 41984 crc: 350AF03B date: 2009-07-14 01:41:19
 C:\Windows\system32\USP10.dll handle: 000007FEFDF50000 size: 801280 crc: 32EFA120 date: 2009-07-14 01:41:56
 C:\Windows\system32\WS2_32.dll handle: 000007FEFF780000 size: 296448 crc: B9553AFD date: 2009-07-14 01:41:58
 C:\Windows\system32\RPCRT4.dll handle: 000007FEFDD80000 size: 1221632 crc: D5B6358C date: 2009-07-14 01:41:53
 C:\Windows\system32\NSI.dll handle: 000007FEFDF40000 size: 13824 crc: 53B46F6C date: 2009-07-14 01:41:53
 C:\Windows\system32\ADVAPI32.dll handle: 000007FEFF7D0000 size: 877056 crc: FA615A20 date: 2009-07-14 01:40:01
 C:\Windows\SYSTEM32\sechost.dll handle: 000007FEFDEB0000 size: 113664 crc: 978CFAE5 date: 2009-07-14 01:41:53
 C:\Windows\system32\SHELL32.dll handle: 000007FEFE020000 size: 14163456 crc: E057E832 date: 2010-02-18 08:07:44
 C:\Windows\system32\SHLWAPI.dll handle: 000007FEFDC60000 size: 449536 crc: 0BFDF102 date: 2009-07-14 01:41:54
 C:\Windows\system32\IMM32.DLL handle: 000007FEFFB30000 size: 167424 crc: 41B2805A date: 2009-07-14 01:41:09
 C:\Windows\system32\MSCTF.dll handle: 000007FEFF2A0000 size: 1067008 crc: 798DDDA0 date: 2009-07-14 01:41:28
 C:\Program Files\CheckPoint\ZAForceField\Plugins\ISWSHEX.dll handle: 00000000221B0000 size: 1023856 crc: 334F7F07 date: 2009-10-14 13:31:02
 C:\Windows\WinSxS\amd64_microsoft.vc80.crt_1fc8b3b9a1e18e3b_8.0.50727.4927_none_88dce9872fb18caf\MSVCR80.dll handle: 0000000073190000 size: 802624 crc: AD5B9774 date: 2009-06-10 20:40:01
 C:\Windows\WinSxS\amd64_microsoft.vc80.crt_1fc8b3b9a1e18e3b_8.0.50727.4927_none_88dce9872fb18caf\MSVCP80.dll handle: 0000000073080000 size: 1068352 crc: B9C0D88C date: 2009-06-10 20:40:00
 C:\Windows\system32\ole32.dll handle: 000007FEFF090000 size: 2084352 crc: 40D2CC46 date: 2009-07-14 01:41:53
 C:\Windows\system32\ntmarta.dll handle: 000007FEFB690000 size: 162304 crc: 5344798C date: 2009-07-14 01:41:53
 C:\Windows\system32\WLDAP32.dll handle: 000007FEFDED0000 size: 311808 crc: 7A3D9683 date: 2009-07-14 01:41:56
 C:\Program Files\CheckPoint\ZAForceField\AK\icsak.dll handle: 0000000021480000 size: 884592 crc: 341DE4A9 date: 2009-10-14 13:30:50
 C:\Windows\system32\PSAPI.DLL handle: 0000000077AF0000 size: 9216 crc: 84B5E9BA date: 2009-07-14 01:41:53
 C:\Windows\system32\SHFolder.dll handle: 000007FEF86D0000 size: 10240 crc: 08A48DE3 date: 2009-07-14 01:41:54
 C:\Windows\system32\MMDevAPI.DLL handle: 000007FEFBF00000 size: 284160 crc: CDF2EF81 date: 2009-07-14 01:41:26
 C:\Windows\system32\PROPSYS.dll handle: 000007FEFC370000 size: 1212416 crc: 98D01BC9 date: 2009-07-14 01:41:53
 C:\Windows\system32\OLEAUT32.dll handle: 000007FEFFB60000 size: 861184 crc: C4351602 date: 2009-07-14 01:41:53
 C:\Windows\system32\wdmaud.drv handle: 000007FEFB490000 size: 217088 crc: AB6BC545 date: 2009-07-14 01:38:50
 C:\Windows\system32\ksuser.dll handle: 0000000075590000 size: 5120 crc: AA2071D9 date: 2009-07-14 01:41:13
 C:\Windows\system32\AVRT.dll handle: 000007FEFB6E0000 size: 18432 crc: 5CE53CB7 date: 2009-07-14 01:40:05
 C:\Windows\system32\SETUPAPI.dll handle: 000007FEFF8B0000 size: 1899520 crc: 91ED5D15 date: 2009-07-14 01:41:54
 C:\Windows\system32\CFGMGR32.dll handle: 000007FEFDC20000 size: 207360 crc: 369326FC date: 2009-07-14 01:40:15
 C:\Windows\system32\DEVOBJ.dll handle: 000007FEFDA90000 size: 93184 crc: A7541AE2 date: 2009-07-14 01:40:28
 C:\Windows\system32\AUDIOSES.DLL handle: 000007FEFB380000 size: 296448 crc: 07CA71DE date: 2009-07-14 01:40:04
 C:\Windows\system32\msacm32.drv handle: 000007FEFB350000 size: 25600 crc: 2B579A05 date: 2009-07-14 01:38:50
 C:\Windows\system32\MSACM32.dll handle: 000007FEFB330000 size: 83456 crc: 3D67538B date: 2009-07-14 01:41:27
 C:\Windows\system32\midimap.dll handle: 000007FEFB320000 size: 20480 crc: CB902A13 date: 2009-07-14 01:41:23
 C:\Windows\system32\CRYPTBASE.dll handle: 000007FEFD780000 size: 44032 crc: F547C16E date: 2009-07-14 01:40:24
 C:\Windows\system32\CLBCatQ.DLL handle: 000007FEFFA90000 size: 607744 crc: 939E35C9 date: 2009-07-14 01:40:15
 C:\Windows\system32\uxtheme.dll handle: 000007FEFC310000 size: 332288 crc: B0A13DF9 date: 2009-07-14 01:41:56
 I:\ZONELA~1\ZONEAL~1\MAILFR~1\mlfhook64.dll handle: 0000000024000000 size: 13584 crc: BCFC5068 date: 2009-09-10 11:41:58
 C:\Windows\system32\dwmapi.dll handle: 000007FEFBEE0000 size: 82432 crc: A459F360 date: 2009-07-14 01:40:34
 C:\Windows\system32\mswsock.dll handle: 000007FEFD0C0000 size: 320000 crc: EA387916 date: 2009-07-14 01:41:34
 C:\Windows\System32\wshtcpip.dll handle: 000007FEFCAB0000 size: 13312 crc: 5D1E2C55 date: 2009-07-14 01:41:58

---- gamelog start ----
Tick 0: game loaded
     Conversion from OTTD savegame without gamelog: version 18, 0
     Revision text changed to r15260, savegame version 111, not modified, _openttd_newgrf_version = 0x07003b9c
     New game mode: 2 landscape: 0
     Added NewGRF: GRF ID 6D620900, checksum 923A716E2E8F22D61659B94C003C7CD5
     Added NewGRF: GRF ID 45520102, checksum 1406B06F6475037445A944963CA6D5CE
     Added NewGRF: GRF ID 424B5461, checksum D8B7E0175E66D485634CFEA8CAE2ACC6
     Added NewGRF: GRF ID 45520400, checksum 1D00426064137AA49B6FC4F4BCFF173F
     Added NewGRF: GRF ID 43415463, checksum 422B1603DC1CEDA4E59E715E12EAD332
     Added NewGRF: GRF ID 52455400, checksum 1600687C50C5AB1E72EDD487CAD50E2A
     Added NewGRF: GRF ID 54570604, checksum 09E2627CACBE087959BCD2B86A07DB4E
     Added NewGRF: GRF ID 504E0002, checksum 6E6944E09CE6C3AC130DF72C542EE4B1, filename: generic_buffers.0.1\buffers.grf
     Added NewGRF: GRF ID 52570103, checksum EDB2D26F9D81423734CA12412F309CF3, filename: generic_tram_set.0.4\generictrams.grf
     Added NewGRF: GRF ID 44550002, checksum 59CADBDBCF2BE70FB6B7CFE7536C057D
     Added NewGRF: GRF ID 4A430002, checksum 0728ADCB4DF2F1EB9247ABD449296F4E, filename: industrial_stations_renewal.0.8.0\indstatrw.grf
     Added NewGRF: GRF ID 4642FB21, checksum 9D7B18558698FBD75D77844E95D0D69E
     Added NewGRF: GRF ID 44442302, checksum AFF1124BD0B36FC6B875AF4226BF96AF
     Added NewGRF: GRF ID 6D620601, checksum 44EB2F155862E4D4F0AB671D7021AF54
     Added NewGRF: GRF ID 52453C00, checksum C5B4EC240B33E2DB8D1EA64C97898B5E
     Added NewGRF: GRF ID 4D666F01, checksum 1C3723AAE56C6648B61BC211EA344835
     Added NewGRF: GRF ID 56430001, checksum AF3E0A1E6EF0B98DB966594578D1775B
     Added NewGRF: GRF ID 504E0001, checksum E7781323D2B0086E2E76342DAA036054
Tick 0: GRF config changed
     Removed NewGRF: 4D666F01
     Removed NewGRF: 56430001
Tick 0: GRF config changed
     Added NewGRF: GRF ID 6D620700, checksum 5C795B37F05FA41ABEF641B1E897DD42
     Added NewGRF: GRF ID 4D666F01, checksum 1C3723AAE56C6648B61BC211EA344835
Tick 0: GRF config changed
     Removed NewGRF: 6D620700
     Removed NewGRF: 4D666F01
Tick 0: game loaded
     Revision text changed to r15289, savegame version 111, not modified, _openttd_newgrf_version = 0x07003bb9
Tick 0: GRF config changed
     Added NewGRF: GRF ID 44440111, checksum 9B5051E70D60EF2926A249B923AFB0CA, filename: uk_renewal_set.3.04\pb_ukrs.grf
     Added NewGRF: GRF ID 554B5201, checksum 0D9C15FF1DC9AA50702780A730D9C650, filename: uk_roadset.1.1\ukroadsetw.grf
     Added NewGRF: GRF ID 554B5400, checksum 807D388BF686B56934FB3D9C26C4EB71
     Removed NewGRF: 45520102
     Removed NewGRF: 424B5461
     Removed NewGRF: 45520400
     Removed NewGRF: 43415463
     Removed NewGRF: 52455400
     Removed NewGRF: 54570604
     Removed NewGRF: 504E0002, filename: generic_buffers.0.1\buffers.grf
     Removed NewGRF: 52570103, filename: generic_tram_set.0.4\generictrams.grf
     Removed NewGRF: 44550002
     Removed NewGRF: 4A430002, filename: industrial_stations_renewal.0.8.0\indstatrw.grf
     Removed NewGRF: 4642FB21
     Removed NewGRF: 44442302
     Removed NewGRF: 6D620601
     Removed NewGRF: 52453C00
Tick 0: GRF config changed
     Removed NewGRF: 6D620900
     Removed NewGRF: 44440111, filename: uk_renewal_set.3.04\pb_ukrs.grf
     Removed NewGRF: 554B5201, filename: uk_roadset.1.1\ukroadsetw.grf
     Removed NewGRF: 554B5400
     Removed NewGRF: 504E0001
Tick 0: game loaded
     Revision text changed to r15418, savegame version 113, not modified, _openttd_newgrf_version = 0x07003c3a
Tick 0: game loaded
     Revision text changed to r15452, savegame version 113, not modified, _openttd_newgrf_version = 0x07003c5c
Tick 0: game loaded
     Revision text changed to 0.7.0-beta1, savegame version 113, not modified, _openttd_newgrf_version = 0x07003c8e
Tick 0: settings changed
     Setting changed: vehicle.road_side : 1 -> 0
Tick 0: game loaded
     Revision text changed to 0.7.0-beta1, savegame version 113, maybe modified, _openttd_newgrf_version = 0x07003c8e
Tick 0: game loaded
     Revision text changed to 0.7.0-beta2, savegame version 114, maybe modified, _openttd_newgrf_version = 0x07003d2d
Tick 0: game loaded
     Revision text changed to 0.7.1, savegame version 116, not modified, _openttd_newgrf_version = 0x0718409c
Tick 0: settings changed
     Setting changed: construction.longbridges : 1 -> 0
Tick 0: settings changed
     Setting changed: vehicle.mammoth_trains : 1 -> 0
Tick 0: game loaded
     Revision text changed to 1.0.1, savegame version 138, not modified, _openttd_newgrf_version = 0x10184d1e
     New game mode: 1 landscape: 0
---- gamelog end ----

*** End of OpenTTD Crash Report ***
