*** OpenTTD Crash Report ***

Crash at: Mon Jun 13 19:35:12 2011
In game date: 2011-09-01 (28)

Crash reason:
 Exception: C0000005
 Location:  0049A1A0
 Message:   <none>

OpenTTD version:
 Version:    1.1.1 (0)
 NewGRF ver: 11185800
 Bits:       32
 Endian:     little
 Dedicated:  no
 Build date: May 31 2011 19:54:29

Registers:
 EAX: 00000065 EBX: 00000B4C ECX: 068034D0 EDX: FFFFF04B
 ESI: 00000000 EDI: 015052B0 EBP: 0012FA88 ESP: 0012FA50
 EIP: 0049A1A0 EFLAGS: 00010246

 Bytes at instruction pointer:
 8B 86 98 00 00 00 8B 8F 98 00 00 00 3B C8 7D 04 2B C1 EB 04 2B C8 8B C1

Stack trace:
 015052B0 0000007C 00000000 00000000 015052B0 004C7883 00000B4C 00000388
 000038B4 000038B4 00000B4C 00000388 000038B4 000038B4 0012FB08 0043F6DB
 007C24D2 007C24E2 00000000 00000000 0000EFA1 000001C0 00000000 000001C0
 0000EFA1 0041DA78 00000000 00B3A3F0 00000000 0000EFF1 000000C0 000000C0
 00496A74 0000EFF1 000001C0 00000002 0012FAFC 00000003 00000011 0000EFF1
 0012FAFC 00000000 0000CF91 0012FC3C 0064EFF7 FFFFFFFF 0012FC4C 0042DA70
 007C24D2 007C24E2 00000000 00000010 00BC5733 7E370001 00B4C3A4 000004B5
 0000020C 00556556 00000000 00000000 00000013 00000500 00000302 0000035C
 0000020C 0012FB80 7E368734 003500B8 00000113 00000001 007C24D2 00556556
 DCBAABCD 00000000 0012FBBC 00556556 0012FBE8 7E369857 7FFDF000 0012FBE8
 00000000 0012FBA8 7E36986B 00000000 0012FC80 00000000 00000014 00000001
 00000000 00000000 00000010 00000000 00000001 00000000 00000000 003500B8
 0012FB9C 00000001 0012FC30 7E39048F 0012FC18 7FFDF000 0012FC40 7C802440
 0012FC04 7C802413 007C24D2 007C24D2 7E37A78F 005599A2 012276C4 0042781B
 007C24D2 007C24E2 0012FC4C 00000000 0012FFB0 0042798A 007C24D2 007C24E2
 0012FC4C 00000000 0012FFB0 0012FFB0 0064F6F8 00000000 007C24E2 00000000
 0042DC4B 00000000 005574A1 00BC6020 01362C08 0012FD14 00000000 0012FC58
 007C24E2 007C2500 00000000 00000000 003500B8 00000113 00000001 00556556
 007C24D2 0000035C 0000020C 0042CF3E 0012FD2C 0012FE30 00000001 01000029
 01362C78 01362C78 01362C78 01362C78 0132AB20 0132AB20 01362680 FFFFFFFF
 00000000 00000000 FFFFFFFF 00000000 FFFFFFFF 00000000 00000000 00000000
 0012FF30 00000000 00000000 00000000 FFFFFFFF 0012FE34 00B4BF28 00000000
 00000000 0012FF30 005594B3 00000001 0012FE30 FFFFFFFE 00000000 5C3A4322
 676F7250 206D6172 656C6946 704F5C73 54546E65 706F5C44 74746E65 78652E64

Operating system:
 Name:     Windows
 Release:  5.1.2600 (Szervizcsomag 3)
 Compiler: MSVC 1500

Configuration:
 Blitter:      8bpp-optimized
 Graphics set: original_dos (1)
 Language:     C:\Program Files\OpenTTD\lang\hungarian.lng
 Music driver: dmusic
 Music set:    Scott Joplin Anthology (2)
 Network:      no
 Sound driver: win32
 Sound set:    original_dos (0)
 Video driver: win32

AI Configuration (local: 0):
  0: Human
  1: NoCAB (v498)
  2: Denver & Rio Grande (v1)
  3: OtviAI (v396)
  4: ChooChoo (v394)
  5: trAIns (v2)
  6: AdmiralAI (v25)
  7: SimpleAI (v5)

Libraries:
 FreeType:   2.4.4
 ICU:        4.4.2
 LZMA:       5.0.0
 LZO:        2.03
 PNG:        1.4.5
 Zlib:       1.2.5

Module information:
 C:\Program Files\OpenTTD\openttd.exe handle: 00400000 size: 8077824 crc: D467B14B date: 2011-05-31 19:57:50
 C:\WINDOWS\system32\ntdll.dll handle: 7C900000 size: 724992 crc: 372B415D date: 2010-12-09 15:15:54
 C:\WINDOWS\system32\kernel32.dll handle: 7C800000 size: 1008128 crc: F8007375 date: 2009-03-21 14:09:14
 C:\WINDOWS\system32\WINMM.dll handle: 76B20000 size: 177664 crc: CDC94910 date: 2008-04-14 07:02:06
 C:\WINDOWS\system32\ADVAPI32.dll handle: 77DC0000 size: 684544 crc: 239DD74B date: 2009-02-10 17:30:22
 C:\WINDOWS\system32\RPCRT4.dll handle: 77E70000 size: 590848 crc: FCD07612 date: 2010-08-16 08:45:23
 C:\WINDOWS\system32\Secur32.dll handle: 77FE0000 size: 56832 crc: 354EE7F5 date: 2009-06-25 08:42:56
 C:\WINDOWS\system32\GDI32.dll handle: 77F10000 size: 286720 crc: 7ADBA499 date: 2008-10-23 12:42:23
 C:\WINDOWS\system32\USER32.dll handle: 7E360000 size: 578560 crc: 6A806D26 date: 2008-04-14 07:02:06
 C:\WINDOWS\system32\WS2_32.dll handle: 71A50000 size: 82432 crc: 93BE5030 date: 2008-04-14 07:02:08
 C:\WINDOWS\system32\msvcrt.dll handle: 77C00000 size: 343040 crc: 19C62F48 date: 2008-04-14 07:01:58
 C:\WINDOWS\system32\WS2HELP.dll handle: 71A40000 size: 19968 crc: E2F5FEA7 date: 2008-04-14 07:02:08
 C:\WINDOWS\system32\SHELL32.dll handle: 7C9C0000 size: 8483328 crc: 135614EB date: 2011-01-21 14:44:12
 C:\WINDOWS\system32\SHLWAPI.dll handle: 77F60000 size: 474112 crc: 9CCD5F7A date: 2009-12-08 09:25:46
 C:\WINDOWS\system32\IMM32.DLL handle: 76360000 size: 110080 crc: 148CDFF5 date: 2008-04-14 07:01:52
 C:\WINDOWS\WinSxS\x86_Microsoft.Windows.Common-Controls_6595b64144ccf1df_6.0.2600.6028_x-ww_61e65202\comctl32.dll handle: 773C0000 size: 1054208 crc: 6C2D57C0 date: 2010-08-23 16:12:51
 C:\WINDOWS\system32\comctl32.dll handle: 5D520000 size: 617472 crc: C33C5AD6 date: 2010-08-23 16:12:53
 C:\WINDOWS\system32\SHFolder.dll handle: 76760000 size: 25088 crc: 613C5773 date: 2008-04-14 07:02:00
 C:\WINDOWS\system32\wdmaud.drv handle: 72CB0000 size: 23552 crc: EC552226 date: 2008-04-14 05:02:36
 C:\WINDOWS\system32\WINTRUST.dll handle: 76C20000 size: 177664 crc: BF92A1D1 date: 2009-12-24 07:05:11
 C:\WINDOWS\system32\CRYPT32.dll handle: 77A70000 size: 602624 crc: 8E810098 date: 2008-04-14 07:01:50
 C:\WINDOWS\system32\MSASN1.dll handle: 77B10000 size: 58880 crc: B9C14C16 date: 2009-09-04 21:05:39
 C:\WINDOWS\system32\IMAGEHLP.dll handle: 76C80000 size: 144384 crc: FD8F7EC9 date: 2008-04-14 07:01:52
 C:\WINDOWS\system32\msacm32.drv handle: 72CA0000 size: 20480 crc: 4789F187 date: 2008-04-15 12:00:00
 C:\WINDOWS\system32\MSACM32.dll handle: 77BD0000 size: 71680 crc: 67A7F1DA date: 2008-04-14 07:01:54
 C:\WINDOWS\system32\midimap.dll handle: 77BC0000 size: 18944 crc: 53CBA365 date: 2008-04-14 07:01:54
 C:\WINDOWS\system32\MSCTF.dll handle: 746D0000 size: 297984 crc: 917B1B03 date: 2008-04-14 07:01:54
 C:\WINDOWS\system32\msctfime.ime handle: 75180000 size: 177152 crc: 0C612EB1 date: 2009-02-27 04:58:02
 C:\WINDOWS\system32\ole32.dll handle: 774D0000 size: 1287680 crc: 25540870 date: 2010-07-16 12:01:14
 C:\WINDOWS\system32\CLBCATQ.DLL handle: 76FC0000 size: 498688 crc: 145BADEB date: 2008-04-14 07:01:50
 C:\WINDOWS\system32\COMRes.dll handle: 77040000 size: 816640 crc: FBD03867 date: 2008-04-14 07:01:50
 C:\WINDOWS\system32\OLEAUT32.dll handle: 77110000 size: 551936 crc: EEAE5FDC date: 2008-04-14 07:02:00
 C:\WINDOWS\system32\VERSION.dll handle: 77BF0000 size: 18944 crc: 054B9D13 date: 2008-04-14 07:02:06
 C:\WINDOWS\system32\dmime.dll handle: 59A80000 size: 181248 crc: 011BEF76 date: 2008-04-14 07:01:50
 C:\WINDOWS\system32\DSOUND.dll handle: 73EA0000 size: 367616 crc: EB93E293 date: 2008-04-14 07:01:52
 C:\WINDOWS\system32\dmusic.dll handle: 6CEC0000 size: 104448 crc: CFA51DF9 date: 2008-04-14 07:01:50
 C:\WINDOWS\system32\KsUser.dll handle: 73E70000 size: 4096 crc: 6216A303 date: 2008-04-14 05:01:54
 C:\WINDOWS\system32\dmsynth.dll handle: 6CEE0000 size: 103424 crc: DA20F4DE date: 2008-04-14 07:01:50
 C:\WINDOWS\system32\dmloader.dll handle: 6CF50000 size: 35840 crc: FB8D932B date: 2008-04-14 07:01:50
 C:\WINDOWS\system32\mswsock.dll handle: 719F0000 size: 246784 crc: 092DC0E1 date: 2008-10-15 07:12:47
 C:\WINDOWS\system32\hnetcfg.dll handle: 66780000 size: 346624 crc: A126A5D0 date: 2008-04-14 07:01:52
 C:\WINDOWS\System32\wshtcpip.dll handle: 71A30000 size: 19456 crc: 9DC1DF6D date: 2008-04-14 07:02:08
 C:\WINDOWS\system32\psapi.dll handle: 76BE0000 size: 23040 crc: 76A89FF8 date: 2008-04-14 07:02:00

---- gamelog start ----
Tick 0: new game started
     Revision text changed to 1.0.4, savegame version 138, not modified, _openttd_newgrf_version = 0x10485145
     New game mode: 1 landscape: 1
Tick 28302: game loaded
     Revision text changed to 1.1.1, savegame version 160, not modified, _openttd_newgrf_version = 0x11185800
---- gamelog end ----

*** End of OpenTTD Crash Report ***

Decoded stack trace:
[00] ???                  0x0049A1A0
[01] ???                  0x0043F6DB
[02] ???                  0x0042DA70
[03] ???                  0x0042DC4B

*** End of additional info ***
