*** OpenTTD Crash Report ***
Date: 2009-06-12 10:58:27
Build: 0.7.1 (0) built on Jun  8 2009 23:24:11
Language: english.lng
Exception C00000FD at 005825F7
Registers:
 EAX: 00032000 EBX: FFFFFFF8 ECX: 00000000 EDX: 00D00BD0
 ESI: 0012FAA0 EDI: 00000000 EBP: 0012FA78 ESP: 0012FA50
 EIP: 005825F7 EFLAGS: 00010206

Bytes at CS:EIP:
 85 00 EB E9 6A 0C 68 08 DE 63 00 E8 55 13 00 00 33 DB 89 5D E4 33 C0 8B

Stack trace: 
 00000000 004F2AEF 00000000 00168B80 027C1E78 FFFFFFFF 00000001 00000200
 0064A170 0012FACC 0012FACC 0043047E 0012FAA0 00430206 00168B80 00000000
 00001BEC 00000000 00000011 0012FAAC 00000000 00000000 0000003E 00000000
 00000000 00000000 00000000 00430206 0012FFB0 0059AE22 00000001 0012FAEC
 0043098E 006210A0 00001BEC 00000000 00001BEC 00FFFFFF 004FF480 0012FB0C
 0041856E 0000001D 00000017 00000001 0000001D 00000316 00000000 0012FB38
 0049CBA9 0000001D 00000017 00000000 0000001D 0000003E 00000011 00000080
 00000017 0012FB6C 0012FB6C 0044540B 0000003E 00000316 026AAF82 026AAF18
 0000FFFF 00000000 00000004 0000003B 0000009C 0000000E 00000001 0012FBB8
 00443492 00000000 026AAF8C 00000000 00000002 0000003E 000000D5 00000000
 026AAF18 0012FBF0 00000221 0000FFFF 0005F420 00000000 00000000 00000002
 026AAF8C 018F0000 0012FBD0 004402C6 00000280 026AAF18 000003C0 000001C0
 0012FC10 00418DF2 0000005F 000003C0 00000280 000006C0 0000001B 000001C0
 01917130 FFFFFFCA 00000000 00000200 00000221 00000690 00000000 01AA9A63
 0012FC48 00418F58 000001C0 0000005F 00001800 00000000 0000FFFF 00000420
 000006C0 0000001B 00000280 000001C0 00000058 00D250D0 0012FC64 00441D86
 7E42A78F 01AA9A63 01AA9A53 0012FC60 77F15987 00000000 0051A3F8 00676CB8
 00D085D0 0012FD14 00000000 0012FC68 01AA9A63 01AA9A81 00000000 00000000
 00000000 0000C1A6 0000000F 00000000 01A8ED7E 00000348 0000020D 004292E6
 0012FD2C 00000001 00000001 01000001 00D085C0 00000000 00000000 00000000
 00000000 FFFFFFFF FFFFFFFF 00000000 00000000 00000000 FFFFFFFF 00000000
 0012FF30 00000000 00000000 00000000 FFFFFFFF 0012FE34 0061E430 00000000
 0000B350 0012FF30 0043F7CC 00000001 0012FE30 FFFFFFFE 00000000 5C3A4322
 676F7250 666D6172 72656C69 65704F5C 4454546E 65706F5C 6474746E 6578652E

Module information:
 C:\Programfiler\OpenTTD\openttd.exe handle: 00400000 size: 2518016 crc: 9395D1B2 date: 2009-06-08 23:27:08
 C:\WINDOWS\system32\ntdll.dll handle: 7C900000 size: 710656 crc: 3794F3B0 date: 2009-02-09 10:56:06
 C:\WINDOWS\system32\kernel32.dll handle: 7C800000 size: 990720 crc: FBD0A9EC date: 2009-03-21 14:09:58
 C:\WINDOWS\system32\WINMM.dll handle: 76B30000 size: 175104 crc: 7BEDE23C date: 2008-04-14 16:22:32
 C:\WINDOWS\system32\ADVAPI32.dll handle: 77DC0000 size: 680448 crc: 103E350D date: 2009-02-09 10:56:06
 C:\WINDOWS\system32\RPCRT4.dll handle: 77E70000 size: 585216 crc: DCDA8CDA date: 2009-04-15 14:55:07
 C:\WINDOWS\system32\Secur32.dll handle: 77FE0000 size: 56832 crc: A2FB729B date: 2009-02-03 19:59:26
 C:\WINDOWS\system32\GDI32.dll handle: 77F10000 size: 286720 crc: BDD87B48 date: 2008-10-23 12:43:42
 C:\WINDOWS\system32\USER32.dll handle: 7E410000 size: 578560 crc: 1718C5B9 date: 2008-04-14 16:22:30
 C:\WINDOWS\system32\WS2_32.dll handle: 71AA0000 size: 82432 crc: 143EDF88 date: 2008-04-14 16:22:32
 C:\WINDOWS\system32\msvcrt.dll handle: 77C00000 size: 343040 crc: D029EA11 date: 2008-04-14 16:22:13
 C:\WINDOWS\system32\WS2HELP.dll handle: 71A90000 size: 19968 crc: F4C43B5D date: 2008-04-14 16:22:32
 C:\WINDOWS\system32\SHELL32.dll handle: 7C9C0000 size: 8467456 crc: 7B02376B date: 2008-06-17 19:03:19
 C:\WINDOWS\system32\SHLWAPI.dll handle: 77F60000 size: 474112 crc: 0BED9332 date: 2008-04-14 16:22:21
 C:\WINDOWS\system32\IMM32.DLL handle: 76370000 size: 110080 crc: 71249ABB date: 2008-04-14 16:22:03
 C:\WINDOWS\WinSxS\x86_Microsoft.Windows.Common-Controls_6595b64144ccf1df_6.0.2600.5512_x-ww_35d4ce83\comctl32.dll handle: 773C0000 size: 1054208 crc: 57A0F7A2 date: 2008-04-14 16:19:05
 C:\WINDOWS\system32\comctl32.dll handle: 5D5D0000 size: 617472 crc: 870B149F date: 2008-04-14 16:21:55
 C:\WINDOWS\system32\SHFolder.dll handle: 76770000 size: 25088 crc: 6DD9C0E2 date: 2008-04-14 16:22:21
 C:\WINDOWS\system32\wdmaud.drv handle: 72CF0000 size: 23552 crc: 5BA618B8 date: 2008-04-14 16:23:22
 C:\WINDOWS\system32\WINTRUST.dll handle: 76C20000 size: 176640 crc: D0E05E62 date: 2008-04-14 16:22:32
 C:\WINDOWS\system32\CRYPT32.dll handle: 77A70000 size: 600064 crc: E0AB16D2 date: 2008-04-14 16:21:56
 C:\WINDOWS\system32\MSASN1.dll handle: 77B10000 size: 57344 crc: 95DC280E date: 2008-04-14 16:22:10
 C:\WINDOWS\system32\IMAGEHLP.dll handle: 76C80000 size: 144384 crc: D2FDB25D date: 2008-04-14 16:22:02
 C:\WINDOWS\system32\msacm32.drv handle: 72CE0000 size: 20480 crc: 52BC6A6F date: 2006-03-02 01:00:00
 C:\WINDOWS\system32\MSACM32.dll handle: 77BD0000 size: 71680 crc: 34E73AB4 date: 2008-04-14 16:22:09
 C:\WINDOWS\system32\midimap.dll handle: 77BC0000 size: 18944 crc: 1660BD48 date: 2008-04-14 16:22:06
 C:\WINDOWS\system32\ole32.dll handle: 774D0000 size: 1287168 crc: C77BBDA6 date: 2008-04-14 16:22:17
 C:\WINDOWS\system32\uxtheme.dll handle: 5B290000 size: 218624 crc: C168CF0D date: 2008-04-14 16:22:30
 C:\WINDOWS\system32\MSCTF.dll handle: 746F0000 size: 297984 crc: B188498A date: 2008-04-14 16:22:10
 C:\Program Files\Real\RealPlayer\rpchromebrowserrecordhelper.dll handle: 60000000 size: 8704 crc: 3F97BDCE date: 2009-03-12 08:24:45
 C:\WINDOWS\system32\MSVCR71.dll handle: 7C340000 size: 348160 crc: 35563170 date: 2009-03-12 08:24:38
 C:\Programfiler\McAfee\SiteAdvisor\saHook.dll handle: 10000000 size: 14032 crc: 51CE4A8C date: 2008-12-05 14:51:10
 C:\Programfiler\Logitech\SetPoint\lgscroll.dll handle: 10100000 size: 45584 crc: 25EEBFEB date: 2008-05-02 01:42:50
 C:\WINDOWS\WinSxS\x86_Microsoft.VC80.CRT_1fc8b3b9a1e18e3b_8.0.50727.3053_x-ww_b80fa8ca\MSVCR80.dll handle: 78130000 size: 635904 crc: 4126B94A date: 2008-07-25 10:17:20
 C:\WINDOWS\system32\NTMARTA.DLL handle: 77680000 size: 118784 crc: 2ED22F2E date: 2008-04-14 16:22:15
 C:\WINDOWS\system32\SAMLIB.dll handle: 71BE0000 size: 64000 crc: E4F9B9C2 date: 2008-04-14 16:22:19
 C:\WINDOWS\system32\WLDAP32.dll handle: 76F50000 size: 172544 crc: 4601FFC6 date: 2008-04-14 16:22:32
 C:\WINDOWS\system32\CLBCATQ.DLL handle: 76FC0000 size: 498688 crc: 7B1966FF date: 2008-04-14 16:21:55
 C:\WINDOWS\system32\COMRes.dll handle: 77040000 size: 798208 crc: F110494A date: 2008-04-14 16:21:55
 C:\WINDOWS\system32\OLEAUT32.dll handle: 77110000 size: 551936 crc: E928ACA1 date: 2008-04-14 16:22:17
 C:\WINDOWS\system32\VERSION.dll handle: 77BF0000 size: 18944 crc: 04EE54BC date: 2008-04-14 16:22:30
 C:\WINDOWS\system32\dmime.dll handle: 60D90000 size: 181248 crc: 5381C55E date: 2008-04-14 16:21:58
 C:\WINDOWS\system32\DSOUND.dll handle: 73EE0000 size: 367616 crc: 79D28148 date: 2008-04-14 16:21:58
 C:\WINDOWS\system32\dmusic.dll handle: 6CF20000 size: 104448 crc: B1A2C6BC date: 2008-04-14 16:21:58
 C:\WINDOWS\system32\KsUser.dll handle: 73EB0000 size: 4096 crc: AE362D46 date: 2008-04-14 17:22:06
 C:\WINDOWS\system32\dmsynth.dll handle: 6CF40000 size: 103424 crc: 6533BCCB date: 2008-04-14 16:21:58
 C:\WINDOWS\system32\dmloader.dll handle: 6CFB0000 size: 35840 crc: 068B572D date: 2008-04-14 16:21:58
 C:\WINDOWS\system32\msctfime.ime handle: 75320000 size: 177152 crc: 9FFB4C2C date: 2009-02-27 04:58:24
 C:\WINDOWS\system32\mswsock.dll handle: 71A40000 size: 246784 crc: A67BF78A date: 2008-06-20 17:49:37
 C:\WINDOWS\system32\hnetcfg.dll handle: 698D0000 size: 345088 crc: 7D6C7F3C date: 2008-04-14 16:22:02
 C:\WINDOWS\System32\wshtcpip.dll handle: 71A80000 size: 19456 crc: 087F87B5 date: 2008-04-14 16:22:33
 C:\WINDOWS\system32\psapi.dll handle: 76BE0000 size: 23040 crc: 344E9591 date: 2008-04-14 16:22:18

System information:
 Windows version 5.1 2600 Service Pack 3

---- gamelog start ----
Tick 0: new game started
     Revision text changed to 0.7.1, savegame version 116, not modified, _openttd_newgrf_version = 0x0718409c
     New game mode: 2 landscape: 1
     Added NewGRF: GRF ID 44440302, checksum 5B04A3DF1C735277047EF05067E06F1E, filename: north_american_renewal_set.2.02\nars2w.grf
Tick 0: game loaded
     New game mode: 1 landscape: 1
---- gamelog end ----
