*** OpenTTD Crash Report ***

Crash at: Tue Aug 06 13:47:44 2013
In game date: 1915-09-09 (61)

Crash reason:
 Exception: E1212012
 Location:  7C812FD3
 Message:   Assertion failed at line 421 of ..\src\train_cmd.cpp: this->IsFrontEngine()

OpenTTD version:
 Version:    r25650 (0)
 NewGRF ver: 14006432
 Bits:       32
 Endian:     little
 Dedicated:  no
 Build date: Aug  5 2013 18:08:54

Registers:
 EAX: 0013F21C EBX: 00000016 ECX: 00000000 EDX: 00F7D320
 ESI: 00000000 EDI: 00000000 EBP: 0013F26C ESP: 0013F218
 EIP: 7C812FD3 EFLAGS: 00200246

 Bytes at instruction pointer:
 5E C9 C2 10 00 85 FF 0F 8E 5E 8E FF FF 8B 55 FC 89 55 0C 0F B7 16 8B 7D

Stack trace:
 00F7CBF8 E1212012 00000000 00000000 7C812FD3 00000000 00000028 00030092
 00000000 00FE4558 00F31ED0 00000010 00000000 00000000 00000000 00000000
 00000000 7C90D80A 7C9132F0 FFFFFFFF 00000024 0013F2CC 005F6313 E1212012
 00000000 00000000 00000000 006A61D7 00000016 C9A11D70 0CC56518 0CC56518
 0CC56518 0013F2B8 7E466579 00000000 7C90D80A 005F6303 00000001 0013F28C
 0013EE34 0013F7B4 006AC770 C9466C04 FFFFFFFE 0013F4DC 006A5795 00000016
 0043FC26 65737341 6F697472 6166206E 64656C69 20746120 656E696C 31323420
 20666F20 735C2E2E 745C6372 6E696172 646D635F 7070632E 6874203A 3E2D7369
 72467349 45746E6F 6E69676E 00292865 00000001 0013F470 0000077B 0013F3C6
 005BA5F2 00000001 0000001C 0CF8FED0 0CF8FEA0 0013F460 00000004 0013F394
 005C1B9A 0113F420 00000000 0013F420 00000001 0013F480 00000004 0013F325
 005C1B9A 00000001 0000001C 0CF8FF40 0CF8FF10 0013F460 00104444 0013F3D4
 005C1B7E 0113F420 00000036 0013F420 00000001 0013F480 00104444 0013F37F
 005C1B7E 00000001 0000001C 0CF8FFB0 0CF8FF80 0013F450 00000000 0013F414
 005C1B7E 0113F420 0CC56518 0CC56518 0CC56518 0CC56518 0CC56500 0000000C
 0013F490 00000001 0000001C 0CF90020 0CF8FFF0 0013F450 00000036 0013F490
 005BAA31 005BAA43 00F2E4D8 00F2EF1C 0013F420 00000036 0000000B 00000000
 005BAA00 00000001 00000000 00000000 00000000 0B11B528 00F2E4BC 0013F420
 0CC56518 00000004 00F2E4BC 0013F420 0CC56518 0B000004 00F2E4BC 0013F420
 0CC56518 00000004 005BA900 0013F7B4 0070734A 00000000 0013F4CC 005BAAC2
 00000036 0000000B 00424A8B 0000000B 00000000 00000014 00000000 0CC56518
 000000A0 00000000 00000000 00000001 00000000 0013F4E0 00424E7E 0CC56518
 00000021 0013F530 0051CEB2 00EC16A8 000001A5 00F14B40 00F13F5C 0052F018
 00000000 0CC56518 00000000 0CC56518 00000000 00000000 0013F558 0013F500

Operating system:
 Name:     Windows
 Release:  5.1.2600 (Service Pack 3)
 Compiler: MSVC 1600

Configuration:
 Blitter:      8bpp-optimized
 Graphics set: OpenGFX (1021)
 Language:     C:\Program Files\OpenTTD\lang\english.lng
 Music driver: dmusic
 Music set:    NoMusic (0)
 Network:      no
 Sound driver: win32
 Sound set:    OpenSFX (87)
 Video driver: win32

AI Configuration (local: 0):
  0: Human
  1: TREE (v1)

Libraries:
 FreeType:   2.4.11
 ICU:        51.2
 LZMA:       5.0.4
 LZO:        2.06
 PNG:        1.5.14
 Zlib:       1.2.7

Module information:
 C:\Program Files\OpenTTD\openttd.exe handle: 00400000 size: 12080640 crc: FCDAF125 date: 2013-08-05 18:13:23
 C:\WINDOWS\system32\ntdll.dll handle: 7C900000 size: 718336 crc: EA097CED date: 2010-12-09 15:15:09
 C:\WINDOWS\system32\kernel32.dll handle: 7C800000 size: 990208 crc: 266D452A date: 2012-10-03 04:58:13
 C:\WINDOWS\system32\WINMM.dll handle: 76B40000 size: 176128 crc: 2D7A3E5F date: 2011-10-14 14:47:29
 C:\WINDOWS\system32\ADVAPI32.dll handle: 77DD0000 size: 617472 crc: C9027432 date: 2009-02-09 12:10:48
 C:\WINDOWS\system32\RPCRT4.dll handle: 77E70000 size: 590848 crc: E9ECB923 date: 2010-08-16 08:45:00
 C:\WINDOWS\system32\Secur32.dll handle: 77FE0000 size: 56832 crc: 3D0002B7 date: 2009-06-25 08:25:26
 C:\WINDOWS\system32\GDI32.dll handle: 77F10000 size: 286720 crc: B5F6B116 date: 2008-10-23 12:36:14
 C:\WINDOWS\system32\USER32.dll handle: 7E410000 size: 578560 crc: F7C72264 date: 2008-04-14 00:12:08
 C:\WINDOWS\system32\WS2_32.dll handle: 71AB0000 size: 82432 crc: 7C519ECA date: 2008-04-14 00:12:10
 C:\WINDOWS\system32\msvcrt.dll handle: 77C10000 size: 343040 crc: 0B7B1677 date: 2008-04-14 00:12:01
 C:\WINDOWS\system32\WS2HELP.dll handle: 71AA0000 size: 19968 crc: 3F24E096 date: 2008-04-14 00:12:10
 C:\WINDOWS\system32\SHELL32.dll handle: 7C9C0000 size: 8462848 crc: A0FD6B4F date: 2012-06-08 14:26:20
 C:\WINDOWS\system32\SHLWAPI.dll handle: 77F60000 size: 474112 crc: BDFA6F45 date: 2009-12-08 09:23:28
 C:\WINDOWS\system32\IMM32.DLL handle: 76390000 size: 110080 crc: C1486DA0 date: 2008-04-14 00:11:54
 C:\Program Files\Prio\prio.dll handle: 10000000 size: 15216 crc: 23840AC8 date: 2012-11-08 19:29:36
 C:\WINDOWS\WinSxS\x86_Microsoft.Windows.Common-Controls_6595b64144ccf1df_6.0.2600.6028_x-ww_61e65202\comctl32.dll handle: 773D0000 size: 1054208 crc: 350BBD1B date: 2010-08-23 16:12:02
 C:\WINDOWS\system32\comctl32.dll handle: 5D090000 size: 617472 crc: B00C920E date: 2010-08-23 16:12:04
 C:\WINDOWS\system32\uxtheme.dll handle: 5AD70000 size: 218624 crc: A4A915A5 date: 2008-04-14 00:12:08
 C:\WINDOWS\system32\MSCTF.dll handle: 74720000 size: 297984 crc: 392BE0B0 date: 2008-04-14 00:11:58
 C:\WINDOWS\system32\apphelp.dll handle: 77B40000 size: 125952 crc: 30CDC203 date: 2008-04-14 00:11:49
 C:\WINDOWS\system32\msctfime.ime handle: 755C0000 size: 177152 crc: 8C1D2F99 date: 2009-02-27 04:56:38
 C:\WINDOWS\system32\ole32.dll handle: 774E0000 size: 1288704 crc: E6DBC40A date: 2011-11-01 16:07:10
 C:\WINDOWS\system32\mswsock.dll handle: 71A50000 size: 245248 crc: 8244D3EE date: 2008-06-20 16:02:47
 C:\WINDOWS\system32\hnetcfg.dll handle: 662B0000 size: 344064 crc: 96358152 date: 2008-04-14 00:11:54
 C:\WINDOWS\System32\wshtcpip.dll handle: 71A90000 size: 19456 crc: F5533E87 date: 2008-04-14 00:12:10
 C:\WINDOWS\system32\WINTRUST.dll handle: 76C30000 size: 178176 crc: 58F73649 date: 2012-08-24 13:52:39
 C:\WINDOWS\system32\CRYPT32.dll handle: 77A80000 size: 601600 crc: 8AE4C844 date: 2012-06-01 16:49:09
 C:\WINDOWS\system32\MSASN1.dll handle: 77B20000 size: 58880 crc: 63D6A79F date: 2009-09-04 21:03:36
 C:\WINDOWS\system32\IMAGEHLP.dll handle: 76C90000 size: 148480 crc: ACE30C7D date: 2012-02-29 14:08:49
 C:\WINDOWS\system32\wdmaud.drv handle: 72D20000 size: 23552 crc: EEB914CA date: 2008-04-14 00:12:46
 C:\WINDOWS\system32\msacm32.drv handle: 72D10000 size: 20480 crc: D5406BAE date: 2002-08-29 12:00:00
 C:\WINDOWS\system32\MSACM32.dll handle: 77BE0000 size: 71680 crc: EDE4B266 date: 2008-04-14 00:11:58
 C:\WINDOWS\system32\midimap.dll handle: 77BD0000 size: 18944 crc: 2E6D5FD1 date: 2008-04-14 00:11:57
 C:\WINDOWS\system32\CLBCATQ.DLL handle: 76FD0000 size: 498688 crc: F43789FF date: 2008-04-14 00:11:50
 C:\WINDOWS\system32\COMRes.dll handle: 77050000 size: 792064 crc: 868482D5 date: 2008-04-14 00:11:51
 C:\WINDOWS\system32\OLEAUT32.dll handle: 77120000 size: 552448 crc: 5FB56A21 date: 2013-01-26 03:55:44
 C:\WINDOWS\system32\VERSION.dll handle: 77C00000 size: 18944 crc: 558B1DAF date: 2008-04-14 00:12:08
 C:\WINDOWS\system32\dmime.dll handle: 5C570000 size: 181248 crc: A021AC64 date: 2008-04-14 00:11:52
 C:\WINDOWS\system32\DSOUND.dll handle: 73F10000 size: 367616 crc: 33C2A52C date: 2008-04-14 00:11:52
 C:\WINDOWS\system32\dmusic.dll handle: 6C980000 size: 104448 crc: E9A2B682 date: 2008-04-14 00:11:52
 C:\WINDOWS\system32\KsUser.dll handle: 73EE0000 size: 4096 crc: BD8E6BD9 date: 2008-04-14 01:11:56
 C:\WINDOWS\system32\dmsynth.dll handle: 6C9A0000 size: 103424 crc: 3E2BFB05 date: 2008-04-14 00:11:52
 C:\WINDOWS\system32\dmloader.dll handle: 6CA10000 size: 35840 crc: 9271DC2B date: 2008-04-14 00:11:52
 C:\WINDOWS\system32\psapi.dll handle: 76BF0000 size: 23040 crc: 75BBDCAD date: 2008-04-14 00:12:03

---- gamelog start ----
Tick 0: new game started
     Revision text changed to r25389, savegame version 183, not modified, _openttd_newgrf_version = 0x1400632d
     New game mode: 1 landscape: 0
     Added NewGRF: GRF ID 4A44FAB1, checksum 1EC99A40D2E18175B7D1EBFAC72080F8, filename: newcc_set-0.1\newcc.grf (md5sum matches)
     Added NewGRF: GRF ID 686D6301, checksum ECFF8464F08FD6772E7A133C46FA43F2, filename: more_british_town_names-1.0\morebritishtownnames_1.grf (md5sum matches)
     Added NewGRF: GRF ID 4F472B34, checksum 4D0A47280C2396F4ED898276A757C209, filename: opengfx_landscape-0.2.3\ogfx-landscape.grf (md5sum matches)
     Added NewGRF: GRF ID F1250005, checksum 3594193D876A2B34F16D183A907AEBDD, filename: firs_industry_replacement_set-1.2.0\firs.grf (md5sum matches)
     Added NewGRF: GRF ID 4D4D9910, checksum 3CD3F4D0D98DDC0DB08E9AD74B88A9E2, filename: the_lighthouse_set-1.2\the_lighthouse_set_v1.2.grf (md5sum matches)
     Added NewGRF: GRF ID 44442303, checksum 90300B85C4DE1DD192691827B054522D, filename: uk_railway_set_tracks-2.0\pb_trax.grf (md5sum matches)
     Added NewGRF: GRF ID FBFB0A01, checksum F72870562FBD9CC015A0CCDC60588F86, filename: useless_tracks-0.1.0\uselesstracks.grf (md5sum matches)
     Added NewGRF: GRF ID 524B0301, checksum BB7BBE4FF23B349D17ED0A682503680C, filename: Climate\tramtrkw.grf (md5sum matches)
     Added NewGRF: GRF ID 19060801, checksum 6CFC6328D999C140851BFE6514BA277A, filename: Infastructure\bigdepot.grf (md5sum matches)
     Added NewGRF: GRF ID FBFB0301, checksum D961A46B2CC37A04CD4FCBEDD2311A53, filename: foobars_tram_tracks-1.0.1\foobarstramtracks.grf (md5sum matches)
     Added NewGRF: GRF ID 4D656F6E, checksum 6A1FD7EADF9CBB9A0704FAA644B77AE6, filename: Climate\treesw.grf (md5sum matches)
     Added NewGRF: GRF ID 53410100, checksum 8A164DE1903BA2A944BAB805A30A4C8F, filename: Climate\infra_foundations.grf (md5sum matches)
     Added NewGRF: GRF ID 504A0107, checksum 29830A0BDE9BBE9578C44C4D22D76B7C, filename: beach_objects-1.0\beach_v1_0.grf (md5sum matches)
     Added NewGRF: GRF ID BEBE0004, checksum 18B41A49349176DDE6784A16F9E0A4CB, filename: Climate\EmptyGRF.grf (md5sum matches)
     Added NewGRF: GRF ID 74677462, checksum 1D2A4E03D9F30922788C166254C27619, filename: total_bridge_renewal_set-1.2\total_bridges.grf (md5sum matches)
     Added NewGRF: GRF ID 554B524C, checksum 934F973D33A42EB858B80031F904F057, filename: Infastructure\UKRoadswSigns.grf (md5sum matches)
     Added NewGRF: GRF ID 44442411, checksum E6A38D0DC67DE54DD2928447BB72F924, filename: tai_uk_houses-gamma1\tai_uk.grf (md5sum matches)
     Added NewGRF: GRF ID 504A4348, checksum 992CA1748EB3A25F349B529DD5BB0481, filename: Infastructure\highhqw.grf (md5sum matches)
     Added NewGRF: GRF ID 504A0013, checksum E2FB4F9E66207F8016B7303323FDD00C, filename: isrdwestyle_objects-1.0\isrdwe_objects_v1_0.grf (md5sum matches)
     Added NewGRF: GRF ID 6D620C00, checksum C5987ACC9C19F4720085C6456EE915D8, filename: Infastructure\maricow.grf (md5sum matches)
     Added NewGRF: GRF ID 53430101, checksum CF293FF57A05F8190CEC974468CDA78A, filename: Climate\sacsobjects1w.grf (md5sum matches)
     Added NewGRF: GRF ID 444E0C00, checksum B5D2AB5FC93A09E1FAB5F0DB82307ECF, filename: vast_fences-0.2.0\vastfences.grf (md5sum matches)
     Added NewGRF: GRF ID 444E0800, checksum B0DB930C8D8987D6FB4CAC6CA15589D1, filename: Infastructure\VASTobjects.grf (md5sum matches)
     Added NewGRF: GRF ID 52571203, checksum DEE3FEBD0D9F5F45191C05620F581655, filename: egrvts2-175\egrvts2.grf (md5sum matches)
     Added NewGRF: GRF ID 52571208, checksum DC83DAB2933FACCB91678D4F75ABCCC6, filename: generic_cars-0.4\cars.grf (md5sum matches)
     Added NewGRF: GRF ID 41501202, checksum 7FD3A30F749BFA5D5E1DF61326AD9B08, filename: heqs_heavy_equipment_set-1.5.1\heqs.grf (md5sum matches)
     Added NewGRF: GRF ID 44440401, checksum C860AE279528E08E10360CB4BE507EBE, filename: RoadVeh\pb_hovs.grf (md5sum matches)
     Added NewGRF: GRF ID 4E474C56, checksum B780A10427B64320EE8529AD9711868E, filename: light_road_vehicle_set-0.2beta2\lrvs-0.2.grf (md5sum matches)
     Added NewGRF: GRF ID 4F472B32, checksum 3FD44FD23CAC8D29AA314BF6A304B684, filename: opengfx_road_vehicles-0.4.0\ogfx-rv.grf (md5sum matches)
     Added NewGRF: GRF ID 4D420000, checksum BCB0AC917F3DA91A3197C6A07D06BCE8, filename: bobs_random_vehicles_-0.9\brbvw.grf (md5sum matches)
     Added NewGRF: GRF ID 4D420100, checksum 1A5D28D0719FCDB928F59AEFDBE07B7C, filename: bobs_british_buses-0.2.1\bbbw.grf (md5sum matches)
     Added NewGRF: GRF ID 4D42000A, checksum BC3A0E791C74C1A04A3B90C3B2FA83A6, filename: bats-0.4\batsv0.4w.grf (md5sum matches)
     Added NewGRF: GRF ID 52570103, checksum EDB2D26F9D81423734CA12412F309CF3, filename: RoadVeh\generictrams_v0.4.grf (md5sum matches)
     Added NewGRF: GRF ID 4642FB21, checksum 117F6F1F07C18A9C15ADC6127AFBAE97, filename: modern_tram_set-3.1\motraset_r3.1.grf (md5sum matches)
     Added NewGRF: GRF ID 414E0201, checksum 6CF27A4B4C8049491E421BAFAE1F311D, filename: Ships\fish.grf (md5sum matches)
     Added NewGRF: GRF ID 6D620004, checksum 70649F1AFC954942173B0AA89C1E8B14, filename: newships-1.0\newshipsw.grf (md5sum matches)
     Added NewGRF: GRF ID 4A4D0101, checksum AFE4E75999A3FF92D4B01DBEE9A803E9, filename: sailing_ships-0.62\ss.grf (md5sum matches)
     Added NewGRF: GRF ID 43415463, checksum E440EA20845B08426829845AA70DC0B6, filename: Stations\CanStn.grf (md5sum matches)
     Added NewGRF: GRF ID 4A430002, checksum 2A214CB9C68182C4C3B9206A28FC4185, filename: industrial_stations_renewal-0.8.2\indstatr.grf (md5sum matches)
     Added NewGRF: GRF ID 44573452, checksum 48CF5FC0DEB895136F337A7E563FC66D, filename: dwestationtiles_industrial_ter-v0.7\dwe_stat_r.grf (md5sum matches)
     Added NewGRF: GRF ID 6D620601, checksum 1214DD7F5FD214AAF7E4A83A3C8226A9, filename: Stations\newstatsw.grf (md5sum matches)
     Added NewGRF: GRF ID 4A430001, checksum 4CF50E2A770F6672A77A8842A3129ECA, filename: british_stations_set-0.0.4final\dstatsw.grf (md5sum matches)
     Added NewGRF: GRF ID 4D480201, checksum 9E914C31E5FC7FC3F686D009BD55F331, filename: alexandra_palace-1.0.0\alexandrapalace.grf (md5sum matches)
     Added NewGRF: GRF ID 444E0400, checksum 735D3D74D5DCADBF1FD6EF7A9C5A3519, filename: vast_station_tiles-0.2.0\vast.grf (md5sum matches)
     Added NewGRF: GRF ID 43485053, checksum 535695C4556EF397FB800F3D10E66965, filename: chips_station_set-1.2.1\chips.grf (md5sum matches)
     Added NewGRF: GRF ID 504A0103, checksum F4056FECA93218E2B1FC015B0C7844A2, filename: isrstyle_dock-1.3\isrdock_v1_3.grf (md5sum matches)
     Added NewGRF: GRF ID 52455200, checksum 0E5A9C5ACD2BCAF7FA0658C3F905A660, filename: Stations\ae_ruraw.GRF (md5sum matches)
     Added NewGRF: GRF ID 52455300, checksum 37C0B839B13C4B18051580C81EEDF427, filename: Stations\ae_subuw.GRF (md5sum matches)
     Added NewGRF: GRF ID 45520100, checksum 790525F9E9045CE49AD2776459C07436, filename: Stations\pgs2w.GRF (md5sum matches)
     Added NewGRF: GRF ID 504E0001, checksum E7781323D2B0086E2E76342DAA036054, filename: Stations\ukwaypointsw.grf (md5sum matches)
     Added NewGRF: GRF ID 44441000, checksum DA36131A815D2D5FC158C7A27D67B5AF, filename: ukrs2__the_uk_railway_set-1.05\proj1000.grf (md5sum matches)
     Added NewGRF: GRF ID 44441001, checksum 83915879F68DD174C953868C0629A4C9, filename: ukrs2_uk_railway_addon_set-gobi\pj1kadd.grf (md5sum matches)
     Added NewGRF: GRF ID 44440801, checksum 3678B8A879199129805FB96D6F2442D4, filename: TrainSets\pineapple.grf (md5sum matches)
     Added NewGRF: GRF ID 43415000, checksum 8F77143D9432C52206D1730F9EEDFAE1, filename: opengfx_airports-0.4.1\ogfx-airports.grf (md5sum matches)
     Added NewGRF: GRF ID 504A0101, checksum ADDF703DE6EB7374A509202CB20B9840, filename: seaplaneairport-1.3\seaplaneairport_v1_3.grf (md5sum matches)
     Added NewGRF: GRF ID 44440A01, checksum FCEEC76CF44EC23E7FE9C88048CF11CC, filename: av8_aviators_aircraft_set-2.21\pb_av8w.grf (md5sum matches)
     Added NewGRF: GRF ID 44440A11, checksum D701E3219A08351B1705A7860644A9A2, filename: general_av8ion-1.0\genav8.grf (md5sum matches)
Tick 1302: game loaded
     Revision text changed to r25393, savegame version 183, not modified, _openttd_newgrf_version = 0x14006331
Tick 64914: game loaded
     Revision text changed to r25396, savegame version 183, not modified, _openttd_newgrf_version = 0x14006334
Tick 835: game loaded
     Revision text changed to r25421, savegame version 183, not modified, _openttd_newgrf_version = 0x1400634d
Tick 54805: game loaded
     Revision text changed to r25475, savegame version 183, not modified, _openttd_newgrf_version = 0x14006383
Tick 54805: game loaded
     Revision text changed to r25545, savegame version 184, not modified, _openttd_newgrf_version = 0x140063c9
Tick 22142: game loaded
     Revision text changed to r25549, savegame version 184, not modified, _openttd_newgrf_version = 0x140063cd
Tick 5767: game loaded
     Revision text changed to r25554, savegame version 184, not modified, _openttd_newgrf_version = 0x140063d2
Tick 5767: game loaded
     Revision text changed to r25578, savegame version 184, not modified, _openttd_newgrf_version = 0x140063ea
Tick 19650: game loaded
     Revision text changed to r25627, savegame version 185, not modified, _openttd_newgrf_version = 0x1400641b
Tick 22583: game loaded
     Revision text changed to r25641, savegame version 185, not modified, _openttd_newgrf_version = 0x14006429
Tick 6307: game loaded
     Revision text changed to r25650, savegame version 185, not modified, _openttd_newgrf_version = 0x14006432
---- gamelog end ----

*** End of OpenTTD Crash Report ***

Decoded stack trace:
[00] ???                  0x7C812FD3 RaiseException + 82
[01] ???                  0x005F6313
[02] ???                  0x006A5795
[03] ???                  0x0051CEB2
[04] ???                  0x004D81A5
[05] ???                  0x004D8E1B
[06] ???                  0x004D9F8D
[07] ???                  0x0045F28D
[08] ???                  0x00442866
[09] ???                  0x00442B40

*** End of additional info ***
