*** OpenTTD Crash Report ***

Crash at: Sun Jan 31 18:50:45 2010
In game date: 1942-07-13 (30)

Crash reason:
 Exception: C0000005
 Location:  0043DFA4
 Message:   <none>

OpenTTD version:
 Version:    1.0.0-beta3 (0)
 NewGRF ver: 100849b7
 Bits:       32
 Endian:     little
 Dedicated:  no
 Build date: Jan 20 2010 23:52:58

Registers:
 EAX: 00000008 EBX: 000000AC ECX: 0013F8F0 EDX: 04871FF8
 ESI: 00000008 EDI: 00000003 EBP: 0013F920 ESP: 0013F898
 EIP: 0043DFA4 EFLAGS: 00010202

 Bytes at instruction pointer:
 80 3C 16 00 75 EF 5E C3 55 8B EC 0F B6 05 E3 99 78 00 83 EC 10 56 50 FF

Stack trace:
 03B63238 0040C122 03AC2208 03BCCDC0 00000000 00000004 00000005 03AC2208
 00000010 00000000 7C9101DB 006121CD 00000020 00000000 00D20000 0013F6CC
 00000000 0013FBD0 7C90E920 7C9101E0 FFFFFFFF 7C9101DB 04871FF8 00080004
 041ACBA8 00120013 00000000 00000000 00000000 00000000 041ACAE8 0013FBD0
 00637BA1 00000003 0013F960 0040EA0A 00000004 00000000 00000001 0013F99C
 00000000 00000004 0385093B 00000017 00000001 00000019 00000011 5AD73971
 00000084 5ADA1688 0013F978 0040EFF4 00000001 0013FA18 00000000 0013F99C
 0013F9DC 00405B0E 00000001 00000004 00000000 00000000 00000000 00000000
 00000000 000004B0 7E428DB2 00000000 00000001 0000000C 00000001 00000000
 7E01FFFF 0000000C 00000001 00000000 0001FFFF 0040EF5B 00000000 0000D5B8
 03B44C50 0013FA2C 0040573B 00000000 00000004 00000000 0A7D0044 00000000
 00000000 03B44C00 02B5E940 02B5E940 03B44C50 00000098 00DA41F8 03B44C00
 0013F9F8 00000098 0013FBD0 0061C170 576AF094 0013FA7C 00452936 00000000
 00000004 00000000 0A7D0044 00000000 00000000 00000001 004478BF 000000CC
 00000098 00000004 000000CC 02B5E940 0000029A 00000098 00000005 00000004
 010000CC 0013FAAC 004497D1 000000CC 00000098 00000000 00E29986 000000CC
 00000000 00030000 00000001 00000000 7E42B341 00000001 004498D1 00000001
 00000000 00000001 00000201 0013FB4C 00000000 00547269 0013FBB4 00546E5B
 00000000 0013FBCC 00000001 00000000 00030000 0013FBCC 0013FB18 1000641E
 004A0521 00000000 00000001 0013FBCC 00000014 00000000 0013FBCC 00000000
 0013FB4C 7E431923 00000000 00000001 0013FBCC 00000000 0013FC80 00000102
 7FFDE000 00000000 00000000 00000000 00000006 0013FB78 7E418734 01060596
 00000201 00000001 029A00CC 00546E5B DCBAABCD 00000000 0013FBB4 00546E5B
 0013FBE0 7E418816 00546E5B 01060596 00000201 00000001 029A00CC 0013FC88

Operating system:
 Name:     Windows
 Release:  5.1.2600 (Service Pack 3)
 Compiler: MSVC 1500

Configuration:
 Blitter:      8bpp-optimized
 Graphics set: original_windows
 Language:     english_US.lng
 Music driver: dmusic
 Music set:    NoMusic
 Network:      no
 Sound driver: win32
 Sound set:    NoSound
 Video driver: win32

AI Configuration (local: 0):
  0: Human
  1: Denver & Rio Grande (v1)
  3: rocketAI (v1)
  4: SimpleAI (v1)

Libraries:
 FreeType:   2.3.11
 ICU:        4.2.1
 LZO:        2.03
 PNG:        1.2.40
 Zlib:       1.2.3

Module information:
 C:\Program Files\OpenTTD\openttd.exe handle: 00400000 size: 3640832 crc: B54B444C date: 2010-01-21 04:57:14
 C:\WINDOWS\system32\ntdll.dll handle: 7C900000 size: 714752 crc: 56E74C35 date: 2009-02-09 12:10:48
 C:\WINDOWS\system32\kernel32.dll handle: 7C800000 size: 989696 crc: 8A0508E5 date: 2009-03-21 14:06:58
 C:\WINDOWS\system32\WINMM.dll handle: 76B40000 size: 176128 crc: 9676D976 date: 2008-04-14 00:12:09
 C:\WINDOWS\system32\ADVAPI32.dll handle: 77DD0000 size: 617472 crc: C9027432 date: 2009-02-09 12:10:48
 C:\WINDOWS\system32\RPCRT4.dll handle: 77E70000 size: 585216 crc: E2046CB3 date: 2009-04-15 14:51:25
 C:\WINDOWS\system32\Secur32.dll handle: 77FE0000 size: 56832 crc: 3D0002B7 date: 2009-06-25 08:25:26
 C:\WINDOWS\system32\GDI32.dll handle: 77F10000 size: 286720 crc: B5F6B116 date: 2008-10-23 12:36:14
 C:\WINDOWS\system32\USER32.dll handle: 7E410000 size: 578560 crc: F7C72264 date: 2008-04-14 00:12:08
 C:\WINDOWS\system32\WS2_32.dll handle: 71AB0000 size: 82432 crc: 7C519ECA date: 2008-04-14 00:12:10
 C:\WINDOWS\system32\msvcrt.dll handle: 77C10000 size: 343040 crc: 0B7B1677 date: 2008-04-14 00:12:01
 C:\WINDOWS\system32\WS2HELP.dll handle: 71AA0000 size: 19968 crc: 3F24E096 date: 2008-04-14 00:12:10
 C:\WINDOWS\system32\SHELL32.dll handle: 7C9C0000 size: 8461312 crc: 2221EFBA date: 2008-06-17 19:02:19
 C:\WINDOWS\system32\SHLWAPI.dll handle: 77F60000 size: 474112 crc: 3230A338 date: 2008-04-14 00:12:05
 C:\WINDOWS\system32\IMM32.DLL handle: 76390000 size: 110080 crc: C1486DA0 date: 2008-04-14 00:11:54
 C:\WINDOWS\WinSxS\x86_Microsoft.Windows.Common-Controls_6595b64144ccf1df_6.0.2600.5512_x-ww_35d4ce83\comctl32.dll handle: 773D0000 size: 1054208 crc: 06939D35 date: 2008-04-14 00:12:51
 C:\WINDOWS\system32\comctl32.dll handle: 5D090000 size: 617472 crc: 519837A9 date: 2008-04-14 00:11:51
 C:\WINDOWS\system32\SHFolder.dll handle: 76780000 size: 25088 crc: 8009EA65 date: 2008-04-14 00:12:05
 C:\WINDOWS\system32\wdmaud.drv handle: 72D20000 size: 23552 crc: EEB914CA date: 2008-04-14 00:12:45
 C:\WINDOWS\system32\WINTRUST.dll handle: 76C30000 size: 176640 crc: 98E1211C date: 2008-04-14 00:12:09
 C:\WINDOWS\system32\CRYPT32.dll handle: 77A80000 size: 599040 crc: F04E4319 date: 2008-04-14 00:11:51
 C:\WINDOWS\system32\MSASN1.dll handle: 77B20000 size: 58880 crc: 63D6A79F date: 2009-09-04 21:03:36
 C:\WINDOWS\system32\IMAGEHLP.dll handle: 76C90000 size: 144384 crc: F7A06429 date: 2008-04-14 00:11:54
 C:\WINDOWS\system32\msacm32.drv handle: 72D10000 size: 20480 crc: D5406BAE date: 2004-08-04 12:00:00
 C:\WINDOWS\system32\MSACM32.dll handle: 77BE0000 size: 71680 crc: EDE4B266 date: 2008-04-14 00:11:58
 C:\WINDOWS\system32\midimap.dll handle: 77BD0000 size: 18944 crc: 2E6D5FD1 date: 2008-04-14 00:11:57
 C:\WINDOWS\system32\uxtheme.dll handle: 5AD70000 size: 218624 crc: A4A915A5 date: 2008-04-14 00:12:08
 C:\WINDOWS\system32\MSCTF.dll handle: 74720000 size: 297984 crc: 392BE0B0 date: 2008-04-14 00:11:58
 C:\WINDOWS\system32\apphelp.dll handle: 77B40000 size: 125952 crc: 30CDC203 date: 2008-04-14 00:11:49
 C:\WINDOWS\system32\msctfime.ime handle: 755C0000 size: 177152 crc: 6D3663FE date: 2008-04-14 00:10:06
 C:\WINDOWS\system32\ole32.dll handle: 774E0000 size: 1287168 crc: 3908D33A date: 2008-04-14 00:12:02
 C:\WINDOWS\system32\CLBCATQ.DLL handle: 76FD0000 size: 498688 crc: F43789FF date: 2008-04-14 00:11:50
 C:\WINDOWS\system32\COMRes.dll handle: 77050000 size: 792064 crc: 868482D5 date: 2008-04-14 00:11:51
 C:\WINDOWS\system32\OLEAUT32.dll handle: 77120000 size: 551936 crc: 1EE83658 date: 2008-04-14 00:12:02
 C:\WINDOWS\system32\VERSION.dll handle: 77C00000 size: 18944 crc: 558B1DAF date: 2008-04-14 00:12:08
 C:\WINDOWS\system32\dmime.dll handle: 5C570000 size: 181248 crc: A021AC64 date: 2008-04-14 00:11:52
 C:\WINDOWS\system32\DSOUND.dll handle: 73F10000 size: 367616 crc: 33C2A52C date: 2008-04-14 00:11:52
 C:\WINDOWS\system32\dmusic.dll handle: 6C980000 size: 104448 crc: E9A2B682 date: 2008-04-14 00:11:52
 C:\WINDOWS\system32\KsUser.dll handle: 5EF80000 size: 4096 crc: 853DEC10 date: 2002-12-12 04:14:32
 C:\WINDOWS\system32\dmsynth.dll handle: 6C9A0000 size: 103424 crc: 3E2BFB05 date: 2008-04-14 00:11:52
 C:\WINDOWS\system32\dmloader.dll handle: 6CA10000 size: 35840 crc: 9271DC2B date: 2008-04-14 00:11:52
 C:\WINDOWS\system32\mswsock.dll handle: 71A50000 size: 245248 crc: FBBA0828 date: 2008-06-20 17:46:57
 C:\WINDOWS\system32\hnetcfg.dll handle: 662B0000 size: 344064 crc: 96358152 date: 2008-04-14 00:11:54
 C:\WINDOWS\System32\wshtcpip.dll handle: 71A90000 size: 19456 crc: F5533E87 date: 2008-04-14 00:12:10
 C:\Program Files\Portrait Displays\Pivot Software\winphook.dll handle: 10000000 size: 245760 crc: B04D0F1F date: 2009-03-03 15:40:46
 C:\WINDOWS\system32\mslbui.dll handle: 605D0000 size: 25088 crc: D9D805D6 date: 2008-04-14 00:12:00
 C:\WINDOWS\system32\psapi.dll handle: 76BF0000 size: 23040 crc: 75BBDCAD date: 2008-04-14 00:12:03

---- gamelog start ----
Tick 0: new game started
     Revision text changed to 1.0.0-beta3, savegame version 136, not modified, _openttd_newgrf_version = 0x100849b7
     New game mode: 1 landscape: 0
     Added NewGRF: GRF ID 44440A02, checksum CC43F806C0D6838DBE3E68434F3726F3, filename: apache_helicopter.1\apache_w.grf
     Added NewGRF: GRF ID 27711002, checksum 3E2A2578101FFB3DD8AFC451CC43C8D0, filename: 2cc_trainset.1.0.1\2cctrainset.grf
     Added NewGRF: GRF ID 11223301, checksum 474A7FF52E675DED3154101B58B3E3C7, filename: 2cc_chimaera_addon.2\chim.grf
     Added NewGRF: GRF ID 05102001, checksum ECFDE8BA1A2DEB6AF558D89285E70444, filename: a_new_monolev_trainset.0.3\nmts.grf
     Added NewGRF: GRF ID 535A5644, checksum 5390BFF2E600595DC74E1C6247DA762D, filename: better_vehicle_names.v1\bvehname.grf
     Added NewGRF: GRF ID 19060801, checksum 6CFC6328D999C140851BFE6514BA277A, filename: bigger_depots.0.3\bigdepot.grf
     Added NewGRF: GRF ID 4F460A01, checksum 4E930501C73FF984F54489B2EC1AF052, filename: earlier_road_vehicles.1.0\erv.grf
     Added NewGRF: GRF ID 4F460A02, checksum D8FF84F759520F43F24F1C2C2645F214, filename: improved_road_vehicles__for_db_s.1.0\irv.grf
     Added NewGRF: GRF ID 274C2348, checksum E44A7D977D1980908B1DBF09F73F514C, filename: db_double_deck_coaches.v0.1\dbddw.grf
---- gamelog end ----

*** End of OpenTTD Crash Report ***
