*** OpenTTD Crash Report ***

Crash at: Sat Jun 09 18:26:52 2012
In game date: 113-01-15 (0)

Crash reason:
 Exception: E1212012
 Location:  76A0FC56
 Message:   NOT_REACHED triggered at line 85 of c:\bamboo-agent-home\xml-data\build-dir\ottd-rls-w32bit\src\water_map.h

OpenTTD version:
 Version:    1.2.1 (0)
 NewGRF ver: 12185ef2
 Bits:       32
 Endian:     little
 Dedicated:  no
 Build date: May 31 2012 21:10:08

Registers:
 EAX: 0012D6B8 EBX: 00000016 ECX: 00000016 EDX: 002036FC
 ESI: 00C018FC EDI: 00000000 EBP: 0012D708 ESP: 0012D6B8
 EIP: 76A0FC56 EFLAGS: 00200246

 Bytes at instruction pointer:
 C9 C2 10 00 90 90 90 90 90 8B FF 55 8B EC 51 51 83 7D 10 00 56 0F 84 EB

Stack trace:
 E1212012 00000000 00000000 76A0FC56 00000000 00BA4238 00000000 0012D720
 0012F778 0043F565 0012D757 00001FD1 00BA4238 0012D720 0043F0DE 00BA4238
 0012D720 00C018FC 0012D757 00000016 0012F778 0059860D E1212012 00000000
 00000000 00000000 004F4E1D 00000016 64616F4C 20676E69 72756F79 76617320
 6D616765 61632065 64657375 65704F20 4454546E 206F7420 73617263 540A2E68
 20736968 70207369 61626F72 20796C62 73756163 62206465 20612079 72726F63
 69747075 69206E6F 6874206E 61732065 61676576 0A2E656D 61656C50 66206573
 20656C69 75622061 65722067 74726F70 646E6120 74746120 20686361 73696874
 76617320 6D616765 000A2E65 00000000 00200000 002AAF20 00000201 00000000
 02000002 002916C8 0053005C 0012D8DC 002AC038 002036B8 BD0049F4 00200000
 00200148 00000070 002AAF20 002036B8 02000002 002AAF20 00002727 00000201
 002AAF1A 00000000 00000003 00450056 00000201 0000077F 0012D770 BD0049F4
 00000181 77409AA2 0D6B0048 FFFFFFFE 77467076 77466C9C 00000201 002037C8
 00000000 00000000 00000142 002036B8 011A0000 002AAF20 002AC038 0012D8F4
 00000038 00000000 00000C08 01010164 0012D7C0 00000038 0012DB38 77409AA2
 00810E85 FFFFFFFE 774673A2 774673D5 00000000 002AAF20 00000040 00000018
 C0000034 0012D904 76E48618 00200000 00000000 002AAF18 0012D94C 00000286
 0012DB78 00000018 00000000 0012D8F4 00000040 00000000 00000000 0142007C
 002AAF20 002AAF20 00120044 0012DADC 76E484AD 0012D938 00000286 0012DB78
 00000201 00000003 0012DADC 76E484BB 0012D938 00000000 0012DB78 76E484CA
 0000000D 008A0046 00220014 000000C8 0012D954 00000000 0012DC78 000000C2
 0052005C 00470045 00530049 00520054 005C0059 00530055 00520045 0053005C
 0031002D 0035002D 0032002D 002D0031 00340031 00310037 00320037 00340031
 00310038 0033002D 00300038 00390038 00340038 00310032 002D0037 00380031

Operating system:
 Name:     Windows
 Release:  6.0.6002 (Service Pack 2)
 Compiler: MSVC 1600

Configuration:
 Blitter:      8bpp-optimized
 Graphics set: original_windows (0)
 Language:     F:\Spiele\Transport Tycoon Deluxe\lang\german.lng
 Music driver: dmusic
 Music set:    OpenMSX (96)
 Network:      no
 Sound driver: win32
 Sound set:    OpenSFX (87)
 Video driver: win32

AI Configuration (local: 0):
  0: Human

Libraries:
 FreeType:   2.4.5
 ICU:        4.4.2
 LZMA:       5.0.3
 LZO:        2.05
 PNG:        1.5.4
 Zlib:       1.2.5

Module information:
 F:\Spiele\Transport Tycoon Deluxe\openttd.exe handle: 00400000 size: 8423424 crc: 98B067DF date: 2012-05-31 19:13:16
 C:\Windows\system32\ntdll.dll handle: 77400000 size: 1205064 crc: B7D44540 date: 2011-11-18 20:23:34
 C:\Windows\system32\kernel32.dll handle: 769D0000 size: 892416 crc: 07915B76 date: 2011-04-12 16:07:38
 C:\Windows\system32\WINMM.dll handle: 735A0000 size: 189952 crc: FE5FC521 date: 2011-10-14 16:03:25
 C:\Windows\system32\msvcrt.dll handle: 76ED0000 size: 680448 crc: 2BA89372 date: 2011-12-14 16:17:47
 C:\Windows\system32\USER32.dll handle: 75BE0000 size: 627712 crc: 80F0F3C5 date: 2009-04-11 06:28:25
 C:\Windows\system32\GDI32.dll handle: 76DA0000 size: 297472 crc: 69625D80 date: 2009-04-11 06:28:19
 C:\Windows\system32\ADVAPI32.dll handle: 76E00000 size: 800768 crc: D7864B03 date: 2009-04-11 06:28:17
 C:\Windows\system32\RPCRT4.dll handle: 77300000 size: 784896 crc: 35185859 date: 2009-04-23 12:15:07
 C:\Windows\system32\ole32.dll handle: 77000000 size: 1316864 crc: 35DF2E64 date: 2010-06-28 17:00:21
 C:\Windows\system32\OLEAUT32.dll handle: 75C90000 size: 563712 crc: 4F05A328 date: 2011-08-25 16:14:01
 C:\Windows\system32\OLEACC.dll handle: 75060000 size: 238080 crc: 49653460 date: 2011-08-25 16:14:01
 C:\Windows\system32\WS2_32.dll handle: 773D0000 size: 179200 crc: 5D581120 date: 2008-01-19 07:37:09
 C:\Windows\system32\NSI.dll handle: 77530000 size: 8192 crc: 10729B39 date: 2008-01-19 07:35:57
 C:\Windows\system32\SHELL32.dll handle: 75EB0000 size: 11586048 crc: AEAF34AB date: 2011-01-21 16:35:22
 C:\Windows\system32\SHLWAPI.dll handle: 76CC0000 size: 353280 crc: 9F70F81D date: 2011-01-21 16:35:22
 C:\Windows\system32\ShimEng.dll handle: 6D050000 size: 111104 crc: 4C4AA1E6 date: 2006-11-02 09:46:13
 C:\Windows\system32\apphelp.dll handle: 758F0000 size: 171008 crc: D24585BB date: 2009-04-11 06:28:17
 C:\Windows\AppPatch\AcLayers.DLL handle: 6BE10000 size: 542720 crc: 66C65854 date: 2011-03-03 15:40:05
 C:\Windows\system32\USERENV.dll handle: 75970000 size: 108544 crc: CC1E5DD3 date: 2009-04-11 06:28:25
 C:\Windows\system32\Secur32.dll handle: 75950000 size: 72704 crc: DFC8B400 date: 2011-11-16 16:23:08
 C:\Windows\system32\WINSPOOL.DRV handle: 71C40000 size: 258048 crc: 26DBAEC9 date: 2011-01-20 16:07:42
 C:\Windows\system32\MPR.dll handle: 754D0000 size: 68608 crc: 30B1204C date: 2009-04-11 06:28:20
 C:\Windows\system32\IMM32.DLL handle: 772E0000 size: 114688 crc: 8D83D50A date: 2009-04-11 06:28:20
 C:\Windows\system32\MSCTF.dll handle: 77150000 size: 807424 crc: 78787E19 date: 2009-04-11 06:28:20
 C:\Windows\system32\LPK.DLL handle: 76DF0000 size: 23552 crc: 2E03F135 date: 2009-06-15 14:52:42
 C:\Windows\system32\USP10.dll handle: 76D20000 size: 502272 crc: A57A818A date: 2010-04-16 16:46:48
 C:\Windows\WinSxS\x86_microsoft.windows.common-controls_6595b64144ccf1df_6.0.6002.18305_none_5cb72f2a088b0ed3\comctl32.dll handle: 749E0000 size: 1686016 crc: 3AB5D2D1 date: 2010-08-31 15:43:52
 C:\WINDOWS\SYSTEM32\PAVSHOOK.DLL handle: 50260000 size: 520000 crc: 7128FEFD date: 2010-06-21 15:01:46
 C:\Windows\system32\systools.dll handle: 50660000 size: 107568 crc: 3A8A75DA date: 2007-02-08 08:53:40
 C:\Windows\system32\SHFolder.dll handle: 73090000 size: 7168 crc: 1CA14A5C date: 2006-11-02 09:46:13
 C:\WINDOWS\SYSTEM32\PavLspHook.DLL handle: 50200000 size: 87360 crc: 8127D682 date: 2010-06-21 15:01:42
 G:\Programme\Panda Security\Panda Internet Security 2012\PavTrc.dll handle: 41B60000 size: 152896 crc: C5281DD1 date: 2010-05-18 16:50:42
 C:\Windows\system32\VERSION.dll handle: 75020000 size: 20480 crc: 8C605EC4 date: 2009-04-11 06:28:25
 C:\Windows\system32\uxtheme.dll handle: 73DD0000 size: 240128 crc: 5F29223E date: 2008-01-19 07:36:47
 G:\Programme\Panda Security\Panda Internet Security 2012\pavoepl.dll handle: 0F000000 size: 95488 crc: 1AC6C647 date: 2009-08-10 11:45:54
 C:\Windows\system32\MSVCP71.dll handle: 7C3A0000 size: 499712 crc: 5A3B11D4 date: 2007-12-02 21:11:36
 C:\Windows\system32\MSVCR71.dll handle: 7C340000 size: 348160 crc: 35563170 date: 2007-12-02 21:11:36
 C:\Windows\WinSxS\x86_microsoft.windows.common-controls_6595b64144ccf1df_5.82.6002.18305_none_88f3a38569c2c436\COMCTL32.dll handle: 72A90000 size: 531968 crc: 06DAEC5F date: 2010-08-31 15:43:52
 C:\Windows\system32\mswsock.dll handle: 74FA0000 size: 223232 crc: 9C4248CA date: 2009-04-11 06:28:22
 C:\Windows\System32\wshtcpip.dll handle: 74B80000 size: 9216 crc: 10C50FC1 date: 2008-01-19 07:37:11
 C:\Windows\system32\psapi.dll handle: 75AB0000 size: 12288 crc: D7B812C5 date: 2006-11-02 09:46:12
 C:\Windows\system32\wdmaud.drv handle: 73280000 size: 167424 crc: AE942463 date: 2009-04-11 06:27:12
 C:\Windows\system32\ksuser.dll handle: 73570000 size: 4608 crc: 4C647881 date: 2006-11-02 09:46:05
 C:\Windows\system32\MMDevAPI.DLL handle: 741D0000 size: 150528 crc: 481F98E7 date: 2009-04-11 06:28:20
 C:\Windows\system32\AVRT.dll handle: 74200000 size: 12800 crc: EB589AA0 date: 2008-01-19 07:33:47
 C:\Windows\system32\SETUPAPI.dll handle: 75D20000 size: 1591296 crc: A225D6A1 date: 2009-04-11 06:28:24
 C:\Windows\system32\WINTRUST.dll handle: 746D0000 size: 172032 crc: 100244C4 date: 2012-02-29 15:11:42
 C:\Windows\system32\CRYPT32.dll handle: 753D0000 size: 978944 crc: CE0B7499 date: 2009-04-11 06:28:18
 C:\Windows\system32\MSASN1.dll handle: 75530000 size: 60928 crc: D62CDC5B date: 2009-09-04 11:41:59
 C:\Windows\system32\imagehlp.dll handle: 77220000 size: 157696 crc: FCADE26E date: 2012-02-29 15:09:53
 C:\Windows\system32\AUDIOSES.DLL handle: 73190000 size: 115712 crc: 9E346B3A date: 2009-04-11 06:28:18
 C:\Windows\system32\audioeng.dll handle: 73120000 size: 397312 crc: 17666E45 date: 2008-01-19 07:33:45
 C:\Windows\system32\msacm32.drv handle: 73560000 size: 21504 crc: 28704D00 date: 2009-04-11 06:27:12
 C:\Windows\system32\MSACM32.dll handle: 731E0000 size: 71680 crc: A2E8F836 date: 2008-01-19 07:34:54
 C:\Windows\system32\midimap.dll handle: 731D0000 size: 17408 crc: 9FC56E7F date: 2009-04-11 06:28:20
 C:\Windows\system32\CLBCatQ.DLL handle: 77250000 size: 523776 crc: C2EBF5E6 date: 2008-01-19 07:33:52
 C:\Windows\system32\dmime.dll handle: 658D0000 size: 178688 crc: 3063C87B date: 2008-01-19 07:34:04
 C:\Windows\system32\DSOUND.dll handle: 650D0000 size: 444416 crc: 2196E709 date: 2009-04-11 06:28:19
 C:\Windows\system32\POWRPROF.dll handle: 74C00000 size: 98816 crc: F5FB120D date: 2009-04-11 06:28:23
 C:\Windows\system32\dmusic.dll handle: 68210000 size: 101888 crc: 9C95E7AB date: 2009-04-11 06:28:18
 C:\Windows\system32\dmsynth.dll handle: 6FAA0000 size: 105472 crc: A572B2E6 date: 2009-04-11 06:28:18
 C:\Windows\system32\dmloader.dll handle: 712D0000 size: 38400 crc: 43D1875C date: 2008-01-19 07:34:04
 G:\Programme\Hot Keyboard Pro\hkhook30.dll handle: 10000000 size: 13312 crc: B73C683B date: 2006-03-05 15:52:08
 C:\Windows\system32\dmstyle.dll handle: 66A00000 size: 105472 crc: 3B1A1D06 date: 2006-11-02 12:32:26
 C:\Windows\system32\dmband.dll handle: 6FA90000 size: 30208 crc: 1AE3457D date: 2006-11-02 12:32:26

---- gamelog start ----
Tick 7776: game loaded
     Conversion from TTO savegame
     Revision text changed to 1.2.1, savegame version 174, not modified, _openttd_newgrf_version = 0x12185ef2
     New game mode: 1 landscape: 0
---- gamelog end ----

*** End of OpenTTD Crash Report ***

Decoded stack trace:
[00] kernel32             0x76A0FC56 RaiseException + 88
[01] openttd              0x0059860D
[02] openttd              0x0066C6CC
[03] openttd              0x0066BC95
[04] openttd              0x004F58AC
[05] openttd              0x005020FB
[06] openttd              0x00431CC8
[07] openttd              0x004329A6

*** End of additional info ***
