*** OpenTTD Crash Report ***

Crash at: Thu May 30 19:31:11 2013
In game date: 3000-01-05 (3)

Crash reason:
 Signal:  Aborted (6)
 Message: Assertion failed at line 704 of /bamboo/src/widget_type.h: this->count <= this->cap ? (position == 0) : (position + this->cap <= this->count)

OpenTTD version:
 Version:    r25306 (0)
 NewGRF ver: 140062da
 Bits:       64
 Endian:     little
 Dedicated:  no
 Build date: May 30 2013 18:04:21

Stacktrace:
 [00] /home/tijl/.openttd/openttd(_ZNK12CrashLogUnix13LogStacktraceEPcPKc+0x39) [0x739159]
 [01] /home/tijl/.openttd/openttd(_ZNK8CrashLog12FillCrashLogEPcPKc+0xf0) [0x5cc1a0]
 [02] /home/tijl/.openttd/openttd(_ZNK8CrashLog12MakeCrashLogEv+0x63) [0x5cc283]
 [03] /home/tijl/.openttd/openttd() [0x7390ad]
 [04] /lib/x86_64-linux-gnu/libc.so.6() [0x3b15c364a0]
 [05] /lib/x86_64-linux-gnu/libc.so.6(gsignal+0x35) [0x3b15c36425]
 [06] /lib/x86_64-linux-gnu/libc.so.6(abort+0x17b) [0x3b15c39b8b]
 [07] /home/tijl/.openttd/openttd() [0x72347f]
 [08] /home/tijl/.openttd/openttd(_ZN13NWidgetMatrix10SetClickedEi+0xdb) [0x8b992b]
 [09] /home/tijl/.openttd/openttd(_Z21ShowBuildObjectPickerP6Window+0x268) [0x721aa8]
 [10] /home/tijl/.openttd/openttd(_ZN22TerraformToolbarWindow7OnClickE5Pointii+0x54) [0x8382c4]
 [11] /home/tijl/.openttd/openttd(_ZN22TerraformToolbarWindow10OnKeyPressEtt+0x33) [0x837c43]
 [12] /home/tijl/.openttd/openttd(_Z14HandleKeypressj+0xbf) [0x8bf21f]
 [13] /home/tijl/.openttd/openttd(_ZN15VideoDriver_SDL9PollEventEv+0x208) [0x89f858]
 [14] /home/tijl/.openttd/openttd(_ZN15VideoDriver_SDL8MainLoopEv+0x90) [0x89fa40]
 [15] /home/tijl/.openttd/openttd(_Z8ttd_mainiPPc+0xf87) [0x7258a7]
 [16] /lib/x86_64-linux-gnu/libc.so.6(__libc_start_main+0xed) [0x3b15c2176d]
 [17] /home/tijl/.openttd/openttd() [0x50d099]

Operating system:
 Name:     Linux
 Release:  3.5.0-28-generic
 Version:  #48-Ubuntu SMP Tue Apr 23 23:03:38 UTC 2013
 Machine:  x86_64
 Compiler: GCC 4.4.5 "4.4.5"

Configuration:
 Blitter:      8bpp-optimized
 Graphics set: OpenGFX (998)
 Language:     /home/tijl/Dropbox/Tijl/.openttd/lang/english.lng
 Music driver: extmidi
 Music set:    NoMusic (0)
 Network:      no
 Sound driver: sdl
 Sound set:    NoSound (2)
 Video driver: sdl

AI Configuration (local: 0):
  0: Human

Libraries:
 FontConfig: 2.10.1
 FreeType:   2.4.2
 ICU:        4.4.1
 LZMA:       5.0.3
 LZO:        2.03
 PNG:        1.2.44
 SDL:        1.2.15
 Zlib:       1.2.7

---- gamelog start ----
Tick 0: new game started
     Revision text changed to r25306, savegame version 182, not modified, _openttd_newgrf_version = 0x140062da
     New game mode: 1 landscape: 2
     Added NewGRF: GRF ID FBFB0501, checksum F8098587A630982B168728FCED480B86, filename: dutchroadfurniture/dutchroadfurniture.grf (md5sum matches)
---- gamelog end ----

*** End of OpenTTD Crash Report ***
