*** OpenTTD Crash Report ***

Crash at: Sat Jan 29 21:29:19 2011
In game date: 1923-10-10 (28)

Crash reason:
 Exception: C0000005
 Location:  004E03A5
 Message:   <none>

OpenTTD version:
 Version:    r21924 (0)
 NewGRF ver: 110055a4
 Bits:       32
 Endian:     little
 Dedicated:  no
 Build date: Jan 29 2011 19:17:37

Registers:
 EAX: 000000FF EBX: 02D31730 ECX: 02CD1190 EDX: 0018F8E8
 ESI: 02CD1190 EDI: 00000000 EBP: 0018F930 ESP: 0018F898
 EIP: 004E03A5 EFLAGS: 00010246

 Bytes at instruction pointer:
 8A 47 08 84 C0 74 08 3C 01 75 44 8B 7C 24 18 8B 7F 0C 85 FF 74 39 8A 47

Stack trace:
 0018F9E8 00000000 00000000 0185047A 00000000 00000000 00000000 00000000
 00000001 00000327 00000000 0001FFFF 00000020 004B052E 02010001 00000000
 02D31730 02D31730 004B052E 0018F974 00000001 0000AEAD 00000000 0001FFFF
 02D31738 00024BEE 0018F948 00000000 00000000 00000084 00000000 004B052E
 00000084 00000000 01BF023A 00000004 000004B0 74C16E22 0018F9AC 00405791
 00000000 00000072 00000000 00000000 00003EE0 0BB40050 0138BF30 00000000
 00000020 004B052E 02010001 00BE86DB 74C10001 00B5FE28 00000266 0018F9B0
 74C16EF4 74C16EC0 A7C985DA 000000FF 00000000 00000000 0001FFFF 004DFB55
 00000000 000001A3 0018FB98 006697F3 00000000 0018F9FC 004054AA 00024BEE
 00000072 00000000 0BB40050 0049A952 00000000 A7C98600 000001A9 065E3030
 0000023A 00C1698B A7C98600 00000920 04260808 004B052E 74C1698B 04284758
 04284758 0018FA34 0045FC36 00024BEE 00000072 00000000 0049A952 00000000
 00000001 02D31730 0049A90C 02D31730 02D324F8 0044B8FE 065F9BF8 0018FA60
 00453A4C 027F6EC0 0000023A 000001A9 00000001 00000020 004B052E 027F6EC0
 000001A9 0000023A 00000001 00453D13 00000001 00000000 00000001 00000201
 0018FB04 00000000 00000000 0057163C 00000000 0057122E 00000000 00030000
 7EFDB800 0018FABC 74C3F056 0134A590 00000000 00000000 7EFDB800 0018FB94
 00000001 0018FAEC 100024A7 00000000 00000000 00000001 0018FB94 74C3F102
 00000000 00000001 0018FB94 00000001 0018FB80 00000000 74C178B0 00030000
 00000001 0018FB94 74C178C2 0018FB30 74C16238 004B052E 00000201 00000001
 01A9023A 0057122E DCBAABCD 00000000 00000000 0057122E 0018FBA8 74C168EA
 0057122E 004B052E 00000201 00000001 01A9023A A7C987C2 0018FC50 0018FC48
 0138BF30 00000024 00000001 00000000 00000000 00000030 FFFFFFFF FFFFFFFF
 74C16899 00000000 77040070 00000001 00000000 00000000 0018FB4C 0018F460

Operating system:
 Name:     Windows
 Release:  6.1.7600 ()
 Compiler: MSVC 1500

Configuration:
 Blitter:      8bpp-optimized
 Graphics set: OpenGFX (589)
 Language:     C:\OpenTTD\Last Nightly\lang\english.lng
 Music driver: dmusic
 Music set:    OpenMSX (96)
 Network:      no
 Sound driver: win32
 Sound set:    OpenSFX (87)
 Video driver: win32

AI Configuration (local: 0):
  0: Human

Libraries:
 FreeType:   2.4.4
 ICU:        4.4.2
 LZMA:       5.0.0
 LZO:        2.03
 PNG:        1.4.5
 Zlib:       1.2.5

Module information:
 C:\OpenTTD\Last Nightly\openttd.exe handle: 00400000 size: 8219648 crc: B3C79E8F date: 2011-01-29 19:21:20
 C:\Windows\SysWOW64\ntdll.dll handle: 77030000 size: 1289528 crc: DD5862D0 date: 2010-03-24 06:37:04
 C:\Windows\syswow64\kernel32.dll handle: 74FF0000 size: 836608 crc: C271BF8C date: 2009-07-14 01:11:23
 C:\Windows\syswow64\KERNELBASE.dll handle: 763B0000 size: 269824 crc: 778A4077 date: 2009-07-14 01:11:23
 C:\Windows\system32\WINMM.dll handle: 74710000 size: 194048 crc: 2FBEB05C date: 2009-07-14 01:16:19
 C:\Windows\syswow64\msvcrt.dll handle: 75220000 size: 690688 crc: 554C94A4 date: 2009-07-14 01:15:50
 C:\Windows\syswow64\USER32.dll handle: 74C00000 size: 833024 crc: E462ECF7 date: 2009-07-14 01:11:24
 C:\Windows\syswow64\GDI32.dll handle: 75190000 size: 310784 crc: D911CA67 date: 2009-07-14 01:11:21
 C:\Windows\syswow64\LPK.dll handle: 76AA0000 size: 25600 crc: 3C6CC57C date: 2009-07-14 01:11:23
 C:\Windows\syswow64\USP10.dll handle: 74F50000 size: 627200 crc: 3887C4C8 date: 2009-07-14 01:16:17
 C:\Windows\syswow64\ADVAPI32.dll handle: 750F0000 size: 640000 crc: 24248FE4 date: 2009-07-14 01:14:53
 C:\Windows\SysWOW64\sechost.dll handle: 76980000 size: 92160 crc: B624B29A date: 2009-07-14 01:16:13
 C:\Windows\syswow64\RPCRT4.dll handle: 76590000 size: 662528 crc: 21A3ED97 date: 2009-07-14 01:11:23
 C:\Windows\syswow64\SspiCli.dll handle: 74BA0000 size: 96768 crc: 88D768A6 date: 2009-12-11 07:36:33
 C:\Windows\syswow64\CRYPTBASE.dll handle: 74B90000 size: 36864 crc: 00308E17 date: 2009-07-14 01:15:07
 C:\Windows\syswow64\WS2_32.dll handle: 75F90000 size: 206336 crc: 4C23BF22 date: 2009-07-14 01:16:20
 C:\Windows\syswow64\NSI.dll handle: 76A90000 size: 8704 crc: 2ACE9671 date: 2009-07-14 01:16:11
 C:\Windows\syswow64\SHELL32.dll handle: 75330000 size: 12867584 crc: E1911954 date: 2010-07-27 14:03:24
 C:\Windows\syswow64\SHLWAPI.dll handle: 752D0000 size: 350208 crc: 8D9B2C39 date: 2009-07-14 01:16:14
 C:\Windows\system32\IMM32.DLL handle: 76B10000 size: 119808 crc: BC43D00A date: 2009-07-14 01:11:21
 C:\Windows\syswow64\MSCTF.dll handle: 76140000 size: 828928 crc: DFE09EEB date: 2009-07-14 01:15:43
 C:\Program Files\CheckPoint\ZAForceField\WOW64\Plugins\ISWSHEX.dll handle: 20C70000 size: 640504 crc: 0CE2BDDE date: 2010-09-02 12:26:22
 C:\Windows\WinSxS\x86_microsoft.vc80.crt_1fc8b3b9a1e18e3b_8.0.50727.4927_none_d08a205e442db5b5\MSVCR80.dll handle: 71B60000 size: 632656 crc: 3A6BF89B date: 2009-06-10 21:23:11
 C:\Windows\syswow64\WINTRUST.dll handle: 769A0000 size: 172032 crc: EA2D5BBA date: 2009-12-29 06:55:34
 C:\Windows\syswow64\CRYPT32.dll handle: 76290000 size: 1151488 crc: CC34327C date: 2009-07-14 01:15:07
 C:\Windows\syswow64\MSASN1.dll handle: 75F80000 size: 34816 crc: 4F65C9C8 date: 2010-11-06 11:06:16
 C:\Windows\WinSxS\x86_microsoft.vc80.crt_1fc8b3b9a1e18e3b_8.0.50727.4927_none_d08a205e442db5b5\MSVCP80.dll handle: 71C00000 size: 554816 crc: F6C154EA date: 2009-06-10 21:23:11
 C:\Windows\syswow64\ole32.dll handle: 76680000 size: 1413632 crc: 082ED659 date: 2010-06-29 05:02:02
 C:\Windows\system32\ntmarta.dll handle: 74510000 size: 121856 crc: EE55B9FC date: 2009-07-14 01:16:11
 C:\Windows\syswow64\WLDAP32.dll handle: 74F00000 size: 268800 crc: EC09CC0E date: 2009-07-14 01:16:19
 C:\Windows\system32\SHFolder.dll handle: 6A410000 size: 7168 crc: 683AAC32 date: 2009-07-14 01:16:14
 C:\Windows\system32\MMDevAPI.DLL handle: 677C0000 size: 213504 crc: 352DF99F date: 2009-07-14 01:15:41
 C:\Windows\system32\PROPSYS.dll handle: 74200000 size: 988160 crc: 0700E8D7 date: 2009-07-14 01:16:12
 C:\Windows\syswow64\OLEAUT32.dll handle: 76BA0000 size: 571904 crc: 9BF754BE date: 2010-04-07 07:10:36
 C:\Windows\system32\wdmaud.drv handle: 67790000 size: 172032 crc: 03BEEBE2 date: 2009-07-14 01:14:08
 C:\Windows\system32\ksuser.dll handle: 6C490000 size: 4608 crc: EBE07232 date: 2009-07-14 01:15:35
 C:\Windows\system32\AVRT.dll handle: 67780000 size: 14336 crc: 9818237B date: 2009-07-14 01:14:58
 C:\Windows\syswow64\SETUPAPI.dll handle: 767E0000 size: 1668608 crc: F909EF01 date: 2009-07-14 01:16:14
 C:\Windows\syswow64\CFGMGR32.dll handle: 76B70000 size: 145920 crc: 6377C630 date: 2009-07-14 01:15:02
 C:\Windows\syswow64\DEVOBJ.dll handle: 76A60000 size: 64512 crc: 2B501D62 date: 2009-07-14 01:15:11
 C:\Windows\system32\AUDIOSES.DLL handle: 67740000 size: 195584 crc: BC939745 date: 2009-07-14 01:14:57
 C:\Windows\system32\msacm32.drv handle: 67730000 size: 20992 crc: 73923147 date: 2009-07-14 01:14:08
 C:\Windows\system32\MSACM32.dll handle: 67710000 size: 72192 crc: ABA25814 date: 2009-07-14 01:15:42
 C:\Windows\system32\midimap.dll handle: 67700000 size: 16896 crc: C000494C date: 2009-07-14 01:15:40
 C:\Windows\syswow64\CLBCatQ.DLL handle: 769D0000 size: 522240 crc: 6C130B8A date: 2009-07-14 01:15:03
 C:\Windows\system32\uxtheme.dll handle: 73880000 size: 245760 crc: 60C5C746 date: 2009-07-14 01:11:24
 C:\Users\Gladders\AppData\Local\FLVService\lib\FLVSrvLib.dll handle: 10000000 size: 18432 crc: 9AB2CB2E date: 2011-01-29 15:49:24
 C:\Windows\WinSxS\x86_microsoft.vc90.crt_1fc8b3b9a1e18e3b_9.0.30729.4926_none_508ed732bcbc0e5a\MSVCR90.dll handle: 74860000 size: 652608 crc: 736D58D1 date: 2009-06-10 21:14:56
 C:\Windows\system32\dwmapi.dll handle: 73750000 size: 67072 crc: FC7CA4B8 date: 2009-07-14 01:15:13
 C:\Windows\System32\dmime.dll handle: 6E6D0000 size: 179712 crc: 179D7CFB date: 2009-07-14 01:15:12
 C:\Windows\System32\DSOUND.dll handle: 6B610000 size: 453632 crc: EC24F2F8 date: 2009-07-14 01:15:13
 C:\Windows\System32\POWRPROF.dll handle: 709F0000 size: 145408 crc: 9957ABF4 date: 2009-07-14 01:16:12
 C:\Windows\System32\dmusic.dll handle: 6E6B0000 size: 101376 crc: F5D0AA6B date: 2009-07-14 01:15:12
 C:\Windows\System32\dmsynth.dll handle: 6E690000 size: 105472 crc: 3B102040 date: 2009-07-14 01:15:12
 C:\Windows\System32\dmloader.dll handle: 6CEA0000 size: 38400 crc: 8A3F45D2 date: 2009-07-14 01:15:12
 C:\Windows\system32\mswsock.dll handle: 74400000 size: 232448 crc: 32400D27 date: 2009-07-14 01:15:51
 C:\Windows\System32\wshtcpip.dll handle: 74570000 size: 9216 crc: BA963A19 date: 2009-07-14 01:16:20
 C:\Windows\System32\dmstyle.dll handle: 6CE80000 size: 105984 crc: 306B797C date: 2009-07-14 01:15:12
 C:\Windows\System32\dmband.dll handle: 6CE70000 size: 30720 crc: B880FDE2 date: 2009-07-14 01:15:12
 C:\Windows\syswow64\psapi.dll handle: 77000000 size: 6144 crc: 25B988F9 date: 2009-07-14 01:16:12

---- gamelog start ----
Tick 0: new game started
     Revision text changed to r21920, savegame version 157, not modified, _openttd_newgrf_version = 0x110055a0
     New game mode: 1 landscape: 0
     Added NewGRF: GRF ID 50430301, checksum 019EC35F3327E5069E68A8AD990C1AAE, filename: british_town_names-2.1\brit_names.grf (md5sum matches)
     Added NewGRF: GRF ID 44441000, checksum B463AED22FB8FE374E620897A8B451E6, filename: ukrs2__the_uk_railway_set-0.7\proj1000.grf (md5sum matches)
     Added NewGRF: GRF ID 44441001, checksum A9752611C2A92A76693AAB2855DE776A, filename: ukrs2_uk_railway_addon_set-1.0\pj1kadd.grf (md5sum matches)
     Added NewGRF: GRF ID 554B5201, checksum 0D9C15FF1DC9AA50702780A730D9C650, filename: uk_roadset.1.1\ukroadsetw.grf (md5sum matches)
     Added NewGRF: GRF ID 44440A01, checksum 0BF8636EFEEF4F0617CAE47D77FF4C43, filename: av8_aviators_aircraft_set-1.81\pb_av8w.grf (md5sum matches)
     Added NewGRF: GRF ID 52455400, checksum 1600687C50C5AB1E72EDD487CAD50E2A, filename: coded_by_aegir._artwork_by_aegir-1\ae_cityw.grf (md5sum matches)
     Added NewGRF: GRF ID 52455200, checksum 0E5A9C5ACD2BCAF7FA0658C3F905A660, filename: rural_stations-1\ae_ruraw.grf (md5sum matches)
     Added NewGRF: GRF ID 52455300, checksum 37C0B839B13C4B18051580C81EEDF427, filename: suburban_stations-1\ae_subuw.grf (md5sum matches)
     Added NewGRF: GRF ID 444E0400, checksum 735D3D74D5DCADBF1FD6EF7A9C5A3519, filename: vast_station_tiles-0.2.0\vast.grf (md5sum matches)
     Added NewGRF: GRF ID 4A430002, checksum 0728ADCB4DF2F1EB9247ABD449296F4E, filename: industrial_stations_renewal.0.8.0\indstatrw.grf (md5sum matches)
     Added NewGRF: GRF ID 414C0101, checksum 8868C6AA5191153F4255C129C9472043, filename: stations_name_from_nearby_indus-1.2.4\station_name.grf (md5sum matches)
     Added NewGRF: GRF ID 6D620601, checksum 44EB2F155862E4D4F0AB671D7021AF54, filename: newstatsw.grf (md5sum matches)
     Added NewGRF: GRF ID 19060801, checksum 6CFC6328D999C140851BFE6514BA277A, filename: bigger_depots.0.3\bigdepot.grf (md5sum matches)
     Added NewGRF: GRF ID 74677462, checksum A2396FFDCC0F1BA37A2A89EF525CDF21, filename: total_bridge_renewal_set.1.12\total_bridges.grf (md5sum matches)
     Added NewGRF: GRF ID 44442411, checksum BE9A79F60827058108F4FD1700833886, filename: tai_uk_houses.0.2\tai_uk.grf (md5sum matches)
Tick 36305: game loaded
     Revision text changed to r21924, savegame version 157, not modified, _openttd_newgrf_version = 0x110055a4
---- gamelog end ----

*** End of OpenTTD Crash Report ***

Decoded stack trace:
[00] ???                  0x004E03A5
[01] ???                  0x00405791
[02] ???                  0x004054AA
[03] ???                  0x0045FC36
[04] ???                  0x00453A4C
[05] ???                  0x00453D13
[06] ???                  0x0057163C

*** End of additional info ***
