*** OpenTTD Crash Report ***

Crash at: Thu Dec 27 18:28:48 2012
In game date: 1939-08-17 (36)

Crash reason:
 Exception: C0000005
 Location:  005AB8A6
 Message:   <none>

OpenTTD version:
 Version:    r23672M (2)
 NewGRF ver: 12005c78
 Bits:       32
 Endian:     little
 Dedicated:  no
 Build date: Dec 26 2011 13:02:15

Registers:
 EAX: 00000000 EBX: 09DCA2B0 ECX: 00000002 EDX: 09DCA2C4
 ESI: 00000000 EDI: 0B369BB8 EBP: 00596000 ESP: 0028F1F0
 EIP: 005AB8A6 EFLAGS: 00010206

 Bytes at instruction pointer:
 8B 5E 10 83 C6 10 39 F3 0F 84 98 00 00 00 8B 43 08 89 7C 24 04 89 04 24

Stack trace:
 0B369BC8 0B369BC8 0B369BC9 09DCA2B0 09DCA2B0 09CEDFD0 0B369BCA 005AA91C
 00000000 0B369BB8 00000000 00000001 00000012 00000000 0B369BB8 00596018
 09DCA2B0 0B369BB8 0028FFC4 0B369BB8 09CEDFD0 0B369BCA 00596000 007A2F61
 0B369BB8 0B369BC9 00000001 00000000 09CEDFD0 00000002 00000007 00000004
 00000000 00000000 FFFFFFF8 0B8F04E0 00000001 00000001 0DEF0FE4 0DE0AAE8
 00000000 00000000 01000001 09CEDFD0 00000004 00000001 0DE574F8 00421768
 09CEDFD0 0B7BAC00 09CEE028 00000002 09CEE028 00000028 00000000 0DF14B28
 00000028 00000001 0000000D 0000001B 0DEC57B0 0DEAA338 0028F330 00000000
 00000001 005ACF20 007EA67C 0DEAA358 09CEE028 0DF15410 09CEDFD0 004270C1
 00000000 00000000 08000200 0DE574F8 00000000 00000000 00000002 0000001B
 00000000 00000001 00000000 00000000 08000200 0DE574F8 08000100 0DEB7D38
 0028F454 00000000 0028F458 0000000F 09CEDFD0 0DF14BA0 0028F43C 00422C55
 09CEDFD0 0DE574F8 00000002 0000000F 0028F43C 0028F44C 0000000D 0028F44C
 00000000 00000000 09CEE028 00000001 00000000 00000000 00000028 00000078
 40000000 00000000 00000000 00000000 00000000 00000000 00000000 00000000
 0028F454 00000000 0028F458 0028F45C 00000000 0028F468 0028F460 0028F464
 0028F46C 00000000 00000000 00000000 00000000 01140000 0E01FF78 00000000
 00000000 003A001F 00000603 004064C9 00000000 00000000 0E01FD30 00000001
 0E01FF70 0028F44C 77B0E023 08000200 0DE574F8 0028F51C 00000000 00000000
 09CEDFD0 0028F478 00000000 0028F4A8 0028F51C 00000000 000C11F9 00406482
 09CEDFD0 009A5024 0000001D FFFFFFFF FFFFFFFF 0028F4A8 00000001 00000004
 09CEDFD0 00000015 0000001B 00000011 00000004 00000003 01000001 00000000
 0028F51C 0B7BAB60 09BD62E0 005AEA0E 09CEDFD0 00002710 00000006 0059DDE4
 00000000 00000000 0B7BAB60 005ACF97 09BD62E0 00002710 00000000 00000000

Operating system:
 Name:     Windows
 Release:  6.1.7601 (Service Pack 1)
 Compiler: GCC 4.5.2 "4.5.2"

Configuration:
 Blitter:      8bpp-optimized
 Graphics set: OpenGFX (974)
 Language:     C:\Users\Rafi\Documents\OpenTTD\save\Benelux Transport\CargoDist r23672\lang\english.lng
 Music driver: win32
 Music set:    OpenMSX (96)
 Network:      no
 Sound driver: win32
 Sound set:    OpenSFX (87)
 Video driver: win32

AI Configuration (local: 16):
  0: Human
  1: gelignAIte (v1)
  2: StreetTraffic (v1)
  3: MailAI (v20110726)
  4: Terron (v203)
 GS: Neighbours are important (v3)

Libraries:
 FreeType:   2.4.4
 LZMA:       5.0.1
 LZO:        2.04
 PNG:        1.5.1
 Zlib:       1.2.5

Module information:
 C:\Users\Rafi\Documents\OpenTTD\save\Benelux Transport\CargoDist r23672\openttd.exe handle: 00400000 size: 9879759 crc: EA73EE2E date: 2011-12-26 13:05:18
 C:\Windows\SysWOW64\ntdll.dll handle: 77ae0000 size: 1292080 crc: 00BA27E8 date: 2011-11-17 05:38:39
 C:\Windows\syswow64\kernel32.dll handle: 770f0000 size: 1114112 crc: 6A966805 date: 2012-10-04 16:47:40
 C:\Windows\syswow64\KERNELBASE.dll handle: 770a0000 size: 274944 crc: CA411691 date: 2012-10-04 16:47:41
 C:\Windows\syswow64\ADVAPI32.DLL handle: 766c0000 size: 640512 crc: 34D5363F date: 2010-11-20 12:18:02
 C:\Windows\syswow64\msvcrt.dll handle: 76760000 size: 690688 crc: DAB48B3A date: 2011-12-16 07:52:58
 C:\Windows\SysWOW64\sechost.dll handle: 75830000 size: 92160 crc: B624B29A date: 2009-07-14 01:16:13
 C:\Windows\syswow64\RPCRT4.dll handle: 76ab0000 size: 663040 crc: D136A44D date: 2010-11-20 12:08:57
 C:\Windows\syswow64\SspiCli.dll handle: 751c0000 size: 96768 crc: 8036AEE0 date: 2012-06-02 04:34:09
 C:\Windows\syswow64\CRYPTBASE.dll handle: 751b0000 size: 36864 crc: 00308E17 date: 2009-07-14 01:15:07
 C:\Windows\syswow64\GDI32.dll handle: 76630000 size: 311296 crc: 5F06BCCF date: 2010-11-20 12:08:51
 C:\Windows\syswow64\USER32.dll handle: 75640000 size: 833024 crc: 9EFE504D date: 2010-11-20 12:08:57
 C:\Windows\syswow64\LPK.dll handle: 75770000 size: 25600 crc: 3C6CC57C date: 2009-07-14 01:11:23
 C:\Windows\syswow64\USP10.dll handle: 75790000 size: 626176 crc: A5ECB486 date: 2010-11-20 12:21:33
 C:\Windows\syswow64\SHELL32.DLL handle: 75980000 size: 12873728 crc: 53A44B0D date: 2012-06-09 04:41:00
 C:\Windows\syswow64\SHLWAPI.dll handle: 77040000 size: 350208 crc: 23E05F73 date: 2010-11-20 12:21:19
 C:\Windows\system32\WINMM.DLL handle: 725e0000 size: 194048 crc: 849223C7 date: 2010-11-20 12:21:36
 C:\Windows\syswow64\WS2_32.dll handle: 76ba0000 size: 206848 crc: FD00A753 date: 2010-11-20 12:21:38
 C:\Windows\syswow64\NSI.dll handle: 77ab0000 size: 8704 crc: 2ACE9671 date: 2009-07-14 01:16:11
 C:\Windows\system32\IMM32.DLL handle: 76a20000 size: 119808 crc: 38DB5163 date: 2010-11-20 12:08:51
 C:\Windows\syswow64\MSCTF.dll handle: 76f70000 size: 828928 crc: DFE09EEB date: 2009-07-14 01:15:43
 C:\Windows\system32\SHFolder.dll handle: 72f30000 size: 7168 crc: 683AAC32 date: 2009-07-14 01:16:14
 C:\Windows\syswow64\ole32.dll handle: 75340000 size: 1414144 crc: 74A1E844 date: 2010-11-20 12:20:49
 C:\Windows\system32\uxtheme.dll handle: 719c0000 size: 245760 crc: 60C5C746 date: 2009-07-14 01:11:24
 C:\ProgramData\Ad-Aware Browsing Protection\adawarebp.dll handle: 10000000 size: 318872 crc: EDFAAA2F date: 2012-12-11 23:20:44
 C:\Windows\system32\VERSION.dll handle: 74e10000 size: 21504 crc: 88D9D0F1 date: 2009-07-14 01:16:17
 C:\Windows\syswow64\OLEAUT32.dll handle: 76990000 size: 571904 crc: 2B85E126 date: 2011-08-27 04:26:27
 C:\Program Files (x86)\DigitalPersona\Bin\DpoFeedb.dll handle: 00340000 size: 644432 crc: F97C4A7C date: 2010-09-15 10:09:32
 C:\Windows\system32\USERENV.dll handle: 74df0000 size: 81920 crc: 8EF99595 date: 2010-11-20 12:21:33
 C:\Windows\system32\profapi.dll handle: 74de0000 size: 31744 crc: E7DBE825 date: 2009-07-14 01:16:12
 C:\Windows\system32\dwmapi.dll handle: 727e0000 size: 67072 crc: FC7CA4B8 date: 2009-07-14 01:15:13
 C:\Windows\syswow64\CLBCatQ.DLL handle: 76810000 size: 522240 crc: 6C130B8A date: 2009-07-14 01:15:03
 C:\Windows\system32\mswsock.dll handle: 72c20000 size: 232448 crc: 47C95B42 date: 2010-11-20 12:19:56
 C:\Windows\System32\wshtcpip.dll handle: 72c10000 size: 9216 crc: BA963A19 date: 2009-07-14 01:16:20
 C:\Windows\system32\MMDevAPI.DLL handle: 6bf90000 size: 213504 crc: 93C0AA4F date: 2010-11-20 12:19:39
 C:\Windows\system32\PROPSYS.dll handle: 73cf0000 size: 988160 crc: 888D0BCB date: 2010-11-20 12:20:57
 C:\Windows\system32\wdmaud.drv handle: 6f120000 size: 172032 crc: D5B9F5FA date: 2010-11-20 12:16:50
 C:\Windows\system32\ksuser.dll handle: 6f170000 size: 4608 crc: EBE07232 date: 2009-07-14 01:15:35
 C:\Windows\system32\AVRT.dll handle: 6f160000 size: 14336 crc: 9818237B date: 2009-07-14 01:14:58
 C:\Windows\syswow64\SETUPAPI.dll handle: 754a0000 size: 1667584 crc: 1D0104E8 date: 2010-11-20 12:21:14
 C:\Windows\syswow64\CFGMGR32.dll handle: 76a80000 size: 145920 crc: 377B5190 date: 2011-05-24 10:39:38
 C:\Windows\syswow64\DEVOBJ.dll handle: 77200000 size: 64512 crc: 66B02A5A date: 2011-05-24 10:40:05
 C:\Windows\system32\AUDIOSES.DLL handle: 6bf50000 size: 195584 crc: 0A7E52B1 date: 2010-11-20 12:18:05
 C:\Windows\system32\msacm32.drv handle: 6f150000 size: 20992 crc: 73923147 date: 2009-07-14 01:14:08
 C:\Windows\system32\MSACM32.dll handle: 6f0e0000 size: 72192 crc: ABA25814 date: 2009-07-14 01:15:42
 C:\Windows\system32\midimap.dll handle: 6f110000 size: 16896 crc: C000494C date: 2009-07-14 01:15:40
 C:\Program Files (x86)\DigitalPersona\Bin\DpoSet.dll handle: 73df0000 size: 212304 crc: F5E342D4 date: 2010-09-15 09:01:52
 C:\Windows\system32\mciseq.dll handle: 6f0d0000 size: 23552 crc: BA67A92D date: 2009-07-14 01:15:37
 C:\Windows\syswow64\psapi.dll handle: 75850000 size: 6144 crc: 25B988F9 date: 2009-07-14 01:16:12

---- gamelog start ----
Tick 0: new game started
     Revision text changed to 1.0.3, savegame version 138, not modified, _openttd_newgrf_version = 0x10384f2b
     New game mode: 2 landscape: 0
     Added NewGRF: GRF ID 52570103, checksum EDB2D26F9D81423734CA12412F309CF3, filename: generic_tram_set.0.4\generictrams.grf (md5sum matches)
     Added NewGRF: GRF ID 535A5644, checksum 5390BFF2E600595DC74E1C6247DA762D, unknown GRF
     Added NewGRF: GRF ID 27711003, checksum 332CA2515DAB3E8D6C72F28F6918630E, filename: 2cctrainset.grf (matches GRFID only)
     Added NewGRF: GRF ID 41420000, checksum 91B1E5631A3A4926CC7C1DBDBBC585CD, filename: metro_subway_set-prealpha3.1\metro subway set.grf (md5sum matches)
     Added NewGRF: GRF ID FBFB0401, checksum E497AFEB67D7501658FFC709C2E474A9, filename: MetroTrackSetW.grf (md5sum matches)
     Added NewGRF: GRF ID 57A50001, checksum 52DE8F250C218E524065141967AD40A8, filename: was__world_airliners_set_.alpha\was.grf (md5sum matches)
     Added NewGRF: GRF ID 44460000, checksum 794F4247978D52C300939D120EA29176, unknown GRF
Tick 0: settings changed
     Setting changed: economy.allow_town_roads : 1 -> 0
Tick 0: settings changed
     Setting changed: economy.allow_town_roads : 0 -> 1
Tick 0: settings changed
     Setting changed: economy.allow_town_roads : 1 -> 0
Tick 0: settings changed
     Setting changed: economy.allow_town_roads : 0 -> 1
Tick 0: GRF config changed
     Removed NewGRF: GRF ID 52570103, filename: generic_tram_set.0.4\generictrams.grf (md5sum matches)
     Removed NewGRF: GRF ID 27711003, filename: 2cctrainset.grf (matches GRFID only)
     Removed NewGRF: GRF ID 41420000, filename: metro_subway_set-prealpha3.1\metro subway set.grf (md5sum matches)
     Removed NewGRF: GRF ID FBFB0401, filename: MetroTrackSetW.grf (md5sum matches)
     Removed NewGRF: GRF ID 57A50001, filename: was__world_airliners_set_.alpha\was.grf (md5sum matches)
     Removed NewGRF: GRF ID 44460000, unknown GRF
Tick 0: settings changed
     Setting changed: vehicle.freight_trains : 1 -> 2
Tick 0: settings changed
     Setting changed: vehicle.freight_trains : 2 -> 3
Tick 0: settings changed
     Setting changed: vehicle.freight_trains : 3 -> 2
Tick 0: settings changed
     Setting changed: vehicle.freight_trains : 2 -> 1
Tick 0: settings changed
     Setting changed: economy.station_noise_level : 0 -> 1
Tick 0: settings changed
     Setting changed: vehicle.freight_trains : 1 -> 2
Tick 0: settings changed
     Setting changed: vehicle.freight_trains : 2 -> 3
Tick 0: game loaded
     Revision text changed to 1.0.4, savegame version 138, not modified, _openttd_newgrf_version = 0x10485145
Tick 0: game loaded
     Revision text changed to r23672M, savegame version 213, modified, _openttd_newgrf_version = 0x12005c78
     Missing NewGRF: GRF ID 535A5644, unknown GRF
Tick 0: GRF config changed
     Added NewGRF: GRF ID 4D4C0503, checksum 89F47F72BBEEEB3C0F773845D6648C60, filename: dutch_trainset-1\dutchtrainsw.grf (md5sum matches)
     Added NewGRF: GRF ID 52571201, checksum C1C7D8C53EB7E74EEE2F0EF29638B466, filename: ottdc_grfpack\8_vehicles\road_vehicles\grvts\egrvts.grf (md5sum matches)
     Added NewGRF: GRF ID 52453C00, checksum C5B4EC240B33E2DB8D1EA64C97898B5E, filename: ottdc_grfpack\2_landscape\stolentrees\stolentreesw_162_108.grf (md5sum matches)
     Added NewGRF: GRF ID 414E0101, checksum 5D665C64693A438E3046C22666F46E08, filename: fish_ship_set-0.9.2\fish.grf (md5sum matches)
     Added NewGRF: GRF ID 44440A01, checksum ECEB9DF262403B15841B9610C1300BDF, filename: av8_aviators_aircraft_set-2.11\pb_av8w.grf (md5sum matches)
Tick 0: GRF config changed
     Added NewGRF: GRF ID 58534453, checksum 5003B41F805909AECE9051BA6CFD1738, filename: dutchstatw.grf (md5sum matches)
     Added NewGRF: GRF ID 52455200, checksum 0E5A9C5ACD2BCAF7FA0658C3F905A660, filename: ottdc_grfpack\7_stations\ae_rura\ae_ruraw.GRF (md5sum matches)
     Added NewGRF: GRF ID 52455300, checksum 37C0B839B13C4B18051580C81EEDF427, filename: ottdc_grfpack\7_stations\ae_subu\ae_subuw.GRF (md5sum matches)
     Added NewGRF: GRF ID 52455400, checksum 1600687C50C5AB1E72EDD487CAD50E2A, filename: ottdc_grfpack\7_stations\ae_city\ae_cityw.GRF (md5sum matches)
     Added NewGRF: GRF ID 43415463, checksum 422B1603DC1CEDA4E59E715E12EAD332, filename: canstnw.grf (md5sum matches)
Tick 0: game loaded
     New game mode: 1 landscape: 0
Tick 1127: GRF config changed
     Added NewGRF: GRF ID 444A5401, checksum 70955580042DE6758938EA904A2223CA, filename: nutracks-1.1.2\nutracks.grf (md5sum matches)
Tick 19851: settings changed
     Setting changed: vehicle.plane_speed : 4 -> 3
Tick 19851: settings changed
     Setting changed: vehicle.plane_speed : 3 -> 2
Tick 19851: settings changed
     Setting changed: vehicle.plane_speed : 2 -> 1
Tick 28141: GRF config changed
     GRF parameter changed: GRF ID 44440A01, filename: av8_aviators_aircraft_set-2.11\pb_av8w.grf (md5sum matches)
Tick 50409: game loaded
     New game mode: 2 landscape: 0
Tick 50409: game loaded
     New game mode: 1 landscape: 0
Tick 59486: game loaded
     New game mode: 2 landscape: 0
---- gamelog end ----

*** End of OpenTTD Crash Report ***
