*** OpenTTD Crash Report ***

Crash at: Sat Feb 12 18:06:24 2011
In game date: 1992-02-18 (6)

Crash reason:
 Exception: E1212012
 Location:  7C812AFB
 Message:   Assertion failed at line 127 of c:\openttd\compile\src\core/pool_func.hpp: this->checked != 0

OpenTTD version:
 Version:    r22060 (0)
 NewGRF ver: 1100562c
 Bits:       32
 Endian:     little
 Dedicated:  no
 Build date: Feb 11 2011 19:17:34

Registers:
 EAX: 0012F260 EBX: 00000016 ECX: 00000000 EDX: 00BD2168
 ESI: 00000000 EDI: 00000000 EBP: 0012F2B0 ESP: 0012F25C
 EIP: 7C812AFB EFLAGS: 00200246

 Bytes at instruction pointer:
 5E C9 C2 10 00 85 FF 0F 8E 36 93 FF FF 8B 55 FC 89 55 0C 0F B7 16 8B 7D

Stack trace:
 00BD2088 E1212012 00000000 00000000 7C812AFB 00000000 00000000 0012F2AC
 0043D8A9 00BD6498 00BD6538 00000000 0012FFB0 7C90D80A 7C913308 FFFFFFFF
 00000024 0012F2AC 00000004 00000000 5740A15D 0012F310 00574B2B E1212012
 00000000 00000000 00000000 00647556 00000016 340B4282 0012F658 00000200
 00C2BBB8 7C913308 FFFFFFFF 00000000 0012F2F8 00574B1B 00000001 0012F2D0
 0012EE78 0012F898 0064D740 34A3C27A FFFFFFFE 0012F648 00646990 00000016
 00000200 00647F39 0012F370 00BB5718 01182DF0 0064FD98 00000000 FFFFFFEE
 0012F5CC 006508A4 00000000 0012F658 0012F658 00650930 0012F37C 0012F9B0
 00000000 00000007 0012F9B0 0002CBF8 00000000 00BB5718 01182DF0 01181E90
 0012F301 0012F5F0 00000000 00000000 00000000 00B31DD9 00000000 00000000
 00000000 0012F9B0 0000005D 0012F870 00000012 00B61328 FFFFFFFF 0002C7F8
 00000000 00000001 00000010 0012F9B0 0012F3F4 0012F9B0 0055B7DD 0012F9B0
 0012F9B0 0002C5F8 00040025 00000001 00000010 0012F9B0 0012F41C 0012F9B0
 0055B7DD 0012F9B0 0012F9B0 0002C3F8 00040024 00000010 0012F5A4 00000000
 7E42934B 00000010 0012F5A4 00000000 0012F9B0 0012F420 00040023 0012F898
 7E44048F 7E429350 000063B6 0012F598 7E43A2BC 0012F5A4 0012F658 00000200
 7E43A2D6 00000001 00000010 0012F9B0 0012F494 00D00850 0055B7DD 0012F9B0
 0012F9B0 00000000 00000000 7E4120EC 00000000 00000001 0012F4BC 0012F9B0
 0055B7DD 0012F9B0 0012F9B0 0002BBF8 00040020 00000001 00000010 0012F9B0
 0012F4E4 0012F9B0 0055B7DD 0012F9B0 0012F9B0 0002B9F8 0004001F 00000001
 00000010 0012F9B0 0012F50C 0012F9B0 0055B7DD 0012F9B0 0012F9B0 0002B7F8
 0004001E 00000001 00000010 0012F9B0 0012F534 0012F9B0 0055B7DD 0012F9B0
 0012F9B0 0002B5F8 0004001D 00000001 00000010 0012F9B0 0012F55C 0012F9B0
 0055B7DD 0012F9B0 0012F9B0 0002B3F8 0004001C 00000001 00000010 0012F9B0

Operating system:
 Name:     Windows
 Release:  5.1.2600 (Service Pack 3)
 Compiler: MSVC 1500

Configuration:
 Blitter:      8bpp-optimized
 Graphics set: OpenGFX (589)
 Language:     L:\OTTD\lang\english.lng
 Music driver: dmusic
 Music set:    OpenMSX (96)
 Network:      no
 Sound driver: win32
 Sound set:    OpenSFX (87)
 Video driver: win32

AI Configuration (local: 0):
  0: Human

Libraries:
 FreeType:   2.4.4
 ICU:        4.4.2
 LZMA:       5.0.0
 LZO:        2.03
 PNG:        1.4.5
 Zlib:       1.2.5

Module information:
 L:\OTTD\openttd.exe  handle: 00400000 size: 8226816 crc: 3FBAF879 date: 2011-02-11 19:21:24
 F:\WINDOWS\system32\ntdll.dll handle: 7C900000 size: 718336 crc: 1684124F date: 2010-12-09 15:15:41
 F:\WINDOWS\system32\kernel32.dll handle: 7C800000 size: 989696 crc: 8A0508E5 date: 2009-09-08 19:22:16
 F:\WINDOWS\system32\WINMM.dll handle: 76B40000 size: 176128 crc: 9676D976 date: 2008-04-14 12:00:00
 F:\WINDOWS\system32\ADVAPI32.dll handle: 77DD0000 size: 617472 crc: C9027432 date: 2009-09-08 19:20:32
 F:\WINDOWS\system32\RPCRT4.dll handle: 77E70000 size: 590848 crc: E9ECB923 date: 2010-08-16 08:45:00
 F:\WINDOWS\system32\Secur32.dll handle: 77FE0000 size: 56832 crc: 3D0002B7 date: 2009-09-08 19:22:38
 F:\WINDOWS\system32\GDI32.dll handle: 77F10000 size: 286720 crc: B5F6B116 date: 2009-09-08 19:22:13
 F:\WINDOWS\system32\USER32.dll handle: 7E410000 size: 578560 crc: F7C72264 date: 2008-04-14 12:00:00
 F:\WINDOWS\system32\WS2_32.dll handle: 71AB0000 size: 82432 crc: 7C519ECA date: 2008-04-14 12:00:00
 F:\WINDOWS\system32\msvcrt.dll handle: 77C10000 size: 343040 crc: 0B7B1677 date: 2008-04-14 12:00:00
 F:\WINDOWS\system32\WS2HELP.dll handle: 71AA0000 size: 19968 crc: 3F24E096 date: 2008-04-14 12:00:00
 F:\WINDOWS\system32\SHELL32.dll handle: 7C9C0000 size: 8462336 crc: A88619FE date: 2011-01-21 14:44:37
 F:\WINDOWS\system32\SHLWAPI.dll handle: 77F60000 size: 474112 crc: BDFA6F45 date: 2009-12-08 09:23:28
 F:\WINDOWS\system32\IMM32.DLL handle: 76390000 size: 110080 crc: C1486DA0 date: 2008-04-14 12:00:00
 F:\WINDOWS\WinSxS\x86_Microsoft.Windows.Common-Controls_6595b64144ccf1df_6.0.2600.6028_x-ww_61e65202\comctl32.dll handle: 773D0000 size: 1054208 crc: 350BBD1B date: 2010-08-23 16:12:02
 F:\WINDOWS\system32\comctl32.dll handle: 5D090000 size: 617472 crc: B00C920E date: 2010-08-23 16:12:04
 F:\WINDOWS\system32\SHFolder.dll handle: 76780000 size: 25088 crc: 8009EA65 date: 2008-04-14 12:00:00
 F:\WINDOWS\system32\WINTRUST.dll handle: 76C30000 size: 177664 crc: 10F114B4 date: 2009-12-24 06:59:40
 F:\WINDOWS\system32\CRYPT32.dll handle: 77A80000 size: 599040 crc: F04E4319 date: 2008-04-14 12:00:00
 F:\WINDOWS\system32\MSASN1.dll handle: 77B20000 size: 58880 crc: AA214C7F date: 2009-10-13 17:21:52
 F:\WINDOWS\system32\IMAGEHLP.dll handle: 76C90000 size: 144384 crc: F7A06429 date: 2008-04-14 12:00:00
 F:\WINDOWS\system32\wdmaud.drv handle: 72D20000 size: 23552 crc: EEB914CA date: 2008-04-14 01:42:46
 F:\WINDOWS\system32\msacm32.drv handle: 72D10000 size: 20480 crc: D5406BAE date: 2008-04-14 12:00:00
 F:\WINDOWS\system32\MSACM32.dll handle: 77BE0000 size: 71680 crc: EDE4B266 date: 2008-04-14 12:00:00
 F:\WINDOWS\system32\midimap.dll handle: 77BD0000 size: 18944 crc: 2E6D5FD1 date: 2008-04-14 12:00:00
 F:\WINDOWS\system32\MSCTF.dll handle: 74720000 size: 297984 crc: 392BE0B0 date: 2008-04-14 12:00:00
 F:\WINDOWS\system32\msctfime.ime handle: 755C0000 size: 177152 crc: 6D3663FE date: 2008-04-14 12:00:00
 F:\WINDOWS\system32\ole32.dll handle: 774E0000 size: 1288192 crc: 2C4B341E date: 2010-07-16 12:05:55
 F:\WINDOWS\system32\ctagent.dll handle: 02000000 size: 8704 crc: 1204C644 date: 2009-06-23 09:48:10
 F:\WINDOWS\system32\CLBCATQ.DLL handle: 76FD0000 size: 498688 crc: F43789FF date: 2008-04-14 12:00:00
 F:\WINDOWS\system32\COMRes.dll handle: 77050000 size: 792064 crc: 868482D5 date: 2008-04-14 12:00:00
 F:\WINDOWS\system32\OLEAUT32.dll handle: 77120000 size: 551936 crc: 1EE83658 date: 2008-04-14 12:00:00
 F:\WINDOWS\system32\VERSION.dll handle: 77C00000 size: 18944 crc: 558B1DAF date: 2008-04-14 12:00:00
 F:\WINDOWS\system32\dmime.dll handle: 5C570000 size: 181248 crc: A021AC64 date: 2008-04-14 12:00:00
 F:\WINDOWS\system32\DSOUND.dll handle: 73F10000 size: 367616 crc: 33C2A52C date: 2008-04-14 12:00:00
 F:\WINDOWS\system32\dmusic.dll handle: 6C980000 size: 104448 crc: E9A2B682 date: 2008-04-14 12:00:00
 F:\WINDOWS\system32\KsUser.dll handle: 73EE0000 size: 4096 crc: BD8E6BD9 date: 2008-04-14 01:41:58
 F:\WINDOWS\system32\dmsynth.dll handle: 6C9A0000 size: 103424 crc: 3E2BFB05 date: 2008-04-14 12:00:00
 F:\WINDOWS\system32\dmloader.dll handle: 6CA10000 size: 35840 crc: 9271DC2B date: 2008-04-14 12:00:00
 F:\WINDOWS\system32\mswsock.dll handle: 71A50000 size: 245248 crc: FBBA0828 date: 2009-09-08 19:22:27
 F:\WINDOWS\system32\hnetcfg.dll handle: 662B0000 size: 344064 crc: 96358152 date: 2008-04-14 12:00:00
 F:\WINDOWS\System32\wshtcpip.dll handle: 71A90000 size: 19456 crc: F5533E87 date: 2008-04-14 12:00:00
 F:\WINDOWS\system32\psapi.dll handle: 76BF0000 size: 23040 crc: 75BBDCAD date: 2008-04-14 12:00:00

---- gamelog start ----
Tick 0: new game started
     Revision text changed to r22009, savegame version 160, not modified, _openttd_newgrf_version = 0x110055f9
     New game mode: 1 landscape: 0
     Added NewGRF: GRF ID 44440A01, checksum 0BF8636EFEEF4F0617CAE47D77FF4C43, filename: av8_aviators_aircraft_set-1.81\pb_av8w.grf (md5sum matches)
     Added NewGRF: GRF ID 44440A02, checksum CC43F806C0D6838DBE3E68434F3726F3, filename: apache_helicopter.1\apache_w.grf (md5sum matches)
     Added NewGRF: GRF ID 535A2330, checksum BEDFEED918FED648579C1A1245BFDA1E, filename: useable_default_aircraft-v2\use_airc.grf (md5sum matches)
     Added NewGRF: GRF ID 535A1344, checksum EE64CDD6E4600C717B448583026DF24D, filename: temperate_oil_wells_can_increase.v2\oilsgoup.grf (md5sum matches)
     Added NewGRF: GRF ID 48420807, checksum 020A92868F6CEDD4C04172A76C06A3BE, filename: close_down_banks_watertowerpow-v0.2\close down bank watertowerw v0.2.grf (md5sum matches)
     Added NewGRF: GRF ID 50430301, checksum 019EC35F3327E5069E68A8AD990C1AAE, filename: british_town_names-2.1\brit_names.grf (md5sum matches)
     Added NewGRF: GRF ID 44573452, checksum 39A1EB2C5FE2AD2164C807DDE631B3DD, filename: dwestationtiles_industrial_ter-v0.6\dwe_stat_r.grf (md5sum matches)
     Added NewGRF: GRF ID 414E0101, checksum 9FE1949FF50A22F6260A6D2D3FA45A2D, filename: fish_ship_set-0.8.2\fish.grf (md5sum matches)
     Added NewGRF: GRF ID 78560007, checksum 4FF96B8C2A55CA3DE21F8049F9DF046F, filename: ikarus_set-5.3\ikarus2w.grf (md5sum matches)
     Added NewGRF: GRF ID FBFB9905, checksum F747797A14AAA646402DC4E16DE5E82C, filename: longer_girder__steel_bridge.1\longergirdersteelbridge.grf (md5sum matches)
     Added NewGRF: GRF ID 05102002, checksum A8B77B8D1F20D43B6FA521B4C3A8FC50, filename: monolev_replacement_set_v0.3.6-0.3.7\mrsv037.grf (md5sum matches)
     Added NewGRF: GRF ID 4444F000, checksum 875F485E4DB617B27C58543C4000F0FB, filename: old_wagons_new_cargos.1.1\oldwagons-newcargos.grf (md5sum matches)
     Added NewGRF: GRF ID 444E0700, checksum 82B3BEF3F36E7B9CCE04AFD5AC690C3A, filename: universal_rail_type-1.4\univrt.grf (md5sum matches)
     Added NewGRF: GRF ID 444E0400, checksum 735D3D74D5DCADBF1FD6EF7A9C5A3519, filename: vast_station_tiles-0.2.0\vast.grf (md5sum matches)
     Added NewGRF: GRF ID 44440A03, checksum 6205E0297104502240D946EC26B195CA, filename: av8_extra_aircraft.1.501\pb_av8exw.grf (md5sum matches)
     Added NewGRF: GRF ID 05102001, checksum ECFDE8BA1A2DEB6AF558D89285E70444, filename: a_new_monolev_trainset.0.3\nmts.grf (md5sum matches)
     Added NewGRF: GRF ID 44440A11, checksum 9CC25A10F25815ABD68C21520C822894, filename: general_av8ion.0.2\genav8w.grf (md5sum matches)
Tick 46253: game loaded
     Revision text changed to r22027, savegame version 160, not modified, _openttd_newgrf_version = 0x1100560b
Tick 56108: game loaded
     Revision text changed to r22042, savegame version 160, not modified, _openttd_newgrf_version = 0x1100561a
Tick 61037: game loaded
     Revision text changed to r22052, savegame version 160, not modified, _openttd_newgrf_version = 0x11005624
Tick 15988: game loaded
     Revision text changed to r22060, savegame version 160, not modified, _openttd_newgrf_version = 0x1100562c
---- gamelog end ----

*** End of OpenTTD Crash Report ***

Decoded stack trace:
[00] ???                  0x7C812AFB ¬% + 82
[01] ???                  0x00574B2B
[02] ???                  0x00646990
[03] ???                  0x004304E6
[04] ???                  0x004AED18
[05] ???                  0x004D1894
[06] ???                  0x004D1F57
[07] ???                  0x00405B10
[08] ???                  0x004056D2
[09] ???                  0x00494B9D
[10] ???                  0x004524DC
[11] ???                  0x00454699
[12] ???                  0x004548BC

*** End of additional info ***
