*** OpenTTD Crash Report ***

Crash at: Mon Sep 19 04:44:56 2011
In game date: 1990-01-02 (4)

Crash reason:
 Exception: C0000005
 Location:  0052B16B
 Message:   <none>

OpenTTD version:
 Version:    1.1.3 (0)
 NewGRF ver: 1138599a
 Bits:       32
 Endian:     little
 Dedicated:  no
 Build date: Sep 15 2011 20:09:41

Registers:
 EAX: 00000000 EBX: 00000000 ECX: 0018F84C EDX: 00000044
 ESI: 02B5D2F8 EDI: 0018F84C EBP: 0018F7A4 ESP: 0018F660
 EIP: 0052B16B EFLAGS: 00210246

 Bytes at instruction pointer:
 0F B6 80 A0 00 00 00 0F B6 8E A0 00 00 00 66 2B C8 8B C6 0F B7 F9 B2 01

Stack trace:
 02B949B8 0018F84C 0018F7BC 00000044 00000150 00000000 0018F84C 0018F84C
 0018F7E4 0052AF35 02B94E68 0018F84C 0018F7E4 000000B4 00000000 01500192
 0018F6E8 00000000 00000000 00000084 00000000 00390630 00000084 00000000
 01500192 00000004 000004B0 76E46A62 00000000 00000001 00000001 00000000
 00000000 76E46A62 00000001 0018F708 74D40B96 00000000 00000000 00000000
 01500192 0018F714 76E46210 76EB0230 03754768 0018F750 76E46B34 76E46B00
 75907F25 00000000 00000084 00000000 00000001 00000001 0018F720 000007D0
 0018F874 76EAA61E 036CE37D FFFFFFFE 76E46B00 0054F36F 00390630 00000084
 00000000 01500192 00000000 0054EE40 00000000 660113C7 00000000 00000000
 00CC0020 FFFFFFFF 00000000 766D5A86 766D4F70 00000000 E40110CC 0018F824
 1002660B 0018F7C0 00530366 00000000 0018F7EF 02B88C48 00000000 00000000
 0018F7F0 00530453 00000044 00000000 0018F7EF 02B949B8 00000015 00000001
 02B949B8 00000000 00000000 01530453 0018F818 00530557 0018F84C 02B94E68
 00000032 00000001 02B94E68 00000003 00000054 01530453 0018F840 00530557
 0018F84C 00000004 02B5D2F8 00000000 02B95048 00000001 0000001C 01000000
 0018F8A0 0052C19A 0018F84C 00000032 00000000 00000000 0293A100 00000015
 00000000 00000000 00000000 00000000 0018F8CC 00000000 02C64940 02B5D2F8
 02B5D7D8 00000100 0018F8CC 0052ADD0 0052ADF0 0052AE10 0052AF19 0052BF01
 0018F948 0043E1CC 00000032 00000000 00000100 02B5D2F8 073BBF9C 00000000
 073BBF8C 0043E23C 073BBF8C 073BBF9C 00000000 0018F93C 004BB026 00000000
 0000EBF5 000001C0 00000000 0018F900 000001C0 00000000 0000FB75 00000000
 00000000 0018F918 00000000 0041C066 00495740 0000FBF5 00000000 00000004
 0018F93C 0049595C 00000001 0000FBF5 0000FBF5 0000FBF5 0043E212 0018FA7C
 00646E24 FFFFFFFF 0018FA8C 0042C8CB 073BBF8C 073BBF9C 00000000 073BBF9C

Operating system:
 Name:     Windows
 Release:  6.1.7601 (Service Pack 1)
 Compiler: MSVC 1600

Configuration:
 Blitter:      8bpp-optimized
 Graphics set: original_windows (0)
 Language:     C:\Program Files (x86)\OpenTTD\lang\english.lng
 Music driver: dmusic
 Music set:    OpenMSX (96)
 Network:      no
 Sound driver: win32
 Sound set:    OpenSFX (87)
 Video driver: win32

AI Configuration (local: 0):
  0: Human

Libraries:
 FreeType:   2.4.5
 ICU:        4.4.2
 LZMA:       5.0.3
 LZO:        2.05
 PNG:        1.5.4
 Zlib:       1.2.5

Module information:
 C:\Program Files (x86)\OpenTTD\openttd.exe handle: 00400000 size: 8053248 crc: 5FEEC497 date: 2011-09-16 03:12:22
 C:\Windows\SysWOW64\ntdll.dll handle: 77330000 size: 1292096 crc: 6E5DAD5F date: 2010-11-21 03:24:01
 C:\Windows\syswow64\kernel32.dll handle: 76D20000 size: 1114112 crc: 2FE5E9D5 date: 2011-07-16 04:24:22
 C:\Windows\syswow64\KERNELBASE.dll handle: 754F0000 size: 272384 crc: 145EBDEB date: 2011-07-16 04:24:22
 C:\Windows\system32\WINMM.dll handle: 721A0000 size: 194048 crc: 849223C7 date: 2010-11-21 03:24:16
 C:\Windows\syswow64\msvcrt.dll handle: 74F00000 size: 690688 crc: 554C94A4 date: 2009-07-14 01:15:50
 C:\Windows\syswow64\USER32.dll handle: 76E30000 size: 833024 crc: 9EFE504D date: 2010-11-21 03:24:20
 C:\Windows\syswow64\GDI32.dll handle: 766C0000 size: 311296 crc: 5F06BCCF date: 2010-11-21 03:24:14
 C:\Windows\syswow64\LPK.dll handle: 76B10000 size: 25600 crc: 3C6CC57C date: 2009-07-14 01:11:23
 C:\Windows\syswow64\USP10.dll handle: 765A0000 size: 626176 crc: A5ECB486 date: 2010-11-21 03:24:16
 C:\Windows\syswow64\ADVAPI32.dll handle: 75630000 size: 640512 crc: 34D5363F date: 2010-11-21 03:24:28
 C:\Windows\SysWOW64\sechost.dll handle: 76750000 size: 92160 crc: B624B29A date: 2009-07-14 01:16:13
 C:\Windows\syswow64\RPCRT4.dll handle: 763B0000 size: 663040 crc: D136A44D date: 2010-11-21 03:24:11
 C:\Windows\syswow64\SspiCli.dll handle: 74E90000 size: 96768 crc: 02C9982C date: 2010-11-21 03:24:16
 C:\Windows\syswow64\CRYPTBASE.dll handle: 74E80000 size: 36864 crc: 00308E17 date: 2009-07-14 01:15:07
 C:\Windows\syswow64\WS2_32.dll handle: 76530000 size: 206848 crc: FD00A753 date: 2010-11-21 03:23:55
 C:\Windows\syswow64\NSI.dll handle: 76B00000 size: 8704 crc: 2ACE9671 date: 2009-07-14 01:16:11
 C:\Windows\syswow64\SHELL32.dll handle: 756D0000 size: 12872192 crc: 23AAF5A3 date: 2010-11-21 03:24:02
 C:\Windows\syswow64\SHLWAPI.dll handle: 76AA0000 size: 350208 crc: 23E05F73 date: 2010-11-21 03:23:48
 C:\Windows\system32\IMM32.DLL handle: 75540000 size: 119808 crc: 38DB5163 date: 2010-11-21 03:24:25
 C:\Windows\syswow64\MSCTF.dll handle: 74FB0000 size: 828928 crc: DFE09EEB date: 2009-07-14 01:15:43
 C:\Windows\SysWOW64\guard32.dll handle: 10000000 size: 285256 crc: D759E675 date: 2011-06-30 16:37:26
 C:\Windows\system32\VERSION.dll handle: 73560000 size: 21504 crc: 88D9D0F1 date: 2009-07-14 01:16:17
 C:\Windows\system32\fltlib.dll handle: 73550000 size: 14848 crc: 84888438 date: 2009-07-14 01:15:21
 C:\Windows\system32\SHFolder.dll handle: 73D40000 size: 7168 crc: 683AAC32 date: 2009-07-14 01:16:14
 C:\Windows\syswow64\ole32.dll handle: 76800000 size: 1414144 crc: 74A1E844 date: 2010-11-21 03:24:01
 C:\Windows\system32\MMDevAPI.DLL handle: 74A30000 size: 213504 crc: 93C0AA4F date: 2010-11-21 03:23:51
 C:\Windows\system32\PROPSYS.dll handle: 74C30000 size: 988160 crc: 888D0BCB date: 2010-11-21 03:24:08
 C:\Windows\syswow64\OLEAUT32.dll handle: 764A0000 size: 571904 crc: E9FA5FF8 date: 2011-02-25 05:34:36
 C:\Windows\system32\wdmaud.drv handle: 72370000 size: 172032 crc: D5B9F5FA date: 2010-11-21 03:24:00
 C:\Windows\system32\ksuser.dll handle: 74030000 size: 4608 crc: EBE07232 date: 2009-07-14 01:15:35
 C:\Windows\system32\AVRT.dll handle: 73C90000 size: 14336 crc: 9818237B date: 2009-07-14 01:14:58
 C:\Windows\syswow64\SETUPAPI.dll handle: 75300000 size: 1667584 crc: 1D0104E8 date: 2010-11-21 03:23:51
 C:\Windows\syswow64\CFGMGR32.dll handle: 752D0000 size: 145920 crc: 377B5190 date: 2011-05-24 10:39:38
 C:\Windows\syswow64\DEVOBJ.dll handle: 75190000 size: 64512 crc: 66B02A5A date: 2011-05-24 10:40:05
 C:\Windows\system32\AUDIOSES.DLL handle: 703C0000 size: 195584 crc: 0A7E52B1 date: 2010-11-21 03:23:55
 C:\Windows\system32\msacm32.drv handle: 73CA0000 size: 20992 crc: 73923147 date: 2009-07-14 01:14:08
 C:\Windows\system32\MSACM32.dll handle: 72760000 size: 72192 crc: ABA25814 date: 2009-07-14 01:15:42
 C:\Windows\system32\midimap.dll handle: 70660000 size: 16896 crc: C000494C date: 2009-07-14 01:15:40
 C:\Windows\syswow64\CLBCatQ.DLL handle: 755A0000 size: 522240 crc: 6C130B8A date: 2009-07-14 01:15:03
 C:\Windows\system32\uxtheme.dll handle: 74D30000 size: 245760 crc: 60C5C746 date: 2009-07-14 01:11:24
 C:\Program Files (x86)\4t Tray Minimizer\ShellEh552.dll handle: 02930000 size: 54784 crc: 960E9BE5 date: 2011-08-07 04:34:18
 C:\Windows\system32\dwmapi.dll handle: 74DF0000 size: 67072 crc: FC7CA4B8 date: 2009-07-14 01:15:13
 C:\Windows\System32\dmime.dll handle: 70620000 size: 179712 crc: 179D7CFB date: 2009-07-14 01:15:12
 C:\Windows\System32\DSOUND.dll handle: 6F890000 size: 453632 crc: EC24F2F8 date: 2009-07-14 01:15:13
 C:\Windows\System32\POWRPROF.dll handle: 705F0000 size: 145408 crc: 9957ABF4 date: 2009-07-14 01:16:12
 C:\Windows\System32\dmusic.dll handle: 70570000 size: 101376 crc: F5D0AA6B date: 2009-07-14 01:15:12
 C:\Windows\syswow64\WINTRUST.dll handle: 76770000 size: 172032 crc: B7CADF2A date: 2010-11-21 03:24:32
 C:\Windows\syswow64\CRYPT32.dll handle: 751B0000 size: 1154048 crc: 61BB81F2 date: 2010-11-21 03:23:59
 C:\Windows\syswow64\MSASN1.dll handle: 77300000 size: 34304 crc: BE7DA129 date: 2010-11-21 03:23:48
 C:\Windows\System32\dmsynth.dll handle: 703A0000 size: 105472 crc: 3B102040 date: 2009-07-14 01:15:12
 C:\Windows\System32\dmloader.dll handle: 70390000 size: 38400 crc: 8A3F45D2 date: 2009-07-14 01:15:12
 C:\Windows\system32\mswsock.dll handle: 72910000 size: 232448 crc: 47C95B42 date: 2010-11-21 03:24:09
 C:\Windows\System32\wshtcpip.dll handle: 72580000 size: 9216 crc: BA963A19 date: 2009-07-14 01:16:20
 C:\Windows\syswow64\psapi.dll handle: 74EF0000 size: 6144 crc: 25B988F9 date: 2009-07-14 01:16:12

---- gamelog start ----
Tick 0: new game started
     Revision text changed to 1.1.3, savegame version 160, not modified, _openttd_newgrf_version = 0x1138599a
     New game mode: 1 landscape: 0
     Added NewGRF: GRF ID 4946424C, checksum FB1D27D6C1D0D3AC3DBEE439F86B7513, filename: hotairballoon.grf (md5sum matches)
---- gamelog end ----

*** End of OpenTTD Crash Report ***

Decoded stack trace:
[00] openttd              0x0052B16B
[01] openttd              0x00530366
[02] openttd              0x00530453
 <infinite loop>

*** End of additional info ***
