*** OpenTTD Crash Report ***

Crash at: Sat Aug 18 08:32:33 2012
In game date: 1947-05-26 (10)

Crash reason:
 Signal:  Segmentation fault (11)
 Message: <none>

OpenTTD version:
 Version:    1.2.2 (0)
 NewGRF ver: 12285f9c
 Bits:       64
 Endian:     little
 Dedicated:  yes
 Build date: Aug 17 2012 09:46:20

Stacktrace:
 [00] /opt/openttd1/games/openttd1(_ZNK12CrashLogUnix13LogStacktraceEPcPKc+0x39) [0x687529]
 [01] /opt/openttd1/games/openttd1(_ZNK8CrashLog12FillCrashLogEPcPKc+0xf0) [0x57bf10]
 [02] /opt/openttd1/games/openttd1(_ZNK8CrashLog12MakeCrashLogEv+0x84) [0x57c1b4]
 [03] /opt/openttd1/games/openttd1() [0x687494]
 [04] /lib64/libc.so.6(+0x35ba0) [0x7fbe39fb5ba0]
 [05] /opt/openttd1/games/openttd1(_ZN12PacketWriter5WriteEPhm+0x31) [0x628e11]
 [06] /opt/openttd1/games/openttd1() [0x6e108b]
 [07] /opt/openttd1/games/openttd1(_ZN20ThreadObject_pthread12stThreadProcEPv+0xb) [0x74bedb]
 [08] /lib64/libpthread.so.0(+0x7da6) [0x7fbe3aeacda6]
 [09] /lib64/libc.so.6(clone+0x6d) [0x7fbe3a06b06d]

Operating system:
 Name:     Linux
 Release:  3.2.13-grsec-xxxx-grs-ipv6-64
 Version:  #1 SMP Thu Mar 29 09:48:59 UTC 2012
 Machine:  x86_64
 Compiler: GCC 4.5.3 "4.5.3"

Configuration:
 Blitter:      null
 Graphics set: OpenGFX (672)
 Language:     /opt/openttd1//share/games/openttd/lang/english.lng
 Music driver: null
 Music set:    NoMusic (0)
 Network:      server
 Sound driver: null
 Sound set:    NoSound (2)
 Video driver: dedicated

AI Configuration (local: 255):
  0: Human
  1: Human
  2: Human
  3: Human
  4: Human

Libraries:
 LZMA:       5.0.3
 LZO:        2.06
 PNG:        1.5.10
 Zlib:       1.2.5.1

---- gamelog start ----
Tick 0: new game started
     Revision text changed to 1.2.2, savegame version 174, not modified, _openttd_newgrf_version = 0x12285f9c
     New game mode: 1 landscape: 0
---- gamelog end ----

*** End of OpenTTD Crash Report ***
