*** OpenTTD Crash Report ***

Crash at: Mon Jan 02 21:23:54 2012
In game date: 2051-05-09 (27)

Crash reason:
 Exception: C0000005
 Location:  000000013F39404F
 Message:   <none>

OpenTTD version:
 Version:    r23596 (0)
 NewGRF ver: 12005c2c
 Bits:       64
 Endian:     little
 Dedicated:  no
 Build date: Dec 19 2011 19:10:56

Registers:
 RAX: 00000000001FEED0 RBX: 0000000005152808 RCX: 0000000001CD0000 RDX: 000000008004667E
 RSI: 0000000000000000 RDI: 0000000001DA5720 RBP: 00000000001FEFA0 RSP: 00000000001FEEA0
 R8:  00000000001FF098 R9:  00000000095C85A0 R10: 0000000000000000 R11: 00000000001FF080
 R12: 000000000324C5FC R13: 000000000324C5DE R14: 0000000000000002 R15: 0000000000000001
 RIP: 000000013F39404F EFLAGS: 00010206

 Bytes at instruction pointer:
 48 8B 8E E0 00 00 00 FF 15 F4 76 19 00 4C 8D 9D F0 00 00 00 4C 89 5C 24

Stack trace:
 05152808 00000000 FFFFFFFF FFFFFFFF FFFFFFFF FFFFFFFF 77959B43 00000000
 77959BEF 00000000 02000001 00000000 00000000 00000000 00000000 00000000
 095C85A0 00000000 01DA5720 00000000 FFFFFFFE FFFFFFFF 3F3BB4E0 00000001
 00000000 00000000 00000000 00000000 00000000 00000000 009B0250 00000000
 007FAE08 00000000 00000001 00000000 00000000 00000000 00000085 00000000
 00000000 00000000 77956840 00000000 00000250 00000085 00000250 00000000
 00000000 00000000 77959BEF 00000000 3F3BB4E0 00000001 00000001 00000000
 00000001 00000000 00000000 00000000 00000000 00000000 00000085 00000000
 00000000 00000000 77BB1225 00000000 00000000 00000000 00000250 00000000
 00000048 00000000 00000250 00000000 001FF008 00000000 00000030 00000002
 00000000 00000000 00000000 00000000 00000000 00000000 00000000 00000000
 00000000 00000000 00000000 00000000 00000000 00000000 00000000 00000000
 00000000 00000000 00000000 00000000 00000000 00000000 00000000 00000000
 00000000 00000000 00000000 00000000 00000000 00000000 00000000 00000000
 00000000 00000000 0324C5FC 00000000 09A216D0 00000000 0324C5DE 00000000
 001FF300 00000000 3F1B6470 00000001 00000080 00000000 00000001 00000000
 05152808 00000000 00000004 00000001 00000000 00000000 3F1C9AB2 00000001
 0324C500 00000000 0324C5DE 00000000 00000000 00000000 00000000 00000000
 00000048 00000000 00000001 00000000 00000000 00000000 00000000 00000000
 00000070 00000000 FFFFFFFF FFFFFFFF FFFFFFFF FFFFFFFF 7795924F 00000000
 779592F1 00000000 001FF300 00000000 00000001 00000000 00000000 00000000
 00000000 00000000 77959A1E 00000000 001FF200 00000000 3F3BAE84 00000001
 00000000 00000000 007FADE0 00000000 00000001 00000000 0324C5DE 00000000
 007FAE08 00000000 00000001 00000000 00050374 00000000 FFA011AD 000007FE

Operating system:
 Name:     Windows
 Release:  6.1.7601 (Service Pack 1)
 Compiler: MSVC 1600

Configuration:
 Blitter:      8bpp-optimized
 Graphics set: original_windows (0)
 Language:     C:\Users\V453000\Desktop\PS\lang\english.lng
 Music driver: win32
 Music set:    NoMusic (0)
 Network:      no
 Sound driver: win32
 Sound set:    NoSound (2)
 Video driver: win32

AI Configuration (local: 0):
  0: Human

Libraries:
 FreeType:   2.4.5
 ICU:        4.4.2
 LZMA:       5.0.3
 LZO:        2.05
 PNG:        1.5.4
 Zlib:       1.2.5

Module information:
 C:\Users\V453000\Desktop\PS\openttd.exe handle: 000000013F180000 size: 9975808 crc: B6AA5B95 date: 2011-12-19 18:14:00
 C:\Windows\SYSTEM32\ntdll.dll handle: 0000000077B60000 size: 1731936 crc: 7AB8D690 date: 2010-11-21 03:23:51
 C:\Windows\system32\kernel32.dll handle: 0000000077A40000 size: 1162752 crc: 4F9F79FE date: 2011-07-16 05:37:12
 C:\Windows\system32\KERNELBASE.dll handle: 000007FEFDB60000 size: 421888 crc: D7A16149 date: 2011-07-16 05:37:12
 C:\Windows\system32\WINMM.dll handle: 000007FEF9420000 size: 217600 crc: 7BC1529F date: 2009-07-14 01:41:56
 C:\Windows\system32\msvcrt.dll handle: 000007FEFF260000 size: 634880 crc: 7F3E716F date: 2009-07-14 01:41:32
 C:\Windows\system32\USER32.dll handle: 0000000077940000 size: 1008128 crc: 70FF7D7F date: 2010-11-21 03:24:09
 C:\Windows\system32\GDI32.dll handle: 000007FEFFA00000 size: 403968 crc: 3D5BC405 date: 2010-11-21 03:24:03
 C:\Windows\system32\LPK.dll handle: 000007FEFF040000 size: 41984 crc: 350AF03B date: 2009-07-14 01:41:19
 C:\Windows\system32\USP10.dll handle: 000007FEFFBC0000 size: 800256 crc: B511F4B9 date: 2010-11-21 03:24:08
 C:\Windows\system32\WS2_32.dll handle: 000007FEFF1E0000 size: 297984 crc: 0F68689B date: 2010-11-21 03:24:28
 C:\Windows\system32\RPCRT4.dll handle: 000007FEFFA70000 size: 1219584 crc: 5217F07C date: 2010-11-21 03:24:02
 C:\Windows\system32\NSI.dll handle: 000007FEFF250000 size: 13824 crc: 53B46F6C date: 2009-07-14 01:41:53
 C:\Windows\system32\ADVAPI32.dll handle: 000007FEFF8A0000 size: 877056 crc: FA615A20 date: 2009-07-14 01:40:01
 C:\Windows\SYSTEM32\sechost.dll handle: 000007FEFFBA0000 size: 113664 crc: 978CFAE5 date: 2009-07-14 01:41:53
 C:\Windows\system32\SHELL32.dll handle: 000007FEFDEB0000 size: 14174208 crc: EA53E806 date: 2010-11-21 03:23:55
 C:\Windows\system32\SHLWAPI.dll handle: 000007FEFF050000 size: 448512 crc: 086DF743 date: 2010-11-21 03:24:22
 C:\Windows\system32\IMM32.DLL handle: 000007FEFDE80000 size: 167424 crc: 41B2805A date: 2009-07-14 01:41:09
 C:\Windows\system32\MSCTF.dll handle: 000007FEFF0D0000 size: 1067008 crc: 798DDDA0 date: 2009-07-14 01:41:28
 C:\Windows\system32\SHFolder.dll handle: 000007FEF8160000 size: 10240 crc: 08A48DE3 date: 2009-07-14 01:41:54
 C:\Windows\system32\ole32.dll handle: 000007FEFF430000 size: 2086912 crc: 72F91CD0 date: 2010-11-21 03:23:48
 C:\Windows\system32\uxtheme.dll handle: 000007FEFB790000 size: 332288 crc: B0A13DF9 date: 2009-07-14 01:41:56
 C:\Windows\system32\dwmapi.dll handle: 000007FEFAF00000 size: 82432 crc: A459F360 date: 2009-07-14 01:40:34
 C:\Windows\system32\CRYPTBASE.dll handle: 000007FEFD9E0000 size: 44032 crc: F547C16E date: 2009-07-14 01:40:24
 C:\Windows\system32\mswsock.dll handle: 000007FEFD320000 size: 326144 crc: 136B1525 date: 2010-11-21 03:24:00
 C:\Windows\System32\wshtcpip.dll handle: 000007FEFCCE0000 size: 13312 crc: 5D1E2C55 date: 2009-07-14 01:41:58
 C:\Windows\system32\MMDevAPI.DLL handle: 000007FEFC400000 size: 284160 crc: CDF2EF81 date: 2009-07-14 01:41:26
 C:\Windows\system32\PROPSYS.dll handle: 000007FEFC2D0000 size: 1212416 crc: B83FA3BE date: 2010-11-21 03:23:55
 C:\Windows\system32\OLEAUT32.dll handle: 000007FEFEDC0000 size: 861696 crc: 1F331414 date: 2011-08-27 05:37:49
 C:\Windows\system32\wdmaud.drv handle: 000007FEFAB80000 size: 217088 crc: 12829973 date: 2010-11-21 03:24:32
 C:\Windows\system32\ksuser.dll handle: 00000000757B0000 size: 5120 crc: AA2071D9 date: 2009-07-14 01:41:13
 C:\Windows\system32\AVRT.dll handle: 000007FEFC450000 size: 18432 crc: 5CE53CB7 date: 2009-07-14 01:40:05
 C:\Windows\system32\SETUPAPI.dll handle: 000007FEFFC90000 size: 1900544 crc: A364BD6A date: 2010-11-21 03:24:28
 C:\Windows\system32\CFGMGR32.dll handle: 000007FEFDD60000 size: 207872 crc: 1984C339 date: 2010-11-21 03:24:00
 C:\Windows\system32\DEVOBJ.dll handle: 000007FEFDD40000 size: 93184 crc: A7541AE2 date: 2009-07-14 01:40:28
 C:\Windows\system32\AUDIOSES.DLL handle: 000007FEF7D30000 size: 296448 crc: 90389554 date: 2010-11-21 03:24:32
 C:\Windows\system32\msacm32.drv handle: 000007FEFAC90000 size: 25600 crc: 2B579A05 date: 2009-07-14 01:38:50
 C:\Windows\system32\MSACM32.dll handle: 000007FEFAB20000 size: 83456 crc: 3D67538B date: 2009-07-14 01:41:27
 C:\Windows\system32\midimap.dll handle: 000007FEFAB10000 size: 20480 crc: CB902A13 date: 2009-07-14 01:41:23
 C:\Windows\system32\CLBCatQ.DLL handle: 000007FEFEFA0000 size: 607744 crc: 939E35C9 date: 2009-07-14 01:40:15
 C:\Windows\System32\wship6.dll handle: 000007FEFD310000 size: 13824 crc: E3FBF123 date: 2009-07-14 01:41:58
 C:\Windows\system32\DNSAPI.dll handle: 000007FEFD1A0000 size: 357888 crc: 194CAF1C date: 2011-03-03 06:24:15
 C:\Windows\system32\rasadhlp.dll handle: 000007FEFA860000 size: 16384 crc: C5FD1616 date: 2009-07-14 01:41:53
 C:\Windows\system32\psapi.dll handle: 0000000077D30000 size: 9216 crc: 84B5E9BA date: 2009-07-14 01:41:53

---- gamelog start ----
Tick 62675: game loaded
     Conversion from OTTD savegame without gamelog: version 4, 1
     Revision text changed to r23596, savegame version 167, not modified, _openttd_newgrf_version = 0x12005c2c
     New game mode: 0 landscape: 1
     Added NewGRF: GRF ID 48410101, checksum B061AA35F2AFC3F6A601F08FD5B47333, filename: nuts.grf (md5sum matches)
---- gamelog end ----

*** End of OpenTTD Crash Report ***

Decoded stack trace:
[00] openttd              0x000000013F39404F
[01] openttd              0x000000013F1B6470
[02] openttd              0x000000013F1C9AB2
[03] openttd              0x000000013F3BC425
[04] openttd              0x000000013F1C7BAF
[05] openttd              0x000000013F3BE902
[06] openttd              0x000000013F4B9A9C
[07] kernel32             0x0000000077A5652D BaseThreadInitThunk + 13
[08] ntdll                0x0000000077B8C521 RtlUserThreadStart + 33

*** End of additional info ***
