*** OpenTTD Crash Report ***

Crash at: Sat Feb 19 18:09:04 2011
In game date: 0-01-01 (0)

Crash reason:
 Exception: C0000005
 Location:  00571B69
 Message:   <none>

OpenTTD version:
 Version:    1.1.0-RC1 (0)
 NewGRF ver: 11005657
 Bits:       32
 Endian:     little
 Dedicated:  no
 Build date: Feb 18 2011 21:24:29

Registers:
 EAX: 00000001 EBX: 00000000 ECX: 00000000 EDX: 00000384
 ESI: 7E459623 EDI: 000000DC EBP: 0012FAD0 ESP: 0012F958
 EIP: 00571B69 EFLAGS: 00010206

 Bytes at instruction pointer:
 8B 01 52 8B 54 24 28 2B 54 24 20 52 FF 50 18 E9 7D 01 00 00 6A 04 8D 44

Stack trace:
 00BFFDF4 00BC340C 00000002 00000000 00000001 00000000 00000000 00000000
 00000000 000005A0 00000384 00000000 00000000 00000000 00000000 00000000
 00000000 00000000 00000000 00000000 00000000 00000000 00000000 00000000
 00000000 00000000 00000000 00000000 00000000 000000DC 001C0000 00000000
 00000000 00000000 00000000 00000000 00000000 00000000 00000000 00000000
 00000000 00000000 00000000 00000000 00000000 00000000 00000000 00000000
 00000000 00000000 00000000 00000000 00000000 00000000 00000008 00000500
 00000400 00000000 00000000 00000000 00000000 00000000 00000000 00000000
 00000000 00000000 00000000 00000000 00000000 00000000 00000000 00000000
 00000000 00000000 00000000 00000000 00000000 00000000 00000000 00000000
 00000000 00000000 00000000 00000000 00000000 00000000 00000000 00000000
 00000040 005724C1 00BFFDF4 00BC340C 00000002 00000500 0012FAE4 0057269C
 012CF6A0 012CF6A0 0012FC94 0012FC94 0040A2D0 00000000 00000000 00000000
 00000000 011E01C8 012D6D78 01306E30 01306628 00000001 0012FC98 011E01C8
 0012FB60 00000104 00B65610 0012FB40 0043D0A2 00B60010 00B6E945 0012FFB0
 0066A22C FFFFFFFF 0012FC98 00000004 004403D2 012DE91C 0000FFFF 0012FCFC
 00000000 011E0000 445C3A43 6D75636F 0000000A 646E6120 74655320 676E6974
 62725C73 6D727469 4D5C6E61 6F442079 656D7563 5C73746E 6E65704F 5C445454
 746E6F63 5F746E65 6E776F64 64616F6C 01306628 00005C67 00000101 012BCD50
 00000020 00BD341C 00000070 00000008 0041B80E 0012FBF8 00BD341C 00000007
 00BD34B8 00000002 0012FD14 00000000 00000000 00000000 00000008 00000000
 FF085C68 FF106470 FF186C78 FF207480 FF2C7C8C 00000000 012CF5D8 FF94C8D8
 FFB4DCE8 00000010 FF000000 011E0000 0012FA20 FF000000 0012FFB0 7C90E920
 7C9101E0 FFFFFFFF 7C9101DB 006414A3 011E0000 00000000 00000004 00000000

Operating system:
 Name:     Windows
 Release:  5.1.2600 (Service Pack 3)
 Compiler: MSVC 1500

Configuration:
 Blitter:      8bpp-optimized
 Graphics set: OpenGFX (589)
 Language:     C:\Program Files\OpenTTD\lang\czech.lng
 Music driver: none
 Music set:    OpenMSX (96)
 Network:      no
 Sound driver: win32
 Sound set:    OpenSFX (87)
 Video driver: none

AI Configuration (local: 0):

Libraries:
 FreeType:   2.4.4
 ICU:        4.4.2
 LZMA:       5.0.0
 LZO:        2.03
 PNG:        1.4.5
 Zlib:       1.2.5

Module information:
 C:\Program Files\OpenTTD\openttd.exe handle: 00400000 size: 8223232 crc: 041DB654 date: 2011-02-18 21:27:50
 C:\WINDOWS\system32\ntdll.dll handle: 7C900000 size: 715776 crc: AE3C77B3 date: 2010-06-30 14:56:37
 C:\WINDOWS\system32\kernel32.dll handle: 7C800000 size: 989696 crc: 8A0508E5 date: 2009-03-21 14:06:58
 C:\WINDOWS\system32\WINMM.dll handle: 76B40000 size: 176128 crc: 9676D976 date: 2008-04-14 05:42:10
 C:\WINDOWS\system32\ADVAPI32.dll handle: 77DD0000 size: 617472 crc: C9027432 date: 2009-02-09 12:10:48
 C:\WINDOWS\system32\RPCRT4.dll handle: 77E70000 size: 590848 crc: E9ECB923 date: 2010-08-16 08:45:00
 C:\WINDOWS\system32\Secur32.dll handle: 77FE0000 size: 56832 crc: 3D0002B7 date: 2009-06-25 08:25:26
 C:\WINDOWS\system32\GDI32.dll handle: 77F10000 size: 286720 crc: B5F6B116 date: 2008-10-23 12:36:14
 C:\WINDOWS\system32\USER32.dll handle: 7E410000 size: 578560 crc: F7C72264 date: 2008-04-14 05:42:10
 C:\WINDOWS\system32\WS2_32.dll handle: 71AB0000 size: 82432 crc: 7C519ECA date: 2008-04-14 05:42:12
 C:\WINDOWS\system32\msvcrt.dll handle: 77C10000 size: 343040 crc: 0B7B1677 date: 2008-04-14 05:42:02
 C:\WINDOWS\system32\WS2HELP.dll handle: 71AA0000 size: 19968 crc: 3F24E096 date: 2008-04-14 05:42:12
 C:\WINDOWS\system32\SHELL32.dll handle: 7C9C0000 size: 8462336 crc: 73D4EFBD date: 2010-07-27 06:30:35
 C:\WINDOWS\system32\SHLWAPI.dll handle: 77F60000 size: 474112 crc: BDFA6F45 date: 2009-12-08 09:23:28
 C:\WINDOWS\system32\IMM32.DLL handle: 76390000 size: 110080 crc: C1486DA0 date: 2008-04-14 05:41:56
 C:\WINDOWS\WinSxS\x86_Microsoft.Windows.Common-Controls_6595b64144ccf1df_6.0.2600.6028_x-ww_61e65202\comctl32.dll handle: 773D0000 size: 1054208 crc: 350BBD1B date: 2010-08-23 16:12:02
 C:\WINDOWS\system32\comctl32.dll handle: 5D090000 size: 617472 crc: B00C920E date: 2010-08-23 16:12:04
 C:\WINDOWS\system32\SHFolder.dll handle: 76780000 size: 25088 crc: 8009EA65 date: 2008-04-14 05:42:06
 C:\WINDOWS\system32\WINTRUST.dll handle: 76C30000 size: 177664 crc: 10F114B4 date: 2009-12-24 06:59:40
 C:\WINDOWS\system32\CRYPT32.dll handle: 77A80000 size: 599040 crc: F04E4319 date: 2008-04-14 05:41:52
 C:\WINDOWS\system32\MSASN1.dll handle: 77B20000 size: 58880 crc: 63D6A79F date: 2009-09-04 21:03:36
 C:\WINDOWS\system32\IMAGEHLP.dll handle: 76C90000 size: 144384 crc: F7A06429 date: 2008-04-14 05:41:56
 C:\WINDOWS\system32\wdmaud.drv handle: 72D20000 size: 23552 crc: EEB914CA date: 2008-04-14 03:42:46
 C:\WINDOWS\system32\msacm32.drv handle: 72D10000 size: 20480 crc: D5406BAE date: 2001-08-23 16:00:00
 C:\WINDOWS\system32\MSACM32.dll handle: 77BE0000 size: 71680 crc: EDE4B266 date: 2008-04-14 05:42:00
 C:\WINDOWS\system32\midimap.dll handle: 77BD0000 size: 18944 crc: 2E6D5FD1 date: 2008-04-14 05:41:58
 C:\WINDOWS\system32\psapi.dll handle: 76BF0000 size: 23040 crc: 75BBDCAD date: 2008-04-14 05:42:04

---- gamelog start ----
---- gamelog end ----

*** End of OpenTTD Crash Report ***

Decoded stack trace:
[00] ???                  0x00571B69
[01] ???                  0x0057269C
[02] ???                  0x0040A2D0
[03] ???                  0x00430EAC
[04] ???                  0x005748FE
[05] ???                  0x0064824F
[06] ???                  0x7C817077  + 73

*** End of additional info ***
