[2009-10-17 05:39:15]             CmdBuildSingleRail          DCritic  date:2108-05-26  tile:00049CB5  p1:00000003 p2:00000004 text: price:315
[2009-10-17 05:39:15] [All] atdt: you're dangerous man
[2009-10-17 05:39:18]             CmdBuildTrainDepot          DCritic  date:2108-05-27  tile:000498B5  p1:00000003 p2:00000001 text: price:3615
[2009-10-17 05:39:23]                CmdCloneVehicle          DCritic  date:2108-05-29  tile:000498B5  p1:00000662 p2:00000000 text: price:597656
[2009-10-17 05:39:25]            CmdStartStopVehicle          DCritic  date:2108-05-30  tile:000498B5  p1:00000C6B p2:00000000 text: price:0
[2009-10-17 05:39:34]           CmdBuildSingleSignal          DCritic  date:2108-06-01  tile:0004A0B6  p1:000050A1 p2:00000000 text: price:384
[2009-10-17 05:39:34]           CmdBuildSingleSignal          DCritic  date:2108-06-02  tile:0004A0B6  p1:000050A1 p2:00000000 text: price:0
[2009-10-17 05:39:36]           CmdBuildSingleSignal          DCritic  date:2108-06-02  tile:0004A0B6  p1:000050A1 p2:00000000 text: price:0
[2009-10-17 05:39:40]           CmdBuildSingleSignal          DCritic  date:2108-06-04  tile:000458AD  p1:000050A0 p2:00000000 text: price:384
[2009-10-17 05:39:40]           CmdBuildSingleSignal          DCritic  date:2108-06-04  tile:000458AD  p1:000050A0 p2:00000000 text: price:0
[2009-10-17 05:39:42]           CmdBuildSingleSignal          DCritic  date:2108-06-04  tile:000498B6  p1:000050A1 p2:00000000 text: price:384
[2009-10-17 05:39:42]           CmdBuildSingleSignal          DCritic  date:2108-06-05  tile:000498B6  p1:000050A1 p2:00000000 text: price:0
[2009-10-17 05:39:43]           CmdBuildSingleSignal          DCritic  date:2108-06-05  tile:000498B6  p1:000050A1 p2:00000000 text: price:0
[2009-10-17 05:39:58]             CmdBuildSingleRail          DCritic  date:2108-06-10  tile:000470B6  p1:00000003 p2:00000000 text: price:300
[2009-10-17 05:39:59]             CmdBuildSingleRail          DCritic  date:2108-06-11  tile:000470B7  p1:00000003 p2:00000005 text: price:315
[2009-10-17 05:40:00]             CmdBuildSingleRail          DCritic  date:2108-06-11  tile:000474B7  p1:00000003 p2:00000001 text: price:330
[2009-10-17 05:40:01]             CmdBuildSingleRail          DCritic  date:2108-06-11  tile:000478B7  p1:00000003 p2:00000002 text: price:345
[2009-10-17 05:40:01]             CmdBuildSingleRail          DCritic  date:2108-06-11  tile:000478B6  p1:00000003 p2:00000000 text: price:300
[2009-10-17 05:40:02]             CmdBuildSingleRail          DCritic  date:2108-06-12  tile:000478B5  p1:00000003 p2:00000003 text: price:315
[2009-10-17 05:40:04]             CmdBuildSingleRail          DCritic  date:2108-06-12  tile:00047CB5  p1:00000003 p2:00000001 text: price:315
[2009-10-17 05:40:10]            CmdRemoveSingleRail          DCritic  date:2108-06-14  tile:000470B6  p1:00000003 p2:00000005 text: price:-53
[2009-10-17 05:40:11]                   CmdPlaceSign ZarenorDarkstalker  date:2108-06-15  tile:000484B7  p1:00000000 p2:00000000 text: price:0
[2009-10-17 05:40:13]         CmdRemoveRailroadTrack          DCritic  date:2108-06-16  tile:000474B6  p1:0004B0B6 p2:00000093 text: price:-739
[2009-10-17 05:40:14]         CmdRemoveRailroadTrack          DCritic  date:2108-06-16  tile:0004ACB6  p1:0004B4B5 p2:000000B3 text: price:-53
[2009-10-17 05:40:18]                   CmdClearArea          DCritic  date:2108-06-17  tile:00049CB6  p1:000494B4 p2:00000000 text: price:299
[2009-10-17 05:40:20]                   CmdClearArea         Thraxian  date:2108-06-18  tile:00047CB7  p1:000468B4 p2:00000000 text: price:-449
[2009-10-17 05:40:21]             CmdBuildSingleRail          DCritic  date:2108-06-18  tile:000480B5  p1:00000003 p2:00000004 text: price:315
[2009-10-17 05:40:23]          CmdBuildRailroadTrack          DCritic  date:2108-06-19  tile:000468B6  p1:0004ACB6 p2:00000093 text: price:5400
[2009-10-17 05:40:24]             CmdBuildSingleRail          DCritic  date:2108-06-20  tile:0004B0B6  p1:00000003 p2:00000000 text: price:300
[2009-10-17 05:40:25]             CmdBuildSingleRail          DCritic  date:2108-06-20  tile:0004B0B6  p1:00000003 p2:00000002 text: price:300
[2009-10-17 05:40:26]             CmdBuildSingleRail ZarenorDarkstalker  date:2108-06-20  tile:0004ACB6  p1:00000003 p2:00000005 text: price:300
[2009-10-17 05:40:27]            CmdRemoveSingleRail         Thraxian  date:2108-06-20  tile:0004B0B6  p1:00000003 p2:00000000 text: price:-53
[2009-10-17 05:40:28]         CmdRemoveRailroadTrack          DCritic  date:2108-06-21  tile:00047CB5  p1:000484B6 p2:000000D3 text: price:-53
[2009-10-17 05:40:28]            CmdRemoveSingleRail         Thraxian  date:2108-06-21  tile:0004ACB6  p1:00000003 p2:00000005 text: price:-53
[2009-10-17 05:40:35]                   CmdPlaceSign          DCritic  date:2108-06-23  tile:000478B4  p1:00000000 p2:00000000 text: price:0
[2009-10-17 05:40:38]           CmdBuildSingleSignal             atdt  date:2108-06-24  tile:0003712F  p1:00005000 p2:00000000 text: price:384
[2009-10-17 05:40:38]           CmdBuildSingleSignal             atdt  date:2108-06-25  tile:0003712F  p1:00005000 p2:00000000 text: price:0
[2009-10-17 05:40:38]           CmdBuildSingleSignal             atdt  date:2108-06-25  tile:0003712F  p1:00005000 p2:00000000 text: price:0
[2009-10-17 05:40:41]           CmdBuildSingleSignal             atdt  date:2108-06-26  tile:00037132  p1:00005000 p2:00000000 text: price:384
[2009-10-17 05:40:42]           CmdBuildSingleSignal             atdt  date:2108-06-26  tile:00037132  p1:00005000 p2:00000000 text: price:0
[2009-10-17 05:40:42]           CmdBuildSingleSignal             atdt  date:2108-06-26  tile:00037132  p1:00005000 p2:00000000 text: price:0
[2009-10-17 05:40:56]             CmdBuildSingleRail          DCritic  date:2108-07-01  tile:0007576A  p1:00000003 p2:00000003 text: price:315
[2009-10-17 05:40:58]             CmdBuildSingleRail          DCritic  date:2108-07-01  tile:00075B6A  p1:00000003 p2:00000002 text: price:315
[2009-10-17 05:41:00]             CmdBuildSingleRail          DCritic  date:2108-07-02  tile:00075B69  p1:00000003 p2:00000000 text: price:315
[2009-10-17 05:41:00]             CmdBuildSingleRail          DCritic  date:2108-07-02  tile:00075B68  p1:00000003 p2:00000004 text: price:315
[2009-10-17 05:41:01]             CmdBuildSingleRail          DCritic  date:2108-07-02  tile:00075768  p1:00000003 p2:00000001 text: price:315
[2009-10-17 05:41:03]             CmdBuildSingleRail          DCritic  date:2108-07-03  tile:00075368  p1:00000003 p2:00000005 text: price:315
[2009-10-17 05:41:04]             CmdBuildSingleRail          DCritic  date:2108-07-03  tile:00075367  p1:00000003 p2:00000000 text: price:315
[2009-10-17 05:41:05]             CmdBuildSingleRail          DCritic  date:2108-07-04  tile:00075366  p1:00000003 p2:00000004 text: price:315
[2009-10-17 05:41:06]           CmdBuildSingleSignal             atdt  date:2108-07-04  tile:0003313C  p1:00005001 p2:00000000 text: price:384
[2009-10-17 05:41:06]             CmdBuildSingleRail          DCritic  date:2108-07-04  tile:00074F66  p1:00000003 p2:00000005 text: price:315
[2009-10-17 05:41:07]           CmdBuildSingleSignal             atdt  date:2108-07-04  tile:0003313C  p1:00005001 p2:00000000 text: price:0
[2009-10-17 05:41:07]           CmdBuildSingleSignal             atdt  date:2108-07-04  tile:0003313C  p1:00005001 p2:00000000 text: price:0
[2009-10-17 05:41:07]             CmdBuildSingleRail          DCritic  date:2108-07-05  tile:00074F65  p1:00000003 p2:00000000 text: price:315
[2009-10-17 05:41:09]           CmdBuildSingleSignal             atdt  date:2108-07-05  tile:0003213C  p1:00005003 p2:00000000 text: price:384
[2009-10-17 05:41:09]             CmdBuildSingleRail          DCritic  date:2108-07-05  tile:00074F64  p1:00000003 p2:00000003 text: price:315
[2009-10-17 05:41:09]           CmdBuildSingleSignal             atdt  date:2108-07-05  tile:0003213C  p1:00005003 p2:00000000 text: price:0
[2009-10-17 05:41:09]           CmdBuildSingleSignal             atdt  date:2108-07-05  tile:0003213C  p1:00005003 p2:00000000 text: price:0
[2009-10-17 05:41:10]             CmdBuildSingleRail          DCritic  date:2108-07-06  tile:00075364  p1:00000003 p2:00000001 text: price:315
[2009-10-17 05:41:11]             CmdBuildSingleRail          DCritic  date:2108-07-06  tile:00075764  p1:00000003 p2:00000004 text: price:315
[2009-10-17 05:41:12]             CmdBuildSingleRail          DCritic  date:2108-07-06  tile:00075765  p1:00000003 p2:00000000 text: price:315
[2009-10-17 05:41:13]            CmdSendTrainToDepot         Razaekel  date:2108-07-07  tile:0003C046  p1:00000A6E p2:00000000 text: price:0
[2009-10-17 05:41:13]             CmdBuildSingleRail          DCritic  date:2108-07-07  tile:00075766  p1:00000003 p2:00000002 text: price:315
[2009-10-17 05:41:15]             CmdBuildSingleRail          DCritic  date:2108-07-07  tile:00075366  p1:00000003 p2:00000001 text: price:300
[2009-10-17 05:41:16]             CmdBuildSingleRail          DCritic  date:2108-07-08  tile:00074F66  p1:00000003 p2:00000001 text: price:300
[2009-10-17 05:41:17]             CmdBuildSingleRail          DCritic  date:2108-07-08  tile:00074B66  p1:00000003 p2:00000005 text: price:315
[2009-10-17 05:41:17]             CmdBuildSingleRail          DCritic  date:2108-07-08  tile:00074B65  p1:00000003 p2:00000000 text: price:315
[2009-10-17 05:41:18]            CmdSendTrainToDepot         Razaekel  date:2108-07-08  tile:00056833  p1:00000B9B p2:00000000 text: price:0
[2009-10-17 05:41:19]             CmdBuildSingleRail          DCritic  date:2108-07-09  tile:00074B64  p1:00000003 p2:00000003 text: price:315
[2009-10-17 05:41:20]          CmdBuildRailroadTrack             atdt  date:2108-07-09  tile:00037129  p1:00036D29 p2:000000A1 text: price:315
[2009-10-17 05:41:20]             CmdBuildSingleRail          DCritic  date:2108-07-09  tile:00074F64  p1:00000003 p2:00000002 text: price:300
[2009-10-17 05:41:21]          CmdBuildRailroadTrack             atdt  date:2108-07-10  tile:00036D2A  p1:00036D30 p2:00000081 text: price:1410
[2009-10-17 05:41:23]             CmdBuildSingleRail          DCritic  date:2108-07-10  tile:00074F63  p1:00000003 p2:00000003 text: price:315
[2009-10-17 05:41:24]             CmdBuildSingleRail          DCritic  date:2108-07-11  tile:00075363  p1:00000003 p2:00000004 text: price:345
server_pw rawest
[2009-10-17 05:41:25]            CmdRemoveSingleRail             atdt  date:2108-07-11  tile:00036D30  p1:00000001 p2:00000003 text: price:-25
[2009-10-17 05:41:25]             CmdBuildSingleRail          DCritic  date:2108-07-11  tile:00075363  p1:00000003 p2:00000001 text: price:300
[2009-10-17 05:41:25]            CmdSendTrainToDepot         Razaekel  date:2108-07-11  tile:00047CA4  p1:00000B6A p2:00000000 text: price:0
[2009-10-17 05:41:26]          CmdBuildRailroadTrack          DCritic  date:2108-07-12  tile:00075763  p1:00075B64 p2:000000C3 text: price:945
[2009-10-17 05:41:28]          CmdBuildRailroadTrack          DCritic  date:2108-07-12  tile:00075B65  p1:00075B67 p2:00000083 text: price:945
[2009-10-17 05:41:29]             CmdBuildSingleRail             atdt  date:2108-07-12  tile:00036D30  p1:00000001 p2:00000000 text: price:150
[2009-10-17 05:41:29]          CmdBuildRailroadTrack          DCritic  date:2108-07-13  tile:00075B68  p1:00075F68 p2:000000D3 text: price:615
[2009-10-17 05:41:30]             CmdBuildSingleRail          DCritic  date:2108-07-13  tile:00075F69  p1:00000003 p2:00000000 text: price:502
[2009-10-17 05:41:33]          CmdBuildRailroadTrack          DCritic  date:2108-07-14  tile:00075F6A  p1:00075B6A p2:000000A3 text: price:1004
[2009-10-17 05:41:35]           CmdBuildSingleSignal             atdt  date:2108-07-15  tile:00036D29  p1:00005003 p2:00000000 text: price:384
[2009-10-17 05:41:35]           CmdBuildSingleSignal             atdt  date:2108-07-15  tile:00036D29  p1:00005003 p2:00000000 text: price:0
[2009-10-17 05:41:35]           CmdBuildSingleSignal             atdt  date:2108-07-15  tile:00036D29  p1:00005003 p2:00000000 text: price:0
[2009-10-17 05:41:36]          CmdBuildRailroadTrack          DCritic  date:2108-07-15  tile:00075B6B  p1:0007576B p2:00000093 text: price:1004
players
server_info
clients
echo doneclientcount
[2009-10-17 05:41:37] #:1(Orange) Company Name: '#OpenTTDCoop'  Year Founded: 1950  Money: 1269329058  Loan: 0  Value: 1349031093  (T:546, R:0, P:0, S:0) unprotected
[2009-10-17 05:41:37] Current/maximum clients:     6/255
[2009-10-17 05:41:37] Current/maximum companies:   1/ 1
[2009-10-17 05:41:37] Current/maximum spectators:  0/10
[2009-10-17 05:41:37] Client #1  name: 'PublicServer'  company: 255  IP: 0.0.0.0
[2009-10-17 05:41:37] Client #20  name: 'ZarenorDarkstalker'  company: 1  IP: 67.141.221.82
[2009-10-17 05:41:37] Client #32  name: 'Donno'  company: 1  IP: 130.225.243.77
[2009-10-17 05:41:37] Client #24  name: 'atdt'  company: 1  IP: 207.114.92.10
[2009-10-17 05:41:37] Client #28  name: 'Thraxian'  company: 1  IP: 98.122.128.22
[2009-10-17 05:41:37] Client #37  name: 'DCritic'  company: 1  IP: 76.183.100.143
[2009-10-17 05:41:37] Client #38  name: 'Razaekel'  company: 1  IP: 141.218.227.92
[2009-10-17 05:41:37] doneclientcount
[2009-10-17 05:41:37]            CmdBuildSignalTrack             atdt  date:2108-07-16  tile:00036D29  p1:0003692A p2:02000043 text: price:1536
[2009-10-17 05:41:37]             CmdBuildSingleRail          DCritic  date:2108-07-16  tile:0007576B  p1:00000003 p2:00000002 text: price:300
[2009-10-17 05:41:43]                   CmdClearArea          DCritic  date:2108-07-18  tile:00076B62  p1:0007476C p2:00000000 text: price:-529
[2009-10-17 05:41:43]           CmdBuildSingleSignal             atdt  date:2108-07-18  tile:00037533  p1:00005004 p2:00000000 text: price:384
[2009-10-17 05:41:44]           CmdBuildSingleSignal             atdt  date:2108-07-18  tile:00037533  p1:00005004 p2:00000000 text: price:0
[2009-10-17 05:41:44]           CmdBuildSingleSignal             atdt  date:2108-07-18  tile:00037533  p1:00005004 p2:00000000 text: price:0
[2009-10-17 05:41:44]            CmdSendTrainToDepot         Razaekel  date:2108-07-18  tile:0004A0A9  p1:00000B09 p2:00000000 text: price:0
[2009-10-17 05:41:47]           CmdBuildSingleSignal             atdt  date:2108-07-19  tile:00037134  p1:00005005 p2:00000000 text: price:384
[2009-10-17 05:41:47]           CmdBuildSingleSignal             atdt  date:2108-07-19  tile:00037134  p1:00005005 p2:00000000 text: price:0
[2009-10-17 05:41:47]           CmdBuildSingleSignal             atdt  date:2108-07-19  tile:00037134  p1:00005005 p2:00000000 text: price:0
[2009-10-17 05:41:48]          CmdRemoveSingleSignal         Thraxian  date:2108-07-20  tile:000458AD  p1:00000000 p2:00000000 text: price:28
[2009-10-17 05:41:52]            CmdStartStopVehicle         Thraxian  date:2108-07-21  tile:000458AC  p1:00000C6B p2:00000000 text: price:0
[2009-10-17 05:41:52]            CmdStartStopVehicle         Thraxian  date:2108-07-21  tile:000458AC  p1:00000C6B p2:00000000 text: price:0
[2009-10-17 05:41:53]            CmdSendTrainToDepot         Razaekel  date:2108-07-21  tile:000488A7  p1:00000ADD p2:00000000 text: price:0
[2009-10-17 05:41:55]            CmdRemoveSingleRail         Thraxian  date:2108-07-23  tile:000458AF  p1:00000003 p2:00000000 text: price:-53
[2009-10-17 05:41:57]             CmdBuildSingleRail         Thraxian  date:2108-07-23  tile:000458AF  p1:00000003 p2:00000000 text: price:300
[2009-10-17 05:41:57]            CmdSendTrainToDepot         Razaekel  date:2108-07-23  tile:00046CA7  p1:00000B84 p2:00000000 text: price:0
[2009-10-17 05:41:58]          CmdBuildRailroadTrack             atdt  date:2108-07-24  tile:0003853D  p1:0003893D p2:000000B1 text: price:150
[2009-10-17 05:41:59]             CmdBuildTrainDepot ZarenorDarkstalker  date:2108-07-24  tile:0004B0B7  p1:00000003 p2:00000000 text: price:3615
[2009-10-17 05:41:59]       CmdReverseTrainDirection         Thraxian  date:2108-07-24  tile:0004589F  p1:00000C6B p2:00000000 text: price:0
[2009-10-17 05:41:59]             CmdBuildSingleRail ZarenorDarkstalker  date:2108-07-24  tile:0004B0B6  p1:00000003 p2:00000004 text: price:300
[2009-10-17 05:41:59]             CmdBuildSingleRail ZarenorDarkstalker  date:2108-07-24  tile:0004B0B6  p1:00000003 p2:00000000 text: price:300
[2009-10-17 05:42:02]                   CmdClearArea             atdt  date:2108-07-25  tile:0003893D  p1:0003853D p2:00000000 text: price:-159
[2009-10-17 05:42:03]       CmdReverseTrainDirection         Thraxian  date:2108-07-25  tile:000458B0  p1:00000C6B p2:00000000 text: price:0
[2009-10-17 05:42:04]       CmdReverseTrainDirection         Thraxian  date:2108-07-26  tile:000458AE  p1:00000C6B p2:00000000 text: price:0
[2009-10-17 05:42:05]                   CmdClearArea             atdt  date:2108-07-26  tile:0003853C  p1:0003893C p2:00000000 text: price:-53
[2009-10-17 05:42:06]       CmdReverseTrainDirection         Thraxian  date:2108-07-26  tile:000458B1  p1:00000C6B p2:00000000 text: price:0
[2009-10-17 05:42:07]                   CmdClearArea             atdt  date:2108-07-27  tile:0003853B  p1:0003853B p2:00000000 text: price:-53
[2009-10-17 05:42:07]       CmdReverseTrainDirection         Thraxian  date:2108-07-27  tile:000458AE  p1:00000C6B p2:00000000 text: price:0
[2009-10-17 05:42:09]       CmdReverseTrainDirection         Thraxian  date:2108-07-27  tile:000458B1  p1:00000C6B p2:00000000 text: price:0
[2009-10-17 05:42:10]       CmdReverseTrainDirection         Thraxian  date:2108-07-28  tile:000458AE  p1:00000C6B p2:00000000 text: price:0
[2009-10-17 05:42:17]           CmdBuildSingleSignal             atdt  date:2108-07-30  tile:00037533  p1:00005004 p2:00000000 text: price:0
[2009-10-17 05:42:19]       CmdRemoveFromRailStation          DCritic  date:2108-07-31  tile:0001B484  p1:00019C8C p2:00000001 text: price:4050

r: Assertion failed at line 186 of /home/openttd/svn-public/src/tile_cmd.h: proc != NULrash encountered, generating crash log...
*** OpenTTD Crash Report ***


