*** OpenTTD Crash Report ***

Crash at: Tue Nov 23 23:17:41 2010
In game date: 2184-09-08 (50)

Crash reason:
 Exception: C0000005
 Location:  0000000140009A13
 Message:   <none>

OpenTTD version:
 Version:    r21226 (0)
 NewGRF ver: 110052ea
 Bits:       64
 Endian:     little
 Dedicated:  no
 Build date: Nov 17 2010 19:25:38

Registers:
 RAX: 0000000000000000 RBX: 0000000000000000 RCX: 0000000000000008 RDX: 0000000000000000
 RSI: 0000000000145BC6 RDI: 00000000045025C8 RBP: 0000000000000000 RSP: 00000000002FEDA0
 R8:  0000000000000001 R9:  0000000000000001 R10: 000000000000001B R11: 0000000001E10158
 R12: 0000000000145BE4 R13: 0000000000145BC6 R14: 0000000000000000 R15: 0000000000000000
 RIP: 0000000140009A13 EFLAGS: 00010206

 Bytes at instruction pointer:
 80 79 28 00 40 8A F2 48 8B D9 75 04 32 C0 EB 60 48 83 79 20 FF 74 F5 48

Stack trace:
 00145BE4 00000000 04BF6BD0 00000000 00000000 00000000 00145BC6 00000000
 045025C8 00000000 3FE54A50 00000001 00000000 00000000 00145BC6 00000000
 00145BC6 00000000 045025C8 00000000 045025C8 00000000 3FE5502F 00000001
 00000000 00000000 00000000 00000000 00145BC6 00000000 00000000 00000000
 00145BC6 00000000 00000000 00000000 00000000 00000000 3FE66369 00000001
 00000000 00000000 00000000 00000000 00000000 00000000 402B6A9C 00000001
 00000048 00000000 00000001 00000002 00000000 00000000 00000000 00000000
 00000070 00000000 FFFFFFFF FFFFFFFF C00000BB FFFFFFFF 00000000 00000000
 76FDBE91 00000000 FD401203 000007FE 002FEF68 00000000 00000000 00000000
 00000000 00000000 76FDC7F6 00000000 FFFFD8F0 FFFFFFFF 002FEED0 00000000
 00000048 00000000 00000001 00000001 00000000 00000000 00000000 00000000
 00000000 00000000 00000000 00000000 00000000 00000000 76FCF12C 00000000
 00000000 00000000 00000000 00000000 00145BA6 00000000 00145BC4 00000000
 00145B00 00000000 40033CFD 00000001 00145B00 00000000 00000000 00000000
 00145BB6 00000000 00000000 00000000 00000001 00000000 00000000 00000000
 000B039C 00000000 00000113 00000000 00000001 00000000 40032A88 00000001
 00145BA6 00000287 000001C9 00000000 00000000 00000000 00000000 00000000
 00000000 00000000 3FE6496D 00000001 01F14730 00000000 00000000 00000000
 00000000 00000000 00000000 00000000 006E0001 006F0064 00730077 0077002D
 FFFFFFFF FFFFFFFF 002FF1C8 00000000 00000000 00000000 00000000 00000000
 00000000 00000000 00000000 FFFFFFFF 00000000 00000000 00000000 00000000
 00000000 00000000 00000000 00000000 00000000 00000000 FD406E07 000007FE
 00000048 00000000 FFFFFFFE FFFFFFFF 3FE20000 00000001 00000000 00000000
 00000090 00000000 00000010 00000000 00000000 00000000 02070000 00000001

Operating system:
 Name:     Windows
 Release:  6.1.7600 ()
 Compiler: MSVC 1500

Configuration:
 Blitter:      8bpp-optimized
 Graphics set: OpenGFX (542)
 Language:     C:\Games\OpenTTD\openttd-trunk-r21226-windows-win64-test\lang\english_US.lng
 Music driver: win32
 Music set:    NoMusic (0)
 Network:      no
 Sound driver: win32
 Sound set:    OpenSFX (87)
 Video driver: win32

AI Configuration (local: 255):
  0: Human

Libraries:
 FreeType:   2.4.3
 ICU:        4.4.2
 LZMA:       5.0.0
 LZO:        2.03
 PNG:        1.4.4
 Zlib:       1.2.5

Module information:
 C:\Games\OpenTTD\openttd-trunk-r21226-windows-win64-test\openttd.exe handle: 000000013FE20000 size: 5015040 crc: E91FF8E3 date: 2010-11-17 19:29:28
 C:\windows\SYSTEM32\ntdll.dll handle: 00000000771E0000 size: 1736608 crc: 51E6A99D date: 2010-03-24 06:59:44
 C:\windows\system32\kernel32.dll handle: 00000000770C0000 size: 1162240 crc: 822946F0 date: 2009-07-14 01:41:13
 C:\windows\system32\KERNELBASE.dll handle: 000007FEFD400000 size: 421376 crc: 68F689E4 date: 2009-07-14 01:41:13
 C:\windows\system32\WINMM.dll handle: 000007FEFB0B0000 size: 217600 crc: 7BC1529F date: 2009-07-14 01:41:56
 C:\windows\system32\msvcrt.dll handle: 000007FEFF000000 size: 634880 crc: 7F3E716F date: 2009-07-14 01:41:32
 C:\windows\system32\USER32.dll handle: 0000000076FC0000 size: 1008640 crc: 95FA0345 date: 2009-07-14 01:41:56
 C:\windows\system32\GDI32.dll handle: 000007FEFEEB0000 size: 404480 crc: 0F1BAE69 date: 2009-07-14 01:40:56
 C:\windows\system32\LPK.dll handle: 000007FEFD510000 size: 41984 crc: 350AF03B date: 2009-07-14 01:41:19
 C:\windows\system32\USP10.dll handle: 000007FEFF0A0000 size: 801280 crc: 32EFA120 date: 2009-07-14 01:41:56
 C:\windows\system32\WS2_32.dll handle: 000007FEFF210000 size: 296448 crc: B9553AFD date: 2009-07-14 01:41:58
 C:\windows\system32\RPCRT4.dll handle: 000007FEFEA70000 size: 1221632 crc: D5B6358C date: 2009-07-14 01:41:53
 C:\windows\system32\NSI.dll handle: 000007FEFEBC0000 size: 13824 crc: 53B46F6C date: 2009-07-14 01:41:53
 C:\windows\system32\ADVAPI32.dll handle: 000007FEFF410000 size: 877056 crc: FA615A20 date: 2009-07-14 01:40:01
 C:\windows\SYSTEM32\sechost.dll handle: 000007FEFEBA0000 size: 113664 crc: 978CFAE5 date: 2009-07-14 01:41:53
 C:\windows\system32\SHELL32.dll handle: 000007FEFD520000 size: 14162944 crc: 38C0D5D7 date: 2010-07-27 14:59:11
 C:\windows\system32\SHLWAPI.dll handle: 000007FEFEE30000 size: 449536 crc: 0BFDF102 date: 2009-07-14 01:41:54
 C:\windows\system32\IMM32.DLL handle: 000007FEFE2B0000 size: 167424 crc: 41B2805A date: 2009-07-14 01:41:09
 C:\windows\system32\MSCTF.dll handle: 000007FEFF260000 size: 1067008 crc: 798DDDA0 date: 2009-07-14 01:41:28
 C:\windows\system32\nvinitx.dll handle: 000007FEFD120000 size: 95848 crc: 72F46024 date: 2010-05-05 11:24:36
 C:\windows\system32\SHFolder.dll handle: 000007FEF4ED0000 size: 10240 crc: 08A48DE3 date: 2009-07-14 01:41:54
 C:\windows\system32\ole32.dll handle: 000007FEFEC20000 size: 2085376 crc: 4764DDC2 date: 2010-06-29 05:39:12
 C:\windows\system32\MMDevAPI.DLL handle: 000007FEFBFA0000 size: 284160 crc: CDF2EF81 date: 2009-07-14 01:41:26
 C:\windows\system32\PROPSYS.dll handle: 000007FEFB930000 size: 1212416 crc: 98D01BC9 date: 2009-07-14 01:41:53
 C:\windows\system32\OLEAUT32.dll handle: 000007FEFEF20000 size: 861184 crc: 112732BA date: 2010-04-07 07:37:39
 C:\windows\system32\wdmaud.drv handle: 000007FEFB030000 size: 217088 crc: AB6BC545 date: 2009-07-14 01:38:50
 C:\windows\system32\ksuser.dll handle: 0000000074EF0000 size: 5120 crc: AA2071D9 date: 2009-07-14 01:41:13
 C:\windows\system32\AVRT.dll handle: 000007FEFBF90000 size: 18432 crc: 5CE53CB7 date: 2009-07-14 01:40:05
 C:\windows\system32\SETUPAPI.dll handle: 000007FEFE2E0000 size: 1899520 crc: 91ED5D15 date: 2009-07-14 01:41:54
 C:\windows\system32\CFGMGR32.dll handle: 000007FEFD4D0000 size: 207360 crc: 369326FC date: 2009-07-14 01:40:15
 C:\windows\system32\DEVOBJ.dll handle: 000007FEFD4B0000 size: 93184 crc: A7541AE2 date: 2009-07-14 01:40:28
 C:\windows\system32\AUDIOSES.DLL handle: 000007FEFAA30000 size: 296448 crc: 07CA71DE date: 2009-07-14 01:40:04
 C:\windows\system32\msacm32.drv handle: 000007FEFA8E0000 size: 25600 crc: 2B579A05 date: 2009-07-14 01:38:50
 C:\windows\system32\MSACM32.dll handle: 000007FEFA8C0000 size: 83456 crc: 3D67538B date: 2009-07-14 01:41:27
 C:\windows\system32\midimap.dll handle: 000007FEFA8B0000 size: 20480 crc: CB902A13 date: 2009-07-14 01:41:23
 C:\windows\system32\CRYPTBASE.dll handle: 000007FEFD050000 size: 44032 crc: F547C16E date: 2009-07-14 01:40:24
 C:\windows\system32\CLBCatQ.DLL handle: 000007FEFF170000 size: 607744 crc: 939E35C9 date: 2009-07-14 01:40:15
 C:\windows\system32\uxtheme.dll handle: 000007FEFB880000 size: 332288 crc: B0A13DF9 date: 2009-07-14 01:41:56
 C:\windows\system32\dwmapi.dll handle: 000007FEFA9C0000 size: 82432 crc: A459F360 date: 2009-07-14 01:40:34
 C:\windows\system32\mswsock.dll handle: 000007FEFC990000 size: 320000 crc: EA387916 date: 2009-07-14 01:41:34
 C:\windows\System32\wshtcpip.dll handle: 000007FEFC360000 size: 13312 crc: 5D1E2C55 date: 2009-07-14 01:41:58
 C:\windows\System32\wship6.dll handle: 000007FEFC980000 size: 13824 crc: E3FBF123 date: 2009-07-14 01:41:58
 C:\windows\system32\psapi.dll handle: 00000000773B0000 size: 9216 crc: 84B5E9BA date: 2009-07-14 01:41:53

---- gamelog start ----
Tick 0: new game started
     Revision text changed to r21038, savegame version 151, not modified, _openttd_newgrf_version = 0x1100522e
     New game mode: 1 landscape: 1
     Added NewGRF: GRF ID 4A430002, checksum 0728ADCB4DF2F1EB9247ABD449296F4E, filename: industrial_stations_renewal.0.8.0\indstatrw.grf (md5sum matches)
     Added NewGRF: GRF ID 45530500, checksum FA231F55E8CC472EA98271F7C2AA9EFF, filename: japanese_stations-2.0a\jpstationsw.grf (md5sum matches)
     Added NewGRF: GRF ID 52455200, checksum 0E5A9C5ACD2BCAF7FA0658C3F905A660, filename: rural_stations-1\ae_ruraw.grf (md5sum matches)
     Added NewGRF: GRF ID 44440A01, checksum EFEE1435093730D3DA55BDF69653CADC, filename: av8_aviators_aircraft_set-1.7\pb_av8w.grf (md5sum matches)
     Added NewGRF: GRF ID 444E0400, checksum 40B3F8F1BFEA3342027129792C560677, filename: vast_station_tiles-0.1.0\vast.grf (md5sum matches)
     Added NewGRF: GRF ID 52455400, checksum 1600687C50C5AB1E72EDD487CAD50E2A, filename: coded_by_aegir._artwork_by_aegir-1\ae_cityw.grf (md5sum matches)
     Added NewGRF: GRF ID 44470000, checksum 840B1A2DDDE83A56C3F65C601C8C4C6F, filename: ottdc_grfpack_8.0\ottdc_grfpack\4_infrastructure\dep\dep2.1w.GRF (md5sum matches)
     Added NewGRF: GRF ID 43415000, checksum B4BBADD1C9BEC03DC8D584E118079BE6, filename: climate_dependant_airports-0.1.0\airportsplus.grf (md5sum matches)
     Added NewGRF: GRF ID 52571201, checksum C1C7D8C53EB7E74EEE2F0EF29638B466, filename: egrvts.1.0\egrvts.grf (md5sum matches)
     Added NewGRF: GRF ID 56430001, checksum AF3E0A1E6EF0B98DB966594578D1775B, filename: total_town_replacement_set-3.02a\ttrs3w.grf (md5sum matches)
     Added NewGRF: GRF ID 44440111, checksum 9B5051E70D60EF2926A249B923AFB0CA, filename: uk_renewal_set.3.04\pb_ukrs.grf (md5sum matches)
     Added NewGRF: GRF ID 44442202, checksum 3DAC7433C0DA14AD3C5E8C89D73A6A2E, filename: uk_renewal_set_addon_pack.3.04\ukrsap1w.grf (md5sum matches)
     Added NewGRF: GRF ID 46727806, checksum 09E95562B1894A4D55D5532C6A889621, filename: opengfx_trees-0.2.2\opengfx+trees.grf (md5sum matches)
     Added NewGRF: GRF ID 52453200, checksum 8E0A4D49E0E6F60659D4E28AB38F6647, filename: japanset_landscape.1.1a\jplandw.grf (md5sum matches)
Tick 0: game loaded
     Revision text changed to r21089, savegame version 151, modified, _openttd_newgrf_version = 0x11005261
Tick 51726: game loaded
     Revision text changed to r21226, savegame version 152, not modified, _openttd_newgrf_version = 0x110052ea
---- gamelog end ----

*** End of OpenTTD Crash Report ***

Decoded stack trace:
[00] openttd              0x0000000140009A13
[01] openttd              0x000000013FE54A50
[02] openttd              0x000000013FE5502F
[03] openttd              0x000000013FE66369
[04] openttd              0x0000000140033CFD
[05] openttd              0x000000013FE6496D
[06] openttd              0x00000001400362C2
[07] openttd              0x00000001400EC549
[08] kernel32             0x00000000770DF56D BaseThreadInitThunk + 13
[09] ntdll                0x0000000077213021 RtlUserThreadStart + 33

*** End of additional info ***
