*** OpenTTD Crash Report ***

Crash at: Sun Mar 31 18:32:05 2013
In game date: 2032-08-20 (15)

Crash reason:
 Exception: E1212012
 Location:  000007FEFDD79E5D
 Message:   Assertion failed at line 125 of c:\bamboo-agent-home\xml-data\build-dir\ottd-rls-w64bit\src\pathfinder/follow_track.hpp: ((TrackStatusToTrackdirBits(GetTileTrackStatus(m_old_tile, TT(), IsRoadTT() && m_veh != NULL ? RoadVehicle::From(m_veh)->compatible_roadtypes : 0)) & TrackdirToTrackdirBits(m_old_td)) != 0) || (IsTram() && GetSingleTramBit(m_old_tile) != INVALID_DIAGDIR)

OpenTTD version:
 Version:    1.3.0-RC3 (0)
 NewGRF ver: 13006212
 Bits:       64
 Endian:     little
 Dedicated:  no
 Build date: Mar 18 2013 06:09:44

Registers:
 RAX: 00000000760D2B48 RBX: 0000000000000016 RCX: 00000000002BD540 RDX: 0000000000000000
 RSI: 0000000000000000 RDI: 0000000000000008 RBP: 0000000000000000 RSP: 00000000002BDB50
 R8:  0000000000000000 R9:  0000000000000000 R10: 0000000000000000 R11: 0000000000000286
 R12: 000000013FD63B38 R13: 000000013F63E7A8 R14: 0000000000000001 R15: 000000AC00000000
 RIP: 000007FEFDD79E5D EFLAGS: 00000206

 Bytes at instruction pointer:
 48 81 C4 C8 00 00 00 C3 90 90 90 90 90 90 90 90 90 90 90 48 89 5C 24 08

Stack trace:
 00000016 00000000 00000000 00000000 00000008 00000000 00000178 00000000
 E1212012 00000000 00000000 00000000 FDD79E5D 000007FE 00000000 00000000
 3FDF64A0 00000001 770D146B 00000000 000002F0 00000000 001D0432 00000000
 00000010 00000000 3FCD4818 00000001 00000050 00000000 001D0432 00000000
 00000000 00000000 77773BFA 00000000 3FCD4818 00000001 00000010 00000000
 00000000 00000000 00000000 00000000 00000000 00000000 00000000 00000000
 00000001 00000000 3F738EAD 00000001 00000016 00000000 1D11D3BA 00000000
 00000001 00000000 77769C7A 00000000 00000000 00000000 00000000 000000AC
 00000000 00000000 002BDF90 00000000 0000782D 00000000 00000008 00000000
 3F390000 00000001 3F738264 00000001 00000001 00000000 3FDF64A0 00000001
 00000002 00000000 FFFFFFFF 00000000 3F390000 00000001 3F3D945B 00000001
 3F390000 00000001 00000000 00000000 00000002 00000000 002BE113 00000000
 65737341 6F697472 6166206E 64656C69 20746120 656E696C 35323120 20666F20
 625C3A63 6F626D61 67612D6F 2D746E65 656D6F68 6C6D785C 7461642D 75625C61
 2D646C69 5C726964 6474746F 736C722D 3436772D 5C746962 5C637273 68746170
 646E6966 662F7265 6F6C6C6F 72745F77 2E6B6361 3A707068 54282820 6B636172
 74617453 6F547375 63617254 7269646B 73746942 74654728 656C6954 63617254
 6174536B 28737574 6C6F5F6D 69745F64 202C656C 29285454 7349202C 64616F52
 29285454 20262620 65765F6D 3D212068 4C554E20 203F204C 64616F52 69686556
 3A656C63 6F72463A 5F6D286D 29686576 6F633E2D 7461706D 656C6269 616F725F
 70797464 3A207365 29293020 54202620 6B636172 54726964 6172546F 69646B63
 74694272 5F6D2873 5F646C6F 29296474 203D2120 7C202930 4928207C 61725473
 2029286D 47202626 69537465 656C676E 6D617254 28746942 6C6F5F6D 69745F64
 2029656C 49203D21 4C41564E 445F4449 44474149 00295249 3F402733 00000001

Operating system:
 Name:     Windows
 Release:  6.1.7601 (Service Pack 1)
 Compiler: MSVC 1600

Configuration:
 Blitter:      8bpp-optimized
 Graphics set: OpenGFX (998)
 Language:     C:\Program Files\OpenTTD\lang\hungarian.lng
 Music driver: win32
 Music set:    NoMusic (0)
 Network:      no
 Sound driver: win32
 Sound set:    NoSound (2)
 Video driver: win32

AI Configuration (local: 0):
  0: Human

Libraries:
 FreeType:   2.4.5
 ICU:        4.4.2
 LZMA:       5.0.3
 LZO:        2.05
 PNG:        1.5.4
 Zlib:       1.2.5

Module information:
 C:\Program Files\OpenTTD\openttd.exe handle: 000000013F390000 size: 10578432 crc: AB03D8C3 date: 2013-03-18 06:14:20
 C:\Windows\SYSTEM32\ntdll.dll handle: 0000000077740000 size: 1731920 crc: 71D20A99 date: 2011-11-17 06:41:18
 C:\Windows\system32\kernel32.dll handle: 0000000077160000 size: 1161216 crc: EC2F4AD5 date: 2012-11-30 05:41:07
 C:\Windows\system32\KERNELBASE.dll handle: 000007FEFDD70000 size: 424448 crc: 2907A4D9 date: 2012-11-30 05:41:07
 C:\Windows\system32\WINMM.dll handle: 000007FEF90E0000 size: 217600 crc: 7BC1529F date: 2009-07-14 01:41:56
 C:\Windows\system32\msvcrt.dll handle: 000007FEFE560000 size: 634880 crc: 9D1B448A date: 2011-12-16 08:46:06
 C:\Windows\system32\USER32.dll handle: 0000000077060000 size: 1008128 crc: 70FF7D7F date: 2010-11-21 03:24:09
 C:\Windows\system32\GDI32.dll handle: 000007FEFE7B0000 size: 403968 crc: 3D5BC405 date: 2010-11-21 03:24:03
 C:\Windows\system32\LPK.dll handle: 000007FEFE480000 size: 41984 crc: 350AF03B date: 2009-07-14 01:41:19
 C:\Windows\system32\USP10.dll handle: 000007FEFEBF0000 size: 800768 crc: ED52987B date: 2012-11-22 05:44:23
 C:\Windows\system32\WS2_32.dll handle: 000007FEFE490000 size: 297984 crc: 0F68689B date: 2010-11-21 03:24:28
 C:\Windows\system32\RPCRT4.dll handle: 000007FEFEA60000 size: 1219584 crc: 5217F07C date: 2010-11-21 03:24:02
 C:\Windows\system32\NSI.dll handle: 000007FEFE290000 size: 13824 crc: 53B46F6C date: 2009-07-14 01:41:53
 C:\Windows\system32\ADVAPI32.dll handle: 000007FEFE820000 size: 877056 crc: FA615A20 date: 2009-07-14 01:40:01
 C:\Windows\SYSTEM32\sechost.dll handle: 000007FEFDF70000 size: 113664 crc: 978CFAE5 date: 2009-07-14 01:41:53
 C:\Windows\system32\SHELL32.dll handle: 000007FEFECC0000 size: 14172672 crc: 80527F5B date: 2012-06-09 05:43:10
 C:\Windows\system32\SHLWAPI.dll handle: 000007FEFE900000 size: 448512 crc: 086DF743 date: 2010-11-21 03:24:22
 C:\Windows\system32\IMM32.DLL handle: 000007FEFE260000 size: 167424 crc: 41B2805A date: 2009-07-14 01:41:09
 C:\Windows\system32\MSCTF.dll handle: 000007FEFE600000 size: 1067008 crc: 798DDDA0 date: 2009-07-14 01:41:28
 C:\Windows\system32\SHFolder.dll handle: 000007FEF4BB0000 size: 10240 crc: 08A48DE3 date: 2009-07-14 01:41:54
 C:\Windows\system32\ole32.dll handle: 000007FEFDF90000 size: 2086912 crc: 72F91CD0 date: 2010-11-21 03:23:48
 C:\Windows\system32\uxtheme.dll handle: 000007FEFC330000 size: 332288 crc: B0A13DF9 date: 2009-07-14 01:41:56
 C:\Windows\system32\dwmapi.dll handle: 000007FEFBF00000 size: 82432 crc: A459F360 date: 2009-07-14 01:40:34
 C:\Windows\system32\CRYPTBASE.dll handle: 000007FEFDAD0000 size: 44032 crc: F547C16E date: 2009-07-14 01:40:24
 C:\Windows\system32\mswsock.dll handle: 000007FEFD3D0000 size: 326144 crc: 136B1525 date: 2010-11-21 03:24:00
 C:\Windows\System32\wshtcpip.dll handle: 000007FEFCD80000 size: 13312 crc: 5D1E2C55 date: 2009-07-14 01:41:58
 C:\Windows\system32\MMDevAPI.DLL handle: 000007FEFBF20000 size: 284160 crc: CDF2EF81 date: 2009-07-14 01:41:26
 C:\Windows\system32\PROPSYS.dll handle: 000007FEFC390000 size: 1212416 crc: B83FA3BE date: 2010-11-21 03:23:55
 C:\Windows\system32\OLEAUT32.dll handle: 000007FEFE980000 size: 861696 crc: 1F331414 date: 2011-08-27 05:37:49
 C:\Windows\system32\wdmaud.drv handle: 000007FEF7D90000 size: 217088 crc: 12829973 date: 2010-11-21 03:24:32
 C:\Windows\system32\ksuser.dll handle: 0000000072D60000 size: 5120 crc: AA2071D9 date: 2009-07-14 01:41:13
 C:\Windows\system32\AVRT.dll handle: 000007FEFAB40000 size: 18432 crc: 5CE53CB7 date: 2009-07-14 01:40:05
 C:\Windows\system32\SETUPAPI.dll handle: 000007FEFE2A0000 size: 1900544 crc: A364BD6A date: 2010-11-21 03:24:28
 C:\Windows\system32\CFGMGR32.dll handle: 000007FEFDD30000 size: 207872 crc: 1984C339 date: 2010-11-21 03:24:00
 C:\Windows\system32\DEVOBJ.dll handle: 000007FEFDDE0000 size: 93184 crc: A7541AE2 date: 2009-07-14 01:40:28
 C:\Windows\system32\AUDIOSES.DLL handle: 000007FEF7D40000 size: 296448 crc: 90389554 date: 2010-11-21 03:24:32
 C:\Windows\system32\msacm32.drv handle: 000007FEF7C90000 size: 25600 crc: 2B579A05 date: 2009-07-14 01:38:50
 C:\Windows\system32\MSACM32.dll handle: 000007FEF7C70000 size: 83456 crc: 3D67538B date: 2009-07-14 01:41:27
 C:\Windows\system32\midimap.dll handle: 000007FEF7C60000 size: 20480 crc: CB902A13 date: 2009-07-14 01:41:23
 C:\Windows\system32\CLBCatQ.DLL handle: 000007FEFE1C0000 size: 607744 crc: 939E35C9 date: 2009-07-14 01:40:15
 C:\Windows\system32\psapi.dll handle: 0000000077910000 size: 9216 crc: 84B5E9BA date: 2009-07-14 01:41:53

---- gamelog start ----
Tick 0: new game started
     Revision text changed to 1.3.0-RC3, savegame version 180, not modified, _openttd_newgrf_version = 0x13006212
     New game mode: 1 landscape: 0
     Added NewGRF: GRF ID F1250005, checksum BDB8F5B231464707020F9ECD9C31BA77, filename: firs_industry_replacement_set-0.12.0\firs.grf (md5sum matches)
     Added NewGRF: GRF ID 43485053, checksum 57F479AD35656525E1C4E29ADB9D9B92, filename: chips_station_set-1.0.4\chips.grf (md5sum matches)
     Added NewGRF: GRF ID 52571203, checksum DEE3FEBD0D9F5F45191C05620F581655, filename: egrvts2-175\egrvts2.grf (md5sum matches)
     Added NewGRF: GRF ID 78560007, checksum 4FF96B8C2A55CA3DE21F8049F9DF046F, filename: ikarus_set-5.3\ikarus2w.grf (md5sum matches)
     Added NewGRF: GRF ID 6D620401, checksum C5ACB6D5536A464FD78871D91840A35F, filename: dbsetxlw.grf (md5sum matches)
     Added NewGRF: GRF ID 6D620403, checksum 088F2C57616F12A732A3025F5E997F80, filename: dbxl_firs.grf (md5sum matches)
     Added NewGRF: GRF ID 6D620601, checksum 1214DD7F5FD214AAF7E4A83A3C8226A9, filename: newstatsw.grf (md5sum matches)
Tick 20927: GRF config changed
     Added NewGRF: GRF ID 74677462, checksum 1D2A4E03D9F30922788C166254C27619, filename: total_bridge_renewal_set-1.2\total_bridges.grf (md5sum matches)
Tick 14736: GRF config changed
     Added NewGRF: GRF ID 414E0201, checksum AEC783A65E37426DB43652B1B3A05A6A, filename: fish.grf (md5sum matches)
Tick 42013: GRF config changed
     Added NewGRF: GRF ID 4A430002, checksum 2A214CB9C68182C4C3B9206A28FC4185, filename: industrial_stations_renewal-0.8.2\indstatr.grf (md5sum matches)
---- gamelog end ----

*** End of OpenTTD Crash Report ***

Decoded stack trace:
[00] KERNELBASE           0x000007FEFDD79E5D RaiseException + 61
[01] openttd              0x000000013F738EAD
[02] openttd              0x000000013F738264
[03] openttd              0x000000013F3D945B
[04] openttd              0x000000013F3E04E3
[05] openttd              0x000000013F3E0C17
[06] openttd              0x000000013F4E77C0
[07] openttd              0x000000013F397EAF
[08] openttd              0x000000013F397911
[09] openttd              0x000000013F48754B
[10] openttd              0x000000013F470455
[11] openttd              0x000000013F46FD1D
[12] openttd              0x000000013F40E8E7
[13] openttd              0x000000013F418361
[14] openttd              0x000000013F4188FB
[15] openttd              0x000000013F63C612
[16] USER32               0x0000000077079BD1 TranslateMessageEx + 673
[17] USER32               0x00000000770798DA TranslateMessage + 490
[18] openttd              0x000000013F63CE18
[19] openttd              0x000000013F3DB54C
[20] openttd              0x000000013F63F58E
[21] openttd              0x000000013F73ABAC
[22] kernel32             0x000000007717652D BaseThreadInitThunk + 13
[23] ntdll                0x000000007776C521 RtlUserThreadStart + 33

*** End of additional info ***
