*** OpenTTD Crash Report ***

Crash at: Fri Jan 08 14:36:29 2010
In game date: 1954-10-07 (14)

Crash reason:
 Exception: E1212012
 Location:  7622FBAE
 Message:   Assertion failed at line 78 of c:\openttd\compile\src\tile_map.h: tile < MapSize()

OpenTTD version:
 Version:    1.0.0-beta2 (0)
 NewGRF ver: 1000492f
 Bits:       32
 Endian:     little
 Dedicated:  no
 Build date: Jan  5 2010 21:16:15

Registers:
 EAX: 0012D41C EBX: 00000016 ECX: 00000016 EDX: 00250000
 ESI: 0076F800 EDI: 00000000 EBP: 0012D46C ESP: 0012D41C
 EIP: 7622FBAE EFLAGS: 00200246

 Bytes at instruction pointer:
 C9 C2 10 00 90 90 90 90 90 8B FF 55 8B EC 51 51 83 7D 10 00 56 0F 84 7F

Stack trace:
 E1212012 00000000 00000000 7622FBAE 00000000 2802513B 0012D450 00616CF1
 0012D48C 00002000 00715C58 00000000 0012D484 0012F4DC 00434E4D 0012D48C
 00002000 00715C58 0012D484 0076F800 0012F4DC 00549222 E1212012 00000000
 00000000 00000000 004C9895 00000016 64616F4C 20676E69 72756F79 76617320
 6D616765 61632065 64657375 65704F20 4454546E 206F7420 73617263 540A2E68
 20736968 6D207369 2074736F 656B696C 6320796C 65737561 79622064 6D206120
 69737369 4E20676E 52477765 726F2046 4E206120 52477765 68742046 68207461
 62207361 0A6E6565 64616F6C 61206465 65722073 63616C70 6E656D65 6F662074
 20612072 7373696D 20676E69 4777654E 202E4652 6E65704F 20445454 6E6E6163
 6520746F 6C697361 65640A79 6D726574 20656E69 74656877 20726568 65722061
 63616C70 6E656D65 654E2074 46524777 20736920 6120666F 77656E20 6F207265
 6C6F2072 20726564 73726576 2E6E6F69 2074490A 6C6C6977 616F6C20 20612064
 4777654E 77204652 20687469 20656874 656D6173 46524720 20444920 74207361
 6D206568 69737369 4E20676E 52477765 54202E46 0A736968 6E61656D 68742073
 69207461 68742066 75612065 726F6874 6B616D20 69207365 6D6F636E 69746170
 20656C62 4777654E 20734652 68746977 65687420 6D617320 52472065 44492046
 65704F0A 4454546E 6E616320 20746F6E 6967616D 6C6C6163 6F642079 65687420
 67697220 74207468 676E6968 6E49202E 736F6D20 61632074 20736573 6E65704F
 20445454 6C6C6977 616F6C0A 68742064 61732065 61676576 6120656D 6E20646E
 6320746F 68736172 7562202C 68742074 69207369 6E612073 63786520 69747065
 0A2E6E6F 61656C50 6C206573 2064616F 20656874 65766173 656D6167 74697720
 68742068 70612065 706F7270 74616972 654E2065 46524777 57202E73 206E6568
 64616F6C 20676E69 61730A61 61676576 7320656D 6C6C6974 61726320 73656873
 65687720 6C61206E 654E206C 46524777 72612073 6F662065 20646E75 20756F79

Operating system:
 Name:    Windows
 Release: 6.0.6002 (Service Pack 2)
 MSVC:    Yes

Configuration:
 Blitter:      8bpp-optimized
 Graphics set: OpenGFX
 Language:     french.lng
 Music driver: dmusic
 Music set:    NoMusic
 Sound driver: win32
 Sound set:    OpenSFX
 Video driver: win32

AI Configuration:
  0: Human

Libraries:
 FreeType:   2.3.11
 ICU:        4.2.1
 PNG:        1.2.40

Module information:
 C:\Program Files\OpenTTD\openttd.exe handle: 00400000 size: 3637760 crc: 7216D70B date: 2010-01-05 21:19:20
 C:\Windows\system32\ntdll.dll handle: 76F30000 size: 1202168 crc: 11EF8EE5 date: 2009-04-11 06:27:49
 C:\Windows\system32\kernel32.dll handle: 761F0000 size: 891392 crc: 1164F2B3 date: 2009-04-11 06:28:20
 C:\Windows\system32\WINMM.dll handle: 748F0000 size: 189952 crc: 3E8CBFF5 date: 2009-04-11 06:28:25
 C:\Windows\system32\msvcrt.dll handle: 75740000 size: 679936 crc: B0E5331E date: 2009-04-11 06:28:22
 C:\Windows\system32\USER32.dll handle: 757F0000 size: 627712 crc: 80F0F3C5 date: 2009-04-11 06:28:25
 C:\Windows\system32\GDI32.dll handle: 75FD0000 size: 297472 crc: 69625D80 date: 2009-04-11 06:28:19
 C:\Windows\system32\ADVAPI32.dll handle: 75AB0000 size: 800768 crc: D7864B03 date: 2009-04-11 06:28:17
 C:\Windows\system32\RPCRT4.dll handle: 75F00000 size: 784896 crc: 35185859 date: 2009-04-23 12:15:07
 C:\Windows\system32\ole32.dll handle: 76DE0000 size: 1316864 crc: CB56BE6B date: 2009-04-11 06:28:23
 C:\Windows\system32\OLEAUT32.dll handle: 76160000 size: 563712 crc: 12E9F438 date: 2009-04-11 06:28:23
 C:\Windows\system32\OLEACC.dll handle: 748B0000 size: 234496 crc: 82CE51D9 date: 2009-10-08 21:08:01
 C:\Windows\system32\WS2_32.dll handle: 77160000 size: 179200 crc: 5D581120 date: 2008-01-19 07:37:09
 C:\Windows\system32\NSI.dll handle: 770D0000 size: 8192 crc: 10729B39 date: 2008-01-19 07:35:57
 C:\Windows\system32\SHELL32.dll handle: 762D0000 size: 11584000 crc: 766AA8BB date: 2009-04-11 06:28:24
 C:\Windows\system32\SHLWAPI.dll handle: 77070000 size: 353280 crc: 681AC986 date: 2009-04-11 06:28:24
 C:\Windows\system32\IMM32.DLL handle: 75CF0000 size: 114688 crc: 8D83D50A date: 2009-04-11 06:28:20
 C:\Windows\system32\MSCTF.dll handle: 755E0000 size: 807424 crc: 78787E19 date: 2009-04-11 06:28:20
 C:\Windows\system32\LPK.DLL handle: 75730000 size: 23552 crc: 2E03F135 date: 2009-06-15 14:52:42
 C:\Windows\system32\USP10.dll handle: 756B0000 size: 502272 crc: 33F7104F date: 2009-04-11 06:28:25
 C:\Windows\system32\APSHook.dll handle: 10000000 size: 70144 crc: FFE24C8D date: 2007-02-26 03:49:00
 C:\Windows\WinSxS\x86_microsoft.windows.common-controls_6595b64144ccf1df_6.0.6002.18005_none_5cb72f96088b0de0\comctl32.dll handle: 74570000 size: 1686016 crc: 1453762E date: 2009-04-11 06:21:38
 C:\Windows\system32\SHFolder.dll handle: 6F870000 size: 7168 crc: 1CA14A5C date: 2006-11-02 09:46:13
 C:\Windows\system32\wdmaud.drv handle: 732E0000 size: 167424 crc: AE942463 date: 2009-04-11 06:27:12
 C:\Windows\system32\ksuser.dll handle: 732D0000 size: 4608 crc: 4C647881 date: 2006-11-02 09:46:05
 C:\Windows\system32\MMDevAPI.DLL handle: 73CE0000 size: 150528 crc: 481F98E7 date: 2009-04-11 06:28:20
 C:\Windows\system32\AVRT.dll handle: 73EC0000 size: 12800 crc: EB589AA0 date: 2008-01-19 07:33:47
 C:\Windows\system32\SETUPAPI.dll handle: 75920000 size: 1591296 crc: A225D6A1 date: 2009-04-11 06:28:24
 C:\Windows\system32\WINTRUST.dll handle: 74740000 size: 171520 crc: EE6B6CCB date: 2008-01-19 07:36:56
 C:\Windows\system32\CRYPT32.dll handle: 74EF0000 size: 978944 crc: CE0B7499 date: 2009-04-11 06:28:18
 C:\Windows\system32\MSASN1.dll handle: 75050000 size: 60928 crc: D62CDC5B date: 2009-09-04 11:41:59
 C:\Windows\system32\USERENV.dll handle: 75490000 size: 108544 crc: CC1E5DD3 date: 2009-04-11 06:28:25
 C:\Windows\system32\Secur32.dll handle: 75470000 size: 72704 crc: C962EC8E date: 2009-06-15 14:53:43
 C:\Windows\system32\imagehlp.dll handle: 77130000 size: 153088 crc: EEF49677 date: 2008-01-19 07:34:32
 C:\Windows\system32\AUDIOSES.DLL handle: 730D0000 size: 115712 crc: 9E346B3A date: 2009-04-11 06:28:18
 C:\Windows\system32\audioeng.dll handle: 72FD0000 size: 397312 crc: 17666E45 date: 2008-01-19 07:33:45
 C:\Windows\system32\PSAPI.DLL handle: 75540000 size: 12288 crc: D7B812C5 date: 2006-11-02 09:46:12
 C:\Windows\system32\msacm32.drv handle: 730C0000 size: 21504 crc: 28704D00 date: 2009-04-11 06:27:12
 C:\Windows\system32\MSACM32.dll handle: 730A0000 size: 71680 crc: A2E8F836 date: 2008-01-19 07:34:54
 C:\Windows\system32\midimap.dll handle: 72FC0000 size: 17408 crc: 9FC56E7F date: 2009-04-11 06:28:20
 C:\Windows\system32\CLBCatQ.DLL handle: 75890000 size: 523776 crc: C2EBF5E6 date: 2008-01-19 07:33:52
 C:\Windows\system32\IconCodecService.dll handle: 700C0000 size: 9728 crc: D8D965A6 date: 2006-11-02 12:33:49
 C:\Windows\system32\WindowsCodecs.dll handle: 73740000 size: 974848 crc: 9A99AA19 date: 2009-09-25 02:10:10
 C:\Windows\system32\uxtheme.dll handle: 74070000 size: 240128 crc: 5F29223E date: 2008-01-19 07:36:47
 C:\Program Files\Hewlett-Packard\IAM\bin\ItClient.dll handle: 01AB0000 size: 90112 crc: 7CBE3883 date: 2006-12-04 09:31:00
 C:\Windows\WinSxS\x86_microsoft.windows.common-controls_6595b64144ccf1df_5.82.6001.18000_none_886786f450a74a05\Comctl32.dll handle: 744E0000 size: 531968 crc: 9831221E date: 2008-01-19 07:26:33
 C:\Windows\system32\dwmapi.dll handle: 70D80000 size: 39936 crc: 2E8C92C0 date: 2008-01-19 07:34:07
 C:\Windows\system32\dmime.dll handle: 6F1B0000 size: 178688 crc: 3063C87B date: 2008-01-19 07:34:04
 C:\Windows\system32\DSOUND.dll handle: 6D5B0000 size: 444416 crc: 2196E709 date: 2009-04-11 06:28:19
 C:\Windows\system32\POWRPROF.dll handle: 74860000 size: 98816 crc: F5FB120D date: 2009-04-11 06:28:23
 C:\Windows\system32\dmusic.dll handle: 6F220000 size: 101888 crc: 9C95E7AB date: 2009-04-11 06:28:18
 C:\Windows\system32\dmsynth.dll handle: 6FA60000 size: 105472 crc: A572B2E6 date: 2009-04-11 06:28:18
 C:\Windows\system32\dmloader.dll handle: 6FAB0000 size: 38400 crc: 43D1875C date: 2008-01-19 07:34:04
 C:\Windows\system32\mswsock.dll handle: 74C00000 size: 223232 crc: 9C4248CA date: 2009-04-11 06:28:22
 C:\Windows\System32\wshtcpip.dll handle: 74840000 size: 9216 crc: 10C50FC1 date: 2008-01-19 07:37:11

---- gamelog start ----
Tick 0: new game started
     Revision text changed to 1.0.0-beta2, savegame version 135, not modified, _openttd_newgrf_version = 0x1000492f
     New game mode: 1 landscape: 2
     Added NewGRF: GRF ID FBFB0201, checksum C3714CCDCE206A9D1A3903A3A90D351E, filename: transrapid_track_set.beta_1.1\transrapidtracksetw.grf
     Added NewGRF: GRF ID 66724F4E, checksum 20AB6D74738955E537802E7A9A871F61, filename: original_vehicle_names.2\origveh.grf
     Added NewGRF: GRF ID 46420801, checksum 2D654630F22AA4C78A58710024C514B3, filename: new_tram_tracks.0.4.1\newtramtracksw_v0.4.1.grf
     Added NewGRF: GRF ID 4D470601, checksum 9C21B80FAAA6B5A5BB91815E5915B91C, filename: logic_train.0.6\logic.grf
     Added NewGRF: GRF ID 44501401, checksum 5F46A5DE67D0168B638A878FB2D49AEB, filename: japanese_maglevs.0.1\jpmaglevw.grf
     Added NewGRF: GRF ID 52453300, checksum FA9253BC448F0B466FC018F80F9460C5, filename: japanese_trees.2.1\jptreesw.grf
     Added NewGRF: GRF ID 45580102, checksum 2E97B00D4ABAC99CD825964E9402A81B, filename: ex_s_city_builder.0.3\ex_cities.grf
     Added NewGRF: GRF ID 44440A01, checksum D48D7AD02CA355B92FAE081DC4A36868, filename: av8_aviators_aircraft_set.1.5\pb_av8w.grf
     Added NewGRF: GRF ID 44440A02, checksum CC43F806C0D6838DBE3E68434F3726F3, filename: apache_helicopter.1\apache_w.grf
     Added NewGRF: GRF ID 05102001, checksum ECFDE8BA1A2DEB6AF558D89285E70444, filename: a_new_monolev_trainset.0.3\nmts.grf
     Added NewGRF: GRF ID 11223301, checksum 474A7FF52E675DED3154101B58B3E3C7, filename: 2cc_chimaera_addon.2\chim.grf
     Added NewGRF: GRF ID 72777473, checksum 9FAF600C6F6B68D29C942B0DD437FF13, filename: uk_town_set.1\ukts.grf
     Added NewGRF: GRF ID 27711002, checksum 3E2A2578101FFB3DD8AFC451CC43C8D0, filename: 2cc_trainset.1.0.1\2cctrainset.grf
     Added NewGRF: GRF ID 44440A03, checksum 6205E0297104502240D946EC26B195CA, filename: av8_extra_aircraft.1.501\pb_av8exw.grf
     Added NewGRF: GRF ID 4D470302, checksum 52BFBEA55B7EDB8192DE26040FF03CC9, filename: basecosts.grf
     Added NewGRF: GRF ID 535A5644, checksum 5390BFF2E600595DC74E1C6247DA762D, filename: better_vehicle_names.v1\bvehname.grf
     Added NewGRF: GRF ID FBFB0102, checksum 803D38F242F016C4A8212FA05C0F9B7E, filename: dutch_tram_set.rc1\dutchtramsetw.grf
     Added NewGRF: GRF ID 4F460A01, checksum 4E930501C73FF984F54489B2EC1AF052, filename: earlier_road_vehicles.1.0\erv.grf
     Added NewGRF: GRF ID 4D656F91, checksum 080E81A6E0C9F250F84B9A5F8AB4C0DE, filename: ecs_town_vector.b5__25_nov_2009_\ecstownw.grf
     Added NewGRF: GRF ID 414E0101, checksum 9697117CA1DC2F9037E9CE7C5D0CBDE1, filename: fish_ship_set.0.1\fish.grf
     Added NewGRF: GRF ID 44440A11, checksum 9CC25A10F25815ABD68C21520C822894, filename: general_av8ion.0.2\genav8w.grf
     Added NewGRF: GRF ID 44540000, checksum 827631B2FEEED78400419E98877F3331, filename: lithuanian_transportation_set.beta_1.1\ltts - beta 1.1w.grf
     Added NewGRF: GRF ID FBFB0401, checksum E497AFEB67D7501658FFC709C2E474A9, filename: metro_track_set.0.2.2\metrotracksetw.grf
     Added NewGRF: GRF ID 49420105, checksum A6E7B72F9C52F08303204C6FB3A3700A, filename: snow_line_mod.0.1.0\snowlinemod.grf
     Added NewGRF: GRF ID 41495000, checksum 9D67EDB9F4C802427CED774103D12EBB, filename: swedish_town_names.1\swedishtownsw.grf
     Added NewGRF: GRF ID 52571201, checksum C1C7D8C53EB7E74EEE2F0EF29638B466, filename: egrvts.1.0\egrvts.grf
     Added NewGRF: GRF ID 4444F000, checksum 875F485E4DB617B27C58543C4000F0FB, filename: old_wagons_new_cargos.1.1\oldwagons-newcargos.grf
     Added NewGRF: GRF ID 3B170000, checksum 933C37C9255A77F3314A5E2F34BDEBF4, filename: romanian_road_vehicle_set.0.5.0\rvr_050w.grf
     Added NewGRF: GRF ID 44460000, checksum 794F4247978D52C300939D120EA29176, filename: openttd_plus.0.1\ottdpp.grf
     Added NewGRF: GRF ID 49450003, checksum 72D6C2E4E939E300A881FDE5D590F878, filename: helipad.grf
     Added NewGRF: GRF ID 49450001, checksum 9F36E277D4ABD8D300C5B1980D797034, filename: bighq.grf
     Added NewGRF: GRF ID 4D470701, checksum 46D7675DEBCD076F69F7A34A816F190E, filename: frenchtowns.grf
     Added NewGRF: GRF ID 425F0101, checksum 5E6DC9FD3D9364AC6ABE21E6B4D8CE3E, filename: very_large_ships.0.1\vl_shipw.grf
---- gamelog end ----

*** End of OpenTTD Crash Report ***
