new_map: 00000000
save: 00000000; 00; dmp_cmds_00000000_00000000.sav
load: opntitle.dat
[2012-01-25 19:28:56] load: /home/agrif/.openttd/save/vactrain-bug.sav
[2012-01-25 19:28:56] load: /home/agrif/.openttd/save/vactrain-bug.sav
[2012-01-25 19:28:56] cmd: 000c2c77; 19; ff; 000000; 00000002; 00000000; 00000039; "" (CmdPause)
[2012-01-25 19:29:32] client: 000c2c77; 19; 02; 0001
[2012-01-25 19:29:32] cmd: 000c2c77; 19; ff; 000000; 00000004; 00000001; 00000039; "" (CmdPause)
[2012-01-25 19:29:32] msg: 000c2c77; 19; ‎*** Game still paused (manual, connecting clients)
[2012-01-25 19:29:33] msg: 000c2c77; 19; ‎*** brownan has joined the game (Client #3)
[2012-01-25 19:29:33] cmd: 000c2c77; 19; ff; 000000; 00000004; 00000000; 00000039; "" (CmdPause)
[2012-01-25 19:29:33] msg: 000c2c77; 19; ‎*** Game still paused (manual)
[2012-01-25 19:29:57] cmd: 000c2c77; 19; ff; 000000; 00000001; 00000000; 00000039; "" (CmdPause)
[2012-01-25 19:29:57] msg: 000c2c77; 19; ‎*** Game unpaused (manual)
[2012-01-25 19:29:58] sync: 000c2c78; 00; 559f6bab; 4af2dd12
[2012-01-25 19:30:00] sync: 000c2c79; 00; 85422a11; c08d6e2a
[2012-01-25 19:30:02] sync: 000c2c7a; 00; af4d2897; 28851868
[2012-01-25 19:30:05] sync: 000c2c7b; 00; e7bcef03; 6f90bc4e
[2012-01-25 19:30:07] sync: 000c2c7c; 00; a014c50d; de91fbcb
[2012-01-25 19:30:09] sync: 000c2c7d; 00; 643c8771; 89bf47cb
[2012-01-25 19:30:11] sync: 000c2c7e; 00; 0a9f11a0; 7d57bfa9
[2012-01-25 19:30:14] sync: 000c2c7f; 00; d417caee; 97bac6e4
[2012-01-25 19:30:16] sync: 000c2c80; 00; 16a8e0bb; 6f7f1238
[2012-01-25 19:30:16] save: 000c2c80; 00; dmp_cmds_3b45c1f9_000c2c80.sav
[2012-01-25 19:30:18] sync: 000c2c81; 00; 1b7340d6; cf6acadb
[2012-01-25 19:30:21] msg: 000c2c81; 49; ‎*** brownan has left the game (desync error)
[2012-01-25 19:30:21] sync: 000c2c82; 00; b1df4f03; 651d2425
[2012-01-25 19:30:23] sync: 000c2c83; 00; d68616a4; 5c6795fb
[2012-01-25 19:30:25] sync: 000c2c84; 00; d951326f; 7dd683b4
