*** OpenTTD Crash Report ***

Crash at: Fri Aug 22 05:04:47 2014
In game date: 1900-01-09 (14)

Crash reason:
 Exception: C0000005
 Location:  000000013FF8BBB5
 Message:   <none>

OpenTTD version:
 Version:    r26752 (0)
 NewGRF ver: 15006880
 Bits:       64
 Endian:     little
 Dedicated:  no
 Build date: Aug 20 2014 18:18:02

Registers:
 RAX: 0000000024DBF000 RBX: 0000000001DB6628 RCX: 0000000001DB6D48 RDX: 00000000230082C8
 RSI: 000000000000006B RDI: 0000000024DBE8F0 RBP: 0000000024C17730 RSP: 000000000015F0E8
 R8:  00000000000009B0 R9:  0000000000000015 R10: 0000000000122000 R11: 0000000001DB6628
 R12: 0000000001DB6628 R13: 000000000000026C R14: 00000000251F1964 R15: 00000000251F1964
 RIP: 000000013FF8BBB5 EFLAGS: 00010206

 Bytes at instruction pointer:
 48 8B 44 0A F0 4C 8B 54 0A F8 49 FF C9 48 89 41 F0 4C 89 51 F8 75 D4 49

Stack trace:
 3FE21CE1 00000001 00000000 00000000 00000080 00000000 00000000 00000000
 3FC53D2F 00000001 00000000 00000000 00000000 00000000 000004D8 00000000
 000009B0 00000000 00000280 00000000 000001E0 00000000 24C17730 00000000
 0000026C 00000000 00000147 00000000 0000000A 00000000 0000007B 00000000
 3FC8F6B6 00000001 24C17730 00000000 40840608 00000001 0B1163FA 00000000
 0000026C 00000000 00000147 00000000 00000030 00000002 0000000A 00000000
 00000000 00000000 00000280 00000000 3FBDF718 00000001 000001E0 00000000
 00000000 00000000 00000000 00000000 FDC11203 000007FE 0015F298 00000000
 3FEA3054 00000001 01C31690 00000000 3FBDF8FB 00000001 00000280 00000000
 00000000 00000000 000001E0 00000000 00000001 00000000 00000001 00000000
 00000000 00000000 0B1163FA 00000000 0B116418 00000000 00000000 00000000
 3FC5403E 00000001 00000000 00000000 0000FFFF 00000000 0B1163FA 00000000
 0B1163F8 00000000 00000000 00000000 3FEA4152 00000001 0B116300 00000000
 0015F400 00000000 0B1163EA 00000000 0B1163EA 00000000 00000001 00000000
 00000001 00000001 00BA0996 00000000 0000000F FFFFF880 00000000 00000000
 00000000 00000000 0B1163DA 00000145 0000011B FFFFF880 00000001 00000000
 00000000 00000000 00000006 00000000 00000007 00000000 00000000 00000000
 3FC10BDA 00000001 00000000 00000000 0015F410 00000000 00000000 00000000
 00000000 00000000 01000001 00000000 0015F368 00000000 3FBB0000 00000001
 77B12F6F 00000000 00000000 00000000 3FF9E798 00000001 0015F648 00000000
 40805CA8 00000001 00000006 00000000 00000000 00000000 00000000 00000000
 00000000 00000000 00000000 00000000 00000000 00000000 00000000 00000000
 00000000 00000000 00000000 00000000 00000080 01000000 FFFFFFFE FFFFFFFF
 01C232E0 00000000 01E7C8B0 00000000 0135B000 00000000 01000000 0000014F

Operating system:
 Name:     Windows
 Release:  6.1.7601 (Service Pack 1)
 Compiler: MSVC 1600

Configuration:
 Blitter:      32bpp-anim
 Graphics set: OpenGFX (5203)
 Language:     C:\Users\Administrator\Desktop\openttd-trunk-r26752-windows-win64\lang\english_US.lng
 Music driver: win32
 Music set:    NoMusic (0)
 Network:      client
 Sound driver: win32
 Sound set:    NoSound (2)
 Video driver: win32

Fonts:
 Small:  sprite
 Medium: sprite
 Large:  sprite
 Mono:   sprite

AI Configuration (local: 1):
  0: Human
  1: Human

Libraries:
 FreeType:   2.4.11
 ICU:        51.2
 LZMA:       5.0.4
 LZO:        2.06
 PNG:        1.5.14
 Zlib:       1.2.7

Module information:
 C:\Users\Administrator\Desktop\openttd-trunk-r26752-windows-win64\openttd.exe handle: 000000013FBB0000 size: 14133760 crc: EDE1318B date: 2014-08-20 16:23:36
 C:\Windows\SYSTEM32\ntdll.dll handle: 0000000077C10000 size: 1732032 crc: 5BF564D3 date: 2013-08-29 02:16:35
 C:\Windows\system32\kernel32.dll handle: 0000000077AF0000 size: 1163264 crc: 19230232 date: 2014-04-09 04:29:52
 C:\Windows\system32\KERNELBASE.dll handle: 000007FEFDC10000 size: 424960 crc: 7FB4EAD2 date: 2014-05-13 17:19:07
 C:\Windows\system32\WINMM.dll handle: 000007FEFA0F0000 size: 217600 crc: 7BC1529F date: 2009-07-14 01:41:56
 C:\Windows\system32\msvcrt.dll handle: 000007FEFFE80000 size: 634880 crc: 9D1B448A date: 2011-12-16 08:46:06
 C:\Windows\system32\USER32.dll handle: 00000000779F0000 size: 1008128 crc: 70FF7D7F date: 2010-11-21 03:24:09
 C:\Windows\system32\GDI32.dll handle: 000007FEFFBF0000 size: 404480 crc: DCBD7E30 date: 2013-10-03 02:23:48
 C:\Windows\system32\LPK.dll handle: 000007FEFFD40000 size: 41472 crc: EE04F660 date: 2013-06-06 05:50:51
 C:\Windows\system32\USP10.dll handle: 000007FEFEE50000 size: 801280 crc: DCB1924F date: 2014-06-24 14:09:59
 C:\Windows\system32\WS2_32.dll handle: 000007FEFFAC0000 size: 297984 crc: 0F68689B date: 2010-11-21 03:24:28
 C:\Windows\system32\RPCRT4.dll handle: 000007FEFFD50000 size: 1217024 crc: 91581142 date: 2013-07-09 05:51:16
 C:\Windows\system32\NSI.dll handle: 000007FEFFA10000 size: 13824 crc: 53B46F6C date: 2009-07-14 01:41:53
 C:\Windows\system32\IMM32.dll handle: 000007FEFEF20000 size: 167424 crc: 41B2805A date: 2009-07-14 01:41:09
 C:\Windows\system32\MSCTF.dll handle: 000007FEFF900000 size: 1067008 crc: 798DDDA0 date: 2009-07-14 01:41:28
 C:\Windows\system32\ADVAPI32.dll handle: 000007FEFFC60000 size: 878080 crc: D0A62838 date: 2013-08-29 02:13:28
 C:\Windows\SYSTEM32\sechost.dll handle: 000007FEFFA20000 size: 113664 crc: 978CFAE5 date: 2009-07-14 01:41:53
 C:\Windows\system32\SHELL32.dll handle: 000007FEFE0C0000 size: 14175744 crc: 2AF65854 date: 2014-05-13 17:19:48
 C:\Windows\system32\SHLWAPI.dll handle: 000007FEFE040000 size: 448512 crc: 086DF743 date: 2010-11-21 03:24:22
 C:\Windows\system32\ole32.dll handle: 000007FEFF650000 size: 2086912 crc: 72F91CD0 date: 2010-11-21 03:23:48
 C:\Windows\system32\uxtheme.dll handle: 000007FEFBD50000 size: 332288 crc: B0A13DF9 date: 2009-07-14 01:41:56
 C:\Windows\system32\dwmapi.dll handle: 000007FEFAC40000 size: 82432 crc: A459F360 date: 2009-07-14 01:40:34
 C:\Windows\system32\CRYPTBASE.dll handle: 000007FEFD8C0000 size: 44032 crc: F547C16E date: 2009-07-14 01:40:24
 C:\Windows\system32\mswsock.dll handle: 000007FEFD200000 size: 327168 crc: 2C87855E date: 2013-09-08 02:27:14
 C:\Windows\System32\wshtcpip.dll handle: 000007FEFCC00000 size: 13312 crc: 5D1E2C55 date: 2009-07-14 01:41:58
 C:\Windows\system32\MMDevAPI.DLL handle: 000007FEFBD00000 size: 284160 crc: CDF2EF81 date: 2009-07-14 01:41:26
 C:\Windows\system32\PROPSYS.dll handle: 000007FEFBDE0000 size: 1212416 crc: B83FA3BE date: 2010-11-21 03:23:55
 C:\Windows\system32\OLEAUT32.dll handle: 000007FEFFB10000 size: 861696 crc: 1F331414 date: 2011-08-27 05:37:49
 C:\Windows\system32\wdmaud.drv handle: 000007FEEE420000 size: 217088 crc: 12829973 date: 2010-11-21 03:24:32
 C:\Windows\system32\ksuser.dll handle: 0000000057FC0000 size: 5120 crc: AA2071D9 date: 2009-07-14 01:41:13
 C:\Windows\system32\AVRT.dll handle: 000007FEFB020000 size: 18432 crc: 5CE53CB7 date: 2009-07-14 01:40:05
 C:\Windows\system32\SETUPAPI.dll handle: 000007FEFEF50000 size: 1900544 crc: A364BD6A date: 2010-11-21 03:24:28
 C:\Windows\system32\CFGMGR32.dll handle: 000007FEFDCF0000 size: 207872 crc: 1984C339 date: 2010-11-21 03:24:00
 C:\Windows\system32\DEVOBJ.dll handle: 000007FEFDC90000 size: 93184 crc: A7541AE2 date: 2009-07-14 01:40:28
 C:\Windows\system32\AUDIOSES.DLL handle: 000007FEF8830000 size: 296448 crc: 90389554 date: 2010-11-21 03:24:32
 C:\Windows\system32\msacm32.drv handle: 000007FEFBA60000 size: 25600 crc: 2B579A05 date: 2009-07-14 01:38:50
 C:\Windows\system32\MSACM32.dll handle: 000007FEFB870000 size: 83456 crc: 3D67538B date: 2009-07-14 01:41:27
 C:\Windows\system32\midimap.dll handle: 000007FEFBA40000 size: 20480 crc: CB902A13 date: 2009-07-14 01:41:23
 C:\Windows\system32\CLBCatQ.DLL handle: 000007FEFF860000 size: 607744 crc: 939E35C9 date: 2009-07-14 01:40:15
 C:\Windows\System32\wship6.dll handle: 000007FEFD1F0000 size: 13824 crc: E3FBF123 date: 2009-07-14 01:41:58
 C:\Windows\system32\psapi.dll handle: 0000000077DE0000 size: 9216 crc: 84B5E9BA date: 2009-07-14 01:41:53

---- gamelog start ----
Tick 0: new game started
Revision text changed to r26752, savegame version 192, not modified, _openttd_newgrf_version = 0x15006880
New game mode: 1 landscape: 2
---- gamelog end ----

*** End of OpenTTD Crash Report ***

Decoded stack trace:
[00] openttd              0x000000013FF8BBB5
[01] openttd              0x000000013FE21CE1
[02] openttd              0x000000013FC8F6B6
[03] openttd              0x000000013FBDF718
[04] openttd              0x000000013FBDF8FB
[05] openttd              0x000000013FC5403E
[06] openttd              0x000000013FEA4152
[07] openttd              0x000000013FC10BDA
[08] openttd              0x000000013FEA6801
[09] openttd              0x000000013FF92BE8
[10] kernel32             0x0000000077B059ED BaseThreadInitThunk + 13
[11] ntdll                0x0000000077C3C541 RtlUserThreadStart + 33

*** End of additional info ***
