*** OpenTTD Crash Report ***

Crash at: Fri Sep 30 20:24:14 2016
In game date: 1958-05-12 (7)

Crash reason:
 Exception: C0000096
 Location:  00CE034E
 Message:   <none>

OpenTTD version:
 Version:    1.6.1 (0)
 NewGRF ver: 16186bd9
 Bits:       32
 Endian:     little
 Dedicated:  no
 Build date: Jun 30 2016 21:26:44

Registers:
 EAX: 0A7DE372 EBX: 00000000 ECX: 000000C3 EDX: 0D47B300
 ESI: 15260E70 EDI: 00000000 EBP: 15260E70 ESP: 0012F948
 EIP: 00CE034E EFLAGS: 00210216

 Bytes at instruction pointer:
 6F 78 05 05 71 78 05 05 73 78 05 05 75 78 05 05 77 78 05 05 79 78 05 05

Stack trace:
 00000000 15260E70 0012F980 00000000 004CE16A 15260E70 00000000 15260E70
 0012F980 00000000 004CE2BD 00000000 15260BA0 15260E70 0012FA28 004598AB
 00000000 015D7D6B 00000000 000000EB 00000000 00000000 00000000 00000000
 0012FA18 004FEE38 0012F9F8 0012FA18 004FEF1A 00000000 0000C915 00000008
 00013E94 00000000 0012F9F8 00456824 00000000 00029AD5 000000B2 00029AD5
 FFFFFFFA 004D134B 00029AD5 00029AD5 004D14E0 00029AD5 00029AD5 00000001
 0012FA18 000206CD 00029AD5 00029AD5 0012FB64 0012FB54 006EE713 FFFFFFFF
 0012FB64 004407F1 015D7D6B 00000000 00F75170 00000001 00EDD7A4 00000561
 00000000 0012FA08 11DD6920 0012FAB0 75F3630B 733FF399 FFFFFFFE 75EEC5CE
 75EE4EE6 00000000 005D9923 000B01CE 0000000F 00000000 00000000 01665D04
 75EE4EF1 06C3CC81 0012FBA8 0012FBA0 01665CF0 0012FB00 004620B7 004B41F9
 004B41F9 000000C6 00000038 0F70AF18 004B41F9 000000C6 00000038 1458D250
 15EBDF54 17C902A0 15EBE368 0000000A 0045F408 00000260 0000016C 03EA98A0
 03EA98A0 00000001 0012FB54 0045FA1A 03EA98A0 17C902A0 FFFFFF80 0045FAF2
 17C902A0 FFFFFD50 00000000 17C902A0 00000000 00008368 0000000A 00000000
 02391EB8 000001FF 00000000 00000000 015D7D6B 0012FB64 005DD035 02391EBC
 00433EB4 00000000 00000000 0012FDCC 006EE9AF 00000000 75EDA2BC 015D7D7B
 004409F2 75EDA226 00000000 005DA775 00000000 00000000 0012FDDC 00000000
 0012FDDC 015D7D7B 015D7D99 00000000 00000000 00000000 000B01CE 0000000F
 00000000 00000000 015D7D5C 000002BC 000002D8 0043F950 00000001 00000001
 02249748 00F80000 00000000 022CC678 0112FBDC 00000000 00000000 00000000
 00000000 02331780 0232AE68 00690064 00000000 00000000 00000000 0012FDFC
 00ECB668 00000000 00000000 00610072 00000000 00000000 00000000 00000000
 00000006 00000006 77C267E7 02249748 00000000 77C25C13 77FDCD40 00000027

Operating system:
 Name:     Windows
 Release:  6.1.7601 (Service Pack 1)
 Compiler: MSVC 1600

Configuration:
 Blitter:      8bpp-optimized
 Graphics set: OpenGFX (5580)
 Language:     C:\Program Files\OpenTTD\lang\portuguese.lng
 Music driver: dmusic
 Music set:    NoMusic (0)
 Network:      no
 Sound driver: win32
 Sound set:    NoSound (2)
 Video driver: win32

Fonts:
 Small:  sprite
 Medium: sprite
 Large:  sprite
 Mono:   sprite

AI Configuration (local: 0):
  0: Human
  1: NoCAB (v499)
  2: NoNoCAB (v3)
  3: AdmiralAI (v25)
  4: AIAI (v97)
  5: DictatorAI (v183)
  6: OtviAI (v418)
  7: SimpleAI (v10)
  8: SynTrans (v15)
  9: Terron (v209)
 10: Trans (v130722)

Libraries:
 FreeType:   2.4.11
 ICU i18n:   51.2
 ICU lx:     51.2
 LZMA:       5.0.4
 LZO:        2.06
 PNG:        1.5.14
 Zlib:       1.2.7

Module information:
 C:\Program Files\OpenTTD\openttd.exe handle: 00400000 size: 11934720 crc: F7B6F60A date: 2016-06-30 21:30:22
 C:\Windows\SYSTEM32\ntdll.dll handle: 77BD0000 size: 1310528 crc: BB0CF7A8 date: 2016-09-02 15:18:23
 C:\Windows\system32\kernel32.dll handle: 769A0000 size: 872448 crc: BC1C4A67 date: 2016-03-17 22:26:26
 C:\Windows\system32\KERNELBASE.dll handle: 75BC0000 size: 294400 crc: E387891D date: 2016-03-17 22:26:26
 C:\Windows\system32\WINMM.dll handle: 71710000 size: 194048 crc: 849223C7 date: 2010-11-20 03:21:38
 C:\Windows\system32\msvcrt.dll handle: 77D60000 size: 690688 crc: DAB48B3A date: 2011-12-16 07:52:58
 C:\Windows\system32\USER32.dll handle: 75ED0000 size: 811520 crc: C058EF51 date: 2016-08-16 02:48:13
 C:\Windows\system32\GDI32.dll handle: 76090000 size: 306688 crc: 3D89905B date: 2016-05-18 16:10:06
 C:\Windows\system32\LPK.dll handle: 760E0000 size: 26112 crc: 3F3AFBC5 date: 2016-05-13 21:49:50
 C:\Windows\system32\USP10.dll handle: 76830000 size: 627712 crc: A1594BC1 date: 2015-11-03 18:56:18
 C:\Windows\system32\WS2_32.dll handle: 767F0000 size: 206336 crc: E20C855A date: 2016-05-11 15:19:26
 C:\Windows\system32\RPCRT4.dll handle: 76A80000 size: 655360 crc: 8A8D45DB date: 2016-09-02 15:16:40
 C:\Windows\system32\NSI.dll handle: 76740000 size: 8704 crc: 2ACE9671 date: 2009-07-14 01:16:11
 C:\Windows\system32\IMM32.dll handle: 766C0000 size: 118272 crc: B45269DC date: 2010-11-20 03:19:24
 C:\Windows\system32\MSCTF.dll handle: 768D0000 size: 828928 crc: 9CA6751F date: 2015-01-17 02:30:42
 C:\Windows\system32\ADVAPI32.dll handle: 76590000 size: 644096 crc: EA9631EA date: 2016-09-02 15:16:23
 C:\Windows\SYSTEM32\sechost.dll handle: 75E60000 size: 92160 crc: 80F53C42 date: 2015-05-25 18:01:39
 C:\Windows\system32\SHELL32.dll handle: 76E30000 size: 12880384 crc: 6B0A3230 date: 2016-08-29 15:12:50
 C:\Windows\system32\SHLWAPI.dll handle: 76030000 size: 350208 crc: 23E05F73 date: 2010-11-20 03:21:20
 C:\Windows\system32\ole32.dll handle: 76CD0000 size: 1414144 crc: CE83A8C6 date: 2016-03-17 22:28:21
 C:\Windows\system32\uxtheme.dll handle: 747B0000 size: 249856 crc: 1CD7BB78 date: 2009-07-14 01:16:17
 C:\Windows\system32\dwmapi.dll handle: 74470000 size: 67584 crc: 0A7DEB75 date: 2015-07-09 17:42:54
 C:\Windows\system32\CRYPTBASE.dll handle: 759D0000 size: 36352 crc: D34972E0 date: 2016-09-02 14:49:04
 C:\Windows\system32\CLBCatQ.DLL handle: 75FA0000 size: 522240 crc: 6C130B8A date: 2009-07-14 01:15:03
 C:\Windows\system32\OLEAUT32.dll handle: 76750000 size: 581632 crc: 23106FF8 date: 2016-08-06 15:15:01
 C:\Windows\system32\mswsock.dll handle: 75500000 size: 231424 crc: DD4CB3EB date: 2016-05-11 15:19:16
 C:\Windows\System32\wshtcpip.dll handle: 75060000 size: 9216 crc: BA963A19 date: 2009-07-14 01:16:20
 C:\Windows\system32\MMDevAPI.DLL handle: 74490000 size: 213504 crc: 93C0AA4F date: 2010-11-20 03:19:40
 C:\Windows\system32\PROPSYS.dll handle: 747F0000 size: 988160 crc: 888D0BCB date: 2010-11-20 03:20:58
 C:\Windows\system32\wdmaud.drv handle: 74050000 size: 172032 crc: D5B9F5FA date: 2010-11-20 03:16:52
 C:\Windows\system32\ksuser.dll handle: 74040000 size: 4608 crc: 1A5CD26B date: 2015-12-08 21:53:47
 C:\Windows\system32\AVRT.dll handle: 732C0000 size: 14336 crc: 9818237B date: 2009-07-14 01:14:58
 C:\Windows\system32\SETUPAPI.dll handle: 76B30000 size: 1667584 crc: 1D0104E8 date: 2010-11-20 03:21:16
 C:\Windows\system32\CFGMGR32.dll handle: 75E30000 size: 145920 crc: 4DDC6E9A date: 2010-11-20 03:18:14
 C:\Windows\system32\DEVOBJ.dll handle: 75B50000 size: 64512 crc: 2B501D62 date: 2009-07-14 01:15:11
 C:\Windows\system32\AUDIOSES.DLL handle: 72600000 size: 195072 crc: E762B1EF date: 2016-06-14 15:21:18
 C:\Windows\system32\msacm32.drv handle: 725C0000 size: 20992 crc: 73923147 date: 2009-07-14 01:14:08
 C:\Windows\system32\MSACM32.dll handle: 725A0000 size: 72192 crc: ABA25814 date: 2009-07-14 01:15:42
 C:\Windows\system32\midimap.dll handle: 72590000 size: 16896 crc: C000494C date: 2009-07-14 01:15:40
 C:\Windows\System32\dmime.dll handle: 6ACC0000 size: 179712 crc: 179D7CFB date: 2009-07-14 01:15:12
 C:\Windows\System32\DSOUND.dll handle: 73FC0000 size: 453632 crc: EC24F2F8 date: 2009-07-14 01:15:13
 C:\Windows\System32\POWRPROF.dll handle: 732D0000 size: 145408 crc: 9957ABF4 date: 2009-07-14 01:16:12
 C:\Windows\System32\dmusic.dll handle: 72BF0000 size: 101376 crc: F5D0AA6B date: 2009-07-14 01:15:12
 C:\Windows\system32\WINTRUST.dll handle: 75B90000 size: 179200 crc: 2521C7D3 date: 2016-06-14 15:21:38
 C:\Windows\system32\CRYPT32.dll handle: 75CF0000 size: 1176064 crc: F120B7C4 date: 2016-06-14 15:21:20
 C:\Windows\system32\MSASN1.dll handle: 75B40000 size: 34304 crc: BE7DA129 date: 2010-11-20 03:19:46
 C:\Windows\System32\dmsynth.dll handle: 72220000 size: 105472 crc: 3B102040 date: 2009-07-14 01:15:12
 C:\Windows\System32\dmloader.dll handle: 72BE0000 size: 38400 crc: 8A3F45D2 date: 2009-07-14 01:15:12
 C:\Windows\system32\psapi.dll handle: 77D20000 size: 6144 crc: 25B988F9 date: 2009-07-14 01:16:12

---- gamelog start ----
Tick 0: new game started
Revision text changed to 1.6.1, savegame version 195, not modified, _openttd_newgrf_version = 0x16186bd9
New game mode: 1 landscape: 1
---- gamelog end ----

*** End of OpenTTD Crash Report ***

Decoded stack trace:
[00] openttd              0x00CE034E
[01] openttd              0x004CE16A

*** End of additional info ***
