*** OpenTTD Crash Report ***

Crash at: Wed Apr 07 20:35:16 2010
In game date: 2049-02-03 (11)

Crash reason:
 Exception: C0000005
 Location:  00440F6F
 Message:   <none>

OpenTTD version:
 Version:    1.0.0 (0)
 NewGRF ver: 10084c4a
 Bits:       32
 Endian:     little
 Dedicated:  no
 Build date: Mar 31 2010 22:28:44

Registers:
 EAX: 02155C58 EBX: 02155C58 ECX: 00000000 EDX: 055FD798
 ESI: 00000000 EDI: 00000001 EBP: 0012FB00 ESP: 0012FA54
 EIP: 00440F6F EFLAGS: 00210202

 Bytes at instruction pointer:
 8B 11 50 FF 52 1C C3 0F B6 44 24 04 8B CE E8 11 C9 FF FF 83 48 44 01 8B

Stack trace:
 004647E9 00000048 02155C58 00000068 0046587E FFFFFFFF 00442B77 00000068
 00000048 00000102 00000068 00000000 0053352B 0012FB7C 00000102 00000000
 0012FAAC 765A0F86 521EB795 0012FAD0 00050374 00000102 00000068 00230001
 005FF835 0000043E 000000E0 00000000 00000048 00230001 00000000 01E61372
 00000100 00000000 0012FB7C 00230001 0012FB7C 0012FC48 00000000 76E32336
 00000000 00000048 00230001 0012FB2C 76E1FD72 00050374 00000102 00000068
 00230001 00000102 DCBAABCD 00000000 0012FB7C 00000102 0012FBA4 76E1FE4A
 00533338 00050374 00000102 00000068 00230001 521E068B 0012FC50 0012FC48
 00C82470 00000024 00000001 00000000 00000000 00000030 FFFFFFFF FFFFFFFF
 76E1FDF3 00000000 00000004 00000001 00000000 00000000 0012FB48 0012F66C
 0012FBF8 76E6522D 24ED0347 00000000 0012FC08 76E2018D 00000000 00533338
 00050374 00000102 00000068 00230001 00C82484 00000001 521E0127 005FF835
 76E2045A 76E0863C 0012FC08 76E2054D 00000068 00000000 00000000 0012FBCC
 0012F66C 0012FF78 76E6522D 24EEFC3F FFFFFFFE 0012FC18 76E2022B 00533338
 00000000 00000000 00533DA5 0012FC48 00770068 00000000 0012FCDC 00000000
 0012FC20 005FF825 005FF843 00000000 00000000 00050374 00000102 00000068
 00230001 005FF835 0000043E 000000E0 004274D6 0012FCF4 0012FDF8 00000001
 01000060 0193C160 00000000 00000000 00000000 00000000 FFFFFFFF 00000000
 00221BE8 00000000 00000000 00000000 00000000 FFFFFFFF 00000000 00000000
 00000000 0012FEF8 00000000 00000000 00000000 FFFFFFFF 0012FDFC 006EE088
 00000000 00000000 0012FEF8 00535CC0 00000001 0012FDF8 FFFFFFFE 00000000
 5C3A4322 676F7250 206D6172 656C6946 704F5C73 54546E65 706F5C44 74746E65
 78652E64 00200065 01F79188 0012FE44 771399FA 0011A7A1 FFFFFFFE 771968FD
 7719661F 77196570 00000018 0012FEB4 00260036 00000001 00000001 000001CC

Operating system:
 Name:     Windows
 Release:  6.0.6002 (Service Pack 2)
 Compiler: MSVC 1500

Configuration:
 Blitter:      8bpp-optimized
 Graphics set: OpenGFX
 Language:     german.lng
 Music driver: dmusic
 Music set:    OpenMSX
 Network:      no
 Sound driver: win32
 Sound set:    OpenSFX
 Video driver: win32

AI Configuration (local: 0):
  0: Human

Libraries:
 FreeType:   2.3.12
 ICU:        4.2.1
 LZO:        2.03
 PNG:        1.2.43
 Zlib:       1.2.3

Module information:
 C:\Program Files\OpenTTD\openttd.exe handle: 00400000 size: 3535360 crc: 33CBD303 date: 2010-03-31 22:31:48
 C:\Windows\system32\ntdll.dll handle: 77130000 size: 1202168 crc: 11EF8EE5 date: 2009-04-11 06:27:49
 C:\Windows\system32\kernel32.dll handle: 767F0000 size: 891392 crc: 1164F2B3 date: 2009-04-11 06:28:20
 C:\Windows\system32\WINMM.dll handle: 72EF0000 size: 189952 crc: 3E8CBFF5 date: 2009-04-11 06:28:25
 C:\Windows\system32\msvcrt.dll handle: 76740000 size: 679936 crc: B0E5331E date: 2009-04-11 06:28:22
 C:\Windows\system32\USER32.dll handle: 76E00000 size: 627712 crc: 80F0F3C5 date: 2009-04-11 06:28:25
 C:\Windows\system32\GDI32.dll handle: 76F90000 size: 297472 crc: 69625D80 date: 2009-04-11 06:28:19
 C:\Windows\system32\ADVAPI32.dll handle: 76360000 size: 800768 crc: D7864B03 date: 2009-04-11 06:28:17
 C:\Windows\system32\RPCRT4.dll handle: 768D0000 size: 784896 crc: 35185859 date: 2009-04-23 12:15:07
 C:\Windows\system32\ole32.dll handle: 76FE0000 size: 1316864 crc: CB56BE6B date: 2009-04-11 06:28:23
 C:\Windows\system32\OLEAUT32.dll handle: 76F00000 size: 563712 crc: 12E9F438 date: 2009-04-11 06:28:23
 C:\Windows\system32\OLEACC.dll handle: 735E0000 size: 234496 crc: 82CE51D9 date: 2009-10-08 21:08:01
 C:\Windows\system32\WS2_32.dll handle: 757E0000 size: 179200 crc: 5D581120 date: 2008-01-21 02:24:48
 C:\Windows\system32\NSI.dll handle: 76570000 size: 8192 crc: 10729B39 date: 2008-01-21 02:24:47
 C:\Windows\system32\SHELL32.dll handle: 75840000 size: 11584000 crc: 766AA8BB date: 2009-04-11 06:28:24
 C:\Windows\system32\SHLWAPI.dll handle: 76EA0000 size: 353280 crc: 681AC986 date: 2009-04-11 06:28:24
 C:\Windows\system32\IMM32.DLL handle: 77260000 size: 114688 crc: 8D83D50A date: 2009-04-11 06:28:20
 C:\Windows\system32\MSCTF.dll handle: 76580000 size: 807424 crc: 78787E19 date: 2009-04-11 06:28:20
 C:\Windows\system32\LPK.DLL handle: 77280000 size: 23552 crc: 2E03F135 date: 2009-06-15 14:52:42
 C:\Windows\system32\USP10.dll handle: 77290000 size: 502272 crc: 33F7104F date: 2009-04-11 06:28:25
 C:\Windows\WinSxS\x86_microsoft.windows.common-controls_6595b64144ccf1df_6.0.6002.18005_none_5cb72f96088b0de0\comctl32.dll handle: 74760000 size: 1686016 crc: 1453762E date: 2009-04-11 06:21:38
 C:\Windows\system32\SHFolder.dll handle: 70FD0000 size: 7168 crc: 1CA14A5C date: 2006-11-02 09:46:13
 C:\Windows\system32\wdmaud.drv handle: 728C0000 size: 167424 crc: AE942463 date: 2009-04-11 06:27:12
 C:\Windows\system32\ksuser.dll handle: 729A0000 size: 4608 crc: 4C647881 date: 2006-11-02 09:46:05
 C:\Windows\system32\MMDevAPI.DLL handle: 746E0000 size: 150528 crc: 481F98E7 date: 2009-04-11 06:28:20
 C:\Windows\system32\AVRT.dll handle: 74AF0000 size: 12800 crc: EB589AA0 date: 2008-01-21 02:24:54
 C:\Windows\system32\SETUPAPI.dll handle: 76C70000 size: 1591296 crc: A225D6A1 date: 2009-04-11 06:28:24
 C:\Windows\system32\WINTRUST.dll handle: 74950000 size: 171520 crc: EE6B6CCB date: 2008-01-21 02:24:35
 C:\Windows\system32\CRYPT32.dll handle: 75050000 size: 978944 crc: CE0B7499 date: 2009-04-11 06:28:18
 C:\Windows\system32\MSASN1.dll handle: 75270000 size: 60928 crc: D62CDC5B date: 2009-09-04 11:41:59
 C:\Windows\system32\USERENV.dll handle: 75690000 size: 108544 crc: CC1E5DD3 date: 2009-04-11 06:28:25
 C:\Windows\system32\Secur32.dll handle: 75670000 size: 72704 crc: C962EC8E date: 2009-06-15 14:53:43
 C:\Windows\system32\imagehlp.dll handle: 75810000 size: 153088 crc: EEF49677 date: 2008-01-21 02:24:06
 C:\Windows\system32\AUDIOSES.DLL handle: 72610000 size: 115712 crc: 9E346B3A date: 2009-04-11 06:28:18
 C:\Windows\system32\audioeng.dll handle: 725A0000 size: 397312 crc: 17666E45 date: 2008-01-21 02:24:54
 C:\Windows\system32\PSAPI.DLL handle: 75740000 size: 12288 crc: D7B812C5 date: 2006-11-02 09:46:12
 C:\Windows\system32\msacm32.drv handle: 72540000 size: 21504 crc: 28704D00 date: 2009-04-11 06:27:12
 C:\Windows\system32\MSACM32.dll handle: 724F0000 size: 71680 crc: A2E8F836 date: 2008-01-21 02:24:53
 C:\Windows\system32\midimap.dll handle: 72530000 size: 17408 crc: 9FC56E7F date: 2009-04-11 06:28:20
 C:\Windows\system32\CLBCatQ.DLL handle: 769A0000 size: 523776 crc: C2EBF5E6 date: 2008-01-21 02:24:24
 C:\Windows\system32\uxtheme.dll handle: 743B0000 size: 240128 crc: 5F29223E date: 2008-01-21 02:23:43
 C:\Windows\system32\btmmhook.dll handle: 10000000 size: 208896 crc: A099EF11 date: 2007-03-29 11:11:16
 C:\Windows\system32\dmime.dll handle: 73A30000 size: 178688 crc: 3063C87B date: 2008-01-21 02:23:37
 C:\Windows\system32\DSOUND.dll handle: 6C290000 size: 444416 crc: 2196E709 date: 2009-04-11 06:28:19
 C:\Windows\system32\POWRPROF.dll handle: 74B00000 size: 98816 crc: F5FB120D date: 2009-04-11 06:28:23
 C:\Windows\system32\dmusic.dll handle: 73A90000 size: 101888 crc: 9C95E7AB date: 2009-04-11 06:28:18
 C:\Windows\system32\dmsynth.dll handle: 73A70000 size: 105472 crc: A572B2E6 date: 2009-04-11 06:28:18
 C:\Windows\system32\dmloader.dll handle: 73A10000 size: 38400 crc: 43D1875C date: 2008-01-21 02:23:37
 C:\Windows\system32\mswsock.dll handle: 74E10000 size: 223232 crc: 9C4248CA date: 2009-04-11 06:28:22
 C:\Windows\System32\wshtcpip.dll handle: 74AE0000 size: 9216 crc: 10C50FC1 date: 2008-01-21 02:24:04
 C:\Windows\System32\wship6.dll handle: 74F10000 size: 9216 crc: 2CDA59E0 date: 2008-01-21 02:24:04
 C:\Windows\system32\NLAapi.dll handle: 74620000 size: 48128 crc: 75FBFFE9 date: 2008-01-21 02:23:44
 C:\Windows\system32\IPHLPAPI.DLL handle: 751B0000 size: 91648 crc: CB154186 date: 2009-04-11 06:28:20
 C:\Windows\system32\dhcpcsvc.DLL handle: 74FD0000 size: 204288 crc: 6DA3137F date: 2009-04-11 06:28:18
 C:\Windows\system32\DNSAPI.dll handle: 75290000 size: 168448 crc: A47DAF91 date: 2009-04-11 06:28:18
 C:\Windows\system32\WINNSI.DLL handle: 74FC0000 size: 14848 crc: 83F00BFD date: 2008-01-21 02:24:47
 C:\Windows\system32\dhcpcsvc6.DLL handle: 74F90000 size: 130560 crc: 00C1059D date: 2009-04-11 06:28:18
 C:\Windows\system32\napinsp.dll handle: 72EC0000 size: 50176 crc: F36C6F56 date: 2008-01-21 02:24:29
 C:\Windows\system32\pnrpnsp.dll handle: 72AB0000 size: 62464 crc: EF01DBE4 date: 2008-01-21 02:25:26
 C:\Windows\system32\wshbth.dll handle: 72D80000 size: 34304 crc: E6006515 date: 2009-04-11 06:28:26
 C:\Windows\System32\winrnr.dll handle: 72D70000 size: 19968 crc: 525FD6C9 date: 2009-04-11 06:28:25
 C:\Windows\system32\WLDAP32.dll handle: 76A30000 size: 287744 crc: 4F6B6725 date: 2009-04-11 06:28:25
 C:\Windows\system32\rasadhlp.dll handle: 72590000 size: 10240 crc: D5AE0AAA date: 2006-11-02 09:46:12
 C:\Program Files\WIDCOMM\Bluetooth Software\btkeyind.dll handle: 01E60000 size: 126976 crc: D7AC0F7D date: 2007-03-29 11:02:48

---- gamelog start ----
Tick 0: new game started
     Revision text changed to 1.0.0-RC3, savegame version 138, not modified, _openttd_newgrf_version = 0x10004bf7
     New game mode: 1 landscape: 0
Tick 18986: game loaded
     Revision text changed to 1.0.0, savegame version 138, not modified, _openttd_newgrf_version = 0x10084c4a
---- gamelog end ----

*** End of OpenTTD Crash Report ***
