*** OpenTTD Crash Report ***
Date: 2008-07-28 14:57:51
Build: 0.6.2-RC2 built on Jul 25 2008 23:04:27
Reason: Assertion failed at d:\developpement\ottd\0.6.2-rc2\src\town_map.h:171: IsTileType(t, MP_HOUSE)
Language: german.lng
Exception C0000005 at 0048F073
Registers:
 EAX: 04346CE0 EBX: 0019BD88 ECX: 0012F920 EDX: 04346D40
 ESI: 0019BD88 EDI: 0442C1FC EBP: 0012FB50 ESP: 0012FB38
 EIP: 0048F073 EFLAGS: 00010202

Bytes at CS:EIP:
 C6 05 00 00 00 00 00 A1 24 F2 68 00 0F B6 44 F0 04 C1 E8 07 5E C3 56 8B

Stack trace: 
 00699508 00491B03 0019C588 0442C1FC 00000014 0000008E 0012FB84 0048FB7E
 00545DD0 0019C588 0058007C 0019CD78 004703C9 00699554 BDB72B72 0019C588
 0019C578 0000008F 00545DD0 00002628 00417912 0012FBA8 000D4568 000D4578
 00000000 00425BC3 00000000 005E54E0 0012FBB8 00425EF3 75AB9FE9 00000000
 00000000 004D7E22 0066C414 005E5840 0012FCF0 00000000 00000000 000D4578
 000D4596 00000000 00000000 000603AA 0000000F 00000000 00000000 000D4559
 000002B0 000000C8 FFFFFF1C 0050FF01 004389FC 04247A68 0066C414 00413BC1
 005E5840 004253FE 0012FD04 00000001 00000001 00020024 00000101 00000000
 FFFFFFFF 00000000 00000000 00000000 00000000 FFFFFFFF 0012FE0C 00588130
 00000000 FFFFFFFF 00000000 00000000 00000000 00EF8028 00000000 000000FE
 77221843 0012FD70 00EF0000 00000000 00EF01B4 00100022 0012FD00 00000104
 00301A5E 0012FCC8 75FB7C47 00301AA4 0012FE08 0012FD04 00000100 00000000
 00001770 0012FD04 00000001 00000023 0012FF08 004447FD 0000FD00 00000000
 00301A5E FFFFFFFF 0012FD04 00000104 00000000 0012FF08 0012FF08 004443C2
 0012FE08 00001770 00000002 5C3A4422 676F7250 736D6172 65704F5C 4454546E
 65706F5C 6474746E 6578652E 00002000 005109DF 00EF8088 0012FEBC 0000000A
 0012FEBC 0000000A 0012FD58 00403F6F 00EF8088 0000000F 0012FEBC 0000000A
 0012FD7C 00404B3A 00EF8088 0000000F 00404B45 0000000A 00EF8084 00EF8084
 0012FEB8 0012FDBC 00404A16 0012FEB8 00000000 FFFFFFFF 00EF8078 004D6C44
 0012FEB8 01381F00 00EF6658 00EF6658 00EF8078 0012FD9C 0012FE20 00526B08
 00000001 0012FE2C 004D6A9F 01381EC8 004D6B1F 00EF6658 0012FE70 00EF6658
 00000000 28000028 00EF00C4 0000000A 0000000A 00000000 0012FE0C 005109DF
 0012FEBC 0012FE80 0000000A 0012FE80 0012FD05 0012FE24 00403F6F 0012FEBC
 0000000F 004D6A4F 0012FEDC 00526DA2 FFFFFFFF 0012FE5C 004D6949 0012FE48

Module information:
 D:\Programs\OpenTTD\openttd.exe handle: 00400000 size: 1816576 crc: 294D14AE date: 2008-07-28 12:47:17
 C:\Windows\system32\ntdll.dll handle: 771C0000 size: 1162656 crc: 9860BAFC date: 2006-11-02 09:47:26
 C:\Windows\system32\kernel32.dll handle: 75F90000 size: 874496 crc: 17CD63D4 date: 2006-11-02 09:46:05
 C:\Windows\system32\WINMM.dll handle: 74590000 size: 193024 crc: 9854C61E date: 2006-11-02 09:46:14
 C:\Windows\system32\msvcrt.dll handle: 75C70000 size: 681472 crc: 3E43316C date: 2006-11-02 09:46:10
 C:\Windows\system32\USER32.dll handle: 75AA0000 size: 633856 crc: 43750877 date: 2008-02-17 15:39:18
 C:\Windows\system32\GDI32.dll handle: 75F40000 size: 296448 crc: 83997952 date: 2008-02-21 04:43:35
 C:\Windows\system32\ADVAPI32.dll handle: 76630000 size: 770048 crc: 5657747A date: 2006-11-02 09:46:02
 C:\Windows\system32\RPCRT4.dll handle: 76490000 size: 788992 crc: C1C20BA2 date: 2008-02-17 15:41:52
 C:\Windows\system32\ole32.dll handle: 75D20000 size: 1314816 crc: E94D6A09 date: 2006-11-02 09:46:12
 C:\Windows\system32\OLEAUT32.dll handle: 75E70000 size: 558080 crc: C95B8530 date: 2008-02-17 16:11:10
 C:\Windows\system32\OLEACC.dll handle: 74550000 size: 214016 crc: 77FD0E8C date: 2006-11-02 09:46:12
 C:\Windows\system32\WS2_32.dll handle: 75F10000 size: 178688 crc: AAACD85A date: 2006-11-02 09:46:14
 C:\Windows\system32\NSI.dll handle: 75F00000 size: 10240 crc: 7ABAD1AB date: 2006-11-02 09:46:12
 C:\Windows\system32\IMM32.DLL handle: 75A80000 size: 115200 crc: 4E2420B1 date: 2006-11-02 09:46:05
 C:\Windows\system32\MSCTF.dll handle: 76560000 size: 805888 crc: 15E5B0F8 date: 2006-11-02 09:46:06
 C:\Windows\system32\LPK.DLL handle: 76480000 size: 24064 crc: F8DEC626 date: 2006-11-02 09:46:05
 C:\Windows\system32\USP10.dll handle: 76070000 size: 502784 crc: 92784FE4 date: 2006-11-02 09:46:13
 C:\Windows\system32\SHFolder.dll handle: 6C280000 size: 7168 crc: 1CA14A5C date: 2006-11-02 09:46:13
 C:\Windows\system32\SHELL32.dll handle: 766F0000 size: 11315712 crc: EF92F134 date: 2008-04-24 04:51:39
 C:\Windows\system32\SHLWAPI.dll handle: 761C0000 size: 339968 crc: DD3E7F6D date: 2006-11-02 09:46:13
 C:\Windows\WinSxS\x86_microsoft.windows.common-controls_6595b64144ccf1df_6.0.6000.16386_none_5d07289e07e1d100\comctl32.dll handle: 74820000 size: 1648128 crc: 3646BCFE date: 2006-11-02 09:38:57
 C:\Windows\system32\wdmaud.drv handle: 74090000 size: 168448 crc: 77A2240C date: 2006-11-02 09:44:42
 C:\Windows\system32\ksuser.dll handle: 74490000 size: 4608 crc: 4C647881 date: 2006-11-02 09:46:05
 C:\Windows\system32\AVRT.dll handle: 749C0000 size: 12800 crc: 55075A98 date: 2006-11-02 09:46:02
 C:\Windows\system32\MMDevAPI.DLL handle: 744C0000 size: 146944 crc: 8356CE09 date: 2006-11-02 09:46:05
 C:\Windows\system32\CLBCatQ.DLL handle: 760F0000 size: 523776 crc: 80402F8D date: 2006-11-02 09:46:02
 C:\Windows\system32\SETUPAPI.dll handle: 76220000 size: 1585664 crc: 385AD08F date: 2008-02-17 16:11:09
 C:\Windows\system32\WINTRUST.dll handle: 74C20000 size: 171520 crc: CC0AAD60 date: 2006-11-02 09:46:14
 C:\Windows\system32\CRYPT32.dll handle: 75420000 size: 974336 crc: CE612123 date: 2008-02-17 15:40:36
 C:\Windows\system32\MSASN1.dll handle: 75560000 size: 59904 crc: 7A69072B date: 2006-11-02 09:46:06
 C:\Windows\system32\USERENV.dll handle: 75930000 size: 107008 crc: 8A03C1B2 date: 2006-11-02 09:46:13
 C:\Windows\system32\Secur32.dll handle: 75910000 size: 72704 crc: 8A267374 date: 2006-11-02 09:46:12
 C:\Windows\system32\imagehlp.dll handle: 76180000 size: 152576 crc: 04F330F8 date: 2008-02-17 15:41:01
 C:\Windows\System32\audioses.dll handle: 73E50000 size: 115712 crc: EDAD9818 date: 2006-11-02 09:46:02
 C:\Windows\System32\audioeng.dll handle: 73A40000 size: 398848 crc: 6620F414 date: 2006-11-02 09:46:02
 C:\Windows\system32\PSAPI.DLL handle: 759E0000 size: 12288 crc: D7B812C5 date: 2006-11-02 09:46:12
 C:\Windows\system32\msacm32.drv handle: 73F90000 size: 21504 crc: BB7F5A40 date: 2006-11-02 09:44:42
 C:\Windows\system32\MSACM32.dll handle: 73960000 size: 73216 crc: D2218869 date: 2006-11-02 09:46:06
 C:\Windows\system32\midimap.dll handle: 73F10000 size: 17408 crc: 5B132C06 date: 2006-11-02 09:46:05
 C:\Windows\system32\uxtheme.dll handle: 74B20000 size: 240640 crc: C7A510F1 date: 2006-11-02 09:46:13
 C:\Windows\system32\dmime.dll handle: 73FB0000 size: 178688 crc: DAE0D69F date: 2006-11-02 12:34:33
 C:\Windows\system32\DSOUND.dll handle: 70060000 size: 445440 crc: CDD4A072 date: 2006-11-02 09:46:04
 C:\Windows\system32\POWRPROF.dll handle: 74DD0000 size: 96768 crc: F38999AB date: 2006-11-02 09:46:12
 C:\Windows\system32\dmusic.dll handle: 74010000 size: 101376 crc: 7F7DD187 date: 2006-11-02 12:34:33
 C:\Windows\system32\dmsynth.dll handle: 73FF0000 size: 105472 crc: 098E46B7 date: 2006-11-02 12:34:33
 C:\Windows\system32\dmloader.dll handle: 73FA0000 size: 38400 crc: 9F2D389D date: 2006-11-02 12:34:33
 C:\Windows\system32\mswsock.dll handle: 75110000 size: 227328 crc: 292B63F9 date: 2006-11-02 09:46:10
 C:\Windows\System32\wshtcpip.dll handle: 74DB0000 size: 11264 crc: 00CB0211 date: 2006-11-02 09:46:14
 C:\Windows\system32\dmstyle.dll handle: 6D020000 size: 105472 crc: 3B1A1D06 date: 2006-11-02 12:34:33
 C:\Windows\system32\dmband.dll handle: 6F0F0000 size: 30208 crc: 1AE3457D date: 2006-11-02 12:34:33

System information:
 Windows version 6.0 6000 
