*** OpenTTD Crash Report ***
Date: 2008-01-23 21:08:19
Build: 0.6.0-beta3 built on Jan 15 2008 22:01:30
Reason: Assertion failed at d:\developpement\ottd\0.6.0-beta3\src\tile_map.h:124: !IsTileType(tile, MP_HOUSE)
Exception C0000005 at 004623EA
Registers:
 EAX: 00D37F80 EBX: 00574004 ECX: 0012F5E8 EDX: 00D37FE6
 ESI: 00008880 EDI: 0053DDC0 EBP: 0012F85C ESP: 0012F800
 EIP: 004623EA EFLAGS: 00010206

Bytes at CS:EIP:
 C6 05 00 00 00 00 00 E8 28 EC FB FF 83 F8 07 75 18 68 40 72 57 00 6A 7D

Stack trace: 
 00008880 00008880 0012F890 00478BCA 0012F8F0 00008880 00478B72 00000215
 00000000 00008880 00000001 00000000 00000000 00000001 00000000 FFFFFFCB
 FFFFFFFF 0001FFFF 7E36B3F9 000D00A6 00000215 00000000 00000000 0012F8A4
 00405276 0000000A 00000000 00000000 00000000 0012FFFF 0012F8A4 00478B72
 0012F8E0 0012F890 FFFFFFCB 0040599D 00000000 FFFFFFCB FFFFFFFF 7E01FFFF
 0000000A 0012F914 00479112 00008880 00000000 00000000 0000000A 00000003
 0000000A 0012F978 00000810 0136B3A7 00000000 00000000 00000000 00000003
 00000000 FFFFFFCB FFFFFFFF 0001FFFF 00000000 FFFFFFCB FFFFFFFF FF01FFFF
 00000000 FFFFFFCB FFFFFFFF 0001FFFF 004CF188 0012F99C 00479246 0012F978
 00008880 0000000A 00008880 00008881 00405655 0000000A 00008880 00000000
 00008881 0012F9FC 00008880 DCBAABCD 00000000 00000880 00000810 0047922B
 00001011 00000000 0012F9C4 00000000 00000000 7E01FFFF 00000000 000D00A6
 00000000 00000014 00000001 00000000 00000000 00000010 00000000 0012F9EC
 0045E00A 00008881 00008880 00000000 00000000 10110401 00000001 0045E046
 0066040B 0045E2CF 00000003 006604E4 00000000 0066067C 0012F9E8 00660748
 0012FA04 00000202 0043FA93 0012FA18 0043FB53 00000008 00000202 00000015
 00000806 00000880 00008880 00008881 00000003 0000000B 0012FA54 00445486
 00000008 00000202 00000000 0036B51C 00000000 00000000 00000000 00000000
 0012FAEC 7C90EAE3 0012FA50 00000018 0089CBF8 00000000 004457AD 00000000
 00000000 00000008 00000202 0012FAEC 00000000 004CF5D7 0012FB54 004CF188
 00000000 00000000 00000102 0012FAD0 74700E6C 000700E3 00000000 00000001
 74700E71 00000000 7FFDE000 00000102 00C90000 000700E3 0012FAA4 747009A9
 0012FB18 7472E548 74700E78 FFFFFFFF 74700E71 7E36F84A 00000000 00000001
 0012FB6C 00000000 0012FC20 0012FB18 7E368734 000D00A6 00000202 00000008

Module information:
 C:\Program\Games\OpenTTD\OpenTTD.exe handle: 00400000 size: 1782272 crc: 6969C673 date: 2008-01-15 21:06:22
 C:\WINDOWS\system32\ntdll.dll handle: 7C900000 size: 712704 crc: E4A6F54A date: 2006-03-02 12:00:00
 C:\WINDOWS\system32\kernel32.dll handle: 7C800000 size: 998400 crc: F6644729 date: 2007-04-16 15:54:45
 C:\WINDOWS\system32\WINMM.dll handle: 76B30000 size: 176640 crc: 0CEB4F4C date: 2006-03-02 12:00:00
 C:\WINDOWS\system32\USER32.dll handle: 7E360000 size: 577536 crc: 14C663FD date: 2007-03-08 15:39:13
 C:\WINDOWS\system32\GDI32.dll handle: 77F10000 size: 282112 crc: 93766563 date: 2007-06-19 13:32:51
 C:\WINDOWS\system32\ADVAPI32.dll handle: 77DC0000 size: 680960 crc: F9C6E2BF date: 2006-03-02 12:00:00
 C:\WINDOWS\system32\RPCRT4.dll handle: 77E70000 size: 582656 crc: FB5A4DB0 date: 2007-07-09 13:20:50
 C:\WINDOWS\system32\WS2_32.dll handle: 71AA0000 size: 82944 crc: 78BFD22B date: 2006-03-02 12:00:00
 C:\WINDOWS\system32\msvcrt.dll handle: 77C00000 size: 343040 crc: 4457F098 date: 2006-03-02 12:00:00
 C:\WINDOWS\system32\WS2HELP.dll handle: 71A90000 size: 19968 crc: 34E3165A date: 2006-03-02 12:00:00
 C:\WINDOWS\system32\SHFolder.dll handle: 76770000 size: 25088 crc: 95D213AF date: 2006-03-02 12:00:00
 C:\WINDOWS\system32\SHLWAPI.dll handle: 77F60000 size: 474112 crc: D99FCAEB date: 2006-10-23 15:35:54
 C:\WINDOWS\WinSxS\x86_Microsoft.Windows.Common-Controls_6595b64144ccf1df_6.0.2600.2982_x-ww_ac3f9c03\comctl32.dll handle: 773C0000 size: 1054208 crc: B93B86A2 date: 2006-08-25 15:53:58
 C:\WINDOWS\system32\comctl32.dll handle: 5D5B0000 size: 617472 crc: D2A09BEF date: 2006-08-25 15:54:00
 C:\WINDOWS\system32\WINTRUST.dll handle: 76C20000 size: 176640 crc: CD5ED874 date: 2006-03-02 12:00:00
 C:\WINDOWS\system32\CRYPT32.dll handle: 77A70000 size: 600576 crc: 3D37A90D date: 2006-03-02 12:00:00
 C:\WINDOWS\system32\MSASN1.dll handle: 77B10000 size: 57344 crc: 94A2CEF4 date: 2006-03-02 12:00:00
 C:\WINDOWS\system32\IMAGEHLP.dll handle: 76C80000 size: 144384 crc: CBCFAE43 date: 2006-03-02 12:00:00
 C:\WINDOWS\system32\wdmaud.drv handle: 72CF0000 size: 23552 crc: 459FD53E date: 2004-08-04 00:34:56
 C:\WINDOWS\system32\msacm32.drv handle: 72CE0000 size: 20480 crc: D67B4EB9 date: 2006-03-02 12:00:00
 C:\WINDOWS\system32\MSACM32.dll handle: 77BD0000 size: 71680 crc: E22AF4C2 date: 2006-03-02 12:00:00
 C:\WINDOWS\system32\midimap.dll handle: 77BC0000 size: 18944 crc: 6BDCBAD0 date: 2006-03-02 12:00:00
 C:\WINDOWS\system32\ole32.dll handle: 774D0000 size: 1284608 crc: F4D6E501 date: 2005-07-26 04:42:49
 C:\WINDOWS\system32\uxtheme.dll handle: 5B270000 size: 219136 crc: 0BD7577F date: 2006-03-02 12:00:00
 C:\WINDOWS\system32\MSCTF.dll handle: 746F0000 size: 294400 crc: 10205AB3 date: 2006-03-02 12:00:00
 C:\WINDOWS\system32\CLBCATQ.DLL handle: 76FC0000 size: 498688 crc: 4A12B3F3 date: 2005-07-26 04:42:48
 C:\WINDOWS\system32\COMRes.dll handle: 77040000 size: 803328 crc: 2D789238 date: 2006-03-02 12:00:00
 C:\WINDOWS\system32\OLEAUT32.dll handle: 77110000 size: 549376 crc: 2B565C82 date: 2007-05-17 11:30:45
 C:\WINDOWS\system32\VERSION.dll handle: 77BF0000 size: 18944 crc: C6D62367 date: 2006-03-02 12:00:00
 C:\WINDOWS\system32\dmime.dll handle: 60D70000 size: 181248 crc: A78A3503 date: 2006-03-02 12:00:00
 C:\WINDOWS\system32\DSOUND.dll handle: 73EE0000 size: 367616 crc: 46FD3435 date: 2006-03-02 12:00:00
 C:\WINDOWS\system32\dmusic.dll handle: 6CF10000 size: 104448 crc: 1DD9FB81 date: 2006-03-02 12:00:00
 C:\WINDOWS\system32\KsUser.dll handle: 73EB0000 size: 4096 crc: 77188B9B date: 2004-08-04 00:33:42
 C:\WINDOWS\system32\dmsynth.dll handle: 6CF30000 size: 103424 crc: 83163F71 date: 2006-03-02 12:00:00
 C:\WINDOWS\system32\dmloader.dll handle: 6CFA0000 size: 35840 crc: 582F453E date: 2006-03-02 12:00:00
 C:\WINDOWS\system32\imon.dll handle: 20B00000 size: 298104 crc: 596DA85B date: 2007-03-17 23:25:36
 C:\WINDOWS\system32\WSOCK32.dll handle: 71AC0000 size: 24576 crc: C0995F67 date: 2006-03-02 12:00:00
 C:\WINDOWS\system32\nvappfilter.dll handle: 10000000 size: 131072 crc: 329F1344 date: 2006-03-30 13:58:34
 C:\WINDOWS\system32\PSAPI.DLL handle: 76BE0000 size: 23040 crc: 40DA662C date: 2006-03-02 12:00:00
 C:\WINDOWS\system32\mswsock.dll handle: 71A40000 size: 247296 crc: D57413EA date: 2006-03-02 12:00:00
 C:\WINDOWS\system32\hnetcfg.dll handle: 698B0000 size: 344576 crc: 47D119C9 date: 2006-03-02 12:00:00
 C:\WINDOWS\System32\wshtcpip.dll handle: 71A80000 size: 19968 crc: 0908DDD2 date: 2006-03-02 12:00:00

System information:
 Windows version 5.1 2600 S
