*** OpenTTD Crash Report ***

Crash at: Fri Nov 29 10:32:17 2013
In game date: 1980-01-02 (20)

Crash reason:
 Exception: E1212012
 Location:  74E4812F
 Message:   Assertion failed at line 58 of c:\users\sean\play\openttd\compile\trunk\src\road_func.h: IsValidRoadType(rt)

OpenTTD version:
 Version:    r26134M (2)
 NewGRF ver: 14006616
 Bits:       32
 Endian:     little
 Dedicated:  no
 Build date: Nov 29 2013 12:19:51

Registers:
 EAX: 0012F3FC EBX: 00000001 ECX: 00000000 EDX: 777170F4
 ESI: 00000016 EDI: 00000000 EBP: 0012F44C ESP: 0012F3FC
 EIP: 74E4812F EFLAGS: 00200246

 Bytes at instruction pointer:
 C9 C2 10 00 89 45 C0 EB ED 3D 01 01 00 00 0F 85 6D 96 FF FF E9 49 96 FF

Stack trace:
 E1212012 00000000 00000000 74E4812F 00000000 013D3290 00F6A438 00000010
 00000000 00000000 00000000 00000000 00000000 00000000 0012F2C0 0012F2D0
 00000000 77716094 00000000 00000001 0012F4B0 006127EC E1212012 00000000
 00000000 00000000 006E3F84 00000016 4E87039D 000069B4 00000001 00000000
 FFFFFFFF 0012F49C 766BEAA4 00000000 006127DC 00000001 00FC0288 0012F46C
 0012EE84 0012F700 006EB5C0 4E6D3175 FFFFFFFE 0012F6C0 006E370E 00000016
 00444BA9 65737341 6F697472 6166206E 64656C69 20746120 656E696C 20383520
 6320666F 73755C3A 5C737265 6E616573 616C705C 706F5C79 74746E65 6F635C64
 6C69706D 72745C65 5C6B6E75 5C637273 64616F72 6E75665F 3A682E63 56734920
 64696C61 64616F52 65707954 29747228 00180000 06E17F08 00000000 000007FF
 000A0A0A 1E00021C 06E27F08 00000001 1E00021C 00800002 00000008 06BE0388
 06BE0388 06BE0383 00000000 0000FFF8 00180000 09E17F02 0012F4BC 00078000
 0012F6B0 776EE115 329352D4 FFFFFFFE 77725DD3 77725AE0 000003F8 00000400
 06BE0382 06BE0380 00187E80 00188198 06C4D8E0 00078000 00187F60 00000010
 00000000 00000000 00000000 00000000 00000000 00000000 00000003 00000000
 00000002 06E17F08 06BE0398 00187E80 000207FF 00000007 00012505 0000003B
 063EBCA0 00000006 06BE03A0 00011D06 0000003A 001882E0 00000004 00000000
 000007FF 06E27EF8 0012F6C0 7773433D 06E17F08 00000020 00001FFE 77722FE7
 45F3B1AC 00000023 0012F700 003347C0 0012F720 77722FE7 45F3B1B4 063EDEB0
 001801A4 00180000 00010000 00020001 1B2E07E8 000006DF 77722FE7 45F3B190
 06BA6674 001801A4 00180000 000006DF 00000A71 00AA03F0 0000045D 00000008
 00000014 00FC016D 00000000 050E03F1 0000045D 06AC6650 005B4818 00188190
 06AC6650 0012F70C 005B18C2 00EF8830 0000003A 00F2CD4C 00F334CC 005B20C4
 005B20F2 06AC6650 0012F70C 0058FD80 06AC6650 00000000 00000000 00000000

Operating system:
 Name:     Windows
 Release:  6.1.7601 (Service Pack 1)
 Compiler: MSVC 1700

Configuration:
 Blitter:      8bpp-optimized
 Graphics set: OpenGFX (5067)
 Language:     C:\Games\OpenTTD\lang\english.lng
 Music driver: dmusic
 Music set:    NoMusic (0)
 Network:      no
 Sound driver: win32
 Sound set:    original_windows (0)
 Video driver: win32

AI Configuration (local: 0):
  0: Human
  1: RadAI (v1)

Libraries:
 FreeType:   2.4.11
 ICU:        51.2
 LZMA:       5.0.4
 LZO:        2.06
 PNG:        1.5.14
 Zlib:       1.2.7

Module information:
 C:\Games\OpenTTD\openttd.exe handle: 00400000 size: 12352000 crc: CE0EC239 date: 2013-11-29 10:29:01
 C:\Windows\SYSTEM32\ntdll.dll handle: 776D0000 size: 1289096 crc: BBAEC73C date: 2013-08-29 01:50:30
 C:\Windows\system32\kernel32.dll handle: 764E0000 size: 868352 crc: EC03A1D8 date: 2013-08-02 01:49:19
 C:\Windows\system32\KERNELBASE.dll handle: 74E40000 size: 293376 crc: E6950B57 date: 2013-08-02 01:49:19
 C:\Windows\system32\WINMM.dll handle: 73680000 size: 194048 crc: 849223C7 date: 2010-11-20 21:29:18
 C:\Windows\system32\msvcrt.dll handle: 75FF0000 size: 690688 crc: DAB48B3A date: 2011-12-16 07:52:58
 C:\Windows\system32\USER32.dll handle: 76660000 size: 811520 crc: A7CBE597 date: 2010-11-20 21:29:20
 C:\Windows\system32\GDI32.dll handle: 76730000 size: 305152 crc: 96EB2338 date: 2013-10-03 01:58:07
 C:\Windows\system32\LPK.dll handle: 75E80000 size: 26112 crc: 09D607BC date: 2013-06-06 04:52:14
 C:\Windows\system32\USP10.dll handle: 75C40000 size: 626688 crc: 6C809B74 date: 2012-11-22 04:45:03
 C:\Windows\system32\WS2_32.dll handle: 76990000 size: 206848 crc: FD00A753 date: 2010-11-20 21:29:06
 C:\Windows\system32\RPCRT4.dll handle: 76430000 size: 652800 crc: 0AAD5EBE date: 2013-07-09 04:50:42
 C:\Windows\system32\NSI.dll handle: 74FE0000 size: 8704 crc: 2ACE9671 date: 2009-07-14 01:16:11
 C:\Windows\system32\IMM32.dll handle: 74FC0000 size: 118272 crc: B45269DC date: 2010-11-20 21:29:20
 C:\Windows\system32\MSCTF.dll handle: 76110000 size: 828928 crc: DFE09EEB date: 2009-07-14 01:15:43
 C:\Windows\system32\ADVAPI32.dll handle: 765C0000 size: 640512 crc: 939A0B41 date: 2013-08-29 01:48:17
 C:\Windows\SYSTEM32\sechost.dll handle: 76410000 size: 92160 crc: B624B29A date: 2009-07-14 01:16:13
 C:\Windows\system32\SHELL32.dll handle: 74FF0000 size: 12872704 crc: C9774862 date: 2013-07-26 01:55:59
 C:\Windows\system32\SHLWAPI.dll handle: 760B0000 size: 350208 crc: 23E05F73 date: 2010-11-20 21:29:03
 C:\Windows\system32\ole32.dll handle: 769D0000 size: 1414144 crc: 74A1E844 date: 2010-11-20 21:29:07
 C:\Windows\system32\uxtheme.dll handle: 73480000 size: 249856 crc: 1CD7BB78 date: 2009-07-14 01:16:17
 C:\Windows\system32\dwmapi.dll handle: 73100000 size: 67072 crc: FC7CA4B8 date: 2009-07-14 01:15:13
 C:\Windows\system32\CRYPTBASE.dll handle: 74BE0000 size: 36864 crc: 00308E17 date: 2009-07-14 01:15:07
 C:\Program Files\WIDCOMM\Bluetooth Software\btmmhook.dll handle: 10000000 size: 226592 crc: EAEA04E9 date: 2011-02-08 05:48:30
 C:\Windows\system32\OLEAUT32.dll handle: 75EE0000 size: 571904 crc: 2B85E126 date: 2011-08-27 04:26:27
 C:\Windows\system32\PSAPI.DLL handle: 77810000 size: 6144 crc: 25B988F9 date: 2009-07-14 01:16:12
 C:\Windows\system32\CLBCatQ.DLL handle: 76780000 size: 522240 crc: 6C130B8A date: 2009-07-14 01:15:03
 C:\Windows\system32\mswsock.dll handle: 74690000 size: 231424 crc: 2A2905A9 date: 2013-09-08 02:03:58
 C:\Windows\System32\wshtcpip.dll handle: 74030000 size: 9216 crc: BA963A19 date: 2009-07-14 01:16:20
 C:\Windows\system32\MMDevAPI.DLL handle: 73850000 size: 213504 crc: 93C0AA4F date: 2010-11-20 21:29:06
 C:\Windows\system32\PROPSYS.dll handle: 734F0000 size: 988160 crc: 888D0BCB date: 2010-11-20 21:29:12
 C:\Windows\system32\wdmaud.drv handle: 72F20000 size: 172032 crc: D5B9F5FA date: 2010-11-20 21:29:07
 C:\Windows\system32\ksuser.dll handle: 72F10000 size: 4608 crc: EBE07232 date: 2009-07-14 01:15:35
 C:\Windows\system32\AVRT.dll handle: 734E0000 size: 14336 crc: 9818237B date: 2009-07-14 01:14:58
 C:\Windows\system32\SETUPAPI.dll handle: 75CE0000 size: 1667584 crc: 1D0104E8 date: 2010-11-20 21:29:06
 C:\Windows\system32\CFGMGR32.dll handle: 74D80000 size: 145920 crc: 4DDC6E9A date: 2010-11-20 21:29:12
 C:\Windows\system32\DEVOBJ.dll handle: 74E00000 size: 64512 crc: 2B501D62 date: 2009-07-14 01:15:11
 C:\Windows\system32\AUDIOSES.DLL handle: 72F50000 size: 195584 crc: 0A7E52B1 date: 2010-11-20 21:29:07
 C:\Windows\system32\msacm32.drv handle: 728B0000 size: 20992 crc: 73923147 date: 2009-07-14 01:14:08
 C:\Windows\system32\MSACM32.dll handle: 72890000 size: 72192 crc: ABA25814 date: 2009-07-14 01:15:42
 C:\Windows\system32\midimap.dll handle: 72750000 size: 16896 crc: C000494C date: 2009-07-14 01:15:40
 C:\Windows\System32\dmime.dll handle: 0BC60000 size: 179712 crc: 179D7CFB date: 2009-07-14 01:15:12
 C:\Windows\System32\DSOUND.dll handle: 736E0000 size: 453632 crc: EC24F2F8 date: 2009-07-14 01:15:13
 C:\Windows\System32\POWRPROF.dll handle: 73E70000 size: 145408 crc: 9957ABF4 date: 2009-07-14 01:16:12
 C:\Windows\System32\dmusic.dll handle: 02C60000 size: 101376 crc: F5D0AA6B date: 2009-07-14 01:15:12
 C:\Windows\system32\WINTRUST.dll handle: 74DC0000 size: 175104 crc: 5AD1D755 date: 2013-07-09 04:52:10
 C:\Windows\system32\CRYPT32.dll handle: 74E90000 size: 1168384 crc: 47B4ECDA date: 2013-10-05 19:57:25
 C:\Windows\system32\MSASN1.dll handle: 74CD0000 size: 34304 crc: BE7DA129 date: 2010-11-20 21:29:04
 C:\Windows\System32\dmsynth.dll handle: 02CA0000 size: 105472 crc: 3B102040 date: 2009-07-14 01:15:12
 C:\Windows\System32\dmloader.dll handle: 76EE0000 size: 38400 crc: 8A3F45D2 date: 2009-07-14 01:15:12

---- gamelog start ----
Tick 0: new game started
     Revision text changed to r26134M, savegame version 187, modified, _openttd_newgrf_version = 0x14006616
     New game mode: 1 landscape: 0
     Added NewGRF: GRF ID 50430302, checksum B92EDACF134113AE6ABA82F91222C79A, filename: south_african_town_names-1.0\sa_names.grf (md5sum matches)
     Added NewGRF: GRF ID 46727806, checksum BBE029FCDD7A16F85876D417FF318D23, filename: opengfx_trees-0.8.0\opengfx+trees.grf (md5sum matches)
     Added NewGRF: GRF ID 43415000, checksum 8F77143D9432C52206D1730F9EEDFAE1, filename: opengfx_airports-0.4.1\ogfx-airports.grf (md5sum matches)
     Added NewGRF: GRF ID 4F472B33, checksum D5B21A6C2FE39F15E385785DEF1E6A50, filename: opengfx_industries-0.3.4\ogfx-industries.grf (md5sum matches)
     Added NewGRF: GRF ID 4F472B34, checksum C15196D11C5461AC4733C645346BB10B, filename: opengfx_landscape-1.0.1\ogfx-landscape.grf (md5sum matches)
     Added NewGRF: GRF ID 4F472B32, checksum 3FD44FD23CAC8D29AA314BF6A304B684, filename: opengfx_road_vehicles-0.4.0\ogfx-rv.grf (md5sum matches)
     Added NewGRF: GRF ID 4F472B31, checksum 4E0B2D42462F295F36AFBA90D239A323, filename: opengfx_trains-0.3.0\ogfx-trains.grf (md5sum matches)
---- gamelog end ----

*** End of OpenTTD Crash Report ***

Decoded stack trace:
[00] KERNELBASE           0x74E4812F RaiseException + 84
[01] openttd              0x006127EC CustomAbort + 16 (c:\users\sean\play\openttd\compile\trunk\src\os\windows\crashlog_win.cpp:542)
[02] openttd              0x006E3F84 raise + 396 (f:\dd\vctools\crt_bld\self_x86\crt\src\winsig.c:586)
[03] openttd              0x006E370E abort + 16 (f:\dd\vctools\crt_bld\self_x86\crt\src\abort.c:75)
[04] openttd              0x00444BA9 error + 63 (c:\users\sean\play\openttd\compile\trunk\src\openttd.cpp:122)
[05] openttd              0x005B18C2 ScriptRoad::IsRoadTypeAvailable + 51 (c:\users\sean\play\openttd\compile\trunk\src\script\api\script_road.cpp:56)
[06] openttd              0x005B20F2 ScriptRoad::GetNeighbourRoadCount + 46 (c:\users\sean\play\openttd\compile\trunk\src\script\api\script_road.cpp:418)
[07] openttd              0x0058FD80 SQConvert::HelperT<enum ScriptCompany::CompanyID (__fastcall*)(unsigned short),0>::SQCall + 50 (c:\users\sean\play\openttd\compile\trunk\src\script\squirrel_helper.hpp:225)
[08] openttd              0x00588181 SQConvert::DefSQStaticCallback<ScriptBaseStation,int (__fastcall*)(unsigned short)> + 56 (c:\users\sean\play\openttd\compile\trunk\src\script\squirrel_helper.hpp:827)
[09] openttd              0x0057A4E2 SQVM::CallNative + 673 (c:\users\sean\play\openttd\compile\trunk\src\3rdparty\squirrel\squirrel\sqvm.cpp:1179)
[10] openttd              0x0057B33B SQVM::Call + 283 (c:\users\sean\play\openttd\compile\trunk\src\3rdparty\squirrel\squirrel\sqvm.cpp:1480)
[11] openttd              0x005651F4 sq_call + 103 (c:\users\sean\play\openttd\compile\trunk\src\3rdparty\squirrel\squirrel\sqapi.cpp:971)
[12] openttd              0x005AC5E5 ScriptList::Valuate + 244 (c:\users\sean\play\openttd\compile\trunk\src\script\api\script_list.cpp:832)
[13] openttd              0x0058E2E9 SQConvert::DefSQAdvancedNonStaticCallback<ScriptList,int (__thiscall ScriptList::*)(SQVM *),0> + 243 (c:\users\sean\play\openttd\compile\trunk\src\script\squirrel_helper.hpp:807)
[14] openttd              0x0057A4E2 SQVM::CallNative + 673 (c:\users\sean\play\openttd\compile\trunk\src\3rdparty\squirrel\squirrel\sqvm.cpp:1179)
[15] openttd              0x005786AE SQVM::Execute + 2107 (c:\users\sean\play\openttd\compile\trunk\src\3rdparty\squirrel\squirrel\sqvm.cpp:788)
[16] openttd              0x005653D5 sq_resumecatch + 66 (c:\users\sean\play\openttd\compile\trunk\src\3rdparty\squirrel\squirrel\sqapi.cpp:1019)
[17] openttd              0x005623AB Squirrel::Resume + 41 (c:\users\sean\play\openttd\compile\trunk\src\script\squirrel.cpp:204)
[18] openttd              0x00560C05 ScriptInstance::GameLoop + 554 (c:\users\sean\play\openttd\compile\trunk\src\script\script_instance.cpp:237)
[19] openttd              0x0057BACB AI::GameLoop + 213 (c:\users\sean\play\openttd\compile\trunk\src\ai\ai_core.cpp:81)
[20] openttd              0x00447380 StateGameLoop + 337 (c:\users\sean\play\openttd\compile\trunk\src\openttd.cpp:1390)
[21] openttd              0x0044765A GameLoop + 238 (c:\users\sean\play\openttd\compile\trunk\src\openttd.cpp:1484)
[22] openttd              0x00611070 VideoDriver_Win32::MainLoop + 720 (c:\users\sean\play\openttd\compile\trunk\src\video\win32_v.cpp:1302)
[23] openttd              0x00445F37 openttd_main + 2722 (c:\users\sean\play\openttd\compile\trunk\src\openttd.cpp:870)
[24] openttd              0x006135EA WinMain + 117 (c:\users\sean\play\openttd\compile\trunk\src\os\windows\win32.cpp:452)
[25] openttd              0x006E5F4B __tmainCRTStartup + 253 (f:\dd\vctools\crt_bld\self_x86\crt\src\crt0.c:238)
[26] kernel32             0x7652ED5C BaseThreadInitThunk + 18
[27] ntdll                0x777337EB RtlInitializeExceptionChain + 239
[28] ntdll                0x777337BE RtlInitializeExceptionChain + 194

*** End of additional info ***
