*** OpenTTD Crash Report ***

Crash at: Wed May 16 18:16:19 2012
In game date: 2112-09-17 (49)

Crash reason:
 Signal:  Aborted (6)
 Message: Assertion failed at line 702 of /home/ottdc/svn-stable/src/autoreplace_cmd.cpp: v->IsStoppedInDepot()

OpenTTD version:
 Version:    1.2.0 (0)
 NewGRF ver: 12085e36
 Bits:       32
 Endian:     little
 Dedicated:  yes
 Build date: Apr 15 2012 13:00:19

Stacktrace:
 [00] ./stable(_ZNK12CrashLogUnix13LogStacktraceEPcPKc+0x43) [0x8301663]
 [01] ./stable(_ZNK8CrashLog12FillCrashLogEPcPKc+0x102) [0x81c4c42]
 [02] ./stable(_ZNK8CrashLog12MakeCrashLogEv+0xa0) [0x81c4f10]
 [03] ./stable() [0x830159c]
 [04] [0xb3c500]
 [05] [0xb3c420]
 [06] /lib/libc.so.6(gsignal+0x4f) [0x3bf8df]
 [07] /lib/libc.so.6(abort+0x180) [0x3c1220]
 [08] ./stable() [0x82ebb6e]
 [09] ./stable(_Z21CmdAutoreplaceVehiclej13DoCommandFlagjjPKc+0x796) [0x8193536]
 [10] ./stable(_Z9DoCommandjjj13DoCommandFlagjPKc+0x109) [0x81a9ed9]
 [11] ./stable(_Z23CmdDepotMassAutoReplacej13DoCommandFlagjjPKc+0x256) [0x843ccc6]
 [12] ./stable(_Z18DoCommandPInternaljjjjPFvRK11CommandCostjjjEPKcbb+0x218) [0x81aa5e8]
 [13] ./stable(_Z10DoCommandPjjjjPFvRK11CommandCostjjjEPKcb+0xfe) [0x81ab0ce]
 [14] ./stable(_Z10DoCommandPPK16CommandContainerb+0x3d) [0x81ab36d]
 [15] ./stable(_Z31NetworkExecuteLocalCommandQueuev+0x6d) [0x827881d]
 [16] ./stable(_Z15NetworkGameLoopv+0x23c) [0x828261c]
 [17] ./stable(_Z8GameLoopv+0x9f) [0x82ee80f]
 [18] ./stable(_ZN21VideoDriver_Dedicated8MainLoopEv+0x200) [0x8452530]
 [19] ./stable(_Z8ttd_mainiPPc+0x1043) [0x82ecf03]
 [20] ./stable(main+0x48) [0x8301a78]
 [21] /lib/libc.so.6(__libc_start_main+0xfe) [0x3aac2e]
 [22] ./stable() [0x81149a1]

Operating system:
 Name:     Linux
 Release:  2.6.32-7-pve
 Version:  #1 SMP Mon Feb 13 07:33:21 CET 2012
 Machine:  i686
 Compiler: GCC 4.5.0 "4.5.1 20101208 [gcc-4_5-branch revision 167585]"

Configuration:
 Blitter:      null
 Graphics set: OpenGFX (974)
 Language:     /home/ottdc/svn-stable/autopilot/lang/english.lng
 Music driver: null
 Music set:    Scott Joplin Anthology (2)
 Network:      server
 Sound driver: null
 Sound set:    OpenSFX (87)
 Video driver: dedicated

AI Configuration (local: 255):
  0: Human
  1: Human
  2: Human
  3: Human
  4: Human
  5: Human
  6: Human
  7: Human
  8: Human
  9: Human
 10: Human
 11: Human
 12: Human
 13: Human

Libraries:
 LZMA:       5.0.0
 LZO:        2.04
 PNG:        1.2.46
 Zlib:       1.2.5

---- gamelog start ----
Tick 0: new game started
     Revision text changed to 1.2.0, savegame version 174, not modified, _openttd_newgrf_version = 0x12085e36
     New game mode: 1 landscape: 0
     Added NewGRF: GRF ID 4D470303, checksum 8F903FAC3099CA3C9A296AAECBB27A75, filename: basemod-3.2/basecosts.grf (md5sum matches)
     Added NewGRF: GRF ID 414C0101, checksum 8868C6AA5191153F4255C129C9472043, filename: stations_name_from_nearby_indus-1.2.4/station_name.grf (md5sum matches)
     Added NewGRF: GRF ID 4A430002, checksum 0728ADCB4DF2F1EB9247ABD449296F4E, filename: industrial_stations_renewal.0.8.0/indstatrw.grf (md5sum matches)
     Added NewGRF: GRF ID 52571201, checksum C1C7D8C53EB7E74EEE2F0EF29638B466, filename: egrvts.1.0/egrvts.grf (md5sum matches)
     Added NewGRF: GRF ID 44573452, checksum 39A1EB2C5FE2AD2164C807DDE631B3DD, filename: dwestationtiles_industrial_ter-v0.6/dwe_stat_r.grf (md5sum matches)
     Added NewGRF: GRF ID 44578619, checksum B30A5E35634A59D2BDD9C2389CEDBF2C, filename: dwestationtiles__fences-v1.2/fences.grf (md5sum matches)
     Added NewGRF: GRF ID 43415000, checksum B4BBADD1C9BEC03DC8D584E118079BE6, filename: climate_dependant_airports-0.1.0/airportsplus.grf (md5sum matches)
     Added NewGRF: GRF ID 45530500, checksum FA231F55E8CC472EA98271F7C2AA9EFF, filename: japanese_stations-2.0a/jpstationsw.grf (md5sum matches)
     Added NewGRF: GRF ID 52455400, checksum 1600687C50C5AB1E72EDD487CAD50E2A, filename: coded_by_aegir._artwork_by_aegir-1/ae_cityw.grf (md5sum matches)
     Added NewGRF: GRF ID 52453400, checksum 5983783733079BB1978B69668064C0EC, filename: japanese_buildings-2.0/jpbuild2w.grf (md5sum matches)
     Added NewGRF: GRF ID 46727806, checksum 09E95562B1894A4D55D5532C6A889621, filename: opengfx_trees-0.2.2/opengfx+trees.grf (md5sum matches)
     Added NewGRF: GRF ID 4A44E801, checksum 36E1A192D8DE7D70C6F39B7C591C8D5C, filename: invisible_leading_engine-0.21/blank-engine.grf (md5sum matches)
     Added NewGRF: GRF ID 44440A01, checksum 0BF8636EFEEF4F0617CAE47D77FF4C43, filename: av8_aviators_aircraft_set-1.81/pb_av8w.grf (md5sum matches)
     Added NewGRF: GRF ID 424B5462, checksum 83FE5AA7CAFF0A307B44B297F2A259D6, filename: bk_enhanced_tunnel_set-1.0/bktunw.grf (md5sum matches)
     Added NewGRF: GRF ID 44441000, checksum C7AD422C7AE380DA3A4D6B82D57BD812, filename: ukrs2__the_uk_railway_set-0.81/proj1000.grf (md5sum matches)
     Added NewGRF: GRF ID 44441001, checksum 47C32136806D45FB7CDD6D82E67D9E77, filename: ukrs2_uk_railway_addon_set-1.1/pj1kadd.grf (md5sum matches)
     Added NewGRF: GRF ID 44444040, checksum 310EE1B199D5A858BB1A7FB5F52F9969, filename: tropic_refurbishment_set.0.3c/troprsw.grf (md5sum matches)
     Added NewGRF: GRF ID 74677462, checksum A2396FFDCC0F1BA37A2A89EF525CDF21, filename: total_bridge_renewal_set.1.12/total_bridges.grf (md5sum matches)
     Added NewGRF: GRF ID 444A5401, checksum 9C16AAACF51DFB8DB00ED90DBC871A67, filename: nutracks-1.0.0/nutracks.grf (md5sum matches)
     Added NewGRF: GRF ID 24251D2C, checksum 6E380EAEFD09E9FABACD48B7C5228E3A, filename: hungarian_truck_set-2.1/teherautow.grf (md5sum matches)
Tick 0: game loaded
     New game mode: 2 landscape: 0
Tick 0: game loaded
     New game mode: 1 landscape: 0
---- gamelog end ----

*** End of OpenTTD Crash Report ***
