*** OpenTTD Crash Report ***

Crash at: Thu Apr 30 08:00:03 2015
In game date: 2037-04-22 (11)

Crash reason:
 Exception: C0000005
 Location:  0057BCD4
 Message:   <none>

OpenTTD version:
 Version:    1.5.0 (0)
 NewGRF ver: 15086a51
 Bits:       32
 Endian:     little
 Dedicated:  no
 Build date: Apr  1 2015 18:51:05

Registers:
 EAX: 0012F6D0 EBX: 01B1B000 ECX: 25D34478 EDX: 00000000
 ESI: 26B86BD8 EDI: 26B86BD8 EBP: 0012F6C8 ESP: 0012F6B8
 EIP: 0057BCD4 EFLAGS: 00010246

 Bytes at instruction pointer:
 38 5A 21 75 18 EB 02 8B D1 8B 0A 38 59 21 74 F7 89 10 5B C3 8B 10 3B 51

Stack trace:
 01B1B0F0 0057AC28 00000000 01B1B0F0 0012F6F0 005600B1 25D34478 01B1B0F0
 00000000 00000000 00000000 0012F734 006E56D8 00000000 0012F740 0055C8C4
 26B86BD8 0057ABFA 26B86BD8 FFFFFFFF 08000000 01B1B0F0 0A008000 2692A8D8
 00000000 08000000 00000400 00000003 26498C48 26B86BD8 0012F704 0012F7CC
 006E58A3 00000000 0012F7D8 0054A684 08000000 2656AA28 01B1B0F0 00000000
 00000000 08000200 26498C58 00000000 00000000 00000000 0000001C 0000003A
 00000000 00000001 00000000 00000000 00000000 00008000 00000000 00000000
 0052E83B 08000200 26498C58 00000000 01B1B0F0 00000001 00000000 0000001E
 00000000 00000058 00000000 0012F7E4 0012F748 0012F96C 006E5F02 00000003
 0012F978 0054832E 01B1B0F0 26498C58 00000004 00000000 0000003A 00000000
 0012F954 0012F987 00000000 FFFFFFFF 26127450 00000001 00000000 005AD10C
 00000000 00000001 0000001C 00000000 26498C58 00000000 0000001F 014FEDB4
 0012F8E8 005AD137 0012F878 005A2986 0012F878 00000001 005A2992 0012F9C4
 25FCD348 25A70538 0012F9F8 005AD137 0012F9C4 005AD498 0012F9C4 00000000
 0000000A 25A70508 25E5BE30 00000003 00000000 00000040 00000000 00000000
 0000001C 00000000 25A70508 0012F9F8 00000000 01E5BE60 0012F900 005AD137
 0012F9C4 005AD498 0012F9C4 00000000 0012F9C4 25E5BE30 00000008 00000000
 FFFFFFFD 0012FB00 006E3AFE FFFFFFFF 00000058 00000000 25E5BE30 0012F9F8
 00000000 00000000 0000003A 00000000 0012F9C4 005AD498 0012F9C4 00000000
 0012F9C4 234B37E8 235BDF78 0012F948 005AD137 0012F994 005AD498 0012F994
 00000000 00010345 23498CE8 01B1B1A8 0000001B 00000000 0012F9FC 08000200
 26498C58 00000000 00000000 00000000 0012F800 0012F9C8 006E65DE 00000004
 0012F9D4 00530608 01B1B0F0 00F3D6F4 00000054 08000200 FFFFFFFF FFFFFFFF
 FFFFFFFF 2656AA28 0012F9BC 00000001 00000000 01000004 23AFD890 26127450

Operating system:
 Name:     Windows
 Release:  5.1.2600 (Service Pack 3)
 Compiler: MSVC 1600

Configuration:
 Blitter:      32bpp-anim
 Graphics set: OpenGFX (5538)
 Language:     C:\Program Files\OpenTTD\lang\english.lng
 Music driver: dmusic
 Music set:    OpenMSX (96)
 Network:      no
 Sound driver: win32
 Sound set:    OpenSFX (87)
 Video driver: win32

Fonts:
 Small:  sprite
 Medium: sprite
 Large:  sprite
 Mono:   sprite

AI Configuration (local: 0):
  0: Human
  1: TREE (v1)
  2: RoadRunner (v9)
  3: TeshiNet (v4)

Libraries:
 FreeType:   2.4.11
 ICU:        51.2
 LZMA:       5.0.4
 LZO:        2.06
 PNG:        1.5.14
 Zlib:       1.2.7

Module information:
 C:\Program Files\OpenTTD\openttd.exe handle: 00400000 size: 11908608 crc: 7E1BDC8B date: 2015-04-01 18:54:32
 C:\WINDOWS\system32\ntdll.dll handle: 7C900000 size: 718336 crc: EA097CED date: 2010-12-09 15:15:09
 C:\WINDOWS\system32\kernel32.dll handle: 7C800000 size: 990208 crc: 266D452A date: 2012-10-03 04:58:13
 C:\WINDOWS\system32\WINMM.dll handle: 76B40000 size: 176128 crc: 2D7A3E5F date: 2011-10-14 14:47:29
 C:\WINDOWS\system32\ADVAPI32.dll handle: 77DD0000 size: 617472 crc: C9027432 date: 2009-02-09 12:10:48
 C:\WINDOWS\system32\RPCRT4.dll handle: 77E70000 size: 591360 crc: E465787D date: 2013-11-07 05:38:51
 C:\WINDOWS\system32\Secur32.dll handle: 77FE0000 size: 56832 crc: 3D0002B7 date: 2009-06-25 08:25:26
 C:\WINDOWS\system32\GDI32.dll handle: 77F10000 size: 287744 crc: D7D4014D date: 2013-10-09 13:12:48
 C:\WINDOWS\system32\USER32.dll handle: 7E410000 size: 578560 crc: F7C72264 date: 2008-04-14 00:12:08
 C:\WINDOWS\system32\WS2_32.dll handle: 71AB0000 size: 82432 crc: 7C519ECA date: 2008-04-14 00:12:10
 C:\WINDOWS\system32\msvcrt.dll handle: 77C10000 size: 343040 crc: 0B7B1677 date: 2008-04-14 00:12:01
 C:\WINDOWS\system32\WS2HELP.dll handle: 71AA0000 size: 19968 crc: 3F24E096 date: 2008-04-14 00:12:10
 C:\WINDOWS\system32\IMM32.dll handle: 76390000 size: 110080 crc: C1486DA0 date: 2008-04-14 00:11:54
 C:\WINDOWS\system32\SHELL32.dll handle: 7C9C0000 size: 8462848 crc: A0FD6B4F date: 2012-06-08 14:26:20
 C:\WINDOWS\system32\SHLWAPI.dll handle: 77F60000 size: 474112 crc: BDFA6F45 date: 2009-12-08 09:23:28
 C:\WINDOWS\WinSxS\x86_Microsoft.Windows.Common-Controls_6595b64144ccf1df_6.0.2600.6028_x-ww_61e65202\comctl32.dll handle: 773D0000 size: 1054208 crc: 350BBD1B date: 2010-08-23 16:12:02
 C:\WINDOWS\system32\comctl32.dll handle: 5D090000 size: 617472 crc: B00C920E date: 2010-08-23 16:12:04
 C:\WINDOWS\system32\uxtheme.dll handle: 5AD70000 size: 218624 crc: A4A915A5 date: 2008-04-14 00:12:08
 C:\WINDOWS\system32\MSCTF.dll handle: 74720000 size: 297984 crc: 392BE0B0 date: 2008-04-14 00:11:58
 C:\WINDOWS\system32\msctfime.ime handle: 755C0000 size: 177152 crc: 8C1D2F99 date: 2009-02-27 04:56:38
 C:\WINDOWS\system32\ole32.dll handle: 774E0000 size: 1289728 crc: A34C066F date: 2013-08-05 13:30:32
 C:\WINDOWS\system32\mswsock.dll handle: 71A50000 size: 245248 crc: 8244D3EE date: 2008-06-20 16:02:47
 C:\WINDOWS\system32\hnetcfg.dll handle: 662B0000 size: 344064 crc: 96358152 date: 2008-04-14 00:11:54
 C:\WINDOWS\System32\wshtcpip.dll handle: 71A90000 size: 19456 crc: F5533E87 date: 2008-04-14 00:12:10
 C:\WINDOWS\system32\wdmaud.drv handle: 72D20000 size: 23552 crc: EEB914CA date: 2008-04-14 00:12:45
 C:\WINDOWS\system32\WINTRUST.dll handle: 76C30000 size: 177664 crc: 7283B187 date: 2012-08-24 13:53:22
 C:\WINDOWS\system32\CRYPT32.dll handle: 77A80000 size: 603136 crc: AF117A68 date: 2013-10-07 10:59:21
 C:\WINDOWS\system32\MSASN1.dll handle: 77B20000 size: 58880 crc: 63D6A79F date: 2009-09-04 21:03:36
 C:\WINDOWS\system32\IMAGEHLP.dll handle: 76C90000 size: 150528 crc: FA657074 date: 2013-11-13 02:59:42
 C:\WINDOWS\system32\msacm32.drv handle: 72D10000 size: 20480 crc: D5406BAE date: 2001-08-23 12:00:00
 C:\WINDOWS\system32\MSACM32.dll handle: 77BE0000 size: 71680 crc: EDE4B266 date: 2008-04-14 00:11:58
 C:\WINDOWS\system32\midimap.dll handle: 77BD0000 size: 18944 crc: 2E6D5FD1 date: 2008-04-14 00:11:57
 C:\WINDOWS\system32\CLBCATQ.DLL handle: 76FD0000 size: 498688 crc: F43789FF date: 2008-04-14 00:11:50
 C:\WINDOWS\system32\COMRes.dll handle: 77050000 size: 792064 crc: 868482D5 date: 2008-04-14 00:11:51
 C:\WINDOWS\system32\OLEAUT32.dll handle: 77120000 size: 552448 crc: 5FB56A21 date: 2013-01-26 03:55:44
 C:\WINDOWS\system32\VERSION.dll handle: 77C00000 size: 18944 crc: 558B1DAF date: 2008-04-14 00:12:08
 C:\WINDOWS\System32\dmime.dll handle: 5C570000 size: 181248 crc: A021AC64 date: 2008-04-14 00:11:52
 C:\WINDOWS\System32\DSOUND.dll handle: 73F10000 size: 367616 crc: 33C2A52C date: 2008-04-14 00:11:52
 C:\WINDOWS\System32\dmusic.dll handle: 6C980000 size: 104448 crc: E9A2B682 date: 2008-04-14 00:11:52
 C:\WINDOWS\system32\KsUser.dll handle: 73EE0000 size: 4096 crc: BD8E6BD9 date: 2008-04-14 00:11:56
 C:\WINDOWS\System32\dmsynth.dll handle: 6C9A0000 size: 103424 crc: 3E2BFB05 date: 2008-04-14 00:11:52
 C:\WINDOWS\System32\dmloader.dll handle: 6CA10000 size: 35840 crc: 9271DC2B date: 2008-04-14 00:11:52
 C:\WINDOWS\system32\psapi.dll handle: 76BF0000 size: 23040 crc: 75BBDCAD date: 2008-04-14 00:12:03

---- gamelog start ----
Tick 0: new game started
Revision text changed to 1.5.0, savegame version 194, not modified, _openttd_newgrf_version = 0x15086a51
New game mode: 1 landscape: 0
Added NewGRF: GRF ID 44440301, checksum 8B73D8C3F5922AD35AE6F292A7B735E6, filename: nars_v1.1.0\pb_nars.grf (md5sum matches)
Added NewGRF: GRF ID 444A5401, checksum B9E9E16F258B32DC91E8BABEF037AFA7, filename: nutracks-r247\nutracks.grf (md5sum matches)
Added NewGRF: GRF ID 54431588, checksum 9B9DBE44ED2DBBCC23547E16B9E746D1, filename: nzr_class_de.1.2\nzrde.grf (md5sum matches)
Added NewGRF: GRF ID 4D470C03, checksum A028C475AA25CE6C7142B5FD6037BC15, filename: basesets_spriteviewer-r8\ogfx-debug.grf (md5sum matches)
Added NewGRF: GRF ID 43415000, checksum 4DA9FE9A87DD330EBAD43916771BAF21, filename: opengfx_airports-0.4.2\ogfx-airports.grf (md5sum matches)
Added NewGRF: GRF ID 4F472B34, checksum 72A8D6A48DE743563FC773B291BC9906, filename: opengfx_landscape-1.1.1\ogfx-landscape.grf (md5sum matches)
Added NewGRF: GRF ID 4F472B32, checksum B46F2D7781158DD122F2E4B2AFC9F38F, filename: opengfx_road_vehicles-0.4.1\ogfx-rv.grf (md5sum matches)
Added NewGRF: GRF ID 4F472B31, checksum 4E0B2D42462F295F36AFBA90D239A323, filename: opengfx_trains-0.3.0\ogfx-trains.grf (md5sum matches)
Added NewGRF: GRF ID 41560102, checksum 4D44DEC8EE210AED96EC060450FE8F0B, filename: pipe-v6.1\pipe.grf (md5sum matches)
Added NewGRF: GRF ID 51560000, checksum BFF369655BCEFB9F4905BB474C05EBE7, filename: polish_pkp_set-1.6\pkp_set_1.6.grf (md5sum matches)
Added NewGRF: GRF ID 576D0301, checksum 69D589CBE85C11DA52BC31E7729D7224, filename: progressive_rail_set-2\progressive_rails.2.0.2.grf (md5sum matches)
Added NewGRF: GRF ID 50430201, checksum D3C9A0D36491BFAFA1131A5F4ADC520F, filename: refit_default_rvs-1.0\refit_rvs.grf (md5sum matches)
Added NewGRF: GRF ID 574F0002, checksum A4041DCAEE5B4DBDCFD20D19C631B48D, filename: roadvehicle_date_mod_v2_-v2\roadvehicledatev2.grf (md5sum matches)
Added NewGRF: GRF ID 52455200, checksum 0E5A9C5ACD2BCAF7FA0658C3F905A660, filename: rural_stations-1\ae_ruraw.grf (md5sum matches)
Added NewGRF: GRF ID 504A0101, checksum ADDF703DE6EB7374A509202CB20B9840, filename: seaplaneairport-1.3\seaplaneairport_v1_3.grf (md5sum matches)
Added NewGRF: GRF ID 54560103, checksum 381A11BC5B0F0489B410A0A3B4967844, filename: smooth_snow_transition.1.2\smoothsnoww.grf (md5sum matches)
Added NewGRF: GRF ID 74677462, checksum 1D2A4E03D9F30922788C166254C27619, filename: total_bridge_renewal_set-1.2\total_bridges.grf (md5sum matches)
Added NewGRF: GRF ID 44440610, checksum 538713F656EDCD846215F6C23218B924, filename: tai_industries-beta0.5\tai_industry.grf (md5sum matches)
Added NewGRF: GRF ID 44442411, checksum E6A38D0DC67DE54DD2928447BB72F924, filename: tai_uk_houses-gamma1\tai_uk.grf (md5sum matches)
Added NewGRF: GRF ID 54560301, checksum ED22416EE087725E4B5A9AF8F0357F29, filename: trolleybus_set-0.2\trolley.grf (md5sum matches)
Added NewGRF: GRF ID 44441001, checksum 83915879F68DD174C953868C0629A4C9, filename: ukrs2_uk_railway_addon_set-gobi\pj1kadd.grf (md5sum matches)
Added NewGRF: GRF ID 44441000, checksum DA36131A815D2D5FC158C7A27D67B5AF, filename: ukrs2__the_uk_railway_set-1.05\proj1000.grf (md5sum matches)
Added NewGRF: GRF ID 44440111, checksum 9B5051E70D60EF2926A249B923AFB0CA, filename: uk_renewal_set.3.04\pb_ukrs.grf (md5sum matches)
Added NewGRF: GRF ID 554B5201, checksum 0D9C15FF1DC9AA50702780A730D9C650, filename: uk_roadset.1.1\ukroadsetw.grf (md5sum matches)
Added NewGRF: GRF ID 72777473, checksum EBEAB33B398DE7F2921F853C496F6F91, filename: uk_town_set-2.2\ukts_2.2.grf (md5sum matches)
Added NewGRF: GRF ID 504E0001, checksum E7781323D2B0086E2E76342DAA036054, filename: uk_waypoints-1\ukwaypointsw.grf (md5sum matches)
Added NewGRF: GRF ID 444A5901, checksum 23CEC795D97265752C21EA8F02564A61, filename: vacuum_tube_train-0.22\vactrain.grf (md5sum matches)
Added NewGRF: GRF ID 444A5902, checksum 10CE0195D8ABED8FD93E539FD990AF03, filename: vacuum_vehicle_wagon_and_train-0.22\vactrain.grf (md5sum matches)
Added NewGRF: GRF ID 444E0400, checksum 735D3D74D5DCADBF1FD6EF7A9C5A3519, filename: vast_station_tiles-0.2.0\vast.grf (md5sum matches)
Added NewGRF: GRF ID 425F0101, checksum 5E6DC9FD3D9364AC6ABE21E6B4D8CE3E, filename: very_large_ships.0.1\vl_shipw.grf (md5sum matches)
Added NewGRF: GRF ID 57A50001, checksum 318F3C3F17CA68EAD533BAC88B093094, filename: was_world_airliners_set-0.1\was.grf (md5sum matches)
Added NewGRF: GRF ID 554B524C, checksum 934F973D33A42EB858B80031F904F057, filename: uk_roads_with_signs-0.2\ukroadswsigns.grf (md5sum matches)
Added NewGRF: GRF ID 0F010328, checksum 781FE76E08266302325CA6BAC37987CD, filename: opengfx\asgsw.GRF (md5sum matches)
Added NewGRF: GRF ID 44441002, checksum 6B0A40195BB5B54E6FBDF9E47A7FEC1C, filename: faster_ukrs2_express_car-1\fueceap.grf (md5sum matches)
---- gamelog end ----

*** End of OpenTTD Crash Report ***

Decoded stack trace:
[00] ???                  0x0057BCD4
[01] ???                  0x005600B1
[02] ???                  0x0055C8C4
[03] ???                  0x0054A684
[04] ???                  0x0054832E
[05] ???                  0x00530608
[06] ???                  0x0052D167
[07] ???                  0x0054C0A6
[08] ???                  0x004407C4
[09] ???                  0x004409B3

*** End of additional info ***
