*** OpenTTD Crash Report ***
Date: 2008-01-11 09:46:35
Build: 0.6.0-beta1 built on Nov 18 2007 16:21:50
Exception C0000005 at BBD0B2D0
Registers:
 EAX: 81D1B000 EBX: 00000000 ECX: 00000000 EDX: 00000000
 ESI: 00647E28 EDI: 0066F638 EBP: 2085D18B ESP: 0012FB18
 EIP: BBD0B2D0 EFLAGS: 00010282

Bytes at CS:EIP:
 ?? ?? ?? ?? ?? ?? ?? ?? ?? ?? ?? ?? ?? ?? ?? ?? ?? ?? ?? ?? ?? ?? ?? ??

Stack trace: 
 0021B9D0 0012FB88 0012FB28 00000280 0012FB4C 0043D30B 00000002 00647C28
 000002E3 000003C0 00000140 0012FB68 0043D2E3 0012FB68 0043D2F2 00000002
 000002EF 000003C0 00647C38 00000140 0012FBAC 00413007 000002E0 00647C40
 000002EF 00000002 000002EF 000002EF 01366140 00000000 FFFFFFFD 00000280
 0000000F 00000500 00000000 000002E3 00000000 0012FBE0 0041312A 00000140
 000002E0 00000000 00647C28 00647C28 000002F0 00000014 00000500 00000140
 000002E0 00592F25 0012FBF4 0043EDF2 00208E88 00208E98 77F157B8 77D3E655
 004B7606 0064B328 005C49EC 0012FD10 00000000 00208E98 00208EB6 00000000
 00000000 00000000 00060642 0000000F 00000000 00000000 00208E88 00000000
 0000002C 0042222A 0012FD24 00000001 00000001 00010732 00000000 00000008
 FFFFFFFF 00000000 00000000 00000000 FFFFFFFF 0012FE2C 00565BE0 00000000
 7C911538 FFFFFFFF 00000000 00000000 00000000 00000000 00020700 0012FCBC
 7C825335 0000002B FFFFFFFF 00000029 00000104 0000FDE9 0012FD00 00000001
 00000028 0012FCE8 7C82528E 0000FDE9 00000000 000206F4 FFFFFF00 0012FD24
 00000104 00000000 7C90E027 7C91392E FFFFFFFF 00000024 0012FC00 00000004
 00000000 91D7CF82 0012FD0C 7C8103A4 91986719 0012FF28 0012FF28 0043CA3A
 0012FE28 00000A28 00000002 5C3A4322 676F7250 206D6172 656C6946 704F5C73
 54546E65 706F5C44 74746E65 78652E64 00200065 00AD6810 0012FEDC 0000000A
 0012FEDC 0000000A 0012FD78 00403A6A 00AD6810 0000000F 0012FEDC 0000000A
 0012FD9C 00404597 00AD6810 0000000F 004045A2 0000000A 00AD680C 00AD680C
 0012FED8 0012FDDC 0040449E 0012FED8 00000000 FFFFFFFF 00AD6800 004B6453
 0012FED8 00AD67B8 00AD2BC8 00AD2BC8 00AD6800 0012FDBC 0012FE40 00505F00
 00000001 0012FE4C 004B630F 00AD2BE0 004B638F 00AD2BC8 0012FE90 00AD2BC8
 00AD67E8 00AD0168 00000000 0000000A 0000000A 00000000 0012FE2C 004EFB2C

Module information:
 C:\Program Files\OpenTTD\openttd.exe handle: 00400000 size: 1644032 crc: 177E80E7 date: 2007-11-18 15:24:22
 C:\WINDOWS\system32\ntdll.dll handle: 7C900000 size: 712192 crc: F477F9BC date: 2004-08-17 05:04:06
 C:\WINDOWS\system32\kernel32.dll handle: 7C800000 size: 989696 crc: F8F131FD date: 2004-08-17 05:04:20
 C:\WINDOWS\system32\WINMM.dll handle: 76B20000 size: 177152 crc: 77255FD0 date: 2004-08-17 05:04:36
 C:\WINDOWS\system32\USER32.dll handle: 77D30000 size: 577536 crc: 85443F6C date: 2005-03-02 13:18:18
 C:\WINDOWS\system32\GDI32.dll handle: 77F10000 size: 278016 crc: 85610D33 date: 2004-08-17 05:04:16
 C:\WINDOWS\system32\ADVAPI32.dll handle: 77DC0000 size: 687104 crc: 55516BE5 date: 2004-08-17 05:04:10
 C:\WINDOWS\system32\RPCRT4.dll handle: 77E70000 size: 581120 crc: 068B414C date: 2004-08-17 05:04:30
 C:\WINDOWS\system32\WS2_32.dll handle: 71A90000 size: 82944 crc: F0CCBBE4 date: 2004-08-17 05:04:36
 C:\WINDOWS\system32\msvcrt.dll handle: 77C00000 size: 343040 crc: 34E4FCB5 date: 2004-08-17 05:04:24
 C:\WINDOWS\system32\WS2HELP.dll handle: 71A80000 size: 19968 crc: E3DEA26C date: 2004-08-17 05:04:36
 C:\WINDOWS\system32\HookDLL.DLL handle: 66000000 size: 4608 crc: 1A56EF12 date: 2003-07-07 07:04:06
 C:\WINDOWS\system32\SHFolder.dll handle: 76760000 size: 25088 crc: F5BEB0B7 date: 2004-08-17 05:04:30
 C:\WINDOWS\system32\SHLWAPI.dll handle: 77F60000 size: 473600 crc: 4F0A7A19 date: 2005-03-10 03:06:00
 C:\WINDOWS\WinSxS\x86_Microsoft.Windows.Common-Controls_6595b64144ccf1df_6.0.2600.2180_x-ww_a84f1ff9\comctl32.dll handle: 773C0000 size: 1050624 crc: E8B0962E date: 2004-08-17 05:01:56
 C:\WINDOWS\system32\comctl32.dll handle: 5D5B0000 size: 611328 crc: 9B13BB8F date: 2004-08-17 05:04:12
 C:\WINDOWS\system32\WINTRUST.dll handle: 76C20000 size: 176640 crc: D60AA97F date: 2004-08-17 05:04:36
 C:\WINDOWS\system32\CRYPT32.dll handle: 77A70000 size: 600576 crc: 23965604 date: 2004-08-17 05:04:12
 C:\WINDOWS\system32\MSASN1.dll handle: 77B10000 size: 57344 crc: F2A9C947 date: 2004-08-17 05:04:22
 C:\WINDOWS\system32\IMAGEHLP.dll handle: 76C80000 size: 144384 crc: 30C33161 date: 2004-08-17 05:04:18
 C:\WINDOWS\system32\wdmaud.drv handle: 72CE0000 size: 23552 crc: E81CAE7D date: 2004-08-17 11:05:16
 C:\WINDOWS\system32\msacm32.drv handle: 72CD0000 size: 20992 crc: 384BF092 date: 2001-10-20 07:00:00
 C:\WINDOWS\system32\MSACM32.dll handle: 77BD0000 size: 71680 crc: 92AA42AB date: 2004-08-17 05:04:22
 C:\WINDOWS\system32\midimap.dll handle: 77BC0000 size: 18944 crc: 44F78B53 date: 2004-08-17 05:04:20
 C:\WINDOWS\system32\MSCTF.dll handle: 746E0000 size: 294400 crc: CF7DB829 date: 2004-08-17 05:04:22
 C:\WINDOWS\system32\imon.dll handle: 20B00000 size: 298104 crc: 29D9AC54 date: 2007-12-26 13:47:54
 C:\WINDOWS\system32\ole32.dll handle: 774D0000 size: 1284608 crc: 1AB7EAD1 date: 2005-01-13 13:57:04
 C:\WINDOWS\system32\WSOCK32.dll handle: 71AB0000 size: 24576 crc: BE69A088 date: 2004-08-17 05:04:36
 C:\Program Files\Eset\pr_imon.dll handle: 20C00000 size: 52280 crc: 47B8EC9E date: 2007-12-26 13:47:54
 C:\WINDOWS\system32\mswsock.dll handle: 71A30000 size: 247296 crc: 6E5115BA date: 2004-08-17 05:04:26
 C:\WINDOWS\system32\hnetcfg.dll handle: 698B0000 size: 344064 crc: 37302D19 date: 2004-08-17 05:04:16
 C:\WINDOWS\System32\wshtcpip.dll handle: 71A70000 size: 19968 crc: 46965DA4 date: 2004-08-17 05:04:36
 C:\WINDOWS\system32\psapi.dll handle: 76BE0000 size: 23040 crc: D9DE4720 date: 2004-08-17 05:04:28

System information:
 Windows version 5.1 2600 S
