*** OpenTTD Crash Report ***

Crash at: Thu Mar 20 16:29:49 2014
In game date: 2045-10-08 (7)

Crash reason:
 Signal:  Abort trap: 6 (6)
 Message: Assertion failed at line 843 of /bamboo/src/company_cmd.cpp: _local_company == COMPANY_SPECTATOR

OpenTTD version:
 Version:    1.4.0-RC1 (0)
 NewGRF ver: 1400672f
 Bits:       32
 Endian:     little
 Dedicated:  no
 Build date: Mar 18 2014 20:40:14


Stacktrace:
 [00] ???                  0x00000600

Operating system:
 Name:     Mac OS X
 Release:  10.7.5
 Machine:  Intel 80486
 Min Ver:  1040
 Compiler: GCC 4.0.1 "4.0.1 (Apple Inc. build 5490)"

Configuration:
 Blitter:      8bpp-optimized
 Graphics set: original_windows (0)
 Language:     /Users/VincentAir/Downloads/openttd-1.4.0-RC1-macosx-universal/OpenTTD.app/Contents/Resources/lang/english.lng
 Music driver: cocoa
 Music set:    OpenMSX (96)
 Network:      client
 Sound driver: cocoa
 Sound set:    original_windows (0)
 Video driver: cocoa

Fonts:
 Small:  sprite
 Medium: sprite
 Large:  sprite
 Mono:   sprite

AI Configuration (local: 12):
  0: Human
  1: Human
  2: Human
  3: Human
  4: Human
  5: Human
  6: Human
  7: Human
  8: Human
  9: Human
 10: Human
 11: Human
 12: Human
 13: Human

Libraries:
 FreeType:   2.4.3
 ICU:        51.2
 LZMA:       5.0.0
 LZO:        2.03
 PNG:        1.4.4
 Zlib:       1.2.5

---- gamelog start ----
Tick 0: new game started
     Revision text changed to 1.4.0-beta4, savegame version 188, not modified, _openttd_newgrf_version = 0x140066bd
     New game mode: 1 landscape: 1
     Added NewGRF: GRF ID 4A430002, checksum 5B3099331C55626E6B4057A9477993A2, filename: industrial_stations_renewal-0.9.1/indstatr.grf (md5sum matches)
     Added NewGRF: GRF ID 4D470305, checksum 2E96B9AB2BEA686BFF94961AD433A701, filename: basecosts-5.0/basecosts.grf (md5sum matches)
     Added NewGRF: GRF ID 4F472B33, checksum D5B21A6C2FE39F15E385785DEF1E6A50, filename: opengfx_industries-0.3.4/ogfx-industries.grf (md5sum matches)
     Added NewGRF: GRF ID 43485053, checksum 68B7DC640138E4F4B712F3CFB88167D6, filename: chips_station_set-1.4.0/chips.grf (md5sum matches)
     Added NewGRF: GRF ID 52571201, checksum C1C7D8C53EB7E74EEE2F0EF29638B466, filename: egrvts.1.0/egrvts.grf (md5sum matches)
     Added NewGRF: GRF ID 48410101, checksum 544550CEBF79F1D0352C2A8BC981D30E, filename: nuts_unrealistic_train_set-0.3.4/nuts.grf (matches GRFID only)
     Added NewGRF: GRF ID 4A53AA01, checksum E4C0F82E58963374BC14F7875C4AA59D, filename: nogridland-2010.10.14/nogridland.grf (md5sum matches)
     Added NewGRF: GRF ID 74677462, checksum 1D2A4E03D9F30922788C166254C27619, filename: total_bridge_renewal_set-1.2/total_bridges.grf (md5sum matches)
     Added NewGRF: GRF ID 52453400, checksum 87E88EFA687F91CE44548E54DA55059F, filename: japanese_buildings-3.0/jpbuild.grf (md5sum matches)
     Added NewGRF: GRF ID 45530500, checksum 9B4FA4BD36869D64820D6A7EF45A718D, filename: japanese_stations-3.0/jpstations.grf (md5sum matches)
     Added NewGRF: GRF ID 49420105, checksum C701D095D0C47FC9ACA59963F20E91AF, filename: snow_line_mod-1.0.2/snowlinemod.grf (md5sum matches)
     Added NewGRF: GRF ID 46727806, checksum 09E95562B1894A4D55D5532C6A889621, filename: opengfx_trees-0.2.2/opengfx+trees.grf (md5sum matches)
     Added NewGRF: GRF ID 52453300, checksum EF6A4519AD4C18B9B9112B8D7083862D, filename: japanese_trees-3.0/jptrees.grf (md5sum matches)
Tick 1280: game loaded
     New game mode: 2 landscape: 1
Tick 1280: game loaded
     Revision text changed to 1.4.0-beta5, savegame version 188, not modified, _openttd_newgrf_version = 0x14006709
     New game mode: 1 landscape: 1
Tick 1290: GRF config changed
     GRF order changed: 48410101 moved 7 places downGRF ID 48410101, filename: nuts_unrealistic_train_set-0.3.4/nuts.grf (matches GRFID only)
     GRF parameter changed: GRF ID 49420105, filename: snow_line_mod-1.0.2/snowlinemod.grf (md5sum matches)
     Added NewGRF: GRF ID 48410101, checksum 97F266517F5C1045A724163010085D5C, filename: nuts_unrealistic_train_set-0.6.7/nuts.grf (md5sum matches). Gamelog inconsistency: GrfID was already added!
Tick 30930: game loaded
     Revision text changed to 1.4.0-RC1, savegame version 188, not modified, _openttd_newgrf_version = 0x1400672f
---- gamelog end ----

*** End of OpenTTD Crash Report ***
