*** OpenTTD Crash Report ***

Crash at: Tue Aug 24 17:58:57 2010
In game date: 1950-02-08 (50)

Crash reason:
 Exception: C0000005
 Location:  00431EE7
 Message:   <none>

OpenTTD version:
 Version:    1.0.3 (0)
 NewGRF ver: 10384f2b
 Bits:       32
 Endian:     little
 Dedicated:  no
 Build date: Jul 31 2010 21:21:31

Registers:
 EAX: 00000000 EBX: 00000000 ECX: 01D7D018 EDX: 01DFA587
 ESI: 006EB918 EDI: 00000000 EBP: 0012F764 ESP: 0012F580
 EIP: 00431EE7 EFLAGS: 00010283

 Bytes at instruction pointer:
 0F B7 00 FF 75 10 99 89 84 24 AC 00 00 00 89 94 24 B0 00 00 00 0F B6 41

Stack trace:
 00000276 FFFFFFE6 0012F7B8 00000000 0012F7D6 01DFD7B8 00000000 00000000
 00000000 00000000 006EB910 80010C2C 000000D9 0012F7B8 0012F5E4 00000005
 00000001 0012F9E4 0053532E 80010C2C 000000D9 0000001C 0012F5E4 75EB6B13
 75EB62A0 00204470 00244874 00284C78 002C507C 00305480 006484A8 00486490
 00486490 006484A8 00D8F4FC 004C1808 006C2C18 00904834 00B06C54 00D49480
 00FC3C00 00FC5400 00FC6C00 00FC7C00 00FC9400 00FCAC00 00FCC400 00FF0000
 00800000 00000000 00000000 00000000 00F0D000 00000000 00000E80 00000008
 0012F684 005C781E 0012F690 0012F998 76F462EC 76F47F94 00250020 00000022
 0012F738 027DCC88 0012F754 7424AFD2 00000022 00000000 0012F854 0000016F
 00010000 00020001 000000A0 00000019 00000011 00000004 00000003 00000000
 00000000 00000004 00000003 00000000 00000000 00000008 00000004 00000006
 00000000 00000000 00000000 00000000 00000000 00000001 00000014 00000000
 00000000 00000019 0000000F 0000000D 0000000D B7100C35 018506A0 B8100C6A
 00000000 00000017 00000005 00000000 00000000 00000000 0012F75C 005CE5FC
 038AAFA0 00000000 0012F75C 7424DDD9 027DCCF8 00000230 0000016F 0012F820
 00000001 0012F790 00431031 006EB910 00000000 0012F9B7 00000002 03F5C080
 00000000 000001F1 00000163 03F5C080 0012FAE4 0043104B 006EB910 0012F9B7
 00473262 0012F9B7 00000002 0012FB38 00000000 00000006 EE8380EE 694C8381
 74736576 206B636F 646F7270 69746375 61206E6F 6F692074 656E206E 42207261
 696E7261 6577676E 52206C6C 65676469 01850021 B8100C6A 00000000 00000017
 00000230 0012F7F0 000A0360 0012F8E0 000A0360 027DCC28 00000230 0000016F
 0012F838 7424DD15 00000000 742425A7 000A0360 00000084 00000000 016F0230
 0012F888 00000000 00000000 00000084 00000000 000A0360 00000084 00000000
 016F0230 00000004 000004B0 75C80384 00000000 00000001 00000001 00000000

Operating system:
 Name:     Windows
 Release:  6.0.6002 (Service Pack 2)
 Compiler: MSVC 1500

Configuration:
 Blitter:      8bpp-optimized
 Graphics set: OpenGFX (408)
 Language:     english_US.lng
 Music driver: dmusic
 Music set:    OpenMSX (47)
 Network:      no
 Sound driver: win32
 Sound set:    OpenSFX (87)
 Video driver: win32

AI Configuration (local: 0):
  0: Human

Libraries:
 FreeType:   2.3.12
 ICU:        4.4.1
 LZO:        2.03
 PNG:        1.4.3
 Zlib:       1.2.5

Module information:
 C:\Program Files\OpenTTD\openttd.exe handle: 00400000 size: 3073024 crc: E3B1BF14 date: 2010-07-31 21:24:28
 C:\Windows\system32\ntdll.dll handle: 76EF0000 size: 1202168 crc: 11EF8EE5 date: 2009-04-11 06:27:49
 C:\Windows\system32\kernel32.dll handle: 75700000 size: 891392 crc: 1164F2B3 date: 2009-04-11 06:28:20
 C:\Windows\system32\WINMM.dll handle: 73DA0000 size: 189952 crc: 3E8CBFF5 date: 2009-04-11 06:28:25
 C:\Windows\system32\msvcrt.dll handle: 770A0000 size: 679936 crc: B0E5331E date: 2009-04-11 06:28:22
 C:\Windows\system32\USER32.dll handle: 75C60000 size: 627712 crc: 80F0F3C5 date: 2009-04-11 06:28:25
 C:\Windows\system32\GDI32.dll handle: 75EB0000 size: 297472 crc: 69625D80 date: 2009-04-11 06:28:19
 C:\Windows\system32\ADVAPI32.dll handle: 75D00000 size: 800768 crc: D7864B03 date: 2009-04-11 06:28:17
 C:\Windows\system32\RPCRT4.dll handle: 76120000 size: 784896 crc: 35185859 date: 2009-04-23 12:15:07
 C:\Windows\system32\ole32.dll handle: 75B10000 size: 1316864 crc: CB56BE6B date: 2009-04-11 06:28:23
 C:\Windows\system32\OLEAUT32.dll handle: 76DE0000 size: 563712 crc: 12E9F438 date: 2009-04-11 06:28:23
 C:\Windows\system32\OLEACC.dll handle: 73D60000 size: 234496 crc: 82CE51D9 date: 2009-10-08 21:08:01
 C:\Windows\system32\WS2_32.dll handle: 756D0000 size: 179200 crc: 5D581120 date: 2008-01-19 07:37:09
 C:\Windows\system32\NSI.dll handle: 77060000 size: 8192 crc: 10729B39 date: 2008-01-19 07:35:57
 C:\Windows\system32\SHELL32.dll handle: 76250000 size: 11584512 crc: 93B423E4 date: 2010-07-26 15:51:48
 C:\Windows\system32\SHLWAPI.dll handle: 761F0000 size: 353280 crc: 681AC986 date: 2009-04-11 06:28:24
 C:\Windows\system32\IMM32.DLL handle: 77070000 size: 114688 crc: 8D83D50A date: 2009-04-11 06:28:20
 C:\Windows\system32\MSCTF.dll handle: 75DD0000 size: 807424 crc: 78787E19 date: 2009-04-11 06:28:20
 C:\Windows\system32\LPK.DLL handle: 77090000 size: 23552 crc: 2E03F135 date: 2009-06-15 14:52:42
 C:\Windows\system32\USP10.dll handle: 76D60000 size: 502272 crc: 33F7104F date: 2009-04-11 06:28:25
 C:\Windows\system32\eNetHook.dll handle: 10000000 size: 90112 crc: 33951200 date: 2007-05-22 22:00:04
 C:\Windows\WinSxS\x86_microsoft.windows.common-controls_6595b64144ccf1df_6.0.6002.18005_none_5cb72f96088b0de0\comctl32.dll handle: 75020000 size: 1686016 crc: 1453762E date: 2009-04-11 06:21:38
 C:\Windows\system32\SHFolder.dll handle: 711D0000 size: 7168 crc: 1CA14A5C date: 2006-11-02 09:46:13
 C:\Windows\system32\wdmaud.drv handle: 6F990000 size: 167424 crc: AE942463 date: 2009-04-11 06:27:12
 C:\Windows\system32\ksuser.dll handle: 6F300000 size: 4608 crc: 4C647881 date: 2006-11-02 09:46:05
 C:\Windows\system32\MMDevAPI.DLL handle: 739B0000 size: 150528 crc: 481F98E7 date: 2009-04-11 06:28:20
 C:\Windows\system32\AVRT.dll handle: 73BB0000 size: 12800 crc: EB589AA0 date: 2008-01-19 07:33:47
 C:\Windows\system32\SETUPAPI.dll handle: 75F00000 size: 1591296 crc: A225D6A1 date: 2009-04-11 06:28:24
 C:\Windows\system32\WINTRUST.dll handle: 74530000 size: 172032 crc: 0FB3BA99 date: 2009-12-23 11:33:29
 C:\Windows\system32\CRYPT32.dll handle: 74CF0000 size: 978944 crc: CE0B7499 date: 2009-04-11 06:28:18
 C:\Windows\system32\MSASN1.dll handle: 74E50000 size: 60928 crc: D62CDC5B date: 2009-09-04 11:41:59
 C:\Windows\system32\USERENV.dll handle: 75440000 size: 108544 crc: CC1E5DD3 date: 2009-04-11 06:28:25
 C:\Windows\system32\Secur32.dll handle: 75420000 size: 72704 crc: C962EC8E date: 2009-06-15 14:53:43
 C:\Windows\system32\imagehlp.dll handle: 77030000 size: 153088 crc: EEF49677 date: 2008-01-19 07:34:32
 C:\Windows\system32\AUDIOSES.DLL handle: 6F2D0000 size: 115712 crc: 9E346B3A date: 2009-04-11 06:28:18
 C:\Windows\system32\audioeng.dll handle: 6EEA0000 size: 397312 crc: 17666E45 date: 2008-01-19 07:33:45
 C:\Windows\system32\PSAPI.DLL handle: 77020000 size: 12288 crc: D7B812C5 date: 2006-11-02 09:46:12
 C:\Windows\system32\msacm32.drv handle: 6F2C0000 size: 21504 crc: 28704D00 date: 2009-04-11 06:27:12
 C:\Windows\system32\MSACM32.dll handle: 6EE80000 size: 71680 crc: A2E8F836 date: 2008-01-19 07:34:54
 C:\Windows\system32\midimap.dll handle: 6EE70000 size: 17408 crc: 9FC56E7F date: 2009-04-11 06:28:20
 C:\Windows\system32\CLBCatQ.DLL handle: 76090000 size: 523776 crc: C2EBF5E6 date: 2008-01-19 07:33:52
 C:\Windows\system32\uxtheme.dll handle: 74240000 size: 240128 crc: 5F29223E date: 2008-01-19 07:36:47
 C:\Windows\system32\dmime.dll handle: 70010000 size: 178688 crc: 3063C87B date: 2008-01-19 07:34:04
 C:\Windows\system32\DSOUND.dll handle: 6EC90000 size: 444416 crc: 2196E709 date: 2009-04-11 06:28:19
 C:\Windows\system32\POWRPROF.dll handle: 74860000 size: 98816 crc: F5FB120D date: 2009-04-11 06:28:23
 C:\Windows\system32\dmusic.dll handle: 735F0000 size: 101888 crc: 9C95E7AB date: 2009-04-11 06:28:18
 C:\Windows\system32\dmsynth.dll handle: 73880000 size: 105472 crc: A572B2E6 date: 2009-04-11 06:28:18
 C:\Windows\system32\dmloader.dll handle: 73A40000 size: 38400 crc: 43D1875C date: 2008-01-19 07:34:04
 C:\Windows\system32\mswsock.dll handle: 74A00000 size: 223232 crc: 9C4248CA date: 2009-04-11 06:28:22
 C:\Windows\System32\wshtcpip.dll handle: 746E0000 size: 9216 crc: 10C50FC1 date: 2008-01-19 07:37:11

---- gamelog start ----
Tick 0: new game started
     Revision text changed to 1.0.0, savegame version 138, not modified, _openttd_newgrf_version = 0x10084c4a
     New game mode: 2 landscape: 1
Tick 0: game loaded
     Revision text changed to 1.0.3, savegame version 138, not modified, _openttd_newgrf_version = 0x10384f2b
     New game mode: 1 landscape: 1
---- gamelog end ----

*** End of OpenTTD Crash Report ***
