*** OpenTTD Crash Report ***

Crash at: Mon Oct 20 20:57:39 2014
In game date: 0-01-01 (0)

Crash reason:
 Signal:  Bus error: 10 (10)
 Message: <none>

OpenTTD version:
 Version:    1.4.3 (0)
 NewGRF ver: 14386922
 Bits:       32
 Endian:     little
 Dedicated:  no
 Build date: Sep 23 2014 19:06:29


Stacktrace:
 [00] ???                  0x00000a00

Operating system:
 Name:     Mac OS X
 Release:  10.9.5
 Machine:  Intel 80486
 Min Ver:  1040
 Compiler: GCC 4.0.1 "4.0.1 (Apple Inc. build 5490)"

Configuration:
 Blitter:      32bpp-anim
 Graphics set: OpenGFX (5203)
 Language:     /Users/rmartinez/Downloads/openttd-1.4.3-macosx-universal (1)/OpenTTD.app/Contents/Resources/lang/english_US.lng
 Music driver: none
 Music set:    none (4294967295)
 Network:      no
 Sound driver: none
 Sound set:    none (4294967295)
 Video driver: cocoa

Fonts:
 Small:  sprite
 Medium: sprite
 Large:  sprite
 Mono:   sprite

AI Configuration (local: 0):

Libraries:
 FreeType:   2.4.3
 ICU:        51.2
 LZMA:       5.0.0
 LZO:        2.03
 PNG:        1.4.4
 Zlib:       1.2.5

---- gamelog start ----
---- gamelog end ----

*** End of OpenTTD Crash Report ***
