*** OpenTTD Crash Report ***

Crash at: Sun Jun  2 16:24:44 2013
In game date: 1950-02-07 (13)

Crash reason:
 Signal:  Aborted (6)
 Message: Assertion failed at line 3375 of /bamboo/src/station_cmd.cpp: _date >= lg->LastCompression()

OpenTTD version:
 Version:    r25315 (0)
 NewGRF ver: 140062e3
 Bits:       64
 Endian:     little
 Dedicated:  no
 Build date: Jun  1 2013 18:04:29

Stacktrace:
 [00] /home/tijl/.openttd/openttd(_ZNK12CrashLogUnix13LogStacktraceEPcPKc+0x39) [0x739289]
 [01] /home/tijl/.openttd/openttd(_ZNK8CrashLog12FillCrashLogEPcPKc+0xf0) [0x5cc220]
 [02] /home/tijl/.openttd/openttd(_ZNK8CrashLog12MakeCrashLogEv+0x63) [0x5cc303]
 [03] /home/tijl/.openttd/openttd() [0x7391dd]
 [04] /lib/x86_64-linux-gnu/libc.so.6(+0x370b0) [0x7f5c103380b0]
 [05] /lib/x86_64-linux-gnu/libc.so.6(gsignal+0x37) [0x7f5c10338037]
 [06] /lib/x86_64-linux-gnu/libc.so.6(abort+0x148) [0x7f5c1033b698]
 [07] /home/tijl/.openttd/openttd() [0x7235af]
 [08] /home/tijl/.openttd/openttd() [0x80c5ce]
 [09] /home/tijl/.openttd/openttd(_Z14OnTick_Stationv+0x35f) [0x80d90f]
 [10] /home/tijl/.openttd/openttd(_Z17CallLandscapeTickv+0x13) [0x66e703]
 [11] /home/tijl/.openttd/openttd(_Z13StateGameLoopv+0xb3a) [0x72485a]
 [12] /home/tijl/.openttd/openttd(_Z8GameLoopv+0xa4) [0x7261a4]
 [13] /home/tijl/.openttd/openttd(_ZN15VideoDriver_SDL8MainLoopEv+0x19e) [0x89fd0e]
 [14] /home/tijl/.openttd/openttd(_Z8ttd_mainiPPc+0xf87) [0x7259d7]
 [15] /lib/x86_64-linux-gnu/libc.so.6(__libc_start_main+0xf5) [0x7f5c10322ea5]
 [16] /home/tijl/.openttd/openttd() [0x50d0e9]

Operating system:
 Name:     Linux
 Release:  3.8.0-23-generic
 Version:  #34-Ubuntu SMP Wed May 29 20:22:58 UTC 2013
 Machine:  x86_64
 Compiler: GCC 4.4.5 "4.4.5"

Configuration:
 Blitter:      8bpp-optimized
 Graphics set: OpenGFX (998)
 Language:     /home/tijl/Dropbox/Tijl/.openttd/lang/english.lng
 Music driver: extmidi
 Music set:    NoMusic (0)
 Network:      no
 Sound driver: sdl
 Sound set:    NoSound (2)
 Video driver: sdl

AI Configuration (local: 0):
  0: Human

Libraries:
 FontConfig: 2.10.2
 FreeType:   2.4.2
 ICU:        4.4.1
 LZMA:       5.0.3
 LZO:        2.03
 PNG:        1.2.44
 SDL:        1.2.15
 Zlib:       1.2.7

---- gamelog start ----
Tick 0: new game started
     Revision text changed to r25315, savegame version 182, not modified, _openttd_newgrf_version = 0x140062e3
     New game mode: 1 landscape: 2
---- gamelog end ----

*** End of OpenTTD Crash Report ***
