*** OpenTTD Crash Report ***

Crash at: Sun Jan 17 23:05:45 2010
In game date: 1981-12-31 (0)

Crash reason:
 Signal:  Aborted (6)
 Message: NOT_REACHED triggered at line 108 of /var/tmp/portage/games-simulation/openttd-1.0.0_beta2/work/openttd-1.0.0-beta2/src/ai/ai_info_dummy.cpp

OpenTTD version:
 Version:    1.0.0-beta2 (1)
 NewGRF ver: 1000492f
 Bits:       32
 Endian:     little
 Dedicated:  yes
 Build date: Jan 15 2010 22:41:20

Stacktrace:
 [00] /usr/games/bin/openttd(_ZNK12CrashLogUnix13LogStacktraceEPcPKc+0x50) [0x14cc321e]
 [01] /usr/games/bin/openttd(_ZNK8CrashLog12FillCrashLogEPcPKc+0x11a) [0x14c0409a]
 [02] /usr/games/bin/openttd(_ZNK8CrashLog12MakeCrashLogEv+0x64) [0x14c04172]
 [03] /usr/games/bin/openttd [0x14cc3153]
 [04] [0x546e6400]
 [05] [0x546e6422]
 [06] /lib/libc.so.6(gsignal+0x51) [0x54466311]
 [07] /lib/libc.so.6(abort+0xe8) [0x54467bf8]
 [08] /usr/games/bin/openttd [0x14cb5a4b]

Operating system:
 Name:    Linux
 Release: 2.6.31-hardened-r8-il
 Version: #1 SMP Sat Dec 12 13:00:17 CET 2009
 Machine: i686

Configuration:
 Blitter:      null
 Graphics set: OpenGFX
 Language:     polish.lng
 Music driver: null
 Music set:    NoMusic
 Sound driver: null
 Sound set:    OpenSFX
 Video driver: dedicated

AI Configuration:
  0: Human
  1: Human
  2: DummyAI (v1)

Libraries:
 PNG:        1.2.37

---- gamelog start ----
Tick 0: new game started
     Revision text changed to 1.0.0-beta2, savegame version 135, maybe modified, _openttd_newgrf_version = 0x1000492f
     New game mode: 1 landscape: 0
---- gamelog end ----

*** End of OpenTTD Crash Report ***
