*** OpenTTD Crash Report ***

Crash at: Tue Nov 30 12:42:14 2010
In game date: 1930-01-05 (10)

Crash reason:
 Exception: E1212012
 Location:  00528233
 Message:   Assertion failed at line 76 of c:/OpenTTD/compile/src/tile_map.h: tile < MapSize()

OpenTTD version:
 Version:    r21243 (0)
 NewGRF ver: 110052fb
 Bits:       32
 Endian:     little
 Dedicated:  no
 Build date: Nov 18 2010 19:09:20

Registers:
 EAX: 81A4AF34 EBX: 78041B28 ECX: 00000001 EDX: 80009150
 ESI: 0052820C EDI: 00000010 EBP: 0113F35C ESP: 0113F308
 EIP: 00528233 EFLAGS: 00200212

 Bytes at instruction pointer:
 83 EC 10 83 C4 1C C3 66 90 53 83 EC 28 8B 5C 24 34 8B 44 24 3C 85 C0 74

Stack trace:
 7803B5D0 0113F35C 780102CE 780102D5 00000016 0000000E 014391C0 0113F380
 0052820C 0113F348 BFF54144 00000B48 00000001 80009150 00000010 00000000
 0113EFB8 0113FF68 7800F56A 780343E0 FFFFFFFF 013C9290 7800AC9C 00000016
 0000000A 0051E236 0113F380 00000001 0086ED84 0113F594 65737341 6F697472
 6166206E 64656C69 20746120 656E696C 20363720 6320666F 704F2F3A 54546E65
 6F632F44 6C69706D 72732F65 69742F63 6D5F656C 682E7061 6974203A 3C20656C
 70614D20 657A6953 00002928 00486490 00486490 00000001 013F0CC0 00000000
 00000001 0051144E 013F0BE0 0113F4B4 00000000 0113F41F 00FC7C44 0000001C
 00000001 00000000 00800000 00FF0000 FFFFFFFF 01F0D000 00000000 00000000
 00000001 0113F4B4 013F1290 00000000 00000001 005119AC 013F0CC0 0113F4B4
 00000000 0001C9FF 000E4F0C 0000001C 00000001 00003221 A5458F90 000000E8
 0143AAB0 005E7215 00003221 000021BE 00003264 00002841 029FDDC0 0001FBB8
 0113F56C 0080A0C3 0091F040 0091F020 00002884 0001FBB8 029FDDC0 0001FBB8
 0113F4F8 007EE6A4 0091D250 0091D250 00000000 02900000 0001CB61 00000101
 00000000 0091D250 00000000 0091D244 00000006 013E5D50 0113F56C 0001FCB8
 0113F56C 013E5D50 00000000 0143BE80 0113F558 008162D9 0091D250 00000000
 00000006 0091D250 013E5D50 0091D244 013E5D50 0113F52C 7803B600 0113F568
 7800CCB1 013E5D50 00000006 00000000 00000006 00000010 7803D600 0143D067
 0143D000 013DA440 013E5D50 0143BE80 013E5CF0 0078A975 013E5D50 0091D244
 0091D250 00000000 0143D6F0 00000000 00000003 013DA440 01236ADB 00000000
 0113F624 0050F5C8 0086ED84 0000004C 0086ED60 0086ED4C 01236ADB 0113F994
 01236ADB 00510F02 0113F624 00000000 000037CC 00000054 00000000 00000F8B
 00000000 00000000 1D0037BC 000017F0 FFFFFFDA 0049A416 01277540 84EC8E20
 00000005 009BE62C 00000059 00000054 013C9290 00510203 014391C0 0113F624

Operating system:
 Name:     Windows
 Release:  4.10.67766446 ( A )
 Compiler: GCC 4.5.0 "4.5.0"

Configuration:
 Blitter:      8bpp-optimized
 Graphics set: original_windows (0)
 Language:     C:\mpstest\OTTD latest nightly\lang\german.lng
 Music driver: dmusic
 Music set:    NoMusic (0)
 Network:      no
 Sound driver: win32
 Sound set:    original_windows (0)
 Video driver: win32

AI Configuration (local: 0):
  0: Human

Libraries:
 FreeType:   2.3.12
 ICU:        4.2.1
 LZMA:       5.0.0
 LZO:        2.03
 PNG:        1.4.3
 Zlib:       1.2.5

Module information:
 C:\MPSTEST\OTTD LATEST NIGHTLY\OPENTTD.EXE handle: 00400000 size: 11782669 crc: B60E880D date: 2010-11-18 18:12:38
 C:\WINDOWS\SYSTEM\MSAFD.DLL handle: 7b680000 size: 45056 crc: DE11B164 date: 1999-05-05 21:22:00
 C:\WINDOWS\SYSTEM\WSOCK32.DLL handle: 76590000 size: 40960 crc: 683A9673 date: 2000-12-16 20:11:12
 C:\WINDOWS\SYSTEM\MSWSOCK.DLL handle: 79930000 size: 86016 crc: 1C9D7912 date: 1999-05-05 21:22:00
 C:\WINDOWS\SYSTEM\DMLOADER.DLL handle: 77380000 size: 30720 crc: 49437B86 date: 2000-11-07 14:16:46
 C:\WINDOWS\SYSTEM\DMSYNTH.DLL handle: 77480000 size: 130048 crc: 014AAFE3 date: 2000-11-07 14:16:46
 C:\WINDOWS\SYSTEM\DMUSIC32.DLL handle: 60300000 size: 28672 crc: 948547BD date: 2000-11-07 14:16:46
 C:\WINDOWS\SYSTEM\KSUSER.DLL handle: 5ef80000 size: 4096 crc: 15C96B8A date: 2000-11-07 14:16:46
 C:\WINDOWS\SYSTEM\NTDLL.DLL handle: bfee0000 size: 20480 crc: DB3C0893 date: 1999-05-05 21:22:00
 C:\WINDOWS\SYSTEM\MPR.DLL handle: 7fbf0000 size: 57344 crc: FA839EC9 date: 1999-05-05 21:22:00
 C:\WINDOWS\SYSTEM\DMUSIC.DLL handle: 77180000 size: 94208 crc: 8609D4B4 date: 2000-11-07 14:16:46
 C:\WINDOWS\SYSTEM\MSACM32.DLL handle: 7b890000 size: 102400 crc: AC14A57B date: 1999-05-05 21:22:00
 C:\WINDOWS\SYSTEM\DMIME.DLL handle: 77300000 size: 168960 crc: BBABF6B7 date: 2000-11-07 14:16:46
 C:\WINDOWS\SYSTEM\DSOUND.DLL handle: beaf0000 size: 455680 crc: E66AE700 date: 2000-11-07 14:16:46
 C:\WINDOWS\SYSTEM\OLE32.DLL handle: 7ff20000 size: 790528 crc: 6704EBDA date: 1999-05-05 21:22:00
 C:\WINDOWS\SYSTEM\SHFOLDER.DLL handle: 75f40000 size: 32768 crc: 52C3F6D9 date: 2000-06-08 21:00:00
 C:\WINDOWS\KERNELEX\PSAPI.DLL handle: 7d020000 size: 5120 crc: 8FBC056B date: 2010-07-30 21:48:58
 C:\WINDOWS\SYSTEM\WS2_32.DLL handle: 765f0000 size: 73728 crc: CB2FD4C4 date: 1999-05-05 21:22:00
 C:\WINDOWS\SYSTEM\WININET.DLL handle: 70200000 size: 485136 crc: DA4B24BC date: 2000-10-19 23:00:00
 C:\WINDOWS\SYSTEM\TAPI32.DLL handle: 7f950000 size: 122880 crc: 35D830E4 date: 1999-05-05 21:22:00
 C:\WINDOWS\SYSTEM\RPCRT4.DLL handle: 7fb90000 size: 339968 crc: F70D9B96 date: 1999-05-05 21:22:00
 C:\WINDOWS\SYSTEM\WS2HELP.DLL handle: 765d0000 size: 24576 crc: 97352F91 date: 1999-05-05 21:22:00
 C:\WINDOWS\SYSTEM\WINMM.DLL handle: bfdf0000 size: 65536 crc: B647DC51 date: 1999-05-05 21:22:00
 C:\WINDOWS\SYSTEM\SHELL32.DLL handle: 7fcb0000 size: 1417216 crc: 30F9329C date: 1999-05-05 21:22:00
 C:\WINDOWS\SYSTEM\COMCTL32.DLL handle: bfb70000 size: 569616 crc: A5BBD791 date: 2000-10-19 23:00:00
 C:\WINDOWS\SYSTEM\SHLWAPI.DLL handle: 70bd0000 size: 301328 crc: BACBF9C5 date: 2000-10-19 23:00:00
 C:\WINDOWS\SYSTEM\MSVCRT.DLL handle: 78000000 size: 295000 crc: 770C8856 date: 1999-12-10 13:00:00
 C:\WINDOWS\KERNELEX\KEXBASEN.DLL handle: 7d000000 size: 97792 crc: 8CB1859D date: 2010-07-30 21:48:26
 C:\WINDOWS\KERNELEX\KERNELEX.DLL handle: bfa00000 size: 61952 crc: F5D3D71D date: 2010-07-30 21:48:14
 C:\WINDOWS\KERNELEX\KEXBASES.DLL handle: bfa40000 size: 215552 crc: 86B71223 date: 2010-07-30 21:48:54
 C:\WINDOWS\SYSTEM\VERSION.DLL handle: bfe70000 size: 24576 crc: 281BDC3B date: 1999-05-05 21:22:00
 C:\WINDOWS\SYSTEM\USER32.DLL handle: bff50000 size: 69632 crc: 8D8869D1 date: 1999-05-05 21:22:00
 C:\WINDOWS\SYSTEM\GDI32.DLL handle: bff20000 size: 155648 crc: D8C3EA40 date: 1999-05-05 21:22:00
 C:\WINDOWS\SYSTEM\ADVAPI32.DLL handle: bfe80000 size: 65536 crc: 0C281972 date: 1999-05-05 21:22:00
 C:\WINDOWS\SYSTEM\KERNEL32.DLL handle: bff70000 size: 483328 crc: AFBBC991 date: 2010-09-11 06:58:00

---- gamelog start ----
Tick 0: new game started
     Revision text changed to r21243, savegame version 152, not modified, _openttd_newgrf_version = 0x110052fb
     New game mode: 1 landscape: 0
     Added NewGRF: GRF ID 6D620401, checksum C5ACB6D5536A464FD78871D91840A35F, filename: dbsetxlw.grf (md5sum matches)
     Added NewGRF: GRF ID 6D620403, checksum 088F2C57616F12A732A3025F5E997F80, filename: dbxl_firs.grf (md5sum matches)
     Added NewGRF: GRF ID 6D620004, checksum C616A1B24EB5CEA844D5B8440ECFBE78, filename: nshipsxl.grf (md5sum matches)
     Added NewGRF: GRF ID 6D620601, checksum BD20E9A26139AE5550826D356A7E526B, filename: newstatsw.grf (md5sum matches)
     Added NewGRF: GRF ID F1250005, checksum E8048D51F321119A1C7CDD19BC98BDE8, filename: firs.grf (md5sum matches)
     Added NewGRF: GRF ID 6D620A00, checksum 86889E92DD076B6B1C39CD752A32776D, filename: canals.grf (md5sum matches)
     Added NewGRF: GRF ID 6D620608, checksum 2B0D5C65E533EB6E7C3F860898D6A1A9, filename: crane9.grf (md5sum matches)
     Added NewGRF: GRF ID 6D620C00, checksum 7EF42DD1775DC63804386175FA56A64F, filename: newobj.grf (md5sum matches)
     Added NewGRF: GRF ID 414E0101, checksum FC2EBBE020326854EFBFF1BF1A10348B, filename: fish.grf (md5sum matches)
---- gamelog end ----

*** End of OpenTTD Crash Report ***
