*** OpenTTD Crash Report ***

Crash at: Sat Sep 17 10:26:27 2016
In game date: 1995-08-27 (67)

Crash reason:
 Exception: C0000005
 Location:  00007FF6E1E93209
 Message:   <none>

OpenTTD version:
 Version:    1.6.1 (0)
 NewGRF ver: 16186bd9
 Bits:       64
 Endian:     little
 Dedicated:  no
 Build date: Jun 30 2016 21:32:32

Registers:
 RAX: 0000000023A76DE0 RBX: 0000000000000000 RCX: 0000000000000001 RDX: 000000000017EC60
 RSI: 000000000017EC60 RDI: 0000000023B6E440 RBP: 000000000017EC78 RSP: 000000000017EBC0
 R8:  0000000000000002 R9:  0000000000000010 R10: 0000000000000000 R11: 0000000000000000
 R12: 0000000023B6E440 R13: 0000000000000001 R14: 0000000000000000 R15: 0000000000000001
 RIP: 00007FF6E1E93209 EFLAGS: 00010246

 Bytes at instruction pointer:
 41 0F B6 52 48 41 8B 4A 28 E8 6D 52 FF FF 48 8B 5C 24 50 48 8B 74 24 58

Stack trace:
 025EC1B7 00000000 0017EEA0 00000000 000000B7 00000000 0000000B 00000000
 0000000C 00000000 000000FF 00000000 00000001 00000000 0017ED10 00000000
 239E2C40 00000000 E1E775FC 00007FF6 00000000 00000000 23B6E400 00000000
 0000014D 00000000 0000000A 0000000A 000000B7 00000028 00000000 00000005
 000000B7 000000B5 E1E1AFF3 00007FF6 02A8B350 00000000 00000000 00000000
 00000002 00000010 0000005D 00000087 000000B7 00000000 000001E0 00000000
 E2A88620 00007FF6 00000000 00000000 00000086 00000000 23B6E440 00000000
 23B6E440 00000000 239E2C40 00000000 0017ED70 00000000 E1E73EAF 00007FF6
 239E2C40 00000000 23B6E440 00000000 0000014E 00000000 239E1640 00000000
 23B6E440 00000000 E1E73EAF 00007FF6 02B09EA0 00000000 00000001 00000000
 000001E0 00000000 E2A88620 00007FF6 23DD4AC0 00000000 E1E755C9 00007FF6
 23DD4AC0 00000000 0017ED70 00000000 23DD4AC0 00000000 00000338 00000000
 000000A5 00000000 00000000 00000000 23B6E440 00000000 239E1640 00000000
 00000000 0000000E 0000014E 00000088 000001E0 00000000 0000000F 00000000
 00000338 00000000 00000086 00000000 23B6E440 00000000 E1E73EAF 00007FF6
 02B09E30 00000000 23DD4AC0 00000000 23B6E440 00000000 23B6E440 00000000
 00000040 00000000 E1E73718 00007FF6 0017EEA0 00000000 00000086 00000000
 000000CC 00000000 E1E79BD2 00007FF6 000000CC 00000000 0017EEA0 00000000
 000001E0 00000000 0000000F 00000000 00000338 00000000 00000086 00000000
 00000040 00000000 E1E79BD2 00007FF6 000001E5 00000000 0017EEA0 00000000
 23B6E440 00000000 00000086 00000000 000000D0 00000000 00000086 00000000
 00000200 00000000 E1E1D268 00007FF6 23B6E440 00000000 00000040 00000000
 000000D0 00000000 00000200 00000000 000000D0 00000000 002C80E0 00000000
 025EC118 00000000 FFFFFFF0 FFFFFFFD 0000017A 00000090 000003BF 00000000

Operating system:
 Name:     Windows
 Release:  6.2.9200 ()
 Compiler: MSVC 1600

Configuration:
 Blitter:      32bpp-optimized
 Graphics set: OpenGFX (5580)
 Language:     C:\Program Files\OpenTTD\lang\english.lng
 Music driver: win32
 Music set:    OpenMSX (96)
 Network:      server
 Sound driver: win32
 Sound set:    OpenSFX (87)
 Video driver: win32

Fonts:
 Small:  sprite
 Medium: sprite
 Large:  sprite
 Mono:   sprite

AI Configuration (local: 0):
  0: Human

Libraries:
 FreeType:   2.4.11
 ICU i18n:   51.2
 ICU lx:     51.2
 LZMA:       5.0.4
 LZO:        2.06
 PNG:        1.5.14
 Zlib:       1.2.7

Module information:
 C:\Program Files\OpenTTD\openttd.exe handle: 00007FF6E1DF0000 size: 13506560 crc: 6FF474AD date: 2016-06-30 21:36:38
 C:\WINDOWS\SYSTEM32\ntdll.dll handle: 00007FF98F4F0000 size: 1883784 crc: 30634105 date: 2016-08-20 06:03:52
 C:\WINDOWS\System32\KERNEL32.DLL handle: 00007FF98EF40000 size: 699880 crc: BDA99C07 date: 2016-07-16 11:42:16
 C:\WINDOWS\System32\KERNELBASE.dll handle: 00007FF98BE30000 size: 2214784 crc: 0D3DB562 date: 2016-09-07 05:51:50
 C:\WINDOWS\system32\apphelp.dll handle: 00007FF989EE0000 size: 481280 crc: 19914941 date: 2016-07-16 11:42:16
 C:\WINDOWS\System32\WS2_32.dll handle: 00007FF98D3E0000 size: 425664 crc: 0BC9BF26 date: 2016-07-16 11:42:27
 C:\WINDOWS\System32\sechost.dll handle: 00007FF98F490000 size: 357984 crc: 923D1945 date: 2016-07-16 11:42:27
 C:\WINDOWS\SYSTEM32\WINMM.dll handle: 00007FF989570000 size: 124552 crc: A0E15932 date: 2016-07-16 11:42:22
 C:\WINDOWS\System32\RPCRT4.dll handle: 00007FF98EAF0000 size: 1176664 crc: D96EF587 date: 2016-08-06 04:26:33
 C:\WINDOWS\System32\msvcrt.dll handle: 00007FF98F3F0000 size: 634824 crc: 1B98629E date: 2016-07-16 11:42:27
 C:\WINDOWS\System32\IMM32.dll handle: 00007FF98D560000 size: 175672 crc: EE969F35 date: 2016-07-16 11:42:23
 C:\WINDOWS\System32\USER32.dll handle: 00007FF98F050000 size: 1461200 crc: E5060D90 date: 2016-08-21 23:30:53
 C:\WINDOWS\SYSTEM32\WINMMBASE.dll handle: 0000000000400000 size: 164264 crc: AB86A028 date: 2016-07-16 11:42:22
 C:\WINDOWS\System32\win32u.dll handle: 00007FF98CA40000 size: 114192 crc: CE8A4673 date: 2016-08-02 08:44:21
 C:\WINDOWS\System32\GDI32.dll handle: 00007FF98EAA0000 size: 206096 crc: B0F99481 date: 2016-07-16 11:42:09
 C:\WINDOWS\System32\cfgmgr32.dll handle: 00007FF98C9F0000 size: 259848 crc: 53FDC18A date: 2016-07-16 11:42:27
 C:\WINDOWS\System32\gdi32full.dll handle: 00007FF98BB90000 size: 1572768 crc: F4690DF2 date: 2016-07-16 11:42:43
 C:\WINDOWS\System32\ADVAPI32.dll handle: 00007FF98F1C0000 size: 652352 crc: 4CF4BA4F date: 2016-07-16 11:42:21
 C:\WINDOWS\System32\SHELL32.dll handle: 00007FF98D590000 size: 22218808 crc: 9D2E0D5A date: 2016-09-07 05:29:35
 C:\WINDOWS\System32\windows.storage.dll handle: 00007FF98C050000 size: 7219672 crc: 74311B23 date: 2016-09-07 05:34:10
 C:\WINDOWS\System32\combase.dll handle: 00007FF98D030000 size: 2913104 crc: CA907242 date: 2016-09-07 05:32:37
 C:\WINDOWS\System32\ucrtbase.dll handle: 00007FF98C840000 size: 998920 crc: 1F92A209 date: 2016-07-16 11:42:27
 C:\WINDOWS\System32\bcryptPrimitives.dll handle: 00007FF98BD20000 size: 431296 crc: 1EDD065B date: 2016-07-16 11:42:27
 C:\WINDOWS\System32\powrprof.dll handle: 00007FF98B970000 size: 301680 crc: EF88CF02 date: 2016-07-16 11:42:27
 C:\WINDOWS\System32\shlwapi.dll handle: 00007FF98D370000 size: 333640 crc: 1B9E909B date: 2016-07-16 11:42:42
 C:\WINDOWS\System32\kernel.appcore.dll handle: 00007FF98B950000 size: 48608 crc: A62D0607 date: 2016-07-16 11:42:06
 C:\WINDOWS\System32\shcore.dll handle: 00007FF98C940000 size: 681312 crc: 257B507D date: 2016-07-16 11:42:11
 C:\WINDOWS\System32\profapi.dll handle: 00007FF98B930000 size: 69264 crc: 2C09169E date: 2016-07-16 11:42:27
 C:\WINDOWS\system32\uxtheme.dll handle: 00007FF98A120000 size: 587264 crc: 04A28A4B date: 2016-07-16 11:42:40
 C:\WINDOWS\System32\MSCTF.dll handle: 00007FF98EC20000 size: 1418304 crc: 78AA38F5 date: 2016-09-07 05:25:28
 C:\WINDOWS\System32\OLEAUT32.dll handle: 00007FF98F330000 size: 773200 crc: 8B47A31A date: 2016-09-07 05:50:33
 C:\WINDOWS\System32\msvcp_win.dll handle: 00007FF98BD90000 size: 633216 crc: D4E5ABC2 date: 2016-07-16 11:42:27
 C:\WINDOWS\system32\dwmapi.dll handle: 00007FF988B10000 size: 128352 crc: 22B3003E date: 2016-07-16 11:42:23
 C:\WINDOWS\system32\mswsock.dll handle: 00007FF98AFA0000 size: 357216 crc: 137D8928 date: 2016-07-16 11:42:27
 C:\WINDOWS\SYSTEM32\MMDevAPI.DLL handle: 00007FF987F90000 size: 443744 crc: D67CB824 date: 2016-07-16 11:42:22
 C:\WINDOWS\SYSTEM32\DEVOBJ.dll handle: 00007FF98A500000 size: 151904 crc: 96DE9A73 date: 2016-07-16 11:42:27
 C:\WINDOWS\SYSTEM32\PROPSYS.dll handle: 00007FF9890A0000 size: 1599608 crc: 3FCD1704 date: 2016-07-16 11:42:06
 C:\WINDOWS\SYSTEM32\wdmaud.drv handle: 00007FF9824C0000 size: 233472 crc: 6000BF55 date: 2016-07-16 11:42:22
 C:\WINDOWS\SYSTEM32\ksuser.dll handle: 00007FF982FA0000 size: 23816 crc: F880EE68 date: 2016-07-16 11:42:22
 C:\WINDOWS\SYSTEM32\AVRT.dll handle: 00007FF986B20000 size: 32592 crc: 8416D0D7 date: 2016-07-16 11:42:22
 C:\WINDOWS\SYSTEM32\AUDIOSES.DLL handle: 00007FF96CC70000 size: 590952 crc: C4FE458B date: 2016-09-07 05:54:22
 C:\WINDOWS\SYSTEM32\wintypes.dll handle: 00007FF986D00000 size: 1267504 crc: 8B41DDB6 date: 2016-09-07 05:32:40
 C:\WINDOWS\SYSTEM32\msacm32.drv handle: 00007FF989680000 size: 29184 crc: 021361A5 date: 2016-07-16 11:42:21
 C:\WINDOWS\SYSTEM32\MSACM32.dll handle: 00007FF989660000 size: 105392 crc: B73361AF date: 2016-07-16 11:42:22
 C:\WINDOWS\SYSTEM32\midimap.dll handle: 00007FF9895F0000 size: 25088 crc: BBB5876C date: 2016-07-16 11:42:21
 C:\WINDOWS\System32\clbcatq.dll handle: 00007FF98F270000 size: 631176 crc: 17C82B8C date: 2016-07-16 11:42:17
 C:\WINDOWS\system32\wshqos.dll handle: 00007FF982DC0000 size: 19456 crc: 604C406A date: 2016-07-16 11:42:04
 C:\WINDOWS\SYSTEM32\wshtcpip.DLL handle: 00007FF982B00000 size: 12800 crc: 26AB1BF1 date: 2016-07-16 11:42:27
 C:\WINDOWS\SYSTEM32\wship6.dll handle: 00007FF982AF0000 size: 12800 crc: E73ED929 date: 2016-07-16 11:42:27
 C:\WINDOWS\SYSTEM32\DNSAPI.dll handle: 00007FF98AD90000 size: 646136 crc: FB3AF00E date: 2016-07-16 11:42:27
 C:\WINDOWS\System32\NSI.dll handle: 00007FF98D550000 size: 24312 crc: 0712BD4E date: 2016-07-16 11:42:27
 C:\WINDOWS\SYSTEM32\IPHLPAPI.DLL handle: 00007FF98AD50000 size: 219040 crc: 361BF539 date: 2016-07-16 11:42:27
 C:\WINDOWS\System32\fwpuclnt.dll handle: 00007FF983D60000 size: 412160 crc: 6E79673B date: 2016-07-16 11:42:09
 C:\WINDOWS\SYSTEM32\bcrypt.dll handle: 00007FF98B7D0000 size: 168424 crc: F2FB7513 date: 2016-07-16 11:42:27
 C:\Windows\System32\rasadhlp.dll handle: 00007FF982B10000 size: 16896 crc: 25D02262 date: 2016-07-16 11:42:04
 C:\WINDOWS\System32\psapi.dll handle: 00007FF98EAE0000 size: 18656 crc: 3E63416E date: 2016-07-16 11:42:15

---- gamelog start ----
Tick 0: new game started
Revision text changed to 1.6.1, savegame version 195, not modified, _openttd_newgrf_version = 0x16186bd9
New game mode: 1 landscape: 2
Added NewGRF: GRF ID 4F472B34, checksum 136D889FDAEAA3491F8320248A04425C, filename: opengfx_landscape-1.1.2\ogfx-landscape.grf (md5sum matches)
---- gamelog end ----

*** End of OpenTTD Crash Report ***

Decoded stack trace:
[00] openttd              0x00007FF6E1E93209
[01] openttd              0x00007FF6E1E775FC
 <infinite loop>

*** End of additional info ***
