*** OpenTTD Crash Report ***
Date: 2009-03-16 21:21:49
Build: 0.7.0-RC1 (1) built on Mar 15 2009 23:10:47
Reason: Assertion failed at c:\openttd\compile\src\tile_map.h:71: tile < MapSize()
Language: english.lng
Exception C0000005 at 0052833D
Registers:
 EAX: 017FD6E8 EBX: 00007FE7 ECX: 0012F8B4 EDX: 017FD733
 ESI: 003FF796 EDI: 00007968 EBP: 0012FAF0 ESP: 0012FACC
 EIP: 0052833D EFLAGS: 00010206

Bytes at CS:EIP:
 C6 05 00 00 00 00 00 A1 6C 11 6B 00 0F B6 04 F0 C1 E8 04 C3 6A 10 E8 45

Stack trace: 
 004809F3 00C5F3E7 00000000 00000000 00000003 00000007 0012FFB0 005AD530
 FFFFFFFF 0012FB08 00480A53 0000000D 00480B7C 00070501 0068D188 0012FC28
 00408B1F 7E3AA78F 00C5F3E7 00000018 008FE628 00000084 00000000 01850068
 0052B854 7E3A8E53 7E3A9772 0052B5D5 00000068 00000185 0052B587 00000000
 00000000 00000000 00000320 00000258 00000068 00000185 0012FB90 7E398734
 001902C8 00000113 00000001 00C5F3E7 0052B587 DCBAABCD 00000000 0012FBCC
 0052B587 0012FBF8 7E398BD9 7FFDF000 0012FBF8 7E39989A 0012FBB8 7E39986B
 00000000 0012FC90 00000000 00000014 00000001 00000000 00000000 00000010
 00000000 00000001 00000001 00000000 001902C8 0012FBAC 00000001 0012FC40
 005E8C08 00481FD2 000BE7B0 000BE7B0 0012FC1C 00482CC5 0000000A 01A9C4A8
 000BE7B0 00000000 000BE7B0 0049DB4C 0012FC50 00401A1B 00C5F3E7 0012FC50
 0042B0FF 7E3AA78F 00C5F3E7 0012FC50 00000000 00C5F3E7 00000000 00000000
 00421A74 0012FC64 0042B34A 00C5F3E7 00000000 0012FC4C 00000000 0052C4A6
 0068D9D4 00C94D10 0012FD14 00000000 0012FC68 00C5F3E7 00C5F405 00000000
 00000000 001902C8 00000113 00000001 0052B587 00C5F3E7 00000068 00000185
 0042A829 0012FD2C 00000001 00000001 01000001 00C94D40 00000000 00000000
 00000000 00C94CF0 FFFFFFFF FFFFFFFF 00000000 00000000 00000000 FFFFFFFF
 00000000 0012FF30 00000000 00000000 00000000 FFFFFFFF 0012FE34 00631AE0
 00000000 0000535D 0012FF30 0044364A 00000001 0012FE30 FFFFFFFE 00000000
 5C3A4422 676F7270 61675C73 5C73656D 6E65704F 5C445454 6E65706F 2E647474
 00657865 00BD0020 00BD0178 00BD7278 0000000D 00BD6EF8 00BD0178 00BD7470
 00BD0178 00000004 00BD7458 00000000 00BD0178 00BD0178 00BD0178 00BD0178
 00BD7468 00BD0168 00000000 00000000 00BD7468 00000020 00BD7470 00BD6EF0
 00BD0178 00000020 00000178 00BD0000 0012FBB4 00BD0178 0012FE7C 7C90E900

Module information:
 D:\progs\games\OpenTTD\openttd.exe handle: 00400000 size: 2613248 crc: D2C576EE date: 2009-03-15 22:15:00
 C:\WINDOWS\system32\ntdll.dll handle: 7C900000 size: 727040 crc: DB8BB577 date: 2008-04-14 17:02:05
 C:\WINDOWS\system32\kernel32.dll handle: 7C800000 size: 1030656 crc: C61B199D date: 2008-04-14 17:02:29
 C:\WINDOWS\system32\WINMM.dll handle: 76AF0000 size: 179200 crc: 14C886F9 date: 2008-04-14 17:02:44
 C:\WINDOWS\system32\ADVAPI32.dll handle: 77F40000 size: 684544 crc: E750CF22 date: 2008-04-14 17:02:21
 C:\WINDOWS\system32\RPCRT4.dll handle: 77DA0000 size: 584704 crc: 16207805 date: 2008-04-14 17:02:39
 C:\WINDOWS\system32\Secur32.dll handle: 77F10000 size: 56320 crc: 963BFAC6 date: 2008-04-14 17:02:39
 C:\WINDOWS\system32\GDI32.dll handle: 77E40000 size: 286720 crc: AD0D7A5A date: 2008-10-23 12:43:45
 C:\WINDOWS\system32\USER32.dll handle: 7E390000 size: 580096 crc: A1DEF669 date: 2008-04-14 17:02:44
 C:\WINDOWS\system32\WS2_32.dll handle: 71A30000 size: 82432 crc: 1CF0E4F7 date: 2008-04-14 17:02:45
 C:\WINDOWS\system32\msvcrt.dll handle: 77BE0000 size: 343040 crc: 914594B7 date: 2008-04-14 17:02:33
 C:\WINDOWS\system32\WS2HELP.dll handle: 71A20000 size: 19968 crc: 25A9B9EA date: 2008-04-14 17:02:45
 C:\WINDOWS\system32\SHELL32.dll handle: 7C9C0000 size: 8508416 crc: 1CE36AED date: 2008-06-17 19:03:19
 C:\WINDOWS\system32\SHLWAPI.dll handle: 77E90000 size: 474624 crc: D3BD2EB0 date: 2008-04-14 17:02:39
 C:\WINDOWS\system32\IMM32.DLL handle: 76330000 size: 110080 crc: BC278F31 date: 2008-04-14 17:02:28
 C:\WINDOWS\WinSxS\x86_Microsoft.Windows.Common-Controls_6595b64144ccf1df_6.0.2600.5512_x-ww_35d4ce83\comctl32.dll handle: 77390000 size: 1054208 crc: D48C9A27 date: 2008-04-14 17:00:21
 C:\WINDOWS\system32\comctl32.dll handle: 5D4E0000 size: 617472 crc: 3039BA4F date: 2008-04-14 17:02:23
 C:\WINDOWS\system32\SHFolder.dll handle: 76730000 size: 25088 crc: D4F9262A date: 2008-04-14 17:02:39
 C:\WINDOWS\system32\wdmaud.drv handle: 72C90000 size: 23552 crc: F3E22527 date: 2008-04-14 17:03:22
 C:\WINDOWS\system32\WINTRUST.dll handle: 76BF0000 size: 176640 crc: 20C532EF date: 2008-04-14 17:02:44
 C:\WINDOWS\system32\CRYPT32.dll handle: 77A40000 size: 602624 crc: 7EA0028A date: 2008-04-14 17:02:23
 C:\WINDOWS\system32\MSASN1.dll handle: 77AE0000 size: 57344 crc: 576F740E date: 2008-04-14 17:02:29
 C:\WINDOWS\system32\IMAGEHLP.dll handle: 76C50000 size: 144384 crc: 4D6F22DF date: 2008-04-14 17:02:28
 C:\WINDOWS\system32\midimap.dll handle: 77BA0000 size: 18944 crc: 4F148956 date: 2008-04-14 17:02:29
 C:\WINDOWS\system32\ole32.dll handle: 774A0000 size: 1287168 crc: C44C98F7 date: 2008-04-14 17:02:37
 C:\WINDOWS\system32\uxtheme.dll handle: 5B190000 size: 219136 crc: FD1F826F date: 2008-04-14 17:02:44
 C:\WINDOWS\system32\MSCTF.dll handle: 746A0000 size: 297984 crc: D0327D58 date: 2008-04-14 17:02:30
 C:\WINDOWS\system32\CLBCATQ.DLL handle: 76F90000 size: 498688 crc: 23CAAAF9 date: 2008-04-14 17:02:23
 C:\WINDOWS\system32\COMRes.dll handle: 77010000 size: 822784 crc: 01C741E4 date: 2008-04-14 17:02:23
 C:\WINDOWS\system32\OLEAUT32.dll handle: 770E0000 size: 551936 crc: 56F4315C date: 2008-04-14 17:02:37
 C:\WINDOWS\system32\VERSION.dll handle: 77BD0000 size: 18944 crc: FC19E92F date: 2008-04-14 17:02:44
 C:\WINDOWS\system32\DSOUND.dll handle: 73E80000 size: 367616 crc: 79EDF214 date: 2008-04-14 17:02:24
 C:\WINDOWS\system32\msctfime.ime handle: 75250000 size: 177152 crc: 3096545F date: 2008-04-14 17:01:10
 C:\WINDOWS\system32\mswsock.dll handle: 719D0000 size: 247296 crc: AB503995 date: 2008-06-20 17:49:21
 C:\WINDOWS\system32\hnetcfg.dll handle: 61200000 size: 347648 crc: DAE28AF3 date: 2008-04-14 17:02:27
 C:\WINDOWS\System32\wshtcpip.dll handle: 71A10000 size: 19456 crc: C10DDDD3 date: 2008-04-14 17:02:45
 C:\WINDOWS\system32\psapi.dll handle: 76BB0000 size: 23040 crc: 8CDC5A38 date: 2008-04-14 17:02:38

System information:
 Windows version 5.1 2600 Service Pack 3

---- gamelog start ----
Tick 0: new game started
     Revision text changed to 0.7.0-beta2, savegame version 114, maybe modified, _openttd_newgrf_version = 0x07003d2d
     New game mode: 1 landscape: 0
     Added NewGRF: GRF ID 4D4C0100, checksum 1E2A243600434194FB100E72E507D5EF, filename: newgrf\dutchcatenary.grf
     Added NewGRF: GRF ID 4C4D0201, checksum F4D9597764DCB3ED985A79978F233A8C, filename: newgrf\dutchsignals.grf
     Added NewGRF: GRF ID 58534453, checksum 2E100BCA91DB8371CD9D57DBEC3AB0C8, filename: newgrf\dutchstatw.grf
     Added NewGRF: GRF ID 4D4C0503, checksum 89F47F72BBEEEB3C0F773845D6648C60, filename: newgrf\dutchtrainsw.GRF
     Added NewGRF: GRF ID FBFB0102, checksum 17AAA28E54358B170ABA7D11AD5FB9D1, filename: newgrf\DutchTramSetW.grf
Tick 654: game loaded
     Revision text changed to 0.7.0-RC1, savegame version 115, maybe modified, _openttd_newgrf_version = 0x07003d7a
---- gamelog end ----
