*** OpenTTD Crash Report ***

Crash at: Fri Sep 09 16:35:36 2011
In game date: 2051-05-09 (27)

Crash reason:
 Exception: C0000005
 Location:  00413429
 Message:   <none>

OpenTTD version:
 Version:    r22908 (0)
 NewGRF ver: 1200597c
 Bits:       32
 Endian:     little
 Dedicated:  no
 Build date: Sep  8 2011 18:02:47

Registers:
 EAX: 00000000 EBX: 07505B88 ECX: 00000001 EDX: 49415257
 ESI: 0012FA18 EDI: 0012FA4C EBP: 0012FA60 ESP: 0012F8F4
 EIP: 00413429 EFLAGS: 00210246

 Bytes at instruction pointer:
 8A 10 40 84 D2 75 F9 2B C1 8B 4C 24 08 E8 B3 05 00 00 8B C6 5E C2 04 00

Stack trace:
 00000020 00522664 00000000 0785C728 01BD5A68 00000001 01B30178 07507D64
 0785CA28 00B68788 0785CA88 00000008 01B30178 01B30178 01B302B8 0785CA90
 01D57278 07541078 00000008 01B30178 7C90D28A 02B7440B 000005A4 0000048C
 00000000 00000000 07541080 00012017 0012F980 00000010 00000000 02B744A8
 0012FA7C 02B197C8 0012FA88 0012FA70 00000001 00000000 00000020 00000008
 00000001 00001A6A 0000006D 0000048C 00000000 00000000 00000000 07541080
 00001A5D 00000000 0012F974 71AB2E1F 0012FA28 02B97228 07541080 FFFFFFFF
 02B744A8 0785C728 000005A4 00000060 00000001 00000000 02AA9C50 02B197C8
 0785CA28 02B197C8 0000000D 01B30168 00000000 00000000 0785C720 07869D70
 0785C728 0785CA00 01B30168 00000000 00000000 00000000 0000000F 0785CA28
 00B8D614 01B30178 00000000 00000000 00000000 00000000 00000000 005225F8
 0012FFB0 00669997 00000000 0012FA84 00522808 0785C728 00000001 00C07860
 00522783 0785C728 01CCC390 0012FAA4 0012FAA4 00429275 00000004 076DB228
 00000001 00000001 00C07860 00000003 0012FADC 00557B2A 00000060 00C07860
 076DB228 0012FFB0 00557B7F 00492AB6 00C07860 00000000 004245D0 00492AB6
 00492AC6 904A66EA 00000000 00432342 00000000 0057311F 01CCA2A8 00000000
 0012FD14 0000000A 00575588 00492AC6 00492AE4 00000000 00000000 0005009C
 0000000F 00000000 00000000 00492AC6 0000020F 00000249 00431191 0012FD2C
 0012FE30 7FFD9000 00000009 01B3CE70 00650070 01B3CFB0 01640074 00000000
 00000000 01B3CFD8 00000000 01CCA468 0012FD56 00000000 0012FE3C 00B59388
 00000000 00000000 00000000 00000000 00000000 00000000 0012FC00 0012FC16
 00000000 017618A0 00000001 00000008 00000008 00000002 0012FD2C 0000FDE8
 0002086C 00000000 000208E6 0012FBE8 7C821692 00000040 FFFFFFFF 0000003E
 00000104 0000FDE9 00000000 00000000 0000003D 0012FC14 7C8215EB 0000FDE9

Operating system:
 Name:     Windows
 Release:  5.1.2600 (Service Pack 3)
 Compiler: MSVC 1600

Configuration:
 Blitter:      8bpp-optimized
 Graphics set: OpenGFX (724)
 Language:     C:\Program Files\OpenTTD\lang\english.lng
 Music driver: dmusic
 Music set:    OpenMSX (96)
 Network:      no
 Sound driver: win32
 Sound set:    OpenSFX (87)
 Video driver: win32

AI Configuration (local: 0):
  0: Human

Libraries:
 FreeType:   2.4.5
 ICU:        4.4.2
 LZMA:       5.0.3
 LZO:        2.05
 PNG:        1.5.4
 Zlib:       1.2.5

Module information:
 C:\Program Files\OpenTTD\openttd.exe handle: 00400000 size: 8245248 crc: 54E8F8E1 date: 2011-09-08 18:05:48
 C:\WINDOWS\system32\ntdll.dll handle: 7C900000 size: 718336 crc: EA097CED date: 2010-12-09 15:15:09
 C:\WINDOWS\system32\kernel32.dll handle: 7C800000 size: 989696 crc: 8A0508E5 date: 2009-03-21 14:06:58
 C:\WINDOWS\system32\WINMM.dll handle: 76B40000 size: 176128 crc: 9676D976 date: 2008-04-14 00:12:09
 C:\WINDOWS\system32\ADVAPI32.dll handle: 77DD0000 size: 617472 crc: C9027432 date: 2009-02-09 12:10:48
 C:\WINDOWS\system32\RPCRT4.dll handle: 77E70000 size: 590848 crc: E9ECB923 date: 2010-08-16 08:45:00
 C:\WINDOWS\system32\Secur32.dll handle: 77FE0000 size: 56832 crc: 3D0002B7 date: 2009-06-25 08:25:26
 C:\WINDOWS\system32\GDI32.dll handle: 77F10000 size: 286720 crc: B5F6B116 date: 2008-10-23 12:36:14
 C:\WINDOWS\system32\USER32.dll handle: 7E410000 size: 578560 crc: F7C72264 date: 2008-04-14 00:12:08
 C:\WINDOWS\system32\WS2_32.dll handle: 71AB0000 size: 82432 crc: 7C519ECA date: 2008-04-14 00:12:10
 C:\WINDOWS\system32\msvcrt.dll handle: 77C10000 size: 343040 crc: 0B7B1677 date: 2008-04-14 00:12:01
 C:\WINDOWS\system32\WS2HELP.dll handle: 71AA0000 size: 19968 crc: 3F24E096 date: 2008-04-14 00:12:10
 C:\WINDOWS\system32\SHELL32.dll handle: 7C9C0000 size: 8462336 crc: A88619FE date: 2011-01-21 14:44:37
 C:\WINDOWS\system32\SHLWAPI.dll handle: 77F60000 size: 474112 crc: BDFA6F45 date: 2009-12-08 09:23:28
 C:\WINDOWS\system32\IMM32.DLL handle: 76390000 size: 110080 crc: C1486DA0 date: 2008-04-14 00:11:54
 C:\Program Files\Prio\prio.dll handle: 10000000 size: 10960 crc: 751FC9A7 date: 2010-07-28 15:36:30
 C:\WINDOWS\WinSxS\x86_Microsoft.Windows.Common-Controls_6595b64144ccf1df_6.0.2600.6028_x-ww_61e65202\comctl32.dll handle: 773D0000 size: 1054208 crc: 350BBD1B date: 2010-08-23 16:12:02
 C:\WINDOWS\system32\comctl32.dll handle: 5D090000 size: 617472 crc: B00C920E date: 2010-08-23 16:12:04
 C:\Program Files\PC Tools Security\pctgmhk.dll handle: 011F0000 size: 150576 crc: BBBCD2C2 date: 2010-12-15 09:06:52
 C:\WINDOWS\system32\oleaut32.dll handle: 77120000 size: 551936 crc: B6E16806 date: 2010-12-20 17:32:15
 C:\WINDOWS\system32\ole32.dll handle: 774E0000 size: 1288192 crc: 2C4B341E date: 2010-07-16 12:05:55
 C:\Program Files\PC Tools Security\TFEngine\TfWah.dll handle: 013E0000 size: 406800 crc: A5CE78B3 date: 2011-01-20 12:27:12
 C:\WINDOWS\system32\SHFolder.dll handle: 76780000 size: 25088 crc: 8009EA65 date: 2008-04-14 00:12:05
 C:\WINDOWS\system32\WINTRUST.dll handle: 76C30000 size: 178176 crc: 65DA2472 date: 2009-12-24 06:42:44
 C:\WINDOWS\system32\CRYPT32.dll handle: 77A80000 size: 599552 crc: A0E66E03 date: 2011-09-03 10:16:46
 C:\WINDOWS\system32\MSASN1.dll handle: 77B20000 size: 58880 crc: 63D6A79F date: 2009-09-04 21:03:36
 C:\WINDOWS\system32\IMAGEHLP.dll handle: 76C90000 size: 144384 crc: F7A06429 date: 2008-04-14 00:11:54
 C:\WINDOWS\system32\wdmaud.drv handle: 72D20000 size: 23552 crc: EEB914CA date: 2008-04-14 00:12:46
 C:\WINDOWS\system32\msacm32.drv handle: 72D10000 size: 20480 crc: D5406BAE date: 2002-08-29 12:00:00
 C:\WINDOWS\system32\MSACM32.dll handle: 77BE0000 size: 71680 crc: EDE4B266 date: 2008-04-14 00:11:58
 C:\WINDOWS\system32\midimap.dll handle: 77BD0000 size: 18944 crc: 2E6D5FD1 date: 2008-04-14 00:11:57
 C:\WINDOWS\system32\uxtheme.dll handle: 5AD70000 size: 218624 crc: A4A915A5 date: 2008-04-14 00:12:08
 C:\WINDOWS\system32\MSCTF.dll handle: 74720000 size: 297984 crc: 392BE0B0 date: 2008-04-14 00:11:58
 C:\WINDOWS\system32\msctfime.ime handle: 755C0000 size: 177152 crc: 8C1D2F99 date: 2009-02-27 04:56:38
 C:\WINDOWS\system32\CLBCATQ.DLL handle: 76FD0000 size: 498688 crc: F43789FF date: 2008-04-14 00:11:50
 C:\WINDOWS\system32\COMRes.dll handle: 77050000 size: 792064 crc: 868482D5 date: 2008-04-14 00:11:51
 C:\WINDOWS\system32\VERSION.dll handle: 77C00000 size: 18944 crc: 558B1DAF date: 2008-04-14 00:12:08
 C:\WINDOWS\system32\dmime.dll handle: 5C570000 size: 181248 crc: A021AC64 date: 2008-04-14 00:11:52
 C:\WINDOWS\system32\DSOUND.dll handle: 73F10000 size: 367616 crc: 33C2A52C date: 2008-04-14 00:11:52
 C:\WINDOWS\system32\dmusic.dll handle: 6C980000 size: 104448 crc: E9A2B682 date: 2008-04-14 00:11:52
 C:\WINDOWS\system32\KsUser.dll handle: 73EE0000 size: 4096 crc: BD8E6BD9 date: 2008-04-14 00:11:56
 C:\WINDOWS\system32\dmsynth.dll handle: 6C9A0000 size: 103424 crc: 3E2BFB05 date: 2008-04-14 00:11:52
 C:\WINDOWS\system32\dmloader.dll handle: 6CA10000 size: 35840 crc: 9271DC2B date: 2008-04-14 00:11:52
 C:\Program Files\Common Files\PC Tools\Lsp\PCTLsp.dll handle: 02A60000 size: 329688 crc: A2941C33 date: 2011-03-31 10:31:52
 C:\WINDOWS\system32\mswsock.dll handle: 02B70000 size: 245248 crc: 8244D3EE date: 2008-06-20 16:02:47
 C:\WINDOWS\system32\hnetcfg.dll handle: 662B0000 size: 344064 crc: 96358152 date: 2008-04-14 00:11:54
 C:\WINDOWS\System32\wshtcpip.dll handle: 02B30000 size: 19456 crc: F5533E87 date: 2008-04-14 00:12:10
 C:\WINDOWS\system32\DNSAPI.dll handle: 76F20000 size: 149504 crc: 16E5233D date: 2011-03-03 06:55:19
 C:\WINDOWS\system32\iphlpapi.dll handle: 76D60000 size: 94720 crc: E4D0E9E4 date: 2008-04-14 00:11:55
 C:\WINDOWS\system32\rasadhlp.dll handle: 76FC0000 size: 7680 crc: 3AB3D6CF date: 2008-04-14 00:12:03
 C:\WINDOWS\system32\psapi.dll handle: 76BF0000 size: 23040 crc: 75BBDCAD date: 2008-04-14 00:12:03

---- gamelog start ----
Tick 62675: game loaded
     Conversion from OTTD savegame without gamelog: version 4, 1
     Revision text changed to r22908, savegame version 163, not modified, _openttd_newgrf_version = 0x1200597c
     New game mode: 0 landscape: 1
     Added NewGRF: GRF ID 50430301, checksum 019EC35F3327E5069E68A8AD990C1AAE, filename: GUI\brit_names.grf (md5sum matches)
     Added NewGRF: GRF ID 4F472B34, checksum 7B4316AC03731A30C78C587AC028DBE6, filename: Climate\ogfx-landscape.grf (md5sum matches)
     Added NewGRF: GRF ID 6D620900, checksum 923A716E2E8F22D61659B94C003C7CD5, filename: Climate\riversw.grf (md5sum matches)
     Added NewGRF: GRF ID F1250005, checksum B347278C7DB3B672972811552001E028, filename: firs_industry_replacement_set-0.6.4\firs.grf (md5sum matches)
     Added NewGRF: GRF ID 444A5401, checksum 70955580042DE6758938EA904A2223CA, filename: nutracks-1.1.2\nutracks.grf (md5sum matches)
     Added NewGRF: GRF ID 46727800, checksum 3B58B9177D1A1B54D356F64B93526116, filename: smits-1.0\smits.grf (md5sum matches)
     Added NewGRF: GRF ID 52571201, checksum C1C7D8C53EB7E74EEE2F0EF29638B466, filename: RoadVeh\egrvts.grf (md5sum matches)
     Added NewGRF: GRF ID 52570103, checksum EDB2D26F9D81423734CA12412F309CF3, filename: RoadVeh\generictrams_v0.4.grf (md5sum matches)
     Added NewGRF: GRF ID 44440401, checksum C860AE279528E08E10360CB4BE507EBE, filename: RoadVeh\pb_hovs.grf (md5sum matches)
     Added NewGRF: GRF ID 4E474C56, checksum B780A10427B64320EE8529AD9711868E, filename: light_road_vehicle_set-0.2beta2\lrvs-0.2.grf (md5sum matches)
     Added NewGRF: GRF ID 52571208, checksum DC83DAB2933FACCB91678D4F75ABCCC6, filename: generic_cars-0.4\cars.grf (md5sum matches)
     Added NewGRF: GRF ID 4D420000, checksum 0D730B1D72F292ED8621E90B84C657A7, filename: bobs_random_vehicles_-0.8.2\brbvv0.8.2w.grf (md5sum matches)
     Added NewGRF: GRF ID 4D42000A, checksum 8B479FA8CE4164AA01EBBFD28E6E4D7C, filename: bats_v0.1-0.3\batsv0.3w.grf (md5sum matches)
     Added NewGRF: GRF ID 41501202, checksum 4E6AD35D7C1A371AD7979EE9B2626B52, filename: heqs_heavy_equipment_set-1.2.0\heqs.grf (md5sum matches)
     Added NewGRF: GRF ID 4F472B32, checksum EA1216C628A6C8AA4279788067306931, filename: opengfx_road_vehicles-0.2.0\ogfx-rv.grf (md5sum matches)
     Added NewGRF: GRF ID 4D656F6E, checksum 6A1FD7EADF9CBB9A0704FAA644B77AE6, filename: Climate\treesw.grf (md5sum matches)
     Added NewGRF: GRF ID 4D4C0100, checksum 1E2A243600434194FB100E72E507D5EF, filename: Infastructure\dutchcatw.grf (md5sum matches)
     Added NewGRF: GRF ID 43415463, checksum 637BAB6FD6B33DFBF26D82F2BC50E8B0, filename: Stations\canstnw.grf (md5sum matches)
     Added NewGRF: GRF ID 74677462, checksum A2396FFDCC0F1BA37A2A89EF525CDF21, filename: total_bridge_renewal_set.1.12\total_bridges.grf (md5sum matches)
     Added NewGRF: GRF ID 554B524C, checksum 934F973D33A42EB858B80031F904F057, filename: Infastructure\UKRoadswSigns.grf (md5sum matches)
     Added NewGRF: GRF ID 56430001, checksum 3D04866AA668C450C6838727BAC3791F, filename: total_town_replacement_set-3.11\ttrs3w.grf (md5sum matches)
     Added NewGRF: GRF ID 44442411, checksum BE3D8201BDE0ABB92F8D9696D93524CC, filename: tai_uk_houses-0.3\tai_uk.grf (md5sum matches)
     Added NewGRF: GRF ID 72777473, checksum 431E58F4ACA83A2B4E25EEC5FD2E1EEF, filename: uk_town_set-2.1\ukts_2.1.grf (md5sum matches)
     Added NewGRF: GRF ID 4F424404, checksum BF0A7E2BE290BC5D87094953282CF8E7, filename: Infastructure\UKoneway.grf (md5sum matches)
     Added NewGRF: GRF ID 414E0101, checksum 5D665C64693A438E3046C22666F46E08, filename: fish_ship_set-0.9.2\fish.grf (md5sum matches)
     Added NewGRF: GRF ID 6D620004, checksum 70649F1AFC954942173B0AA89C1E8B14, filename: Ships\newshipsw.grf (md5sum matches)
     Added NewGRF: GRF ID 4A4D0101, checksum 45B5C29ED97AACB48E026145905010D0, filename: sailing_ships-0.4\sailing_ships.grf (md5sum matches)
     Added NewGRF: GRF ID 6D620601, checksum 44EB2F155862E4D4F0AB671D7021AF54, filename: Stations\newstatsw.grf (md5sum matches)
     Added NewGRF: GRF ID 504E0001, checksum E7781323D2B0086E2E76342DAA036054, filename: Stations\ukwaypointsw.grf (md5sum matches)
     Added NewGRF: GRF ID 504E0002, checksum 6E6944E09CE6C3AC130DF72C542EE4B1, filename: Stations\buffers.grf (md5sum matches)
     Added NewGRF: GRF ID 52455200, checksum 0E5A9C5ACD2BCAF7FA0658C3F905A660, filename: Stations\ae_ruraw.GRF (md5sum matches)
     Added NewGRF: GRF ID 52455300, checksum 37C0B839B13C4B18051580C81EEDF427, filename: Stations\ae_subuw.GRF (md5sum matches)
     Added NewGRF: GRF ID 45520100, checksum 790525F9E9045CE49AD2776459C07436, filename: Stations\pgs2w.GRF (md5sum matches)
     Added NewGRF: GRF ID 52455400, checksum 1600687C50C5AB1E72EDD487CAD50E2A, filename: Stations\ae_cityw.GRF (md5sum matches)
     Added NewGRF: GRF ID 4A430002, checksum 0728ADCB4DF2F1EB9247ABD449296F4E, filename: Stations\indstatrw.grf (md5sum matches)
     Added NewGRF: GRF ID 44573452, checksum 48CF5FC0DEB895136F337A7E563FC66D, filename: dwestationtiles_industrial_ter-v0.7\dwe_stat_r.grf (md5sum matches)
     Added NewGRF: GRF ID 43485053, checksum 8E9EE7C03759548CF6F1D87BB07907B7, filename: chips_station_set-0.5\chips.grf (md5sum matches)
     Added NewGRF: GRF ID 444E0400, checksum 735D3D74D5DCADBF1FD6EF7A9C5A3519, filename: vast_station_tiles-0.2.0\vast.grf (md5sum matches)
     Added NewGRF: GRF ID 444E0C00, checksum B5D2AB5FC93A09E1FAB5F0DB82307ECF, filename: vast_fences-0.2.0\vastfences.grf (md5sum matches)
     Added NewGRF: GRF ID 444E0800, checksum B0DB930C8D8987D6FB4CAC6CA15589D1, filename: Infastructure\VASTobjects.grf (md5sum matches)
     Added NewGRF: GRF ID 6D620C00, checksum C5987ACC9C19F4720085C6456EE915D8, filename: Infastructure\maricow.grf (md5sum matches)
     Added NewGRF: GRF ID 44573553, checksum EF7529EBEAF35758EE07E628B25F608D, filename: dwenewobjects-v0.1\dwe_newobj.grf (md5sum matches)
     Added NewGRF: GRF ID 44441000, checksum C7AD422C7AE380DA3A4D6B82D57BD812, filename: ukrs2__the_uk_railway_set-0.81\proj1000.grf (md5sum matches)
     Added NewGRF: GRF ID 44441001, checksum 47C32136806D45FB7CDD6D82E67D9E77, filename: ukrs2_uk_railway_addon_set-1.1\pj1kadd.grf (md5sum matches)
     Added NewGRF: GRF ID 43415000, checksum 680CD2B8DB9EC85C1F01B259B5E88A2C, filename: climate_dependant_airports-0.2.1\airportsplus.grf (md5sum matches)
     Added NewGRF: GRF ID 44440A01, checksum 0BF8636EFEEF4F0617CAE47D77FF4C43, filename: av8_aviators_aircraft_set-1.81\pb_av8w.grf (md5sum matches)
     Added NewGRF: GRF ID 44440A11, checksum D701E3219A08351B1705A7860644A9A2, filename: general_av8ion-1.0\genav8.grf (md5sum matches)
     Added NewGRF: GRF ID 44440A02, checksum A559EFE4DE95E1C43C444E1DD2C07EB2, filename: apache_helicopter-1.2\apache_w.grf (md5sum matches)
     Added NewGRF: GRF ID 19060801, checksum 6CFC6328D999C140851BFE6514BA277A, filename: Infastructure\bigdepot.grf (md5sum matches)
     Added NewGRF: GRF ID 534C5444, checksum DC5123AF6235DFB62EA2326C2B594EDF, filename: Infastructure\tramdpw.GRF (md5sum matches)
     Added NewGRF: GRF ID 504A4348, checksum 992CA1748EB3A25F349B529DD5BB0481, filename: Infastructure\highhqw.grf (md5sum matches)
---- gamelog end ----

*** End of OpenTTD Crash Report ***

Decoded stack trace:
[00] ???                  0x00413429
[01] ???                  0x00522808
[02] ???                  0x00429275
[03] ???                  0x00557B2A
[04] ???                  0x00432342

*** End of additional info ***
