*** OpenTTD Crash Report ***
Date: 2008-01-17 09:50:25
Build: 0.6.0-beta3 built on Jan 15 2008 22:01:30
Exception C0000005 at 00441D44
Registers:
 EAX: 00000000 EBX: 006609AC ECX: 00000020 EDX: 00000400
 ESI: 006609AC EDI: 01F00620 EBP: 0012FA70 ESP: 0012FA64
 EIP: 00441D44 EFLAGS: 00010212

Bytes at CS:EIP:
 8B 00 56 89 45 FC 89 7D F8 83 7D F8 00 8B 77 04 74 05 39 7D F8 74 05 E8

Stack trace: 
 000002A4 006608E0 006609AC 0012FACC 00442175 00000000 006609AC 006609AC
 00000000 0000FFFF 00000000 00000000 0001FFFF 000000FF 00000000 00000000
 0001FFFF 000000FF 00000000 00000000 0001FFFF 0066094C 006608E0 00000000
 0000030A 00443C57 0012FAF0 00443C36 0044FA01 006603B4 006609AC 0012FB00
 006609AC 00000021 00000000 0012FB58 00443CF7 00000001 006603B4 006609AC
 00441EFB 006603B4 006609AC 006603A0 006604E4 004527FE 00000001 006603BC
 006604E4 006603A0 0FFA2E2E 0FFA2E1E 005B733B 00413F9C 0012FB17 00000016
 00000003 006603B8 006605B0 0012FB58 006603A0 0012FB7C 00443C36 00000008
 00000000 0028CB38 00000054 00BC8AF8 20805430 48247044 0012FBC8 00444903
 00000008 0FFA2E1E 0FFA2E2E 00000000 00445420 0FFA2E1E 0FFA2E2E 00000000
 0000005E 0012FBF4 0043E2F1 00000164 000014A2 0000020F 0000000F 000014B9
 00000000 00000000 004457AD 00000000 00000000 0FFA2E1E 0FFA2E2E 0012FBF4
 00000000 00424FEF 00000000 0012FBDC 7E39F3B3 004CFDEA 00663CB0 005DD05C
 0012FD10 00000000 0FFA2E2E 0FFA2E4C 00000000 00000000 00000000 000B09B2
 0000000F 00000000 00000000 0FFA2E2E 00000290 00000147 004244B8 0012FD24
 00000001 00000001 0001FC80 00000000 00000008 FFFFFFFF 00000000 00000000
 00000000 FFFFFFFF 0012FE2C 00580578 00000000 7C90EE18 FFFFFFFF 00000000
 00000000 00000000 00000000 00020700 0012FCBC 7C821692 00000029 FFFFFFFF
 00000027 00000104 0000FDE9 0012FD00 00000001 00000026 0012FCE8 7C8215EB
 0000FDE9 00000000 00020740 FFFFFF00 0012FD24 00000104 00000000 00000000
 00000A28 0012FF28 00443763 0000FD00 00000000 00020740 FFFFFFFF 0012FD24
 00000104 0000E432 0012FF28 0012FF28 00443328 0012FE28 00000A28 00000002
 5C3A5822 41454843 4D5C5354 5C315350 6E65704F 5C445454 6E65706F 2E647474
 00657865 00500020 00BC68B0 0012FEDC 0000000A 0012FEDC 0000000A 0012FD78

Module information:
 X:\CHEATS\MPS1\OpenTTD\openttd.exe handle: 00400000 size: 1782272 crc: 6969C673 date: 2008-01-15 21:06:22
 C:\WINDOWS\system32\ntdll.dll handle: 7C900000 size: 729088 crc: 73BCCE58 date: 2004-08-04 08:00:00
 C:\WINDOWS\system32\kernel32.dll handle: 7C800000 size: 1025536 crc: DB4E9D4A date: 2007-04-16 15:54:46
 C:\WINDOWS\system32\WINMM.dll handle: 76AF0000 size: 179200 crc: 896F3A13 date: 2004-08-04 08:00:00
 C:\WINDOWS\system32\USER32.dll handle: 7E390000 size: 579072 crc: C92A5D98 date: 2007-03-08 15:39:10
 C:\WINDOWS\system32\GDI32.dll handle: 77E40000 size: 282112 crc: 554E7E6A date: 2007-06-19 13:33:12
 C:\WINDOWS\system32\ADVAPI32.dll handle: 77F40000 size: 684032 crc: 6FFC334B date: 2004-08-04 08:00:00
 C:\WINDOWS\system32\RPCRT4.dll handle: 77DA0000 size: 584192 crc: FBBEF084 date: 2007-07-09 13:11:51
 C:\WINDOWS\system32\Secur32.dll handle: 77F10000 size: 55808 crc: 60D74CB6 date: 2004-08-04 08:00:00
 C:\WINDOWS\system32\WS2_32.dll handle: 71A30000 size: 82944 crc: 0A6FCFC3 date: 2004-08-04 08:00:00
 C:\WINDOWS\system32\msvcrt.dll handle: 77BE0000 size: 343040 crc: 1AD9C79D date: 2004-08-04 08:00:00
 C:\WINDOWS\system32\WS2HELP.dll handle: 71A20000 size: 19968 crc: D4D418D9 date: 2004-08-04 08:00:00
 C:\WINDOWS\system32\IMM32.DLL handle: 76330000 size: 110080 crc: AE05BAB7 date: 2004-08-04 08:00:00
 C:\WINDOWS\system32\SHFolder.dll handle: 76730000 size: 25088 crc: B62C7FF5 date: 2004-08-04 08:00:00
 C:\WINDOWS\system32\SHLWAPI.dll handle: 77E90000 size: 474624 crc: 52CA7FF2 date: 2007-10-11 06:14:45
 C:\WINDOWS\WinSxS\x86_Microsoft.Windows.Common-Controls_6595b64144ccf1df_6.0.2600.2982_x-ww_ac3f9c03\comctl32.dll handle: 77390000 size: 1054208 crc: 58AFBAD6 date: 2006-08-25 15:51:53
 C:\WINDOWS\system32\comctl32.dll handle: 5D4E0000 size: 617472 crc: C829808A date: 2006-08-25 15:51:55
 C:\WINDOWS\system32\WINTRUST.dll handle: 76BF0000 size: 176640 crc: 2754863E date: 2004-08-04 08:00:00
 C:\WINDOWS\system32\CRYPT32.dll handle: 77A40000 size: 601088 crc: DE462859 date: 2004-08-04 08:00:00
 C:\WINDOWS\system32\MSASN1.dll handle: 77AE0000 size: 57344 crc: 293833DF date: 2004-08-04 08:00:00
 C:\WINDOWS\system32\IMAGEHLP.dll handle: 76C50000 size: 144384 crc: 20508C6A date: 2004-08-04 08:00:00
 C:\WINDOWS\system32\wdmaud.drv handle: 72C90000 size: 23552 crc: 67E95140 date: 2004-08-04 08:00:00
 C:\WINDOWS\system32\msacm32.drv handle: 72C80000 size: 20992 crc: 59696C97 date: 2004-08-04 08:00:00
 C:\WINDOWS\system32\MSACM32.dll handle: 77BB0000 size: 71680 crc: 79213356 date: 2004-08-04 08:00:00
 C:\WINDOWS\system32\midimap.dll handle: 77BA0000 size: 18944 crc: A3BF4A4D date: 2004-08-04 08:00:00
 C:\WINDOWS\system32\ole32.dll handle: 774A0000 size: 1284608 crc: 9FB0F496 date: 2005-07-26 04:42:48
 C:\Program Files\RocketDock\RocketDock.dll handle: 10000000 size: 69632 crc: B42DC454 date: 2007-09-02 12:57:36
 C:\WINDOWS\system32\PSAPI.DLL handle: 76BB0000 size: 23040 crc: 5D97BE9D date: 2004-08-04 08:00:00
 C:\WINDOWS\system32\MSCTF.dll handle: 746A0000 size: 294400 crc: 7D31BD5D date: 2004-08-04 08:00:00
 C:\WINDOWS\system32\CLBCATQ.DLL handle: 76F90000 size: 498688 crc: 5C84657C date: 2005-07-26 04:42:47
 C:\WINDOWS\system32\COMRes.dll handle: 77010000 size: 822784 crc: 71E86132 date: 2004-08-04 08:00:00
 C:\WINDOWS\system32\OLEAUT32.dll handle: 770E0000 size: 549376 crc: FD809284 date: 2007-05-17 11:30:23
 C:\WINDOWS\system32\VERSION.dll handle: 77BD0000 size: 18944 crc: A97F4077 date: 2004-08-04 08:00:00
 C:\WINDOWS\system32\dmime.dll handle: 59A40000 size: 181248 crc: 69450D73 date: 2004-08-04 08:00:00
 C:\WINDOWS\system32\DSOUND.dll handle: 73E80000 size: 367616 crc: 32C54157 date: 2004-08-04 08:00:00
 C:\WINDOWS\system32\dmusic.dll handle: 6CE90000 size: 104448 crc: FFEF0514 date: 2004-08-04 08:00:00
 C:\WINDOWS\system32\KsUser.dll handle: 73E50000 size: 4096 crc: C91E634B date: 2004-08-03 23:03:14
 C:\WINDOWS\system32\dmsynth.dll handle: 6CEB0000 size: 103424 crc: BCEB8D5F date: 2004-08-04 08:00:00
 C:\WINDOWS\system32\dmloader.dll handle: 6CF20000 size: 35840 crc: BFABDAA4 date: 2004-08-04 08:00:00
 C:\WINDOWS\system32\msctfime.ime handle: 75250000 size: 177152 crc: 9E58180E date: 2004-08-04 08:00:00
 C:\WINDOWS\system32\mswsock.dll handle: 719D0000 size: 247296 crc: 48033205 date: 2004-08-04 08:00:00
 C:\WINDOWS\system32\hnetcfg.dll handle: 61200000 size: 347648 crc: AF7184A8 date: 2004-08-04 08:00:00
 C:\WINDOWS\System32\wshtcpip.dll handle: 71A10000 size: 19968 crc: 362F5486 date: 2004-08-04 08:00:00
 C:\Program Files\WIDCOMM\Bluetooth Software\btkeyind.dll handle: 01360000 size: 53248 crc: E4A08D2C date: 2006-01-18 12:26:20

System information:
 Windows version 5.1 2600 S
