*** OpenTTD Crash Report ***

Crash at: Tue Aug 30 18:45:17 2011
In game date: 2051-05-09 (27)

Crash reason:
 Exception: C0000005
 Location:  00521626
 Message:   <none>

OpenTTD version:
 Version:    r22856 (0)
 NewGRF ver: 12005948
 Bits:       32
 Endian:     little
 Dedicated:  no
 Build date: Aug 30 2011 18:02:14

Registers:
 EAX: 00000000 EBX: 49000000 ECX: 00000000 EDX: 0018F9DF
 ESI: 00000020 EDI: 0018FA18 EBP: 0018FA28 ESP: 0018F8C0
 EIP: 00521626 EFLAGS: 00210246

 Bytes at instruction pointer:
 C6 00 00 83 C4 10 8D 85 B4 FE FF FF 50 8D 45 BC E8 49 1B EF FF 8D 45 BC

Stack trace:
 0018F8DC 0000005C 0018F8DC 0000005C 068BF638 025CC9B0 00000001 67697277
 69617468 6D00332E 2E6E6961 0074756E 00000000 02872F60 068C0E70 0018F998
 770A6E57 068BCEB8 00000000 00000700 7709E36C 77030F13 00C06860 02870484
 02870000 05500007 00000001 7709E36C 77030F3F 00C06860 028701EC 02870000
 03900008 00000062 770A389E 00000038 000007FF 02570358 03830009 00000062
 02FC33C0 00000000 067398A0 02570048 02570358 068BF638 00000060 00000000
 00000000 06728198 02570048 02570188 03039F20 02570850 7709E36C 0018F930
 00C06860 0018FF78 770E1ECD 001224C3 FFFFFFFE 7709E36C 7709E0D2 00C06860
 068CA808 00000060 0000006D 00000000 0000034C 00DAEB20 00000000 00000000
 0018F9C4 00000000 0018F99C 02872F60 0018FA74 73742F27 26813BEC 00000002
 00B8C53C 00000300 00000000 00000000 00000000 00000000 0052159B 0018FF78
 006684B1 00000000 0018FA4C 005217FA 068BF638 00000001 00C06860 00521775
 068BF638 02CE78A8 0018FA6C 0018FA6C 00428FA2 00000004 068CA808 00000001
 00000003 00C06860 00000003 0018FAA4 00556AE7 00000060 00C06860 068CA808
 0018FF78 00556B3C 000CFBBC 00C06860 00000000 004242AA 000CFBBC 000CFBCB
 73022E09 00000000 00431F64 00000000 00571CFB 02DB72B0 00000000 0018FCDC
 0000000A 005740E1 000CFBCB 000CFBE9 00000000 00000000 00030300 0000000F
 00000000 00000000 000CFBBC 0000022C 00000248 00430DB3 0018FCF4 0018FDF8
 7EFDE000 005C0032 0287A4A8 00720065 0287EED8 0165004C 0000000A 00000000
 00000000 00000000 02DB7280 00000000 00000000 0018FDFC 00B58240 00000000
 00000000 00000000 00000000 00000000 00740061 006F0069 0073006E 004C005C
 00730061 00200074 0069004E 00680067 006C0074 005C0079 0070006F 006E0065
 00740074 002E0064 00780065 00000065 02870000 0287B8E0 0018FC74 770A3C74
 770A3CA3 77030AFF 00078000 00000000 02870000 02872F60 02870000 0287A2A8

Operating system:
 Name:     Windows
 Release:  6.1.7601 (Service Pack 1)
 Compiler: MSVC 1600

Configuration:
 Blitter:      8bpp-optimized
 Graphics set: OpenGFX (724)
 Language:     C:\Users\Leif\Documents\OpenTTD\Installations\Last Nightly\lang\english.lng
 Music driver: dmusic
 Music set:    Scott Joplin Anthology (2)
 Network:      no
 Sound driver: win32
 Sound set:    OpenSFX (87)
 Video driver: win32

AI Configuration (local: 0):
  0: Human

Libraries:
 FreeType:   2.4.5
 ICU:        4.4.2
 LZMA:       5.0.3
 LZO:        2.05
 PNG:        1.5.4
 Zlib:       1.2.5

Module information:
 C:\Users\Leif\Documents\OpenTTD\Installations\Last Nightly\openttd.exe handle: 00400000 size: 8239104 crc: 371E456D date: 2011-08-30 18:05:07
 C:\Windows\SysWOW64\ntdll.dll handle: 77070000 size: 1292096 crc: 6E5DAD5F date: 2010-11-21 03:24:01
 C:\Windows\syswow64\kernel32.dll handle: 74DA0000 size: 1114112 crc: 2FE5E9D5 date: 2011-07-16 04:24:22
 C:\Windows\syswow64\KERNELBASE.dll handle: 74D20000 size: 272384 crc: 145EBDEB date: 2011-07-16 04:24:22
 C:\Windows\system32\WINMM.dll handle: 73BF0000 size: 194048 crc: 849223C7 date: 2010-11-21 03:24:16
 C:\Windows\syswow64\msvcrt.dll handle: 75420000 size: 690688 crc: 554C94A4 date: 2009-07-14 01:15:50
 C:\Windows\syswow64\USER32.dll handle: 75290000 size: 833024 crc: 9EFE504D date: 2010-11-21 03:24:20
 C:\Windows\syswow64\GDI32.dll handle: 76720000 size: 311296 crc: 5F06BCCF date: 2010-11-21 03:24:14
 C:\Windows\syswow64\LPK.dll handle: 74C40000 size: 25600 crc: 3C6CC57C date: 2009-07-14 01:11:23
 C:\Windows\syswow64\USP10.dll handle: 748B0000 size: 626176 crc: A5ECB486 date: 2010-11-21 03:24:16
 C:\Windows\syswow64\ADVAPI32.dll handle: 74B40000 size: 640512 crc: 34D5363F date: 2010-11-21 03:24:28
 C:\Windows\SysWOW64\sechost.dll handle: 74D80000 size: 92160 crc: B624B29A date: 2009-07-14 01:16:13
 C:\Windows\syswow64\RPCRT4.dll handle: 758C0000 size: 663040 crc: D136A44D date: 2010-11-21 03:24:11
 C:\Windows\syswow64\SspiCli.dll handle: 74760000 size: 96768 crc: 02C9982C date: 2010-11-21 03:24:16
 C:\Windows\syswow64\CRYPTBASE.dll handle: 74750000 size: 36864 crc: 00308E17 date: 2009-07-14 01:15:07
 C:\Windows\syswow64\WS2_32.dll handle: 74870000 size: 206848 crc: FD00A753 date: 2010-11-21 03:23:55
 C:\Windows\syswow64\NSI.dll handle: 75280000 size: 8704 crc: 2ACE9671 date: 2009-07-14 01:16:11
 C:\Windows\syswow64\SHELL32.dll handle: 759B0000 size: 12872192 crc: 23AAF5A3 date: 2010-11-21 03:24:02
 C:\Windows\syswow64\SHLWAPI.dll handle: 74BE0000 size: 350208 crc: 23E05F73 date: 2010-11-21 03:23:48
 C:\Windows\system32\IMM32.DLL handle: 757D0000 size: 119808 crc: 38DB5163 date: 2010-11-21 03:24:25
 C:\Windows\syswow64\MSCTF.dll handle: 74C50000 size: 828928 crc: DFE09EEB date: 2009-07-14 01:15:43
 C:\Windows\system32\SHFolder.dll handle: 73F10000 size: 7168 crc: 683AAC32 date: 2009-07-14 01:16:14
 C:\Windows\syswow64\ole32.dll handle: 75670000 size: 1414144 crc: 74A1E844 date: 2010-11-21 03:24:01
 C:\Windows\system32\MMDevAPI.DLL handle: 739A0000 size: 213504 crc: 93C0AA4F date: 2010-11-21 03:23:51
 C:\Windows\system32\PROPSYS.dll handle: 738A0000 size: 988160 crc: 888D0BCB date: 2010-11-21 03:24:08
 C:\Windows\syswow64\OLEAUT32.dll handle: 75830000 size: 571904 crc: E9FA5FF8 date: 2011-02-25 05:34:36
 C:\Windows\system32\wdmaud.drv handle: 73870000 size: 172032 crc: D5B9F5FA date: 2010-11-21 03:24:00
 C:\Windows\system32\ksuser.dll handle: 73860000 size: 4608 crc: EBE07232 date: 2009-07-14 01:15:35
 C:\Windows\system32\AVRT.dll handle: 73850000 size: 14336 crc: 9818237B date: 2009-07-14 01:14:58
 C:\Windows\syswow64\SETUPAPI.dll handle: 750D0000 size: 1667584 crc: 1D0104E8 date: 2010-11-21 03:23:51
 C:\Windows\syswow64\CFGMGR32.dll handle: 754D0000 size: 145920 crc: 377B5190 date: 2011-05-24 10:39:38
 C:\Windows\syswow64\DEVOBJ.dll handle: 74850000 size: 64512 crc: 66B02A5A date: 2011-05-24 10:40:05
 C:\Windows\system32\AUDIOSES.DLL handle: 73810000 size: 195584 crc: 0A7E52B1 date: 2010-11-21 03:23:55
 C:\Windows\system32\msacm32.drv handle: 73800000 size: 20992 crc: 73923147 date: 2009-07-14 01:14:08
 C:\Windows\system32\MSACM32.dll handle: 73AF0000 size: 72192 crc: ABA25814 date: 2009-07-14 01:15:42
 C:\Windows\system32\midimap.dll handle: 737F0000 size: 16896 crc: C000494C date: 2009-07-14 01:15:40
 C:\Windows\syswow64\CLBCatQ.DLL handle: 747C0000 size: 522240 crc: 6C130B8A date: 2009-07-14 01:15:03
 C:\Windows\system32\uxtheme.dll handle: 72BF0000 size: 245760 crc: 60C5C746 date: 2009-07-14 01:11:24
 C:\Windows\system32\dwmapi.dll handle: 72970000 size: 67072 crc: FC7CA4B8 date: 2009-07-14 01:15:13
 C:\Windows\System32\dmime.dll handle: 73D60000 size: 179712 crc: 179D7CFB date: 2009-07-14 01:15:12
 C:\Windows\System32\DSOUND.dll handle: 6CC10000 size: 453632 crc: EC24F2F8 date: 2009-07-14 01:15:13
 C:\Windows\System32\POWRPROF.dll handle: 6CBE0000 size: 145408 crc: 9957ABF4 date: 2009-07-14 01:16:12
 C:\Windows\System32\dmusic.dll handle: 73D40000 size: 101376 crc: F5D0AA6B date: 2009-07-14 01:15:12
 C:\Windows\syswow64\WINTRUST.dll handle: 74950000 size: 172032 crc: B7CADF2A date: 2010-11-21 03:24:32
 C:\Windows\syswow64\CRYPT32.dll handle: 75500000 size: 1154048 crc: 61BB81F2 date: 2010-11-21 03:23:59
 C:\Windows\syswow64\MSASN1.dll handle: 75270000 size: 34304 crc: BE7DA129 date: 2010-11-21 03:23:48
 C:\Windows\System32\dmsynth.dll handle: 73D20000 size: 105472 crc: 3B102040 date: 2009-07-14 01:15:12
 C:\Windows\System32\dmloader.dll handle: 6ACD0000 size: 38400 crc: 8A3F45D2 date: 2009-07-14 01:15:12
 C:\Windows\system32\mswsock.dll handle: 73720000 size: 232448 crc: 47C95B42 date: 2010-11-21 03:24:09
 C:\Windows\System32\wshtcpip.dll handle: 73710000 size: 9216 crc: BA963A19 date: 2009-07-14 01:16:20
 C:\Windows\WinSxS\x86_microsoft.windows.common-controls_6595b64144ccf1df_6.0.7601.17514_none_41e6975e2bd6f2b2\comctl32.DLL handle: 72D80000 size: 1680896 crc: C8DD191E date: 2010-11-21 03:23:55
 C:\Windows\System32\wship6.dll handle: 72990000 size: 10752 crc: 99DFC9DA date: 2009-07-14 01:16:20
 C:\Windows\system32\DNSAPI.dll handle: 73430000 size: 270336 crc: 93875418 date: 2011-03-03 05:38:01
 C:\Windows\system32\IPHLPAPI.DLL handle: 73BD0000 size: 103936 crc: E8D425A2 date: 2010-11-21 03:24:32
 C:\Windows\system32\WINNSI.DLL handle: 73BC0000 size: 16896 crc: 484CAF17 date: 2009-07-14 01:16:19
 C:\Windows\system32\rasadhlp.dll handle: 739E0000 size: 11776 crc: C799823B date: 2009-07-14 01:16:12
 C:\Windows\System32\fwpuclnt.dll handle: 729D0000 size: 216576 crc: 8E8F779E date: 2010-11-21 03:24:08
 C:\Windows\syswow64\psapi.dll handle: 77040000 size: 6144 crc: 25B988F9 date: 2009-07-14 01:16:12

---- gamelog start ----
Tick 62675: game loaded
     Conversion from OTTD savegame without gamelog: version 4, 1
     Revision text changed to r22856, savegame version 163, not modified, _openttd_newgrf_version = 0x12005948
     New game mode: 0 landscape: 1
     Added NewGRF: GRF ID 43485053, checksum 8E9EE7C03759548CF6F1D87BB07907B7, filename: chips_station_set-0.5\chips.grf (md5sum matches)
     Added NewGRF: GRF ID 43415000, checksum 680CD2B8DB9EC85C1F01B259B5E88A2C, filename: climate_dependant_airports-0.2.1\airportsplus.grf (md5sum matches)
     Added NewGRF: GRF ID 4F472B33, checksum D5B21A6C2FE39F15E385785DEF1E6A50, filename: opengfx_industries-0.3.4\ogfx-industries.grf (md5sum matches)
     Added NewGRF: GRF ID 4F472B34, checksum 5030F25CA77DE5080DB906235CD70005, filename: opengfx_landscape-0.2.1\ogfx-landscape.grf (md5sum matches)
     Added NewGRF: GRF ID 44441000, checksum C7AD422C7AE380DA3A4D6B82D57BD812, filename: ukrs2__the_uk_railway_set-0.81\proj1000.grf (md5sum matches)
     Added NewGRF: GRF ID 54560301, checksum ED22416EE087725E4B5A9AF8F0357F29, filename: trolleybus_set-0.2\trolley.grf (md5sum matches)
     Added NewGRF: GRF ID 52455400, checksum 1600687C50C5AB1E72EDD487CAD50E2A, filename: coded_by_aegir._artwork_by_aegir-1\ae_cityw.grf (md5sum matches)
     Added NewGRF: GRF ID 4A430002, checksum 0728ADCB4DF2F1EB9247ABD449296F4E, filename: industrial_stations_renewal.0.8.0\indstatrw.grf (md5sum matches)
     Added NewGRF: GRF ID 54570200, checksum 3DEB9B30A6254AE8606A5A9A99A9A696, filename: ottdc_grfpack\7_stations\usstats\usstatsw.grf (md5sum matches)
     Added NewGRF: GRF ID 52571201, checksum C1C7D8C53EB7E74EEE2F0EF29638B466, filename: egrvts.1.0\egrvts.grf (md5sum matches)
     Added NewGRF: GRF ID 535A0501, checksum 44B7893026BB8599A79DFAB05C3149AB, filename: ottdc_grfpack\4_infrastructure\b_newbridges\newbridgesW.GRF (md5sum matches)
---- gamelog end ----

*** End of OpenTTD Crash Report ***

Decoded stack trace:
[00] openttd              0x00521626
[01] openttd              0x005217FA
[02] openttd              0x00428FA2
[03] openttd              0x00556AE7
[04] openttd              0x00431F64

*** End of additional info ***
