*** OpenTTD Crash Report ***

Crash at: Mon Jan 09 17:03:02 2012
In game date: 1985-01-31 (67)

Crash reason:
 Exception: E1212012
 Location:  751B9617
 Message:   Assertion failed at line 121 of c:\bamboo-agent-home\xml-data\build-dir\ottd-rls-w32bit\src\strings_func.h: this->HasTypeInformation()

OpenTTD version:
 Version:    1.2.0-beta2 (0)
 NewGRF ver: 12005cd7
 Bits:       32
 Endian:     little
 Dedicated:  no
 Build date: Jan  6 2012 22:35:10

Registers:
 EAX: 0012E20C EBX: 00000016 ECX: 00000000 EDX: 76F964F4
 ESI: 00C4B69C EDI: 00000000 EBP: 0012E25C ESP: 0012E20C
 EIP: 751B9617 EFLAGS: 00200246

 Bytes at instruction pointer:
 C9 C2 10 00 89 45 C0 EB ED 90 90 90 90 90 8B FF 55 8B EC 83 EC 1C 6A 00

Stack trace:
 E1212012 00000000 00000000 751B9617 00000000 00C07228 00000010 00000000
 00000000 00000000 00000000 00000000 00000000 0012E0CC 0012E0DC 00000001
 76F9549C 76FB3263 00000000 00000016 0012E2BC 005D9658 E1212012 00000000
 00000000 00000000 006AD81C 00000016 9090FE39 0012E2D4 00000200 00000000
 0012E2A8 75DBEB04 00000000 76F9549C 005D9648 00000001 0012E27C 0012DE10
 0012E824 006B2DA0 9043A2FD FFFFFFFE 0012E4D4 006ACDE5 00000016 00436E8E
 084DB1F0 0012E888 65737341 6F697472 6166206E 64656C69 20746120 656E696C
 31323120 20666F20 625C3A63 6F626D61 67612D6F 2D746E65 656D6F68 6C6D785C
 7461642D 75625C61 2D646C69 5C726964 6474746F 736C722D 3233772D 5C746962
 5C637273 69727473 5F73676E 636E7566 203A682E 73696874 61483E2D 70795473
 666E4965 616D726F 6E6F6974 00002928 0012E56B FFFFFFFF 00000000 00000040
 0012E380 75C0F1AC 01DE0000 00000000 0837C130 76FA22AE 76FCD453 00000001
 01DE01AC 01DE0000 0012E3B4 76FA22AE 76FCD47B 00000000 01DE019C 01DE0000
 006CC9FD FFFFFFFF 0095004D 00028878 0012E410 00000003 01C00358 00000000
 0089004E 00028878 00000000 084ED6E8 01C00358 01C00168 00000010 01C00510
 00000000 084ED7A8 01C00048 01C00160 084DB1F0 01C00440 FFFFFFFE 0012E39C
 76FA2149 0012E824 76F6D74D 0014229B FFFFFFFE 76FA22AE 76FA2149 00000000
 00000000 00000010 0012EE58 00000000 00000000 00000000 00000000 00000000
 000007EC 00000001 76FCD483 00000001 0012EE58 01DE0000 00000000 76FA22AE
 00000002 00000000 00000028 76FA22AE 0012E49C 006A8B9F 00000002 00000000
 00000018 00000001 0012E4B4 006A8B9F 01DE0000 00000000 00000010 00000000
 00000000 00000000 0012E4D0 006A9223 00000010 00000000 00000000 0012E52C
 0012E52C 0837C170 0012E834 00449C42 00B9ABBC 00000079 00BC9A88 00BD9168
 0044AE1D 00008811 00000011 00000000 0012EF82 01DE0000 76FCD5D3 00000001

Operating system:
 Name:     Windows
 Release:  6.1.7600 ()
 Compiler: MSVC 1600

Configuration:
 Blitter:      8bpp-optimized
 Graphics set: OpenGFX (897)
 Language:     C:\Program Files\OpenTTD\lang\italian.lng
 Music driver: dmusic
 Music set:    Scott Joplin Anthology (2)
 Network:      no
 Sound driver: win32
 Sound set:    OpenSFX (87)
 Video driver: win32

AI Configuration (local: 0):
  0: Human

Libraries:
 FreeType:   2.4.5
 ICU:        4.4.2
 LZMA:       5.0.3
 LZO:        2.05
 PNG:        1.5.4
 Zlib:       1.2.5

Module information:
 C:\Program Files\OpenTTD\openttd.exe handle: 00400000 size: 8727040 crc: 47A53DB7 date: 2012-01-06 22:39:18
 C:\Windows\SYSTEM32\ntdll.dll handle: 76F50000 size: 1286144 crc: D1A0A49D date: 2009-07-14 01:17:51
 C:\Windows\system32\kernel32.dll handle: 75BC0000 size: 857088 crc: BBC23B70 date: 2009-07-14 01:15:35
 C:\Windows\system32\KERNELBASE.dll handle: 751B0000 size: 288256 crc: 37432389 date: 2009-07-14 01:15:35
 C:\Program Files\AVAST Software\Avast\snxhk.dll handle: 75070000 size: 199792 crc: 27F16F64 date: 2011-11-28 18:01:22
 C:\Windows\system32\WINMM.dll handle: 6EFD0000 size: 194048 crc: 2FBEB05C date: 2009-07-14 01:16:19
 C:\Windows\system32\msvcrt.dll handle: 754A0000 size: 690688 crc: 554C94A4 date: 2009-07-14 01:15:50
 C:\Windows\system32\USER32.dll handle: 75D60000 size: 811520 crc: F5A646DD date: 2009-07-14 01:16:17
 C:\Windows\system32\GDI32.dll handle: 757B0000 size: 304640 crc: 252D0177 date: 2009-07-14 01:15:22
 C:\Windows\system32\LPK.dll handle: 75E30000 size: 26624 crc: 13E68B63 date: 2009-07-14 01:15:36
 C:\Windows\system32\USP10.dll handle: 75400000 size: 627200 crc: 3887C4C8 date: 2009-07-14 01:16:17
 C:\Windows\system32\WS2_32.dll handle: 76BE0000 size: 206336 crc: 4C23BF22 date: 2009-07-14 01:16:20
 C:\Windows\system32\RPCRT4.dll handle: 75910000 size: 652288 crc: 14458268 date: 2009-07-14 01:16:13
 C:\Windows\system32\NSI.dll handle: 757A0000 size: 8704 crc: 2ACE9671 date: 2009-07-14 01:16:11
 C:\Windows\system32\ADVAPI32.dll handle: 75700000 size: 640000 crc: 24248FE4 date: 2009-07-14 01:14:53
 C:\Windows\SYSTEM32\sechost.dll handle: 77090000 size: 92160 crc: B624B29A date: 2009-07-14 01:16:13
 C:\Windows\system32\SHELL32.dll handle: 75E40000 size: 12866560 crc: 1FCAA9C5 date: 2009-07-14 01:16:14
 C:\Windows\system32\SHLWAPI.dll handle: 75800000 size: 350208 crc: 8D9B2C39 date: 2009-07-14 01:16:14
 C:\Windows\system32\IMM32.DLL handle: 758F0000 size: 118272 crc: F2F44531 date: 2009-07-14 01:15:32
 C:\Windows\system32\MSCTF.dll handle: 76E80000 size: 828928 crc: DFE09EEB date: 2009-07-14 01:15:43
 C:\Windows\system32\SHFolder.dll handle: 71E70000 size: 7168 crc: 683AAC32 date: 2009-07-14 01:16:14
 C:\Windows\system32\ole32.dll handle: 76C20000 size: 1412608 crc: 4ACC7A3A date: 2009-07-14 01:16:12
 C:\Windows\system32\uxtheme.dll handle: 73E30000 size: 249856 crc: 1CD7BB78 date: 2009-07-14 01:16:17
 C:\Windows\system32\dwmapi.dll handle: 73A30000 size: 67072 crc: FC7CA4B8 date: 2009-07-14 01:15:13
 C:\Windows\system32\CRYPTBASE.dll handle: 74FE0000 size: 36864 crc: 00308E17 date: 2009-07-14 01:15:07
 C:\Windows\system32\mswsock.dll handle: 74AA0000 size: 232448 crc: 32400D27 date: 2009-07-14 01:15:51
 C:\Windows\System32\wshtcpip.dll handle: 745F0000 size: 9216 crc: BA963A19 date: 2009-07-14 01:16:20
 C:\Windows\system32\MMDevAPI.DLL handle: 73A60000 size: 213504 crc: 352DF99F date: 2009-07-14 01:15:41
 C:\Windows\system32\PROPSYS.dll handle: 73E70000 size: 988160 crc: 0700E8D7 date: 2009-07-14 01:16:12
 C:\Windows\system32\OLEAUT32.dll handle: 75860000 size: 571904 crc: DCE3E850 date: 2009-07-14 01:16:12
 C:\Windows\system32\wdmaud.drv handle: 6DFB0000 size: 172032 crc: 03BEEBE2 date: 2009-07-14 01:14:08
 C:\Windows\system32\ksuser.dll handle: 6DFA0000 size: 4608 crc: EBE07232 date: 2009-07-14 01:15:35
 C:\Windows\system32\AVRT.dll handle: 73A50000 size: 14336 crc: 9818237B date: 2009-07-14 01:14:58
 C:\Windows\system32\SETUPAPI.dll handle: 75560000 size: 1668608 crc: F909EF01 date: 2009-07-14 01:16:14
 C:\Windows\system32\CFGMGR32.dll handle: 75250000 size: 145920 crc: 6377C630 date: 2009-07-14 01:15:02
 C:\Windows\system32\DEVOBJ.dll handle: 75200000 size: 64512 crc: 2B501D62 date: 2009-07-14 01:15:11
 C:\Windows\system32\AUDIOSES.DLL handle: 6F020000 size: 195584 crc: BC939745 date: 2009-07-14 01:14:57
 C:\Windows\system32\msacm32.drv handle: 6DF60000 size: 20992 crc: 73923147 date: 2009-07-14 01:14:08
 C:\Windows\system32\MSACM32.dll handle: 6DF40000 size: 72192 crc: ABA25814 date: 2009-07-14 01:15:42
 C:\Windows\system32\midimap.dll handle: 6DF30000 size: 16896 crc: C000494C date: 2009-07-14 01:15:40
 C:\Windows\system32\CLBCatQ.DLL handle: 75CD0000 size: 522240 crc: 6C130B8A date: 2009-07-14 01:15:03
 C:\Windows\System32\dmime.dll handle: 70710000 size: 179712 crc: 179D7CFB date: 2009-07-14 01:15:12
 C:\Windows\System32\DSOUND.dll handle: 6EEF0000 size: 453632 crc: EC24F2F8 date: 2009-07-14 01:15:13
 C:\Windows\System32\POWRPROF.dll handle: 74530000 size: 145408 crc: 9957ABF4 date: 2009-07-14 01:16:12
 C:\Windows\System32\dmusic.dll handle: 70860000 size: 101376 crc: F5D0AA6B date: 2009-07-14 01:15:12
 C:\Windows\system32\WINTRUST.dll handle: 75220000 size: 172544 crc: 3753F315 date: 2009-07-14 01:16:19
 C:\Windows\system32\CRYPT32.dll handle: 75280000 size: 1151488 crc: CC34327C date: 2009-07-14 01:15:07
 C:\Windows\system32\MSASN1.dll handle: 75110000 size: 33280 crc: AE3E4073 date: 2009-07-14 01:15:42
 C:\Windows\System32\dmsynth.dll handle: 6E780000 size: 105472 crc: 3B102040 date: 2009-07-14 01:15:12
 C:\Windows\System32\dmloader.dll handle: 71E60000 size: 38400 crc: 8A3F45D2 date: 2009-07-14 01:15:12
 C:\Windows\System32\wship6.dll handle: 74A90000 size: 10752 crc: 99DFC9DA date: 2009-07-14 01:16:20
 C:\Windows\system32\DNSAPI.dll handle: 74960000 size: 269824 crc: 85C25AB3 date: 2009-07-14 01:15:12
 C:\Windows\system32\IPHLPAPI.DLL handle: 731C0000 size: 103936 crc: 0D4054DF date: 2009-07-14 01:15:33
 C:\Windows\system32\WINNSI.DLL handle: 731B0000 size: 16896 crc: 484CAF17 date: 2009-07-14 01:16:19
 C:\Windows\system32\rasadhlp.dll handle: 6F810000 size: 11776 crc: C799823B date: 2009-07-14 01:16:12
 C:\Windows\System32\fwpuclnt.dll handle: 71D20000 size: 216576 crc: 930BF51D date: 2009-07-14 01:15:21
 C:\Windows\system32\psapi.dll handle: 76A90000 size: 6144 crc: 25B988F9 date: 2009-07-14 01:16:12

---- gamelog start ----
Tick 0: new game started
     Revision text changed to 1.2.0-beta2, savegame version 168, not modified, _openttd_newgrf_version = 0x12005cd7
     New game mode: 1 landscape: 0
---- gamelog end ----

*** End of OpenTTD Crash Report ***

Decoded stack trace:
[00] KERNELBASE           0x751B9617 RaiseException + 84
[01] openttd              0x005D9658
[02] openttd              0x006ACDE5
[03] openttd              0x00449C42
[04] openttd              0x00449F8E
[05] openttd              0x0044B86E
[06] openttd              0x0044A9D9
[07] openttd              0x00449F8E
[08] openttd              0x00449FBF
[09] openttd              0x0045EB3D
[10] openttd              0x0045CA68
[11] openttd              0x0045CE27
[12] openttd              0x00461747
[13] openttd              0x0047416A
[14] openttd              0x0047632F
[15] openttd              0x004F9276
[16] openttd              0x0045A671
[17] openttd              0x00463192
[18] openttd              0x00463452
[19] openttd              0x005D7913

*** End of additional info ***
