*** OpenTTD Crash Report ***

Crash at: Wed Nov 09 10:55:51 2011
In game date: 2480-06-18 (13)

Crash reason:
 Exception: E1212012
 Location:  00000000768A70CD
 Message:   Assertion failed at line 302 of c:\bamboo-agent-home\xml-data\build-dir\ottd-nightly-w64bit\src\window_gui.h: widget_index < this->nested_array_size

OpenTTD version:
 Version:    r23113 (0)
 NewGRF ver: 12005a49
 Bits:       64
 Endian:     little
 Dedicated:  no
 Build date: Nov  4 2011 19:13:22

Registers:
 RAX: 00000000768A7090 RBX: 0000000000000016 RCX: 000000000013E0C0 RDX: 0000000000000000
 RSI: 0000000000000000 RDI: 0000000000000008 RBP: 000000000654F470 RSP: 000000000013E5B0
 R8:  0000000000000000 R9:  0000000000000000 R10: 0000000000000000 R11: 0000000000000286
 R12: 00000001403EA018 R13: 000000013FCE9BA8 R14: 0000000000000001 R15: FFFFFFFF00000001
 RIP: 00000000768A70CD EFLAGS: 00000206

 Bytes at instruction pointer:
 48 81 C4 C8 00 00 00 C3 90 90 90 90 90 90 90 90 90 90 90 48 83 EC 48 48

Stack trace:
 00000016 00000000 76D30000 00000000 0013DFA0 00000000 00000000 00000000
 E1212012 00000000 00000000 00000000 768A70CD 00000000 00000000 00000000
 00000001 00000000 00000006 00000000 40476100 00000001 766DEB17 00000000
 00000001 00000000 000407C0 00000000 00000010 00000000 4036B8E8 00000001
 00000050 00000000 76D67EDA 00000000 00000000 00000000 40476100 00000001
 4036B8E8 00000001 00000010 00000000 00000000 00000000 00000000 00000000
 00000001 00000000 3FDE3DE9 00000001 00000016 00000000 8312EECE 00000000
 0013E498 00000000 76D5F4CA 00000000 00000001 00000000 00000001 FFFFFFFF
 000000EF 00000000 00000062 00000000 00000001 00000000 00000006 00000000
 00000000 00000000 3FDE3144 00000001 00000001 00000000 403C7301 00000001
 04C9F830 00000000 FFFFFFFF 00000001 403C7301 00000001 3FB026AB 00000001
 403C7301 00000001 0654F470 00000000 04C9F830 00000000 0000000C 00000001
 65737341 6F697472 6166206E 64656C69 20746120 656E696C 32303320 20666F20
 625C3A63 6F626D61 67612D6F 2D746E65 656D6F68 6C6D785C 7461642D 75625C61
 2D646C69 5C726964 6474746F 67696E2D 796C7468 3436772D 5C746962 5C637273
 646E6977 675F776F 682E6975 6977203A 74656764 646E695F 3C207865 69687420
 6E3E2D73 65747365 72615F64 5F796172 657A6973 00000000 00000000 00000000
 00000000 00000000 069709E0 00000000 00000180 00000000 00000048 00000000
 00000000 00000000 3FB3158D 00000001 0000000E 00000000 00000000 00000000
 00000000 00000000 3FB30E56 00000001 06970A50 00000000 3FB30A43 00000001
 00000048 00000000 00000001 00000000 00000180 00000000 00000048 00000000
 0000000C 00000000 3FB30A43 00000001 06970890 00000000 00000000 00000000
 00000000 00000000 00000001 00000000 00000023 00000000 3FB36EE6 00000001
 0000000A 00000000 0013E8D0 00000000 04C9F830 00000000 00000023 00000000

Operating system:
 Name:     Windows
 Release:  6.0.6002 (Service Pack 2)
 Compiler: MSVC 1600

Configuration:
 Blitter:      8bpp-optimized
 Graphics set: original_windows (0)
 Language:     D:\Diversen\Openttd\#openttdcoop Public Server\lang\english.lng
 Music driver: win32
 Music set:    NoMusic (0)
 Network:      client
 Sound driver: win32
 Sound set:    OpenSFX (87)
 Video driver: win32

AI Configuration (local: 255):
  0: Human

Libraries:
 FreeType:   2.4.5
 ICU:        4.4.2
 LZMA:       5.0.3
 LZO:        2.05
 PNG:        1.5.4
 Zlib:       1.2.5

Module information:
 D:\Diversen\Openttd\#openttdcoop Public Server\openttd.exe handle: 000000013FAC0000 size: 9872384 crc: DC3FAE16 date: 2011-11-04 19:16:41
 C:\Windows\system32\ntdll.dll handle: 0000000076D30000 size: 1585168 crc: 21D990AF date: 2010-10-15 13:43:22
 C:\Windows\system32\kernel32.dll handle: 0000000076890000 size: 1210880 crc: 28324609 date: 2011-04-12 16:15:13
 C:\Windows\system32\WINMM.dll handle: 000007FEFB830000 size: 211968 crc: 617D46D4 date: 2009-04-11 00:11:30
 C:\Windows\system32\msvcrt.dll handle: 000007FEFD810000 size: 621056 crc: 27DF6988 date: 2009-04-11 00:11:18
 C:\Windows\system32\USER32.dll handle: 0000000076670000 size: 820224 crc: 93B02785 date: 2009-04-11 00:11:28
 C:\Windows\system32\GDI32.dll handle: 000007FEFD940000 size: 389632 crc: 3237F9E7 date: 2009-04-11 00:11:16
 C:\Windows\system32\ADVAPI32.dll handle: 000007FEFDEC0000 size: 1065472 crc: F828F93A date: 2009-04-11 00:11:14
 C:\Windows\system32\RPCRT4.dll handle: 000007FEFE020000 size: 1305600 crc: B1E22322 date: 2009-04-23 12:25:48
 C:\Windows\system32\ole32.dll handle: 000007FEFDCE0000 size: 1915904 crc: 251D3D8E date: 2010-06-28 17:21:07
 C:\Windows\system32\OLEAUT32.dll handle: 000007FEFDC00000 size: 847360 crc: B6A06489 date: 2011-08-25 16:19:32
 C:\Windows\system32\OLEACC.dll handle: 000007FEFB7D0000 size: 332288 crc: 9D2EBB2C date: 2011-08-25 16:19:32
 C:\Windows\system32\WS2_32.dll handle: 000007FEFDFD0000 size: 264704 crc: BCDC6E7D date: 2009-04-11 00:11:32
 C:\Windows\system32\NSI.dll handle: 000007FEFD760000 size: 11264 crc: 75A92A7E date: 2008-01-21 02:49:42
 C:\Windows\system32\SHELL32.dll handle: 000007FEFE210000 size: 12899840 crc: F81490BD date: 2011-01-21 16:50:13
 C:\Windows\system32\SHLWAPI.dll handle: 000007FEFD9B0000 size: 456192 crc: 6693E6BE date: 2011-01-21 16:50:13
 C:\Windows\system32\IMM32.DLL handle: 000007FEFDBD0000 size: 163840 crc: 2A39603E date: 2009-04-11 00:11:16
 C:\Windows\system32\MSCTF.dll handle: 000007FEFDA90000 size: 1040896 crc: A1DE32E2 date: 2009-04-11 00:11:16
 C:\Windows\system32\LPK.DLL handle: 000007FEFDBA0000 size: 32768 crc: B819E363 date: 2008-01-21 02:48:16
 C:\Windows\system32\USP10.dll handle: 000007FEFE170000 size: 621568 crc: D64CE816 date: 2010-04-16 17:07:50
 C:\Windows\WinSxS\amd64_microsoft.windows.common-controls_6595b64144ccf1df_6.0.6002.18305_none_1509f852f40ee5cd\comctl32.dll handle: 000007FEFC260000 size: 2050048 crc: DF4F109B date: 2010-08-31 17:26:13
 C:\Windows\system32\SHFolder.dll handle: 000007FEFA5B0000 size: 10240 crc: 626A78EE date: 2008-01-21 02:50:40
 C:\Windows\system32\wdmaud.drv handle: 000007FEFB640000 size: 212992 crc: 0E3D95DC date: 2009-04-11 00:09:52
 C:\Windows\system32\ksuser.dll handle: 0000000074A00000 size: 5120 crc: 3755A6F1 date: 2008-01-21 02:49:06
 C:\Windows\system32\MMDevAPI.DLL handle: 000007FEFC4B0000 size: 203776 crc: 590EAC66 date: 2009-04-11 00:11:16
 C:\Windows\system32\AVRT.dll handle: 000007FEFC7D0000 size: 13824 crc: E34793FE date: 2008-01-21 02:49:56
 C:\Windows\system32\SETUPAPI.dll handle: 000007FEFEE70000 size: 1925120 crc: C6837200 date: 2009-04-11 00:11:26
 C:\Windows\system32\WINTRUST.dll handle: 000007FEFBF70000 size: 218624 crc: 582A6CCF date: 2009-12-23 12:03:56
 C:\Windows\system32\CRYPT32.dll handle: 000007FEFCE60000 size: 1259520 crc: 9BA58EF3 date: 2009-04-11 00:11:16
 C:\Windows\system32\MSASN1.dll handle: 000007FEFD010000 size: 82944 crc: 04AF6586 date: 2009-09-04 11:54:24
 C:\Windows\system32\USERENV.dll handle: 000007FEFD5D0000 size: 137216 crc: F2FB68B6 date: 2009-04-11 00:11:28
 C:\Windows\system32\Secur32.dll handle: 000007FEFD5B0000 size: 94720 crc: 20591603 date: 2009-06-15 15:12:41
 C:\Windows\system32\imagehlp.dll handle: 000007FEFDBB0000 size: 74240 crc: 309352AD date: 2008-01-21 02:51:07
 C:\Windows\system32\AUDIOSES.DLL handle: 000007FEFB600000 size: 190976 crc: 292041E2 date: 2009-04-11 00:11:14
 C:\Windows\system32\audioeng.dll handle: 000007FEFB580000 size: 475136 crc: 525D198D date: 2008-01-21 02:49:57
 C:\Windows\system32\PSAPI.DLL handle: 0000000076ED0000 size: 16896 crc: 782CFFD6 date: 2008-01-21 02:50:47
 C:\Windows\system32\msacm32.drv handle: 000007FEFC710000 size: 25600 crc: 37379DEB date: 2009-04-11 00:09:52
 C:\Windows\system32\MSACM32.dll handle: 000007FEFBE30000 size: 84480 crc: 077393DA date: 2008-01-21 02:49:55
 C:\Windows\system32\midimap.dll handle: 000007FEFC460000 size: 20480 crc: 5B374C2A date: 2009-04-11 00:11:16
 C:\Windows\system32\CLBCatQ.DLL handle: 000007FEFD770000 size: 611328 crc: C4EB1DB6 date: 2008-01-21 02:48:42
 C:\Windows\system32\uxtheme.dll handle: 000007FEFC720000 size: 317440 crc: BE8A0D9C date: 2008-01-21 02:50:25
 C:\Program Files\Logitech\SetPoint\IMHook.dll handle: 0000000012300000 size: 19472 crc: 6125E628 date: 2009-07-20 12:33:58
 C:\Windows\WinSxS\amd64_microsoft.vc80.crt_1fc8b3b9a1e18e3b_8.0.50727.6195_none_88e41e092fab0294\MSVCR80.dll handle: 00000000739E0000 size: 802640 crc: 5D9AD12D date: 2011-06-16 07:29:13
 C:\Windows\system32\NTMARTA.DLL handle: 000007FEFC820000 size: 159232 crc: 374F3419 date: 2009-04-11 00:11:20
 C:\Windows\system32\WLDAP32.dll handle: 000007FEFDA30000 size: 328704 crc: D25497D2 date: 2009-04-11 00:11:30
 C:\Windows\system32\SAMLIB.dll handle: 000007FEFD460000 size: 99328 crc: 25C9B650 date: 2009-04-11 00:11:24
 C:\Program Files\Logitech\SetPoint\GameHook.dll handle: 0000000010D00000 size: 55824 crc: 43E7ED48 date: 2009-07-20 12:33:42
 C:\Program Files\Logitech\SetPoint\lgscroll.dll handle: 0000000010100000 size: 56848 crc: EE6FDA68 date: 2009-07-20 12:37:10
 C:\Program Files (x86)\Avira\AntiVir Desktop\avsda64.dll handle: 0000000180000000 size: 234960 crc: 592D9917 date: 2011-10-11 17:22:02
 C:\Windows\system32\IPHLPAPI.DLL handle: 000007FEFCD90000 size: 126976 crc: 65B2862D date: 2009-04-11 00:11:16
 C:\Windows\system32\dhcpcsvc.DLL handle: 000007FEFCD40000 size: 268288 crc: 1B077A9D date: 2009-04-11 00:11:16
 C:\Windows\system32\DNSAPI.dll handle: 000007FEFD4B0000 size: 221696 crc: CC43A8BB date: 2011-03-02 16:12:19
 C:\Windows\system32\WINNSI.DLL handle: 000007FEFCD30000 size: 22016 crc: 7634594A date: 2008-01-21 02:49:41
 C:\Windows\system32\dhcpcsvc6.DLL handle: 000007FEFCD00000 size: 163328 crc: 6CCC9437 date: 2009-04-11 00:11:16
 C:\Windows\system32\mswsock.dll handle: 000007FEFC8E0000 size: 304128 crc: 3DFB5A83 date: 2009-04-11 00:11:18
 C:\Windows\System32\wshtcpip.dll handle: 000007FEFC7E0000 size: 12800 crc: CAEBB325 date: 2008-01-21 02:50:59
 C:\Windows\System32\wship6.dll handle: 000007FEFC960000 size: 11264 crc: 53CA7B78 date: 2008-01-21 02:50:59
 C:\Windows\system32\NLAapi.dll handle: 000007FEFB500000 size: 61440 crc: 82DE6CED date: 2008-01-21 02:50:27
 C:\Windows\system32\napinsp.dll handle: 000007FEFA690000 size: 62976 crc: BED0652B date: 2008-01-21 02:49:00
 C:\Windows\system32\pnrpnsp.dll handle: 000007FEFA670000 size: 78848 crc: 99D1BE2C date: 2008-01-21 02:52:02
 C:\Windows\System32\winrnr.dll handle: 000007FEFA6C0000 size: 27648 crc: 1BF8BC31 date: 2008-01-21 02:48:07
 C:\Windows\system32\wshbth.dll handle: 000007FEFA6B0000 size: 44032 crc: E21D9D69 date: 2009-04-11 00:11:32
 C:\Windows\system32\rasadhlp.dll handle: 000007FEFB120000 size: 13312 crc: F1523FB7 date: 2008-01-21 02:48:24

---- gamelog start ----
Tick 0: new game started
     Revision text changed to r23044, savegame version 163, not modified, _openttd_newgrf_version = 0x12005a04
     New game mode: 1 landscape: 0
     Added NewGRF: GRF ID 6D620401, checksum C5ACB6D5536A464FD78871D91840A35F, filename: ottdc_grfpack\8_vehicles\trains_wagons\dbsetxl\dbsetxlw.grf (md5sum matches)
     Added NewGRF: GRF ID 4D4C0100, checksum 1E2A243600434194FB100E72E507D5EF, filename: ottdc_grfpack\4_infrastructure\dutchcat\dutchcatw.grf (md5sum matches)
     Added NewGRF: GRF ID 414C0101, checksum 8868C6AA5191153F4255C129C9472043, filename: stations_name_from_nearby_indus-1.2.4\station_name.grf (md5sum matches)
     Added NewGRF: GRF ID 4A430002, checksum 0728ADCB4DF2F1EB9247ABD449296F4E, filename: industrial_stations_renewal.0.8.0\indstatrw.grf (md5sum matches)
     Added NewGRF: GRF ID 45530500, checksum FA231F55E8CC472EA98271F7C2AA9EFF, filename: japanese_stations-2.0a\jpstationsw.grf (md5sum matches)
     Added NewGRF: GRF ID 43485053, checksum 8E9EE7C03759548CF6F1D87BB07907B7, filename: chips_station_set-0.5\chips.grf (md5sum matches)
     Added NewGRF: GRF ID 52455400, checksum 1600687C50C5AB1E72EDD487CAD50E2A, filename: coded_by_aegir._artwork_by_aegir-1\ae_cityw.grf (md5sum matches)
     Added NewGRF: GRF ID 43415463, checksum 422B1603DC1CEDA4E59E715E12EAD332, filename: ottdc_grfpack\7_stations\canstn\canstnw.grf (md5sum matches)
     Added NewGRF: GRF ID 4A53AA01, checksum E4C0F82E58963374BC14F7875C4AA59D, filename: nogridland-2010.10.14\nogridland.grf (md5sum matches)
     Added NewGRF: GRF ID 62637272, checksum F127F6375437DAB2766E953C2B282D24, filename: ottdc_grfpack\4_infrastructure\yarrs\yarrs.grf (md5sum matches)
     Added NewGRF: GRF ID 43414361, checksum 4FF21D837F0C19EF91DB383B62FB3151, filename: ottdc_grfpack\6_town_buildings\nacity\NACityw.grf (md5sum matches)
     Added NewGRF: GRF ID 41533031, checksum F3A0A556505B7A94733D85B892C2070C, filename: swedish_houses-1.1.1\swehouses.grf (md5sum matches)
     Added NewGRF: GRF ID 4F460A02, checksum D8FF84F759520F43F24F1C2C2645F214, filename: improved_road_vehicles__for_db_s.1.0\irv.grf (md5sum matches)
Tick 0: GRF config changed
     Added NewGRF: GRF ID 4A530101, checksum 9C78028CB9346C54D73F296250C104A8, filename: ottdc_grfpack\8_vehicles\planes\planeset\PlaneSetw.grf (md5sum matches)
Tick 0: game loaded
     Revision text changed to r23044, savegame version 163, modified, _openttd_newgrf_version = 0x12005a04
Tick 8222: game loaded
     Revision text changed to r23113, savegame version 163, modified, _openttd_newgrf_version = 0x12005a49
Tick 50517: game loaded
     Revision text changed to r23113, savegame version 163, not modified, _openttd_newgrf_version = 0x12005a49
---- gamelog end ----

*** End of OpenTTD Crash Report ***

Decoded stack trace:
[00] kernel32             0x00000000768A70CD RaiseException + 61
[01] openttd              0x000000013FDE3DE9
[02] openttd              0x000000013FDE3144
[03] openttd              0x000000013FB026AB
[04] openttd              0x000000013FB29676
[05] openttd              0x000000013FB7B482
[06] openttd              0x000000013FB7DC76
[07] openttd              0x000000013FBA79A6
[08] openttd              0x000000013FB353F5
[09] openttd              0x000000013FB380CF
[10] openttd              0x000000013FB38377
[11] openttd              0x000000013FCE7AC5
[12] USER32               0x000000007668D53E GetWindowLongPtrW + 374
[13] USER32               0x000000007668D7C6 GetMessageW + 562
[14] openttd              0x000000013FCE829D
[15] openttd              0x000000013FB04718
[16] openttd              0x000000013FCEA9CA
[17] openttd              0x000000013FDE5B68
[18] kernel32             0x00000000768AB22D BaseThreadInitThunk + 13
[19] ntdll                0x0000000076D56611 RtlUserThreadStart + 33

*** End of additional info ***
