*** OpenTTD Crash Report ***

Crash at: Sun Feb 20 10:24:34 2011
In game date: 1941-08-11 (72)

Crash reason:
 Exception: E1212012
 Location:  000007FEFD6AAA7D
 Message:   Assertion failed at line 306 of ..\src\company_cmd.cpp: owner != OWNER_TOWN || tile != 0

OpenTTD version:
 Version:    r22087 (0)
 NewGRF ver: 12005647
 Bits:       64
 Endian:     little
 Dedicated:  no
 Build date: Feb 15 2011 19:27:19

Registers:
 RAX: 0000000077422CBD RBX: 0000000000000016 RCX: 00000000002FD700 RDX: 0000000000000000
 RSI: 0000000000000000 RDI: 0000000000000008 RBP: 000000000000000F RSP: 00000000002FDD10
 R8:  0000000000000000 R9:  0000000000000000 R10: 0000000000000000 R11: 0000000000000286
 R12: 0000000140738830 R13: 0000000140023498 R14: 0000000000000001 R15: 00000000008C05D0
 RIP: 000007FEFD6AAA7D EFLAGS: 00000206

 Bytes at instruction pointer:
 48 81 C4 C8 00 00 00 C3 90 90 90 90 90 90 90 90 90 90 90 48 83 EC 48 83

Stack trace:
 00000016 00000000 00000000 00000000 00000008 00000000 00000000 00000000
 E1212012 00000000 00000000 00000000 FD6AAA7D 000007FE 00000000 00000000
 00000000 00000000 76F42049 00000000 00070000 00000000 00000202 00000000
 00000001 00000000 00000000 00000000 00000000 00000000 76F4201B 00000000
 00440230 00000000 771BFBEA 00000000 004403B8 00000000 0044026C 00000000
 00000070 00000000 FFFFFFFF FFFFFFFF 00000000 00000000 76F4C333 00000000
 00000001 00000000 4011CB01 00000001 00000016 00000000 674A8DFA 00000000
 00505F20 00000000 00440230 00000000 002FDF40 00000000 771B77DA 00000000
 008C61E0 00000000 008C05D0 00000000 3FE30401 00000001 0000FFFF 00000000
 00000002 00000000 00000000 00000000 0000000F 00000000 4011BD86 00000001
 00000001 00000000 002FE6A0 00000000 0025F406 00000000 00000002 00000000
 008C61E0 00000000 76F49FAC 00000000 00000000 00000000 00000000 00000000
 7720937C 00000000 02000002 00000000 00000001 FFFFF800 0000695A 00000000
 00000000 FFFFFA80 76F4BAF9 00000000 00898778 00000000 76F4A54D 00000000
 00000000 00000000 00000000 00000000 00000014 00000000 00000001 00000000
 00060358 00000000 00000001 00000000 008C61E0 00000000 76F57604 00000000
 00070336 00000000 008C61E0 00000000 00000001 00000000 00000001 00000000
 00000001 00000000 B00A0C66 FFFFFFFF 00000000 00000000 00000000 00000000
 00000001 00000000 00000010 00000000 00502A40 00000000 00440000 00000000
 00502A30 00000000 771D1885 00000000 00440000 00000000 00502A01 00000000
 00000000 00000000 00502A40 00000000 00070336 00000000 76FA32C4 00000000
 00000001 00000000 00070336 00000000 76FA32C4 00000000 002FE310 00000000
 00000000 00000000 407C1F12 00000001 00010003 00000000 00000001 00000000
 00000000 00000000 76FA2825 00000000 00502A40 00000000 00502A40 00000000

Operating system:
 Name:     Windows
 Release:  6.1.7600 ()
 Compiler: MSVC 1500

Configuration:
 Blitter:      8bpp-optimized
 Graphics set: OpenGFX (593)
 Language:     P:\Games\OpenTTD\lang\dutch.lng
 Music driver: win32
 Music set:    OpenMSX (96)
 Network:      no
 Sound driver: win32
 Sound set:    OpenSFX (87)
 Video driver: win32

AI Configuration (local: 0):
  0: Human
  1: AdmiralAI (v25)
  2: Convoy (v11)
  3: MailAI (v20110121)
  4: Denver & Rio Grande (v1)

Libraries:
 FreeType:   2.4.4
 ICU:        4.4.2
 LZMA:       5.0.0
 LZO:        2.03
 PNG:        1.4.5
 Zlib:       1.2.5

Module information:
 P:\Games\OpenTTD\openttd.exe handle: 000000013FE00000 size: 9914880 crc: 29D28FE4 date: 2011-02-17 19:15:50
 D:\Windows\SYSTEM32\ntdll.dll handle: 0000000077180000 size: 1739176 crc: 08AFD0C3 date: 2010-10-27 05:16:01
 D:\Windows\system32\kernel32.dll handle: 0000000076E10000 size: 1162240 crc: 822946F0 date: 2009-07-14 01:41:13
 D:\Windows\system32\KERNELBASE.dll handle: 000007FEFD6A0000 size: 421376 crc: 68F689E4 date: 2009-07-14 01:41:13
 D:\Windows\system32\WINMM.dll handle: 000007FEFB260000 size: 217600 crc: 7BC1529F date: 2009-07-14 01:41:56
 D:\Windows\system32\msvcrt.dll handle: 000007FEFDE70000 size: 634880 crc: 7F3E716F date: 2009-07-14 01:41:32
 D:\Windows\system32\USER32.dll handle: 0000000076F30000 size: 1008640 crc: 95FA0345 date: 2009-07-14 01:41:56
 D:\Windows\system32\GDI32.dll handle: 000007FEFF210000 size: 404480 crc: 0F1BAE69 date: 2009-07-14 01:40:56
 D:\Windows\system32\LPK.dll handle: 000007FEFD9C0000 size: 41984 crc: 350AF03B date: 2009-07-14 01:41:19
 D:\Windows\system32\USP10.dll handle: 000007FEFF3B0000 size: 801280 crc: 32EFA120 date: 2009-07-14 01:41:56
 D:\Windows\system32\WS2_32.dll handle: 000007FEFDFD0000 size: 296448 crc: B9553AFD date: 2009-07-14 01:41:58
 D:\Windows\system32\RPCRT4.dll handle: 000007FEFE0A0000 size: 1221632 crc: D5B6358C date: 2009-07-14 01:41:53
 D:\Windows\system32\NSI.dll handle: 000007FEFF480000 size: 13824 crc: 53B46F6C date: 2009-07-14 01:41:53
 D:\Windows\system32\ADVAPI32.dll handle: 000007FEFDD60000 size: 877056 crc: FA615A20 date: 2009-07-14 01:40:01
 D:\Windows\SYSTEM32\sechost.dll handle: 000007FEFDF10000 size: 113664 crc: 978CFAE5 date: 2009-07-14 01:41:53
 D:\Windows\system32\SHELL32.dll handle: 000007FEFE400000 size: 14162944 crc: 38C0D5D7 date: 2010-07-27 14:59:11
 D:\Windows\system32\SHLWAPI.dll handle: 000007FEFF190000 size: 449536 crc: 0BFDF102 date: 2009-07-14 01:41:54
 D:\Windows\system32\IMM32.DLL handle: 000007FEFDE40000 size: 167424 crc: 41B2805A date: 2009-07-14 01:41:09
 D:\Windows\system32\MSCTF.dll handle: 000007FEFF280000 size: 1067008 crc: 798DDDA0 date: 2009-07-14 01:41:28
 D:\Windows\system32\SHFolder.dll handle: 000007FEF7060000 size: 10240 crc: 08A48DE3 date: 2009-07-14 01:41:54
 D:\Windows\system32\ole32.dll handle: 000007FEFDB50000 size: 2085376 crc: 4764DDC2 date: 2010-06-29 05:39:12
 D:\Windows\system32\MMDevAPI.DLL handle: 000007FEFBED0000 size: 284160 crc: CDF2EF81 date: 2009-07-14 01:41:26
 D:\Windows\system32\PROPSYS.dll handle: 000007FEFBDA0000 size: 1212416 crc: 98D01BC9 date: 2009-07-14 01:41:53
 D:\Windows\system32\OLEAUT32.dll handle: 000007FEFDA70000 size: 861184 crc: 112732BA date: 2010-04-07 07:37:39
 D:\Windows\system32\wdmaud.drv handle: 000007FEFB060000 size: 217088 crc: AB6BC545 date: 2009-07-14 01:38:50
 D:\Windows\system32\ksuser.dll handle: 0000000074A30000 size: 5120 crc: AA2071D9 date: 2009-07-14 01:41:13
 D:\Windows\system32\AVRT.dll handle: 000007FEFBD90000 size: 18432 crc: 5CE53CB7 date: 2009-07-14 01:40:05
 D:\Windows\system32\SETUPAPI.dll handle: 000007FEFE1D0000 size: 1899520 crc: 91ED5D15 date: 2009-07-14 01:41:54
 D:\Windows\system32\CFGMGR32.dll handle: 000007FEFD940000 size: 207360 crc: 369326FC date: 2009-07-14 01:40:15
 D:\Windows\system32\DEVOBJ.dll handle: 000007FEFD710000 size: 93184 crc: A7541AE2 date: 2009-07-14 01:40:28
 D:\Windows\system32\AUDIOSES.DLL handle: 000007FEFB010000 size: 296448 crc: 07CA71DE date: 2009-07-14 01:40:04
 D:\Windows\system32\msacm32.drv handle: 000007FEFAFA0000 size: 25600 crc: 2B579A05 date: 2009-07-14 01:38:50
 D:\Windows\system32\MSACM32.dll handle: 000007FEFAF80000 size: 83456 crc: 3D67538B date: 2009-07-14 01:41:27
 D:\Windows\system32\midimap.dll handle: 000007FEFAF70000 size: 20480 crc: CB902A13 date: 2009-07-14 01:41:23
 D:\Windows\system32\CRYPTBASE.dll handle: 000007FEFD520000 size: 44032 crc: F547C16E date: 2009-07-14 01:40:24
 D:\Windows\system32\CLBCatQ.DLL handle: 000007FEFDF30000 size: 607744 crc: 939E35C9 date: 2009-07-14 01:40:15
 D:\Windows\system32\uxtheme.dll handle: 000007FEFBD30000 size: 332288 crc: B0A13DF9 date: 2009-07-14 01:41:56
 D:\Windows\system32\dwmapi.dll handle: 000007FEFB960000 size: 82432 crc: A459F360 date: 2009-07-14 01:40:34
 D:\Windows\system32\mswsock.dll handle: 000007FEFCE60000 size: 320000 crc: EA387916 date: 2009-07-14 01:41:34
 D:\Windows\System32\wshtcpip.dll handle: 000007FEFC810000 size: 13312 crc: 5D1E2C55 date: 2009-07-14 01:41:58
 D:\Windows\system32\psapi.dll handle: 0000000077340000 size: 9216 crc: 84B5E9BA date: 2009-07-14 01:41:53

---- gamelog start ----
Tick 0: new game started
     Revision text changed to r22087, savegame version 160, not modified, _openttd_newgrf_version = 0x12005647
     New game mode: 1 landscape: 0
     Added NewGRF: GRF ID 6D620401, checksum C5ACB6D5536A464FD78871D91840A35F, filename: dbsetxlw.grf (md5sum matches)
     Added NewGRF: GRF ID FBFB0102, checksum 803D38F242F016C4A8212FA05C0F9B7E, filename: dutch_tram_set.rc1\dutchtramsetw.grf (md5sum matches)
     Added NewGRF: GRF ID 42010000, checksum 6FE46BEACFA8B4191B9F8FEAEFBE819F, filename: german_signals.0.4\gersignw.grf (md5sum matches)
     Added NewGRF: GRF ID 4A430002, checksum 0728ADCB4DF2F1EB9247ABD449296F4E, filename: indstatrw.grf (md5sum matches)
     Added NewGRF: GRF ID 504E0002, checksum 6E6944E09CE6C3AC130DF72C542EE4B1, filename: generic_buffers.0.1\buffers.grf (md5sum matches)
     Added NewGRF: GRF ID 52571208, checksum DC83DAB2933FACCB91678D4F75ABCCC6, filename: generic_cars-0.4\cars.grf (md5sum matches)
     Added NewGRF: GRF ID FBFB9905, checksum F747797A14AAA646402DC4E16DE5E82C, filename: longer_girder__steel_bridge.1\longergirdersteelbridge.grf (md5sum matches)
     Added NewGRF: GRF ID 535A0901, checksum BECE0FB994E34EBDF6DB76EC3B566914, filename: purno_s_new_railway_fence.1\fencew.grf (md5sum matches)
     Added NewGRF: GRF ID 4444F000, checksum 875F485E4DB617B27C58543C4000F0FB, filename: old_wagons_new_cargos.1.1\oldwagons-newcargos.grf (md5sum matches)
     Added NewGRF: GRF ID 27711002, checksum 3E2A2578101FFB3DD8AFC451CC43C8D0, filename: 2cc_trainset.1.0.1\2cctrainset.grf (md5sum matches)
     Added NewGRF: GRF ID 19060801, checksum 6CFC6328D999C140851BFE6514BA277A, filename: bigger_depots.0.3\bigdepot.grf (md5sum matches)
     Added NewGRF: GRF ID 554B5201, checksum 0D9C15FF1DC9AA50702780A730D9C650, filename: uk_roadset.1.1\ukroadsetw.grf (md5sum matches)
     Added NewGRF: GRF ID 44440502, checksum 9B2267C916691C45A2C85BE1FF54F7C3, filename: combined_american_signal_set.1.1\ussigzw.grf (md5sum matches)
     Added NewGRF: GRF ID 535A5644, checksum 5390BFF2E600595DC74E1C6247DA762D, filename: better_vehicle_names.v1\bvehname.grf (md5sum matches)
     Added NewGRF: GRF ID 4F460A02, checksum D8FF84F759520F43F24F1C2C2645F214, filename: improved_road_vehicles__for_db_s.1.0\irv.grf (md5sum matches)
     Added NewGRF: GRF ID 52455200, checksum 0E5A9C5ACD2BCAF7FA0658C3F905A660, filename: Newgrf\ae_ruraw.GRF (md5sum matches)
     Added NewGRF: GRF ID 45520100, checksum E99FA3CB0505B6237F1F4C84DD9BC425, filename: Newgrf\nabsw.GRF (md5sum matches)
     Added NewGRF: GRF ID 45520600, checksum 346457CB4632554B6A175785236883E4, filename: Newgrf\platformsw.GRF (md5sum matches)
     Added NewGRF: GRF ID 4A530117, checksum 89A2A4BFC9BFFE1158A6BBBBEA33975B, filename: ecs__firs_vehicle_set-2011.01.01\efrefit.grf (md5sum matches)
     Added NewGRF: GRF ID 27711003, checksum 1DD625FFF9805756C848E19BDDA162C3, filename: 2cc_trainset-2.0.0beta4.1\2cctrainset.grf (md5sum matches)
     Added NewGRF: GRF ID 6D620402, checksum 66ADF9AC90D97C59ED783FEC7E9706F9, filename: ottdc_grfpack\8_vehicles\trains_wagons\dbsetxl\z_ecs\dbxl_ecs.grf (md5sum matches)
     Added NewGRF: GRF ID 414E0101, checksum 9FE1949FF50A22F6260A6D2D3FA45A2D, filename: fish_ship_set-0.8.2\fish.grf (md5sum matches)
     Added NewGRF: GRF ID 52571201, checksum 611EF5A5B4D7F63B9D72DA57EA68EAAC, filename: Newgrf\grvts.grf (md5sum matches)
     Added NewGRF: GRF ID 41501202, checksum 341646D3E73F9368E856A80856EC89B0, filename: heqs_heavy_equipment_set-1.0\heqs.grf (md5sum matches)
     Added NewGRF: GRF ID 4F472B31, checksum 28B38CDB8C31F59C807F0A72BE5CDC30, filename: opengfx_trains-0.2.2\ogfx-trains.grf (md5sum matches)
     Added NewGRF: GRF ID 4F472B32, checksum B42B3DD63720C1F2483B357575736087, filename: opengfx_road_vehicles-0.1.0\ogfx-rv.grf (md5sum matches)
     Added NewGRF: GRF ID 4A4D0101, checksum 9ABAA3211849E0C55FB642521ECFB16F, filename: sailing_ships-0.3\sailing_ships.grf (md5sum matches)
     Added NewGRF: GRF ID 52455300, checksum 37C0B839B13C4B18051580C81EEDF427, filename: suburban_stations-1\ae_subuw.grf (md5sum matches)
     Added NewGRF: GRF ID F1250005, checksum 8FBA79BE1801507C96BB8DE8FFAA0F72, filename: firs_industry_replacement_set-0.6.1\firs.grf (md5sum matches)
     Added NewGRF: GRF ID 72777473, checksum 431E58F4ACA83A2B4E25EEC5FD2E1EEF, filename: uk_town_set-2.1\ukts_2.1.grf (md5sum matches)
     Added NewGRF: GRF ID 274C2348, checksum E44A7D977D1980908B1DBF09F73F514C, filename: db_double_deck_coaches.v0.1\dbddw.grf (md5sum matches)
---- gamelog end ----

*** End of OpenTTD Crash Report ***

Decoded stack trace:
[00] KERNELBASE           0x000007FEFD6AAA7D RaiseException + 61
[01] openttd              0x000000014011CB01
[02] openttd              0x000000014011BD86
[03] openttd              0x000000013FE43E7D
[04] openttd              0x000000013FEE90BA
[05] openttd              0x000000013FF20935
[06] openttd              0x000000013FF20B35
[07] openttd              0x000000013FE307B1
[08] openttd              0x000000013FE07469
[09] openttd              0x000000013FE9C201
[10] openttd              0x000000013FE75629
[11] openttd              0x000000013FEA9872
[12] openttd              0x000000013FF2A14C
[13] openttd              0x000000013FF25ACB
[14] openttd              0x000000013FE30D24
[15] openttd              0x000000013FE46FE3
[16] openttd              0x000000013FE47265
[17] openttd              0x0000000140021DD9
[18] openttd              0x000000013FE45B99
[19] openttd              0x000000014002427A
[20] openttd              0x000000014011EA29
[21] kernel32             0x0000000076E2F56D BaseThreadInitThunk + 13
[22] ntdll                0x00000000771B2CC1 RtlUserThreadStart + 33

*** End of additional info ***
