Program received signal SIGSEGV, Segmentation fault.
0x0000000000790f6b in ~SQObjectPtr (this=<value optimized out>, __in_chrg=<value optimized out>)
    at /home/smatz/openttd-rev/src/3rdparty/squirrel/squirrel/sqobject.h:273
273                     __Release(_type,_unVal);
(gdb) bt full
#0  0x0000000000790f6b in ~SQObjectPtr (this=<value optimized out>, __in_chrg=<value optimized out>)
    at /home/smatz/openttd-rev/src/3rdparty/squirrel/squirrel/sqobject.h:273
No locals.
#1  0x00000000007ac174 in SQSharedState::Init (this=0xc328d0) at /home/smatz/openttd-rev/src/3rdparty/squirrel/squirrel/sqstate.cpp:108
No locals.
#2  0x0000000000791397 in sq_open (initialstacksize=1024) at /home/smatz/openttd-rev/src/3rdparty/squirrel/squirrel/sqapi.cpp:52
        ss = 0xc328d0
        v = <value optimized out>
#3  0x00000000006f0a6e in Squirrel (this=0xc315c0) at /home/smatz/openttd-rev/src/script/squirrel.cpp:311
No locals.
#4  0x00000000006effde in ScriptScanner (this=0xc32420) at /home/smatz/openttd-rev/src/script/script_scanner.cpp:101
No locals.
#5  0x0000000000567149 in AIScanner (this=0xc32420) at /home/smatz/openttd-rev/src/ai/ai_scanner.cpp:35
No locals.
#6  0x0000000000534837 in AI::Initialize () at /home/smatz/openttd-rev/src/ai/ai_core.cpp:126
No locals.
#7  0x000000000066f2ae in ttd_main (argc=<value optimized out>, argv=<value optimized out>) at /home/smatz/openttd-rev/src/openttd.cpp:567
        graphics_set = <value optimized out>
        music_set = <value optimized out>
        network = <value optimized out>
        dedicated_port = <value optimized out>
        startyear = <value optimized out>
        save_config = <value optimized out>
        dedicated = <value optimized out>
        network_conn = <value optimized out>
        join_server_password = <value optimized out>
        i = <value optimized out>
        optformat = 0x8113c8 "m:s:v:b:hD::n::ei::I:S:t:d::r:g::G:c:xl:p:P:f"
        musicdriver = 0x0
        sounddriver = 0x0
        videodriver = 0x0
        blitter = 0x0
        generation_seed = <value optimized out>
        debuglog_conn = <value optimized out>
        dedicated_host = <value optimized out>
        join_company_password = <value optimized out>
        mgo = {opt = 0x0, numleft = -1, argv = 0x7fffffffdc70, options = 0x8113c8 "m:s:v:b:hD::n::ei::I:S:t:d::r:g::G:c:xl:p:P:f", cont = 0x0}
        sounds_set = 0x0
        resolution = {width = 0, height = 0}
#8  0x00007ffff3e06ba6 in __libc_start_main () from /lib/libc.so.6
No symbol table info available.
#9  0x0000000000530a49 in _start ()
No symbol table info available.
