*** OpenTTD Crash Report ***

Crash at: Wed Dec 30 11:59:13 2009

Crash reason:
 Signal:  Segmentation fault (11)
 Message: <none>

OpenTTD version:
 Version:    r18654 (0)
 NewGRF ver: 100048de
 Bits:       32
 Endian:     little
 Dedicated:  no
 Build date: Dec 29 2009 12:37:11

Stacktrace:
 [00] /D/openttd/svn/bin/openttd(_ZNK12CrashLogUnix13LogStacktraceEPcPKc+0x3f) [0x826bc1f]
 [01] /D/openttd/svn/bin/openttd(_ZNK8CrashLog12FillCrashLogEPcPKc+0xad) [0x81a74ed]
 [02] /D/openttd/svn/bin/openttd(_ZNK8CrashLog12MakeCrashLogEv+0x8d) [0x81a75ed]
 [03] /D/openttd/svn/bin/openttd [0x826bb90]
 [04] [0x4001d400]
 [05] /D/openttd/svn/bin/openttd(_ZNK7Station7AirportEv+0x9) [0x8151c69]
 [06] /D/openttd/svn/bin/openttd(_ZN7AIOrder19GetOrderDestinationEtNS_13OrderPositionE+0x14e) [0x815cc3e]
 [07] /D/openttd/svn/bin/openttd(_ZN9SQConvert19DefSQStaticCallbackI7AIOrderPFjtNS1_13OrderPositionEEEEiP4SQVM+0x95) [0x8140345]
 [08] /D/openttd/svn/bin/openttd(_ZN4SQVM10CallNativeEP15SQNativeClosureiiR11SQObjectPtrRb+0x2be) [0x810dbae]
 [09] /D/openttd/svn/bin/openttd(_ZN4SQVM7ExecuteER11SQObjectPtriiiS1_jNS_13ExecutionTypeE+0x175b) [0x810fe7b]
 [10] /D/openttd/svn/bin/openttd(sq_resumecatch+0x70) [0x80e2870]
 [11] /D/openttd/svn/bin/openttd(_ZN8Squirrel6ResumeEi+0x21) [0x82e23c1]
 [12] /D/openttd/svn/bin/openttd(_ZN10AIInstance8GameLoopEv+0x9a) [0x812025a]
 [13] /D/openttd/svn/bin/openttd(_ZN2AI8GameLoopEv+0xac) [0x811726c]
 [14] /D/openttd/svn/bin/openttd(_Z13StateGameLoopv+0x3eb) [0x825d12b]
 [15] /D/openttd/svn/bin/openttd(_Z8GameLoopv+0xd8) [0x825e9d8]
 [16] /D/openttd/svn/bin/openttd(_ZN15VideoDriver_SDL8MainLoopEv+0x5d2) [0x8370112]
 [17] /D/openttd/svn/bin/openttd(_Z8ttd_mainiPPc+0x1020) [0x825e580]
 [18] /D/openttd/svn/bin/openttd(main+0x48) [0x826bea8]
 [19] /lib/tls/i686/cmov/libc.so.6(__libc_start_main+0xe6) [0x402d1b56]
 [20] /D/openttd/svn/bin/openttd [0x80dede1]

Operating system:
 Name:    Linux
 Release: 2.6.31-16-generic
 Version: #53-Ubuntu SMP Tue Dec 8 04:01:29 UTC 2009
 Machine: i686

Configuration:
 Blitter:      8bpp-optimized
 Graphics set: OpenGFX
 Language:     english.lng
 Music driver: extmidi
 Music set:    NoMusic
 Sound driver: sdl
 Sound set:    NoSound
 Video driver: sdl

AI Configuration:
  0: Human
  1: Trans (v91231)
  2: AdmiralAI (v23)
  3: Trans (v91231)
  4: PathZilla (v6)
  5: StreetTraffic (v1)
  6: PAXLink SVN (v14)
  7: WrightAI (v3)

Libraries:
 FreeType:   2.3.9
 PNG:        1.2.37
 SDL:        1.2.13

---- gamelog start ----
Tick 0: new game started
     Revision text changed to r18654, savegame version 132, not modified, _openttd_newgrf_version = 0x100048de
     New game mode: 1 landscape: 0
---- gamelog end ----

*** End of OpenTTD Crash Report ***
