*** OpenTTD Crash Report ***

Crash at: Mon May 10 13:34:20 2010
In game date: 1960-01-02 (21)

Crash reason:
 Exception: C0000005
 Location:  005309AD
 Message:   <none>

OpenTTD version:
 Version:    r19774 (0)
 NewGRF ver: 11004d3e
 Bits:       32
 Endian:     little
 Dedicated:  no
 Build date: May  9 2010 18:16:01

Registers:
 EAX: 00000000 EBX: 000000C1 ECX: 00000003 EDX: 00000000
 ESI: 000000C1 EDI: 0012FA0C EBP: 0012F9F4 ESP: 0012F9A4
 EIP: 005309AD EFLAGS: 00010246

 Bytes at instruction pointer:
 8B 4A 10 3B CA 74 25 0F B7 BA A8 00 00 00 66 39 B9 A8 00 00 00 74 04 33

Stack trace:
 0012FA0C 0012FA0C 00000001 00530A36 0217ACD0 00536534 0217ACD0 00000002
 00000000 005364A6 0012FA0C 02033DC0 00000004 0012FAAC 00DD1A80 00000001
 0000001C 020320E8 00000000 0112FAAC 0012FA5C 00531E2B 0012FA0C 02033DC0
 00000004 012C638A 00000000 00000000 00000000 0051F300 00000000 00000000
 00000002 000000C1 00000000 02049420 00000000 00000000 02000004 00000000
 00530A2C 00530A4C 00530A6C 00530B94 00531C40 012A8C11 0012FAA0 004BEAD2
 00000004 00000000 00000006 00000002 000000E1 00000002 004BEBF4 00000004
 00000000 0000030B 00000004 0000002D 0000FFFF 00000029 00000004 0012FAB8
 0045708E 0000001F 0000002D 00000004 0000030B 0012FAF8 0044F34A 00000002
 000000E1 00000000 00000000 00000000 00000021 00000000 000000DF 0000003E
 00000002 00000006 0000001F 00000006 0000000E 0012FB64 004500F3 00000002
 000000E1 00000027 0210B0B4 00000000 00000001 00000004 00000000 0000FFFE
 0211F688 0012FB50 0044776D 0012FB50 00000004 0210B030 0211F688 00000108
 00000025 00446800 0211F688 00000000 00000026 000000E3 00000095 00000000
 0012FBB4 0047ACCF 0210B030 02037500 0047ACCF 0210B030 02A81798 0047ACCF
 0210B030 0210B030 004455F0 0210B030 0210B058 00450129 0012FBCC 004487CE
 00000120 0210B030 00000018 00000140 0012FBE8 0044882C 00000018 0000025C
 00000120 0000025C 01299EC0 FFFFFFD4 00000000 0000011C 00000108 00000690
 00000000 0012FC38 0041A947 00000140 00000018 0000025C 00000120 0000025C
 0000001B 0041AAB6 00000140 00006000 00000000 0000FFFF FF000000 000003C8
 000006C0 00000120 00DCFEFE 00000140 00000018 0012FC54 0044A893 1357CBCA
 1357CBD9 00000000 0012FC50 77F157B8 00000000 00556620 0079E5C8 00000000
 0012FD14 00000000 0012FC58 1357CBD9 1357CBF7 00000000 00000000 000B0848
 0000000F 00000000 00000000 1357CBD9 0000004A 000000A7 0042B60F 0012FD2C

Operating system:
 Name:     Windows
 Release:  5.1.2600 (Service Pack 2)
 Compiler: MSVC 1500

Configuration:
 Blitter:      8bpp-optimized
 Graphics set: original_windows
 Language:     english.lng
 Music driver: dmusic
 Music set:    NoMusic
 Network:      no
 Sound driver: win32
 Sound set:    original_windows
 Video driver: win32

AI Configuration (local: 0):
  0: Human

Libraries:
 FreeType:   2.3.12
 ICU:        4.2.1
 LZO:        2.03
 PNG:        1.2.43
 Zlib:       1.2.3

Module information:
 F:\GAMES\OpenTTD\openttd.exe handle: 00400000 size: 3723776 crc: A5C2CC21 date: 2010-05-09 14:19:34
 C:\WINDOWS\system32\ntdll.dll handle: 7C900000 size: 708096 crc: A5A50370 date: 2004-08-03 20:56:38
 C:\WINDOWS\system32\kernel32.dll handle: 7C800000 size: 983552 crc: 63EDEAA9 date: 2004-08-03 20:56:44
 C:\WINDOWS\system32\WINMM.dll handle: 76B40000 size: 176128 crc: 123646FA date: 2004-08-03 20:56:48
 C:\WINDOWS\system32\USER32.dll handle: 77D40000 size: 577024 crc: 23C4ACD0 date: 2004-08-03 20:56:48
 C:\WINDOWS\system32\GDI32.dll handle: 77F10000 size: 278016 crc: 38A80671 date: 2004-08-03 20:56:44
 C:\WINDOWS\system32\ADVAPI32.dll handle: 77DD0000 size: 616960 crc: 5E7A2F0A date: 2004-08-03 20:56:42
 C:\WINDOWS\system32\RPCRT4.dll handle: 77E70000 size: 581120 crc: 3AE05623 date: 2004-08-03 20:56:46
 C:\WINDOWS\system32\WS2_32.dll handle: 71AB0000 size: 82944 crc: 9738CC56 date: 2004-08-03 20:56:48
 C:\WINDOWS\system32\msvcrt.dll handle: 77C10000 size: 343040 crc: 5298C0C5 date: 2004-08-03 20:56:44
 C:\WINDOWS\system32\WS2HELP.dll handle: 71AA0000 size: 19968 crc: F5DD5AB6 date: 2004-08-03 20:56:48
 C:\WINDOWS\system32\SHELL32.dll handle: 7C9C0000 size: 8384000 crc: 51CDDF32 date: 2004-08-03 20:56:46
 C:\WINDOWS\system32\SHLWAPI.dll handle: 77F60000 size: 473600 crc: 2D4FD44F date: 2004-08-03 20:56:46
 C:\WINDOWS\WinSxS\x86_Microsoft.Windows.Common-Controls_6595b64144ccf1df_6.0.2600.2180_x-ww_a84f1ff9\comctl32.dll handle: 773D0000 size: 1050624 crc: 893FE926 date: 2004-08-03 20:57:02
 C:\WINDOWS\system32\comctl32.dll handle: 5D090000 size: 611328 crc: DD782FC8 date: 2004-08-03 20:56:42
 C:\WINDOWS\system32\SHFolder.dll handle: 76780000 size: 25088 crc: 2EC7582B date: 2004-08-03 20:56:46
 C:\WINDOWS\system32\WINTRUST.dll handle: 76C30000 size: 176640 crc: 88D208BD date: 2004-08-03 20:56:48
 C:\WINDOWS\system32\CRYPT32.dll handle: 77A80000 size: 597504 crc: 971ECFAA date: 2004-08-03 20:56:42
 C:\WINDOWS\system32\MSASN1.dll handle: 77B20000 size: 57344 crc: D5127637 date: 2004-08-03 20:56:44
 C:\WINDOWS\system32\IMAGEHLP.dll handle: 76C90000 size: 144384 crc: 714A70BC date: 2004-08-03 20:56:44
 C:\WINDOWS\system32\wdmaud.drv handle: 72D20000 size: 23552 crc: 982E84EE date: 2004-08-03 21:56:58
 C:\WINDOWS\system32\msacm32.drv handle: 72D10000 size: 20480 crc: D5406BAE date: 2001-08-23 11:00:00
 C:\WINDOWS\system32\MSACM32.dll handle: 77BE0000 size: 71680 crc: 6A21891E date: 2004-08-03 20:56:44
 C:\WINDOWS\system32\midimap.dll handle: 77BD0000 size: 18944 crc: 502B5282 date: 2004-08-03 20:56:44
 C:\WINDOWS\system32\uxtheme.dll handle: 5AD70000 size: 218624 crc: 5AA98F22 date: 2004-08-03 20:56:48
 C:\WINDOWS\system32\MSCTF.dll handle: 74720000 size: 294400 crc: BBD2E653 date: 2004-08-03 20:56:44
 C:\Program Files\Yandex\Punto Switcher\pshook.dll handle: 08000000 size: 21800 crc: 5F6DEF32 date: 2009-08-27 17:51:35
 C:\WINDOWS\system32\ole32.dll handle: 774E0000 size: 1281536 crc: 8A7E66C7 date: 2004-08-03 20:56:46
 C:\WINDOWS\system32\CLBCATQ.DLL handle: 76FD0000 size: 501248 crc: 258B91EE date: 2004-08-03 20:56:42
 C:\WINDOWS\system32\OLEAUT32.dll handle: 77120000 size: 553472 crc: 78035CFF date: 2004-08-03 20:56:46
 C:\WINDOWS\system32\COMRes.dll handle: 77050000 size: 792064 crc: 5A12B4A2 date: 2004-08-03 20:56:42
 C:\WINDOWS\system32\VERSION.dll handle: 77C00000 size: 18944 crc: CFE439BB date: 2004-08-03 20:56:48
 C:\WINDOWS\system32\dmime.dll handle: 5C570000 size: 181248 crc: F18E50F8 date: 2004-08-03 20:56:44
 C:\WINDOWS\system32\DSOUND.dll handle: 73F10000 size: 367616 crc: F0EFB582 date: 2004-08-03 20:56:44
 C:\WINDOWS\system32\dmusic.dll handle: 6C980000 size: 104448 crc: 0C1C73CE date: 2004-08-03 20:56:44
 C:\WINDOWS\system32\KsUser.dll handle: 73EE0000 size: 4096 crc: 519CF22C date: 2004-08-03 21:56:44
 C:\WINDOWS\system32\dmsynth.dll handle: 6C9A0000 size: 103424 crc: ECEFF055 date: 2004-08-03 20:56:44
 C:\WINDOWS\system32\dmloader.dll handle: 6CA10000 size: 35840 crc: CCCBFD58 date: 2004-08-03 20:56:44
 C:\Program Files\DrWeb\drwebsp.dll handle: 10000000 size: 136944 crc: 493CFD32 date: 2009-11-26 13:11:50
 C:\WINDOWS\system32\secur32.dll handle: 77FE0000 size: 55808 crc: 5A32C057 date: 2004-08-03 20:56:46
 C:\WINDOWS\system32\msv1_0.dll handle: 77C70000 size: 129536 crc: 90FF2230 date: 2004-08-03 20:56:44
 C:\WINDOWS\system32\iphlpapi.dll handle: 76D60000 size: 94720 crc: A1D69AE7 date: 2004-08-03 20:56:44
 C:\WINDOWS\system32\mswsock.dll handle: 71A50000 size: 245248 crc: E2309390 date: 2004-08-03 20:56:46
 C:\WINDOWS\system32\hnetcfg.dll handle: 662B0000 size: 344064 crc: 6CF15ACF date: 2004-08-03 20:56:44
 C:\WINDOWS\System32\wshtcpip.dll handle: 71A90000 size: 19968 crc: B88CC0E5 date: 2004-08-03 20:56:48
 C:\Program Files\ABBYY Lingvo 12\LvHook.dll handle: 3AA00000 size: 258048 crc: D9B65660 date: 2006-12-13 21:08:20
 C:\WINDOWS\system32\psapi.dll handle: 76BF0000 size: 23040 crc: 97A44A88 date: 2004-08-03 20:56:46

---- gamelog start ----
Tick 0: new game started
     Revision text changed to r19774, savegame version 140, not modified, _openttd_newgrf_version = 0x11004d3e
     New game mode: 1 landscape: 0
     Added NewGRF: GRF ID 4D656FA0, checksum 43A5E160454ECC9775316F800E188DA4, filename: xUSSRsow.grf
     Added NewGRF: GRF ID 4D656FF8, checksum 790D9938BDEB79D012472C0E17D2712B, filename: ECS(George)\test-crashw.grf
---- gamelog end ----

*** End of OpenTTD Crash Report ***
