*** OpenTTD Crash Report ***
Date: 2007-08-13 22:50:20
Build: 0.5.2 built on May 29 2007 20:45:46
Exception C0000005 at 00481156
Registers:
 EAX: 00000008 EBX: 00000000 ECX: 00292640 EDX: 00000003
 ESI: 0012FAC0 EDI: 00DD7CC8 EBP: 0012F9D8 ESP: 0012F9BC
 EIP: 00481156 EFLAGS: 00010202

Bytes at CS:EIP:
 89 58 F8 8B 07 59 C7 40 FC 01 00 00 00 83 4D FC FF 8B 0F 8B 51 F8 8B C2

Stack trace: 
 002C0008 0012FA24 000000FF 00000006 0012FAE8 004DC5EC 00000000 0012FA10
 0047FB04 0012FAD8 000000FF 0047E653 00001008 00E62138 00000011 00E62138
 0012FAB8 A0F73434 000087CD 00E62138 0012FAD8 0012FAF4 0047DE17 00027DB4
 00000011 00E62138 00DD7CC8 0244C080 00000000 03566010 00000000 00000000
 00032000 02BD0020 00000000 00000000 00000000 005C45F4 00002710 00E62138
 00000000 00000000 00000000 00000000 00000000 00000000 00000000 00000000
 00000000 00000000 00000000 00000000 00000000 00000000 00000000 00000000
 00000000 00000000 00000000 96D238A5 00000000 00E7D468 00AC0E00 02460028
 005C1B24 00027DB5 00000000 FFFFFFFF 000000FF 00000001 76031A01 76031B02
 00025BA1 0000FFFF 00470003 0012FF90 004DCC1B 00000000 0012FB78 0046FB5B
 00000000 00000011 0012FB77 00001B4F 00000000 00E62138 0046AD98 0046ADB4
 FFFFF581 00001E00 000018D0 00000D15 00000000 0000128C 00E74658 00001150
 00001D68 00022BD6 00002EB8 FFFFE7E1 00E74B08 0000FFFF 00000000 00000001
 00468849 000203D6 00000005 00E61338 00000BB8 000203D6 0012FBC8 0012FBCC
 00470882 00000000 00000011 00000001 00E62138 00E62138 00000000 00001B4F
 000013E8 00027DB5 00027DB4 00000000 00001001 00000000 00001001 00000001
 00001011 00000000 11E62138 00027DB4 0012FBE8 0047114F 00000001 00E62138
 00E62138 00000000 00000012 76029FE9 004711B0 00000001 005C3178 0042F161
 00000000 00000000 00423015 0C48A02B 00000000 004232F5 0C48A01B 00438F6D
 005C17FC 005C35D8 0012FC7C 00000000 0C48A049 00000000 00000000 001E03C6
 0000000F 00000000 00000000 0C48A00C 0000001F 0000048F 0042299F 0012FD04
 00000009 00000001 336E6977 00000032 0012FCA4 00001770 004D01DB 0012FC90
 773FD173 77730030 336E6977 FFFF0032 004D01DB 0012FD04 00000104 00291B86
 0012FCC8 773F7C47 336E6977 00120032 0012FD04 00000104 00000000 00001770

Module information:
 D:\Games\OpenTTD\openttd.exe handle: 00400000 size: 1353728 crc: 2FFC558C date: 2007-05-29 18:46:46
 C:\Windows\system32\ntdll.dll handle: 776D0000 size: 1162656 crc: 9860BAFC date: 2006-11-02 09:47:26
 C:\Windows\system32\kernel32.dll handle: 773D0000 size: 874496 crc: 17CD63D4 date: 2006-11-02 09:46:05
 C:\Windows\system32\WINMM.dll handle: 74800000 size: 193024 crc: 9854C61E date: 2006-11-02 09:46:14
 C:\Windows\system32\msvcrt.dll handle: 76FF0000 size: 681472 crc: 3E43316C date: 2006-11-02 09:46:10
 C:\Windows\system32\USER32.dll handle: 76010000 size: 633856 crc: 43750877 date: 2007-04-05 10:48:27
 C:\Windows\system32\GDI32.dll handle: 760B0000 size: 296448 crc: DEFE2EF3 date: 2006-11-02 09:46:05
 C:\Windows\system32\ADVAPI32.dll handle: 77610000 size: 770048 crc: 5657747A date: 2006-11-02 09:46:02
 C:\Windows\system32\RPCRT4.dll handle: 77300000 size: 789504 crc: 341AB1A6 date: 2006-11-02 09:46:12
 C:\Windows\system32\ole32.dll handle: 770A0000 size: 1314816 crc: E94D6A09 date: 2006-11-02 09:46:12
 C:\Windows\system32\OLEAUT32.dll handle: 761D0000 size: 558080 crc: 4240CB8B date: 2006-11-02 09:46:12
 C:\Windows\system32\OLEACC.dll handle: 747C0000 size: 214016 crc: 77FD0E8C date: 2006-11-02 09:46:12
 C:\Windows\system32\WS2_32.dll handle: 77510000 size: 178688 crc: AAACD85A date: 2006-11-02 09:46:14
 C:\Windows\system32\NSI.dll handle: 77900000 size: 10240 crc: 7ABAD1AB date: 2006-11-02 09:46:12
 C:\Windows\system32\IMM32.DLL handle: 77800000 size: 115200 crc: 4E2420B1 date: 2006-11-02 09:46:05
 C:\Windows\system32\MSCTF.dll handle: 77540000 size: 805888 crc: 15E5B0F8 date: 2006-11-02 09:46:06
 C:\Windows\system32\LPK.DLL handle: 777F0000 size: 24064 crc: F8DEC626 date: 2006-11-02 09:46:05
 C:\Windows\system32\USP10.dll handle: 771F0000 size: 502784 crc: 92784FE4 date: 2006-11-02 09:46:13
 C:\Windows\system32\wdmaud.drv handle: 74ED0000 size: 168448 crc: 77A2240C date: 2006-11-02 09:44:42
 C:\Windows\system32\ksuser.dll handle: 71190000 size: 4608 crc: 4C647881 date: 2006-11-02 09:46:05
 C:\Windows\system32\AVRT.dll handle: 74AF0000 size: 12800 crc: 55075A98 date: 2006-11-02 09:46:02
 C:\Windows\system32\MMDevAPI.DLL handle: 74670000 size: 146944 crc: 8356CE09 date: 2006-11-02 09:46:05
 C:\Windows\system32\SHLWAPI.dll handle: 774B0000 size: 339968 crc: DD3E7F6D date: 2006-11-02 09:46:13
 C:\Windows\WinSxS\x86_microsoft.windows.common-controls_6595b64144ccf1df_6.0.6000.16386_none_5d07289e07e1d100\comctl32.dll handle: 74CE0000 size: 1648128 crc: 3646BCFE date: 2006-11-02 09:38:57
 C:\Windows\system32\CLBCatQ.DLL handle: 77270000 size: 523776 crc: 80402F8D date: 2006-11-02 09:46:02
 C:\Windows\system32\SETUPAPI.dll handle: 76260000 size: 1584128 crc: 0161B7EE date: 2006-11-02 09:46:13
 C:\Windows\system32\WINTRUST.dll handle: 75130000 size: 171520 crc: CC0AAD60 date: 2006-11-02 09:46:14
 C:\Windows\system32\CRYPT32.dll handle: 75910000 size: 974336 crc: CE612123 date: 2007-01-30 00:02:57
 C:\Windows\system32\MSASN1.dll handle: 75A50000 size: 59904 crc: 7A69072B date: 2006-11-02 09:46:06
 C:\Windows\system32\USERENV.dll handle: 75E40000 size: 107008 crc: 8A03C1B2 date: 2006-11-02 09:46:13
 C:\Windows\system32\Secur32.dll handle: 75E20000 size: 72704 crc: 8A267374 date: 2006-11-02 09:46:12
 C:\Windows\system32\imagehlp.dll handle: 75F90000 size: 152576 crc: 04F330F8 date: 2007-06-13 09:59:09
 C:\Windows\System32\audioses.dll handle: 74BC0000 size: 115712 crc: EDAD9818 date: 2006-11-02 09:46:02
 C:\Windows\System32\audioeng.dll handle: 70130000 size: 398848 crc: 6620F414 date: 2006-11-02 09:46:02
 C:\Windows\system32\PSAPI.DLL handle: 75EF0000 size: 12288 crc: D7B812C5 date: 2006-11-02 09:46:12
 C:\Windows\system32\msacm32.drv handle: 75030000 size: 21504 crc: BB7F5A40 date: 2006-11-02 09:44:42
 C:\Windows\system32\MSACM32.dll handle: 75010000 size: 73216 crc: D2218869 date: 2006-11-02 09:46:06
 C:\Windows\system32\midimap.dll handle: 75000000 size: 17408 crc: 5B132C06 date: 2006-11-02 09:46:05
 C:\Windows\system32\uxtheme.dll handle: 74CA0000 size: 240640 crc: C7A510F1 date: 2006-11-02 09:46:13
 C:\Windows\system32\mswsock.dll handle: 755F0000 size: 227328 crc: 292B63F9 date: 2006-11-02 09:46:10
 C:\Windows\System32\wshtcpip.dll handle: 752C0000 size: 11264 crc: 00CB0211 date: 2006-11-02 09:46:14
 C:\Windows\system32\mciseq.dll handle: 74FA0000 size: 23552 crc: 876D834D date: 2006-11-02 09:46:05

System information:
 Windows version 6.0 6000 
