*** OpenTTD Crash Report ***

Crash at: Mon Jun 15 20:46:42 2015
In game date: 1972-02-21 (64)

Crash reason:
 Exception: E1212012
 Location:  7552812F
 Message:   Out of memory. Cannot reallocate 201326592 bytes

OpenTTD version:
 Version:    1.5.0 (0)
 NewGRF ver: 15086a51
 Bits:       32
 Endian:     little
 Dedicated:  no
 Build date: Apr  1 2015 18:51:05

Registers:
 EAX: 0012F3D0 EBX: 00000016 ECX: 00000000 EDX: 773E7074
 ESI: 00F52EA8 EDI: 00000000 EBP: 0012F420 ESP: 0012F3D0
 EIP: 7552812F EFLAGS: 00000246

 Bytes at instruction pointer:
 C9 C2 10 00 89 45 C0 EB ED 3D 01 01 00 00 0F 85 6D 96 FF FF E9 49 96 FF

Stack trace:
 E1212012 00000000 00000000 7552812F 00000000 013012C0 00F07694 00000010
 00000000 00000000 00000000 00000000 00000000 00000000 0012F294 0012F2A4
 773E6044 773FA494 00000000 00000016 0012F480 005D561A E1212012 00000000
 00000000 00000000 006A6DAE 00000016 0BB9A8AB 01000000 0C000000 0A008000
 FFFFFFFF 0012F470 00000000 773E6044 005D560A 00000001 0012F440 0012EFD4
 0012F794 006ACF10 0B5AA923 FFFFFFFE 0012F690 006A60A3 00000016 0043E62C
 2074754F 6D20666F 726F6D65 43202E79 6F6E6E61 65722074 6F6C6C61 65746163
 31303220 35363233 62203239 73657479 00000000 0012F5BC 0012F5BC A2E8BA2E
 00BA2E8B 0050555E 0012F604 00000004 00000000 06000000 00000000 49D20018
 0012F604 774105AB 02420138 77410326 715D18A9 02420000 0C000000 49D20020
 00000000 0000FAA0 00000001 00000638 00000000 0001FFFF 00000000 00000000
 00000000 00000000 00000000 0001FFFF 00000000 00000000 02430048 0012F5E0
 02446458 02444390 00000000 0042AC1C 02444390 02444390 005AFC87 0000000A
 00000000 02444390 0012F5E0 00408886 02446458 02444390 0E13001D 0042AC1C
 02444390 02422FD8 005AFC87 01800200 000001D0 00000000 49D20020 00408886
 00000000 26E0A2A8 02420000 00000001 00000638 00000000 7FFDF000 0C000000
 C0000017 0012F608 773F3C3F 773F3C44 715D18A5 C0000017 0C000000 7FFDF000
 0012F5E0 0012F794 0012F794 773BE125 0670F5DD FFFFFFFE 773F3C44 773CC09E
 C0000017 01000000 0C000000 0A008000 286DC128 FFFFFFFF 00000400 00000000
 00000000 0012F6A8 286DC128 0012F660 006E32A9 FFFFFFFF 00000400 0012F66C
 0052EECF 01000008 00000000 00000000 0012F6C4 006E5DD1 0012F698 006B04CF
 00000015 0012F698 006B0676 00000008 00000000 0012F698 006A2387 00000008
 0012F6C0 00469D46 00EE2DC0 0C000000 0053DE3B 0C000000 42B9DD8C 00530F35
 49D20020 0C000000 00000000 63339B18 0012F6F0 0052DFF8 01000000 00000000

Operating system:
 Name:     Windows
 Release:  6.1.7601 (Service Pack 1)
 Compiler: MSVC 1600

Configuration:
 Blitter:      32bpp-anim
 Graphics set: OpenGFX (5580)
 Language:     C:\Program Files\OpenTTD\lang\english.lng
 Music driver: dmusic
 Music set:    OpenMSX (96)
 Network:      no
 Sound driver: win32
 Sound set:    NoSound (2)
 Video driver: win32

Fonts:
 Small:  sprite
 Medium: sprite
 Large:  sprite
 Mono:   sprite

AI Configuration (local: 0):
  0: Human
  1: Trans (v150101)
  2: ChooChoo (v409)
  3: FastPTPAI (v4)
  4: SimpleAI (v9)
  5: FelicitusAI (v1)
  6: Test (v1)
  7: trAIns (v2)
 GS: Balanced_City_Growth (v3)

Libraries:
 FreeType:   2.4.11
 ICU:        51.2
 LZMA:       5.0.4
 LZO:        2.06
 PNG:        1.5.14
 Zlib:       1.2.7

Module information:
 C:\Program Files\OpenTTD\openttd.exe handle: 00400000 size: 11908608 crc: 7E1BDC8B date: 2015-04-07 02:45:15
 C:\windows\SYSTEM32\ntdll.dll handle: 773A0000 size: 1306112 crc: 5068E46A date: 2015-03-17 04:59:26
 C:\windows\system32\kernel32.dll handle: 764B0000 size: 868352 crc: B4775C05 date: 2014-03-04 09:17:13
 C:\windows\system32\KERNELBASE.dll handle: 75520000 size: 293376 crc: 71F9E98E date: 2014-03-04 09:17:13
 C:\windows\system32\WINMM.dll handle: 709C0000 size: 194048 crc: 849223C7 date: 2010-11-20 12:21:36
 C:\windows\system32\msvcrt.dll handle: 763C0000 size: 690688 crc: DAB48B3A date: 2011-12-16 07:52:58
 C:\windows\system32\USER32.dll handle: 76B30000 size: 811520 crc: A7CBE597 date: 2010-11-20 12:21:33
 C:\windows\system32\GDI32.dll handle: 765F0000 size: 305152 crc: E61FFCF2 date: 2015-03-05 04:06:01
 C:\windows\system32\LPK.dll handle: 77510000 size: 26624 crc: D069B54A date: 2015-02-20 04:13:52
 C:\windows\system32\USP10.dll handle: 76320000 size: 626688 crc: 7CF1A954 date: 2014-04-25 02:06:17
 C:\windows\system32\WS2_32.dll handle: 76470000 size: 206848 crc: FD00A753 date: 2010-11-20 12:21:38
 C:\windows\system32\RPCRT4.dll handle: 76C50000 size: 654336 crc: 05B90829 date: 2014-07-14 01:42:02
 C:\windows\system32\NSI.dll handle: 768E0000 size: 8704 crc: 2ACE9671 date: 2009-07-14 01:16:11
 C:\windows\system32\IMM32.dll handle: 774F0000 size: 118272 crc: B45269DC date: 2010-11-20 12:19:22
 C:\windows\system32\MSCTF.dll handle: 77520000 size: 828928 crc: 9CA6751F date: 2015-01-17 02:30:42
 C:\windows\system32\ADVAPI32.dll handle: 76D00000 size: 640512 crc: 939A0B41 date: 2013-08-29 01:48:17
 C:\windows\SYSTEM32\sechost.dll handle: 766D0000 size: 92160 crc: B624B29A date: 2009-07-14 01:16:13
 C:\windows\system32\SHELL32.dll handle: 756D0000 size: 12875264 crc: 3110B5FC date: 2015-02-13 05:26:18
 C:\windows\system32\SHLWAPI.dll handle: 76A90000 size: 350208 crc: 23E05F73 date: 2010-11-20 12:21:19
 C:\windows\system32\ole32.dll handle: 76780000 size: 1414144 crc: 74A1E844 date: 2010-11-20 12:20:49
 C:\windows\system32\uxtheme.dll handle: 74160000 size: 249856 crc: 1CD7BB78 date: 2009-07-14 01:16:17
 C:\windows\system32\dwmapi.dll handle: 73E00000 size: 67072 crc: FC7CA4B8 date: 2009-07-14 01:15:13
 C:\windows\system32\CRYPTBASE.dll handle: 75240000 size: 36864 crc: 00308E17 date: 2009-07-14 01:15:07
 C:\windows\system32\CLBCatQ.DLL handle: 77130000 size: 522240 crc: 6C130B8A date: 2009-07-14 01:15:03
 C:\windows\system32\OLEAUT32.dll handle: 766F0000 size: 571904 crc: 0EB7703D date: 2014-11-26 03:32:05
 C:\windows\system32\mswsock.dll handle: 74D70000 size: 231424 crc: 2A2905A9 date: 2013-09-08 02:03:58
 C:\windows\System32\wshtcpip.dll handle: 748E0000 size: 9216 crc: BA963A19 date: 2009-07-14 01:16:20
 C:\windows\system32\MMDevAPI.DLL handle: 73E20000 size: 213504 crc: 93C0AA4F date: 2010-11-20 12:19:39
 C:\windows\system32\PROPSYS.dll handle: 741A0000 size: 988160 crc: 888D0BCB date: 2010-11-20 12:20:57
 C:\windows\system32\wdmaud.drv handle: 68C50000 size: 172032 crc: D5B9F5FA date: 2010-11-20 12:16:50
 C:\windows\system32\ksuser.dll handle: 69380000 size: 4608 crc: EBE07232 date: 2009-07-14 01:15:35
 C:\windows\system32\AVRT.dll handle: 73C80000 size: 14336 crc: 9818237B date: 2009-07-14 01:14:58
 C:\windows\system32\SETUPAPI.dll handle: 768F0000 size: 1667584 crc: 1D0104E8 date: 2010-11-20 12:21:14
 C:\windows\system32\CFGMGR32.dll handle: 753C0000 size: 145920 crc: 4DDC6E9A date: 2010-11-20 12:18:12
 C:\windows\system32\DEVOBJ.dll handle: 756A0000 size: 64512 crc: 2B501D62 date: 2009-07-14 01:15:11
 C:\windows\system32\AUDIOSES.DLL handle: 68B10000 size: 195584 crc: 4831E850 date: 2015-02-03 03:12:12
 C:\windows\system32\msacm32.drv handle: 73EE0000 size: 20992 crc: 73923147 date: 2009-07-14 01:14:08
 C:\windows\system32\MSACM32.dll handle: 73BD0000 size: 72192 crc: ABA25814 date: 2009-07-14 01:15:42
 C:\windows\system32\midimap.dll handle: 73BC0000 size: 16896 crc: C000494C date: 2009-07-14 01:15:40
 C:\windows\System32\dmime.dll handle: 64810000 size: 179712 crc: 179D7CFB date: 2009-07-14 01:15:12
 C:\windows\System32\DSOUND.dll handle: 69200000 size: 453632 crc: EC24F2F8 date: 2009-07-14 01:15:13
 C:\windows\System32\POWRPROF.dll handle: 73960000 size: 145408 crc: 9957ABF4 date: 2009-07-14 01:16:12
 C:\windows\System32\dmusic.dll handle: 69390000 size: 101376 crc: F5D0AA6B date: 2009-07-14 01:15:12
 C:\windows\system32\WINTRUST.dll handle: 75570000 size: 179200 crc: 9276EC18 date: 2015-02-03 03:12:48
 C:\windows\system32\CRYPT32.dll handle: 753F0000 size: 1174528 crc: 54C0267F date: 2015-02-03 03:12:14
 C:\windows\system32\MSASN1.dll handle: 753A0000 size: 34304 crc: BE7DA129 date: 2010-11-20 12:19:45
 C:\windows\System32\dmsynth.dll handle: 65DA0000 size: 105472 crc: 3B102040 date: 2009-07-14 01:15:12
 C:\windows\System32\dmloader.dll handle: 6E4D0000 size: 38400 crc: 8A3F45D2 date: 2009-07-14 01:15:12
 C:\windows\system32\psapi.dll handle: 76AF0000 size: 6144 crc: 25B988F9 date: 2009-07-14 01:16:12

---- gamelog start ----
Tick 0: new game started
Revision text changed to 1.5.0, savegame version 194, not modified, _openttd_newgrf_version = 0x15086a51
New game mode: 1 landscape: 0
Added NewGRF: GRF ID 44440A01, checksum FCEEC76CF44EC23E7FE9C88048CF11CC, filename: av8_aviators_aircraft_set-2.21\pb_av8w.grf (md5sum matches)
Added NewGRF: GRF ID 52571203, checksum 7CE88A25DDB058C1BE577B88D049B274, filename: egrvts2-188\egrvts2.grf (md5sum matches)
Added NewGRF: GRF ID 43415000, checksum C6AE1C574FD881A706AA2B623FB83BC1, filename: climate_dependant_airports-0.3.0\airportsplus.grf (md5sum matches)
Tick 3669: settings changed
Setting changed: economy.station_noise_level : 0 -> 1
---- gamelog end ----

*** End of OpenTTD Crash Report ***

Decoded stack trace:
[00] KERNELBASE           0x7552812F RaiseException + 84
[01] openttd              0x005D561A
[02] openttd              0x006A60A3
[03] openttd              0x00469D46
[04] openttd              0x0052DFF8
[05] openttd              0x0052F205
[06] openttd              0x00531C13
[07] openttd              0x0054A684
[08] openttd              0x0054832E
[09] openttd              0x00530608
[10] openttd              0x0052D167
[11] openttd              0x0054C0A6
[12] openttd              0x004407C4
[13] openttd              0x004409B3
[14] openttd              0x005D3E9D

*** End of additional info ***
