*** OpenTTD Crash Report ***
Date: 2009-04-25 09:32:32
Build: 0.7.0 (0) built on Apr  1 2009 14:58:10
Language: dutch.lng
Exception C0000005 at 0045D72F
Registers:
 EAX: 00000000 EBX: 01E5F760 ECX: 01E03D48 EDX: FFFFFFFF
 ESI: 01E03D48 EDI: 01E03D48 EBP: 0012FA14 ESP: 0012FA00
 EIP: 0045D72F EFLAGS: 00210246

Bytes at CS:EIP:
 66 8B 48 0A 0F B6 40 08 BA 00 F8 00 00 66 23 CA 33 DB BA 00 20 00 00 66

Stack trace: 
 01E03D48 01E03D48 01E5F760 01E03D48 00000057 0012FA44 0043FFE5 000000E3
 00000057 00000014 00000057 01E03D48 000000E3 01E03D48 00440E45 00000014
 01000057 0012FA74 004419F2 000000E3 00000057 00000000 00046D33 000000ED
 00000000 00000001 0000000B 00000000 75E8F8D2 00000001 00441AD2 00000001
 00000000 00000001 00000201 0012FB10 00000000 0051832A 0012FB8C 00000201
 00000000 75E90528 0012FB10 75E8F7E9 75E8F7AB B0C0C572 00000000 001606F4
 00000102 00000024 00000001 00000000 00000000 00000070 FFFFFFFF FFFFFFFF
 75E8F73D 75E8F7E9 00B74710 00000001 00000000 0012FB8C 0012FC58 00000000
 0012FB5C 75ED51BA C53AC9D2 FFFFFFFE 0012FB3C 75E8F8D2 001606F4 00000201
 00000001 00F600ED 00000201 DCBAABCD 00000000 0012FB8C 00000201 0012FBB4
 75E8F794 00517EE4 001606F4 00000201 00000001 00F600ED B0C0C5D6 0012FC60
 0012FC58 00BB1DA8 00000024 00000001 00000000 00000000 00000030 FFFFFFFF
 FFFFFFFF 75E8F73D 00000000 00000000 00000001 00000000 00000000 0012FB58
 0012F618 0012FC08 75ED51BA C53AC9D2 00000000 0012FC18 75E90008 00000000
 00517EE4 001606F4 00000201 00000001 00F600ED 00BB1DBC 00000001 B0C0C27A
 75E78DF4 75E8FD9F 00284192 0012FC18 75E8FF18 00000001 00000000 00000000
 0012FBDC 0012F618 0012FF78 75ED51BA C53B3E52 FFFFFFFE 0012FC28 75E90060
 00517EE4 00000000 00000000 00518989 0012FC58 00675A14 01D8D280 0012FCDC
 00000000 0012FC30 00284182 002841A0 00000000 00000000 001606F4 00000201
 00000001 00F600ED 002842F9 000000ED 0000010A 004290B9 0012FCF4 00000001
 00000001 01000004 01D8D270 00000000 00000000 00000000 00000000 FFFFFFFF
 00000104 00000000 00000000 00000000 FFFFFFFF 00000000 0012FEF8 00000000
 00000000 00000000 FFFFFFFF 0012FDFC 0061D610 00000000 00000000 0012FEF8
 0043F69E 00000001 0012FDF8 FFFFFFFE 00000000 5C3A4322 6E656F4B 6D61475C

Module information:
 C:\Koen\Games\Open-TTD\openttd.exe handle: 00400000 size: 2510336 crc: F41072C0 date: 2009-04-01 15:01:08
 C:\Windows\system32\ntdll.dll handle: 77460000 size: 1203792 crc: 7CFCEC95 date: 2008-01-21 02:25:01
 C:\Windows\system32\kernel32.dll handle: 75FE0000 size: 888832 crc: 62FA7623 date: 2009-02-13 08:49:05
 C:\Windows\system32\WINMM.dll handle: 73F80000 size: 189952 crc: D22FC585 date: 2008-01-21 02:24:11
 C:\Windows\system32\msvcrt.dll handle: 764F0000 size: 680448 crc: E5AE7FEC date: 2008-01-21 02:24:36
 C:\Windows\system32\USER32.dll handle: 75E70000 size: 627200 crc: B687ED70 date: 2008-01-21 02:24:21
 C:\Windows\system32\GDI32.dll handle: 76670000 size: 296960 crc: AA2880BF date: 2008-10-21 05:25:18
 C:\Windows\system32\ADVAPI32.dll handle: 75F10000 size: 798720 crc: F58CDFCB date: 2008-01-21 02:24:27
 C:\Windows\system32\RPCRT4.dll handle: 765A0000 size: 784896 crc: 3E044E39 date: 2008-04-12 03:32:11
 C:\Windows\system32\ole32.dll handle: 763A0000 size: 1315328 crc: 6B931D39 date: 2008-01-21 02:24:58
 C:\Windows\system32\OLEAUT32.dll handle: 768C0000 size: 563200 crc: B69E10E1 date: 2008-01-21 02:25:00
 C:\Windows\system32\OLEACC.dll handle: 73F40000 size: 215040 crc: EF3061D3 date: 2008-01-21 02:23:53
 C:\Windows\system32\WS2_32.dll handle: 77690000 size: 179200 crc: 5D581120 date: 2008-01-21 02:24:48
 C:\Windows\system32\NSI.dll handle: 775C0000 size: 8192 crc: 10729B39 date: 2008-01-21 02:24:47
 C:\Windows\system32\SHELL32.dll handle: 76950000 size: 11580928 crc: CE4BF6CB date: 2008-11-06 13:14:25
 C:\Windows\system32\SHLWAPI.dll handle: 76230000 size: 351744 crc: F95C1869 date: 2008-01-21 02:24:37
 C:\Windows\system32\IMM32.DLL handle: 77590000 size: 114688 crc: 57C1E0CD date: 2008-01-21 02:24:24
 C:\Windows\system32\MSCTF.dll handle: 76160000 size: 806912 crc: 66ABCC79 date: 2008-01-21 02:24:57
 C:\Windows\system32\LPK.DLL handle: 775B0000 size: 23552 crc: 3277B148 date: 2008-01-21 02:24:14
 C:\Windows\system32\USP10.dll handle: 77610000 size: 501760 crc: 09CF36C9 date: 2008-01-21 02:24:14
 C:\Windows\WinSxS\x86_microsoft.windows.common-controls_6595b64144ccf1df_6.0.6001.18000_none_5cdbaa5a083979cc\comctl32.dll handle: 74C20000 size: 1684480 crc: 57ECDF87 date: 2008-01-21 02:23:44
 C:\Windows\system32\SHFolder.dll handle: 746F0000 size: 7168 crc: 1CA14A5C date: 2006-11-02 09:46:13
 C:\Windows\system32\wdmaud.drv handle: 73BD0000 size: 166912 crc: 5FC059D1 date: 2008-01-21 02:24:55
 C:\Windows\system32\ksuser.dll handle: 73EA0000 size: 4608 crc: 4C647881 date: 2006-11-02 09:46:05
 C:\Windows\system32\MMDevAPI.DLL handle: 74AA0000 size: 149504 crc: 29FF5B91 date: 2008-01-21 02:24:44
 C:\Windows\system32\AVRT.dll handle: 74F80000 size: 12800 crc: EB589AA0 date: 2008-01-21 02:24:54
 C:\Windows\system32\SETUPAPI.dll handle: 75CE0000 size: 1590272 crc: BB6B35BF date: 2008-01-21 02:24:46
 C:\Windows\system32\WINTRUST.dll handle: 74E10000 size: 171520 crc: EE6B6CCB date: 2008-01-21 02:24:35
 C:\Windows\system32\CRYPT32.dll handle: 755A0000 size: 977408 crc: 49821E3F date: 2008-01-21 02:24:53
 C:\Windows\system32\MSASN1.dll handle: 75740000 size: 59904 crc: 7A69072B date: 2006-11-02 09:46:06
 C:\Windows\system32\USERENV.dll handle: 75B90000 size: 108032 crc: AC76B003 date: 2008-01-21 02:24:10
 C:\Windows\system32\Secur32.dll handle: 75B70000 size: 72704 crc: C6E7699B date: 2009-02-13 08:49:10
 C:\Windows\system32\imagehlp.dll handle: 775D0000 size: 153088 crc: EEF49677 date: 2008-01-21 02:24:06
 C:\Windows\system32\AUDIOSES.DLL handle: 73B80000 size: 116224 crc: 30C70121 date: 2008-01-21 02:24:54
 C:\Windows\system32\audioeng.dll handle: 73B10000 size: 397312 crc: 17666E45 date: 2008-01-21 02:24:54
 C:\Windows\system32\PSAPI.DLL handle: 75C40000 size: 12288 crc: D7B812C5 date: 2006-11-02 09:46:12
 C:\Windows\system32\msacm32.drv handle: 73A20000 size: 21504 crc: 1F6A62A4 date: 2008-01-21 02:23:45
 C:\Windows\system32\MSACM32.dll handle: 73A00000 size: 71680 crc: A2E8F836 date: 2008-01-21 02:24:53
 C:\Windows\system32\midimap.dll handle: 739F0000 size: 17408 crc: 44FD6876 date: 2008-01-21 02:23:45
 C:\Windows\system32\CLBCatQ.DLL handle: 76290000 size: 523776 crc: C2EBF5E6 date: 2008-01-21 02:24:24
 C:\Windows\system32\uxtheme.dll handle: 748B0000 size: 240128 crc: 5F29223E date: 2008-01-21 02:23:43
 C:\Program Files\Xfire\xfire_toucan_36644.dll handle: 10000000 size: 856912 crc: 1C35A980 date: 2009-04-14 02:19:34
 C:\Windows\system32\WSOCK32.dll handle: 738C0000 size: 15360 crc: 3A7127D9 date: 2008-01-21 02:23:45
 C:\Windows\system32\urlmon.dll handle: 76790000 size: 1166336 crc: E2FE05AF date: 2009-03-03 04:40:01
 C:\Windows\system32\iertutil.dll handle: 760C0000 size: 270336 crc: 2AF5537C date: 2009-03-03 04:37:15
 C:\Windows\system32\MSIMG32.dll handle: 74F60000 size: 4608 crc: 0475C3E2 date: 2006-11-02 09:46:07
 C:\Windows\system32\MSVCR71.DLL handle: 7C340000 size: 348160 crc: 35563170 date: 2003-02-21 03:42:22
 C:\Windows\system32\dmime.dll handle: 6D0D0000 size: 178688 crc: 3063C87B date: 2008-01-21 02:23:37
 C:\Windows\system32\DSOUND.dll handle: 6F610000 size: 444416 crc: 1F6BF3CC date: 2008-01-21 02:24:07
 C:\Windows\system32\POWRPROF.dll handle: 74FF0000 size: 97280 crc: 968A09AC date: 2008-01-21 02:25:01
 C:\Windows\system32\dmusic.dll handle: 6D8D0000 size: 101888 crc: C5478A00 date: 2008-01-21 02:23:37
 C:\Windows\system32\dmsynth.dll handle: 6D0B0000 size: 105472 crc: 246B7E26 date: 2008-01-21 02:23:37
 C:\Windows\system32\dmloader.dll handle: 70190000 size: 38400 crc: 43D1875C date: 2008-01-21 02:23:37
 C:\Windows\system32\mswsock.dll handle: 75300000 size: 223232 crc: 3746AAB9 date: 2008-01-21 02:24:02
 C:\Windows\System32\wshtcpip.dll handle: 74F70000 size: 9216 crc: 10C50FC1 date: 2008-01-21 02:24:04

System information:
 Windows version 6.0 6001 Service Pack 1

---- gamelog start ----
Tick 0: game loaded
     Conversion from OTTD savegame without gamelog: version 92, 0
     Revision text changed to 0.7.0, savegame version 116, not modified, _openttd_newgrf_version = 0x07083e29
     New game mode: 2 landscape: 0
     Added NewGRF: GRF ID 52570103, checksum EDB2D26F9D81423734CA12412F309CF3, filename: Even more data ;)\ottdc_grfpack\8_vehicles\trams\generictrams\generictrams_v0.4.grf
Tick 0: game loaded
     New game mode: 1 landscape: 0
---- gamelog end ----
