*** OpenTTD Crash Report ***

Crash at: Wed Feb 09 14:33:19 2011
In game date: 1951-02-05 (14)

Crash reason:
 Exception: C0000005
 Location:  000000013F162D61
 Message:   <none>

OpenTTD version:
 Version:    1.0.5 (0)
 NewGRF ver: 1058531e
 Bits:       64
 Endian:     little
 Dedicated:  no
 Build date: Nov 20 2010 20:51:46

Registers:
 RAX: 00000000053DEB80 RBX: 0000000000000000 RCX: D000036B9A11EB7C RDX: 00000000020E0B10
 RSI: 900000AF1ED0624C RDI: 00000000054DDBF0 RBP: 000000000031E430 RSP: 000000000031D860
 R8:  0000000001000001 R9:  0000000000001000 R10: 000000007FFFFFFF R11: 000000000031D8B8
 R12: 0000000000000001 R13: FFFFFFFFFFFFFFFF R14: 0000000000000000 R15: FFFFFFFFFFFFFFFF
 RIP: 000000013F162D61 EFLAGS: 00010206

 Bytes at instruction pointer:
 48 8B 5C CA 08 49 89 5B D8 44 8B 04 CA 45 89 43 D0 41 8B E8 81 E5 00 00

Stack trace:
 FFFFFFFE FFFFFFFF 01000001 00000000 00000000 00000000 08000010 00000000
 FFFFFFFE FFFFFFFF 01000001 00000001 00000000 00000000 00000000 00000000
 00000000 00000000 00000000 00000000 0000000C 00000000 3F15E457 00000001
 00000000 00000000 0031E430 00000000 00000002 00000000 00000000 00000000
 0031E430 00000000 3F15E006 00000001 00000001 00000000 00000017 00000D01
 0000000D 0D0C0C07 0031D9E0 00000000 0031E430 00000000 08000010 00000000
 02137720 00000000 00000100 00000000 FFFFFFFF FFFFFFFF 0031D9E1 00000000
 00000000 00000000 0031E400 00000000 00000000 00000000 00000000 00000000
 00000000 00000000 00000000 00000000 054DDBF0 00000000 0031E430 00000000
 0031E430 00000000 3F15E006 00000001 0000000B 01000C27 00000001 00000D01
 0000000D 0D0C0C07 3F28FFC8 00000001 0031E430 00000000 3F15DEDB 00000001
 FFFFFFFE FFFFFFFF 3F16C775 00000001 00000000 00000000 0031E430 00000000
 00000000 00000000 3F15DDD6 00000001 0031E430 00000000 054DDBF0 00000000
 0031E430 00000000 00000002 00000000 0031E430 00000000 3F15DC84 00000001
 00000001 00000000 3F2901E9 00000001 3F3FD5E0 00000001 0031DB10 00000000
 00000000 00000000 054DDBF0 00000000 0031E430 00000000 3F15DB58 00000001
 00001000 00000000 0031DB11 00000000 FF000000 FFFFFFFF 0031E430 00000000
 00000000 00000000 3F15D636 00000001 0031E400 00000000 0031E400 00000000
 0031E430 00000000 054DDBF0 00000000 0031E450 00000000 00000001 00000000
 3F3FD5E0 00000001 3F28F7E8 00000001 0031E570 00000000 3F1547F5 00000001
 0031E450 00000000 00000000 00000000 FFFFFFFE FFFFFFFF 3F16C775 00000001
 0031E450 00000000 0031E430 00000000 054DDBF0 00000000 000001D2 00000000
 0031E430 00000000 3F15CEB0 00000001 00000000 00000000 0031DB88 00000000
 0539B410 00000000 0000002D 00000000 FFFFFFFE FFFFFFFF 0031E450 00000000

Operating system:
 Name:     Windows
 Release:  6.1.7600 ()
 Compiler: MSVC 1500

Configuration:
 Blitter:      8bpp-optimized
 Graphics set: original_windows (0)
 Language:     english.lng
 Music driver: win32
 Music set:    original_windows (1)
 Network:      no
 Sound driver: win32
 Sound set:    original_windows (0)
 Video driver: win32

AI Configuration (local: 0):
  0: Human
  1: Department of Transportation (v1)

Libraries:
 FreeType:   2.4.3
 ICU:        4.4.2
 LZO:        2.03
 PNG:        1.4.4
 Zlib:       1.2.5

Module information:
 C:\Program Files\OpenTTD\openttd.exe handle: 000000013F040000 size: 4241408 crc: 3C95454C date: 2010-11-20 20:55:12
 C:\Windows\SYSTEM32\ntdll.dll handle: 0000000077660000 size: 1736608 crc: 51E6A99D date: 2010-03-24 06:59:44
 C:\Windows\system32\kernel32.dll handle: 0000000077540000 size: 1162240 crc: 822946F0 date: 2009-07-14 01:41:13
 C:\Windows\system32\KERNELBASE.dll handle: 000007FEFD6B0000 size: 421376 crc: 68F689E4 date: 2009-07-14 01:41:13
 C:\Windows\system32\WINMM.dll handle: 000007FEF7370000 size: 217600 crc: 7BC1529F date: 2009-07-14 01:41:56
 C:\Windows\system32\msvcrt.dll handle: 000007FEFF850000 size: 634880 crc: 7F3E716F date: 2009-07-14 01:41:32
 C:\Windows\system32\USER32.dll handle: 0000000077440000 size: 1008640 crc: 95FA0345 date: 2009-07-14 01:41:56
 C:\Windows\system32\GDI32.dll handle: 000007FEFE6D0000 size: 404480 crc: 0F1BAE69 date: 2009-07-14 01:40:56
 C:\Windows\system32\LPK.dll handle: 000007FEFEAB0000 size: 41984 crc: 350AF03B date: 2009-07-14 01:41:19
 C:\Windows\system32\USP10.dll handle: 000007FEFDBB0000 size: 801280 crc: 32EFA120 date: 2009-07-14 01:41:56
 C:\Windows\system32\WS2_32.dll handle: 000007FEFE740000 size: 296448 crc: B9553AFD date: 2009-07-14 01:41:58
 C:\Windows\system32\RPCRT4.dll handle: 000007FEFDA80000 size: 1221632 crc: D5B6358C date: 2009-07-14 01:41:53
 C:\Windows\system32\NSI.dll handle: 000007FEFE590000 size: 13824 crc: 53B46F6C date: 2009-07-14 01:41:53
 C:\Windows\system32\ADVAPI32.dll handle: 000007FEFE990000 size: 877056 crc: FA615A20 date: 2009-07-14 01:40:01
 C:\Windows\SYSTEM32\sechost.dll handle: 000007FEFEA90000 size: 113664 crc: 978CFAE5 date: 2009-07-14 01:41:53
 C:\Windows\system32\SHELL32.dll handle: 000007FEFEAC0000 size: 14162944 crc: 38C0D5D7 date: 2010-07-27 14:59:11
 C:\Windows\system32\SHLWAPI.dll handle: 000007FEFE910000 size: 449536 crc: 0BFDF102 date: 2009-07-14 01:41:54
 C:\Windows\system32\IMM32.DLL handle: 000007FEFE070000 size: 167424 crc: 41B2805A date: 2009-07-14 01:41:09
 C:\Windows\system32\MSCTF.dll handle: 000007FEFE0A0000 size: 1067008 crc: 798DDDA0 date: 2009-07-14 01:41:28
 C:\Windows\system32\SHFolder.dll handle: 000007FEF8840000 size: 10240 crc: 08A48DE3 date: 2009-07-14 01:41:54
 C:\Windows\system32\ole32.dll handle: 000007FEFDE60000 size: 2085376 crc: 4764DDC2 date: 2010-06-29 05:39:12
 C:\Windows\system32\MMDevAPI.DLL handle: 000007FEF82B0000 size: 284160 crc: CDF2EF81 date: 2009-07-14 01:41:26
 C:\Windows\system32\PROPSYS.dll handle: 000007FEF8180000 size: 1212416 crc: 98D01BC9 date: 2009-07-14 01:41:53
 C:\Windows\system32\OLEAUT32.dll handle: 000007FEFE790000 size: 861184 crc: 112732BA date: 2010-04-07 07:37:39
 C:\Windows\system32\wdmaud.drv handle: 000007FEF7330000 size: 217088 crc: AB6BC545 date: 2009-07-14 01:38:50
 C:\Windows\system32\ksuser.dll handle: 0000000074DD0000 size: 5120 crc: AA2071D9 date: 2009-07-14 01:41:13
 C:\Windows\system32\AVRT.dll handle: 000007FEF8150000 size: 18432 crc: 5CE53CB7 date: 2009-07-14 01:40:05
 C:\Windows\system32\SETUPAPI.dll handle: 000007FEFDC80000 size: 1899520 crc: 91ED5D15 date: 2009-07-14 01:41:54
 C:\Windows\system32\CFGMGR32.dll handle: 000007FEFD950000 size: 207360 crc: 369326FC date: 2009-07-14 01:40:15
 C:\Windows\system32\DEVOBJ.dll handle: 000007FEFD7C0000 size: 93184 crc: A7541AE2 date: 2009-07-14 01:40:28
 C:\Windows\system32\AUDIOSES.DLL handle: 000007FEF7240000 size: 296448 crc: 07CA71DE date: 2009-07-14 01:40:04
 C:\Windows\system32\msacm32.drv handle: 000007FEF7230000 size: 25600 crc: 2B579A05 date: 2009-07-14 01:38:50
 C:\Windows\system32\MSACM32.dll handle: 000007FEF7210000 size: 83456 crc: 3D67538B date: 2009-07-14 01:41:27
 C:\Windows\system32\midimap.dll handle: 000007FEF7200000 size: 20480 crc: CB902A13 date: 2009-07-14 01:41:23
 C:\Windows\system32\CRYPTBASE.dll handle: 000007FEFD4F0000 size: 44032 crc: F547C16E date: 2009-07-14 01:40:24
 C:\Windows\system32\CLBCatQ.DLL handle: 000007FEFD990000 size: 607744 crc: 939E35C9 date: 2009-07-14 01:40:15
 C:\Windows\system32\uxtheme.dll handle: 000007FEF7F30000 size: 332288 crc: B0A13DF9 date: 2009-07-14 01:41:56
 C:\Program Files\Common Files\microsoft shared\ink\tiptsf.dll handle: 000007FEF4980000 size: 503296 crc: FC989EBC date: 2009-07-14 01:41:55
 C:\Windows\system32\dwmapi.dll handle: 000007FEF7D70000 size: 82432 crc: A459F360 date: 2009-07-14 01:40:34
 C:\Windows\system32\version.dll handle: 000007FEFC580000 size: 29184 crc: 628CCE3F date: 2009-07-14 01:41:56
 C:\Windows\system32\oleacc.dll handle: 000007FEF7500000 size: 331776 crc: 2976BDD4 date: 2009-07-14 01:41:53
 C:\Windows\system32\mswsock.dll handle: 000007FEFCE30000 size: 320000 crc: EA387916 date: 2009-07-14 01:41:34
 C:\Windows\System32\wshtcpip.dll handle: 000007FEF8850000 size: 13312 crc: 5D1E2C55 date: 2009-07-14 01:41:58
 C:\Windows\system32\uiautomationcore.dll handle: 000007FEE7880000 size: 751104 crc: F1998D2B date: 2009-07-14 01:41:55
 C:\Windows\system32\PSAPI.DLL handle: 0000000077820000 size: 9216 crc: 84B5E9BA date: 2009-07-14 01:41:53
 C:\Windows\System32\MSSWCH.dll handle: 000007FEF7460000 size: 19456 crc: 4C4672E4 date: 2009-07-14 01:41:31

---- gamelog start ----
Tick 0: new game started
     Revision text changed to 1.0.5, savegame version 138, not modified, _openttd_newgrf_version = 0x1058531e
     New game mode: 1 landscape: 0
     Added NewGRF: GRF ID 4D470702, checksum FACC5CE9185FE252C38C4F3834BE8D73, filename: french_town_names-r5\frenchtowns.grf
---- gamelog end ----

*** End of OpenTTD Crash Report ***
