*** OpenTTD Crash Report ***

Crash at: Wed Feb 05 20:12:21 2014
In game date: 1949-01-01 (0)

Crash reason:
 Exception: E1212012
 Location:  000007FB71A2811C
 Message:   Assertion failed at line 42 of ..\src\linkgraph\linkgraphjob.cpp: this->thread == NULL

OpenTTD version:
 Version:    1.4.0-beta3 (0)
 NewGRF ver: 140066a1
 Bits:       64
 Endian:     little
 Dedicated:  no
 Build date: Jan 21 2014 20:28:10

Registers:
 RAX: 0000000000000000 RBX: 0000000000000016 RCX: 0000000000D9DBB8 RDX: 0000000000D9DBC0
 RSI: 0000000000000000 RDI: 0000000000000008 RBP: 0000000000D9E538 RSP: 0000000000D9E130
 R8:  000000A600000001 R9:  0000000000000000 R10: 0000000000000000 R11: 0000000000000003
 R12: 000007F6BE3ECBD0 R13: 000007F6BD9BA0C4 R14: 0000000000000001 R15: 00000000261B7450
 RIP: 000007FB71A2811C EFLAGS: 00000202

 Bytes at instruction pointer:
 48 8B 8C 24 C0 00 00 00 48 33 CC E8 E4 92 FC FF 48 81 C4 D8 00 00 00 C3

Stack trace:
 64E631A9 00000000 00000016 00000000 00000000 00000000 00000008 00000000
 E1212012 00000000 00000000 00000000 71A2811C 000007FB 00000000 00000000
 BE900830 000007F6 00000000 00000000 00000050 00000000 00500632 00000000
 00000000 00000000 BE900830 000007F6 BE35B0D8 000007F6 00000010 00000000
 00000000 00000000 00000000 00000000 00000000 00000000 747966FF 000007FB
 00000000 00000000 00000000 00000000 00D9E010 00000000 00D9DFF0 00000000
 43C5E126 0000CC3D 00000001 FFFFFFFF 00000016 00000000 BDAA5A99 000007F6
 00000001 00000000 1E00B120 00000000 41E2FF9E 0000399D 7476DD57 000007FB
 00000200 00000000 261B7450 00000000 00000001 00000000 00000000 00000000
 64E631A9 00000000 00000000 00000000 261B7450 00000000 BDAA4E50 000007F6
 00000001 00000000 261B7450 00000000 00000001 00000000 FFFFFFFF 00000000
 261B7450 00000000 BD72DF23 000007F6 261B7450 00000000 00D9E538 00000000
 00000001 00000000 00000000 00000000 65737341 6F697472 6166206E 64656C69
 20746120 656E696C 20323420 2E20666F 72735C2E 696C5C63 72676B6E 5C687061
 6B6E696C 70617267 626F6A68 7070632E 6874203A 3E2D7369 65726874 3D206461
 554E203D 00004C4C 02713340 00000000 000003FF 00000000 00000080 00000080
 2413CEB0 00000000 C40001C5 00000000 00000058 00000000 02713340 00000000
 4D00400D 00000000 2C00002C 00000000 2413CEB0 00000000 02000002 00000000
 FFFFFFFF 000000FF 11000011 00000000 4D00400D 00000000 0353C2C0 00000000
 00800002 00000000 02000002 00000000 0353C2C0 00000000 00000011 00000000
 02710000 00000000 02713332 00000000 00000000 00000000 0353C2C0 00000000
 02713340 00000000 0000002B 00000000 0000008B 00000000 027102C0 00000000
 242C8CC0 00000000 027102C0 00000000 25649010 00000000 00000054 00000000
 02713380 00000000 027102C0 00000000 02713340 00000000 02713340 00000000

Operating system:
 Name:     Windows
 Release:  6.2.9200 ()
 Compiler: MSVC 1600

Configuration:
 Blitter:      32bpp-sse4-anim
 Graphics set: zBase (251)
 Language:     C:\Program Files\OpenTTD\lang\english_US.lng
 Music driver: win32
 Music set:    OpenMSX (96)
 Network:      no
 Sound driver: win32
 Sound set:    OpenSFX (87)
 Video driver: win32

Fonts:
 Small:  sprite
 Medium: sprite
 Large:  sprite
 Mono:   sprite

AI Configuration (local: 255):
  0: Human
  1: Human

Libraries:
 FreeType:   2.4.11
 ICU:        51.2
 LZMA:       5.0.4
 LZO:        2.06
 PNG:        1.5.14
 Zlib:       1.2.7

Module information:
 C:\Program Files\OpenTTD\openttd.exe handle: 000007F6BD6D0000 size: 14064128 crc: 33788D48 date: 2014-01-21 20:33:24
 C:\Windows\SYSTEM32\ntdll.dll handle: 000007FB74760000 size: 1829408 crc: EC3E2755 date: 2013-04-09 05:17:57
 C:\Windows\system32\KERNEL32.DLL handle: 000007FB73EF0000 size: 1257472 crc: D9FB2CAC date: 2013-05-30 23:24:29
 C:\Windows\system32\KERNELBASE.dll handle: 000007FB719F0000 size: 976384 crc: 6E438634 date: 2012-11-06 04:18:33
 C:\Windows\SYSTEM32\WINMM.dll handle: 000007FB6D3A0000 size: 115712 crc: C55809AE date: 2013-06-19 05:36:21
 C:\Windows\system32\WS2_32.dll handle: 000007FB742B0000 size: 345088 crc: 3FA6B8C5 date: 2012-07-26 05:26:48
 C:\Windows\system32\IMM32.dll handle: 000007FB71B50000 size: 213504 crc: 7423905F date: 2012-07-26 03:05:49
 C:\Windows\system32\USER32.dll handle: 000007FB73820000 size: 1342464 crc: 07319BBB date: 2012-09-20 06:33:05
 C:\Windows\system32\GDI32.dll handle: 000007FB71B90000 size: 1300992 crc: 600EB792 date: 2013-10-02 23:25:41
 C:\Windows\system32\ADVAPI32.dll handle: 000007FB74310000 size: 894464 crc: 665B5F2D date: 2012-07-26 03:05:02
 C:\Windows\system32\SHELL32.dll handle: 000007FB72540000 size: 19758080 crc: 50320184 date: 2013-08-02 06:28:20
 C:\Windows\SYSTEM32\WINMMBASE.dll handle: 000007FB6D360000 size: 183808 crc: 78E302AA date: 2013-06-19 05:36:21
 C:\Windows\system32\msvcrt.dll handle: 000007FB743F0000 size: 654848 crc: E98BCC92 date: 2012-07-26 05:26:45
 C:\Windows\system32\RPCRT4.dll handle: 000007FB723F0000 size: 1314816 crc: 543430A7 date: 2013-05-23 23:02:30
 C:\Windows\system32\NSI.dll handle: 000007FB746E0000 size: 19456 crc: 576B2E73 date: 2012-07-26 05:26:47
 C:\Windows\system32\MSCTF.dll handle: 000007FB73970000 size: 1125888 crc: 408816F4 date: 2013-04-09 23:17:06
 C:\Windows\SYSTEM32\sechost.dll handle: 000007FB73E90000 size: 279040 crc: FE7E56F6 date: 2012-07-26 05:26:48
 C:\Windows\SYSTEM32\combase.dll handle: 000007FB71F20000 size: 1743872 crc: D929B890 date: 2012-09-20 06:30:48
 C:\Windows\system32\SHLWAPI.dll handle: 000007FB74030000 size: 309760 crc: 5D10ED12 date: 2012-07-26 03:07:16
 C:\Windows\SYSTEM32\cfgmgr32.dll handle: 000007FB718C0000 size: 320112 crc: 21D22127 date: 2012-07-26 04:52:35
 C:\Windows\system32\DEVOBJ.dll handle: 000007FB71910000 size: 134168 crc: ACCE92D4 date: 2012-07-26 04:52:35
 C:\Windows\SYSTEM32\SHCORE.dll handle: 000007FB6FAD0000 size: 588288 crc: 3F113A82 date: 2013-10-28 05:50:42
 C:\Windows\system32\uxtheme.dll handle: 000007FB704A0000 size: 915968 crc: 7CB3BA40 date: 2013-10-25 06:19:12
 C:\Windows\SYSTEM32\dwmapi.dll handle: 000007FB6DE10000 size: 115200 crc: 02054870 date: 2012-07-26 03:05:33
 C:\Windows\system32\ole32.dll handle: 000007FB72270000 size: 1566432 crc: 0BCB71C4 date: 2012-11-06 07:33:30
 C:\Windows\SYSTEM32\CRYPTBASE.dll handle: 000007FB71450000 size: 22016 crc: 6F993B0A date: 2012-07-26 05:26:47
 C:\Windows\SYSTEM32\bcryptPrimitives.dll handle: 000007FB713F0000 size: 373312 crc: 4AC08017 date: 2012-07-26 05:26:42
 C:\Windows\system32\mswsock.dll handle: 000007FB70E60000 size: 355328 crc: B7790FBE date: 2012-10-11 05:44:51
 C:\Windows\SYSTEM32\MMDevAPI.DLL handle: 000007FB6D600000 size: 389360 crc: 596C16E1 date: 2012-09-20 08:40:25
 C:\Windows\SYSTEM32\wdmaud.drv handle: 000007FB6BC90000 size: 207872 crc: 043950C4 date: 2012-07-26 03:04:58
 C:\Windows\SYSTEM32\ksuser.dll handle: 000007FB6BC60000 size: 15952 crc: 99C9884B date: 2012-07-26 04:45:07
 C:\Windows\SYSTEM32\AVRT.dll handle: 000007FB6D670000 size: 27280 crc: 1F9F19C2 date: 2012-09-20 09:08:47
 C:\Windows\SYSTEM32\AUDIOSES.DLL handle: 000007FB6CB50000 size: 446792 crc: 0F89D561 date: 2013-04-09 05:33:02
 C:\Windows\system32\OLEAUT32.dll handle: 000007FB71D00000 size: 778752 crc: 5E0C44A8 date: 2013-09-28 05:48:00
 C:\Windows\SYSTEM32\powrprof.dll handle: 000007FB715B0000 size: 260608 crc: FD51DA52 date: 2012-07-26 03:06:59
 C:\Windows\SYSTEM32\msacm32.drv handle: 000007FB6BBF0000 size: 25600 crc: F12956A9 date: 2012-07-26 03:04:58
 C:\Windows\SYSTEM32\MSACM32.dll handle: 000007FB6BBD0000 size: 84480 crc: 1384C734 date: 2012-07-26 03:06:16
 C:\Windows\SYSTEM32\midimap.dll handle: 000007FB6F180000 size: 18944 crc: 473F99CF date: 2012-07-26 03:06:05
 C:\Windows\system32\psapi.dll handle: 000007FB73EE0000 size: 9728 crc: 82F0883A date: 2012-07-26 03:07:00

---- gamelog start ----
Tick 0: new game started
     Revision text changed to 1.4.0-beta3, savegame version 188, not modified, _openttd_newgrf_version = 0x140066a1
     New game mode: 1 landscape: 0
     Added NewGRF: GRF ID 47460000, checksum A4F4DABC184F3C73F0EB54342CCFF087, filename: 832bpp_trains_2cc-2\trains.grf (md5sum matches)
     Added NewGRF: GRF ID 19060801, checksum 6CFC6328D999C140851BFE6514BA277A, filename: bigger_depots.0.3\bigdepot.grf (md5sum matches)
     Added NewGRF: GRF ID 4946424C, checksum 277B92187F074918F46CE65FD6D440EC, filename: hot_air_balloon-1.0\hotairballoon.grf (md5sum matches)
     Added NewGRF: GRF ID 4D470801, checksum AB5909E50F9AFAC0DF4C5F66E241838A, filename: lumbermill.1.1\lumbermill.grf (md5sum matches)
     Added NewGRF: GRF ID 66724D49, checksum 235C574C38ED0DC51023E5985768AA38, filename: manual_industries-2r5\manindu.grf (md5sum matches)
     Added NewGRF: GRF ID FBFB0402, checksum 055724E1608C73A181748D39F28CB0E7, filename: metro_track_set-2.1.1\metrotrackset.grf (md5sum matches)
     Added NewGRF: GRF ID 4642FB21, checksum 117F6F1F07C18A9C15ADC6127AFBAE97, filename: modern_tram_set-3.1\motraset_r3.1.grf (md5sum matches)
     Added NewGRF: GRF ID 44440302, checksum 439275017478C2E5E7AA25F5E191903D, filename: north_american_renewal_set.2_03\nars2w.grf (md5sum matches)
     Added NewGRF: GRF ID 4E415256, checksum ABC1F6EB17576182AEC8863E751DF6D5, filename: north_american_road_vehicle_set-0.1.2\narvs.grf (md5sum matches)
     Added NewGRF: GRF ID 52577801, checksum 20B5D8122F2B4AD74ADDA30E44BA8233, filename: opengfx_biggui-2.0.0\ogfx-biggui.grf (md5sum matches)
     Added NewGRF: GRF ID 4F472B31, checksum 4E0B2D42462F295F36AFBA90D239A323, filename: opengfx_trains-0.3.0\ogfx-trains.grf (md5sum matches)
     Added NewGRF: GRF ID 54560301, checksum ED22416EE087725E4B5A9AF8F0357F29, filename: trolleybus_set-0.2\trolley.grf (md5sum matches)
---- gamelog end ----

*** End of OpenTTD Crash Report ***

Decoded stack trace:
[00] KERNELBASE           0x000007FB71A2811C RaiseException + 104
[01] openttd              0x000007F6BDAA5A99
[02] openttd              0x000007F6BDAA4E50
[03] openttd              0x000007F6BD72DF23
[04] openttd              0x000007F6BD7134BB
[05] openttd              0x000007F6BD715146
[06] openttd              0x000007F6BD714C95
[07] openttd              0x000007F6BD7733E1
[08] openttd              0x000007F6BD71B5F7
[09] openttd              0x000007F6BD6FD50C
[10] openttd              0x000007F6BD72E92E
[11] openttd              0x000007F6BD730A6B
[12] openttd              0x000007F6BD7323A2
[13] openttd              0x000007F6BD9B88C1
[14] openttd              0x000007F6BD730148
[15] openttd              0x000007F6BD9BAEEB
[16] openttd              0x000007F6BDAA7514
[17] KERNEL32             0x000007FB73EF1832 BaseThreadInitThunk + 26
[18] ntdll                0x000007FB747BD609 RtlUserThreadStart + 33

*** End of additional info ***
