*** OpenTTD Crash Report ***

Crash at: Mon Jan 24 14:16:01 2011
In game date: 2047-01-15 (35)

Crash reason:
 Exception: E1212012
 Location:  75DBB727
 Message:   Assertion failed at line 153 of c:\openttd\compile\src\core\math_func.hpp: min <= max

OpenTTD version:
 Version:    r21905 (0)
 NewGRF ver: 11005591
 Bits:       32
 Endian:     little
 Dedicated:  no
 Build date: Jan 23 2011 19:17:33

Registers:
 EAX: 0018F408 EBX: 00000016 ECX: 00000000 EDX: 0008E3B8
 ESI: 00BCEFE8 EDI: 00000000 EBP: 0018F458 ESP: 0018F408
 EIP: 75DBB727 EFLAGS: 00000246

 Bytes at instruction pointer:
 C9 C2 10 00 CC CC CC CC CC 8B FF 55 8B EC 56 8B 75 08 83 FE F4 72 18 83

Stack trace:
 E1212012 00000000 00000000 75DBB727 00000000 0018F50C 778A2E5E 00CD0138
 778A2E3A 77F63A1A 00000000 00CD0000 7788FA7A 778B0E92 FFFFFFFF 00000024
 0018F454 00000004 00000000 00000016 0018F4B8 00572757 E1212012 00000000
 00000000 00000000 00645176 00000016 88B94C9C 0018F800 00000200 0529DF01
 778A9BBC FFFFFFFF 00000000 0018F4A0 00572747 00000001 0018F478 0018EFCC
 0018FAC4 0064B360 881BF85C FFFFFFFE 0018F7F0 006445B0 00000016 00000200
 00000001 00160884 00D907A0 00D90C40 000E001C 00000027 00000000 0100013E
 00000000 00000138 01010000 0018F42C 76CA288A 0018FAC4 778E03DD 006709A6
 FFFFFFFE 778A2E3A 778A2A32 00000000 00D907A0 00010003 00000000 0018F738
 00D90798 0018F5D4 76CDF908 00CD0000 00000000 00D907A0 00000001 0018F738
 00000001 0000001C 0000000F 00000000 00C2E690 00000010 000D0914 00000000
 00000006 00000000 00000000 00000500 00000302 00000000 00000135 0018F738
 000001AF 00000000 00007F01 00000000 00000001 0000001E 50022080 00000035
 00000020 00000001 00000000 000001A2 0018F500 00D907A0 00F5135C 00000000
 00D90804 00F513C8 00000130 0018F72C 76CDFBAC 00000010 0018F800 00000200
 76CDFBE4 00000001 00000400 077AFFE0 0018F6F8 1002CE13 00000000 00F50E04
 0003D520 02A60000 00000000 00000000 00000000 76CDFBFC 00000000 00000001
 075E72E8 02A62B88 07AF0000 00007AF1 0018F64C 1002C4CD 077F0000 00301000
 02A60000 07683308 00000000 7F00017E 0018F73C 07683720 0753C2B0 02A7BDD8
 000007F0 02A60000 00000001 07683308 0018F768 778A2E5E 02A60138 778A2E3A
 77F6387E 00000000 02A60000 07683310 0018F6A8 0018F6A8 1002C7EC 00240028
 0018F7A8 1002CE13 778D4DD8 7788FA50 7788FA62 00000000 02A60000 02A600A0
 0018F7A8 778B28D6 02A60138 778A3282 77F638BE 7789DE86 00000000 02A60000
 077B6F00 0003D520 0018F920 0018F920 00000000 0000007F 0018F800 00C2E690

Operating system:
 Name:     Windows
 Release:  6.1.7600 (Service Pack 2)
 Compiler: MSVC 1500

Configuration:
 Blitter:      8bpp-optimized
 Graphics set: OpenGFX (593)
 Language:     D:\games\openttd\_latest_nightly\openttd-trunk-r21905-windows-win32\lang\english_US.lng
 Music driver: dmusic
 Music set:    NoMusic (0)
 Network:      no
 Sound driver: win32
 Sound set:    NoSound (2)
 Video driver: win32

AI Configuration (local: 0):
  0: Human
  1: trAIns (v2)
  2: StreetTraffic (v1)
  3: Denver & Rio Grande (v1)
  4: Trans (v100307)
  5: NoCAB (v484)
  6: Human
  7: AdmiralAI (v22)
  8: TownCars (v4)
 13: Denver & Rio Grande (v1)

Libraries:
 FreeType:   2.4.4
 ICU:        4.4.2
 LZMA:       5.0.0
 LZO:        2.03
 PNG:        1.4.5
 Zlib:       1.2.5

Module information:
 D:\games\openttd\_latest_nightly\openttd-trunk-r21905-windows-win32\openttd.exe handle: 00400000 size: 8216576 crc: 5A09D7C2 date: 2011-01-23 19:21:28
 C:\Windows\SysWOW64\ntdll.dll handle: 77870000 size: 1289528 crc: DD5862D0 date: 2010-03-24 06:37:04
 C:\Windows\syswow64\kernel32.dll handle: 75580000 size: 836608 crc: C271BF8C date: 2009-07-14 01:11:23
 C:\Windows\syswow64\KERNELBASE.dll handle: 75DB0000 size: 269824 crc: 778A4077 date: 2009-07-14 01:11:23
 C:\Windows\system32\WINMM.dll handle: 732F0000 size: 194048 crc: 2FBEB05C date: 2009-07-14 01:16:19
 C:\Windows\syswow64\msvcrt.dll handle: 77250000 size: 690688 crc: 554C94A4 date: 2009-07-14 01:15:50
 C:\Windows\syswow64\USER32.dll handle: 76C70000 size: 833024 crc: E462ECF7 date: 2009-07-14 01:11:24
 C:\Windows\syswow64\GDI32.dll handle: 75BB0000 size: 310784 crc: D911CA67 date: 2009-07-14 01:11:21
 C:\Windows\syswow64\LPK.dll handle: 75DA0000 size: 25600 crc: 3C6CC57C date: 2009-07-14 01:11:23
 C:\Windows\syswow64\USP10.dll handle: 76FB0000 size: 627200 crc: 3887C4C8 date: 2009-07-14 01:16:17
 C:\Windows\syswow64\ADVAPI32.dll handle: 76F10000 size: 640000 crc: 24248FE4 date: 2009-07-14 01:14:53
 C:\Windows\SysWOW64\sechost.dll handle: 77210000 size: 92160 crc: B624B29A date: 2009-07-14 01:16:13
 C:\Windows\syswow64\RPCRT4.dll handle: 75940000 size: 662528 crc: 21A3ED97 date: 2009-07-14 01:11:23
 C:\Windows\syswow64\SspiCli.dll handle: 753E0000 size: 96768 crc: 88D768A6 date: 2009-12-11 07:36:33
 C:\Windows\syswow64\CRYPTBASE.dll handle: 753D0000 size: 36864 crc: 00308E17 date: 2009-07-14 01:15:07
 C:\Windows\syswow64\WS2_32.dll handle: 76C30000 size: 206336 crc: 4C23BF22 date: 2009-07-14 01:16:20
 C:\Windows\syswow64\NSI.dll handle: 77840000 size: 8704 crc: 2ACE9671 date: 2009-07-14 01:16:11
 C:\Windows\syswow64\SHELL32.dll handle: 75FE0000 size: 12867584 crc: E1911954 date: 2010-07-27 14:03:24
 C:\Windows\syswow64\SHLWAPI.dll handle: 75F70000 size: 350208 crc: 8D9B2C39 date: 2009-07-14 01:16:14
 C:\Windows\system32\IMM32.DLL handle: 75B50000 size: 119808 crc: BC43D00A date: 2009-07-14 01:11:21
 C:\Windows\syswow64\MSCTF.dll handle: 77140000 size: 828928 crc: DFE09EEB date: 2009-07-14 01:15:43
 C:\Windows\SysWOW64\guard32.dll handle: 10000000 size: 285480 crc: CF4DDD8F date: 2011-01-12 16:10:02
 C:\Windows\system32\VERSION.dll handle: 751C0000 size: 21504 crc: 88D9D0F1 date: 2009-07-14 01:16:17
 C:\Windows\system32\fltlib.dll handle: 751B0000 size: 14848 crc: 84888438 date: 2009-07-14 01:15:21
 C:\Windows\system32\SHFolder.dll handle: 73510000 size: 7168 crc: 683AAC32 date: 2009-07-14 01:16:14
 C:\Windows\syswow64\ole32.dll handle: 75C40000 size: 1413632 crc: 082ED659 date: 2010-06-29 05:02:02
 C:\Windows\system32\MMDevAPI.DLL handle: 74930000 size: 213504 crc: 352DF99F date: 2009-07-14 01:15:41
 C:\Windows\system32\PROPSYS.dll handle: 74AE0000 size: 988160 crc: 0700E8D7 date: 2009-07-14 01:16:12
 C:\Windows\syswow64\OLEAUT32.dll handle: 75E00000 size: 571904 crc: 9BF754BE date: 2010-04-07 07:10:36
 C:\Windows\system32\wdmaud.drv handle: 74900000 size: 172032 crc: 03BEEBE2 date: 2009-07-14 01:14:08
 C:\Windows\system32\ksuser.dll handle: 74D80000 size: 4608 crc: EBE07232 date: 2009-07-14 01:15:35
 C:\Windows\system32\AVRT.dll handle: 74A90000 size: 14336 crc: 9818237B date: 2009-07-14 01:14:58
 C:\Windows\syswow64\SETUPAPI.dll handle: 76D70000 size: 1668608 crc: F909EF01 date: 2009-07-14 01:16:14
 C:\Windows\syswow64\CFGMGR32.dll handle: 77410000 size: 145920 crc: 6377C630 date: 2009-07-14 01:15:02
 C:\Windows\syswow64\DEVOBJ.dll handle: 77230000 size: 64512 crc: 2B501D62 date: 2009-07-14 01:15:11
 C:\Windows\system32\AUDIOSES.DLL handle: 748C0000 size: 195584 crc: BC939745 date: 2009-07-14 01:14:57
 C:\Windows\system32\msacm32.drv handle: 74A80000 size: 20992 crc: 73923147 date: 2009-07-14 01:14:08
 C:\Windows\system32\MSACM32.dll handle: 74A30000 size: 72192 crc: ABA25814 date: 2009-07-14 01:15:42
 C:\Windows\system32\midimap.dll handle: 748A0000 size: 16896 crc: C000494C date: 2009-07-14 01:15:40
 C:\Windows\syswow64\CLBCatQ.DLL handle: 756B0000 size: 522240 crc: 6C130B8A date: 2009-07-14 01:15:03
 C:\Windows\system32\uxtheme.dll handle: 72B10000 size: 245760 crc: 60C5C746 date: 2009-07-14 01:11:24
 D:\Program Files (x86)\RocketDock\RocketDock.dll handle: 03480000 size: 69632 crc: B42DC454 date: 2007-09-02 12:57:36
 C:\Windows\syswow64\PSAPI.DLL handle: 75FD0000 size: 6144 crc: 25B988F9 date: 2009-07-14 01:16:12
 D:\Program Files (x86)\ABBYY Lingvo x3\LvHook.dll handle: 3AA00000 size: 668936 crc: 563D14AF date: 2009-05-12 20:28:09
 C:\Windows\system32\dwmapi.dll handle: 74D00000 size: 67072 crc: FC7CA4B8 date: 2009-07-14 01:15:13
 C:\Windows\System32\dmime.dll handle: 68300000 size: 179712 crc: 179D7CFB date: 2009-07-14 01:15:12
 C:\Windows\System32\DSOUND.dll handle: 749B0000 size: 453632 crc: EC24F2F8 date: 2009-07-14 01:15:13
 C:\Windows\System32\POWRPROF.dll handle: 74DD0000 size: 145408 crc: 9957ABF4 date: 2009-07-14 01:16:12
 C:\Windows\System32\dmusic.dll handle: 68360000 size: 101376 crc: F5D0AA6B date: 2009-07-14 01:15:12
 C:\Windows\syswow64\WINTRUST.dll handle: 77440000 size: 172032 crc: EA2D5BBA date: 2009-12-29 06:55:34
 C:\Windows\syswow64\CRYPT32.dll handle: 75A30000 size: 1151488 crc: CC34327C date: 2009-07-14 01:15:07
 C:\Windows\syswow64\MSASN1.dll handle: 77300000 size: 34816 crc: 4F65C9C8 date: 2009-08-29 06:57:31
 C:\Windows\System32\dmsynth.dll handle: 68810000 size: 105472 crc: 3B102040 date: 2009-07-14 01:15:12
 C:\Windows\System32\dmloader.dll handle: 68350000 size: 38400 crc: 8A3F45D2 date: 2009-07-14 01:15:12
 C:\Windows\system32\mswsock.dll handle: 75120000 size: 232448 crc: 32400D27 date: 2009-07-14 01:15:51
 C:\Windows\System32\wshtcpip.dll handle: 73330000 size: 9216 crc: BA963A19 date: 2009-07-14 01:16:20

---- gamelog start ----
Tick 0: new game started
     Revision text changed to 1.0.3, savegame version 138, not modified, _openttd_newgrf_version = 0x10384f2b
     New game mode: 1 landscape: 0
     Added NewGRF: GRF ID 535A5644, checksum 5390BFF2E600595DC74E1C6247DA762D, filename: my_grf_packs\1_other\Better_vehicle_names.v1\bvehname.grf (md5sum matches)
     Added NewGRF: GRF ID 4D570102, checksum 8C41066F2430A1762047AB077B51EE63, filename: my_grf_packs\8_vehicles\road_vehicles\Hover_Bus.1.0\hoverbus_1.0.grf (md5sum matches)
     Added NewGRF: GRF ID 4D656F00, checksum E8A97605B89050C0366F1C02BC3DF500, filename: my_grf_packs\8_vehicles\road_vehicles\longvehw - keep original cars - too much cars\LongBusesw.grf (matches GRFID only)
     Added NewGRF: GRF ID 535A0000, checksum 0DE7B1BFD2649168E06AB9169B780131, filename: my_grf_packs\8_vehicles\trains_wagons\TgvW.GRF (md5sum matches)
     Added NewGRF: GRF ID 425F0101, checksum 5E6DC9FD3D9364AC6ABE21E6B4D8CE3E, filename: very_large_ships.0.1\vl_shipw.grf (md5sum matches)
     Added NewGRF: GRF ID 4A530101, checksum 30C383628E25247266049E00ABBA5B81, filename: ottdc_grfpack\8_vehicles\planes\planeset\PlaneSetw.grf (matches GRFID only)
     Added NewGRF: GRF ID 44440A01, checksum A7EA6FB6732157AEE44627A64EBCDAE6, filename: ottdc_grfpack-8.0\8_vehicles\planes\pb_av8\pb_av8w.grf (md5sum matches)
     Added NewGRF: GRF ID 44440A02, checksum CC43F806C0D6838DBE3E68434F3726F3, filename: my_grf_packs\8_vehicles\planes\Apache_Helicopter.1\apache_w.grf (md5sum matches)
     Added NewGRF: GRF ID 4F460A02, checksum D8FF84F759520F43F24F1C2C2645F214, filename: improved_road_vehicles__for_db_s.1.0\irv.grf (md5sum matches)
     Added NewGRF: GRF ID 274C2348, checksum E44A7D977D1980908B1DBF09F73F514C, filename: my_grf_packs\8_vehicles\trains_wagons\DB-deutsche bahn\DB_Double_Deck_Coaches.v0.1\dbddw.GRF (md5sum matches)
     Added NewGRF: GRF ID 41501201, checksum C91BD14FAC7CA989FA0580DD7D792DD2, filename: ottdc_grfpack-8.0\8_vehicles\road_vehicles\heqsdt\heqs_preview_v0.4.grf (matches GRFID only)
Tick 1376: game loaded
     Revision text changed to r21905, savegame version 157, not modified, _openttd_newgrf_version = 0x11005591
     Compatible NewGRF loaded: GRF ID 4D656F00, checksum 97C6741906450C460568C6F5F8FB997F, filename: my_grf_packs\8_vehicles\road_vehicles\longvehw - keep original cars - too much cars\LongBusesw.grf (md5sum matches)
     Compatible NewGRF loaded: GRF ID 4A530101, checksum 9C78028CB9346C54D73F296250C104A8, filename: ottdc_grfpack\8_vehicles\planes\planeset\PlaneSetw.grf (md5sum matches)
     Compatible NewGRF loaded: GRF ID 41501201, checksum 86F5F29AAA9EBF4F5449F1D0DC6E4825, filename: ottdc_grfpack-8.0\8_vehicles\road_vehicles\heqsdt\heqs_preview_v0.4.grf (md5sum matches)
---- gamelog end ----

*** End of OpenTTD Crash Report ***

Decoded stack trace:
[00] ???                  0x75DBB727 @ + 88
[01] ???                  0x00572757
[02] ???                  0x006445B0
[03] ???                  0x0042FD53
[04] ???                  0x004BE122
[05] ???                  0x004BFA87
[06] ???                  0x0044555C
[07] ???                  0x004318E7
[08] ???                  0x00431B03

*** End of additional info ***
