*** OpenTTD Crash Report ***
Date: 2008-09-21 12:58:18
Build: r14365 built on Sep 20 2008 18:16:36
Reason: Assertion failed at ..\src\autoreplace_cmd.cpp:484: ret.Succeeded()
Language: english.lng
Exception C0000005 at 0047E70B
Registers:
 EAX: 003E8368 EBX: 022003C0 ECX: 0012F820 EDX: 003E83AC
 ESI: 0000000B EDI: 01DF8FDC EBP: 0012FA94 ESP: 0012FA38
 EIP: 0047E70B EFLAGS: 00010202

Bytes at CS:EIP:
 C6 05 00 00 00 00 00 4E 85 F6 7F BA F6 45 10 01 75 35 8B 5D F8 EB 2D 8B

Stack trace: 
 83EE387B 021E60A0 0012FB48 004463AC 000000FF 00000000 00000000 0001FFFF
 000000FF 00000000 00000000 0000FFFF 00000000 00000000 010BFE80 00D39130
 00CB4100 02237118 01DF8FB0 00D39130 021E60A0 0000000C 004A4FF9 0012FB14
 0047EA1F 0012FAB0 0012FAD4 00000000 0000000C 021E60A0 00000001 0001453C
 00000000 0000FFFF 00000000 0012FB88 0047E83C 0002128A 00016250 021E60A0
 02236200 00C74ED8 00000001 00000000 00000000 0001FFFF 0044BD21 6991DE50
 0EC0E62A D6E833CC 00000000 00000000 0012FB88 00000000 004A43CC 0012FB5C
 00404E2B 00000000 000007B9 00000000 00C74ED8 021E60A0 00000000 0047E83C
 00000000 0012FB60 0043114D 00C74ED8 00000001 00009C40 00000000 0001FFFF
 00C74ED8 0012FBA8 0044040C 00000000 000007B9 00000000 00000001 0000005F
 011E0145 011E014F 00000000 0003EBF8 0059998C 0003EBF8 00000008 00000001
 00000000 00000FF8 00001A14 00000008 0012FBBC 0042B23E 00000000 005EFEB4
 7E41929B 0012FBD4 0042B48D 011E014F 00000000 0012FBBC 0012FBBC 00000000
 004F0822 005F0684 005DB1D4 0012FD14 00000000 0012FBD8 011E014F 011E016D
 00000000 00000000 0082012A 00000113 00000001 004EF908 011E0145 000001D7
 00000104 0042AAD6 0012FD2C 00000001 00000001 01000003 00000000 00000000
 FFFFFFFF 00000000 00000000 FFFFFFFF 0012FE34 005A1A00 00000000 7C911008
 00000000 FFFFFFFF 00000000 00000000 00000000 7C919D8A 00000000 00000100
 00000000 00000004 003E0748 00000002 0012FD2C 0000FDE8 00020500 00000000
 00020636 0012FCC4 7C82167A 0000002A FFFFFFFF 00000028 00000100 0000FDE9
 0012FD2C 00000001 00000027 0012FCF0 7C8215D3 0000FDE9 00000000 000205E8
 FFFFFFFF 0012FD2C 00000104 00000000 00000000 FFFFFFFE 0012FF00 0044B800
 0000FDE9 00000000 000205E8 FFFFFFFF 0012FD2C 00000104 00000199 0012FF30
 0044B3BF 00000001 0012FE30 FFFFFFFE 00000000 5C3A4322 656D6147 704F5C73

Module information:
 C:\Games\OpenTTDNightly\openttd.exe handle: 00400000 size: 1950208 crc: C4A6C797 date: 2008-09-20 16:19:48
 C:\WINDOWS\system32\ntdll.dll handle: 7C900000 size: 706048 crc: 791555FA date: 2008-04-14 00:11:24
 C:\WINDOWS\system32\kernel32.dll handle: 7C800000 size: 989696 crc: 98CCF9A3 date: 2008-04-14 00:11:56
 C:\WINDOWS\system32\WINMM.dll handle: 76B40000 size: 176128 crc: 9676D976 date: 2008-04-14 00:12:09
 C:\WINDOWS\system32\ADVAPI32.dll handle: 77DD0000 size: 617472 crc: 78174499 date: 2008-04-14 00:11:48
 C:\WINDOWS\system32\RPCRT4.dll handle: 77E70000 size: 584704 crc: 78EC50DB date: 2008-04-14 00:12:04
 C:\WINDOWS\system32\Secur32.dll handle: 77FE0000 size: 56320 crc: 25AFC491 date: 2008-04-14 00:12:05
 C:\WINDOWS\system32\GDI32.dll handle: 77F10000 size: 285184 crc: 148CE77D date: 2008-04-14 00:11:54
 C:\WINDOWS\system32\USER32.dll handle: 7E410000 size: 578560 crc: F7C72264 date: 2008-04-14 00:12:08
 C:\WINDOWS\system32\WS2_32.dll handle: 71AB0000 size: 82432 crc: 7C519ECA date: 2008-04-14 00:12:10
 C:\WINDOWS\system32\msvcrt.dll handle: 77C10000 size: 343040 crc: 0B7B1677 date: 2008-04-14 00:12:01
 C:\WINDOWS\system32\WS2HELP.dll handle: 71AA0000 size: 19968 crc: 3F24E096 date: 2008-04-14 00:12:10
 C:\WINDOWS\system32\IMM32.DLL handle: 76390000 size: 110080 crc: C1486DA0 date: 2008-04-14 00:11:54
 C:\WINDOWS\system32\avgrsstx.dll handle: 10000000 size: 10520 crc: D2B9D9CC date: 2008-08-30 15:47:32
 C:\WINDOWS\system32\SHFolder.dll handle: 76780000 size: 25088 crc: 8009EA65 date: 2008-04-14 00:12:05
 C:\WINDOWS\system32\SHLWAPI.dll handle: 77F60000 size: 474112 crc: 3230A338 date: 2008-04-14 00:12:05
 C:\WINDOWS\WinSxS\x86_Microsoft.Windows.Common-Controls_6595b64144ccf1df_6.0.2600.5512_x-ww_35d4ce83\comctl32.dll handle: 773D0000 size: 1054208 crc: 06939D35 date: 2008-04-14 00:12:51
 C:\WINDOWS\system32\comctl32.dll handle: 5D090000 size: 617472 crc: 519837A9 date: 2008-04-14 00:11:51
 C:\WINDOWS\system32\WINTRUST.dll handle: 76C30000 size: 176640 crc: 98E1211C date: 2008-04-14 00:12:09
 C:\WINDOWS\system32\CRYPT32.dll handle: 77A80000 size: 599040 crc: F04E4319 date: 2008-04-14 00:11:51
 C:\WINDOWS\system32\MSASN1.dll handle: 77B20000 size: 57344 crc: B280A6F9 date: 2008-04-14 00:11:58
 C:\WINDOWS\system32\IMAGEHLP.dll handle: 76C90000 size: 144384 crc: F7A06429 date: 2008-04-14 00:11:54
 C:\WINDOWS\system32\wdmaud.drv handle: 72D20000 size: 23552 crc: EEB914CA date: 2008-04-14 00:12:45
 C:\WINDOWS\system32\msacm32.drv handle: 72D10000 size: 20480 crc: D5406BAE date: 2001-08-23 12:00:00
 C:\WINDOWS\system32\MSACM32.dll handle: 77BE0000 size: 71680 crc: EDE4B266 date: 2008-04-14 00:11:58
 C:\WINDOWS\system32\midimap.dll handle: 77BD0000 size: 18944 crc: 2E6D5FD1 date: 2008-04-14 00:11:57
 C:\WINDOWS\system32\ole32.dll handle: 774E0000 size: 1287168 crc: 3908D33A date: 2008-04-14 00:12:02
 C:\WINDOWS\system32\MSCTF.dll handle: 74720000 size: 297984 crc: 392BE0B0 date: 2008-04-14 00:11:58
 C:\WINDOWS\system32\CLBCATQ.DLL handle: 76FD0000 size: 498688 crc: F43789FF date: 2008-04-14 00:11:50
 C:\WINDOWS\system32\COMRes.dll handle: 77050000 size: 792064 crc: 868482D5 date: 2008-04-14 00:11:51
 C:\WINDOWS\system32\OLEAUT32.dll handle: 77120000 size: 551936 crc: 1EE83658 date: 2008-04-14 00:12:02
 C:\WINDOWS\system32\VERSION.dll handle: 77C00000 size: 18944 crc: 558B1DAF date: 2008-04-14 00:12:08
 C:\WINDOWS\System32\dmime.dll handle: 5C570000 size: 181248 crc: A021AC64 date: 2008-04-14 00:11:52
 C:\WINDOWS\System32\DSOUND.dll handle: 73F10000 size: 367616 crc: 33C2A52C date: 2008-04-14 00:11:52
 C:\WINDOWS\System32\dmusic.dll handle: 6C980000 size: 104448 crc: E9A2B682 date: 2008-04-14 00:11:52
 C:\WINDOWS\system32\KsUser.dll handle: 73EE0000 size: 4096 crc: BD8E6BD9 date: 2008-04-14 00:11:56
 C:\WINDOWS\System32\dmsynth.dll handle: 6C9A0000 size: 103424 crc: 3E2BFB05 date: 2008-04-14 00:11:52
 C:\WINDOWS\System32\dmloader.dll handle: 6CA10000 size: 35840 crc: 9271DC2B date: 2008-04-14 00:11:52
 C:\WINDOWS\system32\msctfime.ime handle: 755C0000 size: 177152 crc: 6D3663FE date: 2008-04-14 00:10:06
 C:\WINDOWS\system32\mswsock.dll handle: 71A50000 size: 245248 crc: FBBA0828 date: 2008-06-20 17:46:57
 C:\WINDOWS\system32\hnetcfg.dll handle: 662B0000 size: 344064 crc: 96358152 date: 2008-04-14 00:11:54
 C:\WINDOWS\System32\wshtcpip.dll handle: 71A90000 size: 19456 crc: F5533E87 date: 2008-04-14 00:12:10
 C:\WINDOWS\System32\dmstyle.dll handle: 6C9C0000 size: 105984 crc: 65DF8D9B date: 2008-04-14 00:11:52
 C:\WINDOWS\System32\dmband.dll handle: 6CBC0000 size: 28672 crc: B752817F date: 2008-04-14 00:11:52
 C:\WINDOWS\system32\psapi.dll handle: 76BF0000 size: 23040 crc: 75BBDCAD date: 2008-04-14 00:12:03

System information:
 Windows version 5.1 2600 S

---- gamelog start ----
Tick 0: new game started
     Revision text changed to r14359, savegame version 102, not modified, _openttd_newgrf_version = 0x07003817
     New game mode: 1 landscape: 1
Tick 8177: patch settings changed
     Patch setting changed: order.improved_load : 0 -> 1
Tick 8224: patch settings changed
     Patch setting changed: order.improved_load : 1 -> 0
Tick 11969: patch settings changed
     Patch setting changed: vehicle.never_expire_vehicles : 0 -> 1
Tick 12005: patch settings changed
     Patch setting changed: vehicle.never_expire_vehicles : 1 -> 0
Tick 21593: game loaded
     Revision text changed to r14360, savegame version 102, not modified, _openttd_newgrf_version = 0x07003818
Tick 50661: game loaded
     Revision text changed to r14365, savegame version 102, not modified, _openttd_newgrf_version = 0x0700381d
---- gamelog end ----
