*** OpenTTD Crash Report ***

Crash at: Thu Feb 20 01:56:54 2014
In game date: 1992-09-07 (51)

Crash reason:
 Exception: E1212012
 Location:  000007FEFCEA940D
 Message:   Assertion failed at line 1325 of ..\src\economy.cpp: v->cargo_cap >= v->cargo.RemainingCount()

OpenTTD version:
 Version:    1.4.0-beta2 (0)
 NewGRF ver: 14006677
 Bits:       64
 Endian:     little
 Dedicated:  no
 Build date: Jan  7 2014 19:57:07

Registers:
 RAX: 0000000074BF6F1C RBX: 0000000000000016 RCX: 000000000018DD80 RDX: 0000000000000000
 RSI: 0000000000000000 RDI: 0000000000000008 RBP: 000000000018E815 RSP: 000000000018E390
 R8:  0000000000000000 R9:  0000000000000000 R10: 0000000000000000 R11: 0000000000000286
 R12: 000000014009B6D0 R13: 000000013F668E08 R14: 0000000000000001 R15: 0000006E00000000
 RIP: 000007FEFCEA940D EFLAGS: 00000202

 Bytes at instruction pointer:
 48 81 C4 C8 00 00 00 C3 90 90 90 90 90 90 90 90 90 90 90 48 8B C4 48 83

Stack trace:
 00000016 00000000 00000000 00000000 00000008 00000000 010CE4E1 00000000
 E1212012 00000000 00000000 00000000 FCEA940D 000007FE 00000000 00000000
 405AF330 00000001 76CF146B 00000000 FEA4E84C 000007FE 000A03A2 00000000
 00000010 00000000 4000A118 00000001 00000050 00000000 000A03A2 00000000
 00000000 00000000 76DB3C2A 00000000 4000A118 00000001 00000010 00000000
 00000000 00000000 00000000 00000000 00000000 00000000 00000000 00000000
 00000001 00000000 3F7547C9 00000001 00000016 00000000 E8B295E5 00000000
 00000001 00000000 76DA9CAA 00000000 00000000 00000000 00000000 0000006E
 266DA910 00000000 00200004 00000000 0018E8F0 00000000 00000000 00000000
 05C10AF0 00000000 3F753B80 00000001 00000001 00000000 00000000 00000000
 0000001E 00000000 FFFFFFFF 00000000 00000000 00000000 3F3DD4EF 00000001
 00000000 00000000 0018E815 00000000 0000001E 00000000 0018E7F0 00000000
 65737341 6F697472 6166206E 64656C69 20746120 656E696C 32333120 666F2035
 5C2E2E20 5C637273 6E6F6365 2E796D6F 3A707063 3E2D7620 67726163 61635F6F
 3D3E2070 3E2D7620 67726163 65522E6F 6E69616D 43676E69 746E756F 00002928
 0018E7F0 00000000 0018E7F0 00000000 2718F160 00000000 000007BA 00000000
 00000000 00000000 266C11C0 00000000 00000000 00000000 2718F130 00000000
 00000000 00000000 3F61A454 00000001 00000001 00000000 00000003 00000000
 00000000 00000000 266C11C0 00000000 00000000 00000000 00000000 00000000
 266C11C0 00000000 273AB000 00000000 0018E7B0 00000000 00000000 00000000
 00000020 00000000 00000000 00000000 0000FFFF 00000000 00000001 00000000
 266DAAC0 00000000 3F38A6F2 00000001 0018E6C0 00000000 00000004 00000000
 0018FFFF 00000000 0018E6F0 00000000 FFFFFFFE FFFFFFFF 3F61A36A 00000001
 00000004 00000000 0018E8F0 00000000 00000000 00000000 00000000 00000000

Operating system:
 Name:     Windows
 Release:  6.1.7601 (Service Pack 1)
 Compiler: MSVC 1600

Configuration:
 Blitter:      32bpp-optimized
 Graphics set: zBase (251)
 Language:     C:\Program Files\OpenTTD\lang\english.lng
 Music driver: win32
 Music set:    OpenMSX (96)
 Network:      no
 Sound driver: win32
 Sound set:    NoSound (2)
 Video driver: win32

Fonts:
 Small:  sprite
 Medium: sprite
 Large:  sprite
 Mono:   sprite

AI Configuration (local: 0):
  0: Human

Libraries:
 FreeType:   2.4.11
 ICU:        51.2
 LZMA:       5.0.4
 LZO:        2.06
 PNG:        1.5.14
 Zlib:       1.2.7

Module information:
 C:\Program Files\OpenTTD\openttd.exe handle: 000000013F380000 size: 14058496 crc: AC9CB049 date: 2014-01-07 20:02:32
 C:\Windows\SYSTEM32\ntdll.dll handle: 0000000076D80000 size: 1732032 crc: 5BF564D3 date: 2013-08-29 02:16:35
 C:\Windows\system32\kernel32.dll handle: 0000000076B60000 size: 1161216 crc: ED45D5AA date: 2013-08-02 02:13:34
 C:\Windows\system32\KERNELBASE.dll handle: 000007FEFCEA0000 size: 424448 crc: 816D1584 date: 2013-08-02 02:13:34
 C:\Windows\system32\WINMM.dll handle: 000007FEF8D20000 size: 217600 crc: 7BC1529F date: 2009-07-14 01:41:56
 C:\Windows\system32\msvcrt.dll handle: 000007FEFEFF0000 size: 634880 crc: 9D1B448A date: 2011-12-16 08:46:06
 C:\Windows\system32\USER32.dll handle: 0000000076C80000 size: 1008128 crc: 70FF7D7F date: 2010-11-20 13:27:27
 C:\Windows\system32\GDI32.dll handle: 000007FEFD700000 size: 404480 crc: DCBD7E30 date: 2013-10-03 02:23:48
 C:\Windows\system32\LPK.dll handle: 000007FEFDCC0000 size: 41472 crc: EE04F660 date: 2013-06-06 05:50:51
 C:\Windows\system32\USP10.dll handle: 000007FEFD0F0000 size: 800768 crc: ED52987B date: 2012-11-22 05:44:23
 C:\Windows\system32\WS2_32.dll handle: 000007FEFD0A0000 size: 297984 crc: 0F68689B date: 2010-11-20 13:27:29
 C:\Windows\system32\RPCRT4.dll handle: 000007FEFD280000 size: 1217024 crc: 91581142 date: 2013-07-09 05:51:16
 C:\Windows\system32\NSI.dll handle: 000007FEFCF80000 size: 13824 crc: 53B46F6C date: 2009-07-14 01:41:53
 C:\Windows\system32\IMM32.dll handle: 000007FEFCF90000 size: 167424 crc: 41B2805A date: 2009-07-14 01:41:09
 C:\Windows\system32\MSCTF.dll handle: 000007FEFD490000 size: 1067008 crc: 798DDDA0 date: 2009-07-14 01:41:28
 C:\Windows\system32\ADVAPI32.dll handle: 000007FEFCFC0000 size: 878080 crc: D0A62838 date: 2013-08-29 02:13:28
 C:\Windows\SYSTEM32\sechost.dll handle: 000007FEFCF60000 size: 113664 crc: 978CFAE5 date: 2009-07-14 01:41:53
 C:\Windows\system32\SHELL32.dll handle: 000007FEFE260000 size: 14172672 crc: 1287D1E7 date: 2013-07-26 02:24:57
 C:\Windows\system32\SHLWAPI.dll handle: 000007FEFD980000 size: 448512 crc: 086DF743 date: 2010-11-20 13:27:25
 C:\Windows\system32\ole32.dll handle: 000007FEFD770000 size: 2086912 crc: 72F91CD0 date: 2010-11-20 13:27:23
 C:\Windows\system32\uxtheme.dll handle: 000007FEFB2C0000 size: 332288 crc: B0A13DF9 date: 2009-07-14 01:41:56
 C:\Windows\system32\dwmapi.dll handle: 000007FEFAE90000 size: 82432 crc: A459F360 date: 2009-07-14 01:40:34
 C:\Windows\system32\CRYPTBASE.dll handle: 000007FEFCA60000 size: 44032 crc: F547C16E date: 2009-07-14 01:40:24
 C:\Windows\system32\CLBCatQ.DLL handle: 000007FEFD1E0000 size: 607744 crc: 939E35C9 date: 2009-07-14 01:40:15
 C:\Windows\system32\OLEAUT32.dll handle: 000007FEFD3B0000 size: 861696 crc: 1F331414 date: 2011-08-27 05:37:49
 C:\Windows\system32\mswsock.dll handle: 000007FEFC360000 size: 327168 crc: 2C87855E date: 2013-09-08 02:27:14
 C:\Windows\System32\wshtcpip.dll handle: 000007FEFBD10000 size: 13312 crc: 5D1E2C55 date: 2009-07-14 01:41:58
 C:\Windows\system32\MMDevAPI.DLL handle: 000007FEFAEB0000 size: 284160 crc: CDF2EF81 date: 2009-07-14 01:41:26
 C:\Windows\system32\PROPSYS.dll handle: 000007FEFB320000 size: 1212416 crc: B83FA3BE date: 2010-11-20 13:27:23
 C:\Windows\system32\wdmaud.drv handle: 000007FEF59E0000 size: 217088 crc: 12829973 date: 2010-11-20 13:24:21
 C:\Windows\system32\ksuser.dll handle: 000000006F710000 size: 5120 crc: AA2071D9 date: 2009-07-14 01:41:13
 C:\Windows\system32\AVRT.dll handle: 000007FEFA350000 size: 18432 crc: 5CE53CB7 date: 2009-07-14 01:40:05
 C:\Windows\system32\SETUPAPI.dll handle: 000007FEFE020000 size: 1900544 crc: A364BD6A date: 2010-11-20 13:27:25
 C:\Windows\system32\CFGMGR32.dll handle: 000007FEFCCA0000 size: 207872 crc: 1984C339 date: 2010-11-20 13:25:50
 C:\Windows\system32\DEVOBJ.dll handle: 000007FEFCCF0000 size: 93184 crc: A7541AE2 date: 2009-07-14 01:40:28
 C:\Windows\system32\AUDIOSES.DLL handle: 000007FEF5990000 size: 296448 crc: 90389554 date: 2010-11-20 13:25:42
 C:\Windows\system32\msacm32.drv handle: 000007FEF5980000 size: 25600 crc: 2B579A05 date: 2009-07-14 01:38:50
 C:\Windows\system32\MSACM32.dll handle: 000007FEF5960000 size: 83456 crc: 3D67538B date: 2009-07-14 01:41:27
 C:\Windows\system32\midimap.dll handle: 000007FEF5950000 size: 20480 crc: CB902A13 date: 2009-07-14 01:41:23
 C:\Windows\system32\psapi.dll handle: 0000000076F50000 size: 9216 crc: 84B5E9BA date: 2009-07-14 01:41:53

---- gamelog start ----
Tick 0: new game started
     Revision text changed to 1.4.0-beta2, savegame version 188, not modified, _openttd_newgrf_version = 0x14006677
     New game mode: 1 landscape: 0
     Added NewGRF: GRF ID FF4F4701, checksum AFCDC2958C1B7B27B5414ED5ED4A5739, filename: opengfx\ogfxe_extra.grf (md5sum matches)
     Added NewGRF: GRF ID 52577801, checksum 20B5D8122F2B4AD74ADDA30E44BA8233, filename: opengfx_biggui-2.0.0\ogfx-biggui.grf (md5sum matches)
     Added NewGRF: GRF ID 43415000, checksum 8F77143D9432C52206D1730F9EEDFAE1, filename: opengfx_airports-0.4.1\ogfx-airports.grf (md5sum matches)
     Added NewGRF: GRF ID 54470203, checksum F84B6D37659F23D19E176C99BC48DEF6, filename: opengfx_airports_as_objects-0.3\airportobjects.grf (md5sum matches)
     Added NewGRF: GRF ID 46727806, checksum BBE029FCDD7A16F85876D417FF318D23, filename: opengfx_trees-0.8.0\opengfx+trees.grf (md5sum matches)
     Added NewGRF: GRF ID 4F472B33, checksum D5B21A6C2FE39F15E385785DEF1E6A50, filename: opengfx_industries-0.3.4\ogfx-industries.grf (md5sum matches)
     Added NewGRF: GRF ID 4F472B32, checksum 3FD44FD23CAC8D29AA314BF6A304B684, filename: opengfx_road_vehicles-0.4.0\ogfx-rv.grf (md5sum matches)
     Added NewGRF: GRF ID 4F472B31, checksum 939F7A783417EF35C857F04E41F2ECD4, filename: ogfx-trains\ogfx-trains.grf (md5sum matches)
     Added NewGRF: GRF ID 4F472B34, checksum C15196D11C5461AC4733C645346BB10B, filename: opengfx_landscape-1.0.1\ogfx-landscape.grf (md5sum matches)
     Added NewGRF: GRF ID 4A44FAB1, checksum 1EC99A40D2E18175B7D1EBFAC72080F8, filename: NewCC_set-0.1\newcc.grf (md5sum matches)
     Added NewGRF: GRF ID 27711003, checksum 30EF819C36EA5E003976E26A8A25CF71, filename: 2cc_trainset-2.0.0beta5\2cctrainset.grf (md5sum matches)
     Added NewGRF: GRF ID 41570102, checksum CD86DA4FC58F68393F060B8E0211AEC8, filename: modern_waypoint-2\modern_waypoint2.grf (md5sum matches)
     Added NewGRF: GRF ID 52571203, checksum 7CE88A25DDB058C1BE577B88D049B274, filename: egrvts2-188\egrvts2.grf (md5sum matches)
     Added NewGRF: GRF ID 414E0101, checksum 5D665C64693A438E3046C22666F46E08, filename: FISH_ship_set-0.9.2\fish.grf (md5sum matches)
     Added NewGRF: GRF ID 414E0201, checksum A9919B801C458CE2F7AA9CCB6606CE62, filename: fish_2-squidalpha5\fish.grf (md5sum matches)
     Added NewGRF: GRF ID 52455400, checksum 1600687C50C5AB1E72EDD487CAD50E2A, filename: coded_by_aegir._artwork_by_aegir-1\ae_cityw.grf (md5sum matches)
     Added NewGRF: GRF ID 52455300, checksum 37C0B839B13C4B18051580C81EEDF427, filename: suburban_stations-1\ae_subuw.grf (md5sum matches)
     Added NewGRF: GRF ID 504A0103, checksum F4056FECA93218E2B1FC015B0C7844A2, filename: isrstyle_dock-1.3\isrdock_v1_3.grf (md5sum matches)
     Added NewGRF: GRF ID 504A0101, checksum ADDF703DE6EB7374A509202CB20B9840, filename: seaplaneairport-1.3\seaplaneairport_v1_3.grf (md5sum matches)
     Added NewGRF: GRF ID 4D656F91, checksum 937BA8D623EC2298B8B703EB183B2587, filename: ecs_town_vector-1.1.219jun2011\ecstown.grf (md5sum matches)
     Added NewGRF: GRF ID 4D656F9F, checksum C3C038168C5E7273BD17D833C353E35B, filename: ecs_basic_vector_ii-1.1.219jun2011\ecsbas2.grf (md5sum matches)
     Added NewGRF: GRF ID 4D656F9C, checksum 1F6B20372197A5E937F1AE434ED0C2FA, filename: ecs_chemical_vector_ii-1.1.219jun2011\ecschem2.grf (md5sum matches)
     Added NewGRF: GRF ID 4D656F94, checksum A6BC43D8CF1F931FAB6955CEC6DE7F19, filename: ecs_machinery_vector-1.1.219jun2011\ecsmach.grf (md5sum matches)
     Added NewGRF: GRF ID 4D656F95, checksum CD1F5F59485681A857648BE5322EDCE8, filename: ecs_wood_vector-1.1.219jun2011\ecswood.grf (md5sum matches)
     Added NewGRF: GRF ID 4D656F96, checksum 682C2B4B460032782186BF03AE2C156C, filename: ecs_construction_vector-b527dec2010\ecsconstw.grf (md5sum matches)
     Added NewGRF: GRF ID 4D656F97, checksum EDD51D4944C05B7C07872D68B0373069, filename: ecs_agricultural_vector-1.1.219jun2011\ecsagri.grf (md5sum matches)
     Added NewGRF: GRF ID 4D656F9D, checksum A4D9273D4C56BD2432E8994B95652D65, filename: ecs_houses-1.1.219jun2011\ecshouse.grf (md5sum matches)
     Added NewGRF: GRF ID 4A530117, checksum 45C629AE46A650BF6DDF785F9D4A2B75, filename: ecs__firs_vehicle_set-2012.08.04\efrefit.grf (md5sum matches)
     Added NewGRF: GRF ID 4A530116, checksum 5851D9D288081316D39BF3D3AB6C65F5, filename: ecs_cargoset_for_standard_ttd_ve-2010.12.05\ecsrefit.grf (md5sum matches)
     Added NewGRF: GRF ID 4A530A70, checksum 8E8EB158A4DEF483DE473B48FF92CC64, filename: ecs_industry_addon-2012.12.26\ecsadd.grf (md5sum matches)
     Added NewGRF: GRF ID 47460100, checksum C8C9AE29F313C27556AEAB3BCF89F97C, filename: control.grf (md5sum matches)
     Added NewGRF: GRF ID 47460101, checksum 788F4674591D264BEA1393C8B10B46AA, filename: sh125.grf (md5sum matches)
     Added NewGRF: GRF ID 47460102, checksum 27059F1681E1383482CA211906D635FF, filename: sh30.grf (md5sum matches)
     Added NewGRF: GRF ID 47460103, checksum 23CC0C7EF0B75F3E7231B5BAEA3C2BD3, filename: sh40.grf (md5sum matches)
     Added NewGRF: GRF ID 47460000, checksum A4F4DABC184F3C73F0EB54342CCFF087, filename: 832bpp_trains_2cc-2\trains.grf (md5sum matches)
     Added NewGRF: GRF ID 33324501, checksum F2B8611881A1005C212AAEC2E0EAAD00, filename: 32bpp_extra.grf (md5sum matches)
     Added NewGRF: GRF ID 4A56540E, checksum B7819022AF101EC8F8EAFB99D46A88FB, filename: uk_town_names-1.0\uktownnames.grf (md5sum matches)
     Added NewGRF: GRF ID 41420000, checksum 91B1E5631A3A4926CC7C1DBDBBC585CD, filename: Metro Subway Set.grf (md5sum matches)
     Added NewGRF: GRF ID 44450002, checksum 94F025F7345888FC3062F233C569D248, filename: modular_locomotive_shed_stations-0.2.6\mlss026.grf (md5sum matches)
     Added NewGRF: GRF ID 424B5462, checksum 22288D56D1D5B3ACF4AE77069D5FCDDD, filename: BKTunw.grf (md5sum matches)
     Added NewGRF: GRF ID 4D470501, checksum 8318348CE3D1BC73AA1B7C8034BED8B5, filename: openttdcoop_NewGRF_package-8.0\0_info.grf (md5sum matches)
     Added NewGRF: GRF ID 74677462, checksum A2396FFDCC0F1BA37A2A89EF525CDF21, filename: total_bridge_renewal_set.1.12\total_bridges.grf (md5sum matches)
     Added NewGRF: GRF ID 54560301, checksum ED22416EE087725E4B5A9AF8F0357F29, filename: trolleybus_set-0.2\trolley.grf (md5sum matches)
     Added NewGRF: GRF ID 32434353, checksum 1820C48040541B9E6FD4EA0F1D205438, filename: 2cc_subways_from_the_2cc_set-1.0\2cc_subways.grf (md5sum matches)
     Added NewGRF: GRF ID 33320101, checksum 513A5F2E40464F07928D6728E9211239, filename: br_ground_lines.grf (md5sum matches)
     Added NewGRF: GRF ID 4A430002, checksum AA5AE6DC023A50FFFBEE98E0C9995D5F, filename: industrial_stations_renewal-0.9.3\indstatr.grf (md5sum matches)
     Added NewGRF: GRF ID 19060801, checksum 6CFC6328D999C140851BFE6514BA277A, filename: bigdepot.grf (md5sum matches)
     Added NewGRF: GRF ID 4A430001, checksum 4CF50E2A770F6672A77A8842A3129ECA, filename: british_stations_set-0.0.4final\dstatsw.grf (md5sum matches)
     Added NewGRF: GRF ID 44573553, checksum EF7529EBEAF35758EE07E628B25F608D, filename: dwenewobjects-v0.1\dwe_newobj.grf (md5sum matches)
     Added NewGRF: GRF ID 44578619, checksum B30A5E35634A59D2BDD9C2389CEDBF2C, filename: dwestationtiles__fences-v1.2\fences.grf (md5sum matches)
     Added NewGRF: GRF ID 44573452, checksum 48CF5FC0DEB895136F337A7E563FC66D, filename: dwestationtiles_industrial_ter-v0.7\dwe_stat_r.grf (md5sum matches)
     Added NewGRF: GRF ID 45454C53, checksum 0AAF3EE3EE9ECD352E8FAB92B10BB39C, filename: eels-1.0\eels.grf (md5sum matches)
     Added NewGRF: GRF ID 41501202, checksum 7FD3A30F749BFA5D5E1DF61326AD9B08, filename: heqs_heavy_equipment_set-1.5.1\heqs.grf (md5sum matches)
Tick 1280: GRF config changed
     Removed NewGRF: GRF ID 4F472B33, filename: opengfx_industries-0.3.4\ogfx-industries.grf (md5sum matches)
Tick 9746: GRF config changed
     Added NewGRF: GRF ID 42533032, checksum F9E16508E98197A5404A7A22F28E13E5, filename: brianum_sh_50__sh_60-1.0.1\brianum_sh50.grf (md5sum matches)
     Added NewGRF: GRF ID 55494354, checksum A768E8EEAABE2AE4B4F220C1970ADC06, filename: unintrusive_catenary-0.1\uicw.grf (md5sum matches)
     Added NewGRF: GRF ID 44440302, checksum 439275017478C2E5E7AA25F5E191903D, filename: north_american_renewal_set.2_03\nars2w.grf (md5sum matches)
     Added NewGRF: GRF ID 6FDEEB4C, checksum EEE3186160B0934572C5D438A4B8E3BE, filename: floset-1.7\flo-set_1.7.grf (md5sum matches)
---- gamelog end ----

*** End of OpenTTD Crash Report ***

Decoded stack trace:
[00] KERNELBASE           0x000007FEFCEA940D RaiseException + 61
[01] openttd              0x000000013F7547C9
[02] openttd              0x000000013F753B80
[03] openttd              0x000000013F3DD4EF
[04] openttd              0x000000013F39981C
[05] openttd              0x000000013F39AC76
[06] openttd              0x000000013F39BCCB
[07] openttd              0x000000013F40AB46
[08] openttd              0x000000013F3E1628
[09] openttd              0x000000013F3E1A17
[10] openttd              0x000000013F66760D
[11] openttd              0x000000013F3DF70C
[12] openttd              0x000000013F669C2F
[13] openttd              0x000000013F756244
[14] kernel32             0x0000000076B7652D BaseThreadInitThunk + 13
[15] ntdll                0x0000000076DAC541 RtlUserThreadStart + 33

*** End of additional info ***
