*** OpenTTD Crash Report ***

Crash at: Fri May 19 18:29:54 2017
In game date: 1983-04-08 (37)

Crash reason:
 Exception: C0000005
 Location:  00007FF623FB7BF0
 Message:   <none>

OpenTTD version:
 Version:    1.7.1-RC1 (0)
 NewGRF ver: 17106cdb
 Bits:       64
 Endian:     little
 Dedicated:  no
 Build date: May  4 2017 19:03:12

Registers:
 RAX: 0000000000000019 RBX: 000000000000BA00 RCX: 0000000000003000 RDX: 0000000000003019
 RSI: 0000000000000000 RDI: 0000000000000001 RBP: 000000002908B040 RSP: 0000000000EFD6E0
 R8:  000000002909991C R9:  0000000027D49FFF R10: 0000000000007FC9 R11: 0000000000000004
 R12: 0000000000EFD7B8 R13: 0000000000EFD9A0 R14: 0000000000000000 R15: 000000000000BA00
 RIP: 00007FF623FB7BF0 EFLAGS: 00010206

 Bytes at instruction pointer:
 41 0F B7 01 66 89 84 24 B8 00 00 00 0F B6 C8 66 C1 E1 08 0F B7 D1 0F B6

Stack trace:
 0000BA00 00000000 00000000 00000000 00000029 00000000 00000005 00000000
 00EFDE80 00000000 00EFDE80 00000000 000000BA 00000000 27D42B8F 00000000
 FFFFFFFE FFFFFFFF 28386D40 00000000 47535542 00000000 00EFD7B8 00000000
 27D42236 00000000 00001B64 00000000 00000000 00000000 00EFD9A0 00000000
 47535542 00000000 00EFDAF0 00000000 00000002 00000000 23FAF061 00007FF6
 00EFDE80 00000000 00EFD7E0 00000000 00EFD9A0 00000000 00EF1930 00000000
 00000000 00000000 00EFDAF0 00000000 FFFFFFFE FFFFFFFF 28386D40 00000000
 47535542 FFFFFFFF 00EFD850 00000000 27D42236 00000000 00001B64 00000000
 00EFD859 00000000 23FB5D86 00007FF6 00EFDAF0 00000000 00000007 00000000
 27D3E226 00000000 28386D40 00000000 00000000 00000000 00EFDE80 00000000
 FFFFFFFE FFFFFFFF 28386D40 00000000 47535542 FFFFFFFF 00EFDB68 00000000
 27D3D0B0 00000000 00006CEA 00000000 28386D40 00000000 47535542 00000000
 00EFD828 00000000 27D42236 00000000 00001B64 00000000 26E6ED2C 00000000
 00000000 00000000 00000007 00000000 00EFDAF0 00000000 00EFDAF0 00000000
 00EFD910 00000000 23FAF15F 00007FF6 00EFDE80 00000000 00EFD9A0 00000000
 00000007 00000000 00000000 00000000 00000000 00000000 86510000 00000000
 FFFFFFFE FFFFFFFF 28386D40 00000000 47535542 00000000 00EFDA30 00000000
 27D3E226 00000000 00005B74 00000000 00EFDA20 00000000 23FAF538 00007FF6
 00000000 00000000 00000001 00000000 00EFDE80 00000000 00000000 00000000
 00000000 00000000 00EFDE80 00000000 29A49388 00000000 00000000 00000000
 FFFF0100 00000000 28386D40 00000000 47535542 00000000 00EFDAF8 00000000
 27D3E21E 00000000 00005B7C 00000000 FFFFFFFE FFFFFFFF 47535542 00000000
 247B7600 00007FF6 00000001 00000000 0000006A FFFFFFFF 00EFDC90 00000000
 00000000 00000000 FFFFFFFF FFFFFFFF FFFF0000 80000000 00000000 00000000

Operating system:
 Name:     Windows
 Release:  6.2.9200 ()
 Compiler: MSVC 1600

Configuration:
 Blitter:      32bpp-sse4-anim
 Graphics set: zBase (5588)
 Language:     E:\Pelit\OpenTTD\lang\english_US.lng
 Music driver: win32
 Music set:    OpenMSX (96)
 Network:      server
 Sound driver: win32
 Sound set:    OpenSFX (87)
 Video driver: win32

Fonts:
 Small:  Arial
 Medium: Tahoma
 Large:  Times New Roman
 Mono:   sprite

AI Configuration (local: 0):
  0: Human
  1: Human
  2: AdmiralAI (v25)

Libraries:
 FreeType:   2.4.11
 ICU i18n:   51.2
 ICU lx:     51.2
 LZMA:       5.0.4
 LZO:        2.06
 PNG:        1.5.14
 Zlib:       1.2.7

Module information:
 E:\Pelit\OpenTTD\openttd.exe handle: 00007FF623B90000 size: 14281216 crc: 0062843F date: 2017-05-04 19:08:02
 C:\WINDOWS\SYSTEM32\ntdll.dll handle: 00007FFF28200000 size: 1930320 crc: 3AF44E48 date: 2017-03-18 20:57:39
 C:\WINDOWS\System32\KERNEL32.DLL handle: 00007FFF278C0000 size: 708712 crc: 3F9593C1 date: 2017-04-28 01:06:01
 C:\WINDOWS\System32\KERNELBASE.dll handle: 00007FFF24B50000 size: 2399728 crc: D389639A date: 2017-04-28 01:08:26
 C:\WINDOWS\System32\WS2_32.dll handle: 00007FFF25C60000 size: 433480 crc: 251D6805 date: 2017-03-18 20:57:35
 C:\WINDOWS\System32\sechost.dll handle: 00007FFF27EA0000 size: 359064 crc: A5D07CF8 date: 2017-03-18 20:57:35
 C:\WINDOWS\System32\RPCRT4.dll handle: 00007FFF26140000 size: 1194280 crc: D704F92C date: 2017-03-18 20:57:35
 C:\WINDOWS\System32\IMM32.dll handle: 00007FFF26270000 size: 173656 crc: 9B40D2BE date: 2017-03-18 20:57:35
 C:\WINDOWS\System32\USER32.dll handle: 00007FFF27B40000 size: 1345088 crc: 9F9DCE71 date: 2017-03-18 20:57:35
 C:\WINDOWS\System32\win32u.dll handle: 00007FFF24DA0000 size: 115792 crc: 7F776D1B date: 2017-03-18 20:57:35
 C:\WINDOWS\System32\GDI32.dll handle: 00007FFF27890000 size: 149880 crc: 2C62A11A date: 2017-03-18 20:57:35
 C:\WINDOWS\System32\gdi32full.dll handle: 00007FFF249C0000 size: 1604312 crc: 69CD22B3 date: 2017-04-28 01:12:51
 C:\WINDOWS\System32\msvcp_win.dll handle: 00007FFF256C0000 size: 623480 crc: B34D66D1 date: 2017-03-18 20:57:39
 C:\WINDOWS\System32\ucrtbase.dll handle: 00007FFF24DC0000 size: 1003624 crc: DDC13803 date: 2017-03-18 20:57:39
 C:\WINDOWS\System32\ADVAPI32.dll handle: 00007FFF27D30000 size: 644696 crc: 8A62BC4F date: 2017-03-18 20:57:16
 C:\WINDOWS\System32\msvcrt.dll handle: 00007FFF27C90000 size: 632800 crc: B96C4338 date: 2017-03-18 20:57:39
 C:\WINDOWS\System32\SHELL32.dll handle: 00007FFF26450000 size: 21353200 crc: D4419458 date: 2017-04-28 00:55:41
 C:\WINDOWS\SYSTEM32\WINMM.dll handle: 00007FFF22B30000 size: 123592 crc: 5312FA00 date: 2017-03-18 20:57:42
 C:\WINDOWS\System32\cfgmgr32.dll handle: 00007FFF24F70000 size: 287264 crc: 6EE51830 date: 2017-03-18 20:58:21
 C:\WINDOWS\System32\shcore.dll handle: 00007FFF25760000 size: 685504 crc: CA2A96EC date: 2017-03-18 20:58:10
 C:\WINDOWS\System32\combase.dll handle: 00007FFF25CD0000 size: 3116184 crc: 72FA1A69 date: 2017-04-28 00:57:26
 C:\WINDOWS\System32\bcryptPrimitives.dll handle: 00007FFF24780000 size: 430848 crc: EED1FE17 date: 2017-03-18 20:57:50
 C:\WINDOWS\System32\windows.storage.dll handle: 00007FFF24FC0000 size: 7325584 crc: 3056F1C5 date: 2017-03-18 20:58:07
 C:\WINDOWS\System32\shlwapi.dll handle: 00007FFF263F0000 size: 323936 crc: 3E1E5896 date: 2017-03-18 20:58:29
 C:\WINDOWS\System32\kernel.appcore.dll handle: 00007FFF246E0000 size: 54368 crc: E2F84293 date: 2017-03-18 20:58:01
 C:\WINDOWS\System32\powrprof.dll handle: 00007FFF24690000 size: 302768 crc: DDBE03BB date: 2017-03-18 20:57:50
 C:\WINDOWS\System32\profapi.dll handle: 00007FFF24670000 size: 74992 crc: 79979ECC date: 2017-03-18 20:57:35
 C:\WINDOWS\SYSTEM32\WINMMBASE.dll handle: 00007FFF229F0000 size: 162792 crc: 620F1EF1 date: 2017-03-18 20:57:42
 C:\WINDOWS\system32\uxtheme.dll handle: 00007FFF22E90000 size: 587264 crc: 1B90996B date: 2017-03-18 20:58:25
 C:\WINDOWS\System32\MSCTF.dll handle: 00007FFF27970000 size: 1459728 crc: 4DE5C942 date: 2017-03-18 20:57:35
 C:\WINDOWS\System32\OLEAUT32.dll handle: 00007FFF27DE0000 size: 775824 crc: E22FA4C1 date: 2017-04-28 01:08:01
 C:\WINDOWS\SYSTEM32\TextInputFramework.dll handle: 00007FFF1C480000 size: 516608 crc: 4D85C98C date: 2017-03-18 20:57:35
 C:\WINDOWS\SYSTEM32\CoreUIComponents.dll handle: 00007FFF1FD60000 size: 2969880 crc: DC1595AF date: 2017-04-28 01:06:28
 C:\WINDOWS\SYSTEM32\CoreMessaging.dll handle: 00007FFF22510000 size: 923040 crc: EF9C4A7C date: 2017-04-28 01:05:28
 C:\WINDOWS\SYSTEM32\wintypes.dll handle: 00007FFF20670000 size: 1282528 crc: 4B647A2B date: 2017-03-18 20:58:21
 C:\WINDOWS\SYSTEM32\usermgrcli.dll handle: 00007FFF21320000 size: 72432 crc: 0A71D503 date: 2017-03-18 20:57:50
 C:\WINDOWS\SYSTEM32\ntmarta.dll handle: 00007FFF23970000 size: 188608 crc: 6D82C9F0 date: 2017-03-18 20:58:22
 C:\WINDOWS\system32\dwmapi.dll handle: 00007FFF217E0000 size: 147872 crc: 6C277545 date: 2017-03-18 20:58:35
 C:\WINDOWS\system32\mswsock.dll handle: 00007FFF23F20000 size: 358600 crc: 37232488 date: 2017-03-18 20:57:35
 C:\WINDOWS\SYSTEM32\MMDevAPI.DLL handle: 00007FFF1DF40000 size: 408120 crc: 8CA3F8BC date: 2017-03-18 20:57:05
 C:\WINDOWS\SYSTEM32\DEVOBJ.dll handle: 00007FFF23190000 size: 151456 crc: 0044695F date: 2017-03-18 20:58:21
 C:\WINDOWS\SYSTEM32\PROPSYS.dll handle: 00007FFF215F0000 size: 1667832 crc: 4667749B date: 2017-03-18 20:58:18
 C:\WINDOWS\SYSTEM32\wdmaud.drv handle: 00007FFF11380000 size: 241152 crc: 506EADA1 date: 2017-03-18 20:57:05
 C:\WINDOWS\SYSTEM32\ksuser.dll handle: 00007FFF20280000 size: 23360 crc: 604A1F10 date: 2017-03-18 20:57:05
 C:\WINDOWS\SYSTEM32\AVRT.dll handle: 00007FFF20240000 size: 33168 crc: 7FECCEFB date: 2017-03-18 20:57:05
 C:\WINDOWS\SYSTEM32\AUDIOSES.DLL handle: 00007FFF19BC0000 size: 1054280 crc: F39A2BCC date: 2017-03-18 20:57:05
 C:\WINDOWS\SYSTEM32\msacm32.drv handle: 00007FFF1E030000 size: 29184 crc: 3EF60F24 date: 2017-03-18 20:57:42
 C:\WINDOWS\SYSTEM32\MSACM32.dll handle: 00007FFF170D0000 size: 103408 crc: DD9A570E date: 2017-03-18 20:57:05
 C:\WINDOWS\SYSTEM32\midimap.dll handle: 00007FFF1D000000 size: 25088 crc: 700D574D date: 2017-03-18 20:57:42
 C:\WINDOWS\System32\clbcatq.dll handle: 00007FFF280C0000 size: 627624 crc: CDB898E4 date: 2017-03-18 20:57:20
 C:\WINDOWS\SYSTEM32\DNSAPI.dll handle: 00007FFF23D00000 size: 661224 crc: 4E3B71EB date: 2017-03-18 20:57:35
 C:\WINDOWS\System32\NSI.dll handle: 00007FFF280B0000 size: 24376 crc: D95CFBD5 date: 2017-03-18 20:57:35
 C:\WINDOWS\SYSTEM32\IPHLPAPI.DLL handle: 00007FFF23CC0000 size: 217016 crc: 783E6F99 date: 2017-03-18 20:57:36
 C:\Windows\System32\rasadhlp.dll handle: 00007FFF1A7E0000 size: 16896 crc: 4946AD4F date: 2017-03-18 20:57:01
 C:\WINDOWS\System32\fwpuclnt.dll handle: 00007FFF1AC30000 size: 418816 crc: CF9F5B27 date: 2017-03-18 20:57:53
 C:\WINDOWS\SYSTEM32\bcrypt.dll handle: 00007FFF24540000 size: 141136 crc: E78DADDE date: 2017-03-18 20:58:21
 C:\WINDOWS\System32\psapi.dll handle: 00007FFF280A0000 size: 18720 crc: A707D479 date: 2017-03-18 20:57:11

---- gamelog start ----
Tick 0: new game started
Revision text changed to 1.7.1-RC1, savegame version 196, not modified, _openttd_newgrf_version = 0x17106cdb
New game mode: 1 landscape: 0
Added NewGRF: GRF ID 52571208, checksum DC83DAB2933FACCB91678D4F75ABCCC6, filename: generic_cars-0.4\cars.grf (md5sum matches)
Added NewGRF: GRF ID 41501201, checksum C91BD14FAC7CA989FA0580DD7D792DD2, filename: heqs_heavy_equipment_set-0.7.1\heqs.grf (md5sum matches)
Added NewGRF: GRF ID 66724F4E, checksum 20AB6D74738955E537802E7A9A871F61, filename: original_vehicle_names.2\origveh.grf (md5sum matches)
Added NewGRF: GRF ID 41533032, checksum 78A4F0E07D79001CEAC38B20E1F7B370, filename: finnish_town_names-1.0\finnish_town_names.grf (md5sum matches)
Added NewGRF: GRF ID 54470203, checksum F84B6D37659F23D19E176C99BC48DEF6, filename: opengfx_airports_as_objects-0.3\airportobjects.grf (md5sum matches)
Added NewGRF: GRF ID 4A430002, checksum EFB21CFA6828362FDA9B2D629B5EEEB4, filename: industrial_stations_renewal-0.8.1\indstatr.grf (md5sum matches)
Added NewGRF: GRF ID 4D656F97, checksum BB3FC538A97BABA2D7F07F4851551E02, filename: ecs_agricultural_vector.b5__28_jun_2009_\ecsagriw.grf (md5sum matches)
Added NewGRF: GRF ID 4D656F92, checksum CFFF044D006AFE0F9458EE02ECD6CCDE, filename: ecs_basic_vector.b5__28_jun_2009_\ecsbasicw.grf (md5sum matches)
Added NewGRF: GRF ID 4D656F9C, checksum 285F2B640F1CEBA500308EFD57BCD1DC, filename: ecs_chemical_vector_ii.b5__27_jun_2009_\ecschem2w.grf (md5sum matches)
Added NewGRF: GRF ID 4D656F96, checksum 96F011E46F5E1961C09D23268D1BFC26, filename: ecs_construction_vector.b5__02_aug_2009_\ecsconstw.grf (md5sum matches)
Added NewGRF: GRF ID 4D656F94, checksum F5E3900FA3E996E3FFC309BDCF94D132, filename: ecs_machinery_vector.b5__27_jun_2009_\ecsmachw.grf (md5sum matches)
Added NewGRF: GRF ID 4D656F91, checksum F41D273AC5714577DD3A72C204B1B69B, filename: ecs_town_vector.b5__27_jun_2009_\ecstownw.grf (md5sum matches)
Added NewGRF: GRF ID 4D656F95, checksum 4E73D1420E11F87522923AFBF929843E, filename: ecs_wood_vector.b5__28_jun_2009_\ecswoodw.grf (md5sum matches)
Added NewGRF: GRF ID 4A530117, checksum 45C629AE46A650BF6DDF785F9D4A2B75, filename: ecs__firs_vehicle_set-2012.08.04\efrefit.grf (md5sum matches)
Added NewGRF: GRF ID 4A530A70, checksum 8E8EB158A4DEF483DE473B48FF92CC64, filename: ecs_industry_addon-2012.12.26\ecsadd.grf (md5sum matches)
Added NewGRF: GRF ID 4D656F9F, checksum C3C038168C5E7273BD17D833C353E35B, filename: ecs_basic_vector_ii-1.1.219jun2011\ecsbas2.grf (md5sum matches)
Added NewGRF: GRF ID 4D656F9D, checksum A4D9273D4C56BD2432E8994B95652D65, filename: ecs_houses-1.1.219jun2011\ecshouse.grf (md5sum matches)
Added NewGRF: GRF ID 4F472B33, checksum D5B21A6C2FE39F15E385785DEF1E6A50, filename: opengfx_industries-0.3.4\ogfx-industries.grf (md5sum matches)
---- gamelog end ----

*** End of OpenTTD Crash Report ***

Decoded stack trace:
[00] openttd              0x00007FF623FB7BF0
[01] openttd              0x00007FF623FAF061
[02] openttd              0x00007FF623FB5D86
[03] openttd              0x00007FF623FAF15F
[04] openttd              0x00007FF623FAF538
[05] openttd              0x00007FF623FAB097
[06] openttd              0x00007FF623FAC15B
[07] openttd              0x00007FF623FABC6D
[08] openttd              0x00007FF623FA79C0
[09] openttd              0x00007FF623F80F97
[10] openttd              0x00007FF623BC626F
[11] openttd              0x00007FF623BC10CF
[12] openttd              0x00007FF623BC1164
[13] openttd              0x00007FF623C8B9DE
[14] openttd              0x00007FF623C30AAE
[15] openttd              0x00007FF623C2E249
[16] openttd              0x00007FF623C2F08C
[17] openttd              0x00007FF623C2E249
[18] openttd              0x00007FF623C355F8
[19] openttd              0x00007FF623C8B7A2
[20] openttd              0x00007FF623C8C1B2
[21] openttd              0x00007FF623C8C94A
[22] openttd              0x00007FF623BF526A
[23] openttd              0x00007FF623BE19FD
[24] openttd              0x00007FF623BF55F1
[25] openttd              0x00007FF623E9AD94
[26] openttd              0x00007FF623BF329D
[27] openttd              0x00007FF623E9D4AD
[28] openttd              0x00007FF623F898F0
[29] KERNEL32             0x00007FFF278D2774 BaseThreadInitThunk + 20
[30] ntdll                0x00007FFF28270D61 RtlUserThreadStart + 33

*** End of additional info ***
