*** OpenTTD Crash Report ***

Crash at: Sat Sep 22 21:30:03 2012
In game date: 2086-05-13 (66)

Crash reason:
 Exception: E1212012
 Location:  75A7FC56
 Message:   Assertion failed at line 103 of c:\bamboo-agent-home\xml-data\build-dir\ottd-nightly-w32bit\src\core/pool_type.hpp: index < this->first_unused

OpenTTD version:
 Version:    r24536 (0)
 NewGRF ver: 13005fd8
 Bits:       32
 Endian:     little
 Dedicated:  no
 Build date: Sep 21 2012 18:07:39

Registers:
 EAX: 0012B44C EBX: 00000016 ECX: 00000016 EDX: 002D0000
 ESI: 00C5707C EDI: 00000000 EBP: 0012B49C ESP: 0012B44C
 EIP: 75A7FC56 EFLAGS: 00200246

 Bytes at instruction pointer:
 C9 C2 10 00 90 90 90 90 90 8B FF 55 8B EC 51 51 83 7D 10 00 56 0F 84 EB

Stack trace:
 E1212012 00000000 00000000 75A7FC56 00000000 00BF4A08 00000000 0012B4B4
 0012D50C 0044A19D 0012B4EB 00001FD1 00BF4A08 0012B4B4 00449CE7 00BF4A08
 0012B4B4 00C5707C 0012B4EB 00000016 0012D50C 005E074C E1212012 00000000
 00000000 00000000 00523634 00000016 64616F4C 20676E69 72756F79 76617320
 6D616765 61632065 64657375 65704F20 4454546E 206F7420 73617263 540A2E68
 20736968 70207369 61626F72 20796C62 73756163 62206465 20612079 72726F63
 69747075 69206E6F 6874206E 61732065 61676576 0A2E656D 61656C50 66206573
 20656C69 75622061 65722067 74726F70 646E6120 74746120 20686361 73696874
 76617320 6D616765 000A2E65 00000000 00000000 00000000 00000000 00000000
 00000000 00000000 00000000 00000000 00000000 00000000 00000000 00000000
 00000000 00000000 00000000 00000000 00000000 00000000 00000000 00000000
 00000000 00000000 00000000 00000000 00000000 00000000 00000000 00000000
 00000000 00000000 00000000 00000000 00000000 00000000 00000000 00000000
 00000000 00000000 00000000 00000000 00000000 00000000 00000000 00000000
 00000000 00000000 00000000 00000000 00000000 00000000 00000000 00000000
 00000000 00000000 00000000 00000000 00000000 00000000 00000000 00000000
 00000000 00000000 00000000 00000000 00000000 00000000 00000000 00000000
 00000000 00000000 00000000 00000000 00000000 0D4BBC08 00000001 0DDFDADF
 00000001 00000340 00000006 00000009 00000009 0D4BCBA8 0D4BBF34 FFFFFFFF
 0070E210 0070E1D0 0000003F 0000004E 00000008 0000003F 00000008 0000003F
 00000000 0D4BBC08 00000001 0DDFDADF 00000001 0DDFF50A 0DE0EC38 0D4BBC08
 00000001 0D4BC138 00007FF8 0D510E68 0D4BBC08 00020000 00000000 0DDFF50C
 0DDEF5B8 0D4BBC08 00020000 005F7E1C F712863E 0D53EEA8 00020000 0DDEF5B0
 0012B7A0 0D55EEAC 0DDEF5B8 0000F732 00000000 00000001 00000000 0000B14B

Operating system:
 Name:     Windows
 Release:  6.0.6002 (Service Pack 2)
 Compiler: MSVC 1600

Configuration:
 Blitter:      8bpp-optimized
 Graphics set: OpenGFX (984)
 Language:     C:\Users\Alex Durk\Documents\OpenTTD\lang\english.lng
 Music driver: dmusic
 Music set:    OpenMSX (96)
 Network:      no
 Sound driver: win32
 Sound set:    OpenSFX (87)
 Video driver: win32

AI Configuration (local: 0):
  0: Human

Libraries:
 FreeType:   2.4.5
 ICU:        4.4.2
 LZMA:       5.0.3
 LZO:        2.05
 PNG:        1.5.4
 Zlib:       1.2.5

Module information:
 C:\Users\Alex Durk\Documents\OpenTTD\openttd.exe handle: 00400000 size: 8773120 crc: 0BC79ED9 date: 2012-09-21 18:11:35
 C:\Windows\system32\ntdll.dll handle: 77380000 size: 1205064 crc: B7D44540 date: 2011-11-18 20:23:34
 C:\Windows\system32\kernel32.dll handle: 75A40000 size: 892416 crc: 07915B76 date: 2011-04-12 16:07:38
 C:\Program Files\AVAST Software\Avast\snxhk.dll handle: 713B0000 size: 234840 crc: E5113374 date: 2012-08-21 09:12:21
 C:\Windows\system32\WINMM.dll handle: 73DB0000 size: 189952 crc: FE5FC521 date: 2011-10-14 16:03:25
 C:\Windows\system32\msvcrt.dll handle: 761C0000 size: 680448 crc: 2BA89372 date: 2011-12-14 16:17:47
 C:\Windows\system32\USER32.dll handle: 75B20000 size: 627712 crc: 80F0F3C5 date: 2009-04-11 06:28:25
 C:\Windows\system32\GDI32.dll handle: 75BC0000 size: 297472 crc: 69625D80 date: 2009-04-11 06:28:19
 C:\Windows\system32\ADVAPI32.dll handle: 760F0000 size: 800768 crc: D7864B03 date: 2009-04-11 06:28:17
 C:\Windows\system32\RPCRT4.dll handle: 76300000 size: 784896 crc: 35185859 date: 2012-08-25 19:47:04
 C:\Windows\system32\ole32.dll handle: 76580000 size: 1316864 crc: 35DF2E64 date: 2010-06-28 17:00:21
 C:\Windows\system32\OLEAUT32.dll handle: 763D0000 size: 563712 crc: 4F05A328 date: 2011-08-25 16:14:01
 C:\Windows\system32\OLEACC.dll handle: 73D70000 size: 238080 crc: 49653460 date: 2011-08-25 16:14:01
 C:\Windows\system32\WS2_32.dll handle: 775A0000 size: 179200 crc: 5D581120 date: 2008-01-18 22:37:10
 C:\Windows\system32\NSI.dll handle: 775D0000 size: 8192 crc: 10729B39 date: 2008-01-18 22:35:58
 C:\Windows\system32\SHELL32.dll handle: 766D0000 size: 11586048 crc: C75340E1 date: 2012-06-08 17:47:00
 C:\Windows\system32\SHLWAPI.dll handle: 77540000 size: 353280 crc: 9F70F81D date: 2011-01-21 16:35:22
 C:\Windows\system32\IMM32.DLL handle: 774B0000 size: 114688 crc: 8D83D50A date: 2009-04-11 06:28:20
 C:\Windows\system32\MSCTF.dll handle: 75F00000 size: 807424 crc: 78787E19 date: 2009-04-11 06:28:20
 C:\Windows\system32\LPK.DLL handle: 77530000 size: 23552 crc: 2E03F135 date: 2012-08-25 20:31:15
 C:\Windows\system32\USP10.dll handle: 75E00000 size: 502272 crc: A57A818A date: 2010-04-16 16:46:48
 C:\Windows\WinSxS\x86_microsoft.windows.common-controls_6595b64144ccf1df_6.0.6002.18305_none_5cb72f2a088b0ed3\comctl32.dll handle: 74790000 size: 1686016 crc: 3AB5D2D1 date: 2010-08-31 15:43:52
 C:\Windows\system32\SHFolder.dll handle: 6B350000 size: 7168 crc: 1CA14A5C date: 2006-11-02 09:46:13
 C:\Windows\system32\uxtheme.dll handle: 74A90000 size: 240128 crc: 5F29223E date: 2008-01-18 22:36:48
 C:\Windows\system32\mswsock.dll handle: 75090000 size: 223232 crc: 9C4248CA date: 2009-04-11 06:28:22
 C:\Windows\System32\wshtcpip.dll handle: 74D20000 size: 9216 crc: 10C50FC1 date: 2008-01-18 22:37:12
 C:\Windows\system32\wdmaud.drv handle: 74030000 size: 167424 crc: AE942463 date: 2009-04-11 06:27:12
 C:\Windows\system32\ksuser.dll handle: 74430000 size: 4608 crc: 4C647881 date: 2006-11-02 09:46:05
 C:\Windows\system32\MMDevAPI.DLL handle: 74A30000 size: 150528 crc: 481F98E7 date: 2009-04-11 06:28:20
 C:\Windows\system32\AVRT.dll handle: 74C60000 size: 12800 crc: EB589AA0 date: 2008-01-18 22:33:48
 C:\Windows\system32\SETUPAPI.dll handle: 771F0000 size: 1591296 crc: A225D6A1 date: 2009-04-11 06:28:24
 C:\Windows\system32\WINTRUST.dll handle: 74B90000 size: 172032 crc: 100244C4 date: 2012-02-29 15:11:42
 C:\Windows\system32\CRYPT32.dll handle: 75380000 size: 984064 crc: 4D401FBA date: 2012-04-23 16:00:53
 C:\Windows\system32\MSASN1.dll handle: 754E0000 size: 60928 crc: D62CDC5B date: 2012-08-25 19:47:48
 C:\Windows\system32\USERENV.dll handle: 758F0000 size: 108544 crc: CC1E5DD3 date: 2009-04-11 06:28:25
 C:\Windows\system32\Secur32.dll handle: 758D0000 size: 72704 crc: DFC8B400 date: 2011-11-16 16:23:08
 C:\Windows\system32\imagehlp.dll handle: 75C10000 size: 157696 crc: FCADE26E date: 2012-02-29 15:09:53
 C:\Windows\system32\AUDIOSES.DLL handle: 73CB0000 size: 115712 crc: 9E346B3A date: 2009-04-11 06:28:18
 C:\Windows\system32\audioeng.dll handle: 73C40000 size: 397312 crc: 17666E45 date: 2008-01-18 22:33:46
 C:\Windows\system32\PSAPI.DLL handle: 75A30000 size: 12288 crc: D7B812C5 date: 2006-11-02 09:46:12
 C:\Windows\system32\msacm32.drv handle: 74110000 size: 21504 crc: 28704D00 date: 2009-04-11 06:27:12
 C:\Windows\system32\MSACM32.dll handle: 74010000 size: 71680 crc: A2E8F836 date: 2008-01-18 22:34:56
 C:\Windows\system32\midimap.dll handle: 74000000 size: 17408 crc: 9FC56E7F date: 2009-04-11 06:28:20
 C:\Windows\system32\CLBCatQ.DLL handle: 76270000 size: 523776 crc: C2EBF5E6 date: 2008-01-18 22:33:54
 C:\Windows\system32\dmime.dll handle: 71B50000 size: 178688 crc: 3063C87B date: 2008-01-18 22:34:06
 C:\Windows\system32\DSOUND.dll handle: 6C5F0000 size: 444416 crc: 2196E709 date: 2009-04-11 06:28:19
 C:\Windows\system32\POWRPROF.dll handle: 74D40000 size: 98816 crc: F5FB120D date: 2009-04-11 06:28:23
 C:\Windows\system32\dmusic.dll handle: 71B30000 size: 101888 crc: 9C95E7AB date: 2009-04-11 06:28:18
 C:\Windows\system32\dmsynth.dll handle: 71B10000 size: 105472 crc: A572B2E6 date: 2009-04-11 06:28:18
 C:\Windows\system32\dmloader.dll handle: 74150000 size: 38400 crc: 43D1875C date: 2008-01-18 22:34:06
 C:\Windows\system32\msiltcfg.dll handle: 6E210000 size: 15872 crc: C5A6E3F3 date: 2006-11-02 09:46:07
 C:\Windows\system32\VERSION.dll handle: 75100000 size: 20480 crc: 8C605EC4 date: 2009-04-11 06:28:25
 C:\Windows\system32\msi.dll handle: 6E8E0000 size: 2241536 crc: 63F4B3D8 date: 2009-04-11 06:28:21
 C:\Windows\system32\SFC.DLL handle: 70AC0000 size: 4608 crc: 5D5C8D17 date: 2006-11-02 09:46:13
 C:\Windows\system32\sfc_os.dll handle: 6E200000 size: 38912 crc: 705BDC57 date: 2008-01-18 22:36:26
 C:\Windows\system32\dmstyle.dll handle: 71A10000 size: 105472 crc: 3B1A1D06 date: 2006-11-02 12:34:33
 C:\Windows\system32\dmband.dll handle: 74740000 size: 30208 crc: 1AE3457D date: 2006-11-02 12:34:33

---- gamelog start ----
Tick 24188: game loaded
     Conversion from OTTD savegame without gamelog: version 41, 0
     Revision text changed to r24536, savegame version 176, not modified, _openttd_newgrf_version = 0x13005fd8
     New game mode: 1 landscape: 0
---- gamelog end ----

*** End of OpenTTD Crash Report ***

Decoded stack trace:
[00] kernel32             0x75A7FC56 RaiseException + 88
[01] openttd              0x005E074C
[02] openttd              0x006B487C
[03] openttd              0x006B3E45
[04] openttd              0x00507BC1

*** End of additional info ***
