*** OpenTTD Crash Report ***

Crash at: Sat Jan 09 10:02:20 2010
In game date: 1963-12-14 (12)

Crash reason:
 Exception: E1212012
 Location:  75C29617
 Message:   Assertion failed at line 1113 of ..\src\economy.cpp: v->time_counter != 0

OpenTTD version:
 Version:    1.0.0-beta2 (0)
 NewGRF ver: 1000492f
 Bits:       32
 Endian:     little
 Dedicated:  no
 Build date: Jan  5 2010 21:16:15

Registers:
 EAX: 0012F418 EBX: 00000016 ECX: 00000000 EDX: 77A664F4
 ESI: 0076F800 EDI: 00000000 EBP: 0012F468 ESP: 0012F418
 EIP: 75C29617 EFLAGS: 00200246

 Bytes at instruction pointer:
 C9 C2 10 00 89 45 C0 EB ED 90 90 90 90 90 8B FF 55 8B EC 83 EC 1C 6A 00

Stack trace:
 E1212012 00000000 00000000 75C29617 00000000 779B62E3 6B051CAF FFFFFFFE
 7796888D 001F0000 00000010 00260A38 77A6549C 77A83263 FFFFFFFF 00000024
 0012F464 00000004 00000000 00000016 0012F4C8 00549222 E1212012 00000000
 00000000 00000000 00617247 00000016 1C8100E0 0488E550 00000200 04A06600
 77A7F037 FFFFFFFF 00000000 0012F4B0 00549212 00000001 0012F488 0012F01C
 0012FF78 0061BFB0 1CE05380 FFFFFFFE 0012F800 006165CB 00000016 00000200
 00267630 00A098D0 00000082 00000000 001F0180 00000000 001F0150 779852B9
 001A0460 00260A40 00260E28 00000001 00000024 00000000 01000000 00000000
 00000120 01010354 0012F458 00000000 0012FF78 77A3D74D 004B6EE5 FFFFFFFE
 77A7316F 77A72D68 00000000 00260A40 00000000 00010003 0012F74C 00260A38
 0012F5F0 779AE16D 001F0000 00000000 00260A40 00000001 0012F74C 00000001
 00000000 00000000 00000556 000002E2 00000000 007C1DC8 00000010 0000001C
 0000000F 001A0460 00000006 00000371 00000000 00000241 00000000 00000178
 00000001 50022080 00890BC4 00000000 00000000 00000035 00007F01 00260A40
 00000001 0000001E 00000000 00000020 000001E5 00260AA4 0012F740 779AE6B9
 00000010 0488E550 00000200 779AE6F1 00000001 00000000 04A06600 0012F600
 00890784 0012F658 0061BFB0 1CE050E8 00000000 00000000 779AE70C 00000000
 00000001 04A06600 00541201 0012F71C 0012F688 005359D5 05240028 00000009
 0012F764 00636E18 FFFFFFFF 0012F770 00534DE1 0012F688 0000D3DC 00000002
 01534633 0000D4DC 00000009 04A06600 00000000 00000000 00000000 00000000
 00000000 00000000 00032000 00000000 052400B8 05240088 05240058 00773230
 00002710 016AFCA8 000011D0 FFFFFF81 00001ABE 00001ABE 0012F708 00441E48
 FFFFFFFB FFFFFF61 00001AAE 00001AAE 0012F720 00441E48 FFFFFFDB 0052A791
 00000005 0000D4DC 0052BDE3 0012F780 004C5ACD 0000007F 0012F810 007C1DC8

Operating system:
 Name:    Windows
 Release: 6.1.7264 ()
 MSVC:    Yes

Configuration:
 Blitter:      8bpp-optimized
 Graphics set: original_windows
 Language:     english.lng
 Music driver: dmusic
 Music set:    NoMusic
 Sound driver: win32
 Sound set:    original_windows
 Video driver: win32

AI Configuration:
  0: Human

Libraries:
 FreeType:   2.3.11
 ICU:        4.2.1
 PNG:        1.2.40

Module information:
 C:\Openttd - Copy\openttd.exe handle: 00400000 size: 3637760 crc: 7216D70B date: 2010-01-05 20:20:38
 C:\Windows\SYSTEM32\ntdll.dll handle: 77A20000 size: 1286128 crc: A2B79A1F date: 2009-06-23 07:24:04
 C:\Windows\system32\kernel32.dll handle: 75E90000 size: 857088 crc: 4F9D5291 date: 2009-06-23 07:11:11
 C:\Windows\system32\KERNELBASE.dll handle: 75C20000 size: 288256 crc: C5FF121D date: 2009-06-23 07:11:11
 C:\Windows\system32\WINMM.dll handle: 70ED0000 size: 194048 crc: 9841F2A2 date: 2009-06-23 07:11:38
 C:\Windows\system32\msvcrt.dll handle: 75FA0000 size: 690688 crc: 2CA5E87D date: 2009-06-23 07:11:25
 C:\Windows\system32\USER32.dll handle: 77950000 size: 811520 crc: A09DD746 date: 2009-07-18 12:33:13
 C:\Windows\system32\GDI32.dll handle: 76E20000 size: 304640 crc: C020ACF9 date: 2009-06-23 07:11:03
 C:\Windows\system32\LPK.dll handle: 75F70000 size: 26624 crc: 29056A63 date: 2009-06-23 07:11:13
 C:\Windows\system32\USP10.dll handle: 770C0000 size: 627200 crc: 918EA9EF date: 2009-06-23 07:11:36
 C:\Windows\system32\WS2_32.dll handle: 76100000 size: 206336 crc: 2FEDA731 date: 2009-06-23 07:11:40
 C:\Windows\system32\RPCRT4.dll handle: 76050000 size: 652288 crc: 83EC2BFA date: 2009-06-23 07:11:33
 C:\Windows\system32\NSI.dll handle: 77B70000 size: 8704 crc: 0FC03D2C date: 2009-06-23 07:11:31
 C:\Windows\system32\ADVAPI32.dll handle: 77260000 size: 640000 crc: 77EFCD33 date: 2009-06-23 07:10:39
 C:\Windows\SYSTEM32\sechost.dll handle: 75E70000 size: 92160 crc: 5E1F2EB1 date: 2009-06-23 07:11:33
 C:\Windows\system32\SHELL32.dll handle: 76140000 size: 12866560 crc: D44A2D43 date: 2009-06-23 07:11:34
 C:\Windows\system32\SHLWAPI.dll handle: 77060000 size: 350208 crc: 2D06554F date: 2009-06-23 07:11:34
 C:\Windows\system32\IMM32.DLL handle: 75F80000 size: 118272 crc: F033235F date: 2009-06-23 07:11:09
 C:\Windows\system32\MSCTF.dll handle: 77800000 size: 828928 crc: 156ABD56 date: 2009-06-23 07:11:20
 C:\Windows\system32\avgrsstx.dll handle: 6C1B0000 size: 12464 crc: BD766CFB date: 2009-11-28 10:08:48
 C:\Windows\system32\SHFolder.dll handle: 70940000 size: 7168 crc: 79F0C723 date: 2009-06-23 07:11:34
 C:\Windows\system32\ole32.dll handle: 77500000 size: 1412608 crc: 62DC32F8 date: 2009-06-23 07:11:32
 C:\Windows\system32\MMDevAPI.DLL handle: 74590000 size: 213504 crc: 85029774 date: 2009-06-23 07:11:18
 C:\Windows\system32\PROPSYS.dll handle: 748E0000 size: 988160 crc: 59AE3E73 date: 2009-06-23 07:11:32
 C:\Windows\system32\OLEAUT32.dll handle: 76D90000 size: 571904 crc: 624D88EB date: 2009-06-23 07:11:32
 C:\Windows\system32\wdmaud.drv handle: 74360000 size: 172032 crc: 1B36C03C date: 2009-06-23 07:10:08
 C:\Windows\system32\ksuser.dll handle: 73FD0000 size: 4608 crc: D1AF60C1 date: 2009-06-23 07:11:11
 C:\Windows\system32\AVRT.dll handle: 744B0000 size: 14336 crc: F48A3091 date: 2009-06-23 07:10:40
 C:\Windows\system32\SETUPAPI.dll handle: 77660000 size: 1668608 crc: 840FFB03 date: 2009-06-23 07:11:34
 C:\Windows\system32\CFGMGR32.dll handle: 75E40000 size: 145920 crc: 7BF97320 date: 2009-06-23 07:10:43
 C:\Windows\system32\DEVOBJ.dll handle: 75C70000 size: 64000 crc: B96F3551 date: 2009-06-23 07:10:52
 C:\Windows\system32\AUDIOSES.DLL handle: 73CB0000 size: 195584 crc: 73A382C6 date: 2009-06-23 07:10:40
 C:\Windows\system32\msacm32.drv handle: 73FC0000 size: 20992 crc: ECF7894F date: 2009-06-23 07:10:08
 C:\Windows\system32\MSACM32.dll handle: 73BE0000 size: 72192 crc: 6514EAD0 date: 2009-06-23 07:11:19
 C:\Windows\system32\midimap.dll handle: 73FB0000 size: 16896 crc: 540CA27C date: 2009-06-23 07:11:16
 C:\Windows\system32\CRYPTBASE.dll handle: 75B00000 size: 36352 crc: 08BB553D date: 2009-06-23 07:10:49
 C:\Windows\system32\CLBCatQ.DLL handle: 77BC0000 size: 522240 crc: 18828E78 date: 2009-06-23 07:10:43
 C:\Windows\system32\uxtheme.dll handle: 748A0000 size: 249856 crc: CC799305 date: 2009-06-23 07:11:36
 C:\Windows\system32\dwmapi.dll handle: 74570000 size: 67072 crc: C883A9EB date: 2009-06-23 07:10:54
 C:\Program Files\WIDCOMM\Bluetooth Software\btmmhook.dll handle: 10000000 size: 226592 crc: AD402B36 date: 2009-07-01 16:03:26
 C:\Windows\system32\PSAPI.DLL handle: 77BB0000 size: 6144 crc: F3578681 date: 2009-06-23 07:11:32
 C:\Windows\System32\dmime.dll handle: 6A0D0000 size: 179712 crc: D87A2694 date: 2009-06-23 07:10:53
 C:\Windows\System32\DSOUND.dll handle: 68F20000 size: 453632 crc: BEBD889E date: 2009-06-23 07:10:54
 C:\Windows\System32\POWRPROF.dll handle: 74F90000 size: 145408 crc: 492BB685 date: 2009-06-23 07:11:32
 C:\Windows\System32\dmusic.dll handle: 6F520000 size: 101376 crc: 222EACBB date: 2009-06-23 07:10:53
 C:\Windows\system32\WINTRUST.dll handle: 75BF0000 size: 172544 crc: 983B9052 date: 2009-06-23 07:11:38
 C:\Windows\system32\CRYPT32.dll handle: 75C90000 size: 1151488 crc: 0EA39DD0 date: 2009-06-23 07:10:49
 C:\Windows\system32\MSASN1.dll handle: 75BE0000 size: 33280 crc: D000FBD1 date: 2009-06-23 07:11:20
 C:\Windows\System32\dmsynth.dll handle: 6F500000 size: 105472 crc: 8E75CC58 date: 2009-06-23 07:10:53
 C:\Windows\System32\dmloader.dll handle: 6EFB0000 size: 38400 crc: 0DA0654A date: 2009-06-23 07:10:53
 C:\Windows\system32\mswsock.dll handle: 75540000 size: 232448 crc: D5B67D32 date: 2009-06-23 07:11:26
 C:\Windows\System32\wshtcpip.dll handle: 75060000 size: 9216 crc: 12428118 date: 2009-06-23 07:11:40
 C:\Program Files\WIDCOMM\Bluetooth Software\btkeyind.dll handle: 03050000 size: 132384 crc: 168553E9 date: 2009-07-01 16:03:24

---- gamelog start ----
Tick 0: new game started
     Revision text changed to 1.0.0-beta2, savegame version 135, not modified, _openttd_newgrf_version = 0x1000492f
     New game mode: 1 landscape: 0
     Added NewGRF: GRF ID 535A1344, checksum DDB482820479CFD7A444D2FEF80D7237, filename: Temperate_Oil_Wells_CAN_increase.v2\oilsgoup.grf
     Added NewGRF: GRF ID 6D620900, checksum 923A716E2E8F22D61659B94C003C7CD5, filename: riversw.grf
     Added NewGRF: GRF ID 44440A01, checksum D48D7AD02CA355B92FAE081DC4A36868, filename: av8_aviators_aircraft_set.1.5\pb_av8w.grf
     Added NewGRF: GRF ID 4D4E0103, checksum 0727CAF0B249F0D3BD08E6140657FC27, filename: modified_bridge_properties.0.3\bridgeprop.grf
     Added NewGRF: GRF ID 52453C00, checksum C5B4EC240B33E2DB8D1EA64C97898B5E, filename: stolentreesw_162.grf
     Added NewGRF: GRF ID 54420200, checksum 32E52F3602AC116566D3F54FFC20668F, filename: tempsnow.grf
     Added NewGRF: GRF ID 74677462, checksum A2396FFDCC0F1BA37A2A89EF525CDF21, filename: total_bridges.grf
     Added NewGRF: GRF ID 44442411, checksum BE9A79F60827058108F4FD1700833886, filename: tai_uk_houses.0.2\tai_uk.grf
Tick 17563: GRF config changed
     Removed NewGRF: 4D4E0103, filename: modified_bridge_properties.0.3\bridgeprop.grf
---- gamelog end ----

*** End of OpenTTD Crash Report ***
