*** OpenTTD Crash Report ***

Crash at: Wed Nov 05 17:41:37 2014
In game date: 1993-01-10 (53)

Crash reason:
 Exception: C0000005
 Location:  000000013F5A8B4A
 Message:   <none>

OpenTTD version:
 Version:    1.4.4 (0)
 NewGRF ver: 14486995
 Bits:       64
 Endian:     little
 Dedicated:  no
 Build date: Oct 21 2014 18:49:15

Registers:
 RAX: 0FE7230000000001 RBX: 000000000635F450 RCX: 000000000FE7A884 RDX: 0000000000000001
 RSI: 00000000060FC050 RDI: 000000000635F450 RBP: 0000000000000000 RSP: 000000000013EBA0
 R8:  FE27652B06E00443 R9:  FE27652C03320444 R10: 0000000001D40830 R11: 000000001041CD20
 R12: 0000000000000001 R13: 000000000041E15A R14: 0000000000000000 R15: 0000000000000001
 RIP: 000000013F5A8B4A EFLAGS: 00010206

 Bytes at instruction pointer:
 FF 10 48 89 6B 28 C6 43 3A 01 40 38 6B 3B 75 1B 48 8B 4B 30 48 85 C9 74

Stack trace:
 0635F450 00000000 0041E178 00000000 111B83F0 00000000 060FC050 00000000
 FFFFFFFE FFFFFFFF 77A01A4A 00000000 0635F450 00000000 3F5A9784 00000001
 0635F450 00000000 00000001 00000000 0013F200 00000000 060FC050 00000000
 111AEAF0 00000000 3F29BFFF 00000001 0FE749D0 00000000 111B83A0 00000000
 111B83B8 00000000 3F29DA01 00000001 FFFFFFFE FFFFFFFF 3F5AB2B8 00000001
 0041E178 00000000 111AEAF0 00000000 060FC050 00000000 3F29D9EF 00000001
 0FE749D0 00000000 111AEAB8 00000000 0013F200 00000000 111B83F0 00000000
 FFFFFFFE FFFFFFFF 77A01A4A 00000000 111C6890 00000000 3F29DA69 00000001
 111AEAB8 00000000 111AEAF0 00000000 111AEAA0 00000000 060FC050 00000000
 111AF3A0 00000000 3F29DA5D 00000001 111AF3A0 00000000 060FC050 00000000
 111BD548 00000000 3F29DA01 00000001 1119DE50 00000000 3F29DA5D 00000001
 1119DE50 00000000 060FC050 00000000 FFFFFFFE FFFFFFFF 3F29DA01 00000001
 10CE65D0 00000000 3F29DA5D 00000001 10CE65D0 00000000 060FC050 00000000
 111BD530 00000000 3F29DA01 00000001 06496690 00000000 3F29DA5D 00000001
 06496690 00000000 060FC050 00000000 10D12190 00000000 3F29DA12 00000001
 10D041B0 00000000 3F29DA5D 00000001 10D041B0 00000000 060FC050 00000000
 10CE6390 00000000 00000500 000003ED 0EBE3890 00000000 3F29DA5D 00000001
 0EBE3890 00000000 060FC050 00000000 1279E750 00000000 00000000 00000000
 107455E0 00000000 3F29D953 00000001 060FC050 00000000 107455E0 00000000
 0000000F 00000000 00000000 00000000 00000000 00000000 3F2C3375 00000001
 00000000 00000000 0041E15A 00000000 00000000 00000000 3FEED950 00000001
 0013EE58 00000000 0013EE68 00000000 00000001 00000000 00000000 00000000
 00000000 00000000 00000000 00000000 FFFFFFFE FFFFFFFF 00000001 0000000B
 00000000 00000000 00000000 00000000 00000070 00000000 FFFFFFFF FFFFFFFF

Operating system:
 Name:     Windows
 Release:  6.1.7601 (Service Pack 1)
 Compiler: MSVC 1600

Configuration:
 Blitter:      8bpp-optimized
 Graphics set: OpenGFX (5203)
 Language:     C:\Program Files\OpenTTD\lang\english.lng
 Music driver: win32
 Music set:    OpenMSX (96)
 Network:      no
 Sound driver: win32
 Sound set:    OpenSFX (87)
 Video driver: win32

Fonts:
 Small:  sprite
 Medium: sprite
 Large:  sprite
 Mono:   sprite

AI Configuration (local: 0):
  0: Human
  1: PathZilla (v6)
  2: TeshiNet (v4)
  3: MailAI (v20110726)
  4: Chopper (v10)
  5: OtviAI (v396)
  6: NoCAB (v498)
  7: trAIns (v2)

Libraries:
 FreeType:   2.4.11
 ICU:        51.2
 LZMA:       5.0.4
 LZO:        2.06
 PNG:        1.5.14
 Zlib:       1.2.7

Module information:
 C:\Program Files\OpenTTD\openttd.exe handle: 000000013F270000 size: 13392896 crc: FDBFC680 date: 2014-10-21 18:53:20
 C:\Windows\SYSTEM32\ntdll.dll handle: 0000000077C00000 size: 1732032 crc: 5BF564D3 date: 2013-08-29 02:16:35
 C:\Windows\system32\kernel32.dll handle: 00000000779E0000 size: 1163264 crc: 19230232 date: 2014-03-04 09:44:00
 C:\Windows\system32\KERNELBASE.dll handle: 000007FEFDD00000 size: 424960 crc: 7FB4EAD2 date: 2014-03-04 09:44:00
 C:\Windows\system32\WINMM.dll handle: 000007FEF82C0000 size: 217600 crc: 7BC1529F date: 2009-07-14 01:41:56
 C:\Windows\system32\msvcrt.dll handle: 000007FEFE8C0000 size: 634880 crc: 9D1B448A date: 2011-12-16 08:46:06
 C:\Windows\system32\USER32.dll handle: 0000000077B00000 size: 1008128 crc: 70FF7D7F date: 2010-11-20 13:27:28
 C:\Windows\system32\GDI32.dll handle: 000007FEFE850000 size: 404480 crc: 37D17315 date: 2014-08-23 02:07:00
 C:\Windows\system32\LPK.dll handle: 000007FEFE3C0000 size: 41472 crc: EE04F660 date: 2013-06-06 05:50:51
 C:\Windows\system32\USP10.dll handle: 000007FEFDEB0000 size: 801280 crc: DCB1924F date: 2014-04-25 02:34:59
 C:\Windows\system32\WS2_32.dll handle: 000007FEFFC20000 size: 297984 crc: 0F68689B date: 2010-11-20 13:27:30
 C:\Windows\system32\RPCRT4.dll handle: 000007FEFFA70000 size: 1216000 crc: 9A153133 date: 2014-07-14 02:02:45
 C:\Windows\system32\NSI.dll handle: 000007FEFFA40000 size: 13824 crc: 53B46F6C date: 2009-07-14 01:41:53
 C:\Windows\system32\IMM32.dll handle: 000007FEFE780000 size: 167424 crc: 41B2805A date: 2009-07-14 01:41:09
 C:\Windows\system32\MSCTF.dll handle: 000007FEFDF80000 size: 1067008 crc: 798DDDA0 date: 2009-07-14 01:41:28
 C:\Windows\system32\ADVAPI32.dll handle: 000007FEFDDD0000 size: 878080 crc: D0A62838 date: 2013-08-29 02:13:28
 C:\Windows\SYSTEM32\sechost.dll handle: 000007FEFFA50000 size: 113664 crc: 978CFAE5 date: 2009-07-14 01:41:53
 C:\Windows\system32\SHELL32.dll handle: 000007FEFECB0000 size: 14175744 crc: 30A2F002 date: 2014-06-25 02:05:42
 C:\Windows\system32\SHLWAPI.dll handle: 000007FEFFBA0000 size: 448512 crc: 086DF743 date: 2010-11-20 13:27:26
 c:\program files (x86)\f-secure\hips\fshook64.dll handle: 0000000072410000 size: 451240 crc: 8BC57180 date: 2011-11-08 18:12:17
 C:\Windows\system32\PSAPI.DLL handle: 0000000077DD0000 size: 9216 crc: 84B5E9BA date: 2009-07-14 01:41:53
 C:\Windows\system32\ole32.dll handle: 000007FEFE9C0000 size: 2086912 crc: 72F91CD0 date: 2010-11-20 13:27:24
 C:\Windows\system32\uxtheme.dll handle: 000007FEFAFE0000 size: 332288 crc: B0A13DF9 date: 2009-07-14 01:41:56
 C:\Windows\system32\dwmapi.dll handle: 000007FEFAC00000 size: 82432 crc: A459F360 date: 2009-07-14 01:40:34
 C:\Windows\system32\CRYPTBASE.dll handle: 000007FEFD8B0000 size: 44032 crc: F547C16E date: 2009-07-14 01:40:24
 C:\Program Files (x86)\F-Secure\FSPS\program\fslsp_x64.dll handle: 0000000075770000 size: 218792 crc: 81E9A57D date: 2011-11-08 18:12:17
 c:\program files (x86)\f-secure\scanner-interface\fsgkiapi_x64.dll handle: 0000000070C00000 size: 107688 crc: 7D81951E date: 2011-11-08 21:03:52
 C:\Windows\system32\mswsock.dll handle: 000007FEFD1F0000 size: 327168 crc: 2C87855E date: 2013-09-08 02:27:14
 C:\Windows\System32\wshtcpip.dll handle: 000007FEFCB70000 size: 13312 crc: 5D1E2C55 date: 2009-07-14 01:41:58
 C:\Windows\system32\MMDevAPI.DLL handle: 000007FEFC7B0000 size: 284160 crc: CDF2EF81 date: 2009-07-14 01:41:26
 C:\Windows\system32\PROPSYS.dll handle: 000007FEFC680000 size: 1212416 crc: B83FA3BE date: 2010-11-20 13:27:24
 C:\Windows\system32\OLEAUT32.dll handle: 000007FEFEBD0000 size: 861696 crc: 1F331414 date: 2011-08-27 05:37:49
 C:\Windows\system32\wdmaud.drv handle: 000007FEF2020000 size: 217088 crc: 12829973 date: 2010-11-20 13:24:22
 C:\Windows\system32\ksuser.dll handle: 000000006FCD0000 size: 5120 crc: AA2071D9 date: 2009-07-14 01:41:13
 C:\Windows\system32\AVRT.dll handle: 000007FEFC8E0000 size: 18432 crc: 5CE53CB7 date: 2009-07-14 01:40:05
 C:\Windows\system32\SETUPAPI.dll handle: 000007FEFFD30000 size: 1900544 crc: A364BD6A date: 2010-11-20 13:27:26
 C:\Windows\system32\CFGMGR32.dll handle: 000007FEFDCB0000 size: 207872 crc: 1984C339 date: 2010-11-20 13:25:52
 C:\Windows\system32\DEVOBJ.dll handle: 000007FEFDD90000 size: 93184 crc: A7541AE2 date: 2009-07-14 01:40:28
 C:\Windows\system32\AUDIOSES.DLL handle: 000007FEFA7F0000 size: 296448 crc: 90389554 date: 2010-11-20 13:25:44
 C:\Windows\system32\msacm32.drv handle: 000007FEFC900000 size: 25600 crc: 2B579A05 date: 2009-07-14 01:38:50
 C:\Windows\system32\MSACM32.dll handle: 000007FEFC1A0000 size: 83456 crc: 3D67538B date: 2009-07-14 01:41:27
 C:\Windows\system32\midimap.dll handle: 000007FEFC8F0000 size: 20480 crc: CB902A13 date: 2009-07-14 01:41:23
 C:\Windows\system32\CLBCatQ.DLL handle: 000007FEFFC70000 size: 607744 crc: 939E35C9 date: 2009-07-14 01:40:15

---- gamelog start ----
Tick 0: new game started
     Revision text changed to 1.4.4, savegame version 188, not modified, _openttd_newgrf_version = 0x14486995
     New game mode: 1 landscape: 0
---- gamelog end ----

*** End of OpenTTD Crash Report ***

Decoded stack trace:
[00] openttd              0x000000013F5A8B4A
[01] openttd              0x000000013F5A9784
[02] openttd              0x000000013F29BFFF
[03] openttd              0x000000013F29D9EF
[04] openttd              0x000000013F29DA69
 <infinite loop>

*** End of additional info ***
