*** OpenTTD Crash Report ***

Crash at: Tue Oct 30 03:40:21 2012
In game date: 1954-07-08 (15)

Crash reason:
 Exception: C0000005
 Location:  000000013FCDCD73
 Message:   <none>

OpenTTD version:
 Version:    1.2.1 (0)
 NewGRF ver: 12185ef2
 Bits:       64
 Endian:     little
 Dedicated:  no
 Build date: May 31 2012 21:00:24

Registers:
 RAX: 0000000000000001 RBX: 000000000E3CEF10 RCX: 0000000000000000 RDX: 0000000000015805
 RSI: 0000000000000001 RDI: 0000000000000000 RBP: 000000000E680F88 RSP: 000000000029E700
 R8:  00000000000158B5 R9:  00000000000158B5 R10: 000000000D9F4F00 R11: 00000000FFFFFFFF
 R12: 000000000000002C R13: 0000000000000028 R14: 0000000000000000 R15: 0000000008000000
 RIP: 000000013FCDCD73 EFLAGS: 00010202

 Bytes at instruction pointer:
 8B 81 88 00 00 00 41 3B C3 44 0F 45 C8 41 8B C8 E8 34 42 00 00 84 C0 74

Stack trace:
 0029E7A0 00000000 00000001 00000000 FFFFFFFE FFFFFFFF 0F6D3460 00000000
 0E3CEF10 00000000 3FCB213F 00000001 0E3CEF10 00000000 0E680F88 00000000
 00000002 00000000 0E61E8E0 00000000 FFFFFFFE FFFFFFFF 3FCAB168 00000001
 00000000 00000000 00000000 00000000 FFFFFFFE FFFFFFFF 3FC79535 00000001
 0E64DF80 00000000 00000001 00000000 0E3CEF10 00000000 3FC975F4 00000001
 000158B5 00000000 000158B5 00000000 00000003 00000000 3FC97DE0 00000001
 00000007 00000000 0E64DF80 00000000 00000015 00000000 0000002C 00000000
 00000015 00000000 3FC79629 00000001 00000000 00000000 00000000 00000000
 08000200 00000000 0E64DF80 00000000 00000000 00000000 00000000 00000013
 00000017 00000000 00000001 00000000 00000000 00000000 00000000 00000000
 FFFFFFFE FFFFFFFF 0F52C8E0 00000000 FFFFFFFF FFFFFFFF 0F52C480 00000000
 0E3CEF10 00000000 00000012 00000000 00000001 00000000 3FC950B0 00000001
 0E3CEF10 00000000 0E3CF030 00000000 00000001 00000000 00000028 00000000
 0029E8C8 00000000 0029E8E1 00000000 00000052 00000000 0029E908 00000000
 00000000 00000000 08000200 00000001 0E64DF80 00000000 00000028 00000000
 00000000 00000000 00000012 00000000 0000002C 00000000 0A008000 00000000
 0F50BF90 00000000 00000052 00000000 00000020 00000000 3FC2672F 00000001
 0000B278 0000BBC4 0000FFFF 00000000 00000001 00000000 00000000 00000000
 057F2600 00000000 3FB7DCFE 00000001 05000002 00000000 00000001 00000000
 05000002 00000000 00000001 00000000 0000FFFF 00000000 3FB20000 00000001
 00000005 00000000 0000000D 00000000 0E59CD50 00000000 00000003 00000000
 057F7C50 00000000 0A000020 00000000 0F74E1D0 00000000 FFFFFFFE FFFFFFFF
 08000040 00000000 0E37C480 00000000 00000E25 00000B99 057F7C50 00000000
 0E3CF030 00000000 00000000 00000007 00000000 00000000 00000000 00000000

Operating system:
 Name:     Windows
 Release:  6.1.7601 (Service Pack 1)
 Compiler: MSVC 1600

Configuration:
 Blitter:      8bpp-optimized
 Graphics set: OpenGFX (988)
 Language:     C:\Program Files\OpenTTD\lang\english.lng
 Music driver: win32
 Music set:    Scott Joplin Anthology (2)
 Network:      no
 Sound driver: win32
 Sound set:    OpenSFX (87)
 Video driver: win32

AI Configuration (local: 0):
  0: Human
  1: StreetTraffic (v1)
  2: ChooChoo (v409)
  3: SimpleAI (v6)
  4: MogulAI (v5900)
  5: ChooChoo (v409)
  6: AIAI (v87)

Libraries:
 FreeType:   2.4.5
 ICU:        4.4.2
 LZMA:       5.0.3
 LZO:        2.05
 PNG:        1.5.4
 Zlib:       1.2.5

Module information:
 C:\Program Files\OpenTTD\openttd.exe handle: 000000013FB20000 size: 9871872 crc: F52B7182 date: 2012-05-31 21:04:18
 C:\windows\SYSTEM32\ntdll.dll handle: 0000000077650000 size: 1731920 crc: 71D20A99 date: 2011-11-17 06:41:18
 C:\windows\system32\kernel32.dll handle: 0000000076F70000 size: 1162240 crc: 8775E3D9 date: 2012-08-20 18:48:35
 C:\windows\system32\KERNELBASE.dll handle: 000007FEFD140000 size: 424448 crc: FC658D8C date: 2012-08-20 18:48:35
 C:\windows\system32\WINMM.dll handle: 000007FEF9FB0000 size: 217600 crc: 7BC1529F date: 2009-07-14 01:41:56
 C:\windows\system32\msvcrt.dll handle: 000007FEFEB00000 size: 634880 crc: 9D1B448A date: 2011-12-16 08:46:06
 C:\windows\system32\USER32.dll handle: 0000000077550000 size: 1008128 crc: 70FF7D7F date: 2010-11-21 03:24:09
 C:\windows\system32\GDI32.dll handle: 000007FEFE040000 size: 403968 crc: 3D5BC405 date: 2010-11-21 03:24:03
 C:\windows\system32\LPK.dll handle: 000007FEFE8E0000 size: 41984 crc: 350AF03B date: 2009-07-14 01:41:19
 C:\windows\system32\USP10.dll handle: 000007FEFECC0000 size: 800256 crc: B511F4B9 date: 2010-11-21 03:24:08
 C:\windows\system32\WS2_32.dll handle: 000007FEFE210000 size: 297984 crc: 0F68689B date: 2010-11-21 03:24:28
 C:\windows\system32\RPCRT4.dll handle: 000007FEFE500000 size: 1219584 crc: 5217F07C date: 2010-11-21 03:24:02
 C:\windows\system32\NSI.dll handle: 000007FEFE260000 size: 13824 crc: 53B46F6C date: 2009-07-14 01:41:53
 C:\windows\system32\ADVAPI32.dll handle: 000007FEFE0B0000 size: 877056 crc: FA615A20 date: 2009-07-14 01:40:01
 C:\windows\SYSTEM32\sechost.dll handle: 000007FEFE8C0000 size: 113664 crc: 978CFAE5 date: 2009-07-14 01:41:53
 C:\windows\system32\SHELL32.dll handle: 000007FEFD2B0000 size: 14172672 crc: 80527F5B date: 2012-06-09 05:43:10
 C:\windows\system32\SHLWAPI.dll handle: 000007FEFE630000 size: 448512 crc: 086DF743 date: 2010-11-21 03:24:22
 C:\windows\system32\IMM32.DLL handle: 000007FEFE890000 size: 167424 crc: 41B2805A date: 2009-07-14 01:41:09
 C:\windows\system32\MSCTF.dll handle: 000007FEFE350000 size: 1067008 crc: 798DDDA0 date: 2009-07-14 01:41:28
 C:\windows\system32\SHFolder.dll handle: 000007FEF3A70000 size: 10240 crc: 08A48DE3 date: 2009-07-14 01:41:54
 C:\windows\system32\ole32.dll handle: 000007FEFE8F0000 size: 2086912 crc: 72F91CD0 date: 2010-11-21 03:23:48
 C:\windows\system32\uxtheme.dll handle: 000007FEFA890000 size: 332288 crc: B0A13DF9 date: 2009-07-14 01:41:56
 C:\windows\system32\dwmapi.dll handle: 000007FEFA540000 size: 82432 crc: A459F360 date: 2009-07-14 01:40:34
 C:\windows\system32\CRYPTBASE.dll handle: 000007FEFCEB0000 size: 44032 crc: F547C16E date: 2009-07-14 01:40:24
 C:\windows\system32\CLBCatQ.DLL handle: 000007FEFE460000 size: 607744 crc: 939E35C9 date: 2009-07-14 01:40:15
 C:\windows\system32\OLEAUT32.dll handle: 000007FEFE270000 size: 861696 crc: 1F331414 date: 2011-08-27 05:37:49
 C:\windows\system32\mswsock.dll handle: 000007FEFC750000 size: 326144 crc: 136B1525 date: 2010-11-21 03:24:00
 C:\windows\System32\wshtcpip.dll handle: 000007FEFC0A0000 size: 13312 crc: 5D1E2C55 date: 2009-07-14 01:41:58
 C:\windows\system32\MMDevAPI.DLL handle: 000007FEFBCD0000 size: 284160 crc: CDF2EF81 date: 2009-07-14 01:41:26
 C:\windows\system32\PROPSYS.dll handle: 000007FEFBBA0000 size: 1212416 crc: B83FA3BE date: 2010-11-21 03:23:55
 C:\windows\system32\wdmaud.drv handle: 000007FEF0220000 size: 217088 crc: 12829973 date: 2010-11-21 03:24:32
 C:\windows\system32\ksuser.dll handle: 000000006BAE0000 size: 5120 crc: AA2071D9 date: 2009-07-14 01:41:13
 C:\windows\system32\AVRT.dll handle: 000007FEFBB90000 size: 18432 crc: 5CE53CB7 date: 2009-07-14 01:40:05
 C:\windows\system32\SETUPAPI.dll handle: 000007FEFE6B0000 size: 1900544 crc: A364BD6A date: 2010-11-21 03:24:28
 C:\windows\system32\CFGMGR32.dll handle: 000007FEFD250000 size: 207872 crc: 1984C339 date: 2010-11-21 03:24:00
 C:\windows\system32\DEVOBJ.dll handle: 000007FEFD290000 size: 93184 crc: A7541AE2 date: 2009-07-14 01:40:28
 C:\windows\system32\AUDIOSES.DLL handle: 000007FEF24C0000 size: 296448 crc: 90389554 date: 2010-11-21 03:24:32
 C:\windows\system32\msacm32.drv handle: 000007FEF0210000 size: 25600 crc: 2B579A05 date: 2009-07-14 01:38:50
 C:\windows\system32\MSACM32.dll handle: 000007FEF01F0000 size: 83456 crc: 3D67538B date: 2009-07-14 01:41:27
 C:\windows\system32\midimap.dll handle: 000007FEF01E0000 size: 20480 crc: CB902A13 date: 2009-07-14 01:41:23
 C:\windows\system32\mciseq.dll handle: 000007FEFBB70000 size: 28672 crc: 61BC1358 date: 2009-07-14 01:41:21
 C:\windows\system32\psapi.dll handle: 0000000077820000 size: 9216 crc: 84B5E9BA date: 2009-07-14 01:41:53

---- gamelog start ----
Tick 0: new game started
     Revision text changed to 1.2.1, savegame version 174, not modified, _openttd_newgrf_version = 0x12185ef2
     New game mode: 1 landscape: 0
     Added NewGRF: GRF ID 4D4C0100, checksum 1E2A243600434194FB100E72E507D5EF, filename: dutch_catenary-1\dutchcatenary.grf (md5sum matches)
     Added NewGRF: GRF ID FBFB0801, checksum 6691DA7CA1B6E1778956183A8EDD742F, filename: dutch_rail_furniture-0.1.1\dutchrailfurniture.grf (md5sum matches)
     Added NewGRF: GRF ID FBFB0502, checksum 55AE61673CBCDE4A7231DEA85973278C, filename: dutch_road_furn._uk_signs_addon-1.0.0\dutchroadfurnitureuksignsaddon.grf (md5sum matches)
     Added NewGRF: GRF ID FBFB0501, checksum 32533DE8356B7D38137770523929DFA3, filename: dutch_road_furniture-0.6.0\dutchroadfurniture.grf (md5sum matches)
     Added NewGRF: GRF ID 4C4D0201, checksum F4D9597764DCB3ED985A79978F233A8C, filename: dutch_signals-1\dutchsignals.grf (md5sum matches)
     Added NewGRF: GRF ID 58534453, checksum 2E100BCA91DB8371CD9D57DBEC3AB0C8, filename: dutch_stations_set-1.0.0alpha\dutchstatw.grf (md5sum matches)
     Added NewGRF: GRF ID 44544E32, checksum EA20E21253A5795785E6DD2C8D1A5A1D, filename: dutch_town_names-2\dtnames.grf (md5sum matches)
     Added NewGRF: GRF ID FBFB0601, checksum C9255E17809B863CFA5793A9C53D6F27, filename: dutch_trainset_2-2.0.0alpha5\dutchtrains.grf (md5sum matches)
     Added NewGRF: GRF ID 4D4C0503, checksum 89F47F72BBEEEB3C0F773845D6648C60, filename: dutch_trainset-1\dutchtrainsw.grf (md5sum matches)
     Added NewGRF: GRF ID FBFB9906, checksum 0D9BEFCA384AAE118DACEF9FEF044D69, filename: dutch_trainset_cargo_extension-1\dutchtrainscargoext.grf (md5sum matches)
     Added NewGRF: GRF ID FBFB0102, checksum FF36ECFC309CE45F6A340ADE2D3A2FF2, filename: dutch_tram_set-2.0.0\dutchtramset.grf (md5sum matches)
     Added NewGRF: GRF ID 52571208, checksum DC83DAB2933FACCB91678D4F75ABCCC6, filename: generic_cars-0.4\cars.grf (md5sum matches)
---- gamelog end ----

*** End of OpenTTD Crash Report ***

Decoded stack trace:
[00] openttd              0x000000013FCDCD73
[01] openttd              0x000000013FCB213F
[02] openttd              0x000000013FC975F4
[03] openttd              0x000000013FC950B0
[04] openttd              0x000000013FC77DC0
[05] openttd              0x000000013FC75AC5
[06] openttd              0x000000013FC9924A
[07] openttd              0x000000013FB61F72
[08] openttd              0x000000013FB621CF
[09] openttd              0x000000013FD3E2D1
[10] openttd              0x000000013FB60B6A
[11] openttd              0x000000013FD4077A
[12] openttd              0x000000013FE3B83C
[13] kernel32             0x0000000076F8652D BaseThreadInitThunk + 13
[14] ntdll                0x000000007767C521 RtlUserThreadStart + 33

*** End of additional info ***
