*** OpenTTD Crash Report ***

Crash at: Fri Jul 08 01:17:53 2011
In game date: 2050-04-01 (0)

Crash reason:
 Exception: C0000005
 Location:  004A1555
 Message:   <none>

OpenTTD version:
 Version:    1.1.1 (0)
 NewGRF ver: 11185800
 Bits:       32
 Endian:     little
 Dedicated:  no
 Build date: May 31 2011 19:54:29

Registers:
 EAX: 00000000 EBX: 00000304 ECX: 0534BE98 EDX: 00000000
 ESI: 0002814A EDI: 020AF068 EBP: 0012FA00 ESP: 0012F9D0
 EIP: 004A1555 EFLAGS: 00210202

 Bytes at instruction pointer:
 8B 48 08 8B 40 0C 89 4D E8 89 45 EC 8D 4D E8 8D 45 D4 E8 5E C1 F7 FF 83

Stack trace:
 00000000 00000000 00000000 00000000 00000000 00000000 01C50000 01B37A60
 004A153F 0012FAAC 0064D25D FFFFFFFF 0012FA78 004A15D6 00000301 0040A528
 020AF230 020AF230 020AF068 0049724B 00B4DB08 00000000 00AEBD44 FFFFFFFF
 00B4DB08 00000000 00AEBD44 00000000 00AEBD44 00000000 FFF9E23C FFFFFFFF
 FFFFFFFF 00AEBD44 00000000 00AEBD44 00000000 00000000 000003E8 00000000
 020AF250 0112FAB8 0012FAB8 0040B0A0 0000000A 00000001 006875AD 006875CD
 00000000 00BC5733 00681000 00B4860C 00000223 00000000 0040AF5B 0012FC04
 0064F6A5 00000000 0012FAD0 00408BA2 0012FAC8 00408CC7 00000802 00000103
 0012FC14 0042DA66 006875AD 006875CD 00000000 00000010 00BC5733 00000001
 00B4C3A4 000004B5 0012FAB4 00000000 0012FB5C 7772629B 68859567 FFFFFFFE
 776DC5FE 776D4F0E 00000000 00556874 0026032E 0000000F 00000000 00000000
 00DE0C8C 776D4F19 1FFAA803 0012FC50 0012FC48 00DE0C78 0012FB88 0044784D
 00000000 0012FB38 0044784D 0012FBA4 7772629B 68851C4F FFFFFFFE 776D4F19
 776D4F7D 00DE0C78 0000000F 00000000 776D4F8D 00000000 00000000 00000000
 00000000 0012FC08 77C66FEE 0012FBAC 00000018 0012FBF8 77C66FA0 00DE0C78
 0000000F 006875AD 006875CD 006875AD 00000000 006875CD 0012FC14 005599A2
 01C58CC4 0042781B 006875AD 006875CD 0012FC14 00000000 0012FF78 0042798A
 006875AD 006875CD 0012FC14 00000000 0012FF78 0012FF78 0064F6F8 00000000
 00108BD4 00000000 0042DC4B 00000000 005574A1 00BC6020 01B57858 0012FCDC
 00000000 0012FC20 006875CD 006875EB 00000000 00000000 0026032E 0000000F
 00000000 00000000 006875CD 0000022C 00000213 0042CF3E 0012FCF4 0012FDF8
 00000001 01000000 00000000 00000000 00000000 00000000 00000000 00000000
 00000000 FFFFFFFF 00000000 00000000 0012FCF4 00000000 FFFFFFFF 00000000
 00000000 00000000 0012FEF8 00000000 00000000 0012FD1E FFFFFFFF 0012FE04

Operating system:
 Name:     Windows
 Release:  6.1.7601 (Service Pack 1)
 Compiler: MSVC 1500

Configuration:
 Blitter:      8bpp-optimized
 Graphics set: OpenGFX (622)
 Language:     C:\Program Files\OpenTTD\lang\english_US.lng
 Music driver: dmusic
 Music set:    OpenMSX (96)
 Network:      no
 Sound driver: win32
 Sound set:    OpenSFX (87)
 Video driver: win32

AI Configuration (local: 0):
  0: Human

Libraries:
 FreeType:   2.4.4
 ICU:        4.4.2
 LZMA:       5.0.0
 LZO:        2.03
 PNG:        1.4.5
 Zlib:       1.2.5

Module information:
 C:\Program Files\OpenTTD\openttd.exe handle: 00400000 size: 8077824 crc: D467B14B date: 2011-05-31 19:57:50
 C:\Windows\SYSTEM32\ntdll.dll handle: 77C20000 size: 1288488 crc: 4AF5D7E5 date: 2010-11-20 09:24:38
 C:\Windows\system32\kernel32.dll handle: 76720000 size: 857600 crc: 7254951A date: 2010-11-20 09:19:28
 C:\Windows\system32\KERNELBASE.dll handle: 75F90000 size: 288256 crc: 5613EDEB date: 2010-11-20 09:19:28
 C:\Windows\system32\WINMM.dll handle: 741A0000 size: 194048 crc: 849223C7 date: 2010-11-20 09:21:38
 C:\Windows\system32\msvcrt.dll handle: 77450000 size: 690688 crc: 554C94A4 date: 2009-07-14 01:15:50
 C:\Windows\system32\USER32.dll handle: 776C0000 size: 811520 crc: A7CBE597 date: 2010-11-20 09:21:34
 C:\Windows\system32\GDI32.dll handle: 765B0000 size: 304640 crc: 7034A7D3 date: 2010-11-20 09:19:06
 C:\Windows\system32\LPK.dll handle: 77E10000 size: 26624 crc: 13E68B63 date: 2009-07-14 01:15:36
 C:\Windows\system32\USP10.dll handle: 77500000 size: 626176 crc: A5ECB486 date: 2010-11-20 09:21:34
 C:\Windows\system32\WS2_32.dll handle: 777A0000 size: 206848 crc: FD00A753 date: 2010-11-20 09:21:40
 C:\Windows\system32\RPCRT4.dll handle: 77D60000 size: 653312 crc: 859C9823 date: 2010-11-20 09:21:04
 C:\Windows\system32\NSI.dll handle: 77E20000 size: 8704 crc: 2ACE9671 date: 2009-07-14 01:16:11
 C:\Windows\system32\ADVAPI32.dll handle: 775A0000 size: 640512 crc: 34D5363F date: 2010-11-20 09:18:04
 C:\Windows\SYSTEM32\sechost.dll handle: 77E30000 size: 92160 crc: B624B29A date: 2009-07-14 01:16:13
 C:\Windows\system32\SHELL32.dll handle: 76800000 size: 12872192 crc: 23AAF5A3 date: 2010-11-20 09:21:20
 C:\Windows\system32\SHLWAPI.dll handle: 76550000 size: 350208 crc: 23E05F73 date: 2010-11-20 09:21:20
 C:\Windows\system32\IMM32.DLL handle: 777E0000 size: 118272 crc: B45269DC date: 2010-11-20 09:19:24
 C:\Windows\system32\MSCTF.dll handle: 761D0000 size: 828928 crc: DFE09EEB date: 2009-07-14 01:15:43
 C:\Windows\system32\SHFolder.dll handle: 71FB0000 size: 7168 crc: 683AAC32 date: 2009-07-14 01:16:14
 C:\Windows\system32\ole32.dll handle: 77AC0000 size: 1414144 crc: 74A1E844 date: 2010-11-20 09:20:50
 C:\Windows\system32\MMDevAPI.DLL handle: 74880000 size: 213504 crc: 93C0AA4F date: 2010-11-20 09:19:40
 C:\Windows\system32\PROPSYS.dll handle: 74CE0000 size: 988160 crc: 888D0BCB date: 2010-11-20 09:20:58
 C:\Windows\system32\OLEAUT32.dll handle: 762A0000 size: 571904 crc: E9FA5FF8 date: 2011-02-25 05:34:36
 C:\Windows\system32\wdmaud.drv handle: 74130000 size: 172032 crc: D5B9F5FA date: 2010-11-20 09:16:52
 C:\Windows\system32\ksuser.dll handle: 74120000 size: 4608 crc: EBE07232 date: 2009-07-14 01:15:35
 C:\Windows\system32\AVRT.dll handle: 747F0000 size: 14336 crc: 9818237B date: 2009-07-14 01:14:58
 C:\Windows\system32\SETUPAPI.dll handle: 76330000 size: 1667584 crc: 1D0104E8 date: 2010-11-20 09:21:16
 C:\Windows\system32\CFGMGR32.dll handle: 76090000 size: 145920 crc: 4DDC6E9A date: 2010-11-20 09:18:14
 C:\Windows\system32\DEVOBJ.dll handle: 75FE0000 size: 64512 crc: 2B501D62 date: 2009-07-14 01:15:11
 C:\Windows\system32\AUDIOSES.DLL handle: 74060000 size: 195584 crc: 0A7E52B1 date: 2010-11-20 09:18:06
 C:\Windows\system32\msacm32.drv handle: 73F40000 size: 20992 crc: 73923147 date: 2009-07-14 01:14:08
 C:\Windows\system32\MSACM32.dll handle: 73F20000 size: 72192 crc: ABA25814 date: 2009-07-14 01:15:42
 C:\Windows\system32\midimap.dll handle: 73F10000 size: 16896 crc: C000494C date: 2009-07-14 01:15:40
 C:\Windows\system32\CRYPTBASE.dll handle: 75D40000 size: 36864 crc: 00308E17 date: 2009-07-14 01:15:07
 C:\Windows\system32\CLBCatQ.DLL handle: 77870000 size: 522240 crc: 6C130B8A date: 2009-07-14 01:15:03
 C:\Windows\system32\uxtheme.dll handle: 74B90000 size: 249856 crc: 1CD7BB78 date: 2009-07-14 01:16:17
 C:\Windows\system32\dwmapi.dll handle: 747A0000 size: 67072 crc: FC7CA4B8 date: 2009-07-14 01:15:13
 C:\Windows\System32\dmime.dll handle: 709B0000 size: 179712 crc: 179D7CFB date: 2009-07-14 01:15:12
 C:\Windows\System32\DSOUND.dll handle: 72A30000 size: 453632 crc: EC24F2F8 date: 2009-07-14 01:15:13
 C:\Windows\System32\POWRPROF.dll handle: 75310000 size: 145408 crc: 9957ABF4 date: 2009-07-14 01:16:12
 C:\Windows\System32\dmusic.dll handle: 70D90000 size: 101376 crc: F5D0AA6B date: 2009-07-14 01:15:12
 C:\Windows\system32\WINTRUST.dll handle: 75F60000 size: 172032 crc: B7CADF2A date: 2010-11-20 09:21:38
 C:\Windows\system32\CRYPT32.dll handle: 75E40000 size: 1154048 crc: 61BB81F2 date: 2010-11-20 09:18:26
 C:\Windows\system32\MSASN1.dll handle: 75E30000 size: 34304 crc: BE7DA129 date: 2010-11-20 09:19:46
 C:\Windows\System32\dmsynth.dll handle: 71D30000 size: 105472 crc: 3B102040 date: 2009-07-14 01:15:12
 C:\Windows\System32\dmloader.dll handle: 73B90000 size: 38400 crc: 8A3F45D2 date: 2009-07-14 01:15:12
 C:\Windows\system32\mswsock.dll handle: 75830000 size: 232448 crc: 47C95B42 date: 2010-11-20 09:19:58
 C:\Windows\System32\wshtcpip.dll handle: 75350000 size: 9216 crc: BA963A19 date: 2009-07-14 01:16:20
 C:\Windows\system32\psapi.dll handle: 77790000 size: 6144 crc: 25B988F9 date: 2009-07-14 01:16:12

---- gamelog start ----
Tick 0: new game started
     Revision text changed to 1.1.0, savegame version 160, not modified, _openttd_newgrf_version = 0x1108570a
     New game mode: 2 landscape: 0
Tick 0: game loaded
     New game mode: 1 landscape: 0
Tick 44: settings changed
     Setting changed: vehicle.road_side : 1 -> 0
Tick 44: settings changed
     Setting changed: construction.command_pause_level : 1 -> 2
Tick 44: settings changed
     Setting changed: construction.command_pause_level : 2 -> 3
Tick 44: settings changed
     Setting changed: construction.command_pause_level : 3 -> 2
Tick 44: settings changed
     Setting changed: construction.command_pause_level : 2 -> 3
Tick 1594: game loaded
     New game mode: 2 landscape: 0
Tick 1594: game loaded
     New game mode: 1 landscape: 0
Tick 1613: settings changed
     Setting changed: construction.max_tunnel_length : 64 -> 65
Tick 1613: settings changed
     Setting changed: construction.max_tunnel_length : 65 -> 66
Tick 1613: settings changed
     Setting changed: construction.max_tunnel_length : 66 -> 67
Tick 1613: settings changed
     Setting changed: construction.max_tunnel_length : 67 -> 68
Tick 1613: settings changed
     Setting changed: construction.max_tunnel_length : 68 -> 69
Tick 1613: settings changed
     Setting changed: construction.max_tunnel_length : 69 -> 70
Tick 1613: settings changed
     Setting changed: construction.max_tunnel_length : 70 -> 71
Tick 1613: settings changed
     Setting changed: construction.max_tunnel_length : 71 -> 72
Tick 1613: settings changed
     Setting changed: construction.max_tunnel_length : 72 -> 73
Tick 1613: settings changed
     Setting changed: construction.max_tunnel_length : 73 -> 74
Tick 1613: settings changed
     Setting changed: construction.max_tunnel_length : 74 -> 75
Tick 1613: settings changed
     Setting changed: construction.max_tunnel_length : 75 -> 76
Tick 1613: settings changed
     Setting changed: construction.max_tunnel_length : 76 -> 77
Tick 1613: settings changed
     Setting changed: construction.max_tunnel_length : 77 -> 78
Tick 1613: settings changed
     Setting changed: construction.max_tunnel_length : 78 -> 79
Tick 1613: settings changed
     Setting changed: construction.max_tunnel_length : 79 -> 80
Tick 1613: settings changed
     Setting changed: construction.max_tunnel_length : 80 -> 81
Tick 1613: settings changed
     Setting changed: construction.max_tunnel_length : 81 -> 82
Tick 1613: settings changed
     Setting changed: construction.max_tunnel_length : 82 -> 83
Tick 1613: settings changed
     Setting changed: construction.max_tunnel_length : 83 -> 84
Tick 1613: settings changed
     Setting changed: construction.max_tunnel_length : 84 -> 85
Tick 1613: settings changed
     Setting changed: construction.max_tunnel_length : 85 -> 86
Tick 1613: settings changed
     Setting changed: construction.max_tunnel_length : 86 -> 87
Tick 1613: settings changed
     Setting changed: construction.max_tunnel_length : 87 -> 88
Tick 1613: settings changed
     Setting changed: construction.max_tunnel_length : 88 -> 89
Tick 1613: settings changed
     Setting changed: construction.max_tunnel_length : 89 -> 90
Tick 1613: settings changed
     Setting changed: construction.max_tunnel_length : 90 -> 91
Tick 1613: settings changed
     Setting changed: construction.max_tunnel_length : 91 -> 92
Tick 1613: settings changed
     Setting changed: construction.max_tunnel_length : 92 -> 93
Tick 1613: settings changed
     Setting changed: construction.max_tunnel_length : 93 -> 94
Tick 1613: settings changed
     Setting changed: construction.max_tunnel_length : 94 -> 95
Tick 1613: settings changed
     Setting changed: construction.max_tunnel_length : 95 -> 96
Tick 1613: settings changed
     Setting changed: construction.max_tunnel_length : 96 -> 97
Tick 1613: settings changed
     Setting changed: construction.max_tunnel_length : 97 -> 98
Tick 1613: settings changed
     Setting changed: construction.max_tunnel_length : 98 -> 99
Tick 1613: settings changed
     Setting changed: construction.max_tunnel_length : 99 -> 100
Tick 1613: settings changed
     Setting changed: construction.max_tunnel_length : 100 -> 500
Tick 1613: game loaded
     New game mode: 2 landscape: 0
Tick 1613: game loaded
     New game mode: 1 landscape: 0
Tick 1786: game loaded
     New game mode: 2 landscape: 0
Tick 1786: game loaded
     New game mode: 1 landscape: 0
Tick 1792: game loaded
     New game mode: 2 landscape: 0
Tick 1792: game loaded
     New game mode: 1 landscape: 0
Tick 1792: game loaded
     New game mode: 2 landscape: 0
Tick 1792: game loaded
     New game mode: 1 landscape: 0
Tick 1792: game loaded
     New game mode: 2 landscape: 0
Tick 1792: game loaded
     New game mode: 1 landscape: 0
Tick 1792: game loaded
     New game mode: 2 landscape: 0
Tick 1792: game loaded
     New game mode: 1 landscape: 0
Tick 1792: game loaded
     New game mode: 2 landscape: 0
Tick 1792: game loaded
     New game mode: 1 landscape: 0
Tick 1873: game loaded
     New game mode: 2 landscape: 0
Tick 1873: game loaded
     New game mode: 1 landscape: 0
Tick 1873: game loaded
     New game mode: 2 landscape: 0
Tick 1873: game loaded
     New game mode: 1 landscape: 0
Tick 1873: game loaded
     New game mode: 2 landscape: 0
Tick 1873: game loaded
     New game mode: 1 landscape: 0
Tick 1873: game loaded
     New game mode: 2 landscape: 0
Tick 1873: game loaded
     New game mode: 1 landscape: 0
Tick 1873: settings changed
     Setting changed: economy.allow_town_level_crossings : 1 -> 0
Tick 1873: game loaded
     New game mode: 2 landscape: 0
Tick 1873: game loaded
     New game mode: 1 landscape: 0
Tick 1873: game loaded
     New game mode: 2 landscape: 0
Tick 1873: game loaded
     New game mode: 1 landscape: 0
Tick 1873: game loaded
     New game mode: 2 landscape: 0
Tick 1873: game loaded
     New game mode: 1 landscape: 0
Tick 1873: game loaded
     New game mode: 2 landscape: 0
Tick 1873: game loaded
     New game mode: 1 landscape: 0
Tick 1873: game loaded
     Revision text changed to 1.1.1, savegame version 160, not modified, _openttd_newgrf_version = 0x11185800
Tick 1873: game loaded
     New game mode: 2 landscape: 0
Tick 1873: settings changed
     Setting changed: construction.max_tunnel_length : 500 -> 499
Tick 1873: settings changed
     Setting changed: construction.max_tunnel_length : 499 -> 498
Tick 1873: settings changed
     Setting changed: construction.max_tunnel_length : 498 -> 497
Tick 1873: settings changed
     Setting changed: construction.max_tunnel_length : 497 -> 496
Tick 1873: settings changed
     Setting changed: construction.max_tunnel_length : 496 -> 495
Tick 1873: settings changed
     Setting changed: construction.max_tunnel_length : 495 -> 494
Tick 1873: settings changed
     Setting changed: construction.max_tunnel_length : 494 -> 493
Tick 1873: settings changed
     Setting changed: construction.max_tunnel_length : 493 -> 492
Tick 1873: settings changed
     Setting changed: construction.max_tunnel_length : 492 -> 491
Tick 1873: settings changed
     Setting changed: construction.max_tunnel_length : 491 -> 490
Tick 1873: settings changed
     Setting changed: construction.max_tunnel_length : 490 -> 489
Tick 1873: settings changed
     Setting changed: construction.max_tunnel_length : 489 -> 488
Tick 1873: settings changed
     Setting changed: construction.max_tunnel_length : 488 -> 487
Tick 1873: settings changed
     Setting changed: construction.max_tunnel_length : 487 -> 486
Tick 1873: settings changed
     Setting changed: construction.max_tunnel_length : 486 -> 485
Tick 1873: settings changed
     Setting changed: construction.max_tunnel_length : 485 -> 484
Tick 1873: settings changed
     Setting changed: construction.max_tunnel_length : 484 -> 483
Tick 1873: settings changed
     Setting changed: construction.max_tunnel_length : 483 -> 482
Tick 1873: settings changed
     Setting changed: construction.max_tunnel_length : 482 -> 481
Tick 1873: settings changed
     Setting changed: construction.max_tunnel_length : 481 -> 480
Tick 1873: settings changed
     Setting changed: construction.max_tunnel_length : 480 -> 479
Tick 1873: settings changed
     Setting changed: construction.max_tunnel_length : 479 -> 478
Tick 1873: settings changed
     Setting changed: construction.max_tunnel_length : 478 -> 477
Tick 1873: settings changed
     Setting changed: construction.max_tunnel_length : 477 -> 476
Tick 1873: settings changed
     Setting changed: construction.max_tunnel_length : 476 -> 475
Tick 1873: settings changed
     Setting changed: construction.max_tunnel_length : 475 -> 474
Tick 1873: settings changed
     Setting changed: construction.max_tunnel_length : 474 -> 473
Tick 1873: settings changed
     Setting changed: construction.max_tunnel_length : 473 -> 472
Tick 1873: settings changed
     Setting changed: construction.max_tunnel_length : 472 -> 471
Tick 1873: settings changed
     Setting changed: construction.max_tunnel_length : 471 -> 470
Tick 1873: settings changed
     Setting changed: construction.max_tunnel_length : 470 -> 469
Tick 1873: settings changed
     Setting changed: construction.max_tunnel_length : 469 -> 468
Tick 1873: settings changed
     Setting changed: construction.max_tunnel_length : 468 -> 467
Tick 1873: settings changed
     Setting changed: construction.max_tunnel_length : 467 -> 466
Tick 1873: settings changed
     Setting changed: construction.max_tunnel_length : 466 -> 465
Tick 1873: settings changed
     Setting changed: construction.max_tunnel_length : 465 -> 464
Tick 1873: settings changed
     Setting changed: construction.max_tunnel_length : 464 -> 463
Tick 1873: settings changed
     Setting changed: construction.max_tunnel_length : 463 -> 462
Tick 1873: settings changed
     Setting changed: construction.max_tunnel_length : 462 -> 461
Tick 1873: settings changed
     Setting changed: construction.max_tunnel_length : 461 -> 460
Tick 1873: settings changed
     Setting changed: construction.max_tunnel_length : 460 -> 459
Tick 1873: settings changed
     Setting changed: construction.max_tunnel_length : 459 -> 458
Tick 1873: settings changed
     Setting changed: construction.max_tunnel_length : 458 -> 457
Tick 1873: settings changed
     Setting changed: construction.max_tunnel_length : 457 -> 456
Tick 1873: settings changed
     Setting changed: construction.max_tunnel_length : 456 -> 455
Tick 1873: settings changed
     Setting changed: construction.max_tunnel_length : 455 -> 454
Tick 1873: settings changed
     Setting changed: construction.max_tunnel_length : 454 -> 453
Tick 1873: settings changed
     Setting changed: construction.max_tunnel_length : 453 -> 452
Tick 1873: settings changed
     Setting changed: construction.max_tunnel_length : 452 -> 451
Tick 1873: settings changed
     Setting changed: construction.max_tunnel_length : 451 -> 450
Tick 1873: settings changed
     Setting changed: construction.max_tunnel_length : 450 -> 449
Tick 1873: settings changed
     Setting changed: construction.max_tunnel_length : 449 -> 448
Tick 1873: settings changed
     Setting changed: construction.max_tunnel_length : 448 -> 447
Tick 1873: settings changed
     Setting changed: construction.max_tunnel_length : 447 -> 446
Tick 1873: settings changed
     Setting changed: construction.max_tunnel_length : 446 -> 445
Tick 1873: settings changed
     Setting changed: construction.max_tunnel_length : 445 -> 444
Tick 1873: settings changed
     Setting changed: construction.max_tunnel_length : 444 -> 443
Tick 1873: settings changed
     Setting changed: construction.max_tunnel_length : 443 -> 442
Tick 1873: settings changed
     Setting changed: construction.max_tunnel_length : 442 -> 441
Tick 1873: settings changed
     Setting changed: construction.max_tunnel_length : 441 -> 440
Tick 1873: settings changed
     Setting changed: construction.max_tunnel_length : 440 -> 439
Tick 1873: settings changed
     Setting changed: construction.max_tunnel_length : 439 -> 438
Tick 1873: settings changed
     Setting changed: construction.max_tunnel_length : 438 -> 437
Tick 1873: settings changed
     Setting changed: construction.max_tunnel_length : 437 -> 436
Tick 1873: settings changed
     Setting changed: construction.max_tunnel_length : 436 -> 435
Tick 1873: settings changed
     Setting changed: construction.max_tunnel_length : 435 -> 434
Tick 1873: settings changed
     Setting changed: construction.max_tunnel_length : 434 -> 433
Tick 1873: settings changed
     Setting changed: construction.max_tunnel_length : 433 -> 432
Tick 1873: settings changed
     Setting changed: construction.max_tunnel_length : 432 -> 431
Tick 1873: settings changed
     Setting changed: construction.max_tunnel_length : 431 -> 430
Tick 1873: settings changed
     Setting changed: construction.max_tunnel_length : 430 -> 429
Tick 1873: settings changed
     Setting changed: construction.max_tunnel_length : 429 -> 428
Tick 1873: settings changed
     Setting changed: construction.max_tunnel_length : 428 -> 427
Tick 1873: settings changed
     Setting changed: construction.max_tunnel_length : 427 -> 426
Tick 1873: settings changed
     Setting changed: construction.max_tunnel_length : 426 -> 425
Tick 1873: settings changed
     Setting changed: construction.max_tunnel_length : 425 -> 424
Tick 1873: settings changed
     Setting changed: construction.max_tunnel_length : 424 -> 423
Tick 1873: settings changed
     Setting changed: construction.max_tunnel_length : 423 -> 422
Tick 1873: settings changed
     Setting changed: construction.max_tunnel_length : 422 -> 421
Tick 1873: settings changed
     Setting changed: construction.max_tunnel_length : 421 -> 420
Tick 1873: settings changed
     Setting changed: construction.max_tunnel_length : 420 -> 419
Tick 1873: settings changed
     Setting changed: construction.max_tunnel_length : 419 -> 418
Tick 1873: settings changed
     Setting changed: construction.max_tunnel_length : 418 -> 417
Tick 1873: settings changed
     Setting changed: construction.max_tunnel_length : 417 -> 416
Tick 1873: settings changed
     Setting changed: construction.max_tunnel_length : 416 -> 415
Tick 1873: settings changed
     Setting changed: construction.max_tunnel_length : 415 -> 414
Tick 1873: settings changed
     Setting changed: construction.max_tunnel_length : 414 -> 413
Tick 1873: settings changed
     Setting changed: construction.max_tunnel_length : 413 -> 412
Tick 1873: settings changed
     Setting changed: construction.max_tunnel_length : 412 -> 411
Tick 1873: settings changed
     Setting changed: construction.max_tunnel_length : 411 -> 410
Tick 1873: settings changed
     Setting changed: construction.max_tunnel_length : 410 -> 409
Tick 1873: settings changed
     Setting changed: construction.max_tunnel_length : 409 -> 408
Tick 1873: settings changed
     Setting changed: construction.max_tunnel_length : 408 -> 407
Tick 1873: settings changed
     Setting changed: construction.max_tunnel_length : 407 -> 406
Tick 1873: settings changed
     Setting changed: construction.max_tunnel_length : 406 -> 405
Tick 1873: settings changed
     Setting changed: construction.max_tunnel_length : 405 -> 404
Tick 1873: settings changed
     Setting changed: construction.max_tunnel_length : 404 -> 403
Tick 1873: settings changed
     Setting changed: construction.max_tunnel_length : 403 -> 402
Tick 1873: settings changed
     Setting changed: construction.max_tunnel_length : 402 -> 401
Tick 1873: settings changed
     Setting changed: construction.max_tunnel_length : 401 -> 400
Tick 1873: settings changed
     Setting changed: construction.max_tunnel_length : 400 -> 399
Tick 1873: settings changed
     Setting changed: construction.max_tunnel_length : 399 -> 398
Tick 1873: settings changed
     Setting changed: construction.max_tunnel_length : 398 -> 397
Tick 1873: settings changed
     Setting changed: construction.max_tunnel_length : 397 -> 396
Tick 1873: settings changed
     Setting changed: construction.max_tunnel_length : 396 -> 395
Tick 1873: settings changed
     Setting changed: construction.max_tunnel_length : 395 -> 394
Tick 1873: settings changed
     Setting changed: construction.max_tunnel_length : 394 -> 393
Tick 1873: settings changed
     Setting changed: construction.max_tunnel_length : 393 -> 392
Tick 1873: settings changed
     Setting changed: construction.max_tunnel_length : 392 -> 391
Tick 1873: settings changed
     Setting changed: construction.max_tunnel_length : 391 -> 390
Tick 1873: settings changed
     Setting changed: construction.max_tunnel_length : 390 -> 389
Tick 1873: settings changed
     Setting changed: construction.max_tunnel_length : 389 -> 388
Tick 1873: settings changed
     Setting changed: construction.max_tunnel_length : 388 -> 387
Tick 1873: settings changed
     Setting changed: construction.max_tunnel_length : 387 -> 386
Tick 1873: settings changed
     Setting changed: construction.max_tunnel_length : 386 -> 385
Tick 1873: settings changed
     Setting changed: construction.max_tunnel_length : 385 -> 384
Tick 1873: settings changed
     Setting changed: construction.max_tunnel_length : 384 -> 383
Tick 1873: settings changed
     Setting changed: construction.max_tunnel_length : 383 -> 382
Tick 1873: settings changed
     Setting changed: construction.max_tunnel_length : 382 -> 381
Tick 1873: settings changed
     Setting changed: construction.max_tunnel_length : 381 -> 380
Tick 1873: settings changed
     Setting changed: construction.max_tunnel_length : 380 -> 379
Tick 1873: settings changed
     Setting changed: construction.max_tunnel_length : 379 -> 378
Tick 1873: settings changed
     Setting changed: construction.max_tunnel_length : 378 -> 377
Tick 1873: settings changed
     Setting changed: construction.max_tunnel_length : 377 -> 376
Tick 1873: settings changed
     Setting changed: construction.max_tunnel_length : 376 -> 375
Tick 1873: settings changed
     Setting changed: construction.max_tunnel_length : 375 -> 374
Tick 1873: settings changed
     Setting changed: construction.max_tunnel_length : 374 -> 373
Tick 1873: settings changed
     Setting changed: construction.max_tunnel_length : 373 -> 372
Tick 1873: settings changed
     Setting changed: construction.max_tunnel_length : 372 -> 371
Tick 1873: settings changed
     Setting changed: construction.max_tunnel_length : 371 -> 370
Tick 1873: settings changed
     Setting changed: construction.max_tunnel_length : 370 -> 369
Tick 1873: settings changed
     Setting changed: construction.max_tunnel_length : 369 -> 368
Tick 1873: settings changed
     Setting changed: construction.max_tunnel_length : 368 -> 367
Tick 1873: settings changed
     Setting changed: construction.max_tunnel_length : 367 -> 366
Tick 1873: settings changed
     Setting changed: construction.max_tunnel_length : 366 -> 365
Tick 1873: settings changed
     Setting changed: construction.max_tunnel_length : 365 -> 364
Tick 1873: settings changed
     Setting changed: construction.max_tunnel_length : 364 -> 363
Tick 1873: settings changed
     Setting changed: construction.max_tunnel_length : 363 -> 362
Tick 1873: settings changed
     Setting changed: construction.max_tunnel_length : 362 -> 361
Tick 1873: settings changed
     Setting changed: construction.max_tunnel_length : 361 -> 360
Tick 1873: settings changed
     Setting changed: construction.max_tunnel_length : 360 -> 359
Tick 1873: settings changed
     Setting changed: construction.max_tunnel_length : 359 -> 358
Tick 1873: settings changed
     Setting changed: construction.max_tunnel_length : 358 -> 357
Tick 1873: settings changed
     Setting changed: construction.max_tunnel_length : 357 -> 356
Tick 1873: settings changed
     Setting changed: construction.max_tunnel_length : 356 -> 355
Tick 1873: settings changed
     Setting changed: construction.max_tunnel_length : 355 -> 354
Tick 1873: settings changed
     Setting changed: construction.max_tunnel_length : 354 -> 353
Tick 1873: settings changed
     Setting changed: construction.max_tunnel_length : 353 -> 352
Tick 1873: settings changed
     Setting changed: construction.max_tunnel_length : 352 -> 351
Tick 1873: settings changed
     Setting changed: construction.max_tunnel_length : 351 -> 350
Tick 1873: settings changed
     Setting changed: construction.max_tunnel_length : 350 -> 349
Tick 1873: settings changed
     Setting changed: construction.max_tunnel_length : 349 -> 348
Tick 1873: settings changed
     Setting changed: construction.max_tunnel_length : 348 -> 347
Tick 1873: settings changed
     Setting changed: construction.max_tunnel_length : 347 -> 346
Tick 1873: settings changed
     Setting changed: construction.max_tunnel_length : 346 -> 345
Tick 1873: settings changed
     Setting changed: construction.max_tunnel_length : 345 -> 344
Tick 1873: settings changed
     Setting changed: construction.max_tunnel_length : 344 -> 343
Tick 1873: settings changed
     Setting changed: construction.max_tunnel_length : 343 -> 342
Tick 1873: settings changed
     Setting changed: construction.max_tunnel_length : 342 -> 341
Tick 1873: settings changed
     Setting changed: construction.max_tunnel_length : 341 -> 340
Tick 1873: settings changed
     Setting changed: construction.max_tunnel_length : 340 -> 339
Tick 1873: settings changed
     Setting changed: construction.max_tunnel_length : 339 -> 338
Tick 1873: settings changed
     Setting changed: construction.max_tunnel_length : 338 -> 337
Tick 1873: settings changed
     Setting changed: construction.max_tunnel_length : 337 -> 336
Tick 1873: settings changed
     Setting changed: construction.max_tunnel_length : 336 -> 335
Tick 1873: settings changed
     Setting changed: construction.max_tunnel_length : 335 -> 334
Tick 1873: settings changed
     Setting changed: construction.max_tunnel_length : 334 -> 333
Tick 1873: settings changed
     Setting changed: construction.max_tunnel_length : 333 -> 332
Tick 1873: settings changed
     Setting changed: construction.max_tunnel_length : 332 -> 331
Tick 1873: settings changed
     Setting changed: construction.max_tunnel_length : 331 -> 330
Tick 1873: settings changed
     Setting changed: construction.max_tunnel_length : 330 -> 329
Tick 1873: settings changed
     Setting changed: construction.max_tunnel_length : 329 -> 328
Tick 1873: settings changed
     Setting changed: construction.max_tunnel_length : 328 -> 327
Tick 1873: settings changed
     Setting changed: construction.max_tunnel_length : 327 -> 326
Tick 1873: settings changed
     Setting changed: construction.max_tunnel_length : 326 -> 325
Tick 1873: settings changed
     Setting changed: construction.max_tunnel_length : 325 -> 324
Tick 1873: settings changed
     Setting changed: construction.max_tunnel_length : 324 -> 323
Tick 1873: settings changed
     Setting changed: construction.max_tunnel_length : 323 -> 322
Tick 1873: settings changed
     Setting changed: construction.max_tunnel_length : 322 -> 321
Tick 1873: settings changed
     Setting changed: construction.max_tunnel_length : 321 -> 320
Tick 1873: settings changed
     Setting changed: construction.max_tunnel_length : 320 -> 319
Tick 1873: settings changed
     Setting changed: construction.max_tunnel_length : 319 -> 318
Tick 1873: settings changed
     Setting changed: construction.max_tunnel_length : 318 -> 317
Tick 1873: settings changed
     Setting changed: construction.max_tunnel_length : 317 -> 316
Tick 1873: settings changed
     Setting changed: construction.max_tunnel_length : 316 -> 315
Tick 1873: settings changed
     Setting changed: construction.max_tunnel_length : 315 -> 314
Tick 1873: settings changed
     Setting changed: construction.max_tunnel_length : 314 -> 313
Tick 1873: settings changed
     Setting changed: construction.max_tunnel_length : 313 -> 312
Tick 1873: settings changed
     Setting changed: construction.max_tunnel_length : 312 -> 311
Tick 1873: settings changed
     Setting changed: construction.max_tunnel_length : 311 -> 310
Tick 1873: settings changed
     Setting changed: construction.max_tunnel_length : 310 -> 309
Tick 1873: settings changed
     Setting changed: construction.max_tunnel_length : 309 -> 308
Tick 1873: settings changed
     Setting changed: construction.max_tunnel_length : 308 -> 307
Tick 1873: settings changed
     Setting changed: construction.max_tunnel_length : 307 -> 306
Tick 1873: settings changed
     Setting changed: construction.max_tunnel_length : 306 -> 305
Tick 1873: settings changed
     Setting changed: construction.max_tunnel_length : 305 -> 304
Tick 1873: settings changed
     Setting changed: construction.max_tunnel_length : 304 -> 303
Tick 1873: settings changed
     Setting changed: construction.max_tunnel_length : 303 -> 302
Tick 1873: settings changed
     Setting changed: construction.max_tunnel_length : 302 -> 301
Tick 1873: settings changed
     Setting changed: construction.max_tunnel_length : 301 -> 300
Tick 1873: game loaded
     New game mode: 1 landscape: 0
---- gamelog end ----

*** End of OpenTTD Crash Report ***

Decoded stack trace:
[00] ???                  0x004A1555
[01] ???                  0x004A15D6
[02] ???                  0x0040B0A0
[03] ???                  0x00408BA2
[04] ???                  0x0042DA66
[05] ???                  0x0042DC4B

*** End of additional info ***
