*** OpenTTD Crash Report ***

Crash at: Wed Apr 20 10:10:47 2011
In game date: 2000-12-25 (34)

Crash reason:
 Exception: C0000094
 Location:  000000013F0E7021
 Message:   <none>

OpenTTD version:
 Version:    1.1.0-RC3 (0)
 NewGRF ver: 110056f5
 Bits:       64
 Endian:     little
 Dedicated:  no
 Build date: Mar 18 2011 22:59:26

Registers:
 RAX: 0000000000000888 RBX: 0000000001E22720 RCX: 000000000000000D RDX: 0000000000000000
 RSI: 0000000000000000 RDI: 0000000000000000 RBP: 0000000000000279 RSP: 000000000019EC90
 R8:  0000000000000005 R9:  FFFFFFFFFFFFFD00 R10: 0000000000000008 R11: 0000000004350F70
 R12: 00000000000000A8 R13: 0000000000000000 R14: 0000000000000000 R15: 0000000000000000
 RIP: 000000013F0E7021 EFLAGS: 00010202

 Bytes at instruction pointer:
 F7 3D 41 E9 8E 00 41 3B C0 44 0F 4C C0 44 3A CF 74 14 41 0F B7 43 72 41

Stack trace:
 FFFFFFFF FFFFFFFF 01E22720 00000000 00000000 00000000 00000000 00000000
 00000000 00000000 000000A8 00000000 00000000 00000000 3F0E7800 00000001
 00000000 00000000 00000279 00000000 00000000 00000000 FFFC9400 FFFCAC00
 FFFCC400 FFFC3C00 FF140000 FFFF0000 00000000 00000000 00000000 00000000
 00000000 00000000 000000A8 00000000 00000000 00000000 3F0E7D8E 00000001
 00000000 00000000 00000279 00000000 00000113 00000000 00000000 00000000
 04638E22 00000000 3F0E7F7C 00000001 00000000 00000000 00000000 00000000
 00000000 00000000 04638E40 00000000 04638E00 00000000 3F0B6DCB 00000001
 04638E00 00000000 00000000 00000000 00000000 00000000 00000000 00000000
 00000048 00000000 00000001 00000002 00000000 00000000 00000000 00000000
 00000070 00000000 FFFFFFFF FFFFFFFF C00000BB FFFFFFFF 00000000 00000000
 76C692F1 00000000 FD001203 000007FE 0019EEB8 00000000 00000000 00000000
 00000000 00000000 76C69A1E 00000000 FFFFD8F0 FFFFFFFF 0019EE20 00000000
 00000048 00000000 00000001 00000000 00000000 00000000 00000000 00000000
 00000000 00000000 00000000 00000000 00000000 00000000 76C5C788 00000000
 00000000 00000000 00000000 00000000 04638E03 00000000 04638E21 00000000
 00000000 00000000 3F2913ED 00000001 04638E00 00000000 04638E22 00000000
 04638E12 00000000 00000000 00000000 00000001 00000000 00000000 00000000
 0003029E 00000000 00000113 00000000 00000001 00000000 3F290114 00000001
 04638E03 00000279 000000BB 00000000 00000000 00000000 00000000 00000000
 01DD5EC0 00000000 3F0B561D 00000001 01DD5E90 00000000 00000000 00000000
 00000000 00000000 00000000 00000000 00780001 00000065 00000077 00000000
 FFFFFFFF FFFFFFFF 0019F118 00000000 00000000 00000000 00000000 00000000
 001D0000 FFFFFFFF 00000000 00000000 00000000 00000000 00000000 00000000

Operating system:
 Name:     Windows
 Release:  6.1.7601 (Service Pack 1)
 Compiler: MSVC 1500

Configuration:
 Blitter:      8bpp-optimized
 Graphics set: OpenGFX (589)
 Language:     C:\Users\bbq\Downloads\OpenTTD\lang\german.lng
 Music driver: win32
 Music set:    NoMusic (0)
 Network:      no
 Sound driver: win32
 Sound set:    OpenSFX (87)
 Video driver: win32

AI Configuration (local: 0):
  0: Human

Libraries:
 FreeType:   2.4.4
 ICU:        4.4.2
 LZMA:       5.0.0
 LZO:        2.03
 PNG:        1.4.5
 Zlib:       1.2.5

Module information:
 C:\Users\bbq\Downloads\OpenTTD\openttd.exe handle: 000000013F070000 size: 9912832 crc: 65694162 date: 2011-03-18 23:03:06
 C:\Windows\SYSTEM32\ntdll.dll handle: 0000000076D50000 size: 1731936 crc: 7AB8D690 date: 2010-11-20 13:28:37
 C:\Windows\system32\kernel32.dll handle: 0000000076B30000 size: 1161216 crc: 2FA6DA84 date: 2010-11-20 13:26:42
 C:\Windows\system32\KERNELBASE.dll handle: 000007FEFD000000 size: 419840 crc: 54E131D4 date: 2010-11-20 13:26:42
 C:\Windows\system32\WINMM.dll handle: 000007FEF9AA0000 size: 217600 crc: 7BC1529F date: 2009-07-14 01:41:56
 C:\Windows\system32\msvcrt.dll handle: 000007FEFD9A0000 size: 634880 crc: 7F3E716F date: 2009-07-14 01:41:32
 C:\Windows\system32\USER32.dll handle: 0000000076C50000 size: 1008128 crc: 70FF7D7F date: 2010-11-20 13:27:27
 C:\Windows\system32\GDI32.dll handle: 000007FEFD400000 size: 403968 crc: 3D5BC405 date: 2010-11-20 13:26:25
 C:\Windows\system32\LPK.dll handle: 000007FEFD730000 size: 41984 crc: 350AF03B date: 2009-07-14 01:41:19
 C:\Windows\system32\USP10.dll handle: 000007FEFEBE0000 size: 800256 crc: B511F4B9 date: 2010-11-20 13:27:27
 C:\Windows\system32\WS2_32.dll handle: 000007FEFD950000 size: 297984 crc: 0F68689B date: 2010-11-20 13:27:29
 C:\Windows\system32\RPCRT4.dll handle: 000007FEFD2D0000 size: 1219584 crc: 5217F07C date: 2010-11-20 13:27:24
 C:\Windows\system32\NSI.dll handle: 000007FEFDC40000 size: 13824 crc: 53B46F6C date: 2009-07-14 01:41:53
 C:\Windows\system32\ADVAPI32.dll handle: 000007FEFD520000 size: 877056 crc: FA615A20 date: 2009-07-14 01:40:01
 C:\Windows\SYSTEM32\sechost.dll handle: 000007FEFDC20000 size: 113664 crc: 978CFAE5 date: 2009-07-14 01:41:53
 C:\Windows\system32\SHELL32.dll handle: 000007FEFDE50000 size: 14174208 crc: EA53E806 date: 2010-11-20 13:27:25
 C:\Windows\system32\SHLWAPI.dll handle: 000007FEFD4A0000 size: 448512 crc: 086DF743 date: 2010-11-20 13:27:25
 C:\Windows\system32\IMM32.DLL handle: 000007FEFD470000 size: 167424 crc: 41B2805A date: 2009-07-14 01:41:09
 C:\Windows\system32\MSCTF.dll handle: 000007FEFD840000 size: 1067008 crc: 798DDDA0 date: 2009-07-14 01:41:28
 C:\Windows\system32\SHFolder.dll handle: 000007FEFA150000 size: 10240 crc: 08A48DE3 date: 2009-07-14 01:41:54
 C:\Windows\system32\ole32.dll handle: 000007FEFEE30000 size: 2086912 crc: 72F91CD0 date: 2010-11-20 13:27:23
 C:\Windows\system32\MMDevAPI.DLL handle: 000007FEFBAB0000 size: 284160 crc: CDF2EF81 date: 2009-07-14 01:41:26
 C:\Windows\system32\PROPSYS.dll handle: 000007FEFB980000 size: 1212416 crc: B83FA3BE date: 2010-11-20 13:27:23
 C:\Windows\system32\OLEAUT32.dll handle: 000007FEFECB0000 size: 861696 crc: 5E0F5F12 date: 2010-11-20 13:27:23
 C:\Windows\system32\wdmaud.drv handle: 000007FEF4E50000 size: 217088 crc: 12829973 date: 2010-11-20 13:24:21
 C:\Windows\system32\ksuser.dll handle: 0000000072880000 size: 5120 crc: AA2071D9 date: 2009-07-14 01:41:13
 C:\Windows\system32\AVRT.dll handle: 000007FEFB970000 size: 18432 crc: 5CE53CB7 date: 2009-07-14 01:40:05
 C:\Windows\system32\SETUPAPI.dll handle: 000007FEFDA40000 size: 1900544 crc: A364BD6A date: 2010-11-20 13:27:25
 C:\Windows\system32\CFGMGR32.dll handle: 000007FEFCDB0000 size: 207872 crc: 1984C339 date: 2010-11-20 13:25:50
 C:\Windows\system32\DEVOBJ.dll handle: 000007FEFCD50000 size: 93184 crc: A7541AE2 date: 2009-07-14 01:40:28
 C:\Windows\system32\AUDIOSES.DLL handle: 000007FEF4E00000 size: 296448 crc: 90389554 date: 2010-11-20 13:25:42
 C:\Windows\system32\msacm32.drv handle: 000007FEFA1D0000 size: 25600 crc: 2B579A05 date: 2009-07-14 01:38:50
 C:\Windows\system32\MSACM32.dll handle: 000007FEFA1B0000 size: 83456 crc: 3D67538B date: 2009-07-14 01:41:27
 C:\Windows\system32\midimap.dll handle: 000007FEFA1A0000 size: 20480 crc: CB902A13 date: 2009-07-14 01:41:23
 C:\Windows\system32\CRYPTBASE.dll handle: 000007FEFCBD0000 size: 44032 crc: F547C16E date: 2009-07-14 01:40:24
 C:\Windows\system32\CLBCatQ.DLL handle: 000007FEFD740000 size: 607744 crc: 939E35C9 date: 2009-07-14 01:40:15
 C:\Program Files (x86)\TeamViewer\Version6\tv_x64.dll handle: 0000004500000000 size: 53112 crc: B23DF1F2 date: 2011-03-01 14:24:46
 C:\Windows\WinSxS\amd64_microsoft.windows.common-controls_6595b64144ccf1df_5.82.7601.17514_none_a4d6a923711520a9\COMCTL32.dll handle: 000007FEF8600000 size: 633856 crc: E185C71D date: 2010-11-20 13:25:58
 C:\Windows\system32\uxtheme.dll handle: 000007FEFA8D0000 size: 332288 crc: B0A13DF9 date: 2009-07-14 01:41:56
 C:\Windows\system32\dwmapi.dll handle: 000007FEFAC30000 size: 82432 crc: A459F360 date: 2009-07-14 01:40:34
 C:\Windows\system32\mswsock.dll handle: 000007FEFC510000 size: 326144 crc: 136B1525 date: 2010-11-20 13:27:10
 C:\Windows\System32\wshtcpip.dll handle: 000007FEFBEB0000 size: 13312 crc: 5D1E2C55 date: 2009-07-14 01:41:58
 C:\Windows\system32\psapi.dll handle: 0000000076F10000 size: 9216 crc: 84B5E9BA date: 2009-07-14 01:41:53

---- gamelog start ----
Tick 0: new game started
     Revision text changed to 1.1.0-RC3, savegame version 160, not modified, _openttd_newgrf_version = 0x110056f5
     New game mode: 1 landscape: 2
     Added NewGRF: GRF ID 52571201, checksum C1C7D8C53EB7E74EEE2F0EF29638B466, filename: egrvts.1.0\egrvts.grf (md5sum matches)
---- gamelog end ----

*** End of OpenTTD Crash Report ***

Decoded stack trace:
[00] openttd              0x000000013F0E7021
[01] openttd              0x000000013F0E7800
[02] openttd              0x000000013F0E7D8E
[03] openttd              0x000000013F0E7F7C
[04] openttd              0x000000013F0B6DCB
[05] openttd              0x000000013F2913ED
[06] openttd              0x000000013F0B561D
[07] openttd              0x000000013F2938BE
[08] openttd              0x000000013F38E069
[09] kernel32             0x0000000076B4652D BaseThreadInitThunk + 13
[10] ntdll                0x0000000076D7C521 RtlUserThreadStart + 33

*** End of additional info ***
