*** OpenTTD Crash Report ***
Date: 2009-07-04 16:35:03
Build: 0.7.1 (0) built on Jun  8 2009 23:24:11
Language: german.lng
Exception C0000005 at 00480C53
Registers:
 EAX: 00000000 EBX: 0012FA00 ECX: 00CF6EA0 EDX: 000001BF
 ESI: 00000000 EDI: 024E3850 EBP: 0012F9B0 ESP: 0012F9A0
 EIP: 00480C53 EFLAGS: 00010206

Bytes at CS:EIP:
 0F B7 46 04 53 50 BB 2E 03 00 00 E8 FE AF FD FF 0F B7 46 04 50 43 E8 F3

Stack trace: 
 00481590 00000000 00000001 0000FAD4 0012FA14 00404EDB 00000001 00000000
 00000000 00000000 00000000 00D4EBF0 024E3850 00000001 0012FA38 00000FA0
 0000888B 00000D40 00000000 004814A2 0007054E 00000020 0007054E 0000FFFF
 000000FF 00000000 00000000 0001FFFF 00000001 0012FA5C 0045CDDD 0000FAD4
 00000062 00000000 888B0027 00000000 00000000 00000001 00D4EBF0 00D4EBF0
 00D4ED18 0045D62D 00D4EBF0 00D4EBF0 00D4ED18 00D4EBF0 00000086 0012FA8C
 0044010D 000000B1 0000005C 00000007 0000005C 00D4EBF0 000000B1 00D4EBF0
 00440F6D 00000007 0100005C 0012FABC 00441B1A 000000B1 0000005C 00000000
 000026B2 000001B6 00000000 00000001 00221E50 00000000 0007054E 00000001
 00441BFA 00000001 00000000 00000001 00000201 0012FB5C 00000000 00519BBD
 0012FBC4 00519777 00000000 00000000 00000000 00000000 00000102 0012FB40
 746B13D4 00010167 00000000 00000001 746B13D9 00000000 7FFDF000 00000102
 00C50000 00010167 0012FB14 746B0F0F 0012FB88 746DF1A6 746B13E0 FFFFFFFF
 746B13D9 7E37B372 00000000 00000001 0012FBDC 00000000 0012FC90 0012FB88
 7E368734 0007054E 00000201 00000001 007E01B6 00519777 DCBAABCD 00000000
 0012FBC4 00519777 0012FBF0 7E368816 00519777 0007054E 00000201 00000001
 007E01B6 0012FC98 0012FC90 008EE930 00000014 00000001 00000000 00000000
 00000010 00000000 00000030 00000000 00000000 00000000 0012FBA4 0012F5C4
 0012FC40 7E39048F 7E368830 00000000 0012FC50 7E3689CD 00000000 00519777
 0007054E 00000201 00000001 007E01B6 008EE944 00000001 7E37A78F 7E36929B
 00DF1D20 0012FC50 7E369402 0012FC90 00000001 00000000 0012FC18 0012F5C4
 0012FFB0 7E39048F 7E3689F0 FFFFFFFF 0012FC60 7E368A10 0012FC90 00000000
 00000000 0051A21C 0012FC90 00676CB8 00CA7F28 0012FD14 00000000 0012FC68
 00DF1D10 00DF1D2E 00000000 00000000 0007054E 00000201 00000001 007E01B6

Module information:
 F:\Spiele\OpenTTD\openttd.exe handle: 00400000 size: 2518016 crc: 9395D1B2 date: 2009-06-08 21:28:20
 E:\WINDOWS\system32\ntdll.dll handle: 7C910000 size: 740864 crc: 05A33B54 date: 2009-02-09 10:54:49
 E:\WINDOWS\system32\kernel32.dll handle: 7C800000 size: 1063424 crc: ECE9D84A date: 2009-03-21 14:06:58
 E:\WINDOWS\system32\WINMM.dll handle: 76AF0000 size: 178176 crc: E266DD96 date: 2008-04-14 05:52:34
 E:\WINDOWS\system32\ADVAPI32.dll handle: 77DA0000 size: 678400 crc: E2D116F3 date: 2009-02-10 17:24:52
 E:\WINDOWS\system32\RPCRT4.dll handle: 77E50000 size: 584704 crc: B8FA2036 date: 2008-04-14 05:52:24
 E:\WINDOWS\system32\Secur32.dll handle: 77FC0000 size: 56832 crc: BEF2B7A6 date: 2009-02-03 19:57:04
 E:\WINDOWS\system32\GDI32.dll handle: 77EF0000 size: 286720 crc: 62E5D8E7 date: 2008-10-23 12:36:55
 E:\WINDOWS\system32\USER32.dll handle: 7E360000 size: 580096 crc: 89D3E1AE date: 2008-04-14 05:52:32
 E:\WINDOWS\system32\WS2_32.dll handle: 71A10000 size: 82432 crc: E04F0DBC date: 2008-04-14 05:52:34
 E:\WINDOWS\system32\msvcrt.dll handle: 77BE0000 size: 343040 crc: 88E736C3 date: 2008-04-14 05:52:20
 E:\WINDOWS\system32\WS2HELP.dll handle: 71A00000 size: 19968 crc: 495F6FD3 date: 2008-04-14 05:52:34
 E:\WINDOWS\system32\SHELL32.dll handle: 7E670000 size: 8502272 crc: 7A6DE62C date: 2008-06-17 19:00:59
 E:\WINDOWS\system32\SHLWAPI.dll handle: 77F40000 size: 474624 crc: F8F36120 date: 2008-04-14 05:52:26
 E:\WINDOWS\system32\IMM32.DLL handle: 76330000 size: 110080 crc: EDBE605D date: 2008-04-14 05:52:14
 E:\WINDOWS\WinSxS\x86_Microsoft.Windows.Common-Controls_6595b64144ccf1df_6.0.2600.5512_x-ww_35d4ce83\comctl32.dll handle: 773A0000 size: 1054208 crc: FD52368A date: 2008-04-14 05:50:12
 E:\WINDOWS\system32\comctl32.dll handle: 5D450000 size: 617472 crc: ACCB0A1D date: 2008-04-14 05:52:10
 E:\WINDOWS\system32\SHFolder.dll handle: 76730000 size: 25088 crc: 2A9ECCE3 date: 2008-04-14 05:52:26
 E:\WINDOWS\system32\WINTRUST.dll handle: 76BF0000 size: 176640 crc: D6727A9A date: 2008-04-14 05:52:34
 E:\WINDOWS\system32\CRYPT32.dll handle: 77A50000 size: 604160 crc: 02332DFE date: 2008-04-14 05:52:10
 E:\WINDOWS\system32\MSASN1.dll handle: 77AF0000 size: 57344 crc: F455D5C5 date: 2008-04-14 05:52:18
 E:\WINDOWS\system32\IMAGEHLP.dll handle: 76C50000 size: 144384 crc: 5CC92799 date: 2008-04-14 05:52:14
 E:\WINDOWS\system32\wdmaud.drv handle: 72C90000 size: 23552 crc: AA8C6F26 date: 2008-04-14 03:53:10
 E:\WINDOWS\system32\msacm32.drv handle: 72C80000 size: 20992 crc: E6F1E346 date: 2001-08-23 10:00:00
 E:\WINDOWS\system32\MSACM32.dll handle: 77BB0000 size: 72192 crc: F5983F18 date: 2008-04-14 05:52:16
 E:\WINDOWS\system32\midimap.dll handle: 77BA0000 size: 18944 crc: 6E74A717 date: 2008-04-14 05:52:16
 E:\WINDOWS\system32\ole32.dll handle: 774B0000 size: 1287680 crc: B2FE9A6A date: 2008-04-14 05:52:24
 E:\WINDOWS\system32\MSCTF.dll handle: 746A0000 size: 297984 crc: 42CB9401 date: 2008-04-14 05:52:18
 E:\WINDOWS\system32\CLBCATQ.DLL handle: 76F90000 size: 498688 crc: 423AB384 date: 2008-04-14 05:52:08
 E:\WINDOWS\system32\COMRes.dll handle: 77010000 size: 846848 crc: E513A9A0 date: 2008-04-14 05:52:10
 E:\WINDOWS\system32\OLEAUT32.dll handle: 770F0000 size: 551936 crc: 9BD88917 date: 2008-04-14 05:52:24
 E:\WINDOWS\system32\VERSION.dll handle: 77BD0000 size: 18944 crc: 5D52A980 date: 2008-04-14 05:52:32
 E:\WINDOWS\system32\dmime.dll handle: 5C900000 size: 181248 crc: D19C00C9 date: 2008-04-14 05:52:10
 E:\WINDOWS\system32\DSOUND.dll handle: 73E70000 size: 367616 crc: E4D652D0 date: 2008-04-14 05:52:10
 E:\WINDOWS\system32\dmusic.dll handle: 6CE60000 size: 104448 crc: 5016B6A2 date: 2008-04-14 05:52:10
 E:\WINDOWS\system32\KsUser.dll handle: 73E40000 size: 4096 crc: 80E8F1DA date: 2008-04-14 03:52:14
 E:\WINDOWS\system32\dmsynth.dll handle: 6CE80000 size: 103424 crc: 089F2F8F date: 2008-04-14 05:52:10
 E:\WINDOWS\system32\dmloader.dll handle: 6CEF0000 size: 35840 crc: 10E5FAB8 date: 2008-04-14 05:52:10
 E:\WINDOWS\system32\msctfime.ime handle: 75250000 size: 177152 crc: DEA68E02 date: 2008-04-14 05:51:00
 E:\WINDOWS\system32\mswsock.dll handle: 719B0000 size: 247296 crc: 2DCD13D0 date: 2008-10-01 09:38:44
 E:\WINDOWS\system32\hnetcfg.dll handle: 66710000 size: 348672 crc: 245DA329 date: 2008-10-01 09:38:37
 E:\WINDOWS\System32\wshtcpip.dll handle: 719F0000 size: 19456 crc: 26C346BD date: 2008-04-14 05:52:34
 E:\Programme\Microsoft Hardware\Mouse\MSH_ZWF.dll handle: 61220000 size: 69632 crc: 587A72E1 date: 2002-04-11 09:47:52
 D:\Arbeit\Trillian\events.dll handle: 16000000 size: 163840 crc: CB4163B9 date: 2005-03-14 22:00:00
 E:\WINDOWS\system32\comdlg32.dll handle: 76350000 size: 281600 crc: 60CC3608 date: 2008-04-14 05:52:10
 D:\Arbeit\Trillian\MSVCR71.dll handle: 7C340000 size: 348160 crc: 35563170 date: 2005-03-14 22:00:00
 E:\WINDOWS\system32\psapi.dll handle: 76BB0000 size: 23040 crc: 38CB6558 date: 2008-04-14 05:52:24

System information:
 Windows version 5.1 2600 Service Pack 3

---- gamelog start ----
Tick 38394: game loaded
     Conversion from OTTD savegame without gamelog: version 92, 0
     Revision text changed to 0.7.1, savegame version 116, not modified, _openttd_newgrf_version = 0x0718409c
     New game mode: 1 landscape: 0
---- gamelog end ----
