*** OpenTTD Crash Report ***

Crash at: Tue May 25 08:15:44 2010
In game date: 1984-10-06 (2)

Crash reason:
 Exception: C0000005
 Location:  004E81F3
 Message:   <none>

OpenTTD version:
 Version:    1.0.1 (0)
 NewGRF ver: 10184d1e
 Bits:       32
 Endian:     little
 Dedicated:  no
 Build date: Apr 30 2010 21:40:36

Registers:
 EAX: 004E81EA EBX: 00000000 ECX: 00000002 EDX: 00000001
 ESI: 00000002 EDI: 00000000 EBP: 0012FB04 ESP: 0012FAC8
 EIP: 004E81F3 EFLAGS: 00010206

 Bytes at instruction pointer:
 8A 47 11 33 DB 89 65 F0 3A C3 0F 85 F0 00 00 00 8B 47 08 38 58 0C 0F 85

Stack trace:
 0005699E 00000002 00000000 00000014 00000003 0005699E 00E37180 00E37190
 00E37190 0051B526 00E37190 004E81EA 0012FFB0 00625B6A FFFFFFFF 0012FC30
 004DE95C 00000000 0005699E 000569AE 00000001 00428147 0005699E 00000000
 00000001 00000370 74D269CC 0012FB78 00604A7C 0012FB58 0070D454 00000000
 0012FBDC 007AD531 00000054 00000053 007AD536 00000003 007AD531 00000042
 00000000 00000208 0000000A 00000003 0012FB94 00604ABC 007AD531 00000054
 0070D454 00000000 00F0B868 00E30000 00430C50 00000018 00000054 00E30000
 0012F9A0 000109C5 00000041 0012FB10 7C9101C0 0012FBFC 7C90E900 7C910040
 FFFFFFFF 7C91003D 005FFBD5 00E30000 00000000 005FFBF4 74D26EF4 022CD28C
 022CD228 00000000 7C90DC0C 7C91B289 0000040C 022CD228 0213D2F8 7C9010FD
 00E32A64 005370CB 00E32A64 00422C92 0005699E 000569AE 0012FC4C 00000000
 00002733 00422DFE 0012FC4C 0041F1EB 0005699E 0041F400 00000000 00002733
 000569AE 00000000 00428338 00000000 00534EA8 00772064 00000000 0012FD14
 00000000 0012FC58 000569AE 000569CC 00000000 00000000 001500B8 0000000F
 00000000 00000000 0005699E 000002A2 00000149 004275EB 0012FD2C 0012FE30
 00000001 0100001B 00000000 00000000 00000000 00000000 00000000 FFFFFFFF
 00000000 0000FDE9 00000000 00000000 00000000 00000000 FFFFFFFF 00000000
 00000000 00000000 0012FF30 00000000 00000000 00000000 FFFFFFFF 0012FE34
 006EFBC0 00000000 00000000 0012FF30 00536BDC 00000001 0012FE30 FFFFFFFE
 00000000 5C3A4622 6E65704F 5C445454 6E65706F 2E647474 00657865 00E30020
 00E30640 00E30640 00E30178 00E30178 00E37238 0000000D 00E36EB8 00E30178
 00E37430 00E30178 00000004 00E37418 00000000 00E30178 00E30178 00E30178
 00E30178 00E37428 00E30168 00000000 00000000 00E37428 00000020 00E37430
 00E36EB0 00E30178 00000020 00000178 00E30000 0012FBB4 00E30178 0012FE7C

Operating system:
 Name:     Windows
 Release:  5.1.2600 (Service Pack 3)
 Compiler: MSVC 1500

Configuration:
 Blitter:      8bpp-optimized
 Graphics set: OpenGFX
 Language:     english_US.lng
 Music driver: dmusic
 Music set:    OpenMSX
 Network:      no
 Sound driver: win32
 Sound set:    OpenSFX
 Video driver: win32

AI Configuration (local: 1):
  0: Human
  1: Human
  2: Human
  3: Human
  4: Human
  5: Human
  6: Human
  7: Human

Libraries:
 FreeType:   2.3.12
 ICU:        4.2.1
 LZO:        2.03
 PNG:        1.2.43
 Zlib:       1.2.3

Module information:
 F:\OpenTTD\openttd.exe handle: 00400000 size: 3542016 crc: 9FC5D0CD date: 2010-04-30 21:43:32
 C:\Windows\system32\ntdll.dll handle: 7C900000 size: 706048 crc: 791555FA date: 2008-04-14 02:41:26
 C:\Windows\system32\kernel32.dll handle: 7C800000 size: 989696 crc: 98CCF9A3 date: 2008-04-14 02:41:58
 C:\Windows\system32\WINMM.dll handle: 76B40000 size: 176128 crc: 9676D976 date: 2008-04-14 02:42:10
 C:\Windows\system32\ADVAPI32.dll handle: 77DD0000 size: 617472 crc: 78174499 date: 2008-04-14 02:41:50
 C:\Windows\system32\RPCRT4.dll handle: 77E70000 size: 584704 crc: 78EC50DB date: 2008-04-14 02:42:06
 C:\Windows\system32\Secur32.dll handle: 77FE0000 size: 56320 crc: 25AFC491 date: 2008-04-14 02:42:06
 C:\Windows\system32\GDI32.dll handle: 77F10000 size: 285184 crc: 148CE77D date: 2008-04-14 02:41:56
 C:\Windows\system32\USER32.dll handle: 7E410000 size: 578560 crc: F7C72264 date: 2008-04-14 02:42:10
 C:\Windows\system32\WS2_32.dll handle: 71AB0000 size: 82432 crc: 7C519ECA date: 2008-04-14 02:42:12
 C:\Windows\system32\msvcrt.dll handle: 77C10000 size: 343040 crc: 0B7B1677 date: 2008-04-14 02:42:02
 C:\Windows\system32\WS2HELP.dll handle: 71AA0000 size: 19968 crc: 3F24E096 date: 2008-04-14 02:42:12
 C:\Windows\system32\SHELL32.dll handle: 7C9C0000 size: 8461312 crc: 0EB5453F date: 2008-04-14 02:42:06
 C:\Windows\system32\SHLWAPI.dll handle: 77F60000 size: 474112 crc: 3230A338 date: 2008-04-14 02:42:06
 C:\Windows\system32\IMM32.DLL handle: 76390000 size: 110080 crc: C1486DA0 date: 2008-04-14 02:41:56
 C:\Windows\WinSxS\x86_Microsoft.Windows.Common-Controls_6595b64144ccf1df_6.0.2600.5512_x-ww_35d4ce83\comctl32.dll handle: 773D0000 size: 1054208 crc: 06939D35 date: 2008-04-14 02:42:52
 C:\Windows\system32\comctl32.dll handle: 5D090000 size: 617472 crc: 519837A9 date: 2008-04-14 02:41:52
 C:\Windows\system32\SHFolder.dll handle: 76780000 size: 25088 crc: 8009EA65 date: 2008-04-14 02:42:06
 C:\Windows\system32\wdmaud.drv handle: 72D20000 size: 23552 crc: EEB914CA date: 2008-04-14 02:42:46
 C:\Windows\system32\WINTRUST.dll handle: 76C30000 size: 176640 crc: 98E1211C date: 2008-04-14 02:42:10
 C:\Windows\system32\CRYPT32.dll handle: 77A80000 size: 599040 crc: F04E4319 date: 2008-04-14 02:41:52
 C:\Windows\system32\MSASN1.dll handle: 77B20000 size: 57344 crc: B280A6F9 date: 2008-04-14 02:42:00
 C:\Windows\system32\IMAGEHLP.dll handle: 76C90000 size: 144384 crc: F7A06429 date: 2008-04-14 02:41:56
 C:\Windows\system32\msacm32.drv handle: 72D10000 size: 20480 crc: D5406BAE date: 2001-08-23 12:00:00
 C:\Windows\system32\MSACM32.dll handle: 77BE0000 size: 71680 crc: EDE4B266 date: 2008-04-14 02:42:00
 C:\Windows\system32\midimap.dll handle: 77BD0000 size: 18944 crc: 2E6D5FD1 date: 2008-04-14 02:41:58
 C:\Windows\system32\uxtheme.dll handle: 5AD70000 size: 218624 crc: A4A915A5 date: 2008-04-14 02:42:10
 C:\Windows\system32\MSCTF.dll handle: 74720000 size: 297984 crc: 392BE0B0 date: 2008-04-14 02:42:00
 C:\Program Files\Philips\LightFrame 3\LightFrameHook.dll handle: 10000000 size: 24576 crc: 6EDF9962 date: 2003-11-20 08:30:06
 C:\Windows\system32\MFC42.DLL handle: 73DD0000 size: 1028096 crc: FB8B3FE9 date: 2008-04-14 02:41:58
 C:\Windows\system32\MFC42LOC.DLL handle: 61EB0000 size: 53248 crc: 57FC1E07 date: 2002-09-23 12:00:00
 C:\Program Files\Philips\LightFrame 3\LFMVLCursor.dll handle: 00EC0000 size: 49152 crc: 53665046 date: 2003-11-20 08:30:00
 C:\Windows\system32\msctfime.ime handle: 755C0000 size: 177152 crc: 6D3663FE date: 2008-04-14 02:40:08
 C:\Windows\system32\ole32.dll handle: 774E0000 size: 1287168 crc: 3908D33A date: 2008-04-14 02:42:04
 C:\Windows\system32\CLBCATQ.DLL handle: 76FD0000 size: 498688 crc: F43789FF date: 2008-04-14 02:41:52
 C:\Windows\system32\COMRes.dll handle: 77050000 size: 792064 crc: 868482D5 date: 2008-04-14 02:41:52
 C:\Windows\system32\OLEAUT32.dll handle: 77120000 size: 551936 crc: 1EE83658 date: 2008-04-14 02:42:04
 C:\Windows\system32\VERSION.dll handle: 77C00000 size: 18944 crc: 558B1DAF date: 2008-04-14 02:42:10
 C:\WINDOWS\System32\dmime.dll handle: 5C570000 size: 181248 crc: A021AC64 date: 2008-04-14 02:41:54
 C:\WINDOWS\System32\DSOUND.dll handle: 73F10000 size: 367616 crc: 33C2A52C date: 2008-04-14 02:41:54
 C:\WINDOWS\System32\dmusic.dll handle: 6C980000 size: 104448 crc: E9A2B682 date: 2008-04-14 02:41:54
 C:\Windows\system32\KsUser.dll handle: 73EE0000 size: 4096 crc: BD8E6BD9 date: 2008-04-14 02:41:58
 C:\WINDOWS\System32\dmsynth.dll handle: 6C9A0000 size: 103424 crc: 3E2BFB05 date: 2008-04-14 02:41:54
 C:\WINDOWS\System32\dmloader.dll handle: 6CA10000 size: 35840 crc: 9271DC2B date: 2008-04-14 02:41:54
 C:\Windows\system32\mswsock.dll handle: 71A50000 size: 245248 crc: 121DE7EF date: 2008-04-14 02:42:02
 C:\Windows\system32\hnetcfg.dll handle: 662B0000 size: 344064 crc: 96358152 date: 2008-04-14 02:41:56
 C:\Windows\System32\wshtcpip.dll handle: 71A90000 size: 19456 crc: F5533E87 date: 2008-04-14 02:42:12
 C:\WINDOWS\System32\dmstyle.dll handle: 6C9C0000 size: 105984 crc: 65DF8D9B date: 2008-04-14 02:41:54
 C:\WINDOWS\System32\dmband.dll handle: 6CBC0000 size: 28672 crc: B752817F date: 2008-04-14 02:41:54
 C:\Windows\system32\DNSAPI.dll handle: 76F20000 size: 147968 crc: 7DCFCC2E date: 2008-04-14 02:41:54
 C:\Windows\system32\rasadhlp.dll handle: 76FC0000 size: 7680 crc: 3AB3D6CF date: 2008-04-14 02:42:04
 C:\Windows\system32\psapi.dll handle: 76BF0000 size: 23040 crc: 75BBDCAD date: 2008-04-14 02:42:04

---- gamelog start ----
Tick 0: new game started
     Revision text changed to 1.0.1, savegame version 138, not modified, _openttd_newgrf_version = 0x10184d1e
     New game mode: 1 landscape: 0
---- gamelog end ----

*** End of OpenTTD Crash Report ***
