*** OpenTTD Crash Report ***
Date: 2008-11-22 16:40:15
Build: r14602 built on Nov 21 2008 19:16:52
Reason: Assertion failed at ..\src\newgrf_house.cpp:655: IsTileType(tile, MP_HOUSE)
Language: english.lng
Exception C0000005 at 004D4EF9
Registers:
 EAX: 0350EB88 EBX: 00000002 ECX: 0012F838 EDX: 0350EBD4
 ESI: 0002D175 EDI: 0002D175 EBP: 0012FAC0 ESP: 0012FA50
 EIP: 004D4EF9 EFLAGS: 00010206

Bytes at CS:EIP:
 C6 05 00 00 00 00 00 8B C7 E8 66 EE FF FF 0F B7 F0 56 E8 CD ED FF FF 8B

Stack trace: 
 0002CF75 0002CCE7 00000002 0012F9B8 00000001 0012FAA4 7C90EE18 7C910500
 0001FFFF 00000002 0012F9D4 00B90000 0012FAC0 7C90EE18 7C910570 FFFFFFFF
 7C91056D 0055337E 00B90000 00000001 0000001C 03ADBD18 00000001 0112FB04
 0012FAC8 00000002 0312EE8C 004D3F59 0012FB40 004D4FB6 0002CCE7 00000000
 0064310C 0002CF75 00000000 0012FAEC 00000001 00000000 00000000 00000200
 00000000 00000000 00000000 00000014 00000000 00C3C430 0002CF75 024F9788
 000000AB 00443F8E 004D42A3 004D42C7 004D42EB 004D44F8 00481C9B 00430F8A
 00000007 00000002 0064310C 0002CCE7 0012FB94 004D4DC2 00000000 00000001
 005A6608 0002CF75 0012FB94 000000AB 000000AB 004A22F9 005A6608 0002CF75
 005E11FC 0002CF75 0047D914 005E11FC 0047D281 00000000 000000AB 0047DB1D
 005A6608 00000129 0041C7C2 0012FBBC A8A27B20 A8A27B30 00000000 0042B364
 00000000 00638480 77D49278 0012FBD4 0042B5BA A8A27B30 00000000 0012FBBC
 0012FBBC 00000000 004F24C3 00638C50 0062379C 0012FD14 00000000 0012FBD8
 A8A27B30 A8A27B4E 00000000 00000000 016C09CA 0000000F 00000000 00000000
 A8A27B11 000001C3 00000095 0042AC01 0012FD2C 00000001 00000001 00010003
 00000000 00B90000 00000000 00000000 00000000 FFFFFFFF 00000000 FFFFFFFF
 0012FE34 005E9280 00000000 FFFFFFFF 00000000 00000000 00000000 7C917BB0
 00000000 00000100 00000000 00000004 00B90748 00000002 0012FD2C 0000FDE8
 00020600 00000000 00020730 0012FCC4 7C825335 00000023 FFFFFFFF 00000021
 00000100 0000FDE9 0012FD2C 00000001 00000020 0012FCF0 7C82528E 0000FDE9
 00000000 000206F0 FFFFFFFF 0012FD2C 00000104 00000000 7C90E027 7C91392E
 FFFFFF00 00000024 0012FD04 00000004 00000000 DC561C36 0012FD14 7C8103A4
 DC03E901 0012FF30 004490BA 00000001 0012FE30 FFFFFFFE 00000000 5C3A4622
 454D4147 704F5C53 54546E65 706F5C44 74746E65 78652E64 00200065 00B90640

Module information:
 F:\GAMES\OpenTTD\openttd.exe handle: 00400000 size: 2247168 crc: D3F4BEB6 date: 2008-11-21 16:20:08
 C:\WINDOWS\system32\ntdll.dll handle: 7C900000 size: 708096 crc: A5A50370 date: 2004-08-03 20:56:38
 C:\WINDOWS\system32\kernel32.dll handle: 7C800000 size: 983552 crc: 63EDEAA9 date: 2004-08-03 20:56:44
 C:\WINDOWS\system32\WINMM.dll handle: 76B40000 size: 176128 crc: 123646FA date: 2004-08-03 20:56:48
 C:\WINDOWS\system32\USER32.dll handle: 77D40000 size: 577024 crc: 23C4ACD0 date: 2004-08-03 20:56:48
 C:\WINDOWS\system32\GDI32.dll handle: 77F10000 size: 278016 crc: 38A80671 date: 2004-08-03 20:56:44
 C:\WINDOWS\system32\ADVAPI32.dll handle: 77DD0000 size: 616960 crc: 5E7A2F0A date: 2004-08-03 20:56:42
 C:\WINDOWS\system32\RPCRT4.dll handle: 77E70000 size: 581120 crc: 3AE05623 date: 2004-08-03 20:56:46
 C:\WINDOWS\system32\WS2_32.dll handle: 71AB0000 size: 82944 crc: 9738CC56 date: 2004-08-03 20:56:48
 C:\WINDOWS\system32\msvcrt.dll handle: 77C10000 size: 343040 crc: 5298C0C5 date: 2004-08-03 20:56:44
 C:\WINDOWS\system32\WS2HELP.dll handle: 71AA0000 size: 19968 crc: F5DD5AB6 date: 2004-08-03 20:56:48
 C:\WINDOWS\system32\SHFolder.dll handle: 76780000 size: 25088 crc: 2EC7582B date: 2004-08-03 20:56:46
 C:\WINDOWS\system32\SHLWAPI.dll handle: 77F60000 size: 473600 crc: 2D4FD44F date: 2004-08-03 20:56:46
 C:\WINDOWS\WinSxS\x86_Microsoft.Windows.Common-Controls_6595b64144ccf1df_6.0.2600.2180_x-ww_a84f1ff9\comctl32.dll handle: 773D0000 size: 1050624 crc: 893FE926 date: 2004-08-03 20:57:02
 C:\WINDOWS\system32\comctl32.dll handle: 5D090000 size: 611328 crc: DD782FC8 date: 2004-08-03 20:56:42
 C:\WINDOWS\system32\WINTRUST.dll handle: 76C30000 size: 176640 crc: 88D208BD date: 2004-08-03 20:56:48
 C:\WINDOWS\system32\CRYPT32.dll handle: 77A80000 size: 597504 crc: 971ECFAA date: 2004-08-03 20:56:42
 C:\WINDOWS\system32\MSASN1.dll handle: 77B20000 size: 57344 crc: D5127637 date: 2004-08-03 20:56:44
 C:\WINDOWS\system32\IMAGEHLP.dll handle: 76C90000 size: 144384 crc: 714A70BC date: 2004-08-03 20:56:44
 C:\WINDOWS\system32\wdmaud.drv handle: 72D20000 size: 23552 crc: 982E84EE date: 2004-08-03 21:56:58
 C:\WINDOWS\system32\msacm32.drv handle: 72D10000 size: 20480 crc: D5406BAE date: 2001-08-23 11:00:00
 C:\WINDOWS\system32\MSACM32.dll handle: 77BE0000 size: 71680 crc: 6A21891E date: 2004-08-03 20:56:44
 C:\WINDOWS\system32\midimap.dll handle: 77BD0000 size: 18944 crc: 502B5282 date: 2004-08-03 20:56:44
 C:\WINDOWS\system32\ole32.dll handle: 774E0000 size: 1281536 crc: 8A7E66C7 date: 2004-08-03 20:56:46
 C:\WINDOWS\system32\uxtheme.dll handle: 5AD70000 size: 218624 crc: 5AA98F22 date: 2004-08-03 20:56:48
 C:\Program Files\FlashGet\fgmgr.dll handle: 10000000 size: 53329 crc: E53D84B0 date: 2007-05-18 16:13:08
 C:\WINDOWS\system32\comdlg32.dll handle: 763B0000 size: 276992 crc: D64B240A date: 2004-08-03 20:56:42
 C:\WINDOWS\system32\SHELL32.dll handle: 7C9C0000 size: 8384000 crc: 51CDDF32 date: 2004-08-03 20:56:46
 C:\WINDOWS\system32\VERSION.dll handle: 77C00000 size: 18944 crc: CFE439BB date: 2004-08-03 20:56:48
 C:\WINDOWS\system32\WININET.dll handle: 771B0000 size: 656384 crc: 6C6CF8C0 date: 2004-08-03 20:56:48
 C:\WINDOWS\system32\OLEAUT32.dll handle: 77120000 size: 553472 crc: 78035CFF date: 2004-08-03 20:56:46
 C:\WINDOWS\system32\MSCTF.dll handle: 74720000 size: 294400 crc: BBD2E653 date: 2004-08-03 20:56:44
 C:\WINDOWS\system32\nview.dll handle: 01150000 size: 1474560 crc: D5FF5C39 date: 2007-06-28 16:43:00
 C:\WINDOWS\system32\PSAPI.DLL handle: 76BF0000 size: 23040 crc: 97A44A88 date: 2004-08-03 20:56:46
 C:\WINDOWS\system32\NTMARTA.DLL handle: 77690000 size: 118784 crc: 4E8FC2EA date: 2004-08-03 20:56:46
 C:\WINDOWS\system32\WLDAP32.dll handle: 76F60000 size: 172032 crc: 5FAE75A9 date: 2004-08-03 20:56:48
 C:\WINDOWS\system32\SAMLIB.dll handle: 71BF0000 size: 64000 crc: C20BD045 date: 2004-08-03 20:56:46
 C:\WINDOWS\system32\NVWRSRU.DLL handle: 01340000 size: 315392 crc: 2E36A173 date: 2007-06-28 16:43:00
 C:\WINDOWS\system32\CLBCATQ.DLL handle: 76FD0000 size: 501248 crc: 258B91EE date: 2004-08-03 20:56:42
 C:\WINDOWS\system32\COMRes.dll handle: 77050000 size: 792064 crc: 5A12B4A2 date: 2004-08-03 20:56:42
 C:\WINDOWS\system32\dmime.dll handle: 5C570000 size: 181248 crc: F18E50F8 date: 2004-08-03 20:56:44
 C:\WINDOWS\system32\DSOUND.dll handle: 73F10000 size: 367616 crc: F0EFB582 date: 2004-08-03 20:56:44
 C:\WINDOWS\system32\dmusic.dll handle: 6C980000 size: 104448 crc: 0C1C73CE date: 2004-08-03 20:56:44
 C:\WINDOWS\system32\KsUser.dll handle: 73EE0000 size: 4096 crc: 519CF22C date: 2004-08-03 21:56:44
 C:\WINDOWS\system32\dmsynth.dll handle: 6C9A0000 size: 103424 crc: ECEFF055 date: 2004-08-03 20:56:44
 C:\WINDOWS\system32\dmloader.dll handle: 6CA10000 size: 35840 crc: CCCBFD58 date: 2004-08-03 20:56:44
 C:\Program Files\Punto Switcher\pshook.dll handle: 08000000 size: 21288 crc: FB6A0325 date: 2008-10-07 12:16:49
 C:\WINDOWS\system32\DRWEBSP.DLL handle: 01D80000 size: 77824 crc: F9BEFE35 date: 2008-10-18 16:02:32
 C:\WINDOWS\system32\mswsock.dll handle: 71A50000 size: 245248 crc: E2309390 date: 2004-08-03 20:56:46
 C:\WINDOWS\system32\hnetcfg.dll handle: 662B0000 size: 344064 crc: 6CF15ACF date: 2004-08-03 20:56:44
 C:\WINDOWS\System32\wshtcpip.dll handle: 71A90000 size: 19968 crc: B88CC0E5 date: 2004-08-03 20:56:48
 C:\Program Files\ABBYY Lingvo 12\LvHook.dll handle: 3AA00000 size: 258048 crc: D9B65660 date: 2006-12-13 21:08:20
 C:\WINDOWS\system32\nvwddi.dll handle: 026F0000 size: 81920 crc: C28771DC date: 2007-06-28 16:43:00

System information:
 Windows version 5.1 2600 Service Pack 2

---- gamelog start ----
Tick 0: new game started
     Revision text changed to r14602, savegame version 103, not modified, _openttd_newgrf_version = 0x0700390a
     New game mode: 1 landscape: 0
     Added NewGRF: GRF ID 4D656F91, checksum A833A57F2F4F9DC16592D386A4F51A03, filename: ECS(George)\ECSTownw.grf
     Added NewGRF: GRF ID 4D656F92, checksum EF6299F44787B4540685111180B7413E, filename: ECS(George)\ECSBasicw.grf
     Added NewGRF: GRF ID 4D656F9C, checksum FD6607A16934597EB3EDE8110BF77CC9, filename: ECS(George)\ECSChem2w.grf
     Added NewGRF: GRF ID 4D656F94, checksum 563486A6E1887BD7F1DA267F008634FA, filename: ECS(George)\ECSMachw.grf
     Added NewGRF: GRF ID 4D656F95, checksum 4ED6B62065DE941B0E12EF2F9CED9D8E, filename: ECS(George)\ECSWoodw.grf
     Added NewGRF: GRF ID 4D656F96, checksum BF7BF4D8C83826E5FF70251DC0DC3C8F, filename: ECS(George)\ECSConstw.grf
     Added NewGRF: GRF ID 4D656F97, checksum C526FC878647CAF3D5FD42F69BF97199, filename: ECS(George)\ECSAgriw.grf
     Added NewGRF: GRF ID 4D656F9D, checksum D235B10611F76A3A37F4DE4425F9918F, filename: ECS(George)\ECSHousew.grf
     Added NewGRF: GRF ID 6D620601, checksum 44EB2F155862E4D4F0AB671D7021AF54, filename: MB\newstatsw.grf
     Added NewGRF: GRF ID 4A430002, checksum 0728ADCB4DF2F1EB9247ABD449296F4E, filename: indstatrw.grf
     Added NewGRF: GRF ID 6D620004, checksum 70649F1AFC954942173B0AA89C1E8B14, filename: MB\newshipsw.grf
     Added NewGRF: GRF ID 6D620005, checksum E4C18D726BADD37045283D24E56505FD, filename: MB\nshp_ecs.grf
     Added NewGRF: GRF ID 6D620401, checksum C5ACB6D5536A464FD78871D91840A35F, filename: MB\dbsetxlw.grf
     Added NewGRF: GRF ID 6D620402, checksum 66ADF9AC90D97C59ED783FEC7E9706F9, filename: MB\dbxl_ecs.grf
     Added NewGRF: GRF ID 4D656F17, checksum 8A4F8A04256C90BECF818D134C91C816, filename: ECS(George)\4LVw.grf
     Added NewGRF: GRF ID 4A530101, checksum 30C383628E25247266049E00ABBA5B81, filename: PlaneSetw.grf
     Added NewGRF: GRF ID 43414361, checksum 4FF21D837F0C19EF91DB383B62FB3151, filename: NA\NACityw.grf
Tick 55119: game loaded
     Compatible NewGRF loaded: GRF ID 4D656F91, checksum 2A339A51DA161144C1B9E6FF6155EDAB, filename: ECS(George)\ECSTownw.grf
     Compatible NewGRF loaded: GRF ID 4D656F92, checksum 8DBBDC6BECBF477F952950D71F51F92F, filename: ECS(George)\ECSBasicw.grf
     Compatible NewGRF loaded: GRF ID 4D656F9C, checksum 59EF07BCEB88B3D69EAB514920604174, filename: ECS(George)\ECSChem2w.grf
     Compatible NewGRF loaded: GRF ID 4D656F95, checksum 4EB413604B26C8D43149999D0B272B25, filename: ECS(George)\ECSWoodw.grf
     Compatible NewGRF loaded: GRF ID 4D656F97, checksum 40FA02D89251BC0E03502629A793624C, filename: ECS(George)\ECSAgriw.grf
     Compatible NewGRF loaded: GRF ID 4D656F9D, checksum 9E8871B1B688547E8F28D0179AED1182, filename: ECS(George)\ECSHousew.grf
---- gamelog end ----
