*** OpenTTD Crash Report ***

Crash at: Sat Jan 15 19:22:28 2011
In game date: 1950-01-02 (71)

Crash reason:
 Signal:  Segmentation fault (11)
 Message: <none>

OpenTTD version:
 Version:    r21720 (0)
 NewGRF ver: 110054d8
 Bits:       32
 Endian:     little
 Dedicated:  no
 Build date: Jan 15 2011 20:19:03

Stacktrace:
 [00] ~/clean_openttd/bin/openttd(_ZNK12CrashLogUnix13LogStacktraceEPcPKc+0x43) [0x82bf793]
 [01] ~/clean_openttd/bin/openttd(_ZNK8CrashLog12FillCrashLogEPcPKc+0x102) [0x81b9f42]
 [02] ~/clean_openttd/bin/openttd(_ZNK8CrashLog12MakeCrashLogEv+0xc4) [0x81ba094]
 [03] ~/clean_openttd/bin/openttd() [0x82bf6be]
 [04] [0x32f400]
 [05] ~/clean_openttd/bin/openttd(_ZNK14SmallMapWindow14GetTileColoursERK8TileArea+0x336) [0x834c7e6]
 [06] ~/clean_openttd/bin/openttd(_ZNK14SmallMapWindow12DrawSmallMapEP13DrawPixelInfo+0x352) [0x834cfa2]
 [07] ~/clean_openttd/bin/openttd(_ZNK14SmallMapWindow10DrawWidgetERK4Recti+0x74) [0x834d7f4]
 [08] ~/clean_openttd/bin/openttd(_ZN17NWidgetBackground4DrawEPK6Window+0x136) [0x83e3ec6]
 [09] ~/clean_openttd/bin/openttd(_ZN19NWidgetPIPContainer4DrawEPK6Window+0x24) [0x83e1614]
 [10] ~/clean_openttd/bin/openttd(_ZN17NWidgetBackground4DrawEPK6Window+0x14d) [0x83e3edd]
 [11] ~/clean_openttd/bin/openttd(_ZN22NWidgetSmallmapDisplay4DrawEPK6Window+0x24) [0x834c124]
 [12] ~/clean_openttd/bin/openttd(_ZN19NWidgetPIPContainer4DrawEPK6Window+0x24) [0x83e1614]
 [13] ~/clean_openttd/bin/openttd(_ZN19NWidgetPIPContainer4DrawEPK6Window+0x24) [0x83e1614]
 [14] ~/clean_openttd/bin/openttd(_ZNK6Window11DrawWidgetsEv+0x17) [0x83e3b97]
 [15] ~/clean_openttd/bin/openttd(_Z26DrawOverlappedWindowForAlliiii+0x74) [0x83eaa04]
 [16] ~/clean_openttd/bin/openttd(_Z16RedrawScreenRectiiii+0x6a) [0x81eacfa]
 [17] ~/clean_openttd/bin/openttd(_Z15DrawDirtyBlocksv+0x18c) [0x81eaf1c]
 [18] ~/clean_openttd/bin/openttd(_Z13UpdateWindowsv+0x8d) [0x83ec6ed]
 [19] ~/clean_openttd/bin/openttd(_ZN15VideoDriver_SDL8MainLoopEv+0x1f6) [0x83d07c6]
 [20] ~/clean_openttd/bin/openttd(_Z8ttd_mainiPPc+0xea0) [0x82b01c0]
 [21] ~/clean_openttd/bin/openttd(main+0x48) [0x82bfa38]
 [22] /lib/tls/i686/cmov/libc.so.6(__libc_start_main+0xe6) [0xe34bd6]
 [23] ~/clean_openttd/bin/openttd() [0x80ef261]

Operating system:
 Name:     Linux
 Release:  2.6.32-27-generic
 Version:  #49-Ubuntu SMP Wed Dec 1 23:52:12 UTC 2010
 Machine:  i686
 Compiler: GCC 4.4.3 "4.4.3"

Configuration:
 Blitter:      8bpp-optimized
 Graphics set: original_windows (0)
 Language:     ~/clean_openttd/bin/lang/dutch.lng
 Music driver: extmidi
 Music set:    Scott Joplin Anthology (1)
 Network:      no
 Sound driver: sdl
 Sound set:    original_windows (0)
 Video driver: sdl

AI Configuration (local: 0):
  0: Human

Libraries:
 Allegro:    Allegro 4.2.2, Unix
 FontConfig: 2.8.0
 FreeType:   2.3.11
 ICU:        4.2.1
 LZMA:       4.999.9beta
 LZO:        2.03
 PNG:        1.2.42
 SDL:        1.2.14
 Zlib:       1.2.3.3

---- gamelog start ----
Tick 0: new game started
     Revision text changed to r21720, savegame version 155, not modified, _openttd_newgrf_version = 0x110054d8
     New game mode: 1 landscape: 0
---- gamelog end ----

*** End of OpenTTD Crash Report ***
