*** OpenTTD Crash Report ***
Date: 2009-05-31 22:37:05
Build: r16470 (0) built on May 30 2009 18:24:35
Language: english_US.lng
Exception C0000005 at 00650072
Registers:
 EAX: 006778E0 EBX: 01F3A8C8 ECX: 01F3A8C8 EDX: 00C50608
 ESI: 01F3A8C8 EDI: 01EF66F0 EBP: 0012FBB4 ESP: 0012FB90
 EIP: 00650072 EFLAGS: 00010202

Bytes at CS:EIP:
 00 00 00 00 00 00 00 00 00 00 00 00 00 00 00 00 00 00 00 00 00 00 00 00

Stack trace: 
 004E2BBF 01EF66F0 01EFC018 01F84FD0 01EF66F4 00000004 0012FC00 005BFAA0
 0000000F 00000000 004D4B90 01EF66F0 01EF6708 004F1861 01F84FD0 01EFC018
 0012FC0C 004F1A82 00DBF1A0 00000001 0061EE50 00000D33 004898DB 006602CC
 00C56F60 00C56F70 00C56F70 0012FBD8 0012FFB0 005C1F76 00000004 00000001
 004E8CD5 01F84FD0 7E42A78F 07C4BF62 0012FC54 00000000 006FBB70 0042E9F1
 7E42A78F 07C4BF62 0012FC54 00000000 0012FC54 00000000 00000000 00423985
 7E42A837 0012FC64 0042ECB9 00000000 0012FC4C 00000000 005402BA 006C6BD0
 0065A2CC 0012FD14 00000000 0012FC68 07C4BF62 07C4BF80 00000000 00000000
 001602CE 00000200 00000000 022B01BD 07C4BF52 000001BD 00000245 0042D4E9
 0012FD2C 00000002 00000001 01000001 00D3AED0 00D3AED0 00D3AED0 00D3AED0
 00D3AED0 FFFFFFFF 00000000 0012FD2C 00000000 00000000 FFFFFFFF 00000000
 0012FF30 00000000 00000000 00000000 FFFFFFFF 0012FE38 006680D8 00000000
 00001F7B 0012FF30 0044B100 00000002 0012FE30 FFFFFFFE 00000000 5C3A4422
 6E65706F 5C647474 6E757274 706F5C6B 74746E65 78652E64 2D200065 00C50064
 00C50178 00000008 00C57018 0000000D 00000002 00C50640 00C57210 00C50178
 00000004 00C571F8 00000000 00C50178 00C50178 00000010 00C50178 00C57208
 00C50168 00000000 00000000 00C57208 00000020 00C57210 00000010 00C50178
 00000020 00000198 00C50000 0012FBB4 00000002 0012FE7C 7C90E920 7C9101E0
 FFFFFFFF 7C9101DB 005A2236 00C50000 00000000 00000018 00C56FC0 0012FEEC
 0012FEF8 0012FE0C 005A22CC 00000018 00C56FF0 00C50168 00000000 0012FE88
 0047447B 00000018 00502E88 00C56FF8 00502F0E 00C56FC0 00C571C8 0012FEEC
 0012FD2D 0012FD4B 00C571F0 00C50168 00000000 00000000 00C571F0 00000018
 00C571F8 00000000 00C52B74 00000000 0012FEA4 005AE077 00C50000 00000000
 7C90D80A 7C913416 FFFFFFFF 00000024 0012FE8C 00000004 00000000 0C698FFF

Module information:
 D:\openttd\trunk\openttd.exe handle: 00400000 size: 2844672 crc: 530F2891 date: 2009-05-30 11:28:00
 C:\WINDOWS\system32\ntdll.dll handle: 7C900000 size: 714752 crc: 56E74C35 date: 2009-02-09 12:10:48
 C:\WINDOWS\system32\kernel32.dll handle: 7C800000 size: 989696 crc: 8A0508E5 date: 2009-03-21 14:06:58
 C:\WINDOWS\system32\WINMM.dll handle: 76B40000 size: 176128 crc: 9676D976 date: 2008-04-14 00:12:10
 C:\WINDOWS\system32\ADVAPI32.dll handle: 77DD0000 size: 617472 crc: C9027432 date: 2009-02-09 12:10:48
 C:\WINDOWS\system32\RPCRT4.dll handle: 77E70000 size: 584704 crc: 78EC50DB date: 2008-04-14 00:12:04
 C:\WINDOWS\system32\Secur32.dll handle: 77FE0000 size: 56832 crc: 8FEFBB63 date: 2009-02-03 19:59:08
 C:\WINDOWS\system32\GDI32.dll handle: 77F10000 size: 286720 crc: B5F6B116 date: 2008-10-23 12:36:14
 C:\WINDOWS\system32\USER32.dll handle: 7E410000 size: 578560 crc: F7C72264 date: 2008-04-14 00:12:08
 C:\WINDOWS\system32\WS2_32.dll handle: 71AB0000 size: 82432 crc: 7C519ECA date: 2008-04-14 00:12:10
 C:\WINDOWS\system32\msvcrt.dll handle: 77C10000 size: 343040 crc: 0B7B1677 date: 2008-04-14 00:12:02
 C:\WINDOWS\system32\WS2HELP.dll handle: 71AA0000 size: 19968 crc: 3F24E096 date: 2008-04-14 00:12:10
 C:\WINDOWS\system32\SHELL32.dll handle: 7C9C0000 size: 8461312 crc: 2221EFBA date: 2008-06-17 19:02:20
 C:\WINDOWS\system32\SHLWAPI.dll handle: 77F60000 size: 474112 crc: 3230A338 date: 2008-04-14 00:12:06
 C:\WINDOWS\WinSxS\x86_Microsoft.Windows.Common-Controls_6595b64144ccf1df_6.0.2600.5512_x-ww_35d4ce83\comctl32.dll handle: 773D0000 size: 1054208 crc: 06939D35 date: 2008-04-14 00:12:52
 C:\WINDOWS\system32\comctl32.dll handle: 5D090000 size: 617472 crc: 519837A9 date: 2008-04-14 00:11:52
 C:\WINDOWS\system32\SHFolder.dll handle: 76780000 size: 25088 crc: 8009EA65 date: 2008-04-14 00:12:06
 C:\WINDOWS\system32\WINTRUST.dll handle: 76C30000 size: 176640 crc: 98E1211C date: 2008-04-14 00:12:10
 C:\WINDOWS\system32\CRYPT32.dll handle: 77A80000 size: 599040 crc: F04E4319 date: 2008-04-14 00:11:52
 C:\WINDOWS\system32\MSASN1.dll handle: 77B20000 size: 57344 crc: B280A6F9 date: 2008-04-14 00:11:58
 C:\WINDOWS\system32\IMAGEHLP.dll handle: 76C90000 size: 144384 crc: F7A06429 date: 2008-04-14 00:11:54
 C:\WINDOWS\system32\wdmaud.drv handle: 72D20000 size: 23552 crc: EEB914CA date: 2008-04-14 00:12:46
 C:\WINDOWS\system32\msacm32.drv handle: 72D10000 size: 20480 crc: D5406BAE date: 2004-08-04 12:00:00
 C:\WINDOWS\system32\MSACM32.dll handle: 77BE0000 size: 71680 crc: EDE4B266 date: 2008-04-14 00:11:58
 C:\WINDOWS\system32\midimap.dll handle: 77BD0000 size: 18944 crc: 2E6D5FD1 date: 2008-04-14 00:11:58
 C:\WINDOWS\system32\ole32.dll handle: 774E0000 size: 1287168 crc: 3908D33A date: 2008-04-14 00:12:02
 C:\WINDOWS\system32\uxtheme.dll handle: 5AD70000 size: 218624 crc: A4A915A5 date: 2008-04-14 00:12:08
 C:\WINDOWS\system32\MSCTF.dll handle: 74720000 size: 297984 crc: 392BE0B0 date: 2008-04-14 00:11:58
 C:\WINDOWS\system32\CLBCATQ.DLL handle: 76FD0000 size: 498688 crc: F43789FF date: 2008-04-14 00:11:50
 C:\WINDOWS\system32\COMRes.dll handle: 77050000 size: 792064 crc: 868482D5 date: 2008-04-14 00:11:52
 C:\WINDOWS\system32\OLEAUT32.dll handle: 77120000 size: 551936 crc: 1EE83658 date: 2008-04-14 00:12:02
 C:\WINDOWS\system32\VERSION.dll handle: 77C00000 size: 18944 crc: 558B1DAF date: 2008-04-14 00:12:08
 C:\WINDOWS\system32\dmime.dll handle: 5C570000 size: 181248 crc: A021AC64 date: 2008-04-14 00:11:52
 C:\WINDOWS\system32\DSOUND.dll handle: 73F10000 size: 367616 crc: 33C2A52C date: 2008-04-14 00:11:52
 C:\WINDOWS\system32\dmusic.dll handle: 6C980000 size: 104448 crc: E9A2B682 date: 2008-04-14 00:11:52
 C:\WINDOWS\system32\KsUser.dll handle: 73EE0000 size: 4096 crc: BD8E6BD9 date: 2008-04-14 00:11:56
 C:\WINDOWS\system32\dmsynth.dll handle: 6C9A0000 size: 103424 crc: 3E2BFB05 date: 2008-04-14 00:11:52
 C:\WINDOWS\system32\dmloader.dll handle: 6CA10000 size: 35840 crc: 9271DC2B date: 2008-04-14 00:11:52
 C:\WINDOWS\system32\mswsock.dll handle: 71A50000 size: 245248 crc: FBBA0828 date: 2008-06-20 17:46:58
 C:\WINDOWS\system32\hnetcfg.dll handle: 662B0000 size: 344064 crc: 96358152 date: 2008-04-14 00:11:54
 C:\WINDOWS\System32\wshtcpip.dll handle: 71A90000 size: 19456 crc: F5533E87 date: 2008-04-14 00:12:10
 C:\WINDOWS\system32\dmstyle.dll handle: 6C9C0000 size: 105984 crc: 65DF8D9B date: 2008-04-14 00:11:52
 C:\WINDOWS\system32\dmband.dll handle: 6CBC0000 size: 28672 crc: B752817F date: 2008-04-14 00:11:52
 C:\WINDOWS\system32\mslbui.dll handle: 605D0000 size: 25088 crc: D9D805D6 date: 2008-04-14 00:12:00
 C:\WINDOWS\system32\psapi.dll handle: 76BF0000 size: 23040 crc: 75BBDCAD date: 2008-04-14 00:12:04

System information:
 Windows version 5.1 2600 Service Pack 3

---- gamelog start ----
Tick 0: new game started
     Revision text changed to r16470, savegame version 120, not modified, _openttd_newgrf_version = 0x08004056
     New game mode: 1 landscape: 0
---- gamelog end ----
