*** OpenTTD Crash Report ***
Date: 2009-02-15 19:40:29
Build: 0.6.3 built on Oct  1 2008 17:17:30
Reason: !Disconnecting road vehicle.
Language: hungarian.lng
Exception C0000005 at 004236D5
Registers:
 EAX: 0012F91C EBX: 00000001 ECX: 00001E02 EDX: 00010000
 ESI: 00000200 EDI: 00005478 EBP: 0012FB1C ESP: 0012F914
 EIP: 004236D5 EFLAGS: 00010246

Bytes at CS:EIP:
 C6 05 00 00 00 00 00 8B 0D 4C DD 59 00 85 C9 74 05 8B 01 FF 50 04 53 E8

Stack trace: 
 00005478 01E29DDC 73694421 6E6E6F63 69746365 7220676E 2064616F 69686576
 2E656C63 00000000 0012F898 45A63276 00000000 7C90E900 00000001 0000001C
 00D80198 00000008 01E2FAB8 0012F978 004B4E8B 01F31AB0 00000001 01F31C00
 00000001 0012F9F8 004B4DD9 0012FAB8 00000001 0012FAB8 DCBAABCD 00000000
 0012F9D8 004C7D72 0012FA04 7E368BD9 7FFDF000 0012FA04 7E36885A 0012F9C0
 00000000 7C910098 01DB5258 0012FA8C 7C910021 003D0748 0012F9DC 00000000
 7C910098 00D8F060 0012FAA8 7C910000 00000001 0000001C 00D80020 00000035
 01C40009 0012FA10 004B4E8B 01F31C00 00000001 01F31C70 00000001 0012FA90
 004B4DD9 0012FAB8 01E29B14 01E29B14 00000000 00000000 0012FB48 0043B88F
 0012FA59 00D898E0 01DB5260 53BB80EE 766C697A 6B73A1C3 7472BCC3 2C382820
 29343839 003D0000 0012FAEC 7C90E900 7C9101C0 FFFFFFFF 000101BB 003D0000
 0012F9D0 0047CA00 00000001 0000001C 01EF4F58 00000000 010C0100 0012FAA8
 004B4E8B 01F31C70 00000001 00000005 01E29B14 0012FB04 004B2021 01E29B14
 0047E0C2 00000000 00000000 00000000 00000000 00000002 00000000 006524C8
 00000C89 00000C89 0012FB7C 0043C19E FFFFFB71 00000C89 FFFFF2F7 00000C9D
 FFFFFB8B 01E29B38 00438F69 FFFFFB71 00000C89 FFFFFB8B 00000C9D 00000788
 004B8032 00000000 0012FB7C 0047EF6D 0057B788 01E29B14 01E29DDC 00000000
 00000000 00000043 00000043 00000000 00567E90 01E29B14 000003B2 01E284D4
 0012FFB0 00517E53 FFFFFFFF 00000008 0000000A 00000005 00000788 000000FF
 00005478 0000007B 0012FB90 0047F90C 00000008 018F28E0 01E29B14 0012FBC8
 00436787 018F28D0 018F28E0 00000000 00000008 0000FBF0 0012FBC8 00416BB9
 018F28D0 018F28E0 004248DC 00000000 005CF470 0012FBD8 00424BE3 00000000
 0012FBC0 00000000 004C8A28 006563A4 005CF7D0 0012FD14 00000000 00000000
 018F28E0 018F28FE 00000000 00000000 003F063E 00000113 00000001 004C7AA5

Module information:
 F:\Programs\OpenTTD\openttd.exe handle: 00400000 size: 1730560 crc: 5206D133 date: 2008-10-01 17:19:46
 C:\WINDOWS\system32\ntdll.dll handle: 7C900000 size: 712704 crc: C98C3094 date: 2008-04-14 07:01:34
 C:\WINDOWS\system32\kernel32.dll handle: 7C800000 size: 1008128 crc: B82C33A4 date: 2008-04-14 07:01:54
 C:\WINDOWS\system32\WINMM.dll handle: 76B20000 size: 177664 crc: CDC94910 date: 2008-04-14 07:02:06
 C:\WINDOWS\system32\ADVAPI32.dll handle: 77DC0000 size: 684544 crc: 560073CA date: 2008-04-14 07:01:48
 C:\WINDOWS\system32\RPCRT4.dll handle: 77E70000 size: 584704 crc: 09FFACF9 date: 2008-04-14 07:02:00
 C:\WINDOWS\system32\Secur32.dll handle: 77FE0000 size: 56320 crc: B8886829 date: 2008-04-14 07:02:00
 C:\WINDOWS\system32\GDI32.dll handle: 77F10000 size: 286720 crc: 7ADBA499 date: 2008-10-23 12:42:23
 C:\WINDOWS\system32\USER32.dll handle: 7E360000 size: 578560 crc: 6A806D26 date: 2008-04-14 07:02:06
 C:\WINDOWS\system32\WS2_32.dll handle: 71A50000 size: 82432 crc: 93BE5030 date: 2008-04-14 07:02:08
 C:\WINDOWS\system32\msvcrt.dll handle: 77C00000 size: 343040 crc: 19C62F48 date: 2008-04-14 07:01:58
 C:\WINDOWS\system32\WS2HELP.dll handle: 71A40000 size: 19968 crc: E2F5FEA7 date: 2008-04-14 07:02:08
 C:\WINDOWS\system32\IMM32.DLL handle: 76360000 size: 110080 crc: 148CDFF5 date: 2008-04-14 07:01:52
 C:\WINDOWS\system32\SHFolder.dll handle: 76760000 size: 25088 crc: 613C5773 date: 2008-04-14 07:02:00
 C:\WINDOWS\system32\SHLWAPI.dll handle: 77F60000 size: 474112 crc: EF75D875 date: 2008-04-14 07:02:00
 C:\WINDOWS\WinSxS\x86_Microsoft.Windows.Common-Controls_6595b64144ccf1df_6.0.2600.5512_x-ww_35d4ce83\comctl32.dll handle: 773C0000 size: 1054208 crc: BAA9C835 date: 2008-04-14 07:00:08
 C:\WINDOWS\system32\comctl32.dll handle: 5D520000 size: 617472 crc: BC5C108D date: 2008-04-14 07:01:50
 C:\WINDOWS\system32\wdmaud.drv handle: 72CB0000 size: 23552 crc: EC552226 date: 2008-04-14 09:02:36
 C:\WINDOWS\system32\WINTRUST.dll handle: 76C20000 size: 176640 crc: C7928BAA date: 2008-04-14 07:02:06
 C:\WINDOWS\system32\CRYPT32.dll handle: 77A70000 size: 602624 crc: 8E810098 date: 2008-04-14 07:01:50
 C:\WINDOWS\system32\MSASN1.dll handle: 77B10000 size: 57344 crc: F5CAA51C date: 2008-04-14 07:01:54
 C:\WINDOWS\system32\IMAGEHLP.dll handle: 76C80000 size: 144384 crc: FD8F7EC9 date: 2008-04-14 07:01:52
 C:\WINDOWS\system32\msacm32.drv handle: 72CA0000 size: 20480 crc: 4789F187 date: 2004-08-18 11:00:00
 C:\WINDOWS\system32\MSACM32.dll handle: 77BD0000 size: 71680 crc: 67A7F1DA date: 2008-04-14 07:01:54
 C:\WINDOWS\system32\midimap.dll handle: 77BC0000 size: 18944 crc: 53CBA365 date: 2008-04-14 07:01:54
 C:\WINDOWS\system32\ole32.dll handle: 774D0000 size: 1287168 crc: B3C8C67E date: 2008-04-14 07:02:00
 C:\WINDOWS\system32\uxtheme.dll handle: 5B1D0000 size: 219136 crc: 740428E0 date: 2008-04-14 07:02:06
 C:\WINDOWS\system32\MSCTF.dll handle: 746D0000 size: 297984 crc: 917B1B03 date: 2008-04-14 07:01:54
 C:\WINDOWS\system32\CLBCATQ.DLL handle: 76FC0000 size: 498688 crc: 145BADEB date: 2008-04-14 07:01:50
 C:\WINDOWS\system32\COMRes.dll handle: 77040000 size: 816640 crc: FBD03867 date: 2008-04-14 07:01:50
 C:\WINDOWS\system32\OLEAUT32.dll handle: 77110000 size: 551936 crc: EEAE5FDC date: 2008-04-14 07:02:00
 C:\WINDOWS\system32\VERSION.dll handle: 77BF0000 size: 18944 crc: 054B9D13 date: 2008-04-14 07:02:06
 C:\WINDOWS\system32\dmime.dll handle: 59A80000 size: 181248 crc: 011BEF76 date: 2008-04-14 07:01:50
 C:\WINDOWS\system32\DSOUND.dll handle: 73EA0000 size: 367616 crc: EB93E293 date: 2008-04-14 07:01:52
 C:\WINDOWS\system32\dmusic.dll handle: 6CEC0000 size: 104448 crc: CFA51DF9 date: 2008-04-14 07:01:50
 C:\WINDOWS\system32\KsUser.dll handle: 73E70000 size: 4096 crc: 6216A303 date: 2008-04-14 09:01:54
 C:\WINDOWS\system32\dmsynth.dll handle: 6CEE0000 size: 103424 crc: DA20F4DE date: 2008-04-14 07:01:50
 C:\WINDOWS\system32\dmloader.dll handle: 6CF50000 size: 35840 crc: FB8D932B date: 2008-04-14 07:01:50
 C:\WINDOWS\system32\msctfime.ime handle: 75180000 size: 177152 crc: 1AEFB836 date: 2008-04-14 07:00:46
 C:\WINDOWS\system32\mswsock.dll handle: 719F0000 size: 246784 crc: D9B779FF date: 2008-06-20 17:48:54
 C:\WINDOWS\system32\hnetcfg.dll handle: 66780000 size: 346624 crc: A126A5D0 date: 2008-04-14 07:01:52
 C:\WINDOWS\System32\wshtcpip.dll handle: 71A30000 size: 19456 crc: 9DC1DF6D date: 2008-04-14 07:02:08
 C:\WINDOWS\system32\dmstyle.dll handle: 6CF00000 size: 105984 crc: 922E8822 date: 2008-04-14 07:01:50
 C:\WINDOWS\system32\dmband.dll handle: 6D100000 size: 28672 crc: 9BF3E835 date: 2008-04-14 07:01:50
 C:\Program Files\WIDCOMM\Bluetooth Software\btkeyind.dll handle: 10000000 size: 53248 crc: 11D97C6D date: 2006-05-12 12:34:36
 C:\WINDOWS\system32\psapi.dll handle: 76BE0000 size: 23040 crc: 76A89FF8 date: 2008-04-14 07:02:00

System information:
 Windows version 5.1 2600 Szervizcsomag 3
