Host Name:      Gardner.local
Date/Time:      2006-03-20 02:47:20 -0500
OS Version:     10.3.9 (Build 7W98)
Report Version: 2

Command: openttd
Path:    /Applications/Games/OTTD/OpenTTD.app/Contents/MacOS/openttd
Version: r3985 (r3985)
PID:     8180
Thread:  0

Exception:  EXC_BAD_ACCESS (0x0001)
Codes:      KERN_INVALID_ADDRESS (0x0001) at 0x00fde000

Thread 0 Crashed:
0   <<00000000>> 	0xffff8838 __memcpy + 0x98
1   org.ludde-ottd.ludde-ottd 	0x00008ffc 0x1000 + 0x7ffc
2   com.apple.Foundation      	0x9aed3aec _nsnote_callback + 0xb0
3   com.apple.CoreFoundation  	0x93b564a8 __CFXNotificationPost + 0x1b4
4   com.apple.CoreFoundation  	0x93b5aeb8 _CFXNotificationPostNotification + 0x340
5   com.apple.Foundation      	0x9aed1938 -[NSNotificationCenter postNotificationName:object:userInfo:] + 0x74
6   com.apple.AppKit          	0x9b324380 -[NSApplication _postDidFinishNotification] + 0x70
7   com.apple.AppKit          	0x9b32426c -[NSApplication _sendFinishLaunchingNotification] + 0x5c
8   com.apple.AppKit          	0x9b32449c -[NSApplication(NSAppleEventHandling) _handleCoreEvent:withReplyEvent:] + 0x78
9   com.apple.Foundation      	0x9af26f70 -[NSAppleEventManager dispatchRawAppleEvent:withRawReply:handlerRefCon:] + 0x164
10  com.apple.Foundation      	0x9af2d808 _NSAppleEventManagerGenericHandler + 0x78
11  com.apple.AE              	0x9970aa10 aeDispatchAppleEvent(AEDesc const*, AEDesc*, unsigned long, unsigned char*) + 0xd0
12  com.apple.AE              	0x9970d858 dispatchEventAndSendReply(AEDesc const*, AEDesc*) + 0x2c
13  com.apple.AE              	0x9970ac50 aeProcessAppleEvent + 0x11c
14  com.apple.HIToolbox       	0x9aac5224 AEProcessAppleEvent + 0x3c
15  com.apple.AppKit          	0x9b213484 _DPSNextEvent + 0x358
16  com.apple.AppKit          	0x9b229d2c -[NSApplication nextEventMatchingMask:untilDate:inMode:dequeue:] + 0x74
17  com.apple.AppKit          	0x9b23e0ac -[NSApplication run] + 0x21c
18  org.ludde-ottd.ludde-ottd 	0x0008b910 0x1000 + 0x8a910
19  org.ludde-ottd.ludde-ottd 	0x0013b750 0x1000 + 0x13a750
20  org.ludde-ottd.ludde-ottd 	0x000022d4 0x1000 + 0x12d4
21  org.ludde-ottd.ludde-ottd 	0x0000217c 0x1000 + 0x117c

Thread 1:
0   libSystem.B.dylib         	0x950e08b8 mach_msg_trap + 0x8
1   libSystem.B.dylib         	0x950e0438 mach_msg + 0x38
2   com.apple.CoreFoundation  	0x93b3d5e8 __CFRunLoopRun + 0x350
3   com.apple.CoreFoundation  	0x93b41d74 CFRunLoopRunSpecific + 0x148
4   com.apple.audio.CoreAudio 	0x972fa4b8 HALRunLoop::OwnThread(void*) + 0x104
5   com.apple.audio.CoreAudio 	0x972fa2ec CAPThread::Entry(CAPThread*) + 0x30
6   libSystem.B.dylib         	0x950fd990 _pthread_body + 0x28

Thread 2:
0   libSystem.B.dylib         	0x950f1e78 semaphore_timedwait_signal_trap + 0x8
1   libSystem.B.dylib         	0x950e7a14 _pthread_cond_wait + 0x268
2   com.apple.audio.CoreAudio 	0x972fcef8 CAGuard::WaitFor(unsigned long long) + 0xdc
3   com.apple.audio.CoreAudio 	0x972fcdf8 CAGuard::WaitUntil(unsigned long long) + 0x130
4   com.apple.audio.CoreAudio 	0x97317cec HPIOThread::WorkLoop() + 0x358
5   com.apple.audio.CoreAudio 	0x97318894 HPIOThread::ThreadEntry(HPIOThread*) + 0x1c
6   com.apple.audio.CoreAudio 	0x972fa2ec CAPThread::Entry(CAPThread*) + 0x30
7   libSystem.B.dylib         	0x950fd990 _pthread_body + 0x28

PPC Thread State:
  srr0: 0xffff8838 srr1: 0x0200d030                vrsave: 0x00000000
    cr: 0x24004241  xer: 0x00000004   lr: 0x00008ffc  ctr: 0x00000000
    r0: 0x00000000   r1: 0xbfffd840   r2: 0x00000000   r3: 0xb00e7c00
    r4: 0x00fde000   r5: 0x00000401   r6: 0x00000010   r7: 0x00000020
    r8: 0x00000030   r9: 0x00000000  r10: 0x00000060  r11: 0x00000080
   r12: 0xb00e8000  r13: 0x00230000  r14: 0x00230000  r15: 0x00000004
   r16: 0x169f476b  r17: 0x001a0000  r18: 0x00f1e000  r19: 0xb0028000
   r20: 0x001b0000  r21: 0x00000000  r22: 0x00000002  r23: 0x001aaf9c
   r24: 0x00000300  r25: 0x00000400  r26: 0x00000400  r27: 0x00fde000
   r28: 0xb00e8000  r29: 0x000002fe  r30: 0x00000401  r31: 0x00000000

Binary Images Description:
    0x1000 -   0x19ffff org.ludde-ottd.ludde-ottd r3985	/Applications/Games/OTTD/OpenTTD.app/Contents/MacOS/openttd
  0x2f9000 -   0x2fafff com.apple.aoa.halplugin 2.5.0	/System/Library/Extensions/IOAudioFamily.kext/Contents/PlugIns/AOAHALPlugin.bundle/Contents/MacOS/AOAHALPlugin
  0x674000 -   0x74cfff com.divxnetworks.DivXCodec 5.1b	/Library/QuickTime/DivX 5.component/Contents/MacOS/DivX 5
  0x7a1000 -   0x7d1fff com.apple.iSightAudio 7.0.3	/Library/Audio/Plug-Ins/HAL/iSightAudio.plugin/Contents/MacOS/iSightAudio
  0xa3d000 -   0xa40fff com.apple.ATIRadeon8500GA 1.3.42 (3.4.2)	/System/Library/Extensions/ATIRadeon8500GA.plugin/Contents/MacOS/ATIRadeon8500GA
0x76c02000 - 0x76c12fff com.apple.Accelerate.vecLib 3.0.3 (vecLib 3.0.3)	/System/Library/Frameworks/Accelerate.framework/Versions/A/Frameworks/vecLib.framework/Versions/A/vecLib
0x80830000 - 0x8090efff libxml2.2.dylib 	/usr/lib/libxml2.2.dylib
0x80e9c000 - 0x80eb0fff com.apple.QuartzCore 1.3	/System/Library/Frameworks/QuartzCore.framework/Versions/A/QuartzCore
0x88eb0000 - 0x88ebcfff com.apple.agl 2.5 (AGL-2.5)	/System/Library/Frameworks/AGL.framework/Versions/A/AGL
0x8c3e4000 - 0x8c51afff com.apple.vImage 1.0.0 (1.2.0)	/System/Library/Frameworks/Accelerate.framework/Versions/A/Frameworks/vImage.framework/Versions/A/vImage
0x8fc90000 - 0x8fc90fff com.apple.Accelerate 1.0.3 (Accelerate 1.0.3)	/System/Library/Frameworks/Accelerate.framework/Versions/A/Accelerate
0x8fe00000 - 0x8fe4ffff dyld 	/usr/lib/dyld
0x90584000 - 0x905f3fff com.apple.framework.IOKit 1.3.6 (???)	/System/Library/Frameworks/IOKit.framework/Versions/A/IOKit
0x90702000 - 0x90771fff libobjc.A.dylib 	/usr/lib/libobjc.A.dylib
0x907a3000 - 0x907abfff libbsm.dylib 	/usr/lib/libbsm.dylib
0x907f0000 - 0x907f9fff com.apple.DiskArbitration 2.0.5	/System/Library/PrivateFrameworks/DiskArbitration.framework/Versions/A/DiskArbitration
0x90c60000 - 0x90cc2fff libGLU.dylib 	/System/Library/Frameworks/OpenGL.framework/Versions/A/Libraries/libGLU.dylib
0x90d00000 - 0x90d1bfff com.apple.SystemConfiguration 1.7.1 (???)	/System/Library/Frameworks/SystemConfiguration.framework/Versions/A/SystemConfiguration
0x9283f000 - 0x92859fff libGL.dylib 	/System/Library/Frameworks/OpenGL.framework/Versions/A/Libraries/libGL.dylib
0x939a0000 - 0x939b4fff libcups.2.dylib 	/usr/lib/libcups.2.dylib
0x939d0000 - 0x939d4fff libmathCommon.A.dylib 	/usr/lib/system/libmathCommon.A.dylib
0x93b3c000 - 0x93be9fff com.apple.CoreFoundation 6.3.8 (299.36)	/System/Library/Frameworks/CoreFoundation.framework/Versions/A/CoreFoundation
0x945b0000 - 0x945b9fff libz.1.dylib 	/usr/lib/libz.1.dylib
0x94610000 - 0x9462afff libresolv.9.dylib 	/usr/lib/libresolv.9.dylib
0x94650000 - 0x946affff com.apple.SearchKit 1.0.2	/System/Library/Frameworks/CoreServices.framework/Versions/A/Frameworks/SearchKit.framework/Versions/A/SearchKit
0x94723000 - 0x9499cfff com.apple.CoreServices.CarbonCore 10.3.7	/System/Library/Frameworks/CoreServices.framework/Versions/A/Frameworks/CarbonCore.framework/Versions/A/CarbonCore
0x950d9000 - 0x95228fff libSystem.B.dylib 	/usr/lib/libSystem.B.dylib
0x954c0000 - 0x95ac6fff libBLAS.dylib 	/System/Library/Frameworks/Accelerate.framework/Versions/A/Frameworks/vecLib.framework/Versions/A/libBLAS.dylib
0x95b20000 - 0x95df0fff libLAPACK.dylib 	/System/Library/Frameworks/Accelerate.framework/Versions/A/Frameworks/vecLib.framework/Versions/A/libLAPACK.dylib
0x95e40000 - 0x95eadfff libvDSP.dylib 	/System/Library/Frameworks/Accelerate.framework/Versions/A/Frameworks/vecLib.framework/Versions/A/libvDSP.dylib
0x95f00000 - 0x95f20fff libvMisc.dylib 	/System/Library/Frameworks/Accelerate.framework/Versions/A/Frameworks/vecLib.framework/Versions/A/libvMisc.dylib
0x96636000 - 0x966fefff libcrypto.0.9.7.dylib 	/usr/lib/libcrypto.0.9.7.dylib
0x968d0000 - 0x969b2fff libicucore.A.dylib 	/usr/lib/libicucore.A.dylib
0x96aa0000 - 0x96acefff libssl.0.9.7.dylib 	/usr/lib/libssl.0.9.7.dylib
0x96cb0000 - 0x96d9efff libiconv.2.dylib 	/usr/lib/libiconv.2.dylib
0x96e80000 - 0x96e90fff com.apple.vecLib 3.0.3 (vecLib 3.0.3)	/System/Library/Frameworks/vecLib.framework/Versions/A/vecLib
0x972f7000 - 0x9735efff com.apple.audio.CoreAudio 2.1.3	/System/Library/Frameworks/CoreAudio.framework/Versions/A/CoreAudio
0x9789d000 - 0x978eefff com.apple.bom 1.2.5 (63.2)	/System/Library/PrivateFrameworks/Bom.framework/Versions/A/Bom
0x981ae000 - 0x98395fff com.apple.security 2.3 (176)	/System/Library/Frameworks/Security.framework/Versions/A/Security
0x996f4000 - 0x996fffff com.apple.opengl 1.3.8	/System/Library/Frameworks/OpenGL.framework/Versions/A/OpenGL
0x99704000 - 0x99704fff com.apple.ApplicationServices 1.0 (???)	/System/Library/Frameworks/ApplicationServices.framework/Versions/A/ApplicationServices
0x99706000 - 0x9973efff com.apple.AE 1.4	/System/Library/Frameworks/ApplicationServices.framework/Versions/A/Frameworks/AE.framework/Versions/A/AE
0x99759000 - 0x997e8fff ATS 	/System/Library/Frameworks/ApplicationServices.framework/Versions/A/Frameworks/ATS.framework/Versions/A/ATS
0x99809000 - 0x998c8fff ColorSync 	/System/Library/Frameworks/ApplicationServices.framework/Versions/A/Frameworks/ColorSync.framework/Versions/A/ColorSync
0x99916000 - 0x99beefff com.apple.CoreGraphics 1.203.30 (???)	/System/Library/Frameworks/ApplicationServices.framework/Versions/A/Frameworks/CoreGraphics.framework/Versions/A/CoreGraphics
0x99c66000 - 0x99c66fff com.apple.CoreServices 10.3 (???)	/System/Library/Frameworks/CoreServices.framework/Versions/A/CoreServices
0x99c68000 - 0x99cfbfff com.apple.print.framework.PrintCore 3.3	/System/Library/Frameworks/ApplicationServices.framework/Versions/A/Frameworks/PrintCore.framework/Versions/A/PrintCore
0x99d3e000 - 0x99df7fff com.apple.QD 3.4.70 (???)	/System/Library/Frameworks/ApplicationServices.framework/Versions/A/Frameworks/QD.framework/Versions/A/QD
0x99e37000 - 0x99e4efff com.apple.LangAnalysis 1.5.4	/System/Library/Frameworks/ApplicationServices.framework/Versions/A/Frameworks/LangAnalysis.framework/Versions/A/LangAnalysis
0x99e5a000 - 0x99eaafff com.apple.HIServices 1.4.1 (0.0.1d1)	/System/Library/Frameworks/ApplicationServices.framework/Versions/A/Frameworks/HIServices.framework/Versions/A/HIServices
0x99ed4000 - 0x99ee7fff com.apple.speech.synthesis.framework 3.2	/System/Library/Frameworks/ApplicationServices.framework/Versions/A/Frameworks/SpeechSynthesis.framework/Versions/A/SpeechSynthesis
0x99ef5000 - 0x99f1bfff com.apple.FindByContent 1.4 (1.2)	/System/Library/Frameworks/ApplicationServices.framework/Versions/A/Frameworks/FindByContent.framework/Versions/A/FindByContent
0x99f2e000 - 0x99f66fff com.apple.LaunchServices 10.3.5 (98.4)	/System/Library/Frameworks/ApplicationServices.framework/Versions/A/Frameworks/LaunchServices.framework/Versions/A/LaunchServices
0x99f7a000 - 0x9a004fff com.apple.CoreServices.OSServices 3.0.1	/System/Library/Frameworks/CoreServices.framework/Versions/A/Frameworks/OSServices.framework/Versions/A/OSServices
0x9a059000 - 0x9a090fff com.apple.CFNetwork 1.2.1 (7)	/System/Library/Frameworks/CoreServices.framework/Versions/A/Frameworks/CFNetwork.framework/Versions/A/CFNetwork
0x9a0a8000 - 0x9a0c0fff com.apple.WebServices 1.1.1 (1.1.0)	/System/Library/Frameworks/CoreServices.framework/Versions/A/Frameworks/WebServicesCore.framework/Versions/A/WebServicesCore
0x9a0d0000 - 0x9a0e3fff libRIP.A.dylib 	/System/Library/Frameworks/ApplicationServices.framework/Versions/A/Frameworks/CoreGraphics.framework/Versions/A/Resources/libRIP.A.dylib
0x9a0ea000 - 0x9a0f5fff libCSync.A.dylib 	/System/Library/Frameworks/ApplicationServices.framework/Versions/A/Frameworks/CoreGraphics.framework/Versions/A/Resources/libCSync.A.dylib
0x9a0fb000 - 0x9a0fbfff com.apple.Carbon 10.3 (???)	/System/Library/Frameworks/Carbon.framework/Versions/A/Carbon
0x9a0fd000 - 0x9a367fff com.apple.QuickTime 7.0.3	/System/Library/Frameworks/QuickTime.framework/Versions/A/QuickTime
0x9a43c000 - 0x9a43cfff com.apple.audio.units.AudioUnit 1.3.3	/System/Library/Frameworks/AudioUnit.framework/Versions/A/AudioUnit
0x9a43e000 - 0x9a4f6fff com.apple.audio.toolbox.AudioToolbox 1.3.4	/System/Library/Frameworks/AudioToolbox.framework/Versions/A/AudioToolbox
0x9a690000 - 0x9a6a0fff com.apple.ImageCapture 2.1.5	/System/Library/Frameworks/Carbon.framework/Versions/A/Frameworks/ImageCapture.framework/Versions/A/ImageCapture
0x9a6b3000 - 0x9a6c3fff com.apple.speech.recognition.framework 3.3	/System/Library/Frameworks/Carbon.framework/Versions/A/Frameworks/SpeechRecognition.framework/Versions/A/SpeechRecognition
0x9a6cf000 - 0x9a6dafff com.apple.securityhi 1.2 (90)	/System/Library/Frameworks/Carbon.framework/Versions/A/Frameworks/SecurityHI.framework/Versions/A/SecurityHI
0x9a6e2000 - 0x9a76efff com.apple.ink.framework 101.1.4 (55.12)	/System/Library/Frameworks/Carbon.framework/Versions/A/Frameworks/Ink.framework/Versions/A/Ink
0x9a781000 - 0x9a78dfff com.apple.help 1.0.1	/System/Library/Frameworks/Carbon.framework/Versions/A/Frameworks/Help.framework/Versions/A/Help
0x9a797000 - 0x9a7b1fff com.apple.openscripting 1.2.1 (???)	/System/Library/Frameworks/Carbon.framework/Versions/A/Frameworks/OpenScripting.framework/Versions/A/OpenScripting
0x9a7bf000 - 0x9a80dfff com.apple.print.framework.Print 3.3	/System/Library/Frameworks/Carbon.framework/Versions/A/Frameworks/Print.framework/Versions/A/Print
0x9a836000 - 0x9a89ffff com.apple.htmlrendering 1.1.2	/System/Library/Frameworks/Carbon.framework/Versions/A/Frameworks/HTMLRendering.framework/Versions/A/HTMLRendering
0x9a8d0000 - 0x9a943fff com.apple.NavigationServices 3.3.3	/System/Library/Frameworks/Carbon.framework/Versions/A/Frameworks/NavigationServices.framework/Versions/A/NavigationServices
0x9a98b000 - 0x9a9a8fff com.apple.audio.SoundManager 3.9	/System/Library/Frameworks/Carbon.framework/Versions/A/Frameworks/CarbonSound.framework/Versions/A/CarbonSound
0x9a9ba000 - 0x9a9c7fff com.apple.CommonPanels 1.2.1 (1.0)	/System/Library/Frameworks/Carbon.framework/Versions/A/Frameworks/CommonPanels.framework/Versions/A/CommonPanels
0x9a9d0000 - 0x9ad55fff com.apple.HIToolbox 1.3.7 (???)	/System/Library/Frameworks/Carbon.framework/Versions/A/Frameworks/HIToolbox.framework/Versions/A/HIToolbox
0x9aecc000 - 0x9b027fff com.apple.Foundation 6.3.7 (500.59)	/System/Library/Frameworks/Foundation.framework/Versions/C/Foundation
0x9b0de000 - 0x9b0defff com.apple.Cocoa 6.3 (???)	/System/Library/Frameworks/Cocoa.framework/Versions/A/Cocoa
0x9b0f7000 - 0x9b16afff com.apple.DesktopServices 1.2.5	/System/Library/PrivateFrameworks/DesktopServicesPriv.framework/Versions/A/DesktopServicesPriv
0x9b1a7000 - 0x9b1bbfff libCGATS.A.dylib 	/System/Library/Frameworks/ApplicationServices.framework/Versions/A/Frameworks/CoreGraphics.framework/Versions/A/Resources/libCGATS.A.dylib
0x9b1c4000 - 0x9b1defff libPDFRIP.A.dylib 	/System/Library/Frameworks/ApplicationServices.framework/Versions/A/Frameworks/CoreGraphics.framework/Versions/A/Resources/libPDFRIP.A.dylib
0x9b1eb000 - 0x9b1fafff libPSRIP.A.dylib 	/System/Library/Frameworks/ApplicationServices.framework/Versions/A/Frameworks/CoreGraphics.framework/Versions/A/Resources/libPSRIP.A.dylib
0x9b201000 - 0x9b700fff com.apple.AppKit 6.3.9 (743.41)	/System/Library/Frameworks/AppKit.framework/Versions/C/AppKit
0x9b9fe000 - 0x9c2b1fff com.apple.QuickTimeComponents.component 7.0.3	/System/Library/QuickTime/QuickTimeComponents.component/Contents/MacOS/QuickTimeComponents
0x9c505000 - 0x9c5c7fff com.apple.audio.units.Components 1.3.4	/System/Library/Components/CoreAudio.component/Contents/MacOS/CoreAudio
