*** OpenTTD Crash Report ***
Date: 2009-01-04 22:11:19
Build: r14837 built on Jan  4 2009 19:18:07
Reason: Assertion failed at ..\src\settings_gui.cpp:789: sd != NULL
Language: english.lng
Exception C0000005 at 00463134
Registers:
 EAX: 00D6FED8 EBX: 00000008 ECX: 0012F77C EDX: 00D6FF14
 ESI: 00000000 EDI: 0060BBF8 EBP: 00C68F60 ESP: 0012F994
 EIP: 00463134 EFLAGS: 00010202

Bytes at CS:EIP:
 C6 05 00 00 00 00 00 8B 47 FC 8B 4C 24 10 89 34 D8 8B 47 FC 89 4C D8 04

Stack trace: 
 02205A88 00CC87E8 0012F9B4 0000000E 000000F0 0012F9C4 0056E2BB 00000000
 0012F9D0 00463761 00C68F60 00C68F60 0012FB50 0056E5F9 00000000 0012F9FC
 0045392E 00CC87E8 0000000E 0044195B 0000004C 000000A2 0000000E 0000004C
 00CC87E8 000000A2 0012FA2C 004435A9 0000004C 000000A2 00000000 00001414
 00000221 00000000 0012FA60 00000000 00CC87E8 00050006 00000001 00443689
 00000001 00000000 00000001 00000201 0012FACC 00000000 004F4742 0012FB34
 004F42FC 00000000 007C76E0 00000000 00000000 00000102 0012FAB0 74730E6C
 000100AD 00000000 00000001 74730E71 00000000 7FFDD000 00000102 00E00000
 000100AD 0012FA84 747309A9 0012FAF8 7475E548 74730E78 FFFFFFFF 74730E71
 7E41F84A 00000000 00000001 0012FB4C 00000000 0012FC00 0012FAF8 7E418734
 000307B8 00000201 00000001 02240221 004F42FC DCBAABCD 00000000 0012FB34
 004F42FC 0012FB60 7E418816 004F42FC 000307B8 00000201 00000001 02240221
 0012FC08 0012FC00 00808F48 00000014 00000001 00000000 00000000 00000010
 00000000 00000030 00000000 00000000 00000000 0012FB14 0012F5B8 0012FBB0
 7E440457 7E418830 00000000 0012FBC0 7E4189CD 00000000 004F42FC 000307B8
 00000201 00000001 02240221 00808F5C 00000001 0322F213 7E41929B 00000000
 0012FBC0 7E419402 0012FC00 00000001 00000000 0012FB88 0012F5B8 0012FFB0
 7E440457 7E4189F0 FFFFFFFF 0012FBD0 7E418A10 0012FC00 00000000 00000000
 004F4DA1 0012FC00 0063D6FC 00628234 0012FD14 00000000 0012FBD8 0322F213
 0322F231 00000000 00000000 000307B8 00000201 00000001 02240221 0322F223
 00000224 00000249 00427674 0012FD2C 00000001 00000001 00010003 00000000
 00D60000 00000000 00000000 00000000 FFFFFFFF 00000000 FFFFFFFF 0012FE34
 005EC8BC 00000000 FFFFFFFF 00000000 00000000 00000000 7C917BB0 00000000
 00000100 00000000 00000004 00D60748 00000002 0012FD2C 0000FDE8 00020600

Module information:
 C:\Program Files\Games\OpenTTD Nightly\openttd.exe handle: 00400000 size: 2267136 crc: 729EEE98 date: 2009-01-04 17:21:26
 C:\WINDOWS\system32\ntdll.dll handle: 7C900000 size: 708096 crc: A5A50370 date: 2004-08-03 22:56:38
 C:\WINDOWS\system32\kernel32.dll handle: 7C800000 size: 984576 crc: 2CCFBF2B date: 2007-04-16 15:52:53
 C:\WINDOWS\system32\WINMM.dll handle: 76B40000 size: 176128 crc: 123646FA date: 2004-08-03 22:56:48
 C:\WINDOWS\system32\USER32.dll handle: 7E410000 size: 577536 crc: DF3237C6 date: 2007-03-08 15:36:28
 C:\WINDOWS\system32\GDI32.dll handle: 77F10000 size: 281600 crc: 6CF43825 date: 2007-03-08 15:36:28
 C:\WINDOWS\system32\ADVAPI32.dll handle: 77DD0000 size: 616960 crc: 5E7A2F0A date: 2004-08-03 22:56:42
 C:\WINDOWS\system32\RPCRT4.dll handle: 77E70000 size: 581120 crc: 3AE05623 date: 2004-08-03 22:56:46
 C:\WINDOWS\system32\WS2_32.dll handle: 71AB0000 size: 82944 crc: 9738CC56 date: 2004-08-03 22:56:48
 C:\WINDOWS\system32\msvcrt.dll handle: 77C10000 size: 343040 crc: 5298C0C5 date: 2004-08-03 22:56:44
 C:\WINDOWS\system32\WS2HELP.dll handle: 71AA0000 size: 19968 crc: F5DD5AB6 date: 2004-08-03 22:56:48
 C:\WINDOWS\system32\LPK.DLL handle: 629C0000 size: 22016 crc: 3AC484CC date: 2004-08-03 22:56:44
 C:\WINDOWS\system32\USP10.dll handle: 74D90000 size: 406528 crc: 826D7E56 date: 2004-08-03 22:56:48
 C:\WINDOWS\system32\SHFolder.dll handle: 76780000 size: 25088 crc: 2EC7582B date: 2004-08-03 22:56:46
 C:\WINDOWS\system32\SHLWAPI.dll handle: 77F60000 size: 474112 crc: 4D7515CB date: 2007-04-18 12:46:27
 C:\WINDOWS\WinSxS\x86_Microsoft.Windows.Common-Controls_6595b64144ccf1df_6.0.2600.2982_x-ww_ac3f9c03\comctl32.dll handle: 773D0000 size: 1054208 crc: 58D6578C date: 2006-08-25 15:45:55
 C:\WINDOWS\system32\comctl32.dll handle: 5D090000 size: 617472 crc: 232F6674 date: 2006-08-25 15:45:58
 C:\WINDOWS\system32\WINTRUST.dll handle: 76C30000 size: 176640 crc: 88D208BD date: 2004-08-03 22:56:48
 C:\WINDOWS\system32\CRYPT32.dll handle: 77A80000 size: 597504 crc: 971ECFAA date: 2004-08-03 22:56:42
 C:\WINDOWS\system32\MSASN1.dll handle: 77B20000 size: 57344 crc: D5127637 date: 2004-08-03 22:56:44
 C:\WINDOWS\system32\IMAGEHLP.dll handle: 76C90000 size: 144384 crc: 714A70BC date: 2004-08-03 22:56:44
 C:\WINDOWS\system32\wdmaud.drv handle: 72D20000 size: 23552 crc: 982E84EE date: 2004-08-03 22:56:58
 C:\WINDOWS\system32\msacm32.drv handle: 72D10000 size: 20480 crc: D5406BAE date: 2001-08-23 12:00:00
 C:\WINDOWS\system32\MSACM32.dll handle: 77BE0000 size: 71680 crc: 6A21891E date: 2004-08-03 22:56:44
 C:\WINDOWS\system32\midimap.dll handle: 77BD0000 size: 18944 crc: 502B5282 date: 2004-08-03 22:56:44
 C:\WINDOWS\system32\ole32.dll handle: 774E0000 size: 1285120 crc: AD325A7F date: 2005-07-26 04:39:48
 C:\WINDOWS\system32\MSCTF.dll handle: 74720000 size: 294400 crc: BBD2E653 date: 2004-08-03 22:56:44
 C:\WINDOWS\system32\CLBCATQ.DLL handle: 76FD0000 size: 498688 crc: 9DED030F date: 2005-07-26 04:39:43
 C:\WINDOWS\system32\COMRes.dll handle: 77050000 size: 792064 crc: 5A12B4A2 date: 2004-08-03 22:56:42
 C:\WINDOWS\system32\OLEAUT32.dll handle: 77120000 size: 553472 crc: 78035CFF date: 2004-08-03 22:56:46
 C:\WINDOWS\system32\VERSION.dll handle: 77C00000 size: 18944 crc: CFE439BB date: 2004-08-03 22:56:48
 C:\WINDOWS\system32\dmime.dll handle: 5C570000 size: 181248 crc: F18E50F8 date: 2004-08-03 22:56:44
 C:\WINDOWS\system32\DSOUND.dll handle: 73F10000 size: 367616 crc: F0EFB582 date: 2004-08-03 22:56:44
 C:\WINDOWS\system32\dmusic.dll handle: 6C980000 size: 104448 crc: 0C1C73CE date: 2004-08-03 22:56:44
 C:\WINDOWS\system32\KsUser.dll handle: 73EE0000 size: 4096 crc: 519CF22C date: 2004-08-03 22:56:44
 C:\WINDOWS\system32\dmsynth.dll handle: 6C9A0000 size: 103424 crc: ECEFF055 date: 2004-08-03 22:56:44
 C:\WINDOWS\system32\dmloader.dll handle: 6CA10000 size: 35840 crc: CCCBFD58 date: 2004-08-03 22:56:44
 C:\WINDOWS\system32\imon.dll handle: 20B00000 size: 298104 crc: 348DBB39 date: 2008-11-25 17:16:14
 C:\WINDOWS\system32\WSOCK32.dll handle: 71AD0000 size: 22528 crc: 6E514A7A date: 2004-08-03 22:56:48
 C:\WINDOWS\system32\mswsock.dll handle: 71A50000 size: 245248 crc: E2309390 date: 2004-08-03 22:56:46
 C:\WINDOWS\system32\hnetcfg.dll handle: 662B0000 size: 344064 crc: 6CF15ACF date: 2004-08-03 22:56:44
 C:\WINDOWS\System32\wshtcpip.dll handle: 71A90000 size: 19968 crc: B88CC0E5 date: 2004-08-03 22:56:48
 C:\WINDOWS\system32\dmstyle.dll handle: 6C9C0000 size: 105984 crc: 41F12E87 date: 2004-08-03 22:56:44
 C:\WINDOWS\system32\dmband.dll handle: 6CBC0000 size: 28672 crc: 7CAFFAE0 date: 2004-08-03 22:56:44
 C:\WINDOWS\system32\psapi.dll handle: 76BF0000 size: 23040 crc: 97A44A88 date: 2004-08-03 22:56:46

System information:
 Windows version 5.1 2600 Service Pack 2

---- gamelog start ----
Tick 27763: game loaded
     Conversion from OTTD savegame without gamelog: version 4, 1
     Revision text changed to r14837, savegame version 105, not modified, _openttd_newgrf_version = 0x070039f5
     New game mode: 0 landscape: 1
---- gamelog end ----
