*** OpenTTD Crash Report ***
Date: 2008-10-13 16:41:47
Build: r14458 built on Oct 11 2008 18:16:51
Reason: Assertion failed at ..\src\station_cmd.cpp:567: (rect.right >= rect.left) == !st->rect.IsEmpty()
Language: german.lng
Exception C0000005 at 0049A360
Registers:
 EAX: 0475B428 EBX: 005AD580 ECX: 0012F890 EDX: 0475B489
 ESI: 0055FE48 EDI: 01E8F540 EBP: 0012FB58 ESP: 0012FAA8
 EIP: 0049A360 EFLAGS: 00010202

Bytes at CS:EIP:
 C6 05 00 00 00 00 00 8B 44 24 18 39 44 24 20 0F 8C DC 00 00 00 3B 87 78

Stack trace: 
 000E6002 00000000 00000000 00000000 0012FAD8 0040A62E 00000002 000001CC
 00000002 000001CC 00000000 00000000 0012FB1C 00437EB6 01E8FD7C 01E8FD74
 0052C0B1 8B62CE66 01E8F598 01E8F540 00000000 00000001 00000020 0012FAEC
 00000000 0012FB48 0052F2F0 0043D183 00B47A80 00001CB0 0012FB80 004441AD
 000038FC 00001CB0 FFFFFA08 00001D10 01E8F540 01E8F540 00438428 000038FC
 00001CB0 00003D4A 00001D10 00499E34 0012FB80 0049EE3F 00000000 0055FE48
 000E6002 0059A903 00000000 0012FFB0 00541472 FFFFFFFF 0012FB94 00483CA1
 0059A9A4 000E6002 00000003 00003200 0041C765 0012FBBC 013C316F 013C317E
 00000000 0042B1B7 00000000 005F0480 7E36929B 0012FBD4 0042B40B 013C317E
 00000000 0012FBBC 0012FBBC 00000000 004F13E3 005F0C50 005DB77C 0012FD14
 00000000 0012FBD8 013C317E 013C319C 00000000 00000000 004C0394 0000000F
 00000000 00000000 013C317E 000003E0 000002A6 0042AA54 0012FD2C 00000001
 00000001 00010003 00000000 00B40000 00000000 00000000 FFFFFFFF 00000000
 FFFFFFFF 0012FE34 005A2A20 00000000 00000000 FFFFFFFF 00000000 00000000
 00000000 7C927BB0 00000000 00000100 00000000 00000004 00B40748 00000002
 0012FD2C 0000FDE8 00020600 00000000 00020644 0012FCC4 7C821692 00000021
 FFFFFFFF 0000001F 00000100 0000FDE9 0012FD2C 00000001 0000001E 0012FCF0
 7C8215EB 0000FDE9 00000000 00020608 FFFFFFFF 0012FD2C 00000104 00000000
 00000000 FFFFFFFE 0012FF00 004496F6 0000FDE9 00000000 00020608 FFFFFFFF
 0012FD2C 00000104 0000760F 0012FF30 004492BB 00000001 0012FE30 FFFFFFFE
 00000000 5C3A4322 65697053 6F5C656C 5C647474 6E65706F 2E647474 00657865
 00B40020 00B40640 00B40178 00B40178 00B46BE8 0000000D 00B40178 00B40178
 00B46BE8 00B40178 00000004 00B46C08 00000010 00000010 00B40178 00000080
 00B40178 00B46EE0 00B40160 00000000 00000000 00B46EE0 00000020 00B46EE8

Module information:
 C:\Spiele\ottd\openttd.exe handle: 00400000 size: 1953792 crc: 5F2B67E9 date: 2008-10-11 16:20:04
 C:\WINDOWS\system32\ntdll.dll handle: 7C910000 size: 733696 crc: 56C42453 date: 2004-08-03 22:57:10
 C:\WINDOWS\system32\kernel32.dll handle: 7C800000 size: 1058304 crc: 5D9F6DED date: 2007-04-16 15:53:05
 C:\WINDOWS\system32\WINMM.dll handle: 76AF0000 size: 178176 crc: 54E937C2 date: 2004-08-03 22:57:38
 C:\WINDOWS\system32\USER32.dll handle: 7E360000 size: 579072 crc: 83B958D8 date: 2007-03-08 15:36:30
 C:\WINDOWS\system32\GDI32.dll handle: 77EF0000 size: 282624 crc: CDBB82D7 date: 2008-02-20 06:50:29
 C:\WINDOWS\system32\ADVAPI32.dll handle: 77DA0000 size: 677888 crc: 23CAF27D date: 2004-08-03 22:57:16
 C:\WINDOWS\system32\RPCRT4.dll handle: 77E50000 size: 584192 crc: 37604E23 date: 2007-07-09 13:11:35
 C:\WINDOWS\system32\Secur32.dll handle: 77FC0000 size: 55808 crc: 892C4A1D date: 2004-08-03 22:57:34
 C:\WINDOWS\system32\WS2_32.dll handle: 71A10000 size: 82944 crc: 52750A2E date: 2004-08-03 22:57:40
 C:\WINDOWS\system32\msvcrt.dll handle: 77BE0000 size: 343040 crc: 0A2A7946 date: 2004-08-03 22:57:30
 C:\WINDOWS\system32\WS2HELP.dll handle: 71A00000 size: 19968 crc: E839B627 date: 2004-08-03 22:57:40
 C:\WINDOWS\system32\IMM32.DLL handle: 76330000 size: 110080 crc: CC88C1A0 date: 2004-08-03 22:57:22
 C:\WINDOWS\system32\SHFolder.dll handle: 76730000 size: 25088 crc: EB76CAE0 date: 2004-08-03 22:57:34
 C:\WINDOWS\system32\SHLWAPI.dll handle: 77F40000 size: 474624 crc: E35F6792 date: 2008-04-21 06:56:28
 C:\WINDOWS\WinSxS\x86_Microsoft.Windows.Common-Controls_6595b64144ccf1df_6.0.2600.2982_x-ww_ac3f9c03\comctl32.dll handle: 773A0000 size: 1054208 crc: A5D18B7A date: 2006-08-25 15:46:44
 C:\WINDOWS\system32\comctl32.dll handle: 5D450000 size: 617472 crc: 3BDFF4D0 date: 2006-08-25 15:46:47
 C:\WINDOWS\system32\WINTRUST.dll handle: 76BF0000 size: 176640 crc: 73F3B134 date: 2004-08-03 22:57:38
 C:\WINDOWS\system32\CRYPT32.dll handle: 77A50000 size: 602624 crc: FC4F0978 date: 2004-08-03 22:57:18
 C:\WINDOWS\system32\MSASN1.dll handle: 77AF0000 size: 57344 crc: 37DBC108 date: 2004-08-03 22:57:26
 C:\WINDOWS\system32\IMAGEHLP.dll handle: 76C50000 size: 144384 crc: DA63FF61 date: 2004-08-03 22:57:22
 C:\WINDOWS\system32\wdmaud.drv handle: 72C90000 size: 23552 crc: 47C9B021 date: 2004-08-03 22:58:28
 C:\WINDOWS\system32\msacm32.drv handle: 72C80000 size: 20992 crc: E6F1E346 date: 2002-09-11 17:42:50
 C:\WINDOWS\system32\MSACM32.dll handle: 77BB0000 size: 72192 crc: 4F83C9A6 date: 2004-08-03 22:57:26
 C:\WINDOWS\system32\midimap.dll handle: 77BA0000 size: 18944 crc: 9D83D9D8 date: 2004-08-03 22:57:24
 C:\WINDOWS\system32\ole32.dll handle: 774B0000 size: 1285120 crc: 2CDC009F date: 2005-07-26 04:39:49
 C:\WINDOWS\system32\MSCTF.dll handle: 746A0000 size: 294912 crc: 199E5DBE date: 2008-02-26 11:59:49
 C:\Programme\Logitech\MouseWare\System\LgWndHk.dll handle: 10000000 size: 6144 crc: 03DEAF62 date: 2003-12-18 07:50:00
 C:\WINDOWS\system32\CLBCATQ.DLL handle: 76F90000 size: 498688 crc: 7728098B date: 2005-07-26 04:39:44
 C:\WINDOWS\system32\COMRes.dll handle: 77010000 size: 846848 crc: 36F6CAE5 date: 2004-08-03 22:57:18
 C:\WINDOWS\system32\OLEAUT32.dll handle: 770F0000 size: 550912 crc: 456F8C84 date: 2007-12-04 18:40:03
 C:\WINDOWS\system32\VERSION.dll handle: 77BD0000 size: 18944 crc: 14F8DA2B date: 2004-08-03 22:57:38
 C:\WINDOWS\System32\dmime.dll handle: 5C900000 size: 181248 crc: 3672A64B date: 2004-08-03 22:57:18
 C:\WINDOWS\System32\DSOUND.dll handle: 73E70000 size: 367616 crc: 6BA90018 date: 2004-08-03 22:57:18
 C:\WINDOWS\System32\dmusic.dll handle: 6CE60000 size: 104448 crc: 0A743302 date: 2004-08-03 22:57:18
 C:\WINDOWS\system32\KsUser.dll handle: 73E40000 size: 4096 crc: 931FDB2C date: 2004-08-03 22:57:24
 C:\WINDOWS\System32\dmsynth.dll handle: 6CE80000 size: 103424 crc: 9FC739C1 date: 2004-08-03 22:57:18
 C:\WINDOWS\System32\dmloader.dll handle: 6CEF0000 size: 35840 crc: A2BBF945 date: 2004-08-03 22:57:18
 C:\WINDOWS\system32\msctfime.ime handle: 75250000 size: 177152 crc: 4F2CB557 date: 2004-08-03 22:55:28
 C:\WINDOWS\system32\mswsock.dll handle: 719B0000 size: 247296 crc: B0D0025D date: 2008-06-20 17:39:48
 C:\WINDOWS\system32\hnetcfg.dll handle: 66710000 size: 348672 crc: 8F6C63C9 date: 2004-08-03 22:57:22
 C:\WINDOWS\System32\wshtcpip.dll handle: 719F0000 size: 19968 crc: 6AFA7EE1 date: 2004-08-03 22:57:40
 C:\Programme\Gemeinsame Dateien\Logitech\Scrolling\LgMsgHk.dll handle: 02010000 size: 24064 crc: DEE63923 date: 2003-12-18 07:50:00
 C:\WINDOWS\system32\MSVCP60.dll handle: 76020000 size: 413696 crc: 5B21E398 date: 2004-08-03 22:57:30
 C:\Programme\Dell\QuickSet\dadkeyb.dll handle: 02020000 size: 98304 crc: 54C60E2A date: 2007-05-14 12:24:00
 C:\WINDOWS\system32\psapi.dll handle: 76BB0000 size: 23040 crc: 4963BF76 date: 2004-08-03 22:57:34

System information:
 Windows version 5.1 2600 Service Pack 2

---- gamelog start ----
Tick 0: new game started
     Revision text changed to r14458, savegame version 102, not modified, _openttd_newgrf_version = 0x0700387a
     New game mode: 1 landscape: 0
Tick 31488: GRF config changed
     Added NewGRF: GRF ID 52570103, checksum EDB2D26F9D81423734CA12412F309CF3, filename: generictrams_v0.4.grf
---- gamelog end ----
