*** OpenTTD Crash Report ***

Crash at: Fri Dec 28 21:36:20 2012
In game date: 1920-04-25 (10)

Crash reason:
 Exception: C0000005
 Location:  000000013FBB0DC1
 Message:   <none>

OpenTTD version:
 Version:    r24865 (0)
 NewGRF ver: 13006121
 Bits:       64
 Endian:     little
 Dedicated:  no
 Build date: Dec 26 2012 19:14:42

Registers:
 RAX: 0000000000000000 RBX: 000000000D863B00 RCX: 000000000CC87430 RDX: 00000000023C9165
 RSI: 0000000000000001 RDI: 000000000DC45750 RBP: 00000000001BEE00 RSP: 00000000001BE160
 R8:  000000000258AE50 R9:  0000000000000000 R10: 000000000CFB2DC7 R11: 0000000000000001
 R12: 0000000000000004 R13: 000000000076B240 R14: 0000000000000000 R15: 0000000000000001
 RIP: 000000013FBB0DC1 EFLAGS: 00010297

 Bytes at instruction pointer:
 4C 8B 08 48 63 05 C9 52 7F 00 49 8B 89 58 01 00 00 48 8B D1 48 2B D0 48

Stack trace:
 0076B240 00000000 0076B25E 00000000 0000002E 00000000 3FBB4606 00000001
 FFFFFFFE FFFFFFFF 403CFF79 00000001 0D580401 00000000 402F9C50 00000001
 0000007A 00000000 00000004 00000000 00000004 00000000 3FBB6592 00000001
 0D863B00 00000000 001BEE00 00000000 00000000 00000000 0DC45750 00000000
 000000F0 00000000 3FA56307 00000001 0076B240 00000000 00000004 00000000
 00000000 00000000 3FA586C1 00000001 0D863B00 00000000 0000005F 00000000
 0000005F 00000000 0076B240 00000000 0076B25E 00000000 3FBC3236 00000001
 00000004 00000000 001BEE40 00000000 00000000 00000000 0CD76B30 00000000
 00000000 00000000 00000000 00000001 00000000 00000000 00000000 00000000
 FFFFFFFE FFFFFFFF 3FD8A84C 00000001 00000005 00000000 00018461 00000000
 00004805 00000000 0000000B 00000000 0000002D 00000000 0000882A 00000000
 00000094 00000000 00000000 00000000 00000000 00000000 00000000 00000000
 00000000 00000000 00000000 00000000 00000000 00000000 00000000 00000000
 00000000 00000000 00000000 00000000 00000000 00000000 00000000 00000000
 00000000 00000000 00000000 00000000 00000000 00000000 00000000 00000000
 00000000 00000000 00000000 00000000 00000000 00000000 00000000 00000000
 00000000 00000000 00000000 00000000 00000000 00000000 00000000 00000000
 00000000 00000000 00000000 00000000 00000000 00000000 00000000 00000000
 00000000 00000000 00000000 00000000 00000000 00000000 00000000 00000000
 00000000 00000000 00000000 00000000 00000000 00000000 00000000 00000001
 40373150 00000001 002E2830 00000000 001BE450 00000000 001BE510 00000000
 0CB2D548 00000000 3FD83D36 00000001 0CB2D548 00000000 001BE510 FFFF0C02
 00000000 00000000 000000FF 00000000 4F8781EE 6F20656E 68742066 75722065
 6E696E6E 63732067 74706972 72632073 65687361 50202E64 7361656C 65722065

Operating system:
 Name:     Windows
 Release:  6.1.7601 (Service Pack 1)
 Compiler: MSVC 1600

Configuration:
 Blitter:      8bpp-optimized
 Graphics set: OpenGFX (998)
 Language:     C:\Users\Marcy\Documents\Wm\_NoInstall\OpenTTD.Nightly\lang\english_US.lng
 Music driver: win32
 Music set:    OpenMSX (96)
 Network:      no
 Sound driver: win32
 Sound set:    OpenSFX (87)
 Video driver: win32

AI Configuration (local: 0):
  0: Human
  1: WmDOT (v11)
  4: WmDOT (v11)

Libraries:
 FreeType:   2.4.5
 ICU:        4.4.2
 LZMA:       5.0.3
 LZO:        2.05
 PNG:        1.5.4
 Zlib:       1.2.5

Module information:
 C:\Users\Marcy\Documents\Wm\_NoInstall\OpenTTD.Nightly\openttd.exe handle: 000000013F9D0000 size: 10570240 crc: 95B28508 date: 2012-12-26 19:18:59
 C:\Windows\SYSTEM32\ntdll.dll handle: 0000000077060000 size: 1731920 crc: 71D20A99 date: 2011-11-17 06:41:18
 C:\Windows\system32\kernel32.dll handle: 0000000076F40000 size: 1161216 crc: C42E980B date: 2012-10-04 17:41:16
 C:\Windows\system32\KERNELBASE.dll handle: 000007FEFD5F0000 size: 424960 crc: 269F2242 date: 2012-10-04 17:41:16
 C:\Windows\system32\WINMM.dll handle: 000007FEF6B60000 size: 217600 crc: 7BC1529F date: 2009-07-14 01:41:56
 C:\Windows\system32\msvcrt.dll handle: 000007FEFD8B0000 size: 634880 crc: 9D1B448A date: 2011-12-16 08:46:06
 C:\Windows\system32\USER32.dll handle: 0000000076980000 size: 1008128 crc: 70FF7D7F date: 2010-11-20 13:27:27
 C:\Windows\system32\GDI32.dll handle: 000007FEFF140000 size: 403968 crc: 3D5BC405 date: 2010-11-20 13:26:25
 C:\Windows\system32\LPK.dll handle: 000007FEFDCB0000 size: 41984 crc: 350AF03B date: 2009-07-14 01:41:19
 C:\Windows\system32\USP10.dll handle: 000007FEFF030000 size: 800256 crc: B511F4B9 date: 2010-11-20 13:27:27
 C:\Windows\system32\WS2_32.dll handle: 000007FEFEC00000 size: 297984 crc: 0F68689B date: 2010-11-20 13:27:29
 C:\Windows\system32\RPCRT4.dll handle: 000007FEFEF00000 size: 1219584 crc: 5217F07C date: 2010-11-20 13:27:24
 C:\Windows\system32\NSI.dll handle: 000007FEFF130000 size: 13824 crc: 53B46F6C date: 2009-07-14 01:41:53
 C:\Windows\system32\ADVAPI32.dll handle: 000007FEFF290000 size: 877056 crc: FA615A20 date: 2009-07-14 01:40:01
 C:\Windows\SYSTEM32\sechost.dll handle: 000007FEFDDD0000 size: 113664 crc: 978CFAE5 date: 2009-07-14 01:41:53
 C:\Windows\system32\SHELL32.dll handle: 000007FEFDDF0000 size: 14172672 crc: 80527F5B date: 2012-06-09 05:43:10
 C:\Windows\system32\SHLWAPI.dll handle: 000007FEFEB80000 size: 448512 crc: 086DF743 date: 2010-11-20 13:27:25
 C:\Windows\system32\IMM32.DLL handle: 000007FEFF100000 size: 167424 crc: 41B2805A date: 2009-07-14 01:41:09
 C:\Windows\system32\MSCTF.dll handle: 000007FEFDCC0000 size: 1067008 crc: 798DDDA0 date: 2009-07-14 01:41:28
 C:\Windows\system32\SHFolder.dll handle: 000007FEF8CA0000 size: 10240 crc: 08A48DE3 date: 2009-07-14 01:41:54
 C:\Windows\system32\ole32.dll handle: 000007FEFEC50000 size: 2086912 crc: 72F91CD0 date: 2010-11-20 13:27:23
 C:\Windows\system32\uxtheme.dll handle: 000007FEF8220000 size: 332288 crc: B0A13DF9 date: 2009-07-14 01:41:56
 C:\Windows\system32\dwmapi.dll handle: 000007FEF7DF0000 size: 82432 crc: A459F360 date: 2009-07-14 01:40:34
 C:\Windows\system32\CRYPTBASE.dll handle: 000007FEFD3B0000 size: 44032 crc: F547C16E date: 2009-07-14 01:40:24
 C:\Windows\system32\CLBCatQ.DLL handle: 000007FEFDC10000 size: 607744 crc: 939E35C9 date: 2009-07-14 01:40:15
 C:\Windows\system32\OLEAUT32.dll handle: 000007FEFF1B0000 size: 861696 crc: 1F331414 date: 2011-08-27 05:37:49
 C:\Windows\system32\mswsock.dll handle: 000007FEFCCF0000 size: 326144 crc: 136B1525 date: 2010-11-20 13:27:10
 C:\Windows\System32\wshtcpip.dll handle: 000007FEF8C70000 size: 13312 crc: 5D1E2C55 date: 2009-07-14 01:41:58
 C:\Windows\system32\MMDevAPI.DLL handle: 000007FEF7E10000 size: 284160 crc: CDF2EF81 date: 2009-07-14 01:41:26
 C:\Windows\system32\PROPSYS.dll handle: 000007FEF8280000 size: 1212416 crc: B83FA3BE date: 2010-11-20 13:27:23
 C:\Windows\system32\wdmaud.drv handle: 000007FEF6B20000 size: 217088 crc: 12829973 date: 2010-11-20 13:24:21
 C:\Windows\system32\ksuser.dll handle: 00000000745D0000 size: 5120 crc: AA2071D9 date: 2009-07-14 01:41:13
 C:\Windows\system32\AVRT.dll handle: 000007FEF6BC0000 size: 18432 crc: 5CE53CB7 date: 2009-07-14 01:40:05
 C:\Windows\system32\SETUPAPI.dll handle: 000007FEFDA30000 size: 1900544 crc: A364BD6A date: 2010-11-20 13:27:25
 C:\Windows\system32\CFGMGR32.dll handle: 000007FEFD570000 size: 207872 crc: 1984C339 date: 2010-11-20 13:25:50
 C:\Windows\system32\DEVOBJ.dll handle: 000007FEFD870000 size: 93184 crc: A7541AE2 date: 2009-07-14 01:40:28
 C:\Windows\system32\AUDIOSES.DLL handle: 000007FEF6950000 size: 296448 crc: 90389554 date: 2010-11-20 13:25:42
 C:\Windows\system32\msacm32.drv handle: 000007FEF6940000 size: 25600 crc: 2B579A05 date: 2009-07-14 01:38:50
 C:\Windows\system32\MSACM32.dll handle: 000007FEF6920000 size: 83456 crc: 3D67538B date: 2009-07-14 01:41:27
 C:\Windows\system32\midimap.dll handle: 000007FEF6910000 size: 20480 crc: CB902A13 date: 2009-07-14 01:41:23
 C:\Windows\system32\psapi.dll handle: 0000000077230000 size: 9216 crc: 84B5E9BA date: 2009-07-14 01:41:53

---- gamelog start ----
Tick 0: new game started
     Revision text changed to r24865, savegame version 179, not modified, _openttd_newgrf_version = 0x13006121
     New game mode: 1 landscape: 0
     Added NewGRF: GRF ID 576DAB03, checksum 4439F1DF2B8F0565C816406CDF0186C4, filename: alberta_town_names-3\alberta_town_names.3.grf (md5sum matches)
     Added NewGRF: GRF ID 48410101, checksum 661F3A8C0E32ACD9E737FD028D6CAD3A, filename: nuts_unrealistic_train_set-0.2.1\nuts.grf (md5sum matches)
     Added NewGRF: GRF ID 424B5462, checksum 83FE5AA7CAFF0A307B44B297F2A259D6, filename: bk_enhanced_tunnel_set-1.0\bktunw.grf (md5sum matches)
     Added NewGRF: GRF ID 4D42000A, checksum BC3A0E791C74C1A04A3B90C3B2FA83A6, filename: bats-0.4\batsv0.4w.grf (md5sum matches)
     Added NewGRF: GRF ID 43485053, checksum 2E3CD4DEF5781D546081B382C2E25A93, filename: chips_station_set-1.0.0\chips.grf (md5sum matches)
     Added NewGRF: GRF ID 52455400, checksum 1600687C50C5AB1E72EDD487CAD50E2A, filename: coded_by_aegir._artwork_by_aegir-1\ae_cityw.grf (md5sum matches)
     Added NewGRF: GRF ID 414E0101, checksum 5D665C64693A438E3046C22666F46E08, filename: fish_ship_set-0.9.2\fish.grf (md5sum matches)
     Added NewGRF: GRF ID 43415000, checksum C6AE1C574FD881A706AA2B623FB83BC1, filename: climate_dependant_airports-0.3.0\airportsplus.grf (md5sum matches)
     Added NewGRF: GRF ID 4F472B33, checksum D5B21A6C2FE39F15E385785DEF1E6A50, filename: opengfx_industries-0.3.4\ogfx-industries.grf (md5sum matches)
     Added NewGRF: GRF ID 4F472B34, checksum 4D0A47280C2396F4ED898276A757C209, filename: opengfx_landscape-0.2.3\ogfx-landscape.grf (md5sum matches)
     Added NewGRF: GRF ID 4F472B32, checksum 3FD44FD23CAC8D29AA314BF6A304B684, filename: opengfx_road_vehicles-0.4.0\ogfx-rv.grf (md5sum matches)
     Added NewGRF: GRF ID 46727806, checksum 09E95562B1894A4D55D5532C6A889621, filename: opengfx_trees-0.2.2\opengfx+trees.grf (md5sum matches)
     Added NewGRF: GRF ID 52455200, checksum 0E5A9C5ACD2BCAF7FA0658C3F905A660, filename: rural_stations-1\ae_ruraw.grf (md5sum matches)
     Added NewGRF: GRF ID 4A4D0101, checksum B89CE49DC4A45FA3BF4EB3A7BC853D38, filename: sailing_ships-0.5\sailing_ships.grf (md5sum matches)
     Added NewGRF: GRF ID 54560301, checksum ED22416EE087725E4B5A9AF8F0357F29, filename: trolleybus_set-0.2\trolley.grf (md5sum matches)
     Added NewGRF: GRF ID 444A5901, checksum 23CEC795D97265752C21EA8F02564A61, filename: vacuum_tube_train-0.22\vactrain.grf (md5sum matches)
     Added NewGRF: GRF ID 74677462, checksum A2396FFDCC0F1BA37A2A89EF525CDF21, filename: total_bridge_renewal_set.1.12\total_bridges.grf (md5sum matches)
     Added NewGRF: GRF ID 56430001, checksum 0CB8AD0B5E08C40893EDD63DBF49A192, filename: total_town_replacement_set-3.13\ttrs3w.grf (md5sum matches)
---- gamelog end ----

*** End of OpenTTD Crash Report ***

Decoded stack trace:
[00] openttd              0x000000013FBB0DC1
[01] openttd              0x000000013FBB6592
[02] openttd              0x000000013FA586C1
[03] openttd              0x000000013FBC3236
[04] openttd              0x000000013FB8C856
[05] openttd              0x000000013FBB0B02
[06] openttd              0x000000013FA1D28F
[07] openttd              0x000000013FA1D663
[08] openttd              0x000000013FC7BC09
[09] openttd              0x000000013FA1B3E0
[10] openttd              0x000000013FC7E14E
[11] openttd              0x000000013FD793DC
[12] kernel32             0x0000000076F5652D BaseThreadInitThunk + 13
[13] ntdll                0x000000007708C521 RtlUserThreadStart + 33

*** End of additional info ***
