*** OpenTTD Crash Report ***
Date: 2008-02-25 21:38:09
Build: 0.6.0-beta4 built on Feb 18 2008 22:59:36
Reason: Assertion failed at ..\src\openttd.cpp:113: 0
Exception C0000005 at 004243FB
Registers:
 EAX: 00D04488 EBX: 00000001 ECX: 0012F2DC EDX: 00D044B6
 ESI: 00000200 EDI: 0059FB68 EBP: 0012F6FC ESP: 0012F4F0
 EIP: 004243FB EFLAGS: 00010202

Bytes at CS:EIP:
 C6 05 00 00 00 00 00 E8 8F B2 0E 00 CC 55 8B EC 81 EC 00 04 00 00 56 8D

Stack trace: 
 00000001 0012F7F4 00000000 5F544F4E 43414552 20444548 67697274 65726567
 74612064 6E696C20 32392065 666F2035 5C2E2E20 5C637273 69727473 2E73676E
 00707063 00000000 00CDF2BD 00000001 0012F564 0043470A 0012F8D0 00CDF2BD
 00000000 0012F58C 00000000 0012F570 00413964 0012F8D0 00CDF2B9 00000000
 0012F654 00435489 0000001A 0012F76C 0012F8CB 0012F8D0 00000000 77EFA13F
 77EFD6D0 5201046A 000000D9 0000001C 0012F5CC 00000005 00000001 0012F9CC
 004D3894 5201046A 000000D9 00000000 00000000 00433FFA 00000001 00000000
 0000000A 00000000 0012F770 0012F6F4 00000000 00ACD0E0 00000000 0012F624
 0000000A 0012F608 00413964 0012F770 0012F6F4 00000000 0012F6EC 00435489
 00000003 0012F804 0012F83B 0012F846 00000000 00CDC28A 0012F770 00000000
 00000000 00F0D000 00000000 00433FFA 00000001 00000000 00CDF2BD 00000001
 0012F674 0043470A 0012F8D1 00CDF2BD 00000001 0012F69C FFFFFFFD 0012F680
 00413964 0012F8D2 00CDF2B9 00000000 0012F764 00435489 0000001A 0012F87C
 0012F8CA 0012F8D2 00000000 00CDF2BF 005E1D28 00CD1061 00000001 00000000
 0012F794 00435489 0012F6EC 00CA0000 7C920732 0012F6F8 00CA0000 7C920732
 0012F704 00CA0000 7C920732 00000003 00CA0718 00CA0000 00000003 0012F724
 0012F829 0012F708 00413964 0012F7EC 004354AE 005773DC 0000039D 00586EFC
 00000045 0000000B 0012F828 0012F82B 00000000 00CE2921 005E1D20 0012F846
 00000000 00CE0976 005E1D20 00000003 00CA0718 00CA0000 00000000 0012F73C
 00000011 FFFFFF0A 00000000 0012FB70 0000000C 00000000 00000000 018F540A
 00000000 0012F7DC 004148A4 00000000 00000001 00000000 0012FB70 00000002
 0000E2AD 005E1D20 019F8CC8 005BA474 00000000 00000000 00000008 00000009
 00000008 00000009 00000002 00000077 018D5800 00000400 0012FB70 0012F81C
 00000000 0012F7E8 00413964 0012FB70 0000000A 00000000 0012F814 0012F810

Module information:
 E:\Programme\OpenTTD\OpenTTD.exe handle: 00400000 size: 1802752 crc: 264B9914 date: 2008-02-18 22:02:38
 C:\WINDOWS\system32\ntdll.dll handle: 7C910000 size: 733696 crc: 56C42453 date: 2006-02-28 12:00:00
 C:\WINDOWS\system32\kernel32.dll handle: 7C800000 size: 1057280 crc: 33673235 date: 2006-02-28 12:00:00
 C:\WINDOWS\system32\WINMM.dll handle: 76AF0000 size: 178176 crc: 54E937C2 date: 2006-02-28 12:00:00
 C:\WINDOWS\system32\USER32.dll handle: 77D10000 size: 578560 crc: A4A11C58 date: 2006-02-28 12:00:00
 C:\WINDOWS\system32\GDI32.dll handle: 77EF0000 size: 278016 crc: 439BD85B date: 2006-02-28 12:00:00
 C:\WINDOWS\system32\ADVAPI32.dll handle: 77DA0000 size: 677888 crc: 23CAF27D date: 2006-02-28 12:00:00
 C:\WINDOWS\system32\RPCRT4.dll handle: 77E50000 size: 581120 crc: 090C7697 date: 2006-02-28 12:00:00
 C:\WINDOWS\system32\WS2_32.dll handle: 71A10000 size: 82944 crc: 52750A2E date: 2006-02-28 12:00:00
 C:\WINDOWS\system32\msvcrt.dll handle: 77BE0000 size: 343040 crc: 0A2A7946 date: 2006-02-28 12:00:00
 C:\WINDOWS\system32\WS2HELP.dll handle: 71A00000 size: 19968 crc: E839B627 date: 2006-02-28 12:00:00
 C:\WINDOWS\system32\IMM32.DLL handle: 76330000 size: 110080 crc: CC88C1A0 date: 2006-02-28 12:00:00
 C:\WINDOWS\system32\LPK.DLL handle: 62E10000 size: 22016 crc: E05456A8 date: 2006-02-28 12:00:00
 C:\WINDOWS\system32\USP10.dll handle: 75790000 size: 406528 crc: 6DF11ACA date: 2006-02-28 12:00:00
 C:\WINDOWS\system32\serwvdrv.dll handle: 5D100000 size: 14848 crc: 44F66C4C date: 2006-02-28 12:00:00
 C:\WINDOWS\system32\umdmxfrm.dll handle: 5B420000 size: 13312 crc: 9A2ED5C3 date: 2006-02-28 12:00:00
 C:\WINDOWS\system32\SHFolder.dll handle: 76730000 size: 25088 crc: EB76CAE0 date: 2006-02-28 12:00:00
 C:\WINDOWS\system32\SHLWAPI.dll handle: 77F40000 size: 474624 crc: 95CCA47A date: 2006-02-28 12:00:00
 C:\WINDOWS\WinSxS\x86_Microsoft.Windows.Common-Controls_6595b64144ccf1df_6.0.2600.2180_x-ww_a84f1ff9\comctl32.dll handle: 773A0000 size: 1050624 crc: 19BB06A2 date: 2006-02-28 12:00:00
 C:\WINDOWS\system32\comctl32.dll handle: 5D450000 size: 611328 crc: A0BFC52B date: 2006-02-28 12:00:00
 C:\WINDOWS\system32\WINTRUST.dll handle: 76BF0000 size: 176640 crc: 73F3B134 date: 2006-02-28 12:00:00
 C:\WINDOWS\system32\CRYPT32.dll handle: 77A50000 size: 602624 crc: FC4F0978 date: 2006-02-28 12:00:00
 C:\WINDOWS\system32\MSASN1.dll handle: 77AF0000 size: 57344 crc: 37DBC108 date: 2006-02-28 12:00:00
 C:\WINDOWS\system32\IMAGEHLP.dll handle: 76C50000 size: 144384 crc: DA63FF61 date: 2006-02-28 12:00:00
 C:\WINDOWS\system32\wdmaud.drv handle: 72C90000 size: 23552 crc: 47C9B021 date: 2004-08-03 23:58:28
 C:\WINDOWS\system32\msacm32.drv handle: 72C80000 size: 20992 crc: E6F1E346 date: 2006-02-28 12:00:00
 C:\WINDOWS\system32\MSACM32.dll handle: 77BB0000 size: 72192 crc: 4F83C9A6 date: 2006-02-28 12:00:00
 C:\WINDOWS\system32\midimap.dll handle: 77BA0000 size: 18944 crc: 9D83D9D8 date: 2006-02-28 12:00:00
 C:\WINDOWS\system32\ole32.dll handle: 774B0000 size: 1281536 crc: E89A21E2 date: 2006-02-28 12:00:00
 C:\WINDOWS\system32\MSCTF.dll handle: 746A0000 size: 294400 crc: 5866086F date: 2006-02-28 12:00:00
 C:\WINDOWS\system32\CLBCATQ.DLL handle: 76F90000 size: 501248 crc: 0A899643 date: 2006-02-28 12:00:00
 C:\WINDOWS\system32\OLEAUT32.dll handle: 770F0000 size: 553472 crc: 44BAD7B8 date: 2006-02-28 12:00:00
 C:\WINDOWS\system32\COMRes.dll handle: 77010000 size: 846848 crc: 36F6CAE5 date: 2006-02-28 12:00:00
 C:\WINDOWS\system32\VERSION.dll handle: 77BD0000 size: 18944 crc: 14F8DA2B date: 2006-02-28 12:00:00
 C:\WINDOWS\system32\dmime.dll handle: 5C900000 size: 181248 crc: 3672A64B date: 2006-02-28 12:00:00
 C:\WINDOWS\system32\DSOUND.dll handle: 73E70000 size: 367616 crc: 6BA90018 date: 2006-02-28 12:00:00
 C:\WINDOWS\system32\dmusic.dll handle: 6CE60000 size: 104448 crc: 0A743302 date: 2006-02-28 12:00:00
 C:\WINDOWS\system32\KsUser.dll handle: 73E40000 size: 4096 crc: 931FDB2C date: 2004-08-03 23:57:24
 C:\WINDOWS\system32\dmsynth.dll handle: 6CE80000 size: 103424 crc: 9FC739C1 date: 2006-02-28 12:00:00
 C:\WINDOWS\system32\dmloader.dll handle: 6CEF0000 size: 35840 crc: A2BBF945 date: 2006-02-28 12:00:00
 C:\WINDOWS\system32\msctfime.ime handle: 75250000 size: 177152 crc: 4F2CB557 date: 2006-02-28 12:00:00
 C:\WINDOWS\system32\mswsock.dll handle: 719B0000 size: 247296 crc: 2CF6ECFF date: 2006-02-28 12:00:00
 C:\WINDOWS\system32\hnetcfg.dll handle: 66710000 size: 348672 crc: 8F6C63C9 date: 2006-02-28 12:00:00
 C:\WINDOWS\System32\wshtcpip.dll handle: 719F0000 size: 19968 crc: 6AFA7EE1 date: 2006-02-28 12:00:00
 C:\Programme\Yahoo!\Messenger\idle.dll handle: 60300000 size: 6144 crc: 583A9489 date: 2007-08-30 15:43:14
 C:\Programme\Yahoo!\Messenger\MSVCR71.dll handle: 7C340000 size: 348160 crc: 35563170 date: 2007-08-30 14:17:38
 C:\WINDOWS\system32\psapi.dll handle: 76BB0000 size: 23040 crc: 4963BF76 date: 2006-02-28 12:00:00

System information:
 Windows version 5.1 2600 S
