*** OpenTTD Crash Report ***

Crash at: Fri Oct 22 20:25:20 2010
In game date: 2036-08-05 (11)

Crash reason:
 Exception: E1212012
 Location:  772AFBAE
 Message:   Assertion failed at line 492 of ..\src\signal.cpp: dir == INVALID_DIAGDIR || dir == ReverseDiagDir(GetTunnelBridgeDirection(tile))

OpenTTD version:
 Version:    r21003 (0)
 NewGRF ver: 1100520b
 Bits:       32
 Endian:     little
 Dedicated:  no
 Build date: Oct 21 2010 18:16:42

Registers:
 EAX: 0012F3E0 EBX: 00000016 ECX: 00000000 EDX: 77695E74
 ESI: 0073020C EDI: 00000000 EBP: 0012F430 ESP: 0012F3E0
 EIP: 772AFBAE EFLAGS: 00200246

 Bytes at instruction pointer:
 C9 C2 10 00 90 90 90 90 90 8B FF 55 8B EC 51 51 83 7D 10 00 56 0F 84 7F

Stack trace:
 E1212012 00000000 00000000 772AFBAE 00000000 00000000 00000000 0034F7A0
 00280000 57010056 A2AF7966 FFFFFFFE 77694E60 7765C6C2 FFFFFFFF 00000024
 0012F42C 00000004 00000000 00000016 0012F490 00569687 E1212012 00000000
 00000000 00000000 005F4216 00000016 D48EC371 0012F7D8 00000200 000000FF
 7766A296 FFFFFFFF 00000000 0012F478 00569677 00000001 0012F450 0012EFFC
 0012FAC4 005F8D80 D4EC5A89 FFFFFFFE 0012F7C8 005F3650 00000016 00000200
 00000080 00000062 00000018 2D002F02 00000036 00DDE4F0 00335680 00000000
 00000000 76354A11 00000036 00284490 00000000 00000000 00000001 00284460
 00030E8A 0034F7A8 00352B48 000D001F 003F04A9 00000000 000001B0 01010100
 0012F438 76372DC0 0012FAC4 776399FA 2BC7BE53 FFFFFFFE 77697512 77697545
 00000000 0034F7A8 00000000 00010003 0012F724 0012F5C8 7639CD80 00280000
 00000000 0034F7A0 00000001 0012F724 00000001 00000000 00000000 00000780
 000003FC 00000000 0078F0B0 00000010 0000001C 0000000F 001111DE 00000006
 00000000 00000000 0000017A 00000001 50022080 00000000 00000000 00000035
 00007F01 0034F7A8 00000001 0000001E 00000020 7F01FFFF 0000009F 00000000
 000001E7 0034F828 0012F718 7639D2CA 00000010 0012F7D8 00000200 7639D302
 00000001 00003186 00003206 00000000 0021077C 0012F610 004DC5D1 00000000
 00000000 00000000 7639D31C 00000000 00000001 00003106 00003186 00000000
 00000000 0012F640 004DC5D1 00000000 00000520 00420C80 00000000 00440149
 0012F990 00003086 00003106 00000000 00000000 0012F670 004DC5D1 00000000
 00000520 00420C80 00000000 00440149 0012F990 00003006 00003086 00000000
 00000000 0012F6A0 004DC5D1 00000000 00000520 00420C80 00000000 00440149
 0012F990 00002F86 00003006 00000000 00000000 0012F6D0 004DC5D1 00000000
 00000520 00420C80 00000000 00440149 0012F990 00002F06 00002F86 00000000

Operating system:
 Name:     Windows
 Release:  6.0.6002 (Service Pack 2)
 Compiler: MSVC 1500

Configuration:
 Blitter:      8bpp-optimized
 Graphics set: OpenGFX (542)
 Language:     english.lng
 Music driver: dmusic
 Music set:    OpenMSX (96)
 Network:      no
 Sound driver: win32
 Sound set:    OpenSFX (87)
 Video driver: win32

AI Configuration (local: 0):
  0: Human
  1: Human
  2: Human
  3: Human

Libraries:
 FreeType:   2.4.3
 ICU:        4.4.1
 LZO:        2.03
 PNG:        1.4.4
 Zlib:       1.2.5

Module information:
 C:\Users\Leif\Documents\OpenTTD\Installations\Last Nightly\openttd.exe handle: 00400000 size: 3369472 crc: 443994F4 date: 2010-10-21 18:20:04
 C:\Windows\system32\ntdll.dll handle: 77630000 size: 1202168 crc: 11EF8EE5 date: 2009-04-11 06:27:49
 C:\Windows\system32\kernel32.dll handle: 77270000 size: 891392 crc: 1164F2B3 date: 2009-04-11 06:28:20
 C:\Windows\system32\WINMM.dll handle: 74AC0000 size: 189952 crc: 3E8CBFF5 date: 2009-04-11 06:28:25
 C:\Windows\system32\msvcrt.dll handle: 75D60000 size: 679936 crc: B0E5331E date: 2009-04-11 06:28:22
 C:\Windows\system32\USER32.dll handle: 76340000 size: 627712 crc: 80F0F3C5 date: 2009-04-11 06:28:25
 C:\Windows\system32\GDI32.dll handle: 766C0000 size: 297472 crc: 69625D80 date: 2009-04-11 06:28:19
 C:\Windows\system32\ADVAPI32.dll handle: 76520000 size: 800768 crc: D7864B03 date: 2009-04-11 06:28:17
 C:\Windows\system32\RPCRT4.dll handle: 765F0000 size: 784896 crc: 35185859 date: 2009-04-23 12:15:07
 C:\Windows\system32\ole32.dll handle: 75E10000 size: 1316864 crc: 35DF2E64 date: 2010-06-28 17:00:21
 C:\Windows\system32\OLEAUT32.dll handle: 77790000 size: 563712 crc: 12E9F438 date: 2009-04-11 06:28:23
 C:\Windows\system32\OLEACC.dll handle: 74840000 size: 234496 crc: 82CE51D9 date: 2009-10-08 21:08:01
 C:\Windows\system32\WS2_32.dll handle: 77860000 size: 179200 crc: 5D581120 date: 2008-01-21 02:24:48
 C:\Windows\system32\NSI.dll handle: 77760000 size: 8192 crc: 10729B39 date: 2008-01-21 02:24:47
 C:\Windows\system32\SHELL32.dll handle: 76760000 size: 11584512 crc: 93B423E4 date: 2010-07-26 15:51:48
 C:\Windows\system32\SHLWAPI.dll handle: 773E0000 size: 353280 crc: 681AC986 date: 2009-04-11 06:28:24
 C:\Windows\system32\IMM32.DLL handle: 77770000 size: 114688 crc: 8D83D50A date: 2009-04-11 06:28:20
 C:\Windows\system32\MSCTF.dll handle: 761E0000 size: 807424 crc: 78787E19 date: 2009-04-11 06:28:20
 C:\Windows\system32\LPK.DLL handle: 76330000 size: 23552 crc: 2E03F135 date: 2009-06-15 14:52:42
 C:\Windows\system32\USP10.dll handle: 762B0000 size: 502272 crc: A57A818A date: 2010-04-16 16:46:48
 C:\Windows\WinSxS\x86_microsoft.windows.common-controls_6595b64144ccf1df_6.0.6002.18305_none_5cb72f2a088b0ed3\comctl32.dll handle: 74C60000 size: 1686016 crc: 3AB5D2D1 date: 2010-08-31 15:43:52
 C:\Windows\system32\SHFolder.dll handle: 70DF0000 size: 7168 crc: 1CA14A5C date: 2006-11-02 09:46:13
 C:\Windows\system32\wdmaud.drv handle: 6F680000 size: 167424 crc: AE942463 date: 2009-04-11 06:27:12
 C:\Windows\system32\ksuser.dll handle: 70050000 size: 4608 crc: 4C647881 date: 2006-11-02 09:46:05
 C:\Windows\system32\MMDevAPI.DLL handle: 74B90000 size: 150528 crc: 481F98E7 date: 2009-04-11 06:28:20
 C:\Windows\system32\AVRT.dll handle: 74F20000 size: 12800 crc: EB589AA0 date: 2008-01-21 02:24:54
 C:\Windows\system32\SETUPAPI.dll handle: 76050000 size: 1591296 crc: A225D6A1 date: 2009-04-11 06:28:24
 C:\Windows\system32\WINTRUST.dll handle: 74E20000 size: 172032 crc: 0FB3BA99 date: 2009-12-23 11:33:29
 C:\Windows\system32\CRYPT32.dll handle: 75620000 size: 978944 crc: CE0B7499 date: 2009-04-11 06:28:18
 C:\Windows\system32\MSASN1.dll handle: 75780000 size: 60928 crc: D62CDC5B date: 2009-09-04 11:41:59
 C:\Windows\system32\USERENV.dll handle: 75B90000 size: 108544 crc: CC1E5DD3 date: 2009-04-11 06:28:25
 C:\Windows\system32\Secur32.dll handle: 75B70000 size: 72704 crc: C962EC8E date: 2009-06-15 14:53:43
 C:\Windows\system32\imagehlp.dll handle: 77820000 size: 153088 crc: EEF49677 date: 2008-01-21 02:24:06
 C:\Windows\system32\AUDIOSES.DLL handle: 747D0000 size: 115712 crc: 9E346B3A date: 2009-04-11 06:28:18
 C:\Windows\system32\audioeng.dll handle: 74320000 size: 397312 crc: 17666E45 date: 2008-01-21 02:24:54
 C:\Windows\system32\PSAPI.DLL handle: 75C40000 size: 12288 crc: D7B812C5 date: 2006-11-02 09:46:12
 C:\Windows\system32\msacm32.drv handle: 6F650000 size: 21504 crc: 28704D00 date: 2009-04-11 06:27:12
 C:\Windows\system32\MSACM32.dll handle: 6F4B0000 size: 71680 crc: A2E8F836 date: 2008-01-21 02:24:53
 C:\Windows\system32\midimap.dll handle: 6F4A0000 size: 17408 crc: 9FC56E7F date: 2009-04-11 06:28:20
 C:\Windows\system32\CLBCatQ.DLL handle: 77350000 size: 523776 crc: C2EBF5E6 date: 2008-01-21 02:24:24
 C:\Windows\system32\uxtheme.dll handle: 73A40000 size: 240128 crc: 5F29223E date: 2008-01-21 02:23:43
 C:\Program Files\DigitalPersona\Bin\DpoFeedb.dll handle: 10000000 size: 502848 crc: 3E70DA82 date: 2009-09-29 06:52:54
 C:\Program Files\Common Files\microsoft shared\ink\tiptsf.dll handle: 731D0000 size: 380416 crc: 6E255BB3 date: 2009-04-11 06:28:24
 C:\Windows\system32\btmmhook.dll handle: 02260000 size: 208896 crc: 8D6D5FE0 date: 2008-06-19 20:17:16
 C:\Windows\system32\dmime.dll handle: 67580000 size: 178688 crc: 3063C87B date: 2008-01-21 02:23:37
 C:\Windows\system32\DSOUND.dll handle: 74950000 size: 444416 crc: 2196E709 date: 2009-04-11 06:28:19
 C:\Windows\system32\POWRPROF.dll handle: 75000000 size: 98816 crc: F5FB120D date: 2009-04-11 06:28:23
 C:\Windows\system32\dmusic.dll handle: 69E80000 size: 101888 crc: 9C95E7AB date: 2009-04-11 06:28:18
 C:\Windows\system32\dmsynth.dll handle: 68AE0000 size: 105472 crc: A572B2E6 date: 2009-04-11 06:28:18
 C:\Windows\system32\dmloader.dll handle: 74780000 size: 38400 crc: 43D1875C date: 2008-01-21 02:23:37
 C:\Windows\system32\mswsock.dll handle: 75300000 size: 223232 crc: 9C4248CA date: 2009-04-11 06:28:22
 C:\Windows\System32\wshtcpip.dll handle: 74FF0000 size: 9216 crc: 10C50FC1 date: 2008-01-21 02:24:04
 C:\Windows\system32\version.dll handle: 75420000 size: 20480 crc: 8C605EC4 date: 2009-04-11 06:28:25
 C:\Program Files\DigitalPersona\Bin\DpoSet.dll handle: 03640000 size: 363584 crc: FAD1B6C5 date: 2009-09-29 06:52:54
 C:\Program Files\WIDCOMM\Bluetooth Software\btkeyind.dll handle: 036D0000 size: 126976 crc: 9EC12971 date: 2008-06-19 20:10:46
 C:\Program Files\Hewlett-Packard\HP MediaSmart\HPShared32.dll handle: 03710000 size: 16688 crc: B17F07C7 date: 2008-09-23 18:09:02
 C:\Windows\WinSxS\x86_microsoft.vc90.mfc_1fc8b3b9a1e18e3b_9.0.30729.4148_none_4bf5400abf9d60b7\mfc90u.dll handle: 640B0000 size: 3780424 crc: AD2D2245 date: 2009-09-14 20:15:06
 C:\Windows\WinSxS\x86_microsoft.vc90.crt_1fc8b3b9a1e18e3b_9.0.30729.4148_none_5090ab56bcba71c2\MSVCR90.dll handle: 6E200000 size: 653120 crc: 60CFF652 date: 2009-09-14 20:14:59
 C:\Windows\WinSxS\x86_microsoft.windows.common-controls_6595b64144ccf1df_5.82.6002.18305_none_88f3a38569c2c436\COMCTL32.dll handle: 73C80000 size: 531968 crc: 06DAEC5F date: 2010-08-31 15:43:52
 C:\Windows\system32\MSIMG32.dll handle: 73A80000 size: 4608 crc: 0475C3E2 date: 2006-11-02 09:46:07
 C:\Windows\system32\dwmapi.dll handle: 73500000 size: 39936 crc: 2E8C92C0 date: 2008-01-21 02:24:06
 C:\Windows\System32\wship6.dll handle: 75410000 size: 9216 crc: 2CDA59E0 date: 2008-01-21 02:24:04
 C:\Windows\system32\NLAapi.dll handle: 74F10000 size: 48128 crc: 75FBFFE9 date: 2008-01-21 02:23:44
 C:\Windows\system32\IPHLPAPI.DLL handle: 75580000 size: 91648 crc: CB154186 date: 2009-04-11 06:28:20
 C:\Windows\system32\dhcpcsvc.DLL handle: 75540000 size: 204288 crc: 6DA3137F date: 2009-04-11 06:28:18
 C:\Windows\system32\DNSAPI.dll handle: 757C0000 size: 168448 crc: A47DAF91 date: 2009-04-11 06:28:18
 C:\Windows\system32\WINNSI.DLL handle: 75530000 size: 14848 crc: 83F00BFD date: 2008-01-21 02:24:47
 C:\Windows\system32\dhcpcsvc6.DLL handle: 75500000 size: 130560 crc: 00C1059D date: 2009-04-11 06:28:18
 C:\Windows\system32\napinsp.dll handle: 72E30000 size: 50176 crc: F36C6F56 date: 2008-01-21 02:24:29
 C:\Windows\system32\pnrpnsp.dll handle: 72E10000 size: 62464 crc: EF01DBE4 date: 2008-01-21 02:25:26
 C:\Windows\System32\winrnr.dll handle: 72E00000 size: 19968 crc: 525FD6C9 date: 2009-04-11 06:28:25
 C:\Windows\system32\WLDAP32.dll handle: 76710000 size: 287744 crc: 4F6B6725 date: 2009-04-11 06:28:25
 C:\Windows\system32\wshbth.dll handle: 72DF0000 size: 34304 crc: E6006515 date: 2009-04-11 06:28:26
 C:\Windows\system32\rasadhlp.dll handle: 70F70000 size: 10240 crc: D5AE0AAA date: 2006-11-02 09:46:12
 C:\Windows\system32\PROPSYS.dll handle: 744B0000 size: 754688 crc: 5C445BDE date: 2009-04-11 06:28:23

---- gamelog start ----
Tick 0: new game started
     Revision text changed to r21003, savegame version 151, not modified, _openttd_newgrf_version = 0x1100520b
     New game mode: 2 landscape: 0
Tick 0: game loaded
     New game mode: 1 landscape: 0
Tick 1937: settings changed
     Setting changed: vehicle.never_expire_vehicles : 0 -> 1
Tick 3030: settings changed
     Setting changed: economy.station_noise_level : 1 -> 0
---- gamelog end ----

*** End of OpenTTD Crash Report ***

Decoded stack trace:
[00] ???                  0x772AFBAE ÿ + 88
[01] ???                  0x00569687
[02] ???                  0x005F3650
[03] ???                  0x0042E4FA
[04] ???                  0x00437506
[05] ???                  0x00437896
[06] ???                  0x004D144B

*** End of additional info ***
