*** OpenTTD Crash Report ***

Crash at: Fri Feb 19 15:00:26 2010
In game date: 1961-01-24 (34)

Crash reason:
 Signal:  Segmentation fault (11)
 Message: <none>

OpenTTD version:
 Version:    1.0.0-RC1 (1)
 NewGRF ver: 10004ad5
 Bits:       32
 Endian:     little
 Dedicated:  no
 Build date: Feb 19 2010 08:32:52

Stacktrace:
 [00] /opt/openttd/games/openttd(_ZNK12CrashLogUnix13LogStacktraceEPcPKc+0x3c) [0x8348bf8]
 [01] /opt/openttd/games/openttd(_ZNK8CrashLog12FillCrashLogEPcPKc+0x151) [0x826603d]
 [02] /opt/openttd/games/openttd(_ZNK8CrashLog12MakeCrashLogEv+0x73) [0x826632b]
 [03] /opt/openttd/games/openttd [0x83489ed]
 [04] [0x750400]
 [05] /usr/lib/libstdc++.so.6(_ZSt18_Rb_tree_decrementPSt18_Rb_tree_node_base+0x22) [0x9a0a82]
 [06] /opt/openttd/games/openttd(_ZNSt17_Rb_tree_iteratorISt4pairIKiSt3setIiSt4lessIiESaIiEEEEmmEi+0x2e) [0x82007c6]
 [07] /opt/openttd/games/openttd(_ZN35AIAbstractListSorterValueDescending8FindNextEv+0xb2) [0x81fffae]
 [08] /opt/openttd/games/openttd(_ZN35AIAbstractListSorterValueDescending4NextEv+0x3a) [0x82000a2]
 [09] /opt/openttd/games/openttd(_ZN14AIAbstractList4NextEv+0x47) [0x81fddb3]
 [10] /opt/openttd/games/openttd(_ZN9SQConvert7HelperTIM14AIAbstractListFivELb0EE6SQCallEPS1_S3_P4SQVM+0x33) [0x81edc91]
 [11] /opt/openttd/games/openttd(_ZN9SQConvert22DefSQNonStaticCallbackI14AIAbstractListMS1_FivEEEiP4SQVM+0x16e) [0x81da70a]
 [12] /opt/openttd/games/openttd(_ZN4SQVM10CallNativeEP15SQNativeClosureiiR11SQObjectPtrRb+0x3f2) [0x81af09c]
 [13] /opt/openttd/games/openttd(_ZN4SQVM7ExecuteER11SQObjectPtriiiS1_jNS_13ExecutionTypeE+0x865) [0x81abc9d]
 [14] /opt/openttd/games/openttd(sq_resumecatch+0x83) [0x81888ae]
 [15] /opt/openttd/games/openttd(_ZN8Squirrel6ResumeEi+0x49) [0x83d58d5]
 [16] /opt/openttd/games/openttd(_ZN10AIInstance8GameLoopEv+0x414) [0x81d042e]
 [17] /opt/openttd/games/openttd(_ZN2AI8GameLoopEv+0xf4) [0x81b3c6a]
 [18] /opt/openttd/games/openttd(_Z13StateGameLoopv+0x75a) [0x8338a7e]
 [19] /opt/openttd/games/openttd(_Z8GameLoopv+0x14b) [0x8338d53]
 [20] /opt/openttd/games/openttd(_ZN15VideoDriver_SDL8MainLoopEv+0x308) [0x847663c]
 [21] /opt/openttd/games/openttd(_Z8ttd_mainiPPc+0xe58) [0x8337867]
 [22] /opt/openttd/games/openttd(main+0x48) [0x8348fe0]
 [23] /lib/tls/i686/cmov/libc.so.6(__libc_start_main+0xe6) [0xa9bb56]
 [24] /opt/openttd/games/openttd [0x8183131]

Operating system:
 Name:     Linux
 Release:  2.6.31-19-generic
 Version:  #56-Ubuntu SMP Thu Jan 28 01:26:53 UTC 2010
 Machine:  i686
 Compiler: GCC 4.4.1 "4.4.1"

Configuration:
 Blitter:      8bpp-optimized
 Graphics set: OpenGFX
 Language:     english.lng
 Music driver: extmidi
 Music set:    NoMusic
 Network:      no
 Sound driver: sdl
 Sound set:    OpenSFX
 Video driver: sdl

AI Configuration (local: 0):
  0: Human
  1: NewWrightAI (v1)
  2: JeremyAI (v1)
  3: Convoy (v11)
  4: AdmiralAI (v22)
  5: NoCAB (v330)
  6: Rondje (v311)
  7: PAXLink (v13)

Libraries:
 FontConfig: 2.6.0
 FreeType:   2.3.9
 LZO:        2.03
 PNG:        1.2.37
 SDL:        1.2.13
 Zlib:       1.2.3.3

---- gamelog start ----
Tick 0: new game started
     Revision text changed to 1.0.0-RC1, savegame version 138, maybe modified, _openttd_newgrf_version = 0x10004ad5
     New game mode: 1 landscape: 0
---- gamelog end ----

*** End of OpenTTD Crash Report ***
