*** OpenTTD Crash Report ***

Crash at: Sat Oct 04 10:34:44 2014
In game date: 1968-09-22 (15)

Crash reason:
 Exception: C0000005
 Location:  00478C1B
 Message:   <none>

OpenTTD version:
 Version:    1.4.3 (0)
 NewGRF ver: 14386922
 Bits:       32
 Endian:     little
 Dedicated:  no
 Build date: Sep 23 2014 18:43:17

Registers:
 EAX: 00000000 EBX: 00000000 ECX: 0012FA30 EDX: 00ECEC54
 ESI: 0E0586C8 EDI: 0E0586C8 EBP: 0012FA44 ESP: 0012F9E0
 EIP: 00478C1B EFLAGS: 00210246

 Bytes at instruction pointer:
 0F B6 48 34 51 FF 70 1C E8 01 69 FF FF 5F C2 08 00 80 3D 4F FB F3 00 00

Stack trace:
 00000002 00000010 0ED9A400 0046291A 0012FA30 00000001 00000000 0ED9A400
 0FC8EA70 00000000 0000014D 00000001 0000000F 0250CB09 0012FA50 0045F48A
 00000011 00000015 00000000 00000079 00000002 00000010 0000005D 00000087
 0FC8EA70 0012FA98 0045FBED 0E0586C8 0D609798 0045FBED 0E0586C8 00000170
 00460F44 0E0586C8 0E0586C8 0FC8EA70 00000090 0046101D 0000000B 00000000
 0000014E 0000000D 00000000 0000000E 0000014E 00000088 0012FAC8 0045FBED
 0E0586C8 0012FB08 0045F577 0E0586C8 0E0586C8 04FF14C0 04FF14C0 0012FB08
 00000090 04FF14C0 0012FAE8 004BBFF4 0E0586C8 00464533 00000160 0E0586C8
 000004C0 00000340 0012FB24 0041FA04 000000D0 000004C0 00000160 000004C0
 00000016 02A69207 02505AC0 FFFFFFF0 FFFFFFFA 00000180 00000090 00000558
 00000000 0012FB60 0041FB85 00000340 000000D0 0000049F 00000000 00000000
 00000000 00000300 00000016 00000160 00000580 02A69201 00000340 000000D0
 0000FFFF 00466A6A 7600863C 003900AC 0012FB78 00000000 003900BC 005BFA09
 00000000 00000000 0012FDE0 00000000 0012FDE0 003900BC 003900DA 00000000
 00000000 00000000 000D0262 0000000F 00000000 00000000 003900AC 000003EA
 0000012D 0043DA9A 029A37C0 0012FDF8 7FFD8000 00740072 0012FBDC 02A26290
 01760065 00000000 00000000 00000000 00000000 00000000 00000000 006F0056
 00000000 00000000 00000000 0012FDFC 00EB04A8 00000000 00000000 00690046
 00000000 00000000 00000000 00000000 00540054 005C0044 0070006F 006E0065
 00000006 001A0000 029A37B8 0012FD30 7713707A 771370B6 7703630B 001A0000
 00000000 001A01AC 029A6680 001A2A58 001A0148 029A667A 00000000 029A667B
 00000000 00000000 09000000 0012FBCC 0012FBC8 0012FD54 00000003 0003D2BB
 FFFFFFFE 771370B6 00000000 A80003AB 029A37C0 00000000 02A27FE8 00000000
 7711413A 02A26290 00000080 001A0000 00000000 029A9FE8 001A0000 029A2F68

Operating system:
 Name:     Windows
 Release:  6.0.6002 (Service Pack 2)
 Compiler: MSVC 1600

Configuration:
 Blitter:      8bpp-optimized
 Graphics set: OpenGFX (5203)
 Language:     C:\Program Files\OpenTTD\lang\english.lng
 Music driver: dmusic
 Music set:    OpenMSX (96)
 Network:      no
 Sound driver: win32
 Sound set:    OpenSFX (87)
 Video driver: win32

Fonts:
 Small:  sprite
 Medium: sprite
 Large:  sprite
 Mono:   sprite

AI Configuration (local: 0):
  0: Human
  1: RoadRunner (v9)

Libraries:
 FreeType:   2.4.11
 ICU:        51.2
 LZMA:       5.0.4
 LZO:        2.06
 PNG:        1.5.14
 Zlib:       1.2.7

Module information:
 C:\Program Files\OpenTTD\openttd.exe handle: 00400000 size: 11820544 crc: 7771DA53 date: 2014-09-23 18:46:58
 C:\Windows\system32\ntdll.dll handle: 770D0000 size: 1205168 crc: 3A34FB84 date: 2013-07-09 12:10:36
 C:\Windows\system32\kernel32.dll handle: 76370000 size: 894464 crc: 4E3A1E95 date: 2014-02-06 01:56:54
 C:\Windows\system32\WINMM.dll handle: 73A50000 size: 189952 crc: FE5FC521 date: 2011-10-14 16:03:25
 C:\Windows\system32\msvcrt.dll handle: 75F20000 size: 680448 crc: 2BA89372 date: 2011-12-14 16:17:47
 C:\Windows\system32\USER32.dll handle: 76000000 size: 627712 crc: 80F0F3C5 date: 2009-04-11 06:28:25
 C:\Windows\system32\GDI32.dll handle: 74C60000 size: 297984 crc: 79C0C014 date: 2013-10-03 12:45:50
 C:\Windows\system32\ADVAPI32.dll handle: 752A0000 size: 800768 crc: D7864B03 date: 2009-04-11 06:28:17
 C:\Windows\system32\RPCRT4.dll handle: 75010000 size: 783360 crc: A869E4A0 date: 2013-07-10 09:47:00
 C:\Windows\system32\ole32.dll handle: 74CB0000 size: 1316864 crc: 35DF2E64 date: 2010-06-28 17:00:21
 C:\Windows\system32\OLEAUT32.dll handle: 760A0000 size: 563712 crc: 4F05A328 date: 2011-08-25 16:14:01
 C:\Windows\system32\OLEACC.dll handle: 73A10000 size: 238080 crc: 49653460 date: 2011-08-25 16:14:01
 C:\Windows\system32\WS2_32.dll handle: 75FD0000 size: 179200 crc: 5D581120 date: 2008-01-21 02:24:48
 C:\Windows\system32\NSI.dll handle: 772E0000 size: 8192 crc: 10729B39 date: 2008-01-21 02:24:47
 C:\Windows\system32\IMM32.dll handle: 77310000 size: 114688 crc: 8D83D50A date: 2009-04-11 06:28:20
 C:\Windows\system32\MSCTF.dll handle: 74B90000 size: 807424 crc: 78787E19 date: 2009-04-11 06:28:20
 C:\Windows\system32\SHELL32.dll handle: 75400000 size: 11587584 crc: A0DC60FF date: 2014-03-25 13:26:04
 C:\Windows\system32\SHLWAPI.dll handle: 765A0000 size: 353280 crc: 8C1197B8 date: 2012-11-22 03:54:36
 C:\Windows\system32\LPK.DLL handle: 77300000 size: 23552 crc: 2E03F135 date: 2009-06-15 14:52:42
 C:\Windows\system32\USP10.dll handle: 74B10000 size: 502784 crc: 74912CFE date: 2014-04-26 16:01:22
 C:\Windows\WinSxS\x86_microsoft.windows.common-controls_6595b64144ccf1df_6.0.6002.18305_none_5cb72f2a088b0ed3\comctl32.dll handle: 73810000 size: 1686016 crc: 3AB5D2D1 date: 2010-08-31 15:43:52
 C:\Windows\system32\IconCodecService.dll handle: 6B630000 size: 9728 crc: D8D965A6 date: 2006-11-02 12:34:33
 C:\Windows\system32\WindowsCodecs.dll handle: 72420000 size: 974848 crc: 9A99AA19 date: 2009-09-25 02:10:10
 C:\Windows\system32\uxtheme.dll handle: 73040000 size: 240128 crc: 5F29223E date: 2008-01-21 02:23:43
 C:\Windows\system32\mswsock.dll handle: 740F0000 size: 223232 crc: 9C4248CA date: 2009-04-11 06:28:22
 C:\Windows\System32\wshtcpip.dll handle: 73DB0000 size: 9216 crc: 10C50FC1 date: 2008-01-21 02:24:04
 C:\Windows\system32\wdmaud.drv handle: 720F0000 size: 167424 crc: AE942463 date: 2009-04-11 06:27:12
 C:\Windows\system32\ksuser.dll handle: 720E0000 size: 4608 crc: 4C647881 date: 2006-11-02 09:46:05
 C:\Windows\system32\MMDevAPI.DLL handle: 72D90000 size: 150528 crc: 481F98E7 date: 2009-04-11 06:28:20
 C:\Windows\system32\AVRT.dll handle: 72ED0000 size: 12800 crc: EB589AA0 date: 2008-01-21 02:24:54
 C:\Windows\system32\SETUPAPI.dll handle: 74E00000 size: 1591296 crc: A225D6A1 date: 2009-04-11 06:28:24
 C:\Windows\system32\WINTRUST.dll handle: 72CD0000 size: 172544 crc: 87BD4379 date: 2013-07-08 04:20:04
 C:\Windows\system32\CRYPT32.dll handle: 74400000 size: 993792 crc: 5B4F1B58 date: 2013-10-03 12:45:45
 C:\Windows\system32\MSASN1.dll handle: 74560000 size: 60928 crc: D62CDC5B date: 2009-09-04 11:41:59
 C:\Windows\system32\USERENV.dll handle: 74980000 size: 108544 crc: CC1E5DD3 date: 2009-04-11 06:28:25
 C:\Windows\system32\Secur32.dll handle: 74960000 size: 72704 crc: DFC8B400 date: 2011-11-16 16:23:08
 C:\Windows\system32\imagehlp.dll handle: 76570000 size: 158208 crc: 089B335F date: 2013-10-22 07:19:59
 C:\Windows\system32\AUDIOSES.DLL handle: 720B0000 size: 115712 crc: 9E346B3A date: 2009-04-11 06:28:18
 C:\Windows\system32\audioeng.dll handle: 72040000 size: 397312 crc: 17666E45 date: 2008-01-21 02:24:54
 C:\Windows\system32\PSAPI.DLL handle: 76560000 size: 12288 crc: D7B812C5 date: 2006-11-02 09:46:12
 C:\Windows\system32\msacm32.drv handle: 72020000 size: 21504 crc: 28704D00 date: 2009-04-11 06:27:12
 C:\Windows\system32\MSACM32.dll handle: 72000000 size: 71680 crc: A2E8F836 date: 2008-01-21 02:24:53
 C:\Windows\system32\midimap.dll handle: 71FF0000 size: 17408 crc: 9FC56E7F date: 2009-04-11 06:28:20
 C:\Windows\system32\CLBCatQ.DLL handle: 75370000 size: 523776 crc: C2EBF5E6 date: 2008-01-21 02:24:24
 C:\Windows\system32\dmime.dll handle: 5D6A0000 size: 178688 crc: 3063C87B date: 2008-01-21 02:23:37
 C:\Windows\system32\DSOUND.dll handle: 66980000 size: 444416 crc: 2196E709 date: 2009-04-11 06:28:19
 C:\Windows\system32\POWRPROF.dll handle: 73DC0000 size: 98816 crc: F5FB120D date: 2009-04-11 06:28:23
 C:\Windows\system32\dmusic.dll handle: 5D700000 size: 101888 crc: 9C95E7AB date: 2009-04-11 06:28:18
 C:\Windows\system32\dmsynth.dll handle: 5D6E0000 size: 105472 crc: A572B2E6 date: 2009-04-11 06:28:18
 C:\Windows\system32\dmloader.dll handle: 66BC0000 size: 38400 crc: 43D1875C date: 2008-01-21 02:23:37
 C:\Windows\System32\SysHook.dll handle: 10000000 size: 204800 crc: 5FC18112 date: 2008-08-01 17:51:04
 C:\Windows\System32\WINSPOOL.DRV handle: 71100000 size: 258048 crc: 26DBAEC9 date: 2011-01-20 16:07:42

---- gamelog start ----
Tick 0: new game started
     Revision text changed to 1.4.3, savegame version 188, not modified, _openttd_newgrf_version = 0x14386922
     New game mode: 1 landscape: 0
     Added NewGRF: GRF ID 42533033, checksum E982D0EBB8FBEFD41CF1547EBF55F50F, filename: brianum_vacuummonorail_tube-1.0\brianum_vactrain_railtype.grf (md5sum matches)
     Added NewGRF: GRF ID 42533034, checksum C46D3FE505219D3CD946FDE7FD33164C, filename: brianum_vakuummonorail_trains-1.02\brianum_vactrain_vehicles.grf (md5sum matches)
     Added NewGRF: GRF ID 535A0901, checksum BECE0FB994E34EBDF6DB76EC3B566914, filename: purno_s_new_railway_fence.1\fencew.grf (md5sum matches)
     Added NewGRF: GRF ID 54470203, checksum F84B6D37659F23D19E176C99BC48DEF6, filename: opengfx_airports_as_objects-0.3\airportobjects.grf (md5sum matches)
     Added NewGRF: GRF ID 4F474D00, checksum AC6E73C4F55D7D9F7BB6F183E845CEDB, filename: opengfx_mars_landscape-nightlyv5167\ogfx-mars-landscape.grf (md5sum matches)
     Added NewGRF: GRF ID 46727806, checksum BBE029FCDD7A16F85876D417FF318D23, filename: opengfx_trees-0.8.0\opengfx+trees.grf (md5sum matches)
     Added NewGRF: GRF ID 43415000, checksum 8F77143D9432C52206D1730F9EEDFAE1, filename: opengfx_airports-0.4.1\ogfx-airports.grf (md5sum matches)
     Added NewGRF: GRF ID 4F472B33, checksum 437E4F6BDA52EB5CA9615196291514CA, filename: opengfx_industries-version\ogfx-industries.grf (md5sum matches)
     Added NewGRF: GRF ID 4F472B34, checksum C15196D11C5461AC4733C645346BB10B, filename: opengfx_landscape-1.0.1\ogfx-landscape.grf (md5sum matches)
     Added NewGRF: GRF ID 4F472B32, checksum 3FD44FD23CAC8D29AA314BF6A304B684, filename: opengfx_road_vehicles-0.4.0\ogfx-rv.grf (md5sum matches)
     Added NewGRF: GRF ID 4F472B31, checksum 4E0B2D42462F295F36AFBA90D239A323, filename: opengfx_trains-0.3.0\ogfx-trains.grf (md5sum matches)
     Added NewGRF: GRF ID 576D0301, checksum 69D589CBE85C11DA52BC31E7729D7224, filename: progressive_rail_set-2\progressive_rails.2.0.2.grf (md5sum matches)
     Added NewGRF: GRF ID 444A5901, checksum 23CEC795D97265752C21EA8F02564A61, filename: vacuum_tube_train-0.22\vactrain.grf (md5sum matches)
     Added NewGRF: GRF ID 444A5902, checksum 10CE0195D8ABED8FD93E539FD990AF03, filename: vacuum_vehicle_wagon_and_train-0.22\vactrain.grf (md5sum matches)
     Added NewGRF: GRF ID 50430305, checksum 85F38279869465624280214166942813, filename: welsh_town_names-1.0\welshnames.grf (md5sum matches)
     Added NewGRF: GRF ID 42533036, checksum CE427F6E64E3C30544097207B34887BA, filename: brianum_x2014__millennium_z-1.0.1\brianum_x2014_z2.grf (md5sum matches)
     Added NewGRF: GRF ID 42533031, checksum A6CF807078DE75D0209D53BE8BA6FDEC, filename: brianum_speed_limit_for_bridges-1.0\brianum_bridges.grf (md5sum matches)
     Added NewGRF: GRF ID 42533035, checksum 38884892BB4BC3765833008D4F37B1AD, filename: brianum_speedlimit_for_monorail-1.0\brianum_monorail_speedlimit.grf (md5sum matches)
     Added NewGRF: GRF ID 42533032, checksum F9E16508E98197A5404A7A22F28E13E5, filename: brianum_sh_50__sh_60-1.0.1\brianum_sh50.grf (md5sum matches)
Tick 15009: settings changed
     Setting changed: station.never_expire_airports : 0 -> 1
Tick 15306: settings changed
     Setting changed: vehicle.never_expire_vehicles : 0 -> 1
---- gamelog end ----

*** End of OpenTTD Crash Report ***

Decoded stack trace:
[00] openttd              0x00478C1B
 <infinite loop>

*** End of additional info ***
