*** OpenTTD Crash Report ***
Date: 2009-03-24 21:10:51
Build: 0.7.0-RC2 (0) built on Mar 23 2009 00:47:14
Reason: NOT_REACHED triggered at line 632 of ..\src\ai\ai_instance.cpp
Language: english.lng
Exception C0000005 at 0044295F
Registers:
 EAX: 00000001 EBX: 00000001 ECX: B02F34ED EDX: 00240170
 ESI: 0012F898 EDI: 005EB124 EBP: 0012FA9C ESP: 0012F884
 EIP: 0044295F EFLAGS: 00210202

Bytes at CS:EIP:
 C6 05 00 00 00 00 00 5B C2 04 00 55 8B EC 81 EC 14 04 00 00 56 57 8B 7D

Stack trace: 
 00000003 00429B75 00000001 00000000 08000019 5F544F4E 43414552 20444548
 67697274 65726567 74612064 6E696C20 33362065 666F2032 5C2E2E20 5C637273
 615C6961 6E695F69 6E617473 632E6563 76007070 76F65B87 77E8D5C4 01E00000
 00000000 01E0018C 011E0370 00000036 0514C81B 00000020 011C0371 00000036
 76F09834 01760348 01760348 00000008 0514C81B 00000000 00000000 01760048
 051ADDC8 0176014C 051FE888 017603C8 0012F8DC 0012FA00 0012FA04 76F09834
 010C6040 FFFFFFFE 76F65B87 76F65955 76F658A6 00000008 00000000 00000001
 00000280 05224920 001600CA 051A31B0 004D3D37 01000001 045CEA58 045CEA58
 0012F9B0 004D313F 004D3152 02000000 01000001 01000001 00000000 004D30FE
 0012FA04 005AAB2A FFFFFFFF 0012FA10 004C9BEA 02000000 004C9C87 051A31B0
 051A31A8 04531798 006B4940 00000200 0012FA00 75AC9C3B 006471FC 00647208
 006B4940 006B4D40 00000000 006471FC FFFFFFFF 05000002 01000000 004C9AFB
 0012FA3C 005ABBF3 FFFFFFFF 0012FA48 004D8087 045CEA58 051A31B0 051BBACC
 004D3E71 051A31A0 051A3198 00000001 0519D158 0012FA68 004D806A 051A31A0
 051A31A8 04531798 00000005 004D83BD 051A31A8 004D7F01 0012FAD0 0012FA84
 004C1601 00000028 00000000 005EB124 0069E592 00000021 005EB124 00000003
 0012FAA8 004C1D1C 0069E592 00000000 005EB124 00000003 0012FAC0 004E2108
 006253D4 00000278 006471C4 005EB124 00000000 00000000 00000000 0012FAD8
 004E2183 00667100 005E9C08 00000000 00000000 FFFFFFFF 004E225D 044BF860
 004E22AD 005E9C08 044BF860 004D96F5 FFFFFFFF 0063ED31 00625D28 00000003
 01816CF8 004BB96F 00000003 00000000 4149504C 0012FB24 005EF418 004C1E23
 0012FBE0 004C2017 00670E18 00000000 004C2E87 76808DF4 00000000 00000000
 0012FB84 00000000 76F40B44 00000000 01E00000 0452F000 00000000 00000000
 00000012 00000001 0012FBDC 76F09834 010C6FB8 FFFFFFEE 017608F8 01760048

Module information:
 C:\Program Files\OpenTTD\openttd.exe handle: 00400000 size: 2614272 crc: C0628D1C date: 2009-03-23 00:50:12
 C:\Windows\system32\ntdll.dll handle: 76F00000 size: 1203792 crc: 7CFCEC95 date: 2008-01-19 07:38:14
 C:\Windows\system32\kernel32.dll handle: 75A80000 size: 888320 crc: 33D9889B date: 2008-01-19 07:34:36
 C:\Windows\system32\WINMM.dll handle: 740A0000 size: 189952 crc: D22FC585 date: 2008-01-19 07:36:55
 C:\Windows\system32\msvcrt.dll handle: 76A00000 size: 680448 crc: E5AE7FEC date: 2008-01-19 07:35:15
 C:\Windows\system32\USER32.dll handle: 76800000 size: 627200 crc: B687ED70 date: 2008-01-19 07:36:46
 C:\Windows\system32\GDI32.dll handle: 75A00000 size: 296960 crc: AA2880BF date: 2008-10-21 05:25:18
 C:\Windows\system32\ADVAPI32.dll handle: 76D90000 size: 798720 crc: F58CDFCB date: 2008-01-19 07:33:43
 C:\Windows\system32\RPCRT4.dll handle: 768A0000 size: 784896 crc: 3E044E39 date: 2008-04-12 03:32:11
 C:\Windows\system32\ole32.dll handle: 75840000 size: 1315328 crc: 6B931D39 date: 2008-01-19 07:36:01
 C:\Windows\system32\OLEAUT32.dll handle: 76AB0000 size: 563200 crc: B69E10E1 date: 2008-01-19 07:36:01
 C:\Windows\system32\OLEACC.dll handle: 74060000 size: 215040 crc: EF3061D3 date: 2008-01-19 07:36:01
 C:\Windows\system32\WS2_32.dll handle: 75810000 size: 179200 crc: 5D581120 date: 2008-01-19 07:37:09
 C:\Windows\system32\NSI.dll handle: 75780000 size: 8192 crc: 10729B39 date: 2008-01-19 07:35:57
 C:\Windows\system32\SHELL32.dll handle: 75B60000 size: 11580928 crc: CE4BF6CB date: 2008-11-06 13:14:25
 C:\Windows\system32\SHLWAPI.dll handle: 75990000 size: 351744 crc: F95C1869 date: 2008-01-19 07:36:29
 C:\Windows\system32\IMM32.DLL handle: 76EE0000 size: 114688 crc: 57C1E0CD date: 2008-01-19 07:34:33
 C:\Windows\system32\MSCTF.dll handle: 76CC0000 size: 806912 crc: 66ABCC79 date: 2008-01-19 07:34:55
 C:\Windows\system32\LPK.DLL handle: 759F0000 size: 23552 crc: 3277B148 date: 2008-01-19 07:34:43
 C:\Windows\system32\USP10.dll handle: 75790000 size: 501760 crc: 09CF36C9 date: 2008-01-19 07:36:47
 C:\Windows\WinSxS\x86_microsoft.windows.common-controls_6595b64144ccf1df_6.0.6001.18000_none_5cdbaa5a083979cc\comctl32.dll handle: 74480000 size: 1684480 crc: 57ECDF87 date: 2008-01-19 07:26:34
 C:\Windows\system32\SHFolder.dll handle: 6FB80000 size: 7168 crc: 1CA14A5C date: 2006-11-02 09:46:13
 C:\Windows\system32\wdmaud.drv handle: 72400000 size: 166912 crc: 5FC059D1 date: 2008-01-19 07:32:56
 C:\Windows\system32\ksuser.dll handle: 723F0000 size: 4608 crc: 4C647881 date: 2006-11-02 09:46:05
 C:\Windows\system32\MMDevAPI.DLL handle: 73DF0000 size: 149504 crc: 29FF5B91 date: 2008-01-19 07:34:49
 C:\Windows\system32\AVRT.dll handle: 74050000 size: 12800 crc: EB589AA0 date: 2008-01-19 07:33:47
 C:\Windows\system32\SETUPAPI.dll handle: 76670000 size: 1590272 crc: BB6B35BF date: 2008-01-19 07:36:24
 C:\Windows\system32\WINTRUST.dll handle: 748D0000 size: 171520 crc: EE6B6CCB date: 2008-01-19 07:36:56
 C:\Windows\system32\CRYPT32.dll handle: 750C0000 size: 977408 crc: 49821E3F date: 2008-01-19 07:34:00
 C:\Windows\system32\MSASN1.dll handle: 75220000 size: 59904 crc: 7A69072B date: 2006-11-02 09:46:06
 C:\Windows\system32\USERENV.dll handle: 75630000 size: 108032 crc: AC76B003 date: 2008-01-19 07:36:46
 C:\Windows\system32\Secur32.dll handle: 75610000 size: 72704 crc: A389B60F date: 2008-01-19 07:36:21
 C:\Windows\system32\imagehlp.dll handle: 75A50000 size: 153088 crc: EEF49677 date: 2008-01-19 07:34:32
 C:\Windows\system32\AUDIOSES.DLL handle: 723C0000 size: 116224 crc: 30C70121 date: 2008-01-19 07:33:45
 C:\Windows\system32\audioeng.dll handle: 72350000 size: 397312 crc: 17666E45 date: 2008-01-19 07:33:45
 C:\Windows\system32\PSAPI.DLL handle: 75770000 size: 12288 crc: D7B812C5 date: 2006-11-02 09:46:12
 C:\Windows\system32\msacm32.drv handle: 72340000 size: 21504 crc: 1F6A62A4 date: 2008-01-19 07:32:56
 C:\Windows\system32\MSACM32.dll handle: 72250000 size: 71680 crc: A2E8F836 date: 2008-01-19 07:34:54
 C:\Windows\system32\midimap.dll handle: 72240000 size: 17408 crc: 44FD6876 date: 2008-01-19 07:34:46
 C:\Windows\system32\CLBCatQ.DLL handle: 76970000 size: 523776 crc: C2EBF5E6 date: 2008-01-19 07:33:52
 C:\Windows\system32\uxtheme.dll handle: 74440000 size: 240128 crc: 5F29223E date: 2008-01-19 07:36:47
 C:\Windows\system32\dmime.dll handle: 70FB0000 size: 178688 crc: 3063C87B date: 2008-01-19 07:34:04
 C:\Windows\system32\DSOUND.dll handle: 6DAA0000 size: 444416 crc: 1F6BF3CC date: 2008-01-19 07:34:07
 C:\Windows\system32\POWRPROF.dll handle: 74A80000 size: 97280 crc: 968A09AC date: 2008-01-19 07:36:07
 C:\Windows\system32\dmusic.dll handle: 71010000 size: 101888 crc: C5478A00 date: 2008-01-19 07:34:04
 C:\Windows\system32\dmsynth.dll handle: 70FF0000 size: 105472 crc: 246B7E26 date: 2008-01-19 07:34:04
 C:\Windows\system32\dmloader.dll handle: 73C20000 size: 38400 crc: 43D1875C date: 2008-01-19 07:34:04
 C:\Windows\system32\imon.dll handle: 20B00000 size: 298104 crc: 596DA85B date: 2007-04-17 21:01:11
 C:\Windows\system32\WSOCK32.dll handle: 74A70000 size: 15360 crc: 3A7127D9 date: 2008-01-19 07:37:11
 C:\Windows\system32\mswsock.dll handle: 74D90000 size: 223232 crc: 3746AAB9 date: 2008-01-19 07:35:15
 C:\Windows\System32\wshtcpip.dll handle: 74A60000 size: 9216 crc: 10C50FC1 date: 2008-01-19 07:37:11
 C:\Windows\system32\dmstyle.dll handle: 70F80000 size: 105472 crc: 3B1A1D06 date: 2006-11-02 12:34:33
 C:\Windows\system32\dmband.dll handle: 74000000 size: 30208 crc: 1AE3457D date: 2006-11-02 12:34:33

System information:
 Windows version 6.0 6001 Service Pack 1

---- gamelog start ----
Tick 0: game loaded
     Conversion from OTTD savegame without gamelog: version 92, 0
     Revision text changed to 0.7.0-RC2, savegame version 115, not modified, _openttd_newgrf_version = 0x07003dd5
     New game mode: 1 landscape: 0
---- gamelog end ----
