*** OpenTTD Crash Report ***
Date: 2007-06-29 23:23:32
Build: 0.5.3-RC1 built on Jun 28 2007 19:06:27
Reason: !Disconnecting train
Exception C0000005 at 0042231B
Registers:
 EAX: 0012F99C EBX: 00000001 ECX: 0000243E EDX: 005A0000
 ESI: 00000200 EDI: 00026AB0 EBP: 0012FB9C ESP: 0012F994
 EIP: 0042231B EFLAGS: 00210246

Bytes at CS:EIP:
 C6 05 00 00 00 00 00 A1 80 56 5C 00 85 C0 74 03 FF 50 04 53 E8 02 59 0A

Stack trace: 
 00000000 01A4F9C8 73694421 6E6E6F63 69746365 7420676E 6E696172 00000000
 0012FA88 0012FA88 0012FA08 017D1205 000200AF 00000000 0012F9F8 7E368734
 003D017A 00000084 00000000 011F0194 00438604 DCBAABCD 00000000 0012FA34
 00438604 0012FA60 7E368BD9 7FFDF000 0012FA60 7E36885A 0012FA20 7E36882A
 00000000 003D017A 00000000 7C90E288 7C801875 7C90E288 7C801875 00000288
 00000000 00000000 00000000 0012FA68 00543088 00000200 00000000 7C801898
 005C2C80 000003B8 00000000 00000000 00000200 00000000 00000200 0012FA4C
 00000084 0012FA54 7C839AA8 0012FB08 7C839AA8 7C809BA8 FFFFFFFF 7C801898
 004CB3CB 00000288 00543088 00000200 0012FABC 00000000 00000000 005C2C80
 000003B8 01B1A1A4 01B19F58 0012FB90 00000200 00543088 0012FB08 0000A9F0
 004C87F4 003C2474 004CB886 00000011 004CB87D B02ECE5C 00000200 0053D2A0
 00000200 0012FAE0 00000200 0012FAE8 004CA9F0 0012FB80 004CA9F0 000016E0
 015D0B20 0000318B 000016F7 00030002 00000542 00000168 00000003 019A1AE8
 01A2FF20 01A507C8 0003CF30 00002710 01010710 00000000 01A2FF20 00001388
 01A4F808 000270B6 00000000 0012FB84 00001EF7 00001041 01A4F808 00001EE3
 00000000 0012FBEC 00431ABB 00001028 00001EE3 00001041 00001EF7 00001388
 01A4F8E8 004707CD 0012FBEC 00470FE0 005390C4 00000001 019A5748 019A5748
 00000002 00000B0F 0000135F 00026CB1 00026AB0 00000001 00000508 00000000
 00000000 00000000 00000000 01A4F8E8 009A5748 000274B9 0012FC08 00471577
 00000001 019A5748 019A5748 00000000 005BF79C 7E36F3B3 004715D8 00000001
 005C4440 0042F466 00000000 00000000 0042319E 00599E71 00000000 0042347E
 00000000 00439301 005C27EC 005C45D8 0012FC9C 00000000 00599E8F 00000000
 00000000 003D017A 00000113 00000001 00438342 00599E71 00000194 0000011F
 00422B28 0012FD24 00000001 00000001 0000FD00 000206C0 00000000 00020702

Module information:
 F:\Games1\OpenTTD\openttd.exe handle: 00400000 size: 1355776 crc: 27CD32E0 date: 2007-06-28 17:07:26
 C:\WINDOWS\system32\ntdll.dll handle: 7C900000 size: 714752 crc: B584BA65 date: 2004-08-17 15:46:30
 C:\WINDOWS\system32\kernel32.dll handle: 7C800000 size: 1003008 crc: 79B81A51 date: 2007-04-16 15:54:47
 C:\WINDOWS\system32\WINMM.dll handle: 76B20000 size: 177664 crc: B62715D9 date: 2004-08-17 15:47:36
 C:\WINDOWS\system32\USER32.dll handle: 7E360000 size: 577536 crc: 8CBEE799 date: 2007-03-08 15:39:12
 C:\WINDOWS\system32\GDI32.dll handle: 77F10000 size: 281600 crc: 4D169932 date: 2007-03-08 15:39:12
 C:\WINDOWS\system32\ADVAPI32.dll handle: 77DC0000 size: 684032 crc: 05148DF5 date: 2004-08-17 15:46:36
 C:\WINDOWS\system32\RPCRT4.dll handle: 77E70000 size: 581120 crc: 47B90D20 date: 2004-08-17 15:47:22
 C:\WINDOWS\system32\WS2_32.dll handle: 71A50000 size: 82944 crc: 8768E38B date: 2004-08-17 15:47:38
 C:\WINDOWS\system32\msvcrt.dll handle: 77C00000 size: 343040 crc: 67B879DB date: 2004-08-17 15:47:18
 C:\WINDOWS\system32\WS2HELP.dll handle: 71A40000 size: 19968 crc: 80E94319 date: 2004-08-17 15:47:38
 C:\WINDOWS\system32\WINTRUST.dll handle: 76C20000 size: 176640 crc: 07E9E756 date: 2004-08-17 15:47:38
 C:\WINDOWS\system32\CRYPT32.dll handle: 77A70000 size: 601088 crc: 4771EF64 date: 2004-08-17 15:46:40
 C:\WINDOWS\system32\MSASN1.dll handle: 77B10000 size: 57344 crc: F5350CC7 date: 2004-08-17 15:47:10
 C:\WINDOWS\system32\IMAGEHLP.dll handle: 76C80000 size: 144384 crc: 0E110864 date: 2004-08-17 15:47:00
 C:\WINDOWS\system32\wdmaud.drv handle: 72CB0000 size: 23552 crc: 21EBAD65 date: 2004-08-17 15:48:40
 C:\WINDOWS\system32\msacm32.drv handle: 72CA0000 size: 20480 crc: 4789F187 date: 2001-10-26 12:00:00
 C:\WINDOWS\system32\MSACM32.dll handle: 77BD0000 size: 71680 crc: E8AC1D06 date: 2004-08-17 15:47:10
 C:\WINDOWS\system32\midimap.dll handle: 77BC0000 size: 18944 crc: 5463BCAB date: 2004-08-17 15:47:04
 C:\WINDOWS\system32\ole32.dll handle: 774D0000 size: 1284608 crc: 092CE461 date: 2005-07-26 04:42:37
 C:\WINDOWS\system32\uxtheme.dll handle: 5B1D0000 size: 219136 crc: D0C46F9A date: 2004-08-17 15:47:34
 C:\WINDOWS\system32\MSCTF.dll handle: 746D0000 size: 294400 crc: 774E43D3 date: 2004-08-17 15:47:10
 C:\WINDOWS\system32\CLBCATQ.DLL handle: 76FC0000 size: 498688 crc: 1F94FAF0 date: 2005-07-26 04:42:34
 C:\WINDOWS\system32\COMRes.dll handle: 77040000 size: 816640 crc: CE8DEA9B date: 2004-08-17 15:46:40
 C:\WINDOWS\system32\OLEAUT32.dll handle: 77110000 size: 553472 crc: D75AC6E7 date: 2004-08-17 15:47:22
 C:\WINDOWS\system32\VERSION.dll handle: 77BF0000 size: 18944 crc: 11C724AC date: 2004-08-17 15:47:34
 C:\WINDOWS\System32\dmime.dll handle: 59A80000 size: 181248 crc: E274600D date: 2004-08-17 15:46:54
 C:\WINDOWS\System32\DSOUND.dll handle: 73EA0000 size: 367616 crc: A419B348 date: 2004-08-17 15:46:54
 C:\WINDOWS\System32\dmusic.dll handle: 6CEC0000 size: 104448 crc: 7399AEB5 date: 2004-08-17 15:46:54
 C:\WINDOWS\system32\KsUser.dll handle: 73E70000 size: 4096 crc: 75681812 date: 2004-08-17 15:47:04
 C:\WINDOWS\System32\dmsynth.dll handle: 6CEE0000 size: 103424 crc: 9F984CAF date: 2004-08-17 15:46:54
 C:\WINDOWS\System32\dmloader.dll handle: 6CF50000 size: 35840 crc: 446D819D date: 2004-08-17 15:46:54
 C:\WINDOWS\system32\ctagent.dll handle: 10000000 size: 61440 crc: 2F8D5CFE date: 2002-11-05 10:05:30
 C:\WINDOWS\system32\mswsock.dll handle: 719F0000 size: 246784 crc: 67C4FCC1 date: 2004-08-17 15:47:20
 C:\WINDOWS\system32\hnetcfg.dll handle: 66780000 size: 346624 crc: DFB22262 date: 2004-08-17 15:46:58
 C:\WINDOWS\System32\wshtcpip.dll handle: 71A30000 size: 19968 crc: CB721413 date: 2004-08-17 15:47:38
 C:\PROGRA~1\GENIUS~1\WhoRU.dll handle: 017D0000 size: 28672 crc: 33868FCC date: 2003-02-20 05:22:26
 C:\PROGRA~1\GENIUS~1\gnetscrl.dll handle: 01580000 size: 94208 crc: F77ED3D4 date: 2003-01-24 05:06:34
 C:\WINDOWS\system32\SHELL32.dll handle: 7C9C0000 size: 8474624 crc: 8129C916 date: 2006-12-19 21:51:28
 C:\WINDOWS\system32\SHLWAPI.dll handle: 77F60000 size: 474112 crc: 36096B53 date: 2007-04-18 12:33:01
 C:\WINDOWS\WinSxS\x86_Microsoft.Windows.Common-Controls_6595b64144ccf1df_6.0.2600.2982_x-ww_ac3f9c03\comctl32.dll handle: 773C0000 size: 1054208 crc: 728C6D5A date: 2006-08-25 15:53:57
 C:\WINDOWS\system32\comctl32.dll handle: 5D520000 size: 617472 crc: 1F6C1158 date: 2006-08-25 15:53:59
 C:\WINDOWS\system32\psapi.dll handle: 76BE0000 size: 23040 crc: 8DD87948 date: 2004-08-17 15:47:22

System information:
 Windows version 5.1 2600 S
