*** OpenTTD Crash Report ***

Crash at: Wed Apr 03 13:23:04 2013
In game date: 2096-09-09 (25)

Crash reason:
 Exception: E1212012
 Location:  000007FEFD479E5D
 Message:   Assertion failed at line 125 of c:\bamboo-agent-home\xml-data\build-dir\ottd-nightly-w64bit\src\pathfinder/follow_track.hpp: ((TrackStatusToTrackdirBits(GetTileTrackStatus(m_old_tile, TT(), IsRoadTT() && m_veh != NULL ? RoadVehicle::From(m_veh)->compatible_roadtypes : 0)) & TrackdirToTrackdirBits(m_old_td)) != 0) || (IsTram() && GetSingleTramBit(m_old_tile) != INVALID_DIAGDIR)

OpenTTD version:
 Version:    r25137 (0)
 NewGRF ver: 14006231
 Bits:       64
 Endian:     little
 Dedicated:  no
 Build date: Apr  1 2013 18:14:50

Registers:
 RAX: 0000000076B757CA RBX: 0000000000000016 RCX: 000000000018DAB0 RDX: 0000000000000000
 RSI: 0000000000000000 RDI: 0000000000000008 RBP: 0000000000000000 RSP: 000000000018E0C0
 R8:  0000000000000000 R9:  0000000000000000 R10: 0000000000000000 R11: 0000000000000286
 R12: 0000000140405B38 R13: 000000013FCE03C4 R14: 0000000000000001 R15: 000000AC00000000
 RIP: 000007FEFD479E5D EFLAGS: 00000206

 Bytes at instruction pointer:
 48 81 C4 C8 00 00 00 C3 90 90 90 90 90 90 90 90 90 90 90 48 89 5C 24 08

Stack trace:
 00000016 00000000 00000000 00000000 00000008 00000000 0000017C 00000000
 E1212012 00000000 00000000 00000000 FD479E5D 000007FE 00000000 00000000
 404984F0 00000001 76EB146B 00000000 000002F8 00000000 00061464 00000000
 00000010 00000000 40376C88 00000001 00000050 00000000 00061464 00000000
 00000000 00000000 76F73BFA 00000000 40376C88 00000001 00000010 00000000
 00000000 00000000 00000000 00000000 00000000 00000000 00000000 00000000
 00000001 00000000 3FDDAABD 00000001 00000016 00000000 2E9ADB5F 00000000
 00000001 00000000 76F69C7A 00000000 00000000 00000000 00000000 000000AC
 00000000 00000000 0018E500 00000000 0003EF1D 00000000 00000008 00000000
 3FA30000 00000001 3FDD9E74 00000001 00000001 00000000 404984F0 00000001
 0018E678 00000000 FFFFFFFF 00000000 3FA30000 00000001 3FA799C3 00000001
 3FA30000 00000001 00000000 00000000 0018E678 00000000 00000000 00000000
 65737341 6F697472 6166206E 64656C69 20746120 656E696C 35323120 20666F20
 625C3A63 6F626D61 67612D6F 2D746E65 656D6F68 6C6D785C 7461642D 75625C61
 2D646C69 5C726964 6474746F 67696E2D 796C7468 3436772D 5C746962 5C637273
 68746170 646E6966 662F7265 6F6C6C6F 72745F77 2E6B6361 3A707068 54282820
 6B636172 74617453 6F547375 63617254 7269646B 73746942 74654728 656C6954
 63617254 6174536B 28737574 6C6F5F6D 69745F64 202C656C 29285454 7349202C
 64616F52 29285454 20262620 65765F6D 3D212068 4C554E20 203F204C 64616F52
 69686556 3A656C63 6F72463A 5F6D286D 29686576 6F633E2D 7461706D 656C6269
 616F725F 70797464 3A207365 29293020 54202620 6B636172 54726964 6172546F
 69646B63 74694272 5F6D2873 5F646C6F 29296474 203D2120 7C202930 4928207C
 61725473 2029286D 47202626 69537465 656C676E 6D617254 28746942 6C6F5F6D
 69745F64 2029656C 49203D21 4C41564E 445F4449 44474149 00295249 00000000

Operating system:
 Name:     Windows
 Release:  6.1.7601 (Service Pack 1)
 Compiler: MSVC 1600

Configuration:
 Blitter:      8bpp-optimized
 Graphics set: original_windows (0)
 Language:     C:\Users\Vasek\Desktop\PS\lang\english.lng
 Music driver: win32
 Music set:    NoMusic (0)
 Network:      no
 Sound driver: win32
 Sound set:    NoSound (2)
 Video driver: win32

AI Configuration (local: 0):
  0: Human

Libraries:
 FreeType:   2.4.5
 ICU:        4.4.2
 LZMA:       5.0.3
 LZO:        2.05
 PNG:        1.5.4
 Zlib:       1.2.5

Module information:
 C:\Users\Vasek\Desktop\PS\openttd.exe handle: 000000013FA30000 size: 10586624 crc: ACE5A695 date: 2013-04-01 16:19:06
 C:\Windows\SYSTEM32\ntdll.dll handle: 0000000076F40000 size: 1731920 crc: 71D20A99 date: 2011-11-17 06:41:18
 C:\Windows\system32\kernel32.dll handle: 0000000076860000 size: 1161216 crc: EC2F4AD5 date: 2012-11-30 05:41:07
 C:\Windows\system32\KERNELBASE.dll handle: 000007FEFD470000 size: 424448 crc: 2907A4D9 date: 2012-11-30 05:41:07
 C:\Windows\system32\WINMM.dll handle: 000007FEFA530000 size: 217600 crc: 7BC1529F date: 2009-07-14 01:41:56
 C:\Windows\system32\msvcrt.dll handle: 000007FEFE700000 size: 634880 crc: 9D1B448A date: 2011-12-16 08:46:06
 C:\Windows\system32\USER32.dll handle: 0000000076E40000 size: 1008128 crc: 70FF7D7F date: 2010-11-21 03:24:09
 C:\Windows\system32\GDI32.dll handle: 000007FEFE500000 size: 403968 crc: 3D5BC405 date: 2010-11-21 03:24:03
 C:\Windows\system32\LPK.dll handle: 000007FEFF240000 size: 41984 crc: 350AF03B date: 2009-07-14 01:41:19
 C:\Windows\system32\USP10.dll handle: 000007FEFE630000 size: 800768 crc: ED52987B date: 2012-11-22 05:44:23
 C:\Windows\system32\WS2_32.dll handle: 000007FEFEBD0000 size: 297984 crc: 0F68689B date: 2010-11-21 03:24:28
 C:\Windows\system32\RPCRT4.dll handle: 000007FEFEC20000 size: 1219584 crc: 5217F07C date: 2010-11-21 03:24:02
 C:\Windows\system32\NSI.dll handle: 000007FEFE620000 size: 13824 crc: 53B46F6C date: 2009-07-14 01:41:53
 C:\Windows\system32\ADVAPI32.dll handle: 000007FEFE9E0000 size: 877056 crc: FA615A20 date: 2009-07-14 01:40:01
 C:\Windows\SYSTEM32\sechost.dll handle: 000007FEFE8A0000 size: 113664 crc: 978CFAE5 date: 2009-07-14 01:41:53
 C:\Windows\system32\SHELL32.dll handle: 000007FEFD770000 size: 14172672 crc: 80527F5B date: 2012-06-09 05:43:10
 C:\Windows\system32\SHLWAPI.dll handle: 000007FEFE8C0000 size: 448512 crc: 086DF743 date: 2010-11-21 03:24:22
 C:\Windows\system32\IMM32.DLL handle: 000007FEFE570000 size: 167424 crc: 41B2805A date: 2009-07-14 01:41:09
 C:\Windows\system32\MSCTF.dll handle: 000007FEFEAC0000 size: 1067008 crc: 798DDDA0 date: 2009-07-14 01:41:28
 C:\Windows\system32\SHFolder.dll handle: 000007FEF67D0000 size: 10240 crc: 08A48DE3 date: 2009-07-14 01:41:54
 C:\Windows\system32\ole32.dll handle: 000007FEFEE50000 size: 2086912 crc: 72F91CD0 date: 2010-11-21 03:23:48
 C:\Windows\system32\uxtheme.dll handle: 000007FEFB9B0000 size: 332288 crc: B0A13DF9 date: 2009-07-14 01:41:56
 C:\Windows\system32\dwmapi.dll handle: 000007FEFB5D0000 size: 82432 crc: A459F360 date: 2009-07-14 01:40:34
 C:\Windows\system32\CRYPTBASE.dll handle: 000007FEFD290000 size: 44032 crc: F547C16E date: 2009-07-14 01:40:24
 C:\Windows\system32\mswsock.dll handle: 000007FEFCBD0000 size: 326144 crc: 136B1525 date: 2010-11-21 03:24:00
 C:\Windows\System32\wshtcpip.dll handle: 000007FEFC5B0000 size: 13312 crc: 5D1E2C55 date: 2009-07-14 01:41:58
 C:\Windows\system32\MMDevAPI.DLL handle: 000007FEFBBF0000 size: 284160 crc: CDF2EF81 date: 2009-07-14 01:41:26
 C:\Windows\system32\PROPSYS.dll handle: 000007FEFBAA0000 size: 1212416 crc: B83FA3BE date: 2010-11-21 03:23:55
 C:\Windows\system32\OLEAUT32.dll handle: 000007FEFED50000 size: 861696 crc: 1F331414 date: 2011-08-27 05:37:49
 C:\Windows\system32\wdmaud.drv handle: 000007FEF4630000 size: 217088 crc: 12829973 date: 2010-11-21 03:24:32
 C:\Windows\system32\ksuser.dll handle: 00000000701F0000 size: 5120 crc: AA2071D9 date: 2009-07-14 01:41:13
 C:\Windows\system32\AVRT.dll handle: 000007FEFBA90000 size: 18432 crc: 5CE53CB7 date: 2009-07-14 01:40:05
 C:\Windows\system32\SETUPAPI.dll handle: 000007FEFF060000 size: 1900544 crc: A364BD6A date: 2010-11-21 03:24:28
 C:\Windows\system32\CFGMGR32.dll handle: 000007FEFD520000 size: 207872 crc: 1984C339 date: 2010-11-21 03:24:00
 C:\Windows\system32\DEVOBJ.dll handle: 000007FEFD450000 size: 93184 crc: A7541AE2 date: 2009-07-14 01:40:28
 C:\Windows\system32\AUDIOSES.DLL handle: 000007FEF4950000 size: 296448 crc: 90389554 date: 2010-11-21 03:24:32
 C:\Windows\system32\msacm32.drv handle: 000007FEF4620000 size: 25600 crc: 2B579A05 date: 2009-07-14 01:38:50
 C:\Windows\system32\MSACM32.dll handle: 000007FEF4A40000 size: 83456 crc: 3D67538B date: 2009-07-14 01:41:27
 C:\Windows\system32\midimap.dll handle: 000007FEF4610000 size: 20480 crc: CB902A13 date: 2009-07-14 01:41:23
 C:\Windows\system32\CLBCatQ.DLL handle: 000007FEFE800000 size: 607744 crc: 939E35C9 date: 2009-07-14 01:40:15
 C:\Windows\system32\psapi.dll handle: 0000000077110000 size: 9216 crc: 84B5E9BA date: 2009-07-14 01:41:53

---- gamelog start ----
Tick 0: new game started
     Revision text changed to r25071, savegame version 181, not modified, _openttd_newgrf_version = 0x140061ef
     New game mode: 1 landscape: 0
     Added NewGRF: GRF ID 46429001, checksum 96715B253307A55DA94B02E43C792602, filename: ottdc_grfpack\1_other\separators\stations.grf (md5sum matches)
     Added NewGRF: GRF ID 45520102, checksum 1406B06F6475037445A944963CA6D5CE, filename: ottdc_grfpack\7_stations\basic_platforms\basic_platformsw.grf (md5sum matches)
     Added NewGRF: GRF ID 45520400, checksum 1D00426064137AA49B6FC4F4BCFF173F, filename: ottdc_grfpack\7_stations\brickfreight\brickfreightw.GRF (md5sum matches)
     Added NewGRF: GRF ID 43415463, checksum 422B1603DC1CEDA4E59E715E12EAD332, filename: ottdc_grfpack\7_stations\canstn\canstnw.grf (md5sum matches)
     Added NewGRF: GRF ID 52455400, checksum 1600687C50C5AB1E72EDD487CAD50E2A, filename: coded_by_aegir._artwork_by_aegir-1\ae_cityw.grf (md5sum matches)
     Added NewGRF: GRF ID 54570604, checksum 09E2627CACBE087959BCD2B86A07DB4E, filename: ottdc_grfpack\z_obsolete\harbour\harbourw_456.grf (md5sum matches)
     Added NewGRF: GRF ID 58534453, checksum 2E100BCA91DB8371CD9D57DBEC3AB0C8, filename: ottdc_grfpack\7_stations\dutchstat\dutchstatw.grf (md5sum matches)
     Added NewGRF: GRF ID 44578619, checksum B30A5E35634A59D2BDD9C2389CEDBF2C, filename: dwestationtiles__fences-v1.2\fences.grf (md5sum matches)
     Added NewGRF: GRF ID 504E0002, checksum 6E6944E09CE6C3AC130DF72C542EE4B1, filename: generic_buffers.0.1\buffers.grf (md5sum matches)
     Added NewGRF: GRF ID 4A430002, checksum 0728ADCB4DF2F1EB9247ABD449296F4E, filename: industrial_stations_renewal.0.8.0\indstatrw.grf (md5sum matches)
     Added NewGRF: GRF ID 45530500, checksum FA231F55E8CC472EA98271F7C2AA9EFF, filename: japanese_stations-2.0a\jpstationsw.grf (md5sum matches)
     Added NewGRF: GRF ID 45520004, checksum FAE5D547D28D5EA8CF3148F84CEF2D8E, filename: ottdc_grfpack\z_obsolete\pgs\pgs-counw.grf (md5sum matches)
     Added NewGRF: GRF ID 45520002, checksum 91BE852679BF24F3E1FB2D51D60083A3, filename: ottdc_grfpack\z_obsolete\pgs\pgs-freiw.grf (md5sum matches)
     Added NewGRF: GRF ID 45520003, checksum 0E5A15E514FDDC1C20721912BE8F6CF1, filename: ottdc_grfpack\z_obsolete\pgs\pgs-silvw.grf (md5sum matches)
     Added NewGRF: GRF ID 45520001, checksum 4F6DAB25CE0EA99584803A4C3AE77143, filename: ottdc_grfpack\z_obsolete\pgs\pgs-subuw.grf (md5sum matches)
     Added NewGRF: GRF ID 45520600, checksum 346457CB4632554B6A175785236883E4, filename: ottdc_grfpack\z_obsolete\platforms\platformsw.GRF (md5sum matches)
     Added NewGRF: GRF ID 52455200, checksum 0E5A9C5ACD2BCAF7FA0658C3F905A660, filename: rural_stations-1\ae_ruraw.grf (md5sum matches)
     Added NewGRF: GRF ID 444E0400, checksum 735D3D74D5DCADBF1FD6EF7A9C5A3519, filename: vast_station_tiles-0.2.0\vast.grf (md5sum matches)
     Added NewGRF: GRF ID 46429005, checksum A356711BD741FB811600BFD01470379E, filename: ottdc_grfpack\1_other\separators\town-buildings.grf (md5sum matches)
     Added NewGRF: GRF ID 43414361, checksum 4FF21D837F0C19EF91DB383B62FB3151, filename: ottdc_grfpack\6_town_buildings\nacity\NACityw.grf (md5sum matches)
     Added NewGRF: GRF ID 41533031, checksum 911AC4448EE52CFDF171FA358404DD23, filename: swedish_houses-1.1\swehouses.grf (md5sum matches)
     Added NewGRF: GRF ID 46429003, checksum 28996AB1BCB293EF81D43E1A2E8E29F4, filename: ottdc_grfpack\1_other\separators\vehicles.grf (md5sum matches)
     Added NewGRF: GRF ID 44440A01, checksum EFEE1435093730D3DA55BDF69653CADC, filename: av8_aviators_aircraft_set-1.7\pb_av8w.grf (md5sum matches)
     Added NewGRF: GRF ID 52571201, checksum C1C7D8C53EB7E74EEE2F0EF29638B466, filename: egrvts.1.0\egrvts.grf (md5sum matches)
     Added NewGRF: GRF ID 41501202, checksum 341646D3E73F9368E856A80856EC89B0, filename: heqs_heavy_equipment_set-1.0\heqs.grf (md5sum matches)
     Added NewGRF: GRF ID 6D620004, checksum 70649F1AFC954942173B0AA89C1E8B14, filename: ottdc_grfpack\8_vehicles\ships\newships\newshipsw.grf (md5sum matches)
     Added NewGRF: GRF ID 554B5400, checksum 807D388BF686B56934FB3D9C26C4EB71, filename: ottdc_grfpack\8_vehicles\trams\ukts\ukts_r1.grf (md5sum matches)
     Added NewGRF: GRF ID 48410101, checksum 5DB5F4325BFBE2C8AF45E718DCEA7517, filename: nuts_unrealistic_train_set-0.4.8\nuts.grf (md5sum matches)
     Added NewGRF: GRF ID 46429002, checksum 8FB0984C37C6EEBFEE21C84C2EC8869C, filename: ottdc_grfpack\1_other\separators\infrstructure.grf (md5sum matches)
     Added NewGRF: GRF ID 19060801, checksum 6CFC6328D999C140851BFE6514BA277A, filename: bigger_depots.0.3\bigdepot.grf (md5sum matches)
     Added NewGRF: GRF ID 424B5462, checksum 83FE5AA7CAFF0A307B44B297F2A259D6, filename: bk_enhanced_tunnel_set-1.0\bktunw.grf (md5sum matches)
     Added NewGRF: GRF ID 43415000, checksum B4BBADD1C9BEC03DC8D584E118079BE6, filename: climate_dependant_airports-0.1.0\airportsplus.grf (md5sum matches)
     Added NewGRF: GRF ID 58534602, checksum 181DF5910D8F6B29E3D2940DEDE43042, filename: ottdc_grfpack\4_infrastructure\found\found.grf (md5sum matches)
     Added NewGRF: GRF ID 43415261, checksum 808FD3F3D2863F86DD18B18AA6C4E990, filename: ottdc_grfpack\4_infrastructure\naroads\NARoadsw.grf (md5sum matches)
     Added NewGRF: GRF ID 46429006, checksum BE358E05F2AE2D1DFE8E85ED45495BF1, filename: ottdc_grfpack\1_other\separators\landscape.grf (md5sum matches)
     Added NewGRF: GRF ID 4D666F01, checksum 1C3723AAE56C6648B61BC211EA344835, filename: ottdc_grfpack\2_landscape\stolentrees\testw.grf (md5sum matches)
     Added NewGRF: GRF ID 46429004, checksum 2AA504F45E3F67753A0F07EBB2417A67, filename: ottdc_grfpack\1_other\separators\newindustries.grf (md5sum matches)
     Added NewGRF: GRF ID 4F472B33, checksum D5B21A6C2FE39F15E385785DEF1E6A50, filename: opengfx_industries-0.3.4\ogfx-industries.grf (md5sum matches)
Tick 1280: game loaded
     Revision text changed to r25130, savegame version 181, not modified, _openttd_newgrf_version = 0x1400622a
Tick 1663: game loaded
     Revision text changed to r25130, savegame version 181, modified, _openttd_newgrf_version = 0x1400622a
Tick 9796: game loaded
     Revision text changed to r25130, savegame version 181, not modified, _openttd_newgrf_version = 0x1400622a
Tick 10205: settings changed
     Setting changed: construction.max_bridge_length : 8 -> 2048
Tick 10292: game loaded
     Revision text changed to r25130, savegame version 181, modified, _openttd_newgrf_version = 0x1400622a
Tick 64080: game loaded
     Revision text changed to r25137, savegame version 181, modified, _openttd_newgrf_version = 0x14006231
Tick 28188: game loaded
     Revision text changed to r25137, savegame version 181, not modified, _openttd_newgrf_version = 0x14006231
---- gamelog end ----

*** End of OpenTTD Crash Report ***

Decoded stack trace:
[00] KERNELBASE           0x000007FEFD479E5D RaiseException + 61
[01] openttd              0x000000013FDDAABD
[02] openttd              0x000000013FDD9E74
[03] openttd              0x000000013FA799C3
[04] openttd              0x000000013FA80A67
[05] openttd              0x000000013FA8119B
[06] openttd              0x000000013FB94496
[07] openttd              0x000000013FB8A132
[08] openttd              0x000000013FA381AF
[09] openttd              0x000000013FA37C11
[10] openttd              0x000000013FB10870
[11] openttd              0x000000013FAAF4E7
[12] openttd              0x000000013FAB8F2D
[13] openttd              0x000000013FAB94C7
[14] openttd              0x000000013FCDE23A
[15] USER32               0x0000000076E59BD1 TranslateMessageEx + 673
[16] USER32               0x0000000076E598DA TranslateMessage + 490
[17] openttd              0x000000013FCDEA40
[18] openttd              0x000000013FA7BAB4
[19] openttd              0x000000013FCE11AA
[20] openttd              0x000000013FDDC7BC
[21] kernel32             0x000000007687652D BaseThreadInitThunk + 13
[22] ntdll                0x0000000076F6C521 RtlUserThreadStart + 33

*** End of additional info ***
