*** OpenTTD Crash Report ***
Date: 2008-02-15 16:41:02
Build: 0.6.0-beta3 built on Jan 15 2008 22:01:30
Reason: Assertion failed at d:\developpement\ottd\0.6.0-beta3\src\tile_map.h:126: !IsTileType(tile, MP_INDUSTRY)
Exception C0000005 at 0046242E
Registers:
 EAX: 010F7628 EBX: 00574004 ECX: 0012F5F0 EDX: 010F7691
 ESI: 0000BE42 EDI: 0053DDC0 EBP: 0012F864 ESP: 0012F808
 EIP: 0046242E EFLAGS: 00210202

Bytes at CS:EIP:
 C6 05 00 00 00 00 00 A1 DC 69 68 00 0F B6 44 F0 01 5F 5E 5B C3 55 8B EC

Stack trace: 
 0000BE42 0000BE42 0012F898 00478BCA 0012F8F8 0000BE42 00478B72 00000002
 00000000 0000BE42 00000002 00000010 00000004 00CA0748 00000000 FFFFFFB9
 FFFFFFFF 0001FFFF 00000215 00000000 00000000 00000000 0012F8A8 0012F8AC
 00405276 0000000A 00000000 00000001 00000100 0012FFFF 00000000 00478B72
 000000FF 00000000 00000000 7C9106EB 000000FF 00000000 00000000 FF00FFFF
 0000000A 0012F91C 00479112 0000BE42 00000000 00000001 0000000A 00000003
 0000000A 0012F980 00000420 01000084 00000001 00000000 00000001 00000003
 00000000 00000000 00000000 7E01FFFF 000000FF 00000000 00000000 0000FFFF
 00270334 00000084 004CF188 0216035C 0012F9F4 0012F9A4 00479246 0012F980
 0000BE42 0000000A 0000C142 0000B942 00405655 0000000A 0000C142 00000010
 0000B942 0012F9FC 0000C142 0012F998 004CF188 00000B90 00000420 0047922B
 00001011 00000000 0012F984 00000000 00000000 0001FFFF 00000000 00000014
 00000001 00000000 00000000 00000010 00000000 006604E4 004527FE 0012F9EC
 0045E00A 0000B942 0000C142 00000010 00000000 10110401 00000001 0045E2E1
 00000001 0066067C 00000000 006605B0 0012F9E8 006603A0 0012FA04 00000202
 0043FA93 0012FA18 0043FB53 00000000 00000202 00000015 00000428 00000C1B
 0000C142 0000B942 00000001 0000000A 0012FA54 00445486 00000000 00000202
 00000000 0041B51C 00000000 00000000 00000000 00000000 0012FAEC 7C90EAE3
 0012FA50 00000018 0095B638 00000000 004457AD 00000000 00000000 00000000
 00000202 0012FAEC 00000000 004CF5D7 0012FB54 004CF188 00000000 00000000
 00000102 0012FAD0 74730E6C 000D0337 00000000 00000001 74730E71 00000000
 7FFDF000 00000102 01050000 000D0337 0012FAA4 747309A9 0012FB18 7475E548
 74730E78 FFFFFFFF 74730E71 7E41F84A 00000000 00000001 0012FB6C 00000000
 0012FC20 0012FB18 7E418734 00270334 00000202 00000000 0203035C 004CF188

Module information:
 C:\Games\OpenTTD\openttd.exe handle: 00400000 size: 1782272 crc: 6969C673 date: 2008-01-15 21:06:22
 C:\WINDOWS\system32\ntdll.dll handle: 7C900000 size: 708096 crc: A5A50370 date: 2004-08-04 04:56:38
 C:\WINDOWS\system32\kernel32.dll handle: 7C800000 size: 986112 crc: 04D58B93 date: 2007-04-16 16:07:27
 C:\WINDOWS\system32\WINMM.dll handle: 76B40000 size: 176128 crc: 123646FA date: 2004-08-04 04:56:48
 C:\WINDOWS\system32\USER32.dll handle: 7E410000 size: 577536 crc: DF3237C6 date: 2007-03-08 15:36:28
 C:\WINDOWS\system32\GDI32.dll handle: 77F10000 size: 282112 crc: F0029774 date: 2007-06-19 13:31:19
 C:\WINDOWS\system32\ADVAPI32.dll handle: 77DD0000 size: 616960 crc: 5E7A2F0A date: 2004-08-04 04:56:42
 C:\WINDOWS\system32\RPCRT4.dll handle: 77E70000 size: 582656 crc: 33676481 date: 2007-07-09 13:16:16
 C:\WINDOWS\system32\WS2_32.dll handle: 71AB0000 size: 82944 crc: 9738CC56 date: 2004-08-04 04:56:48
 C:\WINDOWS\system32\msvcrt.dll handle: 77C10000 size: 343040 crc: 5298C0C5 date: 2004-08-04 04:56:44
 C:\WINDOWS\system32\WS2HELP.dll handle: 71AA0000 size: 19968 crc: F5DD5AB6 date: 2004-08-04 04:56:48
 C:\WINDOWS\system32\IMM32.DLL handle: 76390000 size: 110080 crc: FD65A0DD date: 2004-08-04 04:56:44
 C:\WINDOWS\system32\LPK.DLL handle: 629C0000 size: 22016 crc: 3AC484CC date: 2004-08-04 04:56:44
 C:\WINDOWS\system32\USP10.dll handle: 74D90000 size: 406528 crc: 826D7E56 date: 2004-08-04 04:56:48
 C:\Program Files\Spyware Doctor\tools\swpg.dat handle: 5A000000 size: 101448 crc: ACC2AA87 date: 2007-03-10 15:04:29
 C:\WINDOWS\system32\oleaut32.dll handle: 77120000 size: 550912 crc: 18657280 date: 2007-12-04 18:38:13
 C:\WINDOWS\system32\ole32.dll handle: 774E0000 size: 1286144 crc: 42369D2E date: 2006-02-14 06:18:09
 C:\WINDOWS\system32\PSAPI.DLL handle: 76BF0000 size: 23040 crc: 97A44A88 date: 2004-08-04 04:56:46
 C:\PROGRA~1\SPYWAR~1\Tools\eg.dat handle: 5A800000 size: 85216 crc: D61B83E7 date: 2006-03-01 06:34:56
 C:\PROGRA~1\SPYWAR~1\Tools\klg.dat handle: 00ED0000 size: 88680 crc: 662F0364 date: 2006-08-28 15:47:12
 C:\WINDOWS\system32\SHFolder.dll handle: 76780000 size: 25088 crc: 2EC7582B date: 2004-08-04 04:56:46
 C:\WINDOWS\system32\SHLWAPI.dll handle: 77F60000 size: 474112 crc: 521D0CB3 date: 2006-09-23 11:12:50
 C:\WINDOWS\WinSxS\x86_Microsoft.Windows.Common-Controls_6595b64144ccf1df_6.0.2600.2982_x-ww_ac3f9c03\comctl32.dll handle: 773D0000 size: 1054208 crc: 58D6578C date: 2006-08-25 15:45:55
 C:\WINDOWS\system32\comctl32.dll handle: 5D090000 size: 617472 crc: 232F6674 date: 2006-08-25 15:45:58
 C:\WINDOWS\system32\WINTRUST.dll handle: 76C30000 size: 176640 crc: 88D208BD date: 2004-08-04 04:56:48
 C:\WINDOWS\system32\CRYPT32.dll handle: 77A80000 size: 597504 crc: 971ECFAA date: 2004-08-04 04:56:42
 C:\WINDOWS\system32\MSASN1.dll handle: 77B20000 size: 57344 crc: D5127637 date: 2004-08-04 04:56:44
 C:\WINDOWS\system32\IMAGEHLP.dll handle: 76C90000 size: 144384 crc: 714A70BC date: 2004-08-04 04:56:44
 C:\WINDOWS\system32\wdmaud.drv handle: 72D20000 size: 23552 crc: 982E84EE date: 2004-08-03 22:56:58
 C:\WINDOWS\system32\msacm32.drv handle: 72D10000 size: 20480 crc: D5406BAE date: 2004-08-07 00:17:13
 C:\WINDOWS\system32\MSACM32.dll handle: 77BE0000 size: 71680 crc: 6A21891E date: 2004-08-04 04:56:44
 C:\WINDOWS\system32\midimap.dll handle: 77BD0000 size: 18944 crc: 502B5282 date: 2004-08-04 04:56:44
 C:\WINDOWS\system32\MSCTF.dll handle: 74720000 size: 294400 crc: BBD2E653 date: 2004-08-04 04:56:44
 C:\WINDOWS\system32\CLBCATQ.DLL handle: 76FD0000 size: 498688 crc: 5AB7528A date: 2006-02-14 06:18:05
 C:\WINDOWS\system32\COMRes.dll handle: 77050000 size: 792064 crc: 5A12B4A2 date: 2004-08-04 04:56:42
 C:\WINDOWS\system32\VERSION.dll handle: 77C00000 size: 18944 crc: CFE439BB date: 2004-08-04 04:56:48
 C:\WINDOWS\system32\dmime.dll handle: 5C570000 size: 181248 crc: F18E50F8 date: 2004-08-04 04:56:44
 C:\WINDOWS\system32\DSOUND.dll handle: 73F10000 size: 367616 crc: F0EFB582 date: 2004-08-04 04:56:44
 C:\WINDOWS\system32\dmusic.dll handle: 6C980000 size: 104448 crc: 0C1C73CE date: 2004-08-04 04:56:44
 C:\WINDOWS\system32\KsUser.dll handle: 73EE0000 size: 4096 crc: 519CF22C date: 2004-08-03 22:56:44
 C:\WINDOWS\system32\dmsynth.dll handle: 6C9A0000 size: 103424 crc: ECEFF055 date: 2004-08-04 04:56:44
 C:\WINDOWS\system32\dmloader.dll handle: 6CA10000 size: 35840 crc: CCCBFD58 date: 2004-08-04 04:56:44
 C:\WINDOWS\system32\msctfime.ime handle: 755C0000 size: 177152 crc: 6A712F98 date: 2004-08-04 04:56:14
 C:\WINDOWS\system32\mswsock.dll handle: 71A50000 size: 245248 crc: E2309390 date: 2004-08-04 04:56:46
 C:\WINDOWS\system32\hnetcfg.dll handle: 662B0000 size: 344064 crc: 6CF15ACF date: 2004-08-04 04:56:44
 C:\WINDOWS\System32\wshtcpip.dll handle: 71A90000 size: 19968 crc: B88CC0E5 date: 2004-08-04 04:56:48
 C:\WINDOWS\system32\mslbui.dll handle: 605D0000 size: 25088 crc: F676E045 date: 2004-08-04 04:56:44
 C:\WINDOWS\system32\dmstyle.dll handle: 6C9C0000 size: 105984 crc: 41F12E87 date: 2004-08-04 04:56:44
 C:\WINDOWS\system32\dmband.dll handle: 6CBC0000 size: 28672 crc: 7CAFFAE0 date: 2004-08-04 04:56:44

System information:
 Windows version 5.1 2600 S
