*** OpenTTD Crash Report ***

Crash at: Thu Dec 22 01:31:50 2011
In game date: 1910-01-01 (0)

Crash reason:
 Signal:  Abort trap (6)
 Message: Assertion failed at line 697 of /roba/ottd2011_00/src/command.cpp: res.GetCost() == res2.GetCost() && res.Failed() == res2.Failed()

OpenTTD version:
 Version:    r23586 (0)
 NewGRF ver: 12005c22
 Bits:       32
 Endian:     little
 Dedicated:  no
 Build date: Dec 17 2011 22:48:55


Stacktrace:
 [00] openttd              0x0011f7e5 (CrashLog::FillCrashLog(char*, char const*) const + 277)

Operating system:
 Name:     Mac OS X
 Release:  10.6.8
 Machine:  Intel 80486
 Min Ver:  1040
 Compiler: GCC 4.2.1 "4.2.1 (Apple Inc. build 5666) (dot 3)"

Configuration:
 Blitter:      32bpp-anim
 Graphics set: original_windows (0)
 Language:     /Roba/ottd2011_00/bundle/OpenTTD.app/Contents/Resources/lang/english_US.lng
 Music driver: cocoa
 Music set:    original_windows (1)
 Network:      no
 Sound driver: cocoa
 Sound set:    original_windows (0)
 Video driver: cocoa

AI Configuration (local: 0):
  0: Human

Libraries:
 FreeType:   2.4.4
 ICU:        4.6.1
 LZMA:       5.0.3
 LZO:        2.06
 PNG:        1.4.8
 Zlib:       1.2.5

---- gamelog start ----
Tick 0: new game started
     Revision text changed to r23586, savegame version 167, not modified, _openttd_newgrf_version = 0x12005c22
     New game mode: 1 landscape: 0
     Added NewGRF: GRF ID 4A430101, checksum 4B07A5C17D4E80CBA60E771C356B197A, filename: fsetw_j.grf (md5sum matches)
     Added NewGRF: GRF ID 4D656F91, checksum A5512DE4EED097D897A87D4A9CC9C764, filename: ECSTown.grf (md5sum matches)
     Added NewGRF: GRF ID 4D656F97, checksum D84C76ED368AFD57F623BCC1AA36705A, filename: ECSAgri.grf (md5sum matches)
     Added NewGRF: GRF ID 4D656F9F, checksum F2BF9B661E3B9E3BCFEC3895246C8C95, filename: ECSBas2.grf (md5sum matches)
     Added NewGRF: GRF ID 4D656F9C, checksum 7CA5F61FCFC3845B5A12BBD9057959EA, filename: ECSChem2.grf (md5sum matches)
     Added NewGRF: GRF ID 4D656F9D, checksum C21F31F6A5E688C9B0CBBF42E78EC60D, filename: ECSHouse.grf (md5sum matches)
     Added NewGRF: GRF ID 4D656F94, checksum A9F0F2850A2ADD86E9BF5771D424F5A0, filename: ECSMach.grf (md5sum matches)
     Added NewGRF: GRF ID 4D656F95, checksum 6078DDD5590610124754D7A15E2336C6, filename: ECSWood.grf (md5sum matches)
     Added NewGRF: GRF ID 74677462, checksum A2396FFDCC0F1BA37A2A89EF525CDF21, filename: total_bridges.grf (md5sum matches)
     Added NewGRF: GRF ID 6D620900, checksum 923A716E2E8F22D61659B94C003C7CD5, filename: riversw.grf (md5sum matches)
     Added NewGRF: GRF ID 4A430201, checksum 6FA3A756714267B10A1833997E18B5C0, filename: ng_frails.grf (md5sum matches)
---- gamelog end ----

*** End of OpenTTD Crash Report ***
