*** OpenTTD Crash Report ***

Crash at: Fri Apr 04 16:02:35 2014
In game date: 2051-01-01 (32)

Crash reason:
 Exception: C0000005
 Location:  000000013FF322B1
 Message:   <none>

OpenTTD version:
 Version:    1.4.0 (0)
 NewGRF ver: 14086748
 Bits:       64
 Endian:     little
 Dedicated:  no
 Build date: Apr  1 2014 18:51:21

Registers:
 RAX: 0000000000000000 RBX: 000000000528FFB0 RCX: 0000000000000004 RDX: 0000000000000010
 RSI: 000000000000000D RDI: 0000000000000000 RBP: 00000000002EE650 RSP: 00000000002EE550
 R8:  0000000000000000 R9:  0000000000000004 R10: 0000000000000000 R11: 000000000000FFFF
 R12: 0000000000000037 R13: 0000000000000971 R14: 000000000000096E R15: 000000000D758100
 RIP: 000000013FF322B1 EFLAGS: 00010212

 Bytes at instruction pointer:
 85 50 68 0F 85 B7 01 00 00 09 50 68 48 8B C8 E8 1F 4E 1A 00 48 8B 0D 74

Stack trace:
 00000141 00000000 773A62F6 00000000 00000768 00000018 0E4FA970 00000000
 FFFF0000 00000021 00000001 00000000 05267CF0 00000000 00000369 00000017
 0D9F65E0 00000000 01EA4378 00000000 0000FFF0 00000000 01DA0080 00000000
 00000003 00000000 01DA0080 00000000 01DA67A0 00000000 01DA027C 00000000
 00000000 00000000 00000992 00000000 00000001 00000000 0D9C3301 00000000
 0D8294B0 00000000 002EE8A0 00000000 00000000 00000000 00000992 00000000
 00000001 00000000 0D9C3301 00000000 0D8294B0 00000000 002EE8A0 00000000
 00000000 00000000 400DA3FB 00000001 01EA0000 00000000 400DA3FB 00000001
 0D8294B0 00000000 002EE8A0 00000000 00000000 00000000 400DA3FB 00000001
 00000000 00000000 00000001 00000000 00000012 00000000 400DA3FB 00000001
 0D758100 00000000 400DA655 00000001 00000019 00000000 0528FFB0 00000000
 0528FFB0 00000000 400DA655 00000001 00000100 00000000 00000036 00000000
 00000014 00000000 00000000 00000000 FFFFFFFE FFFFFFFF 00000036 00000000
 40AA44F8 00000001 40AA4BD8 00000001 002EE6F0 00000000 00000036 00000014
 00000000 00000000 00000000 00000000 00000000 00000000 00000000 00000000
 00000000 00000000 40AA44C0 00000001 002EE6F0 00000000 0528FFB0 00000000
 00000037 00000000 40AA44C0 00000001 002EE6F0 00000000 0528FFB0 00000000
 00000037 00000000 40AA44C0 00000001 002EE6F0 00000000 0528FFB0 00000000
 00000037 00000000 40AA4400 00000001 002EE710 00000000 3FEDA93F 00000001
 00000037 00000000 05291D00 00000000 00000089 00000000 400DA69A 00000001
 0D758100 00000000 00000000 00000000 00000000 00000000 00000001 00000000
 0D758100 00000000 40006F08 00000001 0528FFB0 00000000 0000000D 00000000
 0528FFB0 00000000 00000150 00000000 05291D01 00000000 00000000 00000000
 00000000 00000000 00000002 00000000 00000001 00000000 0D9C3301 00000000

Operating system:
 Name:     Windows
 Release:  6.1.7601 (Service Pack 1)
 Compiler: MSVC 1600

Configuration:
 Blitter:      8bpp-optimized
 Graphics set: original_dos (1)
 Language:     C:\Games\OpenTTD\lang\hungarian.lng
 Music driver: win32
 Music set:    Scott Joplin Anthology (2)
 Network:      no
 Sound driver: win32
 Sound set:    original_dos (0)
 Video driver: win32

Fonts:
 Small:  Tahoma
 Medium: Tahoma
 Large:  Tahoma
 Mono:   sprite

AI Configuration (local: 0):
  0: Human
  1: Human
  2: Human
  3: Human

Libraries:
 FreeType:   2.4.11
 ICU:        51.2
 LZMA:       5.0.4
 LZO:        2.06
 PNG:        1.5.14
 Zlib:       1.2.7

Module information:
 C:\Games\OpenTTD\openttd.exe handle: 000000013FEC0000 size: 13378560 crc: 4EF42F0F date: 2014-04-01 18:55:52
 C:\Windows\SYSTEM32\ntdll.dll handle: 0000000077380000 size: 1732032 crc: 5BF564D3 date: 2013-08-29 02:16:35
 C:\Windows\system32\kernel32.dll handle: 0000000077160000 size: 1161216 crc: ED45D5AA date: 2013-08-02 02:13:34
 C:\Windows\system32\KERNELBASE.dll handle: 000007FEFD2F0000 size: 424448 crc: 816D1584 date: 2013-08-02 02:13:34
 C:\Windows\system32\WINMM.dll handle: 000007FEF7BA0000 size: 217600 crc: 7BC1529F date: 2009-07-14 01:41:56
 C:\Windows\system32\msvcrt.dll handle: 000007FEFDF40000 size: 634880 crc: 9D1B448A date: 2011-12-16 08:46:06
 C:\Windows\system32\USER32.dll handle: 0000000077280000 size: 1008128 crc: 70FF7D7F date: 2010-11-21 03:24:34
 C:\Windows\system32\GDI32.dll handle: 000007FEFF610000 size: 404480 crc: DCBD7E30 date: 2013-10-03 02:23:48
 C:\Windows\system32\LPK.dll handle: 000007FEFE0F0000 size: 41472 crc: EE04F660 date: 2013-06-06 05:50:51
 C:\Windows\system32\USP10.dll handle: 000007FEFE370000 size: 800768 crc: ED52987B date: 2012-11-22 05:44:23
 C:\Windows\system32\WS2_32.dll handle: 000007FEFDCB0000 size: 297984 crc: 0F68689B date: 2010-11-21 03:24:50
 C:\Windows\system32\RPCRT4.dll handle: 000007FEFD960000 size: 1217024 crc: 91581142 date: 2013-07-09 05:51:16
 C:\Windows\system32\NSI.dll handle: 000007FEFF680000 size: 13824 crc: 53B46F6C date: 2009-07-14 01:41:53
 C:\Windows\system32\IMM32.dll handle: 000007FEFF330000 size: 167424 crc: 41B2805A date: 2009-07-14 01:41:09
 C:\Windows\system32\MSCTF.dll handle: 000007FEFDFE0000 size: 1067008 crc: 798DDDA0 date: 2009-07-14 01:41:28
 C:\Windows\system32\ADVAPI32.dll handle: 000007FEFDBD0000 size: 878080 crc: D0A62838 date: 2013-08-29 02:13:28
 C:\Windows\SYSTEM32\sechost.dll handle: 000007FEFD6E0000 size: 113664 crc: 978CFAE5 date: 2009-07-14 01:41:53
 C:\Windows\system32\SHELL32.dll handle: 000007FEFE440000 size: 14172672 crc: 1287D1E7 date: 2013-07-26 02:24:57
 C:\Windows\system32\SHLWAPI.dll handle: 000007FEFD580000 size: 448512 crc: 086DF743 date: 2010-11-21 03:24:46
 C:\Windows\system32\ole32.dll handle: 000007FEFE100000 size: 2086912 crc: 72F91CD0 date: 2010-11-21 03:24:16
 C:\Windows\system32\uxtheme.dll handle: 000007FEFB6F0000 size: 332288 crc: B0A13DF9 date: 2009-07-14 01:41:56
 C:\Windows\system32\dwmapi.dll handle: 000007FEFB310000 size: 82432 crc: A459F360 date: 2009-07-14 01:40:34
 C:\Windows\system32\CRYPTBASE.dll handle: 000007FEFD060000 size: 44032 crc: F547C16E date: 2009-07-14 01:40:24
 C:\Windows\system32\CLBCatQ.DLL handle: 000007FEFDB30000 size: 607744 crc: 939E35C9 date: 2009-07-14 01:40:15
 C:\Windows\system32\OLEAUT32.dll handle: 000007FEFD600000 size: 861696 crc: 1F331414 date: 2011-08-27 05:37:49
 C:\Windows\system32\mswsock.dll handle: 000007FEFCA80000 size: 327168 crc: 2C87855E date: 2013-09-08 02:27:14
 C:\Windows\System32\wshtcpip.dll handle: 000007FEFC310000 size: 13312 crc: 5D1E2C55 date: 2009-07-14 01:41:58
 C:\Windows\system32\MMDevAPI.DLL handle: 000007FEFB8D0000 size: 284160 crc: CDF2EF81 date: 2009-07-14 01:41:26
 C:\Windows\system32\PROPSYS.dll handle: 000007FEFB7A0000 size: 1212416 crc: B83FA3BE date: 2010-11-21 03:24:21
 C:\Windows\system32\wdmaud.drv handle: 000007FEF6620000 size: 217088 crc: 12829973 date: 2010-11-21 03:24:59
 C:\Windows\system32\ksuser.dll handle: 0000000074840000 size: 5120 crc: AA2071D9 date: 2009-07-14 01:41:13
 C:\Windows\system32\AVRT.dll handle: 000007FEFB950000 size: 18432 crc: 5CE53CB7 date: 2009-07-14 01:40:05
 C:\Windows\system32\SETUPAPI.dll handle: 000007FEFD780000 size: 1900544 crc: A364BD6A date: 2010-11-21 03:24:50
 C:\Windows\system32\CFGMGR32.dll handle: 000007FEFD520000 size: 207872 crc: 1984C339 date: 2010-11-21 03:24:26
 C:\Windows\system32\DEVOBJ.dll handle: 000007FEFD4E0000 size: 93184 crc: A7541AE2 date: 2009-07-14 01:40:28
 C:\Windows\system32\AUDIOSES.DLL handle: 000007FEFA7A0000 size: 296448 crc: 90389554 date: 2010-11-21 03:24:58
 C:\Windows\system32\msacm32.drv handle: 000007FEFB780000 size: 25600 crc: 2B579A05 date: 2009-07-14 01:38:50
 C:\Windows\system32\MSACM32.dll handle: 000007FEF6600000 size: 83456 crc: 3D67538B date: 2009-07-14 01:41:27
 C:\Windows\system32\midimap.dll handle: 000007FEFB790000 size: 20480 crc: CB902A13 date: 2009-07-14 01:41:23
 C:\Windows\system32\psapi.dll handle: 0000000077550000 size: 9216 crc: 84B5E9BA date: 2009-07-14 01:41:53

---- gamelog start ----
Tick 51094: game loaded
     Conversion from OTTD savegame without gamelog: version 92, 0
     Revision text changed to 1.4.0, savegame version 188, not modified, _openttd_newgrf_version = 0x14086748
     New game mode: 1 landscape: 0
---- gamelog end ----

*** End of OpenTTD Crash Report ***

Decoded stack trace:
[00] openttd              0x000000013FF322B1
[01] openttd              0x0000000140006F08
[02] openttd              0x000000014003A0C4
[03] openttd              0x00000001400210DE
[04] openttd              0x00000001400356BD
[05] openttd              0x00000001400359CC
[06] openttd              0x000000013FF127C5
[07] openttd              0x000000013FF12A1B
[08] openttd              0x000000013FF13896
[09] openttd              0x0000000140110D49
[10] openttd              0x000000013FF12303
[11] openttd              0x00000001401133DF
[12] openttd              0x00000001401FFA24
[13] kernel32             0x000000007717652D BaseThreadInitThunk + 13
[14] ntdll                0x00000000773AC541 RtlUserThreadStart + 33

*** End of additional info ***
