*** OpenTTD Crash Report ***

Crash at: Tue Oct 12 07:10:35 2010
In game date: 1951-11-12 (26)

Crash reason:
 Exception: C0000005
 Location:  004663A0
 Message:   <none>

OpenTTD version:
 Version:    1.0.3 (0)
 NewGRF ver: 10384f2b
 Bits:       32
 Endian:     little
 Dedicated:  no
 Build date: Jul 31 2010 21:21:31

Registers:
 EAX: 00000000 EBX: 00DF2CF8 ECX: 00DF2CF8 EDX: 00000000
 ESI: 0227BD28 EDI: 0000FFFF EBP: 00000000 ESP: 0013FC2C
 EIP: 004663A0 EFLAGS: 00010246

 Bytes at instruction pointer:
 F6 40 44 01 74 0E 83 25 B0 F9 6F 00 00 8B C6 E8 FD EA FF FF 5E 5B C3 56

Stack trace:
 00DF2CF8 00000000 00442823 0000FFFF 00000000 0044388C 0AFAB002 0AFAB012
 00000000 004286F8 00000000 005362D8 0070026C 00000000 0013FD14 00000000
 0013FC58 0AFAB012 0AFAB030 00000000 00000000 000F03E4 00000113 00000001
 005353E6 0AFAB002 000004B3 000000A7 00427784 0013FD2C 0013FE30 00000001
 01000029 00D3ACA0 00000000 00000000 00000000 00000000 FFFFFFFF 00000000
 0000FDE9 00000000 00000000 00000000 00000000 FFFFFFFF 00000000 00000000
 00000000 0013FF30 00000000 00000000 00000000 FFFFFFFF 0013FE34 006947A0
 00000000 00000000 0013FF30 00538053 00000001 0013FE30 FFFFFFFE 00000000
 5C3A4322 676F7250 206D6172 656C6946 704F5C73 54546E65 706F5C44 74746E65
 78652E64 00200065 00C60178 00C67248 0000000D 00C66EC8 00C60178 00C67440
 00C60178 00000004 00C67428 00000000 00C60178 00C60178 00C60178 00C60178
 00C67438 00C60168 00000000 00000000 00C67438 00000020 00C67440 00C66EC0
 00C60178 00000020 00000178 00C60000 0013FBB4 00C60178 0013FE7C 7C90E920
 7C9101E0 FFFFFFFF 7C9101DB 005BC336 00C60000 00000000 00000018 00C671F0
 0013FEEC 0013FEF8 0013FE0C 005BC3CC 00000018 00C67220 00C60168 00000000
 0013FE88 00514C4E 00000018 004F61AE 00C67228 004F6234 00C671F0 00C673F8
 0013FEEC 0013FD2D 0013FC2C 00C67420 00C60168 00000000 00000000 00C67420
 00000018 00C67428 00000000 00C642F8 00000000 0013FEA4 005CA92E 00C60000
 00000000 7C90D80A 7C913416 FFFFFFFF 00000024 0013FE8C 00000004 00000000
 56169D1C 0013FEA0 005C7588 00C642FC 00C642FC 0013FEC0 005BF840 56D0DFE0
 5676E79B 005C5557 006E7560 0013FEF8 005C0BE9 00000008 005BF8BF 005BF8B9
 0013FEFC 005C7644 0000000B 0013FEFC 005C781E 00000000 00000000 0013FF08
 005C782B 0013FF08 005BDB38 00162335 0013FF18 005D6F72 00000000 006D1190
 00C62DF8 00C61E90 00608801 0013FF30 005D6FC5 00000000 00000022 00000000

Operating system:
 Name:     Windows
 Release:  5.1.2600 (Service Pack 3)
 Compiler: MSVC 1500

Configuration:
 Blitter:      8bpp-optimized
 Graphics set: OpenGFX (531)
 Language:     english_US.lng
 Music driver: dmusic
 Music set:    OpenMSX (96)
 Network:      no
 Sound driver: win32
 Sound set:    OpenSFX (87)
 Video driver: win32

AI Configuration (local: 0):
  0: Human
  1: rocketAI (v1)

Libraries:
 FreeType:   2.3.12
 ICU:        4.4.1
 LZO:        2.03
 PNG:        1.4.3
 Zlib:       1.2.5

Module information:
 C:\Program Files\OpenTTD\openttd.exe handle: 00400000 size: 3073024 crc: E3B1BF14 date: 2010-07-31 21:24:28
 C:\WINDOWS\system32\ntdll.dll handle: 7C900000 size: 714752 crc: 56E74C35 date: 2009-02-09 12:10:48
 C:\WINDOWS\system32\kernel32.dll handle: 7C800000 size: 989696 crc: 8A0508E5 date: 2009-03-21 14:06:58
 C:\WINDOWS\system32\WINMM.dll handle: 76B40000 size: 176128 crc: 9676D976 date: 2008-04-14 00:12:09
 C:\WINDOWS\system32\ADVAPI32.dll handle: 77DD0000 size: 617472 crc: C9027432 date: 2009-02-09 12:10:48
 C:\WINDOWS\system32\RPCRT4.dll handle: 77E70000 size: 590848 crc: 60AF833E date: 2010-07-22 15:49:15
 C:\WINDOWS\system32\Secur32.dll handle: 77FE0000 size: 56832 crc: 3D0002B7 date: 2009-06-25 08:25:26
 C:\WINDOWS\system32\GDI32.dll handle: 77F10000 size: 286720 crc: B5F6B116 date: 2008-10-23 12:36:14
 C:\WINDOWS\system32\USER32.dll handle: 7E410000 size: 578560 crc: F7C72264 date: 2008-04-14 00:12:08
 C:\WINDOWS\system32\WS2_32.dll handle: 71AB0000 size: 82432 crc: 7C519ECA date: 2008-04-14 00:12:10
 C:\WINDOWS\system32\msvcrt.dll handle: 77C10000 size: 343040 crc: 0B7B1677 date: 2008-04-14 00:12:01
 C:\WINDOWS\system32\WS2HELP.dll handle: 71AA0000 size: 19968 crc: 3F24E096 date: 2008-04-14 00:12:10
 C:\WINDOWS\system32\SHELL32.dll handle: 7C9C0000 size: 8462336 crc: 73D4EFBD date: 2010-07-27 06:30:35
 C:\WINDOWS\system32\SHLWAPI.dll handle: 77F60000 size: 474112 crc: BDFA6F45 date: 2009-12-08 09:23:28
 C:\WINDOWS\system32\IMM32.DLL handle: 76390000 size: 110080 crc: C1486DA0 date: 2008-04-14 00:11:54
 C:\WINDOWS\system32\LPK.DLL handle: 629C0000 size: 22016 crc: 9689B06F date: 2008-04-14 00:11:56
 C:\WINDOWS\system32\USP10.dll handle: 74D90000 size: 406016 crc: 80584A23 date: 2010-04-16 15:36:56
 C:\WINDOWS\WinSxS\x86_Microsoft.Windows.Common-Controls_6595b64144ccf1df_6.0.2600.5512_x-ww_35d4ce83\comctl32.dll handle: 773D0000 size: 1054208 crc: 06939D35 date: 2008-04-14 00:12:51
 C:\WINDOWS\system32\comctl32.dll handle: 5D090000 size: 617472 crc: 519837A9 date: 2008-04-14 00:11:51
 C:\WINDOWS\system32\SHFolder.dll handle: 76780000 size: 25088 crc: 8009EA65 date: 2008-04-14 00:12:05
 C:\WINDOWS\system32\WINTRUST.dll handle: 76C30000 size: 177664 crc: 10F114B4 date: 2009-12-24 06:59:40
 C:\WINDOWS\system32\CRYPT32.dll handle: 77A80000 size: 599040 crc: F04E4319 date: 2008-04-14 00:11:51
 C:\WINDOWS\system32\MSASN1.dll handle: 77B20000 size: 58880 crc: 63D6A79F date: 2009-09-04 21:03:36
 C:\WINDOWS\system32\IMAGEHLP.dll handle: 76C90000 size: 144384 crc: F7A06429 date: 2008-04-14 00:11:54
 C:\WINDOWS\system32\wdmaud.drv handle: 72D20000 size: 23552 crc: EEB914CA date: 2008-04-14 00:12:45
 C:\WINDOWS\system32\msacm32.drv handle: 72D10000 size: 20480 crc: D5406BAE date: 2004-08-04 12:00:00
 C:\WINDOWS\system32\MSACM32.dll handle: 77BE0000 size: 71680 crc: EDE4B266 date: 2008-04-14 00:11:58
 C:\WINDOWS\system32\midimap.dll handle: 77BD0000 size: 18944 crc: 2E6D5FD1 date: 2008-04-14 00:11:57
 C:\Documents and Settings\All Users\Application Data\Real\RealPlayer\BrowserRecordPlugin\Chrome\Hook\rpchromebrowserrecordhelper.dll handle: 62740000 size: 40960 crc: 91B705F3 date: 2010-08-22 07:52:31
 C:\WINDOWS\system32\MSVCP71.dll handle: 7C3A0000 size: 499712 crc: 5A3B11D4 date: 2003-03-19 03:14:52
 C:\WINDOWS\system32\MSVCR71.dll handle: 7C340000 size: 348160 crc: 35563170 date: 2010-08-22 07:51:00
 C:\WINDOWS\system32\MSCTF.dll handle: 74720000 size: 297984 crc: 392BE0B0 date: 2008-04-14 00:11:58
 C:\WINDOWS\system32\apphelp.dll handle: 77B40000 size: 125952 crc: 30CDC203 date: 2008-04-14 00:11:49
 C:\WINDOWS\system32\msctfime.ime handle: 755C0000 size: 177152 crc: 6D3663FE date: 2008-04-14 00:10:06
 C:\WINDOWS\system32\ole32.dll handle: 774E0000 size: 1287168 crc: 3908D33A date: 2008-04-14 00:12:02
 C:\WINDOWS\system32\CLBCATQ.DLL handle: 76FD0000 size: 498688 crc: F43789FF date: 2008-04-14 00:11:50
 C:\WINDOWS\system32\COMRes.dll handle: 77050000 size: 792064 crc: 868482D5 date: 2008-04-14 00:11:51
 C:\WINDOWS\system32\OLEAUT32.dll handle: 77120000 size: 551936 crc: 1EE83658 date: 2008-04-14 00:12:02
 C:\WINDOWS\system32\VERSION.dll handle: 77C00000 size: 18944 crc: 558B1DAF date: 2008-04-14 00:12:08
 C:\WINDOWS\system32\dmime.dll handle: 5C570000 size: 181248 crc: A021AC64 date: 2008-04-14 00:11:52
 C:\WINDOWS\system32\DSOUND.dll handle: 73F10000 size: 367616 crc: 33C2A52C date: 2008-04-14 00:11:52
 C:\WINDOWS\system32\dmusic.dll handle: 6C980000 size: 104448 crc: E9A2B682 date: 2008-04-14 00:11:52
 C:\WINDOWS\system32\KsUser.dll handle: 73EE0000 size: 4096 crc: BD8E6BD9 date: 2008-04-14 00:11:56
 C:\WINDOWS\system32\dmsynth.dll handle: 6C9A0000 size: 103424 crc: 3E2BFB05 date: 2008-04-14 00:11:52
 C:\WINDOWS\system32\dmloader.dll handle: 6CA10000 size: 35840 crc: 9271DC2B date: 2008-04-14 00:11:52
 C:\WINDOWS\system32\mswsock.dll handle: 71A50000 size: 245248 crc: FBBA0828 date: 2008-06-20 17:46:57
 C:\WINDOWS\system32\hnetcfg.dll handle: 662B0000 size: 344064 crc: 96358152 date: 2008-04-14 00:11:54
 C:\WINDOWS\System32\wshtcpip.dll handle: 71A90000 size: 19456 crc: F5533E87 date: 2008-04-14 00:12:10
 C:\WINDOWS\system32\mslbui.dll handle: 605D0000 size: 25088 crc: D9D805D6 date: 2008-04-14 00:12:00
 C:\Program Files\HPQ\Quick Launch Buttons\CPQINFO.DLL handle: 10000000 size: 282624 crc: FDE34EC1 date: 2005-11-30 22:31:34
 C:\WINDOWS\system32\psapi.dll handle: 76BF0000 size: 23040 crc: 75BBDCAD date: 2008-04-14 00:12:03

---- gamelog start ----
Tick 0: new game started
     Revision text changed to 1.0.3, savegame version 138, not modified, _openttd_newgrf_version = 0x10384f2b
     New game mode: 1 landscape: 0
     Added NewGRF: GRF ID 66724F4E, checksum 20AB6D74738955E537802E7A9A871F61, filename: original_vehicle_names.2\origveh.grf
     Added NewGRF: GRF ID FBFB9905, checksum F747797A14AAA646402DC4E16DE5E82C, filename: longer_girder__steel_bridge.1\longergirdersteelbridge.grf
---- gamelog end ----

*** End of OpenTTD Crash Report ***
