*** OpenTTD Crash Report ***

Crash at: Tue Jan  3 07:53:21 2012
In game date: 1950-01-01 (0)

Crash reason:
 Signal:  Abort trap: 6 (6)
 Message: Assertion failed at line 244 of /bamboo/src/network/network_chat_gui.cpp: blitter->BufferSize(width, height) <= (int)(_chatmsg_box.width * _chatmsg_box.height * blitter->GetBytesPerPixel())

OpenTTD version:
 Version:    r23715 (0)
 NewGRF ver: 12005ca3
 Bits:       32
 Endian:     little
 Dedicated:  no
 Build date: Jan  2 2012 19:15:19


Stacktrace:
 [00] ???                  0x00000600

Operating system:
 Name:     Mac OS X
 Release:  10.7.2
 Machine:  Intel 80486
 Min Ver:  1040
 Compiler: GCC 4.0.1 "4.0.1 (Apple Inc. build 5490)"

Configuration:
 Blitter:      32bpp-anim
 Graphics set: OpenGFX (746)
 Language:     /Users/remi/Desktop/openttd-1.1.4-nogo/OpenTTD.app/Contents/Resources/lang/english_US.lng
 Music driver: cocoa
 Music set:    OpenMSX (96)
 Network:      server
 Sound driver: cocoa
 Sound set:    OpenSFX (87)
 Video driver: cocoa

AI Configuration (local: 0):
  0: Human
 GS: CityDomination (v5)

Libraries:
 FreeType:   2.4.3
 ICU:        4.6
 LZMA:       5.0.0
 LZO:        2.03
 PNG:        1.4.4
 Zlib:       1.2.5

---- gamelog start ----
Tick 0: new game started
     Revision text changed to r23715, savegame version 168, not modified, _openttd_newgrf_version = 0x12005ca3
     New game mode: 1 landscape: 0
---- gamelog end ----

*** End of OpenTTD Crash Report ***
