*** OpenTTD Crash Report ***

Crash at: Fri Feb 26 20:58:23 2010
In game date: 2104-12-19 (18)

Crash reason:
 Signal:  Segmentation fault (11)
 Message: <none>

OpenTTD version:
 Version:    hf946e14b (0)
 NewGRF ver: 11004b44
 Bits:       64
 Endian:     little
 Dedicated:  no
 Build date: Feb 26 2010 21:47:22


Stacktrace:
 [00] openttd              0x0000000100179c0b (CrashLog::FillCrashLog(char*, char const*) const + 331)
 [01] openttd              0x000000010025f794 (HandleCrash(int) + 228)
 [02] libSystem.B.dylib    0x00007fff8316aeaa (_sigtramp + 26)
 [03] libSystem.B.dylib    0x00007fff8313bffb (__ipowf + 103)
 [04] CoreAudio            0x0000000103f6d49b (DLSMusicDeviceEntry + 7007)
 [05] CoreAudio            0x0000000103f74220 (DLSMusicDeviceEntry + 35044)
 [06] CoreAudio            0x0000000103f6ca65 (DLSMusicDeviceEntry + 4393)
 [07] AudioUnit            0x00007fff81244130 (MusicDeviceMIDIEvent + 51)
 [08] AudioToolbox         0x00007fff845ebb7d (SequenceDestination::DispatchEvent(double, MusicEvent&, int, double) + 157)
 [09] AudioToolbox         0x00007fff845ed9f8 (SequenceDestination::Schedule(double, double) + 696)
 [10] AudioToolbox         0x00007fff845ee545 (AUNodeSequenceDestination::ScheduleSlice(double, long) + 141)
 [11] AudioToolbox         0x00007fff845ee584 (ScheduleSliceDispatch(void*, unsigned int*, AudioTimeStamp const*, unsigned int, unsigned int, AudioBufferList*) + 26)
 [12] CoreAudio            0x0000000103f5f82e
 [13] CoreAudio            0x0000000103f855fd (SystemOutputAUEntry + 572)
 [14] CoreAudio            0x0000000103f62591
 [15] CoreAudio            0x0000000103f77784 (AUDelayEntry + 3490)
 [16] CoreAudio            0x0000000103f60507
 [17] CoreAudio            0x0000000103f5f854
 [18] CoreAudio            0x0000000103f855fd (SystemOutputAUEntry + 572)
 [19] CoreAudio            0x0000000103f62591
 [20] CoreAudio            0x0000000103f62677
 [21] AudioToolbox         0x00007fff845bb2f3 (AudioConverterChain::CallInputProc(unsigned int) + 753)
 [22] AudioToolbox         0x00007fff845bae9e (AudioConverterChain::FillBufferFromInputProc(unsigned int*, CABufferList*) + 106)
 [23] AudioToolbox         0x00007fff845bae1f (BufferedAudioConverter::GetInputBytes(unsigned int, unsigned int&, CABufferList const*&) + 177)
 [24] AudioToolbox         0x00007fff845bace3 (CBRConverter::RenderOutput(CABufferList*, unsigned int, unsigned int&, AudioStreamPacketDescription*) + 145)
 [25] AudioToolbox         0x00007fff845baa63 (BufferedAudioConverter::FillBuffer(unsigned int&, AudioBufferList&, AudioStreamPacketDescription*) + 327)
 [26] AudioToolbox         0x00007fff845babd4 (AudioConverterChain::RenderOutput(CABufferList*, unsigned int, unsigned int&, AudioStreamPacketDescription*) + 156)
 [27] AudioToolbox         0x00007fff845baa63 (BufferedAudioConverter::FillBuffer(unsigned int&, AudioBufferList&, AudioStreamPacketDescription*) + 327)
 [28] AudioToolbox         0x00007fff845ba7df (AudioConverterFillComplexBuffer + 253)
 [29] CoreAudio            0x0000000103f62731
 [30] CoreAudio            0x0000000103f622c4
 [31] CoreAudio            0x0000000103f60507
 [32] CoreAudio            0x0000000103f5f854
 [33] CoreAudio            0x0000000103f64fe7 (AUGenericOutputEntry + 6755)
 [34] CoreAudio            0x00007fff8843186d (HP_IOProc::Call(AudioTimeStamp const&, AudioTimeStamp const&, AudioBufferList const*, AudioTimeStamp const&, AudioBufferList*) + 313)
 [35] CoreAudio            0x00007fff8843163f (IOA_Device::CallIOProcs(AudioTimeStamp const&, AudioTimeStamp const&, AudioTimeStamp const&) + 303)
 [36] CoreAudio            0x00007fff88431475 (HP_IOThread::PerformIO(AudioTimeStamp const&, double) + 771)
 [37] CoreAudio            0x00007fff8842f484 (HP_IOThread::WorkLoop() + 1832)
 [38] CoreAudio            0x00007fff8842ed57 (HP_IOThread::ThreadEntry(HP_IOThread*) + 9)
 [39] CoreAudio            0x00007fff8842ec85 (CAPThread::Entry(CAPThread*) + 125)
 [40] libSystem.B.dylib    0x00007fff83143f8e (_pthread_start + 331)
 [41] libSystem.B.dylib    0x00007fff83143e41 (thread_start + 13)

Operating system:
 Name:     Mac OS X
 Release:  10.6.2
 Machine:  Intel 80486
 Min Ver:  1050
 Compiler: GCC 4.2.1 "4.2.1 (Apple Inc. build 5646) (dot 1)"

Configuration:
 Blitter:      32bpp-anim
 Graphics set: OpenGFX
 Language:     german.lng
 Music driver: cocoa
 Music set:    OpenMSX
 Network:      no
 Sound driver: cocoa
 Sound set:    OpenSFX
 Video driver: cocoa

AI Configuration (local: 0):
  0: Human
  3: Human
  4: Human

Libraries:
 FreeType:   2.3.11
 ICU:        4.2.1
 PNG:        1.2.40
 Zlib:       1.2.3

---- gamelog start ----
Tick 0: new game started
     Revision text changed to r16507, savegame version 120, not modified, _openttd_newgrf_version = 0x0800407b
     New game mode: 2 landscape: 2
     Added NewGRF: GRF ID 45520102, checksum 1406B06F6475037445A944963CA6D5CE, filename: ottdc_grfpack/7_stations/basic_platforms/basic_platformsw.grf
     Added NewGRF: GRF ID 45520400, checksum 1D00426064137AA49B6FC4F4BCFF173F, filename: ottdc_grfpack/7_stations/brickfreight/brickfreightw.GRF
     Added NewGRF: GRF ID 43415463, checksum 422B1603DC1CEDA4E59E715E12EAD332, filename: ottdc_grfpack/7_stations/canstn/canstnw.grf
     Added NewGRF: GRF ID 52455400, checksum 1600687C50C5AB1E72EDD487CAD50E2A, filename: ottdc_grfpack/7_stations/ae_city/ae_cityw.GRF
     Added NewGRF: GRF ID 58534453, checksum 2E100BCA91DB8371CD9D57DBEC3AB0C8, filename: ottdc_grfpack/7_stations/dutchstat/dutchstatw.grf
     Added NewGRF: GRF ID 504E0002, checksum 6E6944E09CE6C3AC130DF72C542EE4B1, filename: ottdc_grfpack/7_stations/buffers/buffers.grf
     Added NewGRF: GRF ID 4A430002, checksum 0728ADCB4DF2F1EB9247ABD449296F4E, filename: ottdc_grfpack/z_obsolete/indstatr/indstatrw_063.grf
     Added NewGRF: GRF ID 45530400, checksum 0CB1191FF67BA594F64B2934CFAEDF58, filename: ottdc_grfpack/7_stations/jpstats/jpstatsw.grf
     Added NewGRF: GRF ID 45520500, checksum 7E30CA79D5A8B3A6CBE873E26096D7D2, filename: ottdc_grfpack/7_stations/modernsuburban/modernsuburbanw.GRF
     Added NewGRF: GRF ID 6D620601, checksum 44EB2F155862E4D4F0AB671D7021AF54, filename: ottdc_grfpack/7_stations/newstats/newstatsw.grf
     Added NewGRF: GRF ID 52571303, checksum 9A6FF285C7B450DF881859399B971134, filename: ottdc_grfpack/z_legacy7.2/1_other/OpenGFX/OpenGFX_-_newInfrastructure_v0.6.grf
     Added NewGRF: GRF ID 52455200, checksum 0E5A9C5ACD2BCAF7FA0658C3F905A660, filename: ottdc_grfpack/7_stations/ae_rura/ae_ruraw.GRF
     Added NewGRF: GRF ID 52455300, checksum 37C0B839B13C4B18051580C81EEDF427, filename: ottdc_grfpack/7_stations/ae_subu/ae_subuw.GRF
     Added NewGRF: GRF ID 504E0001, checksum E7781323D2B0086E2E76342DAA036054, filename: ottdc_grfpack/7_stations/ukwaypoints/ukwaypointsw.grf
     Added NewGRF: GRF ID 54570200, checksum 3DEB9B30A6254AE8606A5A9A99A9A696, filename: ottdc_grfpack/7_stations/usstats/usstatsw.grf
     Added NewGRF: GRF ID 27711002, checksum 3E399C8C9F0FC3136BA68B74A5BB33EC, filename: 2cc_trainset.1.0.1/2cctrainset.grf
Tick 0: game loaded
     New game mode: 1 landscape: 2
Tick 48822: game loaded
     Revision text changed to r16743, savegame version 121, not modified, _openttd_newgrf_version = 0x08004167
Tick 32596: game loaded
     Revision text changed to r16867, savegame version 122, not modified, _openttd_newgrf_version = 0x080041e3
Tick 14468: game loaded
     Revision text changed to r16928, savegame version 123, not modified, _openttd_newgrf_version = 0x08004220
Tick 4805: game loaded
     Revision text changed to r17178, savegame version 125, not modified, _openttd_newgrf_version = 0x0800431a
Tick 10212: game loaded
     Revision text changed to hb82b2b97, savegame version 130, not modified, _openttd_newgrf_version = 0x08004803
Tick 13580: game loaded
     Revision text changed to h5a6644f6, savegame version 137, not modified, _openttd_newgrf_version = 0x100049f3
Tick 16847: game loaded
     Revision text changed to h9586cb47, savegame version 138, not modified, _openttd_newgrf_version = 0x10004a44
Tick 24596: game loaded
     Revision text changed to hf946e14b, savegame version 138, not modified, _openttd_newgrf_version = 0x11004b44
---- gamelog end ----

*** End of OpenTTD Crash Report ***
