*** OpenTTD Crash Report ***

Crash at: Wed Jan 06 02:25:26 2010
In game date: 1983-01-10 (22)

Crash reason:
 Exception: E1212012
 Location:  7C812AFB
 Message:   Assertion failed at line 92 of k:/Progs_K/nightly_source/trunk/src/tree_cmd.cpp: CanPlantTreesOnTile(tile, true)

OpenTTD version:
 Version:    r18738M (2)
 NewGRF ver: 10004932
 Bits:       32
 Endian:     little
 Dedicated:  no
 Build date: Jan  6 2010 01:56:25

Registers:
 EAX: 0022EDD0 EBX: 008475E8 ECX: 00000000 EDX: 77C61A58
 ESI: 00000000 EDI: 00556E60 EBP: 0022EE20 ESP: 0022EDCC
 EIP: 7C812AFB EFLAGS: 00000246

 Bytes at instruction pointer:
 5E C9 C2 10 00 85 FF 0F 8E 36 93 FF FF 8B 55 FC 89 55 0C 0F B7 16 8B 7D

Stack trace:
 77C61890 E1212012 00000000 00000000 7C812AFB 00000000 7E4663FD 0022EDEC
 00000028 00240152 00000000 008475E8 007D6C10 00000010 00000000 00000000
 00000000 00000000 00000000 00000000 0022ECA8 0022EE88 00556E81 E1212012
 00000000 00000000 00000000 77C61A58 0022EE88 77C352D3 77C352DA 00000016
 000000DC 00000007 0022EEAC 0022EE74 7E466579 00240152 008475E8 00556E60
 00000001 0022EE4C 0022E9F8 0022F968 77C35C94 77C12890 FFFFFFFF 000033E2
 77C36BC1 00000016 0000000A 0054BCF0 0022EEAC 00000001 008089CC 0022F0C0
 65737341 6F697472 6166206E 64656C69 20746120 656E696C 20323920 6B20666F
 72502F3A 5F73676F 696E2F4B 6C746867 6F735F79 65637275 7572742F 732F6B6E
 742F6372 5F656572 2E646D63 3A707063 6E614320 6E616C50 65725474 6E4F7365
 656C6954 6C697428 74202C65 29657572 00774E00 00000000 02D45510 02D454D0
 02D451F8 02D45168 02D454B0 0022EFD0 00000000 02D454D0 02D451F4 0022F094
 00774B11 02D451F4 00000000 02D454D0 0022F094 0022EFD0 02D45168 02D45510
 00774701 02D45168 00000000 02D454B0 004773A0 00000000 004773A0 00000002
 00474C08 0022EFDC 0022F094 0022EFD0 00000001 03143360 02FB83B0 02D451E0
 02D45180 02D45168 02D45150 02D45510 00774701 02D45510 00000001 0022F094
 0000033A 00000000 00000000 00000002 00000000 FFFFFFFF 0000033A 00000000
 0001FFFF 000000FF 00641570 00778DD0 0022F070 00474C90 0022EF90 0022F08C
 0022F17C 000037E4 00000002 004FC9E9 0022F08C 000037E4 00000002 0000006C
 00000005 00641570 00000001 004B08B0 00000000 000037E4 00000002 00000000
 00000000 00000000 00641570 00000000 00000000 0022F08C 00000150 00000000
 00000000 00E918F0 0000021A 006241AA 0000027E 0000017F 000002C2 0000021A
 00000000 000000DC 000032EE 00000000 0000021A 0000017F 0000027E 00001200
 014257C0 000033E2 000033E2 00604FC1 008089CC 0000005C 00808BF0 00808C3C

Operating system:
 Name:    Windows
 Release: 5.1.2600 (Service Pack 3)
 MSVC:    No

Configuration:
 Blitter:      8bpp-optimized
 Graphics set: original_windows
 Language:     english.lng
 Music driver: win32
 Music set:    NoMusic
 Sound driver: win32
 Sound set:    original_windows
 Video driver: win32

AI Configuration:
  0: Human
  1: SimpleAI (v1)
  2: SimpleAI (v1)
  3: SimpleAI (v1)
  4: SimpleAI (v1)
  5: SimpleAI (v1)

Libraries:
 PNG:        1.2.8

Module information:
 K:\Progs_K\nightly_source\trunk\bin\openttd.exe handle: 0x400000 size: 5663429 crc: ABC880F1 date: 2010-01-06 00:57:26
 T:\WINNT\system32\ntdll.dll handle: 0x7c900000 size: 714752 crc: 56E74C35 date: 2009-02-09 12:10:48
 T:\WINNT\system32\kernel32.dll handle: 0x7c800000 size: 989696 crc: 8A0508E5 date: 2009-03-21 14:06:58
 T:\WINNT\system32\GDI32.dll handle: 0x77f10000 size: 286720 crc: B5F6B116 date: 2008-10-23 12:36:14
 T:\WINNT\system32\USER32.dll handle: 0x7e410000 size: 578560 crc: F7C72264 date: 2008-04-14 00:12:08
 T:\WINNT\system32\msvcrt.dll handle: 0x77c10000 size: 343040 crc: 0B7B1677 date: 2008-04-14 00:12:01
 T:\WINNT\system32\SHELL32.DLL handle: 0x7c9c0000 size: 8461312 crc: 2221EFBA date: 2008-06-17 19:02:19
 T:\WINNT\system32\ADVAPI32.dll handle: 0x77dd0000 size: 617472 crc: C9027432 date: 2009-02-09 12:10:48
 T:\WINNT\system32\RPCRT4.dll handle: 0x77e70000 size: 585216 crc: E2046CB3 date: 2009-04-15 14:51:25
 T:\WINNT\system32\Secur32.dll handle: 0x77fe0000 size: 56832 crc: 3D0002B7 date: 2009-06-25 08:25:26
 T:\WINNT\system32\SHLWAPI.dll handle: 0x77f60000 size: 474112 crc: 3230A338 date: 2008-04-14 00:12:05
 T:\WINNT\system32\WINMM.DLL handle: 0x76b40000 size: 176128 crc: 9676D976 date: 2008-04-14 00:12:09
 T:\WINNT\system32\WS2_32.DLL handle: 0x71ab0000 size: 82432 crc: 7C519ECA date: 2008-04-14 00:12:10
 T:\WINNT\system32\WS2HELP.dll handle: 0x71aa0000 size: 19968 crc: 3F24E096 date: 2008-04-14 00:12:10
 T:\WINNT\system32\IMM32.DLL handle: 0x76390000 size: 110080 crc: C1486DA0 date: 2008-04-14 00:11:54
 T:\WINNT\system32\guard32.dll handle: 0x10000000 size: 171552 crc: 9F8A2CF0 date: 2009-11-27 13:52:43
 T:\WINNT\system32\VERSION.dll handle: 0x77c00000 size: 18944 crc: 558B1DAF date: 2008-04-14 00:12:08
 T:\WINNT\system32\fltlib.dll handle: 0x4ffe0000 size: 16896 crc: 936EEE49 date: 2008-04-14 00:11:53
 T:\WINNT\WinSxS\x86_Microsoft.Windows.Common-Controls_6595b64144ccf1df_6.0.2600.5512_x-ww_35d4ce83\comctl32.dll handle: 0x773d0000 size: 1054208 crc: 06939D35 date: 2008-04-14 03:42:52
 T:\WINNT\system32\comctl32.dll handle: 0x5d090000 size: 617472 crc: 519837A9 date: 2008-04-14 00:11:51
 T:\WINNT\system32\SHFolder.dll handle: 0x76780000 size: 25088 crc: 8009EA65 date: 2008-04-14 00:12:05
 T:\WINNT\system32\WINTRUST.dll handle: 0x76c30000 size: 176640 crc: 98E1211C date: 2008-04-14 00:12:09
 T:\WINNT\system32\CRYPT32.dll handle: 0x77a80000 size: 599040 crc: F04E4319 date: 2008-04-14 00:11:51
 T:\WINNT\system32\MSASN1.dll handle: 0x77b20000 size: 58880 crc: 63D6A79F date: 2009-09-04 21:03:36
 T:\WINNT\system32\IMAGEHLP.dll handle: 0x76c90000 size: 144384 crc: F7A06429 date: 2008-04-14 00:11:54
 T:\WINNT\system32\wdmaud.drv handle: 0x72d20000 size: 23552 crc: EEB914CA date: 2008-04-14 00:12:45
 T:\WINNT\system32\msacm32.drv handle: 0x72d10000 size: 20480 crc: D5406BAE date: 2001-08-23 12:00:00
 T:\WINNT\system32\MSACM32.dll handle: 0x77be0000 size: 71680 crc: EDE4B266 date: 2008-04-14 00:11:58
 T:\WINNT\system32\midimap.dll handle: 0x77bd0000 size: 18944 crc: 2E6D5FD1 date: 2008-04-14 00:11:57
 T:\WINNT\system32\MSCTF.dll handle: 0x74720000 size: 297984 crc: 392BE0B0 date: 2008-04-14 00:11:58
 T:\progs_t\reinst\graphics_card_tools\pstrip\pshook.dll handle: 0x1a20000 size: 20992 crc: F8CCDD5C date: 2001-07-23 23:31:36
 T:\WINNT\system32\oleaut32.dll handle: 0x77120000 size: 551936 crc: 1EE83658 date: 2008-04-14 00:12:02
 T:\WINNT\system32\ole32.dll handle: 0x774e0000 size: 1287168 crc: 3908D33A date: 2008-04-14 00:12:02
 T:\WINNT\system32\ctagent.dll handle: 0x2000000 size: 7168 crc: 8991329B date: 2006-08-11 13:56:02
 T:\WINNT\system32\msctfime.ime handle: 0x755c0000 size: 177152 crc: 6D3663FE date: 2008-04-14 00:10:06
 T:\WINNT\system32\mswsock.dll handle: 0x71a50000 size: 245248 crc: FBBA0828 date: 2008-06-20 17:46:57
 T:\WINNT\system32\hnetcfg.dll handle: 0x662b0000 size: 344064 crc: 96358152 date: 2008-04-14 00:11:54
 T:\WINNT\System32\wshtcpip.dll handle: 0x71a90000 size: 19456 crc: F5533E87 date: 2008-04-14 00:12:10
 T:\PROGRA~1\Logitech\MOUSEW~1\SYSTEM\LGMOUSHK.dll handle: 0x1a60000 size: 24576 crc: BAB07794 date: 2002-08-13 08:50:00
 T:\WINNT\system32\psapi.dll handle: 0x76bf0000 size: 23040 crc: 75BBDCAD date: 2008-04-14 00:12:03

---- gamelog start ----
Tick 0: new game started
     Revision text changed to r18738M, savegame version 135, modified, _openttd_newgrf_version = 0x10004932
     New game mode: 1 landscape: 1
     Added NewGRF: GRF ID 535A1344, checksum EE64CDD6E4600C717B448583026DF24D, filename: oilsgoup.grf
---- gamelog end ----

*** End of OpenTTD Crash Report ***
