*** OpenTTD Crash Report ***
Date: 2008-01-19 16:00:50
Build: 0.6.0-beta3 built on Jan 15 2008 22:01:30
Reason: Assertion failed at d:\developpement\ottd\0.6.0-beta3\src\tile_map.h:124: !IsTileType(tile, MP_HOUSE)
Exception C0000005 at 004623EA
Registers:
 EAX: 00C32350 EBX: 00574004 ECX: 0012F6B0 EDX: 00C323B6
 ESI: 0000249F EDI: 0053DDC0 EBP: 0012F924 ESP: 0012F8C8
 EIP: 004623EA EFLAGS: 00010202

Bytes at CS:EIP:
 C6 05 00 00 00 00 00 E8 28 EC FB FF 83 F8 07 75 18 68 40 72 57 00 6A 7D

Stack trace: 
 0000249F 0000249F 0012F970 00478BCA 0000000A 0000249F 000001F0 00000001
 0012F8D0 0000249F 00000002 77D70467 77D4B3B0 FFFFFFFF 00000000 FFFFFFBA
 FFFFFFFF 0001FFFF 004CF188 02EC0131 0012F9F4 004CF188 0000249F 0012F994
 00405655 0000000A 00000000 00000001 0000249F 0012F9FC 0000249F 00000000
 004CF188 00000920 000001F0 00478B72 00001011 00000000 77D48BD9 00000000
 00000000 7701FFFF 0012F984 77D4882A 00000000 002F0276 00000000 00000014
 00000001 00000000 00000000 0012F9EC 0045D974 0000249F 00000000 00000001
 0045D92D 10110403 00000001 0045E03F 0000249F 00000001 0066040B 0045E2CF
 00000003 006604E4 00000000 006608E0 0012F9E8 00660748 0012FA04 00000202
 0043FA93 0012FA18 0043FB53 00000008 00000202 00000015 000001F6 0000092A
 0000249F 0000249F 00000003 0000000B 0012FA54 00445486 00000008 00000202
 00000000 00D4B51C 00000000 00000000 00000000 00000000 0012FAEC 7C90EAE3
 0012FA50 00000018 0080B088 00000000 004457AD 00000000 00000000 00000008
 00000202 0012FAEC 00000000 004CF5D7 0012FB54 004CF188 00000000 00000000
 00000102 0012FAD0 74730E6C 00010079 00000000 00000001 74730E71 00000000
 7FFDF000 00000102 010A0000 00010079 0012FAA4 747309A9 0012FB18 7475E548
 74730E78 FFFFFFFF 74730E71 77D4EAF2 00000000 00000001 0012FB6C 00000000
 0012FC20 0012FB18 77D48734 002F0276 00000202 00000008 02D20131 004CF188
 DCBAABCD 00000000 0012FB54 004CF188 0012FB80 77D48816 004CF188 002F0276
 00000202 00000008 02D20131 0012FC28 0012FC20 0080B088 00000014 00000001
 00000000 00000000 00000010 00000000 00000030 00000001 00000000 00000000
 0012FB34 0012F4EC 0012FBD0 77D70467 77D48830 00000000 0012FBE0 77D489CD
 00000000 004CF188 002F0276 00000202 00000008 02D20131 0080B09C 00000001
 0139C4D4 77D4929B 00000000 0012FBE0 77D49402 0012FC20 00000008 00000000

Module information:
 C:\Program Files\OpenTTD0.60\openttd.exe handle: 00400000 size: 1782272 crc: 6969C673 date: 2008-01-16 06:06:22
 C:\WINDOWS\system32\ntdll.dll handle: 7C900000 size: 708096 crc: A5A50370 date: 2004-08-04 07:56:36
 C:\WINDOWS\system32\kernel32.dll handle: 7C800000 size: 983552 crc: 63EDEAA9 date: 2004-08-04 07:56:42
 C:\WINDOWS\system32\WINMM.dll handle: 76B40000 size: 176128 crc: 123646FA date: 2004-08-04 07:56:46
 C:\WINDOWS\system32\USER32.dll handle: 77D40000 size: 577024 crc: 68A1AA4A date: 2005-03-02 18:09:30
 C:\WINDOWS\system32\GDI32.dll handle: 77F10000 size: 278016 crc: 38A80671 date: 2004-08-04 07:56:42
 C:\WINDOWS\system32\ADVAPI32.dll handle: 77DD0000 size: 616960 crc: 5E7A2F0A date: 2004-08-04 07:56:41
 C:\WINDOWS\system32\RPCRT4.dll handle: 77E70000 size: 581120 crc: 3AE05623 date: 2004-08-04 07:56:44
 C:\WINDOWS\system32\WS2_32.dll handle: 71AB0000 size: 82944 crc: 9738CC56 date: 2004-08-04 07:56:46
 C:\WINDOWS\system32\msvcrt.dll handle: 77C10000 size: 343040 crc: 5298C0C5 date: 2004-08-04 07:56:43
 C:\WINDOWS\system32\WS2HELP.dll handle: 71AA0000 size: 19968 crc: F5DD5AB6 date: 2004-08-04 07:56:46
 C:\WINDOWS\system32\SHFolder.dll handle: 76780000 size: 25088 crc: 2EC7582B date: 2004-08-04 07:56:45
 C:\WINDOWS\system32\SHLWAPI.dll handle: 77F60000 size: 473600 crc: 687979AD date: 2005-07-03 02:11:29
 C:\WINDOWS\WinSxS\x86_Microsoft.Windows.Common-Controls_6595b64144ccf1df_6.0.2600.2180_x-ww_a84f1ff9\comctl32.dll handle: 773D0000 size: 1050624 crc: 893FE926 date: 2004-08-04 07:57:00
 C:\WINDOWS\system32\comctl32.dll handle: 5D090000 size: 611328 crc: DD782FC8 date: 2004-08-04 07:56:41
 C:\WINDOWS\system32\WINTRUST.dll handle: 76C30000 size: 176640 crc: 88D208BD date: 2004-08-04 07:56:46
 C:\WINDOWS\system32\CRYPT32.dll handle: 77A80000 size: 597504 crc: 971ECFAA date: 2004-08-04 07:56:41
 C:\WINDOWS\system32\MSASN1.dll handle: 77B20000 size: 57344 crc: D5127637 date: 2004-08-04 07:56:42
 C:\WINDOWS\system32\IMAGEHLP.dll handle: 76C90000 size: 144384 crc: 714A70BC date: 2004-08-04 07:56:42
 C:\WINDOWS\system32\wdmaud.drv handle: 72D20000 size: 23552 crc: 982E84EE date: 2004-08-04 07:56:58
 C:\WINDOWS\system32\msacm32.drv handle: 72D10000 size: 20480 crc: D5406BAE date: 2001-08-23 12:00:00
 C:\WINDOWS\system32\MSACM32.dll handle: 77BE0000 size: 71680 crc: 6A21891E date: 2004-08-04 07:56:42
 C:\WINDOWS\system32\midimap.dll handle: 77BD0000 size: 18944 crc: 502B5282 date: 2004-08-04 07:56:42
 C:\WINDOWS\system32\ole32.dll handle: 774E0000 size: 1285120 crc: C5481AB0 date: 2005-04-28 19:31:11
 C:\WINDOWS\system32\uxtheme.dll handle: 5AD70000 size: 218624 crc: 5AA98F22 date: 2004-08-04 07:56:46
 C:\WINDOWS\system32\MSCTF.dll handle: 74720000 size: 294400 crc: BBD2E653 date: 2004-08-04 07:56:42
 C:\WINDOWS\system32\CLBCATQ.DLL handle: 76FD0000 size: 501248 crc: 258B91EE date: 2004-08-04 07:56:41
 C:\WINDOWS\system32\OLEAUT32.dll handle: 77120000 size: 553472 crc: 78035CFF date: 2004-08-04 07:56:44
 C:\WINDOWS\system32\COMRes.dll handle: 77050000 size: 792064 crc: 5A12B4A2 date: 2004-08-04 07:56:41
 C:\WINDOWS\system32\VERSION.dll handle: 77C00000 size: 18944 crc: CFE439BB date: 2004-08-04 07:56:46
 C:\WINDOWS\System32\dmime.dll handle: 5C570000 size: 181248 crc: F18E50F8 date: 2004-08-04 07:56:42
 C:\WINDOWS\System32\DSOUND.dll handle: 73F10000 size: 367616 crc: F0EFB582 date: 2004-08-04 07:56:42
 C:\WINDOWS\System32\dmusic.dll handle: 6C980000 size: 104448 crc: 0C1C73CE date: 2004-08-04 07:56:42
 C:\WINDOWS\system32\KsUser.dll handle: 73EE0000 size: 4096 crc: 519CF22C date: 2004-08-04 07:56:42
 C:\WINDOWS\System32\dmsynth.dll handle: 6C9A0000 size: 103424 crc: ECEFF055 date: 2004-08-04 07:56:42
 C:\WINDOWS\System32\dmloader.dll handle: 6CA10000 size: 35840 crc: CCCBFD58 date: 2004-08-04 07:56:42
 C:\WINDOWS\system32\mswsock.dll handle: 71A50000 size: 245248 crc: E2309390 date: 2004-08-04 07:56:44
 C:\WINDOWS\system32\hnetcfg.dll handle: 662B0000 size: 344064 crc: 6CF15ACF date: 2004-08-04 07:56:42
 C:\WINDOWS\System32\wshtcpip.dll handle: 71A90000 size: 19968 crc: B88CC0E5 date: 2004-08-04 07:56:46
 C:\Program Files\SimpleCenter\bin\win\sclauncher.dll handle: 10000000 size: 45056 crc: CD0C606F date: 2007-09-19 23:08:12
 C:\WINDOWS\system32\psapi.dll handle: 76BF0000 size: 23040 crc: 97A44A88 date: 2004-08-04 07:56:44

System information:
 Windows version 5.1 2600 S
