*** OpenTTD Crash Report ***

Crash at: Mon Jan 23 17:39:44 2012
In game date: 2022-12-01 (0)

Crash reason:
 Signal:  Aborted (6)
 Message: Assertion failed at line 132 of /bamboo/src/core/pool_func.hpp: this->checked != 0

OpenTTD version:
 Version:    1.2.0-beta3 (0)
 NewGRF ver: 12005d19
 Bits:       32
 Endian:     little
 Dedicated:  no
 Build date: Jan 21 2012 15:02:44

Stacktrace:
 [00] openttd(_ZNK12CrashLogUnix13LogStacktraceEPcPKc+0x43) [0x82fc1e3]
 [01] openttd(_ZNK8CrashLog12FillCrashLogEPcPKc+0x102) [0x81baf32]
 [02] openttd(_ZNK8CrashLog12MakeCrashLogEv+0xc4) [0x81bb084]
 [03] openttd() [0x82fc10e]
 [04] /lib/libc.so.6(+0x2a6a8) [0xb78c36a8]
 [05] /lib/libc.so.6(gsignal+0x47) [0xb78c3607]
 [06] /lib/libc.so.6(abort+0x182) [0xb78c6ab2]
 [07] openttd() [0x82e938d]

Operating system:
 Name:     Linux
 Release:  2.6.18-028stab091.2
 Version:  #1 SMP Fri Jun 3 00:02:40 MSD 2011
 Machine:  i686
 Compiler: GCC 4.4.3 "4.4.3"

Configuration:
 Blitter:      null
 Graphics set: original_windows (0)
 Language:     /usr/share/games/openttd/lang/english_US.lng
 Music driver: null
 Music set:    original_windows (1)
 Network:      server
 Sound driver: null
 Sound set:    original_windows (0)
 Video driver: dedicated

AI Configuration (local: 255):
  0: Human
  1: Human
  2: Human
  3: Human
  4: Human
  5: Human
  6: Human
  7: Human
  8: Human
  9: Human
 10: Human
 11: Human
 GS: CityDomination (v6)

Libraries:
 FontConfig: 2.8.0
 FreeType:   2.3.11
 ICU:        4.2.1
 LZMA:       4.999.9beta
 LZO:        2.03
 PNG:        1.2.42
 SDL:        1.2.14
 Zlib:       1.2.3.3

---- gamelog start ----
Tick 0: new game started
     Revision text changed to 1.2.0-beta3, savegame version 170, not modified, _openttd_newgrf_version = 0x12005d19
     New game mode: 1 landscape: 0
---- gamelog end ----

*** End of OpenTTD Crash Report ***
