*** OpenTTD Crash Report ***

Crash at: Mon Jul 06 13:46:36 2015
In game date: 2055-11-08 (36)

Crash reason:
 Exception: C0000005
 Location:  004A1E46
 Message:   <none>

OpenTTD version:
 Version:    1.5.1 (0)
 NewGRF ver: 15186aa2
 Bits:       32
 Endian:     little
 Dedicated:  no
 Build date: Jun  1 2015 19:02:07

Registers:
 EAX: 00000044 EBX: 0000009C ECX: 26415188 EDX: 00000127
 ESI: 26415188 EDI: 26415188 EBP: 0012FA40 ESP: 0012FA38
 EIP: 004A1E46 EFLAGS: 00210206

 Bytes at instruction pointer:
 83 20 FE 8B 08 89 08 56 E8 9D FF FB FF 5E C9 C3 55 8B EC 83 E4 F8 83 EC

Stack trace:
 0012FB08 26415100 0012FA58 00466F14 26415188 00000127 0000009C 00000000
 0012FA7C 00466E84 00000000 00000127 0000009C 26415188 0000009C 000002E1
 00000000 0012FAA0 00466EAD 00000000 000001ED 00000127 26415188 000001ED
 000002E1 00000000 0012FAC4 00466E84 0000009C 000001ED 00000000 26415188
 000003DB 000002E1 00000000 0012FAE8 00466E84 00000000 000003DB 00000000
 000002E1 26415188 00000500 00000000 0012FB24 00421524 00000000 00000500
 000003DB 00000500 00000014 0228D5C3 02570000 FFFFFDCE FFFFFFB8 00000127
 0000009C 00000500 00000000 0012FB60 004216A5 00000000 00000000 000003B5
 00000000 00000000 00000000 000002E8 00000014 000002E1 00000500 0228D5B0
 00000000 00000000 0000FFFF 0046944F 764AA256 00E30532 0012FB78 00000000
 00E30570 005D4275 00000000 00000000 0012FDE0 00000000 0012FDE0 00E30570
 00E3058E 00000000 00000000 00000000 0034028E 00000113 00000001 005D2BA3
 00E30570 00000366 00000294 0043F470 021B3F48 0012FDF8 7FFDA000 00740072
 0012FBDC 021B3F78 01760065 00000000 00000000 00000000 00000000 00000000
 00000000 006F0056 00000000 00000000 00000000 0012FDFC 00EC5668 00000000
 00000000 00690046 00000000 00000000 00000000 00000000 00000006 77C26BE7
 021B3F48 00000000 77C26013 77E94471 00000027 002501B4 00250000 00250150
 09000000 0012FBA4 00250150 0012FD34 00250174 0039ACCD 00000008 77C26000
 00250150 0000000E 02235FB0 021B3AEA 0000000E 00078000 00000006 0000000A
 77BEE13D 0039ACED 00250000 00000000 05000005 0025EC50 05000207 0012FCD8
 77C2F311 00000000 00000080 00250000 05000207 02235FB0 00000001 021B8FE0
 0000000A 00000008 021B3F48 021B3F48 021B3F43 00000000 001A0000 00250000
 0100077F 0012FC44 00252F48 0012FF78 77BEE13D 0039ACCD FFFFFFFE 77C26013
 77C25D20 00000028 00000030 021B3F42 021B3F40 00000027 00000028 013016C0

Operating system:
 Name:     Windows
 Release:  6.1.7601 (Service Pack 1)
 Compiler: MSVC 1600

Configuration:
 Blitter:      32bpp-optimized
 Graphics set: OpenGFX (5580)
 Language:     C:\Program Files\OpenTTD\lang\lithuanian.lng
 Music driver: dmusic
 Music set:    OpenMSX (96)
 Network:      no
 Sound driver: win32
 Sound set:    OpenSFX (87)
 Video driver: win32

Fonts:
 Small:  sprite
 Medium: sprite
 Large:  sprite
 Mono:   sprite

AI Configuration (local: 0):
  0: Human
  1: RoadAI (v3)
  2: AdmiralAI (v25)
  4: CityConnecter (v1)
  6: AdmiralAI (v25)
  7: SynTrans (v15)
  8: CityConnecter (v1)
  9: CityConnecter (v1)
 10: Trans (v130722)

Libraries:
 FreeType:   2.4.11
 ICU:        51.2
 LZMA:       5.0.4
 LZO:        2.06
 PNG:        1.5.14
 Zlib:       1.2.7

Module information:
 C:\Program Files\OpenTTD\openttd.exe handle: 00400000 size: 11909632 crc: 7CB5EAFB date: 2015-06-01 19:05:38
 C:\Windows\SYSTEM32\ntdll.dll handle: 77BD0000 size: 1307648 crc: 41DE1586 date: 2015-05-25 18:04:08
 C:\Windows\system32\kernel32.dll handle: 76380000 size: 868352 crc: 59452B67 date: 2015-05-09 03:13:42
 C:\Windows\system32\KERNELBASE.dll handle: 75BD0000 size: 293376 crc: 625BEE64 date: 2015-05-09 03:13:42
 C:\Windows\system32\WINMM.dll handle: 6DB00000 size: 194048 crc: 849223C7 date: 2010-11-20 21:29:18
 C:\Windows\system32\msvcrt.dll handle: 762D0000 size: 690688 crc: DAB48B3A date: 2015-05-17 06:10:15
 C:\Windows\system32\USER32.dll handle: 764A0000 size: 811520 crc: A7CBE597 date: 2010-11-20 21:29:20
 C:\Windows\system32\GDI32.dll handle: 76050000 size: 305152 crc: E61FFCF2 date: 2015-05-17 06:24:02
 C:\Windows\system32\LPK.dll handle: 761D0000 size: 26624 crc: D069B54A date: 2015-05-17 06:22:01
 C:\Windows\system32\USP10.dll handle: 760A0000 size: 626688 crc: 7CF1A954 date: 2015-05-17 06:17:01
 C:\Windows\system32\WS2_32.dll handle: 76460000 size: 206848 crc: FD00A753 date: 2010-11-20 21:29:06
 C:\Windows\system32\RPCRT4.dll handle: 761F0000 size: 654336 crc: 05B90829 date: 2015-05-17 06:18:28
 C:\Windows\system32\NSI.dll handle: 762A0000 size: 8704 crc: 2ACE9671 date: 2009-07-14 01:16:11
 C:\Windows\system32\IMM32.dll handle: 762B0000 size: 118272 crc: B45269DC date: 2010-11-20 21:29:20
 C:\Windows\system32\MSCTF.dll handle: 77A50000 size: 828928 crc: 9CA6751F date: 2015-05-17 06:22:10
 C:\Windows\system32\ADVAPI32.dll handle: 77B20000 size: 641536 crc: 0E9C4CAC date: 2015-05-25 18:01:17
 C:\Windows\SYSTEM32\sechost.dll handle: 77D20000 size: 92160 crc: 80F53C42 date: 2015-05-25 18:01:39
 C:\Windows\system32\SHELL32.dll handle: 76D70000 size: 12875264 crc: 3110B5FC date: 2015-05-17 06:23:07
 C:\Windows\system32\SHLWAPI.dll handle: 77D40000 size: 350208 crc: 23E05F73 date: 2010-11-20 21:29:03
 C:\Windows\system32\ole32.dll handle: 75EE0000 size: 1414144 crc: 74A1E844 date: 2010-11-20 21:29:07
 C:\Windows\system32\CRYPTBASE.dll handle: 75AD0000 size: 36864 crc: 00308E17 date: 2009-07-14 01:15:07
 C:\Windows\system32\mswsock.dll handle: 755B0000 size: 231424 crc: 2A2905A9 date: 2015-05-17 06:14:45
 C:\Windows\System32\wshtcpip.dll handle: 750F0000 size: 9216 crc: BA963A19 date: 2009-07-14 01:16:20
 C:\Windows\system32\MMDevAPI.DLL handle: 74E50000 size: 213504 crc: 93C0AA4F date: 2010-11-20 21:29:06
 C:\Windows\system32\PROPSYS.dll handle: 74D50000 size: 988160 crc: 888D0BCB date: 2010-11-20 21:29:12
 C:\Windows\system32\OLEAUT32.dll handle: 76140000 size: 571904 crc: 0EB7703D date: 2015-05-17 06:21:13
 C:\Windows\system32\wdmaud.drv handle: 6D800000 size: 172032 crc: D5B9F5FA date: 2010-11-20 21:29:07
 C:\Windows\system32\ksuser.dll handle: 6D7F0000 size: 4608 crc: EBE07232 date: 2009-07-14 01:15:35
 C:\Windows\system32\AVRT.dll handle: 74D40000 size: 14336 crc: 9818237B date: 2009-07-14 01:14:58
 C:\Windows\system32\SETUPAPI.dll handle: 769E0000 size: 1667584 crc: 1D0104E8 date: 2010-11-20 21:29:06
 C:\Windows\system32\CFGMGR32.dll handle: 75C20000 size: 145920 crc: 4DDC6E9A date: 2010-11-20 21:29:12
 C:\Windows\system32\DEVOBJ.dll handle: 75E30000 size: 64512 crc: 2B501D62 date: 2009-07-14 01:15:11
 C:\Windows\system32\AUDIOSES.DLL handle: 6D7B0000 size: 195584 crc: 4831E850 date: 2015-05-17 06:22:27
 C:\Windows\system32\msacm32.drv handle: 73610000 size: 20992 crc: 73923147 date: 2009-07-14 01:14:08
 C:\Windows\system32\MSACM32.dll handle: 735F0000 size: 72192 crc: ABA25814 date: 2009-07-14 01:15:42
 C:\Windows\system32\midimap.dll handle: 735E0000 size: 16896 crc: C000494C date: 2009-07-14 01:15:40
 C:\Windows\system32\CLBCatQ.DLL handle: 779C0000 size: 522240 crc: 6C130B8A date: 2009-07-14 01:15:03
 C:\Windows\System32\dmime.dll handle: 72FD0000 size: 179712 crc: 179D7CFB date: 2009-07-14 01:15:12
 C:\Windows\System32\DSOUND.dll handle: 73390000 size: 453632 crc: EC24F2F8 date: 2009-07-14 01:15:13
 C:\Windows\System32\POWRPROF.dll handle: 750B0000 size: 145408 crc: 9957ABF4 date: 2009-07-14 01:16:12
 C:\Windows\System32\dmusic.dll handle: 73030000 size: 101376 crc: F5D0AA6B date: 2009-07-14 01:15:12
 C:\Windows\system32\WINTRUST.dll handle: 75E70000 size: 179200 crc: 9276EC18 date: 2015-05-17 06:22:27
 C:\Windows\system32\CRYPT32.dll handle: 75C50000 size: 1174528 crc: 54C0267F date: 2015-05-17 06:22:28
 C:\Windows\system32\MSASN1.dll handle: 75BB0000 size: 34304 crc: BE7DA129 date: 2010-11-20 21:29:04
 C:\Windows\System32\dmsynth.dll handle: 73010000 size: 105472 crc: 3B102040 date: 2009-07-14 01:15:12
 C:\Windows\System32\dmloader.dll handle: 731C0000 size: 38400 crc: 8A3F45D2 date: 2009-07-14 01:15:12
 C:\Windows\system32\psapi.dll handle: 76040000 size: 6144 crc: 25B988F9 date: 2009-07-14 01:16:12

---- gamelog start ----
Tick 0: new game started
Revision text changed to 1.5.1, savegame version 194, not modified, _openttd_newgrf_version = 0x15186aa2
New game mode: 1 landscape: 0
Tick 51968: settings changed
Setting changed: vehicle.plane_speed : 4 -> 3
Tick 52001: settings changed
Setting changed: vehicle.plane_speed : 3 -> 2
Tick 52015: settings changed
Setting changed: vehicle.plane_speed : 2 -> 1
Tick 31773: settings changed
Setting changed: vehicle.never_expire_vehicles : 0 -> 1
---- gamelog end ----

*** End of OpenTTD Crash Report ***

Decoded stack trace:
[00] openttd              0x004A1E46
[01] openttd              0x00466F14
[02] openttd              0x00466E84
[03] openttd              0x00466EAD
 <infinite loop>

*** End of additional info ***
