*** OpenTTD Crash Report ***

Crash at: Sat Nov 19 17:58:48 2011
In game date: 1975-02-05 (31)

Crash reason:
 Signal:  Aborted (6)
 Message: <none>

OpenTTD version:
 Version:    g3429287e (0)
 NewGRF ver: 12005ae0
 Bits:       64
 Endian:     little
 Dedicated:  no
 Build date: Nov 19 2011 18:56:11

Stacktrace:
 [00] bin/openttd(_ZNK12CrashLogUnix13LogStacktraceEPcPKc+0x61) [0x7eb1f5]
 [01] bin/openttd(_ZNK8CrashLog12FillCrashLogEPcPKc+0x174) [0x69bdda]
 [02] bin/openttd(_ZNK8CrashLog12MakeCrashLogEv+0x64) [0x69c100]
 [03] bin/openttd() [0x7eaf9d]
 [04] /lib/libc.so.6(+0x321e0) [0x7fcea34c41e0]
 [05] /lib/libc.so.6(gsignal+0x35) [0x7fcea34c4165]
 [06] /lib/libc.so.6(abort+0x180) [0x7fcea34c6f70]
 [07] /lib/libc.so.6(__assert_fail+0xf1) [0x7fcea34bd2b1]
 [08] bin/openttd() [0x8d1ae7]
 [09] bin/openttd() [0x8cf541]
 [10] bin/openttd(_Z17GetStringWithArgsPctP16StringParametersPKcj+0x2a2) [0x8cdbea]
 [11] bin/openttd(_Z9GetStringPctPKc+0x4f) [0x8cdc40]
 [12] bin/openttd(_Z10DrawStringiiit10TextColour15StringAlignmentb+0x64) [0x6d9e10]
 [13] bin/openttd(_ZNK21BaseVehicleListWindow20DrawVehicleListItemsEjiRK4Rect+0x3be) [0x935892]
 [14] bin/openttd(_ZNK17VehicleListWindow10DrawWidgetERK4Recti+0x78) [0x93b106]
 [15] bin/openttd(_ZN11NWidgetLeaf4DrawEPK6Window+0x693) [0x95e837]
 [16] bin/openttd(_ZN19NWidgetPIPContainer4DrawEPK6Window+0x3c) [0x95954a]

Operating system:
 Name:     Linux
 Release:  2.6.32-5-amd64
 Version:  #1 SMP Mon Oct 3 03:59:20 UTC 2011
 Machine:  x86_64
 Compiler: GCC 4.4.5 "4.4.5"

Configuration:
 Blitter:      8bpp-optimized
 Graphics set: OpenGFX (746)
 Language:     /home/alve/projekte/openttd/bin/lang/english_US.lng
 Music driver: extmidi
 Music set:    NoMusic (0)
 Network:      no
 Sound driver: sdl
 Sound set:    NoSound (2)
 Video driver: sdl

AI Configuration (local: 0):
  0: Human
  1: AdmiralAI (v25)
  2: AdmiralAI (v25)

Libraries:
 Allegro:    Allegro 4.2.2, Unix
 FontConfig: 2.8.0
 FreeType:   2.4.2
 ICU:        4.4.1
 LZMA:       5.0.0
 LZO:        2.03
 PNG:        1.2.44
 SDL:        1.2.14
 Zlib:       1.2.3.4

---- gamelog start ----
Tick 0: new game started
     Revision text changed to r13584, savegame version 98, not modified, _openttd_newgrf_version = 0x07003510
     New game mode: 1 landscape: 2
     Added NewGRF: GRF ID 44440A01, checksum A7EA6FB6732157AEE44627A64EBCDAE6, filename: manually_downloaded/8_vehicles/planes/pb_av8/pb_av8w.grf (md5sum matches)
     Added NewGRF: GRF ID 4A430002, checksum 83F60F27551019C0C5121855B3B59BF3, filename: manually_downloaded/z_obsolete/indstatr/indstatrw_6.grf (matches GRFID only)
     Added NewGRF: GRF ID 44444040, checksum E37EC242A13EEC21A57BBE6050A6E6A4, filename: manually_downloaded/8_vehicles/trains_wagons/troprs/troprsw.grf (matches GRFID only)
     Added NewGRF: GRF ID 56430001, checksum AF3E0A1E6EF0B98DB966594578D1775B, filename: manually_downloaded/6_town_buildings/ttrs3/ttrs3w.GRF (md5sum matches)
     Added NewGRF: GRF ID 52455400, checksum 1600687C50C5AB1E72EDD487CAD50E2A, filename: manually_downloaded/7_stations/ae_city/ae_cityw.GRF (md5sum matches)
     Added NewGRF: GRF ID 52455200, checksum 0E5A9C5ACD2BCAF7FA0658C3F905A660, filename: manually_downloaded/7_stations/ae_rura/ae_ruraw.GRF (md5sum matches)
     Added NewGRF: GRF ID 52455300, checksum 37C0B839B13C4B18051580C81EEDF427, filename: manually_downloaded/7_stations/ae_subu/ae_subuw.GRF (md5sum matches)
     Added NewGRF: GRF ID 52570103, checksum EDB2D26F9D81423734CA12412F309CF3, filename: manually_downloaded/8_vehicles/trams/generictrams/generictrams_v0.4.grf (md5sum matches)
Tick 39984: game loaded
     Revision text changed to r13597, savegame version 98, not modified, _openttd_newgrf_version = 0x0700351d
Tick 12033: game loaded
     Revision text changed to r13603, savegame version 98, not modified, _openttd_newgrf_version = 0x07003523
Tick 49391: settings changed
     Setting changed: vehicle.freight_trains : 8 -> 7
Tick 49391: settings changed
     Setting changed: vehicle.freight_trains : 7 -> 6
Tick 49391: settings changed
     Setting changed: vehicle.freight_trains : 6 -> 7
Tick 62810: game loaded
     Revision text changed to r13607M, savegame version 98, modified, _openttd_newgrf_version = 0x07003527
Tick 11451: game loaded
     Revision text changed to r13681M, savegame version 98, modified, _openttd_newgrf_version = 0x07003571
Tick 50747: game loaded
     Revision text changed to r13683M, savegame version 98, modified, _openttd_newgrf_version = 0x07003573
Tick 47277: game loaded
     Revision text changed to r13698M, savegame version 98, modified, _openttd_newgrf_version = 0x07003582
Tick 18799: game loaded
     Revision text changed to r13705M, savegame version 98, modified, _openttd_newgrf_version = 0x07003589
Tick 15705: game loaded
     Revision text changed to r13734M, savegame version 98, modified, _openttd_newgrf_version = 0x070035a6
Tick 17291: game loaded
     Revision text changed to r13761M, savegame version 98, modified, _openttd_newgrf_version = 0x070035c1
Tick 24144: game loaded
     Revision text changed to r13776M, savegame version 98, modified, _openttd_newgrf_version = 0x070035d0
Tick 64275: game loaded
     Revision text changed to r13795M, savegame version 98, modified, _openttd_newgrf_version = 0x070035e3
Tick 8834: game loaded
     Revision text changed to r13818M, savegame version 98, modified, _openttd_newgrf_version = 0x070035fa
Tick 10920: GRF config changed
     Added NewGRF: GRF ID 54570200, checksum 3DEB9B30A6254AE8606A5A9A99A9A696, filename: manually_downloaded/7_stations/usstats/usstatsw.grf (md5sum matches)
Tick 10920: GRF config changed
     Added NewGRF: GRF ID 45520102, checksum 1406B06F6475037445A944963CA6D5CE, filename: manually_downloaded/7_stations/basic_platforms/basic_platformsw.grf (md5sum matches)
     Removed NewGRF: GRF ID 54570200, filename: manually_downloaded/7_stations/usstats/usstatsw.grf (md5sum matches)
Tick 10920: GRF config changed
     Added NewGRF: GRF ID 4A5A0401, checksum 54BC35DCCB000AA83ED9A25B8B697B06, filename: manually_downloaded/jstatsw.grf (md5sum matches)
     Removed NewGRF: GRF ID 45520102, filename: manually_downloaded/7_stations/basic_platforms/basic_platformsw.grf (md5sum matches)
Tick 10920: GRF config changed
     Added NewGRF: GRF ID 45530400, checksum 0CB1191FF67BA594F64B2934CFAEDF58, filename: manually_downloaded/7_stations/jpstats/jpstatsw.grf (md5sum matches)
Tick 10920: GRF config changed
     Removed NewGRF: GRF ID 45530400, filename: manually_downloaded/7_stations/jpstats/jpstatsw.grf (md5sum matches)
Tick 10920: game loaded
     Revision text changed to r13820M, savegame version 98, modified, _openttd_newgrf_version = 0x070035fc
Tick 10131: game loaded
     Revision text changed to r13855M, savegame version 99, modified, _openttd_newgrf_version = 0x0700361f
Tick 10131: game loaded
     Revision text changed to r13865M, savegame version 99, modified, _openttd_newgrf_version = 0x07003629
Tick 53747: settings changed
     Setting changed: vehicle.freight_trains : 7 -> 6
Tick 8305: game loaded
     Revision text changed to r14026M, savegame version 100, modified, _openttd_newgrf_version = 0x070036ca
Tick 524: game loaded
     Revision text changed to r14034M, savegame version 100, modified, _openttd_newgrf_version = 0x070036d2
Tick 15267: game loaded
     Revision text changed to r14037M, savegame version 100, modified, _openttd_newgrf_version = 0x070036d5
Tick 9515: game loaded
     Revision text changed to r14157M, savegame version 100, modified, _openttd_newgrf_version = 0x0700374d
Tick 10050: game loaded
     Revision text changed to r14250M, savegame version 101, modified, _openttd_newgrf_version = 0x070037aa
Tick 36783: game loaded
     Revision text changed to gd2d0a558M-car, savegame version 127, modified, _openttd_newgrf_version = 0x08004552
     Compatible NewGRF loaded: GRF ID 4A430002, checksum EC02595E5FEE45AD829CC08EAC7B9336, filename: manually_downloaded/z_obsolete/indstatr/indstatrw_6.grf (md5sum matches)
     Compatible NewGRF loaded: GRF ID 44444040, checksum 310EE1B199D5A858BB1A7FB5F52F9969, filename: manually_downloaded/8_vehicles/trains_wagons/troprs/troprsw.grf (md5sum matches)
Tick 47346: game loaded
     Revision text changed to g3429287e, savegame version 163, not modified, _openttd_newgrf_version = 0x12005ae0
---- gamelog end ----

*** End of OpenTTD Crash Report ***
