*** OpenTTD Crash Report ***
Date: 2009-03-03 01:15:54
Build: r15599 built on Mar  2 2009 19:22:41
Reason: Assertion failed at ..\src\gfx.cpp:1340: blitter->BufferSize(w, h) < (int)sizeof(_cursor_backup)
Language: english.lng
Exception C0000005 at 0041974C
Registers:
 EAX: 01D869F8 EBX: 00000000 ECX: 0012FA44 EDX: 01D86A59
 ESI: 006430A4 EDI: 00D0FAC0 EBP: 00000000 ESP: 0012FC5C
 EIP: 0041974C EFLAGS: 00210206

Bytes at CS:EIP:
 88 1D 00 00 00 00 FF 35 5C 64 67 00 8B 37 FF 35 58 64 67 00 8B CF 68 E0

Stack trace: 
 7E42A78F 0F90E6C4 0F90E6C4 0052ABBC 0068CA40 00D14810 0012FD14 00000000
 0012FC68 0F90E6C4 0F90E6E2 00000000 00000000 0033093E 00000201 00000001
 005C02A9 0F90E6C4 000002A9 00000076 0042A5F7 0012FD2C 00000001 00000001
 01000001 00000000 00000000 00000000 00000000 00D14800 FFFFFFFF FFFFFFFF
 00000000 00000000 00000000 FFFFFFFF 00000000 0012FF30 00000000 00000000
 00000000 FFFFFFFF 0012FE34 0062D4C0 00000000 0000D4DC 0012FF30 0044593D
 00000001 0012FE30 FFFFFFFE 00000000 5C3A4322 676F7250 206D6172 656C6946
 704F5C73 54546E65 706F5C44 74746E65 78652E64 00200065 003D0448 003D0458
 0000000D 0000000D 003D0640 003D6C98 003D0428 00000004 0000000B 00800000
 00000020 003D0178 00000004 00000040 003D6F48 003D015C 00000000 00000000
 003D6F48 00000020 003D6F50 00000003 003D0230 00000020 00000458 003D0000
 0012FBB4 00000080 0012FE7C 7C90E900 7C9101C0 FFFFFFFF 7C9101BB 0058CBF6
 003D0000 00000000 00000018 003D6D00 0012FEEC 0012FEF8 0012FE0C 0058CC8C
 00000018 003D6D30 003D0164 00000000 0012FE88 004EFC0E 00000018 0046B13D
 003D6D38 0046B1C3 003D6D00 003D6F08 0012FEEC 0012FD2D 0012FC2C 003D6F30
 003D015C 00000000 00000000 003D6F30 00000018 003D6F38 00000000 003D40C8
 00000000 0012FEA4 005981F7 003D0000 00000000 7C90D7EC 7C9133F6 FFFFFFFF
 00000024 0012FE8C 00000004 00000000 27C525C0 0012FEA0 00595070 003D40CC
 003D40CC 0012FEC0 0058EDAE 27F8650C 279FBC46 00592FCD 0066F700 0012FEF8
 0058F9C2 00000008 0058EE2D 0058EE27 0012FEFC 0059512C 00000006 0012FEFC
 00595306 00000000 00000000 0012FF08 00595313 0012FF08 0058E3F8 00152335
 0012FF18 005A01F8 00000000 0065DD70 003D2D48 003D1E90 005AA401 0012FF30
 005A024B 00000000 00000022 00000000 00000004 0012FFC0 00591C2B 00400000
 00000000 00152337 00000001 6EFFE967 00370032 00320033 7FFDE000 00000044

Module information:
 C:\Program Files\OpenTTD\openttd.exe handle: 00400000 size: 2588160 crc: C78C1A64 date: 2009-03-02 18:26:36
 C:\WINDOWS\system32\ntdll.dll handle: 7C900000 size: 706048 crc: 791555FA date: 2008-04-14 03:41:26
 C:\WINDOWS\system32\kernel32.dll handle: 7C800000 size: 989696 crc: 98CCF9A3 date: 2008-04-14 03:41:58
 C:\WINDOWS\system32\WINMM.dll handle: 76B40000 size: 176128 crc: 9676D976 date: 2008-04-14 03:42:10
 C:\WINDOWS\system32\ADVAPI32.dll handle: 77DD0000 size: 617472 crc: 78174499 date: 2008-04-14 03:41:50
 C:\WINDOWS\system32\RPCRT4.dll handle: 77E70000 size: 584704 crc: 78EC50DB date: 2008-04-14 03:42:06
 C:\WINDOWS\system32\Secur32.dll handle: 77FE0000 size: 56320 crc: 25AFC491 date: 2008-04-14 03:42:06
 C:\WINDOWS\system32\GDI32.dll handle: 77F10000 size: 286720 crc: B5F6B116 date: 2008-10-23 12:36:14
 C:\WINDOWS\system32\USER32.dll handle: 7E410000 size: 578560 crc: F7C72264 date: 2008-04-14 03:42:10
 C:\WINDOWS\system32\WS2_32.dll handle: 71AB0000 size: 82432 crc: 7C519ECA date: 2008-04-14 03:42:12
 C:\WINDOWS\system32\msvcrt.dll handle: 77C10000 size: 343040 crc: 0B7B1677 date: 2008-04-14 03:42:02
 C:\WINDOWS\system32\WS2HELP.dll handle: 71AA0000 size: 19968 crc: 3F24E096 date: 2008-04-14 03:42:12
 C:\WINDOWS\system32\IMM32.DLL handle: 76390000 size: 110080 crc: C1486DA0 date: 2008-04-14 03:41:56
 C:\WINDOWS\system32\SHFolder.dll handle: 76780000 size: 25088 crc: 8009EA65 date: 2008-04-14 03:42:06
 C:\WINDOWS\system32\SHLWAPI.dll handle: 77F60000 size: 474112 crc: 3230A338 date: 2008-04-14 03:42:06
 C:\WINDOWS\WinSxS\x86_Microsoft.Windows.Common-Controls_6595b64144ccf1df_6.0.2600.5512_x-ww_35d4ce83\comctl32.dll handle: 773D0000 size: 1054208 crc: 06939D35 date: 2008-04-14 03:42:52
 C:\WINDOWS\system32\comctl32.dll handle: 5D090000 size: 617472 crc: 519837A9 date: 2008-04-14 03:41:52
 C:\WINDOWS\system32\wdmaud.drv handle: 72D20000 size: 23552 crc: EEB914CA date: 2008-09-13 22:23:19
 C:\WINDOWS\system32\WINTRUST.dll handle: 76C30000 size: 176640 crc: 98E1211C date: 2008-04-14 03:42:10
 C:\WINDOWS\system32\CRYPT32.dll handle: 77A80000 size: 599040 crc: F04E4319 date: 2008-04-14 03:41:52
 C:\WINDOWS\system32\MSASN1.dll handle: 77B20000 size: 57344 crc: B280A6F9 date: 2008-04-14 03:42:00
 C:\WINDOWS\system32\IMAGEHLP.dll handle: 76C90000 size: 144384 crc: F7A06429 date: 2008-04-14 03:41:56
 C:\WINDOWS\system32\msacm32.drv handle: 72D10000 size: 20480 crc: D5406BAE date: 2001-08-23 12:00:00
 C:\WINDOWS\system32\MSACM32.dll handle: 77BE0000 size: 71680 crc: EDE4B266 date: 2008-04-14 03:42:00
 C:\WINDOWS\system32\midimap.dll handle: 77BD0000 size: 18944 crc: 2E6D5FD1 date: 2008-04-14 03:41:58
 C:\WINDOWS\system32\ole32.dll handle: 774E0000 size: 1287168 crc: 3908D33A date: 2008-04-14 03:42:04
 C:\WINDOWS\system32\uxtheme.dll handle: 5AD70000 size: 218624 crc: 8F4C582A date: 2008-09-13 22:22:29
 C:\WINDOWS\system32\MSCTF.dll handle: 74720000 size: 297984 crc: 392BE0B0 date: 2008-04-14 03:42:00
 C:\WINDOWS\system32\CLBCATQ.DLL handle: 76FD0000 size: 498688 crc: F43789FF date: 2008-04-14 03:41:52
 C:\WINDOWS\system32\COMRes.dll handle: 77050000 size: 792064 crc: 868482D5 date: 2008-04-14 03:41:52
 C:\WINDOWS\system32\OLEAUT32.dll handle: 77120000 size: 551936 crc: 1EE83658 date: 2008-04-14 03:42:04
 C:\WINDOWS\system32\VERSION.dll handle: 77C00000 size: 18944 crc: 558B1DAF date: 2008-04-14 03:42:10
 C:\WINDOWS\system32\dmime.dll handle: 5C570000 size: 181248 crc: A021AC64 date: 2008-04-14 03:41:54
 C:\WINDOWS\system32\DSOUND.dll handle: 73F10000 size: 367616 crc: 33C2A52C date: 2008-04-14 03:41:54
 C:\WINDOWS\system32\dmusic.dll handle: 6C980000 size: 104448 crc: E9A2B682 date: 2008-04-14 03:41:54
 C:\WINDOWS\system32\KsUser.dll handle: 73EE0000 size: 4096 crc: BD8E6BD9 date: 2008-04-14 08:41:58
 C:\WINDOWS\system32\dmsynth.dll handle: 6C9A0000 size: 103424 crc: 3E2BFB05 date: 2008-04-14 03:41:54
 C:\WINDOWS\system32\dmloader.dll handle: 6CA10000 size: 35840 crc: 9271DC2B date: 2008-04-14 03:41:54
 C:\WINDOWS\system32\msctfime.ime handle: 755C0000 size: 177152 crc: 6D3663FE date: 2008-04-14 03:40:08
 C:\WINDOWS\system32\ctagent.dll handle: 02000000 size: 8704 crc: E7BC4213 date: 2007-04-09 11:32:30
 C:\WINDOWS\system32\mswsock.dll handle: 71A50000 size: 245248 crc: FBBA0828 date: 2008-09-13 22:22:00
 C:\WINDOWS\system32\hnetcfg.dll handle: 662B0000 size: 344064 crc: 96358152 date: 2008-04-14 03:41:56
 C:\WINDOWS\System32\wshtcpip.dll handle: 71A90000 size: 19456 crc: F5533E87 date: 2008-04-14 03:42:12
 C:\WINDOWS\system32\psapi.dll handle: 76BF0000 size: 23040 crc: 75BBDCAD date: 2008-04-14 03:42:04

System information:
 Windows version 5.1 2600 Service Pack 3

---- gamelog start ----
Tick 0: new game started
     Revision text changed to 0.7.0-beta1, savegame version 113, maybe modified, _openttd_newgrf_version = 0x07003c8e
     New game mode: 1 landscape: 0
Tick 61508: game loaded
     Revision text changed to r15531, savegame version 113, not modified, _openttd_newgrf_version = 0x07003cab
Tick 11297: game loaded
     Revision text changed to r15599, savegame version 113, not modified, _openttd_newgrf_version = 0x07003cef
---- gamelog end ----
