*** OpenTTD Crash Report ***

Crash at: Fri Jun 06 04:25:15 2014
In game date: 2014-01-04 (4)

Crash reason:
 Exception: C0000005
 Location:  000000013F106EB8
 Message:   <none>

OpenTTD version:
 Version:    1.4.1 (0)
 NewGRF ver: 14186803
 Bits:       64
 Endian:     little
 Dedicated:  no
 Build date: Jun  2 2014 18:41:33

Registers:
 RAX: 0000000000000000 RBX: 0000000000000000 RCX: 000000013F106E92 RDX: 000000013F0A0000
 RSI: 0000000002E8B050 RDI: 0000000000000000 RBP: 000000000012D1C0 RSP: 000000000012D0C0
 R8:  000000000012D148 R9:  0000000000000000 R10: 000000000000E033 R11: 0000000000000001
 R12: 000000000012E3A1 R13: 0000000000000000 R14: 0000000000000264 R15: 0000000000000000
 RIP: 000000013F106EB8 EFLAGS: 00010246

 Bytes at instruction pointer:
 42 39 1C 88 0F 84 B5 00 00 00 42 8B 14 88 48 8D 4D C0 E8 CD D7 FF FF 88

Stack trace:
 00000000 00000000 0012D1C0 00000000 02E8B050 00000000 0012EB8F 00000000
 00000000 00000000 00000000 00000000 00000000 00000000 00000000 00000000
 00000000 00000000 3FD1F388 00000001 00000000 00000000 00000000 00000000
 71000879 00000000 01FE46A0 00000000 02B0EB30 0000E033 01FE0158 00000000
 00000000 00000000 02E8B030 00000000 02B0EAE0 00000000 00000008 00000000
 00000000 00000000 00000001 00000000 01C707A0 00000000 01C70080 00000000
 0000037F 00000292 00000112 00000000 0000E033 00000000 0012E397 00000000
 02E8B030 00000000 00000000 00000000 00000000 00000000 00000000 00000000
 00000000 00000000 01C70274 00000000 01C70560 00000000 77833448 00000000
 00000000 00000000 00000040 00000000 02B0EA90 00000000 0012E3A1 00000000
 778F5430 00000000 00000000 00000000 00000020 00000000 01C70080 00000000
 00000010 00000000 01C70280 00000000 01C707A0 00000000 77833448 00000000
 00000000 00000000 00000010 00000000 02E8AE30 00000000 01C70470 00000000
 778F5430 00000000 00000000 00000000 FFFFFFFE FFFFFFFF 01C70080 00000000
 00000040 00000000 01C70274 00000000 02E8B030 00000000 00000000 00000000
 00000001 00000000 00000040 00000000 063800B3 00000677 01C70470 00000000
 778F5430 00000000 00000000 00000000 00000020 00000000 01FE0000 00000000
 00000010 00000000 00000010 00000000 01FE0298 00000000 77833448 00000000
 00000000 00000000 00000010 00000000 07A6002C 00001C79 01C70470 00000000
 0012D4D0 00000000 775E1A4A 00000000 1E361DA3 00000000 0012D458 00000000
 0012EB8F 00000000 3F3DA4D7 00000001 FFFFFFFE FFFFFFFF 3F3DA458 00000001
 00000000 00000000 3F280340 00000001 00000000 00000000 00000264 00000000
 00000000 00000000 00000000 00000000 00000040 00000000 00000008 00000000
 0012D518 00000000 3F3DA4D7 00000001 00000002 FFFFFFFF 00000040 00000000

Operating system:
 Name:     Windows
 Release:  6.1.7601 (Service Pack 1)
 Compiler: MSVC 1600

Configuration:
 Blitter:      8bpp-optimized
 Graphics set: OpenGFX (5203)
 Language:     C:\Users\NOTEBOOK\Desktop\openttd\lang\korean.lng
 Music driver: win32
 Music set:    OpenMSX (96)
 Network:      no
 Sound driver: win32
 Sound set:    OpenSFX (87)
 Video driver: win32

Fonts:
 Small:  Dotum
 Medium: Dotum
 Large:  Dotum
 Mono:   sprite

AI Configuration (local: 0):
  0: Human

Libraries:
 FreeType:   2.4.11
 ICU:        51.2
 LZMA:       5.0.4
 LZO:        2.06
 PNG:        1.5.14
 Zlib:       1.2.7

Module information:
 C:\Users\NOTEBOOK\Desktop\openttd\openttd.exe handle: 000000013F0A0000 size: 13386752 crc: 26A031CB date: 2014-06-02 09:46:00
 C:\Windows\SYSTEM32\ntdll.dll handle: 00000000777E0000 size: 1732032 crc: 5BF564D3 date: 2013-08-29 02:16:35
 C:\Windows\system32\kernel32.dll handle: 00000000775C0000 size: 1163264 crc: 19230232 date: 2014-03-04 09:44:00
 C:\Windows\system32\KERNELBASE.dll handle: 000007FEFD8C0000 size: 424960 crc: 7FB4EAD2 date: 2014-03-04 09:44:00
 C:\Windows\system32\WINMM.dll handle: 000007FEFAFC0000 size: 217600 crc: 7BC1529F date: 2009-07-14 01:41:56
 C:\Windows\system32\msvcrt.dll handle: 000007FEFEE00000 size: 634880 crc: 9D1B448A date: 2011-12-16 08:46:06
 C:\Windows\system32\USER32.dll handle: 00000000776E0000 size: 1008640 crc: 3A0DD5DC date: 2011-01-16 00:01:58
 C:\Windows\system32\GDI32.dll handle: 000007FEFF920000 size: 404480 crc: DCBD7E30 date: 2013-10-03 02:23:48
 C:\Windows\system32\LPK.dll handle: 000007FEFF060000 size: 41472 crc: EE04F660 date: 2013-06-06 05:50:51
 C:\Windows\system32\USP10.dll handle: 000007FEFF600000 size: 800768 crc: ED52987B date: 2012-11-22 05:44:23
 C:\Windows\system32\WS2_32.dll handle: 000007FEFF320000 size: 297984 crc: 0F68689B date: 2010-11-21 03:24:28
 C:\Windows\system32\RPCRT4.dll handle: 000007FEFF7F0000 size: 1217024 crc: 91581142 date: 2013-07-09 05:51:16
 C:\Windows\system32\NSI.dll handle: 000007FEFF7E0000 size: 13824 crc: 53B46F6C date: 2009-07-14 01:41:53
 C:\Windows\system32\IMM32.dll handle: 000007FEFF5D0000 size: 167424 crc: 41B2805A date: 2009-07-14 01:41:09
 C:\Windows\system32\MSCTF.dll handle: 000007FEFF6D0000 size: 1067008 crc: 798DDDA0 date: 2009-07-14 01:41:28
 C:\Windows\system32\ADVAPI32.dll handle: 000007FEFEAF0000 size: 878080 crc: D0A62838 date: 2013-08-29 02:13:28
 C:\Windows\SYSTEM32\sechost.dll handle: 000007FEFEBD0000 size: 113664 crc: 978CFAE5 date: 2009-07-14 01:41:53
 C:\Windows\system32\SHELL32.dll handle: 000007FEFDC20000 size: 14175744 crc: 2AF65854 date: 2014-03-25 02:43:12
 C:\Windows\system32\SHLWAPI.dll handle: 000007FEFFA70000 size: 448512 crc: 086DF743 date: 2010-11-21 03:24:22
 C:\Windows\system32\ole32.dll handle: 000007FEFEBF0000 size: 2086912 crc: 72F91CD0 date: 2010-11-21 03:23:48
 C:\Windows\system32\ImageSAFERFilter.dll handle: 0000000180000000 size: 171008 crc: DC40A080 date: 2012-02-14 02:32:34
 C:\Windows\WinSxS\amd64_microsoft.vc90.crt_1fc8b3b9a1e18e3b_9.0.30729.4940_none_08e4299fa83d7e3c\MSVCP90.dll handle: 0000000073330000 size: 853328 crc: 7F7E07BB date: 2010-11-21 03:25:01
 C:\Windows\WinSxS\amd64_microsoft.vc90.crt_1fc8b3b9a1e18e3b_9.0.30729.4940_none_08e4299fa83d7e3c\MSVCR90.dll handle: 0000000073290000 size: 624464 crc: E829234F date: 2010-11-21 03:25:01
 C:\Windows\system32\VERSION.dll handle: 000007FEFC700000 size: 29184 crc: 628CCE3F date: 2009-07-14 01:41:56
 C:\Windows\system32\ntmarta.dll handle: 000007FEFB990000 size: 162304 crc: 5344798C date: 2009-07-14 01:41:53
 C:\Windows\system32\WLDAP32.dll handle: 000007FEFF000000 size: 312832 crc: 38AE3CF8 date: 2010-11-21 03:24:07
 C:\Windows\system32\MSIMG32.dll handle: 000007FEFB210000 size: 8192 crc: FA23F4BB date: 2009-07-14 01:41:29
 C:\Windows\system32\CRYPTBASE.dll handle: 000007FEFD490000 size: 44032 crc: F547C16E date: 2009-07-14 01:40:24
 C:\Windows\system32\CLBCatQ.DLL handle: 000007FEFEA50000 size: 607744 crc: 939E35C9 date: 2009-07-14 01:40:15
 C:\Windows\system32\OLEAUT32.dll handle: 000007FEFF990000 size: 861696 crc: 1F331414 date: 2011-08-27 05:37:49
 C:\Windows\system32\ime\imekr8\imkrtip.dll handle: 000007FEF9D50000 size: 643584 crc: BEBCDEE8 date: 2009-07-14 01:41:17
 C:\Windows\WinSxS\amd64_microsoft.windows.common-controls_6595b64144ccf1df_5.82.7601.18201_none_a4d3b9377117c3df\COMCTL32.dll handle: 000007FEF9C00000 size: 633856 crc: 8F42AB2F date: 2013-07-04 12:50:39
 C:\Windows\system32\uxtheme.dll handle: 000007FEFBE40000 size: 332288 crc: B0A13DF9 date: 2009-07-14 01:41:56
 C:\Windows\system32\ime\shared\imetip.dll handle: 000007FEF9CA0000 size: 665600 crc: F5136DB4 date: 2010-11-21 03:24:15
 C:\Windows\system32\ime\imekr8\imkrapi.dll handle: 000007FEF9BD0000 size: 143872 crc: 350C73EE date: 2009-07-14 01:41:17
 C:\Windows\system32\ime\shared\imjkapi.dll handle: 000007FEF9BA0000 size: 163840 crc: 96B13F2C date: 2009-07-14 01:41:16
 C:\Windows\system32\mswsock.dll handle: 000007FEFCDD0000 size: 327168 crc: 2C87855E date: 2013-09-08 02:27:14
 C:\Windows\System32\wshtcpip.dll handle: 000007FEFC7D0000 size: 13312 crc: 5D1E2C55 date: 2009-07-14 01:41:58
 C:\Windows\system32\MMDevAPI.DLL handle: 000007FEFBA20000 size: 284160 crc: CDF2EF81 date: 2009-07-14 01:41:26
 C:\Windows\system32\PROPSYS.dll handle: 000007FEFBEA0000 size: 1212416 crc: B83FA3BE date: 2010-11-21 03:23:55
 C:\Windows\system32\wdmaud.drv handle: 000007FEFAF50000 size: 217088 crc: 12829973 date: 2010-11-21 03:24:32
 C:\Windows\system32\ksuser.dll handle: 00000000753C0000 size: 5120 crc: AA2071D9 date: 2009-07-14 01:41:13
 C:\Windows\system32\AVRT.dll handle: 000007FEFBA10000 size: 18432 crc: 5CE53CB7 date: 2009-07-14 01:40:05
 C:\Windows\system32\SETUPAPI.dll handle: 000007FEFF370000 size: 1900544 crc: A364BD6A date: 2010-11-21 03:24:28
 C:\Windows\system32\CFGMGR32.dll handle: 000007FEFD650000 size: 207872 crc: 1984C339 date: 2010-11-21 03:24:00
 C:\Windows\system32\DEVOBJ.dll handle: 000007FEFD6B0000 size: 93184 crc: A7541AE2 date: 2009-07-14 01:40:28
 C:\Windows\system32\AUDIOSES.DLL handle: 000007FEFAD00000 size: 296448 crc: 90389554 date: 2010-11-21 03:24:32
 C:\Windows\system32\msacm32.drv handle: 000007FEFACC0000 size: 25600 crc: 2B579A05 date: 2009-07-14 01:38:50
 C:\Windows\system32\MSACM32.dll handle: 000007FEFACA0000 size: 83456 crc: 3D67538B date: 2009-07-14 01:41:27
 C:\Windows\system32\midimap.dll handle: 000007FEFAC90000 size: 20480 crc: CB902A13 date: 2009-07-14 01:41:23
 C:\Windows\system32\psapi.dll handle: 00000000779A0000 size: 9216 crc: 84B5E9BA date: 2009-07-14 01:41:53

---- gamelog start ----
Tick 0: new game started
     Revision text changed to 1.4.1, savegame version 188, not modified, _openttd_newgrf_version = 0x14186803
     New game mode: 1 landscape: 0
     Added NewGRF: GRF ID 544B0101, checksum 0A1BA3EE939A86452C6F946CD3FDB201, filename: ko_town_names.grf (md5sum matches)
     Added NewGRF: GRF ID 544B0202, checksum 8D787B351D012BCC5413498A302CB0D1, filename: ko_bus_set.grf (md5sum matches)
     Added NewGRF: GRF ID 544B5555, checksum 376FE4B1FE5079E96E4116296E152C4A, filename: ko_train.grf (md5sum matches)
     Added NewGRF: GRF ID 414E0101, checksum 5D665C64693A438E3046C22666F46E08, filename: fish_ship_set-0.9.2\fish.grf (md5sum matches)
     Added NewGRF: GRF ID 414E0201, checksum A9919B801C458CE2F7AA9CCB6606CE62, filename: fish_2-squidalpha5\fish.grf (md5sum matches)
     Added NewGRF: GRF ID 4B520001, checksum B3AEAD2710A9B0BCF8FE2D370422765E, filename: k-style v1.6a.grf (md5sum matches)
     Added NewGRF: GRF ID 52577801, checksum 20B5D8122F2B4AD74ADDA30E44BA8233, filename: opengfx_biggui-2.0.0\ogfx-biggui.grf (md5sum matches)
     Added NewGRF: GRF ID 43415000, checksum 8F77143D9432C52206D1730F9EEDFAE1, filename: opengfx_airports-0.4.1\ogfx-airports.grf (md5sum matches)
     Added NewGRF: GRF ID 4F472B32, checksum 3FD44FD23CAC8D29AA314BF6A304B684, filename: opengfx_road_vehicles-0.4.0\ogfx-rv.grf (md5sum matches)
     Added NewGRF: GRF ID 4F472B31, checksum 4E0B2D42462F295F36AFBA90D239A323, filename: opengfx_trains-0.3.0\ogfx-trains.grf (md5sum matches)
---- gamelog end ----

*** End of OpenTTD Crash Report ***

Decoded stack trace:
[00] openttd              0x000000013F106EB8
[01] openttd              0x000000013F1058BA
[02] openttd              0x000000013F10717B
[03] openttd              0x000000013F106844
[04] openttd              0x000000013F1058BA
[05] openttd              0x000000013F107278
[06] openttd              0x000000013F106844
[07] openttd              0x000000013F1058BA
[08] openttd              0x000000013F10592E
[09] openttd              0x000000013F0C7A90
[10] openttd              0x000000013F1688DF
[11] openttd              0x000000013F16AD83
[12] openttd              0x000000013F11F964
 <infinite loop>

*** End of additional info ***
