*** OpenTTD Crash Report ***

Crash at: Fri Jan 08 19:21:40 2010
In game date: 1960-01-17 (58)

Crash reason:
 Exception: E1212012
 Location:  000007FEFD7CAA7D
 Message:   Assertion failed at line 1113 of ..\src\economy.cpp: v->time_counter != 0

OpenTTD version:
 Version:    1.0.0-beta2 (0)
 NewGRF ver: 1000492f
 Bits:       64
 Endian:     little
 Dedicated:  no
 Build date: Jan  5 2010 21:26:14

Registers:
 RAX: 000000003EFF4DC2 RBX: 0000000000000016 RCX: 000000000017DFF0 RDX: 0000000000000000
 RSI: 0000000000000000 RDI: 0000000000000008 RBP: 00000000022A30B0 RSP: 000000000017E600
 R8:  0000000000000000 R9:  0000000000000000 R10: 0000000000000000 R11: 0000000000000286
 R12: 0000000140118EA0 R13: 000000013FE561AC R14: 0000000000000001 R15: 000000007738F59B
 RIP: 000007FEFD7CAA7D EFLAGS: 00000202

 Bytes at instruction pointer:
 48 81 C4 C8 00 00 00 C3 90 90 90 90 90 90 90 90 90 90 90 48 83 EC 48 83

Stack trace:
 00000016 00000000 00000000 00000000 00000008 00000000 0017E638 00000000
 E1212012 00000000 00000000 00000000 FD7CAA7D 000007FE 00000000 00000000
 00000048 00000000 00000001 00000000 00000000 00000000 00000000 00000000
 00000070 00000000 FFFFFFFF FFFFFFFF FFFFFFFF FFFFFFFF 7739C333 00000000
 00240230 00000000 775E021A 00000000 00240398 00000000 00240268 00000000
 00000000 00000000 7739A01B 00000000 00000000 00000000 775C39E8 00000000
 00000001 00000000 3FF53BD5 00000001 00000016 00000000 2EDF1F4A 00000000
 0029DFD0 00000000 00240230 00000000 00000000 00000000 775D7DBA 00000000
 00993EC0 00000000 7738F59B 00000000 00000000 00000000 00000004 00000000
 00000000 00000000 00000000 00000000 022A13C0 00000000 3FF52ECE 00000001
 00000001 00000000 02145930 00000000 022A45A0 00000000 00000002 00000000
 00000000 00000000 775EFDF5 00000000 00000000 00000000 00000000 00000000
 7762939C 00000000 02000002 00000000 0017E7C8 00000000 00000030 00000003
 7738F5BA 00000000 7739BAF9 00000000 008D7AF8 00000000 0017E7F8 00000000
 00000000 00000000 00993EC0 00000000 00000012 00000000 00000000 00000000
 00000000 00000000 775C39E8 00000000 775E5DC0 00000000 773A762B 00000000
 00000000 00000000 00993EC0 00000000 00000001 00000000 00000001 00000000
 00000001 00000000 180A34A0 00000000 00000000 00000000 00000000 00000000
 00000001 00000000 00000010 00000000 0028C9C0 00000000 00240000 00000000
 0028C9B0 00000000 775F2075 00000000 00240000 00000000 0028C901 00000000
 00000000 00000000 0028C9C0 00000000 00000000 00000000 773F32C4 00000000
 00000000 00000000 00000000 00000000 773F32C4 00000000 0017EC00 00000000
 00000000 00000000 40190AB4 00000001 00010007 00000000 00000001 00000000
 00000001 00000000 773F2825 00000000 0028C9C0 00000000 0028C9C0 00000000

Operating system:
 Name:    Windows
 Release: 6.1.7600 ()
 MSVC:    Yes

Configuration:
 Blitter:      null
 Graphics set: original_windows
 Language:     english_US.lng
 Music driver: null
 Music set:    NoMusic
 Sound driver: null
 Sound set:    original_windows
 Video driver: dedicated

AI Configuration:
  0: Human
  1: Human
  2: Human

Libraries:
 FreeType:   2.3.11
 ICU:        4.2.1
 PNG:        1.2.40

Module information:
 C:\Program Files\OpenTTD\openttd.exe handle: 000000013FC70000 size: 5119488 crc: 0D8BCF41 date: 2010-01-05 21:29:38
 C:\Windows\SYSTEM32\ntdll.dll handle: 00000000775A0000 size: 1736792 crc: 5523175A date: 2009-07-14 01:43:10
 C:\Windows\system32\kernel32.dll handle: 0000000077480000 size: 1162240 crc: 822946F0 date: 2009-07-14 01:41:13
 C:\Windows\system32\KERNELBASE.dll handle: 000007FEFD7C0000 size: 421376 crc: 68F689E4 date: 2009-07-14 01:41:13
 C:\Windows\system32\WINMM.dll handle: 000007FEFB160000 size: 217600 crc: 7BC1529F date: 2009-07-14 01:41:56
 C:\Windows\system32\msvcrt.dll handle: 000007FEFF810000 size: 634880 crc: 7F3E716F date: 2009-07-14 01:41:32
 C:\Windows\system32\USER32.dll handle: 0000000077380000 size: 1008640 crc: 95FA0345 date: 2009-07-14 01:41:56
 C:\Windows\system32\GDI32.dll handle: 000007FEFE7D0000 size: 404480 crc: 0F1BAE69 date: 2009-07-14 01:40:56
 C:\Windows\system32\LPK.dll handle: 000007FEFE0A0000 size: 41984 crc: 350AF03B date: 2009-07-14 01:41:19
 C:\Windows\system32\USP10.dll handle: 000007FEFE310000 size: 801280 crc: 32EFA120 date: 2009-07-14 01:41:56
 C:\Windows\system32\WS2_32.dll handle: 000007FEFDC60000 size: 296448 crc: B9553AFD date: 2009-07-14 01:41:58
 C:\Windows\system32\RPCRT4.dll handle: 000007FEFDAB0000 size: 1221632 crc: D5B6358C date: 2009-07-14 01:41:53
 C:\Windows\system32\NSI.dll handle: 000007FEFDA30000 size: 13824 crc: 53B46F6C date: 2009-07-14 01:41:53
 C:\Windows\system32\ADVAPI32.dll handle: 000007FEFE570000 size: 877056 crc: FA615A20 date: 2009-07-14 01:40:01
 C:\Windows\SYSTEM32\sechost.dll handle: 000007FEFDA90000 size: 113664 crc: 978CFAE5 date: 2009-07-14 01:41:53
 C:\Windows\system32\SHELL32.dll handle: 000007FEFEA80000 size: 14161920 crc: EAA55AE5 date: 2009-07-14 01:41:54
 C:\Windows\system32\SHLWAPI.dll handle: 000007FEFE4C0000 size: 449536 crc: 0BFDF102 date: 2009-07-14 01:41:54
 C:\Windows\system32\IMM32.DLL handle: 000007FEFE540000 size: 167424 crc: 41B2805A date: 2009-07-14 01:41:09
 C:\Windows\system32\MSCTF.dll handle: 000007FEFE840000 size: 1067008 crc: 798DDDA0 date: 2009-07-14 01:41:28
 C:\Windows\system32\SHFolder.dll handle: 000007FEFC100000 size: 10240 crc: 08A48DE3 date: 2009-07-14 01:41:54
 C:\Windows\system32\ole32.dll handle: 000007FEFDCB0000 size: 2084352 crc: 40D2CC46 date: 2009-07-14 01:41:53
 C:\Windows\system32\mswsock.dll handle: 000007FEFCD10000 size: 320000 crc: EA387916 date: 2009-07-14 01:41:34
 C:\Windows\System32\wshtcpip.dll handle: 000007FEFC740000 size: 13312 crc: 5D1E2C55 date: 2009-07-14 01:41:58
 C:\Windows\system32\uxtheme.dll handle: 000007FEFBDB0000 size: 332288 crc: B0A13DF9 date: 2009-07-14 01:41:56
 C:\Windows\system32\dwmapi.dll handle: 000007FEFB860000 size: 82432 crc: A459F360 date: 2009-07-14 01:40:34
 C:\Windows\system32\CRYPTBASE.dll handle: 000007FEFD430000 size: 44032 crc: F547C16E date: 2009-07-14 01:40:24
 C:\Windows\system32\OLEAUT32.DLL handle: 000007FEFE3E0000 size: 861184 crc: C4351602 date: 2009-07-14 01:41:53
 C:\Windows\system32\psapi.dll handle: 0000000077760000 size: 9216 crc: 84B5E9BA date: 2009-07-14 01:41:53

---- gamelog start ----
Tick 0: new game started
     Revision text changed to 1.0.0-beta2, savegame version 135, not modified, _openttd_newgrf_version = 0x1000492f
     New game mode: 1 landscape: 0
---- gamelog end ----

*** End of OpenTTD Crash Report ***
