*** OpenTTD Crash Report ***
Date: 2009-07-21 11:22:13
Build: 0.7.2-RC1 (0) built on Jul 15 2009 20:57:25
Reason: Assertion failed at ..\src\economy.cpp:1540: front_v->cargo_payment == NULL
Language: russian.lng
Exception C0000005 at 0040D65D
Registers:
 EAX: 04A7DAE0 EBX: 00000000 ECX: 0012F8D8 EDX: 04A7DB2C
 ESI: 048797DC EDI: 04686A08 EBP: 0066B314 ESP: 0012FAF0
 EIP: 0040D65D EFLAGS: 00210206

Bytes at CS:EIP:
 88 1D 00 00 00 00 B9 14 87 66 00 E8 46 0F 00 00 3B C3 74 22 C7 00 64 C0

Stack trace: 
 048797DC 0043BA6E 048797DC 047EF170 0012FB58 049DC5B0 048797DC 0049648A
 048797DC 048797DC 00000100 00516D52 00000009 004391E8 00000002 FFFFFFFF
 00516DE6 004F81F1 04941068 004F81F1 048797DC 0049506B 0000000E 046869B0
 000019DA 047EF170 0012FB80 00496760 048797DC 000035A8 00669820 048797DC
 0000006A 00000087 00000005 00496809 0012FBF0 00439FAD 75578DF4 0049ED1D
 00000000 00000000 003FC801 003FD000 0012FBD4 004B7DD0 003FCFF1 004B4CAF
 003FCFF1 00000007 0062DCA4 004B6F44 004B6F50 005EC8D8 003FCFF1 0062DCA4
 00374ED1 00000000 00000008 00000001 0000000F 0012FC18 75578DF4 0049ED1D
 0012FC18 0042B60D 75578DF4 0049ED1D 0012FC18 00000000 0049ED1D 00000000
 00000000 00421EE6 0012FC2C 0042B84E 0049ED1D 00000000 0012FC18 00000000
 0052E8F2 00692D74 01E2C4D0 0012FCDC 00000000 00000006 0049ED1D 0049ED3B
 00000000 00000000 000906CA 0000000F 00000000 00000000 0049ED0D 000004DA
 000001F3 0042ACFC 0012FCF4 00000001 00000001 01000004 00000000 00000000
 00000000 00000000 01E2C4C0 FFFFFFFF 00000000 00000000 00000000 00000000
 FFFFFFFF 00000000 0012FEF8 00000000 00000000 00000000 FFFFFFFF 0012FDFC
 006358B0 00000000 00000000 0012FEF8 00443B95 00000001 0012FDF8 FFFFFFFE
 00000000 5C3A4422 656D6147 706F5C73 74746E65 2E302D64 2D322E37 2D314352
 646E6977 2D73776F 336E6977 706F5C32 74746E65 78652E64 00200065 FFFFFFFE
 76F25B87 76F25955 76F258A6 00000018 0012FEB4 00220037 00000001 00000001
 000001AF 001E0038 00000001 00000001 AE0001AF 01DD0348 76F25B87 76A3BAA9
 002B0000 00000000 002B0194 00350018 00000001 01DE08C0 01DD0498 00320019
 00000001 00000000 00000020 0012FDBC 00590F56 002B0000 00000000 00000018
 01DE1D70 0012FEB4 0012FEC0 0012FDD4 00590FEC 00000018 01DE1D68 0012FEE0
 76EC9834 0012FE50 004FEE1A 00000018 004F2107 01DE08C0 004F218D 01DE1D70

Module information:
 D:\Games\openttd-0.7.2-RC1-windows-win32\openttd.exe handle: 00400000 size: 2630656 crc: 8B17F921 date: 2009-07-15 17:01:38
 C:\Windows\system32\ntdll.dll handle: 76EC0000 size: 1203792 crc: 7CFCEC95 date: 2008-01-21 02:23:11
 C:\Windows\system32\kernel32.dll handle: 76DE0000 size: 888832 crc: 62FA7623 date: 2009-02-13 08:49:05
 C:\Windows\SYSTEM32\SYSFER.DLL handle: 61750000 size: 329088 crc: 6E9BD63F date: 2007-12-18 15:04:08
 C:\Windows\system32\NETAPI32.dll handle: 75300000 size: 466944 crc: 06255BD7 date: 2008-10-16 04:47:33
 C:\Windows\system32\msvcrt.dll handle: 75800000 size: 680448 crc: E5AE7FEC date: 2008-01-21 02:22:43
 C:\Windows\system32\ADVAPI32.dll handle: 763C0000 size: 798720 crc: F58CDFCB date: 2008-01-21 02:22:37
 C:\Windows\system32\RPCRT4.dll handle: 768C0000 size: 784896 crc: 091E6675 date: 2009-04-23 12:43:04
 C:\Windows\system32\PSAPI.DLL handle: 754D0000 size: 12288 crc: D7B812C5 date: 2006-11-02 09:46:12
 C:\Windows\system32\WINMM.dll handle: 73C30000 size: 189952 crc: D22FC585 date: 2008-01-21 02:22:19
 C:\Windows\system32\USER32.dll handle: 75570000 size: 627200 crc: B687ED70 date: 2008-01-21 02:22:31
 C:\Windows\system32\GDI32.dll handle: 77040000 size: 296960 crc: AA2880BF date: 2008-10-21 05:25:18
 C:\Windows\system32\ole32.dll handle: 76B00000 size: 1315328 crc: 6B931D39 date: 2008-01-21 02:23:09
 C:\Windows\system32\OLEAUT32.dll handle: 77090000 size: 563200 crc: B69E10E1 date: 2008-01-21 02:23:11
 C:\Windows\system32\OLEACC.dll handle: 73BF0000 size: 215040 crc: EF3061D3 date: 2008-01-21 02:22:00
 C:\Windows\system32\WS2_32.dll handle: 76640000 size: 179200 crc: 5D581120 date: 2008-01-21 02:22:57
 C:\Windows\system32\NSI.dll handle: 76600000 size: 8192 crc: 10729B39 date: 2008-01-21 02:22:55
 C:\Windows\system32\SHELL32.dll handle: 758B0000 size: 11580928 crc: CE4BF6CB date: 2008-11-06 13:14:25
 C:\Windows\system32\SHLWAPI.dll handle: 767D0000 size: 351744 crc: F95C1869 date: 2008-01-21 02:22:45
 C:\Windows\system32\IMM32.DLL handle: 76620000 size: 114688 crc: 57C1E0CD date: 2008-01-21 02:22:34
 C:\Windows\system32\MSCTF.dll handle: 76700000 size: 806912 crc: 66ABCC79 date: 2008-01-21 02:23:05
 C:\Windows\system32\LPK.DLL handle: 76610000 size: 23552 crc: 3277B148 date: 2008-01-21 02:22:24
 C:\Windows\system32\USP10.dll handle: 76A80000 size: 501760 crc: 09CF36C9 date: 2008-01-21 02:22:22
 C:\Windows\WinSxS\x86_microsoft.windows.common-controls_6595b64144ccf1df_6.0.6001.18000_none_5cdbaa5a083979cc\comctl32.dll handle: 744E0000 size: 1684480 crc: 57ECDF87 date: 2008-01-21 02:21:54
 C:\Windows\system32\SHFolder.dll handle: 73BE0000 size: 7168 crc: 1CA14A5C date: 2006-11-02 09:46:13
 C:\Windows\system32\wdmaud.drv handle: 73A80000 size: 166912 crc: 5FC059D1 date: 2008-01-21 02:23:02
 C:\Windows\system32\ksuser.dll handle: 74190000 size: 4608 crc: 4C647881 date: 2006-11-02 09:46:05
 C:\Windows\system32\MMDevAPI.DLL handle: 746D0000 size: 149504 crc: 29FF5B91 date: 2008-01-21 02:22:51
 C:\Windows\system32\AVRT.dll handle: 74790000 size: 12800 crc: EB589AA0 date: 2008-01-21 02:23:01
 C:\Windows\system32\SETUPAPI.dll handle: 76C50000 size: 1590272 crc: BB6B35BF date: 2008-01-21 02:22:55
 C:\Windows\system32\WINTRUST.dll handle: 741A0000 size: 171520 crc: EE6B6CCB date: 2008-01-21 02:22:42
 C:\Windows\system32\CRYPT32.dll handle: 74F40000 size: 977408 crc: 49821E3F date: 2008-01-21 02:23:00
 C:\Windows\system32\MSASN1.dll handle: 750A0000 size: 59904 crc: 7A69072B date: 2006-11-02 09:46:06
 C:\Windows\system32\USERENV.dll handle: 75420000 size: 108032 crc: AC76B003 date: 2008-01-21 02:22:17
 C:\Windows\system32\Secur32.dll handle: 75400000 size: 72704 crc: C6E7699B date: 2009-02-13 08:49:10
 C:\Windows\system32\imagehlp.dll handle: 765D0000 size: 153088 crc: EEF49677 date: 2008-01-21 02:22:14
 C:\Windows\system32\AUDIOSES.DLL handle: 73A50000 size: 116224 crc: 30C70121 date: 2008-01-21 02:23:02
 C:\Windows\system32\audioeng.dll handle: 73940000 size: 397312 crc: 17666E45 date: 2008-01-21 02:23:02
 C:\Windows\system32\msacm32.drv handle: 73BC0000 size: 21504 crc: 1F6A62A4 date: 2008-01-21 02:21:55
 C:\Windows\system32\MSACM32.dll handle: 73A30000 size: 71680 crc: A2E8F836 date: 2008-01-21 02:23:01
 C:\Windows\system32\midimap.dll handle: 73BB0000 size: 17408 crc: 44FD6876 date: 2008-01-21 02:21:55
 C:\Windows\system32\CLBCatQ.DLL handle: 76830000 size: 523776 crc: C2EBF5E6 date: 2008-01-21 02:22:34
 C:\Program Files\Common Files\microsoft shared\ink\tiptsf.dll handle: 72AE0000 size: 380416 crc: E8AEF1DD date: 2008-01-21 02:23:43
 C:\Windows\system32\version.dll handle: 74870000 size: 20480 crc: FE59E801 date: 2008-01-21 02:22:19
 C:\Windows\system32\dmime.dll handle: 73D60000 size: 178688 crc: 3063C87B date: 2008-01-21 02:21:45
 C:\Windows\system32\DSOUND.dll handle: 70200000 size: 444416 crc: 1F6BF3CC date: 2008-01-21 02:22:15
 C:\Windows\system32\POWRPROF.dll handle: 74880000 size: 97280 crc: 968A09AC date: 2008-01-21 02:23:11
 C:\Windows\system32\dmusic.dll handle: 73D40000 size: 101888 crc: C5478A00 date: 2008-01-21 02:21:45
 C:\Windows\system32\dmsynth.dll handle: 73D20000 size: 105472 crc: 246B7E26 date: 2008-01-21 02:21:45
 C:\Windows\system32\dmloader.dll handle: 73D10000 size: 38400 crc: 43D1875C date: 2008-01-21 02:21:45
 C:\Windows\system32\mswsock.dll handle: 74BC0000 size: 223232 crc: 3746AAB9 date: 2008-01-21 02:22:10
 C:\Windows\System32\wshtcpip.dll handle: 747A0000 size: 9216 crc: 10C50FC1 date: 2008-01-21 02:22:11

System information:
 Windows version 6.0 6001 Service Pack 1

---- gamelog start ----
Tick 0: new game started
     Revision text changed to 0.7.0, savegame version 116, not modified, _openttd_newgrf_version = 0x07083e29
     New game mode: 2 landscape: 0
Tick 0: game loaded
     Revision text changed to 0.7.1, savegame version 116, not modified, _openttd_newgrf_version = 0x0718409c
     New game mode: 1 landscape: 0
Tick 52018: game loaded
     Revision text changed to 0.7.2-RC1, savegame version 116, not modified, _openttd_newgrf_version = 0x072041c4
---- gamelog end ----
