*** OpenTTD Crash Report ***

Crash at: Wed Mar 16 20:35:52 2011
In game date: 1966-06-01 (1)

Crash reason:
 Signal:  Abort trap (6)
 Message: Assertion failed at line 50 of /usr/src/OpenTTD/compile/src/core/pool_type.hpp: index < this->first_unused

OpenTTD version:
 Version:    1.1.0-RC2 (0)
 NewGRF ver: 110056a9
 Bits:       32
 Endian:     little
 Dedicated:  no
 Build date: Mar  4 2011 21:26:22


Stacktrace:
 [00] ???                  0x00000600

Operating system:
 Name:     Mac OS X
 Release:  10.6.6
 Machine:  Intel 80486
 Min Ver:  1040
 Compiler: GCC 4.0.1 "4.0.1 (Apple Inc. build 5490)"

Configuration:
 Blitter:      32bpp-anim
 Graphics set: OpenGFX (589)
 Language:     /Applications/Games/Transport Tycoon/MacOSX/openttd-1.1.0-RC2-macosx-universal/OpenTTD.app/Contents/Resources/lang/english_US.lng
 Music driver: cocoa
 Music set:    original_windows (1)
 Network:      client
 Sound driver: cocoa
 Sound set:    original_windows (0)
 Video driver: cocoa

AI Configuration (local: 1):
  0: Human
  1: Human

Libraries:
 FreeType:   2.4.3
 ICU:        4.6
 LZMA:       5.0.0
 LZO:        2.03
 PNG:        1.4.4
 Zlib:       1.2.3

---- gamelog start ----
Tick 0: new game started
     Revision text changed to 1.1.0-RC2, savegame version 160, not modified, _openttd_newgrf_version = 0x110056a9
     New game mode: 1 landscape: 0
---- gamelog end ----

*** End of OpenTTD Crash Report ***
