*** OpenTTD Crash Report ***

Crash at: Sun Jul 11 00:29:12 2010
In game date: 1952-01-01 (1)

Crash reason:
 Signal:  Aborted (6)
 Message: <none>

OpenTTD version:
 Version:    1.0.2 (1)
 NewGRF ver: 10284e20
 Bits:       32
 Endian:     little
 Dedicated:  no
 Build date: Jul 10 2010 02:20:11

Stacktrace:
 [00] ./openttd(_ZNK12CrashLogUnix13LogStacktraceEPcPKc+0x33) [0x823b597]
 [01] ./openttd(_ZNK8CrashLog12FillCrashLogEPcPKc+0xc5) [0x819788d]
 [02] ./openttd(_ZNK8CrashLog12MakeCrashLogEv+0x57) [0x8197947]
 [03] ./openttd [0x823b3f6]
 [04] /lib/tls/libc.so.6 [0xbc6898]
 [05] /lib/ld-linux.so.2 [0xb857a2]
 [06] /lib/tls/libc.so.6(gsignal+0x55) [0xbc67a5]
 [07] /lib/tls/libc.so.6(abort+0xe9) [0xbc8209]
 [08] /usr/lib/libstdc++.so.6(_ZN9__gnu_cxx27__verbose_terminate_handlerEv+0xeb) [0x3c11bb]
 [09] /usr/lib/libstdc++.so.6 [0x3beed1]
 [10] /usr/lib/libstdc++.so.6 [0x3bef06]
 [11] /usr/lib/libstdc++.so.6 [0x3bf04f]
 [12] ./openttd(_ZN8AIObject9DoCommandEjjjjPKcPFvP10AIInstanceE+0x136) [0x8158106]

Operating system:
 Name:     Linux
 Release:  2.6.9-55.24.ELsmp
 Version:  #1 SMP Thu Jul 26 21:57:08 EDT 2007
 Machine:  i686
 Compiler: GCC 3.4.6 "3.4.6 20060404 (Red Hat 3.4.6-8)"

Configuration:
 Blitter:      8bpp-optimized
 Graphics set: original_windows
 Language:     english_US.lng
 Music driver: extmidi
 Music set:    NoMusic
 Network:      no
 Sound driver: sdl
 Sound set:    NoSound
 Video driver: sdl

AI Configuration (local: 0):
  0: Human
  1: AdmiralAI (v22)

Libraries:
 FreeType:   2.1.9
 PNG:        1.2.7
 SDL:        1.2.7
 Zlib:       1.2.1.2

---- gamelog start ----
Tick 0: new game started
     Revision text changed to 1.0.2, savegame version 138, maybe modified, _openttd_newgrf_version = 0x10284e20
     New game mode: 1 landscape: 0
---- gamelog end ----

*** End of OpenTTD Crash Report ***
