*** OpenTTD Crash Report ***

Crash at: Sat Nov 07 10:15:47 2009

Crash reason:
 Exception: C0000005
 Location:  00000000
 Message:   <none>

OpenTTD version:
 Version:    r17975 (0)
 NewGRF ver: 08004637
 Bits:       32
 Endian:     little
 Dedicated:  no
 Build date: Nov  5 2009 19:26:40

Registers:
 EAX: 00C1B900 EBX: 00C353F0 ECX: 00C1B500 EDX: 59280092
 ESI: 00000000 EDI: 00000000 EBP: 0012FB80 ESP: 0012FB54
 EIP: 00000000 EFLAGS: 00010246

 Bytes at instruction pointer:
 ?? ?? ?? ?? ?? ?? ?? ?? ?? ?? ?? ?? ?? ?? ?? ?? ?? ?? ?? ?? ?? ?? ?? ??

Stack trace:
 004DD660 00C353F0 00C353F0 0075ECAC 01000001 00000000 01000001 00000000
 0012FB90 006323F7 FFFFFFFF 0012FB9C 004DD6FA 00000000 00C353F0 0012FBCC
 00632B5B 00000004 0012FBD8 004DD58A 00C353F0 00C353F0 004DD3FB 00000000
 00C33188 004DDC8A 00C0D1F0 00C33188 004DDCE7 00C33188 0012FC04 00631E42
 00000001 0012FC10 004DDBCA 00C33188 00C33188 004DD440 00000000 00C0D1F0
 021F7C68 0075ECAC 00C33188 0012FBF0 0012FC30 00631C56 FFFFFFFF 0012FC3C
 004D97CC 004E6BDC 00C0D1F0 00C138A0 00C138A0 00C0D1F4 0000000B 0012FC70
 006322B2 0000000F 0012FC7C 004D88DB 00C0D1F0 0012FC60 00501DE1 00786800
 00C0D710 00000000 00786800 00C0D5E0 00C13668 00C0D5E0 00C13668 0012FFB0
 00632DC9 FFFFFFFF 0012FD14 004ED2A3 00C0D710 00786800 007BCCA0 0042AF11
 00000000 00000001 0042BA83 0012FD2C 0012FE30 00000001 FFFFFFFE 0100002C
 00C51650 00000000 00000000 00000000 00000000 FFFFFFFF 000206A0 00000000
 00000000 00000000 00000000 FFFFFFFF 00000000 00000000 00000000 0012FF30
 00000000 00000000 00000000 FFFFFFFF 0012FE34 007013EC 00000000 00000000
 0012FF30 0054693C 00000001 0012FE30 FFFFFFFE 00000000 5C3A4322 75636F44
 746E656D 6E612073 65532064 6E697474 525C7367 4D5C5443 6F442079 656D7563
 5C73746E 6E65704F 20445454 38373172 6F5C3739 746E6570 652E6474 20006578
 00BF0100 00BF0000 00000141 00BF75E0 00BF75D8 00BF0168 00BF0100 00000004
 00BF0178 00BF0100 00000000 00BF75F8 00000133 00BF0178 00BF75D8 00BF75E0
 00000020 00000000 00000001 00000001 0012FE7C 77FB7E64 77F81650 FFFFFFFF
 0012FDF4 0060EB2D 00BF0000 00000000 00000018 00BF7390 0012FEEC 0012FEF8
 0012FE0C 0060EBC3 00000018 00BF0100 00000004 00000002 0012FE88 00503298
 00000018 00513EFC 00BF73C8 00513F82 00BF7390 00BF7598 0012FEEC 0012FD2D
 00BF0168 0012FE00 00000003 77F81650 FFFFFF00 00000000 77FCD168 00BF0000

Operating system:
 Name:    Windows
 Release: 5.0.2195 (Service Pack 4)
 MSVC:    Yes

Configuration:
 Blitter:      8bpp-optimized
 Graphics set: OpenGFX
 Language:     english_US.lng
 Music driver: dmusic
 Sound driver: win32
 Sound set:    OpenSFX
 Video driver: win32

AI Configuration:
  0: Human

Libraries:
 FreeType:   2.3.11
 ICU:        4.2.1
 PNG:        1.2.40

Module information:
 C:\Documents and Settings\RCT\My Documents\OpenTTD r17897\openttd.exe handle: 00400000 size: 3628544 crc: 756F72DE date: 2009-11-06 03:30:46
 C:\WINNT\system32\ntdll.dll handle: 77F80000 size: 483600 crc: 4134591B date: 2005-08-16 09:39:00
 C:\WINNT\system32\WINMM.dll handle: 77570000 size: 189200 crc: 4D22CDCF date: 2002-08-09 16:19:03
 C:\WINNT\system32\USER32.DLL handle: 77E10000 size: 381200 crc: 198EB4F7 date: 2007-03-06 11:17:48
 C:\WINNT\system32\KERNEL32.dll handle: 7C570000 size: 712976 crc: 89B5A6EB date: 2007-04-16 12:44:08
 C:\WINNT\system32\GDI32.dll handle: 77F40000 size: 237840 crc: E1A7FDA4 date: 2008-10-23 05:27:42
 C:\WINNT\system32\ADVAPI32.DLL handle: 7C2D0000 size: 401168 crc: ACC28968 date: 2005-04-21 08:08:44
 C:\WINNT\system32\RPCRT4.dll handle: 77D30000 size: 437008 crc: 71527543 date: 2009-04-22 13:38:54
 C:\WINNT\system32\WS2_32.dll handle: 75030000 size: 69904 crc: 81A863AD date: 2003-06-19 20:05:04
 C:\WINNT\system32\MSVCRT.DLL handle: 78000000 size: 286773 crc: F2541912 date: 2003-06-19 20:05:04
 C:\WINNT\system32\WS2HELP.DLL handle: 75020000 size: 18192 crc: 4DA41EA8 date: 2002-08-09 16:19:45
 C:\WINNT\system32\SHELL32.dll handle: 7CF30000 size: 2362640 crc: 8C2CC003 date: 2008-04-15 23:13:30
 C:\WINNT\system32\SHLWAPI.dll handle: 70A70000 size: 402944 crc: 14D760D9 date: 2009-08-27 23:53:00
 C:\WINNT\system32\COMCTL32.dll handle: 71710000 size: 530192 crc: D77CEFD8 date: 2006-08-28 08:44:10
 C:\WINNT\system32\SHFolder.dll handle: 719B0000 size: 22528 crc: E5396C74 date: 2002-08-29 15:14:40
 C:\WINNT\system32\wdmaud.drv handle: 77560000 size: 21264 crc: 77700FE7 date: 2003-06-19 20:05:04
 C:\WINNT\system32\msacm32.drv handle: 77400000 size: 21264 crc: 8652F554 date: 2002-08-09 16:11:45
 C:\WINNT\system32\MSACM32.dll handle: 77410000 size: 66832 crc: 44BEAFF2 date: 2002-08-09 16:11:45
 C:\WINNT\system32\ole32.dll handle: 7CE20000 size: 957712 crc: AA2A941F date: 2005-09-05 08:18:46
 C:\WINNT\system32\CLBCATQ.DLL handle: 7C950000 size: 551184 crc: 0B683C02 date: 2005-09-05 08:18:46
 C:\WINNT\system32\OLEAUT32.dll handle: 779B0000 size: 631056 crc: 3D351355 date: 2007-12-05 10:40:00
 C:\WINNT\System32\DSOUND.dll handle: 51080000 size: 381952 crc: 71BC2B1C date: 2004-07-09 12:27:28
 C:\WINNT\system32\VERSION.dll handle: 77820000 size: 16144 crc: F4A3147D date: 2003-06-19 20:05:04
 C:\WINNT\system32\LZ32.DLL handle: 759B0000 size: 10000 crc: 4B5EC897 date: 2003-06-19 20:05:04
 C:\WINNT\system32\KsUser.dll handle: 5EF80000 size: 4096 crc: 853DEC10 date: 2002-12-12 08:14:32
 C:\WINNT\system32\midimap.dll handle: 6BFB0000 size: 19216 crc: 159410EE date: 2002-08-09 16:11:23
 C:\WINNT\system32\msafd.dll handle: 74FD0000 size: 105744 crc: 5E8AE91F date: 2008-06-25 09:41:54
 C:\WINNT\system32\DNSAPI.DLL handle: 77980000 size: 137488 crc: 8537C8E6 date: 2008-06-25 09:41:54
 C:\WINNT\system32\WSOCK32.dll handle: 75050000 size: 21776 crc: 5A4D6F96 date: 2003-06-19 20:05:04
 C:\WINNT\system32\iphlpapi.dll handle: 77340000 size: 68368 crc: 3A5EDE3F date: 2006-05-19 09:18:24
 C:\WINNT\system32\ICMP.dll handle: 77520000 size: 7440 crc: F325290D date: 2002-08-09 16:09:11
 C:\WINNT\system32\MPRAPI.dll handle: 02B80000 size: 81168 crc: 55FA42D2 date: 2002-08-09 16:11:38
 C:\WINNT\system32\SAMLIB.DLL handle: 75150000 size: 51984 crc: 44D81FF8 date: 2005-04-08 11:54:36
 C:\WINNT\system32\NETAPI32.DLL handle: 7CDC0000 size: 310032 crc: 1A2BB030 date: 2008-10-17 17:41:56
 C:\WINNT\system32\Secur32.dll handle: 7C340000 size: 47376 crc: 9FAA5266 date: 2009-02-04 04:20:16
 C:\WINNT\system32\NTDSAPI.dll handle: 77BF0000 size: 57616 crc: 2F3D8454 date: 2003-06-19 20:05:04
 C:\WINNT\system32\WLDAP32.DLL handle: 77950000 size: 146192 crc: 6658589B date: 2005-04-08 11:54:30
 C:\WINNT\system32\NETRAP.dll handle: 751C0000 size: 11536 crc: AD39AFF3 date: 2002-08-09 16:12:56
 C:\WINNT\system32\ACTIVEDS.DLL handle: 773B0000 size: 182032 crc: 8ECD2E2A date: 2003-06-19 20:05:04
 C:\WINNT\system32\ADSLDPC.DLL handle: 02BA0000 size: 134928 crc: 51805B17 date: 2005-04-08 11:54:32
 C:\WINNT\system32\RTUTILS.DLL handle: 77830000 size: 44816 crc: BCF0053E date: 2002-08-09 16:14:54
 C:\WINNT\system32\SETUPAPI.DLL handle: 77880000 size: 570128 crc: CAA02BE7 date: 2003-06-19 20:05:04
 C:\WINNT\system32\USERENV.DLL handle: 7C0F0000 size: 399120 crc: 7DD58662 date: 2005-04-08 11:54:30
 C:\WINNT\system32\RASAPI32.dll handle: 774E0000 size: 200464 crc: 33F86800 date: 2005-04-08 11:54:32
 C:\WINNT\system32\rasman.dll handle: 774C0000 size: 58128 crc: 432EBFFB date: 2005-04-08 11:54:32
 C:\WINNT\system32\TAPI32.dll handle: 77530000 size: 126736 crc: 2F28F517 date: 2003-06-19 20:05:04
 C:\WINNT\system32\DHCPCSVC.DLL handle: 77360000 size: 89872 crc: B9C3BB71 date: 2006-05-19 09:18:24
 C:\WINNT\system32\rasadhlp.dll handle: 777F0000 size: 7440 crc: CE843645 date: 2006-07-06 11:45:32
 C:\WINNT\system32\cscui.dll handle: 77840000 size: 242960 crc: 4390A792 date: 2003-06-19 20:05:04
 C:\WINNT\system32\CSCDLL.DLL handle: 770C0000 size: 101136 crc: 61DCAE7C date: 2003-06-19 20:05:04
 C:\WINNT\system32\psapi.dll handle: 690A0000 size: 28944 crc: 9E1098C8 date: 2002-08-09 16:14:21

---- gamelog start ----
Tick 0: new game started
     Revision text changed to r15298, savegame version 112, not modified, _openttd_newgrf_version = 0x07003bc2
     New game mode: 2 landscape: 1
     Added NewGRF: GRF ID 4D656F97, checksum A0D76CE54A7B4FAF47387C5F386775BB, filename: ecs_agricultural_vector.b5__20_oct_2009_\ecsagriw.grf
     Added NewGRF: GRF ID 4D656F92, checksum 5E5462235E620BF92E63085907C9E4C3, filename: ecs_basic_vector.b5__28_jun_2009_\ecsbasicw.grf
     Added NewGRF: GRF ID 4D656F9C, checksum 2BEDF12F237807DF212DD48DE6B9C061, filename: ecs_chemical_vector_ii.b5__27_jun_2009_\ecschem2w.grf
     Added NewGRF: GRF ID 4D656F96, checksum 6B960BF239B6A67B81BD53D526474A3B, filename: ecs_construction_vector.b5__02_aug_2009_\ecsconstw.grf
     Added NewGRF: GRF ID 4D656F9D, checksum 77103E227D053EB21B2D51A6D042816F
     Added NewGRF: GRF ID 4D656F94, checksum 715B1D8B28F44F4E95C1270D83E07EF8, filename: ecs_machinery_vector.b5__25_sep_2009_\ecsmachw.grf
     Added NewGRF: GRF ID 4D656F95, checksum 309B65C58FA9A6ABE4AC2932882FC6E0, filename: ecs_wood_vector.b5__28_jun_2009_\ecswoodw.grf
Tick 0: settings changed
     Setting changed: station.always_small_airport : 0 -> 1
Tick 0: settings changed
     Setting changed: vehicle.dynamic_engines : 0 -> 1
Tick 0: GRF config changed
     Added NewGRF: GRF ID 43414361, checksum 4FF21D837F0C19EF91DB383B62FB3151
Tick 0: game loaded
     Revision text changed to r17975, savegame version 127, not modified, _openttd_newgrf_version = 0x08004637
     New game mode: 1 landscape: 1
     Compatible NewGRF loaded: GRF ID 4D656F97, checksum 61963F35F0B82C895345D2B849E92B94, filename: ecs_agricultural_vector.b5__20_oct_2009_\ecsagriw.grf
     Compatible NewGRF loaded: GRF ID 4D656F92, checksum CFFF044D006AFE0F9458EE02ECD6CCDE, filename: ecs_basic_vector.b5__28_jun_2009_\ecsbasicw.grf
     Compatible NewGRF loaded: GRF ID 4D656F9C, checksum 285F2B640F1CEBA500308EFD57BCD1DC, filename: ecs_chemical_vector_ii.b5__27_jun_2009_\ecschem2w.grf
     Compatible NewGRF loaded: GRF ID 4D656F96, checksum 96F011E46F5E1961C09D23268D1BFC26, filename: ecs_construction_vector.b5__02_aug_2009_\ecsconstw.grf
     Removed NewGRF: 4D656F9D
     Compatible NewGRF loaded: GRF ID 4D656F94, checksum 3ACF0D96127544A368BE50801DD41A96, filename: ecs_machinery_vector.b5__25_sep_2009_\ecsmachw.grf
     Compatible NewGRF loaded: GRF ID 4D656F95, checksum 4E73D1420E11F87522923AFBF929843E, filename: ecs_wood_vector.b5__28_jun_2009_\ecswoodw.grf
     Removed NewGRF: 43414361
Tick 0: GRF config changed
     Added NewGRF: GRF ID 44440302, checksum 439275017478C2E5E7AA25F5E191903D, filename: north_american_renewal_set.2.02\nars2w.grf
Tick 5968: GRF config changed
     Added NewGRF: GRF ID 27711002, checksum 3E2A2578101FFB3DD8AFC451CC43C8D0, filename: 2cctrainset.grf
Tick 6244: GRF config changed
     Added NewGRF: GRF ID 4D656F17, checksum 29C4591139251FA114B328F7B76098AD, filename: 4LVw.grf
---- gamelog end ----

*** End of OpenTTD Crash Report ***
