*** OpenTTD Crash Report ***

Crash at: Wed Aug 29 17:58:43 2012
In game date: 2051-05-09 (27)

Crash reason:
 Exception: C0000005
 Location:  000000013F54BC0D
 Message:   <none>

OpenTTD version:
 Version:    r24501 (0)
 NewGRF ver: 13005fb5
 Bits:       64
 Endian:     little
 Dedicated:  no
 Build date: Aug 29 2012 11:35:58

Registers:
 RAX: 0000000000000000 RBX: 000000000D609780 RCX: 0000000000000000 RDX: 0000000000000000
 RSI: 000000000DC5E001 RDI: 0000000000000000 RBP: 0000000000000600 RSP: 00000000002EDD50
 R8:  000000000D609A50 R9:  0000000000000000 R10: 0000000000000001 R11: 0000000000000000
 R12: 0000000000000000 R13: 00000000001FC7B2 R14: FFFFFFFFFFFFFFFF R15: 0000000000000001
 RIP: 000000013F54BC0D EFLAGS: 00010202

 Bytes at instruction pointer:
 4C 8B 40 30 E9 88 00 00 00 4C 8B 05 33 94 7E 00 B2 01 48 8B CB E8 99 E9

Stack trace:
 0D609780 00000000 0DC5E001 00000000 001FC7B2 00000000 00000000 00000000
 00000000 00000000 3F3A175C 00000001 0DC5DF30 00000000 0DC5DF30 00000000
 0DC5E001 00000000 00000000 00000000 00000000 00000000 00000000 00000000
 00000000 00000000 3F322A40 00000001 0DD3E7A0 00000000 00000616 00000000
 0DC5E018 00000000 3FCF4390 00000001 00000008 00000000 3F3215E1 00000001
 3FCF4280 00000001 002EDEF0 00000000 00000000 00000000 00000000 00000000
 0DE603E0 00000000 00000000 00000000 00000001 00000000 01EF0080 00000000
 3FBD8C90 00000001 00000008 00000000 FFFFFFFE FFFFFFFF 00000000 00000000
 00000001 00000000 00000000 00000000 00000000 00000000 01EF0080 00000000
 77B25410 00000000 00000000 00000000 00000090 00000000 003A0000 00000000
 00000080 00000000 00000080 00000000 003A0308 00000000 77A63488 00000000
 00000000 00000000 00000080 00000000 0F7A000E 00003520 01EF0470 00000000
 00000080 00000000 00000080 00000000 003A0308 00000000 77A63488 00000000
 00000000 00000000 00000080 00000000 0F0E000F 00003520 01EF0470 00000000
 00000000 00000000 00000000 00000000 00000080 00000000 0DF3E7B8 00000000
 0DE603E0 00000000 00000000 00000000 00000000 00000000 0D609780 00000000
 3FCF4280 00000001 00000000 00000000 00000080 00000000 0DF3E7B8 00000000
 FFFFFFFE FFFFFFFF 3F67ED5B 00000001 000000B7 00000000 0D609780 00000000
 3FCF4280 00000001 00000000 00000000 00000080 00000000 0DF3E7B8 00000000
 002EE088 00000000 3F67ED5B 00000001 0D71FA28 00000000 0D71FA20 00000000
 00000001 00000000 00000000 00000000 00000080 00000000 00000000 00000000
 0D71FA28 00000000 7770301A 00000000 00000002 00000000 002EE110 00000000
 0D60F5D0 00000000 3F32224A 00000001 00000010 00000000 3F67ECDC 00000001
 0D71FFD0 00000000 00000181 00000000 002EE130 00000000 0D71FFC0 00000000

Operating system:
 Name:     Windows
 Release:  6.1.7601 (Service Pack 1)
 Compiler: MSVC 1600

Configuration:
 Blitter:      8bpp-optimized
 Graphics set: OpenGFX (978)
 Language:     C:\games\OpenTTD\lang\english_US.lng
 Music driver: win32
 Music set:    NoMusic (0)
 Network:      no
 Sound driver: win32
 Sound set:    NoSound (2)
 Video driver: win32

AI Configuration (local: 0):
  0: Human

Libraries:
 FreeType:   2.4.5
 ICU:        4.4.2
 LZMA:       5.0.3
 LZO:        2.05
 PNG:        1.5.4
 Zlib:       1.2.5

Module information:
 C:\games\OpenTTD\openttd.exe handle: 000000013F2E0000 size: 10528768 crc: 20D18400 date: 2012-08-29 11:39:57
 C:\Windows\SYSTEM32\ntdll.dll handle: 0000000077A10000 size: 1731920 crc: 71D20A99 date: 2011-11-17 06:41:18
 C:\Windows\system32\kernel32.dll handle: 00000000776E0000 size: 1162752 crc: 4F9F79FE date: 2011-07-16 05:37:12
 C:\Windows\system32\KERNELBASE.dll handle: 000007FEFE090000 size: 421888 crc: D7A16149 date: 2011-07-16 05:37:12
 C:\Windows\system32\WINMM.dll handle: 000007FEFA1C0000 size: 217600 crc: 7BC1529F date: 2009-07-14 01:41:56
 C:\Windows\system32\msvcrt.dll handle: 000007FEFE7F0000 size: 634880 crc: 9D1B448A date: 2011-12-16 08:46:06
 C:\Windows\system32\USER32.dll handle: 00000000775E0000 size: 1008128 crc: 70FF7D7F date: 2010-11-20 13:27:27
 C:\Windows\system32\GDI32.dll handle: 000007FEFEA90000 size: 403968 crc: 3D5BC405 date: 2010-11-20 13:26:25
 C:\Windows\system32\LPK.dll handle: 000007FEFEA80000 size: 41984 crc: 350AF03B date: 2009-07-14 01:41:19
 C:\Windows\system32\USP10.dll handle: 000007FEFFC50000 size: 800256 crc: B511F4B9 date: 2010-11-20 13:27:27
 C:\Windows\system32\WS2_32.dll handle: 000007FEFE460000 size: 297984 crc: 0F68689B date: 2010-11-20 13:27:29
 C:\Windows\system32\RPCRT4.dll handle: 000007FEFE6C0000 size: 1219584 crc: 5217F07C date: 2010-11-20 13:27:24
 C:\Windows\system32\NSI.dll handle: 000007FEFEA70000 size: 13824 crc: 53B46F6C date: 2009-07-14 01:41:53
 C:\Windows\system32\ADVAPI32.dll handle: 000007FEFE380000 size: 877056 crc: FA615A20 date: 2009-07-14 01:40:01
 C:\Windows\SYSTEM32\sechost.dll handle: 000007FEFE2C0000 size: 113664 crc: 978CFAE5 date: 2009-07-14 01:41:53
 C:\Windows\system32\SHELL32.dll handle: 000007FEFEC10000 size: 14172672 crc: 80527F5B date: 2012-06-09 05:43:10
 C:\Windows\system32\SHLWAPI.dll handle: 000007FEFFBD0000 size: 448512 crc: 086DF743 date: 2010-11-20 13:27:25
 C:\Windows\system32\IMM32.DLL handle: 000007FEFF9A0000 size: 167424 crc: 41B2805A date: 2009-07-14 01:41:09
 C:\Windows\system32\MSCTF.dll handle: 000007FEFEB00000 size: 1067008 crc: 798DDDA0 date: 2009-07-14 01:41:28
 c:\program files (x86)\f-secure\hips\fshook64.dll handle: 0000000066F80000 size: 452296 crc: 789AD8AF date: 2011-08-30 17:03:42
 C:\Windows\system32\PSAPI.DLL handle: 0000000077BE0000 size: 9216 crc: 84B5E9BA date: 2009-07-14 01:41:53
 C:\Windows\system32\SHFolder.dll handle: 000007FEF6F90000 size: 10240 crc: 08A48DE3 date: 2009-07-14 01:41:54
 C:\Windows\system32\ole32.dll handle: 000007FEFE4B0000 size: 2086912 crc: 72F91CD0 date: 2010-11-20 13:27:23
 C:\Windows\system32\uxtheme.dll handle: 000007FEFC590000 size: 332288 crc: B0A13DF9 date: 2009-07-14 01:41:56
 C:\Windows\system32\dwmapi.dll handle: 000007FEFC1B0000 size: 82432 crc: A459F360 date: 2009-07-14 01:40:34
 C:\Windows\system32\CRYPTBASE.dll handle: 000007FEFDDA0000 size: 44032 crc: F547C16E date: 2009-07-14 01:40:24
 C:\Program Files (x86)\F-Secure\FSPS\program\fslsp_x64.dll handle: 0000000075270000 size: 224968 crc: 644EF2F0 date: 2011-08-30 17:03:54
 c:\program files (x86)\f-secure\scanner-interface\fsgkiapi_x64.dll handle: 0000000180000000 size: 368328 crc: D0CAE258 date: 2011-08-30 17:03:34
 C:\Windows\system32\mswsock.dll handle: 000007FEFD6E0000 size: 326144 crc: 136B1525 date: 2010-11-20 13:27:10
 C:\Windows\System32\wshtcpip.dll handle: 000007FEFD040000 size: 13312 crc: 5D1E2C55 date: 2009-07-14 01:41:58
 C:\Windows\system32\MMDevAPI.DLL handle: 000007FEFCC90000 size: 284160 crc: CDF2EF81 date: 2009-07-14 01:41:26
 C:\Windows\system32\PROPSYS.dll handle: 000007FEFCB60000 size: 1212416 crc: B83FA3BE date: 2010-11-20 13:27:23
 C:\Windows\system32\OLEAUT32.dll handle: 000007FEFFA50000 size: 861696 crc: 1F331414 date: 2011-08-27 05:37:49
 C:\Windows\system32\wdmaud.drv handle: 000007FEF72F0000 size: 217088 crc: 12829973 date: 2010-11-20 13:24:21
 C:\Windows\system32\ksuser.dll handle: 0000000072D70000 size: 5120 crc: AA2071D9 date: 2009-07-14 01:41:13
 C:\Windows\system32\AVRT.dll handle: 000007FEFCB50000 size: 18432 crc: 5CE53CB7 date: 2009-07-14 01:40:05
 C:\Windows\system32\SETUPAPI.dll handle: 000007FEFE890000 size: 1900544 crc: A364BD6A date: 2010-11-20 13:27:25
 C:\Windows\system32\CFGMGR32.dll handle: 000007FEFE1E0000 size: 207872 crc: 1984C339 date: 2010-11-20 13:25:50
 C:\Windows\system32\DEVOBJ.dll handle: 000007FEFE220000 size: 93184 crc: A7541AE2 date: 2009-07-14 01:40:28
 C:\Windows\system32\AUDIOSES.DLL handle: 000007FEF72A0000 size: 296448 crc: 90389554 date: 2010-11-20 13:25:42
 C:\Windows\system32\msacm32.drv handle: 000007FEF85E0000 size: 25600 crc: 2B579A05 date: 2009-07-14 01:38:50
 C:\Windows\system32\MSACM32.dll handle: 000007FEF6FF0000 size: 83456 crc: 3D67538B date: 2009-07-14 01:41:27
 C:\Windows\system32\midimap.dll handle: 000007FEF6FE0000 size: 20480 crc: CB902A13 date: 2009-07-14 01:41:23
 C:\Windows\system32\CLBCatQ.DLL handle: 000007FEFE2E0000 size: 607744 crc: 939E35C9 date: 2009-07-14 01:40:15
 C:\Windows\System32\wship6.dll handle: 000007FEFD6D0000 size: 13824 crc: E3FBF123 date: 2009-07-14 01:41:58
 C:\Windows\system32\DNSAPI.dll handle: 000007FEFD560000 size: 357888 crc: 194CAF1C date: 2011-03-03 06:24:15
 C:\Program Files\Common Files\Microsoft Shared\Windows Live\WLIDNSP.DLL handle: 000007FEF9D40000 size: 171392 crc: BE3AE755 date: 2011-03-28 19:11:06
 C:\Windows\system32\IPHLPAPI.DLL handle: 000007FEFBC30000 size: 145920 crc: 000D9F17 date: 2010-11-20 13:26:39
 C:\Windows\system32\WINNSI.DLL handle: 000007FEFBC20000 size: 26112 crc: 744B2434 date: 2009-07-14 01:41:56
 C:\Windows\system32\rasadhlp.dll handle: 000007FEF9D30000 size: 16384 crc: C5FD1616 date: 2009-07-14 01:41:53
 C:\Windows\System32\fwpuclnt.dll handle: 000007FEFBAB0000 size: 324096 crc: 37B502C2 date: 2009-07-14 01:40:55
 C:\Program Files\Dell\QuickSet\dadkeyb.dll handle: 0000000001E30000 size: 89168 crc: 02E89D89 date: 2009-07-02 14:14:40

---- gamelog start ----
Tick 62675: game loaded
     Conversion from OTTD savegame without gamelog: version 4, 1
     Revision text changed to r24501, savegame version 176, not modified, _openttd_newgrf_version = 0x13005fb5
     New game mode: 0 landscape: 1
---- gamelog end ----

*** End of OpenTTD Crash Report ***

Decoded stack trace:
[00] openttd              0x000000013F54BC0D
[01] openttd              0x000000013F3A175C
[02] openttd              0x000000013F322A40
[03] openttd              0x000000013F3215E1
[04] openttd              0x000000013F321950
[05] openttd              0x000000013F54D62C
[06] openttd              0x000000013F54D774
[07] openttd              0x000000013F3191A5
[08] openttd              0x000000013F32CC0E
[09] openttd              0x000000013F588DF5
[10] openttd              0x000000013F32A984
[11] openttd              0x000000013F58B32A
[12] openttd              0x000000013F68643C
[13] kernel32             0x00000000776F652D BaseThreadInitThunk + 13
[14] ntdll                0x0000000077A3C521 RtlUserThreadStart + 33

*** End of additional info ***
