*** OpenTTD Crash Report ***
Date: 2007-11-11 10:48:23
Build: 0.5.3 built on Sep 15 2007 14:00:54
Exception C0000005 at 7C9122BA
Registers:
 EAX: 00000380 EBX: 00000201 ECX: 0000037F EDX: 00000000
 ESI: 00AC0178 EDI: 01EF0000 EBP: 0012F7AC ESP: 0012F7A0
 EIP: 7C9122BA EFLAGS: 00010206

Bytes at CS:EIP:
 0F B7 5A F8 3B 5D 0C 72 07 8B C2 E9 01 FE FF FF 8B 12 3B F2 75 EA E9 AC

Stack trace: 
 00000801 00AC0000 00000000 0012F9DC 7C912237 00AC0178 00000801 00004000
 00000000 7C9105D4 7C911538 7C911596 7C9106EB 00000408 00000000 7C9105D4
 004C2810 00603418 00744428 00885438 00A46040 00B87050 00CC8060 00D49470
 00E0A880 00ECBC94 00501C04 00642814 00783828 008C4C40 00A06460 00B88888
 01ABE010 00303454 00404064 00505074 00646488 008484A4 00AC0178 00D4D4E0
 00303030 00402C90 01EF0000 00684CC4 007858E0 00AD0000 00A088FC 00BCA8FC
 01EF0000 00002484 000034A0 00AD0000 000060D4 001878DC 00B3C080 0058A8F0
 0080C4FC 00BCE0FC 00104060 0018506C 00AF4738 00347084 00B3D080 0074ACC0
 009CCCDC 00CCF0FC 00AC3434 00D43434 00AF4B40 00FC6458 00000008 00FCB8A0
 00FCD8C8 00FCF4EC 00481470 005C2C8C 00000008 008C64C4 00AF1DF0 00CCB4FC
 00CCB4FC 00AF94B0 003C0000 00B3D088 00AFC008 01A70048 00C40000 00AC0178
 00FC0000 00AF4B48 00FC6C00 00AFC000 00FCA400 00AC0178 00FCDC00 00FCFC00
 00CC8808 00E49004 00FC9C00 00FCB030 000001F0 00FCD898 00081858 000C2468
 0014347C 001C448C 00000098 01A70050 004898D8 0064ACE0 005C9C34 006CB040
 007CC84C 00AFC008 00E0F4FC 00CCF0FC 00B3C080 0084BCD8 00000801 00101010
 00202020 00284C78 00AF4738 00305480 00000082 00B3C078 006484A8 00000000
 00000000 00B3C078 00000000 00000000 00D49480 00AC0178 00004008 00014730
 00AC0000 0012F7BC 0012F3C4 0012FA28 7C90EE18 7C9106F0 00000000 00004000
 004C5755 00AC0000 00000000 00004000 00B3D080 0012FA74 0047E7C1 0012FA14
 004C93A2 00004000 00BA1BD0 0012FA74 0047E7C1 0012FA34 0048073D 00004000
 00BA1BD0 0012FA74 0012FA50 004DCD53 00000001 0012FA5C 0047EF1F 0012FA74
 00BA1BD0 00009F93 0047E7C1 00BA1BD0 0012FB38 004DD1E2 FFFFFFFF 0012FB44
 0047E7E4 0012FA74 00BA4870 00BA1BD0 0047E7C1 00AF4740 00B3C080 00000000
 00000000 004387D6 00000000 ED127000 ED126D64 00000000 0012FFB0 7FFDF000

Module information:
 C:\Arquivos de programas\OpenTTD\openttd.exe handle: 00400000 size: 1356288 crc: C3643487 date: 2007-09-15 12:02:02
 C:\WINDOWS\system32\ntdll.dll handle: 7C900000 size: 723968 crc: 864B9448 date: 2004-08-04 03:45:18
 C:\WINDOWS\system32\kernel32.dll handle: 7C800000 size: 1023488 crc: 2B7B3079 date: 2007-04-16 15:53:09
 C:\WINDOWS\system32\WINMM.dll handle: 76B20000 size: 179200 crc: 87ECC653 date: 2004-08-04 03:45:28
 C:\WINDOWS\system32\USER32.dll handle: 7E360000 size: 578048 crc: 59F62DF1 date: 2007-03-08 15:36:54
 C:\WINDOWS\system32\GDI32.dll handle: 77E50000 size: 282112 crc: 028CA8EB date: 2007-06-19 13:31:22
 C:\WINDOWS\system32\ADVAPI32.dll handle: 77F50000 size: 683008 crc: 93C24A29 date: 2004-08-04 03:45:22
 C:\WINDOWS\system32\RPCRT4.dll handle: 77DB0000 size: 584192 crc: F6423892 date: 2007-07-09 13:09:42
 C:\WINDOWS\system32\Secur32.dll handle: 77F20000 size: 55808 crc: AAA1325D date: 2004-08-04 03:45:28
 C:\WINDOWS\system32\WS2_32.dll handle: 71A70000 size: 82944 crc: D80CBAC7 date: 2004-08-04 03:45:30
 C:\WINDOWS\system32\msvcrt.dll handle: 77BF0000 size: 343040 crc: BF3B868C date: 2004-08-04 03:45:26
 C:\WINDOWS\system32\WS2HELP.dll handle: 71A60000 size: 19968 crc: B03A47E3 date: 2004-08-04 03:45:30
 C:\WINDOWS\system32\serwvdrv.dll handle: 5D1D0000 size: 14848 crc: 0B1DC7CE date: 2001-10-28 12:07:26
 C:\WINDOWS\system32\umdmxfrm.dll handle: 5B4F0000 size: 13312 crc: EF47858C date: 2001-10-28 12:07:34
 C:\WINDOWS\system32\wdmaud.drv handle: 72CD0000 size: 23552 crc: D1AC0705 date: 2004-08-04 03:55:42
 C:\WINDOWS\system32\WINTRUST.dll handle: 76C10000 size: 176640 crc: 2E56CC05 date: 2004-08-04 03:45:28
 C:\WINDOWS\system32\CRYPT32.dll handle: 77A60000 size: 603648 crc: F42F4B9A date: 2004-08-04 03:45:22
 C:\WINDOWS\system32\MSASN1.dll handle: 77B00000 size: 57344 crc: 8C566294 date: 2004-08-04 03:45:24
 C:\WINDOWS\system32\IMAGEHLP.dll handle: 76C70000 size: 144384 crc: 43452719 date: 2004-08-04 03:45:24
 C:\WINDOWS\system32\msacm32.drv handle: 72CC0000 size: 20992 crc: 39FBED6A date: 2001-10-28 12:07:02
 C:\WINDOWS\system32\MSACM32.dll handle: 77BC0000 size: 71680 crc: 2A078961 date: 2004-08-04 03:45:24
 C:\WINDOWS\system32\midimap.dll handle: 77BB0000 size: 18944 crc: B9C7C450 date: 2004-08-04 03:45:24
 C:\WINDOWS\system32\ole32.dll handle: 774C0000 size: 1284608 crc: 0604855F date: 2005-07-26 04:40:32
 C:\WINDOWS\system32\uxtheme.dll handle: 5B1C0000 size: 219648 crc: A0C2EAE7 date: 2007-10-06 00:44:13
 C:\WINDOWS\system32\MSCTF.dll handle: 746E0000 size: 294400 crc: 13075D58 date: 2004-08-04 03:45:24
 C:\WINDOWS\system32\CLBCATQ.DLL handle: 76FB0000 size: 498688 crc: EA9949B7 date: 2005-07-26 04:40:29
 C:\WINDOWS\system32\COMRes.dll handle: 77030000 size: 821760 crc: 1E5319A1 date: 2004-08-04 03:45:22
 C:\WINDOWS\system32\OLEAUT32.dll handle: 77100000 size: 549376 crc: 9E7A331E date: 2007-05-17 11:30:00
 C:\WINDOWS\system32\VERSION.dll handle: 77BE0000 size: 18944 crc: 69E60AAF date: 2004-08-04 03:45:28
 C:\WINDOWS\system32\dmime.dll handle: 59A70000 size: 181248 crc: 6DD4DA8C date: 2004-08-04 03:45:22
 C:\WINDOWS\system32\DSOUND.dll handle: 73EC0000 size: 367616 crc: 4735DC33 date: 2004-08-04 03:45:22
 C:\WINDOWS\system32\dmusic.dll handle: 6CEE0000 size: 104448 crc: 7C9504B6 date: 2004-08-04 03:45:22
 C:\WINDOWS\system32\KsUser.dll handle: 73E90000 size: 4096 crc: 7ECF5DCA date: 2004-08-04 03:45:24
 C:\WINDOWS\system32\dmsynth.dll handle: 6CF00000 size: 103424 crc: 9D231E04 date: 2004-08-04 03:45:22
 C:\WINDOWS\system32\dmloader.dll handle: 6CF70000 size: 35840 crc: C6566D84 date: 2004-08-04 03:45:22
 C:\WINDOWS\system32\mswsock.dll handle: 71A10000 size: 247808 crc: 7A47293F date: 2004-08-04 03:45:26
 C:\WINDOWS\system32\hnetcfg.dll handle: 60B30000 size: 346624 crc: 72EB26E8 date: 2004-08-04 03:45:24
 C:\WINDOWS\System32\wshtcpip.dll handle: 71A50000 size: 19968 crc: 7A6629A4 date: 2004-08-04 03:45:30
 C:\WINDOWS\system32\dmstyle.dll handle: 6CF20000 size: 105984 crc: D46A5D2B date: 2004-08-04 03:45:22
 C:\WINDOWS\system32\dmband.dll handle: 6D120000 size: 28672 crc: 2396C4A9 date: 2004-08-04 03:45:22
 C:\WINDOWS\system32\psapi.dll handle: 76BD0000 size: 23040 crc: EA732FBD date: 2004-08-04 03:45:26

System information:
 Windows version 5.1 2600 S
