*** OpenTTD Crash Report ***

Crash at: Sat Dec 07 22:03:20 2013
In game date: 1976-04-15 (35)

Crash reason:
 Exception: E1212012
 Location:  000007FEFD68940D
 Message:   Assertion failed at line 58 of c:\bamboo-agent-home\xml-data\build-dir\ottd-nightly-w64bit\src\road_func.h: IsValidRoadType(rt)

OpenTTD version:
 Version:    r26145 (0)
 NewGRF ver: 14006621
 Bits:       64
 Endian:     little
 Dedicated:  no
 Build date: Dec  6 2013 19:17:04

Registers:
 RAX: 0000000077ADD385 RBX: 0000000000000016 RCX: 000000000030E210 RDX: 0000000000000000
 RSI: 0000000000000000 RDI: 0000000000000008 RBP: 000000000030F170 RSP: 000000000030E820
 R8:  0000000000000000 R9:  0000000000000000 R10: 0000000000000000 R11: 0000000000000286
 R12: 0000000140594B50 R13: 000000013FB62544 R14: 0000000000000001 R15: 0000006100000000
 RIP: 000007FEFD68940D EFLAGS: 00000202

 Bytes at instruction pointer:
 48 81 C4 C8 00 00 00 C3 90 90 90 90 90 90 90 90 90 90 90 48 8B C4 48 83

Stack trace:
 00000016 00000000 00000000 00000000 00000008 00000000 00000000 00000000
 E1212012 00000000 00000000 00000000 FD68940D 000007FE 00000000 00000000
 40AA8050 00000001 7779146B 00000000 FD566F35 000007FE 000304FE 00000000
 00000010 00000000 40502BA8 00000001 00000050 00000000 000304FE 00000000
 00000000 00000000 77853C2A 00000000 40502BA8 00000001 00000010 00000000
 00000000 00000000 00000000 00000000 00000000 00000000 00000000 00000000
 00000001 00000000 3FC4DF19 00000001 00000016 00000000 AFC9D627 00000000
 00000001 00000000 77849CAA 00000000 00000000 00000000 00000000 00000061
 00000001 00000000 00000011 00000000 0F7F3FE0 00000000 0000001E 00000000
 0D7E33C0 00000000 3FC4D2D0 00000001 00000001 00000000 00000001 00000000
 00000003 00000000 FFFFFFFF 00000001 00000001 00000000 3F8DD273 00000001
 00000001 00000000 0030F170 00000000 00000003 00000000 10A4BA20 00000000
 65737341 6F697472 6166206E 64656C69 20746120 656E696C 20383520 6320666F
 61625C3A 6F6F626D 6567612D 682D746E 5C656D6F 2D6C6D78 61746164 6975625C
 642D646C 6F5C7269 2D647474 6867696E 2D796C74 62343677 735C7469 725C6372
 5F64616F 636E7566 203A682E 61567349 5264696C 5464616F 28657079 00297472
 0A008000 00000000 10A4B780 00000000 0F6B9DC0 00000000 3FA8CBE3 00000001
 10A4BA20 00000000 0F67AA60 00000000 0D7E33C0 00000000 00000003 00000000
 00000003 00000000 0F6B9DC0 00000000 00000009 00000000 00000020 00000000
 00000009 00000000 3FA6FBF7 00000001 00000000 00000000 00000000 00000000
 08000200 00000000 0F6B9DC0 00000000 00000000 00000000 00000000 00000015
 00000017 00000000 00000001 00000000 00000000 00000000 00000000 00000000
 FFFFFFFE FFFFFFFF 10A4B780 00000000 0F6BD010 00000000 0F6BD050 00000000
 0F6BD010 00000000 0D7E33C0 00000000 0000001E 00000000 3FA8DF6B 00000001

Operating system:
 Name:     Windows
 Release:  6.1.7601 (Service Pack 1)
 Compiler: MSVC 1600

Configuration:
 Blitter:      8bpp-optimized
 Graphics set: OpenGFX (1021)
 Language:     C:\Program Files\OpenTTD\lang\finnish.lng
 Music driver: win32
 Music set:    OpenMSX (96)
 Network:      no
 Sound driver: win32
 Sound set:    OpenSFX (87)
 Video driver: win32

AI Configuration (local: 0):
  0: Human
  1: AdmiralAI (v25)
  2: AdmiralAI (v25)
  3: AdmiralAI (v25)
  4: DictatorAI (v169)
  5: DictatorAI (v169)
  6: Terron (v209)
  7: AdmiralAI (v25)
 GS: Neighbours are important (v13)

Libraries:
 FreeType:   2.4.11
 ICU:        51.2
 LZMA:       5.0.4
 LZO:        2.06
 PNG:        1.5.14
 Zlib:       1.2.7

Module information:
 C:\Program Files\OpenTTD\openttd.exe handle: 000000013F880000 size: 14030848 crc: 31D31AB8 date: 2013-12-06 17:21:50
 C:\windows\SYSTEM32\ntdll.dll handle: 0000000077820000 size: 1732032 crc: 5BF564D3 date: 2013-08-29 02:16:35
 C:\windows\system32\kernel32.dll handle: 0000000077600000 size: 1161216 crc: ED45D5AA date: 2013-08-02 02:13:34
 C:\windows\system32\KERNELBASE.dll handle: 000007FEFD680000 size: 424448 crc: 816D1584 date: 2013-08-02 02:13:34
 C:\windows\system32\WINMM.dll handle: 000007FEFA470000 size: 217600 crc: 7BC1529F date: 2009-07-14 01:41:56
 C:\windows\system32\msvcrt.dll handle: 000007FEFDB80000 size: 634880 crc: 9D1B448A date: 2011-12-16 08:46:06
 C:\windows\system32\USER32.dll handle: 0000000077720000 size: 1008128 crc: 70FF7D7F date: 2010-11-21 03:24:09
 C:\windows\system32\GDI32.dll handle: 000007FEFF700000 size: 404480 crc: DCBD7E30 date: 2013-10-03 02:23:48
 C:\windows\system32\LPK.dll handle: 000007FEFF770000 size: 41472 crc: EE04F660 date: 2013-06-06 05:50:51
 C:\windows\system32\USP10.dll handle: 000007FEFDFC0000 size: 800768 crc: ED52987B date: 2012-11-22 05:44:23
 C:\windows\system32\WS2_32.dll handle: 000007FEFF620000 size: 297984 crc: 0F68689B date: 2010-11-21 03:24:28
 C:\windows\system32\RPCRT4.dll handle: 000007FEFF4F0000 size: 1217024 crc: 91581142 date: 2013-07-09 05:51:16
 C:\windows\system32\NSI.dll handle: 000007FEFF6F0000 size: 13824 crc: 53B46F6C date: 2009-07-14 01:41:53
 C:\windows\system32\IMM32.dll handle: 000007FEFFA00000 size: 167424 crc: 41B2805A date: 2009-07-14 01:41:09
 C:\windows\system32\MSCTF.dll handle: 000007FEFEEA0000 size: 1067008 crc: 798DDDA0 date: 2009-07-14 01:41:28
 C:\windows\system32\ADVAPI32.dll handle: 000007FEFDAA0000 size: 878080 crc: D0A62838 date: 2013-08-29 02:13:28
 C:\windows\SYSTEM32\sechost.dll handle: 000007FEFEE80000 size: 113664 crc: 978CFAE5 date: 2009-07-14 01:41:53
 C:\windows\system32\SHELL32.dll handle: 000007FEFE0F0000 size: 14172672 crc: 1287D1E7 date: 2013-07-26 02:24:57
 C:\windows\system32\SHLWAPI.dll handle: 000007FEFF1C0000 size: 448512 crc: 086DF743 date: 2010-11-21 03:24:22
 C:\windows\system32\nvinitx.dll handle: 000007FEFD5A0000 size: 168616 crc: 0164D0E5 date: 2013-11-14 11:58:11
 C:\Program Files\NVIDIA Corporation\CoProcManager\detoured.dll handle: 000000000F000000 size: 13088 crc: FD81421F date: 2013-11-14 11:58:09
 C:\Program Files\NVIDIA Corporation\CoProcManager\nvd3d9wrapx.dll handle: 000007FEF9360000 size: 366400 crc: F7A12F9F date: 2013-11-14 11:58:07
 C:\windows\system32\SETUPAPI.dll handle: 000007FEFF820000 size: 1900544 crc: A364BD6A date: 2010-11-21 03:24:28
 C:\windows\system32\CFGMGR32.dll handle: 000007FEFD990000 size: 207872 crc: 1984C339 date: 2010-11-21 03:24:00
 C:\windows\system32\OLEAUT32.dll handle: 000007FEFFA30000 size: 861696 crc: 1F331414 date: 2011-08-27 05:37:49
 C:\windows\system32\ole32.dll handle: 000007FEFEFB0000 size: 2086912 crc: 72F91CD0 date: 2010-11-21 03:23:48
 C:\windows\system32\DEVOBJ.dll handle: 000007FEFD9E0000 size: 93184 crc: A7541AE2 date: 2009-07-14 01:40:28
 C:\Program Files\NVIDIA Corporation\CoProcManager\nvdxgiwrapx.dll handle: 000007FEF9310000 size: 265960 crc: 7DC5CDAC date: 2013-11-14 11:58:10
 C:\windows\system32\uxtheme.dll handle: 000007FEFB580000 size: 332288 crc: B0A13DF9 date: 2009-07-14 01:41:56
 C:\windows\system32\dwmapi.dll handle: 000007FEFB150000 size: 82432 crc: A459F360 date: 2009-07-14 01:40:34
 C:\windows\system32\CRYPTBASE.dll handle: 000007FEFD4D0000 size: 44032 crc: F547C16E date: 2009-07-14 01:40:24
 C:\windows\system32\mswsock.dll handle: 000007FEFCD30000 size: 327168 crc: 2C87855E date: 2013-09-08 02:27:14
 C:\windows\System32\wshtcpip.dll handle: 000007FEFC760000 size: 13312 crc: 5D1E2C55 date: 2009-07-14 01:41:58
 C:\windows\system32\MMDevAPI.DLL handle: 000007FEFC3C0000 size: 284160 crc: CDF2EF81 date: 2009-07-14 01:41:26
 C:\windows\system32\PROPSYS.dll handle: 000007FEFC290000 size: 1212416 crc: B83FA3BE date: 2010-11-21 03:23:55
 C:\windows\system32\wdmaud.drv handle: 000007FEF4350000 size: 217088 crc: 12829973 date: 2010-11-21 03:24:32
 C:\windows\system32\ksuser.dll handle: 0000000074D80000 size: 5120 crc: AA2071D9 date: 2009-07-14 01:41:13
 C:\windows\system32\AVRT.dll handle: 000007FEFC280000 size: 18432 crc: 5CE53CB7 date: 2009-07-14 01:40:05
 C:\windows\system32\AUDIOSES.DLL handle: 000007FEF4730000 size: 296448 crc: 90389554 date: 2010-11-21 03:24:32
 C:\windows\system32\msacm32.drv handle: 000007FEF4340000 size: 25600 crc: 2B579A05 date: 2009-07-14 01:38:50
 C:\windows\system32\MSACM32.dll handle: 000007FEF4320000 size: 83456 crc: 3D67538B date: 2009-07-14 01:41:27
 C:\windows\system32\midimap.dll handle: 000007FEF4310000 size: 20480 crc: CB902A13 date: 2009-07-14 01:41:23
 C:\windows\system32\CLBCatQ.DLL handle: 000007FEFDA00000 size: 607744 crc: 939E35C9 date: 2009-07-14 01:40:15
 C:\windows\System32\wship6.dll handle: 000007FEFCD20000 size: 13824 crc: E3FBF123 date: 2009-07-14 01:41:58
 C:\windows\system32\DNSAPI.dll handle: 000007FEFCBB0000 size: 357888 crc: 194CAF1C date: 2011-03-03 06:24:15
 C:\Program Files\Common Files\Microsoft Shared\Windows Live\WLIDNSP.DLL handle: 000007FEF8CA0000 size: 171392 crc: BE3AE755 date: 2011-03-28 19:11:06
 C:\windows\system32\PSAPI.DLL handle: 00000000779E0000 size: 9216 crc: 84B5E9BA date: 2009-07-14 01:41:53
 C:\windows\system32\IPHLPAPI.DLL handle: 000007FEFB9B0000 size: 145920 crc: 000D9F17 date: 2010-11-21 03:24:16
 C:\windows\system32\WINNSI.DLL handle: 000007FEFB990000 size: 26112 crc: 744B2434 date: 2009-07-14 01:41:56
 C:\windows\system32\rasadhlp.dll handle: 000007FEF8C90000 size: 16384 crc: C5FD1616 date: 2009-07-14 01:41:53
 C:\windows\System32\fwpuclnt.dll handle: 000007FEFB5E0000 size: 324096 crc: 5D5E70C7 date: 2013-10-12 02:29:08
 C:\windows\system32\mciseq.dll handle: 000007FEF53B0000 size: 28672 crc: 61BC1358 date: 2009-07-14 01:41:21

---- gamelog start ----
Tick 0: new game started
     Revision text changed to r26145, savegame version 187, not modified, _openttd_newgrf_version = 0x14006621
     New game mode: 1 landscape: 2
Tick 9012: settings changed
     Setting changed: vehicle.plane_speed : 4 -> 3
Tick 9012: settings changed
     Setting changed: vehicle.plane_speed : 3 -> 2
Tick 9012: settings changed
     Setting changed: vehicle.plane_speed : 2 -> 1
Tick 9012: settings changed
     Setting changed: vehicle.plane_speed : 1 -> 2
---- gamelog end ----

*** End of OpenTTD Crash Report ***

Decoded stack trace:
[00] KERNELBASE           0x000007FEFD68940D RaiseException + 61
[01] openttd              0x000000013FC4DF19
[02] openttd              0x000000013FC4D2D0
[03] openttd              0x000000013F8DD273
[04] openttd              0x000000013FADAA32
[05] openttd              0x000000013FAAC3EB
[06] openttd              0x000000013FAA954C
[07] openttd              0x000000013FA8CBE3
[08] openttd              0x000000013FA8A670
[09] openttd              0x000000013FA6C718
[10] openttd              0x000000013FA6A3C1
[11] openttd              0x000000013FA8E94A
[12] openttd              0x000000013F8E138D
[13] openttd              0x000000013F8E176B
[14] openttd              0x000000013FB60D49
[15] openttd              0x000000013F8DF45F
[16] openttd              0x000000013FB6336B
[17] openttd              0x000000013FC4F994
[18] kernel32             0x000000007761652D BaseThreadInitThunk + 13
[19] ntdll                0x000000007784C541 RtlUserThreadStart + 33

*** End of additional info ***
