*** OpenTTD Crash Report ***
Date: 2009-07-23 11:56:13
Build: r16755M (2) built on Jul  6 2009 15:50:26
Reason: Assertion failed at ..\src\economy.cpp:1245: front_v->cargo_payment == NULL
Language: english.lng
Exception C0000005 at 0040EBA8
Registers:
 EAX: 01F8D548 EBX: 00000000 ECX: 0012F8F8 EDX: 01F8D594
 ESI: 0000001D EDI: 01F049B0 EBP: 01F049B0 ESP: 0012FB10
 EIP: 0040EBA8 EFLAGS: 00010202

Bytes at CS:EIP:
 88 1D 00 00 00 00 E8 71 12 00 00 83 F8 FF 75 10 FF 35 34 77 6A 00 68 C8

Stack trace: 
 0000001D 00664A68 0012FFB0 0044126A 01F049B0 025ACC88 0012FB80 01F049B0
 004A8471 01F049B0 01F049B0 01F049B0 00000100 00DEFB80 01F57EA0 01F57EA0
 000000A5 00524647 00524647 00524667 00524687 0043E6CD 01F23440 004A6FE8
 0000000E 00003E8A 025ACC88 01F0080A 0012FBA8 004A8745 00000007 00004038
 01F049B0 00629B20 00664B20 00000050 00000015 00664B20 00664A68 0043F65B
 7E42A78F 0594AAD4 0012FC20 00000000 00000000 0000024A 003FDF38 0066AE34
 00000000 004321EA 003FDFF8 004CB9EB 003FDFF8 003FDFF8 00000007 004CAA7D
 004CAA89 00629B20 003FDFF8 0066AE34 003FDFE8 003FDFE8 00000008 00000001
 0000000F 0000000F 7E42A78F 0594AAD4 0012FC4C 0042EA99 7E42A78F 0594AAD4
 0012FC4C 00000000 0012FC4C 00000000 00E35A38 00424423 7E42A837 0012FC5C
 0042EF7E 00000000 0012FC44 00000000 00548974 006D2D1C 006646FC 0012FD14
 00000000 0012FC60 0594AAD4 0594AAF2 00000002 00000000 00160386 0000000F
 00000000 00000000 0594AAC5 00000296 0000016C 0042DF12 0012FD2C 00000001
 00000001 010000E9 00000000 00000000 00000000 00000000 00000000 FFFFFFFF
 00000000 00020618 00000000 00000000 FFFFFFFF 00000000 00000000 00000000
 0012FF30 00000000 00000000 00000000 FFFFFFFF 0012FE34 00672DD4 00000000
 0000231B 0012FF30 0044C739 00000001 0012FE30 FFFFFFFE 00000000 5C3A4322
 656D6167 704F5C73 54546E65 706F5C44 74746E65 78652E64 00200065 00CC0178
 00CC0178 00CC0178 00CC7040 0000000D 00000002 00CC0640 00CC7238 00CC0178
 00000004 00CC7220 00000000 00CC0178 00CC0178 00000080 00CC0178 00CC7230
 00CC0168 00000000 00000000 00CC7230 00000020 00CC7238 00000000 00CC0178
 00000020 00000178 00CC0000 0012FBB4 00000010 0012FE7C 7C90E920 7C9101E0
 FFFFFFFF 7C9101DB 005AAFC6 00CC0000 00000000 00000018 00CC6FE8 0012FEEC
 0012FEF8 0012FE0C 005AB05C 00000018 00CC7018 00CC0168 00000000 0012FE88

Module information:
 C:\games\OpenTTD\openttd.exe handle: 00400000 size: 2891264 crc: 98285E87 date: 2009-07-06 14:52:56
 C:\WINDOWS\system32\ntdll.dll handle: 7C900000 size: 714752 crc: 56E74C35 date: 2009-02-09 12:10:48
 C:\WINDOWS\system32\kernel32.dll handle: 7C800000 size: 989696 crc: 8A0508E5 date: 2009-03-21 14:06:58
 C:\WINDOWS\system32\WINMM.dll handle: 76B40000 size: 176128 crc: 9676D976 date: 2008-04-14 12:00:00
 C:\WINDOWS\system32\ADVAPI32.dll handle: 77DD0000 size: 617472 crc: C9027432 date: 2009-02-09 12:10:48
 C:\WINDOWS\system32\RPCRT4.dll handle: 77E70000 size: 585216 crc: E2046CB3 date: 2009-04-15 14:51:25
 C:\WINDOWS\system32\Secur32.dll handle: 77FE0000 size: 56832 crc: 8FEFBB63 date: 2009-02-03 19:59:07
 C:\WINDOWS\system32\GDI32.dll handle: 77F10000 size: 286720 crc: B5F6B116 date: 2008-10-23 12:36:14
 C:\WINDOWS\system32\USER32.dll handle: 7E410000 size: 578560 crc: F7C72264 date: 2008-04-14 12:00:00
 C:\WINDOWS\system32\WS2_32.dll handle: 71AB0000 size: 82432 crc: 7C519ECA date: 2008-04-14 12:00:00
 C:\WINDOWS\system32\msvcrt.dll handle: 77C10000 size: 343040 crc: 0B7B1677 date: 2008-04-14 12:00:00
 C:\WINDOWS\system32\WS2HELP.dll handle: 71AA0000 size: 19968 crc: 3F24E096 date: 2008-04-14 12:00:00
 C:\WINDOWS\system32\SHELL32.dll handle: 7C9C0000 size: 8461312 crc: 2221EFBA date: 2008-06-17 19:02:19
 C:\WINDOWS\system32\SHLWAPI.dll handle: 77F60000 size: 474112 crc: 3230A338 date: 2008-04-14 12:00:00
 C:\WINDOWS\WinSxS\x86_Microsoft.Windows.Common-Controls_6595b64144ccf1df_6.0.2600.5512_x-ww_35d4ce83\comctl32.dll handle: 773D0000 size: 1054208 crc: 06939D35 date: 2008-04-14 12:00:00
 C:\WINDOWS\system32\comctl32.dll handle: 5D090000 size: 617472 crc: 519837A9 date: 2008-04-14 12:00:00
 C:\WINDOWS\system32\SHFolder.dll handle: 76780000 size: 25088 crc: 8009EA65 date: 2008-04-14 12:00:00
 C:\WINDOWS\system32\wdmaud.drv handle: 72D20000 size: 23552 crc: EEB914CA date: 2008-04-14 05:42:46
 C:\WINDOWS\system32\WINTRUST.dll handle: 76C30000 size: 176640 crc: 98E1211C date: 2008-04-14 12:00:00
 C:\WINDOWS\system32\CRYPT32.dll handle: 77A80000 size: 599040 crc: F04E4319 date: 2008-04-14 12:00:00
 C:\WINDOWS\system32\MSASN1.dll handle: 77B20000 size: 57344 crc: B280A6F9 date: 2008-04-14 12:00:00
 C:\WINDOWS\system32\IMAGEHLP.dll handle: 76C90000 size: 144384 crc: F7A06429 date: 2008-04-14 12:00:00
 C:\WINDOWS\system32\msacm32.drv handle: 72D10000 size: 20480 crc: D5406BAE date: 2008-04-14 12:00:00
 C:\WINDOWS\system32\MSACM32.dll handle: 77BE0000 size: 71680 crc: EDE4B266 date: 2008-04-14 12:00:00
 C:\WINDOWS\system32\midimap.dll handle: 77BD0000 size: 18944 crc: 2E6D5FD1 date: 2008-04-14 12:00:00
 C:\WINDOWS\system32\ole32.dll handle: 774E0000 size: 1287168 crc: 3908D33A date: 2008-04-14 12:00:00
 C:\WINDOWS\system32\uxtheme.dll handle: 5AD70000 size: 218624 crc: A4A915A5 date: 2008-04-14 12:00:00
 C:\WINDOWS\system32\MSCTF.dll handle: 74720000 size: 297984 crc: 392BE0B0 date: 2008-04-14 12:00:00
 C:\WINDOWS\system32\CLBCATQ.DLL handle: 76FD0000 size: 498688 crc: F43789FF date: 2008-04-14 12:00:00
 C:\WINDOWS\system32\COMRes.dll handle: 77050000 size: 792064 crc: 868482D5 date: 2008-04-14 12:00:00
 C:\WINDOWS\system32\OLEAUT32.dll handle: 77120000 size: 551936 crc: 1EE83658 date: 2008-04-14 12:00:00
 C:\WINDOWS\system32\VERSION.dll handle: 77C00000 size: 18944 crc: 558B1DAF date: 2008-04-14 12:00:00
 C:\WINDOWS\system32\dmime.dll handle: 5C570000 size: 181248 crc: A021AC64 date: 2008-04-14 12:00:00
 C:\WINDOWS\system32\DSOUND.dll handle: 73F10000 size: 367616 crc: 33C2A52C date: 2008-04-14 12:00:00
 C:\WINDOWS\system32\dmusic.dll handle: 6C980000 size: 104448 crc: E9A2B682 date: 2008-04-14 12:00:00
 C:\WINDOWS\system32\KsUser.dll handle: 73EE0000 size: 4096 crc: BD8E6BD9 date: 2008-04-14 05:41:58
 C:\WINDOWS\system32\dmsynth.dll handle: 6C9A0000 size: 103424 crc: 3E2BFB05 date: 2008-04-14 12:00:00
 C:\WINDOWS\system32\dmloader.dll handle: 6CA10000 size: 35840 crc: 9271DC2B date: 2008-04-14 12:00:00
 C:\WINDOWS\system32\mswsock.dll handle: 71A50000 size: 245248 crc: FBBA0828 date: 2008-06-20 17:46:57
 C:\WINDOWS\system32\hnetcfg.dll handle: 662B0000 size: 344064 crc: 96358152 date: 2008-04-14 12:00:00
 C:\WINDOWS\System32\wshtcpip.dll handle: 71A90000 size: 19456 crc: F5533E87 date: 2008-04-14 12:00:00
 C:\WINDOWS\system32\dmstyle.dll handle: 6C9C0000 size: 105984 crc: 65DF8D9B date: 2008-04-14 12:00:00
 C:\WINDOWS\system32\dmband.dll handle: 6CBC0000 size: 28672 crc: B752817F date: 2008-04-14 12:00:00
 C:\WINDOWS\system32\DNSAPI.dll handle: 76F20000 size: 147968 crc: 6145C1AF date: 2008-06-20 17:46:57
 C:\WINDOWS\system32\rasadhlp.dll handle: 76FC0000 size: 7680 crc: 3AB3D6CF date: 2008-04-14 12:00:00
 C:\WINDOWS\system32\psapi.dll handle: 76BF0000 size: 23040 crc: 75BBDCAD date: 2008-04-14 12:00:00

System information:
 Windows version 5.1 2600 Service Pack 3

---- gamelog start ----
Tick 0: new game started
     Revision text changed to r16755M, savegame version 121, modified, _openttd_newgrf_version = 0x08004173
     New game mode: 1 landscape: 0
     Added NewGRF: GRF ID 52571201, checksum C1C7D8C53EB7E74EEE2F0EF29638B466, filename: egrvts.1.0\egrvts.grf
     Added NewGRF: GRF ID 44440A11, checksum D1DFF3A27151B58AE34186C59E130280, filename: general_av8ion.0.1\genav8w.grf
     Added NewGRF: GRF ID 41501201, checksum 8F61D2CFD9FC7CEE7EBD64FB0C4BE02F, filename: heqs__heavy_equipment_set_.0.5b\heqs.grf
     Added NewGRF: GRF ID FBFB9905, checksum F747797A14AAA646402DC4E16DE5E82C, filename: longer_girder__steel_bridge.1\longergirdersteelbridge.grf
     Added NewGRF: GRF ID 44440A01, checksum D48D7AD02CA355B92FAE081DC4A36868, filename: av8_aviators_aircraft_set.v1.331\pb_av8w.grf
     Added NewGRF: GRF ID 27711002, checksum 3E2A2578101FFB3DD8AFC451CC43C8D0, filename: 2cc_trainset.1.0.1\2cctrainset.grf
     Added NewGRF: GRF ID 52571701, checksum 53AED72390B4293C65008840AF44D9F5, filename: urban_suspended_monorail.1.1\susmon1.1.grf
     Added NewGRF: GRF ID 4D470B02, checksum D3B86F8678699114EC3BC5EBFD52BC51, filename: early_houses.2.0beta_r707\earlyhouses.grf
     Added NewGRF: GRF ID 44440502, checksum 9B2267C916691C45A2C85BE1FF54F7C3, filename: combined_american_signal_set.1.1\ussigzw.grf
     Added NewGRF: GRF ID 44440A03, checksum 6205E0297104502240D946EC26B195CA, filename: av8_extra_aircraft.1.501\pb_av8exw.grf
     Added NewGRF: GRF ID 504E0002, checksum 6E6944E09CE6C3AC130DF72C542EE4B1, filename: generic_buffers.0.1\buffers.grf
     Added NewGRF: GRF ID 4D4E0103, checksum 0727CAF0B249F0D3BD08E6140657FC27, filename: modified_bridge_properties.0.3\bridgeprop.grf
     Added NewGRF: GRF ID 46420801, checksum 2D654630F22AA4C78A58710024C514B3, filename: new_tram_tracks.0.4.1\newtramtracksw_v0.4.1.grf
---- gamelog end ----
