*** OpenTTD Crash Report ***

Crash at: Sun Jun 24 11:46:01 2012
In game date: 2040-01-06 (73)

Crash reason:
 Exception: E1212012
 Location:  75BCD36F
 Message:   Assertion failed at line 702 of c:\bamboo-agent-home\xml-data\build-dir\ottd-nightly-w32bit\src\widget_type.h: this->count <= this->cap ? (position == 0) : (position + this->cap <= this->count)

OpenTTD version:
 Version:    r24355 (0)
 NewGRF ver: 13005f23
 Bits:       32
 Endian:     little
 Dedicated:  no
 Build date: Jun 23 2012 18:05:54

Registers:
 EAX: 0012F590 EBX: 00000016 ECX: 00000000 EDX: 779A7094
 ESI: 00C53DBC EDI: 00000000 EBP: 0012F5E0 ESP: 0012F590
 EIP: 75BCD36F EFLAGS: 00200246

 Bytes at instruction pointer:
 C9 C2 10 00 89 45 C0 EB ED 90 90 90 90 90 FF 15 60 13 BC 75 33 C9 3D 24

Stack trace:
 E1212012 00000000 00000000 75BCD36F 00000000 00C0DEB0 00000010 00000000
 00000000 00000000 00000000 00000000 00000000 0012F450 0012F460 00000001
 779A6054 779BA23C 00000000 00000016 0012F640 005DE2FA E1212012 00000000
 00000000 00000000 006B242C 00000016 F81141B7 0012F658 00000200 0000000D
 0012F62C 778EEAA4 00000000 779A6054 005DE2EA 00000001 0012F600 0012F194
 0012FA28 006B79B0 F8C199EF FFFFFFFE 0012F858 006B19F5 00000016 00436A8B
 00C4DB34 00000202 65737341 6F697472 6166206E 64656C69 20746120 656E696C
 32303720 20666F20 625C3A63 6F626D61 67612D6F 2D746E65 656D6F68 6C6D785C
 7461642D 75625C61 2D646C69 5C726964 6474746F 67696E2D 796C7468 3233772D
 5C746962 5C637273 67646977 745F7465 2E657079 74203A68 2D736968 756F633E
 3C20746E 6874203D 3E2D7369 20706163 7028203F 7469736F 206E6F69 30203D3D
 203A2029 736F7028 6F697469 202B206E 73696874 61633E2D 3D3C2070 69687420
 633E2D73 746E756F 00000029 00000010 00000000 0000004E 00000000 00000010
 0000004E 0D256C48 0012F770 0045E1A8 00000000 0000013B 00000170 0000000C
 0000000C 00000000 0000000C 04F3A940 00000000 00000001 00000000 00000000
 0012F7A8 0045DDC6 00000000 0000013B 00000170 00000000 00000000 00000000
 0000000C 04F3A520 00000162 00000001 00000000 00000000 0012F7E0 0045E1A8
 00000000 00000000 00000170 00000000 00000147 00000000 0000000E 00000147
 0012F820 006CDE68 006CDDA9 F8114FD7 00000010 0D086EA8 00000000 00000000
 0000000E 00000147 00000003 00000001 0D256970 0D256970 0012F7DC 0012F83C
 0012F860 006CDE68 006CDDA9 F8114F97 00C4DB34 04F3DE08 0000000D 00000000
 00000019 00000044 00000003 00000000 0D091258 0D091258 0012F81C 04F3DE08
 0012FA28 006B79B0 00C4DC28 0045CD1D 00BA0BBC 000002BE 00BE5EA8 00BE5F60
 0045CD77 04F3DE08 0049BB90 04F3DE08 00CB6CC0 0012F8CC 0000000D 0049BCD6

Operating system:
 Name:     Windows
 Release:  6.1.7601 (Service Pack 1)
 Compiler: MSVC 1600

Configuration:
 Blitter:      8bpp-optimized
 Graphics set: OpenGFX (974)
 Language:     D:\TTD\OpenTTD\Nightly\openttd-trunk-r24355-windows-win32\lang\english.lng
 Music driver: dmusic
 Music set:    NoMusic (0)
 Network:      no
 Sound driver: win32
 Sound set:    NoSound (2)
 Video driver: win32

AI Configuration (local: 0):
  0: Human

Libraries:
 FreeType:   2.4.5
 ICU:        4.4.2
 LZMA:       5.0.3
 LZO:        2.05
 PNG:        1.5.4
 Zlib:       1.2.5

Module information:
 D:\TTD\OpenTTD\Nightly\openttd-trunk-r24355-windows-win32\openttd.exe handle: 00400000 size: 8759808 crc: B5BD8FE5 date: 2012-06-23 16:10:12
 C:\Windows\SYSTEM32\ntdll.dll handle: 77960000 size: 1288472 crc: 3D9C2B3F date: 2011-11-17 05:38:39
 C:\Windows\system32\kernel32.dll handle: 77AB0000 size: 868352 crc: E7508B03 date: 2011-07-16 04:27:30
 C:\Windows\system32\KERNELBASE.dll handle: 75BC0000 size: 290816 crc: F62261E5 date: 2011-07-16 04:27:30
 C:\Windows\system32\WINMM.dll handle: 747E0000 size: 194048 crc: 849223C7 date: 2010-11-20 12:21:36
 C:\Windows\system32\msvcrt.dll handle: 764C0000 size: 690688 crc: DAB48B3A date: 2011-12-16 07:52:58
 C:\Windows\system32\USER32.dll handle: 77890000 size: 811520 crc: A7CBE597 date: 2010-11-20 12:21:33
 C:\Windows\system32\GDI32.dll handle: 761C0000 size: 304640 crc: 7034A7D3 date: 2010-11-20 12:19:05
 C:\Windows\system32\LPK.dll handle: 761B0000 size: 26624 crc: 13E68B63 date: 2009-07-14 01:15:36
 C:\Windows\system32\USP10.dll handle: 777F0000 size: 626176 crc: A5ECB486 date: 2010-11-20 12:21:33
 C:\Windows\system32\WS2_32.dll handle: 77320000 size: 206848 crc: FD00A753 date: 2010-11-20 12:21:38
 C:\Windows\system32\RPCRT4.dll handle: 76250000 size: 653312 crc: 859C9823 date: 2010-11-20 12:21:03
 C:\Windows\system32\NSI.dll handle: 76300000 size: 8704 crc: 2ACE9671 date: 2009-07-14 01:16:11
 C:\Windows\system32\ADVAPI32.dll handle: 76570000 size: 640512 crc: 34D5363F date: 2010-11-20 12:18:02
 C:\Windows\SYSTEM32\sechost.dll handle: 76230000 size: 92160 crc: B624B29A date: 2009-07-14 01:16:13
 C:\Windows\system32\SHELL32.dll handle: 76670000 size: 12872704 crc: 21573EDA date: 2012-01-04 08:59:38
 C:\Windows\system32\SHLWAPI.dll handle: 77480000 size: 350208 crc: 23E05F73 date: 2010-11-20 12:21:19
 C:\Windows\system32\IMM32.DLL handle: 76210000 size: 118272 crc: B45269DC date: 2010-11-20 12:19:22
 C:\Windows\system32\MSCTF.dll handle: 774E0000 size: 828928 crc: DFE09EEB date: 2009-07-14 01:15:43
 C:\Windows\system32\guard32.dll handle: 10000000 size: 301224 crc: C801579C date: 2012-03-11 21:13:18
 C:\Windows\system32\VERSION.dll handle: 75AE0000 size: 21504 crc: 88D9D0F1 date: 2009-07-14 01:16:17
 C:\Windows\system32\fltlib.dll handle: 75AD0000 size: 14848 crc: 84888438 date: 2009-07-14 01:15:21
 C:\Windows\system32\SHFolder.dll handle: 6C7B0000 size: 7168 crc: 683AAC32 date: 2009-07-14 01:16:14
 C:\Windows\system32\ole32.dll handle: 76020000 size: 1414144 crc: 74A1E844 date: 2010-11-20 12:20:49
 C:\Windows\system32\uxtheme.dll handle: 74470000 size: 249856 crc: 1CD7BB78 date: 2009-07-14 01:16:17
 C:\Windows\system32\dwmapi.dll handle: 74140000 size: 67072 crc: FC7CA4B8 date: 2009-07-14 01:15:13
 C:\Windows\system32\CRYPTBASE.dll handle: 75A50000 size: 36864 crc: 00308E17 date: 2009-07-14 01:15:07
 C:\Windows\system32\CLBCatQ.DLL handle: 76310000 size: 522240 crc: 6C130B8A date: 2009-07-14 01:15:03
 C:\Windows\system32\OLEAUT32.dll handle: 75F90000 size: 571904 crc: 2B85E126 date: 2011-08-27 04:26:27
 C:\Windows\system32\mswsock.dll handle: 75540000 size: 232448 crc: 47C95B42 date: 2010-11-20 12:19:56
 C:\Windows\System32\wshtcpip.dll handle: 75060000 size: 9216 crc: BA963A19 date: 2009-07-14 01:16:20
 C:\Windows\system32\MMDevAPI.DLL handle: 74160000 size: 213504 crc: 93C0AA4F date: 2010-11-20 12:19:39
 C:\Windows\system32\PROPSYS.dll handle: 744B0000 size: 988160 crc: 888D0BCB date: 2010-11-20 12:20:57
 C:\Windows\system32\wdmaud.drv handle: 72F30000 size: 172032 crc: D5B9F5FA date: 2010-11-20 12:16:50
 C:\Windows\system32\ksuser.dll handle: 72F20000 size: 4608 crc: EBE07232 date: 2009-07-14 01:15:35
 C:\Windows\system32\AVRT.dll handle: 73870000 size: 14336 crc: 9818237B date: 2009-07-14 01:14:58
 C:\Windows\system32\SETUPAPI.dll handle: 75DF0000 size: 1667584 crc: 1D0104E8 date: 2010-11-20 12:21:14
 C:\Windows\system32\CFGMGR32.dll handle: 75CA0000 size: 145920 crc: 4DDC6E9A date: 2010-11-20 12:18:12
 C:\Windows\system32\DEVOBJ.dll handle: 75BA0000 size: 64512 crc: 2B501D62 date: 2009-07-14 01:15:11
 C:\Windows\system32\AUDIOSES.DLL handle: 72C50000 size: 195584 crc: 0A7E52B1 date: 2010-11-20 12:18:05
 C:\Windows\system32\msacm32.drv handle: 72C40000 size: 20992 crc: 73923147 date: 2009-07-14 01:14:08
 C:\Windows\system32\MSACM32.dll handle: 72C20000 size: 72192 crc: ABA25814 date: 2009-07-14 01:15:42
 C:\Windows\system32\midimap.dll handle: 72C10000 size: 16896 crc: C000494C date: 2009-07-14 01:15:40
 C:\Windows\System32\dmime.dll handle: 62610000 size: 179712 crc: 179D7CFB date: 2009-07-14 01:15:12
 C:\Windows\System32\DSOUND.dll handle: 64230000 size: 453632 crc: EC24F2F8 date: 2009-07-14 01:15:13
 C:\Windows\System32\POWRPROF.dll handle: 73AA0000 size: 145408 crc: 9957ABF4 date: 2009-07-14 01:16:12
 C:\Windows\System32\dmusic.dll handle: 63190000 size: 101376 crc: F5D0AA6B date: 2009-07-14 01:15:12
 C:\Windows\system32\WINTRUST.dll handle: 75B70000 size: 172544 crc: 739BA3AD date: 2012-03-01 05:37:41
 C:\Windows\system32\CRYPT32.dll handle: 75CD0000 size: 1158656 crc: DA728A58 date: 2012-04-24 04:36:42
 C:\Windows\system32\MSASN1.dll handle: 75B60000 size: 34304 crc: BE7DA129 date: 2010-11-20 12:19:45
 C:\Windows\System32\dmsynth.dll handle: 63150000 size: 105472 crc: 3B102040 date: 2009-07-14 01:15:12
 C:\Windows\System32\dmloader.dll handle: 651B0000 size: 38400 crc: 8A3F45D2 date: 2009-07-14 01:15:12
 C:\Windows\system32\psapi.dll handle: 76660000 size: 6144 crc: 25B988F9 date: 2009-07-14 01:16:12

---- gamelog start ----
Tick 0: new game started
     Revision text changed to r24355, savegame version 175, not modified, _openttd_newgrf_version = 0x13005f23
     New game mode: 1 landscape: 0
     Added NewGRF: GRF ID FBFB0901, checksum 5C50A84D04F675EF82C4DEA4F64DE45A, filename: FRISS.grf (md5sum matches)
---- gamelog end ----

*** End of OpenTTD Crash Report ***

Decoded stack trace:
[00] KERNELBASE           0x75BCD36F RaiseException + 84
[01] openttd              0x005DE2FA
[02] openttd              0x006B19F5
[03] openttd              0x0045CD1D
[04] openttd              0x0045CD77
[05] openttd              0x0049BB90
[06] openttd              0x0049BCD6
[07] openttd              0x00461F4C
[08] openttd              0x004643C4
[09] openttd              0x004645E0
[10] openttd              0x005DC5B0

*** End of additional info ***
