*** OpenTTD Crash Report ***
Date: 2008-05-04 17:31:46
Build: 0.6.1-RC1 built on Apr 26 2008 23:40:00
Exception C0000005 at 0042922F
Registers:
 EAX: 004291F0 EBX: 00001802 ECX: 00000000 EDX: 000000FF
 ESI: 0012FABC EDI: 004861D0 EBP: 0012FA9C ESP: 0012C268
 EIP: 0042922F EFLAGS: 00010296

Bytes at CS:EIP:
 88 95 F8 C7 FF FE 8B D3 C1 EA 0C 80 E2 01 88 95 F9 C7 FF FF 0F B6 D3 8D

Stack trace: 
 01FC1000 00000000 00000000 00000000 00000000 00000000 00000000 00000000
 00000000 00000000 00000000 00000000 00000000 00000000 00000000 00000000
 00000000 00000000 00000000 00000000 00000000 00000000 00000000 00000000
 00000000 00000000 00000000 00000000 00000000 00000000 00000000 00000000
 00000000 00000000 00000000 00000000 00000000 00000000 00000000 00000000
 00000000 00000000 00000000 00000000 00000000 00000000 00000000 00000000
 00000000 00000000 00000000 00000000 00000000 00000000 00000000 00000000
 00000000 00000000 00000000 00000000 00000000 00000000 00000000 00000000
 00000000 00000000 00000000 00000000 00000000 00000000 00000000 00000000
 00000000 00000000 00000000 00000000 00000000 00000000 00000000 00000000
 00000000 00000000 00000000 00000000 00000000 00000000 00000000 00000000
 00000000 00000000 00000000 00000000 00000000 00000000 00000000 00000000
 00000000 00000000 00000000 00000000 00000000 00000000 00000000 00000000
 00000000 00000000 00000000 00000000 00000000 00000000 00000000 00000000
 00000000 00000000 00000000 00000000 00000000 00000000 00000000 00000000
 00000000 00000000 00000000 00000000 00000000 00000000 00000000 00000000
 00000000 00000000 00000000 00000000 00000000 00000000 00000000 00000000
 00000000 00000000 00000000 00000000 00000000 00000000 00000000 00000000
 00000000 00000000 00000000 00000000 00000000 00000000 00000000 00000000
 00000000 00000000 00000000 00000000 00000000 00000000 00000000 00000000
 00000000 00000000 00000000 00000000 00000000 00000000 00000000 00000000
 00000000 00000000 00000000 00000000 00000000 00000000 00000000 00000000
 00000000 00000000 00000000 00000000 00000000 00000000 00000000 00000000
 00000000 00000000 00000000 00000000 00000000 00000000 00000000 00000000

Module information:
 D:\OpenTTD052\openttd.exe handle: 00400000 size: 1813504 crc: 95439F8F date: 2008-04-26 20:42:46
 C:\WINDOWS\system32\ntdll.dll handle: 7C900000 size: 701952 crc: 622AC5F7 date: 2004-09-14 14:11:38
 C:\WINDOWS\system32\kernel32.dll handle: 7C800000 size: 983552 crc: DD44A253 date: 2007-04-16 15:53:13
 C:\WINDOWS\system32\WINMM.dll handle: 76B30000 size: 174592 crc: 2FD57319 date: 2004-09-14 14:12:02
 C:\WINDOWS\system32\USER32.dll handle: 7E360000 size: 578048 crc: 22D8DC3E date: 2007-03-08 15:38:00
 C:\WINDOWS\system32\GDI32.dll handle: 77F10000 size: 282624 crc: D0FB5FE1 date: 2008-02-20 06:51:32
 C:\WINDOWS\system32\ADVAPI32.dll handle: 77DC0000 size: 679936 crc: 74BE63EC date: 2004-09-14 14:11:44
 C:\WINDOWS\system32\RPCRT4.dll handle: 77E70000 size: 582656 crc: B3E411D0 date: 2007-07-09 13:19:23
 C:\WINDOWS\system32\WS2_32.dll handle: 71AA0000 size: 82944 crc: 08423089 date: 2004-09-14 14:12:02
 C:\WINDOWS\system32\msvcrt.dll handle: 77C00000 size: 343040 crc: 4D219E99 date: 2004-09-14 14:11:54
 C:\WINDOWS\system32\WS2HELP.dll handle: 71A90000 size: 19968 crc: 4AF82F80 date: 2004-09-14 14:12:02
 C:\WINDOWS\system32\IMM32.DLL handle: 76370000 size: 110080 crc: CA1E512E date: 2004-09-14 14:11:50
 C:\WINDOWS\system32\SHFolder.dll handle: 76770000 size: 25088 crc: 8344526E date: 2004-09-14 14:11:58
 C:\WINDOWS\system32\SHLWAPI.dll handle: 77F60000 size: 474112 crc: 33969C75 date: 2006-10-23 15:34:37
 C:\WINDOWS\WinSxS\x86_Microsoft.Windows.Common-Controls_6595b64144ccf1df_6.0.2600.2982_x-ww_ac3f9c03\comctl32.dll handle: 773C0000 size: 1054208 crc: DE028565 date: 2006-08-25 15:49:10
 C:\WINDOWS\system32\comctl32.dll handle: 5D5E0000 size: 617472 crc: 3601C805 date: 2006-08-25 15:49:12
 C:\Program Files\Kaspersky Lab\Kaspersky Internet Security 7.0\miscr3.dll handle: 10000000 size: 91400 crc: CCE39633 date: 2007-06-28 09:51:50
 C:\WINDOWS\system32\ole32.dll handle: 774D0000 size: 1284608 crc: 1A0E323D date: 2005-07-26 04:40:33
 C:\WINDOWS\system32\WINTRUST.dll handle: 76C20000 size: 176640 crc: B69B6C67 date: 2004-09-14 14:12:02
 C:\WINDOWS\system32\CRYPT32.dll handle: 77A70000 size: 599040 crc: 0E90B71A date: 2004-09-14 14:11:46
 C:\WINDOWS\system32\MSASN1.dll handle: 77B10000 size: 57344 crc: 8B4B74A2 date: 2004-09-14 14:11:52
 C:\WINDOWS\system32\IMAGEHLP.dll handle: 76C80000 size: 144384 crc: F21DD062 date: 2004-09-14 14:11:50
 C:\WINDOWS\system32\wdmaud.drv handle: 72CF0000 size: 23552 crc: 21E2A004 date: 2004-09-14 14:12:10
 C:\WINDOWS\system32\msacm32.drv handle: 72CE0000 size: 20480 crc: C41793BB date: 2001-10-09 12:00:00
 C:\WINDOWS\system32\MSACM32.dll handle: 77BD0000 size: 71680 crc: CD9E463F date: 2004-09-14 14:11:52
 C:\WINDOWS\system32\midimap.dll handle: 77BC0000 size: 18944 crc: 9E7B3A83 date: 2004-09-14 14:11:52
 C:\WINDOWS\system32\uxtheme.dll handle: 5B2A0000 size: 219136 crc: 39D420CF date: 2004-09-14 14:12:00
 C:\Program Files\BillP Studios\WinPatrol\PATROLPRO.DLL handle: 00D90000 size: 62768 crc: D29634F2 date: 2007-09-07 16:13:48
 C:\WINDOWS\system32\MSCTF.dll handle: 746F0000 size: 294400 crc: A54C93D5 date: 2004-09-14 14:11:52
 C:\WINDOWS\system32\CLBCATQ.DLL handle: 76FC0000 size: 498688 crc: A5756CAC date: 2005-07-26 04:40:30
 C:\WINDOWS\system32\COMRes.dll handle: 77040000 size: 790016 crc: 9645A7CA date: 2004-09-14 14:11:46
 C:\WINDOWS\system32\OLEAUT32.dll handle: 77110000 size: 550912 crc: BA715CBE date: 2007-12-04 18:41:50
 C:\WINDOWS\system32\VERSION.dll handle: 77BF0000 size: 18944 crc: 0FC4516C date: 2004-09-14 14:12:00
 C:\WINDOWS\System32\dmime.dll handle: 676A0000 size: 181248 crc: 52977ADC date: 2004-09-14 14:11:46
 C:\WINDOWS\System32\DSOUND.dll handle: 73EE0000 size: 367616 crc: 7CDC37DB date: 2004-09-14 14:11:46
 C:\WINDOWS\System32\dmusic.dll handle: 6CF20000 size: 104448 crc: 883D17E4 date: 2004-09-14 14:11:46
 C:\WINDOWS\system32\KsUser.dll handle: 73EB0000 size: 4096 crc: BFC051F1 date: 2004-09-14 14:11:50
 C:\WINDOWS\System32\dmsynth.dll handle: 6CF40000 size: 103424 crc: F4CEB7F9 date: 2004-09-14 14:11:46
 C:\WINDOWS\System32\dmloader.dll handle: 6CFB0000 size: 35840 crc: 59C44168 date: 2004-09-14 14:11:46
 C:\WINDOWS\system32\msctfime.ime handle: 751A0000 size: 177152 crc: F39FCF24 date: 2004-09-14 14:11:02
 C:\WINDOWS\system32\mswsock.dll handle: 71A40000 size: 246784 crc: FFAA8781 date: 2004-09-14 14:11:54
 C:\WINDOWS\system32\hnetcfg.dll handle: 698D0000 size: 344064 crc: 9268C697 date: 2004-09-14 14:11:48
 C:\WINDOWS\System32\wshtcpip.dll handle: 71A80000 size: 19968 crc: A14B9915 date: 2004-09-14 14:12:02
 C:\WINDOWS\system32\psapi.dll handle: 76BE0000 size: 23040 crc: 75EC22A4 date: 2004-09-14 14:11:56

System information:
 Windows version 5.1 2600 S
