*** OpenTTD Crash Report ***

Crash at: Sat Jan 14 02:46:05 2012
In game date: 1866-11-27 (4)

Crash reason:
 Exception: E1212012
 Location:  000007FEFD5ACACD
 Message:   Assertion failed at line 800 of ..\src\cargopacket.cpp: next != to

OpenTTD version:
 Version:    gd11dc6f6-cd (0)
 NewGRF ver: 12005cb3
 Bits:       64
 Endian:     little
 Dedicated:  no
 Build date: Jan  4 2012 03:09:26

Registers:
 RAX: 0000000076F4E1E3 RBX: 0000000000000016 RCX: 00000000001FE080 RDX: 0000000000000000
 RSI: 0000000000000000 RDI: 0000000000000008 RBP: 00000000001FEAB9 RSP: 00000000001FE690
 R8:  0000000000000000 R9:  0000000000000000 R10: 0000000000000000 R11: 0000000000000286
 R12: 000000013FF9CB18 R13: 000000013F8809CC R14: 0000000000000001 R15: 0000005400000000
 RIP: 000007FEFD5ACACD EFLAGS: 00000202

 Bytes at instruction pointer:
 48 81 C4 C8 00 00 00 C3 90 90 90 90 90 90 90 90 90 90 90 48 89 5C 24 18

Stack trace:
 00000016 00000000 00000000 00000000 00000008 00000000 00000043 00000000
 E1212012 00000000 00000000 00000000 FD5ACACD 000007FE 00000000 00000000
 4002D1C0 00000001 7726146B 00000000 00000086 00000000 00100806 00000000
 00000010 00000000 3FF11328 00000001 00000050 00000000 00100806 00000000
 00000000 00000000 77323BFA 00000000 3FF11328 00000001 00000010 00000000
 00000000 00000000 00000000 00000000 00000000 00000000 00000000 00000000
 00000001 00000000 3F97AC55 00000001 00000016 00000000 934233BE 00000000
 00000001 00000000 77319C7A 00000000 00000000 00000000 00000000 00000054
 00000001 00000000 00000002 00000000 00000000 00000000 09820E00 00000000
 09FB7C20 00000000 3F97A014 00000001 00000001 00000000 4002D1C0 00000001
 0A0E1CF0 00000000 FFFFFFFF 00000000 09FB7C20 00000000 3F621583 00000001
 09D82A60 00000000 001FEAB9 00000000 0A0E1CF0 00000000 00000000 00000000
 65737341 6F697472 6166206E 64656C69 20746120 656E696C 30303820 20666F20
 735C2E2E 635C6372 6F677261 6B636170 632E7465 203A7070 7478656E 203D2120
 FF006F74 00075B5E 01D864A0 00000000 00000028 00000000 00000028 00000000
 01F402A8 00000000 77343488 00000000 00000001 00000000 00000028 00000000
 001A0001 00002D3B 01D864A0 00000000 01F402A8 00000000 77343488 00000000
 00000001 00000000 00000028 00000000 00110002 00002D3B 01D864A0 00000000
 00000020 00000000 00000000 00000000 001FE990 00000000 0959C3D0 00000000
 00000000 00000000 3F839B6B 00000001 00000001 00000000 0959C3D0 00000000
 00000001 00000000 00000002 00000000 00000000 00000000 00000000 00000000
 0A0E1CF0 00000000 001FEA30 00000000 00000000 00000000 770F301A 00000000
 00000000 00000000 095D09A0 00000000 001FEA70 00000000 095D09A0 00000000
 001FEAC0 00000000 3F9751FC 00000001 00000018 00000000 0A0E1CF0 00000000

Operating system:
 Name:     Windows
 Release:  6.1.7601 (Service Pack 1)
 Compiler: MSVC 1600

Configuration:
 Blitter:      8bpp-optimized
 Graphics set: OpenGFX (897)
 Language:     C:\Program Files\OpenTTD\lang\english.lng
 Music driver: win32
 Music set:    NoMusic (0)
 Network:      no
 Sound driver: win32
 Sound set:    OpenSFX (87)
 Video driver: win32

AI Configuration (local: 0):
  0: Human

Libraries:
 FreeType:   2.4.5
 ICU:        4.4.2
 LZMA:       5.0.3
 LZO:        2.05
 PNG:        1.5.4
 Zlib:       1.2.5

Module information:
 C:\Program Files\OpenTTD\openttd.exe handle: 000000013F5D0000 size: 10549760 crc: 7082FF94 date: 2012-01-14 02:16:56
 C:\Windows\SYSTEM32\ntdll.dll handle: 00000000772F0000 size: 1731920 crc: 71D20A99 date: 2011-11-17 06:41:18
 C:\Windows\system32\kernel32.dll handle: 00000000770D0000 size: 1162752 crc: 4F9F79FE date: 2011-07-16 05:37:12
 C:\Windows\system32\KERNELBASE.dll handle: 000007FEFD5A0000 size: 421888 crc: D7A16149 date: 2011-07-16 05:37:12
 C:\Windows\system32\WINMM.dll handle: 000007FEF94D0000 size: 217600 crc: 7BC1529F date: 2009-07-14 01:41:56
 C:\Windows\system32\msvcrt.dll handle: 000007FEFD710000 size: 634880 crc: 7F3E716F date: 2009-07-14 01:41:32
 C:\Windows\system32\USER32.dll handle: 00000000771F0000 size: 1008128 crc: 70FF7D7F date: 2010-11-20 13:27:27
 C:\Windows\system32\GDI32.dll handle: 000007FEFD7B0000 size: 403968 crc: 3D5BC405 date: 2010-11-20 13:26:25
 C:\Windows\system32\LPK.dll handle: 000007FEFED70000 size: 41984 crc: 350AF03B date: 2009-07-14 01:41:19
 C:\Windows\system32\USP10.dll handle: 000007FEFD640000 size: 800256 crc: B511F4B9 date: 2010-11-20 13:27:27
 C:\Windows\system32\WS2_32.dll handle: 000007FEFED80000 size: 297984 crc: 0F68689B date: 2010-11-20 13:27:29
 C:\Windows\system32\RPCRT4.dll handle: 000007FEFF2B0000 size: 1219584 crc: 5217F07C date: 2010-11-20 13:27:24
 C:\Windows\system32\NSI.dll handle: 000007FEFDC40000 size: 13824 crc: 53B46F6C date: 2009-07-14 01:41:53
 C:\Windows\system32\ADVAPI32.dll handle: 000007FEFDA30000 size: 877056 crc: FA615A20 date: 2009-07-14 01:40:01
 C:\Windows\SYSTEM32\sechost.dll handle: 000007FEFDC50000 size: 113664 crc: 978CFAE5 date: 2009-07-14 01:41:53
 C:\Windows\system32\SHELL32.dll handle: 000007FEFDFE0000 size: 14174208 crc: EA53E806 date: 2010-11-20 13:27:25
 C:\Windows\system32\SHLWAPI.dll handle: 000007FEFF4A0000 size: 448512 crc: 086DF743 date: 2010-11-20 13:27:25
 C:\Windows\system32\IMM32.DLL handle: 000007FEFD610000 size: 167424 crc: 41B2805A date: 2009-07-14 01:41:09
 C:\Windows\system32\MSCTF.dll handle: 000007FEFDE50000 size: 1067008 crc: 798DDDA0 date: 2009-07-14 01:41:28
 C:\Windows\system32\SHFolder.dll handle: 000007FEF9B80000 size: 10240 crc: 08A48DE3 date: 2009-07-14 01:41:54
 C:\Windows\system32\ole32.dll handle: 000007FEFD820000 size: 2086912 crc: 72F91CD0 date: 2010-11-20 13:27:23
 C:\Windows\system32\uxtheme.dll handle: 000007FEFB8B0000 size: 332288 crc: B0A13DF9 date: 2009-07-14 01:41:56
 C:\Windows\system32\dwmapi.dll handle: 000007FEFB3A0000 size: 82432 crc: A459F360 date: 2009-07-14 01:40:34
 C:\Windows\system32\CRYPTBASE.dll handle: 000007FEFD170000 size: 44032 crc: F547C16E date: 2009-07-14 01:40:24
 C:\Windows\system32\mswsock.dll handle: 000007FEFCAB0000 size: 326144 crc: 136B1525 date: 2010-11-20 13:27:10
 C:\Windows\System32\wshtcpip.dll handle: 000007FEFC420000 size: 13312 crc: 5D1E2C55 date: 2009-07-14 01:41:58
 C:\Windows\system32\MMDevAPI.DLL handle: 000007FEFBD70000 size: 284160 crc: CDF2EF81 date: 2009-07-14 01:41:26
 C:\Windows\system32\PROPSYS.dll handle: 000007FEFBC40000 size: 1212416 crc: B83FA3BE date: 2010-11-20 13:27:23
 C:\Windows\system32\OLEAUT32.dll handle: 000007FEFF520000 size: 861696 crc: 1F331414 date: 2011-08-27 05:37:49
 C:\Windows\system32\wdmaud.drv handle: 000007FEF5370000 size: 217088 crc: 12829973 date: 2010-11-20 13:24:21
 C:\Windows\system32\ksuser.dll handle: 0000000071AE0000 size: 5120 crc: AA2071D9 date: 2009-07-14 01:41:13
 C:\Windows\system32\AVRT.dll handle: 000007FEFBC30000 size: 18432 crc: 5CE53CB7 date: 2009-07-14 01:40:05
 C:\Windows\system32\SETUPAPI.dll handle: 000007FEFDC70000 size: 1900544 crc: A364BD6A date: 2010-11-20 13:27:25
 C:\Windows\system32\CFGMGR32.dll handle: 000007FEFD2F0000 size: 207872 crc: 1984C339 date: 2010-11-20 13:25:50
 C:\Windows\system32\DEVOBJ.dll handle: 000007FEFD580000 size: 93184 crc: A7541AE2 date: 2009-07-14 01:40:28
 C:\Windows\system32\AUDIOSES.DLL handle: 000007FEF5320000 size: 296448 crc: 90389554 date: 2010-11-20 13:25:42
 C:\Windows\system32\msacm32.drv handle: 000007FEF5310000 size: 25600 crc: 2B579A05 date: 2009-07-14 01:38:50
 C:\Windows\system32\MSACM32.dll handle: 000007FEF52F0000 size: 83456 crc: 3D67538B date: 2009-07-14 01:41:27
 C:\Windows\system32\midimap.dll handle: 000007FEF52E0000 size: 20480 crc: CB902A13 date: 2009-07-14 01:41:23
 C:\Windows\system32\CLBCatQ.DLL handle: 000007FEFF030000 size: 607744 crc: 939E35C9 date: 2009-07-14 01:40:15
 C:\Windows\System32\wship6.dll handle: 000007FEFCAA0000 size: 13824 crc: E3FBF123 date: 2009-07-14 01:41:58
 C:\Windows\system32\DNSAPI.dll handle: 000007FEFC930000 size: 357888 crc: 194CAF1C date: 2011-03-03 06:24:15
 C:\Program Files\Common Files\Microsoft Shared\Windows Live\WLIDNSP.DLL handle: 000007FEF85E0000 size: 171392 crc: BE3AE755 date: 2011-03-28 12:11:06
 C:\Windows\system32\PSAPI.DLL handle: 00000000774C0000 size: 9216 crc: 84B5E9BA date: 2009-07-14 01:41:53
 C:\Windows\system32\IPHLPAPI.DLL handle: 000007FEFA320000 size: 145920 crc: 000D9F17 date: 2010-11-20 13:26:39
 C:\Windows\system32\WINNSI.DLL handle: 000007FEFA310000 size: 26112 crc: 744B2434 date: 2009-07-14 01:41:56
 C:\Windows\system32\rasadhlp.dll handle: 000007FEF8590000 size: 16384 crc: C5FD1616 date: 2009-07-14 01:41:53
 C:\Windows\System32\fwpuclnt.dll handle: 000007FEFA1F0000 size: 324096 crc: 37B502C2 date: 2009-07-14 01:40:55

---- gamelog start ----
Tick 0: new game started
     Revision text changed to gd11dc6f6-cd, savegame version 213, not modified, _openttd_newgrf_version = 0x12005cb3
     New game mode: 1 landscape: 0
     Added NewGRF: GRF ID 27711003, checksum F8218B65EF7D5951DA4D80625FF92132, filename: 2cctrainset.grf (md5sum matches)
     Added NewGRF: GRF ID 43485053, checksum 80EB009DC3E2CCD5C2C71DDB9A1CFBC3, filename: chips.grf (md5sum matches)
     Added NewGRF: GRF ID 52455400, checksum 1600687C50C5AB1E72EDD487CAD50E2A, filename: coded_by_aegir._artwork_by_aegir-1\ae_cityw.grf (md5sum matches)
     Added NewGRF: GRF ID 4A430002, checksum EFB21CFA6828362FDA9B2D629B5EEEB4, filename: industrial_stations_renewal-0.8.1\indstatr.grf (md5sum matches)
     Added NewGRF: GRF ID 45530500, checksum FA231F55E8CC472EA98271F7C2AA9EFF, filename: japanese_stations-2.0a\jpstationsw.grf (md5sum matches)
     Added NewGRF: GRF ID 444A5401, checksum 70955580042DE6758938EA904A2223CA, filename: nutracks-1.1.2\nutracks.grf (md5sum matches)
     Added NewGRF: GRF ID 74677462, checksum A2396FFDCC0F1BA37A2A89EF525CDF21, filename: total_bridge_renewal_set.1.12\total_bridges.grf (md5sum matches)
     Added NewGRF: GRF ID 56430001, checksum 0CB8AD0B5E08C40893EDD63DBF49A192, filename: total_town_replacement_set-3.13\ttrs3w.grf (md5sum matches)
---- gamelog end ----

*** End of OpenTTD Crash Report ***

Decoded stack trace:
[00] KERNELBASE           0x000007FEFD5ACACD RaiseException + 61
[01] openttd              0x000000013F97AC55
[02] openttd              0x000000013F97A014
[03] openttd              0x000000013F621583
[04] openttd              0x000000013F5D624B
[05] openttd              0x000000013F739EDF
[06] openttd              0x000000013F73A31F
[07] openttd              0x000000013F6063ED
[08] openttd              0x000000013F6250DF
[09] openttd              0x000000013F625463
[10] openttd              0x000000013F87F2E1
[11] openttd              0x000000013F62356F
[12] openttd              0x000000013F8817B2
[13] openttd              0x000000013F97C95C
[14] kernel32             0x00000000770E652D BaseThreadInitThunk + 13
[15] ntdll                0x000000007731C521 RtlUserThreadStart + 33

*** End of additional info ***
