*** OpenTTD Crash Report ***

Crash at: Sun Jan 19 01:54:05 2014
In game date: 131-05-10 (27)

Crash reason:
 Exception: C0000005
 Location:  00000001401679A2
 Message:   <none>

OpenTTD version:
 Version:    1.4.0-beta2 (0)
 NewGRF ver: 14006677
 Bits:       64
 Endian:     little
 Dedicated:  no
 Build date: Jan  7 2014 19:57:07

Registers:
 RAX: 0000000000000000 RBX: 00000000001DB990 RCX: 0000000000000001 RDX: 000000000000000D
 RSI: 00000000000000FF RDI: 000000000DA7BB40 RBP: 00000000001DB8F9 RSP: 00000000001DB840
 R8:  0000000000000001 R9:  0000000011CFD4F4 R10: 000000004B54C201 R11: 00000000050EC0B8
 R12: 0000000000000000 R13: 00000000060FC908 R14: 00000000124D6ABA R15: 00000000000000E3
 RIP: 00000001401679A2 EFLAGS: 00010202

 Bytes at instruction pointer:
 45 8B 22 F3 41 0F 6F 75 00 F3 41 0F 6F 39 41 D1 E8 44 89 45 77 0F 84 98

Stack trace:
 00000000 00000000 00000000 00000000 00000000 00000000 00000000 00000000
 4B54C201 00000000 00000000 00000000 00000000 00000000 050EC0B8 00000000
 00000012 00000000 11CFD4F4 00000000 00000000 00000000 11CFD4F4 00000000
 060FC900 00000000 124D6ABA 00000000 4B54C201 00000000 00000000 00000000
 00000FD2 00000000 00000000 00000000 776F5410 00000000 00000000 00000000
 00000006 00000000 00260000 00000000 00000000 00000000 00000000 00000000
 00000000 00000000 00000000 00000000 00000000 00000000 00000000 00000000
 00000018 00000000 00000048 00000000 00000000 00000000 00000000 00000000
 0000013D 00000000 40C1E390 00000001 001DB9D0 00000000 3FF304CC 00000001
 00000002 00000000 001DB990 00000000 00000000 00000000 00000000 00000000
 00000000 00000000 11CD0000 00000000 050EC0B8 00000000 05010379 00000000
 00000000 00000000 0000000D 00000012 00000034 00000048 0000013D 00000018
 11CD0000 00000000 00000780 00000001 002C03FC 00000000 00000000 00000000
 00000005 00000000 002C03FC 00000000 001DBAD9 00000000 3FF2EDD1 00000001
 00000000 00000000 0000013D 00000000 00000018 00000000 00000000 00000001
 00000000 00000000 00000000 00000000 00000034 00000000 00000005 00000000
 0DA7BB40 00000000 3FF2F4EC 00000001 40B801B8 00000001 00000000 00000000
 00000000 00000000 0DA7BB40 00000000 00000000 00000000 00000000 00000000
 04380780 00000000 401E67BC 00000001 00000000 00000000 001DBAD9 00000000
 04380780 00000000 00000006 00000000 00000000 00000000 00000019 00000000
 0E141BB0 00000000 0E141BC0 00000000 00000000 00000000 00000206 00000000
 00000006 00000000 02060000 00020000 00000000 00000000 00000000 002C0002
 00000000 00060000 00000000 00000000 002E6DD0 00000000 00000000 00000000
 00000005 00000000 00000000 00000000 002C03FC 00000000 77399BD1 00000000

Operating system:
 Name:     Windows
 Release:  6.1.7601 (Service Pack 1)
 Compiler: MSVC 1600

Configuration:
 Blitter:      32bpp-sse4-anim
 Graphics set: zBase (251)
 Language:     C:\Program Files\OpenTTD\lang\english_US.lng
 Music driver: win32
 Music set:    OpenMSX (96)
 Network:      no
 Sound driver: win32
 Sound set:    OpenSFX (87)
 Video driver: win32

Fonts:
 Small:  Tahoma
 Medium: Tahoma
 Large:  sprite
 Mono:   sprite

AI Configuration (local: 0):
  0: Human

Libraries:
 FreeType:   2.4.11
 ICU:        51.2
 LZMA:       5.0.4
 LZO:        2.06
 PNG:        1.5.14
 Zlib:       1.2.7

Module information:
 C:\Program Files\OpenTTD\openttd.exe handle: 000000013FF00000 size: 14058496 crc: AC9CB049 date: 2014-01-07 20:02:32
 C:\Windows\SYSTEM32\ntdll.dll handle: 00000000775E0000 size: 1731920 crc: 71D20A99 date: 2011-11-17 06:41:18
 C:\Windows\system32\kernel32.dll handle: 0000000077260000 size: 1162240 crc: 8775E3D9 date: 2012-08-20 18:48:35
 C:\Windows\system32\KERNELBASE.dll handle: 000007FEFDB50000 size: 424448 crc: FC658D8C date: 2012-08-20 18:48:35
 C:\Windows\system32\WINMM.dll handle: 000007FEFABE0000 size: 217600 crc: 7BC1529F date: 2009-07-14 01:41:56
 C:\Windows\system32\msvcrt.dll handle: 000007FEFE2C0000 size: 634880 crc: 9D1B448A date: 2011-12-16 08:46:06
 C:\Windows\system32\USER32.dll handle: 0000000077380000 size: 1008128 crc: 70FF7D7F date: 2010-11-20 13:27:27
 C:\Windows\system32\GDI32.dll handle: 000007FEFE230000 size: 403968 crc: 3D5BC405 date: 2010-11-20 13:26:25
 C:\Windows\system32\LPK.dll handle: 000007FEFE770000 size: 41984 crc: 350AF03B date: 2009-07-14 01:41:19
 C:\Windows\system32\USP10.dll handle: 000007FEFE640000 size: 800256 crc: B511F4B9 date: 2010-11-20 13:27:27
 C:\Windows\system32\WS2_32.dll handle: 000007FEFE360000 size: 297984 crc: 0F68689B date: 2010-11-20 13:27:29
 C:\Windows\system32\RPCRT4.dll handle: 000007FEFE100000 size: 1219584 crc: 5217F07C date: 2010-11-20 13:27:24
 C:\Windows\system32\NSI.dll handle: 000007FEFE740000 size: 13824 crc: 53B46F6C date: 2009-07-14 01:41:53
 C:\Windows\system32\IMM32.dll handle: 000007FEFE710000 size: 167424 crc: 41B2805A date: 2009-07-14 01:41:09
 C:\Windows\system32\MSCTF.dll handle: 000007FEFDFF0000 size: 1067008 crc: 798DDDA0 date: 2009-07-14 01:41:28
 C:\Windows\system32\ADVAPI32.dll handle: 000007FEFF710000 size: 877056 crc: FA615A20 date: 2009-07-14 01:40:01
 C:\Windows\SYSTEM32\sechost.dll handle: 000007FEFE750000 size: 113664 crc: 978CFAE5 date: 2009-07-14 01:41:53
 C:\Windows\system32\SHELL32.dll handle: 000007FEFE900000 size: 14172672 crc: 80527F5B date: 2012-06-09 05:43:10
 C:\Windows\system32\SHLWAPI.dll handle: 000007FEFF690000 size: 448512 crc: 086DF743 date: 2010-11-20 13:27:25
 C:\Windows\system32\ole32.dll handle: 000007FEFE430000 size: 2086912 crc: 72F91CD0 date: 2010-11-20 13:27:23
 C:\Windows\system32\uxtheme.dll handle: 000007FEFC310000 size: 332288 crc: B0A13DF9 date: 2009-07-14 01:41:56
 C:\Windows\system32\CRYPTBASE.dll handle: 000007FEFD970000 size: 44032 crc: F547C16E date: 2009-07-14 01:40:24
 C:\Windows\system32\CLBCatQ.DLL handle: 000007FEFE780000 size: 607744 crc: 939E35C9 date: 2009-07-14 01:40:15
 C:\Windows\system32\OLEAUT32.dll handle: 000007FEFE820000 size: 861696 crc: 1F331414 date: 2011-08-27 05:37:49
 C:\Windows\system32\mswsock.dll handle: 000007FEFD270000 size: 326144 crc: 136B1525 date: 2010-11-20 13:27:10
 C:\Windows\System32\wshtcpip.dll handle: 000007FEFCC50000 size: 13312 crc: 5D1E2C55 date: 2009-07-14 01:41:58
 C:\Windows\system32\MMDevAPI.DLL handle: 000007FEFBED0000 size: 284160 crc: CDF2EF81 date: 2009-07-14 01:41:26
 C:\Windows\system32\PROPSYS.dll handle: 000007FEFC370000 size: 1212416 crc: B83FA3BE date: 2010-11-20 13:27:23
 C:\Windows\system32\wdmaud.drv handle: 000007FEF59E0000 size: 217088 crc: 12829973 date: 2010-11-20 13:24:21
 C:\Windows\system32\ksuser.dll handle: 0000000071F50000 size: 5120 crc: AA2071D9 date: 2009-07-14 01:41:13
 C:\Windows\system32\AVRT.dll handle: 000007FEFBDB0000 size: 18432 crc: 5CE53CB7 date: 2009-07-14 01:40:05
 C:\Windows\system32\SETUPAPI.dll handle: 000007FEFDE10000 size: 1900544 crc: A364BD6A date: 2010-11-20 13:27:25
 C:\Windows\system32\CFGMGR32.dll handle: 000007FEFDB10000 size: 207872 crc: 1984C339 date: 2010-11-20 13:25:50
 C:\Windows\system32\DEVOBJ.dll handle: 000007FEFDAF0000 size: 93184 crc: A7541AE2 date: 2009-07-14 01:40:28
 C:\Windows\system32\AUDIOSES.DLL handle: 000007FEF4CD0000 size: 296448 crc: 90389554 date: 2010-11-20 13:25:42
 C:\Windows\system32\msacm32.drv handle: 000007FEF5A80000 size: 25600 crc: 2B579A05 date: 2009-07-14 01:38:50
 C:\Windows\system32\MSACM32.dll handle: 000007FEF5980000 size: 83456 crc: 3D67538B date: 2009-07-14 01:41:27
 C:\Windows\system32\midimap.dll handle: 000007FEF5970000 size: 20480 crc: CB902A13 date: 2009-07-14 01:41:23
 C:\Windows\system32\dwmapi.dll handle: 000007FEFBEB0000 size: 82432 crc: A459F360 date: 2009-07-14 01:40:34
 C:\Windows\system32\mciseq.dll handle: 000007FEFBC70000 size: 28672 crc: 61BC1358 date: 2009-07-14 01:41:21
 C:\Windows\system32\psapi.dll handle: 00000000777B0000 size: 9216 crc: 84B5E9BA date: 2009-07-14 01:41:53

---- gamelog start ----
Tick 62675: game loaded
     Conversion from OTTD savegame without gamelog: version 4, 1
     Revision text changed to 1.4.0-beta2, savegame version 188, not modified, _openttd_newgrf_version = 0x14006677
     New game mode: 0 landscape: 1
---- gamelog end ----

*** End of OpenTTD Crash Report ***

Decoded stack trace:
[00] openttd              0x00000001401679A2
[01] openttd              0x000000013FF304CC
[02] openttd              0x000000013FF2EDD1
[03] openttd              0x000000013FF2F4EC
[04] openttd              0x00000001401E67BC
[05] USER32               0x0000000077399BD1 TranslateMessageEx + 673
[06] USER32               0x0000000077396AA8 SetTimer + 376
[07] USER32               0x00000000773926F8 GetSystemMenu + 312
[08] USER32               0x000000007739760E SetWindowTextW + 1466
[09] uxtheme              0x000007FEFC311644
[10] uxtheme              0x000007FEFC311445
[11] USER32               0x00000000773989D3 GetWindowDC + 227
[12] openttd              0x00000001401E6DD0
[13] USER32               0x0000000077398971 GetWindowDC + 129
[14] USER32               0x00000000773972CB SetWindowTextW + 631
[15] USER32               0x0000000077392651 GetSystemMenu + 145
[16] ntdll                0x0000000077631225 KiUserCallbackDispatcher + 31
[17] USER32               0x00000000773A395A mouse_event + 198
[18] USER32               0x00000000773A378B ChangeDisplaySettingsW + 31
[19] openttd              0x00000001401E66E9
[20] USER32               0x0000000077399BD1 TranslateMessageEx + 673
[21] USER32               0x00000000773972CB SetWindowTextW + 631
[22] USER32               0x0000000077396829 IsDialogMessageW + 361
[23] ntdll                0x0000000077631225 KiUserCallbackDispatcher + 31
[24] USER32               0x000000007738CBFA DestroyWindow + 10
[25] openttd              0x00000001401E5ADA
[26] openttd              0x00000001401E7724
[27] openttd              0x000000013FF30F54
[28] openttd              0x000000013FF30FDB
[29] openttd              0x00000001400C3DB3
[30] openttd              0x00000001400DFEB9
[31] openttd              0x00000001400E0BE5
[32] openttd              0x000000013FF5DEDF
[33] openttd              0x000000013FF6002A
[34] openttd              0x000000013FF6194E
[35] openttd              0x00000001401E760D
[36] openttd              0x000000013FF5F70C
[37] openttd              0x00000001401E9C2F
[38] openttd              0x00000001402D6244
[39] kernel32             0x000000007727652D BaseThreadInitThunk + 13
[40] ntdll                0x000000007760C521 RtlUserThreadStart + 33

*** End of additional info ***
