*** OpenTTD Crash Report ***

Crash at: Sat Feb 20 15:06:32 2010
In game date: 1980-01-01 (0)

Crash reason:
 Signal:  Aborted (6)
 Message: Assertion failed at line 1910 of /trunk/src/industry_cmd.cpp: it < NUM_INDUSTRYTYPES && industry_probs[it] > 0

OpenTTD version:
 Version:    r19166 (0)
 NewGRF ver: 11004ade
 Bits:       64
 Endian:     little
 Dedicated:  no
 Build date: Feb 20 2010 15:51:41

Stacktrace:
 [00] ./openttd(_ZNK12CrashLogUnix13LogStacktraceEPcPKc+0x39) [0x610109]
 [01] ./openttd(_ZNK8CrashLog12FillCrashLogEPcPKc+0xf0) [0x530940]
 [02] ./openttd(_ZNK8CrashLog12MakeCrashLogEv+0x89) [0x530a49]
 [03] ./openttd [0x61005d]
 [04] /lib/libc.so.6 [0x7fe2fe731530]
 [05] /lib/libc.so.6(gsignal+0x35) [0x7fe2fe7314b5]
 [06] /lib/libc.so.6(abort+0x180) [0x7fe2fe734f50]
 [07] ./openttd [0x5fe845]
 [08] ./openttd(_Z18GenerateIndustriesv+0x244) [0x57f554]
 [09] ./openttd [0x553f6e]
 [10] ./openttd(_Z13GenerateWorld12GenWorldModejjb+0x139) [0x554619]
 [11] ./openttd(_Z12SwitchToMode10SwitchMode+0xdd) [0x5feabd]
 [12] ./openttd(_ZN21VideoDriver_Dedicated8MainLoopEv+0x6f) [0x71b8df]
 [13] ./openttd(_Z8ttd_mainiPPc+0xddb) [0x60071b]
 [14] /lib/libc.so.6(__libc_start_main+0xfd) [0x7fe2fe71cabd]
 [15] ./openttd [0x49d639]

Operating system:
 Name:     Linux
 Release:  2.6.31-19-server
 Version:  #56-Ubuntu SMP Thu Jan 28 03:40:48 UTC 2010
 Machine:  x86_64
 Compiler: GCC 4.4.1 "4.4.1"

Configuration:
 Blitter:      null
 Graphics set: original_windows
 Language:     czech.lng
 Music driver: null
 Music set:    NoMusic
 Network:      server
 Sound driver: null
 Sound set:    original_windows
 Video driver: dedicated

AI Configuration (local: 255):

Libraries:
 FreeType:   2.3.9
 LZO:        2.03
 PNG:        1.2.37
 SDL:        1.2.13
 Zlib:       1.2.3.3

---- gamelog start ----
Tick 0: new game started
     Revision text changed to r19166, savegame version 138, not modified, _openttd_newgrf_version = 0x11004ade
     New game mode: 1 landscape: 2
---- gamelog end ----

*** End of OpenTTD Crash Report ***
