*** OpenTTD Crash Report ***
Date: 2009-08-02 14:41:52
Build: r17030 (0) built on Aug  1 2009 18:25:15
Reason: Assertion failed at c:\openttd\compile\src\yapf\follow_track.hpp:110: ((TrackStatusToTrackdirBits(GetTileTrackStatus(m_old_tile, TT(), IsRoadTT() && m_veh != NULL ? RoadVehicle::From(m_veh)->compatible_roadtypes : 0)) & TrackdirToTrackdirBits(m_old_td)) != 0) || (IsTram() && GetSingleTramBit(m_old_tile) != INVALID_DIAGDIR)
Language: english.lng
Exception C0000005 at 005374CF
Registers:
 EAX: 02111360 EBX: 00000000 ECX: 000EB718 EDX: 021114A5
 ESI: 00000001 EDI: 000EB950 EBP: 000EB998 ESP: 000EB930
 EIP: 005374CF EFLAGS: 00010206

Bytes at CS:EIP:
 88 1D 00 00 00 00 8B 47 0C 8B 04 85 F8 64 65 00 89 47 18 8B 47 08 E8 52

Stack trace: 
 0062BB30 00000000 00000000 00535EBC 04950028 0012F9FC 000EB9F0 7C9101E0
 02273540 00000000 000746BD 00000000 FFFFFFFF 00000000 000000FF 00000000
 00000000 00000000 00000000 00000002 000746BD 00000000 00535D8D 0012FAC4
 005CB4D1 FFFFFFFF 000EB9D8 005341BB 0012FAAC 04950028 02273540 000746BD
 933C2898 0000103E 02273540 0227363C 0012FA9C 0012FAD0 00000001 00534471
 04950028 02273540 0012FAD0 00532657 022736D8 02273540 00000001 00000000
 00F5C010 00000000 00000000 00000000 00000000 00000000 00000000 00000000
 00000000 00000000 00000000 00000000 00000000 00000000 00000000 00000000
 00000000 00000000 00000000 00000000 00000000 00000000 00000000 00000000
 00000000 00000000 00000000 00000000 00000000 00000000 00000000 00000000
 00000000 00000000 00000000 00000000 00000000 00000000 00000000 00000000
 00000000 00000000 00000000 00000000 00000000 00000000 00000000 00000000
 00000000 00000000 00000000 00000000 00000000 00000000 00000000 00000000
 00000000 00000000 00000000 00000000 00000000 00000000 00000000 00000000
 00000000 00000000 00000000 00000000 00000000 00000000 00000000 00000000
 00000000 00000000 00000000 00000000 00000000 00000000 00000000 00000000
 00000000 00000000 00000000 00000000 00000000 00000000 00000000 00000000
 00000000 00000000 00000000 00000000 00000000 00000000 00000000 00000000
 00000000 00000000 00000000 00000000 00000000 00000000 00000000 00000000
 00000000 00000000 00000000 00000000 00000000 00000000 00000000 00000000
 00000000 00000000 00000000 00000000 00000000 00000000 00000000 00000000
 00000000 00000000 00000000 00000000 00000000 00000000 00000000 00000000
 00000000 00000000 00000000 00000000 00000000 00000000 00000000 00000000
 00000000 00000000 00000000 00000000 00000000 00000000 00000000 00000000

Module information:
 C:\Richard\My Games\OpenTTD\r17030\openttd.exe handle: 00400000 size: 2890752 crc: 89D7FB05 date: 2009-08-01 22:29:38
 J:\WINDOWS\system32\ntdll.dll handle: 7C900000 size: 714752 crc: 56E74C35 date: 2009-02-09 12:10:48
 J:\WINDOWS\system32\kernel32.dll handle: 7C800000 size: 989696 crc: 8A0508E5 date: 2009-03-21 14:06:58
 J:\WINDOWS\system32\WINMM.dll handle: 76B40000 size: 176128 crc: 9676D976 date: 2008-04-14 00:12:09
 J:\WINDOWS\system32\ADVAPI32.dll handle: 77DD0000 size: 617472 crc: C9027432 date: 2009-02-09 12:10:48
 J:\WINDOWS\system32\RPCRT4.dll handle: 77E70000 size: 585216 crc: E2046CB3 date: 2009-04-15 14:51:25
 J:\WINDOWS\system32\Secur32.dll handle: 77FE0000 size: 56832 crc: 8FEFBB63 date: 2009-02-03 19:59:07
 J:\WINDOWS\system32\GDI32.dll handle: 77F10000 size: 286720 crc: B5F6B116 date: 2008-10-23 12:36:14
 J:\WINDOWS\system32\USER32.dll handle: 7E410000 size: 578560 crc: F7C72264 date: 2008-04-14 00:12:08
 J:\WINDOWS\system32\WS2_32.dll handle: 71AB0000 size: 82432 crc: 7C519ECA date: 2008-04-14 00:12:10
 J:\WINDOWS\system32\msvcrt.dll handle: 77C10000 size: 343040 crc: 0B7B1677 date: 2008-04-14 00:12:01
 J:\WINDOWS\system32\WS2HELP.dll handle: 71AA0000 size: 19968 crc: 3F24E096 date: 2008-04-14 00:12:10
 J:\WINDOWS\system32\SHELL32.dll handle: 7C9C0000 size: 8461312 crc: 2221EFBA date: 2008-06-17 19:02:19
 J:\WINDOWS\system32\SHLWAPI.dll handle: 77F60000 size: 474112 crc: 3230A338 date: 2008-04-14 00:12:05
 J:\WINDOWS\system32\IMM32.DLL handle: 76390000 size: 110080 crc: C1486DA0 date: 2008-04-14 00:11:54
 J:\WINDOWS\system32\LPK.DLL handle: 629C0000 size: 22016 crc: 9689B06F date: 2008-04-14 00:11:56
 J:\WINDOWS\system32\USP10.dll handle: 74D90000 size: 406016 crc: FA817293 date: 2008-04-14 00:12:08
 J:\WINDOWS\system32\wbsys.dll handle: 66500000 size: 36864 crc: 1F2CA9D4 date: 2003-02-27 00:27:44
 J:\Program Files\Stardock\Object Desktop\WindowBlinds\wbhelp.dll handle: 66600000 size: 28740 crc: E0A8B77A date: 2004-09-18 19:37:00
 J:\WINDOWS\WinSxS\x86_Microsoft.Windows.Common-Controls_6595b64144ccf1df_6.0.2600.5512_x-ww_35d4ce83\comctl32.dll handle: 773D0000 size: 1054208 crc: 06939D35 date: 2008-04-14 00:12:51
 J:\WINDOWS\system32\comctl32.dll handle: 5D090000 size: 617472 crc: 519837A9 date: 2008-04-14 00:11:51
 J:\WINDOWS\system32\SHFolder.dll handle: 76780000 size: 25088 crc: 8009EA65 date: 2008-04-14 00:12:05
 J:\WINDOWS\system32\WINTRUST.dll handle: 76C30000 size: 176640 crc: 98E1211C date: 2008-04-14 00:12:09
 J:\WINDOWS\system32\CRYPT32.dll handle: 77A80000 size: 599040 crc: F04E4319 date: 2008-04-14 00:11:51
 J:\WINDOWS\system32\MSASN1.dll handle: 77B20000 size: 57344 crc: B280A6F9 date: 2008-04-14 00:11:58
 J:\WINDOWS\system32\IMAGEHLP.dll handle: 76C90000 size: 144384 crc: F7A06429 date: 2008-04-14 00:11:54
 J:\WINDOWS\system32\wdmaud.drv handle: 72D20000 size: 23552 crc: EEB914CA date: 2008-04-14 00:12:45
 J:\WINDOWS\system32\msacm32.drv handle: 72D10000 size: 20480 crc: D5406BAE date: 2004-08-04 12:00:00
 J:\WINDOWS\system32\MSACM32.dll handle: 77BE0000 size: 71680 crc: EDE4B266 date: 2008-04-14 00:11:58
 J:\WINDOWS\system32\midimap.dll handle: 77BD0000 size: 18944 crc: 2E6D5FD1 date: 2008-04-14 00:11:57
 J:\WINDOWS\system32\ole32.dll handle: 774E0000 size: 1287168 crc: 3908D33A date: 2008-04-14 00:12:02
 J:\WINDOWS\system32\uxtheme.dll handle: 5AD70000 size: 218624 crc: A4A915A5 date: 2008-04-14 00:12:08
 J:\WINDOWS\system32\CLBCATQ.DLL handle: 76FD0000 size: 498688 crc: F43789FF date: 2008-04-14 00:11:50
 J:\WINDOWS\system32\COMRes.dll handle: 77050000 size: 792064 crc: 868482D5 date: 2008-04-14 00:11:51
 J:\WINDOWS\system32\OLEAUT32.dll handle: 77120000 size: 551936 crc: 1EE83658 date: 2008-04-14 00:12:02
 J:\WINDOWS\system32\VERSION.dll handle: 77C00000 size: 18944 crc: 558B1DAF date: 2008-04-14 00:12:08
 J:\WINDOWS\system32\dmime.dll handle: 5C570000 size: 181248 crc: A021AC64 date: 2008-04-14 00:11:52
 J:\WINDOWS\system32\DSOUND.dll handle: 73F10000 size: 367616 crc: 33C2A52C date: 2008-04-14 00:11:52
 J:\WINDOWS\system32\dmusic.dll handle: 6C980000 size: 104448 crc: E9A2B682 date: 2008-04-14 00:11:52
 J:\WINDOWS\system32\KsUser.dll handle: 73EE0000 size: 4096 crc: BD8E6BD9 date: 2008-04-14 00:11:56
 J:\WINDOWS\system32\dmsynth.dll handle: 6C9A0000 size: 103424 crc: 3E2BFB05 date: 2008-04-14 00:11:52
 J:\WINDOWS\system32\dmloader.dll handle: 6CA10000 size: 35840 crc: 9271DC2B date: 2008-04-14 00:11:52
 J:\WINDOWS\system32\msctfime.ime handle: 755C0000 size: 177152 crc: 8C1D2F99 date: 2009-02-27 04:56:38
 J:\WINDOWS\system32\mswsock.dll handle: 71A50000 size: 245248 crc: FBBA0828 date: 2008-06-20 17:46:57
 J:\WINDOWS\system32\hnetcfg.dll handle: 662B0000 size: 344064 crc: 96358152 date: 2008-04-14 00:11:54
 J:\WINDOWS\System32\wshtcpip.dll handle: 71A90000 size: 19456 crc: F5533E87 date: 2008-04-14 00:12:10
 J:\WINDOWS\system32\psapi.dll handle: 76BF0000 size: 23040 crc: 75BBDCAD date: 2008-04-14 00:12:03

System information:
 Windows version 5.1 2600 Service Pack 3

---- gamelog start ----
Tick 22116: game loaded
     Conversion from OTTD savegame without gamelog: version 92, 0
     Revision text changed to r14275, savegame version 101, not modified, _openttd_newgrf_version = 0x070037c3
     New game mode: 1 landscape: 0
     Added NewGRF: GRF ID 6D620700, checksum 5C795B37F05FA41ABEF641B1E897DD42, filename: ottdc_grfpack\2_landscape\alpine\alpinew.grf
     Added NewGRF: GRF ID 45520102, checksum 1406B06F6475037445A944963CA6D5CE, filename: ottdc_grfpack\7_stations\basic_platforms\basic_platformsw.grf
     Added NewGRF: GRF ID 45520400, checksum 1D00426064137AA49B6FC4F4BCFF173F, filename: ottdc_grfpack\7_stations\brickfreight\brickfreightw.GRF
     Added NewGRF: GRF ID 52455400, checksum 1600687C50C5AB1E72EDD487CAD50E2A, filename: ottdc_grfpack\7_stations\ae_city\ae_cityw.GRF
     Added NewGRF: GRF ID 504E0002, checksum 6E6944E09CE6C3AC130DF72C542EE4B1, filename: ottdc_grfpack\7_stations\buffers\buffers.grf
     Added NewGRF: GRF ID 44440401, checksum 6AAD39D3A1E489E0060A9511B7DF8CDA, filename: ottdc_grfpack\8_vehicles\road_vehicles\pb_hovs_bus\pb_hovs_bus.grf
     Added NewGRF: GRF ID 4A430000, checksum A8B0E3328517AF70653FBDF7CDAFE005, filename: ottdc_grfpack\z_obsolete\jcindsta\jcindstaw.grf
     Added NewGRF: GRF ID 44442202, checksum 3DAC7433C0DA14AD3C5E8C89D73A6A2E, filename: ottdc_grfpack\8_vehicles\trains_wagons\pb_ukrs\ukrsap1w.grf
     Added NewGRF: GRF ID 44440111, checksum 9B5051E70D60EF2926A249B923AFB0CA, filename: ottdc_grfpack\8_vehicles\trains_wagons\pb_ukrs\pb_ukrs.grf
     Added NewGRF: GRF ID 52455300, checksum 37C0B839B13C4B18051580C81EEDF427, filename: ottdc_grfpack\7_stations\ae_subu\ae_subuw.GRF
     Added NewGRF: GRF ID 52455200, checksum 0E5A9C5ACD2BCAF7FA0658C3F905A660, filename: ottdc_grfpack\7_stations\ae_rura\ae_ruraw.GRF
     Added NewGRF: GRF ID 45520600, checksum 346457CB4632554B6A175785236883E4, filename: ottdc_grfpack\z_obsolete\platforms\platformsw.GRF
     Added NewGRF: GRF ID 45520500, checksum 7E30CA79D5A8B3A6CBE873E26096D7D2, filename: ottdc_grfpack\7_stations\modernsuburban\modernsuburbanw.GRF
     Added NewGRF: GRF ID 44440201, checksum DBEE7FED4B51E27E53FB7A14E283BE38, filename: ottdc_grfpack\4_infrastructure\b_pb_viaduct\pb_viaduct.grf
     Added NewGRF: GRF ID 56430001, checksum AF3E0A1E6EF0B98DB966594578D1775B, filename: ottdc_grfpack\6_town_buildings\ttrs3\ttrs3w.GRF
     Added NewGRF: GRF ID 44444040, checksum 3C899F15619D8043A15527CBB3C0AE4D, filename: ottdc_grfpack\8_vehicles\trains_wagons\troprs\troprsw.grf
     Added NewGRF: GRF ID 58534453, checksum 259085706CF46918EDBFD75CD10357E4, filename: ottdc_grfpack\7_stations\dutchstat\dutchstatw.grf
     Added NewGRF: GRF ID 54570200, checksum 3DEB9B30A6254AE8606A5A9A99A9A696, filename: ottdc_grfpack\7_stations\usstats\usstatsw.grf
     Added NewGRF: GRF ID 6D620601, checksum 44EB2F155862E4D4F0AB671D7021AF54, filename: ottdc_grfpack\7_stations\newstats\newstatsw.grf
     Compatible NewGRF loaded: GRF ID 44444040, checksum 310EE1B199D5A858BB1A7FB5F52F9969, filename: ottdc_grfpack\8_vehicles\trains_wagons\troprs\troprsw.grf
     Compatible NewGRF loaded: GRF ID 58534453, checksum 2E100BCA91DB8371CD9D57DBEC3AB0C8, filename: ottdc_grfpack\7_stations\dutchstat\dutchstatw.grf
Tick 34607: GRF config changed
     Added NewGRF: GRF ID 43415463, checksum 422B1603DC1CEDA4E59E715E12EAD332, filename: ottdc_grfpack\7_stations\canstn\canstnw.grf
Tick 36269: GRF config changed
     Removed NewGRF: 43415463, filename: ottdc_grfpack\7_stations\canstn\canstnw.grf
Tick 38465: GRF config changed
     Added NewGRF: GRF ID 4A430002, checksum 586499B6B66A461D0CB653B46FCB1433, filename: ottdc_grfpack\z_obsolete\indstatr\indstatrw_6.grf
     Added NewGRF: GRF ID 52571303, checksum 1018CF9D63B2BF0BE41E0E446F5C7327, filename: ottdc_grfpack_7.2\ottdc_grfpack\1_other\OpenGFX\OpenGFX_-_newInfrastructure_v0.6.grf
Tick 39991: GRF config changed
     Added NewGRF: GRF ID 45520004, checksum FAE5D547D28D5EA8CF3148F84CEF2D8E, filename: ottdc_grfpack\z_obsolete\pgs\pgs-counw.grf
     Added NewGRF: GRF ID 45520002, checksum 91BE852679BF24F3E1FB2D51D60083A3, filename: ottdc_grfpack\z_obsolete\pgs\pgs-freiw.grf
     Added NewGRF: GRF ID 45520003, checksum 0E5A15E514FDDC1C20721912BE8F6CF1, filename: ottdc_grfpack\z_obsolete\pgs\pgs-silvw.grf
     Added NewGRF: GRF ID 45520001, checksum 4F6DAB25CE0EA99584803A4C3AE77143, filename: ottdc_grfpack\z_obsolete\pgs\pgs-subuw.grf
Tick 52440: settings changed
     Setting changed: order.improved_load : 1 -> 0
Tick 60589: settings changed
     Setting changed: order.improved_load : 0 -> 1
Tick 27491: game loaded
     Revision text changed to r15495, savegame version 113, not modified, _openttd_newgrf_version = 0x07003c87
Tick 59710: game loaded
     Revision text changed to r16943, savegame version 123, not modified, _openttd_newgrf_version = 0x0800422f
Tick 61214: game loaded
     Revision text changed to r17030, savegame version 124, not modified, _openttd_newgrf_version = 0x08004286
---- gamelog end ----
