*** OpenTTD Crash Report ***

Crash at: Tue Aug 11 10:47:59 2015
In game date: 1988-02-09 (27)

Crash reason:
 Exception: C0000005
 Location:  000000013F26F8F9
 Message:   <none>

OpenTTD version:
 Version:    1.5.1 (0)
 NewGRF ver: 15186aa2
 Bits:       64
 Endian:     little
 Dedicated:  no
 Build date: Jun  1 2015 19:06:54

Registers:
 RAX: 0000000000000000 RBX: 00000000021BD230 RCX: 00000000000000B8 RDX: 000000000000B8B8
 RSI: 0000000010A1696C RDI: 00000000107D7128 RBP: 000000000027E520 RSP: 000000000027E4B0
 R8:  00000000000000FF R9:  0000000000000000 R10: 0000000000000000 R11: 00000000000000FF
 R12: 00000000FFEE03EC R13: 000000000287FF80 R14: 00000000030F8000 R15: 000000013FCFEA1C
 RIP: 000000013F26F8F9 EFLAGS: 00010206

 Bytes at instruction pointer:
 66 45 89 16 85 C0 0F 84 C2 01 00 00 8B 4C 83 18 C1 EA 08 80 FA 80 75 0B

Stack trace:
 FFFFFFFE FFFFFFFF 00000010 00000000 00000010 00000000 0027E6D0 00000000
 FF090805 FFFC0000 00000000 FFD7D7D7 FF080704 0000001A 00000009 00000001
 3FCFEA1C 00000001 02400F80 00000000 10597900 00000000 02EB9430 00000000
 024027E0 00000000 10597900 00000000 00000000 00000000 00000000 00000000
 086FD2A0 00000000 00000002 00000000 105972E8 00000000 00000000 00000000
 0027E631 00000000 3F09B4E8 00000001 021BD230 00000000 0027E5A0 00000000
 0000001E 00000000 0027E5B0 00000000 00000000 00000010 00000010 00000000
 00000000 0000001E 08552730 00000000 105972F0 00000000 3FCFEA1C 00000001
 00000000 00000000 00000028 00000028 00000028 00000028 00000002 0000001E
 023A96D8 00000000 00000640 00000001 00000000 00000003 00000001 00000000
 00000174 00000000 00000000 FFFFFFFF 00000004 00000000 00000000 00000000
 0000000A 00000000 00000000 00000000 00000000 00000174 01CC7F90 00000000
 0027F250 00000000 0000001E 00000000 085405E0 00000000 00000174 00000000
 085404C0 00000000 0000001E 00000000 00000028 00000000 0000001E 00000000
 00000103 00000000 3F09BCE1 00000001 085405E0 00000000 0000001E 00000000
 00000000 00000000 0000006A 00000000 00000000 00000001 0027EF00 00000000
 00000000 00000000 3F3B7E00 00000001 FFFFFFFE FFFFFFFF 0000006B 0000001E
 085404C0 00000000 00000003 00000004 0027E770 00000000 3F0D9E66 00000001
 0000033D 00000000 00000103 00000000 0027F250 00000000 00000174 00000000
 0000001E 00000000 00000174 00000000 00000000 00000000 3F09BDD7 00000001
 00000000 00000000 0000000A 00000000 00000000 00000000 00000103 00000000
 0027E770 00000000 00000010 00000000 00000000 00000000 00000000 00000000
 BB80EE20 EEAD8AEE 2D208881 65522020 6974616C 79746976 8881EE0A 69682820
 6E656464 8AEE0A29 4E2020AF 6F20746F 62206E77 6E612079 656E6F79 00000000

Operating system:
 Name:     Windows
 Release:  6.1.7601 (Service Pack 1)
 Compiler: MSVC 1600

Configuration:
 Blitter:      32bpp-anim
 Graphics set: OpenGFX (5580)
 Language:     C:\Program Files\OpenTTD\lang\czech.lng
 Music driver: win32
 Music set:    OpenMSX (96)
 Network:      no
 Sound driver: win32
 Sound set:    OpenSFX (87)
 Video driver: win32

Fonts:
 Small:  sprite
 Medium: sprite
 Large:  sprite
 Mono:   sprite

AI Configuration (local: 0):
  0: Human
 GS: Awards (v7)

Libraries:
 FreeType:   2.4.11
 ICU:        51.2
 LZMA:       5.0.4
 LZO:        2.06
 PNG:        1.5.14
 Zlib:       1.2.7

Module information:
 C:\Program Files\OpenTTD\openttd.exe handle: 000000013F070000 size: 13467648 crc: 62D0A8C4 date: 2015-06-01 19:11:06
 C:\Windows\SYSTEM32\ntdll.dll handle: 0000000077C00000 size: 1727904 crc: CF85EAFC date: 2015-03-17 05:19:37
 C:\Windows\system32\kernel32.dll handle: 00000000779E0000 size: 1163264 crc: EB086BD7 date: 2015-03-17 05:16:34
 C:\Windows\system32\KERNELBASE.dll handle: 000007FEFDB50000 size: 424448 crc: 00A4A2A5 date: 2015-03-17 05:16:34
 C:\Windows\system32\WINMM.dll handle: 000007FEFA9C0000 size: 217600 crc: 7BC1529F date: 2009-07-14 01:41:56
 C:\Windows\system32\msvcrt.dll handle: 000007FEFF3F0000 size: 634880 crc: 9D1B448A date: 2011-12-16 08:46:06
 C:\Windows\system32\USER32.dll handle: 0000000077B00000 size: 1008128 crc: 70FF7D7F date: 2010-11-21 03:24:09
 C:\Windows\system32\GDI32.dll handle: 000007FEFFC40000 size: 404480 crc: 0CB801ED date: 2015-03-05 05:12:33
 C:\Windows\system32\LPK.dll handle: 000007FEFFDE0000 size: 41984 crc: D76C1EF7 date: 2015-02-20 04:41:01
 C:\Windows\system32\USP10.dll handle: 000007FEFF700000 size: 801280 crc: DCB1924F date: 2014-04-25 02:34:59
 C:\Windows\system32\WS2_32.dll handle: 000007FEFE2E0000 size: 297984 crc: 0F68689B date: 2010-11-21 03:24:28
 C:\Windows\system32\RPCRT4.dll handle: 000007FEFFCB0000 size: 1216000 crc: 9A153133 date: 2014-07-14 02:02:45
 C:\Windows\system32\NSI.dll handle: 000007FEFFF00000 size: 13824 crc: 53B46F6C date: 2009-07-14 01:41:53
 C:\Windows\system32\IMM32.dll handle: 000007FEFE590000 size: 167424 crc: 41B2805A date: 2009-07-14 01:41:09
 C:\Windows\system32\MSCTF.dll handle: 000007FEFFDF0000 size: 1067520 crc: 362B3A40 date: 2015-01-17 02:48:38
 C:\Windows\system32\ADVAPI32.dll handle: 000007FEFF7F0000 size: 878080 crc: D0A62838 date: 2013-08-29 02:13:28
 C:\Windows\SYSTEM32\sechost.dll handle: 000007FEFE570000 size: 113664 crc: 978CFAE5 date: 2009-07-14 01:41:53
 C:\Windows\system32\SHELL32.dll handle: 000007FEFE660000 size: 14177280 crc: F6E67702 date: 2015-02-13 05:22:33
 C:\Windows\system32\SHLWAPI.dll handle: 000007FEFDFD0000 size: 448512 crc: 086DF743 date: 2010-11-21 03:24:22
 C:\Windows\system32\ole32.dll handle: 000007FEFE050000 size: 2086912 crc: 72F91CD0 date: 2010-11-21 03:23:48
 C:\Windows\system32\CRYPTBASE.dll handle: 000007FEFD860000 size: 44032 crc: F547C16E date: 2009-07-14 01:40:24
 C:\Program Files\ThinkPad\Bluetooth Software\btmmhook.dll handle: 0000000010000000 size: 392480 crc: 2B18389E date: 2010-12-18 22:50:52
 C:\Windows\system32\OLEAUT32.dll handle: 000007FEFF620000 size: 861696 crc: 2B84F0E4 date: 2014-11-26 03:53:59
 C:\Windows\system32\PSAPI.DLL handle: 0000000077DC0000 size: 9216 crc: 84B5E9BA date: 2009-07-14 01:41:53
 C:\Windows\system32\CLBCatQ.DLL handle: 000007FEFFBA0000 size: 607744 crc: 939E35C9 date: 2009-07-14 01:40:15
 C:\Windows\system32\mswsock.dll handle: 000007FEFD1A0000 size: 327168 crc: 2C87855E date: 2013-09-08 02:27:14
 C:\Windows\System32\wshtcpip.dll handle: 000007FEFC640000 size: 13312 crc: 5D1E2C55 date: 2009-07-14 01:41:58
 C:\Windows\system32\MMDevAPI.DLL handle: 000007FEFBE30000 size: 284160 crc: CDF2EF81 date: 2009-07-14 01:41:26
 C:\Windows\system32\PROPSYS.dll handle: 000007FEFBB80000 size: 1212416 crc: B83FA3BE date: 2010-11-21 03:23:55
 C:\Windows\system32\wdmaud.drv handle: 000007FEE94D0000 size: 217088 crc: 12829973 date: 2010-11-21 03:24:32
 C:\Windows\system32\ksuser.dll handle: 0000000067700000 size: 5120 crc: AA2071D9 date: 2009-07-14 01:41:13
 C:\Windows\system32\AVRT.dll handle: 000007FEFBAF0000 size: 18432 crc: 5CE53CB7 date: 2009-07-14 01:40:05
 C:\Windows\system32\SETUPAPI.dll handle: 000007FEFE390000 size: 1900544 crc: A364BD6A date: 2010-11-21 03:24:28
 C:\Windows\system32\CFGMGR32.dll handle: 000007FEFDB10000 size: 207872 crc: 1984C339 date: 2010-11-21 03:24:00
 C:\Windows\system32\DEVOBJ.dll handle: 000007FEFDD60000 size: 93184 crc: A7541AE2 date: 2009-07-14 01:40:28
 C:\Windows\system32\AUDIOSES.DLL handle: 000007FEF9AA0000 size: 296448 crc: 3599F4CD date: 2014-10-03 02:11:51
 C:\Windows\system32\msacm32.drv handle: 000007FEEC0F0000 size: 25600 crc: 2B579A05 date: 2009-07-14 01:38:50
 C:\Windows\system32\MSACM32.dll handle: 000007FEEC000000 size: 83456 crc: 3D67538B date: 2009-07-14 01:41:27
 C:\Windows\system32\midimap.dll handle: 000007FEEB430000 size: 20480 crc: CB902A13 date: 2009-07-14 01:41:23
 C:\Program Files\ThinkPad\Bluetooth Software\btkeyind.dll handle: 0000000001DA0000 size: 173856 crc: DAA8B4D9 date: 2010-12-18 22:50:50
 C:\Windows\System32\wship6.dll handle: 000007FEFD190000 size: 13824 crc: E3FBF123 date: 2009-07-14 01:41:58
 C:\Windows\system32\DNSAPI.dll handle: 000007FEFD020000 size: 357888 crc: 194CAF1C date: 2011-03-03 06:24:15
 C:\Windows\system32\IPHLPAPI.DLL handle: 000007FEFAAC0000 size: 145920 crc: 000D9F17 date: 2010-11-21 03:24:16
 C:\Windows\system32\WINNSI.DLL handle: 000007FEFAAB0000 size: 26112 crc: 744B2434 date: 2009-07-14 01:41:56
 C:\Windows\System32\fwpuclnt.dll handle: 000007FEFA920000 size: 324096 crc: 5D5E70C7 date: 2013-10-12 02:29:08
 C:\Windows\system32\rasadhlp.dll handle: 000007FEFA3C0000 size: 16384 crc: C5FD1616 date: 2009-07-14 01:41:53
 C:\Windows\WinSxS\amd64_microsoft.windows.common-controls_6595b64144ccf1df_6.0.7601.17514_none_fa396087175ac9ac\comctl32.dll handle: 000007FEFCB30000 size: 2030080 crc: 8B4048F1 date: 2010-11-21 03:23:51
 C:\Windows\system32\ntmarta.dll handle: 000007FEFC3B0000 size: 162304 crc: 5344798C date: 2009-07-14 01:41:53
 C:\Windows\system32\WLDAP32.dll handle: 000007FEFE330000 size: 312832 crc: 38AE3CF8 date: 2010-11-21 03:24:07
 C:\Windows\system32\CRYPTSP.dll handle: 000007FEFD200000 size: 79872 crc: EAD9F786 date: 2009-07-14 01:40:24
 C:\Windows\system32\rsaenh.dll handle: 000007FEFCF00000 size: 281256 crc: 4AE59CAD date: 2009-07-14 01:43:15
 C:\Windows\system32\RpcRtRemote.dll handle: 000007FEFD910000 size: 65536 crc: C025B122 date: 2010-11-21 03:24:01

---- gamelog start ----
Tick 0: new game started
Revision text changed to 1.5.1, savegame version 194, not modified, _openttd_newgrf_version = 0x15186aa2
New game mode: 1 landscape: 0
Added NewGRF: GRF ID F1250005, checksum EF9CA5244B98B86C62BAC5B39D6F351B, filename: firs_industry_replacement_set-1.4.3\firs.grf (md5sum matches)
Added NewGRF: GRF ID 19060801, checksum 6CFC6328D999C140851BFE6514BA277A, filename: bigger_depots.0.3\bigdepot.grf (md5sum matches)
Added NewGRF: GRF ID 544D0101, checksum D4E466F5181F001DF483A2E59207D55B, filename: 2cc_trainsinnml-1.0\2ccts.grf (md5sum matches)
Added NewGRF: GRF ID 52571203, checksum 7CE88A25DDB058C1BE577B88D049B274, filename: egrvts2-188\egrvts2.grf (md5sum matches)
Added NewGRF: GRF ID 44440A01, checksum FCEEC76CF44EC23E7FE9C88048CF11CC, filename: av8_aviators_aircraft_set-2.21\pb_av8w.grf (md5sum matches)
Added NewGRF: GRF ID 414E0201, checksum 0551E1BD6EB3100574B0474EAF3DE462, filename: fish_2-2.0.0\fish.grf (md5sum matches)
Added NewGRF: GRF ID 4D570102, checksum 8C41066F2430A1762047AB077B51EE63, filename: hover_bus.1.0\hoverbus_1.0.grf (md5sum matches)
Added NewGRF: GRF ID 4A4D0101, checksum AFE4E75999A3FF92D4B01DBEE9A803E9, filename: sailing_ships-0.62\ss.grf (md5sum matches)
Added NewGRF: GRF ID 56430001, checksum 2AD089EE6B73F25D79F286AD43765914, filename: total_town_replacement_set-3.14\ttrs3w.grf (md5sum matches)
Added NewGRF: GRF ID 46727806, checksum BBE029FCDD7A16F85876D417FF318D23, filename: opengfx_trees-0.8.0\opengfx+trees.grf (md5sum matches)
Added NewGRF: GRF ID 43415000, checksum 4DA9FE9A87DD330EBAD43916771BAF21, filename: opengfx_airports-0.4.2\ogfx-airports.grf (md5sum matches)
Added NewGRF: GRF ID 74677462, checksum 1D2A4E03D9F30922788C166254C27619, filename: total_bridge_renewal_set-1.2\total_bridges.grf (md5sum matches)
Added NewGRF: GRF ID 45530500, checksum FA231F55E8CC472EA98271F7C2AA9EFF, filename: japanese_stations-2.0a\jpstationsw.grf (md5sum matches)
Added NewGRF: GRF ID 4A430002, checksum 93EAC5F5396584B92D4C5F0AAAF3F6C5, filename: industrial_stations_renewal-1.0.2\indstatr.grf (md5sum matches)
Added NewGRF: GRF ID 52455200, checksum 0E5A9C5ACD2BCAF7FA0658C3F905A660, filename: rural_stations-1\ae_ruraw.grf (md5sum matches)
Added NewGRF: GRF ID FBFB0402, checksum 055724E1608C73A181748D39F28CB0E7, filename: metro_track_set-2.1.1\metrotrackset.grf (md5sum matches)
Added NewGRF: GRF ID 11223301, checksum 474A7FF52E675DED3154101B58B3E3C7, filename: 2cc_chimaera_addon.2\chim.grf (md5sum matches)
Added NewGRF: GRF ID 444A5901, checksum 23CEC795D97265752C21EA8F02564A61, filename: vacuum_tube_train-0.22\vactrain.grf (md5sum matches)
Added NewGRF: GRF ID 444A5902, checksum 10CE0195D8ABED8FD93E539FD990AF03, filename: vacuum_vehicle_wagon_and_train-0.22\vactrain.grf (md5sum matches)
Added NewGRF: GRF ID 49420105, checksum C701D095D0C47FC9ACA59963F20E91AF, filename: snow_line_mod-1.0.2\snowlinemod.grf (md5sum matches)
Added NewGRF: GRF ID 4D470305, checksum 2E96B9AB2BEA686BFF94961AD433A701, filename: basecosts-5.0\basecosts.grf (md5sum matches)
Added NewGRF: GRF ID 576DAB03, checksum 4439F1DF2B8F0565C816406CDF0186C4, filename: alberta_town_names-3\alberta_town_names.3.grf (md5sum matches)
---- gamelog end ----

*** End of OpenTTD Crash Report ***

Decoded stack trace:
[00] openttd              0x000000013F26F8F9
[01] openttd              0x000000013F09B4E8
[02] openttd              0x000000013F09BCE1
[03] openttd              0x000000013F09BDD7
[04] openttd              0x000000013F162B72
[05] openttd              0x000000013F0F4F72
 <infinite loop>

*** End of additional info ***
