*** OpenTTD Crash Report ***
Date: 2009-06-04 12:01:44
Build: 0.7.1-RC3 (0) built on Jun  3 2009 19:26:50
Reason: Disconnecting road vehicle.
Language: russian.lng
Exception C0000005 at 00443188
Registers:
 EAX: 00000001 EBX: 022DF501 ECX: 0012FFB0 EDX: 00080000
 ESI: 0012F938 EDI: 00000005 EBP: 0012FB3C ESP: 0012F924
 EIP: 00443188 EFLAGS: 00010202

Bytes at CS:EIP:
 C6 05 00 00 00 00 00 5B C2 04 00 55 8B EC 81 EC 14 04 00 00 56 57 8B 7D

Stack trace: 
 022DF54C 0042A413 00000001 022DF54C 00000000 63736944 656E6E6F 6E697463
 6F722067 76206461 63696865 002E656C 0051210B 00000000 0012F9F7 0000000C
 023F5CF4 0012FAB8 005123A2 02635A90 0000000C 0012F9F8 005122E1 0012FAB8
 00000002 023F5E28 0012F9CC 0058FF5E 00B10000 00000000 0058FF7D 6FE782BF
 0012FA08 0230800C 00000000 02AA0028 0012F9A0 0012F9A4 0012FAA4 005976C0
 6F900E6B 0012F9DC 005120C8 00000001 02652B88 0012FB28 005123A2 00BFB390
 00000001 0000001C 02635A68 00000012 015120C8 0012FA10 00512399 023F5CF4
 0012FAB8 02635BD8 00000002 0012FA90 005122E1 0012FAB8 0012FAB8 00001171
 00B10000 021BE390 021BE398 0012FA24 00B10688 0012FADC 77FB7E64 77F83158
 FFFFFFFF 0012FAEC 77FCB7C2 00B106E8 00000001 0000001C 0268E030 00000000
 0112FAFF 0012FA80 00512399 02652B88 0012FB28 0268E100 00000001 0000001C
 02635BB0 00000000 0112FB28 0012FAAC 00512399 023F5E28 0012FAB8 000000B3
 0012FAB8 0050E636 0012FB08 0050E63F 022D76C0 026334A0 0000242C 0000242C
 0012FB1C 0043FBC2 FFFFEEDB 026334A0 00002CEF 00002CEF 0012FB34 0043FBC2
 FFFFEEDD 00002D03 0012FB30 000002FC 0043B613 000002E6 00002CEF 000002FF
 00002D03 000015C5 022D8344 022D8308 01D16214 000002E6 00002CEF 000002E8
 00002CF0 000002FE 00002D02 00000005 00000009 022DF54C 0012FB90 00495F88
 0063E21C 022D8344 022DF54C 00000100 02241660 000003EF 00B44301 00001380
 00000F00 00000000 00622EB8 004F7BA1 004F7BA1 022D8344 0049532C 00000003
 00000007 000015C5 0002E75B 0012FBB8 00496A21 022DF54C 000000FF 006677D8
 022D8344 00000047 004AD012 0000002D 00496ACA 0012FC28 0043A46C 77E1A2A0
 04ED18E6 00000000 00000000 0003F001 0003F200 0012FC0C 004B7D5F 0003F1F1
 00499467 0003F1F1 00000007 0062BEBC 004B6DCF 004B6DDB 005EAC18 0003F1F1
 0062BEBC 0003D1E1 00000000 00000008 00000001 0000000F 0012FC50 77E1A2A0

Module information:
 D:\game\OpenTTD071rc3\openttd.exe handle: 00400000 size: 2621952 crc: 349A6808 date: 2009-06-03 15:31:06
 C:\WINNT\system32\ntdll.dll handle: 77F80000 size: 488208 crc: 9CC54DC7 date: 2005-06-03 03:32:16
 C:\WINNT\system32\WINMM.dll handle: 77520000 size: 190224 crc: 1EDB3143 date: 2000-03-22 21:00:00
 C:\WINNT\system32\USER32.DLL handle: 77E10000 size: 381200 crc: 997C724B date: 2007-03-06 11:19:04
 C:\WINNT\system32\KERNEL32.dll handle: 79430000 size: 716560 crc: 6C2FC2F8 date: 2007-04-16 12:45:16
 C:\WINNT\system32\GDI32.dll handle: 77F40000 size: 237840 crc: A91BFD12 date: 2008-10-23 05:28:38
 C:\WINNT\system32\ADVAPI32.DLL handle: 79060000 size: 401168 crc: AE3B6E36 date: 2005-06-03 03:31:50
 C:\WINNT\system32\RPCRT4.dll handle: 770F0000 size: 439056 crc: B5951DFB date: 2007-07-17 06:44:06
 C:\WINNT\system32\Secur32.dll handle: 79140000 size: 47376 crc: 15A90A9F date: 2009-02-04 04:21:22
 C:\WINNT\system32\WS2_32.dll handle: 74FC0000 size: 69904 crc: E1E487C7 date: 2003-06-19 08:05:04
 C:\WINNT\system32\MSVCRT.DLL handle: 78000000 size: 286773 crc: 8CCEEAB4 date: 2003-06-19 08:05:04
 C:\WINNT\system32\WS2HELP.DLL handle: 74FB0000 size: 18192 crc: A59FBF3B date: 2000-03-22 21:00:00
 C:\WINNT\system32\SHELL32.dll handle: 7CE80000 size: 2368784 crc: 092234CB date: 2008-04-15 23:14:44
 C:\WINNT\system32\SHLWAPI.dll handle: 70BD0000 size: 391168 crc: 2063F1D1 date: 2001-10-04 08:14:26
 C:\WINNT\system32\COMCTL32.dll handle: 71780000 size: 553232 crc: C3A970DB date: 2001-10-04 08:14:26
 C:\PROGRA~1\KASPER~1\KASPER~1\mzvkbd.dll handle: 6D710000 size: 79112 crc: 334E7972 date: 2008-11-11 16:00:26
 C:\WINNT\system32\PSAPI.DLL handle: 68F80000 size: 28944 crc: 9D07167B date: 2000-03-22 21:00:00
 C:\PROGRA~1\KASPER~1\KASPER~1\mzvkbd3.dll handle: 6D730000 size: 79112 crc: B489C969 date: 2008-11-11 16:00:26
 C:\WINNT\system32\SHFolder.dll handle: 71A20000 size: 22528 crc: 4322B75B date: 2001-10-04 08:14:26
 C:\WINNT\system32\wdmaud.drv handle: 77510000 size: 21264 crc: 7880D757 date: 2003-06-19 08:05:04
 C:\WINNT\system32\msacm32.drv handle: 773B0000 size: 21776 crc: 6327BF7D date: 2000-03-22 21:00:00
 C:\WINNT\system32\MSACM32.dll handle: 773C0000 size: 66832 crc: 025E6FEA date: 2000-03-22 21:00:00
 C:\WINNT\system32\ole32.dll handle: 7CD70000 size: 957712 crc: D4DED97F date: 2005-09-05 08:21:54
 C:\WINNT\system32\INDICDLL.dll handle: 6E380000 size: 11536 crc: 84BC4657 date: 2000-03-22 21:00:00
 C:\WINNT\system32\IMM32.dll handle: 75E00000 size: 96528 crc: 0EC3B6BB date: 2003-06-19 08:05:04
 C:\WINNT\system32\CLBCATQ.DLL handle: 7CB60000 size: 551184 crc: 888360B9 date: 2005-09-05 08:21:54
 C:\WINNT\system32\OLEAUT32.dll handle: 779B0000 size: 631056 crc: 76B0BB33 date: 2007-12-05 10:41:18
 C:\WINNT\system32\dmime.dll handle: 77300000 size: 181248 crc: BF6CE3D8 date: 2004-07-09 00:27:28
 C:\WINNT\system32\DSOUND.dll handle: 51080000 size: 381952 crc: 71BC2B1C date: 2004-07-09 00:27:28
 C:\WINNT\system32\VERSION.dll handle: 777F0000 size: 16144 crc: CA380E41 date: 2003-06-19 08:05:04
 C:\WINNT\system32\LZ32.DLL handle: 75950000 size: 10000 crc: EBEA99A7 date: 2003-06-19 08:05:04
 C:\WINNT\system32\dmusic.dll handle: 77180000 size: 122880 crc: D0A4B03C date: 2004-07-09 00:27:28
 C:\WINNT\system32\KsUser.dll handle: 5EF80000 size: 4096 crc: 853DEC10 date: 2002-12-11 20:14:32
 C:\WINNT\system32\midimap.dll handle: 6BED0000 size: 19216 crc: 8C673458 date: 2000-03-22 21:00:00
 C:\WINNT\system32\dmsynth.dll handle: 77480000 size: 100864 crc: 8F12DF7F date: 2002-12-11 20:14:32
 C:\WINNT\system32\dmloader.dll handle: 77380000 size: 33280 crc: CED7D165 date: 2002-12-11 20:14:32
 C:\WINNT\system32\msafd.dll handle: 74F60000 size: 105744 crc: A4B1FD81 date: 2008-06-25 09:42:56
 C:\WINNT\System32\wshtcpip.dll handle: 74FA0000 size: 17680 crc: 0A3DAE32 date: 2003-06-19 08:05:04

System information:
 Windows version 5.0 2195 Service Pack 4

---- gamelog start ----
Tick 0: new game started
     Revision text changed to 0.7.0-RC2, savegame version 115, not modified, _openttd_newgrf_version = 0x07003dd5
     New game mode: 1 landscape: 2
     Added NewGRF: GRF ID 46420801, checksum 2D654630F22AA4C78A58710024C514B3, filename: new_tram_tracks.0.4.1\newtramtracksw_v0.4.1.grf
     Added NewGRF: GRF ID 425F0101, checksum 5E6DC9FD3D9364AC6ABE21E6B4D8CE3E, filename: very_large_ships.0.1\vl_shipw.grf
     Added NewGRF: GRF ID 4D570102, checksum 8C41066F2430A1762047AB077B51EE63, filename: hover_bus.1.0\hoverbus_1.0.grf
     Added NewGRF: GRF ID 52570103, checksum EDB2D26F9D81423734CA12412F309CF3, filename: generictrams_v0.4.grf
     Added NewGRF: GRF ID FBFB0401, checksum E497AFEB67D7501658FFC709C2E474A9, filename: metro_track_set.0.2.2\metrotracksetw.grf
     Added NewGRF: GRF ID 27711002, checksum 58443251B511FBE8D56C6818EE66DD5D, filename: 2cc_trainset.beta_2.02\2ccdj.grf
     Added NewGRF: GRF ID 44440A01, checksum A7EA6FB6732157AEE44627A64EBCDAE6, filename: av8_aviators_aircraft_set.v1.331\pb_av8w.grf
     Added NewGRF: GRF ID FBFB0102, checksum 803D38F242F016C4A8212FA05C0F9B7E, filename: dutch_tram_set.rc1\dutchtramsetw.grf
     Added NewGRF: GRF ID 4D4E0103, checksum 0727CAF0B249F0D3BD08E6140657FC27, filename: modified_bridge_properties.0.3\bridgeprop.grf
     Added NewGRF: GRF ID 44442301, checksum D6DABF4E1803911F2BADE94641A944C8, filename: modified_building_costs.1\pb_build.grf
     Added NewGRF: GRF ID 4444F000, checksum 875F485E4DB617B27C58543C4000F0FB, filename: old_wagons_new_cargos.1.1\oldwagons-newcargos.grf
Tick 107: game loaded
     Revision text changed to 0.7.1-RC3, savegame version 116, not modified, _openttd_newgrf_version = 0x07104080
---- gamelog end ----
