*** OpenTTD Crash Report ***

Crash at: Tue Sep  6 01:45:22 2016
In game date: 2087-05-02 (16)

Crash reason:
 Signal:  Aborted (6)
 Message: Assertion failed at line 113 of /home/lordaro/dev/openttd/src/core/pool_type.hpp: index < this->first_unused

OpenTTD version:
 Version:    g533cb7c1-video-tidy (0)
 NewGRF ver: 17006c06
 Bits:       64
 Endian:     little
 Dedicated:  no
 Build date: Sep  6 2016 02:04:52

Stacktrace:
 [00] ./openttd(_ZNK12CrashLogUnix13LogStacktraceEPcPKc+0x40) [0x6e6da0]
 [01] ./openttd(_ZNK8CrashLog12FillCrashLogEPcPKc+0x12b) [0x5e811b]
 [02] ./openttd(_ZNK8CrashLog12MakeCrashLogEv+0x4d) [0x5e836d]
 [03] ./openttd() [0x6e6c66]
 [04] ./openttd() [0x73d3c7]
 [05] /usr/lib/libc.so.6(+0x330b0) [0x7f89b46840b0]
 [06] /usr/lib/libc.so.6(gsignal+0xcf) [0x7f89b468404f]
 [07] /usr/lib/libc.so.6(abort+0x16a) [0x7f89b468547a]
 [08] ./openttd() [0x6d8058]
 [09] ./openttd(_ZN4Town9GetByTileEj+0xae) [0x6b3c5e]
 [10] ./openttd(_Z15MakeDefaultNameI5DepotEvPT_+0x33) [0x5eaac3]
 [11] ./openttd(_Z13AfterLoadGamev+0x57b5) [0x73a5d5]
 [12] ./openttd() [0x74b822]
 [13] ./openttd(_Z10SaveOrLoadPKc17SaveLoadOperation16DetailedFileType12Subdirectoryb+0x32c) [0x74bc4c]
 [14] ./openttd(_Z8SafeLoadPKc17SaveLoadOperation16DetailedFileType8GameMode12SubdirectoryP10LoadFilter+0x52) [0x6d9932]
 [15] ./openttd(_Z12SwitchToMode10SwitchMode+0x210) [0x6d9c70]
 [16] ./openttd(_Z8GameLoopv+0x153) [0x6dae63]
 [17] ./openttd(_ZN15VideoDriver_SDL8MainLoopEv+0x290) [0x8108b0]
 [18] ./openttd(_Z12openttd_mainiPPc+0x134a) [0x6d96ba]
 [19] /usr/lib/libc.so.6(__libc_start_main+0xf1) [0x7f89b4671291]
 [20] ./openttd(_start+0x2a) [0x54f9aa]

Operating system:
 Name:     Linux
 Release:  4.7.2-1-ARCH
 Version:  #1 SMP PREEMPT Sat Aug 20 23:02:56 CEST 2016
 Machine:  x86_64
 Compiler: GCC 4.2.1 "4.2.1 Compatible Clang 3.8.1 (tags/RELEASE_381/final)"

Configuration:
 Blitter:      32bpp-anim
 Graphics set: original_windows (0)
 Language:     /home/lordaro/dev/openttd/bin/lang/english.lng
 Music driver: extmidi
 Music set:    original_windows (1)
 Network:      no
 Sound driver: sdl
 Sound set:    original_windows (0)
 Video driver: sdl

Fonts:
 Small:  sprite
 Medium: sprite
 Large:  sprite
 Mono:   sprite

AI Configuration (local: 0):
  0: Human
  1: SynTrans (v15)
  2: Chopper (v10)
  3: NoCAB (v499)
  5: gelignAIte (v1)

Libraries:
 FontConfig: 2.12.1
 FreeType:   2.6.5
 ICU i18n:   57.1
 ICU lx:     57.1
 LZMA:       5.2.2
 LZO:        2.09
 PNG:        1.6.25
 SDL:        1.2.15
 Zlib:       1.2.8

---- gamelog start ----
Tick 33736: game loaded
Conversion from OTTD savegame without gamelog: version 21, 0
Revision text changed to g533cb7c1-vide, savegame version 195, not modified, _openttd_newgrf_version = 0x17006c06
New game mode: 1 landscape: 0
---- gamelog end ----

*** End of OpenTTD Crash Report ***
