*** OpenTTD Crash Report ***

Crash at: Sat Jan 29 03:34:04 2011
In game date: 2002-12-06 (2)

Crash reason:
 Exception: E1212012
 Location:  757F9617
 Message:   Assertion failed at line 222 of c:\openttd\compile\src\ground_vehicle.hpp: this->z_pos == GetSlopeZ(this->x_pos, this->y_pos)

OpenTTD version:
 Version:    r21920 (0)
 NewGRF ver: 110055a0
 Bits:       32
 Endian:     little
 Dedicated:  no
 Build date: Jan 27 2011 19:17:30

Registers:
 EAX: 0012F3C8 EBX: 00000016 ECX: 00000000 EDX: 77C864F4
 ESI: 00BCEFE8 EDI: 00000000 EBP: 0012F418 ESP: 0012F3C8
 EIP: 757F9617 EFLAGS: 00200246

 Bytes at instruction pointer:
 C9 C2 10 00 89 45 C0 EB ED 90 90 90 90 90 8B FF 55 8B EC 83 EC 1C 6A 00

Stack trace:
 E1212012 00000000 00000000 757F9617 00000000 0021BAC0 001CEC30 0021A418
 00000088 00180000 00000004 0021B930 77C8549C 77CA3263 FFFFFFFF 00000024
 0012F414 00000004 00000000 00000016 0012F478 0057288F E1212012 00000000
 00000000 00000000 006452B6 00000016 AD9F7222 0012F7C0 00000200 06A06DA0
 77C9F037 FFFFFFFF 00000000 0012F460 0057287F 00000001 0012F438 0012EFCC
 0012FAC4 0064B4A0 AD37C622 FFFFFFFE 0012F7B0 006446F0 00000016 00000200
 001FCFA0 00E65EB0 00000082 00000000 0018017C 00000000 00180150 75DC52B9
 00100620 0021B938 001CEC30 00000001 00000042 00000000 01000000 00000000
 00000210 01010360 0012F408 00000000 0012FAC4 77C5D74D 00767FF0 FFFFFFFE
 77C9316F 77C92D68 00000000 0021B938 00000000 00010003 0012F6FC 0021B930
 0012F5A0 75DEE16D 00180000 00000000 0021B938 00000001 0012F6FC 00000001
 00000000 00000000 000005A0 0000035C 00000000 00C2E690 00000010 0000001C
 0000000F 00100620 00000006 000003F0 00000000 000002AE 00000000 00000143
 00000000 50022080 00D00D48 00000000 00000000 00000035 00007F01 0021B938
 00000001 0000002D 00000000 00000020 000001B0 0021B99C 0012F6F0 75DEE6B9
 00000010 0012F7C0 00000200 75DEE6F1 00000001 00000020 0012F978 0012F5EC
 00D00784 00559453 0012F9B8 0012F9B8 00000000 00000000 75DEE70C 00000000
 00000001 0012F6C8 0012F978 00559453 0012F978 0012F978 000071BF 00040016
 0012F9D4 0012F9D4 00007224 00548CF7 057ADB00 0012F9D4 00007224 0012F992
 0012F9B8 0012F9B8 0012F9D4 0012F9D4 00007224 00548CF7 057AFDE0 0012F9D4
 00007224 0012F992 00000000 00548CF7 0012F9B8 0012F9B8 00005CBD 00548CF7
 057C0710 0012F9B8 0012F9D4 0012F9D4 00000000 00548CF7 057AFE10 0012F9D4
 00000000 00000049 057C0020 0012F9B8 0012F9B8 0012F9B8 00000000 00548CF7
 057C07D0 0012F9B8 00000000 0012F649 0205CF08 0000007F 0012F7C0 00C2E690

Operating system:
 Name:     Windows
 Release:  6.1.7600 ()
 Compiler: MSVC 1500

Configuration:
 Blitter:      8bpp-optimized
 Graphics set: original_windows (0)
 Language:     C:\Users\Figgy\Desktop\ottdnightly\lang\english.lng
 Music driver: dmusic
 Music set:    NoMusic (0)
 Network:      no
 Sound driver: win32
 Sound set:    original_windows (0)
 Video driver: win32

AI Configuration (local: 0):
  0: Human
  1: TownCars (v4)
  2: Chopper (v7)

Libraries:
 FreeType:   2.4.4
 ICU:        4.4.2
 LZMA:       5.0.0
 LZO:        2.03
 PNG:        1.4.5
 Zlib:       1.2.5

Module information:
 C:\Users\Figgy\Desktop\ottdnightly\openttd.exe handle: 00400000 size: 8217088 crc: 0B31D36F date: 2011-01-29 02:49:30
 C:\Windows\SYSTEM32\ntdll.dll handle: 77C40000 size: 1286144 crc: D1A0A49D date: 2009-07-14 01:17:51
 C:\Windows\system32\kernel32.dll handle: 76D60000 size: 857088 crc: 1DC306D9 date: 2009-12-08 11:33:31
 C:\Windows\system32\KERNELBASE.dll handle: 757F0000 size: 288256 crc: 37432389 date: 2009-07-14 01:15:35
 C:\Windows\system32\WINMM.dll handle: 73B50000 size: 194048 crc: 2FBEB05C date: 2009-07-14 01:16:19
 C:\Windows\system32\msvcrt.dll handle: 773D0000 size: 690688 crc: 554C94A4 date: 2009-07-14 01:15:50
 C:\Windows\system32\USER32.dll handle: 75D90000 size: 811520 crc: F5A646DD date: 2009-07-14 01:16:17
 C:\Windows\system32\GDI32.dll handle: 75940000 size: 304640 crc: 252D0177 date: 2009-07-14 01:15:22
 C:\Windows\system32\LPK.dll handle: 77340000 size: 26624 crc: 13E68B63 date: 2009-07-14 01:15:36
 C:\Windows\system32\USP10.dll handle: 75CF0000 size: 627200 crc: 3887C4C8 date: 2009-07-14 01:16:17
 C:\Windows\system32\WS2_32.dll handle: 774D0000 size: 206336 crc: 4C23BF22 date: 2009-07-14 01:16:20
 C:\Windows\system32\RPCRT4.dll handle: 75890000 size: 652288 crc: 14458268 date: 2009-07-14 01:16:13
 C:\Windows\system32\NSI.dll handle: 76BF0000 size: 8704 crc: 2ACE9671 date: 2009-07-14 01:16:11
 C:\Windows\system32\ADVAPI32.dll handle: 75BC0000 size: 640000 crc: 24248FE4 date: 2009-07-14 01:14:53
 C:\Windows\SYSTEM32\sechost.dll handle: 76ED0000 size: 92160 crc: B624B29A date: 2009-07-14 01:16:13
 C:\Windows\system32\SHELL32.dll handle: 75FA0000 size: 12867584 crc: E1911954 date: 2010-07-27 14:03:24
 C:\Windows\system32\SHLWAPI.dll handle: 76E70000 size: 350208 crc: 8D9B2C39 date: 2009-07-14 01:16:14
 C:\Windows\system32\IMM32.DLL handle: 77D80000 size: 118272 crc: F2F44531 date: 2009-07-14 01:15:32
 C:\Windows\system32\MSCTF.dll handle: 77270000 size: 828928 crc: DFE09EEB date: 2009-07-14 01:15:43
 C:\Windows\system32\SHFolder.dll handle: 66030000 size: 7168 crc: 683AAC32 date: 2009-07-14 01:16:14
 C:\Windows\system32\ole32.dll handle: 76C00000 size: 1413632 crc: 082ED659 date: 2010-06-29 05:02:02
 C:\Windows\system32\MMDevAPI.DLL handle: 74080000 size: 213504 crc: 352DF99F date: 2009-07-14 01:15:41
 C:\Windows\system32\PROPSYS.dll handle: 743A0000 size: 988160 crc: 0700E8D7 date: 2009-07-14 01:16:12
 C:\Windows\system32\OLEAUT32.dll handle: 75B30000 size: 571904 crc: DCE3E850 date: 2009-07-14 01:16:12
 C:\Windows\system32\wdmaud.drv handle: 73B20000 size: 172032 crc: 03BEEBE2 date: 2009-07-14 01:14:08
 C:\Windows\system32\ksuser.dll handle: 73B10000 size: 4608 crc: EBE07232 date: 2009-07-14 01:15:35
 C:\Windows\system32\AVRT.dll handle: 74020000 size: 14336 crc: 9818237B date: 2009-07-14 01:14:58
 C:\Windows\system32\SETUPAPI.dll handle: 75990000 size: 1668608 crc: F909EF01 date: 2009-07-14 01:16:14
 C:\Windows\system32\CFGMGR32.dll handle: 75840000 size: 145920 crc: 6377C630 date: 2009-07-14 01:15:02
 C:\Windows\system32\DEVOBJ.dll handle: 75870000 size: 64512 crc: 2B501D62 date: 2009-07-14 01:15:11
 C:\Windows\system32\AUDIOSES.DLL handle: 739A0000 size: 195584 crc: BC939745 date: 2009-07-14 01:14:57
 C:\Windows\system32\msacm32.drv handle: 738F0000 size: 20992 crc: 73923147 date: 2009-07-14 01:14:08
 C:\Windows\system32\MSACM32.dll handle: 738D0000 size: 72192 crc: ABA25814 date: 2009-07-14 01:15:42
 C:\Windows\system32\midimap.dll handle: 738C0000 size: 16896 crc: C000494C date: 2009-07-14 01:15:40
 C:\Windows\system32\CRYPTBASE.dll handle: 75510000 size: 36864 crc: 00308E17 date: 2009-07-14 01:15:07
 C:\Windows\system32\CLBCatQ.DLL handle: 75C60000 size: 522240 crc: 6C130B8A date: 2009-07-14 01:15:03
 C:\Windows\system32\uxtheme.dll handle: 74360000 size: 249856 crc: 1CD7BB78 date: 2009-07-14 01:16:17
 F:\Fraps\FRAPS32.DLL handle: 63570000 size: 206768 crc: 046438E8 date: 2010-06-15 01:54:34
 C:\Program Files\Common Files\microsoft shared\ink\tiptsf.dll handle: 6E9C0000 size: 348160 crc: 7D193B81 date: 2009-07-14 01:16:16
 C:\Windows\system32\dwmapi.dll handle: 74060000 size: 67072 crc: FC7CA4B8 date: 2009-07-14 01:15:13
 C:\Windows\system32\version.dll handle: 74A80000 size: 21504 crc: 88D9D0F1 date: 2009-07-14 01:16:17
 C:\Windows\system32\oleacc.dll handle: 73960000 size: 233472 crc: DCDB7650 date: 2009-07-14 01:16:12
 C:\Windows\System32\dmime.dll handle: 67040000 size: 179712 crc: 179D7CFB date: 2009-07-14 01:15:12
 C:\Windows\System32\DSOUND.dll handle: 70F10000 size: 453632 crc: EC24F2F8 date: 2009-07-14 01:15:13
 C:\Windows\System32\POWRPROF.dll handle: 74030000 size: 145408 crc: 9957ABF4 date: 2009-07-14 01:16:12
 C:\Windows\System32\dmusic.dll handle: 72000000 size: 101376 crc: F5D0AA6B date: 2009-07-14 01:15:12
 C:\Windows\system32\WINTRUST.dll handle: 757C0000 size: 172032 crc: EA2D5BBA date: 2009-12-29 06:55:34
 C:\Windows\system32\CRYPT32.dll handle: 75610000 size: 1151488 crc: CC34327C date: 2009-07-14 01:15:07
 C:\Windows\system32\MSASN1.dll handle: 75600000 size: 34816 crc: 4F65C9C8 date: 2009-08-29 06:57:31
 C:\Windows\System32\dmsynth.dll handle: 703C0000 size: 105472 crc: 3B102040 date: 2009-07-14 01:15:12
 C:\Windows\System32\dmloader.dll handle: 70940000 size: 38400 crc: 8A3F45D2 date: 2009-07-14 01:15:12
 C:\Windows\system32\mswsock.dll handle: 75000000 size: 232448 crc: 32400D27 date: 2009-07-14 01:15:51
 C:\Windows\System32\wshtcpip.dll handle: 74B10000 size: 9216 crc: BA963A19 date: 2009-07-14 01:16:20
 C:\Windows\system32\psapi.dll handle: 77260000 size: 6144 crc: 25B988F9 date: 2009-07-14 01:16:12

---- gamelog start ----
Tick 0: new game started
     Revision text changed to 0.7.3, savegame version 116, not modified, _openttd_newgrf_version = 0x0738450e
     New game mode: 1 landscape: 0
     Added NewGRF: GRF ID 44440A01, checksum 89C7C7F861E121DF81F9E85372CE67A4, filename: pb_av8w_120.grf (matches GRFID only)
     Added NewGRF: GRF ID 44440A03, checksum 6205E0297104502240D946EC26B195CA, filename: pb_av8exw.grf (md5sum matches)
     Added NewGRF: GRF ID 44440A11, checksum 9CC25A10F25815ABD68C21520C822894, filename: genav8w.grf (md5sum matches)
     Added NewGRF: GRF ID 4A430002, checksum 0728ADCB4DF2F1EB9247ABD449296F4E, filename: industrial_stations_renewal.0.8.0\indstatrw.grf (md5sum matches)
     Added NewGRF: GRF ID 52571201, checksum C1C7D8C53EB7E74EEE2F0EF29638B466, filename: egrvts.grf (md5sum matches)
     Added NewGRF: GRF ID 44442411, checksum BE9A79F60827058108F4FD1700833886, filename: tai_uk.grf (matches GRFID only)
     Added NewGRF: GRF ID 6D620601, checksum 44EB2F155862E4D4F0AB671D7021AF54, filename: newstatsw\newstatsw.grf (md5sum matches)
     Added NewGRF: GRF ID 44442301, checksum D6DABF4E1803911F2BADE94641A944C8, filename: pb_build.grf (md5sum matches)
     Added NewGRF: GRF ID 44440202, checksum 4A85260DB888C1F2B66ED9A3A9BA3B90, filename: pb_bridge.grf (md5sum matches)
     Added NewGRF: GRF ID 44440610, checksum 81AF5D30FB8EFE0A733EF9999FD9DE6F, filename: tai_industry.grf (md5sum matches)
     Added NewGRF: GRF ID 44441000, checksum F57D9081116D49CBE876A4E7C04A55A6, filename: proj1000.grf (matches GRFID only)
     Added NewGRF: GRF ID 44440603, checksum 4D4BB789FD5FAD91EE1728F74D946764, filename: pikka\pikbrikw.grf (matches GRFID only)
Tick 11248: game loaded
     Compatible NewGRF loaded: GRF ID 44441000, checksum 9A20632F0F6E70520F1E9F85B6D0F0B3, filename: proj1000.grf (matches GRFID only)
Tick 11384: game loaded
     Compatible NewGRF loaded: GRF ID 44441000, checksum 1945290D0FC2CC31316483E9D47F829A, filename: proj1000.grf (matches GRFID only)
Tick 16346: GRF config changed
     Added NewGRF: GRF ID 414E0101, checksum 2216067C844F93AAF332AD5D41CEC13B, filename: fish_ship_set-0.5\fish.grf (matches GRFID only)
Tick 16445: GRF config changed
     Removed NewGRF: GRF ID 44440603, filename: pikka\pikbrikw.grf (matches GRFID only)
Tick 44530: game loaded
     Compatible NewGRF loaded: GRF ID 44441000, checksum 315CBEC9E98440E138462E7BC06326DF, filename: proj1000.grf (matches GRFID only)
Tick 44624: game loaded
     Compatible NewGRF loaded: GRF ID 44441000, checksum D652157644D4C7ED4E50AD47A7E92B8C, filename: proj1000.grf (matches GRFID only)
Tick 55694: game loaded
     Compatible NewGRF loaded: GRF ID 44441000, checksum 221E30491873EDAE0ADBEE75DD34B47B, filename: proj1000.grf (matches GRFID only)
Tick 60540: game loaded
     Compatible NewGRF loaded: GRF ID 44441000, checksum 41C36BC2BCDEF285807BDF53ABD2019B, filename: proj1000.grf (matches GRFID only)
     Compatible NewGRF loaded: GRF ID 414E0101, checksum 9E8BF7CBA523913056A4BC2C9C8DF4D1, filename: fish_ship_set-0.5\fish.grf (matches GRFID only)
Tick 2242: game loaded
     Compatible NewGRF loaded: GRF ID 44441000, checksum 28410073FAA96B93182FFB66972B95F2, filename: proj1000.grf (matches GRFID only)
Tick 13420: game loaded
     Compatible NewGRF loaded: GRF ID 44441000, checksum 8B7852341662B5817CCCB0AD6FD95803, filename: proj1000.grf (matches GRFID only)
Tick 17718: game loaded
     Compatible NewGRF loaded: GRF ID 44441000, checksum EAB1DE9CFC25842393F1553DA29F5CEE, filename: proj1000.grf (matches GRFID only)
Tick 21262: game loaded
     Compatible NewGRF loaded: GRF ID 44441000, checksum BEB4E1D4559BDA7009A84FF6899F7E4A, filename: proj1000.grf (matches GRFID only)
Tick 45017: game loaded
     Compatible NewGRF loaded: GRF ID 44441000, checksum C6BD6B2E9794569BE5319C940201EF76, filename: proj1000.grf (matches GRFID only)
Tick 53840: game loaded
     Compatible NewGRF loaded: GRF ID 44441000, checksum F667084A04BA006E77D5B891200D5E80, filename: proj1000.grf (matches GRFID only)
Tick 19389: game loaded
     Compatible NewGRF loaded: GRF ID 44441000, checksum 09DD853D03AB4229BFAD706AD26AEBC8, filename: proj1000.grf (matches GRFID only)
Tick 35859: game loaded
     Compatible NewGRF loaded: GRF ID 44441000, checksum CB273E4A0390C431CF5C09D4E2F0FFA8, filename: proj1000.grf (matches GRFID only)
Tick 65448: game loaded
     Compatible NewGRF loaded: GRF ID 44441000, checksum AECFF11F891295E96FF892FB5F6D4289, filename: proj1000.grf (matches GRFID only)
Tick 65474: game loaded
     Compatible NewGRF loaded: GRF ID 44441000, checksum 0242E63B717C521B2FC922BBA33CD354, filename: proj1000.grf (matches GRFID only)
Tick 2777: GRF config changed
     Added NewGRF: GRF ID 52571208, checksum 03C80A1F145E38F02B8FA276F8FB8216, filename: generic_cars.0.2\cars v0.2.grf (matches GRFID only)
Tick 15166: game loaded
     Compatible NewGRF loaded: GRF ID 44441000, checksum 689380DFEB3A14EAA60576752A719002, filename: proj1000.grf (matches GRFID only)
Tick 19740: game loaded
     Compatible NewGRF loaded: GRF ID 44441000, checksum 440CFCDE3C7905EF91CECFA0D53B2152, filename: proj1000.grf (matches GRFID only)
Tick 30600: game loaded
     Compatible NewGRF loaded: GRF ID 44441000, checksum D56BD2E7E9DE69B793218664F92ED3F8, filename: proj1000.grf (matches GRFID only)
Tick 13950: game loaded
     Compatible NewGRF loaded: GRF ID 44441000, checksum F7D3B9E60658F0BAD2A788C42AFA9403, filename: proj1000.grf (matches GRFID only)
Tick 13991: game loaded
     Compatible NewGRF loaded: GRF ID 44441000, checksum D176008EB2DEEE8D329FD227914D1D8A, filename: proj1000.grf (matches GRFID only)
Tick 15457: game loaded
     Compatible NewGRF loaded: GRF ID 44441000, checksum 4B2F05292A638FB2CEC2A017DE77C0BA, filename: proj1000.grf (matches GRFID only)
Tick 36113: game loaded
     Compatible NewGRF loaded: GRF ID 44441000, checksum 6BD23E532D8E1B4BF2737A41DCB884C8, filename: proj1000.grf (matches GRFID only)
     Compatible NewGRF loaded: GRF ID 414E0101, checksum BE698DD6CC955D78F25317395B3A9279, filename: fish.grf (md5sum matches)
Tick 39321: game loaded
     Compatible NewGRF loaded: GRF ID 44441000, checksum F8588BFD80D456B12B711CFA8F31F023, filename: proj1000.grf (matches GRFID only)
Tick 40414: game loaded
     Compatible NewGRF loaded: GRF ID 44441000, checksum 62F4C1B6250E1DB015050A4C803BD8E3, filename: proj1000.grf (matches GRFID only)
Tick 40457: game loaded
     Compatible NewGRF loaded: GRF ID 44441000, checksum 8BD1E0241F23C19240844B7382AB9179, filename: proj1000.grf (matches GRFID only)
Tick 105: game loaded
     Compatible NewGRF loaded: GRF ID 44441000, checksum C543F572AF10FFBA37DDA43C34EC2269, filename: proj1000.grf (matches GRFID only)
Tick 7022: game loaded
     Compatible NewGRF loaded: GRF ID 44441000, checksum 79554BE004243F571D0E1538E6247246, filename: proj1000.grf (matches GRFID only)
Tick 27576: game loaded
     Compatible NewGRF loaded: GRF ID 44441000, checksum 22512B1F9A9B97D46631CF0A1221199A, filename: proj1000.grf (matches GRFID only)
Tick 27594: game loaded
     Compatible NewGRF loaded: GRF ID 44441000, checksum 24F5EB819CD67709839BCD32CF0E6E50, filename: proj1000.grf (matches GRFID only)
Tick 46090: game loaded
     Compatible NewGRF loaded: GRF ID 44441000, checksum E4882F0A0973CFA6EDB6057BDC2212D7, filename: proj1000.grf (matches GRFID only)
Tick 59815: game loaded
     Compatible NewGRF loaded: GRF ID 44441000, checksum 9179DAC29827F4C2F4110A5D822D1A57, filename: proj1000.grf (matches GRFID only)
Tick 5711: game loaded
     Compatible NewGRF loaded: GRF ID 44441000, checksum F45E8FEE552FF4AC40E3A9B23005BE1A, filename: proj1000.grf (matches GRFID only)
Tick 36363: game loaded
     Compatible NewGRF loaded: GRF ID 44441000, checksum 368A53C182938C75252B531E1F1A0C7F, filename: proj1000.grf (matches GRFID only)
Tick 38251: game loaded
     Compatible NewGRF loaded: GRF ID 44441000, checksum 365C15A5E53DB11B4BA02D8C433CFED2, filename: proj1000.grf (matches GRFID only)
Tick 11968: game loaded
     Compatible NewGRF loaded: GRF ID 44441000, checksum E55648626DA8D92FE491D8EC9A31AF9E, filename: proj1000.grf (matches GRFID only)
Tick 11968: game loaded
     Compatible NewGRF loaded: GRF ID 44441000, checksum E7EA0F9B7E5242EF63ABC87512333351, filename: proj1000.grf (matches GRFID only)
Tick 22310: game loaded
     Compatible NewGRF loaded: GRF ID 44441000, checksum 23C67373625D6EF21DB0C675D78F4DC5, filename: proj1000.grf (matches GRFID only)
Tick 62130: game loaded
     Compatible NewGRF loaded: GRF ID 44441000, checksum 83705D5915A67E65A1D978F48D888576, filename: proj1000.grf (matches GRFID only)
Tick 62279: game loaded
     Compatible NewGRF loaded: GRF ID 44441000, checksum A65818759FBC26B90687B44887DB3C42, filename: proj1000.grf (matches GRFID only)
Tick 10654: game loaded
     Compatible NewGRF loaded: GRF ID 44441000, checksum 424E7184D2751F5FCEE01867A101F4CF, filename: proj1000.grf (matches GRFID only)
Tick 15195: game loaded
     Compatible NewGRF loaded: GRF ID 44441000, checksum ED9F78ECA562E6034E2F22BC4FD5FE0D, filename: proj1000.grf (matches GRFID only)
Tick 22952: game loaded
     Compatible NewGRF loaded: GRF ID 44441000, checksum 412C48C355335512143AA78E55C093B0, filename: proj1000.grf (matches GRFID only)
Tick 41186: game loaded
     Compatible NewGRF loaded: GRF ID 44441000, checksum 08F6E2AD5E6043795AD5203D1243123F, filename: proj1000.grf (matches GRFID only)
Tick 63690: game loaded
     Compatible NewGRF loaded: GRF ID 44441000, checksum D903E41BC125D79932D6E81EA413B0D8, filename: proj1000.grf (matches GRFID only)
Tick 37413: game loaded
     Compatible NewGRF loaded: GRF ID 44441000, checksum 0E812B704C2A3F1CC926072EFFEB5F7A, filename: proj1000.grf (matches GRFID only)
Tick 37449: game loaded
     Compatible NewGRF loaded: GRF ID 44441000, checksum 2DD49DE94975FF37E64EEF86956590C1, filename: proj1000.grf (matches GRFID only)
Tick 59593: game loaded
     Compatible NewGRF loaded: GRF ID 44441000, checksum 452A34F3160FEC274D59B87A8DF8D43E, filename: proj1000.grf (matches GRFID only)
Tick 65222: game loaded
     Compatible NewGRF loaded: GRF ID 44441000, checksum D7E9554FBB5092C217B43DF1FDBFED8B, filename: proj1000.grf (matches GRFID only)
Tick 59455: game loaded
     Compatible NewGRF loaded: GRF ID 44441000, checksum 5C74F48EE888CACD17502BD603952098, filename: proj1000.grf (matches GRFID only)
Tick 63526: game loaded
     Compatible NewGRF loaded: GRF ID 44441000, checksum 1B631C569D9759960A9A7E2985926BC9, filename: proj1000.grf (matches GRFID only)
Tick 3233: game loaded
     Compatible NewGRF loaded: GRF ID 44441000, checksum 8B114114836C3D78B892E1ECB066C3B6, filename: proj1000.grf (matches GRFID only)
Tick 3783: game loaded
     Compatible NewGRF loaded: GRF ID 44441000, checksum 45951B1D3B6E43836DE4BC9D108CBCB3, filename: proj1000.grf (matches GRFID only)
Tick 21565: game loaded
     Compatible NewGRF loaded: GRF ID 44441000, checksum 2D30AFDFD8C0EF3B8B481637DD6FF914, filename: proj1000.grf (matches GRFID only)
Tick 50967: game loaded
     Compatible NewGRF loaded: GRF ID 44441000, checksum 2B47E987AC449639602CCDC050D0A3A8, filename: proj1000.grf (matches GRFID only)
Tick 51863: game loaded
     Compatible NewGRF loaded: GRF ID 44441000, checksum 33233DBF3866D22F2A33B76A8FF7E7F8, filename: proj1000.grf (matches GRFID only)
Tick 63740: game loaded
     Compatible NewGRF loaded: GRF ID 44441000, checksum 87FC5D552B02A2CBF7348713229437EB, filename: proj1000.grf (matches GRFID only)
Tick 64280: game loaded
     Compatible NewGRF loaded: GRF ID 44441000, checksum 1ECC695D8EA05B108DE6B01BB16DF6EF, filename: proj1000.grf (matches GRFID only)
Tick 155: game loaded
     Compatible NewGRF loaded: GRF ID 44441000, checksum 9CE79CFCDAC4DF1D3DD0BFD821C2E005, filename: proj1000.grf (matches GRFID only)
Tick 414: game loaded
     Compatible NewGRF loaded: GRF ID 44441000, checksum 96A48EEAAF85E03A884B8A7C14AE4744, filename: proj1000.grf (matches GRFID only)
Tick 9390: game loaded
     Compatible NewGRF loaded: GRF ID 44441000, checksum B4DCF5BC4651154ABEA1D8402EA3B7E6, filename: proj1000.grf (matches GRFID only)
Tick 37834: game loaded
     Compatible NewGRF loaded: GRF ID 44441000, checksum DEAF61263874FEED137504EA5BE3F25D, filename: proj1000.grf (matches GRFID only)
Tick 60954: game loaded
     Compatible NewGRF loaded: GRF ID 44441000, checksum 565DBE0FF9D6DB98D20D19C429E6262C, filename: proj1000.grf (matches GRFID only)
Tick 65337: game loaded
     Compatible NewGRF loaded: GRF ID 44441000, checksum 8C264220E54E8013179032B72D27854E, filename: proj1000.grf (matches GRFID only)
Tick 53061: game loaded
     Compatible NewGRF loaded: GRF ID 44441000, checksum E19B39D30AD262518B40AAF6C8FF7189, filename: proj1000.grf (matches GRFID only)
Tick 54436: game loaded
     Compatible NewGRF loaded: GRF ID 44441000, checksum B8B016B75F700AA2191C13FB80F76B2E, filename: proj1000.grf (matches GRFID only)
Tick 7751: game loaded
     Compatible NewGRF loaded: GRF ID 44441000, checksum 4B307B23E4103C993DAF77DFDA3A7292, filename: proj1000.grf (matches GRFID only)
Tick 47493: game loaded
     Compatible NewGRF loaded: GRF ID 44441000, checksum B130FE1FC141F1620B1DA14D10C831B0, filename: proj1000.grf (matches GRFID only)
Tick 61510: game loaded
     Compatible NewGRF loaded: GRF ID 44441000, checksum 612911F701F5209A4EBD182ED222B517, filename: proj1000.grf (matches GRFID only)
Tick 27488: game loaded
     Compatible NewGRF loaded: GRF ID 44441000, checksum D4C7C660BF035961BFAA9E341C264A00, filename: proj1000.grf (matches GRFID only)
Tick 52672: game loaded
     Compatible NewGRF loaded: GRF ID 44441000, checksum 03068195390BBEFA9678C21D4BAED4F4, filename: proj1000.grf (matches GRFID only)
Tick 25991: game loaded
     Compatible NewGRF loaded: GRF ID 44441000, checksum E6941A52F5F2BDF066A0DD040719C006, filename: proj1000.grf (matches GRFID only)
Tick 442: game loaded
     Revision text changed to r19819, savegame version 141, not modified, _openttd_newgrf_version = 0x11004d6b
     Compatible NewGRF loaded: GRF ID 44440A01, checksum 78B60A6B96E263CFE08F59B6D9F336B5, filename: pb_av8w_120.grf (md5sum matches)
     Compatible NewGRF loaded: GRF ID 52571208, checksum 2A5875E0131D5176B94AD8B34EB8254D, filename: generic_cars.0.2\cars v0.2.grf (md5sum matches)
Tick 1319: GRF config changed
     Added NewGRF: GRF ID 44442303, checksum D5665E573518AD1E82126B041E65F53F, filename: pb_trax.grf (matches GRFID only)
Tick 3362: GRF config changed
     GRF order changed: 52571208 moved 1 places downGRF ID 52571208, filename: generic_cars.0.2\cars v0.2.grf (md5sum matches)
     Added NewGRF: GRF ID 52571208, checksum DC83DAB2933FACCB91678D4F75ABCCC6, filename: cars.grf (md5sum matches). Gamelog inconsistency: GrfID was already added!
Tick 3802: GRF config changed
     GRF order changed: 44440A01 moved 12 places downGRF ID 44440A01, filename: pb_av8w_120.grf (md5sum matches)
     Removed NewGRF: GRF ID 44440A03, filename: pb_av8exw.grf (md5sum matches)
     Added NewGRF: GRF ID 44440A01, checksum C014555B1E03DA24D65EF555053EC20F, filename: pb_av8w_120.grf (matches GRFID only). Gamelog inconsistency: GrfID was already added!
Tick 4009: GRF config changed
     GRF order changed: 44440A01 moved 12 places upGRF ID 44440A01, filename: pb_av8w_120.grf (matches GRFID only)
     Removed NewGRF: GRF ID 44440A01, filename: pb_av8w_120.grf (matches GRFID only)
Tick 4967: game loaded
     Compatible NewGRF loaded: GRF ID 44442303, checksum D2CAC35D70016F02B6283679A6034456, filename: pb_trax.grf (matches GRFID only)
Tick 5932: game loaded
     Compatible NewGRF loaded: GRF ID 44441000, checksum A53AC510BCD3003C5C5261B476F71017, filename: proj1000.grf (matches GRFID only)
     Compatible NewGRF loaded: GRF ID 44442303, checksum 4E92C3CE3B989F21E89634B4CD159239, filename: pb_trax.grf (matches GRFID only)
Tick 13570: game loaded
     Compatible NewGRF loaded: GRF ID 44441000, checksum 9D512894FB352B0F79B897F3B7F47A16, filename: proj1000.grf (matches GRFID only)
     Compatible NewGRF loaded: GRF ID 44442303, checksum 6D363E0850F884C86A625CFDB5147B8A, filename: pb_trax.grf (matches GRFID only)
Tick 13836: game loaded
     Revision text changed to r20018, savegame version 142, not modified, _openttd_newgrf_version = 0x11004e32
     Compatible NewGRF loaded: GRF ID 44441000, checksum E3A1DA19BEC3F07C6B03BC426D7315F6, filename: proj1000.grf (matches GRFID only)
Tick 21616: game loaded
     Compatible NewGRF loaded: GRF ID 44441000, checksum 65D01F40B9830EF6617C6B0D30F8A4E2, filename: proj1000.grf (matches GRFID only)
Tick 62204: GRF config changed
     GRF order changed: 414E0101 moved 2 places downGRF ID 414E0101, filename: fish.grf (md5sum matches)
     Added NewGRF: GRF ID 414E0101, checksum 322DD58293D6625097F4A893ABD01850, filename: fish_ship_set-0.6.1\fish.grf (md5sum matches). Gamelog inconsistency: GrfID was already added!
Tick 11407: GRF config changed
     GRF order changed: 44440A01 moved 11 places downGRF ID 44440A01, filename: pb_av8w_120.grf (matches GRFID only). Gamelog inconsistency: GrfID was never added!
     GRF order changed: 44440A11 moved 12 places downGRF ID 44440A11, filename: genav8w.grf (md5sum matches)
     Added NewGRF: GRF ID 44440A01, checksum EFEE1435093730D3DA55BDF69653CADC, filename: av8_aviators_aircraft_set-1.7\pb_av8w.grf (md5sum matches)
     Added NewGRF: GRF ID 44440A11, checksum 9CC25A10F25815ABD68C21520C822894, filename: genav8w.grf (md5sum matches). Gamelog inconsistency: GrfID was already added!
Tick 47775: game loaded
     Compatible NewGRF loaded: GRF ID 44441000, checksum D23A97BEF9C41C663AC51326ABCCC2F9, filename: proj1000.grf (matches GRFID only)
Tick 60178: game loaded
     Compatible NewGRF loaded: GRF ID 44441000, checksum 2591C6F6E7CEB022CCD41E37F69F9870, filename: proj1000.grf (matches GRFID only)
Tick 62431: game loaded
     Revision text changed to r20180, savegame version 143, not modified, _openttd_newgrf_version = 0x11004ed4
Tick 9208: game loaded
     Compatible NewGRF loaded: GRF ID 44441000, checksum B155DBFD1523ECD4962CF97C8FA710ED, filename: proj1000.grf (matches GRFID only)
Tick 11844: game loaded
     Compatible NewGRF loaded: GRF ID 44441000, checksum 15D5DEDA03A35F04B359E1F761BC493C, filename: proj1000.grf (matches GRFID only)
Tick 15678: game loaded
     Compatible NewGRF loaded: GRF ID 44441000, checksum 1C902ECF5AA1907BC054127798F921D1, filename: proj1000.grf (matches GRFID only)
Tick 47847: game loaded
     Revision text changed to r20202, savegame version 143, not modified, _openttd_newgrf_version = 0x11004eea
     Compatible NewGRF loaded: GRF ID 44441000, checksum 1287F4BEB7AF0DE642A308F46F65FA38, filename: proj1000.grf (matches GRFID only)
Tick 3530: game loaded
     Compatible NewGRF loaded: GRF ID 44441000, checksum 46CF2D46BDA24E5DAA4D711D16FE2F82, filename: proj1000.grf (matches GRFID only)
Tick 14565: game loaded
     Compatible NewGRF loaded: GRF ID 44441000, checksum 60B6DF701874D6AAFD3A79B187328511, filename: proj1000.grf (matches GRFID only)
Tick 43257: game loaded
     Compatible NewGRF loaded: GRF ID 44441000, checksum 085C6A398C62D288D3AEC7CF3C9DA50C, filename: proj1000.grf (matches GRFID only)
Tick 58247: game loaded
     Revision text changed to r20824, savegame version 148, not modified, _openttd_newgrf_version = 0x11005158
     Compatible NewGRF loaded: GRF ID 44441000, checksum 274449BC767C95654FC693BAA0BF707A, filename: proj1000.grf (matches GRFID only)
Tick 58247: GRF config changed
     GRF parameter changed: GRF ID 44441000, filename: proj1000.grf (matches GRFID only)
Tick 58330: game loaded
     Compatible NewGRF loaded: GRF ID 44441000, checksum 796D60F6F346D4FCAE5F8D8B9158B083, filename: proj1000.grf (matches GRFID only)
Tick 58330: GRF config changed
     GRF parameter changed: GRF ID 44441000, filename: proj1000.grf (matches GRFID only)
Tick 58368: game loaded
     Revision text changed to r21102, savegame version 151, not modified, _openttd_newgrf_version = 0x1100526e
     Compatible NewGRF loaded: GRF ID 44442411, checksum C4F27EB0820517672902764718A9268F, filename: tai_uk.grf (md5sum matches)
     Missing NewGRF: GRF ID 44441000, filename: proj1000.grf (matches GRFID only)
Tick 58368: GRF config changed
     Added NewGRF: GRF ID 44441000, checksum 733BF86658D2763DDC320C2944ED1DF4, filename: proj1000.grf (matches GRFID only)
     Added NewGRF: GRF ID 44441001, checksum 0632ABA81DFF1F1E09247ACCC92468B5, filename: pj1kadd.grf (matches GRFID only)
Tick 60843: game loaded
     Revision text changed to r21646, savegame version 155, not modified, _openttd_newgrf_version = 0x1100548e
     Compatible NewGRF loaded: GRF ID 44442303, checksum EE77F93C2032FF6098DEABB089B273C6, filename: pb_trax.grf (matches GRFID only)
     Compatible NewGRF loaded: GRF ID 44441000, checksum 4D948CAC9E9594EFCD30E2B8578A479B, filename: proj1000.grf (matches GRFID only)
     Compatible NewGRF loaded: GRF ID 44441001, checksum FEE0BAD677E001E6CAEA95E6C2493086, filename: pj1kadd.grf (md5sum matches)
Tick 61112: GRF config changed
     GRF parameter changed: GRF ID 44441000, filename: proj1000.grf (matches GRFID only)
Tick 2978: game loaded
     Compatible NewGRF loaded: GRF ID 44441000, checksum 8E6C6F51D5E25FAFF0A97963E27AB59F, filename: proj1000.grf (matches GRFID only)
Tick 22614: game loaded
     Compatible NewGRF loaded: GRF ID 44441000, checksum B6F0E3141D48FC06EFF7AF49C585A126, filename: proj1000.grf (matches GRFID only)
Tick 27807: game loaded
     Compatible NewGRF loaded: GRF ID 44441000, checksum CC9BA9DF8B43526BCFECC637245E11A5, filename: proj1000.grf (matches GRFID only)
Tick 38413: game loaded
     Compatible NewGRF loaded: GRF ID 44441000, checksum B463AED22FB8FE374E620897A8B451E6, filename: proj1000.grf (matches GRFID only)
Tick 62197: GRF config changed
     GRF parameter changed: GRF ID 44441000, filename: proj1000.grf (matches GRFID only)
Tick 62765: GRF config changed
     GRF parameter changed: GRF ID 44441000, filename: proj1000.grf (matches GRFID only)
Tick 29012: game loaded
     Revision text changed to r21659, savegame version 155, not modified, _openttd_newgrf_version = 0x1100549b
Tick 30103: game loaded
     Compatible NewGRF loaded: GRF ID 44441000, checksum 38D4A1B42BCF2F44A267A1EEC668095C, filename: proj1000.grf (matches GRFID only)
Tick 42900: game loaded
     Compatible NewGRF loaded: GRF ID 44441000, checksum D1CACB96C0DEA87D6DA13F2C2D05CBF9, filename: proj1000.grf (matches GRFID only)
Tick 55251: GRF config changed
     GRF order changed: 44440A01 moved 2 places downGRF ID 44440A01, filename: av8_aviators_aircraft_set-1.7\pb_av8w.grf (md5sum matches)
     GRF order changed: 44440A11 moved 3 places downGRF ID 44440A11, filename: genav8w.grf (md5sum matches)
     Added NewGRF: GRF ID 44440A01, checksum 8244B87DFB213CE9C5EE28FEFDBBC01F, filename: pb_av8w_120.grf (matches GRFID only). Gamelog inconsistency: GrfID was already added!
     Added NewGRF: GRF ID 44440A11, checksum 9CC25A10F25815ABD68C21520C822894, filename: genav8w.grf (md5sum matches). Gamelog inconsistency: GrfID was already added!
Tick 56947: game loaded
     Compatible NewGRF loaded: GRF ID 44440A01, checksum 7BC37FAB95F1E013960B9734471D37E2, filename: pb_av8w_120.grf (matches GRFID only)
Tick 2748: game loaded
     Compatible NewGRF loaded: GRF ID 44440A01, checksum 0BF8636EFEEF4F0617CAE47D77FF4C43, filename: pb_av8w.grf (md5sum matches)
Tick 12933: GRF config changed
     GRF parameter changed: GRF ID 44441000, filename: proj1000.grf (matches GRFID only)
     Removed NewGRF: GRF ID 44440A11, filename: genav8w.grf (md5sum matches)
Tick 59942: game loaded
     Compatible NewGRF loaded: GRF ID 44441000, checksum 866A8A0EBE73BBECDB3DE95B059F7C23, filename: proj1000.grf (matches GRFID only)
Tick 61666: game loaded
     Compatible NewGRF loaded: GRF ID 44441000, checksum E0B3822B6C74DA4E367D3C54DF7F2C22, filename: proj1000.grf (matches GRFID only)
Tick 62811: game loaded
     Compatible NewGRF loaded: GRF ID 44441000, checksum 4B4CEFA90D205C4B25D8109F94354DF5, filename: proj1000.grf (md5sum matches)
Tick 25396: game loaded
     Revision text changed to r21920, savegame version 157, not modified, _openttd_newgrf_version = 0x110055a0
     Compatible NewGRF loaded: GRF ID 44442303, checksum BCDA97D28B89282C930154DD67C470A4, filename: pb_trax.grf (md5sum matches)
---- gamelog end ----

*** End of OpenTTD Crash Report ***

Decoded stack trace:
[00] ???                  0x757F9617 åx—wRaiseException + 84
[01] ???                  0x0057288F
[02] ???                  0x006446F0
[03] ???                  0x0042FC46
[04] ???                  0x004BE92B
[05] ???                  0x004BF9DC
[06] ???                  0x0044564E
[07] ???                  0x004317DA
[08] ???                  0x004319F6

*** End of additional info ***
