*** OpenTTD Crash Report ***

Crash at: Sat Feb 05 13:52:56 2011
In game date: 1993-03-05 (5)

Crash reason:
 Exception: E1212012
 Location:  000007FEFD73AA7D
 Message:   Order: no more free items

OpenTTD version:
 Version:    1.1.0-beta5 (0)
 NewGRF ver: 110055cf
 Bits:       64
 Endian:     little
 Dedicated:  no
 Build date: Feb  4 2011 20:39:13

Registers:
 RAX: 0000000077ABD1E3 RBX: 0000000000000016 RCX: 00000000001ADF90 RDX: 0000000000000000
 RSI: 0000000000000000 RDI: 0000000000000008 RBP: 0000000000000000 RSP: 00000000001AE5A0
 R8:  0000000000000000 R9:  0000000000000000 R10: 0000000000000000 R11: 0000000000000286
 R12: 0000000140796710 R13: 0000000140080C60 R14: 0000000000000001 R15: 000000007739F59B
 RIP: 000007FEFD73AA7D EFLAGS: 00000202

 Bytes at instruction pointer:
 48 81 C4 C8 00 00 00 C3 90 90 90 90 90 90 90 90 90 90 90 48 83 EC 48 83

Stack trace:
 00000016 00000000 00000000 00000000 00000008 00000000 001AE5D8 00000000
 E1212012 00000000 00000000 00000000 FD73AA7D 000007FE 00000000 00000000
 00000048 00000000 00000001 00000000 00000000 00000000 00000000 00000000
 00000070 00000000 FFFFFFFF FFFFFFFF FFFFFFFF FFFFFFFF 773AC333 00000000
 00280230 00000000 774CFF9A 00000000 00280338 00000000 00280274 00000000
 00000000 00000000 773AA01B 00000000 00000000 00000000 774B3908 00000000
 00000001 00000000 4017A2C1 00000001 00000016 00000000 BDCCCCCF 00000000
 00303DF0 00000000 00280230 00000000 00000000 00000000 774C7B3A 00000000
 008C3230 00000000 7739F59B 00000000 00000080 00000000 3FE60000 00000001
 000003E3 00000000 0DAA0C50 00000000 FFFFFFFF FFFFFFFF 40179546 00000001
 00000001 00000000 0D36D040 00000000 00000000 00000000 00000002 00000000
 00000000 00000000 774DFC65 00000000 00000000 00000000 00000000 00000000
 77518B3C 00000000 03000003 00000000 001AE768 00000000 00000030 00000003
 7739F5BA 00000000 06000006 00000000 008C3C78 00000000 001AE798 00000000
 00000000 00000000 008C3230 00000000 00000011 00000000 00000000 00000000
 00000000 00000000 774B3908 00000000 774D5BC0 00000000 773B764C 00000000
 00100258 00000000 008C3230 00000000 00000001 00000000 00000001 00000000
 00000001 00000000 4A0A1E6B 00000000 00000000 00000000 00000000 00000000
 00000008 00000000 00000010 00000000 00304660 00000000 00280000 00000000
 00304650 00000000 774E1F05 00000000 00280000 00000000 00304601 00000000
 00000000 00000000 00304660 00000000 00100258 00000000 774032C4 00000000
 00000001 00000000 00100258 00000000 774032C4 00000000 001AEBA0 00000000
 00000000 00000000 4081FD74 00000001 00010003 00000000 00000001 00000000
 00000001 00000000 77402825 00000000 00304660 00000000 00304660 00000000

Operating system:
 Name:     Windows
 Release:  6.1.7600 ()
 Compiler: MSVC 1500

Configuration:
 Blitter:      8bpp-optimized
 Graphics set: OpenGFX (542)
 Language:     C:\Program Files\OpenTTD\lang\polish.lng
 Music driver: win32
 Music set:    OpenMSX (96)
 Network:      no
 Sound driver: win32
 Sound set:    NoSound (2)
 Video driver: win32

AI Configuration (local: 0):
  0: Human
  1: Trans (v100307)
  2: AdmiralAI (v25)
  3: Trans (v100307)
  4: Trans (v100307)
  5: Trans (v100307)
  6: Trans (v100307)
  7: AdmiralAI (v25)
  8: Trans (v100307)
  9: Trans (v100307)
 10: Trans (v100307)

Libraries:
 FreeType:   2.4.4
 ICU:        4.4.2
 LZMA:       5.0.0
 LZO:        2.03
 PNG:        1.4.5
 Zlib:       1.2.5

Module information:
 C:\Program Files\OpenTTD\openttd.exe handle: 000000013FE60000 size: 9903104 crc: CB401552 date: 2011-02-04 20:43:10
 C:\Windows\SYSTEM32\ntdll.dll handle: 0000000077490000 size: 1736608 crc: 51E6A99D date: 2010-03-24 06:59:44
 C:\Windows\system32\kernel32.dll handle: 0000000077270000 size: 1162240 crc: 822946F0 date: 2009-07-14 01:41:13
 C:\Windows\system32\KERNELBASE.dll handle: 000007FEFD730000 size: 421376 crc: 68F689E4 date: 2009-07-14 01:41:13
 C:\Windows\system32\WINMM.dll handle: 000007FEFA860000 size: 217600 crc: 7BC1529F date: 2009-07-14 01:41:56
 C:\Windows\system32\msvcrt.dll handle: 000007FEFDB70000 size: 634880 crc: 7F3E716F date: 2009-07-14 01:41:32
 C:\Windows\system32\USER32.dll handle: 0000000077390000 size: 1008640 crc: D2138C35 date: 2009-07-14 01:41:56
 C:\Windows\system32\GDI32.dll handle: 000007FEFF6B0000 size: 404480 crc: 0F1BAE69 date: 2009-07-14 01:40:56
 C:\Windows\system32\LPK.dll handle: 000007FEFE130000 size: 41984 crc: 350AF03B date: 2009-07-14 01:41:19
 C:\Windows\system32\USP10.dll handle: 000007FEFD7F0000 size: 801280 crc: 32EFA120 date: 2009-07-14 01:41:56
 C:\Windows\system32\WS2_32.dll handle: 000007FEFF350000 size: 296448 crc: B9553AFD date: 2009-07-14 01:41:58
 C:\Windows\system32\RPCRT4.dll handle: 000007FEFDF40000 size: 1221632 crc: D5B6358C date: 2009-07-14 01:41:53
 C:\Windows\system32\NSI.dll handle: 000007FEFF230000 size: 13824 crc: 53B46F6C date: 2009-07-14 01:41:53
 C:\Windows\system32\ADVAPI32.dll handle: 000007FEFEED0000 size: 877056 crc: FA615A20 date: 2009-07-14 01:40:01
 C:\Windows\SYSTEM32\sechost.dll handle: 000007FEFF690000 size: 113664 crc: 978CFAE5 date: 2009-07-14 01:41:53
 C:\Windows\system32\SHELL32.dll handle: 000007FEFE140000 size: 14162944 crc: 38C0D5D7 date: 2010-07-27 14:59:11
 C:\Windows\system32\SHLWAPI.dll handle: 000007FEFDEC0000 size: 449536 crc: 0BFDF102 date: 2009-07-14 01:41:54
 C:\Windows\system32\IMM32.DLL handle: 000007FEFD7C0000 size: 167424 crc: 41B2805A date: 2009-07-14 01:41:09
 C:\Windows\system32\MSCTF.dll handle: 000007FEFF240000 size: 1067008 crc: 798DDDA0 date: 2009-07-14 01:41:28
 \\?\c:\program files (x86)\mmp\multisaver\hips\fshook64.dll handle: 0000000074F80000 size: 450144 crc: 12BFE73E date: 2009-08-05 15:58:30
 C:\Windows\system32\PSAPI.DLL handle: 0000000077650000 size: 9216 crc: 84B5E9BA date: 2009-07-14 01:41:53
 C:\Windows\system32\SHFolder.dll handle: 000007FEFC0D0000 size: 10240 crc: 08A48DE3 date: 2009-07-14 01:41:54
 C:\Windows\system32\ole32.dll handle: 000007FEFF480000 size: 2085376 crc: 4764DDC2 date: 2010-06-29 05:39:12
 C:\Windows\system32\MMDevAPI.DLL handle: 000007FEFBBD0000 size: 284160 crc: CDF2EF81 date: 2009-07-14 01:41:26
 C:\Windows\system32\PROPSYS.dll handle: 000007FEFBC20000 size: 1212416 crc: 98D01BC9 date: 2009-07-14 01:41:53
 C:\Windows\system32\OLEAUT32.dll handle: 000007FEFF3A0000 size: 861184 crc: 112732BA date: 2010-04-07 07:37:39
 C:\Windows\system32\wdmaud.drv handle: 000007FEF63A0000 size: 217088 crc: AB6BC545 date: 2009-07-14 01:38:50
 C:\Windows\system32\ksuser.dll handle: 0000000075010000 size: 5120 crc: AA2071D9 date: 2009-07-14 01:41:13
 C:\Windows\system32\AVRT.dll handle: 000007FEFC0B0000 size: 18432 crc: 5CE53CB7 date: 2009-07-14 01:40:05
 C:\Windows\system32\SETUPAPI.dll handle: 000007FEFEFB0000 size: 1899520 crc: 91ED5D15 date: 2009-07-14 01:41:54
 C:\Windows\system32\CFGMGR32.dll handle: 000007FEFD6F0000 size: 207360 crc: 369326FC date: 2009-07-14 01:40:15
 C:\Windows\system32\DEVOBJ.dll handle: 000007FEFD7A0000 size: 93184 crc: A7541AE2 date: 2009-07-14 01:40:28
 C:\Windows\system32\AUDIOSES.DLL handle: 000007FEF5A60000 size: 296448 crc: 07CA71DE date: 2009-07-14 01:40:04
 C:\Windows\system32\msacm32.drv handle: 000007FEF5A50000 size: 25600 crc: 2B579A05 date: 2009-07-14 01:38:50
 C:\Windows\system32\MSACM32.dll handle: 000007FEF5A30000 size: 83456 crc: 3D67538B date: 2009-07-14 01:41:27
 C:\Windows\system32\midimap.dll handle: 000007FEF5A20000 size: 20480 crc: CB902A13 date: 2009-07-14 01:41:23
 C:\Windows\system32\CRYPTBASE.dll handle: 000007FEFD320000 size: 44032 crc: F547C16E date: 2009-07-14 01:40:24
 C:\Windows\system32\CLBCatQ.DLL handle: 000007FEFE070000 size: 607744 crc: 939E35C9 date: 2009-07-14 01:40:15
 C:\Windows\system32\uxtheme.dll handle: 000007FEFBB70000 size: 332288 crc: B0A13DF9 date: 2009-07-14 01:41:56
 C:\Windows\system32\dwmapi.dll handle: 000007FEFB790000 size: 82432 crc: A459F360 date: 2009-07-14 01:40:34
 C:\Program Files (x86)\mmp\multisaver\FSPS\program\fslsp_x64.dll handle: 0000000075130000 size: 214112 crc: 24BD0AD4 date: 2009-08-05 15:59:04
 c:\program files (x86)\mmp\multisaver\scanner-interface\fsgkiapi_x64.dll handle: 00000000750B0000 size: 103520 crc: 30D0B265 date: 2009-08-05 15:57:30
 C:\Windows\system32\mswsock.dll handle: 000007FEFCC60000 size: 320000 crc: EA387916 date: 2009-07-14 01:41:34
 C:\Windows\System32\wshtcpip.dll handle: 000007FEFC600000 size: 13312 crc: 5D1E2C55 date: 2009-07-14 01:41:58

---- gamelog start ----
Tick 0: new game started
     Revision text changed to 0.7.2, savegame version 116, not modified, _openttd_newgrf_version = 0x07284272
     New game mode: 1 landscape: 0
     Added NewGRF: GRF ID 27711002, checksum 3E2A2578101FFB3DD8AFC451CC43C8D0, filename: 2cc_trainset.1.0.1\2cctrainset.grf (md5sum matches)
     Added NewGRF: GRF ID 52570103, checksum EDB2D26F9D81423734CA12412F309CF3, filename: generic_tram_set.0.4\generictrams.grf (md5sum matches)
     Added NewGRF: GRF ID 535A0D00, checksum F6E463B7A91BF65DD9D08706D07B7C50, filename: japanese_train_set.version_2_beta_8\jptrains2w.grf (md5sum matches)
     Added NewGRF: GRF ID 44540000, checksum 827631B2FEEED78400419E98877F3331, filename: lithuanian_transportation_set.beta_1.1\ltts - beta 1.1w.grf (md5sum matches)
     Added NewGRF: GRF ID FBFB0401, checksum E497AFEB67D7501658FFC709C2E474A9, filename: metro_track_set.0.2.2\metrotracksetw.grf (md5sum matches)
     Added NewGRF: GRF ID 474C0000, checksum CEC39DC465A7831FA2ABDF0774EF1636, filename: polish_pkp_set.1.5a\pkp_setw.grf (md5sum matches)
Tick 32492: game loaded
     Revision text changed to 0.7.4-RC1, savegame version 116, not modified, _openttd_newgrf_version = 0x074046b4
Tick 37627: game loaded
     Revision text changed to 1.0.0-beta1, savegame version 132, not modified, _openttd_newgrf_version = 0x100048bf
Tick 52860: cheat was used
     New game mode: 1 landscape: 1
Tick 52887: cheat was used
     New game mode: 1 landscape: 2
Tick 52887: cheat was used
     New game mode: 1 landscape: 3
Tick 52887: cheat was used
     New game mode: 1 landscape: 2
Tick 52887: cheat was used
     New game mode: 1 landscape: 1
Tick 52887: cheat was used
     New game mode: 1 landscape: 0
Tick 52887: cheat was used
     New game mode: 1 landscape: 3
Tick 52887: cheat was used
     New game mode: 1 landscape: 2
Tick 52887: cheat was used
     New game mode: 1 landscape: 1
Tick 52887: cheat was used
     New game mode: 1 landscape: 0
Tick 4373: GRF config changed
     Added NewGRF: GRF ID FBFB0102, checksum 803D38F242F016C4A8212FA05C0F9B7E, filename: dutch_tram_set.rc1\dutchtramsetw.grf (md5sum matches)
     Added NewGRF: GRF ID 52571201, checksum C1C7D8C53EB7E74EEE2F0EF29638B466, filename: egrvts.1.0\egrvts.grf (md5sum matches)
     Added NewGRF: GRF ID 504E0002, checksum 6E6944E09CE6C3AC130DF72C542EE4B1, filename: generic_buffers.0.1\buffers.grf (md5sum matches)
     Added NewGRF: GRF ID 4A430002, checksum 0728ADCB4DF2F1EB9247ABD449296F4E, filename: industrial_stations_renewal.0.8.0\indstatrw.grf (md5sum matches)
     Added NewGRF: GRF ID 444E0601, checksum 888D2F784E25AF042B66905740A2B1BE, filename: monorail_infra_set-1.2.0\mics.grf (md5sum matches)
Tick 4707: GRF config changed
     Added NewGRF: GRF ID 46420801, checksum 2D654630F22AA4C78A58710024C514B3, filename: new_tram_tracks.0.4.1\newtramtracksw_v0.4.1.grf (md5sum matches)
Tick 11740: game loaded
     Revision text changed to 1.0.0, savegame version 138, not modified, _openttd_newgrf_version = 0x10084c4a
Tick 34937: game loaded
     New game mode: 2 landscape: 0
Tick 34937: game loaded
     New game mode: 1 landscape: 0
Tick 46951: cheat was used
     New game mode: 1 landscape: 1
Tick 47162: cheat was used
     New game mode: 1 landscape: 0
Tick 16610: cheat was used
     New game mode: 1 landscape: 1
Tick 16637: cheat was used
     New game mode: 1 landscape: 2
Tick 16637: cheat was used
     New game mode: 1 landscape: 3
Tick 16637: cheat was used
     New game mode: 1 landscape: 2
Tick 16637: cheat was used
     New game mode: 1 landscape: 1
Tick 16637: cheat was used
     New game mode: 1 landscape: 0
Tick 16637: cheat was used
     New game mode: 1 landscape: 3
Tick 16637: cheat was used
     New game mode: 1 landscape: 2
Tick 16637: cheat was used
     New game mode: 1 landscape: 1
Tick 16637: cheat was used
     New game mode: 1 landscape: 0
Tick 16637: cheat was used
     New game mode: 1 landscape: 3
Tick 16637: cheat was used
     New game mode: 1 landscape: 2
Tick 16637: cheat was used
     New game mode: 1 landscape: 1
Tick 16637: cheat was used
     New game mode: 1 landscape: 0
Tick 53954: GRF config changed
     Added NewGRF: GRF ID 274C2348, checksum E44A7D977D1980908B1DBF09F73F514C, filename: db_double_deck_coaches.v0.1\dbddw.grf (md5sum matches)
     Added NewGRF: GRF ID 474E474E, checksum 42E74D7360F9D97625F3181FEC90F1A7, filename: light_road_vehicle_set-r15\lrvs_r15w.grf (md5sum matches)
Tick 55783: GRF config changed
     Removed NewGRF: GRF ID 274C2348, filename: db_double_deck_coaches.v0.1\dbddw.grf (md5sum matches)
     Removed NewGRF: GRF ID 474E474E, filename: light_road_vehicle_set-r15\lrvs_r15w.grf (md5sum matches)
Tick 25162: game loaded
     Revision text changed to r21152, savegame version 151, not modified, _openttd_newgrf_version = 0x110052a0
Tick 28122: game loaded
     Revision text changed to r21615, savegame version 155, not modified, _openttd_newgrf_version = 0x1100546f
Tick 34920: game loaded
     Revision text changed to 1.1.0-beta3, savegame version 156, not modified, _openttd_newgrf_version = 0x110054f5
Tick 11473: game loaded
     Revision text changed to 1.1.0-beta4, savegame version 157, not modified, _openttd_newgrf_version = 0x11005570
Tick 18308: settings changed
     Setting changed: vehicle.plane_speed : 4 -> 3
Tick 18308: settings changed
     Setting changed: vehicle.plane_speed : 3 -> 2
Tick 18308: settings changed
     Setting changed: vehicle.plane_speed : 2 -> 1
Tick 18308: settings changed
     Setting changed: vehicle.plane_speed : 1 -> 2
Tick 18308: settings changed
     Setting changed: vehicle.plane_speed : 2 -> 3
Tick 18308: settings changed
     Setting changed: construction.command_pause_level : 1 -> 2
Tick 18308: settings changed
     Setting changed: construction.command_pause_level : 2 -> 3
Tick 38162: game loaded
     Revision text changed to 1.1.0-beta5, savegame version 159, not modified, _openttd_newgrf_version = 0x110055cf
Tick 38210: settings changed
     Setting changed: construction.max_bridge_length : 64 -> 65
Tick 38210: settings changed
     Setting changed: construction.max_bridge_length : 65 -> 66
Tick 38210: settings changed
     Setting changed: construction.max_bridge_length : 66 -> 67
Tick 38210: settings changed
     Setting changed: construction.max_bridge_length : 67 -> 68
Tick 38210: settings changed
     Setting changed: construction.max_bridge_length : 68 -> 69
Tick 38210: settings changed
     Setting changed: construction.max_bridge_length : 69 -> 70
Tick 38210: settings changed
     Setting changed: construction.max_bridge_length : 70 -> 71
Tick 38210: settings changed
     Setting changed: construction.max_bridge_length : 71 -> 72
Tick 38210: settings changed
     Setting changed: construction.max_bridge_length : 72 -> 73
Tick 38210: settings changed
     Setting changed: construction.max_bridge_length : 73 -> 74
Tick 38210: settings changed
     Setting changed: construction.max_bridge_length : 74 -> 75
Tick 38210: settings changed
     Setting changed: construction.max_bridge_length : 75 -> 76
Tick 38210: settings changed
     Setting changed: construction.max_bridge_length : 76 -> 77
Tick 38210: settings changed
     Setting changed: construction.max_bridge_length : 77 -> 78
Tick 38210: settings changed
     Setting changed: construction.max_bridge_length : 78 -> 79
Tick 38210: settings changed
     Setting changed: construction.max_bridge_length : 79 -> 80
Tick 38210: settings changed
     Setting changed: construction.max_bridge_length : 80 -> 81
Tick 38210: settings changed
     Setting changed: construction.max_bridge_length : 81 -> 82
Tick 38210: settings changed
     Setting changed: construction.max_bridge_length : 82 -> 83
Tick 38210: settings changed
     Setting changed: construction.max_bridge_length : 83 -> 84
Tick 38210: settings changed
     Setting changed: construction.max_bridge_length : 84 -> 85
Tick 38210: settings changed
     Setting changed: construction.max_bridge_length : 85 -> 86
Tick 38210: settings changed
     Setting changed: construction.max_bridge_length : 86 -> 87
Tick 38210: settings changed
     Setting changed: construction.max_bridge_length : 87 -> 88
Tick 38210: settings changed
     Setting changed: construction.max_bridge_length : 88 -> 89
Tick 38210: settings changed
     Setting changed: construction.max_bridge_length : 89 -> 90
Tick 38210: settings changed
     Setting changed: construction.max_bridge_length : 90 -> 91
Tick 38210: settings changed
     Setting changed: construction.max_bridge_length : 91 -> 92
Tick 38210: settings changed
     Setting changed: construction.max_bridge_length : 92 -> 93
Tick 38210: settings changed
     Setting changed: construction.max_bridge_length : 93 -> 94
Tick 38210: settings changed
     Setting changed: construction.max_bridge_length : 94 -> 95
Tick 38210: settings changed
     Setting changed: construction.max_bridge_length : 95 -> 96
Tick 38210: settings changed
     Setting changed: construction.max_bridge_length : 96 -> 97
Tick 38210: settings changed
     Setting changed: construction.max_bridge_length : 97 -> 98
Tick 38210: settings changed
     Setting changed: construction.max_bridge_length : 98 -> 99
Tick 38210: settings changed
     Setting changed: construction.max_bridge_length : 99 -> 100
Tick 38210: settings changed
     Setting changed: construction.max_bridge_length : 100 -> 101
Tick 38210: settings changed
     Setting changed: construction.max_bridge_length : 101 -> 102
Tick 38210: settings changed
     Setting changed: construction.max_bridge_length : 102 -> 103
Tick 38210: settings changed
     Setting changed: construction.max_bridge_length : 103 -> 104
Tick 38210: settings changed
     Setting changed: construction.max_bridge_length : 104 -> 105
Tick 38210: settings changed
     Setting changed: construction.max_bridge_length : 105 -> 106
Tick 38210: settings changed
     Setting changed: construction.max_bridge_length : 106 -> 107
Tick 38210: settings changed
     Setting changed: construction.max_bridge_length : 107 -> 108
Tick 38210: settings changed
     Setting changed: construction.max_bridge_length : 108 -> 109
Tick 38210: settings changed
     Setting changed: construction.max_bridge_length : 109 -> 110
Tick 38210: settings changed
     Setting changed: construction.max_bridge_length : 110 -> 111
Tick 38210: settings changed
     Setting changed: construction.max_bridge_length : 111 -> 112
Tick 38210: settings changed
     Setting changed: construction.max_bridge_length : 112 -> 113
Tick 38210: settings changed
     Setting changed: construction.max_bridge_length : 113 -> 114
Tick 38210: settings changed
     Setting changed: construction.max_bridge_length : 114 -> 115
Tick 38210: settings changed
     Setting changed: construction.max_bridge_length : 115 -> 116
Tick 38210: settings changed
     Setting changed: construction.max_bridge_length : 116 -> 117
Tick 38210: settings changed
     Setting changed: construction.max_bridge_length : 117 -> 118
Tick 38210: settings changed
     Setting changed: construction.max_bridge_length : 118 -> 119
Tick 38210: settings changed
     Setting changed: construction.max_bridge_length : 119 -> 120
Tick 38210: settings changed
     Setting changed: construction.max_bridge_length : 120 -> 121
Tick 38210: settings changed
     Setting changed: construction.max_bridge_length : 121 -> 122
Tick 38210: settings changed
     Setting changed: construction.max_bridge_length : 122 -> 123
Tick 38210: settings changed
     Setting changed: construction.max_bridge_length : 123 -> 124
Tick 38210: settings changed
     Setting changed: construction.max_bridge_length : 124 -> 125
Tick 38210: settings changed
     Setting changed: construction.max_bridge_length : 125 -> 126
Tick 38210: settings changed
     Setting changed: construction.max_bridge_length : 126 -> 127
Tick 38210: settings changed
     Setting changed: construction.max_bridge_length : 127 -> 128
---- gamelog end ----

*** End of OpenTTD Crash Report ***

Decoded stack trace:
[00] KERNELBASE           0x000007FEFD73AA7D RaiseException + 61
[01] openttd              0x000000014017A2C1
[02] openttd              0x0000000140179546
[03] openttd              0x000000013FEA3B69
[04] openttd              0x000000013FEC66C4
[05] openttd              0x000000013FF71208
[06] openttd              0x000000013FF71A75
[07] openttd              0x000000013FF71CC1
[08] openttd              0x000000013FEC415A
[09] openttd              0x000000013FEA6CF4
[10] openttd              0x000000013FEA6FAE
[11] openttd              0x000000014007F579
[12] openttd              0x000000013FEA587A
[13] openttd              0x0000000140081A42
[14] openttd              0x000000014017C1E9
[15] kernel32             0x000000007728F56D BaseThreadInitThunk + 13
[16] ntdll                0x00000000774C3021 RtlUserThreadStart + 33

*** End of additional info ***
