*** OpenTTD Crash Report ***

Crash at: Sun Dec 26 18:17:16 2010
In game date: 2011-03-14 (66)

Crash reason:
 Signal:  Abort trap (6)
 Message: Assertion failed at line 1024 of /usr/src/OpenTTD/compile/src/viewport.cpp: type < HT_DIR_END

OpenTTD version:
 Version:    1.1.0-beta1 (0)
 NewGRF ver: 1100546f
 Bits:       32
 Endian:     little
 Dedicated:  no
 Build date: Dec 23 2010 23:31:33


Stacktrace:
 [00] ???                  0x00000600

Operating system:
 Name:     Mac OS X
 Release:  10.6.5
 Machine:  Intel 80486
 Min Ver:  1040
 Compiler: GCC 4.0.1 "4.0.1 (Apple Inc. build 5490)"

Configuration:
 Blitter:      32bpp-anim
 Graphics set: original_windows (0)
 Language:     /Applications/openttd-1/OpenTTD.app/Contents/Resources/lang/english_US.lng
 Music driver: cocoa
 Music set:    NoMusic (0)
 Network:      no
 Sound driver: cocoa
 Sound set:    OpenSFX (87)
 Video driver: cocoa

AI Configuration (local: 0):
  0: Human
  1: ChooChoo (v361)
  2: CluelessPlus (v23)

Libraries:
 FreeType:   2.4.3
 ICU:        4.6
 LZMA:       5.0.0
 LZO:        2.03
 PNG:        1.4.4
 Zlib:       1.2.3

---- gamelog start ----
Tick 0: new game started
     Revision text changed to 1.0.4, savegame version 138, maybe modified, _openttd_newgrf_version = 0x10485145
     New game mode: 1 landscape: 0
     Added NewGRF: GRF ID 52570103, checksum EDB2D26F9D81423734CA12412F309CF3, filename: generic_tram_set.0.4/generictrams.grf (md5sum matches)
Tick 20121: game loaded
     Revision text changed to 1.1.0-beta1, savegame version 155, not modified, _openttd_newgrf_version = 0x1100546f
Tick 21478: settings changed
     Setting changed: construction.command_pause_level : 1 -> 2
Tick 21478: settings changed
     Setting changed: construction.command_pause_level : 2 -> 3
Tick 21478: settings changed
     Setting changed: construction.command_pause_level : 3 -> 2
Tick 21478: settings changed
     Setting changed: construction.command_pause_level : 2 -> 1
Tick 21478: settings changed
     Setting changed: construction.command_pause_level : 1 -> 0
Tick 21478: settings changed
     Setting changed: construction.command_pause_level : 0 -> 1
Tick 21478: settings changed
     Setting changed: construction.command_pause_level : 1 -> 2
Tick 21478: settings changed
     Setting changed: construction.command_pause_level : 2 -> 3
---- gamelog end ----

*** End of OpenTTD Crash Report ***
