*** OpenTTD Crash Report ***

Crash at: Fri Feb 04 01:09:05 2011
In game date: 1957-04-01 (0)

Crash reason:
 Exception: E1212012
 Location:  7C812AFB
 Message:   Assertion failed at line 107 of ..\src\company_cmd.cpp: IsLocalCompany()

OpenTTD version:
 Version:    1.1.0-beta4 (0)
 NewGRF ver: 11005570
 Bits:       32
 Endian:     little
 Dedicated:  no
 Build date: Jan 20 2011 22:33:57

Registers:
 EAX: 0012F3C0 EBX: 00000016 ECX: 00000000 EDX: 00BCF108
 ESI: 00000000 EDI: 00000000 EBP: 0012F410 ESP: 0012F3BC
 EIP: 7C812AFB EFLAGS: 00000246

 Bytes at instruction pointer:
 5E C9 C2 10 00 85 FF 0F 8E 36 93 FF FF 8B 55 FC 89 55 0C 0F B7 16 8B 7D

Stack trace:
 00BCF028 E1212012 00000000 00000000 7C812AFB 00000000 000000D9 000003A7
 0012F3F0 0012FBF4 00000000 00000000 00000001 7C90D80A 7C913416 FFFFFFFF
 00000024 0012F40C 00000004 00000000 15E5F959 0012F470 00572469 E1212012
 00000000 00000000 00000000 00644E96 00000016 976F43D6 0012F7B8 00000200
 000000FF 7C913416 FFFFFFFF 00000000 0012F458 00572459 00000001 0012F430
 0012EFD8 0012FA74 0064B080 97C7F70E FFFFFFFE 0012F7A8 006442D0 00000016
 00000200 00645879 0012F4D0 00BB2718 011E2E90 0064D6D8 00000000 FFFFFFF0
 0012F72C 0064E1E4 00000000 0012F7B8 0012F7B8 0064E270 011E0000 031D0000
 00000000 00000007 0412F4F0 0012F4FC 00000000 00BB2718 011E2E90 011E1E90
 7C90CF01 0012F750 00000000 00000000 00000000 00B2EDD9 00000000 00000000
 00000000 031D0000 00000048 0012F9D0 00000010 00B66324 FFFFFFFF 0012F54C
 00000000 7C90CF7A 7C91A2A3 011E0000 031D0000 00001200 0012F558 7C9118C0
 011E0000 031D0000 011E0000 031D0000 011E0006 02FB0000 0412F580 0012F58C
 7C91A401 00001200 101D0000 00000000 00001002 00000010 0012F704 00000000
 7E37934B 00000010 0012F704 00000000 0012F7BC 0012F580 7C911086 0012FA74
 7E39048F 7E379350 00002797 0012F6F8 7E38A2BC 0012F704 0012F7B8 00000200
 7E38A2D6 00000001 00000000 00000000 02FEF2DF 00D00850 0130A892 00001008
 00000000 00000000 00000000 7E3620EC 00000000 00000001 0012F628 011E0000
 7C910222 0000000C 011E08C8 011E0000 022676C8 0012F600 029C8010 0012F844
 7C90E920 7C910228 FFFFFFFF 7C910222 7C91019B 7C9101DB 00000000 00000058
 00000000 0000000B 011E0898 011E0000 0312EE10 0012F640 00240008 0012F884
 7C90E920 7C910228 FFFFFFFF 7C910222 7C91019B 7C9101DB 0012F6A8 011E0000
 7C910222 0000000B 011E0898 011E0000 028F2D80 0012F680 02FEF2C8 0012F8C4
 7C90E920 7C910228 FFFFFFFF 7C910222 7C91019B 7C9101DB 00000000 0000004C

Operating system:
 Name:     Windows
 Release:  5.1.2600 (Service Pack 3)
 Compiler: MSVC 1500

Configuration:
 Blitter:      8bpp-optimized
 Graphics set: original_windows (0)
 Language:     g:\hry\OpenTTD\lang\english.lng
 Music driver: dmusic
 Music set:    original_windows (1)
 Network:      client
 Sound driver: win32
 Sound set:    original_windows (0)
 Video driver: win32

AI Configuration (local: 3):
  0: Human
  1: Human
  2: Human
  3: Human
  4: Human
  5: Human
  6: Human

Libraries:
 FreeType:   2.4.4
 ICU:        4.4.2
 LZMA:       5.0.0
 LZO:        2.03
 PNG:        1.4.5
 Zlib:       1.2.5

Module information:
 G:\hry\OpenTTD\OpenTTD.exe handle: 00400000 size: 8216064 crc: 17DBF4AA date: 2011-01-20 21:37:54
 C:\WINDOWS\system32\ntdll.dll handle: 7C900000 size: 709632 crc: BAF97B9A date: 2009-02-09 10:56:05
 C:\WINDOWS\system32\kernel32.dll handle: 7C800000 size: 988160 crc: 7F6413F3 date: 2009-03-21 14:09:02
 C:\WINDOWS\system32\WINMM.dll handle: 76B30000 size: 174592 crc: 97C69A23 date: 2008-04-14 03:22:05
 C:\WINDOWS\system32\ADVAPI32.dll handle: 77DC0000 size: 684032 crc: 27DFA0E8 date: 2009-02-09 10:56:05
 C:\WINDOWS\system32\RPCRT4.dll handle: 77E70000 size: 590848 crc: F1843D14 date: 2010-08-16 08:45:05
 C:\WINDOWS\system32\Secur32.dll handle: 77FE0000 size: 56832 crc: 16EF1E87 date: 2009-06-25 08:27:37
 C:\WINDOWS\system32\GDI32.dll handle: 77F10000 size: 286720 crc: 558CB163 date: 2008-10-23 12:42:52
 C:\WINDOWS\system32\USER32.dll handle: 7E360000 size: 578560 crc: 810EA445 date: 2008-04-14 03:22:04
 C:\WINDOWS\system32\WS2_32.dll handle: 71A90000 size: 82432 crc: 54E7139D date: 2008-04-14 03:22:06
 C:\WINDOWS\system32\msvcrt.dll handle: 77C00000 size: 343040 crc: 82A18593 date: 2008-04-14 03:21:49
 C:\WINDOWS\system32\WS2HELP.dll handle: 71A80000 size: 19968 crc: 16A4F56E date: 2008-04-14 03:22:06
 C:\WINDOWS\system32\SHELL32.dll handle: 7C9C0000 size: 8466432 crc: 4499DB46 date: 2010-07-27 06:30:31
 C:\WINDOWS\system32\SHLWAPI.dll handle: 77F60000 size: 474112 crc: 899BDCFD date: 2009-12-08 09:25:31
 C:\WINDOWS\system32\IMM32.DLL handle: 76370000 size: 110080 crc: 7CC3FB3C date: 2008-04-14 03:21:43
 C:\WINDOWS\system32\serwvdrv.dll handle: 5D260000 size: 14848 crc: AFEA6A6C date: 2001-10-25 14:00:00
 C:\WINDOWS\system32\umdmxfrm.dll handle: 5B580000 size: 13312 crc: 7C2E3391 date: 2001-10-25 14:00:00
 C:\WINDOWS\WinSxS\x86_Microsoft.Windows.Common-Controls_6595b64144ccf1df_6.0.2600.6028_x-ww_61e65202\comctl32.dll handle: 773C0000 size: 1054208 crc: 0A80A3F5 date: 2010-08-23 16:12:33
 C:\WINDOWS\system32\comctl32.dll handle: 5D5A0000 size: 617472 crc: FBE27668 date: 2010-08-23 16:12:35
 C:\WINDOWS\system32\SHFolder.dll handle: 76770000 size: 25088 crc: C487B370 date: 2008-04-14 03:21:55
 C:\WINDOWS\system32\WINTRUST.dll handle: 76C20000 size: 177664 crc: CD2DBC46 date: 2009-12-24 07:04:50
 C:\WINDOWS\system32\CRYPT32.dll handle: 77A70000 size: 602112 crc: 8BA8D385 date: 2008-04-14 03:21:38
 C:\WINDOWS\system32\MSASN1.dll handle: 77B10000 size: 58880 crc: 930C86C5 date: 2009-09-04 21:05:18
 C:\WINDOWS\system32\IMAGEHLP.dll handle: 76C80000 size: 144384 crc: 77B067D2 date: 2008-04-14 03:21:43
 C:\WINDOWS\system32\wdmaud.drv handle: 72CE0000 size: 23552 crc: D4EA0544 date: 2008-04-14 03:22:58
 C:\WINDOWS\system32\msacm32.drv handle: 72CD0000 size: 20480 crc: D2823952 date: 2001-10-25 14:00:00
 C:\WINDOWS\system32\MSACM32.dll handle: 77BD0000 size: 71680 crc: 0F11E98F date: 2008-04-14 03:21:46
 C:\WINDOWS\system32\midimap.dll handle: 77BC0000 size: 18944 crc: 6C0FE179 date: 2008-04-14 03:21:45
 C:\WINDOWS\system32\uxtheme.dll handle: 5B250000 size: 219648 crc: A269DCE7 date: 2008-04-14 03:22:04
 C:\WINDOWS\system32\MSCTF.dll handle: 746F0000 size: 297984 crc: 7E4D8B79 date: 2008-04-14 03:21:47
 C:\WINDOWS\system32\msctfime.ime handle: 751A0000 size: 177152 crc: 8CE75743 date: 2008-04-14 03:18:29
 C:\WINDOWS\system32\ole32.dll handle: 774D0000 size: 1287680 crc: 7C808B80 date: 2010-07-16 12:00:53
 C:\WINDOWS\system32\CLBCATQ.DLL handle: 76FC0000 size: 498688 crc: 7485F944 date: 2008-04-14 03:21:38
 C:\WINDOWS\system32\COMRes.dll handle: 77040000 size: 806912 crc: 0037EB49 date: 2008-04-14 03:21:38
 C:\WINDOWS\system32\OLEAUT32.dll handle: 77110000 size: 551936 crc: 8BC4BD61 date: 2008-04-14 03:21:53
 C:\WINDOWS\system32\VERSION.dll handle: 77BF0000 size: 18944 crc: D999F19B date: 2008-04-14 03:22:04
 C:\WINDOWS\system32\dmime.dll handle: 60D60000 size: 181248 crc: 051A53CA date: 2008-04-14 03:21:39
 C:\WINDOWS\system32\DSOUND.dll handle: 73ED0000 size: 367616 crc: D00E35F8 date: 2008-04-14 03:21:40
 C:\WINDOWS\system32\dmusic.dll handle: 6CF00000 size: 104448 crc: 661BBD3C date: 2008-04-14 03:21:39
 C:\WINDOWS\system32\KsUser.dll handle: 73EA0000 size: 4096 crc: 5FA40F0A date: 2008-04-14 03:21:46
 C:\WINDOWS\system32\dmsynth.dll handle: 6CF20000 size: 103424 crc: 15A88EB7 date: 2008-04-14 03:21:39
 C:\WINDOWS\system32\dmloader.dll handle: 6CF90000 size: 35840 crc: 37FCABDE date: 2008-04-14 03:21:39
 C:\WINDOWS\system32\mswsock.dll handle: 71A30000 size: 247296 crc: AA868B0C date: 2008-06-20 17:49:25
 C:\WINDOWS\system32\hnetcfg.dll handle: 698B0000 size: 345088 crc: 8D58532C date: 2008-04-14 03:21:42
 C:\WINDOWS\System32\wshtcpip.dll handle: 71A70000 size: 19456 crc: 3807F96C date: 2008-04-14 03:22:06
 C:\WINDOWS\System32\wship6.dll handle: 58EF0000 size: 14336 crc: B2677EDC date: 2008-04-14 03:22:06
 C:\WINDOWS\system32\DNSAPI.dll handle: 76F10000 size: 147968 crc: 1F52FE37 date: 2008-06-20 17:49:25
 C:\Program Files\Bonjour\mdnsNSP.dll handle: 64000000 size: 152864 crc: 5595F7F7 date: 2010-07-27 16:44:08
 C:\WINDOWS\system32\Iphlpapi.dll handle: 76D50000 size: 95744 crc: 2F843057 date: 2008-04-14 03:21:44
 C:\WINDOWS\system32\rasadhlp.dll handle: 76FB0000 size: 7680 crc: D27FFB01 date: 2008-04-14 03:21:54
 C:\WINDOWS\system32\psapi.dll handle: 76BE0000 size: 23040 crc: E668331A date: 2008-04-14 03:21:53

---- gamelog start ----
Tick 0: new game started
     Revision text changed to 1.1.0-beta4, savegame version 157, not modified, _openttd_newgrf_version = 0x11005570
     New game mode: 1 landscape: 0
     Added NewGRF: GRF ID 4D470303, checksum 8F903FAC3099CA3C9A296AAECBB27A75, filename: basemod-3.2\basecosts.grf (md5sum matches)
     Added NewGRF: GRF ID 414C0101, checksum 8868C6AA5191153F4255C129C9472043, filename: stations_name_from_nearby_indus-1.2.4\station_name.grf (md5sum matches)
     Added NewGRF: GRF ID 45530500, checksum FA231F55E8CC472EA98271F7C2AA9EFF, filename: japanese_stations-2.0a\jpstationsw.grf (md5sum matches)
     Added NewGRF: GRF ID 52455200, checksum 0E5A9C5ACD2BCAF7FA0658C3F905A660, filename: 7_stations\ae_rura\ae_ruraw.GRF (md5sum matches)
     Added NewGRF: GRF ID 444E0400, checksum 40B3F8F1BFEA3342027129792C560677, filename: vast_station_tiles-0.1.0\vast.grf (md5sum matches)
     Added NewGRF: GRF ID 52455400, checksum 1600687C50C5AB1E72EDD487CAD50E2A, filename: 7_stations\ae_city\ae_cityw.GRF (md5sum matches)
     Added NewGRF: GRF ID 4A430002, checksum 0728ADCB4DF2F1EB9247ABD449296F4E, filename: ottdc_grfpack\7_stations\indstatr\indstatrw.grf (md5sum matches)
     Added NewGRF: GRF ID 44573452, checksum 39A1EB2C5FE2AD2164C807DDE631B3DD, filename: dwestationtiles_industrial_ter-v0.6\dwe_stat_r.grf (md5sum matches)
     Added NewGRF: GRF ID 44578619, checksum B30A5E35634A59D2BDD9C2389CEDBF2C, filename: dwestationtiles__fences-v1.2\fences.grf (md5sum matches)
     Added NewGRF: GRF ID 52571201, checksum C1C7D8C53EB7E74EEE2F0EF29638B466, filename: 8_vehicles\road_vehicles\egrvts\egrvts.grf (md5sum matches)
     Added NewGRF: GRF ID 4D570102, checksum 8C41066F2430A1762047AB077B51EE63, filename: hover_bus.1.0\hoverbus_1.0.grf (md5sum matches)
     Added NewGRF: GRF ID 46727806, checksum 09E95562B1894A4D55D5532C6A889621, filename: opengfx_trees-0.2.2\opengfx+trees.grf (md5sum matches)
     Added NewGRF: GRF ID 41533031, checksum 911AC4448EE52CFDF171FA358404DD23, filename: swedish_houses-1.1\swehouses.grf (md5sum matches)
     Added NewGRF: GRF ID 44440A01, checksum 0BF8636EFEEF4F0617CAE47D77FF4C43, filename: av8_aviators_aircraft_set-1.81\pb_av8w.grf (md5sum matches)
     Added NewGRF: GRF ID 444A5401, checksum 15DC283B045205D51224BD8928A25EFA, filename: nutracks-1.0.0beta6\nutracks.grf (md5sum matches)
     Added NewGRF: GRF ID 44440111, checksum 9B5051E70D60EF2926A249B923AFB0CA, filename: 8_vehicles\trains_wagons\pb_ukrs\pb_ukrs.grf (md5sum matches)
     Added NewGRF: GRF ID 44442202, checksum 3DAC7433C0DA14AD3C5E8C89D73A6A2E, filename: 8_vehicles\trains_wagons\ukrsap1\ukrsap1w.grf (md5sum matches)
     Added NewGRF: GRF ID 74677462, checksum A2396FFDCC0F1BA37A2A89EF525CDF21, filename: total_bridges.grf (md5sum matches)
Tick 0: game loaded
     Revision text changed to 1.1.0-beta4, savegame version 157, modified, _openttd_newgrf_version = 0x11005571
Tick 56559: game loaded
     Revision text changed to 1.1.0-beta4, savegame version 157, not modified, _openttd_newgrf_version = 0x11005570
---- gamelog end ----

*** End of OpenTTD Crash Report ***

Decoded stack trace:
[00] ???                  0x7C812AFB ¬% + 82
[01] ???                  0x00572469
[02] ???                  0x006442D0
[03] ???                  0x0042FA11
[04] ???                  0x004A24EE
[05] ???                  0x0040BEE5
[06] ???                  0x0040C157
[07] ???                  0x004096CE
[08] ???                  0x004316FC
[09] ???                  0x0042744E
[10] ???                  0x004318E4

*** End of additional info ***
