*** OpenTTD Crash Report ***

Crash at: Mon Apr 25 16:30:43 2016
In game date: 2051-05-09 (27)

Crash reason:
 Exception: C0000005
 Location:  00007FF77C7A75AA
 Message:   <none>

OpenTTD version:
 Version:    1.6.0 (0)
 NewGRF ver: 16086b8c
 Bits:       64
 Endian:     little
 Dedicated:  no
 Build date: Apr  1 2016 18:51:06

Registers:
 RAX: 0000000000000000 RBX: 0000000002B7DE60 RCX: 0000000002B7DE80 RDX: 000000000014EF60
 RSI: 0000000000000000 RDI: 00000000035E7C20 RBP: 0000000002BCB9F0 RSP: 000000000014EF30
 R8:  00000000035325C0 R9:  00000000035325C0 R10: 000000000068C0AC R11: 00000000035325C0
 R12: 0000000023A4FFF0 R13: 0000000000000004 R14: 0000000000000001 R15: 0000000002B7DE60
 RIP: 00007FF77C7A75AA EFLAGS: 00010246

 Bytes at instruction pointer:
 48 8B 48 20 48 8B 01 EB 28 48 8B 50 10 4C 8B CF 4C 2B CA 44 0F B6 02 46

Stack trace:
 035325C0 00000000 035325C0 00000000 02B7DE60 00000000 035E7C20 00000000
 0014F060 00000000 7C7CE515 00007FF7 035325C0 00000000 035E7C20 00000000
 036065C8 00000000 000000AE 00000000 000000AF 00000000 23A4FFF0 00000000
 00A2C420 00000000 7C64B76B 00007FF7 00000002 00000000 0014F1F0 00000004
 000001E3 0000001C 00000001 00007FF7 02B7DE60 00000000 000013C8 00000000
 000001E6 00000000 00000083 00000000 00000001 00000000 23A4FFF0 00000000
 009C8360 00000000 0000009D 00000000 0014F078 00000000 7C6A68AC 00007FF7
 00000000 00000000 00000001 00000000 00000000 00000000 0000000E 00000000
 00000083 00000000 00000000 00000000 000000C0 00000000 038F2379 00000000
 00000085 00000001 0000000A 00000000 00000000 0000000E 000001E5 000000AF
 00A2A6C0 00000000 00000258 00000000 0000000D 00000000 00000322 00000000
 00000100 00000000 23A4FFF0 00000000 23A4FFF0 00000000 009C8360 00000000
 23A4FFF0 00000000 7C6A3137 00007FF7 009C8360 00000000 23A4FFF0 00000000
 00000009 00000000 00000012 00007FF7 23A4FFF0 00000000 7C6A3137 00007FF7
 036070B0 00000000 7C64CF66 00007FF7 00000002 00000000 7C9FBE04 00007FF7
 00000000 00000000 7C6A2994 00007FF7 0014F1F0 00000000 7C6D77F3 00007FF7
 000001EF 00000000 0000001B 00000024 7C9FBE04 00007FF7 0000012E 00000000
 00000258 00000000 0000000D 00000000 00000322 00000000 00000100 00000000
 00000000 00000000 7C6A8E9A 00007FF7 0014F1F0 00000000 0014F1F0 00000000
 23A4FFF0 00000000 00000100 00000000 000000BF 00000000 00000000 00000000
 00000322 00000000 7C64D9DC 00007FF7 23A4FFF0 00000000 00000000 00000000
 000000C0 00000000 00000322 00007FFB 000000C0 00007FFB 00000000 00000000
 00610400 00000000 FFFFFFD2 00000000 00000222 000000C0 00000322 00000000
 00000100 00000000 7C64DBA7 00007FF7 00000340 00000000 00000000 00000000

Operating system:
 Name:     Windows
 Release:  6.2.9200 ()
 Compiler: MSVC 1600

Configuration:
 Blitter:      32bpp-anim
 Graphics set: OpenGFX (5580)
 Language:     C:\Program Files\OpenTTD\lang\english.lng
 Music driver: win32
 Music set:    NoMusic (0)
 Network:      no
 Sound driver: win32
 Sound set:    OpenSFX (87)
 Video driver: win32

Fonts:
 Small:  sprite
 Medium: sprite
 Large:  sprite
 Mono:   sprite

AI Configuration (local: 0):
  0: Human

Libraries:
 FreeType:   2.4.11
 LZMA:       5.0.4
 LZO:        2.06
 PNG:        1.5.14
 Zlib:       1.2.7

Module information:
 C:\Program Files\OpenTTD\openttd.exe handle: 00007FF77C620000 size: 4979200 crc: 3C1A7EB8 date: 2016-04-01 18:55:04
 C:\WINDOWS\SYSTEM32\ntdll.dll handle: 00007FFB73630000 size: 1818696 crc: 58CFBA79 date: 2016-04-20 05:24:14
 C:\WINDOWS\system32\KERNEL32.DLL handle: 00007FFB70A10000 size: 705584 crc: DD3F02D6 date: 2015-10-30 07:17:46
 C:\WINDOWS\system32\KERNELBASE.dll handle: 00007FFB70770000 size: 1997328 crc: 5839649B date: 2016-04-20 05:24:14
 C:\WINDOWS\system32\apphelp.dll handle: 00007FFB6E1A0000 size: 479744 crc: 702D6C0F date: 2015-10-30 07:17:50
 C:\WINDOWS\system32\WS2_32.dll handle: 00007FFB72BD0000 size: 430816 crc: C93B2BDA date: 2015-10-30 07:18:03
 C:\WINDOWS\system32\sechost.dll handle: 00007FFB71020000 size: 371360 crc: F09DC2E8 date: 2015-10-30 07:18:03
 C:\WINDOWS\SYSTEM32\WINMM.dll handle: 00007FFB6E250000 size: 121992 crc: B480264F date: 2015-10-30 07:17:57
 C:\WINDOWS\system32\RPCRT4.dll handle: 00007FFB72C40000 size: 1162144 crc: 618F4F4A date: 2015-10-30 07:18:03
 C:\WINDOWS\system32\msvcrt.dll handle: 00007FFB72B30000 size: 633760 crc: 247C0236 date: 2015-10-30 07:18:03
 C:\WINDOWS\system32\IMM32.dll handle: 00007FFB73490000 size: 230416 crc: D52158C0 date: 2015-10-30 07:17:58
 C:\WINDOWS\system32\USER32.dll handle: 00007FFB70DA0000 size: 1399224 crc: B7761272 date: 2016-02-13 17:32:09
 C:\WINDOWS\SYSTEM32\WINMMBASE.dll handle: 0000000000AE0000 size: 166344 crc: F410A696 date: 2015-10-30 07:17:57
 C:\WINDOWS\system32\GDI32.dll handle: 00007FFB70C00000 size: 1594408 crc: 8265219D date: 2016-02-13 17:32:09
 C:\WINDOWS\system32\ADVAPI32.dll handle: 00007FFB734D0000 size: 671472 crc: A52B4190 date: 2016-02-13 17:32:22
 C:\WINDOWS\system32\SHELL32.dll handle: 00007FFB71350000 size: 22564328 crc: 25780887 date: 2016-04-20 05:24:14
 C:\WINDOWS\system32\cfgmgr32.dll handle: 00007FFB6FF00000 size: 264488 crc: 1178E451 date: 2015-10-30 07:17:50
 C:\WINDOWS\system32\windows.storage.dll handle: 00007FFB70060000 size: 6607080 crc: 56B734FC date: 2016-04-20 05:24:09
 C:\WINDOWS\system32\combase.dll handle: 00007FFB728B0000 size: 2606824 crc: 10B62289 date: 2016-02-13 17:32:09
 C:\WINDOWS\system32\bcryptPrimitives.dll handle: 00007FFB6FCC0000 size: 431296 crc: 9F19A044 date: 2015-10-30 07:18:03
 C:\WINDOWS\system32\shlwapi.dll handle: 00007FFB70B90000 size: 332104 crc: 9EA86865 date: 2015-10-30 07:18:14
 C:\WINDOWS\system32\kernel.appcore.dll handle: 00007FFB6FCB0000 size: 45016 crc: A6EF8C2D date: 2015-10-30 07:17:47
 C:\WINDOWS\system32\shcore.dll handle: 00007FFB706B0000 size: 726288 crc: 73E14A03 date: 2015-10-30 07:18:16
 C:\WINDOWS\system32\powrprof.dll handle: 00007FFB6FC60000 size: 294472 crc: C01CDE24 date: 2015-10-30 07:17:48
 C:\WINDOWS\system32\profapi.dll handle: 00007FFB6FC40000 size: 68752 crc: 530B5C2C date: 2015-10-30 07:18:03
 C:\WINDOWS\system32\uxtheme.dll handle: 00007FFB6E5B0000 size: 589312 crc: 5FCF2AF5 date: 2015-10-30 07:18:15
 C:\WINDOWS\system32\MSCTF.dll handle: 00007FFB71080000 size: 1415200 crc: 4FB7AA27 date: 2016-02-13 17:32:14
 C:\WINDOWS\system32\dwmapi.dll handle: 00007FFB6D800000 size: 107520 crc: F19EA449 date: 2015-10-30 07:17:58
 C:\WINDOWS\system32\mswsock.dll handle: 00007FFB6F500000 size: 357216 crc: 31E14371 date: 2015-10-30 07:18:03
 C:\WINDOWS\SYSTEM32\MMDevAPI.DLL handle: 00007FFB68C50000 size: 440120 crc: 7B397B17 date: 2015-10-30 07:17:57
 C:\WINDOWS\SYSTEM32\DEVOBJ.dll handle: 00007FFB6E700000 size: 149816 crc: D9B3F76C date: 2015-10-30 07:17:50
 C:\WINDOWS\SYSTEM32\PROPSYS.dll handle: 00007FFB6D830000 size: 1603224 crc: E0F4EB2A date: 2015-10-30 07:17:59
 C:\WINDOWS\system32\OLEAUT32.dll handle: 00007FFB70AC0000 size: 785088 crc: 372AF6B1 date: 2015-10-30 07:18:03
 C:\WINDOWS\SYSTEM32\wdmaud.drv handle: 00007FFB6BFA0000 size: 245248 crc: ACC4D569 date: 2015-10-30 07:17:57
 C:\WINDOWS\SYSTEM32\AVRT.dll handle: 00007FFB6C3A0000 size: 32592 crc: 7C87F235 date: 2015-10-30 07:17:57
 C:\WINDOWS\SYSTEM32\ksuser.dll handle: 00007FFB6E290000 size: 22752 crc: 6642CF0D date: 2015-10-30 07:17:57
 C:\WINDOWS\SYSTEM32\AUDIOSES.DLL handle: 00007FFB539C0000 size: 536256 crc: F1B31B9B date: 2016-04-20 05:24:14
 C:\WINDOWS\SYSTEM32\wintypes.dll handle: 00007FFB6C260000 size: 1270072 crc: D09BD426 date: 2016-02-13 17:32:09
 C:\WINDOWS\SYSTEM32\msacm32.drv handle: 00007FFB6E2C0000 size: 27648 crc: ABE231B6 date: 2015-10-30 07:17:57
 C:\WINDOWS\SYSTEM32\MSACM32.dll handle: 00007FFB6E2A0000 size: 105392 crc: FE9F1281 date: 2015-10-30 07:17:57
 C:\WINDOWS\SYSTEM32\midimap.dll handle: 00007FFB6C0B0000 size: 25088 crc: 7C988B63 date: 2015-10-30 07:17:57
 C:\WINDOWS\system32\clbcatq.dll handle: 00007FFB73580000 size: 662704 crc: 0C48BB7E date: 2015-10-30 07:17:51
 C:\WINDOWS\system32\psapi.dll handle: 00007FFB70BF0000 size: 18656 crc: 4BB4B30F date: 2015-10-30 07:17:50

---- gamelog start ----
Tick 62675: game loaded
Conversion from OTTD savegame without gamelog: version 4, 1
Revision text changed to 1.6.0, savegame version 194, not modified, _openttd_newgrf_version = 0x16086b8c
New game mode: 0 landscape: 1
---- gamelog end ----

*** End of OpenTTD Crash Report ***

Decoded stack trace:
[00] openttd              0x00007FF77C7A75AA
[01] openttd              0x00007FF77C7CE515
[02] openttd              0x00007FF77C6A68AC
 <infinite loop>

*** End of additional info ***
