*** OpenTTD Crash Report ***

Crash at: Sat Oct 29 12:26:32 2011
In game date: 1963-01-23 (22)

Crash reason:
 Exception: E1212012
 Location:  000007FEFD52CACD
 Message:   Assertion failed at line 70 of ..\src\group_cmd.cpp: g->owner == company

OpenTTD version:
 Version:    r23060 (0)
 NewGRF ver: 12005a14
 Bits:       64
 Endian:     little
 Dedicated:  no
 Build date: Oct 28 2011 18:09:18

Registers:
 RAX: 0000000077A0C22A RBX: 0000000000000016 RCX: 000000000027E280 RDX: 0000000000000000
 RSI: 0000000000000000 RDI: 0000000000000008 RBP: 000000000027ED19 RSP: 000000000027E890
 R8:  0000000000000000 R9:  0000000000000000 R10: 0000000000000000 R11: 0000000000000286
 R12: 0000000140316CB8 R13: 000000013FC18D5C R14: 0000000000000001 R15: 0000005400000000
 RIP: 000007FEFD52CACD EFLAGS: 00000202

 Bytes at instruction pointer:
 48 81 C4 C8 00 00 00 C3 90 90 90 90 90 90 90 90 90 90 90 48 89 5C 24 18

Stack trace:
 00000016 00000000 00000000 00000000 00000008 00000000 2E343834 00343130
 E1212012 00000000 00000000 00000000 FD52CACD 000007FE 00000000 00000000
 403A1C70 00000001 76B0146B 00000000 FDEC40D2 000007FE 0003057A 00000000
 00000010 00000000 40299728 00000001 00000050 00000000 0003057A 00000000
 00000000 00000000 77043BFA 00000000 40299728 00000001 00000010 00000000
 00000000 00000000 00000000 00000000 00000000 00000000 00000000 00000000
 00000001 00000000 3FD12FA9 00000001 00000016 00000000 EAEEF4AE 00000000
 00000001 00000000 77039C7A 00000000 00000000 00000000 00000000 00000054
 00000000 00000000 00000003 00000000 00000029 00000000 00000001 00000000
 00000000 00000000 3FD12304 00000001 00000001 00000000 0510B9F0 00000000
 00000003 00000000 FFFFFFFF 00000001 0510B9F0 00000000 3FA325D3 00000001
 0510B9F0 00000000 0027ED19 00000000 00000003 00000000 00000001 00000000
 65737341 6F697472 6166206E 64656C69 20746120 656E696C 20303720 2E20666F
 72735C2E 72675C63 5F70756F 2E646D63 3A707063 3E2D6720 656E776F 3D3D2072
 6D6F6320 796E6170 00000000 00000000 060154B0 00000000 00000000 00000000
 77125410 00000000 00000000 00000000 00000030 00000000 02450000 00000000
 0000001C 00000000 0000001C 00000000 024502A8 00000000 7706598E 00000000
 00000000 00000000 0000001C 00000000 0D100066 6E707A34 02270470 00000000
 77125410 00000000 00000000 00000000 00000020 00000000 02450000 00000000
 00000010 00000000 00000010 00000000 02450298 00000000 77063488 00000000
 00000000 00000000 00000010 00000000 0CE8018B 00003F5D 02270470 00000000
 00000000 00000000 02270080 00000000 062AB750 00000000 02270290 00000000
 02270AA0 00000000 3FBDABE8 00000001 00000000 00000000 02270080 00000000
 00000000 00000000 02270278 00000000 00000000 00000000 00000003 00000000

Operating system:
 Name:     Windows
 Release:  6.1.7601 (Service Pack 1)
 Compiler: MSVC 1600

Configuration:
 Blitter:      8bpp-optimized
 Graphics set: OpenGFX (746)
 Language:     c:\games\OpenTTD\lang\italian.lng
 Music driver: win32
 Music set:    OpenMSX (96)
 Network:      no
 Sound driver: win32
 Sound set:    OpenSFX (87)
 Video driver: win32

AI Configuration (local: 0):
  0: Human
  1: RoadAI (v3)
  2: Denver & Rio Grande (v1)
  3: MogulAI (v5900)
  4: AIAI (v40)
  5: MogulAI (v5900)
  6: Convoy (v11)

Libraries:
 FreeType:   2.4.5
 ICU:        4.4.2
 LZMA:       5.0.3
 LZO:        2.05
 PNG:        1.5.4
 Zlib:       1.2.5

Module information:
 C:\Games\OpenTTD\openttd.exe handle: 000000013F9F0000 size: 9865728 crc: 75545473 date: 2011-10-28 18:12:27
 C:\Windows\SYSTEM32\ntdll.dll handle: 0000000077010000 size: 1731936 crc: 7AB8D690 date: 2010-11-21 03:23:51
 C:\Windows\system32\kernel32.dll handle: 0000000076B90000 size: 1162752 crc: 4F9F79FE date: 2011-07-16 05:37:12
 C:\Windows\system32\KERNELBASE.dll handle: 000007FEFD520000 size: 421888 crc: D7A16149 date: 2011-07-16 05:37:12
 C:\Program Files\AVAST Software\Avast\snxhk64.dll handle: 0000000074890000 size: 251256 crc: 7CD0AD5B date: 2011-09-06 20:45:20
 C:\Windows\system32\WINMM.dll handle: 000007FEFC110000 size: 217600 crc: 7BC1529F date: 2009-07-14 01:41:56
 C:\Windows\system32\msvcrt.dll handle: 000007FEFD840000 size: 634880 crc: 7F3E716F date: 2009-07-14 01:41:32
 C:\Windows\system32\USER32.dll handle: 0000000076A90000 size: 1008128 crc: 70FF7D7F date: 2010-11-21 03:24:09
 C:\Windows\system32\GDI32.dll handle: 000007FEFD8E0000 size: 403968 crc: 3D5BC405 date: 2010-11-21 03:24:03
 C:\Windows\system32\LPK.dll handle: 000007FEFF0F0000 size: 41984 crc: 350AF03B date: 2009-07-14 01:41:19
 C:\Windows\system32\USP10.dll handle: 000007FEFF1B0000 size: 800256 crc: B511F4B9 date: 2010-11-21 03:24:08
 C:\Windows\system32\WS2_32.dll handle: 000007FEFF0A0000 size: 297984 crc: 0F68689B date: 2010-11-21 03:24:28
 C:\Windows\system32\RPCRT4.dll handle: 000007FEFEBB0000 size: 1219584 crc: 5217F07C date: 2010-11-21 03:24:02
 C:\Windows\system32\NSI.dll handle: 000007FEFF1A0000 size: 13824 crc: 53B46F6C date: 2009-07-14 01:41:53
 C:\Windows\system32\ADVAPI32.dll handle: 000007FEFDA90000 size: 877056 crc: FA615A20 date: 2009-07-14 01:40:01
 C:\Windows\SYSTEM32\sechost.dll handle: 000007FEFDB70000 size: 113664 crc: 978CFAE5 date: 2009-07-14 01:41:53
 C:\Windows\system32\SHELL32.dll handle: 000007FEFDC10000 size: 14173184 crc: 976AAFA5 date: 2011-08-30 05:25:09
 C:\Windows\system32\SHLWAPI.dll handle: 000007FEFECE0000 size: 448512 crc: 086DF743 date: 2010-11-21 03:24:22
 C:\Windows\system32\IMM32.DLL handle: 000007FEFF050000 size: 167424 crc: 41B2805A date: 2009-07-14 01:41:09
 C:\Windows\system32\MSCTF.dll handle: 000007FEFEF40000 size: 1067008 crc: 798DDDA0 date: 2009-07-14 01:41:28
 C:\Windows\system32\guard64.dll handle: 0000000180000000 size: 388280 crc: A743F834 date: 2011-10-07 17:47:08
 C:\Windows\system32\fltlib.dll handle: 000007FEFD3C0000 size: 19456 crc: C0616299 date: 2009-07-14 01:40:54
 C:\Windows\system32\SHFolder.dll handle: 000007FEFADD0000 size: 10240 crc: 08A48DE3 date: 2009-07-14 01:41:54
 C:\Windows\system32\ole32.dll handle: 000007FEFE9A0000 size: 2086912 crc: 72F91CD0 date: 2010-11-21 03:23:48
 C:\Windows\system32\MMDevAPI.DLL handle: 000007FEFBB40000 size: 284160 crc: CDF2EF81 date: 2009-07-14 01:41:26
 C:\Windows\system32\PROPSYS.dll handle: 000007FEFBA10000 size: 1212416 crc: B83FA3BE date: 2010-11-21 03:23:55
 C:\Windows\system32\OLEAUT32.dll handle: 000007FEFD9B0000 size: 861696 crc: 1F331414 date: 2011-08-27 05:37:49
 C:\Windows\system32\wdmaud.drv handle: 000007FEF8F10000 size: 217088 crc: 12829973 date: 2010-11-21 03:24:32
 C:\Windows\system32\ksuser.dll handle: 0000000071350000 size: 5120 crc: AA2071D9 date: 2009-07-14 01:41:13
 C:\Windows\system32\AVRT.dll handle: 000007FEFBA00000 size: 18432 crc: 5CE53CB7 date: 2009-07-14 01:40:05
 C:\Windows\system32\SETUPAPI.dll handle: 000007FEFED60000 size: 1900544 crc: A364BD6A date: 2010-11-21 03:24:28
 C:\Windows\system32\CFGMGR32.dll handle: 000007FEFD7C0000 size: 207872 crc: 1984C339 date: 2010-11-21 03:24:00
 C:\Windows\system32\DEVOBJ.dll handle: 000007FEFD7A0000 size: 93184 crc: A7541AE2 date: 2009-07-14 01:40:28
 C:\Windows\system32\AUDIOSES.DLL handle: 000007FEF8CE0000 size: 296448 crc: 90389554 date: 2010-11-21 03:24:32
 C:\Windows\system32\msacm32.drv handle: 000007FEF8CD0000 size: 25600 crc: 2B579A05 date: 2009-07-14 01:38:50
 C:\Windows\system32\MSACM32.dll handle: 000007FEF8CB0000 size: 83456 crc: 3D67538B date: 2009-07-14 01:41:27
 C:\Windows\system32\midimap.dll handle: 000007FEF8CA0000 size: 20480 crc: CB902A13 date: 2009-07-14 01:41:23
 C:\Windows\system32\CRYPTBASE.dll handle: 000007FEFD390000 size: 44032 crc: F547C16E date: 2009-07-14 01:40:24
 C:\Windows\system32\CLBCatQ.DLL handle: 000007FEFF280000 size: 607744 crc: 939E35C9 date: 2009-07-14 01:40:15
 C:\Windows\system32\uxtheme.dll handle: 000007FEFB930000 size: 332288 crc: B0A13DF9 date: 2009-07-14 01:41:56
 C:\Windows\system32\dwmapi.dll handle: 000007FEFB050000 size: 82432 crc: A459F360 date: 2009-07-14 01:40:34
 C:\Windows\system32\mswsock.dll handle: 000007FEFCCD0000 size: 326144 crc: 136B1525 date: 2010-11-21 03:24:00
 C:\Windows\System32\wshtcpip.dll handle: 000007FEFC690000 size: 13312 crc: 5D1E2C55 date: 2009-07-14 01:41:58
 C:\Windows\system32\psapi.dll handle: 00000000771E0000 size: 9216 crc: 84B5E9BA date: 2009-07-14 01:41:53

---- gamelog start ----
Tick 0: new game started
     Revision text changed to r23050, savegame version 163, not modified, _openttd_newgrf_version = 0x12005a0a
     New game mode: 1 landscape: 1
     Added NewGRF: GRF ID 535A0501, checksum 44B7893026BB8599A79DFAB05C3149AB, filename: newbridgesW.GRF (md5sum matches)
     Added NewGRF: GRF ID 4D570102, checksum 8C41066F2430A1762047AB077B51EE63, filename: hover_bus.1.0\hoverbus_1.0.grf (md5sum matches)
     Added NewGRF: GRF ID 524B0301, checksum BB7BBE4FF23B349D17ED0A682503680C, filename: lightrailtramtracks-0.2\tramtrkw.grf (md5sum matches)
     Added NewGRF: GRF ID 45580102, checksum 2E97B00D4ABAC99CD825964E9402A81B, filename: ex_s_city_builder.0.3\ex_cities.grf (md5sum matches)
     Added NewGRF: GRF ID 52571302, checksum 9D3C694D2411541B90ABABF240225F58, filename: OpenGFX_-_newTerrain_v0.4.grf (md5sum matches)
     Added NewGRF: GRF ID 4F472B34, checksum 5E70585708092DAC05B17144E0957496, filename: opengfx_landscape-0.2.0\ogfx-landscape.grf (md5sum matches)
     Added NewGRF: GRF ID 4F472B31, checksum 28B38CDB8C31F59C807F0A72BE5CDC30, filename: opengfx_trains-0.2.2\ogfx-trains.grf (md5sum matches)
     Added NewGRF: GRF ID 46727806, checksum 09E95562B1894A4D55D5532C6A889621, filename: opengfx_trees-0.2.2\opengfx+trees.grf (md5sum matches)
     Added NewGRF: GRF ID 4F472B32, checksum B42B3DD63720C1F2483B357575736087, filename: opengfx_road_vehicles-0.1.0\ogfx-rv.grf (md5sum matches)
     Added NewGRF: GRF ID 4D656F17, checksum 8A4F8A04256C90BECF818D134C91C816, filename: long_vehicles-v404oct2008\4lvw.grf (md5sum matches)
     Added NewGRF: GRF ID 4D656F20, checksum C4945D827A04898A9A4246079B38E2CD, filename: long_vehicles_v4._cut_version-13jan2008\4lvcutw.grf (md5sum matches)
     Added NewGRF: GRF ID FBFB0402, checksum C5D462B520ED5EEB3AF5619DA165DA35, filename: metro_track_set-1.1.0\metrotrk.grf (md5sum matches)
     Added NewGRF: GRF ID 41420000, checksum 91B1E5631A3A4926CC7C1DBDBBC585CD, filename: metro_subway_set-prealpha3.1\metro subway set.grf (md5sum matches)
     Added NewGRF: GRF ID 52571701, checksum 53AED72390B4293C65008840AF44D9F5, filename: urban_suspended_monorail.1.1\susmon1.1.grf (md5sum matches)
     Added NewGRF: GRF ID 52570103, checksum EDB2D26F9D81423734CA12412F309CF3, filename: generictrams_v0.4.grf (md5sum matches)
     Added NewGRF: GRF ID 474E474E, checksum 45217989D22E0CA25F8C410C1B351976, filename: light_road_vehicle_set-r16\lrvs_r16w.grf (md5sum matches)
     Added NewGRF: GRF ID 6D620601, checksum 801E357592D38E27444CD3AEC4A11D8C, filename: newstatsw.grf (md5sum matches)
     Added NewGRF: GRF ID 6D620004, checksum 70649F1AFC954942173B0AA89C1E8B14, filename: newshipsw.grf (md5sum matches)
     Added NewGRF: GRF ID 46420801, checksum 2D654630F22AA4C78A58710024C514B3, filename: new_tram_tracks.0.4.1\newtramtracksw_v0.4.1.grf (md5sum matches)
     Added NewGRF: GRF ID 4A530101, checksum 9C78028CB9346C54D73F296250C104A8, filename: PlaneSetw.grf (md5sum matches)
     Added NewGRF: GRF ID 425F0101, checksum 5E6DC9FD3D9364AC6ABE21E6B4D8CE3E, filename: very_large_ships.0.1\vl_shipw.grf (md5sum matches)
     Added NewGRF: GRF ID FBFB0401, checksum E497AFEB67D7501658FFC709C2E474A9, filename: metro_track_set.0.2.2\metrotracksetw.grf (md5sum matches)
     Added NewGRF: GRF ID 78560007, checksum 4FF96B8C2A55CA3DE21F8049F9DF046F, filename: ikarus_set-5.3\ikarus2w.grf (md5sum matches)
Tick 32660: game loaded
     Revision text changed to r23060, savegame version 163, not modified, _openttd_newgrf_version = 0x12005a14
---- gamelog end ----

*** End of OpenTTD Crash Report ***

Decoded stack trace:
[00] KERNELBASE           0x000007FEFD52CACD RaiseException + 61
[01] openttd              0x000000013FD12FA9
[02] openttd              0x000000013FD12304
[03] openttd              0x000000013FA325D3
[04] openttd              0x000000013FAE99B5
[05] openttd              0x000000013F9FFF49
[06] openttd              0x000000013FA034A2
[07] openttd              0x000000013FA03878
[08] openttd              0x000000013F9F72F8
[09] openttd              0x000000013F9F6D47
[10] openttd              0x000000013FA76E7C
[11] openttd              0x000000013FA64EE5
[12] openttd              0x000000013FA67BBF
[13] openttd              0x000000013FA67E67
[14] openttd              0x000000013FC16C65
[15] USER32               0x0000000076AA9BD1 TranslateMessageEx + 673
[16] USER32               0x0000000076AA98DA TranslateMessage + 490
[17] openttd              0x000000013FC1743D
[18] openttd              0x000000013FA3431B
[19] openttd              0x000000013FC19B7E
[20] openttd              0x000000013FD14D28
[21] kernel32             0x0000000076BA652D BaseThreadInitThunk + 13
[22] ntdll                0x000000007703C521 RtlUserThreadStart + 33

*** End of additional info ***
