*** OpenTTD Crash Report ***

Crash at: Sat Sep 12 16:27:11 2009

Crash reason:
 Signal:  Abort trap (6)
 Message: <none>

OpenTTD version:
 Version:    r17501 (0)
 NewGRF ver: 0800445d
 Bits:       32
 Endian:     little
 Dedicated:  no
 Build date: Sep 11 2009 18:36:27

Stacktrace:
 Not supported.

Operating system:
 Name:    Darwin
 Release: 8.11.1
 Version: Darwin Kernel Version 8.11.1: Wed Oct 10 18:23:28 PDT 2007; root:xnu-792.25.20~1/RELEASE_I386
 Machine: i386

Configuration:
 Blitter:      8bpp-optimized
 Graphics set: original_windows
 Language:     dutch.lng
 Music driver: qt
 Sound driver: cocoa
 Sound set:    original_windows
 Video driver: cocoa

Libraries:
 FreeType:   2.3.9
 ICU:        4.0.1

---- gamelog start ----
Tick 0: new game started
     Revision text changed to r17412, savegame version 125, not modified, _openttd_newgrf_version = 0x08004404
     New game mode: 1 landscape: 0
     Added NewGRF: GRF ID 56430001, checksum 0C77FA76FCD2327A499C5A3A2E5414B8, filename: ttrs3w.grf
     Added NewGRF: GRF ID 19060801, checksum 6CFC6328D999C140851BFE6514BA277A, filename: bigger_depots.0.3/bigdepot.grf
     Added NewGRF: GRF ID FBFB0401, checksum E497AFEB67D7501658FFC709C2E474A9, filename: metro_track_set.0.2.2/metrotracksetw.grf
     Added NewGRF: GRF ID FBFB0102, checksum 803D38F242F016C4A8212FA05C0F9B7E, filename: dutch_tram_set.rc1/dutchtramsetw.grf
     Added NewGRF: GRF ID 4A430002, checksum 0728ADCB4DF2F1EB9247ABD449296F4E, filename: industrial_stations_renewal.0.8.0/indstatrw.grf
     Added NewGRF: GRF ID 6D620601, checksum 44EB2F155862E4D4F0AB671D7021AF54, filename: newstatsw.grf
Tick 56314: game loaded
     Revision text changed to r17501, savegame version 127, not modified, _openttd_newgrf_version = 0x0800445d
---- gamelog end ----

*** End of OpenTTD Crash Report ***
