*** OpenTTD Crash Report ***
Date: 2009-08-02 14:16:59
Build: 0.7.2-RC1 (0) built on Jul 15 2009 20:57:25
Reason: Assertion failed at ..\src\ai\api\ai_testmode.cpp:24: this->GetDoCommandModeInstance() == this
Language: dutch.lng
Exception C0000005 at 004FBAF6
Registers:
 EAX: 01EB80B0 EBX: 00000009 ECX: 0012F8A0 EDX: 01EB810F
 ESI: 01B45548 EDI: 00000000 EBP: 0012FB04 ESP: 0012FAB8
 EIP: 004FBAF6 EFLAGS: 00210206

Bytes at CS:EIP:
 C6 05 00 00 00 00 00 FF 76 0C FF 76 08 E8 7C C0 FF FF F6 44 24 08 01 C7

Stack trace: 
 01B45548 00516EF1 00000001 00000000 01ECA768 004E329A 004CA1F8 00CF8F78
 004C846D 00CF8F58 01D3BCD8 004D4B08 01E22990 00000000 01000001 00000000
 0012FB98 005AD8D1 00000000 0012FBA4 004D70F9 01EBCFC8 01E19170 00000000
 01AC0C80 0012FB2C 0012FB7C 0050EDA4 08000040 01BDD8F8 0A000020 01F46C10
 00000000 00000000 05000002 00000001 01ABFE00 01AC0160 00D002A8 01AC0F48
 01AC0C80 00000079 00000E83 0050DB4E 0A008000 01F80390 01000001 00000000
 00D0ED70 00000005 00000023 00000000 01D3BD68 00000002 01D3BCD8 0012FB0C
 0012FC08 005AEF7B 00000000 0012FBD8 004C5D68 0066B464 00000023 01E22990
 0000000B 0012FBD0 00000001 00000003 00000000 01E19170 01000001 00000000
 0012FC14 004E2A27 0066B178 01DFD268 00000000 00000001 00000000 00BD7068
 00BD7068 00514CFA 00BD7068 0012FBE0 0012FFB0 005AFE07 00000004 0012FC50
 004D9B9B 01EBCFC8 7E3AA78F 00F198D0 00000000 0042B61E 7E3AA78F 00F198D0
 0012FC50 00000000 00F198D0 00000000 00000000 00421EE6 0012FC64 0042B84E
 00F198D0 00000000 0012FC4C 00000000 0052E8F2 00692D74 00CB0D78 0012FD14
 00000000 0012FC68 00F198D0 00F198EE 00000000 00000000 00130518 0000000F
 00000000 00000000 00F198C1 000001EB 000001FD 0042ACFC 0012FD2C 00000001
 00000001 01000001 00000000 00000000 00000000 00000000 00CB0D68 FFFFFFFF
 00000000 0012FD2C 00000000 00000000 FFFFFFFF 00000000 0012FF30 00000000
 00000000 00000000 FFFFFFFF 0012FE34 006358B0 00000000 00009CB3 0012FF30
 00443B95 00000001 0012FE30 FFFFFFFE 00000000 5C3A4322 676F7250 206D6172
 656C6946 704F5C73 54546E65 706F5C44 74746E65 78652E64 00200065 00BD0178
 00BD7110 0000000D 00BD6D90 00BD0178 00BD7308 00BD0178 00000004 00BD72F0
 00000000 00BD0178 00BD0178 00BD0178 00BD0178 00BD7300 00BD0168 00000000
 00000000 00BD7300 00000020 00BD7308 00BD6D88 00BD0178 00000020 00000178

Module information:
 C:\Program Files\OpenTTD\openttd.exe handle: 00400000 size: 2630656 crc: 8B17F921 date: 2009-07-15 21:00:26
 C:\WINDOWS\system32\ntdll.dll handle: 7C900000 size: 735744 crc: 810A5742 date: 2009-02-09 10:56:06
 C:\WINDOWS\system32\kernel32.dll handle: 7C7D0000 size: 1030656 crc: E62CE906 date: 2009-03-21 14:09:59
 C:\WINDOWS\system32\WINMM.dll handle: 76AF0000 size: 179200 crc: 14C886F9 date: 2008-04-14 17:02:44
 C:\WINDOWS\system32\ADVAPI32.dll handle: 77F40000 size: 684544 crc: 386B374F date: 2009-02-09 10:56:07
 C:\WINDOWS\system32\RPCRT4.dll handle: 77DA0000 size: 585216 crc: 857DC3DC date: 2009-04-15 14:55:06
 C:\WINDOWS\system32\Secur32.dll handle: 77F10000 size: 56832 crc: 24F7E205 date: 2009-02-03 19:59:02
 C:\WINDOWS\system32\GDI32.dll handle: 77E40000 size: 286720 crc: AD0D7A5A date: 2008-10-23 12:43:45
 C:\WINDOWS\system32\USER32.dll handle: 7E390000 size: 580096 crc: A1DEF669 date: 2008-04-14 17:02:44
 C:\WINDOWS\system32\WS2_32.dll handle: 71A30000 size: 82432 crc: 1CF0E4F7 date: 2008-04-14 17:02:45
 C:\WINDOWS\system32\msvcrt.dll handle: 77BE0000 size: 343040 crc: 914594B7 date: 2008-04-14 17:02:33
 C:\WINDOWS\system32\WS2HELP.dll handle: 71A20000 size: 19968 crc: 25A9B9EA date: 2008-04-14 17:02:45
 C:\WINDOWS\system32\SHELL32.dll handle: 7C9C0000 size: 8508416 crc: 1CE36AED date: 2008-06-17 19:03:19
 C:\WINDOWS\system32\SHLWAPI.dll handle: 77E90000 size: 474624 crc: D3BD2EB0 date: 2008-04-14 17:02:39
 C:\WINDOWS\system32\serwvdrv.dll handle: 5D1A0000 size: 14848 crc: 6C609658 date: 2002-09-30 15:13:05
 C:\WINDOWS\system32\umdmxfrm.dll handle: 5B4C0000 size: 13312 crc: 910587C9 date: 2002-09-30 15:18:16
 C:\WINDOWS\WinSxS\x86_Microsoft.Windows.Common-Controls_6595b64144ccf1df_6.0.2600.5512_x-ww_35d4ce83\comctl32.dll handle: 77390000 size: 1054208 crc: D48C9A27 date: 2008-04-14 17:00:21
 C:\WINDOWS\system32\comctl32.dll handle: 5D4E0000 size: 617472 crc: 3039BA4F date: 2008-04-14 17:02:23
 C:\WINDOWS\system32\SHFolder.dll handle: 76730000 size: 25088 crc: D4F9262A date: 2008-04-14 17:02:39
 C:\WINDOWS\system32\wdmaud.drv handle: 72C90000 size: 23552 crc: F3E22527 date: 2008-04-14 17:03:22
 C:\WINDOWS\system32\WINTRUST.dll handle: 76BF0000 size: 176640 crc: 20C532EF date: 2008-04-14 17:02:44
 C:\WINDOWS\system32\CRYPT32.dll handle: 77A40000 size: 602624 crc: 7EA0028A date: 2008-04-14 17:02:23
 C:\WINDOWS\system32\MSASN1.dll handle: 77AE0000 size: 57344 crc: 576F740E date: 2008-04-14 17:02:29
 C:\WINDOWS\system32\IMAGEHLP.dll handle: 76C50000 size: 144384 crc: 4D6F22DF date: 2008-04-14 17:02:28
 C:\WINDOWS\system32\msacm32.drv handle: 72C80000 size: 20992 crc: 59696C97 date: 2002-09-30 15:03:10
 C:\WINDOWS\system32\MSACM32.dll handle: 77BB0000 size: 71680 crc: 4C6A08FD date: 2008-04-14 17:02:29
 C:\WINDOWS\system32\midimap.dll handle: 77BA0000 size: 18944 crc: 4F148956 date: 2008-04-14 17:02:29
 C:\WINDOWS\system32\ole32.dll handle: 774A0000 size: 1287168 crc: C44C98F7 date: 2008-04-14 17:02:37
 C:\WINDOWS\system32\MSCTF.dll handle: 746A0000 size: 297984 crc: D0327D58 date: 2008-04-14 17:02:30
 C:\WINDOWS\system32\CLBCATQ.DLL handle: 76F90000 size: 498688 crc: 23CAAAF9 date: 2008-04-14 17:02:23
 C:\WINDOWS\system32\COMRes.dll handle: 77010000 size: 822784 crc: 01C741E4 date: 2008-04-14 17:02:23
 C:\WINDOWS\system32\OLEAUT32.dll handle: 770E0000 size: 551936 crc: 56F4315C date: 2008-04-14 17:02:37
 C:\WINDOWS\system32\VERSION.dll handle: 77BD0000 size: 18944 crc: FC19E92F date: 2008-04-14 17:02:44
 C:\WINDOWS\System32\dmime.dll handle: 59A40000 size: 181248 crc: 42675F28 date: 2008-04-14 17:02:24
 C:\WINDOWS\System32\DSOUND.dll handle: 73E80000 size: 367616 crc: 79EDF214 date: 2008-04-14 17:02:24
 C:\WINDOWS\System32\dmusic.dll handle: 6CE90000 size: 104448 crc: C8018462 date: 2008-04-14 17:02:24
 C:\WINDOWS\system32\KsUser.dll handle: 73E50000 size: 4096 crc: D76DE7B2 date: 2008-04-14 17:02:29
 C:\WINDOWS\System32\dmsynth.dll handle: 6CEB0000 size: 103424 crc: 406D85F2 date: 2008-04-14 17:02:24
 C:\WINDOWS\System32\dmloader.dll handle: 6CF20000 size: 35840 crc: A482F803 date: 2008-04-14 17:02:24
 C:\WINDOWS\system32\mswsock.dll handle: 719D0000 size: 247296 crc: AB503995 date: 2008-06-20 17:49:21
 C:\WINDOWS\system32\hnetcfg.dll handle: 61200000 size: 347648 crc: DAE28AF3 date: 2008-04-14 17:02:27
 C:\WINDOWS\System32\wshtcpip.dll handle: 71A10000 size: 19456 crc: C10DDDD3 date: 2008-04-14 17:02:45
 C:\WINDOWS\system32\SSSensor.dll handle: 061F0000 size: 83096 crc: A93CB590 date: 2004-10-15 16:32:10
 C:\WINDOWS\system32\psapi.dll handle: 76BB0000 size: 23040 crc: 8CDC5A38 date: 2008-04-14 17:02:38

System information:
 Windows version 5.1 2600 Service Pack 3

---- gamelog start ----
Tick 0: new game started
     Revision text changed to 0.7.2-RC1, savegame version 116, not modified, _openttd_newgrf_version = 0x072041c4
     New game mode: 1 landscape: 0
     Added NewGRF: GRF ID 27711002, checksum 58443251B511FBE8D56C6818EE66DD5D, filename: 2cc_trainset.1.0.1\2cctrainset.grf
     Added NewGRF: GRF ID 44440A01, checksum D48D7AD02CA355B92FAE081DC4A36868, filename: av8_aviators_aircraft_set.v1.331\pb_av8w.grf
     Added NewGRF: GRF ID 44440A03, checksum 6205E0297104502240D946EC26B195CA, filename: av8_extra_aircraft.1.501\pb_av8exw.grf
     Added NewGRF: GRF ID 52571201, checksum C1C7D8C53EB7E74EEE2F0EF29638B466, filename: egrvts.1.0\egrvts.grf
     Added NewGRF: GRF ID 4D570102, checksum 8C41066F2430A1762047AB077B51EE63, filename: hover_bus.1.0\hoverbus_1.0.grf
     Added NewGRF: GRF ID 52571208, checksum 2A5875E0131D5176B94AD8B34EB8254D, filename: generic_cars.0.2\cars v0.2.grf
Tick 45097: GRF config changed
     Removed NewGRF: 27711002, filename: 2cc_trainset.1.0.1\2cctrainset.grf
     Removed NewGRF: 44440A01, filename: av8_aviators_aircraft_set.v1.331\pb_av8w.grf
     Removed NewGRF: 44440A03, filename: av8_extra_aircraft.1.501\pb_av8exw.grf
---- gamelog end ----
