*** OpenTTD Crash Report ***

Crash at: Mon Nov 07 11:25:06 2011
In game date: 2006-09-03 (68)

Crash reason:
 Exception: C0000005
 Location:  0048ECD2
 Message:   <none>

OpenTTD version:
 Version:    1.1.2 (0)
 NewGRF ver: 112858dd
 Bits:       32
 Endian:     little
 Dedicated:  no
 Build date: Aug 14 2011 15:29:56

Registers:
 EAX: 003E2288 EBX: 02F90020 ECX: 00000068 EDX: FFFFFFFF
 ESI: 023DDDF8 EDI: 03E22868 EBP: 0013F874 ESP: 0013F85C
 EIP: 0048ECD2 EFLAGS: 00010212

 Bytes at instruction pointer:
 0F B6 3C FB C1 E1 04 83 C1 08 8B D0 2B D1 83 E7 0F 03 D2 2B C7 8D 3C 01

Stack trace:
 02C9C770 00000000 02C72910 0013F88C 006452BE 00000000 0013F898 0048EE87
 023DDDF8 00000000 055B0270 051E0BE0 0013FA48 0064471B 00000000 0013F8B8
 0048118E 03E22868 02C9C770 02C9C770 02C72910 02C9C770 02C9C770 0013F8EC
 0044909C 00000046 0000002C 00000001 00000001 00000046 02C9C770 0000002C
 02C72910 00000001 00000001 01000046 0013F920 0044B012 00000046 0000002C
 00000001 00000046 0000002C 00000000 0054D4A8 00724FB8 00000000 00000046
 0000002C 00000001 0044B200 00000001 00000000 00000009 00000201 0013F9C4
 00000000 00000000 0054D8BC 0013FA2C 0054D4A8 00000000 00EA16D0 00000000
 00000000 00000102 0013F9A8 747313D4 000101E9 00000000 00000001 747313D9
 00000000 7FFDE000 00000102 011F0000 000101E9 0013F97C 0013F9C8 0013F9F0
 7475F1A6 747313E0 FFFFFFFF 747313D9 7E42B372 00000000 00000001 0013FA44
 00000000 0013FAF8 0013F9F0 7E418734 0009030C 00000201 00000009 002C0046
 0054D4A8 DCBAABCD 00000000 0013FA2C 0054D4A8 0013FA58 7E418816 0054D4A8
 0009030C 00000201 00000009 002C0046 0013FB00 0013FAF8 00EE9C80 00000014
 00000001 00000000 00000000 00000010 00000000 00000030 00000000 00000000
 00000000 0013FA0C 0013F480 0013FAA8 7E44048F 7E418830 00000000 0013FAB8
 7E4189CD 00000000 0054D4A8 0009030C 00000201 00000009 002C0046 00EE9C94
 00000001 0941F3C3 7E41929B 00000000 0013FAB8 7E419402 0013FAF8 00000009
 00000000 0013FA80 0013F480 0013FFB0 7E44048F 7E4189F0 FFFFFFFF 0013FAC8
 7E418A10 0013FAF8 00000000 00000000 0054DF17 0013FAF8 00BBF480 00B9858C
 0013FD14 00000000 01FFFFFF 0941F3C3 0941F3E1 00000000 00000000 0009030C
 00000201 00000009 002C0046 0941F3E2 00000046 0000003F 0042BAF0 0013FD2C
 0013FE30 7FFDF000 00460020 0119CC60 0000000A 0100005C 00000000 0054006E
 00000000 00000000 00000000 0074006E 00000000 00000000 00000000 00000000

Operating system:
 Name:     Windows
 Release:  5.1.2600 (Service Pack 3)
 Compiler: MSVC 1600

Configuration:
 Blitter:      8bpp-optimized
 Graphics set: OpenGFX (589)
 Language:     C:\Program Files\OpenTTD\lang\english_US.lng
 Music driver: dmusic
 Music set:    OpenMSX (96)
 Network:      no
 Sound driver: win32
 Sound set:    OpenSFX (87)
 Video driver: win32

AI Configuration (local: 0):
  0: Human
  1: RoadRunner (v6)
  2: NoCAB (v498)
  3: trAIns (v2)
  4: CluelessPlus (v23)
  5: NoCAB (v498)
  6: Convoy (v11)
  7: NoCAB (v498)

Libraries:
 FreeType:   2.4.5
 ICU:        4.4.2
 LZMA:       5.0.3
 LZO:        2.05
 PNG:        1.5.4
 Zlib:       1.2.5

Module information:
 C:\Program Files\OpenTTD\openttd.exe handle: 00400000 size: 8045568 crc: 61883632 date: 2011-08-14 15:32:24
 C:\windows\system32\ntdll.dll handle: 7C900000 size: 718336 crc: EA097CED date: 2010-12-09 15:15:09
 C:\windows\system32\kernel32.dll handle: 7C800000 size: 989696 crc: 8A0508E5 date: 2009-03-21 14:06:58
 C:\windows\system32\WINMM.dll handle: 76B40000 size: 176128 crc: 9676D976 date: 2008-08-21 12:00:00
 C:\windows\system32\ADVAPI32.dll handle: 77DD0000 size: 617472 crc: C9027432 date: 2009-02-09 12:10:48
 C:\windows\system32\RPCRT4.dll handle: 77E70000 size: 590848 crc: E9ECB923 date: 2010-08-16 08:45:00
 C:\windows\system32\Secur32.dll handle: 77FE0000 size: 56832 crc: 3D0002B7 date: 2009-06-25 08:25:26
 C:\windows\system32\GDI32.dll handle: 77F10000 size: 286720 crc: B5F6B116 date: 2008-10-23 12:36:14
 C:\windows\system32\USER32.dll handle: 7E410000 size: 578560 crc: F7C72264 date: 2008-08-21 12:00:00
 C:\windows\system32\WS2_32.dll handle: 71AB0000 size: 82432 crc: 7C519ECA date: 2008-08-21 12:00:00
 C:\windows\system32\msvcrt.dll handle: 77C10000 size: 343040 crc: 0B7B1677 date: 2008-08-21 12:00:00
 C:\windows\system32\WS2HELP.dll handle: 71AA0000 size: 19968 crc: 3F24E096 date: 2008-08-21 12:00:00
 C:\windows\system32\SHELL32.dll handle: 7C9C0000 size: 8462336 crc: A88619FE date: 2011-01-21 14:44:37
 C:\windows\system32\SHLWAPI.dll handle: 77F60000 size: 474112 crc: BDFA6F45 date: 2009-12-08 09:23:28
 C:\windows\system32\IMM32.DLL handle: 76390000 size: 110080 crc: C1486DA0 date: 2008-08-21 12:00:00
 C:\windows\system32\LPK.DLL handle: 629C0000 size: 22016 crc: 9689B06F date: 2008-08-21 12:00:00
 C:\windows\system32\USP10.dll handle: 74D90000 size: 406016 crc: 80584A23 date: 2010-04-16 15:36:56
 C:\windows\WinSxS\x86_Microsoft.Windows.Common-Controls_6595b64144ccf1df_6.0.2600.6028_x-ww_61e65202\comctl32.dll handle: 773D0000 size: 1054208 crc: 350BBD1B date: 2010-08-23 16:12:02
 C:\windows\system32\comctl32.dll handle: 5D090000 size: 617472 crc: B00C920E date: 2010-08-23 16:12:04
 C:\windows\system32\SHFolder.dll handle: 76780000 size: 25088 crc: 8009EA65 date: 2008-08-21 12:00:00
 C:\windows\system32\WINTRUST.dll handle: 76C30000 size: 177664 crc: 10F114B4 date: 2009-12-24 06:59:40
 C:\windows\system32\CRYPT32.dll handle: 77A80000 size: 599040 crc: 0A002F7A date: 2011-09-09 09:12:13
 C:\windows\system32\MSASN1.dll handle: 77B20000 size: 58880 crc: 63D6A79F date: 2009-09-04 21:03:36
 C:\windows\system32\IMAGEHLP.dll handle: 76C90000 size: 144384 crc: F7A06429 date: 2008-08-21 12:00:00
 C:\windows\system32\wdmaud.drv handle: 72D20000 size: 23552 crc: EEB914CA date: 2008-04-14 13:42:46
 C:\windows\system32\msacm32.drv handle: 72D10000 size: 20480 crc: D5406BAE date: 2008-08-21 12:00:00
 C:\windows\system32\MSACM32.dll handle: 77BE0000 size: 71680 crc: EDE4B266 date: 2008-08-21 12:00:00
 C:\windows\system32\midimap.dll handle: 77BD0000 size: 18944 crc: 2E6D5FD1 date: 2008-08-21 12:00:00
 C:\windows\system32\MSCTF.dll handle: 74720000 size: 297984 crc: 392BE0B0 date: 2008-08-21 12:00:00
 C:\windows\system32\SynTPFcs.dll handle: 63000000 size: 65536 crc: E546C994 date: 2003-06-24 20:33:54
 C:\windows\system32\VERSION.dll handle: 77C00000 size: 18944 crc: 558B1DAF date: 2008-08-21 12:00:00
 C:\windows\system32\apphelp.dll handle: 77B40000 size: 125952 crc: 30CDC203 date: 2008-08-21 12:00:00
 C:\windows\system32\msctfime.ime handle: 755C0000 size: 177152 crc: 6D3663FE date: 2008-08-21 12:00:00
 C:\windows\system32\ole32.dll handle: 774E0000 size: 1288192 crc: 2C4B341E date: 2010-07-16 12:05:55
 C:\windows\system32\CLBCATQ.DLL handle: 76FD0000 size: 498688 crc: F43789FF date: 2008-08-21 12:00:00
 C:\windows\system32\COMRes.dll handle: 77050000 size: 792064 crc: 868482D5 date: 2008-08-21 12:00:00
 C:\windows\system32\OLEAUT32.dll handle: 77120000 size: 551936 crc: B6E16806 date: 2010-12-20 17:32:15
 C:\WINDOWS\system32\dmime.dll handle: 5C570000 size: 181248 crc: A021AC64 date: 2008-08-21 12:00:00
 C:\WINDOWS\system32\DSOUND.dll handle: 73F10000 size: 367616 crc: 33C2A52C date: 2008-08-21 12:00:00
 C:\WINDOWS\system32\dmusic.dll handle: 6C980000 size: 104448 crc: E9A2B682 date: 2008-08-21 12:00:00
 C:\windows\system32\KsUser.dll handle: 73EE0000 size: 4096 crc: BD8E6BD9 date: 2008-04-14 13:41:58
 C:\WINDOWS\system32\dmsynth.dll handle: 6C9A0000 size: 103424 crc: 3E2BFB05 date: 2008-08-21 12:00:00
 C:\WINDOWS\system32\dmloader.dll handle: 6CA10000 size: 35840 crc: 9271DC2B date: 2008-08-21 12:00:00
 C:\windows\system32\mswsock.dll handle: 71A50000 size: 245248 crc: 8244D3EE date: 2008-06-20 16:02:47
 C:\windows\system32\hnetcfg.dll handle: 662B0000 size: 344064 crc: 96358152 date: 2008-08-21 12:00:00
 C:\windows\System32\wshtcpip.dll handle: 71A90000 size: 19456 crc: F5533E87 date: 2008-08-21 12:00:00
 C:\windows\system32\mslbui.dll handle: 605D0000 size: 25088 crc: D9D805D6 date: 2008-08-21 12:00:00
 C:\Documents and Settings\All Users\Application Data\Real\RealPlayer\BrowserRecordPlugin\Chrome\Hook\rpchrome10browserrecordhelper.dll handle: 605C0000 size: 43520 crc: 6BCE497F date: 2011-06-06 16:23:23
 C:\windows\WinSxS\x86_Microsoft.VC90.CRT_1fc8b3b9a1e18e3b_9.0.30729.6161_x-ww_31a54e43\MSVCR90.dll handle: 78520000 size: 653136 crc: 15571C55 date: 2011-04-19 04:51:18
 C:\windows\WinSxS\x86_Microsoft.VC90.CRT_1fc8b3b9a1e18e3b_9.0.30729.6161_x-ww_31a54e43\MSVCP90.dll handle: 78480000 size: 569680 crc: B340E0B4 date: 2011-04-19 04:51:18
 C:\windows\system32\psapi.dll handle: 76BF0000 size: 23040 crc: 75BBDCAD date: 2008-08-21 12:00:00

---- gamelog start ----
Tick 0: new game started
     Revision text changed to 1.1.2, savegame version 160, not modified, _openttd_newgrf_version = 0x112858dd
     New game mode: 1 landscape: 0
---- gamelog end ----

*** End of OpenTTD Crash Report ***

Decoded stack trace:
[00] ???                  0x0048ECD2
[01] ???                  0x0048EE87
[02] ???                  0x0048118E
[03] ???                  0x0044909C
[04] ???                  0x0044B012
[05] ???                  0x0044B200

*** End of additional info ***
