*** OpenTTD Crash Report ***
Date: 2008-06-18 09:08:37
Build: 0.6.1 built on Jun  1 2008 19:02:14
Exception C0000005 at 7C92AE22
Registers:
 EAX: 00000000 EBX: 00000000 ECX: 00000000 EDX: 00B70608
 ESI: 03060000 EDI: 00B70000 EBP: 0012F928 ESP: 0012F86C
 EIP: 7C92AE22 EFLAGS: 00010217

Bytes at CS:EIP:
 8B 11 3B 50 04 0F 85 93 D1 FF FF 3B D6 0F 85 8B D1 FF FF 89 01 89 48 04

Stack trace: 
 0012F9BC 03060020 00000000 01EE0000 01EE0000 01EE0000 01E039E8 02585000
 02564000 02000000 00000000 00000000 0012FA1C 0002A82F 00000008 00000005
 00000003 00000000 00000000 00000000 03060000 0002A82F 03060000 00007FC0
 00004008 00040008 00007FE0 00000088 02569050 0012F878 01E84D18 FFFFB9B0
 0012FA40 00B70000 03060000 00B70000 00B70000 00000000 00000000 01010000
 01010000 0012F86C 0012F490 0012F958 7C90EE18 7C910570 00000001 0012F968
 004FEB77 00B70000 00000000 03060020 374E480E 0012F9BC 0254AA18 00000000
 0012F9BC 0012F93C 0012F480 0012F998 00504800 3704AAEE FFFFFFFE 0012F9A4
 004BF815 03060020 00000000 0012F9BC 004BE9BC 0012FA50 0012FA40 004B7CA2
 0012F9BC 0000000B 01E84D18 0012FA80 00515CC5 FFFFFFFF 0012FA8C 004B7665
 0012F9BC 0002AC23 0000000A 01E84D18 0254AA18 00000000 00000000 00000000
 00000000 00000000 00032000 00000000 00000000 03060054 00000000 005CD5E8
 00002710 01E84D18 00000002 00000000 00000000 00000000 00000000 00000000
 00000000 00000000 00000000 00000000 00000000 00000000 00000000 00000000
 00000000 00000000 00000000 00000000 00000002 00000000 00000000 0068F00C
 00000100 00000000 00690318 0002AE23 0000000A FFFFFFFF 000000FF 00000001
 00000001 00000008 0002A82B 0000FFFF 004B0133 0012FFB0 005160E0 FFFFFFFF
 0012FAF8 0048F757 00000003 0000000A 0012FAF7 00000000 00000003 000017CB
 006504C0 000017B7 000017B7 000017E8 006504C0 000017D4 000017D4 0012FB5C
 0043B99C 00002738 000017D4 00003769 FFFFED60 00002751 01D03D44 004387B9
 00002738 000017D4 00000003 0012FB5C 0049033C 00000003 0000000A 00000001
 01E84D18 00000000 01E7EA5C 00000238 0000156F 0002AE23 0002AC23 00000023
 00000238 0000156F 0002AE23 0002AC23 00000007 00000023 00000A00 00000003
 0000000A 00000000 00490C3C 00000001 0012FB84 00490D7C 01E84D18 00000000

Module information:
 D:\Program Files\Transport Tycoon\OpenTTD0.6.1\openttd.exe handle: 00400000 size: 1722368 crc: 1731CED0 date: 2008-06-01 23:07:00
 D:\WINDOWS\system32\ntdll.dll handle: 7C900000 size: 708096 crc: A5A50370 date: 2004-08-04 07:56:36
 D:\WINDOWS\system32\kernel32.dll handle: 7C800000 size: 984576 crc: 2CCFBF2B date: 2007-04-16 15:52:54
 D:\WINDOWS\system32\WINMM.dll handle: 76B40000 size: 176128 crc: 123646FA date: 2004-08-04 07:56:46
 D:\WINDOWS\system32\USER32.dll handle: 7E410000 size: 577536 crc: DF3237C6 date: 2007-03-08 15:36:28
 D:\WINDOWS\system32\GDI32.dll handle: 77F10000 size: 282624 crc: 18201B20 date: 2008-02-20 06:51:06
 D:\WINDOWS\system32\ADVAPI32.dll handle: 77DD0000 size: 616960 crc: 5E7A2F0A date: 2004-08-04 07:56:42
 D:\WINDOWS\system32\RPCRT4.dll handle: 77E70000 size: 584192 crc: B1CE66F6 date: 2007-07-09 13:09:42
 D:\WINDOWS\system32\Secur32.dll handle: 77FE0000 size: 55808 crc: 5A32C057 date: 2004-08-04 07:56:44
 D:\WINDOWS\system32\WS2_32.dll handle: 71AB0000 size: 82944 crc: 9738CC56 date: 2004-08-04 07:56:46
 D:\WINDOWS\system32\msvcrt.dll handle: 77C10000 size: 343040 crc: 5298C0C5 date: 2004-08-04 07:56:44
 D:\WINDOWS\system32\WS2HELP.dll handle: 71AA0000 size: 19968 crc: F5DD5AB6 date: 2004-08-04 07:56:46
 D:\WINDOWS\system32\SHFolder.dll handle: 76780000 size: 25088 crc: 2EC7582B date: 2004-08-04 07:56:46
 D:\WINDOWS\system32\SHLWAPI.dll handle: 77F60000 size: 474112 crc: 374E9CDF date: 2008-04-21 06:56:58
 D:\WINDOWS\WinSxS\x86_Microsoft.Windows.Common-Controls_6595b64144ccf1df_6.0.2600.2982_x-ww_ac3f9c03\comctl32.dll handle: 773D0000 size: 1054208 crc: 58D6578C date: 2006-08-25 15:45:56
 D:\WINDOWS\system32\comctl32.dll handle: 5D090000 size: 617472 crc: 232F6674 date: 2006-08-25 15:45:58
 D:\WINDOWS\system32\wdmaud.drv handle: 72D20000 size: 23552 crc: 982E84EE date: 2004-08-04 07:56:58
 D:\WINDOWS\system32\WINTRUST.dll handle: 76C30000 size: 176640 crc: 88D208BD date: 2004-08-04 07:56:46
 D:\WINDOWS\system32\CRYPT32.dll handle: 77A80000 size: 597504 crc: 971ECFAA date: 2004-08-04 07:56:42
 D:\WINDOWS\system32\MSASN1.dll handle: 77B20000 size: 57344 crc: D5127637 date: 2004-08-04 07:56:42
 D:\WINDOWS\system32\IMAGEHLP.dll handle: 76C90000 size: 144384 crc: 714A70BC date: 2004-08-04 07:56:42
 D:\WINDOWS\system32\msacm32.drv handle: 72D10000 size: 20480 crc: D5406BAE date: 2001-08-23 16:00:00
 D:\WINDOWS\system32\MSACM32.dll handle: 77BE0000 size: 71680 crc: 6A21891E date: 2004-08-04 07:56:42
 D:\WINDOWS\system32\ole32.dll handle: 774E0000 size: 1285120 crc: AD325A7F date: 2005-07-26 04:39:48
 D:\WINDOWS\system32\uxtheme.dll handle: 5AD70000 size: 218624 crc: 5AA98F22 date: 2004-08-04 07:56:46
 D:\DOCUME~1\JF\LOCALS~1\Temp\IadHide5.dll handle: 10000000 size: 24613 crc: B5BA0911 date: 2006-07-22 15:18:32
 D:\WINDOWS\system32\CLBCATQ.DLL handle: 76FD0000 size: 498688 crc: 9DED030F date: 2005-07-26 04:39:44
 D:\WINDOWS\system32\COMRes.dll handle: 77050000 size: 792064 crc: 5A12B4A2 date: 2004-08-04 07:56:42
 D:\WINDOWS\system32\OLEAUT32.dll handle: 77120000 size: 550912 crc: 18657280 date: 2007-12-04 17:38:14
 D:\WINDOWS\system32\VERSION.dll handle: 77C00000 size: 18944 crc: CFE439BB date: 2004-08-04 07:56:46
 D:\WINDOWS\System32\dmime.dll handle: 5C570000 size: 181248 crc: F18E50F8 date: 2004-08-04 07:56:42
 D:\WINDOWS\System32\DSOUND.dll handle: 73F10000 size: 367616 crc: F0EFB582 date: 2004-08-04 07:56:42
 D:\WINDOWS\System32\dmusic.dll handle: 6C980000 size: 104448 crc: 0C1C73CE date: 2004-08-04 07:56:42
 D:\WINDOWS\system32\KsUser.dll handle: 73EE0000 size: 4096 crc: 519CF22C date: 2004-08-04 07:56:42
 D:\WINDOWS\System32\dmsynth.dll handle: 6C9A0000 size: 103424 crc: ECEFF055 date: 2004-08-04 07:56:42
 D:\WINDOWS\System32\dmloader.dll handle: 6CA10000 size: 35840 crc: CCCBFD58 date: 2004-08-04 07:56:42
 D:\Program Files\Microsoft Hardware\Mouse\POINT32.dll handle: 61210000 size: 57344 crc: 0D8B265B date: 2002-04-11 17:47:52
 D:\WINDOWS\system32\mswsock.dll handle: 71A50000 size: 245248 crc: E2309390 date: 2004-08-04 07:56:44
 D:\WINDOWS\system32\hnetcfg.dll handle: 662B0000 size: 344064 crc: 6CF15ACF date: 2004-08-04 07:56:42
 D:\WINDOWS\System32\wshtcpip.dll handle: 71A90000 size: 19968 crc: B88CC0E5 date: 2004-08-04 07:56:46
 D:\Program Files\Microsoft Hardware\Mouse\MSH_ZWF.dll handle: 61220000 size: 69632 crc: 587A72E1 date: 2002-04-11 17:47:52
 D:\WINDOWS\System32\dmstyle.dll handle: 6C9C0000 size: 105984 crc: 41F12E87 date: 2004-08-04 07:56:42
 D:\WINDOWS\System32\dmband.dll handle: 6CBC0000 size: 28672 crc: 7CAFFAE0 date: 2004-08-04 07:56:42
 D:\WINDOWS\system32\psapi.dll handle: 76BF0000 size: 23040 crc: 97A44A88 date: 2004-08-04 07:56:44

System information:
 Windows version 5.1 2600 S
