*** OpenTTD Crash Report ***

Crash at: Sat May 12 02:34:28 2012
In game date: 1950-01-01 (0)

Crash reason:
 Exception: C0000005
 Location:  000000013FF841AE
 Message:   <none>

OpenTTD version:
 Version:    1.2.0 (0)
 NewGRF ver: 12085e36
 Bits:       64
 Endian:     little
 Dedicated:  no
 Build date: Apr 15 2012 11:59:45

Registers:
 RAX: 0000000000000200 RBX: 0000000003E164E9 RCX: 0000000000000000 RDX: 000000000A3D89F0
 RSI: 00000000C3E267CA RDI: 000000000028E800 RBP: 000000000000000D RSP: 000000000028E740
 R8:  0000000000000001 R9:  000000000A3DA2F0 R10: 0000000000000000 R11: 00000000000000FF
 R12: 000000000000FF00 R13: 000000000A3D8A24 R14: 000000000376D1B8 R15: 0000000008424E00
 RIP: 000000013FF841AE EFLAGS: 00010293

 Bytes at instruction pointer:
 44 8B 06 48 63 47 38 48 63 6F 10 4C 03 C6 4D 8D 14 81 49 63 47 10 4C 89

Stack trace:
 76E15410 00000000 00000000 00000000 00000590 00000000 00400000 00000000
 00000001 00000000 0000057C 00000000 0A3D8A24 00000000 76D53518 00000000
 C3E267CA 00000000 0A3DA2F0 00000000 03E164E9 00000000 0376D1B8 00000000
 00000261 00000000 00000000 00000000 00000000 00000000 0000043C 00000000
 0000000D 00000000 FFFFF284 00000000 0028E840 00000000 3FDE2BFF 00000001
 08424E00 00000000 0028E800 00000000 00000002 00000000 00000000 00000000
 03E157B8 00000000 03DB1F19 00000000 00000000 00000000 0000000D 00000012
 00000034 00000048 0000043C 00000261 0A020000 00000000 00000640 00000001
 002B0454 00000000 00000000 00000000 00000005 00000000 002B0454 00000000
 0028E949 00000000 3FDE20A1 00000001 00000000 00000000 0000043C 00000000
 00000261 00000000 00000000 00000001 0A020000 00000000 00000000 00000000
 00000002 00000000 00000005 00000000 08424E00 00000000 3FDE32EC 00000001
 4065B6F8 00000001 00000000 00000000 00000000 00000000 08424E00 00000000
 00000000 00000000 03710640 00000000 03710640 00000000 3FFDC96D 00000001
 00000000 00000000 00000000 00000000 03710640 00000000 00000000 00000000
 00000001 00000000 600107BB 00000000 00000018 00000006 FDEC7978 000007FE
 0028EAF8 00000000 00000000 00000000 00000000 00000000 FFFFFFFF 00000000
 00000000 00000000 CFE3A56C 00002FE4 0028EADC 00000000 00000000 00000000
 00000000 00000000 00000000 00000000 00000005 00000000 00000000 00000000
 002B0454 00000000 76789BD1 00000000 00000005 00000000 00000000 00000000
 00000001 00000000 00000000 00000000 00000001 00000000 00000000 00000028
 00000000 00000000 00000000 00000000 00000000 00000000 00000000 00000000
 00000048 00000000 00000001 00000000 00000000 00000000 00000000 00000000
 00000030 00000000 FFFFFFFF FFFFFFFF FFFFFFFF FFFFFFFF 76789B43 00000000

Operating system:
 Name:     Windows
 Release:  6.1.7601 (Service Pack 1)
 Compiler: MSVC 1600

Configuration:
 Blitter:      32bpp-anim
 Graphics set: OpenGFX (974)
 Language:     C:\Program Files\OpenTTD\lang\english.lng
 Music driver: win32
 Music set:    NoMusic (0)
 Network:      no
 Sound driver: win32
 Sound set:    OpenSFX (87)
 Video driver: win32

AI Configuration (local: 255):

Libraries:
 FreeType:   2.4.5
 ICU:        4.4.2
 LZMA:       5.0.3
 LZO:        2.05
 PNG:        1.5.4
 Zlib:       1.2.5

Module information:
 C:\Program Files\OpenTTD\openttd.exe handle: 000000013FDC0000 size: 9868288 crc: 84D24929 date: 2012-04-15 12:03:42
 C:\Windows\SYSTEM32\ntdll.dll handle: 0000000076D00000 size: 1731920 crc: 71D20A99 date: 2011-11-17 06:41:18
 C:\Windows\system32\kernel32.dll handle: 0000000076BE0000 size: 1162752 crc: 4F9F79FE date: 2011-07-16 05:37:12
 C:\Windows\system32\KERNELBASE.dll handle: 000007FEFD250000 size: 421888 crc: D7A16149 date: 2011-07-16 05:37:12
 C:\Program Files\AVAST Software\Avast\snxhk64.dll handle: 0000000074560000 size: 270856 crc: 50D69850 date: 2012-03-07 00:15:01
 C:\Windows\system32\WINMM.dll handle: 000007FEF7A50000 size: 217600 crc: 7BC1529F date: 2009-07-14 01:41:56
 C:\Windows\system32\msvcrt.dll handle: 000007FEFD840000 size: 634880 crc: 9D1B448A date: 2011-12-16 08:46:06
 C:\Windows\system32\USER32.dll handle: 0000000076770000 size: 1008128 crc: 70FF7D7F date: 2010-11-20 13:27:27
 C:\Windows\system32\GDI32.dll handle: 000007FEFDEC0000 size: 403968 crc: 3D5BC405 date: 2010-11-20 13:26:25
 C:\Windows\system32\LPK.dll handle: 000007FEFE110000 size: 41984 crc: 350AF03B date: 2009-07-14 01:41:19
 C:\Windows\system32\USP10.dll handle: 000007FEFE190000 size: 800256 crc: B511F4B9 date: 2010-11-20 13:27:27
 C:\Windows\system32\WS2_32.dll handle: 000007FEFDF30000 size: 297984 crc: 0F68689B date: 2010-11-20 13:27:29
 C:\Windows\system32\RPCRT4.dll handle: 000007FEFDD90000 size: 1219584 crc: 5217F07C date: 2010-11-20 13:27:24
 C:\Windows\system32\NSI.dll handle: 000007FEFE120000 size: 13824 crc: 53B46F6C date: 2009-07-14 01:41:53
 C:\Windows\system32\ADVAPI32.dll handle: 000007FEFE030000 size: 877056 crc: FA615A20 date: 2009-07-14 01:40:01
 C:\Windows\SYSTEM32\sechost.dll handle: 000007FEFD980000 size: 113664 crc: 978CFAE5 date: 2009-07-14 01:41:53
 C:\Windows\system32\SHELL32.dll handle: 000007FEFE260000 size: 14172672 crc: AD5D74FF date: 2012-01-04 10:44:25
 C:\Windows\system32\SHLWAPI.dll handle: 000007FEFD640000 size: 448512 crc: 086DF743 date: 2010-11-20 13:27:25
 C:\Windows\system32\IMM32.DLL handle: 000007FEFE000000 size: 167424 crc: 41B2805A date: 2009-07-14 01:41:09
 C:\Windows\system32\MSCTF.dll handle: 000007FEFD530000 size: 1067008 crc: 798DDDA0 date: 2009-07-14 01:41:28
 C:\Windows\system32\nvinitx.dll handle: 000007FEFD080000 size: 239720 crc: A4EDCE06 date: 2011-09-19 19:43:54
 C:\Program Files\NVIDIA Corporation\CoProcManager\detoured.dll handle: 000000000F000000 size: 4096 crc: 64388172 date: 2011-09-19 19:43:54
 C:\Program Files\NVIDIA Corporation\CoProcManager\nvd3d9wrapx.dll handle: 000007FEF7740000 size: 259072 crc: F9E31F8D date: 2011-09-19 19:43:54
 C:\Windows\system32\SETUPAPI.dll handle: 000007FEFD9A0000 size: 1900544 crc: A364BD6A date: 2010-11-20 13:27:25
 C:\Windows\system32\CFGMGR32.dll handle: 000007FEFD360000 size: 207872 crc: 1984C339 date: 2010-11-20 13:25:50
 C:\Windows\system32\OLEAUT32.dll handle: 000007FEFD6C0000 size: 861696 crc: 1F331414 date: 2011-08-27 05:37:49
 C:\Windows\system32\ole32.dll handle: 000007FEFDB80000 size: 2086912 crc: 72F91CD0 date: 2010-11-20 13:27:23
 C:\Windows\system32\DEVOBJ.dll handle: 000007FEFD3A0000 size: 93184 crc: A7541AE2 date: 2009-07-14 01:40:28
 C:\Program Files\NVIDIA Corporation\CoProcManager\nvdxgiwrapx.dll handle: 000007FEF76F0000 size: 248320 crc: C1972FD9 date: 2011-09-19 19:43:54
 C:\Windows\system32\SHFolder.dll handle: 000007FEFBB70000 size: 10240 crc: 08A48DE3 date: 2009-07-14 01:41:54
 C:\Windows\system32\CRYPTBASE.dll handle: 000007FEFD050000 size: 44032 crc: F547C16E date: 2009-07-14 01:40:24
 C:\Windows\system32\mswsock.dll handle: 000007FEFC920000 size: 326144 crc: 136B1525 date: 2010-11-20 13:27:10
 C:\Windows\System32\wshtcpip.dll handle: 000007FEFC2E0000 size: 13312 crc: 5D1E2C55 date: 2009-07-14 01:41:58
 C:\Windows\system32\MMDevAPI.DLL handle: 000007FEFB890000 size: 284160 crc: CDF2EF81 date: 2009-07-14 01:41:26
 C:\Windows\system32\PROPSYS.dll handle: 000007FEFB9C0000 size: 1212416 crc: B83FA3BE date: 2010-11-20 13:27:23
 C:\Windows\system32\wdmaud.drv handle: 000007FEFA760000 size: 217088 crc: 12829973 date: 2010-11-20 13:24:21
 C:\Windows\system32\ksuser.dll handle: 000000006D0A0000 size: 5120 crc: AA2071D9 date: 2009-07-14 01:41:13
 C:\Windows\system32\AVRT.dll handle: 000007FEFB880000 size: 18432 crc: 5CE53CB7 date: 2009-07-14 01:40:05
 C:\Windows\system32\AUDIOSES.DLL handle: 000007FEF5B60000 size: 296448 crc: 90389554 date: 2010-11-20 13:25:42
 C:\Windows\system32\msacm32.drv handle: 000007FEFBB60000 size: 25600 crc: 2B579A05 date: 2009-07-14 01:38:50
 C:\Windows\system32\MSACM32.dll handle: 000007FEFA740000 size: 83456 crc: 3D67538B date: 2009-07-14 01:41:27
 C:\Windows\system32\midimap.dll handle: 000007FEFBB50000 size: 20480 crc: CB902A13 date: 2009-07-14 01:41:23
 C:\Windows\system32\CLBCatQ.DLL handle: 000007FEFD8E0000 size: 607744 crc: 939E35C9 date: 2009-07-14 01:40:15
 C:\Windows\System32\wship6.dll handle: 000007FEFCB20000 size: 13824 crc: E3FBF123 date: 2009-07-14 01:41:58
 C:\Program Files\Bonjour\mdnsNSP.dll handle: 0000000072960000 size: 132968 crc: C16E0B30 date: 2011-08-30 12:05:32
 C:\Windows\system32\Iphlpapi.DLL handle: 000007FEFA1C0000 size: 145920 crc: 000D9F17 date: 2010-11-20 13:26:39
 C:\Windows\system32\WINNSI.DLL handle: 000007FEFA1B0000 size: 26112 crc: 744B2434 date: 2009-07-14 01:41:56
 C:\Program Files\Common Files\Microsoft Shared\Windows Live\WLIDNSP.DLL handle: 000007FEF8550000 size: 171392 crc: BE3AE755 date: 2011-03-28 10:11:06
 C:\Windows\system32\PSAPI.DLL handle: 0000000076ED0000 size: 9216 crc: 84B5E9BA date: 2009-07-14 01:41:53
 C:\Windows\system32\DNSAPI.dll handle: 000007FEFC7B0000 size: 357888 crc: 194CAF1C date: 2011-03-03 06:24:15
 C:\Windows\system32\rasadhlp.dll handle: 000007FEF8540000 size: 16384 crc: C5FD1616 date: 2009-07-14 01:41:53
 C:\Windows\System32\fwpuclnt.dll handle: 000007FEFA050000 size: 324096 crc: 37B502C2 date: 2009-07-14 01:40:55

---- gamelog start ----
Tick 0: new game started
     Revision text changed to 1.2.0, savegame version 174, not modified, _openttd_newgrf_version = 0x12085e36
     New game mode: 1 landscape: 0
     Added NewGRF: GRF ID 4D656F91, checksum 937BA8D623EC2298B8B703EB183B2587, filename: ecs_town_vector-1.1.219jun2011\ecstown.grf (md5sum matches)
     Added NewGRF: GRF ID 4D656F9F, checksum C3C038168C5E7273BD17D833C353E35B, filename: ecs_basic_vector_ii-1.1.219jun2011\ecsbas2.grf (md5sum matches)
     Added NewGRF: GRF ID 4A530117, checksum F91008A3147057953E99C75BF8C15442, filename: ecs__firs_vehicle_set-2011.06.21\efrefit.grf (md5sum matches)
     Added NewGRF: GRF ID 4D656F97, checksum EDD51D4944C05B7C07872D68B0373069, filename: ecs_agricultural_vector-1.1.219jun2011\ecsagri.grf (md5sum matches)
     Added NewGRF: GRF ID 4D656F9C, checksum 1F6B20372197A5E937F1AE434ED0C2FA, filename: ecs_chemical_vector_ii-1.1.219jun2011\ecschem2.grf (md5sum matches)
     Added NewGRF: GRF ID 4D656F96, checksum 682C2B4B460032782186BF03AE2C156C, filename: ecs_construction_vector-b527dec2010\ecsconstw.grf (md5sum matches)
     Added NewGRF: GRF ID 4D656F9D, checksum A4D9273D4C56BD2432E8994B95652D65, filename: ecs_houses-1.1.219jun2011\ecshouse.grf (md5sum matches)
     Added NewGRF: GRF ID 4D656F95, checksum CD1F5F59485681A857648BE5322EDCE8, filename: ecs_wood_vector-1.1.219jun2011\ecswood.grf (md5sum matches)
     Added NewGRF: GRF ID 4D656F94, checksum A6BC43D8CF1F931FAB6955CEC6DE7F19, filename: ecs_machinery_vector-1.1.219jun2011\ecsmach.grf (md5sum matches)
     Added NewGRF: GRF ID 425F0101, checksum 5E6DC9FD3D9364AC6ABE21E6B4D8CE3E, filename: very_large_ships.0.1\vl_shipw.grf (md5sum matches)
     Added NewGRF: GRF ID 27711003, checksum 1DD625FFF9805756C848E19BDDA162C3, filename: 2cc_trainset-2.0.0beta4.1\2cctrainset.grf (md5sum matches)
     Added NewGRF: GRF ID 47460000, checksum A4F4DABC184F3C73F0EB54342CCFF087, filename: 832bpp_trains_2cc-2\trains.grf (md5sum matches)
     Added NewGRF: GRF ID 44419001, checksum 74AE46A431EBCF7AD857A8172E1CFF44, filename: aussie_town_names-0.1\downunder.grf (md5sum matches)
     Added NewGRF: GRF ID 535A0901, checksum BECE0FB994E34EBDF6DB76EC3B566914, filename: purno_s_new_railway_fence.1\fencew.grf (md5sum matches)
     Added NewGRF: GRF ID 44441000, checksum 1EA0E056EE9F4A3DC4AA9FFB7F1DF1AB, filename: ukrs2__the_uk_railway_set-1.01\proj1000.grf (md5sum matches)
     Added NewGRF: GRF ID 44441001, checksum AF6916E347B9F130997C6D95D2E7CC8D, filename: ukrs2_uk_railway_addon_set-centaur\pj1kadd.grf (md5sum matches)
---- gamelog end ----

*** End of OpenTTD Crash Report ***

Decoded stack trace:
[00] openttd              0x000000013FF841AE
[01] openttd              0x000000013FDE2BFF
[02] openttd              0x000000013FDE20A1
[03] openttd              0x000000013FDE32EC
[04] openttd              0x000000013FFDC96D
[05] USER32               0x0000000076789BD1 TranslateMessageEx + 673
[06] USER32               0x0000000076786AA8 SetTimer + 376
[07] USER32               0x00000000767826F8 GetSystemMenu + 312
[08] USER32               0x000000007678760E SetWindowTextW + 1466
[09] USER32               0x00000000767875A4 SetWindowTextW + 1360
[10] openttd              0x000000013FFDCEBF
[11] USER32               0x0000000076789BD1 TranslateMessageEx + 673
[12] USER32               0x00000000767872CB SetWindowTextW + 631
[13] USER32               0x0000000076782651 GetSystemMenu + 145
[14] ntdll                0x0000000076D51225 KiUserCallbackDispatcher + 31
[15] USER32               0x000000007678193A ShowWindow + 10
[16] openttd              0x000000013FFDC3F9
[17] openttd              0x000000013FFDD7C4
[18] openttd              0x000000013FDE4002
[19] openttd              0x000000013FDE0531
[20] openttd              0x000000013FE0117E
[21] openttd              0x000000013FE01E96
[22] openttd              0x000000013FFDD6ED
[23] openttd              0x000000013FE00A3D
[24] openttd              0x000000013FFDFB9A
[25] openttd              0x00000001400DAC6C
[26] kernel32             0x0000000076BF652D BaseThreadInitThunk + 13
[27] ntdll                0x0000000076D2C521 RtlUserThreadStart + 33

*** End of additional info ***
