*** OpenTTD Crash Report ***

Crash at: Mon Apr 26 15:17:52 2010
In game date: 2053-01-03 (48)

Crash reason:
 Exception: E1212012
 Location:  7C812AFB
 Message:   Assertion failed at line 43 of c:\openttd\compile\src\tunnelbridge_map.h: IsTileType(t, MP_TUNNELBRIDGE)

OpenTTD version:
 Version:    r19725 (0)
 NewGRF ver: 11004d0d
 Bits:       32
 Endian:     little
 Dedicated:  no
 Build date: Apr 25 2010 18:16:21

Registers:
 EAX: 0012F168 EBX: 00000016 ECX: 00000000 EDX: 00784788
 ESI: 00000000 EDI: 00000000 EBP: 0012F1B8 ESP: 0012F164
 EIP: 7C812AFB EFLAGS: 00000246

 Bytes at instruction pointer:
 5E C9 C2 10 00 85 FF 0F 8E 36 93 FF FF 8B 55 FC 89 55 0C 0F B7 16 8B 7D

Stack trace:
 007846A8 E1212012 00000000 00000000 7C812AFB 00000000 00000000 00000000
 00000000 00000000 00000000 0012F3D8 006299D9 7C90D80A 7C91342E FFFFFFFF
 00000024 0012F1B4 00000004 00000000 B69766FA 0012F218 0055703D E1212012
 00000000 00000000 00000000 00626026 00000016 2DADA4A5 0012F560 00000200
 00000001 7C91342E FFFFFFFF 00000000 0012F200 0055702D 00000001 0012F1D8
 0012ED80 0012FBD0 0062AD10 2DCB8A3D FFFFFFFE 0012F550 006253AC 00000016
 00000200 00626A09 0012F278 0076F968 00CF2CA0 00637EAD 00000000 FFFFFFE2
 0012F4D4 0062DE27 00000000 0012F560 0012F560 0062DEB3 0012F280 0043621E
 00000000 00000007 00419369 0012FA98 00000000 0076F968 00CF2CA0 00CF1E90
 0012F201 0012F4F8 00000000 00000000 00000000 006D95BD 00000000 00000000
 00000000 B48AEE20 00000068 0012F778 0000001E 0070F6F4 FFFFFFFF 0012F2F8
 00000000 E06D7363 00000001 00000003 0012F2EC E06D7363 00000001 00000000
 00000000 00000003 19930520 00000000 0012F354 004FF3C6 00000002 0012FB1C
 00000002 0012FB1C 00637675 00000002 0012F324 00000010 0012F4AC 00000000
 7E42934B 00000010 0012F4AC 00000000 0012FB10 0012F328 004FF3B1 0012FBD0
 7E44048F 7E429350 00009FC1 0012F4A0 7E43A2BC 0012F4AC 0012F560 00000200
 7E43A2D6 00000001 2DADA505 00757068 0012FB10 008B0850 0012F930 00000000
 00000000 00000000 00000000 7E4120EC 00000000 00000001 004FF3C6 0012F36C
 00757068 0012F4CC 0062AD10 2DCBB4FD FFFFFFFE 00636DEB 006370DC 0012F5A0
 0012FB10 00000000 0075707C 00757020 0012FB1C 0012F3E8 006370EA 004FF3C6
 0012FB10 0012F444 00637433 0012F5A0 0012F5C0 0012F574 0075707C 0074E520
 00000000 00000000 E06D7363 1FFFFFFF 19930522 02EFD490 0012F454 0062AD10
 0012F910 0012F4D0 00639FDB 0012F6EB 0012F6EF 0012F45C 0012F6EF 0012F4D4
 00639FDB FFFFFFFD 0076F968 00CF2CA0 2DADA2E5 0012F468 00631598 00000032

Operating system:
 Name:     Windows
 Release:  5.1.2600 (Service Pack 3)
 Compiler: MSVC 1500

Configuration:
 Blitter:      8bpp-optimized
 Graphics set: original_windows
 Language:     english.lng
 Music driver: dmusic
 Music set:    original_windows
 Network:      no
 Sound driver: win32
 Sound set:    original_windows
 Video driver: win32

AI Configuration (local: 0):
  0: Human
  1: AIAI (v11)
  2: CluelessPlus (v18)
  3: NoCAB (v459)

Libraries:
 FreeType:   2.3.12
 ICU:        4.2.1
 LZO:        2.03
 PNG:        1.2.43
 Zlib:       1.2.3

Module information:
 D:\Games\tt\openttd.exe handle: 00400000 size: 3720704 crc: A8F0DCC4 date: 2010-04-25 16:19:54
 C:\WINDOWS\system32\ntdll.dll handle: 7C900000 size: 715264 crc: E65034BB date: 2009-02-09 10:56:35
 C:\WINDOWS\system32\kernel32.dll handle: 7C800000 size: 991744 crc: 4A093D1D date: 2009-12-18 21:03:06
 C:\WINDOWS\system32\WINMM.dll handle: 76B40000 size: 176128 crc: 9676D976 date: 2008-04-14 12:00:00
 C:\WINDOWS\system32\ADVAPI32.dll handle: 77DD0000 size: 617472 crc: 8C2D91BB date: 2009-12-18 21:02:25
 C:\WINDOWS\system32\RPCRT4.dll handle: 77E70000 size: 585216 crc: D7AB86F9 date: 2009-12-18 21:04:00
 C:\WINDOWS\system32\Secur32.dll handle: 77FE0000 size: 56832 crc: 0B6CDBB1 date: 2009-12-18 21:03:39
 C:\WINDOWS\system32\GDI32.dll handle: 77F10000 size: 286720 crc: 24C09AC6 date: 2009-12-18 21:02:40
 C:\WINDOWS\system32\USER32.dll handle: 7E410000 size: 578048 crc: 79BA09E9 date: 2009-12-18 21:39:05
 C:\WINDOWS\system32\WS2_32.dll handle: 71AB0000 size: 82432 crc: 7C519ECA date: 2008-04-14 12:00:00
 C:\WINDOWS\system32\msvcrt.dll handle: 77C10000 size: 343040 crc: 0B7B1677 date: 2008-04-14 12:00:00
 C:\WINDOWS\system32\WS2HELP.dll handle: 71AA0000 size: 19968 crc: 3F24E096 date: 2008-04-14 12:00:00
 C:\WINDOWS\system32\SHELL32.dll handle: 7C9C0000 size: 26096640 crc: 825C670B date: 2009-12-18 21:39:02
 C:\WINDOWS\system32\SHLWAPI.dll handle: 77F60000 size: 474112 crc: 3230A338 date: 2008-04-14 12:00:00
 C:\WINDOWS\system32\IMM32.DLL handle: 76390000 size: 110080 crc: C1486DA0 date: 2008-04-14 12:00:00
 C:\WINDOWS\WinSxS\x86_Microsoft.Windows.Common-Controls_6595b64144ccf1df_6.0.2600.5512_x-ww_35d4ce83\comctl32.dll handle: 773D0000 size: 1054208 crc: 06939D35 date: 2008-04-14 12:00:00
 C:\WINDOWS\system32\comctl32.dll handle: 5D090000 size: 692736 crc: 9171B8EE date: 2009-12-18 21:38:42
 C:\WINDOWS\system32\SHFolder.dll handle: 76780000 size: 25088 crc: 8009EA65 date: 2008-04-14 12:00:00
 C:\WINDOWS\system32\WINTRUST.dll handle: 76C30000 size: 176640 crc: 98E1211C date: 2008-04-14 12:00:00
 C:\WINDOWS\system32\CRYPT32.dll handle: 77A80000 size: 599040 crc: F04E4319 date: 2008-04-14 12:00:00
 C:\WINDOWS\system32\MSASN1.dll handle: 77B20000 size: 58880 crc: AA214C7F date: 2009-12-18 21:04:45
 C:\WINDOWS\system32\IMAGEHLP.dll handle: 76C90000 size: 144384 crc: F7A06429 date: 2008-04-14 12:00:00
 C:\WINDOWS\system32\wdmaud.drv handle: 72D20000 size: 23552 crc: EEB914CA date: 2008-04-14 04:42:46
 C:\WINDOWS\system32\msacm32.drv handle: 72D10000 size: 20480 crc: D5406BAE date: 2008-04-14 12:00:00
 C:\WINDOWS\system32\MSACM32.dll handle: 77BE0000 size: 71680 crc: EDE4B266 date: 2008-04-14 12:00:00
 C:\WINDOWS\system32\midimap.dll handle: 77BD0000 size: 18944 crc: 2E6D5FD1 date: 2008-04-14 12:00:00
 C:\WINDOWS\system32\MSCTF.dll handle: 74720000 size: 297984 crc: 392BE0B0 date: 2008-04-14 12:00:00
 C:\WINDOWS\system32\msctfime.ime handle: 755C0000 size: 177152 crc: E1AAA0A2 date: 2009-12-18 21:03:20
 C:\WINDOWS\system32\ole32.dll handle: 774E0000 size: 1287168 crc: 3908D33A date: 2008-04-14 12:00:00
 C:\WINDOWS\system32\CLBCATQ.DLL handle: 76FD0000 size: 498688 crc: F43789FF date: 2008-04-14 12:00:00
 C:\WINDOWS\system32\COMRes.dll handle: 77050000 size: 1015296 crc: 839CEB82 date: 2009-12-18 21:38:42
 C:\WINDOWS\system32\OLEAUT32.dll handle: 01280000 size: 551936 crc: 1EE83658 date: 2008-04-14 12:00:00
 C:\WINDOWS\system32\VERSION.dll handle: 77C00000 size: 18944 crc: 558B1DAF date: 2008-04-14 12:00:00
 C:\WINDOWS\system32\dmime.dll handle: 5C570000 size: 181248 crc: A021AC64 date: 2008-04-14 12:00:00
 C:\WINDOWS\system32\DSOUND.dll handle: 73F10000 size: 367616 crc: 33C2A52C date: 2008-04-14 12:00:00
 C:\WINDOWS\system32\dmusic.dll handle: 6C980000 size: 104448 crc: E9A2B682 date: 2008-04-14 12:00:00
 C:\WINDOWS\system32\KsUser.dll handle: 73EE0000 size: 4096 crc: BD8E6BD9 date: 2008-04-14 04:41:58
 C:\WINDOWS\system32\dmsynth.dll handle: 6C9A0000 size: 103424 crc: 3E2BFB05 date: 2008-04-14 12:00:00
 C:\WINDOWS\system32\dmloader.dll handle: 6CA10000 size: 35840 crc: 9271DC2B date: 2008-04-14 12:00:00
 C:\WINDOWS\system32\mswsock.dll handle: 71A50000 size: 245248 crc: 1EBE3CC4 date: 2009-12-18 21:01:52
 C:\WINDOWS\system32\hnetcfg.dll handle: 662B0000 size: 344064 crc: 96358152 date: 2008-04-14 12:00:00
 C:\WINDOWS\System32\wshtcpip.dll handle: 71A90000 size: 19456 crc: F5533E87 date: 2008-04-14 12:00:00
 C:\WINDOWS\system32\psapi.dll handle: 76BF0000 size: 23040 crc: 75BBDCAD date: 2008-04-14 12:00:00

---- gamelog start ----
Tick 0: new game started
     Revision text changed to r19725, savegame version 140, not modified, _openttd_newgrf_version = 0x11004d0d
     New game mode: 2 landscape: 0
Tick 0: game loaded
     New game mode: 1 landscape: 0
---- gamelog end ----

*** End of OpenTTD Crash Report ***
