*** OpenTTD Crash Report ***

Crash at: Fri Jan 29 16:33:11 2010
In game date: 1966-07-16 (9)

Crash reason:
 Exception: E1212012
 Location:  000007FEFDD5AA7D
 Message:   Assertion failed at line 659 of ..\src\command.cpp: res.GetCost() == res2.GetCost() && res.Failed() == res2.Failed()

OpenTTD version:
 Version:    1.0.0-beta3 (0)
 NewGRF ver: 100849b7
 Bits:       64
 Endian:     little
 Dedicated:  no
 Build date: Jan 21 2010 00:02:47

Registers:
 RAX: 0000000077E7BDA0 RBX: 0000000000000016 RCX: 00000000002CE110 RDX: 0000000000000000
 RSI: 0000000000000000 RDI: 0000000000000008 RBP: 00000000000001C5 RSP: 00000000002CE720
 R8:  0000000000000000 R9:  0000000000000000 R10: 0000000000000000 R11: 0000000000000286
 R12: 000000013F6A9600 R13: 000000013F3E59E8 R14: 0000000000000001 R15: 00000000779BF59B
 RIP: 000007FEFDD5AA7D EFLAGS: 00000206

 Bytes at instruction pointer:
 48 81 C4 C8 00 00 00 C3 90 90 90 90 90 90 90 90 90 90 90 48 83 EC 48 83

Stack trace:
 00000016 00000000 00000000 00000000 00000008 00000000 101079F0 00000000
 E1212012 00000000 00000000 00000000 FDD5AA7D 000007FE 00000000 00000000
 00000048 00000000 00000001 FFFFFFFF 00000000 00000000 000002AC 00000000
 00000000 00000000 FFFFFFFF FFFFFFFF 00000000 00000000 779B85A0 00000000
 00400230 00000000 77AF021A 00000000 004003F8 00000000 00400268 00000000
 00000082 00000000 779F2508 00000000 00000000 00000000 77AD39E8 00000000
 00000001 00000000 3F4E3ED5 00000001 00000016 00000000 8D297E59 00000000
 06545180 00000000 00400230 00000000 005407AA 00000000 77AE7DBA 00000000
 00000000 00000000 779BF59B 00000000 0000054F 00000000 00000001 00000000
 0000FF01 00000000 00006D9F 00000000 00000000 00000000 3F4E31CE 00000001
 00000001 00000000 002CF180 00000000 00000000 00000000 00000002 00000000
 00000000 00000000 77AFFDF5 00000000 00000000 00000000 00000050 00000011
 779BF5BA 00000000 04000004 00000000 002CE8E8 00000000 00000030 00000003
 779BF5BA 00000000 04000004 00000000 00000047 00000000 002CE918 00000000
 005907B6 00000000 00914F70 00000000 0000001B 00000000 00000000 00000000
 00000000 00000000 10D01000 00000000 77B394CC 00000000 779D764C 00000000
 000F07B0 00000000 00914F70 00000000 00000001 00000000 00000001 00000000
 00000001 00000000 8F0A162E FFFFFFFF 00000000 00000000 00000000 00000000
 00000001 00000000 00000010 00000000 004F3D50 00000000 00400000 00000000
 004F3D40 00000000 77B02075 00000000 00400000 00000000 004F3D01 00000000
 00000000 00000000 004F3D50 00000000 000F07B0 00000000 77A232C4 00000000
 00000001 00000000 000F07B0 00000000 77A232C4 00000000 002CED20 00000000
 00000000 00000000 3F72127A 00000001 00010005 00000000 00000001 00000000
 00000001 00000000 77A22825 00000000 004F3D50 00000000 004F3D50 00000000

Operating system:
 Name:     Windows
 Release:  6.1.7600 ()
 Compiler: MSVC 1500

Configuration:
 Blitter:      8bpp-optimized
 Graphics set: OpenGFX
 Language:     german.lng
 Music driver: win32
 Music set:    NoMusic
 Network:      no
 Sound driver: win32
 Sound set:    OpenSFX
 Video driver: win32

AI Configuration (local: 0):
  0: Human
  1: AdmiralAI (v22)
  2: ChooChoo (v306)
  3: CluelessPlus (v15)
  4: Convoy (v11)
  5: Denver & Rio Grande (v1)
  6: FanAI (v90318)
  7: NoCAB (v336)
  8: OtviAI (v283)
  9: PathZilla (v6)
 10: PAXLink (v13)
 11: TownCars (v4)
 12: trAIns (v1)
 13: Trans (v90829)
 14: WrightAI (v3)

Libraries:
 FreeType:   2.3.11
 ICU:        4.2.1
 LZO:        2.03
 PNG:        1.2.40
 Zlib:       1.2.3

Module information:
 C:\Program Files (x86)\OpenTTD\openttd.exe handle: 000000013F200000 size: 5123584 crc: 3EBD0475 date: 2010-01-20 23:07:26
 C:\Windows\SYSTEM32\ntdll.dll handle: 0000000077AB0000 size: 1736792 crc: 5523175A date: 2009-07-14 01:43:10
 C:\Windows\system32\kernel32.dll handle: 0000000077890000 size: 1162240 crc: 822946F0 date: 2009-07-14 01:41:13
 C:\Windows\system32\KERNELBASE.dll handle: 000007FEFDD50000 size: 421376 crc: 68F689E4 date: 2009-07-14 01:41:13
 C:\Windows\system32\WINMM.dll handle: 000007FEF8D10000 size: 217600 crc: 7BC1529F date: 2009-07-14 01:41:56
 C:\Windows\system32\msvcrt.dll handle: 000007FEFE4F0000 size: 634880 crc: 7F3E716F date: 2009-07-14 01:41:32
 C:\Windows\system32\USER32.dll handle: 00000000779B0000 size: 1008640 crc: 95FA0345 date: 2009-07-14 01:41:56
 C:\Windows\system32\GDI32.dll handle: 000007FEFE060000 size: 404480 crc: 0F1BAE69 date: 2009-07-14 01:40:56
 C:\Windows\system32\LPK.dll handle: 000007FEFE200000 size: 41984 crc: 350AF03B date: 2009-07-14 01:41:19
 C:\Windows\system32\USP10.dll handle: 000007FEFE340000 size: 801280 crc: 32EFA120 date: 2009-07-14 01:41:56
 C:\Windows\system32\WS2_32.dll handle: 000007FEFFD70000 size: 296448 crc: B9553AFD date: 2009-07-14 01:41:58
 C:\Windows\system32\RPCRT4.dll handle: 000007FEFE0D0000 size: 1221632 crc: D5B6358C date: 2009-07-14 01:41:53
 C:\Windows\system32\NSI.dll handle: 000007FEFDFD0000 size: 13824 crc: 53B46F6C date: 2009-07-14 01:41:53
 C:\Windows\system32\ADVAPI32.dll handle: 000007FEFDE00000 size: 877056 crc: FA615A20 date: 2009-07-14 01:40:01
 C:\Windows\SYSTEM32\sechost.dll handle: 000007FEFE210000 size: 113664 crc: 978CFAE5 date: 2009-07-14 01:41:53
 C:\Windows\system32\SHELL32.dll handle: 000007FEFE610000 size: 14161920 crc: EAA55AE5 date: 2009-07-14 01:41:54
 C:\Windows\system32\SHLWAPI.dll handle: 000007FEFE590000 size: 449536 crc: 0BFDF102 date: 2009-07-14 01:41:54
 C:\Windows\system32\IMM32.DLL handle: 000007FEFFB60000 size: 167424 crc: 41B2805A date: 2009-07-14 01:41:09
 C:\Windows\system32\MSCTF.dll handle: 000007FEFE230000 size: 1067008 crc: 798DDDA0 date: 2009-07-14 01:41:28
 C:\Windows\system32\SHFolder.dll handle: 000007FEF9970000 size: 10240 crc: 08A48DE3 date: 2009-07-14 01:41:54
 C:\Windows\system32\ole32.dll handle: 000007FEFF3A0000 size: 2084352 crc: 40D2CC46 date: 2009-07-14 01:41:53
 C:\Windows\system32\MMDevAPI.DLL handle: 000007FEFD500000 size: 284160 crc: CDF2EF81 date: 2009-07-14 01:41:26
 C:\Windows\system32\PROPSYS.dll handle: 000007FEFC090000 size: 1212416 crc: 98D01BC9 date: 2009-07-14 01:41:53
 C:\Windows\system32\OLEAUT32.dll handle: 000007FEFE410000 size: 861184 crc: C4351602 date: 2009-07-14 01:41:53
 C:\Windows\system32\wdmaud.drv handle: 000007FEFBA30000 size: 217088 crc: AB6BC545 date: 2009-07-14 01:38:50
 C:\Windows\system32\ksuser.dll handle: 0000000074DA0000 size: 5120 crc: AA2071D9 date: 2009-07-14 01:41:13
 C:\Windows\system32\AVRT.dll handle: 000007FEFD5C0000 size: 18432 crc: 5CE53CB7 date: 2009-07-14 01:40:05
 C:\Windows\system32\SETUPAPI.dll handle: 000007FEFFB90000 size: 1899520 crc: 91ED5D15 date: 2009-07-14 01:41:54
 C:\Windows\system32\CFGMGR32.dll handle: 000007FEFDB00000 size: 207360 crc: 369326FC date: 2009-07-14 01:40:15
 C:\Windows\system32\DEVOBJ.dll handle: 000007FEFDDC0000 size: 93184 crc: A7541AE2 date: 2009-07-14 01:40:28
 C:\Windows\system32\AUDIOSES.DLL handle: 000007FEF9ED0000 size: 296448 crc: 07CA71DE date: 2009-07-14 01:40:04
 C:\Windows\system32\msacm32.drv handle: 000007FEF9960000 size: 25600 crc: 2B579A05 date: 2009-07-14 01:38:50
 C:\Windows\system32\MSACM32.dll handle: 000007FEF9940000 size: 83456 crc: 3D67538B date: 2009-07-14 01:41:27
 C:\Windows\system32\midimap.dll handle: 000007FEF9930000 size: 20480 crc: CB902A13 date: 2009-07-14 01:41:23
 C:\Windows\system32\CRYPTBASE.dll handle: 000007FEFD940000 size: 44032 crc: F547C16E date: 2009-07-14 01:40:24
 C:\Windows\system32\CLBCatQ.DLL handle: 000007FEFDF30000 size: 607744 crc: 939E35C9 date: 2009-07-14 01:40:15
 C:\Windows\system32\uxtheme.dll handle: 000007FEFBF50000 size: 332288 crc: B0A13DF9 date: 2009-07-14 01:41:56
 C:\Program Files\Logitech\SetPoint\GameHook.dll handle: 0000000010D00000 size: 55824 crc: 43E7ED48 date: 2009-07-20 10:33:42
 C:\Program Files\Logitech\SetPoint\lgscroll.dll handle: 0000000010100000 size: 56848 crc: EE6FDA68 date: 2009-07-20 10:37:10
 C:\Windows\WinSxS\amd64_microsoft.vc80.crt_1fc8b3b9a1e18e3b_8.0.50727.4927_none_88dce9872fb18caf\MSVCR80.dll handle: 0000000074730000 size: 802624 crc: AD5B9774 date: 2009-06-10 20:40:01
 C:\Windows\system32\ntmarta.dll handle: 000007FEFB950000 size: 162304 crc: 5344798C date: 2009-07-14 01:41:53
 C:\Windows\system32\WLDAP32.dll handle: 000007FEFDEE0000 size: 311808 crc: 7A3D9683 date: 2009-07-14 01:41:56
 C:\Windows\system32\dwmapi.dll handle: 000007FEFBFE0000 size: 82432 crc: A459F360 date: 2009-07-14 01:40:34
 C:\Windows\system32\mswsock.dll handle: 000007FEFCF80000 size: 320000 crc: EA387916 date: 2009-07-14 01:41:34
 C:\Windows\System32\wshtcpip.dll handle: 000007FEFD6D0000 size: 13312 crc: 5D1E2C55 date: 2009-07-14 01:41:58
 C:\Program Files\UltraMon\RTSUltraMonHook.dll handle: 0000000074E10000 size: 297984 crc: 100FD435 date: 2009-07-23 01:25:04
 C:\Windows\system32\msi.dll handle: 000007FEF9B20000 size: 3211776 crc: 441A70E9 date: 2009-07-14 01:41:29
 C:\Program Files\UltraMon\UltraMonResButtons.dll handle: 0000000073AE0000 size: 325120 crc: 2C0BBD66 date: 2009-07-23 01:21:00
 C:\Windows\WinSxS\amd64_microsoft.windows.gdiplus_6595b64144ccf1df_1.1.7600.16385_none_2b4f45e87195fcc4\gdiplus.dll handle: 000007FEFBD30000 size: 2165248 crc: DE8AF9B4 date: 2009-07-14 01:24:55
 C:\Windows\system32\WindowsCodecs.dll handle: 000007FEFBAC0000 size: 1189888 crc: 7E5F8B5D date: 2009-07-14 01:41:56
 C:\Windows\System32\wship6.dll handle: 000007FEFCF70000 size: 13824 crc: E3FBF123 date: 2009-07-14 01:41:58
 C:\Windows\system32\DNSAPI.dll handle: 000007FEFCE00000 size: 356352 crc: D15B6D28 date: 2009-07-14 01:40:31
 C:\Windows\system32\IPHLPAPI.DLL handle: 000007FEFB460000 size: 145920 crc: FFC0BAF8 date: 2009-07-14 01:41:10
 C:\Windows\system32\WINNSI.DLL handle: 000007FEFB440000 size: 26112 crc: 744B2434 date: 2009-07-14 01:41:56
 C:\Windows\system32\rasadhlp.dll handle: 000007FEF8D90000 size: 16384 crc: C5FD1616 date: 2009-07-14 01:41:53
 C:\Windows\System32\fwpuclnt.dll handle: 000007FEFB2F0000 size: 324096 crc: 37B502C2 date: 2009-07-14 01:40:55
 C:\Windows\system32\psapi.dll handle: 0000000077C70000 size: 9216 crc: 84B5E9BA date: 2009-07-14 01:41:53

---- gamelog start ----
Tick 0: new game started
     Revision text changed to 1.0.0-beta3, savegame version 136, not modified, _openttd_newgrf_version = 0x100849b7
     New game mode: 1 landscape: 0
     Added NewGRF: GRF ID 56430001, checksum 0C77FA76FCD2327A499C5A3A2E5414B8, filename: ttrs3w.GRF
     Added NewGRF: GRF ID 6D620601, checksum 44EB2F155862E4D4F0AB671D7021AF54, filename: newstatsw.grf
     Added NewGRF: GRF ID 6D620401, checksum C5ACB6D5536A464FD78871D91840A35F, filename: dbsetxlw.grf
     Added NewGRF: GRF ID 6D620004, checksum 70649F1AFC954942173B0AA89C1E8B14, filename: newshipsw.grf
---- gamelog end ----

*** End of OpenTTD Crash Report ***
