*** OpenTTD Crash Report ***

Crash at: Wed Dec 29 18:38:44 2010
In game date: 1977-02-19 (49)

Crash reason:
 Exception: E1212012
 Location:  000007FEFDD1AA7D
 Message:   Assertion failed at line 1024 of ..\src\viewport.cpp: type < HT_DIR_END

OpenTTD version:
 Version:    r21615 (0)
 NewGRF ver: 1100546f
 Bits:       64
 Endian:     little
 Dedicated:  no
 Build date: Dec 23 2010 23:27:50

Registers:
 RAX: 0000000076CF3935 RBX: 0000000000000016 RCX: 00000000001DDAD0 RDX: 0000000000000000
 RSI: 0000000000000000 RDI: 0000000000000008 RBP: 0000000000000005 RSP: 00000000001DE0E0
 R8:  0000000000000000 R9:  0000000000000000 R10: 0000000000000000 R11: 0000000000000286
 R12: 00000001400DF3F0 R13: 000000013F9CB594 R14: 0000000000000001 R15: 0000000077A0F59B
 RIP: 000007FEFDD1AA7D EFLAGS: 00000206

 Bytes at instruction pointer:
 48 81 C4 C8 00 00 00 C3 90 90 90 90 90 90 90 90 90 90 90 48 83 EC 48 83

Stack trace:
 00000016 00000000 00000000 00000000 00000008 00000000 001DE118 00000000
 E1212012 00000000 00000000 00000000 FDD1AA7D 000007FE 00000000 00000000
 00000048 00000000 00000001 00000000 00000000 00000000 00000000 00000000
 00000070 00000000 FFFFFFFF FFFFFFFF FFFFFFFF FFFFFFFF 77A1C333 00000000
 00270230 00000000 77C5FF9A 00000000 00270398 00000000 002746B8 00000000
 00000000 00000000 77A1A01B 00000000 00000000 00000000 77C43908 00000000
 00000001 00000000 3FAC4D11 00000001 00000016 00000000 7E637A91 00000000
 06301E40 00000000 00270230 00000000 00000000 00000000 77C57B3A 00000000
 008921B0 00000000 77A0F59B 00000000 00005E00 00000000 000013F0 00000000
 00000010 00000000 00000002 00000000 001DEA90 00000000 3FAC3F96 00000001
 00000001 00000000 00000000 00000000 00001300 00000000 00000002 00000000
 00000000 00000000 77C6FC65 00000000 00000000 00000000 00000000 00000000
 77CA8B3C 00000000 02000002 00000000 001DE2A8 00000000 00000030 00000003
 77A0F5BA 00000000 1E00001E 00000000 0085D558 00000000 001DE2D8 00000000
 00000000 00000000 008921B0 00000000 0000002A 00000000 00000000 00000000
 00000000 00000000 77C43908 00000000 77C65BC0 00000000 77A2764C 00000000
 00070C0A 00000000 008921B0 00000000 00000001 00000000 00000001 00000000
 00000001 00000000 630A15B1 00000000 00000000 00000000 00000000 00000000
 00000008 00000000 00000010 00000000 0632DD30 00000000 00270000 00000000
 0632DD20 00000000 77C71F05 00000000 00270000 00000000 0632DD01 00000000
 00000000 00000000 0632DD30 00000000 00070C0A 00000000 77A732C4 00000000
 00000001 00000000 00070C0A 00000000 77A732C4 00000000 001DE6E0 00000000
 00000000 00000000 40168440 00000001 00010005 00000000 00000001 00000000
 00000001 00000000 77A72825 00000000 0632DD30 00000000 0632DD30 00000000

Operating system:
 Name:     Windows
 Release:  6.1.7600 ()
 Compiler: MSVC 1500

Configuration:
 Blitter:      8bpp-optimized
 Graphics set: OpenGFX (589)
 Language:     C:\Program Files\OpenTTD\lang\english_US.lng
 Music driver: win32
 Music set:    OpenMSX (96)
 Network:      no
 Sound driver: win32
 Sound set:    OpenSFX (87)
 Video driver: win32

AI Configuration (local: 0):
  0: Human

Libraries:
 FreeType:   2.4.4
 ICU:        4.4.2
 LZMA:       5.0.0
 LZO:        2.03
 PNG:        1.4.5
 Zlib:       1.2.5

Module information:
 C:\Program Files\OpenTTD\openttd.exe handle: 000000013F7B0000 size: 9875456 crc: 28B3F403 date: 2010-12-23 23:31:30
 C:\Windows\SYSTEM32\ntdll.dll handle: 0000000077C20000 size: 1736608 crc: 51E6A99D date: 2010-03-24 06:59:44
 C:\Windows\system32\kernel32.dll handle: 0000000077B00000 size: 1162240 crc: 822946F0 date: 2009-07-14 01:41:13
 C:\Windows\system32\KERNELBASE.dll handle: 000007FEFDD10000 size: 421376 crc: 68F689E4 date: 2009-07-14 01:41:13
 C:\Windows\system32\WINMM.dll handle: 000007FEFBC50000 size: 217600 crc: 7BC1529F date: 2009-07-14 01:41:56
 C:\Windows\system32\msvcrt.dll handle: 000007FEFFE70000 size: 634880 crc: 7F3E716F date: 2009-07-14 01:41:32
 C:\Windows\system32\USER32.dll handle: 0000000077A00000 size: 1008640 crc: 95FA0345 date: 2009-07-14 01:41:56
 C:\Windows\system32\GDI32.dll handle: 000007FEFDF50000 size: 404480 crc: 0F1BAE69 date: 2009-07-14 01:40:56
 C:\Windows\system32\LPK.dll handle: 000007FEFE740000 size: 41984 crc: 350AF03B date: 2009-07-14 01:41:19
 C:\Windows\system32\USP10.dll handle: 000007FEFF4E0000 size: 801280 crc: 32EFA120 date: 2009-07-14 01:41:56
 C:\Windows\system32\WS2_32.dll handle: 000007FEFF5B0000 size: 296448 crc: B9553AFD date: 2009-07-14 01:41:58
 C:\Windows\system32\RPCRT4.dll handle: 000007FEFFB70000 size: 1221632 crc: D5B6358C date: 2009-07-14 01:41:53
 C:\Windows\system32\NSI.dll handle: 000007FEFFB60000 size: 13824 crc: 53B46F6C date: 2009-07-14 01:41:53
 C:\Windows\system32\ADVAPI32.dll handle: 000007FEFE2A0000 size: 877056 crc: FA615A20 date: 2009-07-14 01:40:01
 C:\Windows\SYSTEM32\sechost.dll handle: 000007FEFE720000 size: 113664 crc: 978CFAE5 date: 2009-07-14 01:41:53
 C:\Windows\system32\SHELL32.dll handle: 000007FEFE750000 size: 14162944 crc: 38C0D5D7 date: 2010-07-27 14:59:11
 C:\Windows\system32\SHLWAPI.dll handle: 000007FEFF900000 size: 449536 crc: 0BFDF102 date: 2009-07-14 01:41:54
 C:\Windows\system32\IMM32.DLL handle: 000007FEFE4E0000 size: 167424 crc: 41B2805A date: 2009-07-14 01:41:09
 C:\Windows\system32\MSCTF.dll handle: 000007FEFDFC0000 size: 1067008 crc: 798DDDA0 date: 2009-07-14 01:41:28
 C:\Windows\system32\SHFolder.dll handle: 000007FEF9490000 size: 10240 crc: 08A48DE3 date: 2009-07-14 01:41:54
 C:\Windows\system32\ole32.dll handle: 000007FEFE510000 size: 2085376 crc: 4764DDC2 date: 2010-06-29 05:39:12
 C:\Windows\system32\MMDevAPI.DLL handle: 000007FEFCAB0000 size: 284160 crc: CDF2EF81 date: 2009-07-14 01:41:26
 C:\Windows\system32\PROPSYS.dll handle: 000007FEFC8A0000 size: 1212416 crc: 98D01BC9 date: 2009-07-14 01:41:53
 C:\Windows\system32\OLEAUT32.dll handle: 000007FEFE380000 size: 861184 crc: 112732BA date: 2010-04-07 07:37:39
 C:\Windows\system32\wdmaud.drv handle: 000007FEFBBA0000 size: 217088 crc: AB6BC545 date: 2009-07-14 01:38:50
 C:\Windows\system32\ksuser.dll handle: 0000000075940000 size: 5120 crc: AA2071D9 date: 2009-07-14 01:41:13
 C:\Windows\system32\AVRT.dll handle: 000007FEFCAA0000 size: 18432 crc: 5CE53CB7 date: 2009-07-14 01:40:05
 C:\Windows\system32\SETUPAPI.dll handle: 000007FEFF980000 size: 1899520 crc: 91ED5D15 date: 2009-07-14 01:41:54
 C:\Windows\system32\CFGMGR32.dll handle: 000007FEFDC30000 size: 207360 crc: 369326FC date: 2009-07-14 01:40:15
 C:\Windows\system32\DEVOBJ.dll handle: 000007FEFDF30000 size: 93184 crc: A7541AE2 date: 2009-07-14 01:40:28
 C:\Windows\system32\AUDIOSES.DLL handle: 000007FEFB870000 size: 296448 crc: 07CA71DE date: 2009-07-14 01:40:04
 C:\Windows\system32\msacm32.drv handle: 000007FEFB7F0000 size: 25600 crc: 2B579A05 date: 2009-07-14 01:38:50
 C:\Windows\system32\MSACM32.dll handle: 000007FEFB7D0000 size: 83456 crc: 3D67538B date: 2009-07-14 01:41:27
 C:\Windows\system32\midimap.dll handle: 000007FEFB7C0000 size: 20480 crc: CB902A13 date: 2009-07-14 01:41:23
 C:\Windows\system32\CRYPTBASE.dll handle: 000007FEFDA50000 size: 44032 crc: F547C16E date: 2009-07-14 01:40:24
 C:\Windows\system32\CLBCatQ.DLL handle: 000007FEFF600000 size: 607744 crc: 939E35C9 date: 2009-07-14 01:40:15
 C:\Windows\system32\uxtheme.dll handle: 000007FEFC300000 size: 332288 crc: B0A13DF9 date: 2009-07-14 01:41:56
 C:\Windows\system32\dwmapi.dll handle: 000007FEFBEF0000 size: 82432 crc: A459F360 date: 2009-07-14 01:40:34
 C:\Windows\system32\mswsock.dll handle: 000007FEFD4B0000 size: 320000 crc: EA387916 date: 2009-07-14 01:41:34
 C:\Windows\System32\wshtcpip.dll handle: 000007FEFCDC0000 size: 13312 crc: 5D1E2C55 date: 2009-07-14 01:41:58
 C:\Windows\system32\mciseq.dll handle: 000007FEF9470000 size: 28672 crc: 61BC1358 date: 2009-07-14 01:41:21
 C:\Windows\system32\psapi.dll handle: 0000000077DE0000 size: 9216 crc: 84B5E9BA date: 2009-07-14 01:41:53

---- gamelog start ----
Tick 0: new game started
     Revision text changed to r21615, savegame version 155, not modified, _openttd_newgrf_version = 0x1100546f
     New game mode: 1 landscape: 0
     Added NewGRF: GRF ID 6D620400, checksum 9B6AF49C62B7E63CBA04BC926C1CCC97, filename: grf\dbsetw.grf (md5sum matches)
---- gamelog end ----

*** End of OpenTTD Crash Report ***

Decoded stack trace:
[00] KERNELBASE           0x000007FEFDD1AA7D RaiseException + 61
[01] openttd              0x000000013FAC4D11
[02] openttd              0x000000013FAC3F96
[03] openttd              0x000000013F7F2A89
[04] openttd              0x000000013F818CED
[05] openttd              0x000000013F81910B
[06] openttd              0x000000013F819B09
[07] openttd              0x000000013F81A35F
[08] openttd              0x000000013F81A403
[09] openttd              0x000000013F8200DB
[10] openttd              0x000000013F87307B
[11] openttd              0x000000013F81E19A
[12] openttd              0x000000013F848928
[13] openttd              0x000000013F82301F
[14] openttd              0x000000013F7D73F5
[15] openttd              0x000000013F7D75AC
[16] openttd              0x000000013F825E6B
[17] openttd              0x000000013F9C9F16
[18] openttd              0x000000013F7F47D8
[19] openttd              0x000000013F9CC492
[20] openttd              0x000000013FAC6C39
[21] kernel32             0x0000000077B1F56D BaseThreadInitThunk + 13
[22] ntdll                0x0000000077C53021 RtlUserThreadStart + 33

*** End of additional info ***
