*** OpenTTD Crash Report ***

Crash at: Sun Aug 22 19:02:16 2010
In game date: 2051-05-09 (27)

Crash reason:
 Exception: C0000005
 Location:  000000013FFC9971
 Message:   <none>

OpenTTD version:
 Version:    r20594 (0)
 NewGRF ver: 11005072
 Bits:       64
 Endian:     little
 Dedicated:  no
 Build date: Aug 22 2010 18:25:44

Registers:
 RAX: 00000000024A9E70 RBX: 0000000000000000 RCX: 00000000024A9E70 RDX: 0000000002499E68
 RSI: 00000000022D68B0 RDI: 000000000000FFFF RBP: 000000000000000B RSP: 000000000022DF80
 R8:  00000000024A9E60 R9:  00000000024A9E70 R10: 000000000240E08C R11: 00000001401B5C88
 R12: 0000000000000000 R13: 00000000022D9090 R14: 00000000023F7538 R15: 00000000022D83A0
 RIP: 000000013FFC9971 EFLAGS: 00010202

 Bytes at instruction pointer:
 48 8B 3F 48 8B F0 48 3B FB 75 E6 48 8B 5C 24 30 48 8B 74 24 40 48 8B C3

Stack trace:
 00000000 00000000 022D68B0 00000000 00000000 00000000 3FFBB4A5 00000001
 02372A90 00000000 3FE2E1F6 00000001 022D68B0 00000000 0240E080 00000000
 0240E080 00000000 00000000 00000000 0022EAD0 00000000 3FFCF1C5 00000001
 023F74E0 00000000 3FFBC4EA 00000001 00000000 00000000 00000000 00000000
 00000000 00000000 022D9090 00000000 0022E970 00000000 3FE2DD4C 00000001
 023F74E0 00000000 00000000 00000000 0022EAD0 00000000 0022EAD0 00000000
 616D7465 2C72656B 73756D20 202C6369 322E3737 322E3834 39342E39 00000700
 00000000 00000000 00000000 00000000 00000000 00000000 00000000 00000000
 0022EA70 00000000 00012024 00000000 0022EA80 00000000 00000030 00000000
 00000010 00000000 DE030002 311DF84D 00000000 00000000 00000000 00000000
 00000000 00000000 00000000 00000000 00000000 00000000 00000000 00000000
 00000000 00000000 00000000 00000000 00000000 00000000 00000000 00000000
 00000000 00000000 00000000 00000000 00000000 00000000 00000000 00000000
 00000000 00000000 00000000 00000000 0000000A 00000000 005512F0 00000000
 3120666F 65002939 796C746E 776F6420 616F6C6E 676E6964 51454820 65485F53
 5F797661 69757145 6E656D70 65535F74 2E302D74 20312E37 00333128 00000000
 018E0025 000034C2 01EE0470 00000000 05F9AD10 00000000 00000000 00000000
 00000000 00000000 4009251B 00000001 005512F0 00000000 4009D046 00000001
 00551BA8 00000000 00551340 00000000 01EE0920 00000000 40093827 00000001
 401BB1DC 00000001 4009D05F 00000001 00000042 00000000 4009D046 00000001
 005512F0 00000000 4009D046 00000001 00000000 00000000 400A91B2 00000001
 401B2424 00000001 4009D05F 00000001 401B2424 00000001 4009D05F 00000001
 0022E318 00000000 400A0312 00000001 00000000 00000000 400A91B2 00000001
 00000000 00000000 400A91B2 00000001 00000000 00000000 B7008136 000007FE

Operating system:
 Name:     Windows
 Release:  6.1.7600 ()
 Compiler: MSVC 1500

Configuration:
 Blitter:      8bpp-optimized
 Graphics set: OpenGFX (446)
 Language:     english.lng
 Music driver: win32
 Music set:    NoMusic (0)
 Network:      no
 Sound driver: win32
 Sound set:    OpenSFX (87)
 Video driver: win32

AI Configuration (local: 0):
  0: Human

Libraries:
 FreeType:   2.3.12
 ICU:        4.4.1
 LZO:        2.03
 PNG:        1.4.3
 Zlib:       1.2.5

Module information:
 D:\Program Files\OpenTTD - coop\openttd.exe handle: 000000013FDF0000 size: 4818432 crc: 3A3FCC47 date: 2010-08-22 16:30:02
 C:\Windows\SYSTEM32\ntdll.dll handle: 0000000076CF0000 size: 1736608 crc: 51E6A99D date: 2010-03-24 06:59:44
 C:\Windows\system32\kernel32.dll handle: 0000000076AD0000 size: 1162240 crc: 822946F0 date: 2009-07-14 01:41:13
 C:\Windows\system32\KERNELBASE.dll handle: 000007FEFCFB0000 size: 421376 crc: 68F689E4 date: 2009-07-14 01:41:13
 C:\Windows\system32\WINMM.dll handle: 000007FEF8CB0000 size: 217600 crc: 7BC1529F date: 2009-07-14 01:41:56
 C:\Windows\system32\msvcrt.dll handle: 000007FEFDA40000 size: 634880 crc: 7F3E716F date: 2009-07-14 01:41:32
 C:\Windows\system32\USER32.dll handle: 0000000076BF0000 size: 1008640 crc: 95FA0345 date: 2009-07-14 01:41:56
 C:\Windows\system32\GDI32.dll handle: 000007FEFD340000 size: 404480 crc: 0F1BAE69 date: 2009-07-14 01:40:56
 C:\Windows\system32\LPK.dll handle: 000007FEFD860000 size: 41984 crc: 350AF03B date: 2009-07-14 01:41:19
 C:\Windows\system32\USP10.dll handle: 000007FEFD920000 size: 801280 crc: 32EFA120 date: 2009-07-14 01:41:56
 C:\Windows\system32\WS2_32.dll handle: 000007FEFD9F0000 size: 296448 crc: B9553AFD date: 2009-07-14 01:41:58
 C:\Windows\system32\RPCRT4.dll handle: 000007FEFE140000 size: 1221632 crc: D5B6358C date: 2009-07-14 01:41:53
 C:\Windows\system32\NSI.dll handle: 000007FEFD870000 size: 13824 crc: 53B46F6C date: 2009-07-14 01:41:53
 C:\Windows\system32\ADVAPI32.dll handle: 000007FEFD780000 size: 877056 crc: FA615A20 date: 2009-07-14 01:40:01
 C:\Windows\SYSTEM32\sechost.dll handle: 000007FEFD020000 size: 113664 crc: 978CFAE5 date: 2009-07-14 01:41:53
 C:\Windows\system32\SHELL32.dll handle: 000007FEFE270000 size: 14162944 crc: 38C0D5D7 date: 2010-07-27 14:59:11
 C:\Windows\system32\SHLWAPI.dll handle: 000007FEFD040000 size: 449536 crc: 0BFDF102 date: 2009-07-14 01:41:54
 C:\Windows\system32\IMM32.DLL handle: 000007FEFDE20000 size: 167424 crc: 41B2805A date: 2009-07-14 01:41:09
 C:\Windows\system32\MSCTF.dll handle: 000007FEFDE50000 size: 1067008 crc: 798DDDA0 date: 2009-07-14 01:41:28
 \\?\d:\program files (x86)\f-secure\hips\fshook64.dll handle: 0000000072780000 size: 450144 crc: 59229E1E date: 2009-07-09 09:34:16
 C:\Windows\system32\PSAPI.DLL handle: 0000000076EC0000 size: 9216 crc: 84B5E9BA date: 2009-07-14 01:41:53
 C:\Windows\system32\SHFolder.dll handle: 000007FEF0CC0000 size: 10240 crc: 08A48DE3 date: 2009-07-14 01:41:54
 C:\Windows\system32\ole32.dll handle: 000007FEFDAE0000 size: 2084352 crc: 40D2CC46 date: 2009-07-14 01:41:53
 C:\Windows\system32\MMDevAPI.DLL handle: 000007FEFB7B0000 size: 284160 crc: CDF2EF81 date: 2009-07-14 01:41:26
 C:\Windows\system32\PROPSYS.dll handle: 000007FEFB680000 size: 1212416 crc: 98D01BC9 date: 2009-07-14 01:41:53
 C:\Windows\system32\OLEAUT32.dll handle: 000007FEFD6A0000 size: 861184 crc: C4351602 date: 2009-07-14 01:41:53
 C:\Windows\system32\wdmaud.drv handle: 000007FEF7730000 size: 217088 crc: AB6BC545 date: 2009-07-14 01:38:50
 C:\Windows\system32\ksuser.dll handle: 0000000072E00000 size: 5120 crc: AA2071D9 date: 2009-07-14 01:41:13
 C:\Windows\system32\AVRT.dll handle: 000007FEFB800000 size: 18432 crc: 5CE53CB7 date: 2009-07-14 01:40:05
 C:\Windows\system32\SETUPAPI.dll handle: 000007FEFDF60000 size: 1899520 crc: 91ED5D15 date: 2009-07-14 01:41:54
 C:\Windows\system32\CFGMGR32.dll handle: 000007FEFCE00000 size: 207360 crc: 369326FC date: 2009-07-14 01:40:15
 C:\Windows\system32\DEVOBJ.dll handle: 000007FEFCDA0000 size: 93184 crc: A7541AE2 date: 2009-07-14 01:40:28
 C:\Windows\system32\AUDIOSES.DLL handle: 000007FEFAA40000 size: 296448 crc: 07CA71DE date: 2009-07-14 01:40:04
 C:\Windows\system32\msacm32.drv handle: 000007FEFB600000 size: 25600 crc: 2B579A05 date: 2009-07-14 01:38:50
 C:\Windows\system32\MSACM32.dll handle: 000007FEFA990000 size: 83456 crc: 3D67538B date: 2009-07-14 01:41:27
 C:\Windows\system32\midimap.dll handle: 000007FEFAFC0000 size: 20480 crc: CB902A13 date: 2009-07-14 01:41:23
 C:\Windows\system32\CRYPTBASE.dll handle: 000007FEFCB80000 size: 44032 crc: F547C16E date: 2009-07-14 01:40:24
 C:\Windows\system32\CLBCatQ.DLL handle: 000007FEFD400000 size: 607744 crc: 939E35C9 date: 2009-07-14 01:40:15
 C:\Windows\system32\uxtheme.dll handle: 000007FEFB620000 size: 332288 crc: B0A13DF9 date: 2009-07-14 01:41:56
 D:\Program Files (x86)\F-Secure\Spam Control\fsscoepl_x64.dll handle: 0000000180000000 size: 304224 crc: E4437E4B date: 2009-07-09 09:35:14
 C:\Windows\system32\dwmapi.dll handle: 000007FEFAFD0000 size: 82432 crc: A459F360 date: 2009-07-14 01:40:34
 D:\Program Files (x86)\F-Secure\FSPS\program\fslsp_x64.dll handle: 00000000749E0000 size: 214112 crc: 39CF1832 date: 2009-07-09 09:35:10
 d:\program files (x86)\f-secure\scanner-interface\fsgkiapi_x64.dll handle: 0000000072800000 size: 103520 crc: DA18EEE7 date: 2009-07-09 09:33:24
 C:\Windows\system32\mswsock.dll handle: 000007FEFC480000 size: 320000 crc: EA387916 date: 2009-07-14 01:41:34
 C:\Windows\System32\wshtcpip.dll handle: 000007FEFBE80000 size: 13312 crc: 5D1E2C55 date: 2009-07-14 01:41:58
 C:\Windows\System32\wship6.dll handle: 000007FEFC470000 size: 13824 crc: E3FBF123 date: 2009-07-14 01:41:58
 C:\Windows\system32\DNSAPI.dll handle: 000007FEFC300000 size: 356352 crc: D15B6D28 date: 2009-07-14 01:40:31
 C:\Windows\system32\IPHLPAPI.DLL handle: 000007FEFA490000 size: 145920 crc: FFC0BAF8 date: 2009-07-14 01:41:10
 C:\Windows\system32\WINNSI.DLL handle: 000007FEFA530000 size: 26112 crc: 744B2434 date: 2009-07-14 01:41:56
 C:\Windows\System32\fwpuclnt.dll handle: 000007FEFA4D0000 size: 324096 crc: 37B502C2 date: 2009-07-14 01:40:55
 C:\Windows\system32\rasadhlp.dll handle: 000007FEF9A70000 size: 16384 crc: C5FD1616 date: 2009-07-14 01:41:53

---- gamelog start ----
Tick 62675: game loaded
     Conversion from OTTD savegame without gamelog: version 4, 1
     Revision text changed to r20594, savegame version 146, not modified, _openttd_newgrf_version = 0x11005072
     New game mode: 0 landscape: 1
     Added NewGRF: GRF ID 52570103, checksum EDB2D26F9D81423734CA12412F309CF3, filename: generic_tram_set.0.4\generictrams.grf
     Added NewGRF: GRF ID 4D570102, checksum 8C41066F2430A1762047AB077B51EE63, filename: hover_bus.1.0\hoverbus_1.0.grf
     Added NewGRF: GRF ID FBFB0102, checksum 803D38F242F016C4A8212FA05C0F9B7E, filename: dutch_tram_set.rc1\dutchtramsetw.grf
     Added NewGRF: GRF ID 274C2348, checksum E44A7D977D1980908B1DBF09F73F514C, filename: db_double_deck_coaches.v0.1\dbddw.grf
     Added NewGRF: GRF ID 52571201, checksum C1C7D8C53EB7E74EEE2F0EF29638B466, filename: egrvts.1.0\egrvts.grf
---- gamelog end ----

*** End of OpenTTD Crash Report ***
