*** OpenTTD Crash Report ***

Crash at: Fri Dec 24 16:13:18 2010
In game date: 1942-10-25 (41)

Crash reason:
 Exception: E1212012
 Location:  7C812AFB
 Message:   Assertion failed at line 1024 of ..\src\viewport.cpp: type < HT_DIR_END

OpenTTD version:
 Version:    r21615 (0)
 NewGRF ver: 1100546f
 Bits:       32
 Endian:     little
 Dedicated:  no
 Build date: Dec 23 2010 23:18:25

Registers:
 EAX: 0012F3D8 EBX: 00000016 ECX: 00000000 EDX: 00BCCDE8
 ESI: 00000000 EDI: 00000000 EBP: 0012F428 ESP: 0012F3D4
 EIP: 7C812AFB EFLAGS: 00000246

 Bytes at instruction pointer:
 5E C9 C2 10 00 85 FF 0F 8E 36 93 FF FF 8B 55 FC 89 55 0C 0F B7 16 8B 7D

Stack trace:
 00BCCD08 E1212012 00000000 00000000 7C812AFB 00000000 0000000D 00000200
 00000200 00BCE55C FFFFFDFF 0012F448 0063EFF1 7C90D80A 7C913416 FFFFFFFF
 00000024 0012F424 00000004 00000000 9C94A112 0012F488 0057014D E1212012
 00000000 00000000 00000000 00642B76 00000016 34B1207F 0012F7D0 00000200
 00000007 7C913416 FFFFFFFF 00000000 0012F470 0057013D 00000001 0012F448
 0012EFF0 0012FFB0 00648D60 3419C9FF FFFFFFFE 0012F7C0 00641FB0 00000016
 00000200 00643559 0012F4E8 00BB0718 011B2E20 00655E9D 00000000 FFFFFFEF
 0012F744 0064BE77 00000000 0012F7D0 0012F7D0 0064BF03 1F820596 02680000
 00000000 00000007 7C910222 00000011 00000000 00BB0718 011B2E20 011B1E90
 1A1B1901 0012F768 00000000 00000000 00000000 00B2CDD9 00000000 00000000
 00000000 7C9101DB 00000047 0012F9E8 00000011 00B70B6C FFFFFFFF 009100C4
 00000000 02901038 011B0178 000001F9 0012F774 7C911028 7C911086 7C9101DB
 7C9100C4 00001008 00000000 011B0178 0012F598 011B0000 7C910222 00000011
 011B09B8 011B0000 02907008 0296D028 011B0178 00000010 0012F71C 00000000
 7E37934B 00000010 0012F71C 00000000 011B0050 0012F598 037C0000 0012FFB0
 7E39048F 7E379350 000018F7 0012F710 7E38A2BC 0012F71C 0012F7D0 00000200
 7E38A2D6 00000001 000030CC 004E1977 0054DCBF 00D00850 0000001B 0054F059
 000030CC 00000000 00000000 7E3620EC 00000000 00000001 0012F630 7C9118C0
 011B0000 02969018 02969018 011B0000 02720000 02720000 03680000 0012F678
 7C911A6D 00001002 7C90CF7A 7C9111EF FFFFFFFF 0012F850 00000000 7C91AB19
 011B0608 7C9101DB 7C9100C4 00240008 00240008 02E342E0 011B0000 011B0000
 0296D020 011B0178 00000801 0012F8B0 7C911028 7C911086 011B0000 00000402
 02787CF8 0012F8C8 7C911D65 7C911086 7C9101DB 7C9100C4 00002004 00000000
 004DEDCE 011B0178 0043273F 02900028 00000000 00009B0B 035B0000 00002000

Operating system:
 Name:     Windows
 Release:  5.1.2600 (Service Pack 3)
 Compiler: MSVC 1500

Configuration:
 Blitter:      8bpp-optimized
 Graphics set: original_windows (0)
 Language:     I:\Hry\WIN\OpenTTD\openttd-1.1.0-beta1-windows-win32\lang\czech.lng
 Music driver: dmusic
 Music set:    original_windows (1)
 Network:      no
 Sound driver: win32
 Sound set:    OpenSFX (87)
 Video driver: win32

AI Configuration (local: 0):
  0: Human
  1: Human
  2: Human

Libraries:
 FreeType:   2.4.4
 ICU:        4.4.2
 LZMA:       5.0.0
 LZO:        2.03
 PNG:        1.4.5
 Zlib:       1.2.5

Module information:
 I:\Hry\WIN\OpenTTD\openttd-1.1.0-beta1-windows-win32\openttd.exe handle: 00400000 size: 8204288 crc: 3E0BC7D5 date: 2010-12-23 22:22:14
 C:\WINDOWS\system32\ntdll.dll handle: 7C900000 size: 709632 crc: BAF97B9A date: 2009-02-09 10:56:05
 C:\WINDOWS\system32\kernel32.dll handle: 7C800000 size: 988160 crc: 7F6413F3 date: 2009-03-21 14:09:02
 C:\WINDOWS\system32\WINMM.dll handle: 76B30000 size: 174592 crc: 97C69A23 date: 2008-04-14 03:22:05
 C:\WINDOWS\system32\ADVAPI32.dll handle: 77DC0000 size: 684032 crc: 27DFA0E8 date: 2009-02-09 10:56:05
 C:\WINDOWS\system32\RPCRT4.dll handle: 77E70000 size: 590848 crc: F1843D14 date: 2010-08-16 08:45:05
 C:\WINDOWS\system32\Secur32.dll handle: 77FE0000 size: 56832 crc: 16EF1E87 date: 2009-06-25 08:27:37
 C:\WINDOWS\system32\GDI32.dll handle: 77F10000 size: 286720 crc: 558CB163 date: 2008-10-23 12:42:52
 C:\WINDOWS\system32\USER32.dll handle: 7E360000 size: 578560 crc: 810EA445 date: 2008-04-14 03:22:04
 C:\WINDOWS\system32\WS2_32.dll handle: 71A90000 size: 82432 crc: 54E7139D date: 2008-04-14 03:22:06
 C:\WINDOWS\system32\msvcrt.dll handle: 77C00000 size: 343040 crc: 82A18593 date: 2008-04-14 03:21:49
 C:\WINDOWS\system32\WS2HELP.dll handle: 71A80000 size: 19968 crc: 16A4F56E date: 2008-04-14 03:22:06
 C:\WINDOWS\system32\SHELL32.dll handle: 7C9C0000 size: 8466432 crc: 4499DB46 date: 2010-07-27 06:30:31
 C:\WINDOWS\system32\SHLWAPI.dll handle: 77F60000 size: 474112 crc: 899BDCFD date: 2009-12-08 09:25:31
 C:\WINDOWS\system32\IMM32.DLL handle: 76370000 size: 110080 crc: 7CC3FB3C date: 2008-04-14 03:21:43
 C:\WINDOWS\system32\myokent.dll handle: 003B0000 size: 39936 crc: 287A118E date: 2007-09-23 16:18:50
 C:\WINDOWS\WinSxS\x86_Microsoft.Windows.Common-Controls_6595b64144ccf1df_6.0.2600.6028_x-ww_61e65202\comctl32.dll handle: 773C0000 size: 1054208 crc: 0A80A3F5 date: 2010-08-23 16:12:33
 C:\WINDOWS\system32\comctl32.dll handle: 5D5A0000 size: 617472 crc: FBE27668 date: 2010-08-23 16:12:35
 C:\WINDOWS\system32\SHFolder.dll handle: 76770000 size: 25088 crc: C487B370 date: 2008-04-14 03:21:55
 C:\WINDOWS\system32\wdmaud.drv handle: 72CE0000 size: 23552 crc: D4EA0544 date: 2008-04-14 03:22:58
 C:\WINDOWS\system32\WINTRUST.dll handle: 76C20000 size: 177664 crc: CD2DBC46 date: 2009-12-24 07:04:50
 C:\WINDOWS\system32\CRYPT32.dll handle: 77A70000 size: 602112 crc: 8BA8D385 date: 2008-04-14 03:21:38
 C:\WINDOWS\system32\MSASN1.dll handle: 77B10000 size: 58880 crc: 930C86C5 date: 2009-09-04 21:05:18
 C:\WINDOWS\system32\IMAGEHLP.dll handle: 76C80000 size: 144384 crc: 77B067D2 date: 2008-04-14 03:21:43
 C:\WINDOWS\system32\msacm32.drv handle: 72CD0000 size: 20480 crc: D2823952 date: 2001-10-25 14:00:00
 C:\WINDOWS\system32\MSACM32.dll handle: 77BD0000 size: 71680 crc: 0F11E98F date: 2008-04-14 03:21:46
 C:\WINDOWS\system32\midimap.dll handle: 77BC0000 size: 18944 crc: 6C0FE179 date: 2008-04-14 03:21:45
 C:\WINDOWS\system32\uxtheme.dll handle: 5B250000 size: 219648 crc: A269DCE7 date: 2008-04-14 03:22:04
 C:\WINDOWS\system32\MSCTF.dll handle: 746F0000 size: 297984 crc: 7E4D8B79 date: 2008-04-14 03:21:47
 C:\Program Files\Common Files\Motive\McciContextHook_6-1-0_DSR.dll handle: 63000000 size: 198144 crc: 37124058 date: 2008-04-10 18:11:48
 C:\WINDOWS\system32\ole32.dll handle: 774D0000 size: 1287680 crc: 7C808B80 date: 2010-07-16 12:00:53
 C:\WINDOWS\system32\msctfime.ime handle: 751A0000 size: 177152 crc: 8CE75743 date: 2008-04-14 03:18:29
 C:\WINDOWS\system32\CLBCATQ.DLL handle: 76FC0000 size: 498688 crc: 7485F944 date: 2008-04-14 03:21:38
 C:\WINDOWS\system32\COMRes.dll handle: 77040000 size: 806912 crc: 0037EB49 date: 2008-04-14 03:21:38
 C:\WINDOWS\system32\OLEAUT32.dll handle: 77110000 size: 551936 crc: 8BC4BD61 date: 2008-04-14 03:21:53
 C:\WINDOWS\system32\VERSION.dll handle: 77BF0000 size: 18944 crc: D999F19B date: 2008-04-14 03:22:04
 C:\WINDOWS\system32\dmime.dll handle: 60D60000 size: 181248 crc: 051A53CA date: 2008-04-14 03:21:39
 C:\WINDOWS\system32\DSOUND.dll handle: 73ED0000 size: 367616 crc: D00E35F8 date: 2008-04-14 03:21:40
 C:\WINDOWS\system32\dmusic.dll handle: 6CF00000 size: 104448 crc: 661BBD3C date: 2008-04-14 03:21:39
 C:\WINDOWS\system32\KsUser.dll handle: 73EA0000 size: 4096 crc: 5FA40F0A date: 2008-04-14 03:21:45
 C:\WINDOWS\system32\dmsynth.dll handle: 6CF20000 size: 103424 crc: 15A88EB7 date: 2008-04-14 03:21:39
 C:\WINDOWS\system32\dmloader.dll handle: 6CF90000 size: 35840 crc: 37FCABDE date: 2008-04-14 03:21:39
 C:\WINDOWS\system32\mswsock.dll handle: 71A30000 size: 247296 crc: AA868B0C date: 2008-06-20 17:49:25
 C:\WINDOWS\system32\hnetcfg.dll handle: 698B0000 size: 345088 crc: 8D58532C date: 2008-04-14 03:21:42
 C:\WINDOWS\System32\wshtcpip.dll handle: 71A70000 size: 19456 crc: 3807F96C date: 2008-04-14 03:22:06
 C:\WINDOWS\system32\dmstyle.dll handle: 6CF40000 size: 105984 crc: 96DC1F26 date: 2008-04-14 03:21:39
 C:\WINDOWS\system32\dmband.dll handle: 6D140000 size: 28672 crc: AB56322A date: 2008-04-14 03:21:39
 C:\WINDOWS\system32\psapi.dll handle: 76BE0000 size: 23040 crc: E668331A date: 2008-04-14 03:21:53

---- gamelog start ----
Tick 0: new game started
     Revision text changed to 1.0.4, savegame version 138, not modified, _openttd_newgrf_version = 0x10485145
     New game mode: 1 landscape: 0
     Added NewGRF: GRF ID 6D620004, checksum 70649F1AFC954942173B0AA89C1E8B14, filename: newshipsw.grf (md5sum matches)
     Added NewGRF: GRF ID 52571201, checksum C1C7D8C53EB7E74EEE2F0EF29638B466, filename: egrvts.grf (md5sum matches)
     Added NewGRF: GRF ID 44440A01, checksum EFEE1435093730D3DA55BDF69653CADC, filename: av8_aviators_aircraft_set-1.7\pb_av8w.grf (md5sum matches)
     Added NewGRF: GRF ID 6D620401, checksum C5ACB6D5536A464FD78871D91840A35F, filename: dbsetxlw.grf (md5sum matches)
     Added NewGRF: GRF ID 535A1344, checksum EE64CDD6E4600C717B448583026DF24D, filename: temperate_oil_wells_can_increase.v2\oilsgoup.grf (md5sum matches)
     Added NewGRF: GRF ID 74677462, checksum A2396FFDCC0F1BA37A2A89EF525CDF21, filename: total_bridges.grf (md5sum matches)
Tick 25946: game loaded
     Revision text changed to r21615, savegame version 155, not modified, _openttd_newgrf_version = 0x1100546f
Tick 25985: settings changed
     Setting changed: construction.command_pause_level : 1 -> 2
Tick 25985: settings changed
     Setting changed: construction.command_pause_level : 2 -> 3
Tick 25985: settings changed
     Setting changed: construction.command_pause_level : 3 -> 2
Tick 25985: settings changed
     Setting changed: construction.command_pause_level : 2 -> 1
Tick 25985: settings changed
     Setting changed: construction.command_pause_level : 1 -> 0
Tick 25985: settings changed
     Setting changed: construction.command_pause_level : 0 -> 1
---- gamelog end ----

*** End of OpenTTD Crash Report ***

Decoded stack trace:
[00] ???                  0x7C812AFB xá—|RaiseException + 82
[01] ???                  0x0057014D
[02] ???                  0x00641FB0
[03] ???                  0x0042F807
[04] ???                  0x00449878

*** End of additional info ***
