*** OpenTTD Crash Report ***

Crash at: Tue Dec 21 00:06:28 2010
In game date: 2088-02-01 (0)

Crash reason:
 Signal:  Aborted (6)
 Message: <none>

OpenTTD version:
 Version:    r21553M (2)
 NewGRF ver: 11005431
 Bits:       64
 Endian:     little
 Dedicated:  no
 Build date: Dec 21 2010 00:05:54

Stacktrace:
 [00] ./openttd(_ZNK12CrashLogUnix13LogStacktraceEPcPKc+0x39) [0x672219]
 [01] ./openttd(_ZNK8CrashLog12FillCrashLogEPcPKc+0xf0) [0x54be20]
 [02] ./openttd(_ZNK8CrashLog12MakeCrashLogEv+0x63) [0x54bf03]
 [03] ./openttd() [0x67216d]
 [04] /lib/libc.so.6(+0x321f0) [0x2ba5b92c81f0]
 [05] /lib/libc.so.6(gsignal+0x35) [0x2ba5b92c8175]
 [06] /lib/libc.so.6(abort+0x180) [0x2ba5b92c9590]
 [07] /lib/libc.so.6(__assert_fail+0xf1) [0x2ba5b92c1201]
 [08] ./openttd() [0x725801]
 [09] ./openttd() [0x724912]
 [10] ./openttd(_Z17GetStringWithArgsPcjPxPKxPKcPj+0xac) [0x72652c]
 [11] ./openttd() [0x6553bd]
 [12] ./openttd(_ZNK20MessageHistoryWindow10DrawWidgetERK4Recti+0x13b) [0x656eeb]
 [13] ./openttd(_ZN17NWidgetBackground4DrawEPK6Window+0x12b) [0x79c08b]
 [14] ./openttd(_ZN19NWidgetPIPContainer4DrawEPK6Window+0x24) [0x799c44]

Operating system:
 Name:     Linux
 Release:  2.6.35-gentoo-r15
 Version:  #1 SMP Fri Dec 17 14:48:31 CET 2010
 Machine:  x86_64
 Compiler: GCC 4.4.5 "4.4.5"

Configuration:
 Blitter:      8bpp-optimized
 Graphics set: original_windows (0)
 Language:     /home/smatz/openttd/anon3/bin/lang/czech.lng
 Music driver: extmidi
 Music set:    original_windows (1)
 Network:      no
 Sound driver: sdl
 Sound set:    original_windows (0)
 Video driver: sdl

AI Configuration (local: 0):
  0: Human

Libraries:
 FontConfig: 2.8.0
 FreeType:   2.4.3
 ICU:        4.4.2
 LZMA:       4.999.9beta
 LZO:        2.02
 PNG:        1.4.3
 SDL:        1.2.13
 Zlib:       1.2.3

---- gamelog start ----
Tick 0: new game started
     Revision text changed to r21553M, savegame version 155, modified, _openttd_newgrf_version = 0x11005431
     New game mode: 2 landscape: 3
Tick 0: game loaded
     New game mode: 1 landscape: 3
---- gamelog end ----

*** End of OpenTTD Crash Report ***
