*** OpenTTD Crash Report ***

Crash at: Thu Feb 07 11:27:42 2013
In game date: 2070-01-11 (1)

Crash reason:
 Exception: E1212012
 Location:  000007FEFD44CACD
 Message:   Assertion failed at line 59 of c:\bamboo-agent-home\xml-data\build-dir\ottd-nightly-w64bit\src\strings_func.h: size <= parent.num_param - parent.offset

OpenTTD version:
 Version:    r24976 (0)
 NewGRF ver: 13006190
 Bits:       64
 Endian:     little
 Dedicated:  no
 Build date: Feb  6 2013 19:12:16

Registers:
 RAX: 000000007C312C93 RBX: 0000000000000016 RCX: 00000000001BBE80 RDX: 0000000000000000
 RSI: 0000000000000000 RDI: 0000000000000008 RBP: 00000000001BC920 RSP: 00000000001BC490
 R8:  0000000000000000 R9:  0000000000000000 R10: 0000000000000000 R11: 0000000000000286
 R12: 000000013FC42B38 R13: 000000013F51E0A4 R14: 0000000000000001 R15: 0000005500000000
 RIP: 000007FEFD44CACD EFLAGS: 00000206

 Bytes at instruction pointer:
 48 81 C4 C8 00 00 00 C3 90 90 90 90 90 90 90 90 90 90 90 48 89 5C 24 18

Stack trace:
 00000016 00000000 00000000 00000000 00000008 00000000 00000098 00000000
 E1212012 00000000 00000000 00000000 FD44CACD 000007FE 00000000 00000000
 3FCD53B0 00000001 767A146B 00000000 00000130 00000000 00170772 00000000
 00000010 00000000 3FBB37A8 00000001 00000050 00000000 00170772 00000000
 00000000 00000000 76E43BFA 00000000 3FBB37A8 00000001 00000010 00000000
 00000000 00000000 00000000 00000000 00000000 00000000 00000000 00000000
 00000001 00000000 3F618795 00000001 00000016 00000000 52DE9D64 00000000
 00000001 00000000 76E39C7A 00000000 00000000 00000000 00000000 00000055
 00000001 00000000 00000002 00000000 00000000 00000000 001BDDE6 00000000
 001BDE04 00000000 3F617B54 00000001 00000001 00000000 3FCD53B0 00000001
 0DA6B010 00000000 FFFFFFFF 00000000 001BDE04 00000000 3F2B908B 00000001
 001BCFA0 00000000 001BC920 00000000 0DA6B010 00000000 01D80080 00000000
 65737341 6F697472 6166206E 64656C69 20746120 656E696C 20393520 6320666F
 61625C3A 6F6F626D 6567612D 682D746E 5C656D6F 2D6C6D78 61746164 6975625C
 642D646C 6F5C7269 2D647474 6867696E 2D796C74 62343677 735C7469 735C6372
 6E697274 665F7367 2E636E75 73203A68 20657A69 70203D3C 6E657261 756E2E74
 61705F6D 206D6172 6170202D 746E6572 66666F2E 00746573 01D80470 00000000
 001BC840 00000000 76E2897B 00000000 001C0000 00000000 001BCE70 00000000
 00022EC0 00000000 00000000 00000000 00000000 00000000 3F438A38 00000001
 0000000A 00000000 001BC7F0 00000000 00000001 00000000 00000002 00000000
 00000000 00000000 00000000 00000000 00000040 00000000 00000008 00000000
 001BC8B0 00000000 3F612DCB 00000001 00000002 00000001 00000040 00000000
 3F44F1A2 00000001 3F270000 00000001 00000001 00000000 00000002 00000000
 00000000 00000000 001BDDE6 00000000 00000010 00000000 00000000 00000000

Operating system:
 Name:     Windows
 Release:  6.1.7601 (Service Pack 1)
 Compiler: MSVC 1600

Configuration:
 Blitter:      8bpp-optimized
 Graphics set: OpenGFX (998)
 Language:     G:\GamesF\Transport Tycoon\OTTD_NIGHTLY\lang\english.lng
 Music driver: win32
 Music set:    NoMusic (0)
 Network:      no
 Sound driver: win32
 Sound set:    NoSound (2)
 Video driver: win32

AI Configuration (local: 0):
  0: Human
 GS: StringCrash (v1)

Libraries:
 FreeType:   2.4.5
 ICU:        4.4.2
 LZMA:       5.0.3
 LZO:        2.05
 PNG:        1.5.4
 Zlib:       1.2.5

Module information:
 G:\GamesF\Transport Tycoon\OTTD_NIGHTLY\openttd.exe handle: 000000013F270000 size: 10575872 crc: 13656E41 date: 2013-02-06 19:16:24
 C:\Windows\SYSTEM32\ntdll.dll handle: 0000000076E10000 size: 1731920 crc: 71D20A99 date: 2011-11-17 06:41:18
 C:\Program Files\Alwil Software\Avast5\snxhk64.dll handle: 0000000071D00000 size: 291472 crc: ABA030FC date: 2012-10-30 22:50:30
 C:\Windows\system32\KERNEL32.dll handle: 0000000076CF0000 size: 1162752 crc: 4F9F79FE date: 2011-07-16 05:37:12
 C:\Windows\system32\KERNELBASE.dll handle: 000007FEFD440000 size: 421888 crc: D7A16149 date: 2011-07-16 05:37:12
 C:\Windows\system32\WINMM.dll handle: 000007FEFB260000 size: 217600 crc: 7BC1529F date: 2009-07-14 01:41:56
 C:\Windows\system32\msvcrt.dll handle: 000007FEFEE10000 size: 634880 crc: 9D1B448A date: 2011-12-16 08:46:06
 C:\Windows\system32\USER32.dll handle: 0000000076730000 size: 1008128 crc: 70FF7D7F date: 2010-11-20 13:27:27
 C:\Windows\system32\GDI32.dll handle: 000007FEFEF10000 size: 403968 crc: 3D5BC405 date: 2010-11-20 13:26:25
 C:\Windows\system32\LPK.dll handle: 000007FEFED20000 size: 41984 crc: 350AF03B date: 2009-07-14 01:41:19
 C:\Windows\system32\USP10.dll handle: 000007FEFDAF0000 size: 800256 crc: B511F4B9 date: 2010-11-20 13:27:27
 C:\Windows\system32\WS2_32.dll handle: 000007FEFD8F0000 size: 297984 crc: 0F68689B date: 2010-11-20 13:27:29
 C:\Windows\system32\RPCRT4.dll handle: 000007FEFD9C0000 size: 1219584 crc: 5217F07C date: 2010-11-20 13:27:24
 C:\Windows\system32\NSI.dll handle: 000007FEFD8E0000 size: 13824 crc: 53B46F6C date: 2009-07-14 01:41:53
 C:\Windows\system32\ADVAPI32.dll handle: 000007FEFED30000 size: 877056 crc: FA615A20 date: 2009-07-14 01:40:01
 C:\Windows\SYSTEM32\sechost.dll handle: 000007FEFD640000 size: 113664 crc: 978CFAE5 date: 2009-07-14 01:41:53
 C:\Windows\system32\SHELL32.dll handle: 000007FEFDBC0000 size: 14172672 crc: 80527F5B date: 2012-06-09 05:43:10
 C:\Windows\system32\SHLWAPI.dll handle: 000007FEFD940000 size: 448512 crc: 086DF743 date: 2010-11-20 13:27:25
 C:\Windows\system32\IMM32.DLL handle: 000007FEFEAE0000 size: 167424 crc: 41B2805A date: 2009-07-14 01:41:09
 C:\Windows\system32\MSCTF.dll handle: 000007FEFE950000 size: 1067008 crc: 798DDDA0 date: 2009-07-14 01:41:28
 C:\Windows\system32\SHFolder.dll handle: 000007FEF3AC0000 size: 10240 crc: 08A48DE3 date: 2009-07-14 01:41:54
 C:\Windows\system32\ole32.dll handle: 000007FEFEB10000 size: 2086912 crc: 72F91CD0 date: 2010-11-20 13:27:23
 C:\Windows\system32\CRYPTBASE.dll handle: 000007FEFD1A0000 size: 44032 crc: F547C16E date: 2009-07-14 01:40:24
 C:\Windows\system32\mswsock.dll handle: 000007FEFC790000 size: 326144 crc: 136B1525 date: 2010-11-20 13:27:10
 C:\Windows\System32\wshtcpip.dll handle: 000007FEFCBF0000 size: 13312 crc: 5D1E2C55 date: 2009-07-14 01:41:58
 C:\Windows\system32\MMDevAPI.DLL handle: 000007FEFB9A0000 size: 284160 crc: CDF2EF81 date: 2009-07-14 01:41:26
 C:\Windows\system32\PROPSYS.dll handle: 000007FEFBB00000 size: 1212416 crc: B83FA3BE date: 2010-11-20 13:27:23
 C:\Windows\system32\OLEAUT32.dll handle: 000007FEFF040000 size: 861696 crc: 1F331414 date: 2011-08-27 05:37:49
 C:\Windows\system32\wdmaud.drv handle: 000007FEFB100000 size: 217088 crc: 12829973 date: 2010-11-20 13:24:21
 C:\Windows\system32\ksuser.dll handle: 0000000074530000 size: 5120 crc: AA2071D9 date: 2009-07-14 01:41:13
 C:\Windows\system32\AVRT.dll handle: 000007FEFCA60000 size: 18432 crc: 5CE53CB7 date: 2009-07-14 01:40:05
 C:\Windows\system32\SETUPAPI.dll handle: 000007FEFD660000 size: 1900544 crc: A364BD6A date: 2010-11-20 13:27:25
 C:\Windows\system32\CFGMGR32.dll handle: 000007FEFD3C0000 size: 207872 crc: 1984C339 date: 2010-11-20 13:25:50
 C:\Windows\system32\DEVOBJ.dll handle: 000007FEFD4B0000 size: 93184 crc: A7541AE2 date: 2009-07-14 01:40:28
 C:\Windows\system32\AUDIOSES.DLL handle: 000007FEFB0B0000 size: 296448 crc: 90389554 date: 2010-11-20 13:25:42
 C:\Windows\system32\msacm32.drv handle: 000007FEFB0A0000 size: 25600 crc: 2B579A05 date: 2009-07-14 01:38:50
 C:\Windows\system32\MSACM32.dll handle: 000007FEFB080000 size: 83456 crc: 3D67538B date: 2009-07-14 01:41:27
 C:\Windows\system32\midimap.dll handle: 000007FEFB070000 size: 20480 crc: CB902A13 date: 2009-07-14 01:41:23
 C:\Windows\system32\CLBCatQ.DLL handle: 000007FEFD840000 size: 607744 crc: 939E35C9 date: 2009-07-14 01:40:15
 C:\Windows\system32\psapi.dll handle: 0000000076FD0000 size: 9216 crc: 84B5E9BA date: 2009-07-14 01:41:53

---- gamelog start ----
Tick 0: new game started
     Revision text changed to r24976, savegame version 179, not modified, _openttd_newgrf_version = 0x13006190
     New game mode: 1 landscape: 0
     Added NewGRF: GRF ID 43415000, checksum C6AE1C574FD881A706AA2B623FB83BC1, filename: climate_dependant_airports-0.3.0\airportsplus.grf (md5sum matches)
     Added NewGRF: GRF ID 52571203, checksum DEE3FEBD0D9F5F45191C05620F581655, filename: egrvts2-175\egrvts2.grf (md5sum matches)
     Added NewGRF: GRF ID 4D470305, checksum 2E96B9AB2BEA686BFF94961AD433A701, filename: basecosts-5.0\basecosts.grf (md5sum matches)
     Added NewGRF: GRF ID 41501202, checksum 7FD3A30F749BFA5D5E1DF61326AD9B08, filename: heqs_heavy_equipment_set-1.5.1\heqs.grf (md5sum matches)
     Added NewGRF: GRF ID 41533031, checksum F3A0A556505B7A94733D85B892C2070C, filename: swedish_houses-1.1.1\swehouses.grf (md5sum matches)
     Added NewGRF: GRF ID F1250005, checksum E5F3533ED3BF5B41AEEE64ADB5BF4A06, filename: firs_industry_replacement_set-0.9.0\firs.grf (md5sum matches)
     Added NewGRF: GRF ID 27711003, checksum 30EF819C36EA5E003976E26A8A25CF71, filename: 2cc_trainset-2.0.0beta5\2cctrainset.grf (md5sum matches)
     Added NewGRF: GRF ID 62636E73, checksum 23AB17EAF57E0AE2DFB196870E63D4C1, filename: ottdc_grfpack\z_obsolete\OpenGFX\OpenGFX_NewShips_v0.1.grf (md5sum matches)
---- gamelog end ----

*** End of OpenTTD Crash Report ***

Decoded stack trace:
[00] KERNELBASE           0x000007FEFD44CACD RaiseException + 61
[01] openttd              0x000000013F618795
[02] openttd              0x000000013F617B54
[03] openttd              0x000000013F2B908B
[04] openttd              0x000000013F2D851A
[05] openttd              0x000000013F2D5E4F
[06] openttd              0x000000013F2D4E36
[07] openttd              0x000000013F2D63EF
[08] openttd              0x000000013F2D5E4F
[09] openttd              0x000000013F2D67BD
[10] openttd              0x000000013F2D5E4F
[11] openttd              0x000000013F2D4E36
[12] openttd              0x000000013F2D4ED2
[13] openttd              0x000000013F296DBA
[14] openttd              0x000000013F3439C8
[15] openttd              0x000000013F2F213F
[16] openttd              0x000000013F2EF9F1
[17] openttd              0x000000013F2F0807
[18] openttd              0x000000013F2EF9F1
[19] openttd              0x000000013F2F6096
[20] openttd              0x000000013F3437E2
[21] openttd              0x000000013F3441A2
[22] openttd              0x000000013F344926
[23] openttd              0x000000013F2BD03F
[24] openttd              0x000000013F2BD3FF
[25] openttd              0x000000013F51C93D
[26] openttd              0x000000013F2BB154
[27] openttd              0x000000013F51EE8A
[28] openttd              0x000000013F61A49C
[29] KERNEL32             0x0000000076D0652D BaseThreadInitThunk + 13
[30] ntdll                0x0000000076E3C521 RtlUserThreadStart + 33

*** End of additional info ***
