*** OpenTTD Crash Report ***

Crash at: Thu Jun 24 14:18:35 2010
In game date: 1988-03-29 (69)

Crash reason:
 Exception: C0000005
 Location:  0043236E
 Message:   <none>

OpenTTD version:
 Version:    1.0.2 (0)
 NewGRF ver: 10284e20
 Bits:       32
 Endian:     little
 Dedicated:  no
 Build date: Jun 19 2010 17:00:16

Registers:
 EAX: 00000000 EBX: 00000000 ECX: 0202DFD8 EDX: 00E15C8E
 ESI: 0075E730 EDI: 00000000 EBP: 0012F084 ESP: 0012EE9C
 EIP: 0043236E EFLAGS: 00010283

 Bytes at instruction pointer:
 8B 48 0C 83 C6 08 3B CB 0F 85 11 F7 FF FF 8B 48 04 0F B7 50 08 89 4C 24

Stack trace:
 0012FAE7 0000881A FFFFFFF7 0012F2EB 0012EEC0 0012F2EB 00E15C0F 00000000
 0012F194 000007FC 00000000 0075E730 0012EF18 0012EF40 0012F2EB 0012F194
 000007FC 006EDF74 0012EF18 004306D0 006EDF74 0012EF18 00000000 00000000
 00000000 00000000 00000000 00430EEE 00000001 00000000 0000000A 00000000
 00000000 0075E730 00000000 0012F17F 00000000 00000001 00000000 00000003
 0012EF74 0012F197 0012EF58 0051CAA3 0075E730 00000000 00000000 0012F144
 004324AC 00000A42 FFFFFFE7 0012F190 00000000 0012F199 00E11F24 00000000
 0012F178 0012EF9C 006EDF74 0075E728 0012F020 0012F2BB 0012F190 000007EC
 0012F2BC 000007EB 0012F2BB 00000042 006EDF74 0012EFD8 00000000 00000000
 0012EFD8 0060598C 0012F2BB 000007ED 006EDF74 00000000 0012F020 0012F048
 0043095B 0012F2BB 000007ED 006EDF74 0012F020 004306D0 006EDF74 0012F020
 00000000 00000000 00000000 00000000 00000000 00430EEE 00000001 00000000
 0000000A 00000000 00000000 0075E738 00000000 00000000 00000000 00000001
 00000000 00000000 0012F070 00430DB9 0012F148 00000000 0012FAA7 0012F9F4
 0012F9F4 000333EB 000333EB 00000000 0012F0AC 00000001 00000000 0012F9F4
 0012F0AC 0012F9F4 0012F0B0 00430DB9 0075E730 00000000 0012FAE7 00000000
 0075E738 00000000 0012F0B8 0051CAA3 0075E728 0012F2A4 00431BEB 0075E730
 0012FAE7 00000860 FFFFFFE7 0012F2E8 00000010 0012F2EB 00E0E12F 00000000
 0012F10C 0012F9F4 00000000 0075E728 0012F9F4 00032DEB 0012F2E8 00000000
 00000010 00040030 00000001 0012F9F4 0012F13C 0012F9F4 00521B71 0012F9F4
 0012F9F4 00032BEB 00032BEB 00000000 00000010 0004002F 00000001 0012F9F4
 0012F16C 0012F9F4 00521B71 0012F9F4 0012F9F4 000329EB 000329EB 00000000
 0012F19C 004BB655 00000000 00000520 00521B41 0012F9F4 00521B71 0012F9F4
 0012F9F4 000329EA 000329EA 00000000 00000024 0004002D 00000001 0012F9F4

Operating system:
 Name:     Windows
 Release:  5.1.2600 (Service Pack 3)
 Compiler: MSVC 1500

Configuration:
 Blitter:      8bpp-optimized
 Graphics set: original_windows
 Language:     english_US.lng
 Music driver: dmusic
 Music set:    OpenMSX
 Network:      client
 Sound driver: win32
 Sound set:    original_windows
 Video driver: win32

AI Configuration (local: 255):
  0: Human
  1: Human
  2: Human
  3: Human
  4: Human
  5: Human
  7: Human
  9: Human

Libraries:
 FreeType:   2.3.12
 ICU:        4.2.1
 LZO:        2.03
 PNG:        1.2.43
 Zlib:       1.2.3

Module information:
 C:\Program Files\OpenTTD\openttd.exe handle: 00400000 size: 3546624 crc: CFBF6760 date: 2010-06-19 17:04:22
 C:\WINDOWS\system32\ntdll.dll handle: 7C900000 size: 714752 crc: 56E74C35 date: 2009-02-09 12:10:48
 C:\WINDOWS\system32\kernel32.dll handle: 7C800000 size: 989696 crc: 8A0508E5 date: 2009-03-21 14:06:58
 C:\WINDOWS\system32\WINMM.dll handle: 76B40000 size: 176128 crc: 9676D976 date: 2008-04-14 00:12:09
 C:\WINDOWS\system32\ADVAPI32.dll handle: 77DD0000 size: 617472 crc: C9027432 date: 2009-02-09 12:10:48
 C:\WINDOWS\system32\RPCRT4.dll handle: 77E70000 size: 585216 crc: E2046CB3 date: 2009-04-15 14:51:25
 C:\WINDOWS\system32\Secur32.dll handle: 77FE0000 size: 56832 crc: 3D0002B7 date: 2009-06-25 08:25:26
 C:\WINDOWS\system32\GDI32.dll handle: 77F10000 size: 286720 crc: B5F6B116 date: 2008-10-23 12:36:14
 C:\WINDOWS\system32\USER32.dll handle: 7E410000 size: 578560 crc: F7C72264 date: 2008-04-14 00:12:08
 C:\WINDOWS\system32\WS2_32.dll handle: 71AB0000 size: 82432 crc: 7C519ECA date: 2008-04-14 00:12:10
 C:\WINDOWS\system32\msvcrt.dll handle: 77C10000 size: 343040 crc: 0B7B1677 date: 2008-04-14 00:12:01
 C:\WINDOWS\system32\WS2HELP.dll handle: 71AA0000 size: 19968 crc: 3F24E096 date: 2008-04-14 00:12:10
 C:\WINDOWS\system32\SHELL32.dll handle: 7C9C0000 size: 8461312 crc: 2221EFBA date: 2008-06-17 19:02:19
 C:\WINDOWS\system32\SHLWAPI.dll handle: 77F60000 size: 474112 crc: BDFA6F45 date: 2009-12-08 09:23:28
 C:\WINDOWS\system32\IMM32.DLL handle: 76390000 size: 110080 crc: C1486DA0 date: 2008-04-14 00:11:54
 C:\WINDOWS\system32\LPK.DLL handle: 629C0000 size: 22016 crc: 9689B06F date: 2008-04-14 00:11:56
 C:\WINDOWS\system32\USP10.dll handle: 74D90000 size: 406016 crc: FA817293 date: 2008-04-14 00:12:08
 C:\WINDOWS\WinSxS\x86_Microsoft.Windows.Common-Controls_6595b64144ccf1df_6.0.2600.5512_x-ww_35d4ce83\comctl32.dll handle: 773D0000 size: 1054208 crc: 06939D35 date: 2008-04-14 00:12:51
 C:\WINDOWS\system32\comctl32.dll handle: 5D090000 size: 617472 crc: 519837A9 date: 2008-04-14 00:11:51
 C:\WINDOWS\system32\SHFolder.dll handle: 76780000 size: 25088 crc: 8009EA65 date: 2008-04-14 00:12:05
 C:\WINDOWS\system32\WINTRUST.dll handle: 76C30000 size: 177664 crc: 10F114B4 date: 2009-12-24 06:59:40
 C:\WINDOWS\system32\CRYPT32.dll handle: 77A80000 size: 599040 crc: F04E4319 date: 2008-04-14 00:11:51
 C:\WINDOWS\system32\MSASN1.dll handle: 77B20000 size: 58880 crc: 63D6A79F date: 2009-09-04 21:03:36
 C:\WINDOWS\system32\IMAGEHLP.dll handle: 76C90000 size: 144384 crc: F7A06429 date: 2008-04-14 00:11:54
 C:\WINDOWS\system32\wdmaud.drv handle: 72D20000 size: 23552 crc: EEB914CA date: 2008-04-14 00:12:45
 C:\WINDOWS\system32\msacm32.drv handle: 72D10000 size: 20480 crc: D5406BAE date: 2004-08-04 08:00:00
 C:\WINDOWS\system32\MSACM32.dll handle: 77BE0000 size: 71680 crc: EDE4B266 date: 2008-04-14 00:11:58
 C:\WINDOWS\system32\midimap.dll handle: 77BD0000 size: 18944 crc: 2E6D5FD1 date: 2008-04-14 00:11:57
 C:\WINDOWS\system32\uxtheme.dll handle: 5AD70000 size: 218624 crc: A4A915A5 date: 2008-04-14 00:12:08
 C:\WINDOWS\system32\SynTPFcs.dll handle: 63000000 size: 69722 crc: 05E01724 date: 2004-11-04 18:39:58
 C:\WINDOWS\system32\VERSION.dll handle: 77C00000 size: 18944 crc: 558B1DAF date: 2008-04-14 00:12:08
 C:\WINDOWS\system32\MSCTF.dll handle: 74720000 size: 297984 crc: 392BE0B0 date: 2008-04-14 00:11:58
 C:\WINDOWS\system32\msctfime.ime handle: 755C0000 size: 177152 crc: 6D3663FE date: 2008-04-14 00:10:06
 C:\WINDOWS\system32\ole32.dll handle: 774E0000 size: 1287168 crc: 3908D33A date: 2008-04-14 00:12:02
 C:\WINDOWS\system32\CLBCATQ.DLL handle: 76FD0000 size: 498688 crc: F43789FF date: 2008-04-14 00:11:50
 C:\WINDOWS\system32\COMRes.dll handle: 77050000 size: 792064 crc: 868482D5 date: 2008-04-14 00:11:51
 C:\WINDOWS\system32\OLEAUT32.dll handle: 77120000 size: 551936 crc: 1EE83658 date: 2008-04-14 00:12:02
 C:\WINDOWS\system32\mslbui.dll handle: 605D0000 size: 25088 crc: D9D805D6 date: 2008-04-14 00:12:00
 C:\WINDOWS\system32\dmime.dll handle: 5C570000 size: 181248 crc: A021AC64 date: 2008-04-14 00:11:52
 C:\WINDOWS\system32\DSOUND.dll handle: 73F10000 size: 367616 crc: 33C2A52C date: 2008-04-14 00:11:52
 C:\WINDOWS\system32\dmusic.dll handle: 6C980000 size: 104448 crc: E9A2B682 date: 2008-04-14 00:11:52
 C:\WINDOWS\system32\KsUser.dll handle: 73EE0000 size: 4096 crc: BD8E6BD9 date: 2008-04-14 00:11:56
 C:\WINDOWS\system32\dmsynth.dll handle: 6C9A0000 size: 103424 crc: 3E2BFB05 date: 2008-04-14 00:11:52
 C:\WINDOWS\system32\dmloader.dll handle: 6CA10000 size: 35840 crc: 9271DC2B date: 2008-04-14 00:11:52
 C:\WINDOWS\system32\mswsock.dll handle: 71A50000 size: 245248 crc: FBBA0828 date: 2008-06-20 17:46:57
 C:\WINDOWS\system32\hnetcfg.dll handle: 662B0000 size: 344064 crc: 96358152 date: 2008-04-14 00:11:54
 C:\WINDOWS\System32\wshtcpip.dll handle: 71A90000 size: 19456 crc: F5533E87 date: 2008-04-14 00:12:10
 C:\Program Files\windows journal\nbmaptip.dll handle: 021D0000 size: 23552 crc: 6D2B38ED date: 2002-08-29 05:41:08
 C:\Program Files\Common Files\Microsoft Shared\Ink\tiptsf.dll handle: 47FB0000 size: 210944 crc: 56E45FB8 date: 2008-04-14 00:12:07
 C:\WINDOWS\system32\OLEACC.dll handle: 74C80000 size: 163328 crc: 5E164907 date: 2004-08-04 08:00:00
 C:\WINDOWS\system32\MSVCP60.dll handle: 76080000 size: 413696 crc: D70BFB00 date: 2008-04-14 00:12:01
 C:\WINDOWS\system32\PSAPI.DLL handle: 76BF0000 size: 23040 crc: 75BBDCAD date: 2008-04-14 00:12:03
 C:\WINDOWS\ime\sptip.dll handle: 5C2C0000 size: 250368 crc: B54959C6 date: 2008-04-14 00:12:06
 C:\WINDOWS\IME\SPGRMR.DLL handle: 10000000 size: 62976 crc: FB6EB13A date: 2008-04-13 16:43:18
 C:\WINDOWS\system32\xpsp2res.dll handle: 02230000 size: 2897920 crc: BF6C4351 date: 2008-04-13 17:39:24
 C:\Program Files\Common Files\Microsoft Shared\Ink\tipcomponentsps.dll handle: 727D0000 size: 38912 crc: 795A20D5 date: 2008-04-14 00:12:07
 C:\WINDOWS\system32\dmstyle.dll handle: 6C9C0000 size: 105984 crc: 65DF8D9B date: 2008-04-14 00:11:52
 C:\WINDOWS\system32\dmband.dll handle: 6CBC0000 size: 28672 crc: B752817F date: 2008-04-14 00:11:52
 C:\WINDOWS\system32\msctfp.dll handle: 60E70000 size: 68608 crc: 5D8FED2F date: 2008-04-14 00:11:58
 C:\WINDOWS\system32\DNSAPI.dll handle: 76F20000 size: 147968 crc: 6145C1AF date: 2008-06-20 17:46:57
 C:\WINDOWS\system32\rasadhlp.dll handle: 76FC0000 size: 7680 crc: 3AB3D6CF date: 2008-04-14 00:12:03
 C:\Program Files\WIDCOMM\Bluetooth Software\btkeyind.dll handle: 028C0000 size: 53248 crc: 693EE90E date: 2005-05-31 13:30:48

---- gamelog start ----
Tick 0: new game started
     Revision text changed to 1.0.2, savegame version 138, not modified, _openttd_newgrf_version = 0x10284e20
     New game mode: 1 landscape: 0
---- gamelog end ----

*** End of OpenTTD Crash Report ***
