*** OpenTTD Crash Report ***

Crash at: Wed Mar 21 20:26:34 2012
In game date: 2947-01-23 (39)

Crash reason:
 Signal:  Aborted (6)
 Message: Assertion failed at line 1001 of /build/src/openttd-1.2.0-RC3/src/newgrf_engine.cpp: !(e->u.air.subtype & AIR_CTOL)

OpenTTD version:
 Version:    1.2.0-RC3 (0)
 NewGRF ver: 12005dee
 Bits:       64
 Endian:     little
 Dedicated:  no
 Build date: Mar 21 2012 13:34:16

Stacktrace:
 [00] openttd(_ZNK12CrashLogUnix13LogStacktraceEPcPKc+0x37) [0x6a36a7]
 [01] openttd(_ZNK8CrashLog12FillCrashLogEPcPKc+0xec) [0x59614c]
 [02] openttd(_ZNK8CrashLog12MakeCrashLogEv+0x74) [0x5963e4]
 [03] openttd() [0x6a3609]
 [04] openttd() [0x6f51d9]
 [05] /lib/libc.so.6(+0x349f0) [0x7f5d4119f9f0]
 [06] /lib/libc.so.6(gsignal+0x35) [0x7f5d4119f975]
 [07] /lib/libc.so.6(abort+0x17b) [0x7f5d411a0deb]
 [08] openttd() [0x691ecf]
 [09] openttd(_Z22GetRotorOverrideSpritetPK8Aircraftb15EngineImageType+0x1d7) [0x66e977]
 [10] openttd(_Z13GetRotorImagePK8Aircraft15EngineImageType+0x45) [0x55bdb5]
 [11] openttd(_Z17AfterLoadVehiclesb+0x840) [0x70ffe0]
 [12] openttd(_Z13AfterLoadGamev+0x6e8) [0x6f6df8]
 [13] openttd() [0x708dd9]
 [14] openttd(_Z10SaveOrLoadPKci12Subdirectoryb+0x179) [0x70b359]
 [15] openttd(_Z8SafeLoadPKci8GameMode12SubdirectoryP10LoadFilter+0xac) [0x69380c]
 [16] openttd(_Z12SwitchToMode10SwitchMode+0x344) [0x693b94]
 [17] openttd(_Z8GameLoopv+0x52) [0x694802]
 [18] openttd(_ZN15VideoDriver_SDL8MainLoopEv+0x1bf) [0x7c969f]
 [19] openttd(_Z8ttd_mainiPPc+0xdcb) [0x69303b]
 [20] /lib/libc.so.6(__libc_start_main+0xed) [0x7f5d4118c38d]
 [21] openttd() [0x4f1561]

Operating system:
 Name:     Linux
 Release:  3.3.0-1-ARCH
 Version:  #1 SMP PREEMPT Mon Mar 19 10:03:33 CET 2012
 Machine:  x86_64
 Compiler: GCC 4.6.3 "4.6.3"

Configuration:
 Blitter:      8bpp-optimized
 Graphics set: original_windows (0)
 Language:     /usr/share/openttd/lang/english.lng
 Music driver: extmidi
 Music set:    OpenMSX (96)
 Network:      no
 Sound driver: sdl
 Sound set:    OpenSFX (87)
 Video driver: sdl

AI Configuration (local: 0):
  0: Human

Libraries:
 FontConfig: 2.8.0
 FreeType:   2.4.9
 ICU:        4.8.1.1
 LZMA:       5.0.3
 LZO:        2.06
 PNG:        1.5.9
 SDL:        1.2.15
 Zlib:       1.2.6

---- gamelog start ----
Tick 21306: game loaded
     Conversion from OTTD savegame without gamelog: version 92, 0
     Revision text changed to 0.7.0, savegame version 116, maybe modified, _openttd_newgrf_version = 0x07083e29
     New game mode: 1 landscape: 0
     Added NewGRF: GRF ID 5463C002, checksum 225853AB4CD4BD86D312B1269FF9CD12, filename: unifont.grf (md5sum matches)
Tick 43846: GRF config changed
     Added NewGRF: GRF ID 6D620004, checksum 70649F1AFC954942173B0AA89C1E8B14, filename: newshipsw.grf (md5sum matches)
     Added NewGRF: GRF ID 659E5728, checksum FED34CAF200387A091F5E59911060746, filename: newshipsmod2.grf (md5sum matches)
Tick 63194: GRF config changed
     Added NewGRF: GRF ID 425F0101, checksum 5E6DC9FD3D9364AC6ABE21E6B4D8CE3E, filename: very_large_ships.0.1/vl_shipw.grf (md5sum matches)
Tick 6667: GRF config changed
     Added NewGRF: GRF ID 41501201, checksum 3E3E0EDFCC281DD3485515ED46618D34, filename: heqs_heavy_equipment_set-0.7.1/heqs.grf (matches GRFID only)
Tick 14709: GRF config changed
     GRF order changed: 425F0101 moved 2 places upGRF ID 425F0101, filename: very_large_ships.0.1/vl_shipw.grf (md5sum matches)
Tick 15727: GRF config changed
     Removed NewGRF: GRF ID 425F0101, filename: very_large_ships.0.1/vl_shipw.grf (md5sum matches)
Tick 16377: GRF config changed
     Removed NewGRF: GRF ID 659E5728, filename: newshipsmod2.grf (md5sum matches)
Tick 17405: GRF config changed
     Removed NewGRF: GRF ID 6D620004, filename: newshipsw.grf (md5sum matches)
     Added NewGRF: GRF ID 425F0101, checksum 5E6DC9FD3D9364AC6ABE21E6B4D8CE3E, filename: very_large_ships.0.1/vl_shipw.grf (md5sum matches)
Tick 18763: GRF config changed
     Added NewGRF: GRF ID 6D620004, checksum 70649F1AFC954942173B0AA89C1E8B14, filename: newshipsw.grf (md5sum matches)
     Removed NewGRF: GRF ID 425F0101, filename: very_large_ships.0.1/vl_shipw.grf (md5sum matches)
Tick 19380: GRF config changed
     Added NewGRF: GRF ID 659E5728, checksum FED34CAF200387A091F5E59911060746, filename: newshipsmod2.grf (md5sum matches)
Tick 6786: game loaded
     Revision text changed to 0.7.1, savegame version 116, maybe modified, _openttd_newgrf_version = 0x0718409c
Tick 12435: game loaded
     Revision text changed to 0.7.0, savegame version 116, maybe modified, _openttd_newgrf_version = 0x07083e29
Tick 18578: game loaded
     Revision text changed to 0.7.1, savegame version 116, maybe modified, _openttd_newgrf_version = 0x0718409c
Tick 36432: GRF config changed
     Added NewGRF: GRF ID 425F0101, checksum 5E6DC9FD3D9364AC6ABE21E6B4D8CE3E, filename: very_large_ships.0.1/vl_shipw.grf (md5sum matches)
Tick 53210: GRF config changed
     Added NewGRF: GRF ID 4A530459, checksum 4567B275895E5B665FB51119A69ED140, unknown GRF
     Removed NewGRF: GRF ID 425F0101, filename: very_large_ships.0.1/vl_shipw.grf (md5sum matches)
Tick 1521: GRF config changed
     Added NewGRF: GRF ID 425F0101, checksum 5E6DC9FD3D9364AC6ABE21E6B4D8CE3E, filename: very_large_ships.0.1/vl_shipw.grf (md5sum matches)
     GRF order changed: 6D620004 moved 1 places downGRF ID 6D620004, filename: newshipsw.grf (md5sum matches)
Tick 3101: GRF config changed
     GRF order changed: 659E5728 moved 1 places downGRF ID 659E5728, filename: newshipsmod2.grf (md5sum matches)
Tick 12441: GRF config changed
     Added NewGRF: GRF ID 44440A03, checksum 6205E0297104502240D946EC26B195CA, unknown GRF
Tick 14570: GRF config changed
     Removed NewGRF: GRF ID 44440A03, unknown GRF
Tick 15525: GRF config changed
     Added NewGRF: GRF ID 535A0D00, checksum F6E463B7A91BF65DD9D08706D07B7C50, filename: japanese_train_set.2.1a/jptrains2w.grf (matches GRFID only)
Tick 17761: GRF config changed
     Removed NewGRF: GRF ID 535A0D00, filename: japanese_train_set.2.1a/jptrains2w.grf (matches GRFID only)
Tick 18493: GRF config changed
     Added NewGRF: GRF ID 535A0D00, checksum F6E463B7A91BF65DD9D08706D07B7C50, filename: japanese_train_set.2.1a/jptrains2w.grf (matches GRFID only)
Tick 19193: GRF config changed
     Removed NewGRF: GRF ID 535A0D00, filename: japanese_train_set.2.1a/jptrains2w.grf (matches GRFID only)
Tick 4342: cheat was used
     New game mode: 1 landscape: 1
Tick 4467: cheat was used
     New game mode: 1 landscape: 2
Tick 4543: cheat was used
     New game mode: 1 landscape: 3
Tick 4583: cheat was used
     New game mode: 1 landscape: 0
Tick 31726: GRF config changed
     Added NewGRF: GRF ID 4D570102, checksum 8C41066F2430A1762047AB077B51EE63, filename: hover_bus.1.0/hoverbus_1.0.grf (md5sum matches)
Tick 39253: GRF config changed
     Added NewGRF: GRF ID 274C2348, checksum E44A7D977D1980908B1DBF09F73F514C, filename: db_double_deck_coaches.v0.1/dbddw.grf (md5sum matches)
Tick 48728: game loaded
     Revision text changed to 0.7.2, savegame version 116, maybe modified, _openttd_newgrf_version = 0x07284272
Tick 57672: GRF config changed
     GRF order changed: 41501201 moved 6 places downGRF ID 41501201, filename: heqs_heavy_equipment_set-0.7.1/heqs.grf (matches GRFID only)
     Added NewGRF: GRF ID 41501201, checksum 4D8604EE336EB60F31A16462804ECE07, filename: heqs_heavy_equipment_set-0.7.1/heqs.grf (matches GRFID only). Gamelog inconsistency: GrfID was already added!
     Added NewGRF: GRF ID 4A530101, checksum 9C78028CB9346C54D73F296250C104A8, unknown GRF
Tick 40487: GRF config changed
     Added NewGRF: GRF ID 4D656F97, checksum BB3FC538A97BABA2D7F07F4851551E02, filename: ecs_agricultural_vector-1.1.219jun2011/ecsagri.grf (matches GRFID only)
Tick 62704: GRF config changed
     Added NewGRF: GRF ID 52571201, checksum C1C7D8C53EB7E74EEE2F0EF29638B466, filename: egrvts.1.0/egrvts.grf (md5sum matches)
Tick 50672: GRF config changed
     GRF order changed: 4D656F97 moved 8 places upGRF ID 4D656F97, filename: ecs_agricultural_vector-1.1.219jun2011/ecsagri.grf (matches GRFID only)
     Added NewGRF: GRF ID 56430001, checksum AF3E0A1E6EF0B98DB966594578D1775B, filename: total_town_replacement_set-3.02a/ttrs3w.grf (md5sum matches)
Tick 17712: GRF config changed
     Added NewGRF: GRF ID 6D620800, checksum 9ACB10291DFAFADEFD043DE36DD8A8E0, unknown GRF
Tick 23046: GRF config changed
     Added NewGRF: GRF ID 535A0D00, checksum F6E463B7A91BF65DD9D08706D07B7C50, filename: japanese_train_set.2.1a/jptrains2w.grf (matches GRFID only)
Tick 25250: GRF config changed
     Removed NewGRF: GRF ID 535A0D00, filename: japanese_train_set.2.1a/jptrains2w.grf (matches GRFID only)
Tick 26480: GRF config changed
     Added NewGRF: GRF ID 6D620401, checksum C5ACB6D5536A464FD78871D91840A35F, unknown GRF
Tick 27421: GRF config changed
     Removed NewGRF: GRF ID 6D620800, unknown GRF
Tick 28248: GRF config changed
     Added NewGRF: GRF ID 50560006, checksum 66C1CE2308CDE9995FEEA3E7FC2E4FA4, unknown GRF
Tick 28372: GRF config changed
     Added NewGRF: GRF ID 54570101, checksum 0F9D6371C81600418D712C51845C97FB, unknown GRF
Tick 28372: GRF config changed
     Removed NewGRF: GRF ID 6D620401, unknown GRF
     Added NewGRF: GRF ID 535A0D00, checksum F6E463B7A91BF65DD9D08706D07B7C50, filename: japanese_train_set.2.1a/jptrains2w.grf (matches GRFID only)
Tick 30016: GRF config changed
     Removed NewGRF: GRF ID 50560006, unknown GRF
     Removed NewGRF: GRF ID 54570101, unknown GRF
     Removed NewGRF: GRF ID 535A0D00, filename: japanese_train_set.2.1a/jptrains2w.grf (matches GRFID only)
Tick 48253: GRF config changed
     Added NewGRF: GRF ID 4444F000, checksum 875F485E4DB617B27C58543C4000F0FB, filename: old_wagons_new_cargos.1.1/oldwagons-newcargos.grf (md5sum matches)
Tick 45382: GRF config changed
     GRF order changed: 41501201 moved 7 places upGRF ID 41501201, filename: heqs_heavy_equipment_set-0.7.1/heqs.grf (matches GRFID only)
Tick 65422: GRF config changed
     GRF order changed: 425F0101 moved 3 places upGRF ID 425F0101, filename: very_large_ships.0.1/vl_shipw.grf (md5sum matches)
Tick 491: GRF config changed
     Removed NewGRF: GRF ID 6D620004, filename: newshipsw.grf (md5sum matches)
     Removed NewGRF: GRF ID 659E5728, filename: newshipsmod2.grf (md5sum matches)
Tick 2655: GRF config changed
     Added NewGRF: GRF ID 6D620004, checksum 70649F1AFC954942173B0AA89C1E8B14, filename: newshipsw.grf (md5sum matches)
     Added NewGRF: GRF ID 659E5728, checksum FED34CAF200387A091F5E59911060746, filename: newshipsmod2.grf (md5sum matches)
Tick 55058: GRF config changed
     Added NewGRF: GRF ID 11223301, checksum 13C4DF2BBA3CF9DD9BA8BDB05D07BA14, filename: 2cc_chimaera_addon.2/chim.grf (matches GRFID only)
Tick 60852: GRF config changed
     Added NewGRF: GRF ID 27711002, checksum 3E2A2578101FFB3DD8AFC451CC43C8D0, filename: 2cc_trainset.1.0.1/2cctrainset.grf (md5sum matches)
Tick 63845: GRF config changed
     Removed NewGRF: GRF ID 27711002, filename: 2cc_trainset.1.0.1/2cctrainset.grf (md5sum matches)
     Removed NewGRF: GRF ID 11223301, filename: 2cc_chimaera_addon.2/chim.grf (matches GRFID only)
Tick 64901: GRF config changed
     Added NewGRF: GRF ID 27711002, checksum 4F02B0D8A57794BA4DEC7D4E74F70AAE, filename: 2cc_trainset.1.0.1/2cctrainset.grf (matches GRFID only)
     Added NewGRF: GRF ID 11223301, checksum 13C4DF2BBA3CF9DD9BA8BDB05D07BA14, filename: 2cc_chimaera_addon.2/chim.grf (matches GRFID only)
Tick 338: GRF config changed
     Removed NewGRF: GRF ID 27711002, filename: 2cc_trainset.1.0.1/2cctrainset.grf (matches GRFID only)
     Removed NewGRF: GRF ID 11223301, filename: 2cc_chimaera_addon.2/chim.grf (matches GRFID only)
Tick 1738: GRF config changed
     Added NewGRF: GRF ID 4D656F20, checksum AF1743DB868B83972E2C6BD3F2E8180E, unknown GRF
Tick 44166: settings changed
     Setting changed: order.improved_load : 1 -> 0
Tick 44587: settings changed
     Setting changed: order.improved_load : 0 -> 1
Tick 4048: GRF config changed
     Added NewGRF: GRF ID 54570604, checksum 09E2627CACBE087959BCD2B86A07DB4E, unknown GRF
Tick 9548: GRF config changed
     Removed NewGRF: GRF ID 54570604, unknown GRF
Tick 50788: settings changed
     Setting changed: vehicle.servint_ispercent : 0 -> 1
Tick 50806: settings changed
     Setting changed: vehicle.servint_ispercent : 1 -> 0
Tick 50821: settings changed
     Setting changed: vehicle.servint_ispercent : 0 -> 1
Tick 50862: settings changed
     Setting changed: vehicle.servint_ispercent : 1 -> 0
Tick 51135: settings changed
     Setting changed: vehicle.servint_ispercent : 0 -> 1
Tick 51162: settings changed
     Setting changed: vehicle.servint_ispercent : 1 -> 0
Tick 52184: settings changed
     Setting changed: vehicle.servint_ispercent : 0 -> 1
Tick 52204: settings changed
     Setting changed: vehicle.servint_ispercent : 1 -> 0
Tick 52216: settings changed
     Setting changed: vehicle.servint_ispercent : 0 -> 1
Tick 52253: settings changed
     Setting changed: vehicle.servint_ispercent : 1 -> 0
Tick 52276: settings changed
     Setting changed: vehicle.servint_ispercent : 0 -> 1
Tick 52304: settings changed
     Setting changed: vehicle.servint_ispercent : 1 -> 0
Tick 52319: settings changed
     Setting changed: vehicle.servint_ispercent : 0 -> 1
Tick 52443: settings changed
     Setting changed: vehicle.servint_ispercent : 1 -> 0
Tick 17400: game loaded
     Revision text changed to 0.7.3, savegame version 116, maybe modified, _openttd_newgrf_version = 0x0738450e
Tick 14097: GRF config changed
     Added NewGRF: GRF ID 52570103, checksum EDB2D26F9D81423734CA12412F309CF3, filename: generic_tram_set.0.4/generictrams.grf (md5sum matches)
Tick 59173: game loaded
     Revision text changed to 0.7.2, savegame version 116, maybe modified, _openttd_newgrf_version = 0x07284272
Tick 59042: game loaded
     Revision text changed to 0.7.3, savegame version 116, maybe modified, _openttd_newgrf_version = 0x0738450e
Tick 41898: settings changed
     Setting changed: vehicle.wagon_speed_limits : 1 -> 0
Tick 4715: GRF config changed
     GRF order changed: 4D656F97 moved 10 places downGRF ID 4D656F97, filename: ecs_agricultural_vector-1.1.219jun2011/ecsagri.grf (matches GRFID only)
     Added NewGRF: GRF ID 4D656F97, checksum 61963F35F0B82C895345D2B849E92B94, filename: ecs_agricultural_vector-1.1.219jun2011/ecsagri.grf (matches GRFID only). Gamelog inconsistency: GrfID was already added!
Tick 63538: GRF config changed
     Added NewGRF: GRF ID 57A50001, checksum 52DE8F250C218E524065141967AD40A8, filename: was_world_airliners_set-alpha2/was.grf (matches GRFID only)
Tick 10699: GRF config changed
     GRF order changed: 4D656F97 moved 1 places downGRF ID 4D656F97, filename: ecs_agricultural_vector-1.1.219jun2011/ecsagri.grf (matches GRFID only)
     Added NewGRF: GRF ID 4D656F97, checksum 259C114EE60AA36D21865B829D1694DB, filename: ecs_agricultural_vector-1.1.219jun2011/ecsagri.grf (matches GRFID only). Gamelog inconsistency: GrfID was already added!
Tick 61936: GRF config changed
     Added NewGRF: GRF ID 44501401, checksum 5F46A5DE67D0168B638A878FB2D49AEB, filename: japanese_maglevs.0.1/jpmaglevw.grf (md5sum matches)
Tick 64188: GRF config changed
     GRF order changed: 4A530101 moved 6 places upGRF ID 4A530101, unknown GRF
     Added NewGRF: GRF ID 4D656F17, checksum 9FBA916CA3C6951B473487615A07B816, unknown GRF
Tick 64188: GRF config changed
     GRF order changed: 4D656F97 moved 4 places upGRF ID 4D656F97, filename: ecs_agricultural_vector-1.1.219jun2011/ecsagri.grf (matches GRFID only)
Tick 13097: GRF config changed
     Removed NewGRF: GRF ID 4D656F17, unknown GRF
     Removed NewGRF: GRF ID 4D656F20, unknown GRF
Tick 21346: GRF config changed
     Removed NewGRF: GRF ID 44501401, filename: japanese_maglevs.0.1/jpmaglevw.grf (md5sum matches)
Tick 11083: game loaded
     Revision text changed to 0.7.4, savegame version 116, maybe modified, _openttd_newgrf_version = 0x074847b3
Tick 25182: GRF config changed
     Added NewGRF: GRF ID 44460000, checksum 794F4247978D52C300939D120EA29176, filename: openttd_plus.0.1/ottdpp.grf (md5sum matches)
Tick 59400: GRF config changed
     GRF order changed: 41501201 moved 10 places downGRF ID 41501201, filename: heqs_heavy_equipment_set-0.7.1/heqs.grf (matches GRFID only)
     Added NewGRF: GRF ID 41501201, checksum EA78B4A4D65274D502DA7B896819ECEF, filename: heqs_heavy_equipment_set-0.7.1/heqs.grf (matches GRFID only). Gamelog inconsistency: GrfID was already added!
Tick 19852: game loaded
     Revision text changed to 0.7.5-RC1, savegame version 116, maybe modified, _openttd_newgrf_version = 0x07504845
Tick 29205: game loaded
     Revision text changed to 1.0.0-beta1, savegame version 132, maybe modified, _openttd_newgrf_version = 0x100048bf
Tick 52894: game loaded
     Revision text changed to 1.0.0-beta2, savegame version 135, maybe modified, _openttd_newgrf_version = 0x1000492f
Tick 44583: GRF config changed
     Removed NewGRF: GRF ID 52571201, filename: egrvts.1.0/egrvts.grf (md5sum matches)
     Removed NewGRF: GRF ID 52570103, filename: generic_tram_set.0.4/generictrams.grf (md5sum matches)
Tick 45981: GRF config changed
     Added NewGRF: GRF ID 52571201, checksum C1C7D8C53EB7E74EEE2F0EF29638B466, filename: egrvts.1.0/egrvts.grf (md5sum matches)
Tick 21043: GRF config changed
     GRF order changed: 52571201 moved 10 places downGRF ID 52571201, filename: egrvts.1.0/egrvts.grf (md5sum matches)
     Added NewGRF: GRF ID 52571201, checksum C1C7D8C53EB7E74EEE2F0EF29638B466, filename: egrvts.1.0/egrvts.grf (md5sum matches). Gamelog inconsistency: GrfID was already added!
Tick 33286: game loaded
     Revision text changed to 1.0.0-beta3, savegame version 136, maybe modified, _openttd_newgrf_version = 0x100849b7
Tick 5971: game loaded
     Revision text changed to norev000, savegame version 138, maybe modified, _openttd_newgrf_version = 0x10000000
Tick 40594: game loaded
     Revision text changed to 1.0.0-beta4, savegame version 138, maybe modified, _openttd_newgrf_version = 0x10004a40
Tick 55367: settings changed
     Setting changed: order.improved_load : 1 -> 0
Tick 15752: settings changed
     Setting changed: order.improved_load : 0 -> 1
Tick 38616: settings changed
     Setting changed: order.improved_load : 1 -> 0
Tick 38767: settings changed
     Setting changed: order.improved_load : 0 -> 1
Tick 9696: settings changed
     Setting changed: order.improved_load : 1 -> 0
Tick 39121: game loaded
     Revision text changed to 1.0.0-RC1, savegame version 138, maybe modified, _openttd_newgrf_version = 0x10004ad5
Tick 754: game loaded
     Revision text changed to 1.0.0-RC2, savegame version 138, maybe modified, _openttd_newgrf_version = 0x10004b71
Tick 52169: settings changed
     Setting changed: order.improved_load : 0 -> 1
Tick 12914: settings changed
     Setting changed: order.improved_load : 1 -> 0
Tick 2084: game loaded
     Revision text changed to 1.0.0-RC3, savegame version 138, maybe modified, _openttd_newgrf_version = 0x10004bf7
Tick 17150: game loaded
     Revision text changed to 1.0.0, savegame version 138, maybe modified, _openttd_newgrf_version = 0x10084c4a
Tick 46558: GRF config changed
     GRF order changed: 4D656F97 moved 2 places upGRF ID 4D656F97, filename: ecs_agricultural_vector-1.1.219jun2011/ecsagri.grf (matches GRFID only)
Tick 46195: GRF config changed
     GRF order changed: 4A530101 moved 11 places downGRF ID 4A530101, unknown GRF
     Added NewGRF: GRF ID 4A530101, checksum 9C78028CB9346C54D73F296250C104A8, unknown GRF. Gamelog inconsistency: GrfID was already added!
Tick 20116: GRF config changed
     GRF order changed: 4A530101 moved 12 places upGRF ID 4A530101, unknown GRF
     Removed NewGRF: GRF ID 4A530101, unknown GRF
Tick 36811: game loaded
     Revision text changed to 1.0.1-RC2, savegame version 138, maybe modified, _openttd_newgrf_version = 0x10104cec
Tick 62855: GRF config changed
     Added NewGRF: GRF ID 44440A01, checksum EFEE1435093730D3DA55BDF69653CADC, filename: av8_aviators_aircraft_set-1.81/pb_av8w.grf (matches GRFID only)
Tick 63164: GRF config changed
     GRF order changed: 44440A01 moved 8 places upGRF ID 44440A01, filename: av8_aviators_aircraft_set-1.81/pb_av8w.grf (matches GRFID only)
     Removed NewGRF: GRF ID 44440A01, filename: av8_aviators_aircraft_set-1.81/pb_av8w.grf (matches GRFID only)
Tick 63905: GRF config changed
     GRF order changed: 44440A01 moved 5 places upGRF ID 44440A01, filename: av8_aviators_aircraft_set-1.81/pb_av8w.grf (matches GRFID only). Gamelog inconsistency: GrfID was never added!
Tick 56776: game loaded
     Revision text changed to 1.0.1, savegame version 138, maybe modified, _openttd_newgrf_version = 0x10184d1e
     Compatible NewGRF loaded: GRF ID 4D656F97, checksum 259C114EE60AA36D21865B829D1694DB, filename: ecs_agricultural_vector-1.1.219jun2011/ecsagri.grf (matches GRFID only)
     Compatible NewGRF loaded: GRF ID 41501201, checksum 795227412A6D9915FD5BE1178BC161FA, filename: heqs_heavy_equipment_set-0.7.1/heqs.grf (matches GRFID only)
Tick 8632: GRF config changed
     GRF order changed: 44440A01 moved 1 places downGRF ID 44440A01, filename: av8_aviators_aircraft_set-1.81/pb_av8w.grf (matches GRFID only). Gamelog inconsistency: GrfID was never added!
Tick 9407: GRF config changed
     Removed NewGRF: GRF ID 4A530101, unknown GRF. Gamelog inconsistency: GrfID was never added!
Tick 12045: GRF config changed
     GRF order changed: 44440A01 moved 12 places downGRF ID 44440A01, filename: av8_aviators_aircraft_set-1.81/pb_av8w.grf (matches GRFID only). Gamelog inconsistency: GrfID was never added!
     Added NewGRF: GRF ID 44440A01, checksum EFEE1435093730D3DA55BDF69653CADC, filename: av8_aviators_aircraft_set-1.81/pb_av8w.grf (matches GRFID only)
Tick 12392: GRF config changed
     Removed NewGRF: GRF ID 4A530459, unknown GRF
Tick 12392: GRF config changed
     Removed NewGRF: GRF ID 44440A01, filename: av8_aviators_aircraft_set-1.81/pb_av8w.grf (matches GRFID only)
Tick 12392: GRF config changed
     Added NewGRF: GRF ID 4A530459, checksum 4567B275895E5B665FB51119A69ED140, unknown GRF
Tick 12392: GRF config changed
     Removed NewGRF: GRF ID 4A530459, unknown GRF
Tick 56511: settings changed
     Setting changed: order.improved_load : 0 -> 1
Tick 59045: settings changed
     Setting changed: order.gradual_loading : 1 -> 0
Tick 59845: settings changed
     Setting changed: order.gradual_loading : 0 -> 1
Tick 2987: settings changed
     Setting changed: order.improved_load : 1 -> 0
Tick 20691: GRF config changed
     Added NewGRF: GRF ID 05102002, checksum A8B77B8D1F20D43B6FA521B4C3A8FC50, filename: monolev_replacement_set_v0.3.6-0.3.7/mrsv037.grf (md5sum matches)
Tick 26856: GRF config changed
     Removed NewGRF: GRF ID 05102002, filename: monolev_replacement_set_v0.3.6-0.3.7/mrsv037.grf (md5sum matches)
Tick 19565: game loaded
     Revision text changed to 1.0.2-RC1, savegame version 138, maybe modified, _openttd_newgrf_version = 0x10204de3
Tick 57681: game loaded
     Revision text changed to 1.0.2, savegame version 138, maybe modified, _openttd_newgrf_version = 0x10284e20
Tick 33836: GRF config changed
     Added NewGRF: GRF ID 44440A03, checksum 6205E0297104502240D946EC26B195CA, unknown GRF
Tick 34561: GRF config changed
     Removed NewGRF: GRF ID 44440A03, unknown GRF
Tick 17416: GRF config changed
     Added NewGRF: GRF ID 414E0101, checksum 322DD58293D6625097F4A893ABD01850, filename: fish_ship_set-0.9.2/fish.grf (matches GRFID only)
Tick 17416: GRF config changed
     Compatible NewGRF loaded: GRF ID 41501201, checksum 739B8552107144F8F7C01E9D456313DC, filename: heqs_heavy_equipment_set-0.7.1/heqs.grf (matches GRFID only)
     Removed NewGRF: GRF ID 414E0101, filename: fish_ship_set-0.9.2/fish.grf (matches GRFID only)
Tick 9647: settings changed
     Setting changed: order.improved_load : 0 -> 1
Tick 24718: settings changed
     Setting changed: order.improved_load : 1 -> 0
Tick 24791: settings changed
     Setting changed: order.gradual_loading : 1 -> 0
Tick 25235: settings changed
     Setting changed: order.gradual_loading : 0 -> 1
Tick 37023: GRF config changed
     Added NewGRF: GRF ID F1250020, checksum E149C035024C30935CAC29AEA2A94A23, unknown GRF
Tick 37023: GRF config changed
     GRF order changed: 425F0101 moved 2 places upGRF ID 425F0101, filename: very_large_ships.0.1/vl_shipw.grf (md5sum matches)
     Removed NewGRF: GRF ID F1250020, unknown GRF
Tick 37023: GRF config changed
     GRF order changed: 425F0101 moved 2 places downGRF ID 425F0101, filename: very_large_ships.0.1/vl_shipw.grf (md5sum matches)
Tick 37023: GRF config changed
     Removed NewGRF: GRF ID 425F0101, filename: very_large_ships.0.1/vl_shipw.grf (md5sum matches)
Tick 37023: GRF config changed
     Added NewGRF: GRF ID 425F0101, checksum 5E6DC9FD3D9364AC6ABE21E6B4D8CE3E, filename: very_large_ships.0.1/vl_shipw.grf (md5sum matches)
Tick 31677: GRF config changed
     Removed NewGRF: GRF ID 6D620004, filename: newshipsw.grf (md5sum matches)
     Removed NewGRF: GRF ID 659E5728, filename: newshipsmod2.grf (md5sum matches)
Tick 35640: GRF config changed
     Added NewGRF: GRF ID 6D620004, checksum 70649F1AFC954942173B0AA89C1E8B14, filename: newshipsw.grf (md5sum matches)
     Added NewGRF: GRF ID 659E5728, checksum FED34CAF200387A091F5E59911060746, filename: newshipsmod2.grf (md5sum matches)
Tick 39365: GRF config changed
     GRF order changed: 425F0101 moved 2 places downGRF ID 425F0101, filename: very_large_ships.0.1/vl_shipw.grf (md5sum matches)
     Added NewGRF: GRF ID 425F0101, checksum 5E6DC9FD3D9364AC6ABE21E6B4D8CE3E, filename: very_large_ships.0.1/vl_shipw.grf (md5sum matches). Gamelog inconsistency: GrfID was already added!
Tick 41401: GRF config changed
     GRF order changed: 659E5728 moved 11 places upGRF ID 659E5728, filename: newshipsmod2.grf (md5sum matches)
     GRF order changed: 6D620004 moved 10 places upGRF ID 6D620004, filename: newshipsw.grf (md5sum matches)
Tick 42145: GRF config changed
     GRF order changed: 659E5728 moved 11 places downGRF ID 659E5728, filename: newshipsmod2.grf (md5sum matches)
     GRF order changed: 6D620004 moved 12 places downGRF ID 6D620004, filename: newshipsw.grf (md5sum matches)
     Added NewGRF: GRF ID 659E5728, checksum FED34CAF200387A091F5E59911060746, filename: newshipsmod2.grf (md5sum matches). Gamelog inconsistency: GrfID was already added!
     Added NewGRF: GRF ID 6D620004, checksum 70649F1AFC954942173B0AA89C1E8B14, filename: newshipsw.grf (md5sum matches). Gamelog inconsistency: GrfID was already added!
Tick 42292: GRF config changed
     GRF order changed: 659E5728 moved 1 places downGRF ID 659E5728, filename: newshipsmod2.grf (md5sum matches)
     Added NewGRF: GRF ID 659E5728, checksum FED34CAF200387A091F5E59911060746, filename: newshipsmod2.grf (md5sum matches). Gamelog inconsistency: GrfID was already added!
Tick 43007: GRF config changed
     GRF order changed: 425F0101 moved 2 places downGRF ID 425F0101, filename: very_large_ships.0.1/vl_shipw.grf (md5sum matches)
     Added NewGRF: GRF ID 425F0101, checksum 5E6DC9FD3D9364AC6ABE21E6B4D8CE3E, filename: very_large_ships.0.1/vl_shipw.grf (md5sum matches). Gamelog inconsistency: GrfID was already added!
Tick 43834: GRF config changed
     GRF order changed: 6D620004 moved 6 places upGRF ID 6D620004, filename: newshipsw.grf (md5sum matches)
     GRF order changed: 659E5728 moved 7 places upGRF ID 659E5728, filename: newshipsmod2.grf (md5sum matches)
Tick 44979: GRF config changed
     GRF order changed: 6D620004 moved 7 places downGRF ID 6D620004, filename: newshipsw.grf (md5sum matches)
     GRF order changed: 659E5728 moved 8 places downGRF ID 659E5728, filename: newshipsmod2.grf (md5sum matches)
     Added NewGRF: GRF ID 6D620004, checksum 70649F1AFC954942173B0AA89C1E8B14, filename: newshipsw.grf (md5sum matches). Gamelog inconsistency: GrfID was already added!
     Added NewGRF: GRF ID 659E5728, checksum FED34CAF200387A091F5E59911060746, filename: newshipsmod2.grf (md5sum matches). Gamelog inconsistency: GrfID was already added!
Tick 46405: GRF config changed
     GRF order changed: 425F0101 moved 2 places downGRF ID 425F0101, filename: very_large_ships.0.1/vl_shipw.grf (md5sum matches)
     Added NewGRF: GRF ID 425F0101, checksum 5E6DC9FD3D9364AC6ABE21E6B4D8CE3E, filename: very_large_ships.0.1/vl_shipw.grf (md5sum matches). Gamelog inconsistency: GrfID was already added!
Tick 22659: GRF config changed
     Added NewGRF: GRF ID 535A0901, checksum BECE0FB994E34EBDF6DB76EC3B566914, filename: purno_s_new_railway_fence.1/fencew.grf (md5sum matches)
Tick 23269: GRF config changed
     Added NewGRF: GRF ID 48420807, checksum 020A92868F6CEDD4C04172A76C06A3BE, filename: close_down_banks_watertowerpow-v0.2/close down bank watertowerw v0.2.grf (md5sum matches)
Tick 7340: GRF config changed
     Removed NewGRF: GRF ID 48420807, filename: close_down_banks_watertowerpow-v0.2/close down bank watertowerw v0.2.grf (md5sum matches)
Tick 24032: game loaded
     Revision text changed to 1.0.3-RC1, savegame version 138, maybe modified, _openttd_newgrf_version = 0x10304ed3
Tick 28802: game loaded
     Revision text changed to 1.0.3, savegame version 138, maybe modified, _openttd_newgrf_version = 0x10384f2b
     Compatible NewGRF loaded: GRF ID 41501201, checksum C91BD14FAC7CA989FA0580DD7D792DD2, filename: heqs_heavy_equipment_set-0.7.1/heqs.grf (md5sum matches)
Tick 11475: cheat was used
     New game mode: 1 landscape: 3
Tick 11535: cheat was used
     New game mode: 1 landscape: 0
Tick 11551: cheat was used
     New game mode: 1 landscape: 1
Tick 11596: cheat was used
     New game mode: 1 landscape: 2
Tick 11649: cheat was used
     New game mode: 1 landscape: 3
Tick 11686: cheat was used
     New game mode: 1 landscape: 0
Tick 33911: game loaded
     Revision text changed to 1.0.4, savegame version 138, maybe modified, _openttd_newgrf_version = 0x10485145
Tick 24828: game loaded
     Revision text changed to 1.1.0-beta2, savegame version 155, maybe modified, _openttd_newgrf_version = 0x110054b1
Tick 9873: game loaded
     Revision text changed to 1.1.0-beta5, savegame version 159, maybe modified, _openttd_newgrf_version = 0x110055d0
Tick 11803: game loaded
     Revision text changed to 1.1.0-RC1, savegame version 160, maybe modified, _openttd_newgrf_version = 0x11005658
Tick 44455: game loaded
     Revision text changed to 1.1.0-RC2, savegame version 160, maybe modified, _openttd_newgrf_version = 0x110056a9
Tick 33257: game loaded
     Revision text changed to 1.1.1, savegame version 160, maybe modified, _openttd_newgrf_version = 0x11185800
Tick 28404: game loaded
     Revision text changed to 1.1.3, savegame version 160, not modified, _openttd_newgrf_version = 0x1138599a
     Compatible NewGRF loaded: GRF ID 4D656F97, checksum EDD51D4944C05B7C07872D68B0373069, filename: ecs_agricultural_vector-1.1.219jun2011/ecsagri.grf (md5sum matches)
     Compatible NewGRF loaded: GRF ID 57A50001, checksum 792E1A8AB892DE5FF0A758701FB06BFA, filename: was_world_airliners_set-alpha2/was.grf (md5sum matches)
Tick 46397: GRF config changed
     Removed NewGRF: GRF ID 41501201, filename: heqs_heavy_equipment_set-0.7.1/heqs.grf (md5sum matches)
     Added NewGRF: GRF ID 41501202, checksum 7FD3A30F749BFA5D5E1DF61326AD9B08, filename: heqs_heavy_equipment_set-1.5.1/heqs.grf (md5sum matches)
     Added NewGRF: GRF ID 444A5901, checksum 23CEC795D97265752C21EA8F02564A61, filename: vacuum_tube_train-0.22/vactrain.grf (md5sum matches)
Tick 46397: GRF config changed
     Removed NewGRF: GRF ID 41501202, filename: heqs_heavy_equipment_set-1.5.1/heqs.grf (md5sum matches)
Tick 46397: GRF config changed
     Added NewGRF: GRF ID 535A2330, checksum BEDFEED918FED648579C1A1245BFDA1E, filename: useable_default_aircraft-v2/use_airc.grf (md5sum matches)
Tick 46397: GRF config changed
     Added NewGRF: GRF ID 44440A01, checksum 231A4670430113EB9C5F2F46167D2220, filename: av8_aviators_aircraft_set-2.0/pb_av8w.grf (md5sum matches)
Tick 46397: GRF config changed
     Added NewGRF: GRF ID 4A530117, checksum F91008A3147057953E99C75BF8C15442, filename: ecs__firs_vehicle_set-2011.06.21/efrefit.grf (md5sum matches)
Tick 46397: GRF config changed
     Added NewGRF: GRF ID 414E0101, checksum 5D665C64693A438E3046C22666F46E08, filename: fish_ship_set-0.9.2/fish.grf (md5sum matches)
Tick 46397: GRF config changed
     Added NewGRF: GRF ID 50430201, checksum D3C9A0D36491BFAFA1131A5F4ADC520F, filename: refit_default_rvs-1.0/refit_rvs.grf (md5sum matches)
     Added NewGRF: GRF ID 4A4D0101, checksum 45B5C29ED97AACB48E026145905010D0, filename: sailing_ships-0.4/sailing_ships.grf (md5sum matches)
     Removed NewGRF: GRF ID 414E0101, filename: fish_ship_set-0.9.2/fish.grf (md5sum matches)
Tick 50614: settings changed
     Setting changed: construction.max_tunnel_length : 64 -> 65
Tick 50622: settings changed
     Setting changed: construction.max_tunnel_length : 65 -> 66
Tick 50628: settings changed
     Setting changed: construction.max_tunnel_length : 66 -> 67
Tick 50634: settings changed
     Setting changed: construction.max_tunnel_length : 67 -> 68
Tick 50640: settings changed
     Setting changed: construction.max_tunnel_length : 68 -> 69
Tick 50646: settings changed
     Setting changed: construction.max_tunnel_length : 69 -> 70
Tick 50689: settings changed
     Setting changed: construction.max_tunnel_length : 70 -> 69
Tick 50695: settings changed
     Setting changed: construction.max_tunnel_length : 69 -> 68
Tick 50701: settings changed
     Setting changed: construction.max_tunnel_length : 68 -> 67
Tick 50708: settings changed
     Setting changed: construction.max_tunnel_length : 67 -> 66
Tick 50714: settings changed
     Setting changed: construction.max_tunnel_length : 66 -> 65
Tick 50720: settings changed
     Setting changed: construction.max_tunnel_length : 65 -> 64
Tick 50726: settings changed
     Setting changed: construction.max_tunnel_length : 64 -> 63
Tick 50733: settings changed
     Setting changed: construction.max_tunnel_length : 63 -> 62
Tick 50739: settings changed
     Setting changed: construction.max_tunnel_length : 62 -> 61
Tick 50745: settings changed
     Setting changed: construction.max_tunnel_length : 61 -> 60
Tick 50751: settings changed
     Setting changed: construction.max_tunnel_length : 60 -> 59
Tick 50757: settings changed
     Setting changed: construction.max_tunnel_length : 59 -> 58
Tick 50763: settings changed
     Setting changed: construction.max_tunnel_length : 58 -> 57
Tick 50769: settings changed
     Setting changed: construction.max_tunnel_length : 57 -> 56
Tick 50775: settings changed
     Setting changed: construction.max_tunnel_length : 56 -> 55
Tick 50781: settings changed
     Setting changed: construction.max_tunnel_length : 55 -> 54
Tick 50787: settings changed
     Setting changed: construction.max_tunnel_length : 54 -> 53
Tick 50793: settings changed
     Setting changed: construction.max_tunnel_length : 53 -> 52
Tick 50802: settings changed
     Setting changed: construction.max_tunnel_length : 52 -> 51
Tick 50808: settings changed
     Setting changed: construction.max_tunnel_length : 51 -> 50
Tick 50814: settings changed
     Setting changed: construction.max_tunnel_length : 50 -> 49
Tick 50821: settings changed
     Setting changed: construction.max_tunnel_length : 49 -> 48
Tick 50830: settings changed
     Setting changed: construction.max_tunnel_length : 48 -> 47
Tick 50836: settings changed
     Setting changed: construction.max_tunnel_length : 47 -> 46
Tick 50843: settings changed
     Setting changed: construction.max_tunnel_length : 46 -> 45
Tick 50850: settings changed
     Setting changed: construction.max_tunnel_length : 45 -> 44
Tick 50857: settings changed
     Setting changed: construction.max_tunnel_length : 44 -> 43
Tick 50867: settings changed
     Setting changed: construction.max_tunnel_length : 43 -> 42
Tick 50873: settings changed
     Setting changed: construction.max_tunnel_length : 42 -> 41
Tick 50879: settings changed
     Setting changed: construction.max_tunnel_length : 41 -> 40
Tick 50886: settings changed
     Setting changed: construction.max_tunnel_length : 40 -> 39
Tick 50892: settings changed
     Setting changed: construction.max_tunnel_length : 39 -> 38
Tick 50899: settings changed
     Setting changed: construction.max_tunnel_length : 38 -> 37
Tick 50906: settings changed
     Setting changed: construction.max_tunnel_length : 37 -> 36
Tick 50913: settings changed
     Setting changed: construction.max_tunnel_length : 36 -> 35
Tick 50920: settings changed
     Setting changed: construction.max_tunnel_length : 35 -> 34
Tick 50927: settings changed
     Setting changed: construction.max_tunnel_length : 34 -> 33
Tick 50934: settings changed
     Setting changed: construction.max_tunnel_length : 33 -> 32
Tick 50940: settings changed
     Setting changed: construction.max_tunnel_length : 32 -> 31
Tick 50948: settings changed
     Setting changed: construction.max_tunnel_length : 31 -> 30
Tick 50956: settings changed
     Setting changed: construction.max_tunnel_length : 30 -> 29
Tick 51267: settings changed
     Setting changed: construction.max_tunnel_length : 29 -> 28
Tick 51273: settings changed
     Setting changed: construction.max_tunnel_length : 28 -> 27
Tick 51279: settings changed
     Setting changed: construction.max_tunnel_length : 27 -> 26
Tick 51286: settings changed
     Setting changed: construction.max_tunnel_length : 26 -> 25
Tick 51292: settings changed
     Setting changed: construction.max_tunnel_length : 25 -> 24
Tick 51298: settings changed
     Setting changed: construction.max_tunnel_length : 24 -> 23
Tick 51304: settings changed
     Setting changed: construction.max_tunnel_length : 23 -> 22
Tick 51311: settings changed
     Setting changed: construction.max_tunnel_length : 22 -> 21
Tick 51319: settings changed
     Setting changed: construction.max_tunnel_length : 21 -> 20
Tick 51325: settings changed
     Setting changed: construction.max_tunnel_length : 20 -> 19
Tick 51331: settings changed
     Setting changed: construction.max_tunnel_length : 19 -> 18
Tick 51338: settings changed
     Setting changed: construction.max_tunnel_length : 18 -> 17
Tick 51344: settings changed
     Setting changed: construction.max_tunnel_length : 17 -> 16
Tick 51354: settings changed
     Setting changed: construction.max_tunnel_length : 16 -> 15
Tick 51360: settings changed
     Setting changed: construction.max_tunnel_length : 15 -> 14
Tick 51366: settings changed
     Setting changed: construction.max_tunnel_length : 14 -> 13
Tick 51372: settings changed
     Setting changed: construction.max_tunnel_length : 13 -> 12
Tick 51378: settings changed
     Setting changed: construction.max_tunnel_length : 12 -> 11
Tick 51384: settings changed
     Setting changed: construction.max_tunnel_length : 11 -> 10
Tick 51390: settings changed
     Setting changed: construction.max_tunnel_length : 10 -> 9
Tick 51396: settings changed
     Setting changed: construction.max_tunnel_length : 9 -> 8
Tick 51402: settings changed
     Setting changed: construction.max_tunnel_length : 8 -> 7
Tick 51408: settings changed
     Setting changed: construction.max_tunnel_length : 7 -> 6
Tick 51415: settings changed
     Setting changed: construction.max_tunnel_length : 6 -> 5
Tick 51422: settings changed
     Setting changed: construction.max_tunnel_length : 5 -> 4
Tick 51429: settings changed
     Setting changed: construction.max_tunnel_length : 4 -> 3
Tick 51435: settings changed
     Setting changed: construction.max_tunnel_length : 3 -> 2
Tick 51441: settings changed
     Setting changed: construction.max_tunnel_length : 2 -> 1
Tick 51487: settings changed
     Setting changed: construction.max_tunnel_length : 1 -> 2
Tick 51494: settings changed
     Setting changed: construction.max_tunnel_length : 2 -> 3
Tick 51500: settings changed
     Setting changed: construction.max_tunnel_length : 3 -> 4
Tick 51506: settings changed
     Setting changed: construction.max_tunnel_length : 4 -> 5
Tick 51512: settings changed
     Setting changed: construction.max_tunnel_length : 5 -> 6
Tick 51519: settings changed
     Setting changed: construction.max_tunnel_length : 6 -> 7
Tick 51525: settings changed
     Setting changed: construction.max_tunnel_length : 7 -> 8
Tick 51531: settings changed
     Setting changed: construction.max_tunnel_length : 8 -> 9
Tick 51537: settings changed
     Setting changed: construction.max_tunnel_length : 9 -> 10
Tick 51543: settings changed
     Setting changed: construction.max_tunnel_length : 10 -> 11
Tick 51555: settings changed
     Setting changed: construction.max_tunnel_length : 11 -> 12
Tick 51570: settings changed
     Setting changed: construction.max_tunnel_length : 12 -> 13
Tick 51648: settings changed
     Setting changed: construction.max_tunnel_length : 13 -> 14
Tick 51656: settings changed
     Setting changed: construction.max_tunnel_length : 14 -> 15
Tick 51663: settings changed
     Setting changed: construction.max_tunnel_length : 15 -> 16
Tick 51670: settings changed
     Setting changed: construction.max_tunnel_length : 16 -> 17
Tick 51679: settings changed
     Setting changed: construction.max_tunnel_length : 17 -> 18
Tick 51687: settings changed
     Setting changed: construction.max_tunnel_length : 18 -> 19
Tick 51693: settings changed
     Setting changed: construction.max_tunnel_length : 19 -> 20
Tick 51699: settings changed
     Setting changed: construction.max_tunnel_length : 20 -> 21
Tick 51705: settings changed
     Setting changed: construction.max_tunnel_length : 21 -> 22
Tick 51711: settings changed
     Setting changed: construction.max_tunnel_length : 22 -> 23
Tick 51717: settings changed
     Setting changed: construction.max_tunnel_length : 23 -> 24
Tick 51723: settings changed
     Setting changed: construction.max_tunnel_length : 24 -> 25
Tick 51729: settings changed
     Setting changed: construction.max_tunnel_length : 25 -> 26
Tick 51735: settings changed
     Setting changed: construction.max_tunnel_length : 26 -> 27
Tick 51741: settings changed
     Setting changed: construction.max_tunnel_length : 27 -> 28
Tick 51747: settings changed
     Setting changed: construction.max_tunnel_length : 28 -> 29
Tick 51753: settings changed
     Setting changed: construction.max_tunnel_length : 29 -> 30
Tick 51759: settings changed
     Setting changed: construction.max_tunnel_length : 30 -> 31
Tick 51765: settings changed
     Setting changed: construction.max_tunnel_length : 31 -> 32
Tick 51771: settings changed
     Setting changed: construction.max_tunnel_length : 32 -> 33
Tick 51777: settings changed
     Setting changed: construction.max_tunnel_length : 33 -> 34
Tick 51783: settings changed
     Setting changed: construction.max_tunnel_length : 34 -> 35
Tick 51789: settings changed
     Setting changed: construction.max_tunnel_length : 35 -> 36
Tick 51795: settings changed
     Setting changed: construction.max_tunnel_length : 36 -> 37
Tick 51801: settings changed
     Setting changed: construction.max_tunnel_length : 37 -> 38
Tick 51807: settings changed
     Setting changed: construction.max_tunnel_length : 38 -> 39
Tick 51813: settings changed
     Setting changed: construction.max_tunnel_length : 39 -> 40
Tick 51819: settings changed
     Setting changed: construction.max_tunnel_length : 40 -> 41
Tick 51825: settings changed
     Setting changed: construction.max_tunnel_length : 41 -> 42
Tick 51831: settings changed
     Setting changed: construction.max_tunnel_length : 42 -> 43
Tick 51837: settings changed
     Setting changed: construction.max_tunnel_length : 43 -> 44
Tick 51843: settings changed
     Setting changed: construction.max_tunnel_length : 44 -> 45
Tick 51849: settings changed
     Setting changed: construction.max_tunnel_length : 45 -> 46
Tick 51855: settings changed
     Setting changed: construction.max_tunnel_length : 46 -> 47
Tick 51861: settings changed
     Setting changed: construction.max_tunnel_length : 47 -> 48
Tick 51867: settings changed
     Setting changed: construction.max_tunnel_length : 48 -> 49
Tick 51873: settings changed
     Setting changed: construction.max_tunnel_length : 49 -> 50
Tick 51879: settings changed
     Setting changed: construction.max_tunnel_length : 50 -> 51
Tick 51885: settings changed
     Setting changed: construction.max_tunnel_length : 51 -> 52
Tick 51891: settings changed
     Setting changed: construction.max_tunnel_length : 52 -> 53
Tick 51897: settings changed
     Setting changed: construction.max_tunnel_length : 53 -> 54
Tick 51903: settings changed
     Setting changed: construction.max_tunnel_length : 54 -> 55
Tick 51909: settings changed
     Setting changed: construction.max_tunnel_length : 55 -> 56
Tick 51915: settings changed
     Setting changed: construction.max_tunnel_length : 56 -> 57
Tick 51921: settings changed
     Setting changed: construction.max_tunnel_length : 57 -> 58
Tick 51927: settings changed
     Setting changed: construction.max_tunnel_length : 58 -> 59
Tick 51933: settings changed
     Setting changed: construction.max_tunnel_length : 59 -> 60
Tick 51939: settings changed
     Setting changed: construction.max_tunnel_length : 60 -> 61
Tick 51945: settings changed
     Setting changed: construction.max_tunnel_length : 61 -> 62
Tick 51951: settings changed
     Setting changed: construction.max_tunnel_length : 62 -> 63
Tick 51957: settings changed
     Setting changed: construction.max_tunnel_length : 63 -> 64
Tick 51963: settings changed
     Setting changed: construction.max_tunnel_length : 64 -> 65
Tick 51969: settings changed
     Setting changed: construction.max_tunnel_length : 65 -> 66
Tick 51975: settings changed
     Setting changed: construction.max_tunnel_length : 66 -> 67
Tick 51981: settings changed
     Setting changed: construction.max_tunnel_length : 67 -> 68
Tick 51987: settings changed
     Setting changed: construction.max_tunnel_length : 68 -> 69
Tick 51993: settings changed
     Setting changed: construction.max_tunnel_length : 69 -> 70
Tick 51999: settings changed
     Setting changed: construction.max_tunnel_length : 70 -> 71
Tick 52005: settings changed
     Setting changed: construction.max_tunnel_length : 71 -> 72
Tick 52011: settings changed
     Setting changed: construction.max_tunnel_length : 72 -> 73
Tick 52017: settings changed
     Setting changed: construction.max_tunnel_length : 73 -> 74
Tick 52023: settings changed
     Setting changed: construction.max_tunnel_length : 74 -> 75
Tick 52029: settings changed
     Setting changed: construction.max_tunnel_length : 75 -> 76
Tick 52035: settings changed
     Setting changed: construction.max_tunnel_length : 76 -> 77
Tick 52041: settings changed
     Setting changed: construction.max_tunnel_length : 77 -> 78
Tick 52047: settings changed
     Setting changed: construction.max_tunnel_length : 78 -> 79
Tick 52053: settings changed
     Setting changed: construction.max_tunnel_length : 79 -> 80
Tick 52059: settings changed
     Setting changed: construction.max_tunnel_length : 80 -> 81
Tick 52065: settings changed
     Setting changed: construction.max_tunnel_length : 81 -> 82
Tick 52071: settings changed
     Setting changed: construction.max_tunnel_length : 82 -> 83
Tick 52077: settings changed
     Setting changed: construction.max_tunnel_length : 83 -> 84
Tick 52083: settings changed
     Setting changed: construction.max_tunnel_length : 84 -> 85
Tick 52089: settings changed
     Setting changed: construction.max_tunnel_length : 85 -> 86
Tick 52095: settings changed
     Setting changed: construction.max_tunnel_length : 86 -> 87
Tick 52101: settings changed
     Setting changed: construction.max_tunnel_length : 87 -> 88
Tick 52107: settings changed
     Setting changed: construction.max_tunnel_length : 88 -> 89
Tick 52113: settings changed
     Setting changed: construction.max_tunnel_length : 89 -> 90
Tick 52119: settings changed
     Setting changed: construction.max_tunnel_length : 90 -> 91
Tick 52125: settings changed
     Setting changed: construction.max_tunnel_length : 91 -> 92
Tick 52131: settings changed
     Setting changed: construction.max_tunnel_length : 92 -> 93
Tick 52137: settings changed
     Setting changed: construction.max_tunnel_length : 93 -> 94
Tick 52143: settings changed
     Setting changed: construction.max_tunnel_length : 94 -> 95
Tick 52149: settings changed
     Setting changed: construction.max_tunnel_length : 95 -> 96
Tick 52155: settings changed
     Setting changed: construction.max_tunnel_length : 96 -> 97
Tick 52161: settings changed
     Setting changed: construction.max_tunnel_length : 97 -> 98
Tick 52167: settings changed
     Setting changed: construction.max_tunnel_length : 98 -> 99
Tick 52173: settings changed
     Setting changed: construction.max_tunnel_length : 99 -> 100
Tick 52179: settings changed
     Setting changed: construction.max_tunnel_length : 100 -> 101
Tick 52185: settings changed
     Setting changed: construction.max_tunnel_length : 101 -> 102
Tick 52191: settings changed
     Setting changed: construction.max_tunnel_length : 102 -> 103
Tick 52197: settings changed
     Setting changed: construction.max_tunnel_length : 103 -> 104
Tick 52203: settings changed
     Setting changed: construction.max_tunnel_length : 104 -> 105
Tick 52209: settings changed
     Setting changed: construction.max_tunnel_length : 105 -> 106
Tick 52215: settings changed
     Setting changed: construction.max_tunnel_length : 106 -> 107
Tick 52221: settings changed
     Setting changed: construction.max_tunnel_length : 107 -> 108
Tick 52227: settings changed
     Setting changed: construction.max_tunnel_length : 108 -> 109
Tick 52233: settings changed
     Setting changed: construction.max_tunnel_length : 109 -> 110
Tick 52239: settings changed
     Setting changed: construction.max_tunnel_length : 110 -> 111
Tick 52245: settings changed
     Setting changed: construction.max_tunnel_length : 111 -> 112
Tick 52251: settings changed
     Setting changed: construction.max_tunnel_length : 112 -> 113
Tick 52257: settings changed
     Setting changed: construction.max_tunnel_length : 113 -> 114
Tick 52263: settings changed
     Setting changed: construction.max_tunnel_length : 114 -> 115
Tick 52269: settings changed
     Setting changed: construction.max_tunnel_length : 115 -> 116
Tick 52275: settings changed
     Setting changed: construction.max_tunnel_length : 116 -> 117
Tick 52281: settings changed
     Setting changed: construction.max_tunnel_length : 117 -> 118
Tick 52287: settings changed
     Setting changed: construction.max_tunnel_length : 118 -> 119
Tick 52293: settings changed
     Setting changed: construction.max_tunnel_length : 119 -> 120
Tick 52299: settings changed
     Setting changed: construction.max_tunnel_length : 120 -> 121
Tick 52305: settings changed
     Setting changed: construction.max_tunnel_length : 121 -> 122
Tick 52311: settings changed
     Setting changed: construction.max_tunnel_length : 122 -> 123
Tick 52317: settings changed
     Setting changed: construction.max_tunnel_length : 123 -> 124
Tick 52323: settings changed
     Setting changed: construction.max_tunnel_length : 124 -> 125
Tick 52329: settings changed
     Setting changed: construction.max_tunnel_length : 125 -> 126
Tick 52335: settings changed
     Setting changed: construction.max_tunnel_length : 126 -> 127
Tick 52341: settings changed
     Setting changed: construction.max_tunnel_length : 127 -> 128
Tick 52347: settings changed
     Setting changed: construction.max_tunnel_length : 128 -> 129
Tick 52353: settings changed
     Setting changed: construction.max_tunnel_length : 129 -> 130
Tick 52359: settings changed
     Setting changed: construction.max_tunnel_length : 130 -> 131
Tick 52365: settings changed
     Setting changed: construction.max_tunnel_length : 131 -> 132
Tick 52371: settings changed
     Setting changed: construction.max_tunnel_length : 132 -> 133
Tick 52377: settings changed
     Setting changed: construction.max_tunnel_length : 133 -> 134
Tick 52383: settings changed
     Setting changed: construction.max_tunnel_length : 134 -> 135
Tick 52389: settings changed
     Setting changed: construction.max_tunnel_length : 135 -> 136
Tick 52395: settings changed
     Setting changed: construction.max_tunnel_length : 136 -> 137
Tick 52401: settings changed
     Setting changed: construction.max_tunnel_length : 137 -> 138
Tick 52407: settings changed
     Setting changed: construction.max_tunnel_length : 138 -> 139
Tick 52413: settings changed
     Setting changed: construction.max_tunnel_length : 139 -> 140
Tick 52419: settings changed
     Setting changed: construction.max_tunnel_length : 140 -> 141
Tick 52425: settings changed
     Setting changed: construction.max_tunnel_length : 141 -> 142
Tick 52431: settings changed
     Setting changed: construction.max_tunnel_length : 142 -> 143
Tick 52437: settings changed
     Setting changed: construction.max_tunnel_length : 143 -> 144
Tick 52443: settings changed
     Setting changed: construction.max_tunnel_length : 144 -> 145
Tick 52449: settings changed
     Setting changed: construction.max_tunnel_length : 145 -> 146
Tick 52455: settings changed
     Setting changed: construction.max_tunnel_length : 146 -> 147
Tick 52461: settings changed
     Setting changed: construction.max_tunnel_length : 147 -> 148
Tick 52467: settings changed
     Setting changed: construction.max_tunnel_length : 148 -> 149
Tick 52473: settings changed
     Setting changed: construction.max_tunnel_length : 149 -> 150
Tick 52479: settings changed
     Setting changed: construction.max_tunnel_length : 150 -> 151
Tick 52485: settings changed
     Setting changed: construction.max_tunnel_length : 151 -> 152
Tick 52491: settings changed
     Setting changed: construction.max_tunnel_length : 152 -> 153
Tick 52497: settings changed
     Setting changed: construction.max_tunnel_length : 153 -> 154
Tick 52503: settings changed
     Setting changed: construction.max_tunnel_length : 154 -> 155
Tick 52509: settings changed
     Setting changed: construction.max_tunnel_length : 155 -> 156
Tick 52515: settings changed
     Setting changed: construction.max_tunnel_length : 156 -> 157
Tick 52521: settings changed
     Setting changed: construction.max_tunnel_length : 157 -> 158
Tick 52527: settings changed
     Setting changed: construction.max_tunnel_length : 158 -> 159
Tick 52533: settings changed
     Setting changed: construction.max_tunnel_length : 159 -> 160
Tick 52539: settings changed
     Setting changed: construction.max_tunnel_length : 160 -> 161
Tick 52545: settings changed
     Setting changed: construction.max_tunnel_length : 161 -> 162
Tick 52551: settings changed
     Setting changed: construction.max_tunnel_length : 162 -> 163
Tick 52557: settings changed
     Setting changed: construction.max_tunnel_length : 163 -> 164
Tick 52563: settings changed
     Setting changed: construction.max_tunnel_length : 164 -> 165
Tick 52569: settings changed
     Setting changed: construction.max_tunnel_length : 165 -> 166
Tick 52575: settings changed
     Setting changed: construction.max_tunnel_length : 166 -> 167
Tick 52581: settings changed
     Setting changed: construction.max_tunnel_length : 167 -> 168
Tick 52587: settings changed
     Setting changed: construction.max_tunnel_length : 168 -> 169
Tick 52593: settings changed
     Setting changed: construction.max_tunnel_length : 169 -> 170
Tick 52599: settings changed
     Setting changed: construction.max_tunnel_length : 170 -> 171
Tick 52605: settings changed
     Setting changed: construction.max_tunnel_length : 171 -> 172
Tick 52611: settings changed
     Setting changed: construction.max_tunnel_length : 172 -> 173
Tick 52617: settings changed
     Setting changed: construction.max_tunnel_length : 173 -> 174
Tick 52623: settings changed
     Setting changed: construction.max_tunnel_length : 174 -> 175
Tick 52629: settings changed
     Setting changed: construction.max_tunnel_length : 175 -> 176
Tick 52635: settings changed
     Setting changed: construction.max_tunnel_length : 176 -> 177
Tick 52641: settings changed
     Setting changed: construction.max_tunnel_length : 177 -> 178
Tick 52647: settings changed
     Setting changed: construction.max_tunnel_length : 178 -> 179
Tick 52653: settings changed
     Setting changed: construction.max_tunnel_length : 179 -> 180
Tick 52659: settings changed
     Setting changed: construction.max_tunnel_length : 180 -> 181
Tick 52665: settings changed
     Setting changed: construction.max_tunnel_length : 181 -> 182
Tick 52671: settings changed
     Setting changed: construction.max_tunnel_length : 182 -> 183
Tick 52677: settings changed
     Setting changed: construction.max_tunnel_length : 183 -> 184
Tick 52683: settings changed
     Setting changed: construction.max_tunnel_length : 184 -> 185
Tick 52689: settings changed
     Setting changed: construction.max_tunnel_length : 185 -> 186
Tick 52695: settings changed
     Setting changed: construction.max_tunnel_length : 186 -> 187
Tick 52701: settings changed
     Setting changed: construction.max_tunnel_length : 187 -> 188
Tick 52707: settings changed
     Setting changed: construction.max_tunnel_length : 188 -> 189
Tick 52713: settings changed
     Setting changed: construction.max_tunnel_length : 189 -> 190
Tick 52719: settings changed
     Setting changed: construction.max_tunnel_length : 190 -> 191
Tick 52725: settings changed
     Setting changed: construction.max_tunnel_length : 191 -> 192
Tick 52731: settings changed
     Setting changed: construction.max_tunnel_length : 192 -> 193
Tick 52737: settings changed
     Setting changed: construction.max_tunnel_length : 193 -> 194
Tick 52743: settings changed
     Setting changed: construction.max_tunnel_length : 194 -> 195
Tick 52749: settings changed
     Setting changed: construction.max_tunnel_length : 195 -> 196
Tick 52755: settings changed
     Setting changed: construction.max_tunnel_length : 196 -> 197
Tick 52761: settings changed
     Setting changed: construction.max_tunnel_length : 197 -> 198
Tick 52767: settings changed
     Setting changed: construction.max_tunnel_length : 198 -> 199
Tick 52773: settings changed
     Setting changed: construction.max_tunnel_length : 199 -> 200
Tick 52779: settings changed
     Setting changed: construction.max_tunnel_length : 200 -> 201
Tick 52785: settings changed
     Setting changed: construction.max_tunnel_length : 201 -> 202
Tick 52791: settings changed
     Setting changed: construction.max_tunnel_length : 202 -> 203
Tick 52797: settings changed
     Setting changed: construction.max_tunnel_length : 203 -> 204
Tick 52803: settings changed
     Setting changed: construction.max_tunnel_length : 204 -> 205
Tick 52809: settings changed
     Setting changed: construction.max_tunnel_length : 205 -> 206
Tick 52815: settings changed
     Setting changed: construction.max_tunnel_length : 206 -> 207
Tick 52821: settings changed
     Setting changed: construction.max_tunnel_length : 207 -> 208
Tick 52827: settings changed
     Setting changed: construction.max_tunnel_length : 208 -> 209
Tick 52833: settings changed
     Setting changed: construction.max_tunnel_length : 209 -> 210
Tick 52839: settings changed
     Setting changed: construction.max_tunnel_length : 210 -> 211
Tick 52845: settings changed
     Setting changed: construction.max_tunnel_length : 211 -> 212
Tick 52851: settings changed
     Setting changed: construction.max_tunnel_length : 212 -> 213
Tick 52857: settings changed
     Setting changed: construction.max_tunnel_length : 213 -> 214
Tick 52863: settings changed
     Setting changed: construction.max_tunnel_length : 214 -> 215
Tick 52869: settings changed
     Setting changed: construction.max_tunnel_length : 215 -> 216
Tick 52875: settings changed
     Setting changed: construction.max_tunnel_length : 216 -> 217
Tick 52881: settings changed
     Setting changed: construction.max_tunnel_length : 217 -> 218
Tick 52887: settings changed
     Setting changed: construction.max_tunnel_length : 218 -> 219
Tick 52893: settings changed
     Setting changed: construction.max_tunnel_length : 219 -> 220
Tick 52899: settings changed
     Setting changed: construction.max_tunnel_length : 220 -> 221
Tick 52905: settings changed
     Setting changed: construction.max_tunnel_length : 221 -> 222
Tick 52911: settings changed
     Setting changed: construction.max_tunnel_length : 222 -> 223
Tick 52917: settings changed
     Setting changed: construction.max_tunnel_length : 223 -> 224
Tick 52923: settings changed
     Setting changed: construction.max_tunnel_length : 224 -> 225
Tick 52929: settings changed
     Setting changed: construction.max_tunnel_length : 225 -> 226
Tick 52935: settings changed
     Setting changed: construction.max_tunnel_length : 226 -> 227
Tick 52941: settings changed
     Setting changed: construction.max_tunnel_length : 227 -> 228
Tick 52947: settings changed
     Setting changed: construction.max_tunnel_length : 228 -> 229
Tick 52953: settings changed
     Setting changed: construction.max_tunnel_length : 229 -> 230
Tick 52959: settings changed
     Setting changed: construction.max_tunnel_length : 230 -> 231
Tick 52965: settings changed
     Setting changed: construction.max_tunnel_length : 231 -> 232
Tick 52971: settings changed
     Setting changed: construction.max_tunnel_length : 232 -> 233
Tick 52977: settings changed
     Setting changed: construction.max_tunnel_length : 233 -> 234
Tick 52983: settings changed
     Setting changed: construction.max_tunnel_length : 234 -> 235
Tick 52989: settings changed
     Setting changed: construction.max_tunnel_length : 235 -> 236
Tick 52995: settings changed
     Setting changed: construction.max_tunnel_length : 236 -> 237
Tick 53001: settings changed
     Setting changed: construction.max_tunnel_length : 237 -> 238
Tick 53007: settings changed
     Setting changed: construction.max_tunnel_length : 238 -> 239
Tick 53013: settings changed
     Setting changed: construction.max_tunnel_length : 239 -> 240
Tick 53019: settings changed
     Setting changed: construction.max_tunnel_length : 240 -> 241
Tick 53025: settings changed
     Setting changed: construction.max_tunnel_length : 241 -> 242
Tick 53031: settings changed
     Setting changed: construction.max_tunnel_length : 242 -> 243
Tick 53037: settings changed
     Setting changed: construction.max_tunnel_length : 243 -> 244
Tick 53043: settings changed
     Setting changed: construction.max_tunnel_length : 244 -> 245
Tick 53049: settings changed
     Setting changed: construction.max_tunnel_length : 245 -> 246
Tick 53055: settings changed
     Setting changed: construction.max_tunnel_length : 246 -> 247
Tick 53061: settings changed
     Setting changed: construction.max_tunnel_length : 247 -> 248
Tick 53067: settings changed
     Setting changed: construction.max_tunnel_length : 248 -> 249
Tick 53073: settings changed
     Setting changed: construction.max_tunnel_length : 249 -> 250
Tick 53079: settings changed
     Setting changed: construction.max_tunnel_length : 250 -> 251
Tick 53085: settings changed
     Setting changed: construction.max_tunnel_length : 251 -> 252
Tick 53091: settings changed
     Setting changed: construction.max_tunnel_length : 252 -> 253
Tick 53097: settings changed
     Setting changed: construction.max_tunnel_length : 253 -> 254
Tick 53103: settings changed
     Setting changed: construction.max_tunnel_length : 254 -> 255
Tick 53109: settings changed
     Setting changed: construction.max_tunnel_length : 255 -> 256
Tick 53115: settings changed
     Setting changed: construction.max_tunnel_length : 256 -> 257
Tick 53121: settings changed
     Setting changed: construction.max_tunnel_length : 257 -> 258
Tick 53254: settings changed
     Setting changed: construction.max_tunnel_length : 258 -> 259
Tick 53260: settings changed
     Setting changed: construction.max_tunnel_length : 259 -> 260
Tick 53266: settings changed
     Setting changed: construction.max_tunnel_length : 260 -> 261
Tick 53272: settings changed
     Setting changed: construction.max_tunnel_length : 261 -> 262
Tick 53278: settings changed
     Setting changed: construction.max_tunnel_length : 262 -> 263
Tick 53284: settings changed
     Setting changed: construction.max_tunnel_length : 263 -> 264
Tick 53290: settings changed
     Setting changed: construction.max_tunnel_length : 264 -> 265
Tick 53296: settings changed
     Setting changed: construction.max_tunnel_length : 265 -> 266
Tick 53302: settings changed
     Setting changed: construction.max_tunnel_length : 266 -> 267
Tick 53308: settings changed
     Setting changed: construction.max_tunnel_length : 267 -> 268
Tick 53314: settings changed
     Setting changed: construction.max_tunnel_length : 268 -> 269
Tick 53320: settings changed
     Setting changed: construction.max_tunnel_length : 269 -> 270
Tick 53326: settings changed
     Setting changed: construction.max_tunnel_length : 270 -> 271
Tick 53332: settings changed
     Setting changed: construction.max_tunnel_length : 271 -> 272
Tick 53338: settings changed
     Setting changed: construction.max_tunnel_length : 272 -> 273
Tick 53344: settings changed
     Setting changed: construction.max_tunnel_length : 273 -> 274
Tick 53350: settings changed
     Setting changed: construction.max_tunnel_length : 274 -