*** OpenTTD Crash Report ***
Date: 2009-07-17 14:08:51
Build: r16829 (0) built on Jul 14 2009 18:25:55
Reason: Assertion failed at ..\src\pbs.cpp:73: (GetTileTrackStatus(tile, TRANSPORT_RAIL, 0) & TrackToTrackBits(t)) != 0
Language: english.lng
Exception C0000005 at 0043094E
Registers:
 EAX: 00834898 EBX: 00000000 ECX: 0012F8E4 EDX: 00834908
 ESI: 00013210 EDI: 00627B20 EBP: 0012FB24 ESP: 0012FAFC
 EIP: 0043094E EFLAGS: 00010206

Bytes at CS:EIP:
 88 1D 00 00 00 00 38 1D 01 A2 6B 00 74 07 8B C6 E8 7D 49 01 00 E8 18 B6

Stack trace: 
 02002F48 025B3FC8 00000019 FFFFFFFF 004BC237 00000000 0012FB78 00000019
 025B3B78 025B3B78 00000007 004BC33E 00000C80 00000C00 0012FB5C 00000010
 025B3B78 0043ED2C 02002F48 02002F48 00000100 00000010 00000010 025B3B78
 0012FB80 004BC408 0012FB78 004BC2C3 00000000 02002F48 00000100 02002F48
 00000000 00000000 004BD6C2 02002F48 02002F48 0012FBA8 00662758 004BD98B
 00000029 00627B20 00662758 006626F4 0043F50D 77D1D051 0030C375 0012FC20
 00000000 00000000 000000BE 00000001 0003EDFD 00000000 0048E7C8 0003EDFE
 004A9314 0003EDFE 004C7821 0003EDFD 00000005 004C7B49 00627B20 0003EDFD
 0066857C 0003EDED 0003EDED 0002AD9D 00000001 0000000F 0000000F 77D1D051
 0030C375 0012FC4C 0042E83E 77D1D051 0030C375 0012FC4C 00000000 0012FC4C
 00000000 00000000 004241AF 77D1D0E5 0012FC5C 0042ED23 00000000 0012FC44
 00000000 0054610B 006CFC00 00662404 0012FD14 00000000 0012FC60 0030C375
 0030C393 00000000 00000000 0003059E 0000000F 00000000 00000000 0030C356
 000002AE 00000113 0042DD02 0012FD2C 00000001 00000001 010000E9 007CC5E0
 007CC5E0 007CC5E0 007CC5E0 0080A6D0 FFFFFFFF 00000000 00020934 00000000
 00000000 FFFFFFFF 00000000 00000000 00000000 0012FF30 00000000 00000000
 00000000 FFFFFFFF 0012FE34 006703F4 00000000 0000E3F5 0012FF30 0044C661
 00000001 0012FE30 FFFFFFFE 00000000 5C3A4422 65697053 4F5C656C 546E6570
 6F5C4454 746E6570 742D6474 6B6E7572 3631722D 2D393238 646E6977 2D73776F
 336E6977 706F5C32 74746E65 78652E64 00200065 00000004 003374A8 00000000
 00330178 00330178 00330178 00330178 003374B8 00330168 00000000 00000000
 003374B8 00000020 003374C0 00336F40 00330178 00000020 00000178 00330000
 0012FBB4 00330178 0012FE7C 7C91E920 7C9201E0 FFFFFFFF 7C9201DB 005A8766
 00330000 00000000 00000018 00337270 0012FEEC 0012FEF8 0012FE0C 005A87FC

Module information:
 D:\Spiele\OpenTTD\openttd-trunk-r16829-windows-win32\openttd.exe handle: 00400000 size: 2877440 crc: BAE280DA date: 2009-07-14 16:30:06
 C:\WINDOWS\system32\ntdll.dll handle: 7C910000 size: 740864 crc: 99BAFE9B date: 2009-02-09 10:00:58
 C:\WINDOWS\system32\kernel32.dll handle: 7C800000 size: 1059840 crc: 7007471B date: 2009-03-21 14:20:10
 C:\WINDOWS\system32\WINMM.dll handle: 76AF0000 size: 178176 crc: 54E937C2 date: 2004-08-04 12:00:00
 C:\WINDOWS\system32\USER32.dll handle: 77D10000 size: 578560 crc: A4A11C58 date: 2004-08-04 12:00:00
 C:\WINDOWS\system32\GDI32.dll handle: 77EF0000 size: 283648 crc: 6E238F10 date: 2008-10-23 12:59:12
 C:\WINDOWS\system32\ADVAPI32.dll handle: 77DA0000 size: 678912 crc: 4CF975B1 date: 2009-02-09 10:00:58
 C:\WINDOWS\system32\RPCRT4.dll handle: 77E50000 size: 584192 crc: 80B23A2F date: 2009-04-15 15:11:20
 C:\WINDOWS\system32\Secur32.dll handle: 77FC0000 size: 55808 crc: 340E80F7 date: 2009-02-03 20:08:56
 C:\WINDOWS\system32\WS2_32.dll handle: 71A10000 size: 82944 crc: 52750A2E date: 2004-08-04 12:00:00
 C:\WINDOWS\system32\msvcrt.dll handle: 77BE0000 size: 343040 crc: 0A2A7946 date: 2004-08-04 12:00:00
 C:\WINDOWS\system32\WS2HELP.dll handle: 71A00000 size: 19968 crc: E839B627 date: 2004-08-04 12:00:00
 C:\WINDOWS\system32\SHELL32.dll handle: 7E670000 size: 8495616 crc: 44DAD6A5 date: 2008-07-03 13:14:58
 C:\WINDOWS\system32\SHLWAPI.dll handle: 77F40000 size: 474624 crc: CC2B44CB date: 2009-04-29 04:51:22
 C:\WINDOWS\system32\IMM32.DLL handle: 76330000 size: 110080 crc: CC88C1A0 date: 2004-08-04 12:00:00
 C:\WINDOWS\system32\LPK.DLL handle: 62E10000 size: 22016 crc: E05456A8 date: 2004-08-04 12:00:00
 C:\WINDOWS\system32\USP10.dll handle: 75790000 size: 406528 crc: 6DF11ACA date: 2004-08-04 12:00:00
 C:\WINDOWS\WinSxS\x86_Microsoft.Windows.Common-Controls_6595b64144ccf1df_6.0.2600.2180_x-ww_a84f1ff9\comctl32.dll handle: 773A0000 size: 1050624 crc: 19BB06A2 date: 2004-08-04 12:00:00
 C:\WINDOWS\system32\comctl32.dll handle: 5D450000 size: 611328 crc: A0BFC52B date: 2004-08-04 12:00:00
 C:\WINDOWS\TEMP\logishrd\LVPrcInj01.dll handle: 00ED0000 size: 109080 crc: 43916860 date: 2008-02-05 16:20:30
 C:\WINDOWS\system32\SHFolder.dll handle: 76730000 size: 25088 crc: EB76CAE0 date: 2004-08-04 12:00:00
 C:\WINDOWS\system32\wdmaud.drv handle: 72C90000 size: 23552 crc: 47C9B021 date: 2004-08-04 12:00:00
 C:\WINDOWS\system32\WINTRUST.dll handle: 76BF0000 size: 176640 crc: 73F3B134 date: 2004-08-04 12:00:00
 C:\WINDOWS\system32\CRYPT32.dll handle: 77A50000 size: 602624 crc: FC4F0978 date: 2004-08-04 12:00:00
 C:\WINDOWS\system32\MSASN1.dll handle: 77AF0000 size: 57344 crc: 37DBC108 date: 2004-08-04 12:00:00
 C:\WINDOWS\system32\IMAGEHLP.dll handle: 76C50000 size: 144384 crc: DA63FF61 date: 2004-08-04 12:00:00
 C:\WINDOWS\system32\msacm32.drv handle: 72C80000 size: 20992 crc: E6F1E346 date: 2004-08-04 12:00:00
 C:\WINDOWS\system32\MSACM32.dll handle: 77BB0000 size: 72192 crc: 4F83C9A6 date: 2004-08-04 12:00:00
 C:\WINDOWS\system32\midimap.dll handle: 77BA0000 size: 18944 crc: 9D83D9D8 date: 2004-08-04 12:00:00
 C:\WINDOWS\system32\ole32.dll handle: 774B0000 size: 1281536 crc: E89A21E2 date: 2004-08-04 12:00:00
 C:\WINDOWS\system32\uxtheme.dll handle: 5B0F0000 size: 219648 crc: 05E13E75 date: 2004-08-04 12:00:00
 C:\WINDOWS\system32\MSCTF.dll handle: 746A0000 size: 294400 crc: 5866086F date: 2004-08-04 12:00:00
 C:\WINDOWS\system32\CLBCATQ.DLL handle: 76F90000 size: 501248 crc: 0A899643 date: 2004-08-04 12:00:00
 C:\WINDOWS\system32\OLEAUT32.dll handle: 770F0000 size: 553472 crc: 44BAD7B8 date: 2004-08-04 12:00:00
 C:\WINDOWS\system32\COMRes.dll handle: 77010000 size: 846848 crc: 36F6CAE5 date: 2004-08-04 12:00:00
 C:\WINDOWS\system32\VERSION.dll handle: 77BD0000 size: 18944 crc: 14F8DA2B date: 2004-08-04 12:00:00
 C:\WINDOWS\system32\dmime.dll handle: 5C900000 size: 181248 crc: 3672A64B date: 2004-08-04 12:00:00
 C:\WINDOWS\system32\DSOUND.dll handle: 73E70000 size: 367616 crc: 6BA90018 date: 2004-08-04 12:00:00
 C:\WINDOWS\system32\dmusic.dll handle: 6CE60000 size: 104448 crc: 0A743302 date: 2004-08-04 12:00:00
 C:\WINDOWS\system32\KsUser.dll handle: 73E40000 size: 4096 crc: 931FDB2C date: 2004-08-03 22:57:24
 C:\WINDOWS\system32\dmsynth.dll handle: 6CE80000 size: 103424 crc: 9FC739C1 date: 2004-08-04 12:00:00
 C:\WINDOWS\system32\dmloader.dll handle: 6CEF0000 size: 35840 crc: A2BBF945 date: 2004-08-04 12:00:00
 C:\WINDOWS\system32\msctfime.ime handle: 75250000 size: 177152 crc: 4F2CB557 date: 2004-08-04 12:00:00
 C:\WINDOWS\system32\mswsock.dll handle: 719B0000 size: 247296 crc: B0D0025D date: 2008-06-20 17:39:48
 C:\WINDOWS\system32\hnetcfg.dll handle: 66710000 size: 348672 crc: 8F6C63C9 date: 2004-08-04 12:00:00
 C:\WINDOWS\System32\wshtcpip.dll handle: 719F0000 size: 19968 crc: 6AFA7EE1 date: 2004-08-04 12:00:00
 C:\WINDOWS\system32\psapi.dll handle: 76BB0000 size: 23040 crc: 4963BF76 date: 2004-08-04 12:00:00

System information:
 Windows version 5.1 2600 Service Pack 2

---- gamelog start ----
Tick 0: new game started
     Revision text changed to r16181, savegame version 118, not modified, _openttd_newgrf_version = 0x08003f35
     New game mode: 1 landscape: 0
Tick 11010: game loaded
     Revision text changed to r16829, savegame version 121, not modified, _openttd_newgrf_version = 0x080041bd
---- gamelog end ----
