*** OpenTTD Crash Report ***
Date: 2009-02-22 15:39:53
Build: 0.7.0-beta1 built on Feb 16 2009 23:32:26
Reason: Assertion failed at ..\src\economy.cpp:1532: v->current_order.IsType(OT_LOADING)
Language: german.lng
Exception C0000005 at 0040D7DE
Registers:
 EAX: 00DBCBB8 EBX: 01ED1D48 ECX: 0012F8C8 EDX: 00DBCC09
 ESI: 0012FBB0 EDI: 01F05110 EBP: 0012FB1C ESP: 0012FAE0
 EIP: 0040D7DE EFLAGS: 00010202

Bytes at CS:EIP:
 C6 05 00 00 00 00 00 8D 83 16 01 00 00 B9 FF FF 00 00 66 01 08 0F B7 00

Stack trace: 
 01F05110 0012FBB0 00000000 004088C5 00D8B720 00D8B72F 00000000 00000000
 00000200 0000023A 0012FC28 00408956 00D8B720 00D8B72F 00000000 0012FBB8
 0040DE67 0012FB30 0065F4FC 00000000 00000000 00000000 00000000 00000000
 00000000 00000000 00000000 00000000 00000000 00000000 00000000 00000000
 00000000 00000000 00000000 00000000 00000000 00000000 00000000 00000000
 00000000 00000000 00000000 00000000 00000000 00000000 00000000 00000000
 00000000 00000000 00000000 00000000 00DB4ED0 00DB53F8 0012FC28 0043961B
 00D8B720 00D8B72F 00000000 00000001 00000000 0007AF8A 00000000 00499F99
 0007EFFA 004B610B 0007EFFA 00000007 006248D4 004B5CCB 004B5CD7 005E29B0
 0007EFFA 006248D4 0007AF9A 0007AF9A 00000008 00000001 0000000F 0000000F
 00D8B720 00D8B72F 0012FC50 0042AA5B 00D8B720 00D8B72F 0012FC50 00000000
 00D8B72F 00000000 00000000 004214C3 0012FC64 0042ACA7 00D8B72F 00000000
 0012FC4C 00000000 005297B3 0068A9F0 00CC1CC0 0012FD14 00000000 0012FC68
 00D8B72F 00D8B74D 00000000 00000000 000B08D6 00000201 00000001 018E0220
 00D8B720 00000220 000001A8 0042A189 0012FD2C 00000001 00000001 01000001
 00000000 00000000 00000000 00000000 00CC1CB0 FFFFFFFF FFFFFFFF 00000000
 00000000 00000000 FFFFFFFF 00000000 0012FF30 00000000 00000000 00000000
 FFFFFFFF 0012FE34 0062C4C8 00000000 00002246 0012FF30 004452F1 00000001
 0012FE30 FFFFFFFE 00000000 5C3A4422 6E65704F 5C445454 6E65706F 2E647474
 00657865 00000020 00BE0640 00000001 00000004 00BE0438 00BE0448 0000000D
 0000000D 00BE0640 00BE6CA8 00BE0418 00000004 0000000B 00200000 00BE0190
 00BE0178 00000001 00000010 00BE6F58 00BE015C 00000000 00000000 00BE6F58
 00000020 00BE6F60 00000003 00BE0220 00000020 00000448 00BE0000 0012FBB4
 00000020 0012FE7C 7C91E900 7C9201C0 FFFFFFFF 7C9201BB 0058B6D6 00BE0000

Module information:
 D:\OpenTTD\openttd.exe handle: 00400000 size: 2581504 crc: 747E5D10 date: 2009-02-16 23:35:18
 C:\WINDOWS\system32\ntdll.dll handle: 7C910000 size: 731648 crc: AC43D78D date: 2008-04-14 05:51:54
 C:\WINDOWS\system32\kernel32.dll handle: 7C800000 size: 1063424 crc: 43AD4D1C date: 2008-04-14 05:52:14
 C:\WINDOWS\system32\WINMM.dll handle: 76AF0000 size: 178176 crc: E266DD96 date: 2008-04-14 05:52:34
 C:\WINDOWS\system32\ADVAPI32.dll handle: 77DA0000 size: 678400 crc: 7DCC7171 date: 2008-04-14 05:52:08
 C:\WINDOWS\system32\RPCRT4.dll handle: 77E50000 size: 584704 crc: B8FA2036 date: 2008-04-14 05:52:24
 C:\WINDOWS\system32\Secur32.dll handle: 77FC0000 size: 56320 crc: 75202C67 date: 2008-04-14 05:52:26
 C:\WINDOWS\system32\GDI32.dll handle: 77EF0000 size: 285184 crc: E6BCBD3D date: 2008-04-14 05:52:12
 C:\WINDOWS\system32\USER32.dll handle: 7E360000 size: 580096 crc: 89D3E1AE date: 2008-04-14 05:52:32
 C:\WINDOWS\system32\WS2_32.dll handle: 71A10000 size: 82432 crc: E04F0DBC date: 2008-04-14 05:52:34
 C:\WINDOWS\system32\msvcrt.dll handle: 77BE0000 size: 343040 crc: 88E736C3 date: 2008-04-14 05:52:20
 C:\WINDOWS\system32\WS2HELP.dll handle: 71A00000 size: 19968 crc: 495F6FD3 date: 2008-04-14 05:52:34
 C:\WINDOWS\system32\SHFolder.dll handle: 76730000 size: 25088 crc: 2A9ECCE3 date: 2008-04-14 05:52:26
 C:\WINDOWS\system32\SHLWAPI.dll handle: 77F40000 size: 474624 crc: F8F36120 date: 2008-04-14 05:52:26
 C:\WINDOWS\WinSxS\x86_Microsoft.Windows.Common-Controls_6595b64144ccf1df_6.0.2600.5512_x-ww_35d4ce83\comctl32.dll handle: 773A0000 size: 1054208 crc: FD52368A date: 2008-04-14 05:50:12
 C:\WINDOWS\system32\comctl32.dll handle: 5D450000 size: 617472 crc: ACCB0A1D date: 2008-04-14 05:52:10
 C:\WINDOWS\TEMP\logishrd\LVPrcInj01.dll handle: 00C20000 size: 109080 crc: 895C4EE0 date: 2008-07-26 07:25:24
 C:\WINDOWS\system32\WINTRUST.dll handle: 76BF0000 size: 176640 crc: D6727A9A date: 2008-04-14 05:52:34
 C:\WINDOWS\system32\CRYPT32.dll handle: 77A50000 size: 604160 crc: 02332DFE date: 2008-04-14 05:52:10
 C:\WINDOWS\system32\MSASN1.dll handle: 77AF0000 size: 57344 crc: F455D5C5 date: 2008-04-14 05:52:18
 C:\WINDOWS\system32\IMAGEHLP.dll handle: 76C50000 size: 144384 crc: 5CC92799 date: 2008-04-14 05:52:14
 C:\WINDOWS\system32\wdmaud.drv handle: 72C90000 size: 23552 crc: AA8C6F26 date: 2008-04-14 03:53:10
 C:\WINDOWS\system32\msacm32.drv handle: 72C80000 size: 20992 crc: E6F1E346 date: 2004-08-04 12:00:00
 C:\WINDOWS\system32\MSACM32.dll handle: 77BB0000 size: 72192 crc: F5983F18 date: 2008-04-14 05:52:16
 C:\WINDOWS\system32\midimap.dll handle: 77BA0000 size: 18944 crc: 6E74A717 date: 2008-04-14 05:52:16
 C:\WINDOWS\system32\ole32.dll handle: 774B0000 size: 1287680 crc: B2FE9A6A date: 2008-04-14 05:52:24
 C:\WINDOWS\system32\uxtheme.dll handle: 5B0F0000 size: 219136 crc: A7FDE65D date: 2008-08-27 16:55:49
 C:\Programme\Unlocker\UnlockerHook.dll handle: 10000000 size: 4608 crc: D7891A91 date: 2008-05-02 04:15:35
 C:\WINDOWS\system32\SHELL32.dll handle: 7E670000 size: 8502272 crc: F8AA2E14 date: 2008-04-14 05:52:26
 C:\WINDOWS\system32\CLBCATQ.DLL handle: 76F90000 size: 498688 crc: 423AB384 date: 2008-04-14 05:52:08
 C:\WINDOWS\system32\COMRes.dll handle: 77010000 size: 846848 crc: E513A9A0 date: 2008-04-14 05:52:10
 C:\WINDOWS\system32\OLEAUT32.dll handle: 770F0000 size: 551936 crc: 9BD88917 date: 2008-04-14 05:52:24
 C:\WINDOWS\system32\VERSION.dll handle: 77BD0000 size: 18944 crc: 5D52A980 date: 2008-04-14 05:52:32
 C:\WINDOWS\system32\dmime.dll handle: 5C900000 size: 181248 crc: D19C00C9 date: 2008-04-14 05:52:10
 C:\WINDOWS\system32\DSOUND.dll handle: 73E70000 size: 367616 crc: E4D652D0 date: 2008-04-14 05:52:10
 C:\WINDOWS\system32\dmusic.dll handle: 6CE60000 size: 104448 crc: 5016B6A2 date: 2008-04-14 05:52:10
 C:\WINDOWS\system32\KsUser.dll handle: 73E40000 size: 4096 crc: 80E8F1DA date: 2008-04-14 03:52:14
 C:\WINDOWS\system32\dmsynth.dll handle: 6CE80000 size: 103424 crc: 089F2F8F date: 2008-04-14 05:52:10
 C:\WINDOWS\system32\dmloader.dll handle: 6CEF0000 size: 35840 crc: 10E5FAB8 date: 2008-04-14 05:52:10
 C:\WINDOWS\system32\btmmhook.dll handle: 01360000 size: 77824 crc: C1C0AA1C date: 2006-11-29 20:41:44
 C:\WINDOWS\system32\mswsock.dll handle: 719B0000 size: 247296 crc: 2DCD13D0 date: 2008-08-27 16:55:26
 C:\WINDOWS\system32\hnetcfg.dll handle: 66710000 size: 348672 crc: 1EE21C3A date: 2008-04-14 05:52:12
 C:\WINDOWS\System32\wshtcpip.dll handle: 719F0000 size: 19456 crc: 26C346BD date: 2008-04-14 05:52:34
 C:\WINDOWS\system32\psapi.dll handle: 76BB0000 size: 23040 crc: 38CB6558 date: 2008-04-14 05:52:24

System information:
 Windows version 5.1 2600 Service Pack 3

---- gamelog start ----
Tick 0: new game started
     Revision text changed to 0.7.0-beta1, savegame version 113, maybe modified, _openttd_newgrf_version = 0x07003c8e
     New game mode: 1 landscape: 0
---- gamelog end ----
