*** OpenTTD Crash Report ***

Crash at: Fri Jul 02 04:31:47 2010
In game date: 1987-12-29 (50)

Crash reason:
 Exception: C0000005
 Location:  0043236E
 Message:   <none>

OpenTTD version:
 Version:    1.0.2 (0)
 NewGRF ver: 10284e20
 Bits:       32
 Endian:     little
 Dedicated:  no
 Build date: Jun 19 2010 17:00:16

Registers:
 EAX: D7D7D7D7 EBX: 00000000 ECX: 02104838 EDX: 00F23A8E
 ESI: 0075E730 EDI: 00000000 EBP: 0012F084 ESP: 0012EE9C
 EIP: 0043236E EFLAGS: 00010283

 Bytes at instruction pointer:
 8B 48 0C 83 C6 08 3B CB 0F 85 11 F7 FF FF 8B 48 04 0F B7 50 08 89 4C 24

Stack trace:
 0012FAE7 0000881A FFFFFFF7 0012F2EB 0012EEC0 0012F2EB 00F23A76 00000000
 0012F2DF 0012F0AC 00000000 0075E730 0075E730 00000000 0012F2EB 0012F338
 00F23911 00000000 0075E748 00000000 0012EF18 00430DB9 0012EF98 00000000
 0012F94F 00000000 0075E738 00000000 0012EF20 0051CAA3 0075E738 00000000
 00000000 0012F10C 004324AC 0000881B FFFFFFF7 0012F150 006FA1D4 0012F173
 00F23A7F 00000000 FFFFFFC4 0000FFFF 00000000 0075E728 00435A2B 0012F23E
 0012F150 00000004 00435AFB 006FA1DC 006FA1D4 0012F23E 00435BD6 00000001
 006DE260 00000004 0012EFA4 0012F23E 0012F23E 00436BC5 005BB5C2 00000002
 00000000 0012F23E 0012EFD0 00430D49 0012F23E 0012FA37 FFFFFFDE 0000FFFF
 00000000 0012F2BA 00435A2B 0012F2AE 006FA1DC 00000004 00435AFB 006FA1DC
 006FA1D4 0012F2AE 00435BD6 00000001 006DE260 00000004 0012F014 0012F2AE
 0012F2AE 00436BC5 3186767B 000020C0 00000000 0012F2AE 0012F040 00430D49
 0012F2AE 0012FAA7 3186767B 00000000 0075E730 00000000 00000000 0075E728
 00000000 0012F058 004358E2 0012F050 0012FAA7 3186767B 00000000 0012F070
 00435935 0012F2AE 0012F078 0051CAA3 0075E730 00000000 00000000 0012F264
 004324AC 00008813 0012F0B0 00430DB9 0075E730 00000000 0012FAE7 00000000
 0075E738 00000000 0012F0B8 0051CAA3 0075E728 0012F2A4 00431BEB 0075E730
 0012FAE7 0000085F FFFFFFE7 0012F2E8 00000000 0012F2EB 00F157FC 00000000
 0012F2D0 0051CAA3 00000000 0075E728 00000000 0012F2DC 0012F2E8 0000883C
 FFFFFFF7 00000002 0012F14C 00000009 0012F120 0051CAA3 00000087 00000002
 00000000 0012F144 00417AE8 0012F980 02164DC0 00000000 0012F328 0012F950
 00000000 00000000 0012F950 00417B34 0012F174 746E6144 61725420 6F70736E
 28207472 BED09AD0 BFD0BCD0 BDD0B0D0 8FD1B8D0 00293220 00002931 00430DB9
 0075E728 0000006D 00000000 00004800 00000000 00000000 0012F9C7 00000000

Operating system:
 Name:     Windows
 Release:  5.1.2600 (Service Pack 3)
 Compiler: MSVC 1500

Configuration:
 Blitter:      8bpp-optimized
 Graphics set: OpenGFX
 Language:     russian.lng
 Music driver: dmusic
 Music set:    OpenMSX
 Network:      client
 Sound driver: win32
 Sound set:    OpenSFX
 Video driver: win32

AI Configuration (local: 255):
  0: Human
  1: Human

Libraries:
 FreeType:   2.3.12
 ICU:        4.2.1
 LZO:        2.03
 PNG:        1.2.43
 Zlib:       1.2.3

Module information:
 C:\Program Files\OpenTTD\openttd.exe handle: 00400000 size: 3546624 crc: CFBF6760 date: 2010-06-19 17:04:22
 C:\WINDOWS\system32\ntdll.dll handle: 7C900000 size: 718848 crc: A52E48A1 date: 2009-02-09 10:54:16
 C:\WINDOWS\system32\kernel32.dll handle: 7C800000 size: 995840 crc: 3FD79A4B date: 2009-03-21 14:09:06
 C:\WINDOWS\system32\WINMM.dll handle: 76B20000 size: 177152 crc: E53DCA68 date: 2008-04-14 17:40:48
 C:\WINDOWS\system32\ADVAPI32.dll handle: 77DC0000 size: 687616 crc: D12FB736 date: 2009-02-09 10:54:17
 C:\WINDOWS\system32\RPCRT4.dll handle: 77E70000 size: 585216 crc: CFEE021D date: 2009-04-15 14:53:56
 C:\WINDOWS\system32\Secur32.dll handle: 77FE0000 size: 56832 crc: CF6DEAD9 date: 2009-06-25 08:27:19
 C:\WINDOWS\system32\GDI32.dll handle: 77F10000 size: 286720 crc: CDA80B35 date: 2008-10-23 12:42:24
 C:\WINDOWS\system32\USER32.dll handle: 7E360000 size: 579072 crc: 265197E6 date: 2008-04-14 17:40:48
 C:\WINDOWS\system32\WS2_32.dll handle: 71A90000 size: 82432 crc: 273DBAE2 date: 2008-04-14 17:40:48
 C:\WINDOWS\system32\msvcrt.dll handle: 77C00000 size: 343040 crc: 6B153717 date: 2008-04-14 17:40:42
 C:\WINDOWS\system32\WS2HELP.dll handle: 71A80000 size: 19968 crc: DCFE07A3 date: 2008-04-14 17:40:48
 C:\WINDOWS\system32\SHELL32.dll handle: 7C9C0000 size: 8478720 crc: 5C1F2A42 date: 2008-06-17 19:02:35
 C:\WINDOWS\system32\SHLWAPI.dll handle: 77F60000 size: 474112 crc: 6EAAB13D date: 2009-12-08 09:25:26
 C:\WINDOWS\system32\IMM32.DLL handle: 76360000 size: 110080 crc: 415CF9AB date: 2008-04-14 17:40:38
 C:\WINDOWS\WinSxS\x86_Microsoft.Windows.Common-Controls_6595b64144ccf1df_6.0.2600.5512_x-ww_35d4ce83\comctl32.dll handle: 773C0000 size: 1054208 crc: 3154DA33 date: 2008-04-14 17:38:38
 C:\WINDOWS\system32\comctl32.dll handle: 5D5B0000 size: 617472 crc: CE341B1A date: 2008-04-14 17:40:36
 C:\WINDOWS\system32\SHFolder.dll handle: 76760000 size: 25088 crc: 96E89477 date: 2008-04-14 17:40:46
 C:\WINDOWS\system32\wdmaud.drv handle: 72CE0000 size: 23552 crc: A9B03F84 date: 2008-04-14 17:41:18
 C:\WINDOWS\system32\WINTRUST.dll handle: 76C20000 size: 177664 crc: 33598207 date: 2009-12-24 07:04:53
 C:\WINDOWS\system32\CRYPT32.dll handle: 77A70000 size: 602112 crc: D8067B47 date: 2008-04-14 17:40:36
 C:\WINDOWS\system32\MSASN1.dll handle: 77B10000 size: 58880 crc: 2E26F032 date: 2009-09-04 21:04:58
 C:\WINDOWS\system32\IMAGEHLP.dll handle: 76C80000 size: 144384 crc: B9642A2F date: 2008-04-14 17:40:38
 C:\WINDOWS\system32\msacm32.drv handle: 72CD0000 size: 20992 crc: 384BF092 date: 2006-03-02 12:00:00
 C:\WINDOWS\system32\MSACM32.dll handle: 77BD0000 size: 71680 crc: 51B220A7 date: 2008-04-14 17:40:40
 C:\WINDOWS\system32\midimap.dll handle: 77BC0000 size: 18944 crc: 6BE584C7 date: 2008-04-14 17:40:40
 C:\WINDOWS\system32\MSCTF.dll handle: 746E0000 size: 297984 crc: 7C10BD28 date: 2008-04-14 17:40:40
 C:\WINDOWS\system32\msctfime.ime handle: 75310000 size: 177152 crc: 7ABF40F9 date: 2008-04-14 17:39:22
 C:\WINDOWS\system32\ole32.dll handle: 774D0000 size: 1287168 crc: 5F08A9E9 date: 2008-04-14 17:40:44
 C:\WINDOWS\system32\CLBCATQ.DLL handle: 76FC0000 size: 498688 crc: AD9AE34C date: 2008-04-14 17:40:36
 C:\WINDOWS\system32\COMRes.dll handle: 77040000 size: 797696 crc: CB1A8BF9 date: 2008-04-14 17:40:36
 C:\WINDOWS\system32\OLEAUT32.dll handle: 77110000 size: 551936 crc: EDA1C792 date: 2008-04-14 17:40:44
 C:\WINDOWS\system32\VERSION.dll handle: 77BF0000 size: 18944 crc: E48F4232 date: 2008-04-14 17:40:48
 C:\WINDOWS\system32\dmime.dll handle: 60D70000 size: 181248 crc: 57F1D58E date: 2008-04-14 17:40:36
 C:\WINDOWS\system32\DSOUND.dll handle: 73ED0000 size: 367616 crc: CCCE212B date: 2008-04-14 17:40:38
 C:\WINDOWS\system32\dmusic.dll handle: 6CF10000 size: 104448 crc: 58243ABF date: 2008-04-14 17:40:36
 C:\WINDOWS\system32\KsUser.dll handle: 73EA0000 size: 4096 crc: 287950DE date: 2008-04-14 17:40:40
 C:\WINDOWS\system32\dmsynth.dll handle: 6CF30000 size: 103424 crc: B5A8B429 date: 2008-04-14 17:40:36
 C:\WINDOWS\system32\dmloader.dll handle: 6CFA0000 size: 35840 crc: 267CFC56 date: 2008-04-14 17:40:36
 C:\WINDOWS\system32\mswsock.dll handle: 71A30000 size: 247296 crc: 5AD7674D date: 2008-06-20 17:48:23
 C:\WINDOWS\system32\hnetcfg.dll handle: 698B0000 size: 344064 crc: 5D5A4DDC date: 2008-04-14 17:40:38
 C:\WINDOWS\System32\wshtcpip.dll handle: 71A70000 size: 19456 crc: 5CCF1D03 date: 2008-04-14 17:40:48
 C:\WINDOWS\system32\DNSAPI.dll handle: 76F10000 size: 147968 crc: 65E1FCE1 date: 2008-06-20 17:48:23
 C:\WINDOWS\system32\rasadhlp.dll handle: 76FB0000 size: 7680 crc: 888BC615 date: 2008-04-14 17:40:44
 D:\&RQ\andrqhook.dll handle: 00D20000 size: 9728 crc: A378279B date: 2002-02-20 06:07:08
 C:\WINDOWS\system32\psapi.dll handle: 76BE0000 size: 23040 crc: 5523D8EF date: 2008-04-14 17:40:44

---- gamelog start ----
Tick 0: new game started
     Revision text changed to 1.0.2, savegame version 138, not modified, _openttd_newgrf_version = 0x10284e20
     New game mode: 1 landscape: 0
---- gamelog end ----

*** End of OpenTTD Crash Report ***
