*** OpenTTD Crash Report ***

Crash at: Fri Feb  8 12:22:25 2013
In game date: 0-01-01 (0)

Crash reason:
 Signal:  Segmentation fault (11)
 Message: <none>

OpenTTD version:
 Version:    hdc3c70dd (0)
 NewGRF ver: 13006192
 Bits:       64
 Endian:     little
 Dedicated:  no
 Build date: Feb  8 2013 13:17:07

Stacktrace:
 [00] bin/openttd(_ZNK12CrashLogUnix13LogStacktraceEPcPKc+0x37) [0x6cb337]
 [01] bin/openttd(_ZNK8CrashLog12FillCrashLogEPcPKc+0xeb) [0x5b5f8b]
 [02] bin/openttd(_ZNK8CrashLog12MakeCrashLogEv+0x4c) [0x5b61ec]
 [03] bin/openttd() [0x6cb2a5]
 [04] /lib/x86_64-linux-gnu/libc.so.6(+0x324f0) [0x7ffce8b674f0]
 [05] bin/openttd(_ZN15VideoDriver_SDL16ChangeResolutionEii+0x4e) [0x7ef53e]
 [06] bin/openttd(_Z14GfxLoadSpritesv+0x416) [0x604456]
 [07] bin/openttd(_Z13GenerateWorld12GenWorldModejjb+0x89) [0x5f8f09]
 [08] bin/openttd(_Z8ttd_mainiPPc+0x1256) [0x6b8826]
 [09] /lib/x86_64-linux-gnu/libc.so.6(__libc_start_main+0xfd) [0x7ffce8b53ead]
 [10] bin/openttd() [0x50e721]

Operating system:
 Name:     Linux
 Release:  3.2.0-4-amd64
 Version:  #1 SMP Debian 3.2.35-2
 Machine:  x86_64
 Compiler: GCC 4.7.2 "4.7.2"

Configuration:
 Blitter:      32bpp-anim
 Graphics set: zBase (245)
 Language:     /home/ingo/ottd/trunk/bin/lang/german.lng
 Music driver: extmidi
 Music set:    NoMusic (0)
 Network:      no
 Sound driver: sdl
 Sound set:    NoSound (2)
 Video driver: sdl

AI Configuration (local: 255):

Libraries:
 FontConfig: 2.9.0
 FreeType:   2.4.9
 ICU:        4.8.1.1
 LZMA:       5.1.0alpha
 LZO:        2.06
 PNG:        1.2.49
 SDL:        1.2.15
 Zlib:       1.2.7

---- gamelog start ----
Tick 0: new game started
     Revision text changed to hdc3c70dd, savegame version 179, not modified, _openttd_newgrf_version = 0x13006192
     New game mode: 0 landscape: 0
---- gamelog end ----

*** End of OpenTTD Crash Report ***
