*** OpenTTD Crash Report ***
Date: 2008-07-20 09:11:11
Build: 0.6.2-RC1 built on Jul 16 2008 18:19:18
Reason: Assertion failed at ..\src\spritecache.cpp:356: i != _spritecache_items
Language: english.lng
Exception C0000005 at 00433319
Registers:
 EAX: 01D94038 EBX: 01AC69F4 ECX: 0012F99C EDX: 00DACD08
 ESI: 01AC5AE4 EDI: 00002000 EBP: 01AC69F0 ESP: 0012FBB4
 EIP: 00433319 EFLAGS: 00010206

Bytes at CS:EIP:
 C6 05 00 00 00 00 00 83 44 24 10 14 8B 4C 24 10 47 39 1C 01 75 C1 6B FF

Stack trace: 
 0012FBD8 00000000 00780DD3 00780DD3 00028000 0043325E 00425E6F 00000000
 0012FBC0 00000000 004D7A29 0066B40C 005E4810 0012FD10 00000000 00000000
 00780DD3 00780DF1 00000000 00000000 00130536 0000000F 00000000 00000000
 00780DD3 000001FB 00000143 FFFFFFFE 0050FB78 004387AA 01C03D98 0066B40C
 00413983 005E4810 00425414 0012FD24 00000001 00000001 0012FC80 00000184
 00000000 FFFFFFFF 00000000 003E1738 00000000 00000000 FFFFFFFF 0012FE2C
 005870F8 00000000 FFFFFFFF 00000000 00000000 00000000 00000000 00020700
 0012FCBC 7C82167A 0000002C FFFFFFFF 0000002A 00000104 0000FDE9 0012FD00
 00000001 00000029 0012FCE8 7C8215D3 0000FDE9 00000000 000206B4 FFFFFF00
 0012FD24 00000104 00000000 00000000 00000A28 0012FF28 0044472A 0000FD00
 00000000 000206B4 FFFFFFFF 0012FD24 00000104 0000AB52 0012FF28 0012FF28
 004442EF 0012FE28 00000A28 00000002 5C3A4622 6D61475F 345F7365 616C505F
 4F5C5F79 546E6570 6F5C4454 746E6570 652E6474 20006578 003E6900 0012FEDC
 0000000A 0012FEDC 0000000A 0012FD78 00403FCB 003E6990 0000000F 0012FEDC
 0000000A 0012FD9C 00404B6D 003E6990 0000000F 00404B78 0000000A 003E698C
 003E698C 0012FED8 0012FDDC 00404A72 0012FED8 00000000 FFFFFFFF 003E6980
 004D684C 0012FED8 003E6788 003E6738 003E6738 003E6980 0012FDBC 0012FE40
 005266F8 00000001 0012FE4C 004D6708 003E6750 004D6788 003E6738 0012FE90
 003E6738 003E6968 003E0168 00000000 0000000A 0000000A 00000000 0012FE2C
 005105CF 0012FEDC 0012FEA0 0000000A 0012FEA0 0012FD25 0012FE44 00403FCB
 0012FEDC 0000000F 004D66B8 0012FEFC 00526992 FFFFFFFF 0012FE7C 004D65B2
 0012FE68 0012FE01 0012FED8 005AC1CC 003E3C98 00000000 0012FEB0 00519B3F
 003E0000 00000000 00519B48 7C90D7EC 7C9133F6 FFFFFFFF 00000024 0012FE9C
 00000004 00000000 34A3E54A 0000006C 00516A82 003E3D04 00000080 00511A81

Module information:
 F:\_Games_4_Play_\OpenTTD\openttd.exe handle: 00400000 size: 1815552 crc: D63DAEC7 date: 2008-07-16 16:22:44
 C:\WINDOWS\system32\ntdll.dll handle: 7C900000 size: 712704 crc: C98C3094 date: 2008-04-14 07:01:34
 C:\WINDOWS\system32\kernel32.dll handle: 7C800000 size: 1008128 crc: B82C33A4 date: 2008-04-14 07:01:54
 C:\WINDOWS\system32\WINMM.dll handle: 76B20000 size: 177664 crc: CDC94910 date: 2008-04-14 07:02:06
 C:\WINDOWS\system32\ADVAPI32.dll handle: 77DC0000 size: 684544 crc: 560073CA date: 2008-04-14 07:01:48
 C:\WINDOWS\system32\RPCRT4.dll handle: 77E70000 size: 584704 crc: 09FFACF9 date: 2008-04-14 07:02:00
 C:\WINDOWS\system32\Secur32.dll handle: 77FE0000 size: 56320 crc: B8886829 date: 2008-04-14 07:02:00
 C:\WINDOWS\system32\GDI32.dll handle: 77F10000 size: 285184 crc: 6F9A9E14 date: 2008-04-14 07:01:52
 C:\WINDOWS\system32\USER32.dll handle: 7E360000 size: 578560 crc: 6A806D26 date: 2008-04-14 07:02:06
 C:\WINDOWS\system32\WS2_32.dll handle: 71A50000 size: 82432 crc: 93BE5030 date: 2008-04-14 07:02:08
 C:\WINDOWS\system32\msvcrt.dll handle: 77C00000 size: 343040 crc: 19C62F48 date: 2008-04-14 07:01:58
 C:\WINDOWS\system32\WS2HELP.dll handle: 71A40000 size: 19968 crc: E2F5FEA7 date: 2008-04-14 07:02:08
 C:\WINDOWS\system32\avgrsstx.dll handle: 10000000 size: 10520 crc: D2B9D9CC date: 2008-07-04 07:07:48
 C:\WINDOWS\system32\SHFolder.dll handle: 76760000 size: 25088 crc: 613C5773 date: 2008-04-14 07:02:00
 C:\WINDOWS\system32\SHLWAPI.dll handle: 77F60000 size: 474112 crc: EF75D875 date: 2008-04-14 07:02:00
 C:\WINDOWS\WinSxS\x86_Microsoft.Windows.Common-Controls_6595b64144ccf1df_6.0.2600.5512_x-ww_35d4ce83\comctl32.dll handle: 773C0000 size: 1054208 crc: BAA9C835 date: 2008-04-14 07:00:08
 C:\WINDOWS\system32\comctl32.dll handle: 5D520000 size: 617472 crc: BC5C108D date: 2008-04-14 07:01:50
 C:\WINDOWS\system32\WINTRUST.dll handle: 76C20000 size: 176640 crc: C7928BAA date: 2008-04-14 07:02:06
 C:\WINDOWS\system32\CRYPT32.dll handle: 77A70000 size: 602624 crc: 8E810098 date: 2008-04-14 07:01:50
 C:\WINDOWS\system32\MSASN1.dll handle: 77B10000 size: 57344 crc: F5CAA51C date: 2008-04-14 07:01:54
 C:\WINDOWS\system32\IMAGEHLP.dll handle: 76C80000 size: 144384 crc: FD8F7EC9 date: 2008-04-14 07:01:52
 C:\WINDOWS\system32\wdmaud.drv handle: 72CB0000 size: 23552 crc: EC552226 date: 2008-04-14 07:02:36
 C:\WINDOWS\system32\msacm32.drv handle: 72CA0000 size: 20480 crc: 4789F187 date: 2001-10-26 11:00:00
 C:\WINDOWS\system32\MSACM32.dll handle: 77BD0000 size: 71680 crc: 67A7F1DA date: 2008-04-14 07:01:54
 C:\WINDOWS\system32\midimap.dll handle: 77BC0000 size: 18944 crc: 53CBA365 date: 2008-04-14 07:01:54
 C:\WINDOWS\system32\ole32.dll handle: 774D0000 size: 1287168 crc: B3C8C67E date: 2008-04-14 07:02:00
 C:\Program Files\Stardock\ObjectDock\DockShellHook.dll handle: 00CD0000 size: 112400 crc: 1A310CAB date: 2007-04-24 13:22:12
 C:\WINDOWS\system32\MSCTF.dll handle: 746D0000 size: 297984 crc: 917B1B03 date: 2008-04-14 07:01:54
 C:\Program Files\TroubleSHOOTER\TRBLSHTR.DLL handle: 11300000 size: 90112 crc: C56D2931 date: 2005-04-28 07:16:46
 C:\Program Files\Unlocker\UnlockerHook.dll handle: 01180000 size: 4608 crc: 7D7C8E62 date: 2008-02-27 16:33:14
 C:\WINDOWS\system32\SHELL32.dll handle: 7C9C0000 size: 8482304 crc: F41004AB date: 2008-04-14 07:02:00
 C:\Program Files\ScanSoft\OmniPage15.0\OpHook15.dll handle: 12910000 size: 135168 crc: B9C9D144 date: 2005-07-05 22:58:14
 C:\WINDOWS\system32\VERSION.dll handle: 77BF0000 size: 18944 crc: 054B9D13 date: 2008-04-14 07:02:06
 C:\WINDOWS\system32\OLEAUT32.dll handle: 77110000 size: 551936 crc: EEAE5FDC date: 2008-04-14 07:02:00
 C:\WINDOWS\system32\CLBCATQ.DLL handle: 76FC0000 size: 498688 crc: 145BADEB date: 2008-04-14 07:01:50
 C:\WINDOWS\system32\COMRes.dll handle: 77040000 size: 816640 crc: FBD03867 date: 2008-04-14 07:01:50
 C:\WINDOWS\system32\dmime.dll handle: 59A80000 size: 181248 crc: 011BEF76 date: 2008-04-14 07:01:50
 C:\WINDOWS\system32\DSOUND.dll handle: 73EA0000 size: 367616 crc: EB93E293 date: 2008-04-14 07:01:52
 C:\WINDOWS\system32\dmusic.dll handle: 6CEC0000 size: 104448 crc: CFA51DF9 date: 2008-04-14 07:01:50
 C:\WINDOWS\system32\KsUser.dll handle: 73E70000 size: 4096 crc: 6216A303 date: 2008-04-14 07:01:54
 C:\WINDOWS\system32\dmsynth.dll handle: 6CEE0000 size: 103424 crc: DA20F4DE date: 2008-04-14 07:01:50
 C:\WINDOWS\system32\dmloader.dll handle: 6CF50000 size: 35840 crc: FB8D932B date: 2008-04-14 07:01:50
 C:\WINDOWS\system32\mswsock.dll handle: 719F0000 size: 246784 crc: D9B779FF date: 2008-06-20 17:48:54
 C:\WINDOWS\system32\hnetcfg.dll handle: 66780000 size: 346624 crc: A126A5D0 date: 2008-04-14 07:01:52
 C:\WINDOWS\System32\wshtcpip.dll handle: 71A30000 size: 19456 crc: 9DC1DF6D date: 2008-04-14 07:02:08
 C:\WINDOWS\system32\dmstyle.dll handle: 6CF00000 size: 105984 crc: 922E8822 date: 2008-04-14 07:01:50
 C:\WINDOWS\system32\dmband.dll handle: 6D100000 size: 28672 crc: 9BF3E835 date: 2008-04-14 07:01:50
 C:\WINDOWS\system32\psapi.dll handle: 76BE0000 size: 23040 crc: 76A89FF8 date: 2008-04-14 07:02:00

System information:
 Windows version 5.1 2600 S
