*** OpenTTD Crash Report ***
Date: 2008-01-19 14:49:31
Build: 0.6.0-beta3 built on Jan 15 2008 22:01:30
Reason: Assertion failed at d:\developpement\ottd\0.6.0-beta3\src\tile_map.h:126: !IsTileType(tile, MP_INDUSTRY)
Exception C0000005 at 0046242E
Registers:
 EAX: 015C5CE0 EBX: 00574004 ECX: 0012F5B8 EDX: 015C5D49
 ESI: 0001025F EDI: 0053DDC0 EBP: 0012F82C ESP: 0012F7D0
 EIP: 0046242E EFLAGS: 00210202

Bytes at CS:EIP:
 C6 05 00 00 00 00 00 A1 DC 69 68 00 0F B6 44 F0 01 5F 5E 5B C3 55 8B EC

Stack trace: 
 0001025F 0001025F 0012F860 00478BCA 0012F8C0 0001025F 00478B72 0392CE58
 00000000 0001025F 00000004 00070972 00000215 00000000 00000000 FFFFFFCB
 FFFFFFFF 7701FFFF 00000000 0012F858 772D1E2C 772D1DFB 1BC84C22 0012F874
 00405276 0000000A 00000000 00000002 00000002 0012F8C0 0012F974 00478B72
 6CF7AA7A FFFFFFFE 772D1DFB 004CF6F1 00070972 00000215 00000000 00000000
 0000000A 0012F8E4 00479112 0001025F 00000000 00000002 0000000A 00000003
 0000000A 0012F948 000025F0 0112F8BC 0000000A 00000000 00000002 00000003
 00000000 00000000 00000000 0001FFFF 000000FF 00000000 00000000 0001FFFF
 00660A24 004B75B7 4CBF80EE 74676E65 0012F90C 0012F96C 00479246 0012F948
 0001025F 0000000A 0000FE5F 0001025F 00405655 0000000A 0000FE5F 00000020
 0001025F 0012F9CC 0000FE5F 0392CE50 0012F934 00000400 000025F0 0047922B
 00001011 00000000 77497A7E 00000000 00000000 0301FFFF 0012F988 00507EE9
 01530000 00000000 00507F08 1BFA37DF 00000000 006609AC 00000000 0012F9BC
 0045E00A 0001025F 0000FE5F 00000020 00000000 10110401 00000001 0045E046
 0066070B 0045E2CF 00000003 00660748 00000000 006608E0 0012F9B8 00660814
 0012F9D4 00000202 0043FA93 0012F9E8 0043FB53 00000008 00000202 00000015
 000025F0 000003FC 0000FE5F 0001025F 00000003 0000000B 0012FA24 00445486
 00000008 00000202 00000000 00000000 00000000 00000000 0012FAB8 77A20E6E
 0012FA20 00000018 0012FB4C 77A20E20 00C90DB8 00000000 004457AD 00000000
 00000000 00000008 00000202 0012FAB8 00000000 004CF5D7 0012FB34 00000202
 00000000 00070000 0012FA40 00000000 0012FAA0 77112A1B 6CD3ABD5 FFFFFFFE
 770B9DCE 770B9E3A 00000202 00000000 770B2459 1BCACCBD 00000000 0012FC00
 00000102 00000000 0012FA84 0012FB34 0012FC00 00000000 6CD3126D FFFFFFFE
 770B2459 772CAC9A 0012FAE4 772D1A10 00070972 00000202 00000008 01830248

Module information:
 C:\Program Files\OpenTTD\openttd.exe handle: 00400000 size: 1782272 crc: 6969C673 date: 2008-01-15 21:06:22
 C:\Windows\system32\ntdll.dll handle: 779C0000 size: 1162656 crc: 9860BAFC date: 2006-11-02 09:47:26
 C:\Windows\system32\kernel32.dll handle: 77450000 size: 874496 crc: 17CD63D4 date: 2006-11-02 09:46:05
 C:\Windows\system32\WINMM.dll handle: 74DB0000 size: 193024 crc: 9854C61E date: 2006-11-02 09:46:14
 C:\Windows\system32\msvcrt.dll handle: 771A0000 size: 681472 crc: 3E43316C date: 2006-11-02 09:46:10
 C:\Windows\system32\USER32.dll handle: 772B0000 size: 633856 crc: 43750877 date: 2007-06-14 11:00:57
 C:\Windows\system32\GDI32.dll handle: 77610000 size: 296448 crc: DEFE2EF3 date: 2006-11-02 09:46:05
 C:\Windows\system32\ADVAPI32.dll handle: 77B40000 size: 770048 crc: 5657747A date: 2006-11-02 09:46:02
 C:\Windows\system32\RPCRT4.dll handle: 76430000 size: 788992 crc: C1C20BA2 date: 2007-10-10 18:55:17
 C:\Windows\system32\ole32.dll handle: 77870000 size: 1314816 crc: E94D6A09 date: 2006-11-02 09:46:12
 C:\Windows\system32\OLEAUT32.dll handle: 77020000 size: 558080 crc: 4240CB8B date: 2006-11-02 09:46:12
 C:\Windows\system32\OLEACC.dll handle: 74D70000 size: 214016 crc: 77FD0E8C date: 2006-11-02 09:46:12
 C:\Windows\system32\WS2_32.dll handle: 77350000 size: 178688 crc: AAACD85A date: 2006-11-02 09:46:14
 C:\Windows\system32\NSI.dll handle: 77B10000 size: 10240 crc: 7ABAD1AB date: 2006-11-02 09:46:12
 C:\Windows\system32\IMM32.DLL handle: 77B20000 size: 115200 crc: 4E2420B1 date: 2006-11-02 09:46:05
 C:\Windows\system32\MSCTF.dll handle: 770B0000 size: 805888 crc: 15E5B0F8 date: 2006-11-02 09:46:06
 C:\Windows\system32\LPK.DLL handle: 77180000 size: 24064 crc: F8DEC626 date: 2006-11-02 09:46:05
 C:\Windows\system32\USP10.dll handle: 763B0000 size: 502784 crc: 92784FE4 date: 2006-11-02 09:46:13
 C:\Windows\system32\sockspy.dll handle: 10000000 size: 61440 crc: B9C5CE1D date: 2006-12-22 23:54:02
 C:\Windows\system32\SHFolder.dll handle: 72140000 size: 7168 crc: 1CA14A5C date: 2006-11-02 09:46:13
 C:\Windows\system32\SHELL32.dll handle: 76500000 size: 11315200 crc: C7F3350B date: 2007-08-29 06:13:59
 C:\Windows\system32\SHLWAPI.dll handle: 77250000 size: 339968 crc: DD3E7F6D date: 2006-11-02 09:46:13
 C:\Windows\WinSxS\x86_microsoft.windows.common-controls_6595b64144ccf1df_6.0.6000.16386_none_5d07289e07e1d100\comctl32.dll handle: 75030000 size: 1648128 crc: 3646BCFE date: 2006-11-02 09:38:57
 C:\Windows\system32\uxtheme.dll handle: 75330000 size: 240640 crc: C7A510F1 date: 2006-11-02 09:46:13
 C:\Windows\system32\wdmaud.drv handle: 74130000 size: 168448 crc: 77A2240C date: 2006-11-02 09:44:42
 C:\Windows\system32\ksuser.dll handle: 74060000 size: 4608 crc: 4C647881 date: 2006-11-02 09:46:05
 C:\Windows\system32\AVRT.dll handle: 74D60000 size: 12800 crc: 55075A98 date: 2006-11-02 09:46:02
 C:\Windows\system32\MMDevAPI.DLL handle: 74CE0000 size: 146944 crc: 8356CE09 date: 2006-11-02 09:46:05
 C:\Windows\system32\CLBCatQ.DLL handle: 77580000 size: 523776 crc: 80402F8D date: 2006-11-02 09:46:02
 C:\Windows\system32\SETUPAPI.dll handle: 776E0000 size: 1584128 crc: 0161B7EE date: 2006-11-02 09:46:13
 C:\Windows\system32\WINTRUST.dll handle: 75430000 size: 171520 crc: CC0AAD60 date: 2006-11-02 09:46:14
 C:\Windows\system32\CRYPT32.dll handle: 75BD0000 size: 974336 crc: CE612123 date: 2007-06-14 11:01:18
 C:\Windows\system32\MSASN1.dll handle: 75D10000 size: 59904 crc: 7A69072B date: 2006-11-02 09:46:06
 C:\Windows\system32\USERENV.dll handle: 76130000 size: 107008 crc: 8A03C1B2 date: 2006-11-02 09:46:13
 C:\Windows\system32\Secur32.dll handle: 76110000 size: 72704 crc: 8A267374 date: 2006-11-02 09:46:12
 C:\Windows\system32\imagehlp.dll handle: 77AE0000 size: 152576 crc: 04F330F8 date: 2007-06-14 11:01:23
 C:\Windows\System32\audioses.dll handle: 73EA0000 size: 115712 crc: EDAD9818 date: 2006-11-02 09:46:02
 C:\Windows\System32\audioeng.dll handle: 73D70000 size: 398848 crc: 6620F414 date: 2006-11-02 09:46:02
 C:\Windows\system32\PSAPI.DLL handle: 76270000 size: 12288 crc: D7B812C5 date: 2006-11-02 09:46:12
 C:\Windows\system32\msacm32.drv handle: 70BC0000 size: 21504 crc: BB7F5A40 date: 2006-11-02 09:44:42
 C:\Windows\system32\MSACM32.dll handle: 74E20000 size: 73216 crc: D2218869 date: 2006-11-02 09:46:06
 C:\Windows\system32\midimap.dll handle: 70BA0000 size: 17408 crc: 5B132C06 date: 2006-11-02 09:46:05
 C:\Windows\system32\dmime.dll handle: 6ED50000 size: 178688 crc: DAE0D69F date: 2006-11-02 12:33:49
 C:\Windows\system32\DSOUND.dll handle: 6F730000 size: 445440 crc: CDD4A072 date: 2006-11-02 09:46:04
 C:\Windows\system32\POWRPROF.dll handle: 755E0000 size: 96768 crc: F38999AB date: 2006-11-02 09:46:12
 C:\Windows\system32\dmusic.dll handle: 6ED30000 size: 101376 crc: 7F7DD187 date: 2006-11-02 12:33:49
 C:\Windows\system32\dmsynth.dll handle: 6ED10000 size: 105472 crc: 098E46B7 date: 2006-11-02 12:33:49
 C:\Windows\system32\dmloader.dll handle: 752D0000 size: 38400 crc: 9F2D389D date: 2006-11-02 12:33:49
 C:\Windows\system32\mswsock.dll handle: 758F0000 size: 227328 crc: 292B63F9 date: 2006-11-02 09:46:10
 C:\Windows\System32\wshtcpip.dll handle: 75500000 size: 11264 crc: 00CB0211 date: 2006-11-02 09:46:14

System information:
 Windows version 6.0 6000 
