*** OpenTTD Crash Report ***

Crash at: Sun Sep 13 07:22:25 2015
In game date: 1960-01-01 (0)

Crash reason:
 Exception: E1212012
 Location:  00007FFE151A8B9C
 Message:   Assertion failed at line 808 of c:\bamboo-agent-home\xml-data\build-dir\ottd-nightly-w64bit\src\window_gui.h: nwid != NULL

OpenTTD version:
 Version:    r27395 (0)
 NewGRF ver: 16006b03
 Bits:       64
 Endian:     little
 Dedicated:  no
 Build date: Sep  9 2015 18:23:29

Registers:
 RAX: 0000000000000001 RBX: 0000000000000016 RCX: 0000000000000000 RDX: 0000000000000000
 RSI: 0000000000000000 RDI: 0000000000000008 RBP: 0000000000000000 RSP: 0000000000BAE9E0
 R8:  000000000000001F R9:  0000000000000038 R10: 0000007C80000000 R11: 000000000000001F
 R12: 00007FF691905CD0 R13: 00007FF6916DA440 R14: 0000000000000001 R15: 0000000000000000
 RIP: 00007FFE151A8B9C EFLAGS: 00000202

 Bytes at instruction pointer:
 48 8B 8C 24 C0 00 00 00 48 33 CC E8 94 88 FF FF 48 81 C4 D8 00 00 00 C3

Stack trace:
 0000008A 00000000 00000016 00000000 00000000 00000000 00000008 00000000
 E1212012 00000000 00000000 00000000 151A8B9C 00007FFE 00000000 00000000
 91884A08 00007FF6 91E215A0 00007FF6 00000050 00000000 000B0334 00000000
 00000000 00000000 91E215A0 00007FF6 91884A08 00007FF6 00000010 00000000
 00000000 00000000 00000000 00000000 00000000 00000000 17FD4D77 00007FFE
 00000000 00000000 00000000 00000000 00BAE8C0 00000000 00BAE8A0 00000000
 DA2E2684 0000A7F2 00000001 FFFFFFFF 00000016 00000000 91756F45 00007FF6
 00000001 00000000 17214DB7 00007FF6 D84EEA87 0000B129 17FC5FB7 00007FFE
 00000200 00000000 00000000 00000000 0000008A 00000000 00000016 00000000
 00000001 00000000 00000008 00000000 00000000 00000000 91756060 00007FF6
 00000001 00000000 24BAF020 00000000 23D95700 00000000 FFFFFFFF 00000000
 24BAF020 00000000 9143183B 00007FF6 24BAF020 00000000 00000000 00000000
 23D95700 00000000 00000000 00000000 65737341 6F697472 6166206E 64656C69
 20746120 656E696C 38303820 20666F20 625C3A63 6F626D61 67612D6F 2D746E65
 656D6F68 6C6D785C 7461642D 75625C61 2D646C69 5C726964 6474746F 67696E2D
 796C7468 3436772D 5C746962 5C637273 646E6977 675F776F 682E6975 776E203A
 21206469 554E203D 00004C4C 00000000 00000016 00000000 23D77EF0 00000000
 00000000 00000000 00000000 00000000 00000001 00000000 9175126C 00007FF6
 00000016 00000000 24BAF020 00000000 FFFFFFFE FFFFFFFF 00000000 00000000
 00000001 00000000 915036F1 00007FF6 23D77EF0 00000000 00000001 00000000
 9189A578 00007FF6 91475180 00007FF6 24BAF020 00000000 914748E8 00007FF6
 24BAF020 00000000 00000000 00000000 00BAECA0 00000000 9176C57E 00007FF6
 0000000F 00000000 9146D873 00007FF6 FFFFFFFE FFFFFFFF 91448D55 00007FF6
 00000000 00000000 91900438 00007FF6 91900580 00007FF6 00000000 00000000

Operating system:
 Name:     Windows
 Release:  6.2.9200 ()
 Compiler: MSVC 1600

Configuration:
 Blitter:      32bpp-sse4-anim
 Graphics set: zBase (5588)
 Language:     C:\masters\OpenTTD\lang\english_AU.lng
 Music driver: win32
 Music set:    OpenMSX (5401)
 Network:      no
 Sound driver: win32
 Sound set:    OpenSFX (5401)
 Video driver: win32

Fonts:
 Small:  sprite
 Medium: sprite
 Large:  sprite
 Mono:   sprite

AI Configuration (local: 16):
  0: Human

Libraries:
 FreeType:   2.4.11
 LZMA:       5.0.4
 LZO:        2.06
 PNG:        1.5.14
 Zlib:       1.2.7

Module information:
 C:\masters\OpenTTD\openttd.exe handle: 00007FF6913D0000 size: 5712384 crc: 581CD4E2 date: 2015-09-09 18:28:27
 C:\Windows\SYSTEM32\ntdll.dll handle: 00007FFE17F70000 size: 1735000 crc: 90C7E457 date: 2015-07-16 00:29:35
 C:\Windows\system32\KERNEL32.DLL handle: 00007FFE15960000 size: 1309744 crc: 8327D87F date: 2014-10-29 04:09:24
 C:\Windows\system32\KERNELBASE.dll handle: 00007FFE151A0000 size: 1133200 crc: C4E2F54B date: 2014-10-29 03:55:08
 C:\Windows\SYSTEM32\WINMM.dll handle: 00007FFE10C90000 size: 126056 crc: 7659EB7B date: 2014-10-29 03:52:43
 C:\Windows\system32\WS2_32.dll handle: 00007FFE15DA0000 size: 363080 crc: FEC14C29 date: 2014-10-29 03:51:53
 C:\Windows\system32\IMM32.dll handle: 00007FFE17670000 size: 210744 crc: 7F26DDC8 date: 2014-10-29 04:00:23
 C:\Windows\system32\USER32.dll handle: 00007FFE17400000 size: 1540696 crc: 10D1C3D1 date: 2014-10-29 04:00:24
 C:\Windows\system32\GDI32.dll handle: 00007FFE15AA0000 size: 1380056 crc: 283BDAC1 date: 2015-07-03 21:51:57
 C:\Windows\system32\ADVAPI32.dll handle: 00007FFE17E00000 size: 685408 crc: F1EC28BC date: 2014-10-29 03:54:14
 C:\Windows\system32\SHELL32.dll handle: 00007FFE15ED0000 size: 22292672 crc: 22E6195C date: 2015-05-07 17:50:50
 C:\Windows\SYSTEM32\WINMMBASE.dll handle: 00007FFE10990000 size: 161120 crc: 43BDBD7D date: 2014-10-29 03:52:43
 C:\Windows\system32\msvcrt.dll handle: 00007FFE17D50000 size: 687496 crc: AB7BF219 date: 2014-10-29 03:53:30
 C:\Windows\system32\NSI.dll handle: 00007FFE15EC0000 size: 24800 crc: EA0F476C date: 2014-10-29 03:51:53
 C:\Windows\system32\RPCRT4.dll handle: 00007FFE17720000 size: 1311960 crc: FF3DEF1F date: 2015-06-28 05:06:58
 C:\Windows\system32\MSCTF.dll handle: 00007FFE15800000 size: 1385256 crc: 432F61C2 date: 2015-03-14 08:20:01
 C:\Windows\SYSTEM32\sechost.dll handle: 00007FFE17600000 size: 360480 crc: 19E9E10C date: 2015-03-23 21:59:25
 C:\Windows\SYSTEM32\combase.dll handle: 00007FFE17B30000 size: 2174976 crc: 98B4DD2D date: 2014-10-29 03:55:46
 C:\Windows\system32\SHLWAPI.dll handle: 00007FFE157A0000 size: 339312 crc: 557A1A0C date: 2014-10-29 03:57:40
 C:\Windows\SYSTEM32\cfgmgr32.dll handle: 00007FFE155B0000 size: 315576 crc: C6A55E14 date: 2014-10-29 04:09:27
 C:\Windows\SYSTEM32\DEVOBJ.dll handle: 00007FFE13EC0000 size: 155456 crc: 027D4AD1 date: 2014-10-29 04:09:23
 C:\Windows\SYSTEM32\SHCORE.dll handle: 00007FFE13970000 size: 723072 crc: 8E0C4760 date: 2015-01-23 07:17:39
 C:\Windows\system32\uxtheme.dll handle: 00007FFE13D40000 size: 1192960 crc: 473B2300 date: 2014-10-29 02:50:45
 C:\Windows\system32\dwmapi.dll handle: 00007FFE13770000 size: 125504 crc: F24873F8 date: 2014-10-29 04:00:24
 C:\Windows\system32\ole32.dll handle: 00007FFE15600000 size: 1661576 crc: 3B509E96 date: 2015-06-16 05:36:27
 C:\Windows\SYSTEM32\kernel.appcore.dll handle: 00007FFE13F10000 size: 33064 crc: 46564BB7 date: 2014-10-29 04:09:27
 C:\Windows\SYSTEM32\CRYPTBASE.dll handle: 00007FFE14FA0000 size: 31528 crc: 48DECD65 date: 2014-10-29 03:51:52
 C:\Windows\SYSTEM32\bcryptPrimitives.dll handle: 00007FFE14F30000 size: 397192 crc: 86B758AD date: 2014-10-29 04:04:55
 C:\Windows\system32\mswsock.dll handle: 00007FFE14900000 size: 339456 crc: 65010040 date: 2014-10-29 01:29:43
 C:\Windows\SYSTEM32\MMDevAPI.DLL handle: 00007FFE130B0000 size: 444728 crc: 9D748D54 date: 2014-10-29 03:52:43
 C:\Windows\SYSTEM32\wdmaud.drv handle: 00007FFE09DE0000 size: 228864 crc: B12B8E56 date: 2014-10-29 01:10:10
 C:\Windows\SYSTEM32\ksuser.dll handle: 00007FFE0FEA0000 size: 22208 crc: 52213363 date: 2014-10-29 03:52:43
 C:\Windows\SYSTEM32\AVRT.dll handle: 00007FFE13310000 size: 35664 crc: 93162AF9 date: 2014-10-29 03:57:45
 C:\Windows\SYSTEM32\AUDIOSES.DLL handle: 00007FFE0FE20000 size: 500016 crc: 16CF52F4 date: 2014-10-29 03:52:49
 C:\Windows\system32\OLEAUT32.dll handle: 00007FFE17870000 size: 788680 crc: 2576FAE6 date: 2014-12-19 08:57:44
 C:\Windows\SYSTEM32\powrprof.dll handle: 00007FFE15070000 size: 277368 crc: 7D42587C date: 2014-10-29 04:09:26
 C:\Windows\SYSTEM32\msacm32.drv handle: 00007FFE125A0000 size: 26624 crc: DB5F4CD1 date: 2014-10-29 02:37:22
 C:\Windows\SYSTEM32\MSACM32.dll handle: 00007FFE0E920000 size: 106384 crc: CAA1FA35 date: 2014-10-29 03:52:43
 C:\Windows\SYSTEM32\midimap.dll handle: 00007FFE12280000 size: 23552 crc: 5011F5F8 date: 2014-10-29 02:42:51
 C:\Windows\SYSTEM32\DNSAPI.dll handle: 00007FFE14700000 size: 657920 crc: AD1C93F7 date: 2014-11-05 01:44:50
 C:\Windows\System32\rasadhlp.dll handle: 00007FFE0E7B0000 size: 17408 crc: 2DF4992C date: 2014-10-29 01:28:26
 C:\Windows\SYSTEM32\IPHLPAPI.DLL handle: 00007FFE10710000 size: 159112 crc: 70DDC328 date: 2014-10-29 03:51:53
 C:\Windows\SYSTEM32\WINNSI.DLL handle: 00007FFE10700000 size: 33032 crc: 66D74542 date: 2014-10-29 03:51:53
 C:\Windows\System32\fwpuclnt.dll handle: 00007FFE0F520000 size: 422400 crc: 7530B18F date: 2014-11-10 01:26:39
 C:\Windows\system32\SETUPAPI.dll handle: 00007FFE17950000 size: 1950280 crc: 4377104B date: 2014-10-29 04:09:27
 C:\Windows\SYSTEM32\clbcatq.dll handle: 00007FFE17EB0000 size: 730824 crc: 0EAA7D4E date: 2014-10-29 03:55:47
 C:\Windows\system32\propsys.dll handle: 00007FFE10360000 size: 1576312 crc: B43A50E2 date: 2014-10-29 03:57:42
 C:\Windows\SYSTEM32\CRYPTSP.dll handle: 00007FFE14960000 size: 122912 crc: C88D2EE8 date: 2014-10-29 04:04:52
 C:\Windows\system32\rsaenh.dll handle: 00007FFE144B0000 size: 217912 crc: EA89B767 date: 2014-10-29 04:04:57
 C:\Windows\SYSTEM32\bcrypt.dll handle: 00007FFE14BF0000 size: 153336 crc: C61698F7 date: 2014-10-29 04:04:54
 C:\Windows\SYSTEM32\ntmarta.dll handle: 00007FFE12E40000 size: 196264 crc: C0047941 date: 2014-10-29 04:04:56
 C:\Windows\system32\mssprxy.dll handle: 00007FFE126B0000 size: 133120 crc: CEA6C494 date: 2014-10-29 00:57:51
 C:\Windows\system32\psapi.dll handle: 00007FFE17940000 size: 17560 crc: 4B24A606 date: 2014-10-29 04:09:24

---- gamelog start ----
Tick 0: new game started
Revision text changed to 1.5.1, savegame version 194, not modified, _openttd_newgrf_version = 0x15186aa2
New game mode: 2 landscape: 0
Tick 1280: game loaded
Revision text changed to r27395, savegame version 194, not modified, _openttd_newgrf_version = 0x16006b03
Tick 1280: GRF config changed
Added NewGRF: GRF ID 44419001, checksum 74AE46A431EBCF7AD857A8172E1CFF44, filename: aussie_town_names-0.1\downunder.grf (md5sum matches)
Added NewGRF: GRF ID 4A595001, checksum 15F21676B27572D8CF96C1D41B37AB34, filename: 2ccBusSet\2ccBusSet.grf (md5sum matches)
Added NewGRF: GRF ID 544D0101, checksum AD9B7DF2F5AC706DD2D64A0C98C4A887, filename: 2ccts\2ccts.grf (md5sum matches)
Added NewGRF: GRF ID FBFB0010, checksum 9A864FB717F53DB545F5D5A24DD7A1C8, filename: trams-2cc\trams-2cc.grf (md5sum matches)
Added NewGRF: GRF ID 44440A01, checksum FCEEC76CF44EC23E7FE9C88048CF11CC, filename: av8\pb_av8w.grf (md5sum matches)
Added NewGRF: GRF ID 634D0100, checksum 65E3C5D513D64016A318AE2320DE7B32, filename: betabridges-0.5\betabridges.grf (md5sum matches)
Tick 1280: GRF config changed
GRF order changed: 44440A01 moved 4 places upGRF ID 44440A01, filename: av8\pb_av8w.grf (md5sum matches)
Tick 1280: settings changed
Setting changed: vehicle.plane_speed : 4 -> 3
Tick 1280: settings changed
Setting changed: vehicle.plane_speed : 3 -> 2
Tick 1280: settings changed
Setting changed: vehicle.plane_speed : 2 -> 1
Tick 1280: GRF config changed
Added NewGRF: GRF ID 414E0201, checksum 23C9EA8C5DA3140B6A05F546EF6CEE31, filename: fish\fish.grf (md5sum matches)
Added NewGRF: GRF ID 52571201, checksum 9548AAA21E5B7E8168B3B19EF8290A83, filename: grvts32.grf (md5sum matches)
Added NewGRF: GRF ID F1250005, checksum 659FAB1BF6C04E4A22BB99F11E8E8436, filename: firs\firs.grf (md5sum matches)
Tick 1280: GRF config changed
GRF parameter changed: GRF ID 4A595001, filename: 2ccBusSet\2ccBusSet.grf (md5sum matches)
GRF parameter changed: GRF ID FBFB0010, filename: trams-2cc\trams-2cc.grf (md5sum matches)
GRF parameter changed: GRF ID F1250005, filename: firs\firs.grf (md5sum matches)
Tick 1280: settings changed
Setting changed: vehicle.road_side : 1 -> 0
Tick 1280: settings changed
Setting changed: economy.allow_town_level_crossings : 1 -> 0
---- gamelog end ----

*** End of OpenTTD Crash Report ***

Decoded stack trace:
[00] KERNELBASE           0x00007FFE151A8B9C RaiseException + 108
[01] openttd              0x00007FF691756F45
[02] openttd              0x00007FF691756060
[03] openttd              0x00007FF69143183B
[04] openttd              0x00007FF6914CCB16
[05] openttd              0x00007FF6914CDDBC
[06] openttd              0x00007FF6914FB0A1
[07] openttd              0x00007FF691474103
[08] openttd              0x00007FF6914773F2
[09] openttd              0x00007FF691477697
[10] openttd              0x00007FF6916D8140
[11] USER32               0x00007FFE1740250D DispatchMessageW + 349
[12] USER32               0x00007FFE17402367 NotifyWinEvent + 567
[13] openttd              0x00007FF6916D89BD
[14] openttd              0x00007FF691433A12
[15] openttd              0x00007FF6916DB28D
[16] openttd              0x00007FF691758560
[17] KERNEL32             0x00007FFE159613D2 BaseThreadInitThunk + 34
[18] ntdll                0x00007FFE17F85454 RtlUserThreadStart + 52

*** End of additional info ***
