*** OpenTTD Crash Report ***
Date: 2009-08-12 19:55:25
Build: 0.7.2 (0) built on Jul 31 2009 22:53:33
Language: english_US.lng
Exception C0000005 at 004362F7
Registers:
 EAX: 00000124 EBX: 023A8D0E ECX: 0000FFFF EDX: 00000000
 ESI: 023A8C6C EDI: 0000FFFF EBP: 0012FAF8 ESP: 0012FAE8
 EIP: 004362F7 EFLAGS: 00010202

Bytes at CS:EIP:
 66 01 08 8A 86 96 00 00 00 3A 05 5E 8D 67 00 75 15 0F B7 86 18 01 00 00

Stack trace: 
 00010000 0000FFFF 023A8C6C 023A8C6C 0012FB14 00401AD4 023A8C6C 023A8C6C
 0012FB64 0059C17F 00000000 00000004 00401C08 023A8C6C 004AED4D 00000001
 00000001 0065B198 0012FB70 00000000 0164C220 00010000 00000000 0205A098
 02091D90 02091DA0 02091D90 02091DA0 020919D0 02091DB8 00584690 0012FC14
 0059C1DF FFFFFFFF 0012FC20 004B6B9E 7E3AA78F 00000000 00000000 00000070
 00000240 00000000 00C90000 0012F98C 0001FAF4 00000008 0012FAFC 7C9201E0
 0012FBE8 00C90000 7C920060 FFFFFFFF 7C92005D 0057CF2E 00C90000 00010000
 0000000E 0012FB28 00000000 0012FC14 7C91E920 7C920060 FFFFFFFF 7C92005D
 0057CF2E 00C90000 00000000 0057CF4D 925149E9 7E3AA78F 00000000 5A54544F
 00010400 0012FBF8 0012FB78 0012FFB0 0059C1E9 00000000 0000FFFF 00429524
 00000000 0000000B 00000003 00429654 00000000 0000000B 7E3AA78F 029A23DC
 0012FC50 00000000 0012FC64 00429C47 029A23DC 00000000 0012FC4C 00000000
 0051A9D6 00678D74 00DAE9D8 0012FD14 00000000 0012FC68 029A23DC 029A23FA
 00000000 00000000 0079032A 00000201 00000001 01840213 029A23BD 00000213
 0000019F 0042919E 0012FD2C 00000001 00000001 01000001 00DAE9C8 00000000
 00000000 00000000 00000000 FFFFFFFF FFFFFFFF 00000000 00000000 00000000
 FFFFFFFF 00000000 0012FF30 00000000 00000000 00000000 FFFFFFFF 0012FE34
 00620188 00000000 000081E7 0012FF30 0043F8F0 00000001 0012FE30 FFFFFFFE
 00000000 5C3A4322 454D4147 706F5C53 74746E65 2E302D64 5C322E37 6E65706F
 2E647474 00657865 00C90020 00C90178 00C97390 0000000D 00000005 00C90178
 00C97588 00C90178 00000004 00C97570 00000000 00C901D8 00C90178 00C90178
 00C90178 00C97580 00C90168 00000000 00000000 00C97580 00000020 00C97588
 00C97008 00C90178 00000020 00000178 00C90000 0012FBB4 00C90178 0012FE7C
 7C91E920 7C9201E0 FFFFFFFF 7C9201DB 0057D016 00C90000 00000000 00000018

Module information:
 C:\GAMES\openttd-0.7.2\openttd.exe handle: 00400000 size: 2524672 crc: 30F92EB7 date: 2009-08-01 01:57:44
 C:\WINDOWS\system32\ntdll.dll handle: 7C910000 size: 739328 crc: 3B40B05A date: 2009-02-09 10:52:53
 C:\WINDOWS\system32\kernel32.dll handle: 7C800000 size: 1042944 crc: 72A8865E date: 2009-03-21 14:08:18
 C:\WINDOWS\system32\WINMM.dll handle: 76B00000 size: 180224 crc: D323108E date: 2008-04-14 02:18:46
 C:\WINDOWS\system32\ADVAPI32.dll handle: 77DA0000 size: 685056 crc: 0EB1FC9F date: 2009-02-09 10:52:54
 C:\WINDOWS\system32\RPCRT4.dll handle: 77E50000 size: 585216 crc: FB860018 date: 2009-04-15 14:54:30
 C:\WINDOWS\system32\Secur32.dll handle: 77FC0000 size: 56832 crc: 961F57D6 date: 2009-02-03 19:57:55
 C:\WINDOWS\system32\GDI32.dll handle: 77EF0000 size: 286720 crc: 545E8EBD date: 2008-10-23 12:36:14
 C:\WINDOWS\system32\USER32.dll handle: 7E390000 size: 579584 crc: 2931CD4C date: 2008-04-14 02:18:45
 C:\WINDOWS\system32\WS2_32.dll handle: 71A30000 size: 82432 crc: ABD47A9F date: 2008-04-14 02:18:47
 C:\WINDOWS\system32\msvcrt.dll handle: 77BE0000 size: 343040 crc: EAC333C2 date: 2008-04-14 02:18:28
 C:\WINDOWS\system32\WS2HELP.dll handle: 71A20000 size: 19968 crc: C7562BDD date: 2008-04-14 02:18:47
 C:\WINDOWS\system32\SHELL32.dll handle: 7E6A0000 size: 8503296 crc: B157FD4C date: 2008-06-17 19:02:03
 C:\WINDOWS\system32\SHLWAPI.dll handle: 77F40000 size: 474624 crc: 365E3967 date: 2008-04-14 02:18:36
 C:\WINDOWS\system32\IMM32.DLL handle: 76340000 size: 110080 crc: 439CBB64 date: 2008-04-14 02:18:22
 C:\WINDOWS\WinSxS\x86_Microsoft.Windows.Common-Controls_6595b64144ccf1df_6.0.2600.5512_x-ww_35d4ce83\comctl32.dll handle: 773A0000 size: 1054208 crc: 5EC4ECEF date: 2008-04-14 02:16:14
 C:\WINDOWS\system32\comctl32.dll handle: 58C30000 size: 617472 crc: C298AFB4 date: 2008-04-14 02:18:20
 C:\WINDOWS\system32\SHFolder.dll handle: 76740000 size: 25088 crc: 2E56ECE1 date: 2008-04-14 02:18:36
 C:\WINDOWS\system32\WINTRUST.dll handle: 76BF0000 size: 176640 crc: E5A490F9 date: 2008-04-14 02:18:46
 C:\WINDOWS\system32\CRYPT32.dll handle: 77A50000 size: 605184 crc: C3F4350E date: 2008-04-14 02:18:20
 C:\WINDOWS\system32\MSASN1.dll handle: 77AF0000 size: 57344 crc: D549CEAF date: 2008-04-14 02:18:25
 C:\WINDOWS\system32\IMAGEHLP.dll handle: 76C50000 size: 144384 crc: 4FE8B8E2 date: 2008-04-14 02:18:22
 C:\WINDOWS\system32\wdmaud.drv handle: 72CA0000 size: 23552 crc: FC7FFE50 date: 2008-04-14 02:19:19
 C:\WINDOWS\system32\msacm32.drv handle: 72C90000 size: 20992 crc: FE55644F date: 2004-08-20 11:00:00
 C:\WINDOWS\system32\MSACM32.dll handle: 77BB0000 size: 71680 crc: BAFDA451 date: 2008-04-14 02:18:24
 C:\WINDOWS\system32\midimap.dll handle: 77BA0000 size: 18944 crc: 81CE15CE date: 2008-04-14 02:18:24
 C:\WINDOWS\system32\ole32.dll handle: 774B0000 size: 1287168 crc: 755DDE4A date: 2008-04-14 02:18:33
 C:\WINDOWS\system32\uxtheme.dll handle: 5AD70000 size: 218624 crc: EA4C9A63 date: 2008-04-25 22:41:38
 C:\Archivos de programa\RocketDock\RocketDock.dll handle: 10000000 size: 69632 crc: B42DC454 date: 2007-09-02 16:57:36
 C:\WINDOWS\system32\PSAPI.DLL handle: 76BB0000 size: 23040 crc: DF133838 date: 2008-04-14 02:18:33
 C:\WINDOWS\system32\MSCTF.dll handle: 746B0000 size: 297984 crc: 03F6CBD2 date: 2008-04-14 02:18:25
 C:\WINDOWS\system32\CLBCATQ.DLL handle: 76F90000 size: 498688 crc: 8AC203B5 date: 2008-04-14 02:18:20
 C:\WINDOWS\system32\COMRes.dll handle: 77010000 size: 837120 crc: 4CC45D10 date: 2008-04-14 02:18:20
 C:\WINDOWS\system32\OLEAUT32.dll handle: 770F0000 size: 551936 crc: 04D6C7C0 date: 2008-04-14 02:18:33
 C:\WINDOWS\system32\VERSION.dll handle: 77BD0000 size: 18944 crc: 5E2194B8 date: 2008-04-14 02:18:45
 C:\WINDOWS\system32\dmime.dll handle: 68D40000 size: 181248 crc: 00E8A028 date: 2008-04-14 02:18:20
 C:\WINDOWS\system32\DSOUND.dll handle: 73E90000 size: 367616 crc: 3910148C date: 2008-04-14 02:18:20
 C:\WINDOWS\system32\dmusic.dll handle: 6CE90000 size: 104448 crc: 14FBAA25 date: 2008-04-14 02:18:20
 C:\WINDOWS\system32\KsUser.dll handle: 73E60000 size: 4096 crc: B2DC9473 date: 2008-04-14 02:18:24
 C:\WINDOWS\system32\dmsynth.dll handle: 6CEB0000 size: 103424 crc: 65F4C7C2 date: 2008-04-14 02:18:20
 C:\WINDOWS\system32\dmloader.dll handle: 6CF20000 size: 35840 crc: FF4B1238 date: 2008-04-14 02:18:20
 C:\WINDOWS\system32\msctfime.ime handle: 75160000 size: 177152 crc: 1DE59007 date: 2009-02-27 04:57:08
 C:\WINDOWS\system32\mswsock.dll handle: 719D0000 size: 248320 crc: 2360A3EF date: 2008-06-20 17:47:55
 C:\WINDOWS\system32\hnetcfg.dll handle: 66740000 size: 347136 crc: F15ED981 date: 2008-04-14 02:18:21
 C:\WINDOWS\System32\wshtcpip.dll handle: 71A10000 size: 19456 crc: 0CC5FFB4 date: 2008-04-14 02:18:47
 C:\WINDOWS\system32\mslbui.dll handle: 60A00000 size: 25600 crc: 45EB5B12 date: 2008-04-14 02:18:27
 C:\Archivos de programa\WIDCOMM\Bluetooth Software\btkeyind.dll handle: 021D0000 size: 53248 crc: 8BAD778D date: 2006-05-09 21:06:36

System information:
 Windows version 5.1 2600 Service Pack 3

---- gamelog start ----
Tick 62675: game loaded
     Conversion from OTTD savegame without gamelog: version 4, 1
     Revision text changed to 0.7.2, savegame version 116, not modified, _openttd_newgrf_version = 0x07284272
     New game mode: 1 landscape: 1
     Added NewGRF: GRF ID 44440A01, checksum D48D7AD02CA355B92FAE081DC4A36868, filename: av8_aviators_aircraft_set.v1.331\pb_av8w.grf
     Added NewGRF: GRF ID 44440A03, checksum 6205E0297104502240D946EC26B195CA, filename: av8_extra_aircraft.1.501\pb_av8exw.grf
     Added NewGRF: GRF ID 52571201, checksum C1C7D8C53EB7E74EEE2F0EF29638B466, filename: egrvts.1.0\egrvts.grf
     Added NewGRF: GRF ID 4A430002, checksum 0728ADCB4DF2F1EB9247ABD449296F4E, filename: industrial_stations_renewal.0.8.0\indstatrw.grf
     Added NewGRF: GRF ID 74677462, checksum A2396FFDCC0F1BA37A2A89EF525CDF21, filename: total_bridge_renewal_set.1.12\total_bridges.grf
     Added NewGRF: GRF ID 535A1344, checksum EE64CDD6E4600C717B448583026DF24D, filename: temperate_oil_wells_can_increase.v2\oilsgoup.grf
     Added NewGRF: GRF ID 4D656F92, checksum CFFF044D006AFE0F9458EE02ECD6CCDE, filename: ecs_basic_vector.b5__13_jan_2009_\ecsbasicw.grf
     Added NewGRF: GRF ID 4D656F96, checksum E97A89AE936AD38EC287574440AFF56F, filename: ecs_construction_vector.b5__02_aug_2009_\ecsconstw.grf
     Added NewGRF: GRF ID 41501201, checksum 4D8604EE336EB60F31A16462804ECE07, filename: heqs__heavy_equipment_set_.0.5b\heqs.grf
     Added NewGRF: GRF ID 535A0D00, checksum F6E463B7A91BF65DD9D08706D07B7C50, filename: japanese_train_set.version_2_beta_8\jptrains2w.grf
---- gamelog end ----
