*** OpenTTD Crash Report ***

Crash at: Mon May 31 19:14:20 2010
In game date: 2051-05-09 (23919)

Crash reason:
 Exception: C0000005
 Location:  005180E8
 Message:   <none>

OpenTTD version:
 Version:    r19024 (0)
 NewGRF ver: 10000000
 Bits:       32
 Endian:     little
 Dedicated:  no
 Build date: Feb  6 2010 04:16:43

Registers:
 EAX: 031064CF EBX: 00000001 ECX: 00000000 EDX: 00000088
 ESI: 0012F978 EDI: 031068BF EBP: 0012F94C ESP: 0012F930
 EIP: 005180E8 EFLAGS: 00210246

 Bytes at instruction pointer:
 8A 14 0A 88 10 40 4B 75 F4 89 45 10 E9 55 FF FF FF 8B 4E 04 89 4D F0 0F

Stack trace:
 00000040 FFFFFF7A 0000001F 05603BC5 0000000B 05BAD7B3 00000020 0012F9B4
 0041A8FA 00000000 00000002 031064CF 800004E0 00FFFFFF 00000000 00000000
 00000000 0000002A 05BAA090 00000000 0000001F 00000000 00000021 0000002A
 00000040 0000002A 00000000 00000070 030E807F 000003F0 00000040 0000001F
 00000000 0012F9D0 0041A71B 00000280 00000112 00000002 FFFFFFFF 00000000
 0012FA04 00442202 00000280 00000112 007B3970 007B39B4 061E0D80 061E8274
 0243C5F0 00000280 00000112 00000B8C 0243C45C 0012FA48 004426D2 007B39C0
 000000A2 00000002 0000029F 00000000 000000A2 000000C3 0012FB74 030E807F
 FFFFFA02 00000B8C 000003ED 0000028B 000003F0 00000002 0012FA7C 004427D9
 0000029F 000000A2 00000000 00000346 0000029F 000001B0 02435418 000000A3
 000000A7 000000A3 FFFFFA02 0012FAB4 004427C4 00000000 00000346 00000145
 00000000 00000145 0000029F 00000000 02435418 00000145 0000014E 00000145
 00000000 0012FAE8 004427AE 00000000 000003ED 00000145 0000028B 0012FB74
 00000000 000003F0 02435418 0000028B 0000014E 0000028B 0012FB14 00442871
 00000000 000003ED 0000028B 061D9460 0242E2D8 0000028B 00000000 0000028B
 0000029F 0012FB58 004468FF 061D9460 0242E2D8 00445AF4 061D9460 061D9460
 004454A4 061D9460 061D9460 0045F8C8 0012FB74 004485D4 00776FAC 061D9460
 00000000 0000029F 0012FB90 00448639 00000000 000003ED 0000014E 0000028B
 000003ED 030C029F 0000029F 00000000 0000014E 0000028B 000003F0 00000002
 0012FBE0 0041AF13 00000000 00000000 000003ED 0000028B 000003ED 00000010
 0041B082 00000000 00006000 00000000 0000FFFF FF000000 00000290 00000400
 0000028B 02305870 00000000 00000000 0012FBFC 0044A5EB 00A1F192 00A1F1A1
 00000000 0012FBF8 75E95F2D 00000000 0054B686 0078DEB0 01BCEA98 0012FCDC
 00000000 0012FC00 00A1F1A1 00A1F1BF 00000000 00000000 00040436 00000113

Operating system:
 Name:     Windows
 Release:  6.0.6000 ()
 Compiler: MSVC 1500

Configuration:
 Blitter:      8bpp-optimized
 Graphics set: OpenGFX
 Language:     english_US.lng
 Music driver: dmusic
 Music set:    NoMusic
 Network:      no
 Sound driver: win32
 Sound set:    OpenSFX
 Video driver: win32

AI Configuration (local: 0):
  0: Human

Libraries:
 FreeType:   2.3.11
 ICU:        4.2.1
 LZO:        2.03
 PNG:        1.2.40
 Zlib:       1.2.3

Module information:
 E:\Download\games\OpenTTD 32b\openttd.exe handle: 00400000 size: 3659264 crc: 3D10450E date: 2010-02-06 01:34:23
 C:\Windows\SYSTEM32\ntdll.dll handle: 770A0000 size: 1286144 crc: D1A0A49D date: 2009-07-14 01:17:51
 C:\Windows\system32\kernel32.dll handle: 754F0000 size: 857088 crc: 1DC306D9 date: 2009-12-08 11:33:31
 C:\Windows\system32\KERNELBASE.dll handle: 752A0000 size: 288256 crc: 37432389 date: 2009-07-14 01:15:35
 C:\Windows\system32\WINMM.dll handle: 70FE0000 size: 194048 crc: 2FBEB05C date: 2009-07-14 01:16:19
 C:\Windows\system32\msvcrt.dll handle: 77220000 size: 690688 crc: 554C94A4 date: 2009-07-14 01:15:50
 C:\Windows\system32\USER32.dll handle: 75920000 size: 811520 crc: F5A646DD date: 2009-07-14 01:16:17
 C:\Windows\system32\GDI32.dll handle: 75E90000 size: 304640 crc: 252D0177 date: 2009-07-14 01:15:22
 C:\Windows\system32\LPK.dll handle: 77200000 size: 26624 crc: 13E68B63 date: 2009-07-14 01:15:36
 C:\Windows\system32\USP10.dll handle: 75AF0000 size: 627200 crc: 3887C4C8 date: 2009-07-14 01:16:17
 C:\Windows\system32\WS2_32.dll handle: 76FB0000 size: 206336 crc: 4C23BF22 date: 2009-07-14 01:16:20
 C:\Windows\system32\RPCRT4.dll handle: 75870000 size: 652288 crc: 14458268 date: 2009-07-14 01:16:13
 C:\Windows\system32\NSI.dll handle: 75D90000 size: 8704 crc: 2ACE9671 date: 2009-07-14 01:16:11
 C:\Windows\system32\ADVAPI32.dll handle: 75600000 size: 640000 crc: 24248FE4 date: 2009-07-14 01:14:53
 C:\Windows\SYSTEM32\sechost.dll handle: 75DA0000 size: 92160 crc: B624B29A date: 2009-07-14 01:16:13
 C:\Windows\system32\SHELL32.dll handle: 75EE0000 size: 12867072 crc: B3039BB2 date: 2010-02-18 07:34:01
 C:\Windows\system32\SHLWAPI.dll handle: 76FF0000 size: 350208 crc: 8D9B2C39 date: 2009-07-14 01:16:14
 C:\Windows\system32\apphelp.dll handle: 75120000 size: 292864 crc: 7A82BC8F date: 2009-12-08 11:32:02
 C:\Windows\AppPatch\AcLayers.DLL handle: 6F330000 size: 559616 crc: 618E1198 date: 2009-07-14 01:14:51
 C:\Windows\system32\SspiCli.dll handle: 750F0000 size: 99840 crc: CCF84FAF date: 2009-07-14 01:16:15
 C:\Windows\system32\ole32.dll handle: 75C20000 size: 1412608 crc: 4ACC7A3A date: 2009-07-14 01:16:12
 C:\Windows\system32\OLEAUT32.dll handle: 756A0000 size: 571904 crc: DCE3E850 date: 2009-07-14 01:16:12
 C:\Windows\system32\USERENV.dll handle: 74850000 size: 79360 crc: A3905B80 date: 2009-07-14 01:16:17
 C:\Windows\system32\profapi.dll handle: 751F0000 size: 31744 crc: E7DBE825 date: 2009-07-14 01:16:12
 C:\Windows\system32\WINSPOOL.DRV handle: 71890000 size: 319488 crc: D52C5957 date: 2009-07-14 01:14:08
 C:\Windows\system32\MPR.dll handle: 71020000 size: 64000 crc: 901CC9D6 date: 2009-07-14 01:15:41
 C:\Windows\AppPatch\AcGenral.DLL handle: 6ACC0000 size: 2175488 crc: D711FB7E date: 2009-07-14 01:14:51
 C:\Windows\system32\UxTheme.dll handle: 73E20000 size: 249856 crc: C8ED086D date: 2010-05-20 18:55:28
 C:\Windows\system32\samcli.dll handle: 732B0000 size: 50688 crc: 89401B92 date: 2009-07-14 01:16:13
 C:\Windows\system32\MSACM32.dll handle: 6F520000 size: 72192 crc: ABA25814 date: 2009-07-14 01:15:42
 C:\Windows\system32\VERSION.dll handle: 74780000 size: 21504 crc: 88D9D0F1 date: 2009-07-14 01:16:17
 C:\Windows\system32\sfc.dll handle: 6FA60000 size: 2560 crc: 1B7C8047 date: 2009-07-14 01:10:22
 C:\Windows\system32\sfc_os.DLL handle: 6FA50000 size: 40960 crc: E7FC4E7F date: 2009-07-14 01:16:14
 C:\Windows\system32\dwmapi.dll handle: 73880000 size: 67072 crc: FC7CA4B8 date: 2009-07-14 01:15:13
 C:\Windows\system32\SETUPAPI.dll handle: 76E10000 size: 1668608 crc: F909EF01 date: 2009-07-14 01:16:14
 C:\Windows\system32\CFGMGR32.dll handle: 75270000 size: 145920 crc: 6377C630 date: 2009-07-14 01:15:02
 C:\Windows\system32\DEVOBJ.dll handle: 75380000 size: 64512 crc: 2B501D62 date: 2009-07-14 01:15:11
 C:\Windows\system32\urlmon.dll handle: 75730000 size: 1225216 crc: 97181054 date: 2010-02-23 07:55:56
 C:\Windows\system32\CRYPT32.dll handle: 753A0000 size: 1151488 crc: CC34327C date: 2009-07-14 01:15:07
 C:\Windows\system32\MSASN1.dll handle: 75260000 size: 34816 crc: 4F65C9C8 date: 2009-08-29 06:57:31
 C:\Windows\system32\iertutil.dll handle: 76B30000 size: 2058240 crc: ABEBA91D date: 2009-07-14 01:15:28
 C:\Windows\AppPatch\AcXtrnal.DLL handle: 6AA60000 size: 211968 crc: 0E02B6F3 date: 2009-07-14 01:14:52
 C:\Windows\system32\SHUNIMPL.DLL handle: 6F3D0000 size: 10240 crc: 2C79EF6B date: 2009-07-14 01:16:14
 C:\Windows\system32\SortWindows6Compat.dll handle: 6F310000 size: 54784 crc: 11F253ED date: 2009-07-14 01:16:14
 C:\Windows\system32\IMM32.DLL handle: 771E0000 size: 118272 crc: F2F44531 date: 2009-07-14 01:15:32
 C:\Windows\system32\MSCTF.dll handle: 75DC0000 size: 828928 crc: DFE09EEB date: 2009-07-14 01:15:43
 C:\Windows\system32\SHFolder.dll handle: 6FEE0000 size: 7168 crc: 683AAC32 date: 2009-07-14 01:16:14
 C:\Windows\system32\MMDevAPI.DLL handle: 73BC0000 size: 213504 crc: 352DF99F date: 2009-07-14 01:15:41
 C:\Windows\system32\PROPSYS.dll handle: 73E60000 size: 988160 crc: 0700E8D7 date: 2009-07-14 01:16:12
 C:\Windows\system32\wdmaud.drv handle: 6F560000 size: 172032 crc: 03BEEBE2 date: 2009-07-14 01:14:08
 C:\Windows\system32\ksuser.dll handle: 6F550000 size: 4608 crc: EBE07232 date: 2009-07-14 01:15:35
 C:\Windows\system32\AVRT.dll handle: 74400000 size: 14336 crc: 9818237B date: 2009-07-14 01:14:58
 C:\Windows\system32\AUDIOSES.DLL handle: 6EB30000 size: 195584 crc: BC939745 date: 2009-07-14 01:14:57
 C:\Windows\system32\msacm32.drv handle: 6F540000 size: 20992 crc: 73923147 date: 2009-07-14 01:14:08
 C:\Windows\system32\midimap.dll handle: 6EB20000 size: 16896 crc: C000494C date: 2009-07-14 01:15:40
 C:\Windows\system32\CRYPTBASE.dll handle: 75170000 size: 36864 crc: 00308E17 date: 2009-07-14 01:15:07
 C:\Windows\system32\CLBCatQ.DLL handle: 75B90000 size: 522240 crc: 6C130B8A date: 2009-07-14 01:15:03
 C:\Windows\System32\dmime.dll handle: 677F0000 size: 179712 crc: 179D7CFB date: 2009-07-14 01:15:12
 C:\Windows\System32\DSOUND.dll handle: 68FF0000 size: 453632 crc: EC24F2F8 date: 2009-07-14 01:15:13
 C:\Windows\System32\POWRPROF.dll handle: 746B0000 size: 145408 crc: 9957ABF4 date: 2009-07-14 01:16:12
 C:\Windows\System32\dmusic.dll handle: 677D0000 size: 101376 crc: F5D0AA6B date: 2009-07-14 01:15:12
 C:\Windows\system32\WINTRUST.dll handle: 754C0000 size: 172032 crc: EA2D5BBA date: 2009-12-29 06:55:34
 C:\Windows\System32\dmsynth.dll handle: 67E40000 size: 105472 crc: 3B102040 date: 2009-07-14 01:15:12
 C:\Windows\System32\dmloader.dll handle: 6FA90000 size: 38400 crc: 8A3F45D2 date: 2009-07-14 01:15:12
 C:\Windows\system32\idmmbc.dll handle: 10000000 size: 210352 crc: 1374F00E date: 2009-09-09 08:43:10
 C:\Windows\system32\mswsock.dll handle: 74C60000 size: 232448 crc: 32400D27 date: 2009-07-14 01:15:51
 C:\Windows\System32\wshtcpip.dll handle: 74770000 size: 9216 crc: BA963A19 date: 2009-07-14 01:16:20
 C:\Windows\system32\psapi.dll handle: 77210000 size: 6144 crc: 25B988F9 date: 2009-07-14 01:16:12

---- gamelog start ----
Tick 62675: game loaded
     Conversion from OTTD savegame without gamelog: version 4, 1
     Revision text changed to r19024, savegame version 138, not modified, _openttd_newgrf_version = 0x10000000
     New game mode: 0 landscape: 1
---- gamelog end ----

*** End of OpenTTD Crash Report ***
