*** OpenTTD Crash Report ***

Crash at: Sun Sep  2 09:40:03 2012
In game date: 2051-05-09 (27)

Crash reason:
 Signal:  Segmentation fault (11)
 Message: <none>

OpenTTD version:
 Version:    hf96712f1M (2)
 NewGRF ver: 13005fbb
 Bits:       64
 Endian:     little
 Dedicated:  no
 Build date: Sep  2 2012 11:12:59


Stacktrace:
 [00] openttd              0x0000000100186fc3 (CrashLog::FillCrashLog(char*, char const*) const + 243)

Operating system:
 Name:     Mac OS X
 Release:  10.6.8
 Machine:  Intel 80486
 Min Ver:  1050
 Compiler: GCC 4.2.1 "4.2.1 (Apple Inc. build 5666) (dot 3)"

Configuration:
 Blitter:      32bpp-anim
 Graphics set: OpenGFX (978)
 Language:     /Users/ingo/ottd/trunk/bin/lang/english.lng
 Music driver: cocoa
 Music set:    OpenMSX (95)
 Network:      no
 Sound driver: cocoa
 Sound set:    OpenSFX (87)
 Video driver: cocoa

AI Configuration (local: 0):
  0: Human

Libraries:
 FreeType:   2.4.8
 ICU:        4.8.1
 LZMA:       5.0.0
 LZO:        2.03
 PNG:        1.2.46
 Zlib:       1.2.6

---- gamelog start ----
Tick 62675: game loaded
     Conversion from OTTD savegame without gamelog: version 4, 1
     Revision text changed to hf96712f1M, savegame version 176, modified, _openttd_newgrf_version = 0x13005fbb
     New game mode: 0 landscape: 1
     Added NewGRF: GRF ID 41501202, checksum 7FD3A30F749BFA5D5E1DF61326AD9B08, filename: heqs_heavy_equipment_set-1.5.1/heqs.grf (md5sum matches)
     Added NewGRF: GRF ID 414E0101, checksum 5D665C64693A438E3046C22666F46E08, filename: fish_ship_set-0.9.2/fish.grf (md5sum matches)
     Added NewGRF: GRF ID 43485053, checksum 2E3CD4DEF5781D546081B382C2E25A93, filename: chips_station_set-1.0.0/chips.grf (md5sum matches)
     Added NewGRF: GRF ID 44573452, checksum 48CF5FC0DEB895136F337A7E563FC66D, filename: dwestationtiles_industrial_ter-v0.7/dwe_stat_r.grf (md5sum matches)
     Added NewGRF: GRF ID 4A430002, checksum EFB21CFA6828362FDA9B2D629B5EEEB4, filename: indstatr-v0.8.1/indstatr.grf (md5sum matches)
     Added NewGRF: GRF ID 4F472B31, checksum 5DAE6C2B974DD9BFDF2035C2D8BAD033, filename: ogfx-trains-0.3.0/ogfx-trains.grf (md5sum matches)
     Added NewGRF: GRF ID 4F472B32, checksum 3FD44FD23CAC8D29AA314BF6A304B684, filename: opengfx_road_vehicles-0.4.0/ogfx-rv.grf (md5sum matches)
     Added NewGRF: GRF ID 53455230, checksum CCDADDB5B0D9E09D346BADC4F7470791, filename: swedishrails/swedishrails.grf (md5sum matches)
---- gamelog end ----

*** End of OpenTTD Crash Report ***
