*** OpenTTD Crash Report ***

Crash at: Sun Sep 14 14:54:44 2014
In game date: 1966-10-04 (67)

Crash reason:
 Exception: C0000005
 Location:  000000013F822B86
 Message:   <none>

OpenTTD version:
 Version:    1.4.3-RC1 (0)
 NewGRF ver: 143068ab
 Bits:       64
 Endian:     little
 Dedicated:  no
 Build date: Sep  7 2014 16:14:06

Registers:
 RAX: 000000014040D6E8 RBX: 0000000000000001 RCX: 00000000000000D8 RDX: 0000000000000001
 RSI: 0000000000000001 RDI: 000000000260CE30 RBP: 0000000000000100 RSP: 000000000030E280
 R8:  0000132600ED0005 R9:  0000132700FC0006 R10: 00000000000000BC R11: 00000000025E0670
 R12: 0000000000000000 R13: 0000000001C2C605 R14: 0000000000000000 R15: 0000000000000001
 RIP: 000000013F822B86 EFLAGS: 00010206

 Bytes at instruction pointer:
 48 8B 59 08 E8 91 01 00 00 48 8B CB 48 85 DB 75 EF 48 8D 05 9A 4D BE 00

Stack trace:
 00000001 00000000 3F9A1406 00000001 40431BC8 00000001 403CD760 00000001
 FFFFFFFE FFFFFFFF 404E922E 00000001 025E0670 00000000 3F9A0DD4 00000001
 0260CE30 00000000 00000001 00000000 403CD760 00000001 00000000 00000000
 424B0000 00000000 3F9A31C8 00000001 00000001 00000000 424B4F52 00000000
 403CFFC0 00000001 403CB9C8 00000001 00000000 00000000 404DB720 00000001
 00000000 00000000 3F9A4ADC 00000001 404DB6F8 00000001 00000000 00000000
 00000000 00000000 404DB720 00000001 00000001 00000000 3FB95768 00000001
 FFFFFFFE FFFFFFFF 025D0C90 00000000 025D0C90 00000000 00000000 00000000
 00000008 00000000 3F87F968 00000001 00000001 00000000 2A18DC88 00000000
 00000000 00000000 3F9A4BFB 00000001 5854544F 0000BC00 2A0C8B80 00000000
 00000000 00000000 0030ECB8 00000000 FFFFFFFE FFFFFFFF 056739F0 00000000
 2A18DC88 00000000 3F814229 00000001 2A0C8B80 00000000 2A18DC88 00000000
 00000051 00000000 0030ECB8 00000000 0000005B 00000000 3F7EE3AB 00000001
 00000000 00000000 00000001 00000000 00000000 00000011 00000000 20646564
 FFFFFFFE FFFFFFFF 63656E6E 00000074 0030EC00 00000000 000000FF 00000000
 FFFFFFFE FFFFFFFF 05673780 00000000 00000000 00000004 0030E4D0 00000000
 00000118 00000000 3F7EDF03 00000001 00000002 00000000 000000FF 00000000
 00000002 00000000 3F7EE3AB 00000001 00000000 00000000 00000001 00000000
 00000000 00000011 00000000 00000000 438481EE 656E6E6F 6E697463 2E2E2E67
 00000000 00000000 00000000 00000000 EE8881EE 0000AD8A 00000000 00000000
 00000000 00000000 00000000 00000000 00000000 00000000 00000000 00000000
 00000000 00000000 00000000 00000000 00000000 00000000 00000000 00000000
 00000000 00000000 00000000 00000000 00000000 00000000 00000000 00000000
 00000001 00000000 00000000 00000000 01C2833C 00000000 01C28300 00000000

Operating system:
 Name:     Windows
 Release:  6.1.7601 (Service Pack 1)
 Compiler: MSVC 1600

Configuration:
 Blitter:      32bpp-sse4
 Graphics set: zBase (251)
 Language:     C:\Users\Figgy\Desktop\ottdstabule\lang\english.lng
 Music driver: win32
 Music set:    NoMusic (0)
 Network:      client
 Sound driver: win32
 Sound set:    original_windows (0)
 Video driver: win32

Fonts:
 Small:  Arial
 Medium: Arial
 Large:  Arial
 Mono:   sprite

AI Configuration (local: 0):

Libraries:
 FreeType:   2.4.11
 ICU:        51.2
 LZMA:       5.0.4
 LZO:        2.06
 PNG:        1.5.14
 Zlib:       1.2.7

Module information:
 C:\Users\Figgy\Desktop\ottdstabule\openttd.exe handle: 000000013F7C0000 size: 14092288 crc: 59BE8DE8 date: 2014-09-14 11:46:24
 C:\Windows\SYSTEM32\ntdll.dll handle: 0000000077460000 size: 1732032 crc: 5BF564D3 date: 2013-08-29 02:16:35
 C:\Windows\system32\kernel32.dll handle: 0000000077240000 size: 1163264 crc: 19230232 date: 2014-03-04 09:44:00
 C:\Windows\system32\KERNELBASE.dll handle: 000007FEFD580000 size: 424960 crc: 7FB4EAD2 date: 2014-03-04 09:44:00
 C:\Windows\system32\WINMM.dll handle: 000007FEFA9C0000 size: 217600 crc: 7BC1529F date: 2009-07-14 01:41:56
 C:\Windows\system32\msvcrt.dll handle: 000007FEFDF90000 size: 634880 crc: 9D1B448A date: 2011-12-16 08:46:06
 C:\Windows\system32\USER32.dll handle: 0000000077360000 size: 1008128 crc: 70FF7D7F date: 2010-11-20 13:27:27
 C:\Windows\system32\GDI32.dll handle: 000007FEFE090000 size: 404480 crc: 37D17315 date: 2014-08-23 02:07:00
 C:\Windows\system32\LPK.dll handle: 000007FEFE030000 size: 41472 crc: EE04F660 date: 2013-06-06 05:50:51
 C:\Windows\system32\USP10.dll handle: 000007FEFD9E0000 size: 801280 crc: DCB1924F date: 2014-04-25 02:34:59
 C:\Windows\system32\WS2_32.dll handle: 000007FEFE040000 size: 297984 crc: 0F68689B date: 2010-11-20 13:27:29
 C:\Windows\system32\RPCRT4.dll handle: 000007FEFD850000 size: 1216000 crc: 9A153133 date: 2014-07-14 02:02:45
 C:\Windows\system32\NSI.dll handle: 000007FEFDF80000 size: 13824 crc: 53B46F6C date: 2009-07-14 01:41:53
 C:\Windows\system32\IMM32.dll handle: 000007FEFD820000 size: 167424 crc: 41B2805A date: 2009-07-14 01:41:09
 C:\Windows\system32\MSCTF.dll handle: 000007FEFF220000 size: 1067008 crc: 798DDDA0 date: 2009-07-14 01:41:28
 C:\Windows\system32\ADVAPI32.dll handle: 000007FEFDEA0000 size: 878080 crc: D0A62838 date: 2013-08-29 02:13:28
 C:\Windows\SYSTEM32\sechost.dll handle: 000007FEFDBD0000 size: 113664 crc: 978CFAE5 date: 2009-07-14 01:41:53
 C:\Windows\system32\SHELL32.dll handle: 000007FEFE490000 size: 14175744 crc: 30A2F002 date: 2014-06-25 02:05:42
 C:\Windows\system32\SHLWAPI.dll handle: 000007FEFDB50000 size: 448512 crc: 086DF743 date: 2010-11-20 13:27:25
 C:\Windows\system32\ole32.dll handle: 000007FEFE100000 size: 2086912 crc: 72F91CD0 date: 2010-11-20 13:27:23
 C:\Windows\system32\uxtheme.dll handle: 000007FEFC9E0000 size: 332288 crc: B0A13DF9 date: 2009-07-14 01:41:56
 F:\Fraps\fraps64.dll handle: 000000006A370000 size: 185520 crc: F3BBDCEE date: 2012-04-26 11:49:12
 C:\Windows\system32\dwmapi.dll handle: 000007FEFC4E0000 size: 82432 crc: A459F360 date: 2009-07-14 01:40:34
 C:\Windows\system32\CRYPTBASE.dll handle: 000007FEFD110000 size: 44032 crc: F547C16E date: 2009-07-14 01:40:24
 C:\Windows\system32\mswsock.dll handle: 000007FEFC750000 size: 327168 crc: 2C87855E date: 2013-09-08 02:27:14
 C:\Windows\System32\wshtcpip.dll handle: 000007FEFCC50000 size: 13312 crc: 5D1E2C55 date: 2009-07-14 01:41:58
 C:\Windows\system32\MMDevAPI.DLL handle: 000007FEFB510000 size: 284160 crc: CDF2EF81 date: 2009-07-14 01:41:26
 C:\Windows\system32\PROPSYS.dll handle: 000007FEFB910000 size: 1212416 crc: B83FA3BE date: 2010-11-20 13:27:23
 C:\Windows\system32\OLEAUT32.dll handle: 000007FEFE310000 size: 861696 crc: 1F331414 date: 2011-08-27 05:37:49
 C:\Windows\system32\wdmaud.drv handle: 000007FEFA980000 size: 217088 crc: 12829973 date: 2010-11-20 13:24:21
 C:\Windows\system32\ksuser.dll handle: 0000000075000000 size: 5120 crc: AA2071D9 date: 2009-07-14 01:41:13
 C:\Windows\system32\AVRT.dll handle: 000007FEFABC0000 size: 18432 crc: 5CE53CB7 date: 2009-07-14 01:40:05
 C:\Windows\system32\SETUPAPI.dll handle: 000007FEFF570000 size: 1900544 crc: A364BD6A date: 2010-11-20 13:27:25
 C:\Windows\system32\CFGMGR32.dll handle: 000007FEFD310000 size: 207872 crc: 1984C339 date: 2010-11-20 13:25:50
 C:\Windows\system32\DEVOBJ.dll handle: 000007FEFD5F0000 size: 93184 crc: A7541AE2 date: 2009-07-14 01:40:28
 C:\Windows\system32\AUDIOSES.DLL handle: 000007FEFA930000 size: 296448 crc: 90389554 date: 2010-11-20 13:25:42
 C:\Windows\system32\msacm32.drv handle: 000007FEFA7F0000 size: 25600 crc: 2B579A05 date: 2009-07-14 01:38:50
 C:\Windows\system32\MSACM32.dll handle: 000007FEFA7D0000 size: 83456 crc: 3D67538B date: 2009-07-14 01:41:27
 C:\Windows\system32\midimap.dll handle: 000007FEFA750000 size: 20480 crc: CB902A13 date: 2009-07-14 01:41:23
 C:\Windows\system32\CLBCatQ.DLL handle: 000007FEFE3F0000 size: 607744 crc: 939E35C9 date: 2009-07-14 01:40:15
 C:\Windows\System32\wship6.dll handle: 000007FEFC740000 size: 13824 crc: E3FBF123 date: 2009-07-14 01:41:58
 C:\Windows\system32\psapi.dll handle: 0000000077620000 size: 9216 crc: 84B5E9BA date: 2009-07-14 01:41:53

---- gamelog start ----
Tick 0: new game started
     Revision text changed to 1.4.3-RC1, savegame version 188, not modified, _openttd_newgrf_version = 0x143068ab
     New game mode: 1 landscape: 1
     Added NewGRF: GRF ID 44440000, checksum 5DE426FD3BA6EA98877F092EB77A4C1B, filename: pb_trains_10CC.grf (md5sum matches)
     Added NewGRF: GRF ID 4A430002, checksum 658BE666D7F1EAA7D23B93BC38890D71, filename: industrial_stations_renewal-1.0.1\indstatr.grf (md5sum matches)
     Added NewGRF: GRF ID 41501202, checksum B13DD8FB0D7C34CACAC2FE68BD137BB9, filename: heqs_heavy_equipment_set-1.5.2\heqs.grf (md5sum matches)
     Added NewGRF: GRF ID FBFB0501, checksum 32533DE8356B7D38137770523929DFA3, filename: dutch_road_furniture-0.6.0\dutchroadfurniture.grf (md5sum matches)
     Added NewGRF: GRF ID 44544E32, checksum EA20E21253A5795785E6DD2C8D1A5A1D, filename: dutch_town_names-2\dtnames.grf (md5sum matches)
     Added NewGRF: GRF ID FBFB0102, checksum B8D83E093D8BDB400B1CD0555E747C33, filename: dutch_tram_set-2.0.1\dutchtramset.grf (md5sum matches)
     Added NewGRF: GRF ID 58534453, checksum 2E100BCA91DB8371CD9D57DBEC3AB0C8, filename: dutch_stations_set-1.0.0alpha\dutchstatw.grf (md5sum matches)
     Added NewGRF: GRF ID 4D4C0100, checksum 1E2A243600434194FB100E72E507D5EF, filename: dutch_catenary-1\dutchcatenary.grf (md5sum matches)
     Added NewGRF: GRF ID 414E0201, checksum 809D7424C8CEFC9DDC8E0AE4F64D79AB, filename: fish_2-squidrc8\fish.grf (md5sum matches)
     Added NewGRF: GRF ID 44440A80, checksum A930B079A5B8985E94EA823604CC276B, filename: av9.8-0.83\av9point8.grf (md5sum matches)
     Added NewGRF: GRF ID 4F472B32, checksum 3FD44FD23CAC8D29AA314BF6A304B684, filename: opengfx_road_vehicles-0.4.0\ogfx-rv.grf (md5sum matches)
     Added NewGRF: GRF ID F1250005, checksum 71231BAE6D5F4A5878933ADB74CABEE5, filename: firs_industry_replacement_set-1.3.0\firs.grf (md5sum matches)
---- gamelog end ----

*** End of OpenTTD Crash Report ***

Decoded stack trace:
[00] openttd              0x000000013F822B86
[01] openttd              0x000000013F9A0DD4
[02] openttd              0x000000013F9A31C8
[03] openttd              0x000000013F9A4ADC
[04] openttd              0x000000013F9A4BFB
[05] openttd              0x000000013F814229
[06] openttd              0x000000013FA6C03B
[07] openttd              0x000000013FA6C322
[08] openttd              0x000000013F80EF5C
[09] openttd              0x000000013F8229F9
[10] openttd              0x000000013FAAE055
[11] openttd              0x000000013F82070F
[12] openttd              0x000000013FAB06FB
[13] openttd              0x000000013FB9CCD4
[14] kernel32             0x00000000772559ED BaseThreadInitThunk + 13
[15] ntdll                0x000000007748C541 RtlUserThreadStart + 33

*** End of additional info ***
