*** OpenTTD Crash Report ***
Date: 2007-12-18 12:17:33
Build: 0.6.0-beta2 built on Dec  9 2007 22:47:34
Reason: Assertion failed at d:\developpement\ottd\0.6.0-beta2\src\slope.h:347: !IsSteepSlope(s)
Exception C0000005 at 00487F09
Registers:
 EAX: 02A0A140 EBX: 00109934 ECX: 001096EC EDX: 02A0A198
 ESI: 0000001D EDI: 0008DB61 EBP: 00109918 ESP: 00109904
 EIP: 00487F09 EFLAGS: 00010202

Bytes at CS:EIP:
 C6 05 00 00 00 00 00 33 C0 85 F6 0F 95 C0 5E C3 56 8B F1 57 8B C6 8B FA

Stack trace: 
 0008DB61 00415BC4 0010997C 0010997C 0000001D 00109944 00415CEF 0010997C
 00550A50 00000000 00496D79 00000000 00000040 00003600 0046FBA4 0046FA2D
 00109968 00470293 0010997C 00000001 0000004E 00002360 00003610 0000081D
 0179A5B0 001099B0 0043B8DF 0012FB10 00661A20 00000000 00003610 00002360
 0000001D 0008DB61 00000040 0012F9C8 0000004E 00000000 00000002 00003600
 00002370 00000002 00158560 0012FA3C 0043C6D0 00000000 00661A20 00000000
 FFFFE101 000011C6 00000000 00000000 001099E4 000035E0 00002330 0043C758
 000011CF 00000000 00000000 00109A00 000035D0 00002340 00000050 000011CF
 00000000 00000000 00109A1C 000035E0 00002340 00000050 000011C6 00000000
 00000000 00109A38 000035D0 00002350 00000050 000011D1 00000000 00000000
 00109A54 000035F0 00002340 00000050 000011C6 00000000 00000000 00109A70
 000035E0 00002350 00000050 000011C7 00000000 00000000 00109A8C 000035F0
 00002350 00000050 000011CF 00000000 00000000 00109AA8 000035E0 00002360
 00000048 000011CE 00000000 00000000 00109AC4 00003600 00002350 00000050
 000011D1 00000000 00000000 00109AE0 000035F0 00002360 00000048 000011D3
 00000000 00000000 00109AFC 00003600 00002360 00000048 000011C7 00000000
 00000000 00000000 000035F0 00002370 00000048 00000000 00109B2C 000036B0
 000026A0 00003618 00000F8D 00000000 00000000 00109B48 000036A0 000026B0
 00003620 00000F8D 00000000 00000000 00109B64 00003690 000026C0 00003720
 00000F90 00000000 00000000 00109B80 00003680 000026D0 00003718 00000F8D
 00000000 00000000 00109B9C 00003670 000026E0 00003718 00000F90 00000000
 00000000 00109BB8 00003660 000026F0 00003710 00000F94 00000000 00000000
 00109BD4 000036E0 00002680 00003720 00000F90 00000000 00000000 00109BF0
 000036D0 00002690 00003720 00000F8F 00000000 00000000 00109C0C 000036C0

Module information:
 G:\GAMES\OpenTTD\openttd.exe handle: 00400000 size: 1751040 crc: ED0BA8D6 date: 2007-12-09 21:50:02
 C:\WINNT\system32\ntdll.dll handle: 77F80000 size: 483600 crc: 4134591B date: 2005-06-02 23:54:10
 C:\WINNT\system32\WINMM.dll handle: 77570000 size: 189200 crc: 4D22CDCF date: 1999-12-07 11:00:00
 C:\WINNT\system32\USER32.DLL handle: 77E10000 size: 381200 crc: 198EB4F7 date: 2007-03-06 11:17:48
 C:\WINNT\system32\KERNEL32.dll handle: 7C570000 size: 712976 crc: 89B5A6EB date: 2007-04-16 12:44:08
 C:\WINNT\system32\GDI32.dll handle: 77F40000 size: 235280 crc: 5A960754 date: 2007-06-26 09:57:10
 C:\WINNT\system32\ADVAPI32.DLL handle: 7C2D0000 size: 401168 crc: ACC28968 date: 2005-04-21 00:08:44
 C:\WINNT\system32\RPCRT4.dll handle: 77D30000 size: 439056 crc: CA8841B6 date: 2007-07-17 06:42:52
 C:\WINNT\system32\Secur32.dll handle: 7C340000 size: 48912 crc: 8F8D4C2D date: 2003-06-19 11:05:04
 C:\WINNT\system32\WS2_32.dll handle: 75030000 size: 69904 crc: 81A863AD date: 2003-06-19 11:05:04
 C:\WINNT\system32\MSVCRT.DLL handle: 78000000 size: 286773 crc: F2541912 date: 2003-06-19 11:05:04
 C:\WINNT\system32\WS2HELP.DLL handle: 75020000 size: 18192 crc: 4DA41EA8 date: 1999-12-07 11:00:00
 C:\WINNT\system32\IMM32.DLL handle: 75E60000 size: 96528 crc: 396BABBC date: 2003-06-19 11:05:04
 C:\WINNT\system32\LPK.DLL handle: 6CA60000 size: 20240 crc: 50107422 date: 2003-06-19 11:05:04
 C:\WINNT\system32\USP10.dll handle: 66650000 size: 315664 crc: A8253AC4 date: 2003-06-19 11:05:04
 C:\WINNT\system32\SHFolder.dll handle: 75AA0000 size: 21776 crc: A4F52B08 date: 1999-12-07 11:00:00
 C:\WINNT\system32\COMCTL32.dll handle: 716F0000 size: 553232 crc: 193CC511 date: 2001-07-23 18:16:00
 C:\WINNT\system32\wdmaud.drv handle: 77560000 size: 21264 crc: 77700FE7 date: 2003-06-19 11:05:04
 C:\WINNT\system32\msacm32.drv handle: 77400000 size: 21264 crc: 8652F554 date: 1999-12-07 11:00:00
 C:\WINNT\system32\MSACM32.dll handle: 77410000 size: 66832 crc: 44BEAFF2 date: 1999-12-07 11:00:00
 C:\WINNT\system32\GRXP4DLL.DLL handle: 10000000 size: 69632 crc: 584F1096 date: 2002-02-26 09:10:56
 C:\WINNT\system32\VERSION.dll handle: 77820000 size: 16144 crc: F4A3147D date: 2003-06-19 11:05:04
 C:\WINNT\system32\LZ32.DLL handle: 759B0000 size: 10000 crc: 4B5EC897 date: 2003-06-19 11:05:04
 C:\WINNT\system32\ole32.dll handle: 7CE20000 size: 957712 crc: AA2A941F date: 2005-09-05 08:18:46
 C:\WINNT\system32\msafd.dll handle: 74FD0000 size: 108816 crc: DD525A9D date: 2003-06-19 11:05:04
 C:\WINNT\System32\wshtcpip.dll handle: 75010000 size: 17680 crc: 0F243B8F date: 2003-06-19 11:05:04
 C:\WINNT\system32\midimap.dll handle: 6BFB0000 size: 19216 crc: 159410EE date: 1999-12-07 11:00:00
 C:\WINNT\system32\mciseq.dll handle: 6C870000 size: 22288 crc: 2E66B96E date: 1999-12-07 11:00:00
 C:\WINNT\system32\psapi.dll handle: 690A0000 size: 28944 crc: 9E1098C8 date: 1999-12-07 11:00:00

System information:
 Windows version 5.0 2195 S
