*** OpenTTD Crash Report ***

Crash at: Mon Oct 18 11:26:17 2010
In game date: 2051-05-09 (27)

Crash reason:
 Signal:  Segmentation fault (11)
 Message: <none>

OpenTTD version:
 Version:    r20988M (2)
 NewGRF ver: 110051fc
 Bits:       64
 Endian:     little
 Dedicated:  no
 Build date: Oct 18 2010 12:59:34

Stacktrace:
 [00] ./openttd(_ZNK12CrashLogUnix13LogStacktraceEPcPKc+0x39) [0x6694e9]
 [01] ./openttd(_ZNK8CrashLog12FillCrashLogEPcPKc+0xf0) [0x548940]
 [02] ./openttd(_ZNK8CrashLog12MakeCrashLogEv+0x63) [0x548a23]
 [03] ./openttd() [0x66943d]
 [04] /lib/libc.so.6(+0x321e0) [0x2abd9e10b1e0]
 [05] /lib/libc.so.6(fclose+0x4) [0x2abd9e13bf04]
 [06] ./openttd(_ZN30ClientNetworkGameSocketHandler46NetworkPacketReceive_PACKET_SERVER_MAP_commandEP6Packet+0xfc) [0x5dd81c]
 [07] ./openttd(_ZN24NetworkGameSocketHandler12Recv_PacketsEv+0x20) [0x5d8550]
 [08] ./openttd(_ZN30ClientNetworkGameSocketHandler7ReceiveEv+0x38) [0x5de168]
 [09] ./openttd(_Z15NetworkGameLoopv+0x24) [0x5e9cb4]
 [10] ./openttd(_Z8GameLoopv+0x68) [0x658308]
 [11] ./openttd(_ZN15VideoDriver_SDL8MainLoopEv+0x1e1) [0x77dd21]
 [12] ./openttd(_Z8ttd_mainiPPc+0xd98) [0x657f68]
 [13] /lib/libc.so.6(__libc_start_main+0xfd) [0x2abd9e0f7bbd]
 [14] ./openttd() [0x4b5369]

Operating system:
 Name:     Linux
 Release:  2.6.35-gentoo-r10
 Version:  #1 SMP Thu Oct 7 12:29:03 CEST 2010
 Machine:  x86_64
 Compiler: GCC 4.4.4 "4.4.4"

Configuration:
 Blitter:      8bpp-optimized
 Graphics set: original_windows (0)
 Language:     english.lng
 Music driver: extmidi
 Music set:    NoMusic (0)
 Network:      client
 Sound driver: sdl
 Sound set:    original_windows (0)
 Video driver: sdl

AI Configuration (local: 0):
  0: Human

Libraries:
 FontConfig: 2.8.0
 FreeType:   2.4.2
 ICU:        4.4.1
 LZO:        2.02
 PNG:        1.4.3
 SDL:        1.2.13
 Zlib:       1.2.3

---- gamelog start ----
Tick 62675: game loaded
     Conversion from OTTD savegame without gamelog: version 4, 1
     Revision text changed to r20988M, savegame version 151, modified, _openttd_newgrf_version = 0x110051fc
     New game mode: 0 landscape: 1
---- gamelog end ----

*** End of OpenTTD Crash Report ***
