*** OpenTTD Crash Report ***

Crash at: Fri Nov 19 22:35:12 2010
In game date: 1937-07-15 (0)

Crash reason:
 Exception: E1212012
 Location:  000007FEFD78AA7D
 Message:   Assertion failed at line 2150 of ..\src\industry_cmd.cpp: it < NUM_INDUSTRYTYPES

OpenTTD version:
 Version:    r21258 (0)
 NewGRF ver: 1100530a
 Bits:       64
 Endian:     little
 Dedicated:  no
 Build date: Nov 19 2010 19:25:02

Registers:
 RAX: 00000000753A8C40 RBX: 0000000000000016 RCX: 00000000001CE0C0 RDX: 0000000000000000
 RSI: 0000000000000000 RDI: 0000000000000008 RBP: 000000013FD03494 RSP: 00000000001CE6D0
 R8:  0000000000000000 R9:  0000000000000000 R10: 0000000000000000 R11: 0000000000000286
 R12: 000000013FCD5688 R13: 000000013FA559E4 R14: 0000000000000001 R15: 00000000009A6810
 RIP: 000007FEFD78AA7D EFLAGS: 00000202

 Bytes at instruction pointer:
 48 81 C4 C8 00 00 00 C3 90 90 90 90 90 90 90 90 90 90 90 48 83 EC 48 83

Stack trace:
 00000016 00000000 00000000 00000000 00000008 00000000 00000000 00000000
 E1212012 00000000 00000000 00000000 FD78AA7D 000007FE 00000000 00000001
 00000000 00000000 00000000 00000000 00000000 00000000 00000000 00000000
 007BE5C8 00000000 00000001 00000001 00000000 00000000 00000000 00000000
 002F0230 00000000 771FFF9A 00000000 002F03A8 00000000 002F0268 00000000
 00000000 00000000 00000000 00000000 00000000 00000000 76F7A078 00000000
 00000001 00000000 3FB0AC51 00000001 00000016 00000000 3B741108 00000000
 003777A0 00000000 002F0230 00000000 00000000 00000000 771F7B3A 00000000
 00000000 00000000 009A6810 00000000 00000000 00000000 00000000 00000000
 0209FB40 00000000 0209FB38 00000000 3FD03494 00000001 3FB09ED6 00000001
 00000001 00000000 3FD03190 00000001 00000001 00000000 00000000 00000000
 00000000 00000000 3FA533E8 00000001 77205BC0 00000000 76F7B43C 00000000
 00000001 00000000 02000002 00000000 00000000 00000000 3FA533E8 00000001
 77205BC0 00000000 76F7BAF9 00000000 007BED28 00000000 76F7A54D 00000000
 00000000 00000000 76F7BD32 00000000 00000013 00000000 00000000 00000000
 00000000 00000000 00000001 00000000 003100F2 00000000 76F87604 00000000
 00310562 00000000 00310562 00000000 3FA533E8 00000001 00000001 00000000
 00000001 00000000 A10A2D06 FFFFFFFF 00000000 00000000 00000000 00000000
 00000001 00000000 00000010 00000000 00387410 00000000 002F0000 00000000
 00387400 00000000 77211F05 00000000 002F0000 00000000 00387401 00000000
 00000000 00000000 00387410 00000000 00310562 00000000 76FD32C4 00000000
 00000001 00000000 00310562 00000000 76FD32C4 00000000 001CECD0 00000000
 00000000 00000000 3FD5E732 00000001 00010005 00000000 00000001 00000000
 00000000 00000000 76FD2825 00000000 00387410 00000000 00387410 00000000

Operating system:
 Name:     Windows
 Release:  6.1.7600 ()
 Compiler: MSVC 1500

Configuration:
 Blitter:      32bpp-optimized
 Graphics set: original_windows (0)
 Language:     E:\Hry\OpenTTD Original\lang\english.lng
 Music driver: win32
 Music set:    NoMusic (0)
 Network:      no
 Sound driver: win32
 Sound set:    original_windows (0)
 Video driver: win32

AI Configuration (local: 0):
  0: Human
  1: PathZilla (v6)
  2: PathZilla (v6)
  3: AdmiralAI (v22)
  4: AdmiralAI (v22)
  5: OtviAI (v283)
  6: OtviAI (v283)
  7: AdmiralAI (v22)

Libraries:
 FreeType:   2.4.3
 ICU:        4.4.2
 LZMA:       5.0.0
 LZO:        2.03
 PNG:        1.4.4
 Zlib:       1.2.5

Module information:
 E:\Hry\OpenTTD Original\openttd.exe handle: 000000013F840000 size: 5017088 crc: 88DFC700 date: 2010-11-19 18:28:56
 C:\Windows\SYSTEM32\ntdll.dll handle: 00000000771C0000 size: 1736608 crc: 51E6A99D date: 2010-03-24 06:59:44
 C:\Windows\system32\kernel32.dll handle: 0000000076D00000 size: 1162240 crc: 822946F0 date: 2009-07-14 01:41:13
 C:\Windows\system32\KERNELBASE.dll handle: 000007FEFD780000 size: 421376 crc: 68F689E4 date: 2009-07-14 01:41:13
 C:\Windows\system32\WINMM.dll handle: 000007FEFB1E0000 size: 217600 crc: 7BC1529F date: 2009-07-14 01:41:56
 C:\Windows\system32\msvcrt.dll handle: 000007FEFDAF0000 size: 634880 crc: 7F3E716F date: 2009-07-14 01:41:32
 C:\Windows\system32\USER32.dll handle: 0000000076F60000 size: 1008640 crc: F157E916 date: 2010-06-30 16:10:54
 C:\Windows\system32\GDI32.dll handle: 000007FEFE550000 size: 404480 crc: 0F1BAE69 date: 2009-07-14 01:40:56
 C:\Windows\system32\LPK.dll handle: 000007FEFE3F0000 size: 41984 crc: 350AF03B date: 2009-07-14 01:41:19
 C:\Windows\system32\USP10.dll handle: 000007FEFF3D0000 size: 801280 crc: 32EFA120 date: 2009-07-14 01:41:56
 C:\Windows\system32\WS2_32.dll handle: 000007FEFDAA0000 size: 296448 crc: B9553AFD date: 2009-07-14 01:41:58
 C:\Windows\system32\RPCRT4.dll handle: 000007FEFE420000 size: 1221632 crc: D5B6358C date: 2009-07-14 01:41:53
 C:\Windows\system32\NSI.dll handle: 000007FEFF4C0000 size: 13824 crc: 53B46F6C date: 2009-07-14 01:41:53
 C:\Windows\system32\ADVAPI32.dll handle: 000007FEFDE30000 size: 877056 crc: FA615A20 date: 2009-07-14 01:40:01
 C:\Windows\SYSTEM32\sechost.dll handle: 000007FEFE400000 size: 113664 crc: 978CFAE5 date: 2009-07-14 01:41:53
 C:\Windows\system32\SHELL32.dll handle: 000007FEFE5C0000 size: 14162944 crc: 38C0D5D7 date: 2010-07-27 14:59:11
 C:\Windows\system32\SHLWAPI.dll handle: 000007FEFF350000 size: 449536 crc: 0BFDF102 date: 2009-07-14 01:41:54
 C:\Windows\system32\IMM32.DLL handle: 000007FEFDB90000 size: 167424 crc: 41B2805A date: 2009-07-14 01:41:09
 C:\Windows\system32\MSCTF.dll handle: 000007FEFDD20000 size: 1067008 crc: 798DDDA0 date: 2009-07-14 01:41:28
 C:\Windows\system32\SHFolder.dll handle: 000007FEF82B0000 size: 10240 crc: 08A48DE3 date: 2009-07-14 01:41:54
 C:\Windows\system32\ole32.dll handle: 000007FEFDFB0000 size: 2085376 crc: 4764DDC2 date: 2010-06-29 05:39:12
 C:\Windows\system32\MMDevAPI.DLL handle: 000007FEFB9C0000 size: 284160 crc: CDF2EF81 date: 2009-07-14 01:41:26
 C:\Windows\system32\PROPSYS.dll handle: 000007FEFC070000 size: 1212416 crc: 98D01BC9 date: 2009-07-14 01:41:53
 C:\Windows\system32\OLEAUT32.dll handle: 000007FEFDC40000 size: 861184 crc: 112732BA date: 2010-04-07 07:37:39
 C:\Windows\system32\wdmaud.drv handle: 000007FEFB070000 size: 217088 crc: AB6BC545 date: 2009-07-14 01:38:50
 C:\Windows\system32\ksuser.dll handle: 00000000747B0000 size: 5120 crc: AA2071D9 date: 2009-07-14 01:41:13
 C:\Windows\system32\AVRT.dll handle: 000007FEFB9B0000 size: 18432 crc: 5CE53CB7 date: 2009-07-14 01:40:05
 C:\Windows\system32\SETUPAPI.dll handle: 000007FEFE1C0000 size: 1899520 crc: 91ED5D15 date: 2009-07-14 01:41:54
 C:\Windows\system32\CFGMGR32.dll handle: 000007FEFD810000 size: 207360 crc: 369326FC date: 2009-07-14 01:40:15
 C:\Windows\system32\DEVOBJ.dll handle: 000007FEFD7F0000 size: 93184 crc: A7541AE2 date: 2009-07-14 01:40:28
 C:\Windows\system32\AUDIOSES.DLL handle: 000007FEFAFD0000 size: 296448 crc: 07CA71DE date: 2009-07-14 01:40:04
 C:\Windows\system32\msacm32.drv handle: 000007FEFAFC0000 size: 25600 crc: 2B579A05 date: 2009-07-14 01:38:50
 C:\Windows\system32\MSACM32.dll handle: 000007FEFAFA0000 size: 83456 crc: 3D67538B date: 2009-07-14 01:41:27
 C:\Windows\system32\midimap.dll handle: 000007FEFAF90000 size: 20480 crc: CB902A13 date: 2009-07-14 01:41:23
 C:\Windows\system32\CRYPTBASE.dll handle: 000007FEFD520000 size: 44032 crc: F547C16E date: 2009-07-14 01:40:24
 C:\Windows\system32\CLBCatQ.DLL handle: 000007FEFDA00000 size: 607744 crc: 939E35C9 date: 2009-07-14 01:40:15
 C:\Windows\system32\uxtheme.dll handle: 000007FEFBE70000 size: 332288 crc: B0A13DF9 date: 2009-07-14 01:41:56
 C:\Windows\system32\dwmapi.dll handle: 000007FEFB900000 size: 82432 crc: A459F360 date: 2009-07-14 01:40:34
 C:\Windows\system32\mswsock.dll handle: 000007FEFCE60000 size: 320000 crc: EA387916 date: 2009-07-14 01:41:34
 C:\Windows\System32\wshtcpip.dll handle: 000007FEFC830000 size: 13312 crc: 5D1E2C55 date: 2009-07-14 01:41:58
 C:\Windows\system32\psapi.dll handle: 0000000077390000 size: 9216 crc: 84B5E9BA date: 2009-07-14 01:41:53

---- gamelog start ----
Tick 0: new game started
     Revision text changed to r21056, savegame version 151, not modified, _openttd_newgrf_version = 0x11005240
     New game mode: 1 landscape: 0
     Added NewGRF: GRF ID F1250005, checksum 5A3D1E066ACDEF313FF7D0087CFEB405, filename: firs_industry_replacement_set-0.5.2\firs.grf (md5sum matches)
     Added NewGRF: GRF ID 444A5401, checksum CA18A60AEAA2A72136ED9BC3761D68E5, filename: nutracks.grf (md5sum matches)
     Added NewGRF: GRF ID 4D656F44, checksum BC3F73CAEEE7E812D007855E5F017CF9, filename: canalsw.grf (md5sum matches)
     Added NewGRF: GRF ID 4D4C0100, checksum 1E2A243600434194FB100E72E507D5EF, filename: dutchcatw.grf (md5sum matches)
     Added NewGRF: GRF ID 56430001, checksum 2B67D5836DDFE0E2CC2454E1540A85F2, filename: ttrs3w.GRF (md5sum matches)
     Added NewGRF: GRF ID 4A430002, checksum 0728ADCB4DF2F1EB9247ABD449296F4E, filename: indstatrw.grf (md5sum matches)
     Added NewGRF: GRF ID 53410100, checksum 2898A009F1822E324A88FFA754396B34, filename: infra_landscapew.grf (md5sum matches)
     Added NewGRF: GRF ID 4A524101, checksum AAFCF21BDA01C5230F8D7535EBF2633A, filename: jaquaduct1w.grf (md5sum matches)
     Added NewGRF: GRF ID 524B0301, checksum BB7BBE4FF23B349D17ED0A682503680C, filename: tramtrkw.grf (md5sum matches)
     Added NewGRF: GRF ID 52453C00, checksum C5B4EC240B33E2DB8D1EA64C97898B5E, filename: stolentreesw_162.grf (md5sum matches)
     Added NewGRF: GRF ID 4F460A01, checksum 4E930501C73FF984F54489B2EC1AF052, filename: erv.grf (md5sum matches)
     Added NewGRF: GRF ID 44550001, checksum C02CE1A5054CEF675D4690023F2494D9, filename: germanrvw.grf (md5sum matches)
     Added NewGRF: GRF ID 44440A01, checksum D48D7AD02CA355B92FAE081DC4A36868, filename: pb_av8w.grf (md5sum matches)
     Added NewGRF: GRF ID 44440A03, checksum 6205E0297104502240D946EC26B195CA, filename: pb_av8exw.grf (md5sum matches)
     Added NewGRF: GRF ID 44440A02, checksum CC43F806C0D6838DBE3E68434F3726F3, filename: apache_w.grf (md5sum matches)
     Added NewGRF: GRF ID 414E0101, checksum 342908F59A1D69F2F5D9A3A24918BC62, filename: fish_ship_set-0.6.2\fish.grf (md5sum matches)
     Added NewGRF: GRF ID 52570103, checksum EDB2D26F9D81423734CA12412F309CF3, filename: generic_tram_set.0.4\generictrams.grf (md5sum matches)
     Added NewGRF: GRF ID 44441000, checksum 796D60F6F346D4FCAE5F8D8B9158B083, filename: ukrs2__the_uk_railway_set-0.6\proj1000.grf (md5sum matches)
     Added NewGRF: GRF ID 41501201, checksum C91BD14FAC7CA989FA0580DD7D792DD2, filename: heqs_heavy_equipment_set-0.7.1\heqs.grf (md5sum matches)
Tick 3538: GRF config changed
     Removed NewGRF: GRF ID 444A5401, filename: nutracks.grf (md5sum matches)
     Removed NewGRF: GRF ID 44550001, filename: germanrvw.grf (md5sum matches)
     Added NewGRF: GRF ID 52571201, checksum C1C7D8C53EB7E74EEE2F0EF29638B466, filename: egrvts.grf (md5sum matches)
     Removed NewGRF: GRF ID 52570103, filename: generic_tram_set.0.4\generictrams.grf (md5sum matches)
Tick 31303: game loaded
     Revision text changed to r21258, savegame version 152, not modified, _openttd_newgrf_version = 0x1100530a
---- gamelog end ----

*** End of OpenTTD Crash Report ***

Decoded stack trace:
[00] KERNELBASE           0x000007FEFD78AA7D RaiseException + 61
[01] openttd              0x000000013FB0AC51
[02] openttd              0x000000013FB09ED6
[03] openttd              0x000000013F8824F1
[04] openttd              0x000000013F92E555
[05] openttd              0x000000013F92E59D
[06] openttd              0x000000013F84DFAB
[07] openttd              0x000000013F885987
[08] openttd              0x000000013F885C87
[09] openttd              0x000000013FA542ED
[10] openttd              0x000000013F884240
[11] openttd              0x000000013FA568E2
[12] openttd              0x000000013FB0CB79
[13] kernel32             0x0000000076D1F56D BaseThreadInitThunk + 13
[14] ntdll                0x00000000771F3021 RtlUserThreadStart + 33

*** End of additional info ***
