*** OpenTTD Crash Report ***

Crash at: Tue Dec 15 22:19:01 2009

Crash reason:
 Exception: E1212012
 Location:  75C2B727
 Message:   Assertion failed at line 153 of c:\openttd\compile\src\core\math_func.hpp: min <= max

OpenTTD version:
 Version:    r18511 (0)
 NewGRF ver: 0800484f
 Bits:       32
 Endian:     little
 Dedicated:  no
 Build date: Dec 15 2009 19:16:03

Registers:
 EAX: 0018F348 EBX: 00000016 ECX: 00000000 EDX: 0008E3B8
 ESI: 0076D700 EDI: 00000000 EBP: 0018F398 ESP: 0018F348
 EIP: 75C2B727 EFLAGS: 00000246

 Bytes at instruction pointer:
 C9 C2 10 00 CC CC CC CC CC 8B FF 55 8B EC 56 8B 75 08 83 FE F4 72 18 83

Stack trace:
 E1212012 00000000 00000000 75C2B727 00000000 0018F44C 774C371E 00BF0138
 774C36FA 48EA0E82 00000000 00BF0000 774AFA8A 774D0E72 FFFFFFFF 00000024
 0018F394 00000004 00000000 00000016 0018F3F8 00545D2E E1212012 00000000
 00000000 00000000 00613D57 00000016 B3E00CB8 0018F9E4 00000200 045C0618
 774C9BEC FFFFFFFF 00000000 0018F3E0 00545D1E 00000001 0018F3B8 0018EF0C
 0018FF78 00618AC0 B38B83A8 FFFFFFFE 0018F730 006130DB 00000016 00000200
 00000001 002609E2 00C82198 00C88B88 000B0008 00000027 00000000 0100022D
 00000000 00000138 01010000 0018F36C 76CF288A 0018FF78 7750041D 3FB93C3E
 FFFFFFFE 774C36FA 774C32F2 00000000 00C82198 00010003 00000000 0018F678
 00C82190 0018F514 76D2F908 00BF0000 00000000 00C82198 00000001 0018F678
 00000001 0000001C 0000000F 00000000 007BF900 00000010 00C406AA 006FC8EC
 00000006 00000000 00000000 00000500 000002A8 00000000 00000135 0018F678
 000001AF 00000000 00007F01 00000000 00000000 0000001E 50022080 00000035
 00000020 00000001 00000000 000001A2 031C02FC 00C82198 0095135C 00000000
 00C821FC 009513C8 00000103 0018F66C 76D2FBAC 00000010 0018F9E4 00000200
 76D2FBE4 00000001 88881287 205858D8 D8128820 882120D8 00000000 00950E04
 58D82020 8A202888 726D2011 00000000 00000000 76D2FBFC 00000000 00000001
 76777688 880204F5 8CF58888 7C6D6D10 88206D6D 76737676 88010776 D8588888
 108C2888 49726D72 7688206D 7677766E 88880109 5888D888 0C288888 7B726C10
 77736D6C 75737675 581F8276 58000C20 8888D888 585888D8 0C288858 6D6C7110
 766D6D48 76766D75 581D8576 6A212020 8888000E 88888888 88D888D8 2188D888
 716B1092 6D6D6D48 72767675 20207576 20202020 726D00A3 88885888 8858D888
 88888888 717020D8 72724871 76727776 20207676 21202020 6D00A36A 886D726D
 58D88888 88888858 70D88858 72227070 7576756D 0000007F 0018F740 007BF900

Operating system:
 Name:    Windows
 Release: 6.1.7600 ()
 MSVC:    Yes

Configuration:
 Blitter:      8bpp-optimized
 Graphics set: OpenGFX
 Language:     norwegian_bokmal.lng
 Music driver: dmusic
 Sound driver: win32
 Sound set:    OpenSFX
 Video driver: win32

AI Configuration:
  0: Human

Libraries:
 FreeType:   2.3.11
 ICU:        4.2.1
 PNG:        1.2.40

Module information:
 C:\OpenTTD\Last Nightly\openttd.exe handle: 00400000 size: 3626496 crc: D48B6C16 date: 2009-12-15 19:20:30
 C:\Windows\SysWOW64\ntdll.dll handle: 77490000 size: 1289712 crc: BF7A7A2C date: 2009-07-14 01:17:51
 C:\Windows\syswow64\kernel32.dll handle: 76DF0000 size: 836608 crc: C271BF8C date: 2009-07-14 01:11:23
 C:\Windows\syswow64\KERNELBASE.dll handle: 75C20000 size: 269824 crc: 778A4077 date: 2009-07-14 01:11:23
 C:\Windows\system32\WINMM.dll handle: 727D0000 size: 194048 crc: 2FBEB05C date: 2009-07-14 01:16:19
 C:\Windows\syswow64\msvcrt.dll handle: 75E20000 size: 690688 crc: 554C94A4 date: 2009-07-14 01:15:50
 C:\Windows\syswow64\USER32.dll handle: 76CC0000 size: 833024 crc: E462ECF7 date: 2009-07-14 01:11:24
 C:\Windows\syswow64\GDI32.dll handle: 751E0000 size: 310784 crc: D911CA67 date: 2009-07-14 01:11:21
 C:\Windows\syswow64\LPK.dll handle: 75E10000 size: 25600 crc: 3C6CC57C date: 2009-07-14 01:11:23
 C:\Windows\syswow64\USP10.dll handle: 756C0000 size: 627200 crc: 3887C4C8 date: 2009-07-14 01:16:17
 C:\Windows\syswow64\ADVAPI32.dll handle: 75C70000 size: 640000 crc: 24248FE4 date: 2009-07-14 01:14:53
 C:\Windows\SysWOW64\sechost.dll handle: 75A00000 size: 92160 crc: B624B29A date: 2009-07-14 01:16:13
 C:\Windows\syswow64\RPCRT4.dll handle: 76F50000 size: 662528 crc: 21A3ED97 date: 2009-07-14 01:11:23
 C:\Windows\syswow64\SspiCli.dll handle: 75000000 size: 96768 crc: 39F99A13 date: 2009-07-14 01:11:24
 C:\Windows\syswow64\CRYPTBASE.dll handle: 74FF0000 size: 36864 crc: 00308E17 date: 2009-07-14 01:15:07
 C:\Windows\syswow64\WS2_32.dll handle: 75060000 size: 206336 crc: 4C23BF22 date: 2009-07-14 01:16:20
 C:\Windows\syswow64\NSI.dll handle: 77460000 size: 8704 crc: 2ACE9671 date: 2009-07-14 01:16:11
 C:\Windows\syswow64\SHELL32.dll handle: 75F60000 size: 12866560 crc: 1FCAA9C5 date: 2009-07-14 01:16:14
 C:\Windows\syswow64\SHLWAPI.dll handle: 76EF0000 size: 350208 crc: 8D9B2C39 date: 2009-07-14 01:16:14
 C:\Windows\system32\apphelp.dll handle: 72A40000 size: 292352 crc: 638DF07B date: 2009-07-14 01:14:53
 C:\Windows\AppPatch\AcGenral.DLL handle: 71040000 size: 2175488 crc: D711FB7E date: 2009-07-14 01:14:51
 C:\Windows\system32\UxTheme.dll handle: 72920000 size: 245760 crc: 60C5C746 date: 2009-07-14 01:11:24
 C:\Windows\system32\samcli.dll handle: 71730000 size: 50688 crc: 89401B92 date: 2009-07-14 01:16:13
 C:\Windows\syswow64\ole32.dll handle: 75430000 size: 1412608 crc: 4ACC7A3A date: 2009-07-14 01:16:12
 C:\Windows\syswow64\OLEAUT32.dll handle: 75910000 size: 571904 crc: DCE3E850 date: 2009-07-14 01:16:12
 C:\Windows\system32\MSACM32.dll handle: 72320000 size: 72192 crc: ABA25814 date: 2009-07-14 01:15:42
 C:\Windows\system32\VERSION.dll handle: 73990000 size: 21504 crc: 88D9D0F1 date: 2009-07-14 01:16:17
 C:\Windows\system32\sfc.dll handle: 73370000 size: 2560 crc: 1B7C8047 date: 2009-07-14 01:10:22
 C:\Windows\system32\sfc_os.DLL handle: 73360000 size: 40960 crc: E7FC4E7F date: 2009-07-14 01:16:14
 C:\Windows\system32\USERENV.dll handle: 731A0000 size: 79360 crc: A3905B80 date: 2009-07-14 01:16:17
 C:\Windows\system32\profapi.dll handle: 73800000 size: 31744 crc: E7DBE825 date: 2009-07-14 01:16:12
 C:\Windows\system32\dwmapi.dll handle: 729E0000 size: 67072 crc: FC7CA4B8 date: 2009-07-14 01:15:13
 C:\Windows\syswow64\SETUPAPI.dll handle: 75280000 size: 1668608 crc: F909EF01 date: 2009-07-14 01:16:14
 C:\Windows\syswow64\CFGMGR32.dll handle: 75DE0000 size: 145920 crc: 6377C630 date: 2009-07-14 01:15:02
 C:\Windows\syswow64\DEVOBJ.dll handle: 76BB0000 size: 64512 crc: 2B501D62 date: 2009-07-14 01:15:11
 C:\Windows\syswow64\urlmon.dll handle: 750A0000 size: 1224704 crc: 9F9CCD9D date: 2009-07-14 01:16:17
 C:\Windows\syswow64\CRYPT32.dll handle: 75760000 size: 1151488 crc: CC34327C date: 2009-07-14 01:15:07
 C:\Windows\syswow64\MSASN1.dll handle: 75ED0000 size: 34816 crc: 4F65C9C8 date: 2009-08-29 06:57:31
 C:\Windows\syswow64\iertutil.dll handle: 75A20000 size: 2058240 crc: ABEBA91D date: 2009-07-14 01:15:28
 C:\Windows\system32\MPR.dll handle: 727B0000 size: 64000 crc: 901CC9D6 date: 2009-07-14 01:15:41
 C:\Windows\system32\IMM32.DLL handle: 759A0000 size: 119808 crc: BC43D00A date: 2009-07-14 01:11:21
 C:\Windows\syswow64\MSCTF.dll handle: 75D10000 size: 828928 crc: DFE09EEB date: 2009-07-14 01:15:43
 C:\Windows\system32\SHFolder.dll handle: 714A0000 size: 7168 crc: 683AAC32 date: 2009-07-14 01:16:14
 C:\Windows\system32\MMDevAPI.DLL handle: 74B40000 size: 213504 crc: 352DF99F date: 2009-07-14 01:15:41
 C:\Windows\system32\PROPSYS.dll handle: 72810000 size: 988160 crc: 0700E8D7 date: 2009-07-14 01:16:12
 C:\Windows\system32\wdmaud.drv handle: 74B10000 size: 172032 crc: 03BEEBE2 date: 2009-07-14 01:14:08
 C:\Windows\system32\ksuser.dll handle: 74FA0000 size: 4608 crc: EBE07232 date: 2009-07-14 01:15:35
 C:\Windows\system32\AVRT.dll handle: 74F90000 size: 14336 crc: 9818237B date: 2009-07-14 01:14:58
 C:\Windows\system32\AUDIOSES.DLL handle: 74440000 size: 195584 crc: BC939745 date: 2009-07-14 01:14:57
 C:\Windows\system32\msacm32.drv handle: 74D50000 size: 20992 crc: 73923147 date: 2009-07-14 01:14:08
 C:\Windows\system32\midimap.dll handle: 74D40000 size: 16896 crc: C000494C date: 2009-07-14 01:15:40
 C:\Windows\syswow64\CLBCatQ.DLL handle: 76C30000 size: 522240 crc: 6C130B8A date: 2009-07-14 01:15:03
 C:\Fraps\FRAPS.DLL   handle: 63570000 size: 184048 crc: A060A18E date: 2009-08-29 05:13:00
 C:\Windows\System32\dmime.dll handle: 741D0000 size: 179712 crc: 179D7CFB date: 2009-07-14 01:15:12
 C:\Windows\System32\DSOUND.dll handle: 73DB0000 size: 453632 crc: EC24F2F8 date: 2009-07-14 01:15:13
 C:\Windows\System32\POWRPROF.dll handle: 73240000 size: 145408 crc: 9957ABF4 date: 2009-07-14 01:16:12
 C:\Windows\System32\dmusic.dll handle: 742B0000 size: 101376 crc: F5D0AA6B date: 2009-07-14 01:15:12
 C:\Windows\syswow64\WINTRUST.dll handle: 75690000 size: 172544 crc: 3753F315 date: 2009-07-14 01:16:19
 C:\Windows\System32\dmsynth.dll handle: 742E0000 size: 105472 crc: 3B102040 date: 2009-07-14 01:15:12
 C:\Windows\System32\dmloader.dll handle: 742A0000 size: 38400 crc: 8A3F45D2 date: 2009-07-14 01:15:12
 C:\Windows\system32\mswsock.dll handle: 72370000 size: 232448 crc: 32400D27 date: 2009-07-14 01:15:51
 C:\Windows\System32\wshtcpip.dll handle: 72360000 size: 9216 crc: BA963A19 date: 2009-07-14 01:16:20
 C:\Windows\System32\wship6.dll handle: 72350000 size: 10752 crc: 99DFC9DA date: 2009-07-14 01:16:20
 C:\Windows\syswow64\psapi.dll handle: 75270000 size: 6144 crc: 25B988F9 date: 2009-07-14 01:16:12

---- gamelog start ----
Tick 0: new game started
     Revision text changed to r18411, savegame version 130, not modified, _openttd_newgrf_version = 0x080047eb
     New game mode: 2 landscape: 0
     Added NewGRF: GRF ID 45520102, checksum 1406B06F6475037445A944963CA6D5CE, filename: ottdc_grfpack\7_stations\basic_platforms\basic_platformsw.grf
     Added NewGRF: GRF ID 19060801, checksum 6CFC6328D999C140851BFE6514BA277A, filename: bigger_depots.0.3\bigdepot.grf
     Added NewGRF: GRF ID 52455400, checksum 1600687C50C5AB1E72EDD487CAD50E2A, filename: ottdc_grfpack\7_stations\ae_city\ae_cityw.GRF
     Added NewGRF: GRF ID 4D470302, checksum 52BFBEA55B7EDB8192DE26040FF03CC9, filename: ottdc_grfpack\9_last\basecosts\basecosts.grf
     Added NewGRF: GRF ID 45580102, checksum 2E97B00D4ABAC99CD825964E9402A81B, filename: ex_s_city_builder.0.3\ex_cities.grf
     Added NewGRF: GRF ID 4D470801, checksum AB5909E50F9AFAC0DF4C5F66E241838A, filename: ottdc_grfpack\5_industries_cargos\lumbermill\lumbermill.grf
     Added NewGRF: GRF ID 52571302, checksum 94F0FDACF165EA5D868B886C39D68C9C, filename: ottdc_grfpack\1_other\OpenGFX\OpenGFX_-_newTerrain_v0.4.grf
     Added NewGRF: GRF ID 44444040, checksum 310EE1B199D5A858BB1A7FB5F52F9969, filename: ottdc_grfpack\8_vehicles\trains_wagons\troprs\troprsw.grf
     Added NewGRF: GRF ID 425F0101, checksum 5E6DC9FD3D9364AC6ABE21E6B4D8CE3E, filename: very_large_ships.0.1\vl_shipw.grf
Tick 0: game loaded
     Revision text changed to r18461, savegame version 130, not modified, _openttd_newgrf_version = 0x0800481d
Tick 0: game loaded
     New game mode: 1 landscape: 0
Tick 13697: game loaded
     Revision text changed to r18467, savegame version 130, not modified, _openttd_newgrf_version = 0x08004823
Tick 38272: game loaded
     Revision text changed to r18511, savegame version 131, not modified, _openttd_newgrf_version = 0x0800484f
---- gamelog end ----

*** End of OpenTTD Crash Report ***
