*** OpenTTD Crash Report ***

Crash at: Fri Nov 01 23:43:44 2013
In game date: 1972-06-04 (16)

Crash reason:
 Exception: E1212012
 Location:  000007F887D2811C
 Message:   Assertion failed at line 3420 of ..\src\station_cmd.cpp: to->goods[c].node == it->first

OpenTTD version:
 Version:    r25935 (0)
 NewGRF ver: 1400654f
 Bits:       64
 Endian:     little
 Dedicated:  no
 Build date: Nov  1 2013 19:15:59

Registers:
 RAX: 0000000000000000 RBX: 0000000000000016 RCX: 0000000000C0E6F8 RDX: 0000000000C0E700
 RSI: 0000000000000000 RDI: 0000000000000008 RBP: 0000000000000000 RSP: 0000000000C0EC70
 R8:  0000000000000001 R9:  0000000000000000 R10: 0000000000000000 R11: 0000000000000070
 R12: 000007F6283C6830 R13: 000007F627994768 R14: 0000000000000001 R15: 00000000000AFE1D
 RIP: 000007F887D2811C EFLAGS: 00000202

 Bytes at instruction pointer:
 48 8B 8C 24 C0 00 00 00 48 33 CC E8 E4 92 FC FF 48 81 C4 D8 00 00 00 C3

Stack trace:
 271E2278 00000000 00000016 00000000 00000000 00000000 00000008 00000000
 E1212012 00000000 00000000 00000000 87D2811C 000007F8 00000000 00000000
 288D9C90 000007F6 25408D80 00000000 00000050 00000000 000C05D0 00000000
 00000000 00000000 288D9C90 000007F6 283342E8 000007F6 00000010 00000000
 00000000 00000000 00000000 00000000 00000000 00000000 8AB366FF 000007F8
 00000000 00000000 00000000 00000000 00C0EB50 00000000 00C0EB30 00000000
 812C63D5 000088DB 00000001 FFFFFFFF 00000016 00000000 27A80109 000007F6
 00000001 00000000 B533CE99 00000000 8E1E0642 0000E2BF 8AB0DD57 000007F8
 00000200 00000000 000AFE1D 00000000 00000003 00000000 252398A0 00000000
 271E2278 00000000 25408D80 00000000 000AFE1D 00000000 27A7F4C0 000007F6
 00000001 00000000 25878C00 00000000 00000000 00000000 FFFFFFFF 00000000
 25878C00 00000000 2771B34B 000007F6 25878C00 00000000 00000000 00000000
 00000000 00000000 27708218 000007F6 65737341 6F697472 6166206E 64656C69
 20746120 656E696C 32343320 666F2030 5C2E2E20 5C637273 74617473 5F6E6F69
 2E646D63 3A707063 2D6F7420 6F6F673E 635B7364 6F6E2E5D 3D206564 7469203D
 69663E2D 00747372 00C0EEE9 00000000 00000000 00000000 253DE1C0 00000000
 255A2E00 00000000 271E2278 00000000 255A2E70 00000000 243DDF20 00000000
 247C6800 00000000 00C0EF70 00000000 00000000 00000000 253DE1C0 00000000
 255A2E00 00000000 00000000 00000000 253DE1C0 00000000 00000000 00000000
 00C0EF70 00000000 27A7A518 000007F6 00000018 00000000 271E2278 00000000
 25408E60 00000000 276CADE8 000007F6 FFFFFFFF 00000000 00C0EFB0 00000000
 00C001A1 00000000 00000000 00000000 FFFFFFFE FFFFFFFF 2877C560 00000000
 25408E58 00000000 000001A1 00000000 00000000 00000000 000AFE1D 00000000
 25408D80 00000000 27840E1B 000007F6 25878C00 00000000 00C0EFE0 00000000

Operating system:
 Name:     Windows
 Release:  6.2.9200 ()
 Compiler: MSVC 1600

Configuration:
 Blitter:      32bpp-anim
 Graphics set: zBase (250)
 Language:     C:\Program Files\OpenTTD\lang\polish.lng
 Music driver: win32
 Music set:    OpenMSX (96)
 Network:      no
 Sound driver: win32
 Sound set:    OpenSFX (87)
 Video driver: win32

AI Configuration (local: 0):
  0: Human
  1: NoCAB (v499)
  2: MogulAI (v5900)
  3: gelignAIte (v1)
  4: SimpleAI (v9)
  5: NoCAB (v499)
  6: ChooChoo (v409)
  7: ChooChoo (v409)
  8: gelignAIte (v1)
  9: Terron (v209)
 10: BorkAI (v17)
 11: gelignAIte (v1)
 12: Denver & Rio Grande (v1)
 13: Terron (v209)
 14: trAIns (v2)

Libraries:
 FreeType:   2.4.11
 ICU:        51.2
 LZMA:       5.0.4
 LZO:        2.06
 PNG:        1.5.14
 Zlib:       1.2.7

Module information:
 C:\Program Files\OpenTTD\openttd.exe handle: 000007F6276C0000 size: 13970944 crc: 117A1C98 date: 2013-11-01 18:20:40
 C:\windows\SYSTEM32\ntdll.dll handle: 000007F88AB00000 size: 1829408 crc: EC3E2755 date: 2013-04-09 05:17:57
 C:\windows\system32\KERNEL32.DLL handle: 000007F88A9B0000 size: 1257472 crc: D9FB2CAC date: 2013-05-30 23:24:29
 C:\windows\system32\KERNELBASE.dll handle: 000007F887CF0000 size: 976384 crc: 6E438634 date: 2012-11-06 04:18:33
 C:\windows\SYSTEM32\WINMM.dll handle: 000007F880FC0000 size: 115712 crc: C55809AE date: 2013-06-19 05:36:21
 C:\windows\system32\WS2_32.dll handle: 000007F8890E0000 size: 345088 crc: 3FA6B8C5 date: 2012-07-26 05:26:48
 C:\windows\system32\IMM32.dll handle: 000007F888870000 size: 213504 crc: 7423905F date: 2012-07-26 03:05:49
 C:\windows\system32\USER32.dll handle: 000007F888E60000 size: 1342464 crc: 07319BBB date: 2012-09-20 06:33:05
 C:\windows\system32\GDI32.dll handle: 000007F888AE0000 size: 1300480 crc: 67222471 date: 2013-07-03 00:22:26
 C:\windows\system32\ADVAPI32.dll handle: 000007F888570000 size: 894464 crc: 665B5F2D date: 2012-07-26 03:05:02
 C:\windows\system32\SHELL32.dll handle: 000007F889390000 size: 19758080 crc: 50320184 date: 2013-08-02 06:28:20
 C:\windows\SYSTEM32\WINMMBASE.dll handle: 000007F880F80000 size: 183808 crc: 78E302AA date: 2013-06-19 05:36:21
 C:\windows\system32\msvcrt.dll handle: 000007F888DB0000 size: 654848 crc: E98BCC92 date: 2012-07-26 05:26:45
 C:\windows\system32\RPCRT4.dll handle: 000007F888190000 size: 1314816 crc: 543430A7 date: 2013-05-23 23:02:30
 C:\windows\system32\NSI.dll handle: 000007F888180000 size: 19456 crc: 576B2E73 date: 2012-07-26 05:26:47
 C:\windows\system32\MSCTF.dll handle: 000007F888050000 size: 1125888 crc: 408816F4 date: 2013-04-09 23:17:06
 C:\windows\SYSTEM32\sechost.dll handle: 000007F888820000 size: 279040 crc: FE7E56F6 date: 2012-07-26 05:26:48
 C:\windows\SYSTEM32\combase.dll handle: 000007F889140000 size: 1743872 crc: D929B890 date: 2012-09-20 06:30:48
 C:\windows\system32\SHLWAPI.dll handle: 000007F88A8A0000 size: 309760 crc: 5D10ED12 date: 2012-07-26 03:07:16
 C:\windows\SYSTEM32\cfgmgr32.dll handle: 000007F887DF0000 size: 320112 crc: 21D22127 date: 2012-07-26 04:52:35
 C:\windows\system32\DEVOBJ.dll handle: 000007F887A80000 size: 134168 crc: ACCE92D4 date: 2012-07-26 04:52:35
 C:\windows\SYSTEM32\SHCORE.dll handle: 000007F886250000 size: 590848 crc: 19DBEBE5 date: 2012-10-11 05:45:37
 C:\windows\system32\uxtheme.dll handle: 000007F886840000 size: 915968 crc: E3DEB935 date: 2013-04-28 22:28:29
 C:\windows\system32\ole32.dll handle: 000007F888C30000 size: 1566432 crc: 0BCB71C4 date: 2012-11-06 07:33:30
 C:\windows\SYSTEM32\CRYPTBASE.dll handle: 000007F8877F0000 size: 22016 crc: 6F993B0A date: 2012-07-26 05:26:47
 C:\windows\SYSTEM32\bcryptPrimitives.dll handle: 000007F887790000 size: 373312 crc: 4AC08017 date: 2012-07-26 05:26:42
 C:\windows\system32\mswsock.dll handle: 000007F887200000 size: 355328 crc: B7790FBE date: 2012-10-11 05:44:51
 C:\windows\SYSTEM32\MMDevAPI.DLL handle: 000007F8858C0000 size: 389360 crc: 596C16E1 date: 2012-09-20 08:40:25
 C:\windows\SYSTEM32\wdmaud.drv handle: 000007F881140000 size: 207872 crc: 043950C4 date: 2012-07-26 03:04:58
 C:\windows\SYSTEM32\ksuser.dll handle: 000007F87B660000 size: 15952 crc: 99C9884B date: 2012-07-26 04:45:07
 C:\windows\SYSTEM32\AVRT.dll handle: 000007F8843D0000 size: 27280 crc: 1F9F19C2 date: 2012-09-20 09:08:47
 C:\windows\SYSTEM32\AUDIOSES.DLL handle: 000007F884EB0000 size: 446792 crc: 0F89D561 date: 2013-04-09 05:33:02
 C:\windows\system32\OLEAUT32.dll handle: 000007F888FB0000 size: 778752 crc: 2E567571 date: 2013-07-03 00:23:12
 C:\windows\SYSTEM32\powrprof.dll handle: 000007F887950000 size: 260608 crc: FD51DA52 date: 2012-07-26 03:06:59
 C:\windows\SYSTEM32\msacm32.drv handle: 000007F883660000 size: 25600 crc: F12956A9 date: 2012-07-26 03:04:58
 C:\windows\SYSTEM32\MSACM32.dll handle: 000007F881710000 size: 84480 crc: 1384C734 date: 2012-07-26 03:06:16
 C:\windows\SYSTEM32\midimap.dll handle: 000007F883650000 size: 18944 crc: 473F99CF date: 2012-07-26 03:06:05
 C:\windows\SYSTEM32\dwmapi.dll handle: 000007F886060000 size: 115200 crc: 02054870 date: 2012-07-26 03:05:33
 C:\windows\system32\psapi.dll handle: 000007F88AAF0000 size: 9728 crc: 82F0883A date: 2012-07-26 03:07:00

---- gamelog start ----
Tick 0: new game started
     Revision text changed to r25929, savegame version 187, not modified, _openttd_newgrf_version = 0x14006549
     New game mode: 1 landscape: 0
     Added NewGRF: GRF ID 4F460A01, checksum 4E930501C73FF984F54489B2EC1AF052, filename: earlier_road_vehicles.1.0\erv.grf (md5sum matches)
     Added NewGRF: GRF ID 444A0201, checksum 5E0499453FD925A7FB957868260F8EE4, filename: generic_european_train_set_ges-alpha2.2\ges_pa2.2.grf (md5sum matches)
     Added NewGRF: GRF ID 4A4D0101, checksum AFE4E75999A3FF92D4B01DBEE9A803E9, filename: sailing_ships-0.62\ss.grf (md5sum matches)
     Added NewGRF: GRF ID 4D470B02, checksum D3B86F8678699114EC3BC5EBFD52BC51, filename: early_houses.2.0beta_r707\earlyhouses.grf (md5sum matches)
     Added NewGRF: GRF ID 554A0000, checksum F7410A673ED67FA693AD063C4FEB1863, filename: polish_buildings_set-1.4.0\plbuildingset140w.grf (md5sum matches)
     Added NewGRF: GRF ID 54440103, checksum D9445A6ACDF4C14097A38091758186D4, filename: polish_pkp_set_2.0-2.0.8\pkp-set-2.0.8.grf (md5sum matches)
     Added NewGRF: GRF ID 51560000, checksum BFF369655BCEFB9F4905BB474C05EBE7, filename: polish_pkp_set-1.6\pkp_set_1.6.grf (md5sum matches)
     Added NewGRF: GRF ID 534A0000, checksum F296AB1B0F472E7ACA3FBCA493BADB3D, filename: polish_road_set-5\plroadsetv5w.grf (md5sum matches)
     Added NewGRF: GRF ID 44480001, checksum 30C12E28E154A848461D5F5BF7ECE5AB, filename: polish_town_names-0.1\pl_tnamesdh0.1.grf (md5sum matches)
     Added NewGRF: GRF ID 44440A02, checksum A559EFE4DE95E1C43C444E1DD2C07EB2, filename: apache_helicopter-1.2\apache_w.grf (md5sum matches)
     Added NewGRF: GRF ID 44440A01, checksum FCEEC76CF44EC23E7FE9C88048CF11CC, filename: av8_aviators_aircraft_set-2.21\pb_av8w.grf (md5sum matches)
     Added NewGRF: GRF ID 44440A03, checksum 6205E0297104502240D946EC26B195CA, filename: av8_extra_aircraft.1.501\pb_av8exw.grf (md5sum matches)
Tick 1445: settings changed
     Setting changed: construction.command_pause_level : 1 -> 3
Tick 14685: game loaded
     Revision text changed to r25935, savegame version 187, not modified, _openttd_newgrf_version = 0x1400654f
---- gamelog end ----

*** End of OpenTTD Crash Report ***

Decoded stack trace:
[00] KERNELBASE           0x000007F887D2811C RaiseException + 104
[01] openttd              0x000007F627A80109
[02] openttd              0x000007F627A7F4C0
[03] openttd              0x000007F62771B34B
[04] openttd              0x000007F6278413D5
[05] openttd              0x000007F6276FCE43
[06] openttd              0x000007F62771F39D
[07] openttd              0x000007F62771F787
[08] openttd              0x000007F627992F6D
[09] openttd              0x000007F62771D4D4
[10] openttd              0x000007F62799558F
[11] openttd              0x000007F627A81B84
[12] KERNEL32             0x000007F88A9B1832 BaseThreadInitThunk + 26
[13] ntdll                0x000007F88AB5D609 RtlUserThreadStart + 33

*** End of additional info ***

