*** OpenTTD Crash Report ***

Crash at: Sat Dec 25 19:02:52 2010
In game date: 2155-05-10 (28)

Crash reason:
 Exception: E1212012
 Location:  000007FEFD47AA7D
 Message:   Assertion failed at line 1024 of ..\src\viewport.cpp: type < HT_DIR_END

OpenTTD version:
 Version:    r21615 (0)
 NewGRF ver: 1100546f
 Bits:       64
 Endian:     little
 Dedicated:  no
 Build date: Dec 23 2010 23:27:50

Registers:
 RAX: 0000000071ACD6D9 RBX: 0000000000000016 RCX: 000000000027D950 RDX: 0000000000000000
 RSI: 0000000000000000 RDI: 0000000000000008 RBP: 0000000000000009 RSP: 000000000027DF60
 R8:  0000000000000000 R9:  0000000000000000 R10: 0000000000000000 R11: 0000000000000286
 R12: 000000013FD3F3F0 R13: 000000013F62B594 R14: 0000000000000001 R15: 00000000770BF59B
 RIP: 000007FEFD47AA7D EFLAGS: 00000202

 Bytes at instruction pointer:
 48 81 C4 C8 00 00 00 C3 90 90 90 90 90 90 90 90 90 90 90 48 83 EC 48 83

Stack trace:
 00000016 00000000 00000000 00000000 00000008 00000000 0027DF98 00000000
 E1212012 00000000 00000000 00000000 FD47AA7D 000007FE 00000000 00000000
 00000048 00000000 00000001 00000000 00000000 00000000 00000000 00000000
 00000070 00000000 FFFFFFFF FFFFFFFF FFFFFFFF FFFFFFFF 770CC333 00000000
 003D0230 00000000 771F021A 00000000 003D0398 00000000 003D4734 00000000
 00000000 00000000 770CA01B 00000000 00000000 00000000 771D39E8 00000000
 00000001 00000000 3F724D11 00000001 00000016 00000000 2283C4FD 00000000
 00455100 00000000 003D0230 00000000 00000000 00000000 771E7DBA 00000000
 008D2680 00000000 770BF59B 00000000 00000730 00000000 00001060 00000000
 00000012 00000000 00000002 00000000 0027E910 00000000 3F723F96 00000001
 00000001 00000000 00000000 00000000 00000F00 00000000 00000002 00000000
 00000000 00000000 771FFDF5 00000000 00000000 00000000 00000000 00000000
 7723939C 00000000 07000007 00000000 0027E128 00000000 00000030 00000003
 770BF5BA 00000000 770CBAF9 00000000 00986098 00000000 0027E158 00000000
 00000000 00000000 008D2680 00000000 00000012 00000000 00000000 00000000
 00000000 00000000 771D39E8 00000000 771F5DC0 00000000 770D764C 00000000
 00130AFA 00000000 008D2680 00000000 00000001 00000000 00000001 00000000
 00000001 00000000 D60A06EF FFFFFFFF 00000000 00000000 00000000 00000000
 00000008 00000000 00000010 00000000 0044ADC0 00000000 003D0000 00000000
 0044ADB0 00000000 77202075 00000000 003D0000 00000000 0044AD01 00000000
 00000000 00000000 0044ADC0 00000000 00130AFA 00000000 771232C4 00000000
 00000001 00000000 00130AFA 00000000 771232C4 00000000 0027E560 00000000
 00000000 00000000 3FDC8440 00000001 00010003 00000000 00000001 00000000
 00000001 00000000 77122825 00000000 0044ADC0 00000000 0044ADC0 00000000

Operating system:
 Name:     Windows
 Release:  6.1.7600 ()
 Compiler: MSVC 1500

Configuration:
 Blitter:      8bpp-optimized
 Graphics set: OpenGFX (542)
 Language:     C:\Program Files\OpenTTD\lang\swedish.lng
 Music driver: win32
 Music set:    NoMusic (0)
 Network:      no
 Sound driver: win32
 Sound set:    NoSound (2)
 Video driver: win32

AI Configuration (local: 0):
  0: Human

Libraries:
 FreeType:   2.4.4
 ICU:        4.4.2
 LZMA:       5.0.0
 LZO:        2.03
 PNG:        1.4.5
 Zlib:       1.2.5

Module information:
 C:\Program Files\OpenTTD\openttd.exe handle: 000000013F410000 size: 9875456 crc: 28B3F403 date: 2010-12-23 23:31:30
 C:\Windows\SYSTEM32\ntdll.dll handle: 00000000771B0000 size: 1736792 crc: 5523175A date: 2009-07-14 01:43:10
 C:\Windows\system32\kernel32.dll handle: 0000000076F90000 size: 1162240 crc: 822946F0 date: 2009-07-14 01:41:13
 C:\Windows\system32\KERNELBASE.dll handle: 000007FEFD470000 size: 421376 crc: 68F689E4 date: 2009-07-14 01:41:13
 C:\Windows\system32\WINMM.dll handle: 000007FEF88D0000 size: 217600 crc: 7BC1529F date: 2009-07-14 01:41:56
 C:\Windows\system32\msvcrt.dll handle: 000007FEFD4E0000 size: 634880 crc: 7F3E716F date: 2009-07-14 01:41:32
 C:\Windows\system32\USER32.dll handle: 00000000770B0000 size: 1008640 crc: 95FA0345 date: 2009-07-14 01:41:56
 C:\Windows\system32\GDI32.dll handle: 000007FEFD660000 size: 404480 crc: 0F1BAE69 date: 2009-07-14 01:40:56
 C:\Windows\system32\LPK.dll handle: 000007FEFE970000 size: 41984 crc: 350AF03B date: 2009-07-14 01:41:19
 C:\Windows\system32\USP10.dll handle: 000007FEFE980000 size: 801280 crc: 32EFA120 date: 2009-07-14 01:41:56
 C:\Windows\system32\WS2_32.dll handle: 000007FEFD590000 size: 296448 crc: B9553AFD date: 2009-07-14 01:41:58
 C:\Windows\system32\RPCRT4.dll handle: 000007FEFD6D0000 size: 1221632 crc: D5B6358C date: 2009-07-14 01:41:53
 C:\Windows\system32\NSI.dll handle: 000007FEFD580000 size: 13824 crc: 53B46F6C date: 2009-07-14 01:41:53
 C:\Windows\system32\ADVAPI32.dll handle: 000007FEFF010000 size: 877056 crc: FA615A20 date: 2009-07-14 01:40:01
 C:\Windows\SYSTEM32\sechost.dll handle: 000007FEFEA50000 size: 113664 crc: 978CFAE5 date: 2009-07-14 01:41:53
 C:\Windows\system32\SHELL32.dll handle: 000007FEFD800000 size: 14161920 crc: EAA55AE5 date: 2009-07-14 01:41:54
 C:\Windows\system32\SHLWAPI.dll handle: 000007FEFD5E0000 size: 449536 crc: 0BFDF102 date: 2009-07-14 01:41:54
 C:\Windows\system32\IMM32.DLL handle: 000007FEFF3F0000 size: 167424 crc: 41B2805A date: 2009-07-14 01:41:09
 C:\Windows\system32\MSCTF.dll handle: 000007FEFE600000 size: 1067008 crc: 798DDDA0 date: 2009-07-14 01:41:28
 C:\Windows\system32\SHFolder.dll handle: 000007FEF8030000 size: 10240 crc: 08A48DE3 date: 2009-07-14 01:41:54
 C:\Windows\system32\ole32.dll handle: 000007FEFECD0000 size: 2084352 crc: 40D2CC46 date: 2009-07-14 01:41:53
 C:\Windows\system32\MMDevAPI.DLL handle: 000007FEFB9A0000 size: 284160 crc: CDF2EF81 date: 2009-07-14 01:41:26
 C:\Windows\system32\PROPSYS.dll handle: 000007FEFB870000 size: 1212416 crc: 98D01BC9 date: 2009-07-14 01:41:53
 C:\Windows\system32\OLEAUT32.dll handle: 000007FEFE710000 size: 861184 crc: C4351602 date: 2009-07-14 01:41:53
 C:\Windows\system32\wdmaud.drv handle: 000007FEF2950000 size: 217088 crc: AB6BC545 date: 2009-07-14 01:38:50
 C:\Windows\system32\ksuser.dll handle: 000000006D3B0000 size: 5120 crc: AA2071D9 date: 2009-07-14 01:41:13
 C:\Windows\system32\AVRT.dll handle: 000007FEFC2B0000 size: 18432 crc: 5CE53CB7 date: 2009-07-14 01:40:05
 C:\Windows\system32\SETUPAPI.dll handle: 000007FEFF170000 size: 1899520 crc: 91ED5D15 date: 2009-07-14 01:41:54
 C:\Windows\system32\CFGMGR32.dll handle: 000007FEFD430000 size: 207360 crc: 369326FC date: 2009-07-14 01:40:15
 C:\Windows\system32\DEVOBJ.dll handle: 000007FEFD410000 size: 93184 crc: A7541AE2 date: 2009-07-14 01:40:28
 C:\Windows\system32\AUDIOSES.DLL handle: 000007FEF0B60000 size: 296448 crc: 07CA71DE date: 2009-07-14 01:40:04
 C:\Windows\system32\msacm32.drv handle: 000007FEF43F0000 size: 25600 crc: 2B579A05 date: 2009-07-14 01:38:50
 C:\Windows\system32\MSACM32.dll handle: 000007FEEFA80000 size: 83456 crc: 3D67538B date: 2009-07-14 01:41:27
 C:\Windows\system32\midimap.dll handle: 000007FEEFA70000 size: 20480 crc: CB902A13 date: 2009-07-14 01:41:23
 C:\Windows\system32\CRYPTBASE.dll handle: 000007FEFD040000 size: 44032 crc: F547C16E date: 2009-07-14 01:40:24
 C:\Windows\system32\CLBCatQ.DLL handle: 000007FEFF350000 size: 607744 crc: 939E35C9 date: 2009-07-14 01:40:15
 C:\Windows\system32\uxtheme.dll handle: 000007FEFB9F0000 size: 332288 crc: B0A13DF9 date: 2009-07-14 01:41:56
 C:\Windows\system32\dwmapi.dll handle: 000007FEFB4A0000 size: 82432 crc: A459F360 date: 2009-07-14 01:40:34
 C:\Program Files\WIDCOMM\Bluetooth Software\btmmhook.dll handle: 0000000010000000 size: 391456 crc: F4FB13F5 date: 2009-07-30 16:42:44
 C:\Windows\system32\PSAPI.DLL handle: 0000000077380000 size: 9216 crc: 84B5E9BA date: 2009-07-14 01:41:53
 C:\Windows\system32\imon.dll handle: 0000000020B00000 size: 467512 crc: 2374FEDF date: 2009-09-20 13:35:59
 C:\Windows\system32\WSOCK32.dll handle: 000007FEFC3C0000 size: 18432 crc: 3888369A date: 2009-07-14 01:41:58
 C:\Windows\system32\MPR.dll handle: 000007FEFC2C0000 size: 80896 crc: 31FAEB95 date: 2009-07-14 01:41:26
 C:\Windows\system32\mswsock.dll handle: 000007FEFC940000 size: 320000 crc: EA387916 date: 2009-07-14 01:41:34
 C:\Windows\System32\wshtcpip.dll handle: 000007FEFC2A0000 size: 13312 crc: 5D1E2C55 date: 2009-07-14 01:41:58
 C:\Program Files\WIDCOMM\Bluetooth Software\btkeyind.dll handle: 0000000002690000 size: 173344 crc: D9D1993E date: 2009-07-30 16:42:42

---- gamelog start ----
Tick 0: new game started
     Revision text changed to 1.0.4, savegame version 138, not modified, _openttd_newgrf_version = 0x10485145
     New game mode: 1 landscape: 0
Tick 6639: GRF config changed
     Added NewGRF: GRF ID 52570103, checksum EDB2D26F9D81423734CA12412F309CF3, filename: generic_tram_set.0.4\generictrams.grf (md5sum matches)
Tick 29401: settings changed
     Setting changed: vehicle.never_expire_vehicles : 0 -> 1
Tick 57381: settings changed
     Setting changed: vehicle.never_expire_vehicles : 1 -> 0
Tick 44709: game loaded
     Revision text changed to 1.0.5, savegame version 138, not modified, _openttd_newgrf_version = 0x1058531e
Tick 35697: game loaded
     Revision text changed to r21615, savegame version 155, not modified, _openttd_newgrf_version = 0x1100546f
Tick 35697: settings changed
     Setting changed: construction.command_pause_level : 1 -> 2
Tick 35697: settings changed
     Setting changed: construction.command_pause_level : 2 -> 3
Tick 35697: settings changed
     Setting changed: construction.command_pause_level : 3 -> 2
Tick 35697: settings changed
     Setting changed: construction.command_pause_level : 2 -> 1
Tick 35697: settings changed
     Setting changed: construction.command_pause_level : 1 -> 0
Tick 35697: settings changed
     Setting changed: construction.command_pause_level : 0 -> 1
Tick 35697: settings changed
     Setting changed: construction.command_pause_level : 1 -> 2
Tick 35697: settings changed
     Setting changed: construction.command_pause_level : 2 -> 3
---- gamelog end ----

*** End of OpenTTD Crash Report ***

Decoded stack trace:
[00] KERNELBASE           0x000007FEFD47AA7D RaiseException + 61
[01] openttd              0x000000013F724D11
[02] openttd              0x000000013F723F96
[03] openttd              0x000000013F452A89
[04] openttd              0x000000013F478CED
[05] openttd              0x000000013F47910B
[06] openttd              0x000000013F479B09
[07] openttd              0x000000013F47A35F
[08] openttd              0x000000013F47A403
[09] openttd              0x000000013F4800DB
[10] openttd              0x000000013F4D307B
[11] openttd              0x000000013F47E19A
[12] openttd              0x000000013F4A8928
[13] openttd              0x000000013F48301F
[14] openttd              0x000000013F4373F5
[15] openttd              0x000000013F4375AC
[16] openttd              0x000000013F485E6B
[17] openttd              0x000000013F629F16
[18] openttd              0x000000013F4547D8
[19] openttd              0x000000013F62C492
[20] openttd              0x000000013F726C39
[21] kernel32             0x0000000076FAF56D BaseThreadInitThunk + 13
[22] ntdll                0x00000000771E3281 RtlUserThreadStart + 33

*** End of additional info ***
