*** OpenTTD Crash Report ***

Crash at: Sun Jun 30 06:27:05 2013
In game date: 2051-05-09 (27)

Crash reason:
 Signal:  Aborted (6)
 Message: Out of memory. Cannot allocate 18446744073709551615 bytes

OpenTTD version:
 Version:    r25523 (0)
 NewGRF ver: 140063b3
 Bits:       64
 Endian:     little
 Dedicated:  no
 Build date: Jun 30 2013 00:24:41

Stacktrace:
 [00] openttd(_ZNK12CrashLogUnix13LogStacktraceEPcPKc+0x37) [0x6edc07]
 [01] openttd(_ZNK8CrashLog12FillCrashLogEPcPKc+0xeb) [0x5c959b]
 [02] openttd(_ZNK8CrashLog12MakeCrashLogEv+0x7c) [0x5c982c]
 [03] openttd() [0x6edb75]
 [04] /lib/x86_64-linux-gnu/libc.so.6(+0x370b0) [0x7f13ec68d0b0]
 [05] /lib/x86_64-linux-gnu/libc.so.6(gsignal+0x37) [0x7f13ec68d037]
 [06] /lib/x86_64-linux-gnu/libc.so.6(abort+0x148) [0x7f13ec690698]
 [07] openttd() [0x6d95df]
 [08] openttd() [0x5c8993]
 [09] openttd() [0x61b821]
 [10] openttd(_ZN15ParagraphLayout8nextLineEi+0x1be) [0x61bb5e]
 [11] openttd(_ZN8LayouterC2EPKci10TextColour8FontSize+0x333) [0x61c383]
 [12] openttd(_Z19DrawStringMultiLineiiiiPKc10TextColour15StringAlignmentb8FontSize+0x59) [0x618769]
 [13] openttd(_Z19DrawStringMultiLineiiiit10TextColour15StringAlignmentb8FontSize+0x97) [0x618977]
 [14] openttd() [0x6b83a6]
 [15] openttd(_ZN11NWidgetLeaf4DrawEPK6Window+0x155) [0x834fd5]
 [16] openttd(_ZN19NWidgetPIPContainer4DrawEPK6Window+0x24) [0x832714]
 [17] openttd(_ZN17NWidgetBackground4DrawEPK6Window+0x180) [0x834a10]
 [18] openttd(_ZN19NWidgetPIPContainer4DrawEPK6Window+0x24) [0x832714]
 [19] openttd(_ZN19NWidgetPIPContainer4DrawEPK6Window+0x24) [0x832714]
 [20] openttd(_ZN19NWidgetPIPContainer4DrawEPK6Window+0x24) [0x832714]
 [21] openttd(_ZN17NWidgetBackground4DrawEPK6Window+0x180) [0x834a10]
 [22] openttd(_ZN19NWidgetPIPContainer4DrawEPK6Window+0x24) [0x832714]
 [23] openttd(_ZNK6Window11DrawWidgetsEv+0x1e) [0x83578e]
 [24] openttd(_Z26DrawOverlappedWindowForAlliiii+0x8d) [0x83bb8d]
 [25] openttd(_Z16RedrawScreenRectiiii+0x60) [0x616d10]
 [26] openttd(_Z15DrawDirtyBlocksv+0x199) [0x616f49]
 [27] openttd(_Z13UpdateWindowsv+0xb9) [0x83d779]
 [28] openttd(_ZN15VideoDriver_SDL8MainLoopEv+0x219) [0x8227c9]
 [29] openttd(_Z12openttd_mainiPPc+0x12d4) [0x6daca4]
 [30] /lib/x86_64-linux-gnu/libc.so.6(__libc_start_main+0xf5) [0x7f13ec677ea5]
 [31] openttd() [0x520091]

Operating system:
 Name:     Linux
 Release:  3.8.0-23-generic
 Version:  #34-Ubuntu SMP Wed May 29 20:22:58 UTC 2013
 Machine:  x86_64
 Compiler: GCC 4.7.3 "4.7.3"

Configuration:
 Blitter:      8bpp-optimized
 Graphics set: OpenGFX (1021)
 Language:     /home/lost/local/share/games/openttd/lang/english.lng
 Music driver: extmidi
 Music set:    OpenMSX (96)
 Network:      no
 Sound driver: sdl
 Sound set:    NoSound (2)
 Video driver: sdl

AI Configuration (local: 0):
  0: Human

Libraries:
 FontConfig: 2.10.2
 FreeType:   2.4.11
 LZMA:       5.1.0alpha
 LZO:        2.06
 PNG:        1.2.49
 SDL:        1.2.15
 Zlib:       1.2.7

---- gamelog start ----
Tick 62675: game loaded
     Conversion from OTTD savegame without gamelog: version 4, 1
     Revision text changed to r25523, savegame version 184, not modified, _openttd_newgrf_version = 0x140063b3
     New game mode: 0 landscape: 1
     Added NewGRF: GRF ID FBFB0A01, checksum F72870562FBD9CC015A0CCDC60588F86, filename: useless_tracks-0.1.0/uselesstracks.grf (md5sum matches)
     Added NewGRF: GRF ID FBFB9905, checksum F747797A14AAA646402DC4E16DE5E82C, filename: longer_girder__steel_bridge.1/longergirdersteelbridge.grf (md5sum matches)
     Added NewGRF: GRF ID 4F472B33, checksum D5B21A6C2FE39F15E385785DEF1E6A50, filename: opengfx_industries-0.3.4/ogfx-industries.grf (md5sum matches)
     Added NewGRF: GRF ID 4F472B32, checksum 3FD44FD23CAC8D29AA314BF6A304B684, filename: opengfx_road_vehicles-0.4.0/ogfx-rv.grf (md5sum matches)
     Added NewGRF: GRF ID 4F472B31, checksum 4E0B2D42462F295F36AFBA90D239A323, filename: opengfx_trains-0.3.0/ogfx-trains.grf (md5sum matches)
     Added NewGRF: GRF ID 4D470305, checksum 2E96B9AB2BEA686BFF94961AD433A701, filename: basecosts-5.0/basecosts.grf (md5sum matches)
---- gamelog end ----

*** End of OpenTTD Crash Report ***
