[openttd-trunk-r26228-linux-generic-amd64]$ ./openttd -b 32bpp-ssse3
Crash encountered, generating crash log...
*** OpenTTD Crash Report ***

Crash at: Wed Jan  8 07:15:13 2014
In game date: 2051-05-09 (27)

Crash reason:
 Signal:  Segmentation fault (11)
 Message: <none>

OpenTTD version:
 Version:    r26228 (0)
 NewGRF ver: 14006674
 Bits:       64
 Endian:     little
 Dedicated:  no
 Build date: Jan  5 2014 19:03:55

Stacktrace:
 [00] ./openttd(_ZNK12CrashLogUnix13LogStacktraceEPcPKc+0x39) [0x764989]
 [01] ./openttd(_ZNK8CrashLog12FillCrashLogEPcPKc+0xf0) [0x5e53c0]
 [02] ./openttd(_ZNK8CrashLog12MakeCrashLogEv+0x63) [0x5e54a3]
 [03] ./openttd() [0x7648dd]
 [04] /lib64/libc.so.6(+0x32770) [0x7fe42e276770]
 [05] ./openttd(_ZN18Blitter_32bppSSSE34DrawEPN7Blitter13BlitterParamsE11BlitterMode9ZoomLevel+0xdd6) [0x5ab5c6]
 [06] ./openttd() [0x6453b2]
 [07] ./openttd(_Z18DrawSpriteViewportjjiiPK9SubSprite+0x61) [0x645601]
 [08] ./openttd(_Z14ViewportDoDrawPK8ViewPortiiii+0x688) [0x8eaa88]
 [09] ./openttd(_ZNK6Window12DrawViewportEv+0x7a) [0x8eb78a]
 [10] ./openttd(_ZN15NWidgetViewport4DrawEPK6Window+0x80) [0x8fcb10]
 [11] ./openttd(_ZN19NWidgetPIPContainer4DrawEPK6Window+0x24) [0x8f7f14]
 [12] ./openttd(_ZNK6Window11DrawWidgetsEv+0x1e) [0x8f9ffe]
 [13] ./openttd(_ZN10MainWindow7OnPaintEv+0xc) [0x6a07ac]
 [14] ./openttd(_Z26DrawOverlappedWindowForAlliiii+0xb2) [0x9027b2]
 [15] ./openttd(_Z16RedrawScreenRectiiii+0x60) [0x6439f0]
 [16] ./openttd(_Z15DrawDirtyBlocksv+0x177) [0x643c07]
 [17] ./openttd(_Z13UpdateWindowsv+0xf9) [0x904aa9]
 [18] ./openttd(_ZN15VideoDriver_SDL8MainLoopEv+0x1ba) [0x8e512a]
 [19] ./openttd(_Z12openttd_mainiPPc+0x1164) [0x751214]
 [20] /lib64/libc.so.6(__libc_start_main+0xfd) [0x7fe42e262c5d]
 [21] ./openttd() [0x51bce9]

Operating system:
 Name:     Linux
 Release:  3.0.90-std-def-alt0.M60P.1
 Version:  #1 SMP Mon Aug 12 10:03:12 UTC 2013
 Machine:  x86_64
 Compiler: GCC 4.4.5 "4.4.5"

Configuration:
 Blitter:      32bpp-ssse3
 Graphics set: zBase (251)
 Language:     /home/vanya/Documents/Программы/OpenTTD/patches/openttd-trunk-r26228-linux-generic-amd64/lang/english.lng
 Music driver: extmidi
 Music set:    NoMusic (0)
 Network:      no
 Sound driver: sdl
 Sound set:    NoSound (2)
 Video driver: sdl

Fonts:
 Small:  Arial
 Medium: Arial
 Large:  Arial
 Mono:   sprite

AI Configuration (local: 0):
  0: Human

Libraries:
 FontConfig: 2.8.0
 FreeType:   2.4.2
 ICU:        4.4.1
 LZMA:       5.0.3
 LZO:        2.03
 PNG:        1.2.44
 SDL:        1.2.14
 Zlib:       1.2.5

---- gamelog start ----
Tick 62675: game loaded
     Conversion from OTTD savegame without gamelog: version 4, 1
     Revision text changed to r26228, savegame version 188, not modified, _openttd_newgrf_version = 0x14006674
     New game mode: 0 landscape: 1
---- gamelog end ----

*** End of OpenTTD Crash Report ***

Crash log generated.

Writing crash log to disk...
Crash log written to /home/vanya/.openttd/crash.log. Please add this file to any bug reports.

Writing crash savegame...
Crash savegame written to /home/vanya/.openttd/crash.sav. Please add this file and the last (auto)save to any bug reports.

Writing crash screenshot...
Crash screenshot written to /home/vanya/.openttd/crash.png. Please add this file to any bug reports.

Аварийный останов
[openttd-trunk-r26228-linux-generic-amd64]$ cat /proc/cpuinfo
processor       : 0
vendor_id       : GenuineIntel
cpu family      : 6
model           : 15
model name      : Intel(R) Core(TM)2 Duo CPU     T5270  @ 1.40GHz
stepping        : 13
...
flags           : fpu vme de pse tsc msr pae mce cx8 apic sep mtrr pge mca cmov pat pse36 clflush dts acpi mmx fxsr sse sse2 ss ht tm pbe syscall nx lm constant_tsc arch_perfmon pebs bts rep_good nopl aperfmperf pni dtes64 monitor ds_cpl est tm2 ssse3 cx16 xtpr pdcm lahf_lm ida dtherm
...
processor       : 1
vendor_id       : GenuineIntel
cpu family      : 6
model           : 15
model name      : Intel(R) Core(TM)2 Duo CPU     T5270  @ 1.40GHz
stepping        : 13
...
flags           : fpu vme de pse tsc msr pae mce cx8 apic sep mtrr pge mca cmov pat pse36 clflush dts acpi mmx fxsr sse sse2 ss ht tm pbe syscall nx lm constant_tsc arch_perfmon pebs bts rep_good nopl aperfmperf pni dtes64 monitor ds_cpl est tm2 ssse3 cx16 xtpr pdcm lahf_lm ida dtherm
[openttd-trunk-r26228-linux-generic-amd64]$