*** OpenTTD Crash Report ***

Crash at: Wed Nov 03 15:50:12 2010
In game date: 1994-08-18 (2)

Crash reason:
 Exception: E1212012
 Location:  75C99617
 Message:   Assertion failed at line 26 of c:\openttd\compile\src\saveload\../object_map.h: IsTileType(t, MP_OBJECT)

OpenTTD version:
 Version:    r20920 (0)
 NewGRF ver: 110051b8
 Bits:       32
 Endian:     little
 Dedicated:  no
 Build date: Oct 13 2010 18:16:36

Registers:
 EAX: 0012F4F0 EBX: 00000016 ECX: 00000000 EDX: 77A764F4
 ESI: 0072AEEC EDI: 00000000 EBP: 0012F540 ESP: 0012F4F0
 EIP: 75C99617 EFLAGS: 00200246

 Bytes at instruction pointer:
 C9 C2 10 00 89 45 C0 EB ED 90 90 90 90 90 8B FF 55 8B EC 83 EC 1C 6A 00

Stack trace:
 E1212012 00000000 00000000 75C99617 00000000 779C62E3 5C640BF0 FFFFFFFE
 7797888D 00220000 00001000 00312C70 77A754BC 77A932EB FFFFFFFF 00000024
 0012F53C 00000004 00000000 00000016 0012F5A0 00566536 E1212012 00000000
 00000000 00000000 005F10C6 00000016 2BE3509D 0012F8E8 00000200 006C3A60
 77A8F0D7 FFFFFFFF 00000000 0012F588 00566526 00000001 0012F560 0012F0F4
 0012FBBC 005F5C30 2B8185F5 FFFFFFFE 0012F8D8 005F0500 00000016 00000200
 00280F60 00A1B270 00000082 00000000 00223200 00000000 002230F0 779952B9
 001C0B36 00312C78 002D8200 00000001 0000002C 00000000 01000000 00000000
 00000160 01010356 0012F530 00000000 0012FBBC 77A4D75D 0B259D67 FFFFFFFE
 77A831DF 77A82DD8 00000000 00312C78 00000000 00010003 0012F824 00312C70
 0012F6C8 779BE16D 00220000 00000000 00312C78 00000001 0012F824 00000001
 00000000 00000000 00000556 000002D8 00000000 00789D68 00000010 0000001C
 0000000F 001C0B36 00000006 00000399 00000000 0000022A 00000000 00000150
 00000000 50022080 00860BC4 00000000 00000000 00000035 00007F01 00312C78
 00000001 0000002D 00000000 00000020 000001BD 00312CDC 0012F818 779BE6B9
 00000010 0012F8E8 00000200 779BE6F1 00000001 0012F62C 01C90000 0012F7D4
 00860784 0B259D07 FFFFFFFE 77A8350F 00000000 00000000 779BE70C 00000000
 00000001 00078000 01B10118 0000000F 01C90000 057B5FE0 0012F75C 057AEA80
 01C90000 00000000 00003BF8 000007FF 05660000 05736A58 01C90000 01C90000
 057D1FE8 000000E1 05721A40 01C90000 05723A48 057D1FE8 057D1FE0 01C90000
 00000000 00000320 0012F864 000000E1 01C90000 05721A40 0012F864 77A834E0
 77A8350F 7C9F6C2B 01C90000 01C9322C 01C90000 01C92E10 00000015 00000001
 01C92E10 00000001 01C92EA4 00000000 00000320 01B12000 01C92E10 00000381
 05794A80 05784930 00000401 77A8827B 000000E1 0000007F 0012F8E8 00789D68

Operating system:
 Name:     Windows
 Release:  6.1.7600 ()
 Compiler: MSVC 1500

Configuration:
 Blitter:      8bpp-optimized
 Graphics set: OpenGFX (542)
 Language:     english.lng
 Music driver: dmusic
 Music set:    NoMusic (0)
 Network:      no
 Sound driver: win32
 Sound set:    OpenSFX (87)
 Video driver: win32

AI Configuration (local: 0):
  0: Human
  1: AdmiralAI (v25)
  2: AIAI (v15)
  3: CluelessPlus (v22)
  4: Denver & Rio Grande (v1)
  6: NoCAB (v495)
  7: NoCAB (v495)
  9: PAXLink (v14)
 10: Denver & Rio Grande (v1)

Libraries:
 FreeType:   2.4.3
 ICU:        4.4.1
 LZO:        2.03
 PNG:        1.4.4
 Zlib:       1.2.5

Module information:
 C:\Program Files\OpenTTD\Trunk\openttd.exe handle: 00400000 size: 3352064 crc: 033550C1 date: 2010-10-13 16:19:56
 C:\windows\SYSTEM32\ntdll.dll handle: 77A30000 size: 1286456 crc: F8E255B8 date: 2010-03-24 06:37:04
 C:\windows\system32\kernel32.dll handle: 76410000 size: 857088 crc: 1DC306D9 date: 2009-12-08 11:33:31
 C:\windows\system32\KERNELBASE.dll handle: 75C90000 size: 288256 crc: 37432389 date: 2009-07-14 01:15:35
 C:\windows\system32\WINMM.dll handle: 74CB0000 size: 194048 crc: 2FBEB05C date: 2009-07-14 01:16:19
 C:\windows\system32\msvcrt.dll handle: 761F0000 size: 690688 crc: 554C94A4 date: 2009-07-14 01:15:50
 C:\windows\system32\USER32.dll handle: 77960000 size: 811520 crc: F5A646DD date: 2009-07-14 01:16:17
 C:\windows\system32\GDI32.dll handle: 76360000 size: 304640 crc: 252D0177 date: 2009-07-14 01:15:22
 C:\windows\system32\LPK.dll handle: 77C00000 size: 26624 crc: 13E68B63 date: 2009-07-14 01:15:36
 C:\windows\system32\USP10.dll handle: 762A0000 size: 627200 crc: 3887C4C8 date: 2009-07-14 01:16:17
 C:\windows\system32\WS2_32.dll handle: 77BC0000 size: 206336 crc: 4C23BF22 date: 2009-07-14 01:16:20
 C:\windows\system32\RPCRT4.dll handle: 77620000 size: 652288 crc: 14458268 date: 2009-07-14 01:16:13
 C:\windows\system32\NSI.dll handle: 76350000 size: 8704 crc: 2ACE9671 date: 2009-07-14 01:16:11
 C:\windows\system32\ADVAPI32.dll handle: 76710000 size: 640000 crc: 24248FE4 date: 2009-07-14 01:14:53
 C:\windows\SYSTEM32\sechost.dll handle: 77940000 size: 92160 crc: B624B29A date: 2009-07-14 01:16:13
 C:\windows\system32\SHELL32.dll handle: 76950000 size: 12867584 crc: E1911954 date: 2010-07-27 14:03:24
 C:\windows\system32\SHLWAPI.dll handle: 763B0000 size: 350208 crc: 8D9B2C39 date: 2009-07-14 01:16:14
 C:\windows\system32\IMM32.DLL handle: 77BA0000 size: 118272 crc: F2F44531 date: 2009-07-14 01:15:32
 C:\windows\system32\MSCTF.dll handle: 75FE0000 size: 828928 crc: DFE09EEB date: 2009-07-14 01:15:43
 C:\Windows\system32\guard32.dll handle: 10000000 size: 285480 crc: 491C465E date: 2010-09-29 08:28:48
 C:\windows\system32\VERSION.dll handle: 75B70000 size: 21504 crc: 88D9D0F1 date: 2009-07-14 01:16:17
 C:\windows\system32\fltlib.dll handle: 75B60000 size: 14848 crc: 84888438 date: 2009-07-14 01:15:21
 C:\windows\system32\SHFolder.dll handle: 720D0000 size: 7168 crc: 683AAC32 date: 2009-07-14 01:16:14
 C:\windows\system32\ole32.dll handle: 75E80000 size: 1413632 crc: 082ED659 date: 2010-06-29 05:02:02
 C:\windows\system32\MMDevAPI.DLL handle: 74170000 size: 213504 crc: 352DF99F date: 2009-07-14 01:15:41
 C:\windows\system32\PROPSYS.dll handle: 74500000 size: 988160 crc: 0700E8D7 date: 2009-07-14 01:16:12
 C:\windows\system32\OLEAUT32.dll handle: 76680000 size: 571904 crc: 9BF754BE date: 2010-04-07 07:10:36
 C:\windows\system32\wdmaud.drv handle: 73A30000 size: 172032 crc: 03BEEBE2 date: 2009-07-14 01:14:08
 C:\windows\system32\ksuser.dll handle: 73A20000 size: 4608 crc: EBE07232 date: 2009-07-14 01:15:35
 C:\windows\system32\AVRT.dll handle: 73C30000 size: 14336 crc: 9818237B date: 2009-07-14 01:14:58
 C:\windows\system32\SETUPAPI.dll handle: 767B0000 size: 1668608 crc: F909EF01 date: 2009-07-14 01:16:14
 C:\windows\system32\CFGMGR32.dll handle: 75E20000 size: 145920 crc: 6377C630 date: 2009-07-14 01:15:02
 C:\windows\system32\DEVOBJ.dll handle: 75CE0000 size: 64512 crc: 2B501D62 date: 2009-07-14 01:15:11
 C:\windows\system32\AUDIOSES.DLL handle: 73900000 size: 195584 crc: BC939745 date: 2009-07-14 01:14:57
 C:\windows\system32\msacm32.drv handle: 738F0000 size: 20992 crc: 73923147 date: 2009-07-14 01:14:08
 C:\windows\system32\MSACM32.dll handle: 738D0000 size: 72192 crc: ABA25814 date: 2009-07-14 01:15:42
 C:\windows\system32\midimap.dll handle: 738C0000 size: 16896 crc: C000494C date: 2009-07-14 01:15:40
 C:\windows\system32\CRYPTBASE.dll handle: 75AE0000 size: 36864 crc: 00308E17 date: 2009-07-14 01:15:07
 C:\windows\system32\CLBCatQ.DLL handle: 765F0000 size: 522240 crc: 6C130B8A date: 2009-07-14 01:15:03
 C:\windows\system32\uxtheme.dll handle: 744B0000 size: 249856 crc: 1CD7BB78 date: 2009-07-14 01:16:17
 C:\windows\system32\dwmapi.dll handle: 74150000 size: 67072 crc: FC7CA4B8 date: 2009-07-14 01:15:13
 C:\windows\System32\dmime.dll handle: 6D520000 size: 179712 crc: 179D7CFB date: 2009-07-14 01:15:12
 C:\windows\System32\DSOUND.dll handle: 6D810000 size: 453632 crc: EC24F2F8 date: 2009-07-14 01:15:13
 C:\windows\System32\POWRPROF.dll handle: 73C40000 size: 145408 crc: 9957ABF4 date: 2009-07-14 01:16:12
 C:\windows\System32\dmusic.dll handle: 6F660000 size: 101376 crc: F5D0AA6B date: 2009-07-14 01:15:12
 C:\windows\system32\WINTRUST.dll handle: 75E50000 size: 172032 crc: EA2D5BBA date: 2009-12-29 06:55:34
 C:\windows\system32\CRYPT32.dll handle: 75D00000 size: 1151488 crc: CC34327C date: 2009-07-14 01:15:07
 C:\windows\system32\MSASN1.dll handle: 75BF0000 size: 34816 crc: 4F65C9C8 date: 2009-08-29 06:57:31
 C:\windows\System32\dmsynth.dll handle: 6FC40000 size: 105472 crc: 3B102040 date: 2009-07-14 01:15:12
 C:\windows\System32\dmloader.dll handle: 73AD0000 size: 38400 crc: 8A3F45D2 date: 2009-07-14 01:15:12
 C:\windows\system32\mswsock.dll handle: 755D0000 size: 232448 crc: 32400D27 date: 2009-07-14 01:15:51
 C:\windows\System32\wshtcpip.dll handle: 750B0000 size: 9216 crc: BA963A19 date: 2009-07-14 01:16:20
 C:\windows\system32\psapi.dll handle: 77930000 size: 6144 crc: 25B988F9 date: 2009-07-14 01:16:12

---- gamelog start ----
Tick 0: new game started
     Revision text changed to r20920, savegame version 151, not modified, _openttd_newgrf_version = 0x110051b8
     New game mode: 1 landscape: 0
     Added NewGRF: GRF ID 52453C00, checksum C5B4EC240B33E2DB8D1EA64C97898B5E, filename: stolen_trees-1\stolentreesw_162.grf
     Added NewGRF: GRF ID EC0D9110, checksum D1510A1006B03BCDAAFE562D5D05BACF, filename: raise_landscaping_costs.2\raise_landscaping_costs.grf
     Added NewGRF: GRF ID 4A430002, checksum 0728ADCB4DF2F1EB9247ABD449296F4E, filename: industrial_stations_renewal.0.8.0\indstatrw.grf
     Added NewGRF: GRF ID 45480101, checksum 0A1DDD8187B31E77537ACACF5AE1479E, filename: experts_hard___industries.0.4\eh_industries.grf
     Added NewGRF: GRF ID 44440A01, checksum EFEE1435093730D3DA55BDF69653CADC, filename: av8_aviators_aircraft_set.1.501\pb_av8w.grf
     Added NewGRF: GRF ID 48530101, checksum EC17E22A38C037D156BD22A96F4A8523, filename: reduced_passenger_payment.1.0\reducedpassengerpayment.grf
     Added NewGRF: GRF ID 11223301, checksum 474A7FF52E675DED3154101B58B3E3C7, filename: 2cc_chimaera_addon.2\chim.grf
     Added NewGRF: GRF ID 4D4E0103, checksum 0727CAF0B249F0D3BD08E6140657FC27, filename: modified_bridge_properties.0.3\bridgeprop.grf
     Added NewGRF: GRF ID 414E0101, checksum 342908F59A1D69F2F5D9A3A24918BC62, filename: fish_ship_set-0.5\fish.grf
     Added NewGRF: GRF ID 52571201, checksum C1C7D8C53EB7E74EEE2F0EF29638B466, filename: egrvts.1.0\egrvts.grf
     Added NewGRF: GRF ID 444A5401, checksum 23FCF402D619640862B9587F9261DB6B, filename: nutracks-r112\nutracks.grf
     Added NewGRF: GRF ID 27711003, checksum 1DD625FFF9805756C848E19BDDA162C3, filename: 2cc_trainset-2.0.0beta4.1\2cctrainset.grf
     Added NewGRF: GRF ID F1250005, checksum 116616B25546B4F031726DF6D30E21F4, filename: firs.grf
Tick 20938: GRF config changed
     Removed NewGRF: 45480101, filename: experts_hard___industries.0.4\eh_industries.grf
     Removed NewGRF: 11223301, filename: 2cc_chimaera_addon.2\chim.grf
     Added NewGRF: GRF ID 4D470303, checksum 704768DF24617FFFC24C607399559D35, filename: basecosts.grf
     GRF order changed: 52571201 moved 2 places down, filename: egrvts.1.0\egrvts.grf
     GRF order changed: 444A5401 moved 3 places down, filename: nutracks-r112\nutracks.grf
     Added NewGRF: GRF ID 52571201, checksum C1C7D8C53EB7E74EEE2F0EF29638B466, filename: egrvts.1.0\egrvts.grf
     Added NewGRF: GRF ID 444A5401, checksum 23FCF402D619640862B9587F9261DB6B, filename: nutracks-r112\nutracks.grf
Tick 50882: GRF config changed
     GRF parameter changed: 4D470303, filename: basecosts.grf
---- gamelog end ----

*** End of OpenTTD Crash Report ***

Decoded stack trace:
[00] ???                  0x75C99617 Tæ + 84
[01] ???                  0x00566536
[02] ???                  0x005F0500
[03] ???                  0x0042C4DB
[04] ???                  0x004E3380
[05] ???                  0x0042D5FF
[06] ???                  0x0042D898
[07] ???                  0x0042E3C0

*** End of additional info ***
