*** OpenTTD Crash Report ***

Crash at: Sat Oct 23 21:23:28 2010
In game date: 2315-03-10 (67)

Crash reason:
 Signal:  Floating point exception (8)
 Message: <none>

OpenTTD version:
 Version:    r20978 (0)
 NewGRF ver: 110051f2
 Bits:       32
 Endian:     little
 Dedicated:  no
 Build date: Oct 17 2010 18:11:58

Stacktrace:
 [00] ./openttd(_ZNK12CrashLogUnix13LogStacktraceEPcPKc+0x43) [0x82bf743]
 [01] ./openttd(_ZNK8CrashLog12FillCrashLogEPcPKc+0x102) [0x81c2062]
 [02] ./openttd(_ZNK8CrashLog12MakeCrashLogEv+0x9c) [0x81c218c]
 [03] ./openttd() [0x82bf676]
 [04] [0xec3400]
 [05] ./openttd(_Z17HandleMouseEventsv+0xf91) [0x83eb291]
 [06] ./openttd(_Z9InputLoopv+0x2fb) [0x83ebe6b]
 [07] ./openttd(_Z8GameLoopv+0xa3) [0x82b2993]
 [08] ./openttd(_ZN15VideoDriver_SDL8MainLoopEv+0x1d4) [0x83cde84]
 [09] ./openttd(_Z8ttd_mainiPPc+0xea4) [0x82b2544]
 [10] ./openttd(main+0x57) [0x82bf9c7]
 [11] /lib/tls/i686/cmov/libc.so.6(__libc_start_main+0xe6) [0x1ccbd6]
 [12] ./openttd(__gxx_personality_v0+0x381) [0x80f4b91]

Operating system:
 Name:     Linux
 Release:  2.6.32-25-generic
 Version:  #44-Ubuntu SMP Fri Sep 17 20:26:08 UTC 2010
 Machine:  i686
 Compiler: GCC 4.3.2 "4.3.2"

Configuration:
 Blitter:      8bpp-optimized
 Graphics set: OpenGFX (542)
 Language:     english_US.lng
 Music driver: extmidi
 Music set:    OpenMSX (96)
 Network:      client
 Sound driver: sdl
 Sound set:    OpenSFX (87)
 Video driver: sdl

AI Configuration (local: 255):
  0: Human

Libraries:
 FontConfig: 2.8.0
 FreeType:   2.3.11
 ICU:        3.8.1
 LZO:        2.03
 PNG:        1.2.27
 SDL:        1.2.14
 Zlib:       1.2.3.3

---- gamelog start ----
Tick 0: new game started
     Revision text changed to 1.0.4, savegame version 151, not modified, _openttd_newgrf_version = 0x11000068
     New game mode: 1 landscape: 3
     Added NewGRF: GRF ID 52571201, checksum C1C7D8C53EB7E74EEE2F0EF29638B466, filename: egrvts.1.0/egrvts.grf (md5sum matches)
Tick 707: game loaded
     Revision text changed to r20978, savegame version 151, modified, _openttd_newgrf_version = 0x110051f2
Tick 707: game loaded
     Revision text changed to r20978, savegame version 151, not modified, _openttd_newgrf_version = 0x110051f2
Tick 23725: settings changed
     Setting changed: vehicle.never_expire_vehicles : 0 -> 1
Tick 23898: game loaded
     Revision text changed to r20978, savegame version 151, modified, _openttd_newgrf_version = 0x110051f2
Tick 3573: game loaded
     Revision text changed to r20978, savegame version 151, not modified, _openttd_newgrf_version = 0x110051f2
---- gamelog end ----

*** End of OpenTTD Crash Report ***
