*** OpenTTD Crash Report ***
Date: 2010-03-20 09:56:51
Build: 0.7.5 (2) built on Jan 31 2010 15:08:04
Reason: Disconnecting road vehicle.
Language: french.lng
Exception C0000005 at 0043F0F3
Registers:
 EAX: 00000001 EBX: 01B47001 ECX: 00008033 EDX: 00060000
 ESI: 0012F930 EDI: 00000009 EBP: 0012FB34 ESP: 0012F91C
 EIP: 0043F0F3 EFLAGS: 00010202

Bytes at CS:EIP:
 C6 05 00 00 00 00 00 5B C2 04 00 55 8B EC 81 EC 14 04 00 00 56 57 8B 7D

Stack trace: 
 01B47028 0042897B 00000001 00010037 005076EA 63736944 656E6E6F 6E697463
 6F722067 76206461 63696865 002E656C 01A315F8 026E0028 026E0070 00BD0178
 00BD0178 00CDC000 00000000 00000101 02400000 00000000 00BD0050 026E0000
 07000004 00CDC008 00000410 00000408 00004008 00007FE0 0012FA04 0012FA58
 00000064 00010000 000000FF 00000001 00BD0000 026E0000 00BD0000 00BD0000
 00000000 00000000 01010000 00000124 0012F928 0012F92C 0012FA14 7C91E920
 7C920060 FFFFFFFF 7C92005D 005889C6 00BD0000 00000000 005889E5 BE58839D
 0012FA58 0012FA1C 0050B99F 00000000 0012FA4B 01A782D4 01A7AE10 0012FAA8
 0050BC1E 0012FAA8 01A782D4 0012FA4C 0050BB5E 0012FAA8 01A78344 00CB2F48
 00000002 0000001C 01A6E008 01A78344 0012FA60 0050BC15 0012FAA8 0012FAA8
 01A78344 0012FA84 0050BB5E 0012FAA8 0012FAA8 00001CAA 00000001 0000001C
 00CD40E0 01000000 0012FA9C 0050BC15 0012FAA8 00000002 0012FAA8 00508727
 0012FAF8 00508730 01B46ED4 00000000 00000000 00000000 0012FB10 00000B5E
 00000B5E 0012FB10 0043C0C7 FFFFF01F 00000B6D 00000974 00437E76 00000952
 00000B5E 00000975 00000B6D 01B46F6C 01B46ED4 00001CAA 01C14F98 00000956
 00000B5E 00000952 00000B5E 00000970 00000B6C 0012FB8C 004722C5 00000001
 00000000 01B46E18 0048D055 00010037 01B47028 00010036 0012FB8C 0048E41B
 00637048 01B46ED4 00000100 01B47028 00507585 005075A5 005076CE 005085A6
 00000102 0012FBA8 0048C55A 000000B2 0045C99C 00D3AA2C 00000008 00000002
 0048D782 00000366 00010037 00000005 0012FBA8 0048EE85 000000FF 0000000F
 01B46ED4 00000000 00000044 0012FC18 00436D28 420D2209 420D2219 00000000
 00430969 00000044 00000DC0 00003838 00003850 00000008 0003F58B 00000000
 00001FB8 000018B8 0012FC0C 004A4636 0003F5FB 00000000 00000003 00000001
 0003F5FB 0012FC0C 00000000 0003F55B 0012FC40 0000000F 420D2209 0012FC40

Module information:
 C:\Program Files\OTTD\075\openttd.exe handle: 00400000 size: 2629120 crc: 0859A677 date: 2010-02-02 20:26:42
 C:\WINDOWS\system32\ntdll.dll handle: 7C910000 size: 739840 crc: C0C23ACC date: 2009-02-09 10:53:55
 C:\WINDOWS\system32\kernel32.dll handle: 7C800000 size: 1054720 crc: 1BDA556E date: 2009-03-21 14:07:58
 C:\WINDOWS\system32\WINMM.dll handle: 76AE0000 size: 180736 crc: 3086C5C7 date: 2008-04-14 02:33:48
 C:\WINDOWS\system32\ADVAPI32.dll handle: 77DA0000 size: 685568 crc: CC544FBF date: 2009-02-09 10:53:55
 C:\WINDOWS\system32\RPCRT4.dll handle: 77E50000 size: 585216 crc: 4B5B0E7C date: 2009-04-15 14:53:29
 C:\WINDOWS\system32\Secur32.dll handle: 77FC0000 size: 56832 crc: 80BD1434 date: 2009-06-25 08:26:32
 C:\WINDOWS\system32\GDI32.dll handle: 77EF0000 size: 286720 crc: C8F25A13 date: 2008-10-23 12:36:51
 C:\WINDOWS\system32\USER32.dll handle: 7E390000 size: 579584 crc: 6877A193 date: 2008-04-14 02:33:48
 C:\WINDOWS\system32\WS2_32.dll handle: 719F0000 size: 82432 crc: 05371B19 date: 2008-04-14 02:33:49
 C:\WINDOWS\system32\msvcrt.dll handle: 77BE0000 size: 343040 crc: 2C173E38 date: 2008-04-14 02:33:33
 C:\WINDOWS\system32\WS2HELP.dll handle: 719E0000 size: 19968 crc: 913FE327 date: 2008-04-14 02:33:49
 C:\WINDOWS\system32\SHELL32.dll handle: 7C9D0000 size: 8517632 crc: 8F311D6A date: 2008-06-17 19:02:15
 C:\WINDOWS\system32\SHLWAPI.dll handle: 77F40000 size: 474624 crc: 76CDEF9E date: 2009-12-08 09:24:28
 C:\WINDOWS\WinSxS\x86_Microsoft.Windows.Common-Controls_6595b64144ccf1df_6.0.2600.5512_x-ww_35d4ce83\comctl32.dll handle: 77390000 size: 1054208 crc: B69132A6 date: 2008-04-14 02:30:54
 C:\WINDOWS\system32\comctl32.dll handle: 58B50000 size: 617472 crc: E3E4D549 date: 2008-04-14 02:33:21
 C:\WINDOWS\system32\SHFolder.dll handle: 76720000 size: 25088 crc: E3F69657 date: 2008-04-14 02:33:41
 C:\WINDOWS\system32\WINTRUST.dll handle: 76BE0000 size: 176640 crc: D3A1D304 date: 2008-04-14 02:33:48
 C:\WINDOWS\system32\CRYPT32.dll handle: 779E0000 size: 606208 crc: 5358E850 date: 2008-04-14 02:33:21
 C:\WINDOWS\system32\MSASN1.dll handle: 77A80000 size: 58880 crc: 5C0289E7 date: 2009-09-04 21:04:39
 C:\WINDOWS\system32\IMAGEHLP.dll handle: 76C40000 size: 144384 crc: B79C410C date: 2008-04-14 02:33:26
 C:\WINDOWS\system32\wdmaud.drv handle: 72C70000 size: 23552 crc: 37C3D64B date: 2008-04-14 02:34:34
 C:\WINDOWS\system32\msacm32.drv handle: 72C60000 size: 20992 crc: 34944160 date: 2003-04-24 12:00:00
 C:\WINDOWS\system32\MSACM32.dll handle: 77BB0000 size: 72192 crc: C2923BE1 date: 2008-04-14 02:33:30
 C:\WINDOWS\system32\midimap.dll handle: 77BA0000 size: 18944 crc: 0395B0D6 date: 2008-04-14 02:33:29
 C:\WINDOWS\system32\ole32.dll handle: 774A0000 size: 1287168 crc: D69678E8 date: 2008-04-14 02:33:38
 C:\WINDOWS\system32\uxtheme.dll handle: 5B090000 size: 219648 crc: 5135A37E date: 2008-04-14 02:33:48
 C:\WINDOWS\system32\CLBCATQ.DLL handle: 76F80000 size: 498688 crc: F623E1C4 date: 2008-04-14 02:33:21
 C:\WINDOWS\system32\COMRes.dll handle: 77000000 size: 851968 crc: 49A7A790 date: 2008-04-14 02:33:21
 C:\WINDOWS\system32\OLEAUT32.dll handle: 770E0000 size: 551936 crc: 3776E8B0 date: 2008-04-14 02:33:38
 C:\WINDOWS\system32\VERSION.dll handle: 77BD0000 size: 18944 crc: 31D02D04 date: 2008-04-14 02:33:48
 C:\WINDOWS\system32\dmime.dll handle: 5C8A0000 size: 181248 crc: 6ECBB9D7 date: 2008-04-14 02:33:22
 C:\WINDOWS\system32\DSOUND.dll handle: 73E60000 size: 367616 crc: B245D2ED date: 2008-04-14 02:33:23
 C:\WINDOWS\system32\dmusic.dll handle: 6CE40000 size: 104448 crc: 2CF734A4 date: 2008-04-14 02:33:22
 C:\WINDOWS\system32\KsUser.dll handle: 73E30000 size: 4096 crc: 7CF5A2DD date: 2008-04-14 02:33:28
 C:\WINDOWS\system32\dmsynth.dll handle: 6CE60000 size: 103424 crc: 9C6A49C2 date: 2008-04-14 02:33:22
 C:\WINDOWS\system32\dmloader.dll handle: 6CED0000 size: 35840 crc: 083C1655 date: 2008-04-14 02:33:22
 C:\WINDOWS\system32\mswsock.dll handle: 71990000 size: 247808 crc: D077BDB1 date: 2008-06-20 17:47:22
 C:\WINDOWS\system32\hnetcfg.dll handle: 62E40000 size: 347136 crc: 1E38DDE0 date: 2008-04-14 02:33:26
 C:\WINDOWS\System32\wshtcpip.dll handle: 719D0000 size: 19456 crc: F12C4BEC date: 2008-04-14 02:33:50
 C:\WINDOWS\system32\DNSAPI.dll handle: 76ED0000 size: 147968 crc: E98CB169 date: 2008-06-20 17:47:22
 C:\WINDOWS\System32\winrnr.dll handle: 76F60000 size: 16896 crc: FDFCB2D4 date: 2008-04-14 02:33:48
 C:\WINDOWS\system32\WLDAP32.dll handle: 76F10000 size: 172544 crc: CB205D99 date: 2008-04-14 02:33:48
 C:\WINDOWS\system32\rasadhlp.dll handle: 76F70000 size: 7680 crc: 6F7E3F22 date: 2008-04-14 02:33:39
 C:\WINDOWS\system32\psapi.dll handle: 76BA0000 size: 23040 crc: 881F2E30 date: 2008-04-14 02:33:38

System information:
 Windows version 5.1 2600 Service Pack 3

---- gamelog start ----
Tick 0: new game started
     Revision text changed to 0.7.5, savegame version 116, modified, _openttd_newgrf_version = 0x075848bb
     New game mode: 1 landscape: 2
     Added NewGRF: GRF ID 52570103, checksum EDB2D26F9D81423734CA12412F309CF3, filename: generictrams_v0.4.grf
---- gamelog end ----
