*** OpenTTD Crash Report ***

Crash at: Wed Jan 20 17:13:39 2010
In game date: 2001-09-06 (39)

Crash reason:
 Exception: E1212012
 Location:  7C812AFB
 Message:   Assertion failed at line 1113 of ..\src\economy.cpp: v->time_counter != 0

OpenTTD version:
 Version:    1.0.0-beta2 (0)
 NewGRF ver: 1000492f
 Bits:       32
 Endian:     little
 Dedicated:  no
 Build date: Jan  5 2010 21:16:15

Registers:
 EAX: 0012F450 EBX: 00000016 ECX: 00000000 EDX: 0076F8E0
 ESI: 00000000 EDI: 00000000 EBP: 0012F4A0 ESP: 0012F44C
 EIP: 7C812AFB EFLAGS: 00000246

 Bytes at instruction pointer:
 5E C9 C2 10 00 85 FF 0F 8E 36 93 FF FF 8B 55 FC 89 55 0C 0F B7 16 8B 7D

Stack trace:
 0076F800 E1212012 00000000 00000000 7C812AFB 00000000 00F395E8 00000000
 00D10000 03F395E8 7C90D39A 0414D410 0012F498 7C90D80A 7C913416 FFFFFFFF
 00000024 0012F49C 00000004 00000000 5A86E3FA 0012F500 00549222 E1212012
 00000000 00000000 00000000 00617247 00000016 234ED31C 02D72510 00000200
 03F806E8 7C913416 FFFFFFFF 00000000 0012F4E8 00549212 00000001 0012F4C0
 0012F068 0012FFB0 0061BFB0 232F81B4 FFFFFFFE 0012F838 006165CB 00000016
 00000200 0000000B 00000000 0012F534 00617C2A 0012F56C 0075B960 00D12E40
 0061E561 00000000 FFFFFFEC 0012F7C8 0061F06D 00000000 02D72510 0012F848
 0061F0F9 00000085 0012F4B0 00000000 00000007 7C90E920 7C910060 00000000
 0075B960 00D12E40 00D11E90 00000001 0012F7EC 00000000 00000000 00000000
 006CA495 00000000 00000000 00000000 0012F5D8 00000049 0012FA60 00000014
 006FED4C FFFFFFFF 0014D008 00000000 03F806E8 00541201 0012F69C 0012F608
 005359D5 05220028 00000008 0012F6E4 00636E18 FFFFFFFF 0012F6F0 00534B57
 0012F608 0012F798 00000005 01534633 00021C7A 00000010 0012F794 00000000
 7E42934B 00000010 0012F794 00000000 00000000 0012F610 00000000 0012FFB0
 7E44048F 7E429350 00009A9E 0012F788 7E43A2BC 0012F794 02D72510 00000200
 7E43A2D6 00000001 00441E48 FFFF8A99 0043146E 00890850 0049B5C8 03030020
 0049B5EC 00000000 00000000 7E4120EC 00000000 00000001 0043146E 03030020
 0049B5C8 03030020 0049B5EC 00021C7A 0042BB38 00021C7A 0049FFF0 00000100
 0012F6C0 00000000 0043146E 03030020 0049B5C8 03030020 0043146E 0012F6FC
 00D10000 7C910222 00000003 00D10718 00D10000 02CDF098 0012F6D4 0012F790
 0012F918 7C90E920 7C910228 FFFFFFFF 7C910222 7C91019B 7C9101DB 00D10000
 03F67C38 00000000 00050006 00000200 00000000 7E42B326 00050001 7FFDF000
 00000001 0012F724 0012F7B4 0012F804 7E44048F 7E42B330 FFFFFFFF 7E42B326

Operating system:
 Name:    Windows
 Release: 5.1.2600 (Service Pack 3)
 MSVC:    Yes

Configuration:
 Blitter:      8bpp-optimized
 Graphics set: original_windows
 Language:     english.lng
 Music driver: dmusic
 Music set:    NoMusic
 Sound driver: win32
 Sound set:    original_windows
 Video driver: win32

AI Configuration:
  0: Human
  1: AdmiralAI (v22)
  2: Convoy (v11)

Libraries:
 FreeType:   2.3.11
 ICU:        4.2.1
 PNG:        1.2.40

Module information:
 C:\Games\OpenTTD\openttd.exe handle: 00400000 size: 3637760 crc: 7216D70B date: 2010-01-05 21:20:38
 C:\WINDOWS\system32\ntdll.dll handle: 7C900000 size: 714752 crc: 56E74C35 date: 2009-02-09 12:10:48
 C:\WINDOWS\system32\kernel32.dll handle: 7C800000 size: 989696 crc: 8A0508E5 date: 2009-03-21 14:06:58
 C:\WINDOWS\system32\WINMM.dll handle: 76B40000 size: 176128 crc: 9676D976 date: 2008-04-14 00:12:09
 C:\WINDOWS\system32\ADVAPI32.dll handle: 77DD0000 size: 617472 crc: C9027432 date: 2009-02-09 12:10:48
 C:\WINDOWS\system32\RPCRT4.dll handle: 77E70000 size: 585216 crc: E2046CB3 date: 2009-04-15 14:51:25
 C:\WINDOWS\system32\Secur32.dll handle: 77FE0000 size: 56832 crc: 3D0002B7 date: 2009-06-25 08:25:26
 C:\WINDOWS\system32\GDI32.dll handle: 77F10000 size: 286720 crc: B5F6B116 date: 2008-10-23 12:36:14
 C:\WINDOWS\system32\USER32.dll handle: 7E410000 size: 578560 crc: F7C72264 date: 2008-04-14 00:12:08
 C:\WINDOWS\system32\WS2_32.dll handle: 71AB0000 size: 82432 crc: 7C519ECA date: 2008-04-14 00:12:10
 C:\WINDOWS\system32\msvcrt.dll handle: 77C10000 size: 343040 crc: 0B7B1677 date: 2008-04-14 00:12:01
 C:\WINDOWS\system32\WS2HELP.dll handle: 71AA0000 size: 19968 crc: 3F24E096 date: 2008-04-14 00:12:10
 C:\WINDOWS\system32\SHELL32.dll handle: 7C9C0000 size: 8461312 crc: 2221EFBA date: 2008-06-17 19:02:19
 C:\WINDOWS\system32\SHLWAPI.dll handle: 77F60000 size: 474112 crc: 3230A338 date: 2008-04-14 00:12:05
 C:\WINDOWS\system32\IMM32.DLL handle: 76390000 size: 110080 crc: C1486DA0 date: 2008-04-14 00:11:54
 C:\WINDOWS\WinSxS\x86_Microsoft.Windows.Common-Controls_6595b64144ccf1df_6.0.2600.5512_x-ww_35d4ce83\comctl32.dll handle: 773D0000 size: 1054208 crc: 06939D35 date: 2008-04-14 00:12:51
 C:\WINDOWS\system32\comctl32.dll handle: 5D090000 size: 617472 crc: 519837A9 date: 2008-04-14 00:11:51
 C:\WINDOWS\system32\SHFolder.dll handle: 76780000 size: 25088 crc: 8009EA65 date: 2008-04-14 00:12:05
 C:\WINDOWS\system32\WINTRUST.dll handle: 76C30000 size: 176640 crc: 98E1211C date: 2008-04-14 00:12:09
 C:\WINDOWS\system32\CRYPT32.dll handle: 77A80000 size: 599040 crc: F04E4319 date: 2008-04-14 00:11:51
 C:\WINDOWS\system32\MSASN1.dll handle: 77B20000 size: 58880 crc: 63D6A79F date: 2009-09-04 21:03:36
 C:\WINDOWS\system32\IMAGEHLP.dll handle: 76C90000 size: 144384 crc: F7A06429 date: 2008-04-14 00:11:54
 C:\WINDOWS\system32\wdmaud.drv handle: 72D20000 size: 23552 crc: EEB914CA date: 2008-04-14 00:12:45
 C:\WINDOWS\system32\msacm32.drv handle: 72D10000 size: 20480 crc: D5406BAE date: 2001-08-23 12:00:00
 C:\WINDOWS\system32\MSACM32.dll handle: 77BE0000 size: 71680 crc: EDE4B266 date: 2008-04-14 00:11:58
 C:\WINDOWS\system32\midimap.dll handle: 77BD0000 size: 18944 crc: 2E6D5FD1 date: 2008-04-14 00:11:57
 C:\Program Files\McAfee\SiteAdvisor\saHook.dll handle: 10000000 size: 13840 crc: 4804A538 date: 2009-01-23 09:46:18
 C:\WINDOWS\system32\MSCTF.dll handle: 74720000 size: 297984 crc: 392BE0B0 date: 2008-04-14 00:11:58
 C:\Program Files\Real\RealPlayer\rpchromebrowserrecordhelper.dll handle: 60000000 size: 8704 crc: A48F4D62 date: 2009-03-26 19:32:26
 C:\WINDOWS\system32\MSVCR71.dll handle: 7C340000 size: 348160 crc: 35563170 date: 2003-02-21 12:42:21
 C:\Program Files\The Claw\Awareness.dll handle: 00DA0000 size: 49152 crc: 64FD3C6D date: 2003-03-07 14:15:00
 C:\Games\Xfire\xfire_toucan_40700.dll handle: 01520000 size: 938384 crc: 038D9956 date: 2009-12-22 23:59:40
 C:\WINDOWS\system32\WSOCK32.dll handle: 71AD0000 size: 22528 crc: ABED57E0 date: 2008-04-14 00:12:10
 C:\WINDOWS\system32\ole32.dll handle: 774E0000 size: 1287168 crc: 3908D33A date: 2008-04-14 00:12:02
 C:\WINDOWS\system32\OLEAUT32.dll handle: 77120000 size: 551936 crc: 1EE83658 date: 2008-04-14 00:12:02
 C:\WINDOWS\system32\MSIMG32.dll handle: 76380000 size: 4608 crc: 8FFFA7F2 date: 2008-04-14 00:11:59
 C:\Program Files\ScanSoft\OmniPageSE2.0\ophookSE2.dll handle: 01470000 size: 159744 crc: 565B6ADD date: 2003-05-08 11:00:46
 C:\WINDOWS\system32\VERSION.dll handle: 77C00000 size: 18944 crc: 558B1DAF date: 2008-04-14 00:12:08
 C:\WINDOWS\system32\msctfime.ime handle: 755C0000 size: 177152 crc: 6D3663FE date: 2008-04-14 00:10:06
 C:\WINDOWS\system32\CLBCATQ.DLL handle: 76FD0000 size: 498688 crc: F43789FF date: 2008-04-14 00:11:50
 C:\WINDOWS\system32\COMRes.dll handle: 77050000 size: 792064 crc: 868482D5 date: 2008-04-14 00:11:51
 C:\WINDOWS\system32\dmime.dll handle: 5C570000 size: 181248 crc: A021AC64 date: 2008-04-14 00:11:52
 C:\WINDOWS\system32\DSOUND.dll handle: 73F10000 size: 367616 crc: 33C2A52C date: 2008-04-14 00:11:52
 C:\WINDOWS\system32\dmusic.dll handle: 6C980000 size: 104448 crc: E9A2B682 date: 2008-04-14 00:11:52
 C:\WINDOWS\system32\KsUser.dll handle: 73EE0000 size: 4096 crc: BD8E6BD9 date: 2008-04-14 00:11:56
 C:\WINDOWS\system32\dmsynth.dll handle: 6C9A0000 size: 103424 crc: 3E2BFB05 date: 2008-04-14 00:11:52
 C:\WINDOWS\system32\dmloader.dll handle: 6CA10000 size: 35840 crc: 9271DC2B date: 2008-04-14 00:11:52
 C:\WINDOWS\system32\xfire_lsp_10650.dll handle: 021E0000 size: 65536 crc: 53341376 date: 2004-12-08 03:21:10
 C:\WINDOWS\system32\mswsock.dll handle: 71A50000 size: 245248 crc: FBBA0828 date: 2008-06-20 17:46:57
 C:\WINDOWS\system32\hnetcfg.dll handle: 662B0000 size: 344064 crc: 96358152 date: 2008-04-14 00:11:54
 C:\WINDOWS\System32\wshtcpip.dll handle: 71A90000 size: 19456 crc: F5533E87 date: 2008-04-14 00:12:10
 C:\WINDOWS\system32\mslbui.dll handle: 605D0000 size: 25088 crc: D9D805D6 date: 2008-04-14 00:12:00
 C:\WINDOWS\system32\psapi.dll handle: 76BF0000 size: 23040 crc: 75BBDCAD date: 2008-04-14 00:12:03

---- gamelog start ----
Tick 0: new game started
     Revision text changed to 0.7.3, savegame version 116, not modified, _openttd_newgrf_version = 0x0738450e
     New game mode: 1 landscape: 0
     Added NewGRF: GRF ID 4D470501, checksum 921D08A4B3430BDCC14715B6A1288350, filename: ottdc_grfpack\0_info.grf
     Added NewGRF: GRF ID 44442302, checksum AFF1124BD0B36FC6B875AF4226BF96AF, filename: ottdc_grfpack\1_other\BlackCC\purpletoblackw.grf
     Added NewGRF: GRF ID 4D666F01, checksum 1C3723AAE56C6648B61BC211EA344835, filename: ottdc_grfpack\2_landscape\stolentrees\testw.grf
     Added NewGRF: GRF ID 83320111, checksum F02D1EE81E33E8D0F3E1BA505AA29E78, filename: ottdc_grfpack\4_infrastructure\b\newcanti\newcantiw.grf
     Added NewGRF: GRF ID 46420801, checksum 2D654630F22AA4C78A58710024C514B3, filename: ottdc_grfpack\4_infrastructure\b\newtramtracks\NewTramTracksW_v0.4.1.grf
     Added NewGRF: GRF ID 44440201, checksum DBEE7FED4B51E27E53FB7A14E283BE38, filename: ottdc_grfpack\4_infrastructure\b\pb_viaduct\pb_viaduct.grf
     Added NewGRF: GRF ID 424B5461, checksum D8B7E0175E66D485634CFEA8CAE2ACC6, filename: ottdc_grfpack\z_legacy6\4_infrastructure\bktun\BKTunw.grf
     Added NewGRF: GRF ID 56430001, checksum AF3E0A1E6EF0B98DB966594578D1775B, filename: ottdc_grfpack\6_town_buildings\ttrs3\ttrs3w.GRF
     Added NewGRF: GRF ID 52455400, checksum 1600687C50C5AB1E72EDD487CAD50E2A, filename: ottdc_grfpack\7_stations\ae_city\ae_cityw.GRF
     Added NewGRF: GRF ID 52455200, checksum 0E5A9C5ACD2BCAF7FA0658C3F905A660, filename: ottdc_grfpack\7_stations\ae_rura\ae_ruraw.GRF
     Added NewGRF: GRF ID 52455300, checksum 37C0B839B13C4B18051580C81EEDF427, filename: ottdc_grfpack\7_stations\ae_subu\ae_subuw.GRF
     Added NewGRF: GRF ID 45520102, checksum 1406B06F6475037445A944963CA6D5CE, filename: ottdc_grfpack\7_stations\basic_platforms\basic_platformsw.grf
     Added NewGRF: GRF ID 45520400, checksum 1D00426064137AA49B6FC4F4BCFF173F, filename: ottdc_grfpack\7_stations\brickfreight\brickfreightw.GRF
     Added NewGRF: GRF ID 504E0002, checksum 6E6944E09CE6C3AC130DF72C542EE4B1, filename: ottdc_grfpack\7_stations\buffers\buffers.grf
     Added NewGRF: GRF ID 43415463, checksum 422B1603DC1CEDA4E59E715E12EAD332, filename: ottdc_grfpack\z_legacy6\7_stations\canstn\canstnw.grf
     Added NewGRF: GRF ID 58534453, checksum 2E100BCA91DB8371CD9D57DBEC3AB0C8, filename: ottdc_grfpack\7_stations\dutchstat\dutchstatw.grf
     Added NewGRF: GRF ID 4A430002, checksum 0728ADCB4DF2F1EB9247ABD449296F4E, filename: ottdc_grfpack\z_legacy6\7_stations\indstatr\indstatrw.grf
     Added NewGRF: GRF ID 45530400, checksum 0CB1191FF67BA594F64B2934CFAEDF58, filename: ottdc_grfpack\7_stations\jpstats\jpstatsw.grf
     Added NewGRF: GRF ID 45520500, checksum 7E30CA79D5A8B3A6CBE873E26096D7D2, filename: ottdc_grfpack\7_stations\modernsuburban\modernsuburbanw.GRF
     Added NewGRF: GRF ID 6D620601, checksum 44EB2F155862E4D4F0AB671D7021AF54, filename: ottdc_grfpack\7_stations\newstats\newstatsw.grf
     Added NewGRF: GRF ID 504E0001, checksum E7781323D2B0086E2E76342DAA036054, filename: ottdc_grfpack\7_stations\ukwaypoints\ukwaypointsw.grf
     Added NewGRF: GRF ID 54570200, checksum 3DEB9B30A6254AE8606A5A9A99A9A696, filename: ottdc_grfpack\7_stations\usstats\usstatsw.grf
     Added NewGRF: GRF ID 44440A01, checksum A7EA6FB6732157AEE44627A64EBCDAE6, filename: ottdc_grfpack\8_vehicles\planes\pb_av8\pb_av8w.grf
     Added NewGRF: GRF ID 4D656F17, checksum 29C4591139251FA114B328F7B76098AD, filename: ottdc_grfpack\8_vehicles\road_vehicles\4LV\4LVw.grf
     Added NewGRF: GRF ID 52571201, checksum C1C7D8C53EB7E74EEE2F0EF29638B466, filename: ottdc_grfpack\8_vehicles\road_vehicles\egrvts\egrvts.grf
     Added NewGRF: GRF ID 6D620004, checksum 70649F1AFC954942173B0AA89C1E8B14, filename: newshipsw.grf
     Added NewGRF: GRF ID 6D620401, checksum C5ACB6D5536A464FD78871D91840A35F, filename: ottdc_grfpack\8_vehicles\trains_wagons\dbsetxl\dbsetxlw.grf
     Added NewGRF: GRF ID 52570103, checksum EDB2D26F9D81423734CA12412F309CF3, filename: ottdc_grfpack\8_vehicles\trams\generictrams\generictrams_v0.32.grf
Tick 13702: settings changed
     Setting changed: vehicle.wagon_speed_limits : 1 -> 0
Tick 25813: game loaded
     Revision text changed to 1.0.0-beta1, savegame version 132, not modified, _openttd_newgrf_version = 0x100048bf
Tick 35308: game loaded
     Revision text changed to 1.0.0-beta2, savegame version 135, not modified, _openttd_newgrf_version = 0x1000492f
---- gamelog end ----

*** End of OpenTTD Crash Report ***
