*** OpenTTD Crash Report ***

Crash at: Mon Jan 02 23:19:25 2012
In game date: 2205-03-20 (56)

Crash reason:
 Exception: E1212012
 Location:  000007FEFE45CACD
 Message:   Disconnecting road vehicle.

OpenTTD version:
 Version:    1.2.0-beta1 (0)
 NewGRF ver: 12005c73
 Bits:       64
 Endian:     little
 Dedicated:  no
 Build date: Dec 24 2011 09:15:13

Registers:
 RAX: 000000006EA6B1AA RBX: 0000000000000016 RCX: 000000000025E300 RDX: 0000000000000000
 RSI: 0000000000000000 RDI: 0000000000000008 RBP: 000000000025ED19 RSP: 000000000025E910
 R8:  0000000000000000 R9:  0000000000000000 R10: 0000000000000000 R11: 0000000000000286
 R12: 000000013FFDF318 R13: 000000013F8CAD70 R14: 0000000000000001 R15: 0000005D00000000
 RIP: 000007FEFE45CACD EFLAGS: 00000206

 Bytes at instruction pointer:
 48 81 C4 C8 00 00 00 C3 90 90 90 90 90 90 90 90 90 90 90 48 89 5C 24 18

Stack trace:
 00000016 00000000 00000000 00000000 00000008 00000000 0000001C 00000000
 E1212012 00000000 00000000 00000000 FE45CACD 000007FE 00000000 00000000
 4006E2F0 00000001 7774146B 00000000 00000038 00000000 00220346 00000000
 00000010 00000000 3FF581F8 00000001 00000050 00000000 00220346 00000000
 00000000 00000000 77CC3BFA 00000000 3FF581F8 00000001 00000010 00000000
 00000000 00000000 00000000 00000000 00000000 00000000 00000000 00000000
 00000001 00000000 3F9C4FF5 00000001 00000016 00000000 F48B03FB 00000000
 00000001 00000000 77CB9C7A 00000000 00000000 00000000 00000000 0000005D
 000000FF 00000000 02281050 00000000 00000007 00000000 00000000 00000000
 0004A5C4 00000000 3F9C43B4 00000001 00000001 00000000 4006E2F0 00000001
 08460610 00000000 FFFFFFFF 00000000 0004A5C4 00000000 3F6775C3 00000001
 00000083 00000000 0025ED19 00000000 08460610 00000000 00000000 00000000
 63736944 656E6E6F 6E697463 6F722067 76206461 63696865 002E656C 00000000
 08EE5A70 00000000 00000001 00000000 0025EB50 00000000 00000005 00000000
 00000040 00000000 3F8837EB 00000001 00000040 00000000 0025EBE0 00000000
 0025EBE0 00000000 3F8837EB 00000001 00000001 00000000 00000001 00000000
 08DBE340 00000000 00000000 00000000 00000020 00000000 00000000 00000000
 0025EBE0 00000000 08BCAD10 00000000 00000000 00000000 3F8837EB 00000001
 00000001 00000000 08BCAD10 00000000 0025EBE0 00000000 00000020 00000000
 00000001 00000000 00000948 00000000 00000001 00000000 00000007 00000000
 00000000 00000000 00000006 00000000 02281050 00000000 0025EC09 00000000
 00000006 00000000 3F87A5CB 00000001 00000001 00000000 02281050 00000000
 0000001A 00000000 00000020 00000000 00000000 00000000 00000000 00000000
 00000000 00000000 00000000 00000000 00019638 00000000 3F6A7392 00000001

Operating system:
 Name:     Windows
 Release:  6.1.7601 (Service Pack 1)
 Compiler: MSVC 1600

Configuration:
 Blitter:      8bpp-optimized
 Graphics set: OpenGFX (875)
 Language:     G:\Program Files\OpenTTD\lang\french.lng
 Music driver: win32
 Music set:    NoMusic (0)
 Network:      no
 Sound driver: win32
 Sound set:    NoSound (2)
 Video driver: win32

AI Configuration (local: 0):
  0: Human

Libraries:
 FreeType:   2.4.5
 ICU:        4.4.2
 LZMA:       5.0.3
 LZO:        2.05
 PNG:        1.5.4
 Zlib:       1.2.5

Module information:
 G:\Program Files\OpenTTD\openttd.exe handle: 000000013F630000 size: 10424832 crc: 535CEE0A date: 2011-12-24 09:19:46
 C:\Windows\SYSTEM32\ntdll.dll handle: 0000000077C90000 size: 1731936 crc: 7AB8D690 date: 2010-11-20 13:28:37
 C:\Windows\system32\kernel32.dll handle: 00000000775B0000 size: 1162752 crc: 4F9F79FE date: 2011-07-16 05:37:12
 C:\Windows\system32\KERNELBASE.dll handle: 000007FEFE450000 size: 421888 crc: D7A16149 date: 2011-07-16 05:37:12
 C:\Windows\system32\WINMM.dll handle: 000007FEFC1D0000 size: 217600 crc: 7BC1529F date: 2009-07-14 01:41:56
 C:\Windows\system32\msvcrt.dll handle: 000007FEFFC20000 size: 634880 crc: 7F3E716F date: 2009-07-14 01:41:32
 C:\Windows\system32\USER32.dll handle: 00000000776D0000 size: 1008128 crc: 70FF7D7F date: 2010-11-20 13:27:27
 C:\Windows\system32\GDI32.dll handle: 000007FEFFEA0000 size: 403968 crc: 3D5BC405 date: 2010-11-20 13:26:25
 C:\Windows\system32\LPK.dll handle: 000007FEFE510000 size: 41984 crc: 350AF03B date: 2009-07-14 01:41:19
 C:\Windows\system32\USP10.dll handle: 000007FEFED00000 size: 800256 crc: B511F4B9 date: 2010-11-20 13:27:27
 C:\Windows\system32\WS2_32.dll handle: 000007FEFE4C0000 size: 297984 crc: 0F68689B date: 2010-11-20 13:27:29
 C:\Windows\system32\RPCRT4.dll handle: 000007FEFE620000 size: 1219584 crc: 5217F07C date: 2010-11-20 13:27:24
 C:\Windows\system32\NSI.dll handle: 000007FEFEC50000 size: 13824 crc: 53B46F6C date: 2009-07-14 01:41:53
 C:\Windows\system32\ADVAPI32.dll handle: 000007FEFE520000 size: 877056 crc: FA615A20 date: 2009-07-14 01:40:01
 C:\Windows\SYSTEM32\sechost.dll handle: 000007FEFE600000 size: 113664 crc: 978CFAE5 date: 2009-07-14 01:41:53
 C:\Windows\system32\SHELL32.dll handle: 000007FEFEE70000 size: 14173184 crc: 976AAFA5 date: 2011-08-30 05:25:09
 C:\Windows\system32\SHLWAPI.dll handle: 000007FEFE8E0000 size: 448512 crc: 086DF743 date: 2010-11-20 13:27:25
 C:\Windows\system32\IMM32.DLL handle: 000007FEFFF10000 size: 167424 crc: 41B2805A date: 2009-07-14 01:41:09
 C:\Windows\system32\MSCTF.dll handle: 000007FEFE7D0000 size: 1067008 crc: 798DDDA0 date: 2009-07-14 01:41:28
 C:\Windows\system32\SHFolder.dll handle: 000007FEFC030000 size: 10240 crc: 08A48DE3 date: 2009-07-14 01:41:54
 C:\Windows\system32\ole32.dll handle: 000007FEFE960000 size: 2086912 crc: 72F91CD0 date: 2010-11-20 13:27:23
 G:\Program Files\Logitech\SetPoint\lgscroll.dll handle: 0000000010100000 size: 56848 crc: EE6FDA68 date: 2009-07-20 10:37:10
 C:\Windows\WinSxS\amd64_microsoft.vc80.crt_1fc8b3b9a1e18e3b_8.0.50727.6195_none_88e41e092fab0294\MSVCR80.dll handle: 0000000073130000 size: 802640 crc: 5D9AD12D date: 2011-07-03 01:00:18
 C:\Windows\system32\ntmarta.dll handle: 000007FEFC500000 size: 162304 crc: 5344798C date: 2009-07-14 01:41:53
 C:\Windows\system32\WLDAP32.dll handle: 000007FEFFF40000 size: 312832 crc: 38AE3CF8 date: 2010-11-20 13:27:28
 C:\Windows\system32\CRYPTBASE.dll handle: 000007FEFE020000 size: 44032 crc: F547C16E date: 2009-07-14 01:40:24
 C:\Windows\system32\mswsock.dll handle: 000007FEFD960000 size: 326144 crc: 136B1525 date: 2010-11-20 13:27:10
 C:\Windows\System32\wshtcpip.dll handle: 000007FEFD300000 size: 13312 crc: 5D1E2C55 date: 2009-07-14 01:41:58
 C:\Windows\system32\MMDevAPI.DLL handle: 000007FEFCC70000 size: 284160 crc: CDF2EF81 date: 2009-07-14 01:41:26
 C:\Windows\system32\PROPSYS.dll handle: 000007FEFC8B0000 size: 1212416 crc: B83FA3BE date: 2010-11-20 13:27:23
 C:\Windows\system32\OLEAUT32.dll handle: 000007FEFEB70000 size: 861696 crc: 1F331414 date: 2011-08-27 05:37:49
 C:\Windows\system32\wdmaud.drv handle: 000007FEFC190000 size: 217088 crc: 12829973 date: 2010-11-20 13:24:21
 C:\Windows\system32\ksuser.dll handle: 00000000752F0000 size: 5120 crc: AA2071D9 date: 2009-07-14 01:41:13
 C:\Windows\system32\AVRT.dll handle: 000007FEFCC00000 size: 18432 crc: 5CE53CB7 date: 2009-07-14 01:40:05
 C:\Windows\system32\SETUPAPI.dll handle: 000007FEFFCC0000 size: 1900544 crc: A364BD6A date: 2010-11-20 13:27:25
 C:\Windows\system32\CFGMGR32.dll handle: 000007FEFE200000 size: 207872 crc: 1984C339 date: 2010-11-20 13:25:50
 C:\Windows\system32\DEVOBJ.dll handle: 000007FEFE1A0000 size: 93184 crc: A7541AE2 date: 2009-07-14 01:40:28
 C:\Windows\system32\AUDIOSES.DLL handle: 000007FEFC130000 size: 296448 crc: 90389554 date: 2010-11-20 13:25:42
 C:\Windows\system32\msacm32.drv handle: 000007FEFC120000 size: 25600 crc: 2B579A05 date: 2009-07-14 01:38:50
 C:\Windows\system32\MSACM32.dll handle: 000007FEFC100000 size: 83456 crc: 3D67538B date: 2009-07-14 01:41:27
 C:\Windows\system32\midimap.dll handle: 000007FEFC0F0000 size: 20480 crc: CB902A13 date: 2009-07-14 01:41:23
 C:\Windows\system32\CLBCatQ.DLL handle: 000007FEFEDD0000 size: 607744 crc: 939E35C9 date: 2009-07-14 01:40:15
 C:\Windows\system32\psapi.dll handle: 0000000077E50000 size: 9216 crc: 84B5E9BA date: 2009-07-14 01:41:53

---- gamelog start ----
Tick 0: new game started
     Revision text changed to 1.2.0-beta1, savegame version 168, not modified, _openttd_newgrf_version = 0x12005c73
     New game mode: 1 landscape: 2
     Added NewGRF: GRF ID 44440A01, checksum 231A4670430113EB9C5F2F46167D2220, filename: av8_aviators_aircraft_set-2.0\pb_av8w.grf (md5sum matches)
     Added NewGRF: GRF ID 4D42000A, checksum 8B479FA8CE4164AA01EBBFD28E6E4D7C, filename: bats_v0.1-0.3\batsv0.3w.grf (md5sum matches)
     Added NewGRF: GRF ID 274D2348, checksum 379FF11FB0D4F20DF9D5273A9461B87D, filename: db_double_deck_coaches-v0.3\dbddw.grf (md5sum matches)
     Added NewGRF: GRF ID 4D470702, checksum FACC5CE9185FE252C38C4F3834BE8D73, filename: french_town_names-r5\frenchtowns.grf (md5sum matches)
     Added NewGRF: GRF ID 44440A11, checksum D701E3219A08351B1705A7860644A9A2, filename: general_av8ion-1.0\genav8.grf (md5sum matches)
     Added NewGRF: GRF ID 78560007, checksum 4FF96B8C2A55CA3DE21F8049F9DF046F, filename: ikarus_set-5.3\ikarus2w.grf (md5sum matches)
     Added NewGRF: GRF ID 5245F0F0, checksum 02538A8208D8816284B0079764783534, filename: newtree-2010.08.29\newtree.grf (md5sum matches)
     Added NewGRF: GRF ID 4E415256, checksum ABC1F6EB17576182AEC8863E751DF6D5, filename: north_american_road_vehicle_set-0.1.2\narvs.grf (md5sum matches)
     Added NewGRF: GRF ID 52577801, checksum 7C993ADFA13D4CC7CDC785AB32530EB4, filename: opengfx_biggui-1\opengfx+biggui.grf (md5sum matches)
     Added NewGRF: GRF ID 54560301, checksum ED22416EE087725E4B5A9AF8F0357F29, filename: trolleybus_set-0.2\trolley.grf (md5sum matches)
     Added NewGRF: GRF ID 4642FB21, checksum 117F6F1F07C18A9C15ADC6127AFBAE97, filename: modern_tram_set-3.1\motraset_r3.1.grf (md5sum matches)
     Added NewGRF: GRF ID 56430001, checksum 0CB8AD0B5E08C40893EDD63DBF49A192, filename: total_town_replacement_set-3.13\ttrs3w.grf (md5sum matches)
     Added NewGRF: GRF ID 444E0400, checksum 735D3D74D5DCADBF1FD6EF7A9C5A3519, filename: vast_station_tiles-0.2.0\vast.grf (md5sum matches)
     Added NewGRF: GRF ID 444E0C00, checksum B5D2AB5FC93A09E1FAB5F0DB82307ECF, filename: vast_fences-0.2.0\vastfences.grf (md5sum matches)
     Added NewGRF: GRF ID 425F0101, checksum 5E6DC9FD3D9364AC6ABE21E6B4D8CE3E, filename: very_large_ships.0.1\vl_shipw.grf (md5sum matches)
     Added NewGRF: GRF ID 52571201, checksum C1C7D8C53EB7E74EEE2F0EF29638B466, filename: egrvts.1.0\egrvts.grf (md5sum matches)
     Added NewGRF: GRF ID 4A430002, checksum 0728ADCB4DF2F1EB9247ABD449296F4E, filename: industrial_stations_renewal.0.8.0\indstatrw.grf (md5sum matches)
     Added NewGRF: GRF ID 74677462, checksum A2396FFDCC0F1BA37A2A89EF525CDF21, filename: total_bridge_renewal_set.1.12\total_bridges.grf (md5sum matches)
     Added NewGRF: GRF ID 4A44FAB1, checksum 1EC99A40D2E18175B7D1EBFAC72080F8, filename: newcc_set-0.1\newcc.grf (md5sum matches)
     Added NewGRF: GRF ID 4D656F17, checksum 8A4F8A04256C90BECF818D134C91C816, filename: long_vehicles-v404oct2008\4lvw.grf (md5sum matches)
     Added NewGRF: GRF ID 4D656F20, checksum C4945D827A04898A9A4246079B38E2CD, filename: long_vehicles_v4._cut_version-13jan2008\4lvcutw.grf (md5sum matches)
     Added NewGRF: GRF ID 4D470109, checksum D7A0FE08A2F590216B08941FD2C1D8F9, filename: new_trains-0.3\newtrain.grf (md5sum matches)
     Added NewGRF: GRF ID 19060801, checksum 6CFC6328D999C140851BFE6514BA277A, filename: bigger_depots.0.3\bigdepot.grf (md5sum matches)
     Added NewGRF: GRF ID 4F472B31, checksum 283C7E8D8017B8C6C9B3DA9CDAF45A8C, filename: opengfx_trains-0.2.5\ogfx-trains.grf (md5sum matches)
     Added NewGRF: GRF ID 05102002, checksum A8B77B8D1F20D43B6FA521B4C3A8FC50, filename: monolev_replacement_set_v0.3.6-0.3.7\mrsv037.grf (md5sum matches)
     Added NewGRF: GRF ID 44501401, checksum 5F46A5DE67D0168B638A878FB2D49AEB, filename: japanese_maglevs.0.1\jpmaglevw.grf (md5sum matches)
     Added NewGRF: GRF ID 43485053, checksum 80EB009DC3E2CCD5C2C71DDB9A1CFBC3, filename: chips_station_set-0.6.0\chips.grf (md5sum matches)
     Added NewGRF: GRF ID 44440302, checksum 439275017478C2E5E7AA25F5E191903D, filename: north_american_renewal_set.2_03\nars2w.grf (md5sum matches)
     Added NewGRF: GRF ID 444A5901, checksum 23CEC795D97265752C21EA8F02564A61, filename: vacuum_tube_train-0.22\vactrain.grf (md5sum matches)
Tick 56873: settings changed
     Setting changed: economy.allow_town_level_crossings : 1 -> 0
Tick 491: cheat was used
     New game mode: 1 landscape: 1
Tick 1384: cheat was used
     New game mode: 1 landscape: 2
Tick 1465: cheat was used
     New game mode: 1 landscape: 3
Tick 1500: cheat was used
     New game mode: 1 landscape: 0
Tick 2193: cheat was used
     New game mode: 1 landscape: 1
Tick 2371: cheat was used
     New game mode: 1 landscape: 2
Tick 9761: cheat was used
     New game mode: 1 landscape: 1
Tick 9853: cheat was used
     New game mode: 1 landscape: 0
Tick 12301: cheat was used
     New game mode: 1 landscape: 1
Tick 12372: cheat was used
     New game mode: 1 landscape: 2
Tick 12765: cheat was used
     New game mode: 1 landscape: 3
Tick 20733: cheat was used
     New game mode: 1 landscape: 0
---- gamelog end ----

*** End of OpenTTD Crash Report ***

Decoded stack trace:
[00] KERNELBASE           0x000007FEFE45CACD RaiseException + 61
[01] openttd              0x000000013F9C4FF5
[02] openttd              0x000000013F9C43B4
[03] openttd              0x000000013F6775C3
[04] openttd              0x000000013F775EB4
[05] openttd              0x000000013F777109
[06] openttd              0x000000013F69E96E
[07] openttd              0x000000013F67B182
[08] openttd              0x000000013F67B50B
[09] openttd              0x000000013F8C9631
[10] openttd              0x000000013F67959F
[11] openttd              0x000000013F8CBB56
[12] openttd              0x000000013F9C6CFC
[13] kernel32             0x00000000775C652D BaseThreadInitThunk + 13
[14] ntdll                0x0000000077CBC521 RtlUserThreadStart + 33

*** End of additional info ***
