*** OpenTTD Crash Report ***

Crash at: Mon Jul 19 23:02:48 2010
In game date: 3000-01-01 (0)

Crash reason:
 Exception: E1212012
 Location:  7C812AFB
 Message:   NOT_REACHED triggered at line 329 of ..\src\newgrf_commons.cpp

OpenTTD version:
 Version:    r20146 (0)
 NewGRF ver: 11004eb2
 Bits:       32
 Endian:     little
 Dedicated:  no
 Build date: Jul 14 2010 18:16:37

Registers:
 EAX: 0232E898 EBX: 00000016 ECX: 00000000 EDX: 0071CAB0
 ESI: 00000000 EDI: 00000000 EBP: 0232E8E8 ESP: 0232E894
 EIP: 7C812AFB EFLAGS: 00000246

 Bytes at instruction pointer:
 5E C9 C2 10 00 85 FF 0F 8E 36 93 FF FF 8B 55 FC 89 55 0C 0F B7 16 8B 7D

Stack trace:
 0071C9CC E1212012 00000000 00000000 7C812AFB 00000000 00000000 00000000
 00000000 00000000 00000000 00000000 00000000 7C90D80A 7C913416 FFFFFFFF
 00000024 0232E8E4 00000004 00000000 0E2D8ECB 0232E948 0055D519 E1212012
 00000000 00000000 00000000 005E7706 00000016 18275CD0 0232EC90 00000200
 00000000 7C913416 FFFFFFFF 00000000 0232E930 0055D509 00000001 0232E908
 0232E4B0 0232FD54 005EC270 1A7A2490 FFFFFFFE 0232EC80 005E6B40 00000016
 00000200 005E80E9 0232E9A8 00706188 00E82C78 005EE8C8 00000000 FFFFFFE7
 0232EC04 005EF3D4 00000000 0232EC90 0232EC90 005EF460 00000000 00000000
 00000000 00000007 00000000 00000000 00000000 00706188 00E82C78 033BC710
 00000001 0232EC28 00000000 00000000 00000000 006860FE 00000000 00000000
 00000000 00000000 0000003E 0232EEA8 00000019 006E4B74 FFFFFFFF 00000000
 00000000 00000000 00000000 00000000 00000000 00000000 00000000 00000000
 00000000 00000000 00000000 00000000 00000000 00000000 00000000 00000000
 00000000 00000000 00000000 00000000 00000000 00000000 00000000 00000000
 00000000 00000000 00000000 00000000 00000000 00000000 00000000 00000000
 00000000 00000000 00009D1C 0232EBD0 7E43A2BC 0232EBDC 0232EC90 00000200
 7E43A2D6 00000001 00000000 00000000 00000000 00850850 00000000 00000000
 00000000 00000000 00000000 7E4120EC 00000000 00000001 00000000 00000000
 00000000 00000000 00000000 00000000 00000000 00000000 00000000 00000000
 00000000 00000000 00000000 00000000 00000000 7E41A044 7E4712A0 0232EC90
 00000200 00000001 00000000 00000000 00000000 00000000 00000000 00000000
 00000000 00000000 00000000 00000000 00000000 00000000 00000000 00000000
 00000000 00000000 00000000 00000000 00000000 00000000 00000000 00000000
 00000000 00000000 00000000 00000000 00000000 00000000 00000000 00000000

Operating system:
 Name:     Windows
 Release:  5.1.2600 (Service Pack 3)
 Compiler: MSVC 1500

Configuration:
 Blitter:      8bpp-optimized
 Graphics set: OpenGFX (446)
 Language:     english_US.lng
 Music driver: win32
 Music set:    NoMusic (0)
 Network:      no
 Sound driver: win32
 Sound set:    NoSound (2)
 Video driver: win32

AI Configuration (local: 255):

Libraries:
 FreeType:   2.3.12
 ICU:        4.4.1
 LZO:        2.03
 PNG:        1.4.3
 Zlib:       1.2.5

Module information:
 E:\openttd-coop\openttd.exe handle: 00400000 size: 3289600 crc: 4E72FD15 date: 2010-07-14 14:20:18
 C:\WINDOWS\system32\ntdll.dll handle: 7C900000 size: 714752 crc: 56E74C35 date: 2009-02-09 11:10:48
 C:\WINDOWS\system32\kernel32.dll handle: 7C800000 size: 989696 crc: 8A0508E5 date: 2009-11-05 12:53:16
 C:\WINDOWS\system32\WINMM.dll handle: 76B40000 size: 176128 crc: 9676D976 date: 2008-04-14 11:00:00
 C:\WINDOWS\system32\ADVAPI32.dll handle: 77DD0000 size: 617472 crc: C9027432 date: 2009-11-05 12:52:58
 C:\WINDOWS\system32\RPCRT4.dll handle: 77E70000 size: 585216 crc: E2046CB3 date: 2009-11-05 12:53:29
 C:\WINDOWS\system32\Secur32.dll handle: 77FE0000 size: 56832 crc: 3D0002B7 date: 2009-11-05 12:53:29
 C:\WINDOWS\system32\GDI32.dll handle: 77F10000 size: 286720 crc: B5F6B116 date: 2009-11-05 12:53:15
 C:\WINDOWS\system32\USER32.dll handle: 7E410000 size: 578560 crc: F7C72264 date: 2008-04-14 11:00:00
 C:\WINDOWS\system32\WS2_32.dll handle: 71AB0000 size: 82432 crc: 7C519ECA date: 2008-04-14 11:00:00
 C:\WINDOWS\system32\msvcrt.dll handle: 77C10000 size: 343040 crc: 0B7B1677 date: 2008-04-14 11:00:00
 C:\WINDOWS\system32\WS2HELP.dll handle: 71AA0000 size: 19968 crc: 3F24E096 date: 2008-04-14 11:00:00
 C:\WINDOWS\system32\SHELL32.dll handle: 7C9C0000 size: 8461312 crc: 2221EFBA date: 2009-11-05 12:53:35
 C:\WINDOWS\system32\SHLWAPI.dll handle: 77F60000 size: 474112 crc: BDFA6F45 date: 2009-12-08 09:23:28
 C:\WINDOWS\system32\IMM32.DLL handle: 76390000 size: 110080 crc: C1486DA0 date: 2008-04-14 11:00:00
 C:\WINDOWS\system32\LPK.DLL handle: 629C0000 size: 22016 crc: 9689B06F date: 2008-04-14 11:00:00
 C:\WINDOWS\system32\USP10.dll handle: 74D90000 size: 406016 crc: FA817293 date: 2008-04-14 11:00:00
 c:\progra~1\agnitum\outpos~1\wl_hook.dll handle: 10000000 size: 674632 crc: 42F25257 date: 2009-09-23 10:34:20
 C:\WINDOWS\WinSxS\x86_Microsoft.Windows.Common-Controls_6595b64144ccf1df_6.0.2600.5512_x-ww_35d4ce83\comctl32.dll handle: 773D0000 size: 1054208 crc: 06939D35 date: 2008-04-14 11:00:00
 C:\WINDOWS\system32\comctl32.dll handle: 5D090000 size: 617472 crc: 519837A9 date: 2008-04-14 11:00:00
 C:\WINDOWS\system32\SHFolder.dll handle: 76780000 size: 25088 crc: 8009EA65 date: 2008-04-14 11:00:00
 C:\WINDOWS\system32\WINTRUST.dll handle: 76C30000 size: 177664 crc: 10F114B4 date: 2009-12-24 06:59:40
 C:\WINDOWS\system32\CRYPT32.dll handle: 77A80000 size: 599040 crc: F04E4319 date: 2008-04-14 11:00:00
 C:\WINDOWS\system32\MSASN1.dll handle: 77B20000 size: 58880 crc: 63D6A79F date: 2009-11-05 12:53:19
 C:\WINDOWS\system32\IMAGEHLP.dll handle: 76C90000 size: 144384 crc: F7A06429 date: 2008-04-14 11:00:00
 C:\WINDOWS\system32\wdmaud.drv handle: 72D20000 size: 23552 crc: EEB914CA date: 2008-04-14 01:42:46
 C:\WINDOWS\system32\msacm32.drv handle: 72D10000 size: 20480 crc: D5406BAE date: 2008-04-14 11:00:00
 C:\WINDOWS\system32\MSACM32.dll handle: 77BE0000 size: 71680 crc: EDE4B266 date: 2008-04-14 11:00:00
 C:\WINDOWS\system32\midimap.dll handle: 77BD0000 size: 18944 crc: 2E6D5FD1 date: 2008-04-14 11:00:00
 C:\WINDOWS\system32\uxtheme.dll handle: 5AD70000 size: 218624 crc: A4A915A5 date: 2008-04-14 11:00:00
 C:\WINDOWS\system32\MSCTF.dll handle: 74720000 size: 297984 crc: 392BE0B0 date: 2008-04-14 11:00:00
 C:\WINDOWS\system32\msctfime.ime handle: 755C0000 size: 177152 crc: 6D3663FE date: 2008-04-14 11:00:00
 C:\WINDOWS\system32\ole32.dll handle: 774E0000 size: 1287168 crc: 3908D33A date: 2008-04-14 11:00:00
 C:\WINDOWS\system32\mswsock.dll handle: 71A50000 size: 245248 crc: FBBA0828 date: 2009-11-05 12:53:23
 C:\WINDOWS\system32\hnetcfg.dll handle: 662B0000 size: 344064 crc: 96358152 date: 2008-04-14 11:00:00
 C:\WINDOWS\System32\wshtcpip.dll handle: 71A90000 size: 19456 crc: F5533E87 date: 2008-04-14 11:00:00
 C:\WINDOWS\system32\psapi.dll handle: 76BF0000 size: 23040 crc: 75BBDCAD date: 2008-04-14 11:00:00

---- gamelog start ----
Tick 0: new game started
     Revision text changed to r20146, savegame version 143, not modified, _openttd_newgrf_version = 0x11004eb2
     New game mode: 1 landscape: 1
     Added NewGRF: GRF ID 52453C00, checksum C5B4EC240B33E2DB8D1EA64C97898B5E, filename: ottdc_grfpack\2_landscape\stolentrees\stolentreesw_162_108.grf
     Added NewGRF: GRF ID F1250020, checksum E149C035024C30935CAC29AEA2A94A23, filename: firs_industry_replacement_set-0.2\firs.grf
     Added NewGRF: GRF ID 45520102, checksum 1406B06F6475037445A944963CA6D5CE, filename: ottdc_grfpack\7_stations\basic_platforms\basic_platformsw.grf
     Added NewGRF: GRF ID 45520400, checksum 1D00426064137AA49B6FC4F4BCFF173F, filename: ottdc_grfpack\7_stations\brickfreight\brickfreightw.GRF
     Added NewGRF: GRF ID 58534453, checksum 2E100BCA91DB8371CD9D57DBEC3AB0C8, filename: ottdc_grfpack\7_stations\dutchstat\dutchstatw.grf
     Added NewGRF: GRF ID 504E0002, checksum 6E6944E09CE6C3AC130DF72C542EE4B1, filename: ottdc_grfpack\7_stations\buffers\buffers.grf
     Added NewGRF: GRF ID 4A430002, checksum 0728ADCB4DF2F1EB9247ABD449296F4E, filename: ottdc_grfpack\z_obsolete\indstatr\indstatrw_6.grf
     Added NewGRF: GRF ID 45530400, checksum 1D13F6976C0C032F3FB8F76B84B6EBA8, filename: ottdc_grfpack\7_stations\jpstats\jpstatsw.grf
     Added NewGRF: GRF ID 45520500, checksum 7E30CA79D5A8B3A6CBE873E26096D7D2, filename: ottdc_grfpack\7_stations\modernsuburban\modernsuburbanw.GRF
     Added NewGRF: GRF ID 6D620601, checksum 44EB2F155862E4D4F0AB671D7021AF54, filename: ottdc_grfpack\7_stations\newstats\newstatsw.grf
     Added NewGRF: GRF ID 52455300, checksum 37C0B839B13C4B18051580C81EEDF427, filename: ottdc_grfpack\7_stations\ae_subu\ae_subuw.GRF
     Added NewGRF: GRF ID 54570200, checksum 3DEB9B30A6254AE8606A5A9A99A9A696, filename: ottdc_grfpack\7_stations\usstats\usstatsw.grf
     Added NewGRF: GRF ID 52455400, checksum 1600687C50C5AB1E72EDD487CAD50E2A, filename: ottdc_grfpack\7_stations\ae_city\ae_cityw.GRF
     Added NewGRF: GRF ID 52455200, checksum 0E5A9C5ACD2BCAF7FA0658C3F905A660, filename: ottdc_grfpack\7_stations\ae_rura\ae_ruraw.GRF
     Added NewGRF: GRF ID 43415463, checksum 637BAB6FD6B33DFBF26D82F2BC50E8B0, filename: ottdc_grfpack\7_stations\canstn\canstnw.grf
     Added NewGRF: GRF ID 44450002, checksum 58F91EBD619BEC8E17991844768FA8CE, filename: modular_locomotive_shed_stations-0.2.0\mlss020.grf
     Added NewGRF: GRF ID 52453400, checksum 5983783733079BB1978B69668064C0EC, filename: japanese_buildings.0.62\jpbuild2w.grf
     Added NewGRF: GRF ID 05102002, checksum A8B77B8D1F20D43B6FA521B4C3A8FC50, filename: monolev_replacement_set_v0.3.6-0.3.7\mrsv037.grf
     Added NewGRF: GRF ID 535A0D00, checksum 3B759E11BEBAE3D6E4ED360C0A1BD4C1, filename: ottdc_grfpack\8_vehicles\trains_wagons\jptrains\jptrains2w.grf
     Added NewGRF: GRF ID 43415362, checksum 274776AFBF5DEB8F401FB98DC61B10C0, filename: ottdc_grfpack\8_vehicles\trains_wagons\canset\Cansetw.grf
     Added NewGRF: GRF ID 45530101, checksum 54747A1D19D26F4443538B691CE67F40, filename: edited\spainsetw.grf
     Added NewGRF: GRF ID 27711003, checksum 332CA2515DAB3E8D6C72F28F6918630E, filename: 2cc_trainset-2.0.0beta3\2cctrainset.grf
     Added NewGRF: GRF ID 44440A01, checksum EFEE1435093730D3DA55BDF69653CADC, filename: ottdc_grfpack\8_vehicles\planes\pb_av8\pb_av8w.grf
     Added NewGRF: GRF ID 52571201, checksum CDE6D7FCDEB3FB2E3D6F6E9F0122C3AE, filename: ottdc_grfpack\8_vehicles\road_vehicles\grvts\egrvts.grf
     Added NewGRF: GRF ID 41501201, checksum C91BD14FAC7CA989FA0580DD7D792DD2, filename: heqs_heavy_equipment_set-0.7.1\heqs.grf
     Added NewGRF: GRF ID 414E0101, checksum 322DD58293D6625097F4A893ABD01850, filename: fish_ship_set-0.5\fish.grf
     Added NewGRF: GRF ID 6D620004, checksum 70649F1AFC954942173B0AA89C1E8B14, filename: ottdc_grfpack\8_vehicles\ships\newships\newshipsw.grf
     Added NewGRF: GRF ID 6D620005, checksum E4C18D726BADD37045283D24E56505FD, filename: ottdc_grfpack\8_vehicles\ships\newships\nshp_ecs.grf
     Added NewGRF: GRF ID 4D470601, checksum 9C21B80FAAA6B5A5BB91815E5915B91C, filename: logic_train.0.6\logic.grf
     Added NewGRF: GRF ID 74677563, checksum 3F4153F5999BFDFD6CD578936F8B80F0, filename: total_bridge_renewal_japan.0.2\total_bridgesw.grf
     Added NewGRF: GRF ID FBFB0201, checksum C3714CCDCE206A9D1A3903A3A90D351E, filename: ottdc_grfpack\4_infrastructure\transrapidtrackset\TransRapidTrackSetW.grf
     Added NewGRF: GRF ID 424B5462, checksum 83FE5AA7CAFF0A307B44B297F2A259D6, filename: bk_enhanced_tunnel_set-1.0\bktunw.grf
     Added NewGRF: GRF ID 4E480102, checksum 8D15ADBA3E86C6B5B22A088CF929F02B, filename: ottdc_grfpack\4_infrastructure\nhfoundations\nhfoundationsw.grf
---- gamelog end ----

*** End of OpenTTD Crash Report ***
