*** OpenTTD Crash Report ***

Crash at: Sun Jul 17 03:17:55 2011
In game date: 5000000-08-27 (49)

Crash reason:
 Exception: C0000005
 Location:  0053066A
 Message:   <none>

OpenTTD version:
 Version:    1.1.1 (0)
 NewGRF ver: 11185800
 Bits:       32
 Endian:     little
 Dedicated:  no
 Build date: May 31 2011 19:54:29

Registers:
 EAX: 00000156 EBX: 091BF300 ECX: 000000FE EDX: 000000FE
 ESI: 0012F890 EDI: 00000000 EBP: 0012F8DC ESP: 0012F88C
 EIP: 0053066A EFLAGS: 00010246

 Bytes at instruction pointer:
 8B 4F 40 89 45 B4 5E 85 C9 74 0C 8B 01 8D 55 B4 52 FF 10 85 C0 75 05 6A

Stack trace:
 02FEFD28 00000000 00000000 00000000 0012F800 00000000 00000000 02555618
 0012F800 00000000 00000000 00000000 07C200C6 FFFFFFFF 00648DE0 0053057C
 0053109B 00530EF9 005304DB 005310CA 0012F930 0044DB78 00000000 00000156
 00B55BC8 004490D7 00000003 02FEFD28 01525F68 00000000 00000000 00000000
 00000000 00000009 0000000B 00000001 00000000 00000001 00000000 00000006
 00000008 0012F950 004478E6 091BF300 00000000 01525F68 07B4FE20 00000001
 0000000C 0012F970 00447C53 091BF300 00000000 091BF300 04487308 00000001
 00000046 0012F9AC 004485EE 091BF300 00000000 04487308 024FCC78 00000005
 0012F9AC 004478E6 091BF300 004479FD 03E3A270 024FCC78 00000000 0000005C
 0012F9CC 00447C53 091BF300 00000000 00B9465C 091BF300 00000000 0000000E
 0012F9F8 0044AEDB 091BF300 00000000 00B9465C 04165CA8 0044B639 00000003
 091BF300 00000000 00000000 0012FA18 0044DA83 00000003 0234E7C8 0234E7C8
 0012FA28 0064F24B 00000000 0012FA34 0044E415 091BF300 0234E7C8 0012FBD0
 0064EA80 00000000 0012FA74 0044D803 0234E7C8 0234E7C8 0044A7D6 00000021
 0000001B 00000000 00000001 0000001B 0234E7C8 00000021 04165CA8 00000003
 00000000 01000032 0012FAA8 0044C746 00000021 0000001B 00000001 000001BB
 00000032 00000000 0012FA7C 00724FB8 00000000 000001BB 00000032 00000001
 0044C934 00000001 00000000 00000001 00000201 0012FB4C 00000000 00000000
 00556C88 0012FBB4 00556874 00000000 00EF0DC8 00000000 00000000 00000102
 0012FB30 747313D4 00380163 00000000 00000001 747313D9 00000000 7FFDF000
 00000102 01200000 00380163 0012FB04 74730F0F 0012FB78 7475F1A6 747313E0
 FFFFFFFF 747313D9 7E42B372 00000000 00000001 0012FBCC 00000000 0012FC80
 0012FB78 7E418734 002A00FE 00000201 00000001 003201BB 00556874 DCBAABCD
 00000000 0012FBB4 00556874 0012FBE0 7E418816 00556874 002A00FE 00000201

Operating system:
 Name:     Windows
 Release:  5.1.2600 (Service Pack 3)
 Compiler: MSVC 1500

Configuration:
 Blitter:      8bpp-optimized
 Graphics set: original_windows (0)
 Language:     C:Program FilesOpenTTDlangenglish_US.lng
 Music driver: dmusic
 Music set:    original_windows (1)
 Network:      no
 Sound driver: win32
 Sound set:    original_windows (0)
 Video driver: win32

AI Configuration (local: 0):
  0: Human

Libraries:
 FreeType:   2.4.4
 ICU:        4.4.2
 LZMA:       5.0.0
 LZO:        2.03
 PNG:        1.4.5
 Zlib:       1.2.5

Module information:
 C:Program FilesOpenTTDopenttd.exe handle: 00400000 size: 8077824 crc: D467B14B date: 2011-05-31 19:57:50
 C:WINDOWSsystem32ntdll.dll handle: 7C900000 size: 718336 crc: EA097CED date: 2010-12-09 15:15:09
 C:WINDOWSsystem32kernel32.dll handle: 7C800000 size: 989696 crc: 8A0508E5 date: 2009-03-21 14:06:58
 C:WINDOWSsystem32WINMM.dll handle: 76B40000 size: 176128 crc: 9676D976 date: 2008-04-14 00:12:09
 C:WINDOWSsystem32ADVAPI32.dll handle: 77DD0000 size: 617472 crc: C9027432 date: 2009-02-09 12:10:48
 C:WINDOWSsystem32RPCRT4.dll handle: 77E70000 size: 590848 crc: E9ECB923 date: 2010-08-16 08:45:00
 C:WINDOWSsystem32Secur32.dll handle: 77FE0000 size: 56832 crc: 3D0002B7 date: 2009-06-25 08:25:26
 C:WINDOWSsystem32GDI32.dll handle: 77F10000 size: 286720 crc: B5F6B116 date: 2008-10-23 12:36:14
 C:WINDOWSsystem32USER32.dll handle: 7E410000 size: 578560 crc: F7C72264 date: 2008-04-14 00:12:08
 C:WINDOWSsystem32WS2_32.dll handle: 71AB0000 size: 82432 crc: 7C519ECA date: 2008-04-14 00:12:10
 C:WINDOWSsystem32msvcrt.dll handle: 77C10000 size: 343040 crc: 0B7B1677 date: 2008-04-14 00:12:01
 C:WINDOWSsystem32WS2HELP.dll handle: 71AA0000 size: 19968 crc: 3F24E096 date: 2008-04-14 00:12:10
 C:WINDOWSsystem32SHELL32.dll handle: 7C9C0000 size: 8462336 crc: A88619FE date: 2011-01-21 14:44:37
 C:WINDOWSsystem32SHLWAPI.dll handle: 77F60000 size: 474112 crc: BDFA6F45 date: 2009-12-08 09:23:28
 C:WINDOWSsystem32IMM32.DLL handle: 76390000 size: 110080 crc: C1486DA0 date: 2008-04-14 00:11:54
 C:WINDOWSWinSxSx86_Microsoft.Windows.Common-Controls_6595b64144ccf1df_6.0.2600.6028_x-ww_61e65202comctl32.dll handle: 773D0000 size: 1054208 crc: 350BBD1B date: 2010-08-23 16:12:02
 C:WINDOWSsystem32comctl32.dll handle: 5D090000 size: 617472 crc: B00C920E date: 2010-08-23 16:12:04
 C:WINDOWSsystem32SHFolder.dll handle: 76780000 size: 25088 crc: 8009EA65 date: 2008-04-14 00:12:05
 C:WINDOWSsystem32WINTRUST.dll handle: 76C30000 size: 177664 crc: 10F114B4 date: 2009-12-24 06:59:40
 C:WINDOWSsystem32CRYPT32.dll handle: 77A80000 size: 599040 crc: F04E4319 date: 2008-04-14 00:11:51
 C:WINDOWSsystem32MSASN1.dll handle: 77B20000 size: 58880 crc: 63D6A79F date: 2009-09-04 21:03:36
 C:WINDOWSsystem32IMAGEHLP.dll handle: 76C90000 size: 144384 crc: F7A06429 date: 2008-04-14 00:11:54
 C:WINDOWSsystem32wdmaud.drv handle: 72D20000 size: 23552 crc: EEB914CA date: 2008-04-14 00:12:46
 C:WINDOWSsystem32msacm32.drv handle: 72D10000 size: 20480 crc: D5406BAE date: 2003-03-31 12:00:00
 C:WINDOWSsystem32MSACM32.dll handle: 77BE0000 size: 71680 crc: EDE4B266 date: 2008-04-14 00:11:58
 C:WINDOWSsystem32midimap.dll handle: 77BD0000 size: 18944 crc: 2E6D5FD1 date: 2008-04-14 00:11:57
 C:WINDOWSsystem32MSCTF.dll handle: 74720000 size: 297984 crc: 392BE0B0 date: 2008-04-14 00:11:58
 C:WINDOWSsystem32msctfime.ime handle: 755C0000 size: 177152 crc: 8C1D2F99 date: 2009-02-27 04:56:38
 C:WINDOWSsystem32ole32.dll handle: 774E0000 size: 1288192 crc: 2C4B341E date: 2010-07-16 12:05:55
 C:WINDOWSsystem32CLBCATQ.DLL handle: 76FD0000 size: 498688 crc: F43789FF date: 2008-04-14 00:11:50
 C:WINDOWSsystem32COMRes.dll handle: 77050000 size: 792064 crc: 868482D5 date: 2008-04-14 00:11:51
 C:WINDOWSsystem32OLEAUT32.dll handle: 77120000 size: 551936 crc: B6E16806 date: 2010-12-20 17:32:15
 C:WINDOWSsystem32VERSION.dll handle: 77C00000 size: 18944 crc: 558B1DAF date: 2008-04-14 00:12:08
 C:WINDOWSsystem32dmime.dll handle: 5C570000 size: 181248 crc: A021AC64 date: 2008-04-14 00:11:52
 C:WINDOWSsystem32DSOUND.dll handle: 73F10000 size: 367616 crc: 33C2A52C date: 2008-04-14 00:11:52
 C:WINDOWSsystem32dmusic.dll handle: 6C980000 size: 104448 crc: E9A2B682 date: 2008-04-14 00:11:52
 C:WINDOWSsystem32KsUser.dll handle: 5EF80000 size: 4096 crc: 853DEC10 date: 2002-12-12 08:14:32
 C:WINDOWSsystem32dmsynth.dll handle: 6C9A0000 size: 103424 crc: 3E2BFB05 date: 2008-04-14 00:11:52
 C:WINDOWSsystem32dmloader.dll handle: 6CA10000 size: 35840 crc: 9271DC2B date: 2008-04-14 00:11:52
 C:WINDOWSsystem32mswsock.dll handle: 71A50000 size: 245248 crc: 8244D3EE date: 2008-06-20 16:02:47
 C:WINDOWSsystem32hnetcfg.dll handle: 662B0000 size: 344064 crc: 96358152 date: 2008-04-14 00:11:54
 C:WINDOWSSystem32wshtcpip.dll handle: 71A90000 size: 19456 crc: F5533E87 date: 2008-04-14 00:12:10
 C:WINDOWSsystem32dmstyle.dll handle: 6C9C0000 size: 105984 crc: 65DF8D9B date: 2008-04-14 00:11:52
 C:WINDOWSsystem32dmband.dll handle: 6CBC0000 size: 28672 crc: B752817F date: 2008-04-14 00:11:52
 C:WINDOWSsystem32DNSAPI.dll handle: 76F20000 size: 149504 crc: 16E5233D date: 2011-03-03 06:55:19
 C:WINDOWSsystem32iphlpapi.dll handle: 76D60000 size: 94720 crc: E4D0E9E4 date: 2008-04-14 00:11:55
 C:WINDOWSsystem32rasadhlp.dll handle: 76FC0000 size: 7680 crc: 3AB3D6CF date: 2008-04-14 00:12:03
 C:WINDOWSsystem32SETUPAPI.dll handle: 77920000 size: 985088 crc: E6D51D9A date: 2008-04-14 13:42:06
 C:WINDOWSsystem32psapi.dll handle: 76BF0000 size: 23040 crc: 75BBDCAD date: 2008-04-14 00:12:03

---- gamelog start ----
Tick 0: new game started
     Revision text changed to 1.1.1, savegame version 160, not modified, _openttd_newgrf_version = 0x11185800
     New game mode: 2 landscape: 0
     Added NewGRF: GRF ID 4D656F91, checksum 937BA8D623EC2298B8B703EB183B2587, filename: ecs_town_vector-1.1.219jun2011ecstown.grf (md5sum matches)
     Added NewGRF: GRF ID 4D656F97, checksum EDD51D4944C05B7C07872D68B0373069, filename: ecs_agricultural_vector-1.1.219jun2011ecsagri.grf (md5sum matches)
     Added NewGRF: GRF ID 4D656F9F, checksum C3C038168C5E7273BD17D833C353E35B, filename: ecs_basic_vector_ii-1.1.219jun2011ecsbas2.grf (md5sum matches)
     Added NewGRF: GRF ID 4D656F9C, checksum 1F6B20372197A5E937F1AE434ED0C2FA, filename: ecs_chemical_vector_ii-1.1.219jun2011ecschem2.grf (md5sum matches)
     Added NewGRF: GRF ID 4D656F96, checksum 682C2B4B460032782186BF03AE2C156C, filename: ecs_construction_vector-b527dec2010ecsconstw.grf (md5sum matches)
     Added NewGRF: GRF ID 4D656F9D, checksum A4D9273D4C56BD2432E8994B95652D65, filename: ecs_houses-1.1.219jun2011ecshouse.grf (md5sum matches)
     Added NewGRF: GRF ID 4D656F94, checksum A6BC43D8CF1F931FAB6955CEC6DE7F19, filename: ecs_machinery_vector-1.1.219jun2011ecsmach.grf (md5sum matches)
     Added NewGRF: GRF ID 4D656F95, checksum CD1F5F59485681A857648BE5322EDCE8, filename: ecs_wood_vector-1.1.219jun2011ecswood.grf (md5sum matches)
     Added NewGRF: GRF ID 54570101, checksum E25D564F7F8F4B3AC6C7F375BD25B387, filename: ussetw.grf (md5sum matches)
     Added NewGRF: GRF ID 54570200, checksum 3DEB9B30A6254AE8606A5A9A99A9A696, filename: usstatsw.grf (md5sum matches)
     Added NewGRF: GRF ID 545701A0, checksum A93ECF06EA10E54E89D78247CF63C811, filename: ustowns.grf (md5sum matches)
     Added NewGRF: GRF ID 4A530116, checksum 5851D9D288081316D39BF3D3AB6C65F5, filename: ecs_cargoset_for_standard_ttd_ve-2010.12.05ecsrefit.grf (md5sum matches)
     Added NewGRF: GRF ID DEAD0201, checksum 4DF2106463ABA89B4B6187E7CD10630C, filename: usset-ecs-adapter.grf (md5sum matches)
     Added NewGRF: GRF ID 4A530117, checksum F91008A3147057953E99C75BF8C15442, filename: ecs__firs_vehicle_set-2011.06.21efrefit.grf (md5sum matches)
Tick 0: game loaded
     New game mode: 1 landscape: 0
---- gamelog end ----

*** End of OpenTTD Crash Report ***

Decoded stack trace:
[00] ???                  0x0053066A
[01] ???                  0x0044DB78
[02] ???                  0x004478E6
[03] ???                  0x00447C53
[04] ???                  0x004485EE
[05] ???                  0x00447C53
[06] ???                  0x0044AEDB
[07] ???                  0x0044DA83
[08] ???                  0x0044E415
[09] ???                  0x0044D803
[10] ???                  0x0044C746
[11] ???                  0x0044C934

*** End of additional info ***
