*** OpenTTD Crash Report ***

Crash at: Mon Feb 10 05:23:48 2014
In game date: 2051-05-09 (27)

Crash reason:
 Signal:  Floating point exception: 8 (8)
 Message: <none>

OpenTTD version:
 Version:    1.4.0-beta4 (0)
 NewGRF ver: 140066bd
 Bits:       32
 Endian:     little
 Dedicated:  no
 Build date: Feb  6 2014 19:37:51


Stacktrace:
 [00] ???                  0x00000800

Operating system:
 Name:     Mac OS X
 Release:  10.9.1
 Machine:  Intel 80486
 Min Ver:  1040
 Compiler: GCC 4.0.1 "4.0.1 (Apple Inc. build 5490)"

Configuration:
 Blitter:      8bpp-optimized
 Graphics set: OpenGFX (5092)
 Language:     /Users/micho/Downloads/openttd-1.4.0-beta4-macosx-universal/OpenTTD.app/Contents/Resources/lang/spanish.lng
 Music driver: cocoa
 Music set:    NoMusic (0)
 Network:      no
 Sound driver: cocoa
 Sound set:    NoSound (2)
 Video driver: cocoa

Fonts:
 Small:  sprite
 Medium: sprite
 Large:  sprite
 Mono:   sprite

AI Configuration (local: 0):
  0: Human

Libraries:
 FreeType:   2.4.3
 ICU:        51.2
 LZMA:       5.0.0
 LZO:        2.03
 PNG:        1.4.4
 Zlib:       1.2.5

---- gamelog start ----
Tick 62675: game loaded
     Conversion from OTTD savegame without gamelog: version 4, 1
     Revision text changed to 1.4.0-beta4, savegame version 188, not modified, _openttd_newgrf_version = 0x140066bd
     New game mode: 0 landscape: 1
---- gamelog end ----

*** End of OpenTTD Crash Report ***
