*** OpenTTD Crash Report ***

Crash at: Sat Jan 15 18:38:37 2011
In game date: 1950-01-02 (8)

Crash reason:
 Signal:  Segmentation fault (11)
 Message: <none>

OpenTTD version:
 Version:    r21809 (0)
 NewGRF ver: 11005531
 Bits:       32
 Endian:     little
 Dedicated:  no
 Build date: Jan 15 2011 19:36:00

Stacktrace:
 [00] ~/clean_openttd/bin/openttd(_ZNK12CrashLogUnix13LogStacktraceEPcPKc+0x43) [0x82c0603]
 [01] ~/clean_openttd/bin/openttd(_ZNK8CrashLog12FillCrashLogEPcPKc+0x102) [0x81ba2a2]
 [02] ~/clean_openttd/bin/openttd(_ZNK8CrashLog12MakeCrashLogEv+0xc4) [0x81ba3f4]
 [03] ~/clean_openttd/bin/openttd() [0x82c052e]
 [04] [0x4df400]
 [05] ~/clean_openttd/bin/openttd(_ZNK14SmallMapWindow14GetTileColoursERK8TileArea+0x3a9) [0x834e2c9]
 [06] ~/clean_openttd/bin/openttd(_ZNK14SmallMapWindow12DrawSmallMapEP13DrawPixelInfo+0x332) [0x834ea52]
 [07] ~/clean_openttd/bin/openttd(_ZNK14SmallMapWindow10DrawWidgetERK4Recti+0x74) [0x834f224]
 [08] ~/clean_openttd/bin/openttd(_ZN17NWidgetBackground4DrawEPK6Window+0x136) [0x83e5d86]
 [09] ~/clean_openttd/bin/openttd(_ZN19NWidgetPIPContainer4DrawEPK6Window+0x24) [0x83e34b4]
 [10] ~/clean_openttd/bin/openttd(_ZN17NWidgetBackground4DrawEPK6Window+0x14d) [0x83e5d9d]
 [11] ~/clean_openttd/bin/openttd(_ZN22NWidgetSmallmapDisplay4DrawEPK6Window+0x24) [0x834dad4]
 [12] ~/clean_openttd/bin/openttd(_ZN19NWidgetPIPContainer4DrawEPK6Window+0x24) [0x83e34b4]
 [13] ~/clean_openttd/bin/openttd(_ZN19NWidgetPIPContainer4DrawEPK6Window+0x24) [0x83e34b4]
 [14] ~/clean_openttd/bin/openttd(_ZNK6Window11DrawWidgetsEv+0x17) [0x83e5a57]
 [15] ~/clean_openttd/bin/openttd(_Z26DrawOverlappedWindowForAlliiii+0x74) [0x83eca44]
 [16] ~/clean_openttd/bin/openttd(_Z16RedrawScreenRectiiii+0x6a) [0x81eb12a]
 [17] ~/clean_openttd/bin/openttd(_Z15DrawDirtyBlocksv+0x18c) [0x81eb34c]
 [18] ~/clean_openttd/bin/openttd(_Z13UpdateWindowsv+0x8d) [0x83ee72d]
 [19] ~/clean_openttd/bin/openttd(_ZN15VideoDriver_SDL8MainLoopEv+0x1f6) [0x83d2656]
 [20] ~/clean_openttd/bin/openttd(_Z8ttd_mainiPPc+0xea0) [0x82b0ff0]
 [21] ~/clean_openttd/bin/openttd(main+0x48) [0x82c08a8]
 [22] /lib/tls/i686/cmov/libc.so.6(__libc_start_main+0xe6) [0xb63bd6]
 [23] ~/clean_openttd/bin/openttd() [0x80ef3e1]

Operating system:
 Name:     Linux
 Release:  2.6.32-27-generic
 Version:  #49-Ubuntu SMP Wed Dec 1 23:52:12 UTC 2010
 Machine:  i686
 Compiler: GCC 4.4.3 "4.4.3"

Configuration:
 Blitter:      8bpp-optimized
 Graphics set: original_windows (0)
 Language:     ~/clean_openttd/bin/lang/dutch.lng
 Music driver: extmidi
 Music set:    Scott Joplin Anthology (1)
 Network:      no
 Sound driver: sdl
 Sound set:    original_windows (0)
 Video driver: sdl

AI Configuration (local: 0):
  0: Human

Libraries:
 Allegro:    Allegro 4.2.2, Unix
 FontConfig: 2.8.0
 FreeType:   2.3.11
 ICU:        4.2.1
 LZMA:       4.999.9beta
 LZO:        2.03
 PNG:        1.2.42
 SDL:        1.2.14
 Zlib:       1.2.3.3

---- gamelog start ----
Tick 0: new game started
     Revision text changed to r21809, savegame version 156, not modified, _openttd_newgrf_version = 0x11005531
     New game mode: 1 landscape: 0
---- gamelog end ----

*** End of OpenTTD Crash Report ***
