*** OpenTTD Crash Report ***

Crash at: Fri Jan 13 19:28:42 2012
In game date: 2000-01-01 (0)

Crash reason:
 Exception: C0000005
 Location:  00448DC2
 Message:   <none>

OpenTTD version:
 Version:    r23787 (0)
 NewGRF ver: 12005ceb
 Bits:       32
 Endian:     little
 Dedicated:  no
 Build date: Jan 11 2012 19:02:38

Registers:
 EAX: E6E6E6E6 EBX: 00000000 ECX: 069CE2B8 EDX: 0272D780
 ESI: 0012DD34 EDI: 069CE2BC EBP: 0012DCF0 ESP: 0012DCEC
 EIP: 00448DC2 EFLAGS: 00010202

 Bytes at instruction pointer:
 8A 10 B9 80 00 00 00 88 55 FF 84 D1 75 0A 0F B6 C2 89 06 33 C0 40 C9 C3

Stack trace:
 069CE2B8 0012E03C 00449FC9 0000E164 00C30050 00000000 0012E403 006A82DF
 0012E0AC 7C90E920 000101E0 00010003 00000002 00000000 0012DD60 0000E04F
 7C90E920 069CE2B8 0000E04F E6E6E6E6 006A8276 01260000 00000000 02726440
 0272D780 00000008 00000000 00000002 00000000 00000000 006CBD8A FFFFFFFF
 0012E400 0044BBAF 0012DDC8 0140AFD8 00C30050 00000000 0012EB84 00000000
 00000000 00000000 0012DDC8 00000004 7C910222 00000000 0012EB3C 00000000
 0012DDE0 0012F5A8 00000000 00000003 0012DDF0 01260000 7C910222 00000000
 00000000 00000000 00000000 00000000 0012DE10 00000004 7C910222 00000005
 0012EB84 01260000 0012DE28 01260000 7C910222 00000003 0012DE38 01260000
 7C910222 00000005 01260778 01260000 0012DE50 01260000 7C910222 00000003
 01260718 01260000 069CE2B8 0012DE28 7C91019B 0012E06C 7C90E920 7C910228
 FFFFFFFF 7C910222 7C91019B 7C9101DB 00000000 00000000 00000010 00000032
 0012F6FC 00000000 00000032 0012FA60 0041C9E1 0012EED0 0041CDC1 00CAD4BC
 0000011C 000000AA 0000002E 00BBB158 00000000 000000A9 000000B5 027D959C
 00000000 0000011B 00CAD478 00000032 00000032 00000208 000000AA 0012EF18
 0041CDC1 0418E045 043C0437 043D0435 043D0435 04350438 04340020 04420430
 003A044B E03E0020 042F0020 0432043D 04400430 0020044C 00300032 00300030
 04330020 0000002E 043E043D 04420441 003A0438 E03E0020 0435043D FFFFFFE3
 00000000 0012F90C 0275D174 0275D0A8 076C03F4 7C910041 00C4DB4C 00000009
 0012DF5C 00000000 0275D16A FF101010 0012E028 076BE600 0012DFD0 0041E413
 0012DF84 FFFFFFE3 00000000 0012F954 0275D174 0275D0A8 076C0400 00C4DB4C
 00C4DB4C FFFFFFE3 00000000 0012F974 068F7370 068F7288 076C0DD8 076BE610
 00C4DB4C 00000009 0012DFCC 0000000C 068F736E FF101010 0275CF58 076BEFF8
 0012E038 0041E413 0012DFEC 00000000 00000000 0012F8E4 068F7120 0012FA60

Operating system:
 Name:     Windows
 Release:  5.1.2600 (Service Pack 3)
 Compiler: MSVC 1600

Configuration:
 Blitter:      32bpp-optimized
 Graphics set: original_windows (0)
 Language:     F:\GAMES\OpenTTD\lang\russian.lng
 Music driver: dmusic
 Music set:    NoMusic (0)
 Network:      no
 Sound driver: win32
 Sound set:    NoSound (2)
 Video driver: win32

AI Configuration (local: 0):
  0: Human

Libraries:
 FreeType:   2.4.5
 ICU:        4.4.2
 LZMA:       5.0.3
 LZO:        2.05
 PNG:        1.5.4
 Zlib:       1.2.5

Module information:
 F:\GAMES\OpenTTD\openttd.exe handle: 00400000 size: 8724992 crc: 62CDFD5F date: 2012-01-11 15:06:56
 C:\WINDOWS\system32\ntdll.dll handle: 7C900000 size: 718336 crc: EA097CED date: 2010-12-09 15:15:09
 C:\WINDOWS\system32\kernel32.dll handle: 7C800000 size: 989696 crc: 8A0508E5 date: 2009-03-21 14:06:58
 C:\WINDOWS\system32\WINMM.dll handle: 76B40000 size: 176128 crc: 2D7A3E5F date: 2011-10-14 14:47:29
 C:\WINDOWS\system32\ADVAPI32.dll handle: 77DD0000 size: 617472 crc: C9027432 date: 2009-02-09 12:10:48
 C:\WINDOWS\system32\RPCRT4.dll handle: 77E70000 size: 590848 crc: E9ECB923 date: 2010-08-16 08:45:00
 C:\WINDOWS\system32\Secur32.dll handle: 77FE0000 size: 56832 crc: 3D0002B7 date: 2009-06-25 08:25:26
 C:\WINDOWS\system32\GDI32.dll handle: 77F10000 size: 286720 crc: B5F6B116 date: 2008-10-23 12:36:14
 C:\WINDOWS\system32\USER32.dll handle: 7E410000 size: 578560 crc: F7C72264 date: 2008-04-14 02:42:10
 C:\WINDOWS\system32\WS2_32.dll handle: 71AB0000 size: 82432 crc: 7C519ECA date: 2008-04-14 02:42:12
 C:\WINDOWS\system32\msvcrt.dll handle: 77C10000 size: 343040 crc: 0B7B1677 date: 2008-04-14 02:42:02
 C:\WINDOWS\system32\WS2HELP.dll handle: 71AA0000 size: 19968 crc: 3F24E096 date: 2008-04-14 02:42:12
 C:\WINDOWS\system32\SHELL32.dll handle: 7C9C0000 size: 8462336 crc: A88619FE date: 2011-01-21 14:44:37
 C:\WINDOWS\system32\SHLWAPI.dll handle: 77F60000 size: 474112 crc: BDFA6F45 date: 2009-12-08 09:23:28
 C:\WINDOWS\system32\IMM32.DLL handle: 76390000 size: 110080 crc: C1486DA0 date: 2008-04-14 02:41:56
 C:\WINDOWS\WinSxS\x86_Microsoft.Windows.Common-Controls_6595b64144ccf1df_6.0.2600.6028_x-ww_61e65202\comctl32.dll handle: 773D0000 size: 1054208 crc: 350BBD1B date: 2010-08-23 16:12:02
 C:\WINDOWS\system32\comctl32.dll handle: 5D090000 size: 617472 crc: B00C920E date: 2010-08-23 16:12:04
 C:\WINDOWS\system32\SHFolder.dll handle: 76780000 size: 25088 crc: 8009EA65 date: 2008-04-14 02:42:06
 C:\WINDOWS\system32\uxtheme.dll handle: 5AD70000 size: 218624 crc: A4A915A5 date: 2008-04-14 02:42:10
 C:\Program Files\Yandex\Punto Switcher\pshook.dll handle: 08000000 size: 22888 crc: 261B641A date: 2011-11-14 11:29:14
 C:\WINDOWS\system32\imagehlp.dll handle: 76C90000 size: 144384 crc: F7A06429 date: 2008-04-14 02:41:56
 C:\WINDOWS\system32\MSCTF.dll handle: 74720000 size: 297984 crc: 392BE0B0 date: 2008-04-14 02:42:00
 C:\WINDOWS\system32\msctfime.ime handle: 755C0000 size: 177152 crc: 6D3663FE date: 2008-04-14 02:40:08
 C:\WINDOWS\system32\ole32.dll handle: 774E0000 size: 1288704 crc: E6DBC40A date: 2011-11-01 16:07:10
 C:\Program Files\DrWeb\drwebsp.dll handle: 10000000 size: 136944 crc: 493CFD32 date: 2009-11-26 13:11:50
 C:\WINDOWS\system32\VERSION.dll handle: 77C00000 size: 18944 crc: 558B1DAF date: 2008-04-14 02:42:10
 C:\WINDOWS\system32\msv1_0.dll handle: 77C70000 size: 136192 crc: E8B51352 date: 2009-09-11 14:18:39
 C:\WINDOWS\system32\cryptdll.dll handle: 76790000 size: 33280 crc: 15B1DB06 date: 2008-04-14 02:41:52
 C:\WINDOWS\system32\iphlpapi.dll handle: 76D60000 size: 94720 crc: E4D0E9E4 date: 2008-04-14 02:41:56
 C:\WINDOWS\system32\mswsock.dll handle: 71A50000 size: 245248 crc: 8244D3EE date: 2008-06-20 16:02:47
 C:\WINDOWS\system32\hnetcfg.dll handle: 662B0000 size: 344064 crc: 96358152 date: 2008-04-14 02:41:56
 C:\WINDOWS\System32\wshtcpip.dll handle: 71A90000 size: 19456 crc: F5533E87 date: 2008-04-14 02:42:12
 C:\WINDOWS\system32\WINTRUST.dll handle: 76C30000 size: 177664 crc: 10F114B4 date: 2009-12-24 06:59:40
 C:\WINDOWS\system32\CRYPT32.dll handle: 77A80000 size: 599040 crc: 1F2DBBAF date: 2011-09-28 07:06:50
 C:\WINDOWS\system32\MSASN1.dll handle: 77B20000 size: 58880 crc: 63D6A79F date: 2009-09-04 21:03:36
 C:\WINDOWS\system32\wdmaud.drv handle: 72D20000 size: 23552 crc: EEB914CA date: 2008-04-14 02:42:46
 C:\WINDOWS\system32\msacm32.drv handle: 72D10000 size: 20480 crc: D5406BAE date: 2001-08-23 11:00:00
 C:\WINDOWS\system32\MSACM32.dll handle: 77BE0000 size: 71680 crc: EDE4B266 date: 2008-04-14 02:42:00
 C:\WINDOWS\system32\midimap.dll handle: 77BD0000 size: 18944 crc: 2E6D5FD1 date: 2008-04-14 02:41:58
 C:\WINDOWS\system32\CLBCATQ.DLL handle: 76FD0000 size: 498688 crc: F43789FF date: 2008-04-14 02:41:52
 C:\WINDOWS\system32\COMRes.dll handle: 77050000 size: 792064 crc: 868482D5 date: 2008-04-14 02:41:52
 C:\WINDOWS\system32\OLEAUT32.dll handle: 77120000 size: 551936 crc: B6E16806 date: 2010-12-20 17:32:15
 C:\WINDOWS\system32\dmime.dll handle: 5C570000 size: 181248 crc: A021AC64 date: 2008-04-14 02:41:54
 C:\WINDOWS\system32\DSOUND.dll handle: 73F10000 size: 367616 crc: 33C2A52C date: 2008-04-14 02:41:54
 C:\WINDOWS\system32\dmusic.dll handle: 6C980000 size: 104448 crc: E9A2B682 date: 2008-04-14 02:41:54
 C:\WINDOWS\system32\KsUser.dll handle: 73EE0000 size: 4096 crc: BD8E6BD9 date: 2008-04-14 02:41:58
 C:\WINDOWS\system32\dmsynth.dll handle: 6C9A0000 size: 103424 crc: 3E2BFB05 date: 2008-04-14 02:41:54
 C:\WINDOWS\system32\dmloader.dll handle: 6CA10000 size: 35840 crc: 9271DC2B date: 2008-04-14 02:41:54
 C:\WINDOWS\system32\psapi.dll handle: 76BF0000 size: 23040 crc: 75BBDCAD date: 2008-04-14 02:42:04

---- gamelog start ----
Tick 0: new game started
     Revision text changed to r23787, savegame version 168, not modified, _openttd_newgrf_version = 0x12005ceb
     New game mode: 1 landscape: 1
     Added NewGRF: GRF ID 4D656F91, checksum 945EFBE06B03EC2AC3598EA578B969C0, filename: ECS(George)\ECSTown.grf (md5sum matches)
     Added NewGRF: GRF ID 4D656F9F, checksum 73E8AE005E8245392802A4D151E99D95, filename: ECS(George)\ECSBas2.grf (md5sum matches)
     Added NewGRF: GRF ID 4D656F9C, checksum 833CD4C1C7E2C0E9AABA35FCE7B6A9BB, filename: ECS(George)\ECSChem2.grf (md5sum matches)
     Added NewGRF: GRF ID 4D656F94, checksum 38408815B140C1BA8BAE7D0CF7F8B77C, filename: ECS(George)\ECSMach.grf (md5sum matches)
     Added NewGRF: GRF ID 4D656F95, checksum 89E2834B1641712834BD66BAA7BA1A2B, filename: ECS(George)\ECSWood.grf (md5sum matches)
     Added NewGRF: GRF ID 4D656F97, checksum B73EA6BCD8DCAE4151EEC0C93DBF3073, filename: ECS(George)\ECSAgri.grf (md5sum matches)
     Added NewGRF: GRF ID 4D656F9D, checksum 9B45653BDA1019B22B1D18CFC45D2B5A, filename: ECS(George)\ECSHouse.grf (md5sum matches)
     Added NewGRF: GRF ID 46727806, checksum 09E95562B1894A4D55D5532C6A889621, filename: opengfx_trees-0.2.2\opengfx+trees.grf (md5sum matches)
     Added NewGRF: GRF ID 52453200, checksum 8E0A4D49E0E6F60659D4E28AB38F6647, filename: japanset_landscape.1.1a\jplandw.grf (md5sum matches)
     Added NewGRF: GRF ID 56430001, checksum 22132A3BB45B0F69D81B1A6BC4DE2DE8, filename: ttrs302a-cut2-w.grf (md5sum matches)
     Added NewGRF: GRF ID 41533031, checksum 911AC4448EE52CFDF171FA358404DD23, filename: swedish_houses-1.1\swehouses.grf (md5sum matches)
     Added NewGRF: GRF ID 6D620601, checksum 44EB2F155862E4D4F0AB671D7021AF54, filename: newstatsw.grf (md5sum matches)
     Added NewGRF: GRF ID 4A430002, checksum 0728ADCB4DF2F1EB9247ABD449296F4E, filename: indstatrw.grf (md5sum matches)
     Added NewGRF: GRF ID 4D656F17, checksum 8A4F8A04256C90BECF818D134C91C816, filename: ECS(George)\4LVw.grf (md5sum matches)
     Added NewGRF: GRF ID 6D620004, checksum 0F3FA571157D3002CBB32DEFD88D3C50, filename: newships0.48w.grf (md5sum matches)
     Added NewGRF: GRF ID 6D620401, checksum C5ACB6D5536A464FD78871D91840A35F, filename: dbsetxlw.grf (md5sum matches)
     Added NewGRF: GRF ID 6D620402, checksum AE741625570BD08CA058BD4D3A7ED636, filename: dbxl_ecs.grf (md5sum matches)
     Added NewGRF: GRF ID 535A0D00, checksum 621BE488F7C9B57003C7E1323AB93AEB, filename: japanese_train_set.2.1a\jptrains2w.grf (md5sum matches)
     Added NewGRF: GRF ID 24251D2C, checksum 6E380EAEFD09E9FABACD48B7C5228E3A, filename: hungarian_truck_set-2.1\teherautow.grf (md5sum matches)
     Added NewGRF: GRF ID 78560007, checksum 4FF96B8C2A55CA3DE21F8049F9DF046F, filename: ikarus_set-5.3\ikarus2w.grf (md5sum matches)
---- gamelog end ----

*** End of OpenTTD Crash Report ***

Decoded stack trace:
[00] ???                  0x00448DC2
[01] ???                  0x00449FC9
[02] ???                  0x00449F0F
[03] ???                  0x004494C4
[04] ???                  0x004494F5
[05] ???                  0x00476FE4
[06] ???                  0x0047777D
[07] ???                  0x0040625E
[08] ???                  0x0048249B
[09] ???                  0x00459A60
[10] ???                  0x0046263D
[11] ???                  0x004628FD

*** End of additional info ***
