*** OpenTTD Crash Report ***
Date: 2008-06-26 17:28:23
Build: r13638 built on Jun 26 2008 16:43:45
Exception C0000005 at 00404BD3
Registers:
 EAX: 0292003E EBX: 00000000 ECX: 29E402DF EDX: 005B3E64
 ESI: 02920CEC EDI: 029805F6 EBP: 0045D700 ESP: 0012FBA4
 EIP: 00404BD3 EFLAGS: 00010202

Bytes at CS:EIP:
 8B 11 8B 02 6A 01 FF D0 8B 4E 14 8B 01 8B 0E 50 51 8D 54 24 14 52 8B CE

Stack trace: 
 000001FF 02920C30 02920CEC 0059AD00 1083F1F2 0012FBD8 005AC5D4 00000000
 00462501 02920C30 00000000 02920C30 00593F67 0012FBF0 005ACC5D 00000000
 0040262F 02920C30 02920C30 0012FF90 005AC928 FFFFFFFF 004028A8 00000001
 0045D768 00000001 00000000 00634C88 0043A6E0 00000001 0064C878 00641BA4
 00000000 0043AE2F 0064C4B8 0044204C 00000040 00000001 0012FFA0 00000001
 01000021 00000000 00000000 001B11F0 FFFFFFFF 00000000 FFFFFFFF 0012FE18
 005CA994 00000000 FFFFFFFF 001B11E8 00000000 00000000 00000000 00000000
 77C22000 77C21C21 00000000 001B11F0 00000080 00FA1C38 00000100 0012FDB8
 77BE2100 001B0000 00000002 0012FD10 00000104 001D1638 0012FCE8 76527C47
 001D1600 0012FE14 0012FD10 00000104 00000000 FFFFFFFE 00000000 00000001
 00000000 0012FFA0 0046E911 0000FDE9 00000000 0012FFA0 0046E7D1 8635C93E
 0046E975 FFFFFFFE 00000000 5C3A4422 656D6147 704F5C73 54546E65 706F5C44
 74746E65 78652E64 00200065 00F90498 0012FCDC 00000003 0012FE68 77BC8BF2
 77C0007A 001B0148 77C21843 00000021 77C2162D 00000018 001B11F0 00FA1C30
 001B00C4 000E003C 001B0000 00000001 00000080 00000000 001B11EF 00000080
 00FA1C38 00000011 00000108 001B11E8 00000000 001B0000 00000002 0012FCB4
 0012FD4C 0012FE64 77BC8BF2 77C00482 FFFFFFFE 77C02BB1 77C02A6B 00FA1C38
 00000100 00000080 00000100 001B11F0 001B6560 0012FDF0 005940E5 00000018
 0012FD8C 00000020 0012FEFC 001B6560 0052F6B7 00000018 004F2099 001B64A0
 001B6560 001B6560 004F2148 001B64C0 0012FD11 001B8ED8 00FA1050 001B6560
 00000000 00000000 0012FE74 00594A40 001B0000 00000000 001B11F0 00594A77
 10F39C86 00000080 00000000 00000080 001B0000 00000000 77C1FEA0 77BF49EC
 FFFFFFFF 00000024 0012FE78 00000004 00000000 435C00BF 0012FE8C 0059BDC9
 00FA1CBC 00FA1CBC FFFFFFFE 00000001 005B0404 0012FEA4 0059A0DA 006FBBF8

Module information:
 D:\Games\OpenTTD\openttd.exe handle: 00400000 size: 2398720 crc: 094C7859 date: 2008-06-26 13:44:19
 C:\Windows\system32\ntdll.dll handle: 77BC0000 size: 1162656 crc: 9860BAFC date: 2006-11-02 09:47:26
 C:\Windows\system32\kernel32.dll handle: 76500000 size: 874496 crc: 17CD63D4 date: 2006-11-02 09:46:05
 C:\Windows\system32\WINMM.dll handle: 74CE0000 size: 193024 crc: 9854C61E date: 2006-11-02 09:46:14
 C:\Windows\system32\msvcrt.dll handle: 77D50000 size: 681472 crc: 3E43316C date: 2006-11-02 09:46:10
 C:\Windows\system32\USER32.dll handle: 76C80000 size: 633856 crc: 43750877 date: 2008-06-22 00:01:16
 C:\Windows\system32\GDI32.dll handle: 76950000 size: 296448 crc: 83997952 date: 2008-06-22 00:18:46
 C:\Windows\system32\ADVAPI32.dll handle: 76760000 size: 770048 crc: 5657747A date: 2006-11-02 09:46:02
 C:\Windows\system32\RPCRT4.dll handle: 76BB0000 size: 788992 crc: C1C20BA2 date: 2008-06-22 00:05:24
 C:\Windows\system32\ole32.dll handle: 76A60000 size: 1314816 crc: E94D6A09 date: 2006-11-02 09:46:12
 C:\Windows\system32\OLEAUT32.dll handle: 76D20000 size: 558080 crc: C95B8530 date: 2008-06-22 00:40:06
 C:\Windows\system32\OLEACC.dll handle: 74CA0000 size: 214016 crc: 77FD0E8C date: 2006-11-02 09:46:12
 C:\Windows\system32\WS2_32.dll handle: 76730000 size: 178688 crc: AAACD85A date: 2006-11-02 09:46:14
 C:\Windows\system32\NSI.dll handle: 77CE0000 size: 10240 crc: 7ABAD1AB date: 2006-11-02 09:46:12
 C:\Windows\system32\IMM32.DLL handle: 769B0000 size: 115200 crc: 4E2420B1 date: 2006-11-02 09:46:05
 C:\Windows\system32\MSCTF.dll handle: 76880000 size: 805888 crc: 15E5B0F8 date: 2006-11-02 09:46:06
 C:\Windows\system32\LPK.DLL handle: 77CF0000 size: 24064 crc: F8DEC626 date: 2006-11-02 09:46:05
 C:\Windows\system32\USP10.dll handle: 76480000 size: 502784 crc: 92784FE4 date: 2006-11-02 09:46:13
 C:\PROGRA~1\KASPER~1\KASPER~1.0\r3hook.dll handle: 30780000 size: 72208 crc: F36A3459 date: 2008-02-08 15:37:52
 C:\Windows\system32\PSAPI.DLL handle: 76470000 size: 12288 crc: D7B812C5 date: 2006-11-02 09:46:12
 C:\Windows\system32\SHLWAPI.dll handle: 76820000 size: 339968 crc: DD3E7F6D date: 2006-11-02 09:46:13
 C:\Windows\WinSxS\x86_microsoft.windows.common-controls_6595b64144ccf1df_6.0.6000.16386_none_5d07289e07e1d100\comctl32.dll handle: 75F10000 size: 1648128 crc: 3646BCFE date: 2006-11-02 09:38:57
 C:\Windows\system32\SHFolder.dll handle: 732C0000 size: 7168 crc: 1CA14A5C date: 2006-11-02 09:46:13
 C:\Windows\system32\SHELL32.dll handle: 76DB0000 size: 11315200 crc: C7F3350B date: 2008-06-22 00:13:50
 C:\Windows\system32\wdmaud.drv handle: 749E0000 size: 168448 crc: 77A2240C date: 2006-11-02 09:44:42
 C:\Windows\system32\ksuser.dll handle: 74AE0000 size: 4608 crc: 4C647881 date: 2006-11-02 09:46:05
 C:\Windows\system32\AVRT.dll handle: 75450000 size: 12800 crc: 55075A98 date: 2006-11-02 09:46:02
 C:\Windows\system32\MMDevAPI.DLL handle: 74C30000 size: 146944 crc: 8356CE09 date: 2006-11-02 09:46:05
 C:\Windows\system32\CLBCatQ.DLL handle: 769D0000 size: 523776 crc: 80402F8D date: 2006-11-02 09:46:02
 C:\Windows\system32\SETUPAPI.dll handle: 77880000 size: 1585664 crc: 385AD08F date: 2008-06-22 00:40:23
 C:\Windows\system32\WINTRUST.dll handle: 75470000 size: 171520 crc: CC0AAD60 date: 2006-11-02 09:46:14
 C:\Windows\system32\CRYPT32.dll handle: 75C30000 size: 974336 crc: CE612123 date: 2008-06-22 00:03:38
 C:\Windows\system32\MSASN1.dll handle: 75D70000 size: 59904 crc: 7A69072B date: 2006-11-02 09:46:06
 C:\Windows\system32\USERENV.dll handle: 76330000 size: 107008 crc: 8A03C1B2 date: 2006-11-02 09:46:13
 C:\Windows\system32\Secur32.dll handle: 76310000 size: 72704 crc: 8A267374 date: 2006-11-02 09:46:12
 C:\Windows\system32\imagehlp.dll handle: 76700000 size: 152576 crc: 04F330F8 date: 2008-06-22 00:05:00
 C:\Windows\System32\audioses.dll handle: 747B0000 size: 115712 crc: EDAD9818 date: 2006-11-02 09:46:02
 C:\Windows\System32\audioeng.dll handle: 74640000 size: 398848 crc: 6620F414 date: 2006-11-02 09:46:02
 C:\Windows\system32\msacm32.drv handle: 75460000 size: 21504 crc: BB7F5A40 date: 2006-11-02 09:44:42
 C:\Windows\system32\MSACM32.dll handle: 750D0000 size: 73216 crc: D2218869 date: 2006-11-02 09:46:06
 C:\Windows\system32\midimap.dll handle: 75120000 size: 17408 crc: 5B132C06 date: 2006-11-02 09:46:05
 C:\Windows\system32\uxtheme.dll handle: 75180000 size: 240640 crc: C7A510F1 date: 2006-11-02 09:46:13
 C:\Windows\system32\IconCodecService.dll handle: 72FE0000 size: 9728 crc: D8D965A6 date: 2006-11-02 12:34:33
 C:\Windows\system32\WindowsCodecs.dll handle: 740B0000 size: 712192 crc: 3A4FA4C0 date: 2008-06-22 00:13:45
 C:\Windows\system32\mswsock.dll handle: 75880000 size: 227328 crc: 292B63F9 date: 2006-11-02 09:46:10

System information:
 Windows version 6.0 6000 

---- gamelog start ----
---- gamelog end ----
