*** OpenTTD Crash Report ***
Date: 2009-05-30 10:26:55
Build: 0.7.1-RC2 (0) built on May 21 2009 12:33:36
Language: english_US.lng
Exception C0000005 at 004D6155
Registers:
 EAX: 01E471D0 EBX: 01E436B0 ECX: 00000008 EDX: 00002710
 ESI: 00000000 EDI: 00000000 EBP: 0012FBA4 ESP: 0012FAF0
 EIP: 004D6155 EFLAGS: 00010206

Bytes at CS:EIP:
 0F B6 47 04 89 7C 24 14 83 F8 3D 77 BD FF 24 85 E7 76 4D 00 81 7B 50 01

Stack trace: 
 01F51448 01E42D80 00000000 00000000 01E436B0 00000233 0012FC28 00000000
 7E42A78F 0001E903 00000018 008E7F10 01E43740 00000000 00FD00FE 0052CF85
 7E428E53 7E429772 0052CD06 000000FE 000000FD 0052CCB8 00000000 00000000
 0000001A 00000500 00000302 000000FE 000000FD 0012FB90 7E418734 00010212
 00000113 00000001 0001E903 0052CCB8 DCBAABCD 00000000 0012FBCC 00510C66
 00000008 0012FC08 005ADC3F 00000000 00511835 0012FBD8 004C5892 0066941C
 00000015 FFFFFFFF FFFFFFFF 0012FBD0 00000001 00000003 00000000 00000000
 01000001 00000000 0012FC14 004E23DE 00669130 00D01C14 00000000 00000007
 00C16F60 00C16F70 00C16F70 00513F4C 00C16F70 0012FBE0 0012FFB0 005AEAB4
 00000004 0012FC50 004D9631 01F51448 7E42A78F 0001E903 00000000 0042B531
 7E42A78F 0001E903 0012FC50 00000000 0001E903 00000000 00000000 00421DC8
 0012FC64 0042B761 0001E903 00000000 0012FC4C 00000000 0052DBD7 00690C98
 00CE1AF0 0012FD14 00000000 0012FC68 0001E903 0001E921 00000000 00000000
 00010212 00000113 00000001 0052CCB8 0001E903 000000FE 000000FD 0042AC0F
 0012FD2C 00000001 00000001 01000001 00CE1B20 00000000 00000000 00000000
 00CE1AE0 FFFFFFFF FFFFFFFF 00000000 00000000 00000000 FFFFFFFF 00000000
 0012FF30 00000000 00000000 00000000 FFFFFFFF 0012FE34 00633A48 00000000
 00008653 0012FF30 00443E24 00000001 0012FE30 FFFFFFFE 00000000 5C3A4422
 6E65706F 5C647474 62617473 6F5C656C 746E6570 652E6474 20006578 00C10600
 00C10178 00000008 00C17018 0000000D 00000002 00C10640 00C17210 00C10178
 00000004 00C171F8 00000000 00C10178 00C10178 00000010 00C10178 00C17208
 00C10168 00000000 00000000 00C17208 00000020 00C17210 00000010 00C10178
 00000020 00000198 00C10000 0012FBB4 00000002 0012FE7C 7C90E920 7C9101E0
 FFFFFFFF 7C9101DB 0058FB76 00C10000 00000000 00000018 00C16FC0 0012FEEC

Module information:
 D:\openttd\stable\openttd.exe handle: 00400000 size: 2620928 crc: 5A0BADD3 date: 2009-05-22 23:19:56
 C:\WINDOWS\system32\ntdll.dll handle: 7C900000 size: 714752 crc: 56E74C35 date: 2009-02-09 12:10:48
 C:\WINDOWS\system32\kernel32.dll handle: 7C800000 size: 989696 crc: 8A0508E5 date: 2009-03-21 14:06:58
 C:\WINDOWS\system32\WINMM.dll handle: 76B40000 size: 176128 crc: 9676D976 date: 2008-04-14 00:12:10
 C:\WINDOWS\system32\ADVAPI32.dll handle: 77DD0000 size: 617472 crc: C9027432 date: 2009-02-09 12:10:48
 C:\WINDOWS\system32\RPCRT4.dll handle: 77E70000 size: 584704 crc: 78EC50DB date: 2008-04-14 00:12:04
 C:\WINDOWS\system32\Secur32.dll handle: 77FE0000 size: 56832 crc: 8FEFBB63 date: 2009-02-03 19:59:08
 C:\WINDOWS\system32\GDI32.dll handle: 77F10000 size: 286720 crc: B5F6B116 date: 2008-10-23 12:36:14
 C:\WINDOWS\system32\USER32.dll handle: 7E410000 size: 578560 crc: F7C72264 date: 2008-04-14 00:12:08
 C:\WINDOWS\system32\WS2_32.dll handle: 71AB0000 size: 82432 crc: 7C519ECA date: 2008-04-14 00:12:10
 C:\WINDOWS\system32\msvcrt.dll handle: 77C10000 size: 343040 crc: 0B7B1677 date: 2008-04-14 00:12:02
 C:\WINDOWS\system32\WS2HELP.dll handle: 71AA0000 size: 19968 crc: 3F24E096 date: 2008-04-14 00:12:10
 C:\WINDOWS\system32\SHELL32.dll handle: 7C9C0000 size: 8461312 crc: 2221EFBA date: 2008-06-17 19:02:20
 C:\WINDOWS\system32\SHLWAPI.dll handle: 77F60000 size: 474112 crc: 3230A338 date: 2008-04-14 00:12:06
 C:\WINDOWS\WinSxS\x86_Microsoft.Windows.Common-Controls_6595b64144ccf1df_6.0.2600.5512_x-ww_35d4ce83\comctl32.dll handle: 773D0000 size: 1054208 crc: 06939D35 date: 2008-04-14 00:12:52
 C:\WINDOWS\system32\comctl32.dll handle: 5D090000 size: 617472 crc: 519837A9 date: 2008-04-14 00:11:52
 C:\WINDOWS\system32\SHFolder.dll handle: 76780000 size: 25088 crc: 8009EA65 date: 2008-04-14 00:12:06
 C:\WINDOWS\system32\WINTRUST.dll handle: 76C30000 size: 176640 crc: 98E1211C date: 2008-04-14 00:12:10
 C:\WINDOWS\system32\CRYPT32.dll handle: 77A80000 size: 599040 crc: F04E4319 date: 2008-04-14 00:11:52
 C:\WINDOWS\system32\MSASN1.dll handle: 77B20000 size: 57344 crc: B280A6F9 date: 2008-04-14 00:11:58
 C:\WINDOWS\system32\IMAGEHLP.dll handle: 76C90000 size: 144384 crc: F7A06429 date: 2008-04-14 00:11:54
 C:\WINDOWS\system32\wdmaud.drv handle: 72D20000 size: 23552 crc: EEB914CA date: 2008-04-14 00:12:46
 C:\WINDOWS\system32\msacm32.drv handle: 72D10000 size: 20480 crc: D5406BAE date: 2004-08-04 12:00:00
 C:\WINDOWS\system32\MSACM32.dll handle: 77BE0000 size: 71680 crc: EDE4B266 date: 2008-04-14 00:11:58
 C:\WINDOWS\system32\midimap.dll handle: 77BD0000 size: 18944 crc: 2E6D5FD1 date: 2008-04-14 00:11:58
 C:\WINDOWS\system32\ole32.dll handle: 774E0000 size: 1287168 crc: 3908D33A date: 2008-04-14 00:12:02
 C:\WINDOWS\system32\uxtheme.dll handle: 5AD70000 size: 218624 crc: A4A915A5 date: 2008-04-14 00:12:08
 C:\WINDOWS\system32\MSCTF.dll handle: 74720000 size: 297984 crc: 392BE0B0 date: 2008-04-14 00:11:58
 C:\WINDOWS\system32\CLBCATQ.DLL handle: 76FD0000 size: 498688 crc: F43789FF date: 2008-04-14 00:11:50
 C:\WINDOWS\system32\COMRes.dll handle: 77050000 size: 792064 crc: 868482D5 date: 2008-04-14 00:11:52
 C:\WINDOWS\system32\OLEAUT32.dll handle: 77120000 size: 551936 crc: 1EE83658 date: 2008-04-14 00:12:02
 C:\WINDOWS\system32\VERSION.dll handle: 77C00000 size: 18944 crc: 558B1DAF date: 2008-04-14 00:12:08
 C:\WINDOWS\system32\dmime.dll handle: 5C570000 size: 181248 crc: A021AC64 date: 2008-04-14 00:11:52
 C:\WINDOWS\system32\DSOUND.dll handle: 73F10000 size: 367616 crc: 33C2A52C date: 2008-04-14 00:11:52
 C:\WINDOWS\system32\dmusic.dll handle: 6C980000 size: 104448 crc: E9A2B682 date: 2008-04-14 00:11:52
 C:\WINDOWS\system32\KsUser.dll handle: 73EE0000 size: 4096 crc: BD8E6BD9 date: 2008-04-14 00:11:56
 C:\WINDOWS\system32\dmsynth.dll handle: 6C9A0000 size: 103424 crc: 3E2BFB05 date: 2008-04-14 00:11:52
 C:\WINDOWS\system32\dmloader.dll handle: 6CA10000 size: 35840 crc: 9271DC2B date: 2008-04-14 00:11:52
 C:\WINDOWS\system32\mswsock.dll handle: 71A50000 size: 245248 crc: FBBA0828 date: 2008-06-20 17:46:58
 C:\WINDOWS\system32\hnetcfg.dll handle: 662B0000 size: 344064 crc: 96358152 date: 2008-04-14 00:11:54
 C:\WINDOWS\System32\wshtcpip.dll handle: 71A90000 size: 19456 crc: F5533E87 date: 2008-04-14 00:12:10
 C:\WINDOWS\system32\mslbui.dll handle: 605D0000 size: 25088 crc: D9D805D6 date: 2008-04-14 00:12:00
 C:\WINDOWS\system32\dmstyle.dll handle: 6C9C0000 size: 105984 crc: 65DF8D9B date: 2008-04-14 00:11:52
 C:\WINDOWS\system32\dmband.dll handle: 6CBC0000 size: 28672 crc: B752817F date: 2008-04-14 00:11:52
 C:\WINDOWS\BisonCam\KBHookDLL.dll handle: 10000000 size: 28672 crc: 20A8142B date: 2006-08-03 13:40:36
 C:\WINDOWS\system32\MFC42.DLL handle: 73DD0000 size: 1028096 crc: FB8B3FE9 date: 2008-04-14 00:11:56
 C:\WINDOWS\system32\psapi.dll handle: 76BF0000 size: 23040 crc: 75BBDCAD date: 2008-04-14 00:12:04

System information:
 Windows version 5.1 2600 Service Pack 3

---- gamelog start ----
Tick 0: new game started
     Revision text changed to 0.7.1-RC2, savegame version 116, not modified, _openttd_newgrf_version = 0x07103fed
     New game mode: 1 landscape: 0
---- gamelog end ----
