*** OpenTTD Crash Report ***
Date: 2008-01-31 00:08:30
Build: 0.6.0-beta3 built on Jan 15 2008 22:01:30
Exception C0000005 at 00441D44
Registers:
 EAX: 00000000 EBX: 00660F40 ECX: 00000020 EDX: 00000400
 ESI: 00660F40 EDI: 01FEEAB0 EBP: 0012F8F8 ESP: 0012F8EC
 EIP: 00441D44 EFLAGS: 00010212

Bytes at CS:EIP:
 8B 00 56 89 45 FC 89 7D F8 83 7D F8 00 8B 77 04 74 05 39 7D F8 74 05 E8

Stack trace: 
 00000521 006609AC 00660F40 0012F954 00442175 00000000 00660F40 00660F40
 00000000 004CF188 00000000 00000000 0001FFFF 000000FF 00000000 00000000
 0001FFFF 000000FF 00000000 00000000 0001FFFF 00660A18 006609AC 00000000
 00000587 00443C57 0012F978 00443C36 0044FA01 006603DC 00660F40 0012F988
 00660F40 0012F984 00000000 0012F9E0 00443CF7 00000001 006603DC 00660F40
 00441EFB 006603DC 00660F40 006603A0 006604E4 004527FE 00000001 006603E4
 006604E4 006603A0 0012FA08 7E440457 7E418830 FFFFFFFF 7E418817 00000016
 00000004 006603E0 006605B0 0012F9E0 006603A0 0012FA04 00443C36 7E41B408
 00000000 00000202 00000000 00000000 00000000 0012F9EC 0012FA54 00444903
 00000008 00000000 00000202 00000000 00445420 00000000 00000202 00000000
 0041B51C 00000000 00000000 00000000 00000000 0012FAEC 7C90EAE3 0012FA50
 00000018 008271E8 00000000 004457AD 00000000 00000000 00000000 00000202
 0012FAEC 00000000 004CF5D7 0012FB54 004CF188 00000000 00000000 00000102
 0012FAD0 74730E6C 0005022D 00000000 00000001 74730E71 00000000 7FFDE000
 00000102 00C50000 0005022D 0012FAA4 74730036 0012FB18 7475E548 74730E78
 FFFFFFFF 74730E71 7E41F84A 00000000 00000001 0012FB6C 00000000 0012FC20
 0012FB18 7E418734 000505F8 00000202 00000000 013D04F9 004CF188 DCBAABCD
 00000000 0012FB54 004CF188 0012FB80 7E418816 004CF188 000505F8 00000202
 00000000 013D04F9 0012FC28 0012FC20 008271E8 00000014 00000001 00000000
 00000000 00000010 00000000 00000030 00000000 00000000 00000000 0012FB34
 0012F510 0012FBD0 7E440457 7E418830 00000000 0012FBE0 7E4189CD 00000000
 004CF188 000505F8 00000202 00000000 013D04F9 008271FC 00000001 0075C8B5
 7E41929B 00000000 0012FBE0 7E419402 0012FC20 00000000 00000000 0012FBA8
 0012F510 0012FFB0 7E440457 7E4189F0 FFFFFFFF 0012FBF0 7E418A10 0012FC20

Module information:
 D:\OpenTTD\openttd.exe handle: 00400000 size: 1782272 crc: 6969C673 date: 2008-01-15 21:06:22
 C:\WINDOWS\system32\ntdll.dll handle: 7C900000 size: 708096 crc: A5A50370 date: 2006-02-28 12:00:00
 C:\WINDOWS\system32\kernel32.dll handle: 7C800000 size: 984576 crc: 2CCFBF2B date: 2007-04-16 15:52:53
 C:\WINDOWS\system32\WINMM.dll handle: 76B40000 size: 176128 crc: 123646FA date: 2006-02-28 12:00:00
 C:\WINDOWS\system32\USER32.dll handle: 7E410000 size: 577536 crc: DF3237C6 date: 2007-03-08 15:36:28
 C:\WINDOWS\system32\GDI32.dll handle: 77F10000 size: 282112 crc: F0029774 date: 2007-06-19 13:31:19
 C:\WINDOWS\system32\ADVAPI32.dll handle: 77DD0000 size: 616960 crc: 5E7A2F0A date: 2006-02-28 12:00:00
 C:\WINDOWS\system32\RPCRT4.dll handle: 77E70000 size: 584192 crc: B1CE66F6 date: 2007-07-09 13:09:42
 C:\WINDOWS\system32\Secur32.dll handle: 77FE0000 size: 55808 crc: 5A32C057 date: 2006-02-28 12:00:00
 C:\WINDOWS\system32\WS2_32.dll handle: 71AB0000 size: 82944 crc: 9738CC56 date: 2006-02-28 12:00:00
 C:\WINDOWS\system32\msvcrt.dll handle: 77C10000 size: 343040 crc: 5298C0C5 date: 2006-02-28 12:00:00
 C:\WINDOWS\system32\WS2HELP.dll handle: 71AA0000 size: 19968 crc: F5DD5AB6 date: 2006-02-28 12:00:00
 C:\WINDOWS\system32\IMM32.DLL handle: 76390000 size: 110080 crc: FD65A0DD date: 2006-02-28 12:00:00
 C:\WINDOWS\system32\SHFolder.dll handle: 76780000 size: 25088 crc: 2EC7582B date: 2006-02-28 12:00:00
 C:\WINDOWS\system32\SHLWAPI.dll handle: 77F60000 size: 474112 crc: 0D027FB2 date: 2007-08-22 13:12:18
 C:\WINDOWS\WinSxS\x86_Microsoft.Windows.Common-Controls_6595b64144ccf1df_6.0.2600.2982_x-ww_ac3f9c03\comctl32.dll handle: 773D0000 size: 1054208 crc: 58D6578C date: 2006-08-25 15:45:55
 C:\WINDOWS\system32\comctl32.dll handle: 5D090000 size: 617472 crc: 232F6674 date: 2006-08-25 15:45:58
 C:\WINDOWS\system32\wdmaud.drv handle: 72D20000 size: 23552 crc: 982E84EE date: 2006-02-28 12:00:00
 C:\WINDOWS\system32\WINTRUST.dll handle: 76C30000 size: 176640 crc: 88D208BD date: 2006-02-28 12:00:00
 C:\WINDOWS\system32\CRYPT32.dll handle: 77A80000 size: 597504 crc: 971ECFAA date: 2006-02-28 12:00:00
 C:\WINDOWS\system32\MSASN1.dll handle: 77B20000 size: 57344 crc: D5127637 date: 2006-02-28 12:00:00
 C:\WINDOWS\system32\IMAGEHLP.dll handle: 76C90000 size: 144384 crc: 714A70BC date: 2006-02-28 12:00:00
 C:\WINDOWS\system32\msacm32.drv handle: 72D10000 size: 20480 crc: D5406BAE date: 2006-02-28 12:00:00
 C:\WINDOWS\system32\MSACM32.dll handle: 77BE0000 size: 71680 crc: 6A21891E date: 2006-02-28 12:00:00
 C:\WINDOWS\system32\midimap.dll handle: 77BD0000 size: 18944 crc: 502B5282 date: 2006-02-28 12:00:00
 C:\WINDOWS\system32\ole32.dll handle: 774E0000 size: 1285120 crc: AD325A7F date: 2005-07-26 04:39:48
 C:\Program Files\Ergodex\bin\FocusTracker.dll handle: 10000000 size: 82005 crc: 6CAE1624 date: 2005-07-13 22:37:40
 C:\WINDOWS\system32\PSAPI.DLL handle: 76BF0000 size: 23040 crc: 97A44A88 date: 2006-02-28 12:00:00
 C:\WINDOWS\system32\MSCTF.dll handle: 74720000 size: 294400 crc: BBD2E653 date: 2006-02-28 12:00:00
 C:\WINDOWS\system32\CLBCATQ.DLL handle: 76FD0000 size: 498688 crc: 9DED030F date: 2005-07-26 04:39:43
 C:\WINDOWS\system32\COMRes.dll handle: 77050000 size: 792064 crc: 5A12B4A2 date: 2006-02-28 12:00:00
 C:\WINDOWS\system32\OLEAUT32.dll handle: 77120000 size: 549376 crc: 5A89C9E1 date: 2007-05-17 11:28:05
 C:\WINDOWS\system32\VERSION.dll handle: 77C00000 size: 18944 crc: CFE439BB date: 2006-02-28 12:00:00
 C:\WINDOWS\system32\dmime.dll handle: 5C570000 size: 181248 crc: F18E50F8 date: 2006-02-28 12:00:00
 C:\WINDOWS\system32\DSOUND.dll handle: 73F10000 size: 367616 crc: F0EFB582 date: 2006-02-28 12:00:00
 C:\WINDOWS\system32\dmusic.dll handle: 6C980000 size: 104448 crc: 0C1C73CE date: 2006-02-28 12:00:00
 C:\WINDOWS\system32\KsUser.dll handle: 73EE0000 size: 4096 crc: 519CF22C date: 2004-08-04 08:56:44
 C:\WINDOWS\system32\dmsynth.dll handle: 6C9A0000 size: 103424 crc: ECEFF055 date: 2006-02-28 12:00:00
 C:\WINDOWS\system32\dmloader.dll handle: 6CA10000 size: 35840 crc: CCCBFD58 date: 2006-02-28 12:00:00
 C:\WINDOWS\system32\msctfime.ime handle: 755C0000 size: 177152 crc: 6A712F98 date: 2006-02-28 12:00:00
 C:\WINDOWS\system32\mswsock.dll handle: 71A50000 size: 245248 crc: E2309390 date: 2006-02-28 12:00:00
 C:\WINDOWS\system32\hnetcfg.dll handle: 662B0000 size: 344064 crc: 6CF15ACF date: 2006-02-28 12:00:00
 C:\WINDOWS\System32\wshtcpip.dll handle: 71A90000 size: 19968 crc: B88CC0E5 date: 2006-02-28 12:00:00

System information:
 Windows version 5.1 2600 S
