*** OpenTTD Crash Report ***

Crash at: Mon Feb 21 15:41:02 2011
In game date: 2253-01-01 (5)

Crash reason:
 Exception: E1212012
 Location:  000007FEFD0DAA7D
 Message:   Assertion failed at line 3429 of ..\src\station_cmd.cpp: IsTileType(tile, MP_ROAD)

OpenTTD version:
 Version:    1.1.0-RC1 (0)
 NewGRF ver: 11005657
 Bits:       64
 Endian:     little
 Dedicated:  no
 Build date: Feb 18 2011 21:34:23

Registers:
 RAX: 00000000770E662E RBX: 0000000000000016 RCX: 000000000016D8F0 RDX: 0000000000000000
 RSI: 0000000000000000 RDI: 0000000000000008 RBP: 0000000000000004 RSP: 000000000016DF00
 R8:  0000000000000000 R9:  0000000000000000 R10: 0000000000000000 R11: 0000000000000286
 R12: 00000001406C7790 R13: 000000013FFB1AD0 R14: 0000000000000001 R15: 0000000076E2F59B
 RIP: 000007FEFD0DAA7D EFLAGS: 00000206

 Bytes at instruction pointer:
 48 81 C4 C8 00 00 00 C3 90 90 90 90 90 90 90 90 90 90 90 48 83 EC 48 83

Stack trace:
 00000016 00000000 00000000 00000000 00000008 00000000 0016DF38 00000000
 E1212012 00000000 00000000 00000000 FD0DAA7D 000007FE 00000000 00000000
 00000048 00000000 00000001 00000000 00000000 00000000 00000000 00000000
 00000070 00000000 FFFFFFFF FFFFFFFF FFFFFFFF FFFFFFFF 76E3C333 00000000
 001B0230 00000000 7707FF9A 00000000 001B03B8 00000000 001B0268 00000000
 00000000 00000000 76E3A01B 00000000 00000000 00000000 77063908 00000000
 00000001 00000000 400AB141 00000001 00000016 00000000 EDBFBA1A 00000000
 00230DE0 00000000 001B0230 00000000 00000000 00000000 77077B3A 00000000
 007F09D0 00000000 76E2F59B 00000000 00000001 00000000 00000000 00000000
 00000010 00000000 00000004 00000000 00000002 00000000 400AA3C6 00000001
 00000001 00000000 0005FC24 00000000 000000FF 00000000 00000002 00000000
 00000000 00000000 7708FC65 00000000 00000000 00000000 00000000 00000000
 770C8B3C 00000000 02000002 00000000 0016E0C8 00000000 00000030 00000003
 76E2F5BA 00000000 76E3BAF9 00000000 007ED4B8 00000000 0016E0F8 00000000
 00000000 00000000 007F09D0 00000000 00000014 00000000 00000000 00000000
 00000000 00000000 77063908 00000000 77085BC0 00000000 76E4762B 00000000
 00000000 00000000 007F09D0 00000000 00000001 00000000 00000001 00000000
 00000001 00000000 670A1163 00000000 00000000 00000000 00000000 00000000
 00000001 00000000 00000010 00000000 001EDFF0 00000000 001B0000 00000000
 001EDFE0 00000000 77091F05 00000000 001B0000 00000000 001EDF01 00000000
 00000000 00000000 001EDFF0 00000000 00000000 00000000 76E932C4 00000000
 00000000 00000000 00000000 00000000 76E932C4 00000000 0016E500 00000000
 00000000 00000000 40750E66 00000001 00010003 00000000 00000001 00000000
 00000001 00000000 76E92825 00000000 001EDFF0 00000000 001EDFF0 00000000

Operating system:
 Name:     Windows
 Release:  6.1.7600 ()
 Compiler: MSVC 1500

Configuration:
 Blitter:      8bpp-optimized
 Graphics set: OpenGFX (589)
 Language:     D:\MinGW\msys\1.0\home\terkhen\__tags\openttd-1.1.0-RC1-windows-win64\lang\spanish.lng
 Music driver: win32
 Music set:    original_windows (1)
 Network:      client
 Sound driver: win32
 Sound set:    original_windows (0)
 Video driver: win32

AI Configuration (local: 255):
  0: Human
  1: Human
  2: Human
  3: Human
  4: Human
  5: Human
  6: Human
  7: Human

Libraries:
 FreeType:   2.4.4
 ICU:        4.4.2
 LZMA:       5.0.0
 LZO:        2.03
 PNG:        1.4.5
 Zlib:       1.2.5

Module information:
 D:\MinGW\msys\1.0\home\terkhen\__tags\openttd-1.1.0-RC1-windows-win64\openttd.exe handle: 000000013FD90000 size: 9907712 crc: 403E0CCF date: 2011-02-18 20:39:04
 C:\Windows\SYSTEM32\ntdll.dll handle: 0000000077040000 size: 1736608 crc: 51E6A99D date: 2010-03-24 06:59:44
 C:\Windows\system32\kernel32.dll handle: 0000000076F20000 size: 1162240 crc: 822946F0 date: 2009-07-14 01:41:13
 C:\Windows\system32\KERNELBASE.dll handle: 000007FEFD0D0000 size: 421376 crc: 68F689E4 date: 2009-07-14 01:41:13
 C:\Windows\system32\WINMM.dll handle: 000007FEFBB70000 size: 217600 crc: 7BC1529F date: 2009-07-14 01:41:56
 C:\Windows\system32\msvcrt.dll handle: 000007FEFE100000 size: 634880 crc: 7F3E716F date: 2009-07-14 01:41:32
 C:\Windows\system32\USER32.dll handle: 0000000076E20000 size: 1008640 crc: 95FA0345 date: 2009-07-14 01:41:56
 C:\Windows\system32\GDI32.dll handle: 000007FEFE7C0000 size: 404480 crc: 0F1BAE69 date: 2009-07-14 01:40:56
 C:\Windows\system32\LPK.dll handle: 000007FEFF340000 size: 41984 crc: 350AF03B date: 2009-07-14 01:41:19
 C:\Windows\system32\USP10.dll handle: 000007FEFE240000 size: 801280 crc: 32EFA120 date: 2009-07-14 01:41:56
 C:\Windows\system32\WS2_32.dll handle: 000007FEFED50000 size: 296448 crc: B9553AFD date: 2009-07-14 01:41:58
 C:\Windows\system32\RPCRT4.dll handle: 000007FEFEC10000 size: 1221632 crc: D5B6358C date: 2009-07-14 01:41:53
 C:\Windows\system32\NSI.dll handle: 000007FEFED40000 size: 13824 crc: 53B46F6C date: 2009-07-14 01:41:53
 C:\Windows\system32\ADVAPI32.dll handle: 000007FEFEA00000 size: 877056 crc: FA615A20 date: 2009-07-14 01:40:01
 C:\Windows\SYSTEM32\sechost.dll handle: 000007FEFE220000 size: 113664 crc: 978CFAE5 date: 2009-07-14 01:41:53
 C:\Windows\system32\SHELL32.dll handle: 000007FEFD370000 size: 14162944 crc: 38C0D5D7 date: 2010-07-27 14:59:11
 C:\Windows\system32\SHLWAPI.dll handle: 000007FEFE1A0000 size: 449536 crc: 0BFDF102 date: 2009-07-14 01:41:54
 C:\Windows\system32\IMM32.DLL handle: 000007FEFEB00000 size: 167424 crc: 41B2805A date: 2009-07-14 01:41:09
 C:\Windows\system32\MSCTF.dll handle: 000007FEFF230000 size: 1067008 crc: 798DDDA0 date: 2009-07-14 01:41:28
 C:\Windows\system32\SHFolder.dll handle: 000007FEF73F0000 size: 10240 crc: 08A48DE3 date: 2009-07-14 01:41:54
 C:\Windows\system32\ole32.dll handle: 000007FEFEF80000 size: 2085376 crc: 4764DDC2 date: 2010-06-29 05:39:12
 C:\Windows\system32\uxtheme.dll handle: 000007FEFB360000 size: 332288 crc: B0A13DF9 date: 2009-07-14 01:41:56
 C:\Windows\system32\dwmapi.dll handle: 000007FEFA160000 size: 82432 crc: A459F360 date: 2009-07-14 01:40:34
 C:\Windows\system32\CRYPTBASE.dll handle: 000007FEFCED0000 size: 44032 crc: F547C16E date: 2009-07-14 01:40:24
 C:\Windows\system32\CLBCatQ.DLL handle: 000007FEFE830000 size: 607744 crc: 939E35C9 date: 2009-07-14 01:40:15
 C:\Windows\system32\OLEAUT32.dll handle: 000007FEFEB30000 size: 861184 crc: 112732BA date: 2010-04-07 07:37:39
 C:\Windows\system32\MMDevAPI.DLL handle: 000007FEFBCF0000 size: 284160 crc: CDF2EF81 date: 2009-07-14 01:41:26
 C:\Windows\system32\PROPSYS.dll handle: 000007FEFBBC0000 size: 1212416 crc: 98D01BC9 date: 2009-07-14 01:41:53
 C:\Windows\system32\wdmaud.drv handle: 000007FEF9FF0000 size: 217088 crc: AB6BC545 date: 2009-07-14 01:38:50
 C:\Windows\system32\ksuser.dll handle: 00000000748C0000 size: 5120 crc: AA2071D9 date: 2009-07-14 01:41:13
 C:\Windows\system32\AVRT.dll handle: 000007FEFBBB0000 size: 18432 crc: 5CE53CB7 date: 2009-07-14 01:40:05
 C:\Windows\system32\SETUPAPI.dll handle: 000007FEFEDA0000 size: 1899520 crc: 91ED5D15 date: 2009-07-14 01:41:54
 C:\Windows\system32\CFGMGR32.dll handle: 000007FEFD090000 size: 207360 crc: 369326FC date: 2009-07-14 01:40:15
 C:\Windows\system32\DEVOBJ.dll handle: 000007FEFD350000 size: 93184 crc: A7541AE2 date: 2009-07-14 01:40:28
 C:\Windows\system32\AUDIOSES.DLL handle: 000007FEFBB20000 size: 296448 crc: 07CA71DE date: 2009-07-14 01:40:04
 C:\Windows\system32\msacm32.drv handle: 000007FEF9FE0000 size: 25600 crc: 2B579A05 date: 2009-07-14 01:38:50
 C:\Windows\system32\MSACM32.dll handle: 000007FEF9FC0000 size: 83456 crc: 3D67538B date: 2009-07-14 01:41:27
 C:\Windows\system32\midimap.dll handle: 000007FEF9FB0000 size: 20480 crc: CB902A13 date: 2009-07-14 01:41:23
 C:\Windows\system32\mswsock.dll handle: 000007FEFC810000 size: 320000 crc: EA387916 date: 2009-07-14 01:41:34
 C:\Windows\System32\wshtcpip.dll handle: 000007FEFC170000 size: 13312 crc: 5D1E2C55 date: 2009-07-14 01:41:58
 C:\Windows\System32\wship6.dll handle: 000007FEFC800000 size: 13824 crc: E3FBF123 date: 2009-07-14 01:41:58
 C:\Windows\system32\DNSAPI.dll handle: 000007FEFC690000 size: 356352 crc: D15B6D28 date: 2009-07-14 01:40:31
 C:\Program Files\Common Files\Microsoft Shared\Windows Live\WLIDNSP.DLL handle: 000007FEF8A90000 size: 170880 crc: 0457B743 date: 2010-09-21 13:49:00
 C:\Windows\system32\PSAPI.DLL handle: 0000000077210000 size: 9216 crc: 84B5E9BA date: 2009-07-14 01:41:53
 C:\Windows\system32\IPHLPAPI.DLL handle: 000007FEFB080000 size: 145920 crc: FFC0BAF8 date: 2009-07-14 01:41:10
 C:\Windows\system32\WINNSI.DLL handle: 000007FEFB070000 size: 26112 crc: 744B2434 date: 2009-07-14 01:41:56
 C:\Windows\system32\rasadhlp.dll handle: 000007FEF7440000 size: 16384 crc: C5FD1616 date: 2009-07-14 01:41:53
 C:\Windows\System32\fwpuclnt.dll handle: 000007FEFAF20000 size: 324096 crc: 37B502C2 date: 2009-07-14 01:40:55

---- gamelog start ----
Tick 0: new game started
     Revision text changed to 1.0.4, savegame version 138, not modified, _openttd_newgrf_version = 0x10485145
     New game mode: 2 landscape: 1
     Added NewGRF: GRF ID 535A0901, checksum BECE0FB994E34EBDF6DB76EC3B566914, filename: purno_s_new_railway_fence.1\fencew.grf (md5sum matches)
     Added NewGRF: GRF ID 504E0002, checksum 6E6944E09CE6C3AC130DF72C542EE4B1, filename: generic_buffers.0.1\buffers.grf (md5sum matches)
     Added NewGRF: GRF ID 52570103, checksum EDB2D26F9D81423734CA12412F309CF3, filename: generic_tram_set.0.4\generictrams.grf (md5sum matches)
     Added NewGRF: GRF ID 44440A01, checksum D48D7AD02CA355B92FAE081DC4A36868, filename: av8_aviators_aircraft_set.1.501\pb_av8w.grf (md5sum matches)
     Added NewGRF: GRF ID 27711002, checksum 3E2A2578101FFB3DD8AFC451CC43C8D0, unknown GRF
     Added NewGRF: GRF ID 52571201, checksum C1C7D8C53EB7E74EEE2F0EF29638B466, filename: egrvts.1.0\egrvts.grf (md5sum matches)
     Added NewGRF: GRF ID 41501201, checksum 4D8604EE336EB60F31A16462804ECE07, filename: heqs__heavy_equipment_set_.0.6\heqs.grf (matches GRFID only)
     Added NewGRF: GRF ID 4D570102, checksum 8C41066F2430A1762047AB077B51EE63, filename: hover_bus.1.0\hoverbus_1.0.grf (md5sum matches)
     Added NewGRF: GRF ID 45520500, checksum 7E30CA79D5A8B3A6CBE873E26096D7D2, filename: coop\ottdc_grfpack_8.0\ottdc_grfpack\7_stations\modernsuburban\modernsuburbanw.GRF (md5sum matches)
     Added NewGRF: GRF ID 52455400, checksum 1600687C50C5AB1E72EDD487CAD50E2A, filename: coded_by_aegir._artwork_by_aegir-1\ae_cityw.grf (md5sum matches)
     Added NewGRF: GRF ID 4D4C0100, checksum 1E2A243600434194FB100E72E507D5EF, filename: coop\ottdc_grfpack_8.0\ottdc_grfpack\4_infrastructure\dutchcat\dutchcatw.grf (md5sum matches)
     Added NewGRF: GRF ID 524B0301, checksum BB7BBE4FF23B349D17ED0A682503680C, filename: lightrailtramtracks-0.2\tramtrkw.grf (md5sum matches)
     Added NewGRF: GRF ID 52455200, checksum 0E5A9C5ACD2BCAF7FA0658C3F905A660, filename: rural_stations-1\ae_ruraw.grf (md5sum matches)
     Added NewGRF: GRF ID 4D470302, checksum 52BFBEA55B7EDB8192DE26040FF03CC9, filename: coop\ottdc_grfpack_8.0\ottdc_grfpack\9_last\basecosts\basecosts.grf (md5sum matches)
     Added NewGRF: GRF ID 52455300, checksum 37C0B839B13C4B18051580C81EEDF427, filename: suburban_stations-1\ae_subuw.grf (md5sum matches)
     Added NewGRF: GRF ID 54560103, checksum 381A11BC5B0F0489B410A0A3B4967844, filename: smooth_snow_transition.1.2\smoothsnoww.grf (md5sum matches)
     Added NewGRF: GRF ID 56430001, checksum AF3E0A1E6EF0B98DB966594578D1775B, filename: total_town_replacement_set-3.02a\ttrs3w.grf (md5sum matches)
     Added NewGRF: GRF ID 4A430002, checksum 0728ADCB4DF2F1EB9247ABD449296F4E, filename: industrial_stations_renewal.0.8.0\indstatrw.grf (md5sum matches)
     Added NewGRF: GRF ID 6D620004, checksum 70649F1AFC954942173B0AA89C1E8B14, filename: coop\ottdc_grfpack_8.0\ottdc_grfpack\8_vehicles\ships\newships\newshipsw.grf (md5sum matches)
     Added NewGRF: GRF ID FBFB0401, checksum E497AFEB67D7501658FFC709C2E474A9, filename: metro_track_set.0.2.2\metrotracksetw.grf (md5sum matches)
     Added NewGRF: GRF ID 54630002, checksum 5B3013612B24CE7C7478E683AAFDDBD0, filename: coop\ottdc_grfpack_8.0\ottdc_grfpack\4_infrastructure\road-cs\road-cs-ottd.grf (md5sum matches)
     Added NewGRF: GRF ID 4D656F17, checksum 29C4591139251FA114B328F7B76098AD, filename: coop\ottdc_grfpack_8.0\ottdc_grfpack\8_vehicles\road_vehicles\4LV\4LVw.grf (md5sum matches)
Tick 0: GRF config changed
     Removed NewGRF: GRF ID 535A0901, filename: purno_s_new_railway_fence.1\fencew.grf (md5sum matches)
     Removed NewGRF: GRF ID 504E0002, filename: generic_buffers.0.1\buffers.grf (md5sum matches)
     Removed NewGRF: GRF ID 52570103, filename: generic_tram_set.0.4\generictrams.grf (md5sum matches)
     Removed NewGRF: GRF ID 44440A01, filename: av8_aviators_aircraft_set.1.501\pb_av8w.grf (md5sum matches)
     Removed NewGRF: GRF ID 27711002, unknown GRF
     Removed NewGRF: GRF ID 52571201, filename: egrvts.1.0\egrvts.grf (md5sum matches)
     Removed NewGRF: GRF ID 41501201, filename: heqs__heavy_equipment_set_.0.6\heqs.grf (matches GRFID only)
     Removed NewGRF: GRF ID 4D570102, filename: hover_bus.1.0\hoverbus_1.0.grf (md5sum matches)
     Removed NewGRF: GRF ID 45520500, filename: coop\ottdc_grfpack_8.0\ottdc_grfpack\7_stations\modernsuburban\modernsuburbanw.GRF (md5sum matches)
     Removed NewGRF: GRF ID 52455400, filename: coded_by_aegir._artwork_by_aegir-1\ae_cityw.grf (md5sum matches)
     Removed NewGRF: GRF ID 4D4C0100, filename: coop\ottdc_grfpack_8.0\ottdc_grfpack\4_infrastructure\dutchcat\dutchcatw.grf (md5sum matches)
     Removed NewGRF: GRF ID 524B0301, filename: lightrailtramtracks-0.2\tramtrkw.grf (md5sum matches)
     Removed NewGRF: GRF ID 52455200, filename: rural_stations-1\ae_ruraw.grf (md5sum matches)
     Removed NewGRF: GRF ID 4D470302, filename: coop\ottdc_grfpack_8.0\ottdc_grfpack\9_last\basecosts\basecosts.grf (md5sum matches)
     Removed NewGRF: GRF ID 52455300, filename: suburban_stations-1\ae_subuw.grf (md5sum matches)
     Removed NewGRF: GRF ID 54560103, filename: smooth_snow_transition.1.2\smoothsnoww.grf (md5sum matches)
     Removed NewGRF: GRF ID 56430001, filename: total_town_replacement_set-3.02a\ttrs3w.grf (md5sum matches)
     Removed NewGRF: GRF ID 4A430002, filename: industrial_stations_renewal.0.8.0\indstatrw.grf (md5sum matches)
     Removed NewGRF: GRF ID 6D620004, filename: coop\ottdc_grfpack_8.0\ottdc_grfpack\8_vehicles\ships\newships\newshipsw.grf (md5sum matches)
     Removed NewGRF: GRF ID FBFB0401, filename: metro_track_set.0.2.2\metrotracksetw.grf (md5sum matches)
     Removed NewGRF: GRF ID 54630002, filename: coop\ottdc_grfpack_8.0\ottdc_grfpack\4_infrastructure\road-cs\road-cs-ottd.grf (md5sum matches)
     Removed NewGRF: GRF ID 4D656F17, filename: coop\ottdc_grfpack_8.0\ottdc_grfpack\8_vehicles\road_vehicles\4LV\4LVw.grf (md5sum matches)
Tick 0: settings changed
     Setting changed: vehicle.dynamic_engines : 0 -> 1
Tick 0: settings changed
     Setting changed: vehicle.never_expire_vehicles : 0 -> 1
Tick 0: GRF config changed
     Added NewGRF: GRF ID 27711003, checksum 332CA2515DAB3E8D6C72F28F6918630E, filename: 2cc_trainset-2.0.0beta3\2cctrainset.grf (md5sum matches)
     Added NewGRF: GRF ID 52571201, checksum C1C7D8C53EB7E74EEE2F0EF29638B466, filename: egrvts.1.0\egrvts.grf (md5sum matches)
     Added NewGRF: GRF ID 41501202, checksum EA844EF3C0427A1ABD520A7861979AA9, filename: heqs_heavy_equipment_set-0.9.5\heqs.grf (md5sum matches)
     Added NewGRF: GRF ID 4D570102, checksum 8C41066F2430A1762047AB077B51EE63, filename: hover_bus.1.0\hoverbus_1.0.grf (md5sum matches)
     Added NewGRF: GRF ID 6D620004, checksum 70649F1AFC954942173B0AA89C1E8B14, filename: coop\ottdc_grfpack_8.0\ottdc_grfpack\8_vehicles\ships\newships\newshipsw.grf (md5sum matches)
     Added NewGRF: GRF ID FBFB0402, checksum C5D462B520ED5EEB3AF5619DA165DA35, filename: metro_track_set-1.1.0\metrotrk.grf (md5sum matches)
     Added NewGRF: GRF ID 05102002, checksum A8B77B8D1F20D43B6FA521B4C3A8FC50, filename: monolev_replacement_set_v0.3.6-0.3.7\mrsv037.grf (md5sum matches)
     Added NewGRF: GRF ID 54630002, checksum 5B3013612B24CE7C7478E683AAFDDBD0, filename: coop\ottdc_grfpack_8.0\ottdc_grfpack\4_infrastructure\road-cs\road-cs-ottd.grf (md5sum matches)
     Added NewGRF: GRF ID 52455400, checksum 1600687C50C5AB1E72EDD487CAD50E2A, filename: coded_by_aegir._artwork_by_aegir-1\ae_cityw.grf (md5sum matches)
     Added NewGRF: GRF ID 4A430002, checksum 0728ADCB4DF2F1EB9247ABD449296F4E, filename: industrial_stations_renewal.0.8.0\indstatrw.grf (md5sum matches)
     Added NewGRF: GRF ID 45520500, checksum 7E30CA79D5A8B3A6CBE873E26096D7D2, filename: coop\ottdc_grfpack_8.0\ottdc_grfpack\7_stations\modernsuburban\modernsuburbanw.GRF (md5sum matches)
     Added NewGRF: GRF ID 52455200, checksum 0E5A9C5ACD2BCAF7FA0658C3F905A660, filename: rural_stations-1\ae_ruraw.grf (md5sum matches)
     Added NewGRF: GRF ID 52455300, checksum 37C0B839B13C4B18051580C81EEDF427, filename: suburban_stations-1\ae_subuw.grf (md5sum matches)
     Added NewGRF: GRF ID 444E0400, checksum 735D3D74D5DCADBF1FD6EF7A9C5A3519, filename: vast_station_tiles-0.2.0\vast.grf (md5sum matches)
     Added NewGRF: GRF ID EC0D9110, checksum D1510A1006B03BCDAAFE562D5D05BACF, filename: raise_landscaping_costs.2\raise_landscaping_costs.grf (md5sum matches)
     Added NewGRF: GRF ID 56430001, checksum AF3E0A1E6EF0B98DB966594578D1775B, filename: total_town_replacement_set-3.02a\ttrs3w.grf (md5sum matches)
Tick 0: GRF config changed
     GRF order changed: 56430001 moved 8 places upGRF ID 56430001, filename: total_town_replacement_set-3.02a\ttrs3w.grf (md5sum matches)
     Removed NewGRF: GRF ID 56430001, filename: total_town_replacement_set-3.02a\ttrs3w.grf (md5sum matches)
Tick 0: GRF config changed
     GRF parameter changed: GRF ID 54630002, filename: coop\ottdc_grfpack_8.0\ottdc_grfpack\4_infrastructure\road-cs\road-cs-ottd.grf (md5sum matches)
Tick 0: game loaded
     Revision text changed to 1.0.5, savegame version 138, not modified, _openttd_newgrf_version = 0x1058531e
Tick 0: GRF config changed
     Added NewGRF: GRF ID 45530301, checksum 41D7AEA90293FD270204C84D2CD3E034, filename: speedrails.grf (md5sum matches)
Tick 0: game loaded
     New game mode: 1 landscape: 1
Tick 33: settings changed
     Setting changed: station.never_expire_airports : 0 -> 1
Tick 154: settings changed
     Setting changed: vehicle.freight_trains : 1 -> 2
Tick 154: settings changed
     Setting changed: vehicle.freight_trains : 2 -> 1
Tick 154: game loaded
     New game mode: 2 landscape: 1
Tick 154: settings changed
     Setting changed: vehicle.freight_trains : 1 -> 2
Tick 154: settings changed
     Setting changed: vehicle.freight_trains : 2 -> 3
Tick 154: settings changed
     Setting changed: vehicle.freight_trains : 3 -> 4
Tick 154: GRF config changed
     Compatible NewGRF loaded: GRF ID 41501202, checksum 341646D3E73F9368E856A80856EC89B0, filename: heqs_heavy_equipment_set-1.0\heqs.grf (md5sum matches)
     Removed NewGRF: GRF ID 6D620004, filename: coop\ottdc_grfpack_8.0\ottdc_grfpack\8_vehicles\ships\newships\newshipsw.grf (md5sum matches)
     GRF parameter changed: GRF ID 56430001, filename: total_town_replacement_set-3.11\ttrs3w.grf (matches GRFID only). Gamelog inconsistency: GrfID was never added!
     GRF parameter changed: GRF ID 54630002, filename: coop\ottdc_grfpack_8.0\ottdc_grfpack\4_infrastructure\road-cs\road-cs-ottd.grf (md5sum matches)
     Added NewGRF: GRF ID 49420105, checksum AA49A3545A80BFC1AE361F5D0B6D75BC, filename: snow_line_mod-1.0.0\snowlinemod.grf (md5sum matches)
     Added NewGRF: GRF ID 46727806, checksum 09E95562B1894A4D55D5532C6A889621, filename: opengfx_trees-0.2.2\opengfx+trees.grf (md5sum matches)
Tick 154: GRF config changed
     GRF parameter changed: GRF ID 49420105, filename: snow_line_mod-1.0.0\snowlinemod.grf (md5sum matches)
Tick 154: GRF config changed
     Added NewGRF: GRF ID 414E0101, checksum DEC8B87BC7F9F09B66BE441A1C002BE9, filename: fish_ship_set-0.7.0\fish.grf (md5sum matches)
Tick 154: GRF config changed
     Added NewGRF: GRF ID 425F0101, checksum 5E6DC9FD3D9364AC6ABE21E6B4D8CE3E, filename: very_large_ships.0.1\vl_shipw.grf (md5sum matches)
     Removed NewGRF: GRF ID 414E0101, filename: fish_ship_set-0.7.0\fish.grf (md5sum matches)
Tick 154: GRF config changed
     Added NewGRF: GRF ID 45530101, checksum 98FBBAEBB652B296DF7958ED0ADF7C8D, filename: spainsetwold\spainsetw.grf (md5sum matches)
Tick 154: settings changed
     Setting changed: vehicle.wagon_speed_limits : 1 -> 0
Tick 154: game loaded
     Revision text changed to 1.0.5, savegame version 138, maybe modified, _openttd_newgrf_version = 0x1058531e
Tick 154: GRF config changed
     Compatible NewGRF loaded: GRF ID 45530101, checksum F8A8A5EC2D2E595356E268AEED850055, filename: spainset_taster_1.28\spainsetw.grf (md5sum matches)
     Added NewGRF: GRF ID 414E0101, checksum 9FE1949FF50A22F6260A6D2D3FA45A2D, filename: fish_ship_set-0.8.2\fish.grf (md5sum matches)
Tick 154: game loaded
     Revision text changed to 1.0.5, savegame version 138, not modified, _openttd_newgrf_version = 0x1058531e
Tick 154: GRF config changed
     GRF parameter changed: GRF ID 49420105, filename: snow_line_mod-1.0.0\snowlinemod.grf (md5sum matches)
Tick 154: game loaded
     New game mode: 1 landscape: 1
Tick 155: game loaded
     Revision text changed to 1.1.0-beta5, savegame version 159, maybe modified, _openttd_newgrf_version = 0x110055d0
     New game mode: 2 landscape: 1
Tick 155: GRF config changed
     GRF order changed: 27711003 moved 8 places downGRF ID 27711003, filename: 2cc_trainset-2.0.0beta3\2cctrainset.grf (md5sum matches)
     GRF order changed: 52571201 moved 1 places downGRF ID 52571201, filename: egrvts.1.0\egrvts.grf (md5sum matches)
     GRF parameter changed: GRF ID 41501202, filename: heqs_heavy_equipment_set-1.0\heqs.grf (md5sum matches)
     Added NewGRF: GRF ID 52571208, checksum DC83DAB2933FACCB91678D4F75ABCCC6, filename: generic_cars-0.4\cars.grf (md5sum matches)
     Removed NewGRF: GRF ID 4D570102, filename: hover_bus.1.0\hoverbus_1.0.grf (md5sum matches)
     GRF order changed: FBFB0402 moved 6 places downGRF ID FBFB0402, filename: metro_track_set-1.1.0\metrotrk.grf (md5sum matches)
     GRF order changed: 05102002 moved 9 places downGRF ID 05102002, filename: monolev_replacement_set_v0.3.6-0.3.7\mrsv037.grf (md5sum matches)
     GRF order changed: 56430001 moved 17 places downGRF ID 56430001, filename: total_town_replacement_set-3.11\ttrs3w.grf (matches GRFID only). Gamelog inconsistency: GrfID was never added!
     GRF order changed: 414E0101 moved 12 places upGRF ID 414E0101, filename: fish_ship_set-0.8.2\fish.grf (md5sum matches)
     Added NewGRF: GRF ID 4F472B33, checksum D4348CB78583CAAB380F8C6904714532, filename: ogfx-industries\ogfx-industries.grf (md5sum matches)
     GRF order changed: 46727806 moved 9 places upGRF ID 46727806, filename: opengfx_trees-0.2.2\opengfx+trees.grf (md5sum matches)
     GRF order changed: 45530101 moved 11 places upGRF ID 45530101, filename: spainset_taster_1.28\spainsetw.grf (md5sum matches)
     GRF order changed: 45530301 moved 7 places upGRF ID 45530301, filename: speedrails.grf (md5sum matches)
     Added NewGRF: GRF ID 4D4C0100, checksum 1E2A243600434194FB100E72E507D5EF, filename: coop\ottdc_grfpack_8.0\ottdc_grfpack\4_infrastructure\dutchcat\dutchcatw.grf (md5sum matches)
     GRF order changed: 52455400 moved 1 places downGRF ID 52455400, filename: coded_by_aegir._artwork_by_aegir-1\ae_cityw.grf (md5sum matches)
     GRF order changed: 52455300 moved 2 places upGRF ID 52455300, filename: suburban_stations-1\ae_subuw.grf (md5sum matches)
     Added NewGRF: GRF ID 4D470303, checksum 8F903FAC3099CA3C9A296AAECBB27A75, filename: basemod-3.2\basecosts.grf (md5sum matches)
     Removed NewGRF: GRF ID EC0D9110, filename: raise_landscaping_costs.2\raise_landscaping_costs.grf (md5sum matches)
     Removed NewGRF: GRF ID 45530301, filename: speedrails.grf (md5sum matches)
     Removed NewGRF: GRF ID 49420105, filename: snow_line_mod-1.0.0\snowlinemod.grf (md5sum matches)
     Removed NewGRF: GRF ID 46727806, filename: opengfx_trees-0.2.2\opengfx+trees.grf (md5sum matches)
     Removed NewGRF: GRF ID 425F0101, filename: very_large_ships.0.1\vl_shipw.grf (md5sum matches)
     Removed NewGRF: GRF ID 45530101, filename: spainset_taster_1.28\spainsetw.grf (md5sum matches)
     Removed NewGRF: GRF ID 414E0101, filename: fish_ship_set-0.8.2\fish.grf (md5sum matches)
Tick 155: GRF config changed
     GRF order changed: 56430001 moved 20 places upGRF ID 56430001, filename: total_town_replacement_set-3.11\ttrs3w.grf (matches GRFID only). Gamelog inconsistency: GrfID was never added!
     Removed NewGRF: GRF ID 56430001, filename: total_town_replacement_set-3.11\ttrs3w.grf (matches GRFID only). Gamelog inconsistency: GrfID was never added!
Tick 155: GRF config changed
     GRF parameter changed: GRF ID 56430001, filename: total_town_replacement_set-3.11\ttrs3w.grf (matches GRFID only). Gamelog inconsistency: GrfID was never added!
Tick 155: game loaded
     New game mode: 1 landscape: 1
Tick 55989: game loaded
     Revision text changed to 1.1.0-RC1, savegame version 160, not modified, _openttd_newgrf_version = 0x11005658
Tick 24392: game loaded
     Revision text changed to 1.1.0-RC1, savegame version 160, not modified, _openttd_newgrf_version = 0x11005657
---- gamelog end ----

*** End of OpenTTD Crash Report ***

Decoded stack trace:
[00] KERNELBASE           0x000007FEFD0DAA7D RaiseException + 61
[01] openttd              0x00000001400AB141
[02] openttd              0x00000001400AA3C6
[03] openttd              0x000000013FDD3921
[04] openttd              0x000000013FEAF439
[05] openttd              0x000000013FDA0E20
[06] openttd              0x000000013FE79634
[07] openttd              0x000000013FD97BE7
[08] openttd              0x000000013FD9752E
[09] openttd              0x000000013FDCB176
[10] openttd              0x000000013FDC9587
[11] openttd              0x000000013FDC5B0E
[12] openttd              0x000000013FDD6CBE
[13] openttd              0x000000013FFB0435
[14] openttd              0x000000013FDD563D
[15] openttd              0x000000013FFB28B2
[16] openttd              0x00000001400AD069
[17] kernel32             0x0000000076F3F56D BaseThreadInitThunk + 13
[18] ntdll                0x0000000077073021 RtlUserThreadStart + 33

*** End of additional info ***
