*** OpenTTD Crash Report ***

Crash at: Sun Dec 15 15:53:47 2013
In game date: 2051-05-09 (27)

Crash reason:
 Exception: E1212012
 Location:  000007FEFC2E940D
 Message:   Assertion failed at line 82 of ..\src\fontcache.cpp: IsPrintable(key)

OpenTTD version:
 Version:    r26160 (0)
 NewGRF ver: 14006630
 Bits:       64
 Endian:     little
 Dedicated:  no
 Build date: Dec 14 2013 19:17:05

Registers:
 RAX: 0000000078226424 RBX: 0000000000000016 RCX: 000000000022C610 RDX: 0000000000000000
 RSI: 0000000000000000 RDI: 0000000000000008 RBP: 000000000D769EB0 RSP: 000000000022CC20
 R8:  0000000000000000 R9:  0000000000000000 R10: 0000000000000000 R11: 0000000000000286
 R12: 0000000140A74B50 R13: 0000000140042880 R14: 0000000000000001 R15: 0000005400000000
 RIP: 000007FEFC2E940D EFLAGS: 00000206

 Bytes at instruction pointer:
 48 81 C4 C8 00 00 00 C3 90 90 90 90 90 90 90 90 90 90 90 48 8B C4 48 83

Stack trace:
 00000016 00000000 00000000 00000000 00000008 00000000 00000001 00000000
 E1212012 00000000 00000000 00000000 FC2E940D 000007FE 00000000 00000000
 40F88050 00000001 7709146B 00000000 F321D094 000007FE 000510FA 00000000
 00000010 00000000 409E2CA8 00000001 00000050 00000000 000510FA 00000000
 00000000 00000000 77273C2A 00000000 409E2CA8 00000001 00000010 00000000
 00000000 00000000 00000000 00000000 00000000 00000000 00000000 00000000
 00000001 00000000 4012E259 00000001 00000016 00000000 EAA98F47 00000000
 00000001 00000000 77269CAA 00000000 00000000 00000000 00000000 00000054
 00000000 00000000 00000002 00000000 0022D1A0 00000000 0022D0E8 00000000
 0022D720 00000000 4012D610 00000001 00000001 00000000 40953D9C 00000001
 0000000D 00000000 FFFFFFFF 00000000 40953D9C 00000001 3FDBD1E7 00000001
 40953D9C 00000001 0D769EB0 00000000 0000000D 00000000 3FDDEB94 00000001
 65737341 6F697472 6166206E 64656C69 20746120 656E696C 20323820 2E20666F
 72735C2E 6F665C63 6163746E 2E656863 3A707063 50734920 746E6972 656C6261
 79656B28 00000029 02340274 00000000 02340560 00000000 77293448 00000000
 00000000 00000000 00000040 00000000 FFFF0000 00000000 02340470 00000000
 77355430 00000001 00000000 00000000 00000000 00000000 00000000 00000000
 00000000 00000000 00000000 00000000 00000000 00000000 77293448 00000000
 00000000 00000000 00000010 00000000 0D7E9030 00000000 02340470 00000000
 0D769F10 00000000 00000000 00000000 00000001 00000000 02340080 00000000
 00000000 00000000 02340270 00000000 023404A0 00000000 02340280 00000000
 0D7F2090 00000000 0D7D42F6 00000000 0D769EB0 00000000 40165744 00000001
 77355430 00000000 00000000 00000000 00000010 00000000 024E0000 00000000
 0022D720 00000000 4015FCB9 00000001 0000005D 00000000 77295A00 00000000

Operating system:
 Name:     Windows
 Release:  6.1.7601 (Service Pack 1)
 Compiler: MSVC 1600

Configuration:
 Blitter:      8bpp-optimized
 Graphics set: OpenGFX (1021)
 Language:     D:\ttd\OpenTTD\Nightly\openttd-trunk-r26160-windows-win64\lang\dutch.lng
 Music driver: win32
 Music set:    original_windows (1)
 Network:      no
 Sound driver: win32
 Sound set:    NoSound (2)
 Video driver: win32

AI Configuration (local: 0):
  0: Human

Libraries:
 FreeType:   2.4.11
 ICU:        51.2
 LZMA:       5.0.4
 LZO:        2.06
 PNG:        1.5.14
 Zlib:       1.2.7

Module information:
 D:\ttd\OpenTTD\Nightly\openttd-trunk-r26160-windows-win64\openttd.exe handle: 000000013FD60000 size: 14031872 crc: 086745B3 date: 2013-12-14 18:21:58
 C:\Windows\SYSTEM32\ntdll.dll handle: 0000000077240000 size: 1732032 crc: 5BF564D3 date: 2013-08-29 02:16:35
 C:\Windows\system32\kernel32.dll handle: 0000000077120000 size: 1161216 crc: ED45D5AA date: 2013-08-02 02:13:34
 C:\Windows\system32\KERNELBASE.dll handle: 000007FEFC2E0000 size: 424448 crc: 816D1584 date: 2013-08-02 02:13:34
 C:\Windows\system32\WINMM.dll handle: 000007FEFAE60000 size: 217600 crc: 7BC1529F date: 2009-07-14 01:41:56
 C:\Windows\system32\msvcrt.dll handle: 000007FEFCC00000 size: 634880 crc: 9D1B448A date: 2011-12-16 08:46:06
 C:\Windows\system32\USER32.dll handle: 0000000077020000 size: 1008128 crc: 70FF7D7F date: 2010-11-20 13:27:27
 C:\Windows\system32\GDI32.dll handle: 000007FEFDC40000 size: 404480 crc: DCBD7E30 date: 2013-10-03 02:23:48
 C:\Windows\system32\LPK.dll handle: 000007FEFDDC0000 size: 41472 crc: EE04F660 date: 2013-06-06 05:50:51
 C:\Windows\system32\USP10.dll handle: 000007FEFC9D0000 size: 800768 crc: ED52987B date: 2012-11-22 05:44:23
 C:\Windows\system32\WS2_32.dll handle: 000007FEFE420000 size: 297984 crc: 0F68689B date: 2010-11-20 13:27:29
 C:\Windows\system32\RPCRT4.dll handle: 000007FEFE510000 size: 1217024 crc: 91581142 date: 2013-07-09 05:51:16
 C:\Windows\system32\NSI.dll handle: 000007FEFC8E0000 size: 13824 crc: 53B46F6C date: 2009-07-14 01:41:53
 C:\Windows\system32\IMM32.dll handle: 000007FEFC610000 size: 167424 crc: 41B2805A date: 2009-07-14 01:41:09
 C:\Windows\system32\MSCTF.dll handle: 000007FEFDCB0000 size: 1067008 crc: 798DDDA0 date: 2009-07-14 01:41:28
 C:\Windows\system32\ADVAPI32.dll handle: 000007FEFC8F0000 size: 878080 crc: D0A62838 date: 2013-08-29 02:13:28
 C:\Windows\SYSTEM32\sechost.dll handle: 000007FEFE810000 size: 113664 crc: 978CFAE5 date: 2009-07-14 01:41:53
 C:\Windows\system32\SHELL32.dll handle: 000007FEFCEB0000 size: 14172672 crc: 1287D1E7 date: 2013-07-26 02:24:57
 C:\Windows\system32\SHLWAPI.dll handle: 000007FEFE640000 size: 448512 crc: 086DF743 date: 2010-11-20 13:27:25
 C:\Windows\system32\guard64.dll handle: 0000000180000000 size: 390392 crc: 691278C0 date: 2012-11-07 22:37:32
 C:\Windows\system32\fltlib.dll handle: 000007FEFC0A0000 size: 19456 crc: C0616299 date: 2009-07-14 01:40:54
 C:\Windows\system32\ole32.dll handle: 000007FEFCCA0000 size: 2086912 crc: 72F91CD0 date: 2010-11-20 13:27:23
 C:\Windows\system32\uxtheme.dll handle: 000007FEFACC0000 size: 332288 crc: B0A13DF9 date: 2009-07-14 01:41:56
 C:\Windows\system32\dwmapi.dll handle: 000007FEFA070000 size: 82432 crc: A459F360 date: 2009-07-14 01:40:34
 C:\Windows\system32\CRYPTBASE.dll handle: 000007FEFBEC0000 size: 44032 crc: F547C16E date: 2009-07-14 01:40:24
 C:\Windows\system32\mswsock.dll handle: 000007FEFB890000 size: 327168 crc: 2C87855E date: 2013-09-08 02:27:14
 C:\Windows\System32\wshtcpip.dll handle: 000007FEFB580000 size: 13312 crc: 5D1E2C55 date: 2009-07-14 01:41:58
 C:\Windows\system32\MMDevAPI.DLL handle: 000007FEFA090000 size: 284160 crc: CDF2EF81 date: 2009-07-14 01:41:26
 C:\Windows\system32\PROPSYS.dll handle: 000007FEFA630000 size: 1212416 crc: B83FA3BE date: 2010-11-20 13:27:23
 C:\Windows\system32\OLEAUT32.dll handle: 000007FEFDDD0000 size: 861696 crc: 1F331414 date: 2011-08-27 05:37:49
 C:\Windows\system32\wdmaud.drv handle: 000007FEF9730000 size: 217088 crc: 12829973 date: 2010-11-20 13:24:21
 C:\Windows\system32\ksuser.dll handle: 0000000074E00000 size: 5120 crc: AA2071D9 date: 2009-07-14 01:41:13
 C:\Windows\system32\AVRT.dll handle: 000007FEF9B10000 size: 18432 crc: 5CE53CB7 date: 2009-07-14 01:40:05
 C:\Windows\system32\SETUPAPI.dll handle: 000007FEFC640000 size: 1900544 crc: A364BD6A date: 2010-11-20 13:27:25
 C:\Windows\system32\CFGMGR32.dll handle: 000007FEFC510000 size: 207872 crc: 1984C339 date: 2010-11-20 13:25:50
 C:\Windows\system32\DEVOBJ.dll handle: 000007FEFC350000 size: 93184 crc: A7541AE2 date: 2009-07-14 01:40:28
 C:\Windows\system32\AUDIOSES.DLL handle: 000007FEF9470000 size: 296448 crc: 90389554 date: 2010-11-20 13:25:42
 C:\Windows\system32\msacm32.drv handle: 000007FEF9460000 size: 25600 crc: 2B579A05 date: 2009-07-14 01:38:50
 C:\Windows\system32\MSACM32.dll handle: 000007FEF9440000 size: 83456 crc: 3D67538B date: 2009-07-14 01:41:27
 C:\Windows\system32\midimap.dll handle: 000007FEF9430000 size: 20480 crc: CB902A13 date: 2009-07-14 01:41:23
 C:\Windows\system32\CLBCatQ.DLL handle: 000007FEFE470000 size: 607744 crc: 939E35C9 date: 2009-07-14 01:40:15
 C:\Windows\system32\psapi.dll handle: 0000000077410000 size: 9216 crc: 84B5E9BA date: 2009-07-14 01:41:53

---- gamelog start ----
Tick 62675: game loaded
     Conversion from OTTD savegame without gamelog: version 4, 1
     Revision text changed to r26160, savegame version 187, not modified, _openttd_newgrf_version = 0x14006630
     New game mode: 0 landscape: 1
     Added NewGRF: GRF ID 4A430002, checksum 2A214CB9C68182C4C3B9206A28FC4185, filename: industrial_stations_renewal-0.8.2\indstatr.grf (md5sum matches)
---- gamelog end ----

*** End of OpenTTD Crash Report ***

Decoded stack trace:
[00] KERNELBASE           0x000007FEFC2E940D RaiseException + 61
[01] openttd              0x000000014012E259
[02] openttd              0x000000014012D610
[03] openttd              0x000000013FDBD1E7
[04] openttd              0x000000013FD89277
[05] openttd              0x000000014012595A
[06] openttd              0x000000014015E843
[07] openttd              0x0000000140155DE1
[08] openttd              0x0000000140156358
[09] openttd              0x0000000140151E07
[10] openttd              0x000000014014EF92
[11] openttd              0x000000014014E2B4
[12] openttd              0x000000014014E7F0
[13] openttd              0x0000000140127047
[14] openttd              0x000000013FD92D77
[15] openttd              0x000000013FD8DD53
[16] openttd              0x000000013FD8DDE9
[17] openttd              0x000000013FE65E70
[18] openttd              0x000000013FDFADC6
[19] openttd              0x000000013FDF852D
[20] openttd              0x000000013FDF936F
[21] openttd              0x000000013FDF852D
[22] openttd              0x000000013FDF936F
[23] openttd              0x000000013FDF852D
[24] openttd              0x000000013FDFF671
[25] openttd              0x000000013FE66B0B
[26] openttd              0x000000013FE3383E
[27] openttd              0x000000013FDFE1FF
[28] openttd              0x000000013FE014B5
[29] openttd              0x000000013FE0175F
[30] openttd              0x000000014004068F
[31] USER32               0x0000000077039BD1 TranslateMessageEx + 673
[32] USER32               0x00000000770398DA TranslateMessage + 490
[33] openttd              0x0000000140040E75
[34] openttd              0x000000013FDBF3D3
[35] openttd              0x00000001400436A7
[36] openttd              0x000000014012FCD4
[37] kernel32             0x000000007713652D BaseThreadInitThunk + 13
[38] ntdll                0x000000007726C541 RtlUserThreadStart + 33

*** End of additional info ***
