*** OpenTTD Crash Report ***

Crash at: Thu Nov 12 18:01:06 2015
In game date: 2012-06-09 (67)

Crash reason:
 Exception: C0000005
 Location:  000000013F495CEA
 Message:   <none>

OpenTTD version:
 Version:    1.5.2 (0)
 NewGRF ver: 15286b01
 Bits:       64
 Endian:     little
 Dedicated:  no
 Build date: Sep  1 2015 19:01:08

Registers:
 RAX: 000000113F56F0D8 RBX: 0000000000000010 RCX: 000000000221D4E0 RDX: 0000000000000011
 RSI: 000000002838B4E0 RDI: 0000000000000010 RBP: 000000000016E500 RSP: 000000000016E1A0
 R8:  0000000000000010 R9:  0000000000000000 R10: 0000000000000080 R11: 000000000016E3E0
 R12: 000000000016E588 R13: 0000000000000000 R14: 0000000000000000 R15: 000000000016E5E4
 RIP: 000000013F495CEA EFLAGS: 00010202

 Bytes at instruction pointer:
 FF 90 80 00 00 00 48 8B 8C 24 D0 01 00 00 48 33 CC E8 B0 91 00 00 4C 8D

Stack trace:
 00000002 00000000 00000020 00000000 0016E2A0 00000000 0016EDCF 00000000
 0016E340 00000000 3F49821F 00000001 00000020 00000000 FFFFFFFE FFFFFFFF
 01B96650 00000000 771FF9B8 00000000 00000001 00000000 00000020 00000000
 01970480 001FDDBC 01B964A0 00000000 0000001F 00000000 3F173DF2 00000001
 00000000 00000000 00000000 00000000 00000000 00000000 00000000 00000000
 0016E5D0 00000000 00000000 00000000 0016E5D0 00000000 020C73E0 00000000
 02152210 00000000 0016E399 00000000 2A7F4C50 00000000 76FB1A7A 00000000
 285ADAE0 00000000 00000000 00000000 00000013 00000000 0016E5D0 00000000
 0016E340 00000000 3F497AA8 00000001 0016E340 00000000 00000013 00000000
 00000000 00000000 00000020 00000000 2A7F4C50 00000000 3F18161B 00000001
 2A7F4C50 00000000 00000013 00000000 00000020 00000000 285ADAE0 00000000
 00000002 00000001 00000020 00000000 00000004 00000000 3F17FB28 00000001
 00000001 00000000 0016E5D0 00000000 00000000 00000000 00000000 00000000
 28F60750 00000000 0000012D 00000000 00000013 00000000 0000001F 00000000
 00000001 00000000 FFFFFFFE FFFFFFFF 8913681E 00001D69 00000000 00000000
 00000010 00000000 3F49714A 00000001 00000001 00000000 0016E5D0 00000000
 2838B4E0 00000000 00000000 00000000 00000010 00000000 3F17FC18 00000001
 2A7F4CA0 00000000 76FB1A7A 00000000 05111310 00000000 00000000 00000000
 FFFFFFFE FFFFFFFF 0016E588 00000000 2A7F4CA0 00000000 3F180EC6 00000001
 0016E5E3 00000000 00000010 00000000 2751A5E0 00000000 00000000 00000000
 00000001 00000000 0016E5D0 00000000 00000001 00000000 28F5CC78 00000000
 00000008 00000000 00000001 00000000 00000000 00000010 00000000 00000000
 00000000 00000000 2A7F4CA0 00000000 00000001 00000000 0016E5D0 00000000
 00000000 00000000 00000001 00000000 00000049 00000000 0000012D 00000000

Operating system:
 Name:     Windows
 Release:  6.1.7601 (Service Pack 1)
 Compiler: MSVC 1600

Configuration:
 Blitter:      32bpp-anim
 Graphics set: OpenGFX (5580)
 Language:     C:\Users\Luiz Pedro\Desktop\Jogos\Openttd-1.5.2 (Windows 64)\lang\brazilian_portuguese.lng
 Music driver: win32
 Music set:    OpenMSX (96)
 Network:      no
 Sound driver: win32
 Sound set:    OpenSFX (87)
 Video driver: win32

Fonts:
 Small:  sprite
 Medium: sprite
 Large:  sprite
 Mono:   sprite

AI Configuration (local: 0):
  0: Human

Libraries:
 FreeType:   2.4.11
 ICU:        51.2
 LZMA:       5.0.4
 LZO:        2.06
 PNG:        1.5.14
 Zlib:       1.2.7

Module information:
 C:\Users\Luiz Pedro\Desktop\Jogos\Openttd-1.5.2 (Windows 64)\openttd.exe handle: 000000013F150000 size: 13468160 crc: A3DFB6C2 date: 2015-09-01 22:05:14
 C:\Windows\SYSTEM32\ntdll.dll handle: 00000000771B0000 size: 1730496 crc: 195DE4C6 date: 2015-10-20 01:09:05
 C:\Windows\system32\kernel32.dll handle: 0000000076F90000 size: 1164800 crc: A7EBFA1A date: 2015-10-20 01:05:40
 C:\Windows\system32\KERNELBASE.dll handle: 000007FEFD090000 size: 424960 crc: 18F9E1FB date: 2015-10-20 01:05:40
 C:\Windows\system32\WINMM.dll handle: 000007FEF73A0000 size: 217600 crc: 7BC1529F date: 2009-07-14 01:41:56
 C:\Windows\system32\msvcrt.dll handle: 000007FEFF2E0000 size: 634880 crc: 9D1B448A date: 2011-12-16 08:46:06
 C:\Windows\system32\USER32.dll handle: 00000000770B0000 size: 1008640 crc: 390AABAD date: 2015-11-10 18:55:26
 C:\Windows\system32\GDI32.dll handle: 000007FEFF070000 size: 404992 crc: 66195D86 date: 2015-06-17 17:47:05
 C:\Windows\system32\LPK.dll handle: 000007FEFD330000 size: 41984 crc: 62A64E28 date: 2015-09-02 03:04:49
 C:\Windows\system32\USP10.dll handle: 000007FEFD910000 size: 802304 crc: 3DC2D6D4 date: 2015-11-03 19:04:51
 C:\Windows\system32\WS2_32.dll handle: 000007FEFE290000 size: 297984 crc: 0F68689B date: 2010-11-20 13:27:29
 C:\Windows\system32\RPCRT4.dll handle: 000007FEFD9E0000 size: 1216512 crc: 53BEB8CF date: 2015-10-20 01:05:47
 C:\Windows\system32\NSI.dll handle: 000007FEFF2D0000 size: 13824 crc: 53B46F6C date: 2009-07-14 01:41:53
 C:\Windows\system32\IMM32.dll handle: 000007FEFDB10000 size: 167424 crc: 41B2805A date: 2009-07-14 01:41:09
 C:\Windows\system32\MSCTF.dll handle: 000007FEFF1C0000 size: 1067520 crc: 362B3A40 date: 2015-01-17 02:48:38
 C:\Windows\system32\ADVAPI32.dll handle: 000007FEFF380000 size: 879104 crc: A9B71365 date: 2015-07-23 00:02:31
 C:\Windows\SYSTEM32\sechost.dll handle: 000007FEFD310000 size: 113664 crc: 98A6ADF4 date: 2015-05-25 18:19:09
 C:\Windows\system32\SHELL32.dll handle: 000007FEFE2E0000 size: 14176768 crc: B1F4C165 date: 2015-08-06 18:04:07
 C:\Windows\system32\SHLWAPI.dll handle: 000007FEFD3C0000 size: 448512 crc: 086DF743 date: 2010-11-20 13:27:25
 C:\Windows\system32\ole32.dll handle: 000007FEFDCD0000 size: 2087424 crc: 5DA42F8C date: 2015-07-04 18:07:11
 C:\Windows\system32\uxtheme.dll handle: 000007FEFB970000 size: 332288 crc: B0A13DF9 date: 2009-07-14 01:41:56
 C:\Windows\system32\dwmapi.dll handle: 000007FEFB3C0000 size: 82944 crc: F979E48B date: 2015-07-09 17:58:26
 C:\Windows\system32\CRYPTBASE.dll handle: 000007FEFCDF0000 size: 44032 crc: E01CDA74 date: 2015-10-20 01:05:34
 C:\Windows\system32\mswsock.dll handle: 000007FEFC730000 size: 327168 crc: 2C87855E date: 2013-09-08 02:27:14
 C:\Windows\System32\wshtcpip.dll handle: 000007FEFC110000 size: 13312 crc: 5D1E2C55 date: 2009-07-14 01:41:58
 C:\Windows\system32\MMDevAPI.DLL handle: 000007FEFB370000 size: 284160 crc: CDF2EF81 date: 2009-07-14 01:41:26
 C:\Windows\system32\PROPSYS.dll handle: 000007FEFB9D0000 size: 1212416 crc: B83FA3BE date: 2010-11-20 13:27:23
 C:\Windows\system32\OLEAUT32.dll handle: 000007FEFF0E0000 size: 861696 crc: 2B84F0E4 date: 2014-11-26 03:53:59
 C:\Windows\system32\wdmaud.drv handle: 000007FEF6AF0000 size: 217088 crc: 12829973 date: 2010-11-20 13:24:21
 C:\Windows\system32\ksuser.dll handle: 0000000073910000 size: 5120 crc: AA2071D9 date: 2009-07-14 01:41:13
 C:\Windows\system32\AVRT.dll handle: 000007FEFB360000 size: 18432 crc: 5CE53CB7 date: 2009-07-14 01:40:05
 C:\Windows\system32\SETUPAPI.dll handle: 000007FEFD460000 size: 1900544 crc: A364BD6A date: 2010-11-20 13:27:25
 C:\Windows\system32\CFGMGR32.dll handle: 000007FEFD2C0000 size: 207872 crc: 1984C339 date: 2010-11-20 13:25:50
 C:\Windows\system32\DEVOBJ.dll handle: 000007FEFCFB0000 size: 93184 crc: A7541AE2 date: 2009-07-14 01:40:28
 C:\Windows\system32\AUDIOSES.DLL handle: 000007FEF9F80000 size: 296448 crc: E010A4A9 date: 2015-02-03 03:30:55
 C:\Windows\system32\msacm32.drv handle: 000007FEF9E90000 size: 25600 crc: 2B579A05 date: 2009-07-14 01:38:50
 C:\Windows\system32\MSACM32.dll handle: 000007FEF9CE0000 size: 83456 crc: 3D67538B date: 2009-07-14 01:41:27
 C:\Windows\system32\midimap.dll handle: 000007FEF9E80000 size: 20480 crc: CB902A13 date: 2009-07-14 01:41:23
 C:\Windows\system32\CLBCatQ.DLL handle: 000007FEFDF80000 size: 607744 crc: 939E35C9 date: 2009-07-14 01:40:15
 C:\Windows\system32\psapi.dll handle: 0000000077370000 size: 9216 crc: 84B5E9BA date: 2009-07-14 01:41:53

---- gamelog start ----
Tick 0: new game started
Revision text changed to 1.5.2, savegame version 194, not modified, _openttd_newgrf_version = 0x15286b01
New game mode: 1 landscape: 0
Added NewGRF: GRF ID 79210502, checksum FAFE655EC51D907391C38B116B199307, filename: brazilian_town_names-2.0\braziliantownnames.grf (md5sum matches)
Added NewGRF: GRF ID F1250005, checksum 04817A8E04171941B350B8363AF798AB, filename: firs_industry_replacement_set-1.4.5\firs.grf (md5sum matches)
Added NewGRF: GRF ID 4A530117, checksum CA32127C974FD70434F9CA4E0AD4A501, filename: ecs__firs_vehicle_set-2014.11.26\efrefit.grf (md5sum matches)
---- gamelog end ----

*** End of OpenTTD Crash Report ***

Decoded stack trace:
[00] openttd              0x000000013F495CEA
[01] openttd              0x000000013F49714A
[02] openttd              0x000000013F17FC18
[03] openttd              0x000000013F180EC6
[04] openttd              0x000000013F17C3D1
[05] openttd              0x000000013F17C45F
[06] openttd              0x000000013F1D6BEB
[07] openttd              0x000000013F1D3FA3
[08] openttd              0x000000013F1D3F38
 <infinite loop>

*** End of additional info ***
