*** OpenTTD Crash Report ***

Crash at: Thu Jan 27 00:16:46 2011
In game date: 2047-01-15 (35)

Crash reason:
 Exception: E1212012
 Location:  000007FEFD10AA7D
 Message:   Disconnecting road vehicle.

OpenTTD version:
 Version:    r21917 (0)
 NewGRF ver: 1100559d
 Bits:       64
 Endian:     little
 Dedicated:  no
 Build date: Jan 26 2011 19:26:42

Registers:
 RAX: 000000007607AB6C RBX: 0000000000000016 RCX: 000000000019DCA0 RDX: 0000000000000000
 RSI: 0000000000000000 RDI: 0000000000000008 RBP: 0000000000000000 RSP: 000000000019E2B0
 R8:  0000000000000000 R9:  0000000000000000 R10: 0000000000000000 R11: 0000000000000286
 R12: 00000001403A5730 R13: 000000013FC8FFE8 R14: 0000000000000001 R15: 0000000076FBF59B
 RIP: 000007FEFD10AA7D EFLAGS: 00000206

 Bytes at instruction pointer:
 48 81 C4 C8 00 00 00 C3 90 90 90 90 90 90 90 90 90 90 90 48 83 EC 48 83

Stack trace:
 00000016 00000000 00000000 00000000 00000008 00000000 0019E2E8 00000000
 E1212012 00000000 00000000 00000000 FD10AA7D 000007FE 00000000 00000000
 00000048 00000000 00000001 00000000 00000000 00000000 00000000 00000000
 00000070 00000000 FFFFFFFF FFFFFFFF FFFFFFFF FFFFFFFF 76FCC333 00000000
 00390230 00000000 770EFF9A 00000000 00390338 00000000 00390268 00000000
 00000000 00000000 76FCA01B 00000000 00000000 00000000 770D3908 00000000
 00000001 00000000 3FD89661 00000001 00000016 00000000 87F1221E 00000000
 0041BC90 00000000 00390230 00000000 00000000 00000000 770E7B3A 00000000
 00896A80 00000000 76FBF59B 00000000 3FA70000 00000001 000000FF 00000000
 000F00DF 00000000 00000007 00000000 00000005 00000000 3FD888E6 00000001
 00000001 00000000 00000083 00000000 05B18C30 00000000 00000002 00000000
 00000000 00000000 770FFC65 00000000 00000000 00000000 00000000 00000000
 77138B3C 00000000 04000004 00000000 0019E478 00000000 00000030 00000003
 76FBF5BA 00000000 76FCBAF9 00000000 00895708 00000000 0019E4A8 00000000
 00000000 00000000 00896A80 00000000 0000000C 00000000 00000000 00000000
 00000000 00000000 770D3908 00000000 770F5BC0 00000000 76FD764C 00000000
 0008084A 00000000 00896A80 00000000 00000001 00000000 00000001 00000000
 00000001 00000000 990A21FA FFFFFFFF 00000000 00000000 00000000 00000000
 00000008 00000000 00000010 00000000 0041B650 00000000 00390000 00000000
 0041B640 00000000 77101F05 00000000 00390000 00000000 0041B601 00000000
 00000000 00000000 0041B650 00000000 0008084A 00000000 770232C4 00000000
 00000001 00000000 0008084A 00000000 770232C4 00000000 0019E8B0 00000000
 00000000 00000000 4042ED98 00000001 00010003 00000000 00000001 00000000
 00000001 00000000 77022825 00000000 0041B650 00000000 0041B650 00000000

Operating system:
 Name:     Windows
 Release:  6.1.7600 (Service Pack 2)
 Compiler: MSVC 1500

Configuration:
 Blitter:      8bpp-optimized
 Graphics set: OpenGFX (593)
 Language:     D:\games\openttd\_latest_nightly\openttd-trunk-r21917-windows-win64\lang\english_US.lng
 Music driver: win32
 Music set:    NoMusic (0)
 Network:      no
 Sound driver: win32
 Sound set:    NoSound (2)
 Video driver: win32

AI Configuration (local: 0):
  0: Human
  1: trAIns (v2)
  2: StreetTraffic (v1)
  3: Denver & Rio Grande (v1)
  4: Trans (v100307)
  5: NoCAB (v484)
  6: Human
  7: AdmiralAI (v22)
  8: TownCars (v4)
 13: Denver & Rio Grande (v1)

Libraries:
 FreeType:   2.4.4
 ICU:        4.4.2
 LZMA:       5.0.0
 LZO:        2.03
 PNG:        1.4.5
 Zlib:       1.2.5

Module information:
 D:\games\openttd\_latest_nightly\openttd-trunk-r21917-windows-win64\openttd.exe handle: 000000013FA70000 size: 9900032 crc: 038C71D4 date: 2011-01-26 18:30:34
 C:\Windows\SYSTEM32\ntdll.dll handle: 00000000770B0000 size: 1736608 crc: 51E6A99D date: 2010-03-24 06:59:44
 C:\Windows\system32\kernel32.dll handle: 0000000076E90000 size: 1162240 crc: 822946F0 date: 2009-07-14 01:41:13
 C:\Windows\system32\KERNELBASE.dll handle: 000007FEFD100000 size: 421376 crc: 68F689E4 date: 2009-07-14 01:41:13
 C:\Windows\system32\WINMM.dll handle: 000007FEFAE60000 size: 217600 crc: 7BC1529F date: 2009-07-14 01:41:56
 C:\Windows\system32\msvcrt.dll handle: 000007FEFD7F0000 size: 634880 crc: 7F3E716F date: 2009-07-14 01:41:32
 C:\Windows\system32\USER32.dll handle: 0000000076FB0000 size: 1008640 crc: 95FA0345 date: 2009-07-14 01:41:56
 C:\Windows\system32\GDI32.dll handle: 000007FEFD400000 size: 404480 crc: 0F1BAE69 date: 2009-07-14 01:40:56
 C:\Windows\system32\LPK.dll handle: 000007FEFE930000 size: 41984 crc: 350AF03B date: 2009-07-14 01:41:19
 C:\Windows\system32\USP10.dll handle: 000007FEFE630000 size: 801280 crc: 32EFA120 date: 2009-07-14 01:41:56
 C:\Windows\system32\WS2_32.dll handle: 000007FEFF350000 size: 296448 crc: B9553AFD date: 2009-07-14 01:41:58
 C:\Windows\system32\RPCRT4.dll handle: 000007FEFE940000 size: 1221632 crc: D5B6358C date: 2009-07-14 01:41:53
 C:\Windows\system32\NSI.dll handle: 000007FEFE620000 size: 13824 crc: 53B46F6C date: 2009-07-14 01:41:53
 C:\Windows\system32\ADVAPI32.dll handle: 000007FEFE800000 size: 877056 crc: FA615A20 date: 2009-07-14 01:40:01
 C:\Windows\SYSTEM32\sechost.dll handle: 000007FEFD3E0000 size: 113664 crc: 978CFAE5 date: 2009-07-14 01:41:53
 C:\Windows\system32\SHELL32.dll handle: 000007FEFD890000 size: 14162944 crc: 38C0D5D7 date: 2010-07-27 14:59:11
 C:\Windows\system32\SHLWAPI.dll handle: 000007FEFE700000 size: 449536 crc: 0BFDF102 date: 2009-07-14 01:41:54
 C:\Windows\system32\IMM32.DLL handle: 000007FEFD5B0000 size: 167424 crc: 41B2805A date: 2009-07-14 01:41:09
 C:\Windows\system32\MSCTF.dll handle: 000007FEFEEB0000 size: 1067008 crc: 798DDDA0 date: 2009-07-14 01:41:28
 C:\Windows\system32\guard64.dll handle: 0000000180000000 size: 362784 crc: CBF5BA53 date: 2011-01-12 16:10:03
 C:\Windows\system32\fltlib.dll handle: 000007FEFD000000 size: 19456 crc: C0616299 date: 2009-07-14 01:40:54
 C:\Windows\system32\SHFolder.dll handle: 000007FEF6F60000 size: 10240 crc: 08A48DE3 date: 2009-07-14 01:41:54
 C:\Windows\system32\ole32.dll handle: 0000000001FD0000 size: 2085376 crc: 4764DDC2 date: 2010-06-29 05:39:12
 C:\Windows\system32\MMDevAPI.DLL handle: 000007FEFB4A0000 size: 284160 crc: CDF2EF81 date: 2009-07-14 01:41:26
 C:\Windows\system32\PROPSYS.dll handle: 000007FEFB910000 size: 1212416 crc: 98D01BC9 date: 2009-07-14 01:41:53
 C:\Windows\system32\OLEAUT32.dll handle: 000007FEFEC50000 size: 861184 crc: 112732BA date: 2010-04-07 07:37:39
 C:\Windows\system32\wdmaud.drv handle: 000007FEF62A0000 size: 217088 crc: AB6BC545 date: 2009-07-14 01:38:50
 C:\Windows\system32\ksuser.dll handle: 0000000072610000 size: 5120 crc: AA2071D9 date: 2009-07-14 01:41:13
 C:\Windows\system32\AVRT.dll handle: 000007FEFA5F0000 size: 18432 crc: 5CE53CB7 date: 2009-07-14 01:40:05
 C:\Windows\system32\SETUPAPI.dll handle: 000007FEFEA70000 size: 1899520 crc: 91ED5D15 date: 2009-07-14 01:41:54
 C:\Windows\system32\CFGMGR32.dll handle: 000007FEFD380000 size: 207360 crc: 369326FC date: 2009-07-14 01:40:15
 C:\Windows\system32\DEVOBJ.dll handle: 000007FEFD3C0000 size: 93184 crc: A7541AE2 date: 2009-07-14 01:40:28
 C:\Windows\system32\AUDIOSES.DLL handle: 000007FEFA4F0000 size: 296448 crc: 07CA71DE date: 2009-07-14 01:40:04
 C:\Windows\system32\msacm32.drv handle: 000007FEFA6F0000 size: 25600 crc: 2B579A05 date: 2009-07-14 01:38:50
 C:\Windows\system32\MSACM32.dll handle: 000007FEF6400000 size: 83456 crc: 3D67538B date: 2009-07-14 01:41:27
 C:\Windows\system32\midimap.dll handle: 000007FEFAB30000 size: 20480 crc: CB902A13 date: 2009-07-14 01:41:23
 C:\Windows\system32\CRYPTBASE.dll handle: 000007FEFCF30000 size: 44032 crc: F547C16E date: 2009-07-14 01:40:24
 C:\Windows\system32\CLBCatQ.DLL handle: 000007FEFD510000 size: 607744 crc: 939E35C9 date: 2009-07-14 01:40:15
 C:\Windows\system32\uxtheme.dll handle: 000007FEFB8B0000 size: 332288 crc: B0A13DF9 date: 2009-07-14 01:41:56
 C:\Windows\system32\dwmapi.dll handle: 000007FEFB480000 size: 82432 crc: A459F360 date: 2009-07-14 01:40:34
 C:\Windows\system32\mswsock.dll handle: 000007FEFC870000 size: 320000 crc: EA387916 date: 2009-07-14 01:41:34
 C:\Windows\System32\wshtcpip.dll handle: 000007FEFC050000 size: 13312 crc: 5D1E2C55 date: 2009-07-14 01:41:58
 C:\Windows\system32\psapi.dll handle: 0000000077280000 size: 9216 crc: 84B5E9BA date: 2009-07-14 01:41:53

---- gamelog start ----
Tick 0: new game started
     Revision text changed to 1.0.3, savegame version 138, not modified, _openttd_newgrf_version = 0x10384f2b
     New game mode: 1 landscape: 0
     Added NewGRF: GRF ID 535A5644, checksum 5390BFF2E600595DC74E1C6247DA762D, filename: my_grf_packs\1_other\Better_vehicle_names.v1\bvehname.grf (md5sum matches)
     Added NewGRF: GRF ID 4D570102, checksum 8C41066F2430A1762047AB077B51EE63, filename: my_grf_packs\8_vehicles\road_vehicles\Hover_Bus.1.0\hoverbus_1.0.grf (md5sum matches)
     Added NewGRF: GRF ID 4D656F00, checksum E8A97605B89050C0366F1C02BC3DF500, filename: my_grf_packs\8_vehicles\road_vehicles\longvehw - keep original cars - too much cars\LongBusesw.grf (matches GRFID only)
     Added NewGRF: GRF ID 535A0000, checksum 0DE7B1BFD2649168E06AB9169B780131, filename: my_grf_packs\8_vehicles\trains_wagons\TgvW.GRF (md5sum matches)
     Added NewGRF: GRF ID 425F0101, checksum 5E6DC9FD3D9364AC6ABE21E6B4D8CE3E, filename: very_large_ships.0.1\vl_shipw.grf (md5sum matches)
     Added NewGRF: GRF ID 4A530101, checksum 30C383628E25247266049E00ABBA5B81, filename: ottdc_grfpack\8_vehicles\planes\planeset\PlaneSetw.grf (matches GRFID only)
     Added NewGRF: GRF ID 44440A01, checksum A7EA6FB6732157AEE44627A64EBCDAE6, filename: ottdc_grfpack-8.0\8_vehicles\planes\pb_av8\pb_av8w.grf (md5sum matches)
     Added NewGRF: GRF ID 44440A02, checksum CC43F806C0D6838DBE3E68434F3726F3, filename: my_grf_packs\8_vehicles\planes\Apache_Helicopter.1\apache_w.grf (md5sum matches)
     Added NewGRF: GRF ID 4F460A02, checksum D8FF84F759520F43F24F1C2C2645F214, filename: improved_road_vehicles__for_db_s.1.0\irv.grf (md5sum matches)
     Added NewGRF: GRF ID 274C2348, checksum E44A7D977D1980908B1DBF09F73F514C, filename: my_grf_packs\8_vehicles\trains_wagons\DB-deutsche bahn\DB_Double_Deck_Coaches.v0.1\dbddw.GRF (md5sum matches)
     Added NewGRF: GRF ID 41501201, checksum C91BD14FAC7CA989FA0580DD7D792DD2, filename: ottdc_grfpack-8.0\8_vehicles\road_vehicles\heqsdt\heqs_preview_v0.4.grf (matches GRFID only)
Tick 1376: game loaded
     Revision text changed to r21917, savegame version 157, not modified, _openttd_newgrf_version = 0x1100559d
     Compatible NewGRF loaded: GRF ID 4D656F00, checksum 97C6741906450C460568C6F5F8FB997F, filename: my_grf_packs\8_vehicles\road_vehicles\longvehw - keep original cars - too much cars\LongBusesw.grf (md5sum matches)
     Compatible NewGRF loaded: GRF ID 4A530101, checksum 9C78028CB9346C54D73F296250C104A8, filename: ottdc_grfpack\8_vehicles\planes\planeset\PlaneSetw.grf (md5sum matches)
     Compatible NewGRF loaded: GRF ID 41501201, checksum 86F5F29AAA9EBF4F5449F1D0DC6E4825, filename: ottdc_grfpack-8.0\8_vehicles\road_vehicles\heqsdt\heqs_preview_v0.4.grf (md5sum matches)
---- gamelog end ----

*** End of OpenTTD Crash Report ***

Decoded stack trace:
[00] KERNELBASE           0x000007FEFD10AA7D RaiseException + 61
[01] openttd              0x000000013FD89661
[02] openttd              0x000000013FD888E6
[03] openttd              0x000000013FAB35C5
[04] openttd              0x000000013FB7FEB1
[05] openttd              0x000000013FB80D2D
[06] openttd              0x000000013FB80F76
[07] openttd              0x000000013FAD3A32
[08] openttd              0x000000013FAB6750
[09] openttd              0x000000013FAB6A0A
[10] openttd              0x000000013FC8E959
[11] openttd              0x000000013FAB52D6
[12] openttd              0x000000013FC90DCA
[13] openttd              0x000000013FD8B589
[14] kernel32             0x0000000076EAF56D BaseThreadInitThunk + 13
[15] ntdll                0x00000000770E3021 RtlUserThreadStart + 33

*** End of additional info ***
