*** OpenTTD Crash Report ***

Crash at: Sun Jan 10 04:27:10 2010
In game date: 2383-07-05 (17)

Crash reason:
 Exception: E1212012
 Location:  000007FEFDCCBB5D
 Message:   Assertion failed at line 1113 of ..\src\economy.cpp: v->time_counter != 0

OpenTTD version:
 Version:    1.0.0-beta2 (0)
 NewGRF ver: 1000492f
 Bits:       64
 Endian:     little
 Dedicated:  no
 Build date: Jan  5 2010 21:26:14

Registers:
 RAX: 000000007220C540 RBX: 0000000000000016 RCX: 00000000001FE3D0 RDX: 0000000000000000
 RSI: 0000000000000000 RDI: 0000000000000008 RBP: 00000000069B0280 RSP: 00000000001FE8E0
 R8:  0000000000000000 R9:  0000000000000000 R10: 0000000000000000 R11: 0000000000000286
 R12: 000000013FED8EA0 R13: 000000013FC161AC R14: 0000000000000001 R15: 0000000000889810
 RIP: 000007FEFDCCBB5D EFLAGS: 00000202

 Bytes at instruction pointer:
 48 81 C4 C8 00 00 00 C3 90 90 90 90 90 90 90 90 90 90 90 48 89 5C 24 08

Stack trace:
 00000016 00000000 00000000 00000000 00000008 00000000 3FED8EA0 00000001
 E1212012 00000000 00000000 00000000 FDCCBB5D 000007FE 00000000 00000000
 00000000 00000000 779DF629 00000000 00070000 00000000 00000202 00000000
 00000001 00000000 00000000 00000000 00000000 00000000 779DF5FB 00000000
 00260230 00000000 77AFFB5A 00000000 00260398 00000000 0026026C 00000000
 00000070 00000000 FFFFFFFF FFFFFFFF 00000000 00000000 779E9683 00000000
 00000001 00000000 3FD13BD5 00000001 00000016 00000000 29455004 00000000
 002C7750 00000000 00260230 00000000 001FEB10 00000000 77B04B4A 00000000
 008896C0 00000000 00889810 00000000 00000000 00000000 00000004 00000000
 00000000 00000000 00000000 00000000 067FA3A0 00000000 3FD12ECE 00000001
 00000001 00000000 0441D660 00000000 069BD330 00000000 00000002 00000000
 008896C0 00000000 779E7646 00000000 00000000 00000000 00000000 00000000
 77B5388C 00000000 02000002 00000000 00000001 00000000 00000000 00000000
 00000000 00000000 779E7CCB 00000000 00859C48 00000000 779E7F11 00000000
 00000000 00000000 00000000 00000000 00000012 00000000 00000001 00000000
 0055020A 00000000 00000001 00000000 008896C0 00000000 779F4C77 00000000
 003E03B0 00000000 008896C0 00000000 00000001 00000000 00000001 00000000
 00000001 00000000 690A15D3 00000000 00000000 00000000 00000000 00000000
 00000001 00000000 00000010 00000000 002CAD70 00000000 00260000 00000000
 002CAD60 00000000 77B2154A 00000000 00260000 00000000 002CAD01 00000000
 00000000 00000000 002CAD70 00000000 003E03B0 00000000 77A42FA4 00000000
 00000001 00000000 003E03B0 00000000 77A42FA4 00000000 001FEEE0 00000000
 00000000 00000000 3FF50AB4 00000001 00010003 00000000 00000001 00000000
 00000000 00000000 77A42505 00000000 002CAD70 00000000 002CAD70 00000000

Operating system:
 Name:    Windows
 Release: 6.1.7100 ()
 MSVC:    Yes

Configuration:
 Blitter:      8bpp-optimized
 Graphics set: original_windows
 Language:     english_US.lng
 Music driver: win32
 Music set:    original_windows
 Sound driver: win32
 Sound set:    original_windows
 Video driver: win32

AI Configuration:
  0: Human

Libraries:
 FreeType:   2.3.11
 ICU:        4.2.1
 PNG:        1.2.40

Module information:
 d:\OpenTTD\openttd.exe handle: 000000013FA30000 size: 5119488 crc: 0D8BCF41 date: 2010-01-05 21:29:38
 C:\Windows\SYSTEM32\ntdll.dll handle: 0000000077AD0000 size: 1723424 crc: 0CD1A299 date: 2009-04-22 05:44:44
 C:\Windows\system32\kernel32.dll handle: 00000000778B0000 size: 1158656 crc: F67EBE5A date: 2009-04-22 05:40:03
 C:\Windows\system32\KERNELBASE.dll handle: 000007FEFDCC0000 size: 411648 crc: 620AEF04 date: 2009-04-22 05:40:03
 C:\Windows\system32\WINMM.dll handle: 000007FEFB6A0000 size: 217600 crc: 4FCCEE88 date: 2009-04-22 05:41:35
 C:\Windows\system32\msvcrt.dll handle: 000007FEFF940000 size: 634368 crc: F184C203 date: 2009-04-22 05:40:24
 C:\Windows\system32\USER32.dll handle: 00000000779D0000 size: 1008128 crc: 5D273EEB date: 2009-05-13 06:39:17
 C:\Windows\system32\GDI32.dll handle: 000007FEFF6C0000 size: 403968 crc: 67C52685 date: 2009-05-13 06:39:08
 C:\Windows\system32\LPK.dll handle: 000007FEFF8B0000 size: 41472 crc: B4334DAA date: 2009-04-22 05:40:08
 C:\Windows\system32\USP10.dll handle: 000007FEFF3D0000 size: 801280 crc: D30DE202 date: 2009-04-22 05:41:30
 C:\Windows\system32\WS2_32.dll handle: 000007FEFDEF0000 size: 297472 crc: 311847F5 date: 2009-04-22 05:41:46
 C:\Windows\system32\RPCRT4.dll handle: 000007FEFFAA0000 size: 1225728 crc: 2C458388 date: 2009-04-22 05:40:59
 C:\Windows\system32\NSI.dll handle: 000007FEFF4D0000 size: 13824 crc: 28062D12 date: 2009-04-22 05:40:48
 C:\Windows\system32\ADVAPI32.dll handle: 000007FEFDE10000 size: 877568 crc: 0C2EDA22 date: 2009-04-22 05:38:58
 C:\Windows\SYSTEM32\sechost.dll handle: 000007FEFE210000 size: 113664 crc: 1D1C8F78 date: 2009-04-22 05:41:01
 C:\Windows\system32\SHELL32.dll handle: 000007FEFE230000 size: 14156288 crc: 24432075 date: 2009-04-22 05:41:13
 C:\Windows\system32\SHLWAPI.dll handle: 000007FEFE070000 size: 445952 crc: 3AC99430 date: 2009-04-22 05:41:13
 C:\Windows\system32\IMM32.DLL handle: 000007FEFF4A0000 size: 167424 crc: 4859AF12 date: 2009-04-22 05:40:00
 C:\Windows\system32\MSCTF.dll handle: 000007FEFF2C0000 size: 1065984 crc: 90592712 date: 2009-04-22 05:40:16
 C:\Windows\system32\SHFolder.dll handle: 000007FEF8110000 size: 10240 crc: FA865ECE date: 2009-04-22 05:41:13
 C:\Windows\system32\ole32.dll handle: 000007FEFFBD0000 size: 2086912 crc: 2A647D25 date: 2009-04-22 05:40:51
 C:\Windows\system32\MMDevAPI.DLL handle: 000007FEFC000000 size: 283648 crc: 46352572 date: 2009-04-22 05:40:13
 C:\Windows\system32\PROPSYS.dll handle: 000007FEFC130000 size: 1212928 crc: B6648534 date: 2009-04-22 05:40:56
 C:\Windows\system32\OLEAUT32.dll handle: 000007FEFDF40000 size: 861184 crc: 51783C19 date: 2009-04-22 05:40:51
 C:\Windows\system32\wdmaud.drv handle: 000007FEF2F50000 size: 217088 crc: A2E2C04C date: 2009-04-22 05:37:48
 C:\Windows\system32\ksuser.dll handle: 00000000757F0000 size: 5120 crc: 2414C2C9 date: 2009-04-22 05:40:03
 C:\Windows\system32\AVRT.dll handle: 000007FEFBFF0000 size: 18432 crc: 3F2F0762 date: 2009-04-22 05:39:03
 C:\Windows\system32\SETUPAPI.dll handle: 000007FEFF4E0000 size: 1902080 crc: A2B06F25 date: 2009-04-22 05:41:09
 C:\Windows\system32\CFGMGR32.dll handle: 000007FEFDC80000 size: 207360 crc: 43574B54 date: 2009-04-22 05:39:12
 C:\Windows\system32\DEVOBJ.dll handle: 000007FEFDC60000 size: 93184 crc: 8DDE907A date: 2009-04-22 05:39:29
 C:\Windows\system32\AUDIOSES.DLL handle: 000007FEFB3E0000 size: 296448 crc: BD0EC3D2 date: 2009-04-22 05:39:02
 C:\Windows\system32\msacm32.drv handle: 000007FEFB390000 size: 25600 crc: 6F7C62DD date: 2009-04-22 05:37:48
 C:\Windows\system32\MSACM32.dll handle: 000007FEF7660000 size: 83456 crc: FBAA0835 date: 2009-04-22 05:40:15
 C:\Windows\system32\midimap.dll handle: 000007FEF8910000 size: 20480 crc: 5DFB6A52 date: 2009-04-22 05:40:11
 C:\Windows\system32\CRYPTBASE.dll handle: 000007FEFD6B0000 size: 43520 crc: EB566EE8 date: 2009-04-22 05:39:24
 C:\Windows\system32\CLBCatQ.DLL handle: 000007FEFF9E0000 size: 607744 crc: EBC96DDD date: 2009-04-22 05:39:15
 C:\Windows\system32\uxtheme.dll handle: 000007FEFBF90000 size: 332288 crc: DD7F327E date: 2009-04-22 05:41:30
 C:\Windows\system32\dwmapi.dll handle: 000007FEFBF10000 size: 85504 crc: 3E10659B date: 2009-04-22 05:39:35
 C:\Windows\system32\mswsock.dll handle: 000007FEFD020000 size: 321024 crc: A44671E5 date: 2009-04-22 05:40:25
 C:\Windows\System32\wshtcpip.dll handle: 000007FEFCA30000 size: 13312 crc: 1B8568B1 date: 2009-04-22 05:41:47
 C:\Windows\system32\psapi.dll handle: 0000000077C90000 size: 9216 crc: 22C6DB0A date: 2009-04-22 05:40:56

---- gamelog start ----
Tick 0: new game started
     Revision text changed to 0.7.0-beta2, savegame version 114, maybe modified, _openttd_newgrf_version = 0x07003d2d
     New game mode: 1 landscape: 0
     Added NewGRF: GRF ID 52570103, checksum EDB2D26F9D81423734CA12412F309CF3, filename: generictrams_v0.4.grf
Tick 48967: game loaded
     Revision text changed to 0.7.0-RC1, savegame version 115, maybe modified, _openttd_newgrf_version = 0x07003d7a
Tick 4700: game loaded
     Revision text changed to 0.7.2, savegame version 116, maybe modified, _openttd_newgrf_version = 0x07284272
Tick 10774: game loaded
     Revision text changed to 1.0.0-beta2, savegame version 135, not modified, _openttd_newgrf_version = 0x1000492f
---- gamelog end ----

*** End of OpenTTD Crash Report ***
