*** OpenTTD Crash Report ***

Crash at: Thu Dec 19 19:58:03 2013
In game date: 2051-05-09 (27)

Crash reason:
 Exception: C0000005
 Location:  004A10A7
 Message:   <none>

OpenTTD version:
 Version:    r26156 (0)
 NewGRF ver: 1400662c
 Bits:       32
 Endian:     little
 Dedicated:  no
 Build date: Dec 11 2013 19:11:29

Registers:
 EAX: 00000000 EBX: 00000000 ECX: 00000000 EDX: 0A8FC900
 ESI: 0B1DA2F0 EDI: 0000000C EBP: 0012F90C ESP: 0012F870
 EIP: 004A10A7 EFLAGS: 00010246

 Bytes at instruction pointer:
 8B 04 81 8B CE 89 86 F0 00 00 00 E8 DB EF FF FF 8B CE E8 EA 13 FD FF 8B

Stack trace:
 0B1DA2F0 004741DE 00000000 0000000C 000000FF 00000050 00000000 0012F870
 00600495 0000000C 0012F974 006000DA 00000000 00000000 00000102 002B0294
 00000101 00000028 C1500001 00D88CC4 0000022C 00000166 7FFDF000 00000102
 018C0000 0001012F 0012F8C4 00360008 0012F938 746DF1A6 746B13E0 FFFFFFFF
 746B13D9 7E37B372 00000000 00000001 0012F98C 00000000 0012FA40 0012F938
 7E368734 002B0294 00000100 00000028 01500001 006000DA DCBAABCD 00000000
 0012F974 006000DA 0012F9A0 7E368816 006000DA 002B0294 00000100 00000028
 01500001 0012FA48 0012FA40 01606108 00000014 00000001 00000000 00000000
 00000010 00000000 00000030 00000000 00000000 00000000 0012F954 0012F494
 0012F9F0 7E39048F 7E368830 00000000 0012FA00 7E3689CD 00000000 006000DA
 002B0294 00000100 00000028 01500001 0160611C 00000001 00D88C66 7E36929B
 00000000 0012FA00 7E369402 0012FA40 00000028 00000000 0012F9C8 0012F494
 0012FE0C 7E39048F 7E3689F0 FFFFFFFF 0012FA10 7E368A10 0012FA40 00000000
 00000000 00600D41 0012FA40 01336120 00000001 0012FE18 00000000 009060A8
 00D88C66 00D88C84 00000000 00000000 002B0294 00000100 00000028 01500001
 00D88C95 0000022C 00000166 00444832 019E05C8 0012FE30 7FFDC000 019E04C8
 010000AE 00000000 00000000 00000000 019E8AC0 00000000 01B59320 01A562A8
 00000000 00000000 0012FE34 00EF2568 00000000 019E0618 00000000 00000000
 00000000 018B09B8 00000000 00000000 0012FAB0 0012FC1C 0012FCF4 7C91E920
 7C920228 FFFFFFFF 7C920222 7C92019B 7C9201DB 018B0000 018BEFD8 00000000
 00000000 018B0178 00000000 8FD7B280 0012FBF8 0066FA61 018BDE58 00000000
 00000000 00000000 018BBBC8 018B0640 7C922B82 7C922BB8 7C922C29 7C922C30
 00000086 00251EC0 00000208 00000000 0012FB30 018B0178 0012FBA0 7C91E920
 7C922C38 FFFFFFFF 7C922C30 7C80B55E 00000001 02500005 7C80B50E 00000104

Operating system:
 Name:     Windows
 Release:  5.1.2600 (Service Pack 3)
 Compiler: MSVC 1600

Configuration:
 Blitter:      8bpp-optimized
 Graphics set: original_windows (0)
 Language:     C:\Dokumente und Einstellungen\pui\Desktop\ottd\nightly\lang\german.lng
 Music driver: dmusic
 Music set:    OpenMSX (96)
 Network:      no
 Sound driver: win32
 Sound set:    NoSound (2)
 Video driver: win32

AI Configuration (local: 0):
  0: Human

Libraries:
 FreeType:   2.4.11
 ICU:        51.2
 LZMA:       5.0.4
 LZO:        2.06
 PNG:        1.5.14
 Zlib:       1.2.7

Module information:
 C:\Dokumente und Einstellungen\pui\Desktop\ottd\nightly\openttd.exe handle: 00400000 size: 12129792 crc: 883F7C9C date: 2013-12-11 18:16:10
 C:\WINXP\system32\ntdll.dll handle: 7C910000 size: 743936 crc: 96E9C56C date: 2010-12-09 15:15:46
 C:\WINXP\system32\kernel32.dll handle: 7C800000 size: 1063936 crc: 89D78B54 date: 2012-10-03 04:58:00
 C:\WINXP\system32\WINMM.dll handle: 76AF0000 size: 178176 crc: C8A207D7 date: 2011-10-14 14:47:27
 C:\WINXP\system32\ADVAPI32.dll handle: 77DA0000 size: 678400 crc: 3DC76BEF date: 2009-02-09 10:51:44
 C:\WINXP\system32\RPCRT4.dll handle: 77E50000 size: 591360 crc: F25A3EC3 date: 2013-11-07 05:38:50
 C:\WINXP\system32\Secur32.dll handle: 77FC0000 size: 56832 crc: 779A7E7A date: 2009-06-25 08:25:23
 C:\WINXP\system32\GDI32.dll handle: 77EF0000 size: 287744 crc: D690263D date: 2013-10-09 13:12:31
 C:\WINXP\system32\USER32.dll handle: 7E360000 size: 580096 crc: 89D3E1AE date: 2008-04-14 10:00:00
 C:\WINXP\system32\WS2_32.dll handle: 71A10000 size: 82432 crc: E04F0DBC date: 2008-04-14 10:00:00
 C:\WINXP\system32\msvcrt.dll handle: 77BE0000 size: 343040 crc: 88E736C3 date: 2008-04-14 10:00:00
 C:\WINXP\system32\WS2HELP.dll handle: 71A00000 size: 19968 crc: 495F6FD3 date: 2008-04-14 10:00:00
 C:\WINXP\system32\IMM32.dll handle: 76330000 size: 110080 crc: EDBE605D date: 2008-04-14 10:00:00
 C:\WINXP\system32\SHELL32.dll handle: 7E670000 size: 8503808 crc: FF0AD914 date: 2012-06-08 14:25:14
 C:\WINXP\system32\SHLWAPI.dll handle: 77F40000 size: 474624 crc: 19B838C8 date: 2009-12-08 09:23:28
 C:\WINXP\WinSxS\x86_Microsoft.Windows.Common-Controls_6595b64144ccf1df_6.0.2600.6028_x-ww_61e65202\comctl32.dll handle: 773A0000 size: 1054208 crc: A2F7ABC1 date: 2010-08-23 16:11:46
 C:\WINXP\system32\comctl32.dll handle: 5D450000 size: 617472 crc: E2D355AB date: 2010-08-23 16:11:49
 C:\WINXP\system32\MSCTF.dll handle: 746A0000 size: 297984 crc: 42CB9401 date: 2008-04-14 10:00:00
 C:\Programme\WinPatrol\PATROLPRO.DLL handle: 10000000 size: 63032 crc: 6CEF11DB date: 2007-02-12 04:47:10
 C:\WINXP\system32\msctfime.ime handle: 75250000 size: 177152 crc: DEA68E02 date: 2008-04-14 10:00:00
 C:\WINXP\system32\ole32.dll handle: 774B0000 size: 1289728 crc: 61AEF178 date: 2013-08-05 13:30:32
 C:\WINXP\system32\mswsock.dll handle: 719B0000 size: 247296 crc: 2DCD13D0 date: 2009-01-13 19:34:30
 C:\WINXP\system32\hnetcfg.dll handle: 66710000 size: 348672 crc: 1EE21C3A date: 2008-04-14 10:00:00
 C:\WINXP\System32\wshtcpip.dll handle: 719F0000 size: 19456 crc: 26C346BD date: 2008-04-14 10:00:00
 C:\WINXP\system32\wdmaud.drv handle: 72C90000 size: 23552 crc: AA8C6F26 date: 2008-04-14 02:23:10
 C:\WINXP\system32\WINTRUST.dll handle: 76BF0000 size: 177664 crc: 105C6F8A date: 2012-08-24 13:53:51
 C:\WINXP\system32\CRYPT32.dll handle: 77A50000 size: 608256 crc: 43013E3F date: 2013-10-07 10:59:09
 C:\WINXP\system32\MSASN1.dll handle: 77AF0000 size: 58880 crc: F4E0209C date: 2009-09-04 21:03:28
 C:\WINXP\system32\IMAGEHLP.dll handle: 76C50000 size: 150528 crc: 60815AB0 date: 2013-11-13 02:59:25
 C:\WINXP\system32\msacm32.drv handle: 72C80000 size: 20992 crc: E6F1E346 date: 2008-04-14 10:00:00
 C:\WINXP\system32\MSACM32.dll handle: 77BB0000 size: 72192 crc: F5983F18 date: 2008-04-14 10:00:00
 C:\WINXP\system32\midimap.dll handle: 77BA0000 size: 18944 crc: 6E74A717 date: 2008-04-14 10:00:00
 C:\WINXP\system32\CLBCATQ.DLL handle: 76F90000 size: 498688 crc: 423AB384 date: 2008-04-14 10:00:00
 C:\WINXP\system32\COMRes.dll handle: 77010000 size: 846848 crc: E513A9A0 date: 2008-04-14 10:00:00
 C:\WINXP\system32\OLEAUT32.dll handle: 770F0000 size: 552448 crc: DB34A4EC date: 2013-01-26 03:55:37
 C:\WINXP\system32\VERSION.dll handle: 77BD0000 size: 18944 crc: 5D52A980 date: 2008-04-14 10:00:00
 C:\WINXP\system32\dmime.dll handle: 5C900000 size: 181248 crc: D19C00C9 date: 2008-04-14 10:00:00
 C:\WINXP\system32\DSOUND.dll handle: 73E70000 size: 367616 crc: E4D652D0 date: 2008-04-14 10:00:00
 C:\WINXP\system32\dmusic.dll handle: 6CE60000 size: 104448 crc: 5016B6A2 date: 2008-04-14 10:00:00
 C:\WINXP\system32\KsUser.dll handle: 5EF80000 size: 4096 crc: 853DEC10 date: 2002-12-11 23:14:32
 C:\WINXP\system32\dmsynth.dll handle: 6CE80000 size: 103424 crc: 089F2F8F date: 2008-04-14 10:00:00
 C:\WINXP\system32\dmloader.dll handle: 6CEF0000 size: 35840 crc: 10E5FAB8 date: 2008-04-14 10:00:00
 C:\WINXP\system32\DNSAPI.dll handle: 76EE0000 size: 149504 crc: 1FE86934 date: 2011-03-03 06:53:44
 C:\WINXP\system32\iphlpapi.dll handle: 76D20000 size: 95744 crc: D7E9E8DA date: 2008-04-14 10:00:00
 C:\WINXP\system32\rasadhlp.dll handle: 76F80000 size: 7680 crc: F4ABB355 date: 2008-04-14 10:00:00
 C:\WINXP\system32\psapi.dll handle: 76BB0000 size: 23040 crc: 38CB6558 date: 2008-04-14 10:00:00

---- gamelog start ----
Tick 62675: game loaded
     Conversion from OTTD savegame without gamelog: version 4, 1
     Revision text changed to r26156, savegame version 187, not modified, _openttd_newgrf_version = 0x1400662c
     New game mode: 0 landscape: 1
     Added NewGRF: GRF ID F1250005, checksum 3594193D876A2B34F16D183A907AEBDD, filename: firs_industry_replacement_set-1.2.0\firs.grf (md5sum matches)
     Added NewGRF: GRF ID 44573452, checksum 48CF5FC0DEB895136F337A7E563FC66D, filename: dwestationtiles_industrial_ter-v0.7\dwe_stat_r.grf (md5sum matches)
     Added NewGRF: GRF ID 444E0800, checksum B0DB930C8D8987D6FB4CAC6CA15589D1, filename: random\newobjects\VASTobjects.grf (md5sum matches)
     Added NewGRF: GRF ID 444E0C00, checksum B5D2AB5FC93A09E1FAB5F0DB82307ECF, filename: vast_fences-0.2.0\vastfences.grf (md5sum matches)
     Added NewGRF: GRF ID 44442302, checksum 7DC5598E61021012FEB2D13F53E6E7BE, filename: ottdc_grfpack\1_other\BlackCC\purpletoblackw.grf (md5sum matches)
     Added NewGRF: GRF ID 44440A01, checksum FCEEC76CF44EC23E7FE9C88048CF11CC, filename: av8_aviators_aircraft_set-2.21\pb_av8w.grf (md5sum matches)
     Added NewGRF: GRF ID 41501202, checksum 7FD3A30F749BFA5D5E1DF61326AD9B08, filename: heqs_heavy_equipment_set-1.5.1\heqs.grf (md5sum matches)
     Added NewGRF: GRF ID 504E0001, checksum E7781323D2B0086E2E76342DAA036054, filename: ottdc_grfpack\7_stations\ukwaypoints\ukwaypointsw.grf (md5sum matches)
     Added NewGRF: GRF ID 6D620601, checksum 1214DD7F5FD214AAF7E4A83A3C8226A9, filename: random\newstations0.5\newstatsw.grf (md5sum matches)
     Added NewGRF: GRF ID 4D4D9910, checksum 3CD3F4D0D98DDC0DB08E9AD74B88A9E2, filename: the_lighthouse_set-1.2\the_lighthouse_set_v1.2.grf (md5sum matches)
     Added NewGRF: GRF ID 44573553, checksum EF7529EBEAF35758EE07E628B25F608D, filename: dwenewobjects-v0.1\dwe_newobj.grf (md5sum matches)
     Added NewGRF: GRF ID 44578619, checksum B30A5E35634A59D2BDD9C2389CEDBF2C, filename: dwestationtiles__fences-v1.2\fences.grf (md5sum matches)
     Added NewGRF: GRF ID 504A0107, checksum 29830A0BDE9BBE9578C44C4D22D76B7C, filename: random\052013\beach_v1_0.grf (md5sum matches)
     Added NewGRF: GRF ID 4D480201, checksum 9E914C31E5FC7FC3F686D009BD55F331, filename: alexandra_palace-1.0.0\alexandrapalace.grf (md5sum matches)
     Added NewGRF: GRF ID 49464E4F, checksum BAC22546C151037276AA7775F17AB3A9, filename: random\052013\SNO-Supercheese'sNewObjects.grf (md5sum matches)
     Added NewGRF: GRF ID 44450004, checksum D173807A8A9A8A591552C3BC35E9FBEB, filename: random\mlss052.grf (md5sum matches)
     Added NewGRF: GRF ID 58534453, checksum 2E100BCA91DB8371CD9D57DBEC3AB0C8, filename: ottdc_grfpack\7_stations\dutchstat\dutchstatw.grf (md5sum matches)
     Added NewGRF: GRF ID 504A0110, checksum E8244C5278CB2408A818854DC11F8940, filename: dutch_station_addition_set-0.8\dstatadd_v0_8.grf (md5sum matches)
     Added NewGRF: GRF ID 43485053, checksum 6E7600417E45294FC6958A9578B2E04B, filename: chips_station_set-1.3.0\chips.grf (md5sum matches)
     Added NewGRF: GRF ID 4F472B34, checksum C15196D11C5461AC4733C645346BB10B, filename: opengfx_landscape-1.0.1\ogfx-landscape.grf (md5sum matches)
     Added NewGRF: GRF ID 52571203, checksum 7CE88A25DDB058C1BE577B88D049B274, filename: egrvts2-188\egrvts2.grf (md5sum matches)
     Added NewGRF: GRF ID 414E0101, checksum 5D665C64693A438E3046C22666F46E08, filename: fish_ship_set-0.9.2\fish.grf (md5sum matches)
     Added NewGRF: GRF ID 415A0301, checksum 433C292E9DE1B8F12F82D28A6A5D8592, filename: american_road_replacement_set-1.2.0\americanroads.grf (md5sum matches)
     Added NewGRF: GRF ID 6D620C00, checksum C79E400CDDAF4610BC8613199D08933E, filename: random\marico\marico.grf (md5sum matches)
     Added NewGRF: GRF ID 4A430002, checksum 09C5737D50ADE23D83C6B7479A4DDCFA, filename: industrial_stations_renewal-0.9.2\indstatr.grf (md5sum matches)
     Added NewGRF: GRF ID 4A4D0101, checksum AFE4E75999A3FF92D4B01DBEE9A803E9, filename: sailing_ships-0.62\ss.grf (md5sum matches)
     Added NewGRF: GRF ID 46727806, checksum BBE029FCDD7A16F85876D417FF318D23, filename: opengfx_trees-0.8.0\opengfx+trees.grf (md5sum matches)
     Added NewGRF: GRF ID 44441000, checksum DA36131A815D2D5FC158C7A27D67B5AF, filename: ukrs2__the_uk_railway_set-1.05\proj1000.grf (md5sum matches)
     Added NewGRF: GRF ID 44440A02, checksum A559EFE4DE95E1C43C444E1DD2C07EB2, filename: apache_helicopter-1.2\apache_w.grf (md5sum matches)
     Added NewGRF: GRF ID 44442303, checksum 90300B85C4DE1DD192691827B054522D, filename: uk_railway_set_tracks-2.0\pb_trax.grf (md5sum matches)
     Added NewGRF: GRF ID 415A0501, checksum 37F4A01391FE088BD22740A89E22F78B, filename: random\Total_Bridge_Renewal_Set_ARRS-1.0.0\total_bridges.grf (md5sum matches)
     Added NewGRF: GRF ID FBFB0301, checksum D961A46B2CC37A04CD4FCBEDD2311A53, filename: foobars_tram_tracks-1.0.1\foobarstramtracks.grf (md5sum matches)
     Added NewGRF: GRF ID 4D470305, checksum 2E96B9AB2BEA686BFF94961AD433A701, filename: basecosts-5.0\basecosts.grf (md5sum matches)
---- gamelog end ----

*** End of OpenTTD Crash Report ***

Decoded stack trace:
[00] ???                  0x004A10A7
[01] ???                  0x7E368734 GetDC + 109
[02] ???                  0x7E368816 GetDC + 335
[03] ???                  0x7E3689CD GetWindowLongW + 295
[04] ???                  0x7E368A10 DispatchMessageW + 15
[05] ???                  0x00600D41

*** End of additional info ***
