*** OpenTTD Crash Report ***

Crash at: Mon Aug 30 09:16:07 2010
In game date: 9105-02-07 (51)

Crash reason:
 Signal:  Segmentation fault (11)
 Message: <none>

OpenTTD version:
 Version:    1.0.3 (1)
 NewGRF ver: 10384f2b
 Bits:       32
 Endian:     little
 Dedicated:  no
 Build date: Aug 10 2010 09:34:07


Stacktrace:
 [00] openttd              0x0014f487 (IConsoleWindow::OnHundredthTick() + 3223)
 [01] openttd              0x00224b16 (OrdersWindow::OnDropdownSelect(int, int) + 2310)
 [02] libSystem.B.dylib    0x96cb91fb (_sigtramp + 43)
 [03] ???                  0xffffffff
 [04] openttd              0x0023331a (CFollowTrackT<(TransportType)0, Train, true, false>::Follow(unsigned int, Trackdir) + 458)
 [05] openttd              0x0030d029 (FoundTownWindow::OnPlaceObjectAbort() + 41769)
 [06] openttd              0x0030df50 (FoundTownWindow::OnPlaceObjectAbort() + 45648)
 [07] openttd              0x00310611 (FoundTownWindow::OnPlaceObjectAbort() + 55569)
 [08] openttd              0x00310eb5 (FoundTownWindow::OnPlaceObjectAbort() + 57781)
 [09] openttd              0x00322ec8 (BuildTreesWindow::OnClick(OTTD_Point, int, int) + 51688)
 [10] openttd              0x002177a4 (MessageOptionsWindow::OnInvalidateData(int) + 3876)
 [11] openttd              0x002185ab (MessageOptionsWindow::OnInvalidateData(int) + 7467)
 [12] openttd              0x0034b908 (VideoDriverFactory<FVideoDriver_Cocoa>::~VideoDriverFactory() + 2552)
 [13] openttd              0x0034a0fb (DropdownWindow::OnMouseLoop() + 24763)
 [14] Foundation           0x91e4c26c (_nsnote_callback + 345)
 [15] CoreFoundation       0x96e543c3 (__CFXNotificationPost + 947)
 [16] CoreFoundation       0x96e53dca (_CFXNotificationPostNotification + 186)
 [17] Foundation           0x91e41090 (-[NSNotificationCenter postNotificationName:object:userInfo:] + 128)
 [18] Foundation           0x91e4e46d (-[NSNotificationCenter postNotificationName:object:] + 56)
 [19] AppKit               0x97ce270a (-[NSApplication _postDidFinishNotification] + 125)
 [20] AppKit               0x97ce261a (-[NSApplication _sendFinishLaunchingNotification] + 74)
 [21] AppKit               0x97e396a9 (-[NSApplication(NSAppleEventHandling) _handleAEOpen:] + 274)
 [22] AppKit               0x97e392c9 (-[NSApplication(NSAppleEventHandling) _handleCoreEvent:withReplyEvent:] + 101)
 [23] Foundation           0x91e81400 (-[NSAppleEventManager dispatchRawAppleEvent:withRawReply:handlerRefCon:] + 511)
 [24] Foundation           0x91e811c4 (_NSAppleEventManagerGenericHandler + 228)
 [25] AE                   0x9298ef58 (aeDispatchAppleEvent(AEDesc const*, AEDesc*, unsigned long, unsigned char*) + 166)
 [26] AE                   0x9298ee57 (dispatchEventAndSendReply(AEDesc const*, AEDesc*) + 43)
 [27] AE                   0x9298ed61 (aeProcessAppleEvent + 197)
 [28] HIToolbox            0x96813323 (AEProcessAppleEvent + 50)
 [29] AppKit               0x97cb2cc6 (_DPSNextEvent + 1420)
 [30] AppKit               0x97cb22ca (-[NSApplication nextEventMatchingMask:untilDate:inMode:dequeue:] + 156)
 [31] AppKit               0x97c7455b (-[NSApplication run] + 821)
 [32] openttd              0x0034a1be (DropdownWindow::OnMouseLoop() + 24958)
 [33] openttd              0x00219886 (MessageOptionsWindow::OnInvalidateData(int) + 12294)
 [34] openttd              0x00225ba4 (CrashLogOSX::~CrashLogOSX() + 3012)
 [35] openttd              0x000677b2 (std::_Rb_tree<std::string, std::pair<std::string const, TarFileListEntry>, std::_Select1st<std::pair<std::string const, TarFileListEntry> >, std::less<std::string>, std::allocator<std::pair<std::string const, TarFileListEntry> > >::find(std::string const&) + 311282)
 [36] openttd              0x000676d9 (std::_Rb_tree<std::string, std::pair<std::string const, TarFileListEntry>, std::_Select1st<std::pair<std::string const, TarFileListEntry> >, std::less<std::string>, std::allocator<std::pair<std::string const, TarFileListEntry> > >::find(std::string const&) + 311065)

Operating system:
 Name:     Mac OS X
 Release:  10.6.4
 Machine:  Intel 80486
 Min Ver:  1040
 Compiler: GCC 4.0.1 "4.0.1 (Apple Inc. build 5494)"

Configuration:
 Blitter:      32bpp-anim
 Graphics set: original_windows (0)
 Language:     english.lng
 Music driver: cocoa
 Music set:    original_windows (1)
 Network:      no
 Sound driver: cocoa
 Sound set:    original_windows (0)
 Video driver: cocoa

AI Configuration (local: 0):
  0: Human

Libraries:
 FreeType:   2.4.2
 PNG:        1.2.44
 Zlib:       1.2.3

---- gamelog start ----
Tick 52856: game loaded
     Conversion from OTTD savegame without gamelog: version 21, 0
     Revision text changed to 0.7.1, savegame version 116, not modified, _openttd_newgrf_version = 0x0718409c
     New game mode: 1 landscape: 2
Tick 55136: cheat was used
     New game mode: 1 landscape: 3
Tick 55136: cheat was used
     New game mode: 1 landscape: 2
Tick 55136: cheat was used
     New game mode: 1 landscape: 3
Tick 55136: cheat was used
     New game mode: 1 landscape: 0
Tick 55136: cheat was used
     New game mode: 1 landscape: 1
Tick 55136: cheat was used
     New game mode: 1 landscape: 2
Tick 55136: cheat was used
     New game mode: 1 landscape: 3
Tick 55136: cheat was used
     New game mode: 1 landscape: 0
Tick 55136: cheat was used
     New game mode: 1 landscape: 3
Tick 55136: cheat was used
     New game mode: 1 landscape: 0
Tick 55136: cheat was used
     New game mode: 1 landscape: 1
Tick 55136: cheat was used
     New game mode: 1 landscape: 2
Tick 50707: game loaded
     Revision text changed to r17030, savegame version 124, not modified, _openttd_newgrf_version = 0x08004286
Tick 7984: game loaded
     Revision text changed to r17116, savegame version 125, not modified, _openttd_newgrf_version = 0x080042dc
Tick 34372: game loaded
     Revision text changed to r17246, savegame version 125, not modified, _openttd_newgrf_version = 0x0800435e
Tick 26328: game loaded
     Revision text changed to r17116, savegame version 125, not modified, _openttd_newgrf_version = 0x080042dc
Tick 15390: game loaded
     Revision text changed to r17308, savegame version 125, not modified, _openttd_newgrf_version = 0x0800439c
Tick 140: game loaded
     Revision text changed to r17332, savegame version 125, not modified, _openttd_newgrf_version = 0x080043b4
Tick 52820: settings changed
     Setting changed: vehicle.disable_elrails : 0 -> 1
Tick 17648: game loaded
     Revision text changed to r17246, savegame version 125, not modified, _openttd_newgrf_version = 0x0800435e
Tick 55338: game loaded
     Revision text changed to 1.0.3, savegame version 138, maybe modified, _openttd_newgrf_version = 0x10384f2b
Tick 51321: GRF config changed
     Added NewGRF: GRF ID 11223301, checksum 474A7FF52E675DED3154101B58B3E3C7, filename: 2cc_chimaera_addon.2/chim.grf
     Added NewGRF: GRF ID 44501401, checksum 5F46A5DE67D0168B638A878FB2D49AEB, filename: japanese_maglevs.0.1/jpmaglevw.grf
     Added NewGRF: GRF ID FBFB0402, checksum A394409D4FF754D28A079BDBBB5EE66F, filename: metro_track_set-1.0.0/metrotrk.grf
     Added NewGRF: GRF ID 44460000, checksum 794F4247978D52C300939D120EA29176, filename: openttd_plus.0.1/ottdpp.grf
     Added NewGRF: GRF ID FBFB0202, checksum D8395AAB346181680157E7792D5CD875, filename: transrapid_track_set-0.9.0beta/traratrk.grf
Tick 59197: GRF config changed
     Added NewGRF: GRF ID 19060801, checksum 6CFC6328D999C140851BFE6514BA277A, filename: bigger_depots.0.3/bigdepot.grf
Tick 14348: GRF config changed
     Added NewGRF: GRF ID 52455400, checksum 1600687C50C5AB1E72EDD487CAD50E2A, filename: coded_by_aegir._artwork_by_aegir-1/ae_cityw.grf
Tick 15923: GRF config changed
     Removed NewGRF: FBFB0402, filename: metro_track_set-1.0.0/metrotrk.grf
Tick 17201: GRF config changed
     Removed NewGRF: FBFB0202, filename: transrapid_track_set-0.9.0beta/traratrk.grf
Tick 17833: GRF config changed
     Removed NewGRF: 44460000, filename: openttd_plus.0.1/ottdpp.grf
Tick 20146: GRF config changed
     Removed NewGRF: 52455400, filename: coded_by_aegir._artwork_by_aegir-1/ae_cityw.grf
Tick 20818: GRF config changed
     Removed NewGRF: 44501401, filename: japanese_maglevs.0.1/jpmaglevw.grf
Tick 23205: GRF config changed
     Added NewGRF: GRF ID 27711003, checksum 332CA2515DAB3E8D6C72F28F6918630E, filename: 2cc_trainset-2.0.0beta3/2cctrainset.grf
     Removed NewGRF: 19060801, filename: bigger_depots.0.3/bigdepot.grf
Tick 25372: GRF config changed
     Removed NewGRF: 27711003, filename: 2cc_trainset-2.0.0beta3/2cctrainset.grf
Tick 33538: GRF config changed
     Added NewGRF: GRF ID 44501401, checksum 5F46A5DE67D0168B638A878FB2D49AEB, filename: japanese_maglevs.0.1/jpmaglevw.grf
Tick 36607: GRF config changed
     Removed NewGRF: 44501401, filename: japanese_maglevs.0.1/jpmaglevw.grf
Tick 36607: GRF config changed
     Added NewGRF: GRF ID 474E4333, checksum 72C80D3A994532CDF0F9C40FBB278799, filename: bauxite_waggon-1.0/bauxwaggw.grf
Tick 36607: GRF config changed
     Removed NewGRF: 474E4333, filename: bauxite_waggon-1.0/bauxwaggw.grf
Tick 39878: GRF config changed
     Added NewGRF: GRF ID 52453300, checksum FA9253BC448F0B466FC018F80F9460C5, filename: japanese_trees.2.1/jptreesw.grf
Tick 46270: GRF config changed
     Added NewGRF: GRF ID 27711003, checksum 332CA2515DAB3E8D6C72F28F6918630E, filename: 2cc_trainset-2.0.0beta3/2cctrainset.grf
     Removed NewGRF: 52453300, filename: japanese_trees.2.1/jptreesw.grf
Tick 47686: GRF config changed
     Removed NewGRF: 11223301, filename: 2cc_chimaera_addon.2/chim.grf
Tick 49267: GRF config changed
     Added NewGRF: GRF ID 11223301, checksum 474A7FF52E675DED3154101B58B3E3C7, filename: 2cc_chimaera_addon.2/chim.grf
Tick 50010: GRF config changed
     Removed NewGRF: 27711003, filename: 2cc_trainset-2.0.0beta3/2cctrainset.grf
Tick 28029: GRF config changed
     Added NewGRF: GRF ID 4D570102, checksum 8C41066F2430A1762047AB077B51EE63, filename: hover_bus.1.0/hoverbus_1.0.grf
Tick 42008: GRF config changed
     Removed NewGRF: 11223301, filename: 2cc_chimaera_addon.2/chim.grf
     Added NewGRF: GRF ID 27711003, checksum 332CA2515DAB3E8D6C72F28F6918630E, filename: 2cc_trainset-2.0.0beta3/2cctrainset.grf
Tick 51294: GRF config changed
     Removed NewGRF: 4D570102, filename: hover_bus.1.0/hoverbus_1.0.grf
     Removed NewGRF: 27711003, filename: 2cc_trainset-2.0.0beta3/2cctrainset.grf
Tick 39371: GRF config changed
     Added NewGRF: GRF ID 52455400, checksum 1600687C50C5AB1E72EDD487CAD50E2A, filename: coded_by_aegir._artwork_by_aegir-1/ae_cityw.grf
Tick 43744: GRF config changed
     Added NewGRF: GRF ID 19060801, checksum 6CFC6328D999C140851BFE6514BA277A, filename: bigger_depots.0.3/bigdepot.grf
Tick 48675: GRF config changed
     Added NewGRF: GRF ID 52453200, checksum 8E0A4D49E0E6F60659D4E28AB38F6647, filename: japanset_landscape.1.1a/jplandw.grf
     Removed NewGRF: 52455400, filename: coded_by_aegir._artwork_by_aegir-1/ae_cityw.grf
     Removed NewGRF: 19060801, filename: bigger_depots.0.3/bigdepot.grf
Tick 50160: GRF config changed
     Removed NewGRF: 52453200, filename: japanset_landscape.1.1a/jplandw.grf
Tick 53697: GRF config changed
     Added NewGRF: GRF ID 53455230, checksum 15E1CF56468A93FC7CE88589FC56734C, filename: swedish_rails-0.5.0/swedishrails.grf
Tick 61502: GRF config changed
     Added NewGRF: GRF ID 41533031, checksum 911AC4448EE52CFDF171FA358404DD23, filename: swedish_houses-1.1/swehouses.grf
     Removed NewGRF: 53455230, filename: swedish_rails-0.5.0/swedishrails.grf
Tick 54472: GRF config changed
     Added NewGRF: GRF ID 56430001, checksum AF3E0A1E6EF0B98DB966594578D1775B, filename: total_town_replacement_set-3.02a/ttrs3w.grf
     Removed NewGRF: 41533031, filename: swedish_houses-1.1/swehouses.grf
Tick 58416: GRF config changed
     Added NewGRF: GRF ID 74677462, checksum A2396FFDCC0F1BA37A2A89EF525CDF21, filename: total_bridge_renewal_set.1.12/total_bridges.grf
Tick 49078: GRF config changed
     Added NewGRF: GRF ID 19060801, checksum 6CFC6328D999C140851BFE6514BA277A, filename: bigger_depots.0.3/bigdepot.grf
Tick 50031: GRF config changed
     Removed NewGRF: 19060801, filename: bigger_depots.0.3/bigdepot.grf
Tick 57403: GRF config changed
     Added NewGRF: GRF ID 19060801, checksum 6CFC6328D999C140851BFE6514BA277A, filename: bigger_depots.0.3/bigdepot.grf
Tick 61852: GRF config changed
     Added NewGRF: GRF ID 21212121, checksum BB75CC1F1955B60E85867BE3324F1016, filename: altered_costs_and_prices-1.2/altcostandprice1_2.grf
Tick 52245: GRF config changed
     Removed NewGRF: 21212121, filename: altered_costs_and_prices-1.2/altcostandprice1_2.grf
---- gamelog end ----

*** End of OpenTTD Crash Report ***
