*** OpenTTD Crash Report ***

Crash at: Sun Jan 30 10:43:21 2011
In game date: 2100-01-01 (0)

Crash reason:
 Exception: C0000005
 Location:  004E03A5
 Message:   <none>

OpenTTD version:
 Version:    r21924 (0)
 NewGRF ver: 110055a4
 Bits:       32
 Endian:     little
 Dedicated:  no
 Build date: Jan 29 2011 19:17:37

Registers:
 EAX: 00000003 EBX: 0593BF88 ECX: 05928EB0 EDX: 0018F870
 ESI: 05928EB0 EDI: 00000000 EBP: 0018F8B8 ESP: 0018F820
 EIP: 004E03A5 EFLAGS: 00210246

 Bytes at instruction pointer:
 8A 47 08 84 C0 74 08 3C 01 75 44 8B 7C 24 18 8B 7F 0C 85 FF 74 39 8A 47

Stack trace:
 0018F970 00000000 00000000 002A0046 00000000 00000000 00000000 00000000
 00000001 00007704 00000000 0001FFFF 0000002A 0018F8D0 74BF2A16 011F64B0
 0593BF88 0593BF88 00090422 0018F8FC 00000001 00007704 00000000 0001FFFF
 0593BF90 0002003E 74BE71BE 74BE71F9 00090422 0000A918 00000011 00090422
 0018F8B0 03E70808 74BE698B AE295FD4 74BE6947 03E70808 0018F934 00405791
 00000000 00000144 00000000 00000000 000003E0 0BB60050 0000029E 00000000
 00090422 00000020 00000000 00BE86DB 00180001 00B5FE28 00000266 00000084
 00000000 00663512 00BCAA2C 000000FF 00000000 00000000 0001FFFF 004DFB55
 00000000 000001A3 0018FB98 006697F3 00000000 0018F984 004054AA 0002003E
 00000144 00000000 0BB60050 0049A952 00000000 00663700 029F8068 029F8068
 00000000 00FFFFFE 00663700 00004000 02610D88 00000000 00BCA890 00BCA8AC
 00000000 0018F9D0 0045FC36 0002003E 00000144 00000000 0049A952 00000000
 00000001 0593BF88 0049A90C 0593BF88 0593BF88 0045F22F 00000000 02610D88
 00090422 00000000 00000000 0593BF88 0018F9F8 0045F80C 00000046 00000003
 00000006 029F8068 02610D88 00000000 00BCA890 00BCA8AC 0018FA2C 0045192A
 00000046 00000011 00000006 00000001 00000046 029F8068 00000011 00000011
 00000006 0000000A 01000046 0018FA60 00453AF0 00000046 00000011 00000001
 00000046 0000002A 00000001 00000020 00090422 00000000 0000002A 00000046
 00000001 00453D13 00000001 00000000 00000001 00000201 0018FB04 00000000
 00000000 0057163C 00000000 0057122E 00000000 00000000 00000024 00000001
 00000000 00000000 00000070 FFFFFFFF FFFFFFFF 74BE6899 74BE6941 0018FC48
 00000001 00000000 00000000 0018FA88 00000000 0018FB30 74C00155 DA8FCE00
 FFFFFFFE 00000001 0018FB80 00000000 0057122E 00090422 00000020 00090422
 02010001 0018FB30 74BE6238 00090422 00000201 00000001 002A0046 0057122E

Operating system:
 Name:     Windows
 Release:  6.1.7600 ()
 Compiler: MSVC 1500

Configuration:
 Blitter:      8bpp-optimized
 Graphics set: OpenGFX (589)
 Language:     C:\games\OpenTTD\lang\dutch.lng
 Music driver: dmusic
 Music set:    OpenMSX (96)
 Network:      no
 Sound driver: win32
 Sound set:    OpenSFX (87)
 Video driver: win32

AI Configuration (local: 0):
  0: Human

Libraries:
 FreeType:   2.4.4
 ICU:        4.4.2
 LZMA:       5.0.0
 LZO:        2.03
 PNG:        1.4.5
 Zlib:       1.2.5

Module information:
 C:\games\OpenTTD\openttd.exe handle: 00400000 size: 8219648 crc: B3C79E8F date: 2011-01-29 19:21:20
 C:\Windows\SysWOW64\ntdll.dll handle: 76FF0000 size: 1289528 crc: DD5862D0 date: 2010-03-24 06:37:04
 C:\Windows\syswow64\kernel32.dll handle: 75980000 size: 836608 crc: C271BF8C date: 2009-07-14 01:11:23
 C:\Windows\syswow64\KERNELBASE.dll handle: 75A80000 size: 269824 crc: 778A4077 date: 2009-07-14 01:11:23
 C:\Windows\system32\WINMM.dll handle: 72400000 size: 194048 crc: 2FBEB05C date: 2009-07-14 01:16:19
 C:\Windows\syswow64\msvcrt.dll handle: 76830000 size: 690688 crc: 554C94A4 date: 2009-07-14 01:15:50
 C:\Windows\syswow64\USER32.dll handle: 74BD0000 size: 833024 crc: E462ECF7 date: 2009-07-14 01:11:24
 C:\Windows\syswow64\GDI32.dll handle: 750E0000 size: 310784 crc: D911CA67 date: 2009-07-14 01:11:21
 C:\Windows\syswow64\LPK.dll handle: 751A0000 size: 25600 crc: 3C6CC57C date: 2009-07-14 01:11:23
 C:\Windows\syswow64\USP10.dll handle: 757E0000 size: 627200 crc: 3887C4C8 date: 2009-07-14 01:16:17
 C:\Windows\syswow64\ADVAPI32.dll handle: 754B0000 size: 640000 crc: 24248FE4 date: 2009-07-14 01:14:53
 C:\Windows\SysWOW64\sechost.dll handle: 75270000 size: 92160 crc: B624B29A date: 2009-07-14 01:16:13
 C:\Windows\syswow64\RPCRT4.dll handle: 768E0000 size: 662528 crc: 21A3ED97 date: 2009-07-14 01:11:23
 C:\Windows\syswow64\SspiCli.dll handle: 74B60000 size: 96768 crc: 88D768A6 date: 2009-12-11 07:36:33
 C:\Windows\syswow64\CRYPTBASE.dll handle: 74B50000 size: 36864 crc: 00308E17 date: 2009-07-14 01:15:07
 C:\Windows\syswow64\WS2_32.dll handle: 75710000 size: 206336 crc: 4C23BF22 date: 2009-07-14 01:16:20
 C:\Windows\syswow64\NSI.dll handle: 75440000 size: 8704 crc: 2ACE9671 date: 2009-07-14 01:16:11
 C:\Windows\syswow64\SHELL32.dll handle: 75BE0000 size: 12867584 crc: E1911954 date: 2010-07-27 14:03:24
 C:\Windows\syswow64\SHLWAPI.dll handle: 75450000 size: 350208 crc: 8D9B2C39 date: 2009-07-14 01:16:14
 C:\Windows\system32\IMM32.DLL handle: 74E70000 size: 119808 crc: BC43D00A date: 2009-07-14 01:11:21
 C:\Windows\syswow64\MSCTF.dll handle: 74ED0000 size: 828928 crc: DFE09EEB date: 2009-07-14 01:15:43
 c:\program files (x86)\f-secure\hips\fshook32.dll handle: 72B80000 size: 330416 crc: 952322C4 date: 2010-03-26 09:08:54
 C:\Windows\syswow64\PSAPI.DLL handle: 76FC0000 size: 6144 crc: 25B988F9 date: 2009-07-14 01:16:12
 C:\Windows\system32\SHFolder.dll handle: 734E0000 size: 7168 crc: 683AAC32 date: 2009-07-14 01:16:14
 C:\Windows\syswow64\ole32.dll handle: 755B0000 size: 1413632 crc: 082ED659 date: 2010-06-29 05:02:02
 C:\Windows\system32\MMDevAPI.DLL handle: 74440000 size: 213504 crc: 352DF99F date: 2009-07-14 01:15:41
 C:\Windows\system32\PROPSYS.dll handle: 709B0000 size: 988160 crc: 0700E8D7 date: 2009-07-14 01:16:12
 C:\Windows\syswow64\OLEAUT32.dll handle: 753B0000 size: 571904 crc: 9BF754BE date: 2010-04-07 07:10:36
 C:\Windows\system32\wdmaud.drv handle: 74490000 size: 172032 crc: 03BEEBE2 date: 2009-07-14 01:14:08
 C:\Windows\system32\ksuser.dll handle: 74480000 size: 4608 crc: EBE07232 date: 2009-07-14 01:15:35
 C:\Windows\system32\AVRT.dll handle: 74420000 size: 14336 crc: 9818237B date: 2009-07-14 01:14:58
 C:\Windows\syswow64\SETUPAPI.dll handle: 74CD0000 size: 1668608 crc: F909EF01 date: 2009-07-14 01:16:14
 C:\Windows\syswow64\CFGMGR32.dll handle: 75240000 size: 145920 crc: 6377C630 date: 2009-07-14 01:15:02
 C:\Windows\syswow64\DEVOBJ.dll handle: 76BD0000 size: 64512 crc: 2B501D62 date: 2009-07-14 01:15:11
 C:\Windows\system32\AUDIOSES.DLL handle: 74000000 size: 195584 crc: BC939745 date: 2009-07-14 01:14:57
 C:\Windows\system32\msacm32.drv handle: 74430000 size: 20992 crc: 73923147 date: 2009-07-14 01:14:08
 C:\Windows\system32\MSACM32.dll handle: 723D0000 size: 72192 crc: ABA25814 date: 2009-07-14 01:15:42
 C:\Windows\system32\midimap.dll handle: 74070000 size: 16896 crc: C000494C date: 2009-07-14 01:15:40
 C:\Windows\syswow64\CLBCatQ.DLL handle: 751B0000 size: 522240 crc: 6C130B8A date: 2009-07-14 01:15:03
 C:\Windows\system32\uxtheme.dll handle: 72440000 size: 245760 crc: 60C5C746 date: 2009-07-14 01:11:24
 C:\Windows\system32\dwmapi.dll handle: 72390000 size: 67072 crc: FC7CA4B8 date: 2009-07-14 01:15:13
 C:\Windows\System32\dmime.dll handle: 70340000 size: 179712 crc: 179D7CFB date: 2009-07-14 01:15:12
 C:\Windows\System32\DSOUND.dll handle: 73F40000 size: 453632 crc: EC24F2F8 date: 2009-07-14 01:15:13
 C:\Windows\System32\POWRPROF.dll handle: 74040000 size: 145408 crc: 9957ABF4 date: 2009-07-14 01:16:12
 C:\Windows\System32\dmusic.dll handle: 70E10000 size: 101376 crc: F5D0AA6B date: 2009-07-14 01:15:12
 C:\Windows\syswow64\WINTRUST.dll handle: 75170000 size: 172032 crc: EA2D5BBA date: 2009-12-29 06:55:34
 C:\Windows\syswow64\CRYPT32.dll handle: 75290000 size: 1151488 crc: CC34327C date: 2009-07-14 01:15:07
 C:\Windows\syswow64\MSASN1.dll handle: 74BC0000 size: 34816 crc: 4F65C9C8 date: 2009-08-29 06:57:31
 C:\Windows\System32\dmsynth.dll handle: 70DF0000 size: 105472 crc: 3B102040 date: 2009-07-14 01:15:12
 C:\Windows\System32\dmloader.dll handle: 715A0000 size: 38400 crc: 8A3F45D2 date: 2009-07-14 01:15:12
 C:\Program Files (x86)\F-Secure\FSPS\program\fslsp.dll handle: 72FA0000 size: 191664 crc: 47111209 date: 2010-03-26 09:09:34
 c:\program files (x86)\f-secure\scanner-interface\fsgkiapi.dll handle: 17330000 size: 83632 crc: 2F9A8F3B date: 2010-03-26 09:08:20
 C:\Windows\system32\mswsock.dll handle: 72F40000 size: 232448 crc: 32400D27 date: 2009-07-14 01:15:51
 C:\Windows\System32\wshtcpip.dll handle: 72F30000 size: 9216 crc: BA963A19 date: 2009-07-14 01:16:20
 C:\Windows\System32\dmstyle.dll handle: 70320000 size: 105984 crc: 306B797C date: 2009-07-14 01:15:12
 C:\Windows\System32\dmband.dll handle: 713A0000 size: 30720 crc: B880FDE2 date: 2009-07-14 01:15:12

---- gamelog start ----
Tick 0: new game started
     Revision text changed to r21924, savegame version 157, not modified, _openttd_newgrf_version = 0x110055a4
     New game mode: 1 landscape: 2
---- gamelog end ----

*** End of OpenTTD Crash Report ***

Decoded stack trace:
[00] ???                  0x004E03A5
[01] ???                  0x00405791
[02] ???                  0x004054AA
[03] ???                  0x0045FC36
[04] ???                  0x0045F80C
[05] ???                  0x0045192A
[06] ???                  0x00453AF0
[07] ???                  0x00453D13
[08] ???                  0x0057163C

*** End of additional info ***
