*** OpenTTD Crash Report ***

Crash at: Sun Dec 26 09:36:39 2010
In game date: 1951-06-27 (4)

Crash reason:
 Exception: E1212012
 Location:  75E19617
 Message:   Assertion failed at line 1024 of ..\src\viewport.cpp: type < HT_DIR_END

OpenTTD version:
 Version:    r21615 (0)
 NewGRF ver: 1100546f
 Bits:       32
 Endian:     little
 Dedicated:  no
 Build date: Dec 23 2010 23:18:25

Registers:
 EAX: 0012F420 EBX: 00000016 ECX: 00000000 EDX: 77BD64F4
 ESI: 00BCCD08 EDI: 00000000 EBP: 0012F470 ESP: 0012F420
 EIP: 75E19617 EFLAGS: 00200246

 Bytes at instruction pointer:
 C9 C2 10 00 89 45 C0 EB ED 90 90 90 90 90 8B FF 55 8B EC 83 EC 1C 6A 00

Stack trace:
 E1212012 00000000 00000000 75E19617 00000000 776762E3 F72EA211 FFFFFFFE
 7762888D 776270F4 00000000 7761BB59 77BD549C 77BF3263 FFFFFFFF 00000024
 0012F46C 00000004 00000000 00000016 0012F4D0 0057014D E1212012 00000000
 00000000 00000000 00642B76 00000016 805EA8C5 0012F818 00000200 00000007
 77BEF037 FFFFFFFF 00000000 0012F4B8 0057013D 00000001 0012F490 0012F024
 0012FF78 00648D60 80F6411D FFFFFFFE 0012F808 00641FB0 00000016 00000200
 77BD63E0 00F21B88 00000082 00000000 00000000 7761BB59 776277CD 776452B9
 00040338 00000007 00000000 00000001 0007038C 00000000 00E00000 00E6F100
 0069585E 000003C6 01C90010 002D06ED 0012F554 77645511 00100374 00E6E4E0
 00000001 00E6F0F8 0012F560 77BE1FAF 00000000 00010003 0012F754 00E6F0F8
 0012F5F8 7766E16D 00E00000 00000000 00E6F100 00000001 0012F754 00000001
 00000000 00000000 00000640 00000488 00000000 00C2BE08 00000010 0000001C
 0000000F 00040338 00000006 00000461 00000000 000003E7 00000000 00000172
 00000008 50022080 002F0D48 00000000 00000000 00000035 00007F01 00E6F100
 00000001 0000000F 00000000 00000020 000001DF 00E6F164 0012F748 7766E6B9
 00000010 0012F818 00000200 7766E6F1 00000001 FFFFFFFF 0012F6FC 0012F6F8
 002F0784 00200000 05350000 00000000 00000000 00000000 7766E70C 00000000
 00000001 77BE316F 779E9DEF 00000000 00200000 05350020 021050A8 020A5B40
 003E6178 02000002 021090B0 03ED0039 000A9213 00000000 00000000 00200000
 002028D0 002028D0 002028D0 002028D0 77BE22AE 00000000 002028D0 02000002
 00000000 A40008AC 00000003 00000003 00000003 00000003 00000200 00000402
 0000077F 00433C24 0708F3FC 00000382 06260020 06161008 000D0791 00000000
 00000000 00000000 00000000 002028D0 00200000 04E68E48 00301000 00000000
 00200000 04D4A020 01000000 01000000 008B001C 0000007F 0012F818 00C2BE08

Operating system:
 Name:     Windows
 Release:  6.1.7600 ()
 Compiler: MSVC 1500

Configuration:
 Blitter:      8bpp-optimized
 Graphics set: OpenGFX (589)
 Language:     C:\Program Files\OpenTTD\lang\english.lng
 Music driver: dmusic
 Music set:    OpenMSX (96)
 Network:      no
 Sound driver: win32
 Sound set:    OpenSFX (87)
 Video driver: win32

AI Configuration (local: 0):
  0: Human

Libraries:
 FreeType:   2.4.4
 ICU:        4.4.2
 LZMA:       5.0.0
 LZO:        2.03
 PNG:        1.4.5
 Zlib:       1.2.5

Module information:
 C:\Program Files\OpenTTD\openttd.exe handle: 00400000 size: 8204288 crc: 3E0BC7D5 date: 2010-12-23 23:21:30
 C:\Windows\SYSTEM32\ntdll.dll handle: 77B90000 size: 1286144 crc: D1A0A49D date: 2009-07-14 01:17:51
 C:\Windows\system32\kernel32.dll handle: 76350000 size: 857088 crc: BBC23B70 date: 2009-07-14 01:15:35
 C:\Windows\system32\KERNELBASE.dll handle: 75E10000 size: 288256 crc: 37432389 date: 2009-07-14 01:15:35
 C:\Windows\system32\WINMM.dll handle: 70720000 size: 194048 crc: 2FBEB05C date: 2009-07-14 01:16:19
 C:\Windows\system32\msvcrt.dll handle: 76620000 size: 690688 crc: 554C94A4 date: 2009-07-14 01:15:50
 C:\Windows\system32\USER32.dll handle: 77610000 size: 811520 crc: F5A646DD date: 2009-07-14 01:16:17
 C:\Windows\system32\GDI32.dll handle: 77CE0000 size: 304640 crc: 252D0177 date: 2009-07-14 01:15:22
 C:\Windows\system32\LPK.dll handle: 77CD0000 size: 26624 crc: 13E68B63 date: 2009-07-14 01:15:36
 C:\Windows\system32\USP10.dll handle: 762B0000 size: 627200 crc: 3887C4C8 date: 2009-07-14 01:16:17
 C:\Windows\system32\WS2_32.dll handle: 77770000 size: 206336 crc: 4C23BF22 date: 2009-07-14 01:16:20
 C:\Windows\system32\RPCRT4.dll handle: 76030000 size: 652288 crc: 14458268 date: 2009-07-14 01:16:13
 C:\Windows\system32\NSI.dll handle: 77480000 size: 8704 crc: 2ACE9671 date: 2009-07-14 01:16:11
 C:\Windows\system32\ADVAPI32.dll handle: 76430000 size: 640000 crc: 24248FE4 date: 2009-07-14 01:14:53
 C:\Windows\SYSTEM32\sechost.dll handle: 77DA0000 size: 92160 crc: B624B29A date: 2009-07-14 01:16:13
 C:\Windows\system32\SHELL32.dll handle: 766D0000 size: 12866560 crc: 1FCAA9C5 date: 2009-07-14 01:16:14
 C:\Windows\system32\SHLWAPI.dll handle: 77860000 size: 350208 crc: 8D9B2C39 date: 2009-07-14 01:16:14
 C:\Windows\system32\IMM32.DLL handle: 77840000 size: 118272 crc: F2F44531 date: 2009-07-14 01:15:32
 C:\Windows\system32\MSCTF.dll handle: 778C0000 size: 828928 crc: DFE09EEB date: 2009-07-14 01:15:43
 C:\Windows\system32\SHFolder.dll handle: 72A20000 size: 7168 crc: 683AAC32 date: 2009-07-14 01:16:14
 C:\Windows\system32\ole32.dll handle: 77320000 size: 1412608 crc: 4ACC7A3A date: 2009-07-14 01:16:12
 C:\Windows\system32\MMDevAPI.DLL handle: 74E20000 size: 213504 crc: 352DF99F date: 2009-07-14 01:15:41
 C:\Windows\system32\PROPSYS.dll handle: 74BC0000 size: 988160 crc: 0700E8D7 date: 2009-07-14 01:16:12
 C:\Windows\system32\OLEAUT32.dll handle: 777B0000 size: 571904 crc: DCE3E850 date: 2009-07-14 01:16:12
 C:\Windows\system32\wdmaud.drv handle: 6E390000 size: 172032 crc: 03BEEBE2 date: 2009-07-14 01:14:08
 C:\Windows\system32\ksuser.dll handle: 6E510000 size: 4608 crc: EBE07232 date: 2009-07-14 01:15:35
 C:\Windows\system32\AVRT.dll handle: 74BB0000 size: 14336 crc: 9818237B date: 2009-07-14 01:14:58
 C:\Windows\system32\SETUPAPI.dll handle: 76110000 size: 1668608 crc: F909EF01 date: 2009-07-14 01:16:14
 C:\Windows\system32\CFGMGR32.dll handle: 75E60000 size: 145920 crc: 6377C630 date: 2009-07-14 01:15:02
 C:\Windows\system32\DEVOBJ.dll handle: 75DF0000 size: 64512 crc: 2B501D62 date: 2009-07-14 01:15:11
 C:\Windows\system32\AUDIOSES.DLL handle: 6E350000 size: 195584 crc: BC939745 date: 2009-07-14 01:14:57
 C:\Windows\system32\msacm32.drv handle: 6DD70000 size: 20992 crc: 73923147 date: 2009-07-14 01:14:08
 C:\Windows\system32\MSACM32.dll handle: 6DD50000 size: 72192 crc: ABA25814 date: 2009-07-14 01:15:42
 C:\Windows\system32\midimap.dll handle: 6DD40000 size: 16896 crc: C000494C date: 2009-07-14 01:15:40
 C:\Windows\system32\CRYPTBASE.dll handle: 75C60000 size: 36864 crc: 00308E17 date: 2009-07-14 01:15:07
 C:\Windows\system32\CLBCatQ.DLL handle: 776E0000 size: 522240 crc: 6C130B8A date: 2009-07-14 01:15:03
 C:\Windows\system32\uxtheme.dll handle: 749B0000 size: 249856 crc: 1CD7BB78 date: 2009-07-14 01:16:17
 C:\Windows\system32\dwmapi.dll handle: 746D0000 size: 67072 crc: FC7CA4B8 date: 2009-07-14 01:15:13
 C:\Windows\System32\dmime.dll handle: 703D0000 size: 179712 crc: 179D7CFB date: 2009-07-14 01:15:12
 C:\Windows\System32\DSOUND.dll handle: 744E0000 size: 453632 crc: EC24F2F8 date: 2009-07-14 01:15:13
 C:\Windows\System32\POWRPROF.dll handle: 74E60000 size: 145408 crc: 9957ABF4 date: 2009-07-14 01:16:12
 C:\Windows\System32\dmusic.dll handle: 703B0000 size: 101376 crc: F5D0AA6B date: 2009-07-14 01:15:12
 C:\Windows\system32\WINTRUST.dll handle: 75FB0000 size: 172544 crc: 3753F315 date: 2009-07-14 01:16:19
 C:\Windows\system32\CRYPT32.dll handle: 75E90000 size: 1151488 crc: CC34327C date: 2009-07-14 01:15:07
 C:\Windows\system32\MSASN1.dll handle: 75D50000 size: 33280 crc: AE3E4073 date: 2009-07-14 01:15:42
 C:\Windows\System32\dmsynth.dll handle: 70390000 size: 105472 crc: 3B102040 date: 2009-07-14 01:15:12
 C:\Windows\System32\dmloader.dll handle: 72670000 size: 38400 crc: 8A3F45D2 date: 2009-07-14 01:15:12
 C:\Windows\system32\mswsock.dll handle: 75710000 size: 232448 crc: 32400D27 date: 2009-07-14 01:15:51
 C:\Windows\System32\wshtcpip.dll handle: 75270000 size: 9216 crc: BA963A19 date: 2009-07-14 01:16:20
 C:\Windows\System32\wship6.dll handle: 75890000 size: 10752 crc: 99DFC9DA date: 2009-07-14 01:16:20
 C:\Windows\system32\DNSAPI.dll handle: 75670000 size: 269824 crc: 85C25AB3 date: 2009-07-14 01:15:12
 C:\Program Files\Bonjour\mdnsNSP.dll handle: 72B70000 size: 152864 crc: C12491A2 date: 2010-05-18 13:35:14
 C:\Windows\system32\Iphlpapi.DLL handle: 73E70000 size: 103936 crc: 0D4054DF date: 2009-07-14 01:15:33
 C:\Windows\system32\WINNSI.DLL handle: 73E50000 size: 16896 crc: 484CAF17 date: 2009-07-14 01:16:19
 C:\Windows\system32\rasadhlp.dll handle: 72B60000 size: 11776 crc: C799823B date: 2009-07-14 01:16:12
 C:\Windows\System32\fwpuclnt.dll handle: 73D50000 size: 216576 crc: 930BF51D date: 2009-07-14 01:15:21
 C:\Windows\system32\psapi.dll handle: 76610000 size: 6144 crc: 25B988F9 date: 2009-07-14 01:16:12

---- gamelog start ----
Tick 0: new game started
     Revision text changed to r21615, savegame version 155, not modified, _openttd_newgrf_version = 0x1100546f
     New game mode: 1 landscape: 0
---- gamelog end ----

*** End of OpenTTD Crash Report ***

Decoded stack trace:
[00] ???                  0x75E19617 ä + 84
[01] ???                  0x0057014D
[02] ???                  0x00641FB0
[03] ???                  0x0042F807
[04] ???                  0x00449878
[05] ???                  0x00449BBA
[06] ???                  0x0044A416
[07] ???                  0x0044A68C
[08] ???                  0x0044A724
[09] ???                  0x0044F0F1
[10] ???                  0x004511E1
[11] ???                  0x0045123F
[12] ???                  0x0041B622
[13] ???                  0x0045348A
[14] ???                  0x0056ED68

*** End of additional info ***
