*** OpenTTD Crash Report ***

Crash at: Tue Oct 07 21:42:13 2014
In game date: 0-01-01 (0)

Crash reason:
 Exception: C0000005
 Location:  00007FF721E156A1
 Message:   <none>

OpenTTD version:
 Version:    HardPack-0.8.167 (1)
 NewGRF ver: 14000000
 Bits:       64
 Endian:     little
 Dedicated:  no
 Build date: Sep  7 2013 17:46:00

Registers:
 RAX: 00000000000003F9 RBX: 000000731B660AF0 RCX: 0000000000000000 RDX: 0000000000000000
 RSI: 0000000028010775 RDI: 00000000250108EF RBP: 000000000185000F RSP: 000000731B57CB90
 R8:  000000731B57CA78 R9:  0000000000000780 R10: 0000000000000000 R11: 0000000000000246
 R12: 0000000000000000 R13: 00000000000301AA R14: 000000000188000B R15: 000000000000000F
 RIP: 00007FF721E156A1 EFLAGS: 00010202

 Bytes at instruction pointer:
 4C 8B 11 45 33 C0 33 D2 89 44 24 20 41 FF 52 20 48 83 C4 30 5B C3 4C 8D

Stack trace:
 250108EF 00000000 28010775 00000000 00000008 00000000 0000001D 00000004
 00000003 00000000 00000000 00000004 1B660AF0 00000073 21E8C07E 00007FF7
 00000000 00000000 28010775 00000000 1B57D079 00000073 250108EF 00000000
 00000004 000004B0 8F4C4DE0 00007FFB 00000000 00000000 00000000 00000000
 3010082D 00000000 00000000 00000000 151008AF 00000000 00000000 00000000
 00000017 00000000 90DE0A41 00007FFB FA36DA96 00002FA2 1B57CC88 00000073
 1FBD5EA0 00000073 1B57D2F0 00000073 00000000 00000000 FA36D9C6 00002FA2
 1FBD5EA0 00000073 000301AA 00000000 28010775 00000000 00000001 00000000
 000301AA 00000000 00000000 00000000 00000001 00000000 00000014 00000000
 1B57CDB9 00000073 8CF01BC5 00007FFB 1B57CDA8 00000073 F40663BC 468E452E
 7DBAD082 45B8359F 1B57D1E0 00000073 00000001 00000000 8F4C8AD9 00007FFB
 00000000 00000000 8F4C32BB 00007FFB 00000000 00000000 90DDA7E3 00007FFB
 00000085 00000000 1BADCD20 00000073 00000000 00000000 1B57CDC9 00000073
 1FBD08C8 00000073 8CF016D6 00007FFB 00000014 00000000 00000000 00000000
 00000014 00000000 21E8C700 00007FF7 000301AA 00000000 21E8CEE9 00007FF7
 00000001 00000000 00000718 00000718 00000000 00000000 00000000 00000000
 00000000 00000000 00000000 00000000 000301AA 00000000 00000014 00000000
 28010775 00000000 00000000 00000000 00000000 000004B0 00000000 00000000
 00000000 00000000 00000000 00007FFB 84CE6AF7 00005DDD 00000000 00000000
 28010775 00000000 21E8C700 00007FF7 000301AA 00000000 00000000 00000000
 1B57D079 00000073 8F4C2548 00007FFB 00000001 00000000 00000001 00000000
 00000000 00000000 00000014 00000000 1B57CE50 00000073 1B57CE60 00000073
 00000000 00000000 00000000 00007FFB 00000000 00000000 00000010 00000000
 00000048 00000000 00000001 4FDF3179 00000000 00000000 00000000 00000000

Operating system:
 Name:     Windows
 Release:  6.2.9200 ()
 Compiler: MSVC 1700

Configuration:
 Blitter:      32bpp-anim-aa
 Graphics set: none (4294967295)
 Language:     C:\Users\Administrator\Desktop\openttd-hardpack-0.8.167-x64\openttd-hardpack-0.8.167\lang\korean.lng
 Music driver: none
 Music set:    none (4294967295)
 Network:      no
 Sound driver: none
 Sound set:    none (4294967295)
 Video driver: none

AI Configuration (local: 0):

Libraries:
 FreeType:   2.4.11
 ICU:        51.2
 LZMA:       5.0.4
 LZO:        2.06
 PNG:        1.5.14
 Zlib:       1.2.7

Module information:
 C:\Users\Administrator\Desktop\openttd-hardpack-0.8.167-x64\openttd-hardpack-0.8.167\openttd.exe handle: 00007FF721B80000 size: 14529024 crc: 441FB391 date: 2013-09-07 13:54:30
 C:\Windows\SYSTEM32\ntdll.dll handle: 00007FFB90DC0000 size: 1722608 crc: 562F9B5E date: 2013-08-22 13:25:40
 C:\Windows\system32\KERNEL32.DLL handle: 00007FFB8EB60000 size: 1288640 crc: 81F41E51 date: 2013-08-22 12:45:59
 C:\Windows\system32\KERNELBASE.dll handle: 00007FFB8E4A0000 size: 1115608 crc: 74DF54B6 date: 2013-08-22 13:25:35
 C:\Windows\SYSTEM32\WINMM.dll handle: 00007FFB870E0000 size: 123936 crc: 18537EC1 date: 2013-08-22 12:32:47
 C:\Windows\system32\WS2_32.dll handle: 00007FFB8EAF0000 size: 355872 crc: 31116A8F date: 2013-08-22 13:25:35
 C:\Windows\system32\IMM32.dll handle: 00007FFB8F3A0000 size: 209168 crc: E74EDA96 date: 2013-08-22 12:39:04
 C:\Windows\system32\USER32.dll handle: 00007FFB8F4C0000 size: 1517984 crc: 43CFD2E8 date: 2013-08-22 12:39:12
 C:\Windows\system32\GDI32.dll handle: 00007FFB8EF50000 size: 1341296 crc: FD663904 date: 2013-08-22 12:39:04
 C:\Windows\system32\ADVAPI32.dll handle: 00007FFB8EEA0000 size: 669392 crc: 1D137D4C date: 2013-08-22 12:35:11
 C:\Windows\system32\SHELL32.dll handle: 00007FFB8F640000 size: 21192024 crc: B47DE141 date: 2013-08-22 12:40:00
 C:\Windows\SYSTEM32\WINMMBASE.dll handle: 00007FFB870B0000 size: 160608 crc: 8D0EB199 date: 2013-08-22 12:32:47
 C:\Windows\system32\msvcrt.dll handle: 00007FFB8F3E0000 size: 674616 crc: 65BAD3E7 date: 2013-08-22 13:25:40
 C:\Windows\system32\NSI.dll handle: 00007FFB8F490000 size: 24832 crc: 9523D5B7 date: 2013-08-22 13:25:35
 C:\Windows\system32\RPCRT4.dll handle: 00007FFB8F0A0000 size: 1268056 crc: 9E0BD192 date: 2013-08-22 13:25:35
 C:\Windows\system32\MSCTF.dll handle: 00007FFB8E950000 size: 1289664 crc: 0A2978E2 date: 2013-08-22 12:39:12
 C:\Windows\SYSTEM32\sechost.dll handle: 00007FFB8F290000 size: 356856 crc: 2D76F957 date: 2013-08-22 13:25:35
 C:\Windows\SYSTEM32\combase.dll handle: 00007FFB90A50000 size: 1929176 crc: C2F75DF1 date: 2013-08-22 12:35:41
 C:\Windows\system32\SHLWAPI.dll handle: 00007FFB8EA90000 size: 324352 crc: 35EB9619 date: 2013-08-22 12:39:57
 C:\Windows\SYSTEM32\cfgmgr32.dll handle: 00007FFB8E5B0000 size: 304168 crc: 1AC193E3 date: 2013-08-22 12:45:59
 C:\Windows\SYSTEM32\DEVOBJ.dll handle: 00007FFB8D030000 size: 150296 crc: C8521D2B date: 2013-08-22 12:45:59
 C:\Windows\SYSTEM32\SHCORE.dll handle: 00007FFB8C7F0000 size: 646168 crc: C5A64E0D date: 2013-08-22 12:39:57
 C:\Windows\system32\uxtheme.dll handle: 00007FFB8CF00000 size: 1165824 crc: 30C00752 date: 2013-08-22 11:47:05
 C:\Windows\system32\dwmapi.dll handle: 00007FFB8C610000 size: 123488 crc: 9F7F8F05 date: 2013-08-22 12:39:04
 C:\Windows\system32\ole32.dll handle: 00007FFB90C30000 size: 1532432 crc: BC5DBF68 date: 2013-08-22 12:35:41
 C:\Windows\SYSTEM32\kernel.appcore.dll handle: 00007FFB8CDD0000 size: 32040 crc: 4D507A8C date: 2013-08-22 12:45:58
 C:\Windows\SYSTEM32\CRYPTBASE.dll handle: 00007FFB8E0B0000 size: 30504 crc: 1976C4E7 date: 2013-08-22 13:25:35
 C:\Windows\SYSTEM32\bcryptPrimitives.dll handle: 00007FFB8DF50000 size: 382200 crc: 53C07015 date: 2013-08-22 13:25:34
 C:\Windows\SYSTEM32\clbcatq.dll handle: 00007FFB8F2F0000 size: 664712 crc: 38EBB7CE date: 2013-08-22 12:35:41
 C:\Windows\System32\IME\IMEKR\imkrtip.dll handle: 00007FFB8A490000 size: 749056 crc: 40C95589 date: 2013-08-22 10:50:34
 C:\Windows\system32\OLEAUT32.dll handle: 00007FFB8E890000 size: 745336 crc: 0D623EE4 date: 2013-08-22 12:34:03
 C:\Windows\SYSTEM32\PROPSYS.dll handle: 00007FFB89E50000 size: 1461200 crc: 2D2D8C80 date: 2013-08-22 12:39:57
 C:\Windows\System32\IME\shared\imetip.dll handle: 00007FFB89190000 size: 956416 crc: 50FE8953 date: 2013-08-22 10:44:36
 C:\Windows\SYSTEM32\OLEACC.dll handle: 00007FFB8A8C0000 size: 385536 crc: BD508435 date: 2013-08-22 09:47:30
 C:\Windows\SYSTEM32\DUI70.dll handle: 00007FFB8BBA0000 size: 1730048 crc: BCC789E5 date: 2013-08-22 09:29:00
 C:\Windows\System32\IME\IMEKR\imkrapi.dll handle: 00007FFB8CB00000 size: 158208 crc: 14F85F44 date: 2013-08-22 10:53:42
 C:\Windows\SYSTEM32\VERSION.dll handle: 00007FFB89CF0000 size: 29480 crc: B17B3319 date: 2013-08-22 12:41:07
 C:\Windows\system32\psapi.dll handle: 00007FFB8EB50000 size: 17592 crc: F98A9B09 date: 2013-08-22 12:46:02

---- gamelog start ----
---- gamelog end ----

*** End of OpenTTD Crash Report ***

Decoded stack trace:
[00] openttd              0x00007FF721E156A1
[01] openttd              0x00007FF721E8C07E
[02] openttd              0x00007FF721E8C7F2
[03] USER32               0x00007FFB8F4C4D85 ClientThreadSetup + 917
[04] USER32               0x00007FFB8F4C3812 IsWindow + 1026
[05] USER32               0x00007FFB8F4C38CD IsWindow + 1213
[06] ntdll                0x00007FFB90E598EF KiUserCallbackDispatcher + 31
[07] USER32               0x00007FFB8F4C317A SetTimer + 34
[08] USER32               0x00007FFB8F4C318C SetTimer + 52
[09] MSCTF                0x00007FFB8E9697E5 TF_CanUninitialize + 2697
[10] MSCTF                0x00007FFB8E969832 TF_CanUninitialize + 2774
[11] MSCTF                0x00007FFB8E9573FB CtfImeAssociateFocus + 8063
[12] MSCTF                0x00007FFB8E9567D3 CtfImeAssociateFocus + 4951
[13] MSCTF                0x00007FFB8E9D1F10 TF_IsCtfmonRunning + 58016
[14] imetip               0x00007FFB891C2819 DllGetClassObject + 143965
[15] imetip               0x00007FFB8919D539
[16] imetip               0x00007FFB891C60F4 DllGetClassObject + 158520
[17] imetip               0x00007FFB891C6029 DllGetClassObject + 158317
[18] imkrtip              0x00007FFB8A4989FA
[19] imetip               0x00007FFB891A206C DllGetClassObject + 10928
[20] imetip               0x00007FFB891A220D DllGetClassObject + 11345
[21] imetip               0x00007FFB891C08FF DllGetClassObject + 136003
[22] imetip               0x00007FFB891C086D DllGetClassObject + 135857
[23] imetip               0x00007FFB891BF3D8 DllGetClassObject + 130588
[24] imetip               0x00007FFB891C0073 DllGetClassObject + 133815
[25] imetip               0x00007FFB891BFFA8 DllGetClassObject + 133612
[26] imetip               0x00007FFB891C0598 DllGetClassObject + 135132
[27] imetip               0x00007FFB891C01E5 DllGetClassObject + 134185
[28] imetip               0x00007FFB891C0169 DllGetClassObject + 134061
[29] imetip               0x00007FFB891C00D0 DllGetClassObject + 133908
[30] MSCTF                0x00007FFB8E96B1B0 TF_CanUninitialize + 9300
[31] MSCTF                0x00007FFB8E96B341 TF_CanUninitialize + 9701
[32] MSCTF                0x00007FFB8E963BD2 TF_CreateInputProcessorProfiles + 15650
[33] MSCTF                0x00007FFB8E960920 TF_CreateInputProcessorProfiles + 2672
[34] MSCTF                0x00007FFB8E9829B2 CtfImeInquireExW + 1282
[35] MSCTF                0x00007FFB8E95FEE0 TF_CreateInputProcessorProfiles + 48
[36] MSCTF                0x00007FFB8E955910 CtfImeAssociateFocus + 1172
[37] USER32               0x00007FFB8F4C4089 GetWindowThreadProcessId + 329
[38] ntdll                0x00007FFB90E598EF KiUserCallbackDispatcher + 31
[39] USER32               0x00007FFB8F4C1FEA WindowFromPhysicalPoint + 26
[40] USER32               0x00007FFB8F4C5209 InflateRect + 313
[41] USER32               0x00007FFB8F4C371E IsWindow + 782
[42] openttd              0x00007FF721E8CEE9
[43] USER32               0x00007FFB8F4C2524 DispatchMessageW + 340
[44] USER32               0x00007FFB8F4C3812 IsWindow + 1026
[45] USER32               0x00007FFB8F4C38CD IsWindow + 1213
[46] ntdll                0x00007FFB90E598EF KiUserCallbackDispatcher + 31
[47] USER32               0x00007FFB8F4C119A ShowWindow + 10
[48] openttd              0x00007FF721E8BFB6
[49] openttd              0x00007FF721E8D2FD
[50] openttd              0x00007FF721B97A5A
[51] openttd              0x00007FF721BDFA54
[52] openttd              0x00007FF721E8FE3E
[53] openttd              0x00007FF721F7C7A0
[54] KERNEL32             0x00007FFB8EB61611 BaseThreadInitThunk + 13
[55] ntdll                0x00007FFB90E364AD RtlUserThreadStart + 29

*** End of additional info ***
