*** OpenTTD Crash Report ***

Crash at: Sat Sep 24 17:11:25 2011
In game date: 1960-07-20 (57)

Crash reason:
 Exception: C0000005
 Location:  000000013FE5DECC
 Message:   <none>

OpenTTD version:
 Version:    1.1.2 (0)
 NewGRF ver: 112858dd
 Bits:       64
 Endian:     little
 Dedicated:  no
 Build date: Aug 14 2011 15:35:48

Registers:
 RAX: 000000014063EF98 RBX: 000000000000006F RCX: 0000000002114411 RDX: 0000000002114400
 RSI: 000000000026EE40 RDI: 000000000000006F RBP: 000000000026DB38 RSP: 000000000026B9E8
 R8:  0000000000000001 R9:  0000000000000001 R10: 0000000000000000 R11: 000000000000E000
 R12: 0000000000000034 R13: 0000000140783400 R14: 000000000000006F R15: 0000000000000000
 RIP: 000000013FE5DECC EFLAGS: 00010206

 Bytes at instruction pointer:
 8A 04 01 88 05 E8 EA 89 00 41 F7 D9 1A C0 24 D6 FE C0 45 84 C0 0F B6 C8

Stack trace:
 3FE5EF8D 00000001 82469928 00007B5A 0000001B 00000000 40783401 00000001
 01D179E0 00000000 0026BB50 00000000 40089545 00000001 01D53460 00000000
 00000034 00000000 0000013F 00000000 00000005 00000000 40783400 00000001
 3FE5E611 00000001 0000006F 00000000 0026BB50 00000000 0000013F 00000000
 00000000 00000000 00000001 00000000 0026DAF0 00000000 00000000 00000003
 0000006F 000001AA 0000013F 00000034 000000D1 00000000 E046E003 0066004F
 00650066 00200072 0066006F 00730020 00620075 00690073 00790064 00650020
 00700078 00720069 00640065 0000003A 0020006F 0061004C 00680074 006C0069
 0020006C 00690077 006C006C 006E0020 0077006F 00000000 0222FA90 00000000
 05C87390 00000000 98005CC4 00000000 01E04630 00000000 02000002 00000000
 00000000 00000000 3D080530 00000000 01E04630 00000000 3D080530 00000000
 021AC0E0 00000000 3D080530 00000000 00000008 00000000 00000000 00000000
 01E00200 00000000 01D14660 00000000 00000001 00000000 01E00000 00000000
 021AC0D0 00000000 021AC0D0 00000000 77285AD0 00000000 00000408 00000000
 01E04630 00000000 065D0200 00000000 01E00408 00000000 000000D1 00000000
 020E0000 00000000 000092D9 00000000 01E00230 00000000 01E04630 00000000
 00000007 00000000 02131E30 00000000 021AC0D0 00000000 00000001 00000000
 020F5100 00000000 00000000 00000000 0026BC60 00000000 000090D9 00000000
 0B090200 00000000 021B08D0 00000000 772807F6 00000000 000092D9 00000001
 02107FE0 00000000 021B00E0 00000000 00000002 00000000 00000400 00000000
 77265EDD 00000000 01E00000 00000000 00000002 00000000 065D0030 00000000
 00000000 00000000 0026E760 00000000 01E00230 00000000 77375410 00000000
 00000000 00000000 01E04600 00000000 F3000101 00000000 00002000 00000000
 000000D1 00000000 01E05EE8 00F30000 00023518 00F30000 000000D1 00000000

Operating system:
 Name:     Windows
 Release:  6.1.7601 (Service Pack 1)
 Compiler: MSVC 1600

Configuration:
 Blitter:      8bpp-optimized
 Graphics set: OpenGFX (724)
 Language:     C:\Program Files\OpenTTD\lang\english_US.lng
 Music driver: win32
 Music set:    OpenMSX (96)
 Network:      no
 Sound driver: win32
 Sound set:    OpenSFX (87)
 Video driver: win32

AI Configuration (local: 0):
  0: Human

Libraries:
 FreeType:   2.4.5
 ICU:        4.4.2
 LZMA:       5.0.3
 LZO:        2.05
 PNG:        1.5.4
 Zlib:       1.2.5

Module information:
 C:\Program Files\OpenTTD\openttd.exe handle: 000000013FE40000 size: 9404928 crc: 95BE5CEA date: 2011-08-14 15:38:46
 C:\Windows\SYSTEM32\ntdll.dll handle: 0000000077260000 size: 1731936 crc: 7AB8D690 date: 2010-11-20 13:28:37
 C:\Windows\system32\kernel32.dll handle: 0000000077140000 size: 1162752 crc: 4F9F79FE date: 2011-07-16 05:37:12
 C:\Windows\system32\KERNELBASE.dll handle: 000007FEFD7D0000 size: 421888 crc: D7A16149 date: 2011-07-16 05:37:12
 C:\Windows\system32\WINMM.dll handle: 000007FEFA8A0000 size: 217600 crc: 7BC1529F date: 2009-07-14 01:41:56
 C:\Windows\system32\msvcrt.dll handle: 000007FEFDE80000 size: 634880 crc: 7F3E716F date: 2009-07-14 01:41:32
 C:\Windows\system32\USER32.dll handle: 0000000076EF0000 size: 1008128 crc: 70FF7D7F date: 2010-11-20 13:27:27
 C:\Windows\system32\GDI32.dll handle: 000007FEFDA90000 size: 403968 crc: 3D5BC405 date: 2010-11-20 13:26:25
 C:\Windows\system32\LPK.dll handle: 000007FEFDB00000 size: 41984 crc: 350AF03B date: 2009-07-14 01:41:19
 C:\Windows\system32\USP10.dll handle: 000007FEFEFC0000 size: 800256 crc: B511F4B9 date: 2010-11-20 13:27:27
 C:\Windows\system32\WS2_32.dll handle: 000007FEFDB10000 size: 297984 crc: 0F68689B date: 2010-11-20 13:27:29
 C:\Windows\system32\RPCRT4.dll handle: 000007FEFEE90000 size: 1219584 crc: 5217F07C date: 2010-11-20 13:27:24
 C:\Windows\system32\NSI.dll handle: 000007FEFDC70000 size: 13824 crc: 53B46F6C date: 2009-07-14 01:41:53
 C:\Windows\system32\ADVAPI32.dll handle: 000007FEFF1B0000 size: 877056 crc: FA615A20 date: 2009-07-14 01:40:01
 C:\Windows\SYSTEM32\sechost.dll handle: 000007FEFF190000 size: 113664 crc: 978CFAE5 date: 2009-07-14 01:41:53
 C:\Windows\system32\SHELL32.dll handle: 000007FEFDF20000 size: 14174208 crc: EA53E806 date: 2010-11-20 13:27:25
 C:\Windows\system32\SHLWAPI.dll handle: 000007FEFF090000 size: 448512 crc: 086DF743 date: 2010-11-20 13:27:25
 C:\Windows\system32\IMM32.DLL handle: 000007FEFF290000 size: 167424 crc: 41B2805A date: 2009-07-14 01:41:09
 C:\Windows\system32\MSCTF.dll handle: 000007FEFDB60000 size: 1067008 crc: 798DDDA0 date: 2009-07-14 01:41:28
 C:\Windows\system32\SHFolder.dll handle: 000007FEFB620000 size: 10240 crc: 08A48DE3 date: 2009-07-14 01:41:54
 C:\Windows\system32\ole32.dll handle: 000007FEFF360000 size: 2086912 crc: 72F91CD0 date: 2010-11-20 13:27:23
 C:\Windows\system32\MMDevAPI.DLL handle: 000007FEFBB20000 size: 284160 crc: CDF2EF81 date: 2009-07-14 01:41:26
 C:\Windows\system32\PROPSYS.dll handle: 000007FEFC130000 size: 1212416 crc: B83FA3BE date: 2010-11-20 13:27:23
 C:\Windows\system32\OLEAUT32.dll handle: 000007FEFDC80000 size: 861696 crc: 2A0B02E4 date: 2011-02-25 06:22:22
 C:\Windows\system32\wdmaud.drv handle: 000007FEF3DF0000 size: 217088 crc: 12829973 date: 2010-11-20 13:24:21
 C:\Windows\system32\ksuser.dll handle: 00000000708D0000 size: 5120 crc: AA2071D9 date: 2009-07-14 01:41:13
 C:\Windows\system32\AVRT.dll handle: 000007FEFB960000 size: 18432 crc: 5CE53CB7 date: 2009-07-14 01:40:05
 C:\Windows\system32\SETUPAPI.dll handle: 000007FEFECB0000 size: 1900544 crc: A364BD6A date: 2010-11-20 13:27:25
 C:\Windows\system32\CFGMGR32.dll handle: 000007FEFD790000 size: 207872 crc: 1984C339 date: 2010-11-20 13:25:50
 C:\Windows\system32\DEVOBJ.dll handle: 000007FEFD770000 size: 93184 crc: A7541AE2 date: 2009-07-14 01:40:28
 C:\Windows\system32\AUDIOSES.DLL handle: 000007FEF5860000 size: 296448 crc: 90389554 date: 2010-11-20 13:25:42
 C:\Windows\system32\msacm32.drv handle: 000007FEF42E0000 size: 25600 crc: 2B579A05 date: 2009-07-14 01:38:50
 C:\Windows\system32\MSACM32.dll handle: 000007FEF3DB0000 size: 83456 crc: 3D67538B date: 2009-07-14 01:41:27
 C:\Windows\system32\midimap.dll handle: 000007FEF3900000 size: 20480 crc: CB902A13 date: 2009-07-14 01:41:23
 C:\Windows\system32\CRYPTBASE.dll handle: 000007FEFD5F0000 size: 44032 crc: F547C16E date: 2009-07-14 01:40:24
 C:\Windows\system32\CLBCatQ.DLL handle: 000007FEFF2C0000 size: 607744 crc: 939E35C9 date: 2009-07-14 01:40:15
 C:\Windows\system32\uxtheme.dll handle: 000007FEFBF30000 size: 332288 crc: B0A13DF9 date: 2009-07-14 01:41:56
 C:\Program Files\Logitech\SetPoint\lgscroll.dll handle: 0000000010100000 size: 56848 crc: EE6FDA68 date: 2009-07-20 18:37:10
 C:\Windows\WinSxS\amd64_microsoft.vc80.crt_1fc8b3b9a1e18e3b_8.0.50727.6195_none_88e41e092fab0294\MSVCR80.dll handle: 0000000072F80000 size: 802640 crc: 5D9AD12D date: 2011-06-15 08:00:26
 C:\Windows\system32\ntmarta.dll handle: 000007FEFC7D0000 size: 162304 crc: 5344798C date: 2009-07-14 01:41:53
 C:\Windows\system32\WLDAP32.dll handle: 000007FEFDD60000 size: 312832 crc: 38AE3CF8 date: 2010-11-20 13:27:28
 C:\Windows\system32\dwmapi.dll handle: 000007FEFBB00000 size: 82432 crc: A459F360 date: 2009-07-14 01:40:34
 C:\Program Files\Synergy\synrgyhk.DLL handle: 000007FEFB720000 size: 11776 crc: C88D3CD8 date: 2011-02-05 20:38:32
 C:\Windows\WinSxS\amd64_microsoft.vc90.crt_1fc8b3b9a1e18e3b_9.0.30729.6161_none_08e61857a83bc251\MSVCR90.dll handle: 0000000073480000 size: 641360 crc: 932D8485 date: 2011-06-15 08:07:16
 C:\Windows\system32\mswsock.dll handle: 000007FEFCF10000 size: 326144 crc: 136B1525 date: 2010-11-20 13:27:10
 C:\Windows\System32\wshtcpip.dll handle: 000007FEFC8F0000 size: 13312 crc: 5D1E2C55 date: 2009-07-14 01:41:58
 C:\Windows\system32\psapi.dll handle: 0000000077430000 size: 9216 crc: 84B5E9BA date: 2009-07-14 01:41:53

---- gamelog start ----
Tick 0: new game started
     Revision text changed to 1.1.2, savegame version 160, not modified, _openttd_newgrf_version = 0x112858dd
     New game mode: 1 landscape: 0
---- gamelog end ----

*** End of OpenTTD Crash Report ***

Decoded stack trace:
[00] openttd              0x000000013FE5DECC
[01] openttd              0x000000013FE5EF8D
[02] openttd              0x000000013FE5E611
[03] openttd              0x000000013FE5EC0E
[04] openttd              0x000000013FE5EDA1
[05] openttd              0x000000013FED6D80
[06] openttd              0x000000013FE9F601
[07] openttd              0x000000013FE9CF27
[08] openttd              0x000000013FE9E38F
[09] openttd              0x000000013FE9CF27
[10] openttd              0x000000013FE9C8AA
[11] openttd              0x000000013FEA1053
[12] openttd              0x000000013FE60044
[13] openttd              0x000000013FE601DE
[14] openttd              0x000000013FEA3D0B
[15] openttd              0x000000014000B116
[16] openttd              0x000000013FE7ACD4
[17] openttd              0x000000014000D566
[18] openttd              0x0000000140108678
[19] kernel32             0x000000007715652D BaseThreadInitThunk + 13
[20] ntdll                0x000000007728C521 RtlUserThreadStart + 33

*** End of additional info ***
