*** OpenTTD Crash Report ***
Date: 2008-03-29 17:46:49
Build: 0.6.0-RC1 built on Mar 26 2008 17:50:31
Reason: Assertion failed at ..\src\train_cmd.cpp:3155: chosen_track == TRACK_BIT_X || chosen_track == TRACK_BIT_Y || chosen_track == TRACK_BIT_UPPER || chosen_track == TRACK_BIT_LOWER || chosen_track == TRACK_BIT_LEFT || chosen_track == TRACK_BIT_RIGHT
Exception C0000005 at 00496CC3
Registers:
 EAX: 02420BF0 EBX: 00000000 ECX: 0012F8F0 EDX: 02420CE5
 ESI: 00000000 EDI: 000006EF EBP: 0012FB5C ESP: 0012FB08
 EIP: 00496CC3 EFLAGS: 00010202

Bytes at CS:EIP:
 C6 05 00 00 00 00 00 0F B6 83 18 5B 57 00 8B 4D F0 8B 55 D4 8D 04 81 6B

Stack trace: 
 00000001 01EAA0E0 00000000 004BD99D 000006EF 00000ED8 0001DA6F 0001DA6E
 0047E121 000006EF 00000ED8 0001DA6F 0001DA6E 00000001 00000001 0001DC10
 00000001 00000000 01EAD4AC 00497522 00000001 0012FB84 00497658 01EAD600
 00000000 00000001 005A1B70 01EAA0E0 00000000 01EAA0E0 00002F69 0012FBC8
 004978AF 00000000 01EAA0E0 004392F6 062EE1E5 062EE1F4 00000000 00000001
 0000000F 0000000F 062EE1E5 062EE1F4 00000000 0042565E 00000000 005E34DC
 0012FBD8 00425989 00000000 0012FBC0 00000000 004D6655 0066A40C 005E3810
 0012FD10 00000000 00000000 062EE1F4 062EE212 00000000 00000000 000A03B2
 0000000F 00000000 00000000 062EE1E5 000002D6 00000145 FFFFFF1C 0050E701
 0043806B 00D60960 0066A40C 0041384C 005E3810 00424EAA 0012FD24 00000001
 00000001 0012FC80 00000184 00000000 FFFFFFFF 00000000 00BA1738 00000000
 00000000 FFFFFFFF 0012FE2C 00586020 00000000 FFFFFFFF 00000000 00000000
 00000000 00000000 00020600 0012FCBC 7C821612 0000002B FFFFFFFF 00000029
 00000104 0000FDE9 0012FD00 00000001 00000028 0012FCE8 7C82156B 0000FDE9
 00000000 000205EC FFFFFF00 0012FD24 00000104 00000000 00000000 00000A28
 0012FF28 00443F75 0000FD00 00000000 000205EC FFFFFFFF 0012FD24 00000104
 00009DF1 0012FF28 0012FF28 00443B3A 0012FE28 00000A28 00000002 5C3A4322
 676F7250 206D6172 656C6946 704F5C73 54546E65 706F5C44 74746E65 78652E64
 00200065 00BA6C60 0012FEDC 0000000A 0012FEDC 0000000A 0012FD78 00403FEA
 00BA6C60 0000000F 0012FEDC 0000000A 0012FD9C 00404B9F 00BA6C60 0000000F
 00404BAA 0000000A 00BA6C5C 00BA6C5C 0012FED8 0012FDDC 00404A91 0012FED8
 00000000 FFFFFFFF 00BA6C50 004D548F 0012FED8 00BA6A58 00BA6A08 00BA6A08
 00BA6C50 0012FDBC 0012FE40 00525348 00000001 0012FE4C 004D534B 00BA6A20
 004D53CB 00BA6A08 0012FE90 00BA6A08 00BA6C38 00BA0168 00000000 0000000A

Module information:
 C:\Program Files\OpenTTD\openttd.exe handle: 00400000 size: 1810944 crc: 4129F71D date: 2008-03-26 16:55:54
 C:\WINDOWS\system32\ntdll.dll handle: 7C900000 size: 729088 crc: 73BCCE58 date: 2004-08-04 12:00:00
 C:\WINDOWS\system32\kernel32.dll handle: 7C800000 size: 1030144 crc: E06B4B41 date: 2008-02-24 12:33:20
 C:\WINDOWS\system32\WINMM.dll handle: 76AF0000 size: 179200 crc: 896F3A13 date: 2004-08-04 12:00:00
 C:\WINDOWS\system32\USER32.dll handle: 7E390000 size: 579584 crc: 9512DF34 date: 2008-02-24 12:34:26
 C:\WINDOWS\system32\GDI32.dll handle: 77E40000 size: 282112 crc: 51935D00 date: 2008-02-24 12:33:14
 C:\WINDOWS\system32\ADVAPI32.dll handle: 77F40000 size: 691712 crc: 5313680D date: 2008-02-24 12:32:12
 C:\WINDOWS\system32\RPCRT4.dll handle: 77DA0000 size: 582656 crc: 71F76E00 date: 2008-02-24 12:34:05
 C:\WINDOWS\system32\WS2_32.dll handle: 71A30000 size: 82944 crc: 0A6FCFC3 date: 2004-08-04 12:00:00
 C:\WINDOWS\system32\msvcrt.dll handle: 77BE0000 size: 343040 crc: DDE6EC3D date: 2008-02-24 12:33:46
 C:\WINDOWS\system32\WS2HELP.dll handle: 71A20000 size: 19968 crc: D4D418D9 date: 2004-08-04 12:00:00
 C:\WINDOWS\system32\IMM32.DLL handle: 76330000 size: 110080 crc: AE05BAB7 date: 2004-08-04 12:00:00
 C:\WINDOWS\system32\SHFolder.dll handle: 76730000 size: 25088 crc: B62C7FF5 date: 2004-08-04 12:00:00
 C:\WINDOWS\system32\SHLWAPI.dll handle: 77E90000 size: 474624 crc: 85437DC6 date: 2008-02-24 12:35:39
 C:\WINDOWS\WinSxS\x86_Microsoft.Windows.Common-Controls_6595b64144ccf1df_6.0.2600.2982_x-ww_ac3f9c03\comctl32.dll handle: 77390000 size: 1054208 crc: 58AFBAD6 date: 2008-02-24 12:32:03
 C:\WINDOWS\system32\comctl32.dll handle: 5D4E0000 size: 617472 crc: C829808A date: 2008-02-24 12:33:07
 C:\WINDOWS\system32\WINTRUST.dll handle: 76BF0000 size: 176640 crc: 2754863E date: 2004-08-04 12:00:00
 C:\WINDOWS\system32\CRYPT32.dll handle: 77A40000 size: 601088 crc: DE462859 date: 2004-08-04 12:00:00
 C:\WINDOWS\system32\MSASN1.dll handle: 77AE0000 size: 57344 crc: 293833DF date: 2004-08-04 12:00:00
 C:\WINDOWS\system32\IMAGEHLP.dll handle: 76C50000 size: 144384 crc: 20508C6A date: 2004-08-04 12:00:00
 C:\WINDOWS\system32\wdmaud.drv handle: 72C90000 size: 23552 crc: 67E95140 date: 2004-08-04 00:03:40
 C:\WINDOWS\system32\msacm32.drv handle: 72C80000 size: 20992 crc: 59696C97 date: 2004-08-04 12:00:00
 C:\WINDOWS\system32\MSACM32.dll handle: 77BB0000 size: 71680 crc: 79213356 date: 2004-08-04 12:00:00
 C:\WINDOWS\system32\midimap.dll handle: 77BA0000 size: 18944 crc: A3BF4A4D date: 2004-08-04 12:00:00
 C:\WINDOWS\system32\ole32.dll handle: 774A0000 size: 1286656 crc: CEC54BE5 date: 2008-02-24 12:33:57
 C:\WINDOWS\system32\uxtheme.dll handle: 5B190000 size: 219136 crc: 2987BC63 date: 2008-02-24 12:34:27
 C:\WINDOWS\system32\MSCTF.dll handle: 746A0000 size: 297984 crc: 5B47D8DD date: 2008-02-24 12:33:31
 C:\WINDOWS\system32\CLBCATQ.DLL handle: 76F90000 size: 498688 crc: 68BA4945 date: 2008-02-24 12:33:06
 C:\WINDOWS\system32\COMRes.dll handle: 77010000 size: 822784 crc: 71E86132 date: 2004-08-04 12:00:00
 C:\WINDOWS\system32\OLEAUT32.dll handle: 770E0000 size: 551936 crc: 8636799F date: 2008-02-24 12:33:57
 C:\WINDOWS\system32\VERSION.dll handle: 77BD0000 size: 18944 crc: A97F4077 date: 2004-08-04 12:00:00
 C:\WINDOWS\system32\dmime.dll handle: 59A40000 size: 181248 crc: 69450D73 date: 2004-08-04 12:00:00
 C:\WINDOWS\system32\DSOUND.dll handle: 73E80000 size: 367616 crc: 32C54157 date: 2004-08-04 12:00:00
 C:\WINDOWS\system32\dmusic.dll handle: 6CE90000 size: 104448 crc: FFEF0514 date: 2004-08-04 12:00:00
 C:\WINDOWS\system32\KsUser.dll handle: 73E50000 size: 4096 crc: C91E634B date: 2004-08-04 00:03:14
 C:\WINDOWS\system32\dmsynth.dll handle: 6CEB0000 size: 103424 crc: BCEB8D5F date: 2004-08-04 12:00:00
 C:\WINDOWS\system32\dmloader.dll handle: 6CF20000 size: 35840 crc: BFABDAA4 date: 2004-08-04 12:00:00
 C:\WINDOWS\system32\msctfime.ime handle: 75250000 size: 177152 crc: 9E58180E date: 2004-08-04 12:00:00
 C:\WINDOWS\system32\mswsock.dll handle: 719D0000 size: 247296 crc: 48033205 date: 2004-08-04 12:00:00
 C:\WINDOWS\system32\hnetcfg.dll handle: 61200000 size: 347648 crc: AF7184A8 date: 2004-08-04 12:00:00
 C:\WINDOWS\System32\wshtcpip.dll handle: 71A10000 size: 19968 crc: 362F5486 date: 2004-08-04 12:00:00
 C:\WINDOWS\system32\psapi.dll handle: 76BB0000 size: 23040 crc: 5D97BE9D date: 2004-08-04 12:00:00

System information:
 Windows version 5.1 2600 S
