*** OpenTTD Crash Report ***

Crash at: Tue Jul 12 10:34:01 2011
In game date: 2028-01-23 (71)

Crash reason:
 Signal:  Aborted (6)
 Message: Assertion failed at line 108 of /build/src/water_map.h: HasTileWaterClass(t)

OpenTTD version:
 Version:    r22660 (0)
 NewGRF ver: 12005884
 Bits:       64
 Endian:     little
 Dedicated:  no
 Build date: Jul 11 2011 18:02:45

Stacktrace:
 [00] /home/jake/Games/openttd-trunk-r22660-linux-generic-amd64/openttd(_ZNK12CrashLogUnix13LogStacktraceEPcPKc+0x39) [0x6bf799]
 [01] /home/jake/Games/openttd-trunk-r22660-linux-generic-amd64/openttd(_ZNK8CrashLog12FillCrashLogEPcPKc+0xf0) [0x58ef70]
 [02] /home/jake/Games/openttd-trunk-r22660-linux-generic-amd64/openttd(_ZNK8CrashLog12MakeCrashLogEv+0x7c) [0x58f06c]
 [03] /home/jake/Games/openttd-trunk-r22660-linux-generic-amd64/openttd() [0x6bf6fd]
 [04] /lib/libc.so.6(+0x33af0) [0x7f2b0f653af0]
 [05] /lib/libc.so.6(gsignal+0x35) [0x7f2b0f653a75]
 [06] /lib/libc.so.6(abort+0x180) [0x7f2b0f6575c0]
 [07] /home/jake/Games/openttd-trunk-r22660-linux-generic-amd64/openttd() [0x6abc05]
 [08] /home/jake/Games/openttd-trunk-r22660-linux-generic-amd64/openttd() [0x74d91b]
 [09] /home/jake/Games/openttd-trunk-r22660-linux-generic-amd64/openttd(_ZN4Ship4TickEv+0xb27) [0x74eb47]
 [10] /home/jake/Games/openttd-trunk-r22660-linux-generic-amd64/openttd(_Z16CallVehicleTicksv+0xf5) [0x7d4995]
 [11] /home/jake/Games/openttd-trunk-r22660-linux-generic-amd64/openttd(_Z13StateGameLoopv+0x77e) [0x6acb7e]
 [12] /home/jake/Games/openttd-trunk-r22660-linux-generic-amd64/openttd(_Z8GameLoopv+0x84) [0x6ae0c4]
 [13] /home/jake/Games/openttd-trunk-r22660-linux-generic-amd64/openttd(_ZN15VideoDriver_SDL8MainLoopEv+0x1e2) [0x7eac52]
 [14] /home/jake/Games/openttd-trunk-r22660-linux-generic-amd64/openttd(_Z8ttd_mainiPPc+0xe3f) [0x6add5f]
 [15] /lib/libc.so.6(__libc_start_main+0xfd) [0x7f2b0f63ec4d]
 [16] /home/jake/Games/openttd-trunk-r22660-linux-generic-amd64/openttd() [0x4bcbc9]

Operating system:
 Name:     Linux
 Release:  2.6.32-32-generic
 Version:  #62-Ubuntu SMP Wed Apr 20 21:52:38 UTC 2011
 Machine:  x86_64
 Compiler: GCC 4.4.5 "4.4.5"

Configuration:
 Blitter:      8bpp-optimized
 Graphics set: OpenGFX (622)
 Language:     /home/jake/Games/openttd-trunk-r22660-linux-generic-amd64/lang/english.lng
 Music driver: extmidi
 Music set:    when_in_rome (1)
 Network:      no
 Sound driver: sdl
 Sound set:    original_windows (0)
 Video driver: sdl

AI Configuration (local: 0):
  0: Human
  1: Human
  3: Human

Libraries:
 FontConfig: 2.8.0
 FreeType:   2.3.11
 ICU:        4.4.2
 LZMA:       5.0.0
 LZO:        2.03
 PNG:        1.2.42
 SDL:        1.2.14
 Zlib:       1.2.3.3

---- gamelog start ----
Tick 0: new game started
     Revision text changed to 1.0.1, savegame version 138, maybe modified, _openttd_newgrf_version = 0x10184d1e
     New game mode: 1 landscape: 0
     Added NewGRF: GRF ID 74677563, checksum 3F4153F5999BFDFD6CD578936F8B80F0, filename: total_bridgesw.grf (md5sum matches)
     Added NewGRF: GRF ID 52453200, checksum C8693BB9BC60E6B559DE64F6CCCD792E, filename: japanset_landscape.1.1/jplandw.grf (md5sum matches)
     Added NewGRF: GRF ID 535A0D00, checksum 1191379D9C8BEEAA80DDBFE69F42EB70, filename: japanese_train_set.2.1/jptrains2w.grf (md5sum matches)
     Added NewGRF: GRF ID 46420801, checksum 2D654630F22AA4C78A58710024C514B3, filename: NewTramTracksW_v0.4.1.grf (md5sum matches)
     Added NewGRF: GRF ID 4A430002, checksum 0728ADCB4DF2F1EB9247ABD449296F4E, filename: indstatrw_080.grf (md5sum matches)
     Added NewGRF: GRF ID 45520C00, checksum FCF4EE39F19C02D9E8603D07621DDD99, filename: jpset_namw.GRF (md5sum matches)
     Added NewGRF: GRF ID 52453400, checksum D51890494514218231C4A080CD5FB492, filename: japanese_buildings.2.a5/jpbuild2w.grf (md5sum matches)
     Added NewGRF: GRF ID 535A1344, checksum EE64CDD6E4600C717B448583026DF24D, filename: temperate_oil_wells_can_increase.v2/oilsgoup.grf (md5sum matches)
     Added NewGRF: GRF ID 44440A01, checksum D48D7AD02CA355B92FAE081DC4A36868, filename: av8_aviators_aircraft_set.1.501/pb_av8w.grf (md5sum matches)
     Added NewGRF: GRF ID 52453300, checksum FA9253BC448F0B466FC018F80F9460C5, filename: japanese_trees.2.1/jptreesw.grf (md5sum matches)
     Added NewGRF: GRF ID 45530400, checksum 1D13F6976C0C032F3FB8F76B84B6EBA8, filename: japanese_stations.2.0/jpstationsw.grf (md5sum matches)
     Added NewGRF: GRF ID 2C320A01, checksum C915D0657363EC471AA05096FDF3B650, filename: japanese_signals.0.4b/jpsignalsw.grf (md5sum matches)
     Added NewGRF: GRF ID 44501401, checksum 5F46A5DE67D0168B638A878FB2D49AEB, filename: japanese_maglevs.0.1/jpmaglevw.grf (md5sum matches)
Tick 59867: game loaded
     Revision text changed to 1.0.1, savegame version 138, not modified, _openttd_newgrf_version = 0x10184d1e
Tick 24859: game loaded
     Revision text changed to r22660, savegame version 161, not modified, _openttd_newgrf_version = 0x12005884
---- gamelog end ----

*** End of OpenTTD Crash Report ***
