*** OpenTTD Crash Report ***

Crash at: Sat Nov 20 01:32:09 2010
In game date: 1968-09-14 (63)

Crash reason:
 Exception: C0000005
 Location:  00466AC0
 Message:   <none>

OpenTTD version:
 Version:    1.0.4 (0)
 NewGRF ver: 10485145
 Bits:       32
 Endian:     little
 Dedicated:  no
 Build date: Sep 14 2010 16:50:57

Registers:
 EAX: 00000000 EBX: 01EA3BE8 ECX: 01EA3BE8 EDX: 00000000
 ESI: 02378FA8 EDI: 0000FFFF EBP: 00000000 ESP: 0012FC2C
 EIP: 00466AC0 EFLAGS: 00010246

 Bytes at instruction pointer:
 F6 40 44 01 74 0E 83 25 B0 09 70 00 00 8B C6 E8 FD EA FF FF 5E 5B C3 56

Stack trace:
 01EA3BE8 00000000 0044301C 0000FFFF 00000000 00444085 01E446F9 01E44719
 00000000 00428D3C 00000000 00536E72 0070126C 00C57720 0012FD14 00000000
 0012FC58 01E44719 01E44737 00000000 00000000 0025007C 00000113 00000001
 00535F80 01E44719 000000F4 0000019E 00427DB2 0012FD2C 0012FE30 00000001
 0100002D 00DAD3B8 00000000 00000000 00000000 00C57720 FFFFFFFF 00000000
 0000FDE9 00000000 00000000 00000000 00000000 FFFFFFFF 00000000 00000000
 00000000 0012FF30 00000000 00000000 0012FD52 FFFFFFFF 0012FE3C 00695968
 00000000 00000000 0012FF30 00538BE5 00000003 0012FE30 FFFFFFFE 00000000
 5C3A4322 676F7250 616D6172 704F5C73 54546E65 706F5C44 74746E65 78652E64
 2D200065 6977006D 0032336E 00C57508 0000000D 00C50178 00C50178 00C57700
 00C50178 00000004 00C576E8 00000000 00C50178 00C50178 00C50178 00C50178
 00C576F8 00C50168 00000000 00000000 00C576F8 00000020 00C57700 00C57180
 00C50178 00000020 00000178 00C50000 0012FBB4 00C50178 0012FE7C 7C91E920
 7C9201E0 FFFFFFFF 7C9201DB 005BCEC6 00C50000 00000000 00000018 00C574B0
 0012FEEC 0012FEF8 0012FE0C 005BCF5C 00000018 00C574E0 00C50168 00000000
 0012FE88 00515688 00000018 004CAC35 00C574E8 004CACBB 00C574B0 00C576B8
 0012FEEC 0012FD2D 0012FD4F 0012FD52 00C50168 00000000 00000000 00C576E0
 00000018 00C576E8 00000000 00C54278 00000000 0012FEA4 005CB45E 00C50000
 00000000 7C91D80A 7C923416 FFFFFFFF 00000024 0012FE8C 00000004 00000000
 70A2F0C3 0012FEA0 005C8118 00C5427C 00C5427C 0012FEC0 005C03D0 7067B2BF
 70C2768D 005C60E7 006E8560 0012FEF8 005C1779 00000008 005C044F 005C0449
 0012FEFC 005C81D4 0000000B 0012FEFC 005C83AE 00000000 00000000 0012FF08
 005C83BB 0012FF08 005BE6C8 00152331 0012FF18 005D7B02 00000000 006D2190
 00C52C68 00C51E90 00609801 0012FF30 005D7B55 00000000 00000022 00000000

Operating system:
 Name:     Windows
 Release:  5.1.2600 (Service Pack 3)
 Compiler: MSVC 1500

Configuration:
 Blitter:      8bpp-optimized
 Graphics set: original_windows (0)
 Language:     portuguese.lng
 Music driver: win32
 Music set:    original_windows (1)
 Network:      client
 Sound driver: win32
 Sound set:    original_windows (0)
 Video driver: win32

AI Configuration (local: 1):
  0: Human
  1: Human
  2: Human
  3: Human
  4: Human
  5: Human
  6: Human

Libraries:
 FreeType:   2.3.12
 ICU:        4.4.1
 LZO:        2.03
 PNG:        1.4.3
 Zlib:       1.2.5

Module information:
 C:\Programas\OpenTTD\openttd.exe handle: 00400000 size: 3076608 crc: 78E4E4AA date: 2010-09-14 16:54:06
 C:\WINDOWS\system32\ntdll.dll handle: 7C910000 size: 737792 crc: 90856CB4 date: 2009-02-09 10:53:17
 C:\WINDOWS\system32\kernel32.dll handle: 7C800000 size: 1039360 crc: 6B952D19 date: 2009-03-21 14:07:54
 C:\WINDOWS\system32\WINMM.dll handle: 76B00000 size: 180224 crc: 02314D66 date: 2008-04-14 21:39:34
 C:\WINDOWS\system32\ADVAPI32.dll handle: 77DA0000 size: 684032 crc: 142987AB date: 2009-02-09 10:53:17
 C:\WINDOWS\system32\RPCRT4.dll handle: 77E50000 size: 590848 crc: 5E31CD9B date: 2010-08-16 08:44:30
 C:\WINDOWS\system32\Secur32.dll handle: 77FC0000 size: 56832 crc: C9E50430 date: 2009-06-25 08:26:47
 C:\WINDOWS\system32\GDI32.dll handle: 77EF0000 size: 286720 crc: 61A9FB39 date: 2008-10-23 12:36:52
 C:\WINDOWS\system32\USER32.dll handle: 7E390000 size: 579584 crc: 00AC72D5 date: 2008-04-14 21:39:32
 C:\WINDOWS\system32\WS2_32.dll handle: 71A50000 size: 82432 crc: 0B1B54C5 date: 2008-04-14 21:39:36
 C:\WINDOWS\system32\msvcrt.dll handle: 77BE0000 size: 343040 crc: B7923E0B date: 2008-04-14 21:39:18
 C:\WINDOWS\system32\WS2HELP.dll handle: 71A40000 size: 19968 crc: E1CD405E date: 2008-04-14 21:39:36
 C:\WINDOWS\system32\SHELL32.dll handle: 7E6A0000 size: 8503296 crc: DB3F3732 date: 2010-07-27 06:29:51
 C:\WINDOWS\system32\SHLWAPI.dll handle: 77F40000 size: 474624 crc: 70813767 date: 2009-12-08 09:24:25
 C:\WINDOWS\WinSxS\x86_Microsoft.Windows.Common-Controls_6595b64144ccf1df_6.0.2600.6028_x-ww_61e65202\comctl32.dll handle: 773A0000 size: 1054208 crc: DB3E2E67 date: 2010-08-23 16:12:34
 C:\WINDOWS\system32\comctl32.dll handle: 5D4E0000 size: 617472 crc: 48751706 date: 2010-08-23 16:12:36
 C:\WINDOWS\system32\SHFolder.dll handle: 76740000 size: 25088 crc: D757BD6D date: 2008-04-14 21:39:28
 C:\WINDOWS\system32\wdmaud.drv handle: 72CB0000 size: 23552 crc: 552BCBFA date: 2008-04-14 21:40:14
 C:\WINDOWS\system32\WINTRUST.dll handle: 76BF0000 size: 177664 crc: 5CED8417 date: 2009-12-24 07:00:35
 C:\WINDOWS\system32\CRYPT32.dll handle: 77A50000 size: 603136 crc: C560122D date: 2008-04-14 21:39:08
 C:\WINDOWS\system32\MSASN1.dll handle: 77AF0000 size: 58880 crc: 4A0C2ECA date: 2009-09-04 21:04:25
 C:\WINDOWS\system32\IMAGEHLP.dll handle: 76C50000 size: 144384 crc: C20A1E96 date: 2008-04-14 21:39:12
 C:\WINDOWS\system32\msacm32.drv handle: 72CA0000 size: 20992 crc: B0BC52A1 date: 2001-11-20 12:00:00
 C:\WINDOWS\system32\MSACM32.dll handle: 77BB0000 size: 71680 crc: 6156A967 date: 2008-04-14 21:39:16
 C:\WINDOWS\system32\midimap.dll handle: 77BA0000 size: 18944 crc: E1AD032F date: 2008-04-14 21:39:14
 C:\WINDOWS\system32\uxtheme.dll handle: 5B180000 size: 219648 crc: 3BA62C19 date: 2008-04-14 21:39:32
 C:\WINDOWS\system32\MSCTF.dll handle: 746C0000 size: 297984 crc: E33AB509 date: 2008-04-14 21:39:16
 C:\WINDOWS\system32\mswsock.dll handle: 719F0000 size: 248320 crc: 502855A9 date: 2008-06-20 17:47:20
 C:\WINDOWS\system32\hnetcfg.dll handle: 66760000 size: 346624 crc: 84F0A19D date: 2008-04-14 21:39:12
 C:\WINDOWS\System32\wshtcpip.dll handle: 71A30000 size: 19456 crc: 31568F89 date: 2008-04-14 21:39:36
 C:\WINDOWS\system32\OLEAUT32.DLL handle: 770F0000 size: 551936 crc: AEF6D5CF date: 2008-04-14 21:39:24
 C:\WINDOWS\system32\ole32.dll handle: 774B0000 size: 1287680 crc: 89E2EA3F date: 2010-07-16 12:05:55
 C:\WINDOWS\system32\DNSAPI.dll handle: 76EE0000 size: 147968 crc: 35F9F116 date: 2008-06-20 17:47:20
 C:\WINDOWS\system32\rasadhlp.dll handle: 76F80000 size: 7680 crc: 6D59E0BE date: 2008-04-14 21:39:26
 C:\WINDOWS\system32\mciseq.dll handle: 62200000 size: 23040 crc: 32E866A7 date: 2008-04-14 21:39:14
 C:\WINDOWS\system32\psapi.dll handle: 76BB0000 size: 23040 crc: 02E4014D date: 2008-04-14 21:39:24

---- gamelog start ----
Tick 0: new game started
     Revision text changed to 1.0.4, savegame version 138, not modified, _openttd_newgrf_version = 0x10485145
     New game mode: 1 landscape: 0
     Added NewGRF: GRF ID 41560101, checksum 1A552CD92E2BD292599FDAE6288701DA, filename: aveimils_pigm-0.2\aveimil_pigm.grf
---- gamelog end ----

*** End of OpenTTD Crash Report ***
