*** OpenTTD Crash Report ***
Date: 2008-01-09 17:05:38
Build: 0.6.0-beta2 built on Dec  9 2007 22:47:34
Reason: !String 0xC8D4 is invalid. Probably because an old version of the .lng file.

Exception C0000005 at 00423885
Registers:
 EAX: 0012EF60 EBX: 00000001 ECX: 7210131C EDX: 00200170
 ESI: 00000200 EDI: 000000D4 EBP: 0012F160 ESP: 0012EF58
 EIP: 00423885 EFLAGS: 00010246

Bytes at CS:EIP:
 C6 05 00 00 00 00 00 8B 0D 48 50 5A 00 85 C9 74 05 8B 01 FF 50 04 68 2C

Stack trace: 
 FFFFFFFF 0012F8E2 72745321 20676E69 38437830 69203444 6E692073 696C6176
 50202E64 61626F72 20796C62 61636562 20657375 6F206E61 7620646C 69737265
 6F206E6F 68742066 6C2E2065 6620676E 2E656C69 0625000A 000000FF 00000001
 0000001C 03E3BB38 00000008 01695600 0012EFE0 004B342B 00000001 0012FB38
 00000001 0012FB38 0012F058 004B3379 0012FB38 0012FB38 03D616E8 0000000A
 00000000 0012F8BD 0012F32C 0012FAAF 00000000 00000000 004322E5 00000003
 0012FA67 00000000 0012F31C 004335AD 005965CC 0012F62C 0012FA67 00000000
 0012F886 00000000 0151CFA0 0012F3E8 00000054 00000000 00000269 01000011
 0012F070 004B342B 00000001 0012FB38 61DDC475 00000000 0012F0E8 004B3379
 0012FB38 0012FB38 03D61704 004335AD 005965CC 0012F68C 0012FAD7 004335AD
 0012F8F0 00000000 0151CFA0 0012F448 0012F8F1 00000000 0151350C 0012F438
 0000000E 0012FB38 00000000 00000000 00695600 0625C068 000000FF 00000001
 0000001C 03E3BB88 00000008 01695600 0012F100 004B342B 00000005 0012FB38
 00000001 0012FB38 0012F178 004B3379 0012FB38 0012FB38 03D61720 0012F144
 0057A28C 00000004 00418DDD 0057A28C 0057A284 0012F144 00000000 00000000
 0012F570 0043374E 00677A10 00000228 004B5A56 0012F37F 0000002E 0012F68C
 0012F8CB 0012F380 0012F380 00432031 0057EFC8 0000C8D4 0012F8E2 0012F68C
 0012FAC7 004B342B 208281EE 736E6F74 20666F20 646E6173 0012F200 004B3379
 0012FB38 0012FB38 03D61758 00000000 00000000 00000000 00000000 00000000
 00000000 00000000 00000000 00000000 00000000 00000000 00000000 00000000
 0000000E 0012FB38 00000000 00000000 00695600 0625C068 0012F4EC 00000015
 0000024C 03DD2A48 0000025E 01695600 0012F220 004B342B 00000001 0012FB38
 00000000 0012FB38 0012F298 004B3379 0012FB38 0012FB38 03D617E4 00000000
 00000000 00000000 00000000 00000000 00000000 00000000 00000000 00000000

Module information:
 K:\Games\OpenTTD\openttd.exe handle: 00400000 size: 1751040 crc: ED0BA8D6 date: 2007-12-09 21:50:02
 C:\Windows\system32\ntdll.dll handle: 77A70000 size: 1162656 crc: 9860BAFC date: 2006-11-02 09:47:26
 C:\Windows\system32\kernel32.dll handle: 76D20000 size: 874496 crc: 17CD63D4 date: 2006-11-02 09:46:05
 C:\Windows\system32\WINMM.dll handle: 74E50000 size: 193024 crc: 9854C61E date: 2006-11-02 09:46:14
 C:\Windows\system32\msvcrt.dll handle: 76930000 size: 681472 crc: 3E43316C date: 2006-11-02 09:46:10
 C:\Windows\system32\USER32.dll handle: 76B00000 size: 633856 crc: 43750877 date: 2007-11-08 18:34:15
 C:\Windows\system32\GDI32.dll handle: 76BA0000 size: 296448 crc: DEFE2EF3 date: 2006-11-02 09:46:05
 C:\Windows\system32\ADVAPI32.dll handle: 779B0000 size: 770048 crc: 5657747A date: 2006-11-02 09:46:02
 C:\Windows\system32\RPCRT4.dll handle: 76A10000 size: 788992 crc: C1C20BA2 date: 2007-11-08 18:34:39
 C:\Windows\system32\ole32.dll handle: 76790000 size: 1314816 crc: E94D6A09 date: 2006-11-02 09:46:12
 C:\Windows\system32\OLEAUT32.dll handle: 764A0000 size: 558080 crc: 4240CB8B date: 2006-11-02 09:46:12
 C:\Windows\system32\OLEACC.dll handle: 74E10000 size: 214016 crc: 77FD0E8C date: 2006-11-02 09:46:12
 C:\Windows\system32\WS2_32.dll handle: 769E0000 size: 178688 crc: AAACD85A date: 2006-11-02 09:46:14
 C:\Windows\system32\NSI.dll handle: 77B90000 size: 10240 crc: 7ABAD1AB date: 2006-11-02 09:46:12
 C:\Windows\system32\IMM32.DLL handle: 76AE0000 size: 115200 crc: 4E2420B1 date: 2006-11-02 09:46:05
 C:\Windows\system32\MSCTF.dll handle: 76530000 size: 805888 crc: 15E5B0F8 date: 2006-11-02 09:46:06
 C:\Windows\system32\LPK.DLL handle: 76330000 size: 24064 crc: F8DEC626 date: 2006-11-02 09:46:05
 C:\Windows\system32\USP10.dll handle: 76E60000 size: 502784 crc: 92784FE4 date: 2006-11-02 09:46:13
 C:\Windows\system32\guard32.dll handle: 10000000 size: 139008 crc: CC150C11 date: 2007-12-27 20:10:27
 C:\Windows\system32\fltLib.dll handle: 761B0000 size: 14848 crc: A5DB6642 date: 2006-11-02 09:46:04
 C:\Windows\system32\winsta.dll handle: 76180000 size: 134656 crc: B2DAB3AE date: 2006-11-02 09:46:14
 C:\Windows\system32\SHFolder.dll handle: 712C0000 size: 7168 crc: 1CA14A5C date: 2006-11-02 09:46:13
 C:\Windows\system32\SHELL32.dll handle: 76EE0000 size: 11315200 crc: C7F3350B date: 2007-11-08 18:35:20
 C:\Windows\system32\SHLWAPI.dll handle: 76E00000 size: 339968 crc: DD3E7F6D date: 2006-11-02 09:46:13
 C:\Windows\WinSxS\x86_microsoft.windows.common-controls_6595b64144ccf1df_6.0.6000.16386_none_5d07289e07e1d100\comctl32.dll handle: 750C0000 size: 1648128 crc: 3646BCFE date: 2006-11-02 09:38:57
 C:\Windows\system32\wdmaud.drv handle: 73BA0000 size: 168448 crc: 77A2240C date: 2006-11-02 09:44:42
 C:\Windows\system32\ksuser.dll handle: 74150000 size: 4608 crc: 4C647881 date: 2006-11-02 09:46:05
 C:\Windows\system32\AVRT.dll handle: 74E00000 size: 12800 crc: 55075A98 date: 2006-11-02 09:46:02
 C:\Windows\system32\MMDevAPI.DLL handle: 74D80000 size: 146944 crc: 8356CE09 date: 2006-11-02 09:46:05
 C:\Windows\system32\CLBCatQ.DLL handle: 76410000 size: 523776 crc: 80402F8D date: 2006-11-02 09:46:02
 C:\Windows\system32\SETUPAPI.dll handle: 76600000 size: 1584128 crc: 0161B7EE date: 2006-11-02 09:46:13
 C:\Windows\system32\WINTRUST.dll handle: 754C0000 size: 171520 crc: CC0AAD60 date: 2006-11-02 09:46:14
 C:\Windows\system32\CRYPT32.dll handle: 75C50000 size: 974336 crc: CE612123 date: 2007-11-08 18:34:21
 C:\Windows\system32\MSASN1.dll handle: 75DA0000 size: 59904 crc: 7A69072B date: 2006-11-02 09:46:06
 C:\Windows\system32\USERENV.dll handle: 761E0000 size: 107008 crc: 8A03C1B2 date: 2006-11-02 09:46:13
 C:\Windows\system32\Secur32.dll handle: 761C0000 size: 72704 crc: 8A267374 date: 2006-11-02 09:46:12
 C:\Windows\system32\imagehlp.dll handle: 77BB0000 size: 152576 crc: 04F330F8 date: 2007-11-08 18:34:28
 C:\Windows\System32\audioses.dll handle: 73B40000 size: 115712 crc: EDAD9818 date: 2006-11-02 09:46:02
 C:\Windows\System32\audioeng.dll handle: 73AD0000 size: 398848 crc: 6620F414 date: 2006-11-02 09:46:02
 C:\Windows\system32\PSAPI.DLL handle: 76290000 size: 12288 crc: D7B812C5 date: 2006-11-02 09:46:12
 C:\Windows\system32\msacm32.drv handle: 73D80000 size: 21504 crc: BB7F5A40 date: 2006-11-02 09:44:42
 C:\Windows\system32\MSACM32.dll handle: 73B80000 size: 73216 crc: D2218869 date: 2006-11-02 09:46:06
 C:\Windows\system32\midimap.dll handle: 73B70000 size: 17408 crc: 5B132C06 date: 2006-11-02 09:46:05
 C:\Windows\system32\uxtheme.dll handle: 753C0000 size: 240640 crc: C7A510F1 date: 2006-11-02 09:46:13
 C:\Windows\system32\mswsock.dll handle: 75980000 size: 227328 crc: 292B63F9 date: 2006-11-02 09:46:10
 C:\Windows\System32\wshtcpip.dll handle: 75650000 size: 11264 crc: 00CB0211 date: 2006-11-02 09:46:14
 C:\Windows\system32\mciseq.dll handle: 748B0000 size: 23552 crc: 876D834D date: 2006-11-02 09:46:05

System information:
 Windows version 6.0 6000 
