*** OpenTTD Crash Report ***

Crash at: Tue Jun 29 10:28:54 2010
In game date: 2051-05-09 (23919)

Crash reason:
 Exception: E1212012
 Location:  000007FEFDB9AA7D
 Message:   Out of sprite memory

OpenTTD version:
 Version:    r19024 (0)
 NewGRF ver: 10000000
 Bits:       64
 Endian:     little
 Dedicated:  no
 Build date: Feb  6 2010 04:12:41

Registers:
 RAX: 00000000740A8ABD RBX: 0000000000000016 RCX: 000000000018DBA0 RDX: 0000000000000000
 RSI: 0000000000000000 RDI: 0000000000000008 RBP: 0000000000001C00 RSP: 000000000018E1B0
 R8:  0000000000000000 R9:  0000000000000000 R10: 0000000000000000 R11: 0000000000000286
 R12: 000000013F6FF6D0 R13: 000000013F43B17C R14: 0000000000000001 R15: 00000000776BF59B
 RIP: 000007FEFDB9AA7D EFLAGS: 00000206

 Bytes at instruction pointer:
 48 81 C4 C8 00 00 00 C3 90 90 90 90 90 90 90 90 90 90 90 48 83 EC 48 83

Stack trace:
 00000016 00000000 00000000 00000000 00000008 00000000 0018E1E8 00000000
 E1212012 00000000 00000000 00000000 FDB9AA7D 000007FE 00000000 00000000
 00000048 00000000 00000001 00000001 00000000 00000000 00000000 00000000
 00000000 00000000 00000000 00000000 FFFDD000 000007FF 776B85A0 00000000
 00260230 00000000 7790FF9A 00000000 00260338 00000000 00260274 00000000
 00000082 00000000 776F2508 00000000 00000000 00000000 778F3908 00000000
 00000001 00000000 3F5397B5 00000001 00000016 00000000 1FBEE896 00000000
 0032E0E0 00000000 00260230 00000000 00B006B6 00000000 77907B3A 00000000
 00000000 00000000 776BF59B 00000000 FFFFFFFF FFFFFFFF 00000001 00000000
 00000005 00000000 00000000 00000000 FFFFFFFF FFFFFFFF 3F538AA6 00000001
 00000001 00000000 00007280 00000000 FFFFFFFF 00000000 00000002 00000000
 00000000 00000000 7791FC65 00000000 00000000 00000000 00000000 00000000
 77958B3C 00000000 02000002 00000000 0018E378 00000000 00000030 00000003
 776BF5BA 00000000 77000077 00000000 00847998 00000000 0018E3A8 00000000
 00000000 00000000 007FE890 00000000 00000017 00000000 00000000 00000000
 00000000 00000000 64D01DA0 00000000 77958C6C 00000000 776D764C 00000000
 00060724 00000000 007FE890 00000000 00000001 00000000 00000001 00000000
 00000001 00000000 800A2861 FFFFFFFF 00000000 00000000 00000000 00000000
 00000008 00000000 00000010 00000000 00326090 00000000 00260000 00000000
 00326080 00000000 77921F05 00000000 00260000 00000000 00326001 00000000
 00000000 00000000 00326090 00000000 00060724 00000000 777232C4 00000000
 00000001 00000000 00060724 00000000 777232C4 00000000 0018E7B0 00000000
 00000000 00000000 3F777C2A 00000001 00010003 00000000 00000001 00000000
 00000001 00000000 77722825 00000000 00326090 00000000 00326090 00000000

Operating system:
 Name:     Windows
 Release:  6.1.7600 ()
 Compiler: MSVC 1500

Configuration:
 Blitter:      8bpp-optimized
 Graphics set: OpenGFX
 Language:     finnish.lng
 Music driver: win32
 Music set:    NoMusic
 Network:      no
 Sound driver: win32
 Sound set:    OpenSFX
 Video driver: win32

AI Configuration (local: 0):
  0: Human

Libraries:
 FreeType:   2.3.11
 ICU:        4.2.1
 LZO:        2.03
 PNG:        1.2.40
 Zlib:       1.2.3

Module information:
 D:\pelit\Pelit\OpenTTD\openttd.exe handle: 000000013F250000 size: 5148672 crc: A71267F0 date: 2010-02-06 01:36:33
 C:\Windows\SYSTEM32\ntdll.dll handle: 00000000778D0000 size: 1736608 crc: 51E6A99D date: 2010-03-24 06:59:44
 C:\Windows\system32\kernel32.dll handle: 00000000777B0000 size: 1162240 crc: 822946F0 date: 2009-07-14 01:41:13
 C:\Windows\system32\KERNELBASE.dll handle: 000007FEFDB90000 size: 421376 crc: 68F689E4 date: 2009-07-14 01:41:13
 C:\Windows\system32\WINMM.dll handle: 000007FEFB5E0000 size: 217600 crc: 7BC1529F date: 2009-07-14 01:41:56
 C:\Windows\system32\msvcrt.dll handle: 000007FEFFB40000 size: 634880 crc: 7F3E716F date: 2009-07-14 01:41:32
 C:\Windows\system32\USER32.dll handle: 00000000776B0000 size: 1008640 crc: 95FA0345 date: 2009-07-14 01:41:56
 C:\Windows\system32\GDI32.dll handle: 000007FEFEC70000 size: 404480 crc: 0F1BAE69 date: 2009-07-14 01:40:56
 C:\Windows\system32\LPK.dll handle: 000007FEFF6F0000 size: 41984 crc: 350AF03B date: 2009-07-14 01:41:19
 C:\Windows\system32\USP10.dll handle: 000007FEFF950000 size: 801280 crc: 32EFA120 date: 2009-07-14 01:41:56
 C:\Windows\system32\WS2_32.dll handle: 000007FEFF860000 size: 296448 crc: B9553AFD date: 2009-07-14 01:41:58
 C:\Windows\system32\RPCRT4.dll handle: 000007FEFF700000 size: 1221632 crc: D5B6358C date: 2009-07-14 01:41:53
 C:\Windows\system32\NSI.dll handle: 000007FEFE9B0000 size: 13824 crc: 53B46F6C date: 2009-07-14 01:41:53
 C:\Windows\system32\ADVAPI32.dll handle: 000007FEFEEC0000 size: 877056 crc: FA615A20 date: 2009-07-14 01:40:01
 C:\Windows\SYSTEM32\sechost.dll handle: 000007FEFF930000 size: 113664 crc: 978CFAE5 date: 2009-07-14 01:41:53
 C:\Windows\system32\SHELL32.dll handle: 000007FEFDC00000 size: 14163456 crc: E057E832 date: 2010-02-18 08:07:44
 C:\Windows\system32\SHLWAPI.dll handle: 000007FEFF8B0000 size: 449536 crc: 0BFDF102 date: 2009-07-14 01:41:54
 C:\Windows\system32\IMM32.DLL handle: 000007FEFF830000 size: 167424 crc: 41B2805A date: 2009-07-14 01:41:09
 C:\Windows\system32\MSCTF.dll handle: 000007FEFF380000 size: 1067008 crc: 798DDDA0 date: 2009-07-14 01:41:28
 C:\Windows\system32\SHFolder.dll handle: 000007FEFC6F0000 size: 10240 crc: 08A48DE3 date: 2009-07-14 01:41:54
 C:\Windows\system32\ole32.dll handle: 000007FEFE9C0000 size: 2084352 crc: 40D2CC46 date: 2009-07-14 01:41:53
 C:\Windows\system32\MMDevAPI.DLL handle: 000007FEFC680000 size: 284160 crc: CDF2EF81 date: 2009-07-14 01:41:26
 C:\Windows\system32\PROPSYS.dll handle: 000007FEFC550000 size: 1212416 crc: 98D01BC9 date: 2009-07-14 01:41:53
 C:\Windows\system32\OLEAUT32.dll handle: 000007FEFF610000 size: 861184 crc: C4351602 date: 2009-07-14 01:41:53
 C:\Windows\system32\wdmaud.drv handle: 000007FEFB5A0000 size: 217088 crc: AB6BC545 date: 2009-07-14 01:38:50
 C:\Windows\system32\ksuser.dll handle: 00000000755F0000 size: 5120 crc: AA2071D9 date: 2009-07-14 01:41:13
 C:\Windows\system32\AVRT.dll handle: 000007FEFC6D0000 size: 18432 crc: 5CE53CB7 date: 2009-07-14 01:40:05
 C:\Windows\system32\SETUPAPI.dll handle: 000007FEFECE0000 size: 1899520 crc: 91ED5D15 date: 2009-07-14 01:41:54
 C:\Windows\system32\CFGMGR32.dll handle: 000007FEFD8E0000 size: 207360 crc: 369326FC date: 2009-07-14 01:40:15
 C:\Windows\system32\DEVOBJ.dll handle: 000007FEFD920000 size: 93184 crc: A7541AE2 date: 2009-07-14 01:40:28
 C:\Windows\system32\AUDIOSES.DLL handle: 000007FEFB3D0000 size: 296448 crc: 07CA71DE date: 2009-07-14 01:40:04
 C:\Windows\system32\msacm32.drv handle: 000007FEFB300000 size: 25600 crc: 2B579A05 date: 2009-07-14 01:38:50
 C:\Windows\system32\MSACM32.dll handle: 000007FEFB2E0000 size: 83456 crc: 3D67538B date: 2009-07-14 01:41:27
 C:\Windows\system32\midimap.dll handle: 000007FEFB2D0000 size: 20480 crc: CB902A13 date: 2009-07-14 01:41:23
 C:\Windows\system32\CRYPTBASE.dll handle: 000007FEFD760000 size: 44032 crc: F547C16E date: 2009-07-14 01:40:24
 C:\Windows\system32\CLBCatQ.DLL handle: 000007FEFEBD0000 size: 607744 crc: 939E35C9 date: 2009-07-14 01:40:15
 C:\Windows\system32\uxtheme.dll handle: 000007FEFBFB0000 size: 332288 crc: B0A13DF9 date: 2009-07-14 01:41:56
 C:\Fraps\fraps64.dll handle: 0000000063570000 size: 156592 crc: 5D8F9DA5 date: 2010-03-31 05:20:48
 C:\Program Files (x86)\Xfire\xfire_toucan64_42784.xll handle: 0000000180000000 size: 1544592 crc: 04A0C3E6 date: 2010-05-28 00:09:06
 C:\Windows\system32\WSOCK32.dll handle: 000007FEF54B0000 size: 18432 crc: 3888369A date: 2009-07-14 01:41:58
 C:\Windows\system32\MSIMG32.dll handle: 000007FEFB650000 size: 8192 crc: FA23F4BB date: 2009-07-14 01:41:29
 C:\Program Files\Alwil Software\Avast5\snxBorder64.dll handle: 0000000064D00000 size: 145408 crc: FD6FB35A date: 2010-01-28 21:03:40
 C:\Program Files\Alwil Software\Avast5\snxPlugins64.DLL handle: 0000000064D80000 size: 156160 crc: 62DE618E date: 2010-01-28 21:03:36
 C:\Windows\WinSxS\amd64_microsoft.windows.common-controls_6595b64144ccf1df_5.82.7600.16385_none_a44af8ec57f961cf\Comctl32.dll handle: 000007FEFDAB0000 size: 633856 crc: C1C5FF19 date: 2009-07-14 01:40:22
 C:\Windows\system32\DWMAPI.DLL handle: 000007FEFBBD0000 size: 82432 crc: A459F360 date: 2009-07-14 01:40:34
 C:\Windows\system32\mswsock.dll handle: 000007FEFD0A0000 size: 320000 crc: EA387916 date: 2009-07-14 01:41:34
 C:\Windows\System32\wshtcpip.dll handle: 000007FEFCA50000 size: 13312 crc: 5D1E2C55 date: 2009-07-14 01:41:58
 C:\Windows\system32\psapi.dll handle: 0000000077AA0000 size: 9216 crc: 84B5E9BA date: 2009-07-14 01:41:53

---- gamelog start ----
Tick 62675: game loaded
     Conversion from OTTD savegame without gamelog: version 4, 1
     Revision text changed to r19024, savegame version 138, not modified, _openttd_newgrf_version = 0x10000000
     New game mode: 0 landscape: 1
     Added NewGRF: GRF ID 33324501, checksum 1482113FFE6CC434E13537ABBD8A318C, filename: 32bpp_extra.grf
     Added NewGRF: GRF ID 74730201, checksum 78F928415B204E8273751B15AD4CAC97, filename: gresley_a4.grf
     Added NewGRF: GRF ID 74730101, checksum 90E3EFD850E69C9335A39339D94F8AB1, filename: jubilee.grf
     Added NewGRF: GRF ID 726B0101, checksum D872D308E4994AFD0EF3F3BDB17B2E40, filename: Tempsnow.grf
     Added NewGRF: GRF ID 535A1344, checksum EE64CDD6E4600C717B448583026DF24D, filename: temperate_oil_wells_can_increase.v2\oilsgoup.grf
     Added NewGRF: GRF ID 11223301, checksum 474A7FF52E675DED3154101B58B3E3C7, filename: 2cc_chimaera_addon.2\chim.grf
     Added NewGRF: GRF ID 27711003, checksum 4736F5DAFC7C339B4674D04D7CC73EBA, filename: 2cc_trainset-2.0beta2\2cctrainset.grf
     Added NewGRF: GRF ID 44440A02, checksum CC43F806C0D6838DBE3E68434F3726F3, filename: apache_helicopter.1\apache_w.grf
     Added NewGRF: GRF ID 535A5644, checksum 5390BFF2E600595DC74E1C6247DA762D, filename: better_vehicle_names.v1\bvehname.grf
     Added NewGRF: GRF ID 19060801, checksum 6CFC6328D999C140851BFE6514BA277A, filename: bigger_depots.0.3\bigdepot.grf
     Added NewGRF: GRF ID 44440502, checksum 9B2267C916691C45A2C85BE1FF54F7C3, filename: combined_american_signal_set.1.1\ussigzw.grf
     Added NewGRF: GRF ID 274C2348, checksum E44A7D977D1980908B1DBF09F73F514C, filename: db_double_deck_coaches.v0.1\dbddw.grf
     Added NewGRF: GRF ID 4F460A01, checksum 4E930501C73FF984F54489B2EC1AF052, filename: earlier_road_vehicles.1.0\erv.grf
     Added NewGRF: GRF ID 4D470B02, checksum D3B86F8678699114EC3BC5EBFD52BC51, filename: early_houses.2.0beta_r707\earlyhouses.grf
     Added NewGRF: GRF ID 4D656F97, checksum 259C114EE60AA36D21865B829D1694DB, filename: ecs_agricultural_vector.b5__25_nov_2009_\ecsagriw.grf
     Added NewGRF: GRF ID 4D656F92, checksum 623D110A69F1768C7DCD8E9B7DB1D503, filename: ecs_basic_vector.b5__25_nov_2009_\ecsbasicw.grf
     Added NewGRF: GRF ID 4D656F9C, checksum B0075347E455B3D995E905EE95CACF61, filename: ecs_chemical_vector_ii.b5__25_nov_2009_\ecschem2w.grf
     Added NewGRF: GRF ID 4D656F96, checksum 7F89EBFE06473B0F467E1F3544BDE63C, filename: ecs_construction_vector.b5__25_nov_2009_\ecsconstw.grf
     Added NewGRF: GRF ID 4D656F9D, checksum CCCAF4A57D7530367F045F764FB64440, filename: ecs_houses.b5__13_dec_2009_\ecshousew.grf
     Added NewGRF: GRF ID 4D656F94, checksum FE9DDFD06CB759F1D6222AA84348983B, filename: ecs_machinery_vector.b5__25_nov_2009_\ecsmachw.grf
     Added NewGRF: GRF ID 4D656F91, checksum 080E81A6E0C9F250F84B9A5F8AB4C0DE, filename: ecs_town_vector.b5__25_nov_2009_\ecstownw.grf
     Added NewGRF: GRF ID 4D656F95, checksum B639051F51C2634403F42D2556E42C68, filename: ecs_wood_vector.b5__25_nov_2009_\ecswoodw.grf
     Added NewGRF: GRF ID 52571201, checksum C1C7D8C53EB7E74EEE2F0EF29638B466, filename: egrvts.1.0\egrvts.grf
     Added NewGRF: GRF ID 45580102, checksum 2E97B00D4ABAC99CD825964E9402A81B, filename: ex_s_city_builder.0.3\ex_cities.grf
     Added NewGRF: GRF ID F1250020, checksum E149C035024C30935CAC29AEA2A94A23, filename: firs_industry_replacement_set-0.2\firs.grf
     Added NewGRF: GRF ID 414E0101, checksum 44812562894F4CBCF5F6E9DC7F7C35BE, filename: fish_ship_set-0.5\fish.grf
     Added NewGRF: GRF ID 44440A11, checksum 9CC25A10F25815ABD68C21520C822894, filename: general_av8ion.0.2\genav8w.grf
     Added NewGRF: GRF ID 52571208, checksum DC83DAB2933FACCB91678D4F75ABCCC6, filename: generic_cars-0.4\cars.grf
     Added NewGRF: GRF ID 444A0201, checksum 45054312E8038955B33606A427BAFF2F, filename: generic_european_train_set_ges-alpha2.1\ges_pa2.1.grf
     Added NewGRF: GRF ID 52570103, checksum EDB2D26F9D81423734CA12412F309CF3, filename: generic_tram_set.0.4\generictrams.grf
     Added NewGRF: GRF ID 535A1000, checksum 1ABB78CB5C7FBD44FFCAF3DA7C4852D8, filename: hankyu_railway_set-0.04\hankyu.grf
     Added NewGRF: GRF ID 41501201, checksum 795227412A6D9915FD5BE1178BC161FA, filename: heqs__heavy_equipment_set_.0.6\heqs.grf
     Added NewGRF: GRF ID 4D570102, checksum 8C41066F2430A1762047AB077B51EE63, filename: hover_bus.1.0\hoverbus_1.0.grf
     Added NewGRF: GRF ID 4F460A02, checksum D8FF84F759520F43F24F1C2C2645F214, filename: improved_road_vehicles__for_db_s.1.0\irv.grf
     Added NewGRF: GRF ID 4A430002, checksum 0728ADCB4DF2F1EB9247ABD449296F4E, filename: industrial_stations_renewal.0.8.0\indstatrw.grf
     Added NewGRF: GRF ID 44501401, checksum 5F46A5DE67D0168B638A878FB2D49AEB, filename: japanese_maglevs.0.1\jpmaglevw.grf
     Added NewGRF: GRF ID 45530500, checksum FA231F55E8CC472EA98271F7C2AA9EFF, filename: japanese_stations-2.0a\jpstationsw.grf
     Added NewGRF: GRF ID 535A0D00, checksum 621BE488F7C9B57003C7E1323AB93AEB, filename: japanese_train_set.2.1a\jptrains2w.grf
     Added NewGRF: GRF ID 474E474E, checksum 42E74D7360F9D97625F3181FEC90F1A7, filename: light_road_vehicle_set-r15\lrvs_r15w.grf
     Added NewGRF: GRF ID 524B0301, checksum BB7BBE4FF23B349D17ED0A682503680C, filename: lightrailtramtracks-0.2\tramtrkw.grf
     Added NewGRF: GRF ID 4D470601, checksum 9C21B80FAAA6B5A5BB91815E5915B91C, filename: logic_train.0.6\logic.grf
     Added NewGRF: GRF ID 48420000, checksum 14C7E8F552A79CB8410492BBD2CBD5C8, filename: long_vehicle_introduction_date-v1\long vehicle introduction datew v1.grf
     Added NewGRF: GRF ID FBFB9905, checksum F747797A14AAA646402DC4E16DE5E82C, filename: longer_girder__steel_bridge.1\longergirdersteelbridge.grf
     Added NewGRF: GRF ID 4D470801, checksum AB5909E50F9AFAC0DF4C5F66E241838A, filename: lumbermill.1.1\lumbermill.grf
     Added NewGRF: GRF ID 41420000, checksum 91B1E5631A3A4926CC7C1DBDBBC585CD, filename: metro_subway_set-prealpha3.1\metro subway set.grf
     Added NewGRF: GRF ID 05102002, checksum A8B77B8D1F20D43B6FA521B4C3A8FC50, filename: monolev_replacement_set_v0.3.6-0.3.7\mrsv037.grf
     Added NewGRF: GRF ID 4444F000, checksum 875F485E4DB617B27C58543C4000F0FB, filename: old_wagons_new_cargos.1.1\oldwagons-newcargos.grf
     Added NewGRF: GRF ID 66724F4E, checksum 20AB6D74738955E537802E7A9A871F61, filename: original_vehicle_names.2\origveh.grf
     Added NewGRF: GRF ID 52455200, checksum 0E5A9C5ACD2BCAF7FA0658C3F905A660, filename: rural_stations-1\ae_ruraw.grf
     Added NewGRF: GRF ID 49420105, checksum A6E7B72F9C52F08303204C6FB3A3700A, filename: snow_line_mod.0.1.0\snowlinemod.grf
     Added NewGRF: GRF ID 52453C00, checksum C5B4EC240B33E2DB8D1EA64C97898B5E, filename: stolen_trees-1\stolentreesw_162.grf
     Added NewGRF: GRF ID 52455300, checksum 37C0B839B13C4B18051580C81EEDF427, filename: suburban_stations-1\ae_subuw.grf
     Added NewGRF: GRF ID 52571701, checksum 53AED72390B4293C65008840AF44D9F5, filename: urban_suspended_monorail.1.1\susmon1.1.grf
     Added NewGRF: GRF ID FBFB0201, checksum C3714CCDCE206A9D1A3903A3A90D351E, filename: transrapid_track_set.beta_1.1\transrapidtracksetw.grf
     Added NewGRF: GRF ID 444E0400, checksum 735D3D74D5DCADBF1FD6EF7A9C5A3519, filename: vast_station_tiles-0.2.0\vast.grf
     Added NewGRF: GRF ID 425F0101, checksum 5E6DC9FD3D9364AC6ABE21E6B4D8CE3E, filename: very_large_ships.0.1\vl_shipw.grf
     Added NewGRF: GRF ID 57A50001, checksum 52DE8F250C218E524065141967AD40A8, filename: was__world_airliners_set_.alpha\was.grf
     Added NewGRF: GRF ID 44440A01, checksum EFEE1435093730D3DA55BDF69653CADC, filename: av8_aviators_aircraft_set.1.501\pb_av8w.grf
---- gamelog end ----

*** End of OpenTTD Crash Report ***
