*** glibc detected *** openttd: double free or corruption (out): 0x081078a0 ***
======= Backtrace: =========
/lib/tls/i686/cmov/libc.so.6[0xb7c4cd65]
/lib/tls/i686/cmov/libc.so.6(cfree+0x90)[0xb7c50800]
openttd[0x812262b]
======= Memory map: ========
08048000-08290000 r-xp 00000000 08:01 2316317    /usr/games/openttd
08290000-08296000 rw-p 00247000 08:01 2316317    /usr/games/openttd
08296000-086ec000 rw-p 08296000 00:00 0          [heap]
b60f8000-b60f9000 ---p b60f8000 00:00 0 
b60f9000-b68f9000 rw-p b60f9000 00:00 0 
b6923000-b6d24000 rw-p b6923000 00:00 0 
b6d24000-b6d25000 r-xp 00000000 08:01 2315893    /usr/lib/gconv/ISO8859-1.so
b6d25000-b6d27000 rw-p 00000000 08:01 2315893    /usr/lib/gconv/ISO8859-1.so
b6d27000-b6d2e000 r--s 00000000 08:01 2310280    /usr/lib/gconv/gconv-modules.cache
b6e00000-b6e21000 rw-p b6e00000 00:00 0 
b6e21000-b6f00000 ---p b6e21000 00:00 0 
b6fc3000-b70ef000 rw-s 00000000 00:09 5668883    /SYSV00000000 (deleted)
b70ef000-b70f3000 r-xp 00000000 08:01 2311770    /usr/lib/libXfixes.so.3.1.0
b70f3000-b70f4000 rw-p 00003000 08:01 2311770    /usr/lib/libXfixes.so.3.1.0
b70f4000-b70fc000 r-xp 00000000 08:01 2311760    /usr/lib/libXcursor.so.1.0.2
b70fc000-b70fd000 rw-p 00007000 08:01 2311760    /usr/lib/libXcursor.so.1.0.2
b70fd000-b7102000 r-xp 00000000 08:01 2311788    /usr/lib/libXrandr.so.2.1.0
b7102000-b7103000 rw-p 00005000 08:01 2311788    /usr/lib/libXrandr.so.2.1.0
b7103000-b710a000 r-xp 00000000 08:01 2311790    /usr/lib/libXrender.so.1.3.0
b710a000-b710b000 rw-p 00006000 08:01 2311790    /usr/lib/libXrender.so.1.3.0
b710b000-b7118000 r-xp 00000000 08:01 2311768    /usr/lib/libXext.so.6.4.0
b7118000-b7119000 rw-p 0000d000 08:01 2311768    /usr/lib/libXext.so.6.4.0
b7119000-b711d000 r-xp 00000000 08:01 2311764    /usr/lib/libXdmcp.so.6.0.0
b711d000-b711e000 rw-p 00003000 08:01 2311764    /usr/lib/libXdmcp.so.6.0.0
b711e000-b7120000 r-xp 00000000 08:01 2311753    /usr/lib/libXau.so.6.0.0
b7120000-b7121000 rw-p 00001000 08:01 2311753    /usr/lib/libXau.so.6.0.0
b7121000-b720e000 r-xp 00000000 08:01 2311747    /usr/lib/libX11.so.6.2.0
b720e000-b7212000 rw-p 000ed000 08:01 2311747    /usr/lib/libX11.so.6.2.0
b7212000-b7213000 ---p b7212000 00:00 0 
b7213000-b7a13000 rw-p b7213000 00:00 0 
b7a13000-b7a33000 rw-s 00000000 00:09 4620306    /SYSV0056a4d6 (deleted)
b7a33000-b7a43000 rw-s 00000000 00:0e 13530      /dev/snd/pcmC0D0p
b7a43000-b7a4c000 r-xp 00000000 08:01 12943446   /lib/tls/i686/cmov/libnss_files-2.6.1.so
b7a4c000-b7a4e000 rw-p 00008000 08:01 12943446   /lib/tls/i686/cmov/libnss_files-2.6.1.so
b7a4e000-b7a56000 r-xp 00000000 08:01 12943450   /lib/tls/i686/cmov/libnss_nis-2.6.1.so
b7a56000-b7a58000 rw-p 00007000 08:01 12943450   /lib/tls/i686/cmov/libnss_nis-2.6.1.so
b7a58000-b7a6c000 r-xp 00000000 08:01 12943437   /lib/tls/i686/cmov/libnsl-2.6.1.so
b7a6c000-b7a6e000 rw-p 00013000 08:01 12943437   /lib/tls/i686/cmov/libnsl-2.6.1.so
b7a6e000-b7a70000 rw-p b7a6e000 00:00 0 
b7a7a000-b7a7d000 rw-p b7a7a000 00:00 0 
b7a7e000-b7a81000 rw-p b7a7e000 00:00 0 
b7a81000-b7a9f000 r-xp 00000000 08:01 2311955    /usr/lib/libexpat.so.1.0.0
b7a9f000-b7aa1000 rw-p 0001e000 08:01 2311955    /usr/lib/libexpat.so.1.0.0
b7aa1000-b7aaf000 r-xp 00000000 08:01 2311907    /usr/lib/libdirect-0.9.so.25.0.0
b7aaf000-b7ab0000 rw-p 0000e000 08:01 2311907    /usr/lib/libdirect-0.9.so.25.0.0
b7ab0000-b7ab5000 r-xp 00000000 08:01 2311973    /usr/lib/libfusion-0.9.so.25.0.0
b7ab5000-b7ab6000 rw-p 00004000 08:01 2311973    /usr/lib/libfusion-0.9.so.25.0.0
b7ab6000-b7b0b000 r-xp 00000000 08:01 2311909    /usr/lib/libdirectfb-0.9.so.25.0.0
b7b0b000-b7b0d000 rw-p 00055000 08:01 2311909    /usr/lib/libdirectfb-0.9.so.25.0.0
b7b0d000-b7b0e000 rw-p b7b0d000 00:00 0 
b7b0e000-b7b10000 r-xp 00000000 08:01 12943412   /lib/tls/i686/cmov/libdl-2.6.1.so
b7b10000-b7b12000 rw-p 00001000 08:01 12943412   /lib/tls/i686/cmov/libdl-2.6.1.so
b7b12000-b7bd3000 r-xp 00000000 08:01 2311820    /usr/lib/libasound.so.2.0.0
b7bd3000-b7bd8000 rw-p 000c0000 08:01 2311820    /usr/lib/libasound.so.2.0.0
b7b

