*** OpenTTD Crash Report ***

Crash at: Wed Dec 07 20:38:06 2011
In game date: 1974-08-11 (70)

Crash reason:
 Exception: E1212012
 Location:  7C81EB33
 Message:   Assertion failed at line 1686 of c:/bamboo-agent-home/xml-data/build-dir/OTTD-NIGHTLY-W9X/src/window.cpp: w->nested_root->resize_y == 0 || new_yinc % w->nested_root->resize_y == 0

OpenTTD version:
 Version:    r23437 (0)
 NewGRF ver: 12005b8d
 Bits:       32
 Endian:     little
 Dedicated:  no
 Build date: Dec  5 2011 19:09:08

Registers:
 EAX: 0022F070 EBX: 0022F14C ECX: 00000000 EDX: 77C61A58
 ESI: 00000000 EDI: 00521338 EBP: 0022F0C0 ESP: 0022F06C
 EIP: 7C81EB33 EFLAGS: 00000246

 Bytes at instruction pointer:
 5E C9 C2 10 00 85 FF 0F 8E E6 D0 FE FF 8B 55 FC 89 55 0C 0F B7 16 8B 7D

Stack trace:
 77C61890 E1212012 00000000 00000000 7C81EB33 00000000 00000000 0022EF14
 0022EF24 00010001 00000003 0022EFF4 FFFFFFFF 0022F9F8 7C90EE18 7C910570
 FFFFFFFF 7C91056D 77D960A9 00240000 00000000 0022F128 0052135F E1212012
 00000000 00000000 00000000 77C61A58 0022F128 77C352D3 77C352DA 00000016
 00000019 0000000E 0022F14C 0022F114 77D80550 0004005C 0022F14C 00521338
 00000001 0022F0EC 0022EC98 0022F9F8 77C35C94 77C12890 FFFFFFFF 00000000
 77C36BC1 00000016 0000000A 00514D12 0022F14C 00000001 009C1510 0022F360
 65737341 6F697472 6166206E 64656C69 20746120 656E696C 38363120 666F2036
 2F3A6320 626D6162 612D6F6F 746E6567 6D6F682D 6D782F65 61642D6C 622F6174
 646C6975 7269642D 54544F2F 494E2D44 4C544847 39572D59 72732F58 69772F63
 776F646E 7070632E 2D77203A 73656E3E 5F646574 746F6F72 65723E2D 657A6973
 3D20795F 2030203D 6E207C7C 795F7765 20636E69 2D772025 73656E3E 5F646574
 746F6F72 65723E2D 657A6973 3D20795F 0030203D 0000000C 0022F9F8 0646C588
 00000000 00000012 0654A360 0060D0C0 0654A360 00000000 00000195 0000007C
 0000000C 0000000C 00000000 00000000 0654A360 00000000 00000000 0060E417
 00000000 00000000 00000000 00000195 0022F2DC 0022F2D4 00000001 02158290
 00000000 0000006E 0000000C 0060CDE4 02158290 00000000 00000000 0000007C
 000001A1 0000000C 00000000 0060E1BB 00000001 00000001 00000000 00000000
 00598E18 00000000 00A19960 0000007A 000001A4 064F1FC8 064F1FC8 07598E18
 00000000 000001A1 00000000 0060D310 07598E18 00000000 00000000 0000000E
 000001A1 0000007A 00000000 0060E417 00000000 00000000 00000000 00000005
 00000000 00000000 00000000 00000001 0000000E 06402DB0 06402DB0 0000023F
 0000000E 00000019 00000000 00614FE1 00000175 000001B7 00000316 0000023F
 0213B5A0 00000159 0213FFE0 00615F54 009C1510 00000696 009C14C8 009C18EC

Operating system:
 Name:     Windows
 Release:  5.1.2600 (Service Pack 2)
 Compiler: GCC 4.5.2 "4.5.2"

Configuration:
 Blitter:      8bpp-optimized
 Graphics set: original_windows (0)
 Language:     H:\Strategy\Ottd23437\lang\english.lng
 Music driver: win32
 Music set:    NoMusic (0)
 Network:      no
 Sound driver: win32
 Sound set:    original_dos (0)
 Video driver: win32

AI Configuration (local: 0):
  0: Human

Libraries:
 FreeType:   2.4.4
 ICU:        4.6
 LZMA:       5.0.3
 LZO:        2.05
 PNG:        1.5.2
 Zlib:       1.2.5

Module information:
 H:\Strategy\Ottd23437\openttd.exe handle: 00400000 size: 11049915 crc: 1AA2670F date: 2011-12-05 19:10:34
 C:\WINDOWS\system32\ntdll.dll handle: 7c900000 size: 708096 crc: A5A50370 date: 2004-08-03 23:56:38
 C:\WINDOWS\system32\kernel32.dll handle: 7c800000 size: 983552 crc: 63EDEAA9 date: 2004-08-03 23:56:44
 C:\WINDOWS\system32\ADVAPI32.DLL handle: 77dd0000 size: 616960 crc: 5E7A2F0A date: 2004-08-03 23:56:42
 C:\WINDOWS\system32\RPCRT4.dll handle: 77e70000 size: 581120 crc: 3AE05623 date: 2004-08-03 23:56:46
 C:\WINDOWS\system32\GDI32.dll handle: 77f10000 size: 278016 crc: 38A80671 date: 2004-08-03 23:56:44
 C:\WINDOWS\system32\USER32.dll handle: 77d40000 size: 577024 crc: 23C4ACD0 date: 2004-08-03 23:56:48
 C:\WINDOWS\system32\msvcrt.dll handle: 77c10000 size: 343040 crc: 5298C0C5 date: 2004-08-03 23:56:44
 C:\WINDOWS\system32\SHELL32.DLL handle: 7c9c0000 size: 8384000 crc: 51CDDF32 date: 2004-08-03 23:56:46
 C:\WINDOWS\system32\SHLWAPI.dll handle: 77f60000 size: 473600 crc: 2D4FD44F date: 2004-08-03 23:56:46
 C:\WINDOWS\system32\WINMM.DLL handle: 76b40000 size: 176128 crc: 123646FA date: 2004-08-03 23:56:48
 C:\WINDOWS\system32\WS2_32.dll handle: 71ab0000 size: 82944 crc: 9738CC56 date: 2004-08-03 23:56:48
 C:\WINDOWS\system32\WS2HELP.dll handle: 71aa0000 size: 19968 crc: F5DD5AB6 date: 2004-08-03 23:56:48
 C:\WINDOWS\WinSxS\x86_Microsoft.Windows.Common-Controls_6595b64144ccf1df_6.0.2600.2180_x-ww_a84f1ff9\comctl32.dll handle: 773d0000 size: 1050624 crc: 893FE926 date: 2004-08-03 23:57:02
 C:\WINDOWS\system32\comctl32.dll handle: 5d090000 size: 611328 crc: DD782FC8 date: 2004-08-03 23:56:42
 C:\WINDOWS\system32\SHFolder.dll handle: 76780000 size: 25088 crc: 2EC7582B date: 2004-08-03 23:56:46
 C:\WINDOWS\system32\mswsock.dll handle: 71a50000 size: 245248 crc: E2309390 date: 2004-08-03 23:56:46
 C:\WINDOWS\system32\hnetcfg.dll handle: 662b0000 size: 344064 crc: 6CF15ACF date: 2004-08-03 23:56:44
 C:\WINDOWS\System32\wshtcpip.dll handle: 71a90000 size: 19968 crc: B88CC0E5 date: 2004-08-03 23:56:48
 C:\WINDOWS\system32\wdmaud.drv handle: 72d20000 size: 23552 crc: 982E84EE date: 2004-08-03 23:56:58
 C:\WINDOWS\system32\WINTRUST.dll handle: 76c30000 size: 176640 crc: 88D208BD date: 2004-08-03 23:56:48
 C:\WINDOWS\system32\CRYPT32.dll handle: 77a80000 size: 597504 crc: 971ECFAA date: 2004-08-03 23:56:42
 C:\WINDOWS\system32\MSASN1.dll handle: 77b20000 size: 57344 crc: D5127637 date: 2004-08-03 23:56:44
 C:\WINDOWS\system32\IMAGEHLP.dll handle: 76c90000 size: 144384 crc: 714A70BC date: 2004-08-03 23:56:44
 C:\WINDOWS\system32\msacm32.drv handle: 72d10000 size: 20480 crc: D5406BAE date: 2003-03-31 12:00:00
 C:\WINDOWS\system32\MSACM32.dll handle: 77be0000 size: 71680 crc: 6A21891E date: 2004-08-03 23:56:44
 C:\WINDOWS\system32\midimap.dll handle: 77bd0000 size: 18944 crc: 502B5282 date: 2004-08-03 23:56:44
 C:\WINDOWS\system32\psapi.dll handle: 76bf0000 size: 23040 crc: 97A44A88 date: 2004-08-03 23:56:46

---- gamelog start ----
Tick 0: new game started
     Revision text changed to r23213, savegame version 163, not modified, _openttd_newgrf_version = 0x12005aad
     New game mode: 1 landscape: 0
     Added NewGRF: GRF ID 4F424403, checksum 4D4DA9DBFCD2446425E0D18DB65A9C4E, filename: grassyknoll.grf (md5sum matches)
     Added NewGRF: GRF ID 44442302, checksum AFF1124BD0B36FC6B875AF4226BF96AF, filename: mauvetoblackw.grf (md5sum matches)
     Added NewGRF: GRF ID 4A430002, checksum 0728ADCB4DF2F1EB9247ABD449296F4E, filename: indstatrw.grf (md5sum matches)
     Added NewGRF: GRF ID 4A5A0401, checksum 54BC35DCCB000AA83ED9A25B8B697B06, filename: jstationsw195.grf (md5sum matches)
     Added NewGRF: GRF ID 52455400, checksum 1600687C50C5AB1E72EDD487CAD50E2A, filename: ae_cityw.GRF (md5sum matches)
     Added NewGRF: GRF ID 54570200, checksum ABF92A68DC086E5918C94C37C5B251FA, filename: usstatsw.grf (md5sum matches)
     Added NewGRF: GRF ID 52455200, checksum 0E5A9C5ACD2BCAF7FA0658C3F905A660, filename: rural_stations-1\ae_ruraw.grf (md5sum matches)
     Added NewGRF: GRF ID 52455300, checksum 37C0B839B13C4B18051580C81EEDF427, filename: suburban_stations-1\ae_subuw.grf (md5sum matches)
     Added NewGRF: GRF ID 6D620601, checksum 44EB2F155862E4D4F0AB671D7021AF54, filename: newstatsw.grf (md5sum matches)
     Added NewGRF: GRF ID 58534D00, checksum 6F4C28B41F5127046DED0320D0BE533B, filename: modern_set.grf (md5sum matches)
     Added NewGRF: GRF ID 72777473, checksum 431E58F4ACA83A2B4E25EEC5FD2E1EEF, filename: ukts_2.1.grf (md5sum matches)
     Added NewGRF: GRF ID 6D620004, checksum 70649F1AFC954942173B0AA89C1E8B14, filename: newshipsw.grf (md5sum matches)
     Added NewGRF: GRF ID 58534602, checksum 181DF5910D8F6B29E3D2940DEDE43042, filename: FOUNDW.GRF (md5sum matches)
     Added NewGRF: GRF ID 4D480103, checksum 29A2931C75F2DB1251C53950A54CBF29, filename: mphfencew.grf (md5sum matches)
     Added NewGRF: GRF ID 46727806, checksum 09E95562B1894A4D55D5532C6A889621, filename: opengfx_trees-0.2.2\opengfx+trees.grf (md5sum matches)
     Added NewGRF: GRF ID 44573452, checksum 48CF5FC0DEB895136F337A7E563FC66D, filename: dwe_stat_r7.grf (md5sum matches)
     Added NewGRF: GRF ID 444E0400, checksum 8193E85DCBD8C2161291BDBB5657EC1C, filename: VAST.grf (md5sum matches)
     Added NewGRF: GRF ID 52571201, checksum C1C7D8C53EB7E74EEE2F0EF29638B466, filename: egrvts.grf (md5sum matches)
     Added NewGRF: GRF ID 424B5462, checksum 22288D56D1D5B3ACF4AE77069D5FCDDD, filename: BKTunw12.grf (md5sum matches)
     Added NewGRF: GRF ID 4F472B33, checksum D5B21A6C2FE39F15E385785DEF1E6A50, filename: ogfx-industries.grf (md5sum matches)
     Added NewGRF: GRF ID 43415261, checksum 808FD3F3D2863F86DD18B18AA6C4E990, filename: NARoadsw.grf (md5sum matches)
     Added NewGRF: GRF ID 4F472B31, checksum 283C7E8D8017B8C6C9B3DA9CDAF45A8C, filename: ogfx-trains.grf (md5sum matches)
     Added NewGRF: GRF ID 44440A01, checksum 0BF8636EFEEF4F0617CAE47D77FF4C43, filename: pb_av8w.grf (md5sum matches)
     Added NewGRF: GRF ID 45520400, checksum 1D00426064137AA49B6FC4F4BCFF173F, filename: brickfreightw.GRF (md5sum matches)
     Added NewGRF: GRF ID 43415463, checksum 637BAB6FD6B33DFBF26D82F2BC50E8B0, filename: CanStnw.grf (md5sum matches)
     Added NewGRF: GRF ID 43485053, checksum 3F2970048E3FAD20D8ADCC3710DAF386, filename: chips05.grf (md5sum matches)
     Added NewGRF: GRF ID 58534453, checksum 5003B41F805909AECE9051BA6CFD1738, filename: dutchstatw.grf (md5sum matches)
     Added NewGRF: GRF ID 44573553, checksum EF7529EBEAF35758EE07E628B25F608D, filename: dwe_newobj.grf (md5sum matches)
     Added NewGRF: GRF ID 42414753, checksum 5C384730817B74DDF2092DB3F8E8E91E, filename: glassstationw.grf (md5sum matches)
     Added NewGRF: GRF ID 45530500, checksum FA231F55E8CC472EA98271F7C2AA9EFF, filename: japanese_stations-2.0a\jpstationsw.grf (md5sum matches)
     Added NewGRF: GRF ID 74677462, checksum DCE498065ACF0D1C92AA13356489DD82, filename: total_bridges_NAR.grf (md5sum matches)
     Added NewGRF: GRF ID 504E0001, checksum E7781323D2B0086E2E76342DAA036054, filename: ukwaypointsw.grf (md5sum matches)
     Added NewGRF: GRF ID 4F472B34, checksum 5030F25CA77DE5080DB906235CD70005, filename: ogfx-landscape.grf (md5sum matches)
     Added NewGRF: GRF ID 41533031, checksum F3A0A556505B7A94733D85B892C2070C, filename: swehouses111.grf (md5sum matches)
Tick 26101: game loaded
     Revision text changed to r23437, savegame version 166, not modified, _openttd_newgrf_version = 0x12005b8d
---- gamelog end ----

*** End of OpenTTD Crash Report ***
