*** OpenTTD Crash Report ***
Date: 2009-02-09 01:34:07
Build: r15418 built on Feb  8 2009 19:22:41
Reason: Assertion failed at ..\src\signal.cpp:502: dir == INVALID_DIAGDIR || dir == GetRailDepotDirection(tile)
Language: english.lng
Exception C0000005 at 00431B3A
Registers:
 EAX: 00D75730 EBX: 000000FF ECX: 0012F920 EDX: 00D75798
 ESI: 000007CA EDI: 00000000 EBP: 000007CA ESP: 0012FB38
 EIP: 00431B3A EFLAGS: 00010202

Bytes at CS:EIP:
 C6 05 00 00 00 00 00 53 EB 78 0F B6 B7 BC D0 60 00 53 6A 00 6A 00 8B C5

Stack trace: 
 0216F060 00000000 0012FB78 01E86EE8 01000000 00000000 00431DEA 00000000
 0043CA68 000007CA 00000000 00000000 0065C908 01E86EE8 0216F008 01E86EE8
 0012FB8C 0043CAE6 01E86EE8 00000001 01E86EE8 00000000 004AD1CE 01000000
 0065C908 01E86EE8 0012FBB8 00000000 004AD65F 00000000 01E86EE8 00000000
 0012FC28 004397FA 0483CD41 0483CD50 00000000 00000000 00000CFE 00000CBF
 0012FC0C 00000CBF 0041C576 00000CFE 00000CFE 00000007 0012FC0C 004B5762
 004B576E 005E39C0 00000CFE 006226A4 00000CDE 00000000 00000008 00000001
 0000000F 0000000F 0483CD41 0483CD50 0012FC50 0042AB8A 0483CD41 0483CD50
 0012FC50 00000000 0483CD50 00000000 00000000 004215CF 0012FC64 0042ADD6
 0483CD50 00000000 0012FC4C 00000000 0052A91D 00688AAC 00673490 0012FD14
 00000000 0012FC68 0483CD50 0483CD6E 00000000 00000000 002000F6 0000000F
 00000000 00000000 0483CD31 000001C1 0000022F 0042A2B8 0012FD2C 00000001
 00000001 01000001 00000000 00000000 00000000 00000000 00D03B70 FFFFFFFF
 FFFFFFFF 00000000 00000000 00000000 FFFFFFFF 00000000 0012FF30 00000000
 00000000 00000000 FFFFFFFF 0012FE34 0062A298 00000000 0000DB65 0012FF30
 004456AA 00000001 0012FE30 FFFFFFFE 00000000 5C3A4722 5C797268 6E65706F
 4E647474 65706F5C 6474746E 6578652E 00002000 00000010 00000040 003D0498
 003D04A8 0000000D 0000000E 003D0640 003D6C48 003D0478 00000004 0000000C
 00000002 00000040 003D0178 00000010 00000001 003D6EF8 003D0160 00000000
 00000000 003D6EF8 00000020 003D6F00 00000004 003D0280 00000020 000004A8
 003D0000 0012FBB4 00000002 0012FE7C 7C90E900 7C9101C0 FFFFFFFF 7C9101BB
 0058C816 003D0000 00000000 00000018 003D6CB0 0012FEEC 0012FEF8 0012FE0C
 0058C8AC 00000018 003D6CE0 003D0168 00000000 0012FE88 004C2957 00000018
 004EF5BC 003D6CE8 004EF642 003D6CB0 003D6EB8 0012FEEC 0012FD2D 0012FC2C

Module information:
 G:\hry\openttdN\openttd.exe handle: 00400000 size: 2574336 crc: D3AA2CB2 date: 2009-02-08 18:26:38
 C:\WINDOWS\system32\ntdll.dll handle: 7C900000 size: 700928 crc: 21D41961 date: 2008-04-14 03:21:04
 C:\WINDOWS\system32\kernel32.dll handle: 7C800000 size: 988160 crc: 51E9F740 date: 2008-04-14 03:21:45
 C:\WINDOWS\system32\WINMM.dll handle: 76B30000 size: 174592 crc: 97C69A23 date: 2008-04-14 03:22:05
 C:\WINDOWS\system32\ADVAPI32.dll handle: 77DC0000 size: 684032 crc: 32120066 date: 2008-04-14 03:21:36
 C:\WINDOWS\system32\RPCRT4.dll handle: 77E70000 size: 584704 crc: E8278DD0 date: 2008-04-14 03:21:54
 C:\WINDOWS\system32\Secur32.dll handle: 77FE0000 size: 56320 crc: 1D8EE2B3 date: 2008-04-14 03:21:54
 C:\WINDOWS\system32\GDI32.dll handle: 77F10000 size: 286720 crc: 558CB163 date: 2008-10-23 12:42:52
 C:\WINDOWS\system32\USER32.dll handle: 7E360000 size: 578560 crc: 810EA445 date: 2008-04-14 03:22:04
 C:\WINDOWS\system32\WS2_32.dll handle: 71A90000 size: 82432 crc: 54E7139D date: 2008-04-14 03:22:06
 C:\WINDOWS\system32\msvcrt.dll handle: 77C00000 size: 343040 crc: 82A18593 date: 2008-04-14 03:21:49
 C:\WINDOWS\system32\WS2HELP.dll handle: 71A80000 size: 19968 crc: 16A4F56E date: 2008-04-14 03:22:06
 C:\WINDOWS\system32\IMM32.DLL handle: 76370000 size: 110080 crc: 7CC3FB3C date: 2008-04-14 03:21:43
 C:\WINDOWS\system32\serwvdrv.dll handle: 5D260000 size: 14848 crc: AFEA6A6C date: 2001-10-25 14:00:00
 C:\WINDOWS\system32\umdmxfrm.dll handle: 5B580000 size: 13312 crc: 7C2E3391 date: 2001-10-25 14:00:00
 C:\WINDOWS\system32\SHFolder.dll handle: 76770000 size: 25088 crc: C487B370 date: 2008-04-14 03:21:55
 C:\WINDOWS\system32\SHLWAPI.dll handle: 77F60000 size: 474112 crc: A5A650CE date: 2008-04-14 03:21:55
 C:\WINDOWS\WinSxS\x86_Microsoft.Windows.Common-Controls_6595b64144ccf1df_6.0.2600.5512_x-ww_35d4ce83\comctl32.dll handle: 773C0000 size: 1054208 crc: CE734765 date: 2008-04-14 03:07:05
 C:\WINDOWS\system32\comctl32.dll handle: 5D5A0000 size: 617472 crc: EF37BB95 date: 2008-04-14 03:21:38
 C:\WINDOWS\system32\WINTRUST.dll handle: 76C20000 size: 176640 crc: 6AB4DBF4 date: 2008-04-14 03:22:05
 C:\WINDOWS\system32\CRYPT32.dll handle: 77A70000 size: 602112 crc: 8BA8D385 date: 2008-04-14 03:21:38
 C:\WINDOWS\system32\MSASN1.dll handle: 77B10000 size: 57344 crc: EAFD178F date: 2008-04-14 03:21:47
 C:\WINDOWS\system32\IMAGEHLP.dll handle: 76C80000 size: 144384 crc: 77B067D2 date: 2008-04-14 03:21:43
 C:\WINDOWS\system32\wdmaud.drv handle: 72CE0000 size: 23552 crc: D4EA0544 date: 2008-04-14 03:22:58
 C:\WINDOWS\system32\msacm32.drv handle: 72CD0000 size: 20480 crc: D2823952 date: 2001-10-25 14:00:00
 C:\WINDOWS\system32\MSACM32.dll handle: 77BD0000 size: 71680 crc: 0F11E98F date: 2008-04-14 03:21:46
 C:\WINDOWS\system32\midimap.dll handle: 77BC0000 size: 18944 crc: 6C0FE179 date: 2008-04-14 03:21:45
 C:\WINDOWS\system32\ole32.dll handle: 774D0000 size: 1287168 crc: D88DA305 date: 2008-04-14 03:21:53
 C:\WINDOWS\system32\uxtheme.dll handle: 5B250000 size: 219648 crc: A269DCE7 date: 2008-04-14 03:22:04
 C:\WINDOWS\system32\MSCTF.dll handle: 746F0000 size: 297984 crc: 7E4D8B79 date: 2008-04-14 03:21:47
 C:\WINDOWS\system32\CLBCATQ.DLL handle: 76FC0000 size: 498688 crc: 7485F944 date: 2008-04-14 03:21:38
 C:\WINDOWS\system32\COMRes.dll handle: 77040000 size: 806912 crc: 0037EB49 date: 2008-04-14 03:21:38
 C:\WINDOWS\system32\OLEAUT32.dll handle: 77110000 size: 551936 crc: 8BC4BD61 date: 2008-04-14 03:21:53
 C:\WINDOWS\system32\VERSION.dll handle: 77BF0000 size: 18944 crc: D999F19B date: 2008-04-14 03:22:04
 C:\WINDOWS\system32\dmime.dll handle: 60D60000 size: 181248 crc: 051A53CA date: 2008-04-14 03:21:39
 C:\WINDOWS\system32\DSOUND.dll handle: 73ED0000 size: 367616 crc: D00E35F8 date: 2008-04-14 03:21:40
 C:\WINDOWS\system32\dmusic.dll handle: 6CF00000 size: 104448 crc: 661BBD3C date: 2008-04-14 03:21:39
 C:\WINDOWS\system32\KsUser.dll handle: 73EA0000 size: 4096 crc: 5FA40F0A date: 2008-04-14 03:21:45
 C:\WINDOWS\system32\dmsynth.dll handle: 6CF20000 size: 103424 crc: 15A88EB7 date: 2008-04-14 03:21:39
 C:\WINDOWS\system32\dmloader.dll handle: 6CF90000 size: 35840 crc: 37FCABDE date: 2008-04-14 03:21:39
 C:\WINDOWS\system32\msctfime.ime handle: 751A0000 size: 177152 crc: 8CE75743 date: 2008-04-14 03:18:29
 C:\WINDOWS\system32\mswsock.dll handle: 71A30000 size: 247296 crc: AA868B0C date: 2008-06-20 17:49:25
 C:\WINDOWS\system32\hnetcfg.dll handle: 698B0000 size: 345088 crc: 8D58532C date: 2008-04-14 03:21:42
 C:\WINDOWS\System32\wshtcpip.dll handle: 71A70000 size: 19456 crc: 3807F96C date: 2008-04-14 03:22:06
 G:\Program Files\Trillian\events.dll handle: 16000000 size: 163840 crc: CB4163B9 date: 2005-03-14 23:00:00
 C:\WINDOWS\system32\comdlg32.dll handle: 76390000 size: 279040 crc: D70F613B date: 2008-04-14 03:21:38
 C:\WINDOWS\system32\SHELL32.dll handle: 7C9C0000 size: 8465408 crc: 3CAC6642 date: 2008-04-14 03:21:55
 G:\Program Files\Trillian\MSVCR71.dll handle: 7C340000 size: 348160 crc: 35563170 date: 2005-03-14 23:00:00
 C:\WINDOWS\system32\psapi.dll handle: 76BE0000 size: 23040 crc: E668331A date: 2008-04-14 03:21:53

System information:
 Windows version 5.1 2600 Service Pack 3

---- gamelog start ----
Tick 0: new game started
     Revision text changed to r15418, savegame version 113, not modified, _openttd_newgrf_version = 0x07003c3a
     New game mode: 1 landscape: 0
---- gamelog end ----
