*** OpenTTD Crash Report ***
Date: 2008-08-01 23:13:41
Build: 0.6.1 built on Jun  1 2008 19:02:14
Reason: !Disconnecting train
Exception C0000005 at 0042323C
Registers:
 EAX: 0012F8FC EBX: 00000001 ECX: 0000B98C EDX: 006C0000
 ESI: 00000200 EDI: 00000000 EBP: 0012FAFC ESP: 0012F8F4
 EIP: 0042323C EFLAGS: 00010246

Bytes at CS:EIP:
 C6 05 00 00 00 00 00 8B 0D 4C BD 59 00 85 C9 74 05 8B 01 FF 50 04 53 E8

Stack trace: 
 00000001 06752D2C 73694421 6E6E6F63 69746365 7420676E 6E696172 06390000
 00D40558 00D40570 00000010 00D40178 005CDD68 0012FA88 0012FA88 0000000C
 0112FA88 0012F948 004B30A2 0641A8C0 0000000C 0012F9C8 004B2FE7 0012FA88
 00000002 0012FA88 004B2FE7 0012FB28 00000001 0012FB28 0012F9AC 0000000C
 0000000C 065EBC00 00000000 00000000 00D40000 00000000 0000000F 0000000F
 065EBC20 065EBC08 00D40178 00D40178 065EBC00 065EBBE8 0657C668 0657C600
 00000001 0000001C 064ADD10 00000015 01E20001 0012F9E0 004B3099 0641A8C0
 00000003 0641A9F4 00000002 0012FA60 004B2FE7 0012FA88 0674D000 0000084F
 004B2FE7 0012FB28 00000000 0012FB28 00D406E8 7C91003D 0672F344 065EBC00
 0672F3A4 0672F3A4 00000080 00000036 06739E50 065EBBE8 0000007C 0000007F
 00000002 00000000 00000000 00D40570 004B0019 0012FA00 00000001 0000001C
 064ADDE8 00000000 010C0001 0012FA78 004B3099 0641A9F4 00000002 00000079
 0674D000 0012FAD0 004B01AF 0674D000 00000000 00000000 00000000 00000495
 00000000 000003D7 0043B96C 0000008D 00000003 000005E0 00650508 00000002
 00000002 0012FB5C 0043B99C 000001C0 000005CD FFFFEC36 000005E0 000001E1
 06752B10 004387B9 000001C0 000005CD 000001E1 000005E0 00003627 06752BC8
 00000001 00003628 0012FB5C 00490703 00579F60 00000001 06752A64 00000000
 0674D000 00000287 00000360 00003528 00003628 00000065 00000287 00000360
 00003528 00003628 00000003 00000010 00000000 00000001 00000000 06752BC8
 00490C3C 00000001 0012FB84 00490D7C 06752D2C 00000000 00000001 06752A64
 06752A64 00000000 000000BB 000007A0 0012FBC8 00491000 00000001 2078ED8E
 00435FDC 2078ED8E 2078ED8E 00000000 00000000 0000F8EF 0012FBC8 0000000F
 2078ED8E 2078ED8E 004243A3 00000000 005CD46C 0012FBD8 004246AA 7E37A78F
 00000064 00000000 004C6BAF 0065439C 005CD7A0 0012FD14 00000000 00000000

Module information:
 E:\Games\OTTD\openttd.exe handle: 00400000 size: 1722368 crc: 1731CED0 date: 2008-06-01 17:07:00
 C:\WINDOWS\system32\ntdll.dll handle: 7C900000 size: 700928 crc: 21D41961 date: 2008-04-14 06:51:06
 C:\WINDOWS\system32\kernel32.dll handle: 7C800000 size: 988160 crc: 51E9F740 date: 2008-04-14 06:51:46
 C:\WINDOWS\system32\WINMM.dll handle: 76B30000 size: 174592 crc: 97C69A23 date: 2008-04-14 06:52:06
 C:\WINDOWS\system32\ADVAPI32.dll handle: 77DC0000 size: 684032 crc: 32120066 date: 2008-04-14 06:51:38
 C:\WINDOWS\system32\RPCRT4.dll handle: 77E70000 size: 584704 crc: E8278DD0 date: 2008-04-14 06:51:56
 C:\WINDOWS\system32\Secur32.dll handle: 77FE0000 size: 56320 crc: 1D8EE2B3 date: 2008-04-14 06:51:56
 C:\WINDOWS\system32\GDI32.dll handle: 77F10000 size: 285184 crc: 50A220C6 date: 2008-04-14 06:51:42
 C:\WINDOWS\system32\USER32.dll handle: 7E360000 size: 578560 crc: 810EA445 date: 2008-04-14 06:52:06
 C:\WINDOWS\system32\WS2_32.dll handle: 71A90000 size: 82432 crc: 54E7139D date: 2008-04-14 06:52:08
 C:\WINDOWS\system32\msvcrt.dll handle: 77C00000 size: 343040 crc: 82A18593 date: 2008-04-14 06:51:50
 C:\WINDOWS\system32\WS2HELP.dll handle: 71A80000 size: 19968 crc: 16A4F56E date: 2008-04-14 06:52:08
 C:\WINDOWS\system32\IMM32.DLL handle: 76370000 size: 110080 crc: 7CC3FB3C date: 2008-04-14 06:51:44
 C:\PROGRA~1\KASPER~1\KASPER~1\adialhk.dll handle: 35020000 size: 83208 crc: 64A6BE8E date: 2008-04-25 16:21:50
 C:\WINDOWS\system32\SHLWAPI.dll handle: 77F60000 size: 474112 crc: A5A650CE date: 2008-04-14 06:51:56
 C:\PROGRA~1\KASPER~1\KASPER~1\kloehk.dll handle: 354C0000 size: 11016 crc: ABE121E3 date: 2008-04-25 16:22:22
 C:\WINDOWS\system32\SHFolder.dll handle: 76770000 size: 25088 crc: C487B370 date: 2008-04-14 06:51:56
 C:\WINDOWS\WinSxS\x86_Microsoft.Windows.Common-Controls_6595b64144ccf1df_6.0.2600.5512_x-ww_35d4ce83\comctl32.dll handle: 773C0000 size: 1054208 crc: CE734765 date: 2008-04-14 06:37:06
 C:\WINDOWS\system32\comctl32.dll handle: 5D5A0000 size: 617472 crc: EF37BB95 date: 2008-04-14 06:51:40
 C:\WINDOWS\system32\WINTRUST.dll handle: 76C20000 size: 176640 crc: 6AB4DBF4 date: 2008-04-14 06:52:06
 C:\WINDOWS\system32\CRYPT32.dll handle: 77A70000 size: 602112 crc: 8BA8D385 date: 2008-04-14 06:51:40
 C:\WINDOWS\system32\MSASN1.dll handle: 77B10000 size: 57344 crc: EAFD178F date: 2008-04-14 06:51:48
 C:\WINDOWS\system32\IMAGEHLP.dll handle: 76C80000 size: 144384 crc: 77B067D2 date: 2008-04-14 06:51:44
 C:\WINDOWS\system32\wdmaud.drv handle: 72CE0000 size: 23552 crc: D4EA0544 date: 2008-04-14 08:53:00
 C:\WINDOWS\system32\msacm32.drv handle: 72CD0000 size: 20480 crc: D2823952 date: 2001-10-25 12:00:00
 C:\WINDOWS\system32\MSACM32.dll handle: 77BD0000 size: 71680 crc: 0F11E98F date: 2008-04-14 06:51:48
 C:\WINDOWS\system32\midimap.dll handle: 77BC0000 size: 18944 crc: 6C0FE179 date: 2008-04-14 06:51:46
 C:\WINDOWS\system32\ole32.dll handle: 774D0000 size: 1287168 crc: D88DA305 date: 2008-04-14 06:51:54
 C:\WINDOWS\system32\uxtheme.dll handle: 5B250000 size: 219648 crc: A269DCE7 date: 2008-04-14 06:52:06
 C:\Program Files\Microsoft Hardware\Mouse\POINT32.dll handle: 61210000 size: 57344 crc: 0D8B265B date: 2002-04-11 08:47:52
 C:\WINDOWS\system32\MSCTF.dll handle: 746F0000 size: 297984 crc: 7E4D8B79 date: 2008-04-14 06:51:48
 C:\Program Files\TrayIt\TrayIt4!.dll handle: 494E0000 size: 7680 crc: 54262E3E date: 2007-07-06 20:07:48
 C:\WINDOWS\system32\CLBCATQ.DLL handle: 76FC0000 size: 498688 crc: 7485F944 date: 2008-04-14 06:51:40
 C:\WINDOWS\system32\COMRes.dll handle: 77040000 size: 806912 crc: 0037EB49 date: 2008-04-14 06:51:40
 C:\WINDOWS\system32\OLEAUT32.dll handle: 77110000 size: 551936 crc: 8BC4BD61 date: 2008-04-14 06:51:54
 C:\WINDOWS\system32\VERSION.dll handle: 77BF0000 size: 18944 crc: D999F19B date: 2008-04-14 06:52:06
 C:\WINDOWS\system32\dmime.dll handle: 60D60000 size: 181248 crc: 051A53CA date: 2008-04-14 06:51:40
 C:\WINDOWS\system32\DSOUND.dll handle: 73ED0000 size: 367616 crc: D00E35F8 date: 2008-04-14 06:51:42
 C:\WINDOWS\system32\dmusic.dll handle: 6CF00000 size: 104448 crc: 661BBD3C date: 2008-04-14 06:51:40
 C:\WINDOWS\system32\KsUser.dll handle: 73EA0000 size: 4096 crc: 5FA40F0A date: 2008-04-14 08:51:46
 C:\WINDOWS\system32\dmsynth.dll handle: 6CF20000 size: 103424 crc: 15A88EB7 date: 2008-04-14 06:51:40
 C:\WINDOWS\system32\dmloader.dll handle: 6CF90000 size: 35840 crc: 37FCABDE date: 2008-04-14 06:51:40
 C:\WINDOWS\system32\msctfime.ime handle: 751A0000 size: 177152 crc: 8CE75743 date: 2008-04-14 06:48:30
 C:\WINDOWS\system32\mswsock.dll handle: 71A30000 size: 247296 crc: AA868B0C date: 2008-06-20 17:49:25
 C:\WINDOWS\system32\hnetcfg.dll handle: 698B0000 size: 345088 crc: 8D58532C date: 2008-04-14 06:51:44
 C:\WINDOWS\System32\wshtcpip.dll handle: 71A70000 size: 19456 crc: 3807F96C date: 2008-04-14 06:52:08
 C:\Program Files\Microsoft Hardware\Mouse\MSH_ZWF.dll handle: 61220000 size: 69632 crc: 587A72E1 date: 2002-04-11 08:47:52
 C:\WINDOWS\system32\psapi.dll handle: 76BE0000 size: 23040 crc: E668331A date: 2008-04-14 06:51:54

System information:
 Windows version 5.1 2600 S
