*** OpenTTD Crash Report ***

Crash at: Thu Feb 16 09:07:41 2012
In game date: 1977-08-16 (22)

Crash reason:
 Signal:  Segmentation fault (11)
 Message: <none>

OpenTTD version:
 Version:    1.1.4 (0)
 NewGRF ver: 11485b8b
 Bits:       32
 Endian:     little
 Dedicated:  no
 Build date: Jan  9 2012 01:06:46

Stacktrace:
 [00] openttd(_ZNK12CrashLogUnix13LogStacktraceEPcPKc+0x3f) [0x8298b2f]
 [01] openttd(_ZNK8CrashLog12FillCrashLogEPcPKc+0xfa) [0x81aa15a]
 [02] openttd(_ZNK8CrashLog12MakeCrashLogEv+0x6d) [0x81aa24d]
 [03] openttd() [0x8298a5a]
 [04] [0xffffe400]
 [05] openttd(_ZN4SQVM9StartCallEP9SQClosureiiib+0x748) [0x8120b98]
 [06] openttd(_ZN4SQVM7ExecuteER11SQObjectPtriiiS1_jNS_13ExecutionTypeE+0x1fa2) [0x811c662]
 [07] openttd(_ZN4SQVM4CallER11SQObjectPtriiS1_jj+0x99) [0x811cde9]
 [08] openttd(sq_call+0x89) [0x80ef759]
 [09] openttd(_ZN6AIList7ValuateEP4SQVM+0x110) [0x8163770]
 [10] openttd(_ZN9SQConvert30DefSQAdvancedNonStaticCallbackI6AIListMS1_FiP4SQVMEEEiS3_+0x142) [0x813e772]
 [11] openttd(_ZN4SQVM10CallNativeEP15SQNativeClosureiiR11SQObjectPtrRb+0x282) [0x8119882]
 [12] openttd(_ZN4SQVM7ExecuteER11SQObjectPtriiiS1_jNS_13ExecutionTypeE+0x171b) [0x811bddb]
 [13] openttd(sq_resumecatch+0x70) [0x80ef680]
 [14] openttd(_ZN8Squirrel6ResumeEi+0x42) [0x82fc412]
 [15] openttd(_ZN10AIInstance8GameLoopEv+0x97) [0x812bf87]
 [16] openttd(_ZN2AI8GameLoopEv+0xc1) [0x81232a1]
 [17] openttd(_Z13StateGameLoopv+0x29b) [0x828a2fb]
 [18] openttd(_Z8GameLoopv+0xe0) [0x828c0e0]
 [19] openttd(_ZN15VideoDriver_SDL8MainLoopEv+0x1d4) [0x8383b94]
 [20] openttd(_Z8ttd_mainiPPc+0xf8d) [0x828bc9d]
 [21] openttd(main+0x48) [0x8298d68]
 [22] /lib/libc.so.6(__libc_start_main+0xe7) [0xb72e0137]
 [23] openttd() [0x80ece41]

Operating system:
 Name:     Linux
 Release:  2.6.38.7
 Version:  #1 SMP PREEMPT Thu Jun 2 11:42:46 CEST 2011
 Machine:  i686
 Compiler: GCC 4.4.3 "4.4.3"

Configuration:
 Blitter:      32bpp-optimized
 Graphics set: original_windows (0)
 Language:     //usr/share/games/openttd/lang/french.lng
 Music driver: null
 Music set:    original_windows (1)
 Network:      no
 Sound driver: sdl
 Sound set:    original_windows (0)
 Video driver: sdl

AI Configuration (local: 0):
  0: Human
  1: DictatorAI (v151)

Libraries:
 FontConfig: 2.8.0
 FreeType:   2.4.8
 LZMA:       5.0.3
 LZO:        2.06
 PNG:        1.5.7
 SDL:        1.2.14
 Zlib:       1.2.5.1

---- gamelog start ----
Tick 0: new game started
     Revision text changed to 1.1.4, savegame version 160, not modified, _openttd_newgrf_version = 0x11485b8b
     New game mode: 1 landscape: 2
---- gamelog end ----

*** End of OpenTTD Crash Report ***
