*** OpenTTD Crash Report ***

Crash at: Sat Jul 03 18:58:09 2010
In game date: 1939-09-28 (0)

Crash reason:
 Exception: E1212012
 Location:  000007FEFD83AA7D
 Message:   Assertion failed at line 2185 of ..\src\window.cpp: IsGeneratingWorld() || _local_company == _current_company

OpenTTD version:
 Version:    r20052 (0)
 NewGRF ver: 11004e54
 Bits:       64
 Endian:     little
 Dedicated:  no
 Build date: Jul  2 2010 18:24:46

Registers:
 RAX: 000000007746D1F5 RBX: 0000000000000016 RCX: 000000000020D630 RDX: 0000000000000000
 RSI: 0000000000000000 RDI: 0000000000000008 RBP: 00000000000604DE RSP: 000000000020DC40
 R8:  0000000000000000 R9:  0000000000000000 R10: 0000000000000000 R11: 0000000000000286
 R12: 000000013FC94F08 R13: 000000013FA5CED0 R14: 0000000000000001 R15: 000000007760F59B
 RIP: 000007FEFD83AA7D EFLAGS: 00000206

 Bytes at instruction pointer:
 48 81 C4 C8 00 00 00 C3 90 90 90 90 90 90 90 90 90 90 90 48 83 EC 48 83

Stack trace:
 00000016 00000000 00000000 00000000 00000008 00000000 0020DC78 00000000
 E1212012 00000000 00000000 00000000 FD83AA7D 000007FE 00000000 00000000
 00000048 00000000 00000001 00000000 00000000 00000000 00000000 00000000
 00000070 00000000 FFFFFFFF FFFFFFFF FFFFFFFF FFFFFFFF 7761C333 00000000
 002E0230 00000000 7785FF9A 00000000 002E03E8 00000000 002E0270 00000000
 00000000 00000000 7761A01B 00000000 00000000 00000000 77843908 00000000
 00000001 00000000 3FAFD451 00000001 00000016 00000000 23309ED7 00000000
 003B1370 00000000 002E0230 00000000 00000000 00000000 77857B3A 00000000
 00000000 00000000 7760F59B 00000000 000604DE 00000000 00000000 00000000
 000002A3 00000000 000002A3 00000000 00000000 00000000 3FAFC6D6 00000001
 00000001 00000000 00000000 00000000 00000000 00000000 00000002 00000000
 00000000 00000000 7786FC65 00000000 00000000 00000000 00000000 00000000
 778A8B3C 00000000 02000002 00000000 0020DE08 00000000 00000030 00000003
 7760F5BA 00000000 7761BAF9 00000000 00812FE8 00000000 0020DE38 00000000
 00000000 00000000 0082DC80 00000000 00000017 00000000 00000000 00000000
 00000000 00000000 77843908 00000000 77865BC0 00000000 7762764C 00000000
 0007048A 00000000 0082DC80 00000000 00000001 00000000 00000001 00000000
 00000001 00000000 F40A13D0 FFFFFFFF 00000000 00000000 00000000 00000000
 00000001 00000000 00000010 00000000 003AFA30 00000000 002E0000 00000000
 003AFA20 00000000 77871F05 00000000 002E0000 00000000 003AFA01 00000000
 00000000 00000000 003AFA30 00000000 0007048A 00000000 776732C4 00000000
 00000001 00000000 0007048A 00000000 776732C4 00000000 0020E240 00000000
 00000000 00000000 3FD15D5C 00000001 00010003 00000000 00000001 00000000
 00000001 00000000 77672825 00000000 003AFA30 00000000 003AFA30 00000000

Operating system:
 Name:     Windows
 Release:  6.1.7600 ()
 Compiler: MSVC 1500

Configuration:
 Blitter:      8bpp-optimized
 Graphics set: OpenGFX
 Language:     dutch.lng
 Music driver: win32
 Music set:    OpenMSX
 Network:      no
 Sound driver: win32
 Sound set:    OpenSFX
 Video driver: win32

AI Configuration (local: 0):
  0: Human
  1: AIAI (v15)
  2: AdmiralAI (v22)
  3: PathZilla (v6)
  4: Trans (v100307)

Libraries:
 FreeType:   2.3.12
 ICU:        4.4.1
 LZO:        2.03
 PNG:        1.4.3
 Zlib:       1.2.5

Module information:
 P:\Games\OpenTTD\openttd.exe handle: 000000013F860000 size: 4614656 crc: CB544F62 date: 2010-07-03 14:31:55
 D:\Windows\SYSTEM32\ntdll.dll handle: 0000000077820000 size: 1736608 crc: 51E6A99D date: 2010-03-24 06:59:44
 D:\Windows\system32\kernel32.dll handle: 0000000077700000 size: 1162240 crc: 822946F0 date: 2009-07-14 01:41:13
 D:\Windows\system32\KERNELBASE.dll handle: 000007FEFD830000 size: 421376 crc: 68F689E4 date: 2009-07-14 01:41:13
 D:\Windows\system32\WINMM.dll handle: 000007FEFB5A0000 size: 217600 crc: 7BC1529F date: 2009-07-14 01:41:56
 D:\Windows\system32\msvcrt.dll handle: 000007FEFDD10000 size: 634880 crc: 7F3E716F date: 2009-07-14 01:41:32
 D:\Windows\system32\USER32.dll handle: 0000000077600000 size: 1008640 crc: 95FA0345 date: 2009-07-14 01:41:56
 D:\Windows\system32\GDI32.dll handle: 000007FEFDCA0000 size: 404480 crc: 0F1BAE69 date: 2009-07-14 01:40:56
 D:\Windows\system32\LPK.dll handle: 000007FEFEEF0000 size: 41984 crc: 350AF03B date: 2009-07-14 01:41:19
 D:\Windows\system32\USP10.dll handle: 000007FEFDBD0000 size: 801280 crc: 32EFA120 date: 2009-07-14 01:41:56
 D:\Windows\system32\WS2_32.dll handle: 000007FEFDDB0000 size: 296448 crc: B9553AFD date: 2009-07-14 01:41:58
 D:\Windows\system32\RPCRT4.dll handle: 000007FEFECA0000 size: 1221632 crc: D5B6358C date: 2009-07-14 01:41:53
 D:\Windows\system32\NSI.dll handle: 000007FEFDE00000 size: 13824 crc: 53B46F6C date: 2009-07-14 01:41:53
 D:\Windows\system32\ADVAPI32.dll handle: 000007FEFDE10000 size: 877056 crc: FA615A20 date: 2009-07-14 01:40:01
 D:\Windows\SYSTEM32\sechost.dll handle: 000007FEFFB10000 size: 113664 crc: 978CFAE5 date: 2009-07-14 01:41:53
 D:\Windows\system32\SHELL32.dll handle: 000007FEFDEF0000 size: 14163456 crc: E057E832 date: 2010-02-18 08:07:44
 D:\Windows\system32\SHLWAPI.dll handle: 000007FEFEE70000 size: 449536 crc: 0BFDF102 date: 2009-07-14 01:41:54
 D:\Windows\system32\IMM32.DLL handle: 000007FEFF930000 size: 167424 crc: 41B2805A date: 2009-07-14 01:41:09
 D:\Windows\system32\MSCTF.dll handle: 000007FEFFA00000 size: 1067008 crc: 798DDDA0 date: 2009-07-14 01:41:28
 D:\Windows\system32\SHFolder.dll handle: 000007FEF6110000 size: 10240 crc: 08A48DE3 date: 2009-07-14 01:41:54
 D:\Windows\system32\ole32.dll handle: 000007FEFF5F0000 size: 2084352 crc: 40D2CC46 date: 2009-07-14 01:41:53
 D:\Windows\system32\MMDevAPI.DLL handle: 000007FEFC0A0000 size: 284160 crc: CDF2EF81 date: 2009-07-14 01:41:26
 D:\Windows\system32\PROPSYS.dll handle: 000007FEFBF70000 size: 1212416 crc: 98D01BC9 date: 2009-07-14 01:41:53
 D:\Windows\system32\OLEAUT32.dll handle: 000007FEFEF00000 size: 861184 crc: C4351602 date: 2009-07-14 01:41:53
 D:\Windows\system32\wdmaud.drv handle: 000007FEFB3D0000 size: 217088 crc: AB6BC545 date: 2009-07-14 01:38:50
 D:\Windows\system32\ksuser.dll handle: 0000000075540000 size: 5120 crc: AA2071D9 date: 2009-07-14 01:41:13
 D:\Windows\system32\AVRT.dll handle: 000007FEFBF60000 size: 18432 crc: 5CE53CB7 date: 2009-07-14 01:40:05
 D:\Windows\system32\SETUPAPI.dll handle: 000007FEFF1B0000 size: 1899520 crc: 91ED5D15 date: 2009-07-14 01:41:54
 D:\Windows\system32\CFGMGR32.dll handle: 000007FEFD960000 size: 207360 crc: 369326FC date: 2009-07-14 01:40:15
 D:\Windows\system32\DEVOBJ.dll handle: 000007FEFD940000 size: 93184 crc: A7541AE2 date: 2009-07-14 01:40:28
 D:\Windows\system32\AUDIOSES.DLL handle: 000007FEFB210000 size: 296448 crc: 07CA71DE date: 2009-07-14 01:40:04
 D:\Windows\system32\msacm32.drv handle: 000007FEFB160000 size: 25600 crc: 2B579A05 date: 2009-07-14 01:38:50
 D:\Windows\system32\MSACM32.dll handle: 000007FEFB140000 size: 83456 crc: 3D67538B date: 2009-07-14 01:41:27
 D:\Windows\system32\midimap.dll handle: 000007FEFB100000 size: 20480 crc: CB902A13 date: 2009-07-14 01:41:23
 D:\Windows\system32\CRYPTBASE.dll handle: 000007FEFD6B0000 size: 44032 crc: F547C16E date: 2009-07-14 01:40:24
 D:\Windows\system32\CLBCatQ.DLL handle: 000007FEFF960000 size: 607744 crc: 939E35C9 date: 2009-07-14 01:40:15
 D:\Windows\system32\uxtheme.dll handle: 000007FEFBDF0000 size: 332288 crc: B0A13DF9 date: 2009-07-14 01:41:56
 D:\Program Files\Common Files\microsoft shared\ink\tiptsf.dll handle: 000007FEEF360000 size: 503296 crc: FC989EBC date: 2009-07-14 01:41:55
 D:\Windows\system32\dwmapi.dll handle: 000007FEFBE70000 size: 82432 crc: A459F360 date: 2009-07-14 01:40:34
 D:\Windows\system32\version.dll handle: 000007FEFC8D0000 size: 29184 crc: 628CCE3F date: 2009-07-14 01:41:56
 D:\Windows\system32\mswsock.dll handle: 000007FEFCFF0000 size: 320000 crc: EA387916 date: 2009-07-14 01:41:34
 D:\Windows\System32\wshtcpip.dll handle: 000007FEFC9A0000 size: 13312 crc: 5D1E2C55 date: 2009-07-14 01:41:58
 D:\Windows\WinSxS\amd64_microsoft.windows.common-controls_6595b64144ccf1df_6.0.7600.16385_none_fa645303170382f6\comctl32.DLL handle: 000007FEFC210000 size: 2030080 crc: 9B2C4185 date: 2009-07-14 01:24:56
 D:\Windows\system32\psapi.dll handle: 00000000779E0000 size: 9216 crc: 84B5E9BA date: 2009-07-14 01:41:53

---- gamelog start ----
Tick 0: new game started
     Revision text changed to r20052, savegame version 143, not modified, _openttd_newgrf_version = 0x11004e54
     New game mode: 1 landscape: 0
     Added NewGRF: GRF ID 6D620401, checksum C5ACB6D5536A464FD78871D91840A35F, filename: dbsetxlw.grf
     Added NewGRF: GRF ID FBFB0102, checksum 803D38F242F016C4A8212FA05C0F9B7E, filename: dutch_tram_set.rc1\dutchtramsetw.grf
     Added NewGRF: GRF ID 42010000, checksum 6FE46BEACFA8B4191B9F8FEAEFBE819F, filename: german_signals.0.4\gersignw.grf
     Added NewGRF: GRF ID 4A430002, checksum 0728ADCB4DF2F1EB9247ABD449296F4E, filename: indstatrw.grf
     Added NewGRF: GRF ID 504E0002, checksum 6E6944E09CE6C3AC130DF72C542EE4B1, filename: generic_buffers.0.1\buffers.grf
     Added NewGRF: GRF ID 52571208, checksum DC83DAB2933FACCB91678D4F75ABCCC6, filename: generic_cars.0.3\cars.grf
     Added NewGRF: GRF ID FBFB9905, checksum F747797A14AAA646402DC4E16DE5E82C, filename: longer_girder__steel_bridge.1\longergirdersteelbridge.grf
     Added NewGRF: GRF ID 535A0901, checksum BECE0FB994E34EBDF6DB76EC3B566914, filename: purno_s_new_railway_fence.1\fencew.grf
     Added NewGRF: GRF ID 4444F000, checksum 875F485E4DB617B27C58543C4000F0FB, filename: old_wagons_new_cargos.1.1\oldwagons-newcargos.grf
     Added NewGRF: GRF ID 27711003, checksum 4736F5DAFC7C339B4674D04D7CC73EBA, filename: 2cc_trainset-2.0beta2\2cctrainset.grf
     Added NewGRF: GRF ID 19060801, checksum 6CFC6328D999C140851BFE6514BA277A, filename: bigger_depots.0.3\bigdepot.grf
     Added NewGRF: GRF ID 554B5201, checksum 0D9C15FF1DC9AA50702780A730D9C650, filename: uk_roadset.1.1\ukroadsetw.grf
     Added NewGRF: GRF ID 72777473, checksum 9FAF600C6F6B68D29C942B0DD437FF13, filename: uk_town_set.1\ukts.grf
     Added NewGRF: GRF ID 44440502, checksum 9B2267C916691C45A2C85BE1FF54F7C3, filename: combined_american_signal_set.1.1\ussigzw.grf
     Added NewGRF: GRF ID 52571201, checksum C1C7D8C53EB7E74EEE2F0EF29638B466, filename: egrvts.1.0\egrvts.grf
     Added NewGRF: GRF ID 535A5644, checksum 5390BFF2E600595DC74E1C6247DA762D, filename: better_vehicle_names.v1\bvehname.grf
     Added NewGRF: GRF ID 4F460A02, checksum D8FF84F759520F43F24F1C2C2645F214, filename: improved_road_vehicles__for_db_s.1.0\irv.grf
     Added NewGRF: GRF ID 52455200, checksum 0E5A9C5ACD2BCAF7FA0658C3F905A660, filename: Newgrf\ae_ruraw.GRF
     Added NewGRF: GRF ID 52455300, checksum 9D50B42F36934FC3049F7A8459CA7510, filename: Newgrf\ae_subu.GRF
     Added NewGRF: GRF ID 474E474E, checksum 616502E9D369A08059470E28CDFE4C66, filename: light_road_vehicle_set-r10\lrvs_r10w.grf
     Added NewGRF: GRF ID F1250020, checksum E149C035024C30935CAC29AEA2A94A23, filename: firs_industry_replacement_set-0.2\firs.grf
     Added NewGRF: GRF ID 45520100, checksum E99FA3CB0505B6237F1F4C84DD9BC425, filename: Newgrf\nabsw.GRF
     Added NewGRF: GRF ID 45520600, checksum 346457CB4632554B6A175785236883E4, filename: Newgrf\platformsw.GRF
---- gamelog end ----

*** End of OpenTTD Crash Report ***
