*** OpenTTD Crash Report ***

Crash at: Tue Mar 30 22:32:57 2010
In game date: 2008-01-18 (70)

Crash reason:
 Signal:  Segmentation fault (11)
 Message: <none>

OpenTTD version:
 Version:    1.0.0-RC3 (1)
 NewGRF ver: 10004bf7
 Bits:       64
 Endian:     little
 Dedicated:  no
 Build date: Mar 29 2010 17:27:19

Stacktrace:
 [00] /usr/local/games/openttd(_ZNK12CrashLogUnix13LogStacktraceEPcPKc+0x3c) [0x64496c]
 [01] /usr/local/games/openttd(_ZNK8CrashLog12FillCrashLogEPcPKc+0xe6) [0x567eb6]
 [02] /usr/local/games/openttd(_ZNK8CrashLog12MakeCrashLogEv+0x7c) [0x567fbc]
 [03] /usr/local/games/openttd [0x6448be]
 [04] /usr/local/games/openttd [0x6a415e]
 [05] /lib64/libc.so.6 [0x7fa576812f30]
 [06] /usr/local/games/openttd(_Z26ShowAIDebugWindowIfAIErrorv+0x31) [0x4dbf61]
 [07] /usr/local/games/openttd(_Z13AfterLoadGamev+0x65dd) [0x6abc1d]
 [08] /usr/local/games/openttd(_Z10SaveOrLoadPKci12Subdirectoryb+0xb59) [0x6b77e9]
 [09] /usr/local/games/openttd(_Z14SafeSaveOrLoadPKci8GameMode12Subdirectory+0x44) [0x634df4]
 [10] /usr/local/games/openttd(_Z46NetworkPacketReceive_PACKET_SERVER_MAP_commandP6Packet+0x148) [0x5e77c8]
 [11] /usr/local/games/openttd(_Z25NetworkClient_ReadPacketsP19NetworkClientSocket+0x82) [0x5e5ff2]
 [12] /usr/local/games/openttd [0x5e2345]
 [13] /usr/local/games/openttd(_Z15NetworkGameLoopv+0x25) [0x5e2575]
 [14] /usr/local/games/openttd(_Z8GameLoopv+0x18d) [0x63705d]
 [15] /usr/local/games/openttd(_ZN15VideoDriver_SDL8MainLoopEv+0x1ca) [0x7575da]
 [16] /usr/local/games/openttd(_Z8ttd_mainiPPc+0xe3b) [0x636b6b]
 [17] /lib64/libc.so.6(__libc_start_main+0xe6) [0x7fa5767fe526]
 [18] /usr/local/games/openttd [0x497bd9]

Operating system:
 Name:     Linux
 Release:  2.6.32-xtort-
 Version:  #2 SMP Fri Dec 4 07:51:03 EST 2009
 Machine:  x86_64
 Compiler: GCC 4.3.3 "4.3.3"

Configuration:
 Blitter:      8bpp-optimized
 Graphics set: original_windows
 Language:     english_US.lng
 Music driver: extmidi
 Music set:    OpenMSX
 Network:      client
 Sound driver: sdl
 Sound set:    original_windows
 Video driver: sdl

AI Configuration (local: 0):
  0: Human
  1: Human
  2: Human
  3: Human
  4: Human

Libraries:
 FontConfig: 2.6.0
 FreeType:   2.3.9
 LZO:        2.02
 PNG:        1.2.37
 SDL:        1.2.13
 Zlib:       1.2.3

---- gamelog start ----
Tick 0: new game started
     Revision text changed to 1.0.0-RC3, savegame version 138, maybe modified, _openttd_newgrf_version = 0x10004bf7
     New game mode: 1 landscape: 0
---- gamelog end ----

*** End of OpenTTD Crash Report ***
