*** OpenTTD Crash Report ***
Date: 2008-05-29 22:13:44
Build: 0.6.0-beta3 built on Jan 15 2008 22:01:30
Reason: Assertion failed at d:\developpement\ottd\0.6.0-beta3\src\ai\trolly\../../station_map.h:130: IsRoadStopTile(t)
Exception C0000005 at 004A5260
Registers:
 EAX: 00CFFF78 EBX: 00688C03 ECX: 0012EC4C EDX: 00CFFFE7
 ESI: 00047607 EDI: 0053DDC0 EBP: 00588410 ESP: 0012EE64
 EIP: 004A5260 EFLAGS: 00010202

Bytes at CS:EIP:
 C6 05 00 00 00 00 00 80 FB 04 0F B6 C3 72 03 83 E8 04 5F 5E 5D 5B C3 80

Stack trace: 
 00047607 00000077 0012FBB8 00688CAC 004A629F 0053DDC0 00688D25 00000001
 00047607 00000000 0004620B 00000000 000E7DDC 02D05604 00000000 0000076D
 0001FFFF 0012EECC 00416776 0041677F 00688CAC 000E79DC 000000FF 00000000
 00000000 000D81D5 0065FDD0 000052AE 00001D50 0043E2F1 00008E38 000052AE
 00008E7B 000012F8 00003141 00003600 0043E344 00003141 000052AE 00003184
 00005348 00000006 000D81D5 0012EF24 00000100 0048BB62 000D81D5 00000194
 0012EF44 0048BB8D 000001D8 02CE5800 00000006 00000194 000D81D5 00000001
 0012FB80 0048E1A5 000001D8 02CE5800 000D8100 000D81D5 000D81D5 02CE5840
 000820F7 00081CF8 000820F8 000824F8 000828F8 000828F9 000800FA 0007E8FB
 000824FB 000828FB 00081CFC 000820FC 000824FC 000828FC 00082CFC 0007DCFD
 00081CFD 000820FD 000824FD 000828FD 00082CFD 0007DCFE 00081CFE 000820FE
 000824FE 000828FE 00082CFE 0007DCFF 000808FF 000810FF 00081CFF 000820FF
 000824FF 000828FF 00082CFF 0007DD00 00080900 00080D00 00081100 00081500
 00081900 00081D00 00082100 00082500 00082900 00082D00 0007DD01 00080D01
 00081101 00081501 00081901 00081D01 00082101 00082501 00082901 00082D01
 0007DD02 00081502 00081902 00081D02 00082102 00000000 00000000 0043360F
 00000001 00000000 0000000A 00000000 0012F398 0012F38C 00000000 00000003
 0012F0BC 0000000A 0012F0A0 00412F90 0012F398 0012F38C 00000000 0012F384
 004349D7 005DD678 0012F6B4 00000000 0012F906 00000000 00CD3018 0012F398
 00081105 00082105 00082505 00082905 00082D05 0007DD06 0007E106 0007E506
 00082506 00082906 00082D06 00081D07 00082907 00082D07 00082908 00082D08
 0002A0F8 0002A4F8 000254F9 00027CF9 000280F9 000284F9 000290F9 000294F9
 000298F9 0012F16C 0012FACB 0012F174 0012FAD3 00000000 0012F373 0041926C
 0012F174 0057E3A4 00000004 004193F4 0057E3A4 0057E39C 0012F174 00000000

Module information:
 C:\Programfiler\OpenTTD\openttd.exe handle: 00400000 size: 1782272 crc: 6969C673 date: 2008-01-15 21:06:22
 C:\WINDOWS\system32\ntdll.dll handle: 7C900000 size: 704000 crc: B5AEB8B3 date: 2004-08-04 10:00:00
 C:\WINDOWS\system32\kernel32.dll handle: 7C800000 size: 985600 crc: F31C7480 date: 2007-04-16 15:54:45
 C:\WINDOWS\system32\WINMM.dll handle: 76B30000 size: 175104 crc: 3AF912F8 date: 2004-08-04 10:00:00
 C:\WINDOWS\system32\USER32.dll handle: 7E410000 size: 577536 crc: 13C70A10 date: 2007-03-08 15:39:11
 C:\WINDOWS\system32\GDI32.dll handle: 77F10000 size: 282624 crc: F2ABE4BF date: 2008-02-20 06:52:04
 C:\WINDOWS\system32\ADVAPI32.dll handle: 77DC0000 size: 679936 crc: 3B1B6F8D date: 2004-08-04 10:00:00
 C:\WINDOWS\system32\RPCRT4.dll handle: 77E70000 size: 584192 crc: 4A477196 date: 2007-07-09 13:11:54
 C:\WINDOWS\system32\Secur32.dll handle: 77FE0000 size: 55808 crc: DBDC4B7B date: 2004-08-04 10:00:00
 C:\WINDOWS\system32\WS2_32.dll handle: 71AA0000 size: 82944 crc: AFE85148 date: 2004-08-04 10:00:00
 C:\WINDOWS\system32\msvcrt.dll handle: 77C00000 size: 343040 crc: B905DCC6 date: 2004-08-04 10:00:00
 C:\WINDOWS\system32\WS2HELP.dll handle: 71A90000 size: 19968 crc: D91B9DD6 date: 2004-08-04 10:00:00
 C:\WINDOWS\system32\IMM32.DLL handle: 76370000 size: 110080 crc: D47D83D1 date: 2004-08-04 10:00:00
 C:\WINDOWS\system32\SHFolder.dll handle: 76770000 size: 25088 crc: 7DD3F8B1 date: 2004-08-04 10:00:00
 C:\WINDOWS\system32\SHLWAPI.dll handle: 77F60000 size: 474112 crc: B4628431 date: 2007-12-07 01:08:09
 C:\WINDOWS\WinSxS\x86_Microsoft.Windows.Common-Controls_6595b64144ccf1df_6.0.2600.2982_x-ww_ac3f9c03\comctl32.dll handle: 773C0000 size: 1054208 crc: 728C6D5A date: 2006-08-25 15:53:58
 C:\WINDOWS\system32\comctl32.dll handle: 5D5D0000 size: 617472 crc: FDD039CA date: 2006-08-25 15:54:00
 C:\WINDOWS\system32\WINTRUST.dll handle: 76C20000 size: 176640 crc: 3A44BBAF date: 2004-08-04 10:00:00
 C:\WINDOWS\system32\CRYPT32.dll handle: 77A70000 size: 598528 crc: B57BFED9 date: 2004-08-04 10:00:00
 C:\WINDOWS\system32\MSASN1.dll handle: 77B10000 size: 57344 crc: D06FFB08 date: 2004-08-04 10:00:00
 C:\WINDOWS\system32\IMAGEHLP.dll handle: 76C80000 size: 144384 crc: E1A7E438 date: 2004-08-04 10:00:00
 C:\WINDOWS\system32\wdmaud.drv handle: 72CF0000 size: 23552 crc: C130F0FC date: 2004-08-04 00:03:42
 C:\WINDOWS\system32\msacm32.drv handle: 72CE0000 size: 20480 crc: 52BC6A6F date: 2004-08-04 10:00:00
 C:\WINDOWS\system32\MSACM32.dll handle: 77BD0000 size: 71680 crc: B0433EA6 date: 2004-08-04 10:00:00
 C:\WINDOWS\system32\midimap.dll handle: 77BC0000 size: 18944 crc: 2BDB6302 date: 2004-08-04 10:00:00
 C:\WINDOWS\system32\ole32.dll handle: 774D0000 size: 1284608 crc: A887C0BC date: 2005-07-26 04:43:13
 C:\WINDOWS\system32\MSCTF.dll handle: 746F0000 size: 294912 crc: C4DFB976 date: 2008-02-26 12:01:53
 C:\WINDOWS\system32\CLBCATQ.DLL handle: 76FC0000 size: 498688 crc: 6DFDBB07 date: 2005-07-26 04:43:10
 C:\WINDOWS\system32\COMRes.dll handle: 77040000 size: 798208 crc: 32F92C44 date: 2004-08-04 10:00:00
 C:\WINDOWS\system32\OLEAUT32.dll handle: 77110000 size: 550912 crc: 61FA71FE date: 2007-12-04 18:42:25
 C:\WINDOWS\system32\VERSION.dll handle: 77BF0000 size: 18944 crc: 01B8D673 date: 2004-08-04 10:00:00
 C:\WINDOWS\system32\dmime.dll handle: 60D90000 size: 181248 crc: AB73A81D date: 2004-08-04 10:00:00
 C:\WINDOWS\system32\DSOUND.dll handle: 73EE0000 size: 367616 crc: DBA2F3D7 date: 2004-08-04 10:00:00
 C:\WINDOWS\system32\dmusic.dll handle: 6CF20000 size: 104448 crc: E1760BED date: 2004-08-04 10:00:00
 C:\WINDOWS\system32\KsUser.dll handle: 73EB0000 size: 4096 crc: 354FE741 date: 2004-08-04 00:03:14
 C:\WINDOWS\system32\dmsynth.dll handle: 6CF40000 size: 103424 crc: F81FAB63 date: 2004-08-04 10:00:00
 C:\WINDOWS\system32\dmloader.dll handle: 6CFB0000 size: 35840 crc: 5B0F398E date: 2004-08-04 10:00:00
 C:\WINDOWS\system32\msctfime.ime handle: 75320000 size: 177152 crc: 1C9A607F date: 2004-08-04 10:00:00
 C:\WINDOWS\system32\mswsock.dll handle: 71A40000 size: 246784 crc: F1C0EDF0 date: 2004-08-04 10:00:00
 C:\WINDOWS\system32\hnetcfg.dll handle: 698D0000 size: 345088 crc: 7376FFC1 date: 2004-08-04 10:00:00
 C:\WINDOWS\System32\wshtcpip.dll handle: 71A80000 size: 19968 crc: F7B88996 date: 2004-08-04 10:00:00
 C:\WINDOWS\system32\dmstyle.dll handle: 6CF60000 size: 105984 crc: 803104AB date: 2004-08-04 10:00:00
 C:\WINDOWS\system32\dmband.dll handle: 6D160000 size: 28672 crc: 038B742A date: 2004-08-04 10:00:00
 C:\WINDOWS\system32\psapi.dll handle: 76BE0000 size: 23040 crc: E7A6B8E7 date: 2004-08-04 10:00:00

System information:
 Windows version 5.1 2600 S
