*** OpenTTD Crash Report ***

Crash at: Tue Oct 16 04:17:00 2012
In game date: 0-01-01 (0)

Crash reason:
 Signal:  Segmentation fault (11)
 Message: <none>

OpenTTD version:
 Version:    r24596 (0)
 NewGRF ver: 13006014
 Bits:       64
 Endian:     little
 Dedicated:  no
 Build date: Oct 15 2012 21:15:21

Stacktrace:
 [00] ./openttd(_ZNK12CrashLogUnix13LogStacktraceEPcPKc+0x37) [0x6b0477]
 [01] ./openttd(_ZNK8CrashLog12FillCrashLogEPcPKc+0xeb) [0x59dfbb]
 [02] ./openttd(_ZNK8CrashLog12MakeCrashLogEv+0x4c) [0x59e21c]
 [03] ./openttd() [0x6b03e5]
 [04] /usr/lib/libc.so.6(+0x35020) [0x7f9a0c0ad020]
 [05] ./openttd(_Z12GetRawSpritej10SpriteTypePFPvmE+0x87) [0x75c897]
 [06] ./openttd(_Z13GetGlyphWidth8FontSizej+0xb6) [0x5c3236]
 [07] ./openttd(_Z20LoadStringWidthTableb+0x7a) [0x5e780a]
 [08] ./openttd(_Z15HandleBootstrapv+0x60) [0x57b880]
 [09] ./openttd(_Z8ttd_mainiPPc+0xffc) [0x69d9bc]
 [10] /usr/lib/libc.so.6(__libc_start_main+0xf5) [0x7f9a0c099725]
 [11] ./openttd() [0x4f66b1]

Operating system:
 Name:     Linux
 Release:  3.5.6-1-ARCH
 Version:  #1 SMP PREEMPT Sun Oct 7 19:30:49 CEST 2012
 Machine:  x86_64
 Compiler: GCC 4.7.2 "4.7.2"

Configuration:
 Blitter:      8bpp-optimized
 Graphics set: none (4294967295)
 Language:     /home/daniel/Sources/custom/openttd/bin/lang/english_US.lng
 Music driver: none
 Music set:    none (4294967295)
 Network:      no
 Sound driver: none
 Sound set:    none (4294967295)
 Video driver: sdl

AI Configuration (local: 0):

Libraries:
 FreeType:   2.4.10
 ICU:        49.1.2
 LZMA:       5.0.4
 LZO:        2.06
 PNG:        1.5.12
 SDL:        1.2.15
 Zlib:       1.2.7

---- gamelog start ----
---- gamelog end ----

*** End of OpenTTD Crash Report ***
