*** OpenTTD Crash Report ***
Date: 2008-12-09 22:00:29
Build: h63f84835 built on Nov 11 2008 14:04:40
Reason: Assertion failed at ..\src\spritecache.cpp:388: i != _spritecache_items
Language: english.lng
Exception C0000005 at 00442DE0
Registers:
 EAX: 022A8008 EBX: 01A752BC ECX: 0012F990 EDX: 00D4CD10
 ESI: 01A74974 EDI: 00003C00 EBP: 01A752B8 ESP: 0012FBA8
 EIP: 00442DE0 EFLAGS: 00010202

Bytes at CS:EIP:
 C6 05 00 00 00 00 00 83 44 24 10 14 8B 4C 24 10 47 39 1C 01 75 C1 6B FF

Stack trace: 
 0012FBD4 00000000 0659467E 0659468E 0004B000 00442D25 0042E4F4 0659468E
 00000000 0012FBBC 0012FBBC 00000000 004FEDBA 00648088 00632A9C 0012FD14
 00000000 0012FBD8 0659468E 065946AC 00000000 00000000 00160522 00000200
 00000000 0141021B 0659467E 0000021B 0000015B 0042DBB1 0012FD2C 00000001
 00000001 00010003 00000000 003D0000 00000000 00000000 00000000 FFFFFFFF
 00000000 FFFFFFFF 0012FE34 005F6978 00000000 FFFFFFFF 00000000 00000000
 00000000 7C919D8A 00000000 00000100 00000000 00000004 003D0748 00000002
 0012FD2C 0000FDE8 00020700 00000000 00020794 0012FCC4 7C82167A 00000021
 FFFFFFFF 0000001F 00000100 0000FDE9 0012FD2C 00000001 0000001E 0012FCF0
 7C8215D3 0000FDE9 00000000 00020758 FFFFFFFF 0012FD2C 00000104 00000000
 00000000 FFFFFFFE 0012FF00 00454B16 0000FDE9 00000000 00020758 FFFFFFFF
 0012FD2C 00000104 0000D46D 0012FF30 004546DD 00000001 0012FE30 FFFFFFFE
 00000000 5C3A4722 5C797268 6E65704F 5C445454 6E65704F 2E445454 00657865
 003D0020 003D0640 003D0178 003D0178 003D6B78 0000000D 003D0198 003D0178
 003D6C08 003D0178 00000004 003D6BF0 00040000 003D0188 003D0178 00000020
 003D0178 003D6E70 003D0160 00000000 00000000 003D6E70 00000020 003D6E78
 00000006 003D0308 00000020 00000178 003D0000 0012FBB4 00000004 0012FE7C
 7C90E900 7C9101C0 FFFFFFFF 7C9101BB 0055FD96 003D0000 00000000 00000018
 003D6B20 0012FEEC 0012FEF8 0012FE0C 0055FE2C 00000018 003D6B50 003D0168
 003D0000 0012FE88 004DCC6A 00000018 0040B5C8 003D6B58 0040B64E 003D6B20
 003D6E30 0012FEEC 0012FD2D 7C90E900 003D6E58 003D0160 00000000 00000000
 003D6E58 00000018 003D6E60 005603D7 003D6CBC 00000000 0012FEA4 0056A502
 003D0000 00000000 7C90D7EC 7C9133F6 FFFFFFFF 00000024 0012FE8C 00000004
 00000000 8D7DC9CA 0012FEA0 00567410 003D6CC0 003D6CC0 0012FEC0 00561E8D

Module information:
 G:\hry\OpenTTD\OpenTTD.exe handle: 00400000 size: 2311680 crc: 54AD864B date: 2008-11-11 13:08:28
 C:\WINDOWS\system32\ntdll.dll handle: 7C900000 size: 700928 crc: 21D41961 date: 2008-04-14 03:21:04
 C:\WINDOWS\system32\kernel32.dll handle: 7C800000 size: 988160 crc: 51E9F740 date: 2008-04-14 03:21:45
 C:\WINDOWS\system32\WINMM.dll handle: 76B30000 size: 174592 crc: 97C69A23 date: 2008-04-14 03:22:05
 C:\WINDOWS\system32\ADVAPI32.dll handle: 77DC0000 size: 684032 crc: 32120066 date: 2008-04-14 03:21:36
 C:\WINDOWS\system32\RPCRT4.dll handle: 77E70000 size: 584704 crc: E8278DD0 date: 2008-04-14 03:21:54
 C:\WINDOWS\system32\Secur32.dll handle: 77FE0000 size: 56320 crc: 1D8EE2B3 date: 2008-04-14 03:21:54
 C:\WINDOWS\system32\GDI32.dll handle: 77F10000 size: 285184 crc: 50A220C6 date: 2008-04-14 03:21:41
 C:\WINDOWS\system32\USER32.dll handle: 7E360000 size: 578560 crc: 810EA445 date: 2008-04-14 03:22:04
 C:\WINDOWS\system32\WS2_32.dll handle: 71A90000 size: 82432 crc: 54E7139D date: 2008-04-14 03:22:06
 C:\WINDOWS\system32\msvcrt.dll handle: 77C00000 size: 343040 crc: 82A18593 date: 2008-04-14 03:21:49
 C:\WINDOWS\system32\WS2HELP.dll handle: 71A80000 size: 19968 crc: 16A4F56E date: 2008-04-14 03:22:06
 C:\WINDOWS\system32\IMM32.DLL handle: 76370000 size: 110080 crc: 7CC3FB3C date: 2008-04-14 03:21:43
 C:\WINDOWS\system32\serwvdrv.dll handle: 5D260000 size: 14848 crc: AFEA6A6C date: 2001-10-25 14:00:00
 C:\WINDOWS\system32\umdmxfrm.dll handle: 5B580000 size: 13312 crc: 7C2E3391 date: 2001-10-25 14:00:00
 C:\WINDOWS\system32\SHFolder.dll handle: 76770000 size: 25088 crc: C487B370 date: 2008-04-14 03:21:55
 C:\WINDOWS\system32\SHLWAPI.dll handle: 77F60000 size: 474112 crc: A5A650CE date: 2008-04-14 03:21:55
 C:\WINDOWS\WinSxS\x86_Microsoft.Windows.Common-Controls_6595b64144ccf1df_6.0.2600.5512_x-ww_35d4ce83\comctl32.dll handle: 773C0000 size: 1054208 crc: CE734765 date: 2008-04-14 03:07:05
 C:\WINDOWS\system32\comctl32.dll handle: 5D5A0000 size: 617472 crc: EF37BB95 date: 2008-04-14 03:21:38
 C:\WINDOWS\system32\WINTRUST.dll handle: 76C20000 size: 176640 crc: 6AB4DBF4 date: 2008-04-14 03:22:05
 C:\WINDOWS\system32\CRYPT32.dll handle: 77A70000 size: 602112 crc: 8BA8D385 date: 2008-04-14 03:21:38
 C:\WINDOWS\system32\MSASN1.dll handle: 77B10000 size: 57344 crc: EAFD178F date: 2008-04-14 03:21:47
 C:\WINDOWS\system32\IMAGEHLP.dll handle: 76C80000 size: 144384 crc: 77B067D2 date: 2008-04-14 03:21:43
 C:\WINDOWS\system32\wdmaud.drv handle: 72CE0000 size: 23552 crc: D4EA0544 date: 2008-04-14 03:22:58
 C:\WINDOWS\system32\msacm32.drv handle: 72CD0000 size: 20480 crc: D2823952 date: 2001-10-25 14:00:00
 C:\WINDOWS\system32\MSACM32.dll handle: 77BD0000 size: 71680 crc: 0F11E98F date: 2008-04-14 03:21:46
 C:\WINDOWS\system32\midimap.dll handle: 77BC0000 size: 18944 crc: 6C0FE179 date: 2008-04-14 03:21:45
 C:\WINDOWS\system32\ole32.dll handle: 774D0000 size: 1287168 crc: D88DA305 date: 2008-04-14 03:21:53
 C:\WINDOWS\system32\uxtheme.dll handle: 5B250000 size: 219648 crc: A269DCE7 date: 2008-04-14 03:22:04
 C:\WINDOWS\system32\MSCTF.dll handle: 746F0000 size: 297984 crc: 7E4D8B79 date: 2008-04-14 03:21:47
 C:\WINDOWS\system32\CLBCATQ.DLL handle: 76FC0000 size: 498688 crc: 7485F944 date: 2008-04-14 03:21:38
 C:\WINDOWS\system32\COMRes.dll handle: 77040000 size: 806912 crc: 0037EB49 date: 2008-04-14 03:21:38
 C:\WINDOWS\system32\OLEAUT32.dll handle: 77110000 size: 551936 crc: 8BC4BD61 date: 2008-04-14 03:21:53
 C:\WINDOWS\system32\VERSION.dll handle: 77BF0000 size: 18944 crc: D999F19B date: 2008-04-14 03:22:04
 C:\WINDOWS\system32\dmime.dll handle: 60D60000 size: 181248 crc: 051A53CA date: 2008-04-14 03:21:39
 C:\WINDOWS\system32\DSOUND.dll handle: 73ED0000 size: 367616 crc: D00E35F8 date: 2008-04-14 03:21:40
 C:\WINDOWS\system32\dmusic.dll handle: 6CF00000 size: 104448 crc: 661BBD3C date: 2008-04-14 03:21:39
 C:\WINDOWS\system32\KsUser.dll handle: 73EA0000 size: 4096 crc: 5FA40F0A date: 2008-04-14 03:21:45
 C:\WINDOWS\system32\dmsynth.dll handle: 6CF20000 size: 103424 crc: 15A88EB7 date: 2008-04-14 03:21:39
 C:\WINDOWS\system32\dmloader.dll handle: 6CF90000 size: 35840 crc: 37FCABDE date: 2008-04-14 03:21:39
 C:\WINDOWS\system32\msctfime.ime handle: 751A0000 size: 177152 crc: 8CE75743 date: 2008-04-14 03:18:29
 C:\WINDOWS\system32\mswsock.dll handle: 71A30000 size: 247296 crc: AA868B0C date: 2008-06-20 17:49:25
 C:\WINDOWS\system32\hnetcfg.dll handle: 698B0000 size: 345088 crc: 8D58532C date: 2008-04-14 03:21:42
 C:\WINDOWS\System32\wshtcpip.dll handle: 71A70000 size: 19456 crc: 3807F96C date: 2008-04-14 03:22:06
 G:\Program Files\Trillian\events.dll handle: 16000000 size: 163840 crc: CB4163B9 date: 2005-03-14 23:00:00
 C:\WINDOWS\system32\comdlg32.dll handle: 76390000 size: 279040 crc: D70F613B date: 2008-04-14 03:21:38
 C:\WINDOWS\system32\SHELL32.dll handle: 7C9C0000 size: 8465408 crc: 3CAC6642 date: 2008-04-14 03:21:55
 G:\Program Files\Trillian\MSVCR71.dll handle: 7C340000 size: 348160 crc: 35563170 date: 2005-03-14 23:00:00
 C:\WINDOWS\system32\psapi.dll handle: 76BE0000 size: 23040 crc: E668331A date: 2008-04-14 03:21:53

System information:
 Windows version 5.1 2600 Service Pack 3

---- gamelog start ----
Tick 0: new game started
     Revision text changed to h63f84835, savegame version 103, not modified, _openttd_newgrf_version = 0x070038e5
     New game mode: 1 landscape: 0
     Added NewGRF: GRF ID 54430201, checksum C837D48D657129DD915830D60D68E09F, filename: csstationsw_194.grf
     Added NewGRF: GRF ID 54430202, checksum 081B62FD686AF2161866A0CF6EA043AC, filename: csplatformsw.grf
     Added NewGRF: GRF ID 54631002, checksum 8A4C46A4E6BE179023A39A6E6202061E, filename: rail-cs-ottd.grf
     Added NewGRF: GRF ID 54630002, checksum 5B3013612B24CE7C7478E683AAFDDBD0, filename: road-cs-ottd.grf
     Added NewGRF: GRF ID 5443E104, checksum DA83BBBB434C7987479C715A96A69F8C, filename: cstramsetw.grf
     Added NewGRF: GRF ID 4D656F17, checksum 29C4591139251FA114B328F7B76098AD, filename: 4LVw.grf
     Added NewGRF: GRF ID 50560006, checksum 66C1CE2308CDE9995FEEA3E7FC2E4FA4, filename: csdseto.grf
---- gamelog end ----
