*** OpenTTD Crash Report ***

Crash at: Thu Dec 02 12:02:58 2010
In game date: 1930-01-01 (0)

Crash reason:
 Exception: C0000005
 Location:  005015D2
 Message:   <none>

OpenTTD version:
 Version:    r21243 (0)
 NewGRF ver: 110052fb
 Bits:       32
 Endian:     little
 Dedicated:  no
 Build date: Nov 18 2010 19:09:20

Registers:
 EAX: 00927948 EBX: 00000050 ECX: 0113FF68 EDX: 00000000
 ESI: 01437760 EDI: 009BE160 EBP: 01292B14 ESP: 0113F5F0
 EIP: 005015D2 EFLAGS: 00210206

 Bytes at instruction pointer:
 8B 52 08 89 54 24 08 0F B6 16 89 54 24 04 89 3C 24 FF 50 10 66 3B 47 10

Stack trace:
 009BE160 00000013 000C626D 0000004C 01793400 01793400 01292B10 004FC0C7
 009BE160 01437760 00000000 00000000 01793800 01297EF0 0113FF68 00998840
 01298EC5 01298EC5 00000000 0000001C 7803BC30 01793400 01292B14 00000000
 01292B14 004C4B40 01292B14 01287DC0 000AC196 0000078A 00000000 6F500000
 0125DEB0 00000003 0113FF68 0125B720 01793800 0178EC00 00000004 0049DD1F
 000017DE 00000004 00000001 00000001 00000200 00000000 00000001 00495B38
 00494548 00000000 00000320 00000001 00000200 00000000 01031C99 0049667A
 00000100 00000200 00000001 00000001 009BA8E0 00000000 00000000 00000177
 273739FF 873A0177 00000100 0051DE98 00000000 00000100 00000200 00000001
 0113F994 00000001 00000000 0051F8D0 FFFF7A64 873A39FF 16B73DBD 39FFFFFF
 00000001 000039FF 877CCD98 00030000 005E2954 01031C7B 00000000 00520AE0
 00000001 00000000 0002CD98 28F91697 00001777 017B01F4 00840000 0002CD98
 0002CD98 00000000 87BE0177 28BD879C 00011777 00000000 017B01F4 0002CD98
 00003507 0000018F 17871216 265687B6 00011777 00000000 0002CD98 1777266C
 3507018F 88000000 01BF0028 BFF728A2 00030000 005E2954 178F9E9D 178F0630
 0113F830 0113F870 BFF726C4 BFF51F43 01137000 0000178F 02010001 00000001
 8000044B 01130000 00000AC0 0113F820 0113F880 005E256C 000001F4 0000017B
 0000017B 00000002 0113F838 BFF7363B 00000000 00000013 00000320 0000023C
 000001F4 0000017B 8842F84C 0113F89C 000088DC BFF72317 00000AC0 00000113
 00000001 01031C7B 1BBF88A0 F9941BBF 88FC8908 00030007 005E24B0 016F7678
 0113FF68 BFF7186D 00001A67 01130000 BFF53BC9 BFF53BC9 00000AC0 00000AC0
 00000113 00000001 01031C7B 806588A0 178F0D3F 0C705DCF 88E40012 00011697
 88CE5DCF 178F0258 00010000 00000001 0000FFFF 00000000 1BBF88E4 8914025D
 16B73AA9 00010001 00000000 00000000 1BBF88E4 0AC00113 0AC00113 F9941697

Operating system:
 Name:     Windows
 Release:  4.10.67766446 ( A )
 Compiler: GCC 4.5.0 "4.5.0"

Configuration:
 Blitter:      8bpp-optimized
 Graphics set: original_windows (0)
 Language:     C:\mpstest\OTTD latest nightly\lang\german.lng
 Music driver: dmusic
 Music set:    NoMusic (0)
 Network:      no
 Sound driver: win32
 Sound set:    original_windows (0)
 Video driver: win32

AI Configuration (local: 255):

Libraries:
 FreeType:   2.3.12
 ICU:        4.2.1
 LZMA:       5.0.0
 LZO:        2.03
 PNG:        1.4.3
 Zlib:       1.2.5

Module information:
 C:\MPSTEST\OTTD LATEST NIGHTLY\OPENTTD.EXE handle: 00400000 size: 11782669 crc: B60E880D date: 2010-11-18 18:12:38
 C:\WINDOWS\SYSTEM\MSAFD.DLL handle: 7b680000 size: 45056 crc: DE11B164 date: 1999-05-05 21:22:00
 C:\WINDOWS\SYSTEM\WSOCK32.DLL handle: 76590000 size: 40960 crc: 683A9673 date: 2000-12-16 20:11:12
 C:\WINDOWS\SYSTEM\MSWSOCK.DLL handle: 79930000 size: 86016 crc: 1C9D7912 date: 1999-05-05 21:22:00
 C:\WINDOWS\SYSTEM\DMLOADER.DLL handle: 77380000 size: 30720 crc: 49437B86 date: 2000-11-07 14:16:46
 C:\WINDOWS\SYSTEM\DMSYNTH.DLL handle: 77480000 size: 130048 crc: 014AAFE3 date: 2000-11-07 14:16:46
 C:\WINDOWS\SYSTEM\DMUSIC32.DLL handle: 60300000 size: 28672 crc: 948547BD date: 2000-11-07 14:16:46
 C:\WINDOWS\SYSTEM\KSUSER.DLL handle: 5ef80000 size: 4096 crc: 15C96B8A date: 2000-11-07 14:16:46
 C:\WINDOWS\SYSTEM\NTDLL.DLL handle: bfee0000 size: 20480 crc: DB3C0893 date: 1999-05-05 21:22:00
 C:\WINDOWS\SYSTEM\MPR.DLL handle: 7fbf0000 size: 57344 crc: FA839EC9 date: 1999-05-05 21:22:00
 C:\WINDOWS\SYSTEM\DMUSIC.DLL handle: 77180000 size: 94208 crc: 8609D4B4 date: 2000-11-07 14:16:46
 C:\WINDOWS\SYSTEM\MSACM32.DLL handle: 7b890000 size: 102400 crc: AC14A57B date: 1999-05-05 21:22:00
 C:\WINDOWS\SYSTEM\DMIME.DLL handle: 77300000 size: 168960 crc: BBABF6B7 date: 2000-11-07 14:16:46
 C:\WINDOWS\SYSTEM\DSOUND.DLL handle: beaf0000 size: 455680 crc: E66AE700 date: 2000-11-07 14:16:46
 C:\WINDOWS\SYSTEM\OLE32.DLL handle: 7ff20000 size: 790528 crc: 6704EBDA date: 1999-05-05 21:22:00
 C:\WINDOWS\SYSTEM\SHFOLDER.DLL handle: 75f40000 size: 32768 crc: 52C3F6D9 date: 2000-06-08 21:00:00
 C:\WINDOWS\KERNELEX\PSAPI.DLL handle: 7d020000 size: 5120 crc: 8FBC056B date: 2010-07-30 21:48:58
 C:\WINDOWS\SYSTEM\WS2_32.DLL handle: 765f0000 size: 73728 crc: CB2FD4C4 date: 1999-05-05 21:22:00
 C:\WINDOWS\SYSTEM\WININET.DLL handle: 70200000 size: 485136 crc: DA4B24BC date: 2000-10-19 23:00:00
 C:\WINDOWS\SYSTEM\TAPI32.DLL handle: 7f950000 size: 122880 crc: 35D830E4 date: 1999-05-05 21:22:00
 C:\WINDOWS\SYSTEM\RPCRT4.DLL handle: 7fb90000 size: 339968 crc: F70D9B96 date: 1999-05-05 21:22:00
 C:\WINDOWS\SYSTEM\WS2HELP.DLL handle: 765d0000 size: 24576 crc: 97352F91 date: 1999-05-05 21:22:00
 C:\WINDOWS\SYSTEM\WINMM.DLL handle: bfdf0000 size: 65536 crc: B647DC51 date: 1999-05-05 21:22:00
 C:\WINDOWS\SYSTEM\SHELL32.DLL handle: 7fcb0000 size: 1417216 crc: 30F9329C date: 1999-05-05 21:22:00
 C:\WINDOWS\SYSTEM\COMCTL32.DLL handle: bfb70000 size: 569616 crc: A5BBD791 date: 2000-10-19 23:00:00
 C:\WINDOWS\SYSTEM\SHLWAPI.DLL handle: 70bd0000 size: 301328 crc: BACBF9C5 date: 2000-10-19 23:00:00
 C:\WINDOWS\SYSTEM\MSVCRT.DLL handle: 78000000 size: 295000 crc: 770C8856 date: 1999-12-10 13:00:00
 C:\WINDOWS\KERNELEX\KEXBASEN.DLL handle: 7d000000 size: 97792 crc: 8CB1859D date: 2010-07-30 21:48:26
 C:\WINDOWS\KERNELEX\KERNELEX.DLL handle: bfa00000 size: 61952 crc: F5D3D71D date: 2010-07-30 21:48:14
 C:\WINDOWS\KERNELEX\KEXBASES.DLL handle: bfa40000 size: 215552 crc: 86B71223 date: 2010-07-30 21:48:54
 C:\WINDOWS\SYSTEM\VERSION.DLL handle: bfe70000 size: 24576 crc: 281BDC3B date: 1999-05-05 21:22:00
 C:\WINDOWS\SYSTEM\USER32.DLL handle: bff50000 size: 69632 crc: 8D8869D1 date: 1999-05-05 21:22:00
 C:\WINDOWS\SYSTEM\GDI32.DLL handle: bff20000 size: 155648 crc: D8C3EA40 date: 1999-05-05 21:22:00
 C:\WINDOWS\SYSTEM\ADVAPI32.DLL handle: bfe80000 size: 65536 crc: 0C281972 date: 1999-05-05 21:22:00
 C:\WINDOWS\SYSTEM\KERNEL32.DLL handle: bff70000 size: 483328 crc: AFBBC991 date: 2010-09-11 06:58:00

---- gamelog start ----
Tick 0: new game started
     Revision text changed to r21243, savegame version 152, not modified, _openttd_newgrf_version = 0x110052fb
     New game mode: 1 landscape: 0
     Added NewGRF: GRF ID 6D620401, checksum C5ACB6D5536A464FD78871D91840A35F, filename: dbsetxlw.grf (md5sum matches)
     Added NewGRF: GRF ID 6D620403, checksum 088F2C57616F12A732A3025F5E997F80, filename: dbxl_firs.grf (md5sum matches)
     Added NewGRF: GRF ID 6D620004, checksum C616A1B24EB5CEA844D5B8440ECFBE78, filename: nshipsxl.grf (md5sum matches)
     Added NewGRF: GRF ID 6D620601, checksum BD20E9A26139AE5550826D356A7E526B, filename: newstatsw.grf (md5sum matches)
     Added NewGRF: GRF ID F1250005, checksum E8048D51F321119A1C7CDD19BC98BDE8, filename: firs.grf (md5sum matches)
     Added NewGRF: GRF ID 6D620A00, checksum 86889E92DD076B6B1C39CD752A32776D, filename: canals.grf (md5sum matches)
     Added NewGRF: GRF ID 6D620608, checksum 2B0D5C65E533EB6E7C3F860898D6A1A9, filename: crane9.grf (md5sum matches)
     Added NewGRF: GRF ID 6D620C00, checksum 378A14CB2E7D3FCCF73C6509D38178E2, filename: newobj.grf (md5sum matches)
---- gamelog end ----

*** End of OpenTTD Crash Report ***
