*** OpenTTD Crash Report ***

Crash at: Mon Aug 14 21:36:27 2017
In game date: 2090-03-20 (13)

Crash reason:
 Exception: C0000005
 Location:  00456C3C
 Message:   <none>

OpenTTD version:
 Version:    1.7.1 (0)
 NewGRF ver: 17186ce9
 Bits:       32
 Endian:     little
 Dedicated:  no
 Build date: Jun 13 2017 18:44:04

Registers:
 EAX: 000093B1 EBX: 000000A5 ECX: 26675970 EDX: 00000038
 ESI: 000009F4 EDI: 000000B7 EBP: 00000000 ESP: 0012FA30
 EIP: 00456C3C EFLAGS: 00210202

 Bytes at instruction pointer:
 0F B7 4E 04 57 8B F8 66 85 C9 75 04 32 C0 5F C3 A1 B4 1F F6 00 8B 16 53

Stack trace:
 00505223 000093B1 0051E000 000093B1 00000000 00000000 0012FA98 00000000
 269F1D90 06060000 00040000 0000092C 0000092C 26941329 00000000 000000FF
 00000000 00000000 0000FFFF 02AE0001 00000000 00000000 0012FAFC 0012FB18
 006F08C6 FFFFFFFF 0012FAFC 005275D4 00F3AE38 0452F208 00000000 006B64AD
 02974BB8 0012FAC0 006AB2E2 00000017 0012FAFC 006AAB43 00F3AE38 006AAB3A
 A3BA0DA6 00F3AE38 0452F208 00000000 00000000 0012FAD0 00000010 0012FB18
 5A54544F 00001500 FFFFFFFE 0012FB24 005278D2 00000000 00000004 00000000
 00000000 0012FB08 0012FDCC 006F08EA 00000000 0012FB64 0043FE12 00F9A71C
 00000001 00000001 00000010 00000001 00000001 0043FF68 00F9A71C 00000001
 00000001 00000010 010A2A30 00000000 010A2A30 010A2A40 00440B21 75D2C09A
 00000000 005DC009 00000000 00000000 0012FDDC 00000000 00000001 010A2A40
 010A2A5E 00000000 00000000 00000000 002E02EA 0000000F 00000000 00000000
 010A2A20 000004AF 000001FD 0043FAF7 00000002 00000002 029F6470 01774000
 00000000 029F64A8 0112FBDC 00000000 00000000 00000000 00000000 044BC408
 00000000 00690064 00000000 00000000 00000000 0012FE00 00ECDA18 00000000
 00000000 00610072 00000000 00000000 00000000 00000000 00000007 00000007
 77246A8F 029F6470 00000000 77243327 7637DC3B 00000029 02AE01BC 02AE0000
 02AE0150 02AE0000 09000000 02AE2D80 02AE00C4 02AE2E40 7720D46D 00000568
 FFFFFF00 02AE2D80 000004EF 029F6470 00000400 0000056F 02976150 00000080
 029600C8 0000000A 0012FD68 7720D46D 00000000 02000002 02AED9B0 029F8FE8
 00000000 029F8FE8 00000000 000007FF 029F8FE8 6A00056F 02AE00C4 00000001
 0297AFE8 0000000A 0000000E 029F6470 029F6470 029F646B 00000000 00000780
 02AE0000 01960000 0012FC40 000000F0 0012FF78 7720D46D 0101264B FFFFFFFE
 77243327 77243352 0000002A 00000038 029F646A 029F6468 00000029 0000002A

Operating system:
 Name:     Windows
 Release:  6.1.7600 ()
 Compiler: MSVC 1600

Configuration:
 Blitter:      32bpp-optimized
 Graphics set: OpenGFX (5580)
 Language:     C:\Program Files\OpenTTD\lang\english.lng
 Music driver: dmusic
 Music set:    OpenMSX (96)
 Network:      no
 Sound driver: win32
 Sound set:    OpenSFX (87)
 Video driver: win32

Fonts:
 Small:  sprite
 Medium: sprite
 Large:  sprite
 Mono:   sprite

AI Configuration (local: 0):
  0: Human
  1: SimpleAI (v12)
  2: BaseAI (v1)
  3: MpAI (v1)
  4: trAIns (v2)
  5: NoCAB - Bleeding Edge Edition (v523)
  6: MailAI (v21)
  7: RoadAI (v4)

Libraries:
 FreeType:   2.4.11
 ICU i18n:   51.2
 ICU lx:     51.2
 LZMA:       5.0.4
 LZO:        2.06
 PNG:        1.5.14
 Zlib:       1.2.7

Module information:
 C:\Program Files\OpenTTD\openttd.exe handle: 00400000 size: 11950080 crc: F0DA1ECE date: 2017-06-13 18:48:24
 C:\Windows\SYSTEM32\ntdll.dll handle: 771F0000 size: 1288984 crc: 74FABB84 date: 2011-11-17 05:41:38
 C:\Windows\system32\kernel32.dll handle: 76A40000 size: 868352 crc: 0F435DC7 date: 2013-01-04 04:46:33
 C:\Windows\system32\KERNELBASE.dll handle: 75550000 size: 293376 crc: 8EA23247 date: 2013-01-04 04:46:33
 C:\Windows\system32\WINMM.dll handle: 71BC0000 size: 194048 crc: 2FBEB05C date: 2009-07-14 01:16:19
 C:\Windows\system32\msvcrt.dll handle: 75B80000 size: 690688 crc: B5CCE1E7 date: 2011-12-16 07:59:17
 C:\Windows\system32\USER32.dll handle: 75D20000 size: 811520 crc: F5A646DD date: 2009-07-14 01:16:17
 C:\Windows\system32\GDI32.dll handle: 757E0000 size: 304640 crc: 252D0177 date: 2009-07-14 01:15:22
 C:\Windows\system32\LPK.dll handle: 773C0000 size: 26624 crc: 13E68B63 date: 2009-07-14 01:15:36
 C:\Windows\system32\USP10.dll handle: 76D40000 size: 627712 crc: B3AA872B date: 2012-11-22 09:33:26
 C:\Windows\system32\WS2_32.dll handle: 76B50000 size: 206336 crc: 4C23BF22 date: 2009-07-14 01:16:20
 C:\Windows\system32\RPCRT4.dll handle: 77140000 size: 652288 crc: 14458268 date: 2009-07-14 01:16:13
 C:\Windows\system32\NSI.dll handle: 77330000 size: 8704 crc: 2ACE9671 date: 2009-07-14 01:16:11
 C:\Windows\system32\IMM32.dll handle: 75C30000 size: 118272 crc: F2F44531 date: 2009-07-14 01:15:32
 C:\Windows\system32\MSCTF.dll handle: 75C50000 size: 828928 crc: DFE09EEB date: 2009-07-14 01:15:43
 C:\Windows\system32\ADVAPI32.dll handle: 75A00000 size: 640000 crc: 24248FE4 date: 2009-07-14 01:14:53
 C:\Windows\SYSTEM32\sechost.dll handle: 759E0000 size: 92160 crc: B624B29A date: 2009-07-14 01:16:13
 C:\Windows\system32\SHELL32.dll handle: 75DF0000 size: 12868608 crc: B3A16831 date: 2012-06-09 04:46:56
 C:\Windows\system32\SHLWAPI.dll handle: 75AA0000 size: 350208 crc: 8D9B2C39 date: 2009-07-14 01:16:14
 C:\Windows\system32\ole32.dll handle: 75680000 size: 1413632 crc: 082ED659 date: 2010-06-29 05:02:02
 C:\Windows\system32\uxtheme.dll handle: 74140000 size: 249856 crc: 1CD7BB78 date: 2009-07-14 01:16:17
 C:\Windows\system32\dwmapi.dll handle: 73E10000 size: 67072 crc: FC7CA4B8 date: 2009-07-14 01:15:13
 C:\Windows\system32\CRYPTBASE.dll handle: 75300000 size: 36864 crc: 00308E17 date: 2009-07-14 01:15:07
 C:\Windows\system32\mswsock.dll handle: 74DF0000 size: 232448 crc: 32400D27 date: 2009-07-14 01:15:51
 C:\Windows\System32\wshtcpip.dll handle: 748C0000 size: 9216 crc: BA963A19 date: 2009-07-14 01:16:20
 C:\Windows\system32\MMDevAPI.DLL handle: 73E30000 size: 213504 crc: 352DF99F date: 2009-07-14 01:15:41
 C:\Windows\system32\PROPSYS.dll handle: 74180000 size: 988160 crc: 0700E8D7 date: 2009-07-14 01:16:12
 C:\Windows\system32\OLEAUT32.dll handle: 76B90000 size: 571904 crc: 353B7F45 date: 2011-08-27 04:43:07
 C:\Windows\system32\wdmaud.drv handle: 6CC40000 size: 172032 crc: 03BEEBE2 date: 2009-07-14 01:14:08
 C:\Windows\system32\ksuser.dll handle: 6CC30000 size: 4608 crc: EBE07232 date: 2009-07-14 01:15:35
 C:\Windows\system32\AVRT.dll handle: 73C20000 size: 14336 crc: 9818237B date: 2009-07-14 01:14:58
 C:\Windows\system32\SETUPAPI.dll handle: 76DE0000 size: 1668608 crc: F909EF01 date: 2009-07-14 01:16:14
 C:\Windows\system32\CFGMGR32.dll handle: 75520000 size: 145920 crc: 6377C630 date: 2009-07-14 01:15:02
 C:\Windows\system32\DEVOBJ.dll handle: 755A0000 size: 64512 crc: 2B501D62 date: 2009-07-14 01:15:11
 C:\Windows\system32\AUDIOSES.DLL handle: 6CBF0000 size: 195584 crc: BC939745 date: 2009-07-14 01:14:57
 C:\Windows\system32\msacm32.drv handle: 70750000 size: 20992 crc: 73923147 date: 2009-07-14 01:14:08
 C:\Windows\system32\MSACM32.dll handle: 70710000 size: 72192 crc: ABA25814 date: 2009-07-14 01:15:42
 C:\Windows\system32\midimap.dll handle: 706A0000 size: 16896 crc: C000494C date: 2009-07-14 01:15:40
 C:\Windows\system32\CLBCatQ.DLL handle: 75830000 size: 522240 crc: 6C130B8A date: 2009-07-14 01:15:03
 C:\Windows\System32\dmime.dll handle: 729C0000 size: 179712 crc: 179D7CFB date: 2009-07-14 01:15:12
 C:\Windows\System32\DSOUND.dll handle: 66D50000 size: 453632 crc: EC24F2F8 date: 2009-07-14 01:15:13
 C:\Windows\System32\POWRPROF.dll handle: 73D30000 size: 145408 crc: 9957ABF4 date: 2009-07-14 01:16:12
 C:\Windows\System32\dmusic.dll handle: 72970000 size: 101376 crc: F5D0AA6B date: 2009-07-14 01:15:12
 C:\Windows\system32\WINTRUST.dll handle: 755C0000 size: 172544 crc: 32BAE4B0 date: 2012-08-24 17:10:47
 C:\Windows\system32\CRYPT32.dll handle: 75400000 size: 1157632 crc: DB7E205F date: 2012-06-02 04:45:21
 C:\Windows\system32\MSASN1.dll handle: 753F0000 size: 34816 crc: 4F65C9C8 date: 2009-08-29 06:57:31
 C:\Windows\System32\dmsynth.dll handle: 72950000 size: 105472 crc: 3B102040 date: 2009-07-14 01:15:12
 C:\Windows\System32\dmloader.dll handle: 73B80000 size: 38400 crc: 8A3F45D2 date: 2009-07-14 01:15:12
 C:\Windows\System32\dmstyle.dll handle: 72930000 size: 105984 crc: 306B797C date: 2009-07-14 01:15:12
 C:\Windows\System32\dmband.dll handle: 73C10000 size: 30720 crc: B880FDE2 date: 2009-07-14 01:15:12
 C:\Windows\system32\psapi.dll handle: 77350000 size: 6144 crc: 25B988F9 date: 2009-07-14 01:16:12

---- gamelog start ----
Tick 49193: game loaded
Conversion from OTTD savegame without gamelog: version 21, 0
Revision text changed to 1.7.1, savegame version 196, not modified, _openttd_newgrf_version = 0x17186ce9
New game mode: 1 landscape: 0
---- gamelog end ----

*** End of OpenTTD Crash Report ***

Decoded stack trace:
[00] openttd              0x00456C3C

*** End of additional info ***
