*** OpenTTD Crash Report ***

Crash at: Sun Dec 01 21:43:59 2013
In game date: 1953-02-08 (27)

Crash reason:
 Exception: E1212012
 Location:  000007FEFCEB940D
 Message:   Disconnecting road vehicle.

OpenTTD version:
 Version:    r26140 (0)
 NewGRF ver: 1400661c
 Bits:       64
 Endian:     little
 Dedicated:  no
 Build date: Dec  1 2013 19:17:38

Registers:
 RAX: 000000007661B695 RBX: 0000000000000016 RCX: 00000000001DDF90 RDX: 0000000000000000
 RSI: 0000000000000000 RDI: 0000000000000008 RBP: 0000000000000000 RSP: 00000000001DE5A0
 R8:  0000000000000000 R9:  0000000000000000 R10: 0000000000000000 R11: 0000000000000286
 R12: 0000000140474B50 R13: 000000013FA42544 R14: 0000000000000001 R15: 0000005400000000
 RIP: 000007FEFCEB940D EFLAGS: 00000206

 Bytes at instruction pointer:
 48 81 C4 C8 00 00 00 C3 90 90 90 90 90 90 90 90 90 90 90 48 8B C4 48 83

Stack trace:
 00000016 00000000 00000000 00000000 00000008 00000000 00000036 00000000
 E1212012 00000000 00000000 00000000 FCEB940D 000007FE 00000000 00000000
 40988050 00000001 76B9146B 00000000 FC773535 000007FE 00040804 00000000
 00000010 00000000 403E2BA8 00000001 00000050 00000000 00040804 00000000
 00000000 00000000 76D73C2A 00000000 403E2BA8 00000001 00000010 00000000
 00000000 00000000 00000000 00000000 00000000 00000000 00000000 00000000
 00000001 00000000 3FB2DF09 00000001 00000016 00000000 CAA4C9E0 00000000
 00000001 00000000 76D69CAA 00000000 00000000 00000000 00000000 00000054
 00000004 00000000 002570A8 00000000 000000FF 00000000 00000007 00000000
 0000000A 00000000 3FB2D2C0 00000001 00000001 00000000 00000082 00000000
 04F5C010 00000000 FFFFFFFF 00000000 00000082 00000000 3F7BD283 00000001
 00000082 00000000 00000000 00000000 04F5C010 00000000 139CF9C0 00000000
 63736944 656E6E6F 6E697463 6F722067 76206461 63696865 002E656C 00000000
 139D5330 00000000 00000000 00000000 00000020 00000000 00000000 00000000
 001DE840 00000000 1341F950 00000000 00000000 00000000 3F9F4049 00000001
 00000001 00000000 00000001 00000000 001DE840 00000000 1341B710 00000000
 00000020 00000000 13C1F8E0 00000000 00000020 00000000 00000004 00000000
 002568A8 00000000 00000008 00000000 00000001 00000000 00000A33 00000000
 00000005 00000000 00000000 00000000 04F5BE30 00000000 3F9E9FE3 00000001
 04F5BE01 00000000 00000001 00000000 0000000C 00000000 1341B450 00000000
 00000000 00000000 00000000 00000000 FFFFFFFE FFFFFFFF 3F9E9FE3 00000001
 403DECE8 00000001 403DF940 00000001 001DE840 00000000 00000000 00000000
 00000000 00000000 00000002 00000000 00000000 00000000 05138F70 00000000
 403DECB0 00000001 001DE840 00000000 0001553C 00000000 3F7F3AF6 00000001

Operating system:
 Name:     Windows
 Release:  6.1.7601 (Service Pack 1)
 Compiler: MSVC 1600

Configuration:
 Blitter:      8bpp-optimized
 Graphics set: OpenGFX (1021)
 Language:     D:\openttd\cdr\xp_nightly\lang\brazilian_portuguese.lng
 Music driver: win32
 Music set:    OpenMSX (96)
 Network:      no
 Sound driver: win32
 Sound set:    OpenSFX (87)
 Video driver: win32

AI Configuration (local: 0):
  0: Human

Libraries:
 FreeType:   2.4.11
 ICU:        51.2
 LZMA:       5.0.4
 LZO:        2.06
 PNG:        1.5.14
 Zlib:       1.2.7

Module information:
 D:\openttd\cdr\xp_nightly\openttd.exe handle: 000000013F760000 size: 14030848 crc: F38E39D4 date: 2013-12-01 19:22:31
 C:\Windows\SYSTEM32\ntdll.dll handle: 0000000076D40000 size: 1732032 crc: 5BF564D3 date: 2013-08-29 02:16:35
 C:\Windows\system32\kernel32.dll handle: 0000000076C20000 size: 1161216 crc: ED45D5AA date: 2013-08-02 02:13:34
 C:\Windows\system32\KERNELBASE.dll handle: 000007FEFCEB0000 size: 424448 crc: 816D1584 date: 2013-08-02 02:13:34
 C:\Program Files\Bitdefender\Antivirus Free Edition\avc3\avc3_sig_217\avcuf64.dll handle: 00000000707C0000 size: 551432 crc: 15FFBBD0 date: 2013-11-27 12:03:30
 C:\Windows\system32\WINMM.dll handle: 000007FEFA0A0000 size: 217600 crc: 7BC1529F date: 2009-07-14 01:41:56
 C:\Windows\system32\msvcrt.dll handle: 000007FEFD8F0000 size: 634880 crc: 9D1B448A date: 2011-12-16 08:46:06
 C:\Windows\system32\USER32.dll handle: 0000000076B20000 size: 1008128 crc: 70FF7D7F date: 2010-11-20 13:27:27
 C:\Windows\system32\GDI32.dll handle: 000007FEFD6A0000 size: 404480 crc: DCBD7E30 date: 2013-11-12 18:29:08
 C:\Windows\system32\LPK.dll handle: 000007FEFED50000 size: 41472 crc: EE04F660 date: 2013-06-06 05:50:51
 C:\Windows\system32\USP10.dll handle: 000007FEFDBA0000 size: 800768 crc: ED52987B date: 2012-11-22 05:44:23
 C:\Windows\system32\WS2_32.dll handle: 000007FEFDAD0000 size: 297984 crc: 0F68689B date: 2010-11-20 13:27:29
 C:\Windows\system32\RPCRT4.dll handle: 000007FEFD9A0000 size: 1217024 crc: 91581142 date: 2013-07-09 05:51:16
 C:\Windows\system32\NSI.dll handle: 000007FEFD990000 size: 13824 crc: 53B46F6C date: 2009-07-14 01:41:53
 C:\Windows\system32\IMM32.dll handle: 000007FEFD510000 size: 167424 crc: 41B2805A date: 2009-07-14 01:41:09
 C:\Windows\system32\MSCTF.dll handle: 000007FEFEF40000 size: 1067008 crc: 798DDDA0 date: 2009-07-14 01:41:28
 C:\Windows\system32\ADVAPI32.dll handle: 000007FEFD370000 size: 878080 crc: D0A62838 date: 2013-08-29 02:13:28
 C:\Windows\SYSTEM32\sechost.dll handle: 000007FEFECB0000 size: 113664 crc: 978CFAE5 date: 2009-07-14 01:41:53
 C:\Windows\system32\SHELL32.dll handle: 000007FEFDC70000 size: 14172672 crc: 1287D1E7 date: 2013-07-26 02:24:57
 C:\Windows\system32\SHLWAPI.dll handle: 000007FEFDB20000 size: 448512 crc: 086DF743 date: 2010-11-20 13:27:25
 C:\Windows\system32\nvinitx.dll handle: 000007FEFCAB0000 size: 247144 crc: D35878CE date: 2012-10-08 13:42:36
 C:\Windows\system32\ole32.dll handle: 000007FEFCF20000 size: 2086912 crc: 72F91CD0 date: 2010-11-20 13:27:23
 C:\Windows\system32\uxtheme.dll handle: 000007FEFB1A0000 size: 332288 crc: 01C259E7 date: 2013-11-09 17:52:10
 C:\Windows\system32\dwmapi.dll handle: 000007FEFAD70000 size: 82432 crc: A459F360 date: 2009-07-14 01:40:34
 C:\Windows\system32\CRYPTBASE.dll handle: 000007FEFC9E0000 size: 44032 crc: F547C16E date: 2009-07-14 01:40:24
 C:\Program Files\WIDCOMM\Bluetooth Software\btmmhook.dll handle: 0000000010000000 size: 391456 crc: F375FF9C date: 2011-01-13 18:56:50
 C:\Windows\system32\OLEAUT32.dll handle: 000007FEFED60000 size: 861696 crc: 1F331414 date: 2011-08-27 05:37:49
 C:\Windows\system32\PSAPI.DLL handle: 0000000076F10000 size: 9216 crc: 84B5E9BA date: 2009-07-14 01:41:53
 C:\Windows\system32\mswsock.dll handle: 000007FEFC320000 size: 327168 crc: 2C87855E date: 2013-09-08 02:27:14
 C:\Windows\System32\wshtcpip.dll handle: 000007FEFBA10000 size: 13312 crc: 5D1E2C55 date: 2009-07-14 01:41:58
 C:\Windows\system32\MMDevAPI.DLL handle: 000007FEFAD90000 size: 284160 crc: CDF2EF81 date: 2009-07-14 01:41:26
 C:\Windows\system32\PROPSYS.dll handle: 000007FEFB200000 size: 1212416 crc: B83FA3BE date: 2010-11-20 13:27:23
 C:\Windows\system32\wdmaud.drv handle: 000007FEF9F50000 size: 217088 crc: 12829973 date: 2010-11-20 13:24:21
 C:\Windows\system32\ksuser.dll handle: 00000000740D0000 size: 5120 crc: AA2071D9 date: 2009-07-14 01:41:13
 C:\Windows\system32\AVRT.dll handle: 000007FEFA9C0000 size: 18432 crc: 5CE53CB7 date: 2009-07-14 01:40:05
 C:\Windows\system32\SETUPAPI.dll handle: 000007FEFD710000 size: 1900544 crc: A364BD6A date: 2010-11-20 13:27:25
 C:\Windows\system32\CFGMGR32.dll handle: 000007FEFCCD0000 size: 207872 crc: 1984C339 date: 2010-11-20 13:25:50
 C:\Windows\system32\DEVOBJ.dll handle: 000007FEFCCB0000 size: 93184 crc: A7541AE2 date: 2009-07-14 01:40:28
 C:\Windows\system32\AUDIOSES.DLL handle: 000007FEF8B70000 size: 296448 crc: 90389554 date: 2010-11-20 13:25:42
 C:\Windows\system32\msacm32.drv handle: 000007FEF8B20000 size: 25600 crc: 2B579A05 date: 2009-07-14 01:38:50
 C:\Windows\system32\MSACM32.dll handle: 000007FEF8B00000 size: 83456 crc: 3D67538B date: 2009-07-14 01:41:27
 C:\Windows\system32\midimap.dll handle: 000007FEF8AF0000 size: 20480 crc: CB902A13 date: 2009-07-14 01:41:23
 C:\Windows\system32\CLBCatQ.DLL handle: 000007FEFEE40000 size: 607744 crc: 939E35C9 date: 2009-07-14 01:40:15
 C:\Windows\system32\mciseq.dll handle: 000007FEF8370000 size: 28672 crc: 61BC1358 date: 2009-07-14 01:41:21

---- gamelog start ----
Tick 0: new game started
     Revision text changed to 1.3.3, savegame version 180, not modified, _openttd_newgrf_version = 0x13386618
     New game mode: 1 landscape: 1
     Added NewGRF: GRF ID 46727806, checksum BBE029FCDD7A16F85876D417FF318D23, filename: opengfx_trees-0.8.0\opengfx+trees.grf (md5sum matches)
     Added NewGRF: GRF ID 43415000, checksum 8F77143D9432C52206D1730F9EEDFAE1, filename: opengfx_airports-0.4.1\ogfx-airports.grf (md5sum matches)
     Added NewGRF: GRF ID 4F472B33, checksum D5B21A6C2FE39F15E385785DEF1E6A50, filename: opengfx_industries-0.3.4\ogfx-industries.grf (md5sum matches)
     Added NewGRF: GRF ID 4F472B34, checksum C15196D11C5461AC4733C645346BB10B, filename: opengfx_landscape-1.0.1\ogfx-landscape.grf (md5sum matches)
     Added NewGRF: GRF ID 4F472B32, checksum 3FD44FD23CAC8D29AA314BF6A304B684, filename: opengfx_road_vehicles-0.4.0\ogfx-rv.grf (md5sum matches)
     Added NewGRF: GRF ID 4F472B31, checksum 4E0B2D42462F295F36AFBA90D239A323, filename: opengfx_trains-0.3.0\ogfx-trains.grf (md5sum matches)
     Added NewGRF: GRF ID 4D42000A, checksum BC3A0E791C74C1A04A3B90C3B2FA83A6, filename: bats-0.4\batsv0.4w.grf (md5sum matches)
     Added NewGRF: GRF ID 4D530101, checksum F7152EEB4C4B1558FF599F7B66A105B4, filename: cssalinaset-1.1\cssalinaset.grf (md5sum matches)
     Added NewGRF: GRF ID FBFB0102, checksum FF36ECFC309CE45F6A340ADE2D3A2FF2, filename: dutch_tram_set-2.0.0\dutchtramset.grf (md5sum matches)
     Added NewGRF: GRF ID 52571203, checksum 7CE88A25DDB058C1BE577B88D049B274, filename: egrvts2-188\egrvts2.grf (md5sum matches)
     Added NewGRF: GRF ID 52570103, checksum EDB2D26F9D81423734CA12412F309CF3, filename: generic_tram_set.0.4\generictrams.grf (md5sum matches)
     Added NewGRF: GRF ID 524B0104, checksum E513211298CDEC4CF469B655CC4B71AB, filename: ottdc_grfpack\z_obsolete\gertrams\gertramsw.grf (md5sum matches)
     Added NewGRF: GRF ID 4642FB21, checksum 117F6F1F07C18A9C15ADC6127AFBAE97, filename: modern_tram_set-3.1\motraset_r3.1.grf (md5sum matches)
     Added NewGRF: GRF ID 27711003, checksum 30EF819C36EA5E003976E26A8A25CF71, filename: 2cc_trainset-2.0.0beta5\2cctrainset.grf (md5sum matches)
     Added NewGRF: GRF ID 11223301, checksum 474A7FF52E675DED3154101B58B3E3C7, filename: 2cc_chimaera_addon.2\chim.grf (md5sum matches)
     Added NewGRF: GRF ID 42450101, checksum 9D303E5D81CC194F7B6BCC875D0CEA7B, filename: beuls_monomaglev_conversion-0.1\beuls_railtype_conversion.grf (md5sum matches)
     Added NewGRF: GRF ID 4A560101, checksum C7DAD502943DDBC88D12F593D4E139F7, filename: finnish_trainset-0.5.4\finnishtrainset.grf (md5sum matches)
     Added NewGRF: GRF ID 535A0D00, checksum 6CC5E384720FB59DC44E8A2ECEB2B647, filename: japanese_train_set-3.0\jptrains.grf (md5sum matches)
     Added NewGRF: GRF ID 544B5555, checksum 2C27DAFD75DCBD4D3E04E5EEA5FE9C78, filename: korea_train_set-0.8.05\ko_train.grf (md5sum matches)
     Added NewGRF: GRF ID 444C1105, checksum 9F47F9EDC7A865546F8579CD057F914A, filename: dach_trains-0.3.0\dach.grf (md5sum matches)
     Added NewGRF: GRF ID 44440302, checksum 68C94BF363F78A648F91E902ACBF5776, filename: ottdc_grfpack\8_vehicles\trains_wagons\nars2\nars2w.grf (md5sum matches)
     Added NewGRF: GRF ID 444A5901, checksum 23CEC795D97265752C21EA8F02564A61, filename: vacuum_tube_train-0.22\vactrain.grf (md5sum matches)
     Added NewGRF: GRF ID 444A5902, checksum 10CE0195D8ABED8FD93E539FD990AF03, filename: vacuum_vehicle_wagon_and_train-0.22\vactrain.grf (md5sum matches)
     Added NewGRF: GRF ID 57A50001, checksum 318F3C3F17CA68EAD533BAC88B093094, filename: was_world_airliners_set-0.1\was.grf (md5sum matches)
     Added NewGRF: GRF ID 44441000, checksum DA36131A815D2D5FC158C7A27D67B5AF, filename: ukrs2__the_uk_railway_set-1.05\proj1000.grf (md5sum matches)
     Added NewGRF: GRF ID 44441001, checksum 83915879F68DD174C953868C0629A4C9, filename: ukrs2_uk_railway_addon_set-gobi\pj1kadd.grf (md5sum matches)
     Added NewGRF: GRF ID 54420101, checksum A6B5EAE6320FC2C1A3A62D6D7295E029, filename: toei_interconnection_addon_set-1.7alpha\tias.grf (md5sum matches)
     Added NewGRF: GRF ID 53455230, checksum BA910273DD867CE5AC7CEFAA7A2C7895, filename: swedish_rails-0.8.0\swedishrails.grf (md5sum matches)
     Added NewGRF: GRF ID 41560102, checksum 4D44DEC8EE210AED96EC060450FE8F0B, filename: pipe-v6.1\pipe.grf (md5sum matches)
     Added NewGRF: GRF ID 43485053, checksum 6E7600417E45294FC6958A9578B2E04B, filename: chips_station_set-1.3.0\chips.grf (md5sum matches)
     Added NewGRF: GRF ID 45530500, checksum 9B4FA4BD36869D64820D6A7EF45A718D, filename: japanese_stations-3.0\jpstations.grf (md5sum matches)
     Added NewGRF: GRF ID 4A430002, checksum 09C5737D50ADE23D83C6B7479A4DDCFA, filename: industrial_stations_renewal-0.9.2\indstatr.grf (md5sum matches)
     Added NewGRF: GRF ID 44573553, checksum EF7529EBEAF35758EE07E628B25F608D, filename: dwenewobjects-v0.1\dwe_newobj.grf (md5sum matches)
     Added NewGRF: GRF ID 44578619, checksum B30A5E35634A59D2BDD9C2389CEDBF2C, filename: dwestationtiles__fences-v1.2\fences.grf (md5sum matches)
     Added NewGRF: GRF ID 44573452, checksum 48CF5FC0DEB895136F337A7E563FC66D, filename: dwestationtiles_industrial_ter-v0.7\dwe_stat_r.grf (md5sum matches)
     Added NewGRF: GRF ID 504A0013, checksum E2FB4F9E66207F8016B7303323FDD00C, filename: isrdwestyle_objects-1.0\isrdwe_objects_v1_0.grf (md5sum matches)
     Added NewGRF: GRF ID 415A0301, checksum 433C292E9DE1B8F12F82D28A6A5D8592, filename: american_road_replacement_set-1.2.0\americanroads.grf (md5sum matches)
     Added NewGRF: GRF ID 44440401, checksum 6AAD39D3A1E489E0060A9511B7DF8CDA, filename: ottdc_grfpack\8_vehicles\road_vehicles\pb_hovs_bus\pb_hovs_bus.grf (md5sum matches)
     Added NewGRF: GRF ID 485A0101, checksum 7636EC20949478C0576AE6CDACE9EC84, filename: hover_vehicles-1\hoverv.grf (md5sum matches)
     Added NewGRF: GRF ID 415A0501, checksum 37F4A01391FE088BD22740A89E22F78B, filename: total_bridge_renewal_set_arrs-1.0.0\total_bridges.grf (md5sum matches)
     Added NewGRF: GRF ID 4D656F17, checksum 8A4F8A04256C90BECF818D134C91C816, filename: long_vehicles-v404oct2008\4lvw.grf (md5sum matches)
     Added NewGRF: GRF ID 4D656F20, checksum C4945D827A04898A9A4246079B38E2CD, filename: long_vehicles_v4._cut_version-13jan2008\4lvcutw.grf (md5sum matches)
     Added NewGRF: GRF ID 414E0201, checksum F128C7C573B41F1CCB5AEFA4CD9C3D87, filename: fish_2-squidalpha1\fish.grf (md5sum matches)
     Added NewGRF: GRF ID 4A4D0101, checksum AFE4E75999A3FF92D4B01DBEE9A803E9, filename: sailing_ships-0.62\ss.grf (md5sum matches)
     Added NewGRF: GRF ID 425F0101, checksum 5E6DC9FD3D9364AC6ABE21E6B4D8CE3E, filename: very_large_ships.0.1\vl_shipw.grf (md5sum matches)
     Added NewGRF: GRF ID 44440A01, checksum FCEEC76CF44EC23E7FE9C88048CF11CC, filename: av8_aviators_aircraft_set-2.21\pb_av8w.grf (md5sum matches)
     Added NewGRF: GRF ID 4A530459, checksum 4567B275895E5B665FB51119A69ED140, filename: ottdc_grfpack\z_obsolete\planeset\planesetw_459.grf (md5sum matches)
     Added NewGRF: GRF ID 4A530101, checksum 9C78028CB9346C54D73F296250C104A8, filename: ottdc_grfpack\8_vehicles\planes\planeset\PlaneSetw.grf (md5sum matches)
     Added NewGRF: GRF ID 4D420100, checksum 1A5D28D0719FCDB928F59AEFDBE07B7C, filename: bobs_british_buses-0.2.1\bbbw.grf (md5sum matches)
     Added NewGRF: GRF ID 4D420000, checksum BCB0AC917F3DA91A3197C6A07D06BCE8, filename: bobs_random_vehicles_-0.9\brbvw.grf (md5sum matches)
     Added NewGRF: GRF ID 47541003, checksum 20CF2D86E0CF5ED3465A1C9BE3285957, filename: ottdc_grfpack\8_vehicles\planes\rusplane\rusplanesottd.grf (md5sum matches)
     Added NewGRF: GRF ID 44550001, checksum AD14E340D9CEC4ED131E102326068486, filename: germanrvw.grf (md5sum matches)
     Added NewGRF: GRF ID 72777473, checksum EBEAB33B398DE7F2921F853C496F6F91, filename: uk_town_set-2.2\ukts_2.2.grf (md5sum matches)
     Added NewGRF: GRF ID 41533031, checksum F3A0A556505B7A94733D85B892C2070C, filename: swedish_houses-1.1.1\swehouses.grf (md5sum matches)
     Added NewGRF: GRF ID 56430001, checksum 2AD089EE6B73F25D79F286AD43765914, filename: total_town_replacement_set-3.14\ttrs3w.grf (md5sum matches)
     Added NewGRF: GRF ID 52453400, checksum 87E88EFA687F91CE44548E54DA55059F, filename: japanese_buildings-3.0\jpbuild.grf (md5sum matches)
     Added NewGRF: GRF ID 534D0101, checksum 07C3C4B3777167194DF8F69AFA63998D, filename: skyem123s_rails-1.0.3.5b\skye_rail.grf (md5sum matches)
     Added NewGRF: GRF ID 48410101, checksum BE7CEE77618E59F045CDDC7F37F9C8D3, filename: nuts_unrealistic_train_set-0.6.2\nuts.grf (md5sum matches)
Tick 63012: game loaded
     Revision text changed to r26140, savegame version 187, not modified, _openttd_newgrf_version = 0x1400661c
---- gamelog end ----

*** End of OpenTTD Crash Report ***

Decoded stack trace:
[00] KERNELBASE           0x000007FEFCEB940D RaiseException + 61
[01] openttd              0x000000013FB2DF09
[02] openttd              0x000000013FB2D2C0
[03] openttd              0x000000013F7BD283
[04] openttd              0x000000013F8D405F
[05] openttd              0x000000013F8D51A6
[06] openttd              0x000000013F7EAB4D
[07] openttd              0x000000013F7C138C
[08] openttd              0x000000013F7C177B
[09] openttd              0x000000013FA40D49
[10] openttd              0x000000013F7BF46F
[11] openttd              0x000000013FA4336B
[12] openttd              0x000000013FB2F984
[13] kernel32             0x0000000076C3652D BaseThreadInitThunk + 13
[14] ntdll                0x0000000076D6C541 RtlUserThreadStart + 33

*** End of additional info ***
