*** OpenTTD Crash Report ***

Crash at: Mon Jul 29 09:06:09 2013
In game date: 0-01-01 (0)

Crash reason:
 Exception: C0000005
 Location:  0064507D
 Message:   <none>

OpenTTD version:
 Version:    1.3.2 (0)
 NewGRF ver: 13286420
 Bits:       32
 Endian:     little
 Dedicated:  no
 Build date: Jul 27 2013 15:26:14

Registers:
 EAX: 00000000 EBX: 011658C0 ECX: 00000002 EDX: 00000001
 ESI: 0000000D EDI: 0022AFA4 EBP: 01166230 ESP: 0022AF80
 EIP: 0064507D EFLAGS: 00010202

 Bytes at instruction pointer:
 8B 10 89 6C 24 04 89 04 24 FF 52 24 89 3C 24 E8 EF A4 03 00 8B 43 5C E9

Stack trace:
 0022AFA4 0022B10C 0000000D 00000000 00000000 0022AFD8 77C1C2CD 00000004
 77C1C2E3 00A25658 00006874 01165F90 011650F3 77C4D200 01005000 01166000
 00000002 0022AFC8 00006874 77C25C94 77C02070 FFFFFFFF 77C1C2E3 77C2A52E
 77C51AA0 0022B028 77C1C2CD 00000004 77C1C2E3 0000000D 0000000D 0022B0AC
 011650EA 77C4D2E0 01165000 011661C0 0022AFF4 0022B000 0022FFE0 77C25C94
 77C02070 FFFFFFFF 77C1C2E3 00644084 01165F20 00000070 0022B048 77C1C42E
 011658C0 0000000D 011658C0 00644F3F 0022B0AC 01165B00 00000000 77C2A52E
 77C51AA0 0022B0A8 00000000 00000004 77C1C2E3 0022B114 016B7AD0 0022B114
 01165082 77C4D2E0 01165000 0000000D 0022B074 77C02088 0022FFE0 77C25C94
 77C02070 FFFFFFFF 77C1C2E3 00645B0B 011658A0 00000000 00000000 00000000
 00000078 0000000D FFFFFFFF 011658C0 016B7AD0 0022B114 011658C0 0048D253
 0022B114 016B6AD0 0000000D 0022B114 00000000 00000000 00000000 000000FE
 00000000 0022B12C 00000080 00000002 016B6AE8 00A25688 0022B100 0000000D
 011658C0 016B7AE8 0022B1F4 006457DE 011658C0 0000000D 00000001 0000000D
 01165810 0000000D 016B6AD0 0048D6B4 011658C0 4F000000 016B6AEA 016B7AD0
 0022B144 7C91019B 0022FFE0 0022B19C 4F000000 016B6AD0 016B7AD0 01165818
 00000008 01165890 0022B1F4 0056BFEC 0022BA2F 00000000 00000000 00000000
 0000000C 00000000 00000000 00000000 00000000 00B15160 00000000 0022B1F4
 011648A0 01164820 00000000 0048A443 0022B1F4 0022B241 7FFFFFFF 00000000
 00000000 01164820 00000000 0056C44B 0022B230 00000000 00000000 00000000
 00000000 00000000 0A590000 0022B230 011648A0 01164820 00000000 0048A4F6
 0022B230 00000000 0022BA2F 00000000 4F8581EE 546E6570 31204454 322E332E
 00000000 00000005 00000000 0A5B5EC0 00000228 00000000 00000000 00000000
 00000000 00000000 00000000 00000008 00004521 0022B000 00250000 0022B3D4

Operating system:
 Name:     Windows
 Release:  5.1.2600 (Szervizcsomag 2)
 Compiler: GCC 4.6.2 "4.6.2"

Configuration:
 Blitter:      8bpp-optimized
 Graphics set: OpenGFX (1002)
 Language:     F:\Program Files\OpenTTD\lang\hungarian.lng
 Music driver: win32
 Music set:    OpenMSX (96)
 Network:      no
 Sound driver: win32
 Sound set:    OpenSFX (87)
 Video driver: win32

AI Configuration (local: 255):

Libraries:
 FreeType:   2.4.10
 ICU:        4.6
 LZMA:       5.0.4
 LZO:        2.06
 PNG:        1.5.7
 Zlib:       1.2.7

Module information:
 F:\Program Files\OpenTTD\openttd.exe handle: 00400000 size: 7363598 crc: 71200B3B date: 2013-07-27 15:27:50
 F:\WINDOWS\system32\ntdll.dll handle: 7c900000 size: 721408 crc: 0D1FE6AD date: 2009-02-09 10:22:07
 F:\WINDOWS\system32\kernel32.dll handle: 7c800000 size: 1004544 crc: 14309840 date: 2009-03-21 14:21:24
 F:\WINDOWS\system32\ADVAPI32.DLL handle: 77dc0000 size: 684032 crc: A4D61B70 date: 2009-02-09 10:22:07
 F:\WINDOWS\system32\RPCRT4.dll handle: 77e70000 size: 584192 crc: B7FB1DB2 date: 2009-04-15 15:18:30
 F:\WINDOWS\system32\Secur32.dll handle: 77fe0000 size: 56320 crc: C912DAD9 date: 2009-06-25 08:48:08
 F:\WINDOWS\system32\GDI32.dll handle: 77f10000 size: 283648 crc: FA3C4829 date: 2008-10-23 13:02:30
 F:\WINDOWS\system32\USER32.dll handle: 7e360000 size: 577536 crc: 8CBEE799 date: 2007-03-08 15:39:12
 F:\WINDOWS\system32\msvcrt.dll handle: 77c00000 size: 343040 crc: 67B879DB date: 2004-08-17 14:47:18
 F:\WINDOWS\system32\SHELL32.DLL handle: 7c9c0000 size: 8475648 crc: A4CB0D58 date: 2008-07-03 13:16:36
 F:\WINDOWS\system32\SHLWAPI.dll handle: 77f60000 size: 474112 crc: 83ED55F5 date: 2009-12-08 09:13:37
 F:\WINDOWS\system32\WINMM.DLL handle: 76b20000 size: 177664 crc: B62715D9 date: 2004-08-17 14:47:36
 F:\WINDOWS\system32\WS2_32.dll handle: 71a50000 size: 82944 crc: 8768E38B date: 2004-08-17 14:47:38
 F:\WINDOWS\system32\WS2HELP.dll handle: 71a40000 size: 19968 crc: 80E94319 date: 2004-08-17 14:47:38
 F:\WINDOWS\system32\IMM32.DLL handle: 76360000 size: 110080 crc: 0B2D6717 date: 2004-08-17 14:47:00
 F:\WINDOWS\system32\LPK.DLL handle: 62e70000 size: 22016 crc: 64761310 date: 2004-08-17 14:47:04
 F:\WINDOWS\system32\USP10.dll handle: 74d40000 size: 406528 crc: C4ACCB0D date: 2004-08-17 14:47:34
 F:\WINDOWS\system32\guard32.dll handle: 10000000 size: 301224 crc: C801579C date: 2012-03-11 19:13:20
 F:\WINDOWS\system32\VERSION.dll handle: 77bf0000 size: 18944 crc: 11C724AC date: 2004-08-17 14:47:34
 F:\WINDOWS\system32\fltlib.dll handle: 4dd40000 size: 16896 crc: 7F9FCC2D date: 2006-08-21 12:27:07
 F:\WINDOWS\WinSxS\x86_Microsoft.Windows.Common-Controls_6595b64144ccf1df_6.0.2600.2982_x-ww_ac3f9c03\comctl32.dll handle: 773c0000 size: 1054208 crc: 728C6D5A date: 2006-08-25 15:53:57
 F:\WINDOWS\system32\comctl32.dll handle: 5d520000 size: 617472 crc: 1F6C1158 date: 2006-08-25 15:53:59
 F:\WINDOWS\system32\uxtheme.dll handle: 5b1d0000 size: 219136 crc: A1A12F7B date: 2009-03-22 16:58:15
 F:\WINDOWS\system32\MSCTF.dll handle: 746d0000 size: 294400 crc: 774E43D3 date: 2004-08-17 14:47:10
 F:\WINDOWS\system32\msctfime.ime handle: 75180000 size: 177152 crc: 14BD8026 date: 2009-02-27 05:08:41
 F:\WINDOWS\system32\ole32.dll handle: 774d0000 size: 1284608 crc: 092CE461 date: 2005-07-26 04:42:37
 F:\WINDOWS\system32\mswsock.dll handle: 719f0000 size: 246784 crc: B7E4462B date: 2008-06-20 17:42:36
 F:\WINDOWS\system32\hnetcfg.dll handle: 66780000 size: 346624 crc: DFB22262 date: 2004-08-17 14:46:58
 F:\WINDOWS\System32\wshtcpip.dll handle: 71a30000 size: 19968 crc: CB721413 date: 2004-08-17 14:47:38
 F:\WINDOWS\system32\WINTRUST.dll handle: 76c20000 size: 177664 crc: 00436A32 date: 2009-12-24 07:07:43
 F:\WINDOWS\system32\CRYPT32.dll handle: 77a70000 size: 601088 crc: 4771EF64 date: 2004-08-17 14:46:40
 F:\WINDOWS\system32\MSASN1.dll handle: 77b10000 size: 58880 crc: 94FDC7CE date: 2009-09-04 20:47:43
 F:\WINDOWS\system32\IMAGEHLP.dll handle: 76c80000 size: 144384 crc: 0E110864 date: 2004-08-17 14:47:00
 F:\WINDOWS\system32\wdmaud.drv handle: 72cb0000 size: 23552 crc: 21EBAD65 date: 2004-08-17 15:48:40
 F:\WINDOWS\system32\msacm32.drv handle: 72ca0000 size: 20480 crc: 4789F187 date: 2001-10-26 10:00:00
 F:\WINDOWS\system32\MSACM32.dll handle: 77bd0000 size: 71680 crc: E8AC1D06 date: 2004-08-17 14:47:10
 F:\WINDOWS\system32\midimap.dll handle: 77bc0000 size: 18944 crc: 5463BCAB date: 2004-08-17 14:47:04
 F:\WINDOWS\system32\psapi.dll handle: 76be0000 size: 23040 crc: 8DD87948 date: 2004-08-17 14:47:22

---- gamelog start ----
Tick 0: new game started
     Revision text changed to 1.3.2, savegame version 180, not modified, _openttd_newgrf_version = 0x13286420
     New game mode: 0 landscape: 0
---- gamelog end ----

*** End of OpenTTD Crash Report ***
