*** OpenTTD Crash Report ***

Crash at: Wed May 18 21:19:48 2011
In game date: 1950-01-07 (39)

Crash reason:
 Exception: C0000005
 Location:  005303A9
 Message:   <none>

OpenTTD version:
 Version:    1.1.0 (0)
 NewGRF ver: 1108570a
 Bits:       32
 Endian:     little
 Dedicated:  no
 Build date: Mar 31 2011 21:39:49

Registers:
 EAX: 00000156 EBX: 06030918 ECX: 000000FE EDX: 000000FE
 ESI: 0012F848 EDI: 00000000 EBP: 0012F894 ESP: 0012F844
 EIP: 005303A9 EFLAGS: 00210246

 Bytes at instruction pointer:
 8B 4F 40 89 45 B4 5E 85 C9 74 0C 8B 01 8D 55 B4 52 FF 10 85 C0 75 05 6A

Stack trace:
 05BB48B8 00000000 00000000 00000000 0012F800 00000000 00000000 02097950
 0012F800 00000000 00000000 00000000 05BB00FE FFFFFFFF 00647E50 005307C2
 00535F71 00537036 00530248 00530E33 0012F8E8 0044D9D6 00000000 00000156
 00B54C18 00448F1C 00000003 05BB48B8 05915358 00000000 00000000 00000000
 00000000 00000009 0000000B 00000001 00000000 00000001 00000000 00000006
 00000008 0012F908 0044772B 06030918 00000000 05915358 05915670 00000001
 0000000C 0012F928 00447A98 06030918 00000000 06030918 05F9A020 00000001
 0000004B 0012F964 00448433 06030918 00000000 05F9A020 05915618 00000005
 0012F964 0044772B 06030918 00447842 05915098 05915618 00000000 0000005B
 0012F984 00447A98 06030918 00000000 00B9365C 06030918 00000000 0000000F
 0012F9B0 0044AD10 06030918 00000000 00B9365C 05BB4BB8 0044B46E 00000003
 06030918 00000000 00000000 0012F9D0 0044D8E1 00000003 0594C598 0594C598
 0012F9E0 0064E38C 00000000 0012F9EC 0044E27A 06030918 0594C598 0012FB98
 0064BB32 00000000 0012FA2C 0044D661 0594C598 0594C598 0044A60B 00000024
 0000001A 00000000 00000001 0000001A 0594C598 00000024 05BB4BB8 00000003
 00000000 01000031 0012FA60 0044C577 00000024 0000001A 00000001 000001B5
 00000031 00000000 036076F8 00000000 00000000 000001B5 00000031 00000001
 0044C765 00000001 00000000 00000001 00000201 0012FB04 00000000 00000000
 00555D20 0012FB80 00000201 00000000 76A672B6 0012FB00 76A688C9 76A6888D
 626AAA78 00000000 00030454 00000000 00000024 00000001 00000000 00000000
 00000070 FFFFFFFF FFFFFFFF 76A6881F 76A688C9 00000000 00000001 00000000
 0012FC48 0012FB80 00000000 0012FB4C 76AB62E3 14DED9E8 FFFFFFFE 76A6888D
 0012FB30 76A686EF 00030454 00000201 00000001 003101B5 00000201 DCBAABCD
 00000000 0012FB80 00000201 0012FBA8 76A68876 0055590C 00030454 00000201

Operating system:
 Name:     Windows
 Release:  6.1.7600 ()
 Compiler: MSVC 1500

Configuration:
 Blitter:      8bpp-optimized
 Graphics set: OpenGFX (622)
 Language:     D:\Games\openttd-1.1.0-windows-win32\lang\russian.lng
 Music driver: dmusic
 Music set:    OpenMSX (96)
 Network:      no
 Sound driver: win32
 Sound set:    NoSound (2)
 Video driver: win32

AI Configuration (local: 0):
  0: Human

Libraries:
 FreeType:   2.4.4
 ICU:        4.4.2
 LZMA:       5.0.0
 LZO:        2.03
 PNG:        1.4.5
 Zlib:       1.2.5

Module information:
 D:\Games\openttd-1.1.0-windows-win32\openttd.exe handle: 00400000 size: 8073728 crc: 668E2CE7 date: 2011-03-31 18:44:04
 C:\Windows\SYSTEM32\ntdll.dll handle: 77AB0000 size: 1286144 crc: D1A0A49D date: 2009-07-14 01:17:51
 C:\Windows\system32\kernel32.dll handle: 761C0000 size: 857088 crc: BBC23B70 date: 2009-07-14 01:15:35
 C:\Windows\system32\KERNELBASE.dll handle: 75EB0000 size: 288256 crc: 37432389 date: 2009-07-14 01:15:35
 C:\Program Files\Alwil Software\Avast5\snxhk.dll handle: 64D00000 size: 197208 crc: A64FF459 date: 2011-02-23 15:04:17
 C:\Windows\system32\WINMM.dll handle: 740F0000 size: 194048 crc: 2FBEB05C date: 2009-07-14 01:16:19
 C:\Windows\system32\msvcrt.dll handle: 76890000 size: 690688 crc: 554C94A4 date: 2009-07-14 01:15:50
 C:\Windows\system32\USER32.dll handle: 76A50000 size: 811520 crc: F5A646DD date: 2009-07-14 01:16:17
 C:\Windows\system32\GDI32.dll handle: 77C00000 size: 304640 crc: 252D0177 date: 2009-07-14 01:15:22
 C:\Windows\system32\LPK.dll handle: 76880000 size: 26624 crc: 13E68B63 date: 2009-07-14 01:15:36
 C:\Windows\system32\USP10.dll handle: 767E0000 size: 627200 crc: 3887C4C8 date: 2009-07-14 01:16:17
 C:\Windows\system32\WS2_32.dll handle: 76940000 size: 206336 crc: 4C23BF22 date: 2009-07-14 01:16:20
 C:\Windows\system32\RPCRT4.dll handle: 76BF0000 size: 652288 crc: 14458268 date: 2009-07-14 01:16:13
 C:\Windows\system32\NSI.dll handle: 76BC0000 size: 8704 crc: 2ACE9671 date: 2009-07-14 01:16:11
 C:\Windows\system32\ADVAPI32.dll handle: 76B20000 size: 640000 crc: 24248FE4 date: 2009-07-14 01:14:53
 C:\Windows\SYSTEM32\sechost.dll handle: 76BD0000 size: 92160 crc: B624B29A date: 2009-07-14 01:16:13
 C:\Windows\system32\SHELL32.dll handle: 76E60000 size: 12866560 crc: 1FCAA9C5 date: 2009-07-14 01:16:14
 C:\Windows\system32\SHLWAPI.dll handle: 76060000 size: 350208 crc: 8D9B2C39 date: 2009-07-14 01:16:14
 C:\Windows\system32\IMM32.DLL handle: 77CC0000 size: 118272 crc: F2F44531 date: 2009-07-14 01:15:32
 C:\Windows\system32\MSCTF.dll handle: 76980000 size: 828928 crc: DFE09EEB date: 2009-07-14 01:15:43
 C:\Windows\system32\SHFolder.dll handle: 71380000 size: 7168 crc: 683AAC32 date: 2009-07-14 01:16:14
 C:\Windows\system32\ole32.dll handle: 75F00000 size: 1412608 crc: 4ACC7A3A date: 2009-07-14 01:16:12
 C:\Windows\system32\MMDevAPI.DLL handle: 746C0000 size: 213504 crc: 352DF99F date: 2009-07-14 01:15:41
 C:\Windows\system32\PROPSYS.dll handle: 74A10000 size: 988160 crc: 0700E8D7 date: 2009-07-14 01:16:12
 C:\Windows\system32\OLEAUT32.dll handle: 76640000 size: 571904 crc: DCE3E850 date: 2009-07-14 01:16:12
 C:\Windows\system32\wdmaud.drv handle: 74030000 size: 172032 crc: 03BEEBE2 date: 2009-07-14 01:14:08
 C:\Windows\system32\ksuser.dll handle: 73F80000 size: 4608 crc: EBE07232 date: 2009-07-14 01:15:35
 C:\Windows\system32\AVRT.dll handle: 74480000 size: 14336 crc: 9818237B date: 2009-07-14 01:14:58
 C:\Windows\system32\SETUPAPI.dll handle: 762A0000 size: 1668608 crc: F909EF01 date: 2009-07-14 01:16:14
 C:\Windows\system32\CFGMGR32.dll handle: 75D10000 size: 145920 crc: 6377C630 date: 2009-07-14 01:15:02
 C:\Windows\system32\DEVOBJ.dll handle: 75E90000 size: 64512 crc: 2B501D62 date: 2009-07-14 01:15:11
 C:\Windows\system32\AUDIOSES.DLL handle: 73DE0000 size: 195584 crc: BC939745 date: 2009-07-14 01:14:57
 C:\Windows\system32\msacm32.drv handle: 73DD0000 size: 20992 crc: 73923147 date: 2009-07-14 01:14:08
 C:\Windows\system32\MSACM32.dll handle: 73DA0000 size: 72192 crc: ABA25814 date: 2009-07-14 01:15:42
 C:\Windows\system32\midimap.dll handle: 73D90000 size: 16896 crc: C000494C date: 2009-07-14 01:15:40
 C:\Windows\system32\CRYPTBASE.dll handle: 75B50000 size: 36864 crc: 00308E17 date: 2009-07-14 01:15:07
 C:\Windows\system32\CLBCatQ.DLL handle: 76750000 size: 522240 crc: 6C130B8A date: 2009-07-14 01:15:03
 C:\Windows\system32\uxtheme.dll handle: 749D0000 size: 249856 crc: 1CD7BB78 date: 2009-07-14 01:16:17
 C:\Windows\system32\dwmapi.dll handle: 746A0000 size: 67072 crc: FC7CA4B8 date: 2009-07-14 01:15:13
 C:\Windows\System32\dmime.dll handle: 69A50000 size: 179712 crc: 179D7CFB date: 2009-07-14 01:15:12
 C:\Windows\System32\DSOUND.dll handle: 68A30000 size: 453632 crc: EC24F2F8 date: 2009-07-14 01:15:13
 C:\Windows\System32\POWRPROF.dll handle: 750C0000 size: 145408 crc: 9957ABF4 date: 2009-07-14 01:16:12
 C:\Windows\System32\dmusic.dll handle: 6A3B0000 size: 101376 crc: F5D0AA6B date: 2009-07-14 01:15:12
 C:\Windows\system32\WINTRUST.dll handle: 75E60000 size: 172544 crc: 3753F315 date: 2009-07-14 01:16:19
 C:\Windows\system32\CRYPT32.dll handle: 75D40000 size: 1151488 crc: CC34327C date: 2009-07-14 01:15:07
 C:\Windows\system32\MSASN1.dll handle: 75C70000 size: 33280 crc: AE3E4073 date: 2009-07-14 01:15:42
 C:\Windows\System32\dmsynth.dll handle: 70A00000 size: 105472 crc: 3B102040 date: 2009-07-14 01:15:12
 C:\Windows\System32\dmloader.dll handle: 6A440000 size: 38400 crc: 8A3F45D2 date: 2009-07-14 01:15:12
 C:\Windows\system32\mswsock.dll handle: 75640000 size: 232448 crc: 32400D27 date: 2009-07-14 01:15:51
 C:\Windows\System32\wshtcpip.dll handle: 75190000 size: 9216 crc: BA963A19 date: 2009-07-14 01:16:20
 C:\Windows\System32\wship6.dll handle: 75630000 size: 10752 crc: 99DFC9DA date: 2009-07-14 01:16:20
 C:\Windows\system32\DNSAPI.dll handle: 75500000 size: 269824 crc: 85C25AB3 date: 2009-07-14 01:15:12
 C:\Windows\system32\IPHLPAPI.DLL handle: 73A30000 size: 103936 crc: 0D4054DF date: 2009-07-14 01:15:33
 C:\Windows\system32\WINNSI.DLL handle: 73A20000 size: 16896 crc: 484CAF17 date: 2009-07-14 01:16:19
 C:\Windows\system32\rasadhlp.dll handle: 71B70000 size: 11776 crc: C799823B date: 2009-07-14 01:16:12
 C:\Windows\System32\fwpuclnt.dll handle: 724B0000 size: 216576 crc: 930BF51D date: 2009-07-14 01:15:21
 C:\Windows\system32\psapi.dll handle: 77C50000 size: 6144 crc: 25B988F9 date: 2009-07-14 01:16:12

---- gamelog start ----
Tick 0: new game started
     Revision text changed to 1.1.0, savegame version 160, not modified, _openttd_newgrf_version = 0x1108570a
     New game mode: 1 landscape: 0
     Added NewGRF: GRF ID 4F472B31, checksum 283C7E8D8017B8C6C9B3DA9CDAF45A8C, filename: opengfx_trains-0.2.5\ogfx-trains.grf (md5sum matches)
     Added NewGRF: GRF ID 4F472B32, checksum B42B3DD63720C1F2483B357575736087, filename: opengfx_road_vehicles-0.1.0\ogfx-rv.grf (md5sum matches)
     Added NewGRF: GRF ID 44440A01, checksum 0BF8636EFEEF4F0617CAE47D77FF4C43, filename: av8_aviators_aircraft_set-1.81\pb_av8w.grf (md5sum matches)
     Added NewGRF: GRF ID 414E0101, checksum 1922958963E54992E395CAE86EBF4649, filename: fish_ship_set-0.9.0\fish.grf (md5sum matches)
     Added NewGRF: GRF ID 41501202, checksum 97F6FC9CF2E46FC9B559A13CB6DB19CE, filename: heqs_heavy_equipment_set-1.1.0\heqs.grf (md5sum matches)
---- gamelog end ----

*** End of OpenTTD Crash Report ***

Decoded stack trace:
[00] ???                  0x005303A9
[01] ???                  0x0044D9D6
[02] ???                  0x0044772B
[03] ???                  0x00447A98
[04] ???                  0x00448433
[05] ???                  0x00447A98
[06] ???                  0x0044AD10
[07] ???                  0x0044D8E1
[08] ???                  0x0044E27A
[09] ???                  0x0044D661
[10] ???                  0x0044C577
[11] ???                  0x0044C765
[12] ???                  0x00555D20

*** End of additional info ***
