*** OpenTTD Crash Report ***

Crash at: Sun May 23 15:30:48 2010
In game date: 2025-02-05 (50)

Crash reason:
 Signal:  Aborted (6)
 Message: Assertion failed at line 80 of /home/openttd/svn-public/src/pbs.cpp: (GetTileTrackStatus(tile, TRANSPORT_RAIL, 0) & TrackToTrackBits(t)) != 0

OpenTTD version:
 Version:    r19874 (2)
 NewGRF ver: 11004da2
 Bits:       32
 Endian:     little
 Dedicated:  yes
 Build date: May 22 2010 01:06:19

Stacktrace:
 [00] ./openttd(_ZNK12CrashLogUnix13LogStacktraceEPcPKc+0x45) [0x8284915]
 [01] ./openttd(_ZNK8CrashLog12FillCrashLogEPcPKc+0x103) [0x81b65d3]
 [02] ./openttd(_ZNK8CrashLog12MakeCrashLogEv+0x93) [0x81b66f3]
 [03] ./openttd [0x828485a]
 [04] [0xb7fb1420]
 [05] /lib/tls/libc.so.6(gsignal+0x47) [0xb7d29947]
 [06] /lib/tls/libc.so.6(abort+0x109) [0xb7d2b0c9]
 [07] ./openttd [0x8274887]

Operating system:
 Name:     Linux
 Release:  2.6.18.1.20061115-ralph.33.p4
 Version:  #1 SMP PREEMPT Wed Nov 15 19:43:27 CET 2006
 Machine:  i686
 Compiler: GCC 4.1.2 "4.1.2 20061115 (prerelease) (Debian 4.1.1-21)"

Configuration:
 Blitter:      8bpp-optimized
 Graphics set: OpenGFX
 Language:     english.lng
 Music driver: null
 Music set:    OpenMSX
 Network:      server
 Sound driver: null
 Sound set:    OpenSFX
 Video driver: dedicated

AI Configuration (local: 255):
  0: Human

Libraries:
 LZO:        2.02
 PNG:        1.2.15beta5
 Zlib:       1.2.3

---- gamelog start ----
Tick 0: new game started
     Revision text changed to h78b5ea06, savegame version 141, not modified, _openttd_newgrf_version = 0x11004d9d
     New game mode: 2 landscape: 0
     Added NewGRF: GRF ID 4D470501, checksum 921D08A4B3430BDCC14715B6A1288350, filename: ottdc_grfpack/0_info.grf
     Added NewGRF: GRF ID 41495000, checksum 9D67EDB9F4C802427CED774103D12EBB, filename: swedish_town_names.1/swedishtownsw.grf
     Added NewGRF: GRF ID 41533031, checksum A2358C256FCB64AD2716744364AC3ECE, filename: swedish_houses.1.0/swehouses.grf
     Added NewGRF: GRF ID 52453C00, checksum C5B4EC240B33E2DB8D1EA64C97898B5E, filename: ottdc_grfpack/2_landscape/stolentrees/stolentreesw_162_108.grf
     Added NewGRF: GRF ID 45520102, checksum 1406B06F6475037445A944963CA6D5CE, filename: ottdc_grfpack/7_stations/basic_platforms/basic_platformsw.grf
     Added NewGRF: GRF ID 45520400, checksum 1D00426064137AA49B6FC4F4BCFF173F, filename: ottdc_grfpack/7_stations/brickfreight/brickfreightw.GRF
     Added NewGRF: GRF ID 43415463, checksum 422B1603DC1CEDA4E59E715E12EAD332, filename: ottdc_grfpack/7_stations/canstn/canstnw.grf
     Added NewGRF: GRF ID 52455400, checksum 1600687C50C5AB1E72EDD487CAD50E2A, filename: ottdc_grfpack/7_stations/ae_city/ae_cityw.GRF
     Added NewGRF: GRF ID 58534453, checksum 2E100BCA91DB8371CD9D57DBEC3AB0C8, filename: ottdc_grfpack/7_stations/dutchstat/dutchstatw.grf
     Added NewGRF: GRF ID 504E0002, checksum 6E6944E09CE6C3AC130DF72C542EE4B1, filename: ottdc_grfpack/7_stations/buffers/buffers.grf
     Added NewGRF: GRF ID 4A430002, checksum 0728ADCB4DF2F1EB9247ABD449296F4E, filename: ottdc_grfpack/z_obsolete/indstatr/indstatrw_6.grf
     Added NewGRF: GRF ID 45530400, checksum 0CB1191FF67BA594F64B2934CFAEDF58, filename: ottdc_grfpack/7_stations/jpstats/jpstatsw.grf
     Added NewGRF: GRF ID 45520500, checksum 7E30CA79D5A8B3A6CBE873E26096D7D2, filename: ottdc_grfpack/7_stations/modernsuburban/modernsuburbanw.GRF
     Added NewGRF: GRF ID 6D620601, checksum 44EB2F155862E4D4F0AB671D7021AF54, filename: ottdc_grfpack/7_stations/newstats/newstatsw.grf
     Added NewGRF: GRF ID 52571303, checksum 9A6FF285C7B450DF881859399B971134, filename: ottdc_grfpack/1_other/OpenGFX/OpenGFX_newInfrastructure_v0.7.grf
     Added NewGRF: GRF ID 52455200, checksum 0E5A9C5ACD2BCAF7FA0658C3F905A660, filename: ottdc_grfpack/7_stations/ae_rura/ae_ruraw.GRF
     Added NewGRF: GRF ID 52455300, checksum 37C0B839B13C4B18051580C81EEDF427, filename: ottdc_grfpack/7_stations/ae_subu/ae_subuw.GRF
     Added NewGRF: GRF ID 504E0001, checksum E7781323D2B0086E2E76342DAA036054, filename: ottdc_grfpack/7_stations/ukwaypoints/ukwaypointsw.grf
     Added NewGRF: GRF ID 54570200, checksum 3DEB9B30A6254AE8606A5A9A99A9A696, filename: ottdc_grfpack/7_stations/usstats/usstatsw.grf
     Added NewGRF: GRF ID 27711003, checksum 66608BD4E86EBA9C944FC6D6A6563041, filename: 2cc_trainset-2.0beta1/2cctrainset.grf
     Added NewGRF: GRF ID 41501201, checksum 795227412A6D9915FD5BE1178BC161FA, filename: heqs__heavy_equipment_set_.0.5a/heqs.grf
     Added NewGRF: GRF ID 52571201, checksum C1C7D8C53EB7E74EEE2F0EF29638B466, filename: ottdc_grfpack/8_vehicles/road_vehicles/grvts/egrvts.grf
     Added NewGRF: GRF ID 44440A01, checksum EFEE1435093730D3DA55BDF69653CADC, filename: ottdc_grfpack/8_vehicles/planes/pb_av8/pb_av8w.grf
     Added NewGRF: GRF ID 4D470802, checksum 56A6E4C9DD5E1C562BA62C40D8583640, filename: lumbermill_ps.2.0/lumbermill_advanced.grf
     Added NewGRF: GRF ID 444A5401, checksum 9BD748CA6BFBD9C0257571867AA2162D, filename: nutracks-r8/nutracks.grf
Tick 0: game loaded
     New game mode: 1 landscape: 0
Tick 171: game loaded
     Revision text changed to r19874, savegame version 141, not modified, _openttd_newgrf_version = 0x11004da2
Tick 268: settings changed
     Setting changed: vehicle.plane_speed : 4 -> 3
Tick 268: settings changed
     Setting changed: vehicle.plane_speed : 3 -> 2
Tick 268: settings changed
     Setting changed: vehicle.plane_speed : 2 -> 1
Tick 337: game loaded
     Revision text changed to r19874, savegame version 141, modified, _openttd_newgrf_version = 0x11004da2
---- gamelog end ----

*** End of OpenTTD Crash Report ***
