*** OpenTTD Crash Report ***

Crash at: Sat Mar 28 19:32:47 2015
In game date: 2001-04-01 (71)

Crash reason:
 Exception: E1212012
 Location:  00007FF940D9ECC8
 Message:   Assertion failed at line 848 of ..\src\company_cmd.cpp: _local_company == COMPANY_SPECTATOR

OpenTTD version:
 Version:    1.5.0-RC1 (0)
 NewGRF ver: 15006a3c
 Bits:       64
 Endian:     little
 Dedicated:  no
 Build date: Mar 18 2015 20:01:11

Registers:
 RAX: 00007FF900000001 RBX: 0000000000000016 RCX: 0000000000000000 RDX: 0000000000000000
 RSI: 0000000000000000 RDI: 0000000000000008 RBP: 0000000000000032 RSP: 000000000084E3C0
 R8:  0000D3751191EAC9 R9:  0000000000000000 R10: 0000000080000000 R11: 0000000000000000
 R12: 00007FF66958B1F0 R13: 00007FF668B4F9C8 R14: 0000000000000001 R15: 000000000084E898
 RIP: 00007FF940D9ECC8 EFLAGS: 00000206

 Bytes at instruction pointer:
 48 8B 8C 24 C0 00 00 00 48 33 CC E8 68 B8 04 00 48 81 C4 D8 00 00 00 C3

Stack trace:
 00000000 00000000 00000016 00000000 00000000 00000000 00000008 00000000
 E1212012 00000000 00000000 00000000 40D9ECC8 00007FF9 00000000 00000000
 694F51A8 00007FF6 69A9F7F0 00007FF6 00000050 00000000 000E052E 00000000
 00000000 00000000 69A9F7F0 00007FF6 694F51A8 00007FF6 00000010 00000000
 00000000 00000000 00000000 00000000 00000000 00000000 4377FB57 00007FF9
 00000000 00000000 00000000 00000000 0084E280 00000000 0084E290 00000000
 1020657C 0000142C 00000001 FFFFFFFF 00000016 00000000 68C3B5B5 00007FF6
 00000001 00000000 CEB1C4A9 00007FF6 11D3B5ED 00000F6A 4377D977 00007FF9
 00000200 00000000 0084E898 00000000 00000000 00000000 00000001 00000000
 00000000 00000000 00000000 00000000 0084E898 00000000 68C3A6D0 00007FF6
 00000001 00000000 053FDB00 00000000 03A78470 00000000 FFFFFFFF 00007FF9
 053FDB00 00000000 688B1803 00007FF6 053FDB00 00000000 00000032 00000000
 03A78470 00000000 1D0921C2 00007FF9 65737341 6F697472 6166206E 64656C69
 20746120 656E696C 38343820 20666F20 735C2E2E 635C6372 61706D6F 635F796E
 632E646D 203A7070 636F6C5F 635F6C61 61706D6F 3D20796E 4F43203D 4E41504D
 50535F59 41544345 00524F54 00007FF9 06F7CD30 00000000 02B40000 00000000
 06F7CD10 00000000 00000000 00000000 0084E5D0 00000000 0084E5D0 00000000
 00000001 00000000 00000000 00000000 00000007 00000000 00000000 00000000
 06F7CD10 00000000 68C358B8 00007FF6 06F7CD10 00000000 00000008 00000000
 68850000 00007FF6 00000020 00000000 06F7CD10 00000000 68AA9E31 00007FF6
 00000001 00000000 43738C50 00007FF9 00000001 00000000 00000000 00000000
 00000000 00000000 68B08D0F 00007FF6 00000020 00000000 68C35937 00007FF6
 00000020 00000000 00000020 00000000 694D2310 00007FF6 68A90CDB 00007FF6
 06F7CD10 00000000 68C3602F 00007FF6 00000020 00000000 00000020 00000000

Operating system:
 Name:     Windows
 Release:  6.1.7600 ()
 Compiler: MSVC 1600

Configuration:
 Blitter:      32bpp-anim
 Graphics set: OpenGFX (5538)
 Language:     C:\Program Files\OpenTTD\lang\german.lng
 Music driver: win32
 Music set:    NoMusic (0)
 Network:      client
 Sound driver: win32
 Sound set:    NoSound (2)
 Video driver: win32

Fonts:
 Small:  sprite
 Medium: sprite
 Large:  sprite
 Mono:   sprite

AI Configuration (local: 3):
  0: Human
  1: Human
  2: Human
  3: Human
  4: Human

Libraries:
 FreeType:   2.4.11
 ICU:        51.2
 LZMA:       5.0.4
 LZO:        2.06
 PNG:        1.5.14
 Zlib:       1.2.7

Module information:
 C:\Program Files\OpenTTD\openttd.exe handle: 00007FF668850000 size: 14188544 crc: C4EF6FD5 date: 2015-03-18 20:06:08
 C:\WINDOWS\SYSTEM32\ntdll.dll handle: 00007FF943720000 size: 1831024 crc: B5A2EA79 date: 2015-03-14 08:52:48
 C:\WINDOWS\system32\KERNEL32.DLL handle: 00007FF943430000 size: 704488 crc: 87C82B1C date: 2015-03-14 08:51:22
 C:\WINDOWS\system32\KERNELBASE.dll handle: 00007FF940D70000 size: 1942480 crc: 6655070F date: 2015-03-14 08:52:49
 C:\WINDOWS\system32\apphelp.dll handle: 00007FF93EA50000 size: 512000 crc: 0122542E date: 2015-03-14 08:51:22
 C:\WINDOWS\AppPatch\AppPatch64\AcLayers.DLL handle: 00007FF91D090000 size: 239104 crc: E5B74025 date: 2015-03-14 08:54:03
 C:\WINDOWS\system32\msvcrt.dll handle: 00007FF943010000 size: 627512 crc: 6EBDEB28 date: 2015-03-14 08:52:44
 C:\WINDOWS\system32\USER32.dll handle: 00007FF940F70000 size: 1486456 crc: B4A2A746 date: 2015-03-14 08:52:39
 C:\WINDOWS\system32\GDI32.dll handle: 00007FF941340000 size: 1570088 crc: 1D7E41B4 date: 2015-03-14 08:52:39
 C:\WINDOWS\system32\SHLWAPI.dll handle: 00007FF9433E0000 size: 321712 crc: C63F7707 date: 2015-03-14 08:53:30
 C:\WINDOWS\system32\combase.dll handle: 00007FF943120000 size: 2443072 crc: B91B4469 date: 2015-03-14 08:51:56
 C:\WINDOWS\system32\RPCRT4.dll handle: 00007FF942EE0000 size: 1176592 crc: 42FE4600 date: 2015-03-14 08:52:49
 C:\WINDOWS\SYSTEM32\sfc.dll handle: 0000000000720000 size: 3072 crc: FBF26B10 date: 2015-03-14 08:51:23
 C:\WINDOWS\SYSTEM32\WINSPOOL.DRV handle: 00007FF93C160000 size: 511488 crc: 81CC152E date: 2015-03-14 08:53:08
 C:\WINDOWS\SYSTEM32\sfc_os.DLL handle: 00007FF9376C0000 size: 47616 crc: B75F7985 date: 2015-03-14 08:51:23
 C:\WINDOWS\SYSTEM32\SortWindows61.dll handle: 00007FF9352C0000 size: 49664 crc: 3EBD8D6E date: 2015-03-14 08:51:24
 C:\WINDOWS\system32\IMM32.DLL handle: 00007FF941690000 size: 204512 crc: 2C9B58BF date: 2015-03-14 08:52:38
 C:\WINDOWS\system32\MSCTF.dll handle: 00007FF9414D0000 size: 1406888 crc: 34EEEE4F date: 2015-03-14 08:52:38
 C:\WINDOWS\system32\OLEAUT32.dll handle: 00007FF9416D0000 size: 770048 crc: 819AAF41 date: 2015-03-14 08:52:44
 C:\Windows\system32\nvinitx.dll handle: 00007FF93ED90000 size: 177600 crc: 180E5720 date: 2015-03-20 04:33:40
 C:\WINDOWS\system32\ADVAPI32.dll handle: 00007FF941290000 size: 661120 crc: D1494D74 date: 2015-03-14 08:52:32
 C:\WINDOWS\system32\sechost.dll handle: 00007FF941630000 size: 358384 crc: EE4074D9 date: 2015-03-14 08:52:48
 C:\WINDOWS\SYSTEM32\VERSION.dll handle: 00007FF93ED80000 size: 26328 crc: 63CB595E date: 2015-03-14 08:53:09
 C:\Program Files\NVIDIA Corporation\CoProcManager\detoured.dll handle: 000000000F000000 size: 13000 crc: C610642A date: 2015-03-20 04:33:39
 C:\Program Files\NVIDIA Corporation\CoProcManager\nvd3d9wrapx.dll handle: 00007FF93DD20000 size: 183768 crc: C0481481 date: 2015-03-20 04:33:39
 C:\WINDOWS\system32\SETUPAPI.dll handle: 00007FF9434E0000 size: 1847512 crc: AFB32980 date: 2015-03-14 08:51:37
 C:\WINDOWS\system32\CFGMGR32.dll handle: 00007FF940D20000 size: 262400 crc: 2DEBC5DE date: 2015-03-14 08:51:21
 C:\Program Files\NVIDIA Corporation\CoProcManager\nvdxgiwrapx.dll handle: 00007FF93DC60000 size: 125392 crc: 9BE82320 date: 2015-03-20 04:33:39
 C:\WINDOWS\system32\WS2_32.dll handle: 00007FF943380000 size: 357400 crc: DCB5AD34 date: 2015-03-14 08:52:48
 C:\WINDOWS\SYSTEM32\WINMM.dll handle: 00007FF93D700000 size: 117264 crc: A5485947 date: 2015-03-14 08:52:38
 C:\WINDOWS\system32\NSI.dll handle: 00007FF9436B0000 size: 19600 crc: F52703AF date: 2015-03-14 08:52:48
 C:\WINDOWS\system32\SHELL32.dll handle: 00007FF9418D0000 size: 21243104 crc: B6E9F9C5 date: 2015-03-14 08:53:45
 C:\WINDOWS\SYSTEM32\WINMMBASE.dll handle: 0000000002AE0000 size: 160088 crc: CFF2BD33 date: 2015-03-14 08:52:38
 C:\WINDOWS\system32\windows.storage.dll handle: 00007FF940490000 size: 5244016 crc: E1D0C27C date: 2015-03-14 08:52:39
 C:\WINDOWS\system32\kernel.appcore.dll handle: 00007FF940480000 size: 33056 crc: EF00872D date: 2015-03-14 08:51:36
 C:\WINDOWS\system32\shcore.dll handle: 00007FF940990000 size: 675600 crc: 6EC73FCB date: 2015-03-14 08:53:46
 C:\WINDOWS\SYSTEM32\DEVOBJ.dll handle: 00007FF93ED30000 size: 144072 crc: 0826DC5B date: 2015-03-14 08:51:21
 C:\WINDOWS\system32\powrprof.dll handle: 00007FF940430000 size: 284592 crc: 851666CA date: 2015-03-14 08:51:44
 C:\WINDOWS\system32\uxtheme.dll handle: 00007FF93ECA0000 size: 532480 crc: FC83E478 date: 2015-03-14 08:53:42
 C:\WINDOWS\system32\dwmapi.dll handle: 00007FF93E2C0000 size: 109440 crc: 4BFC259F date: 2015-03-14 08:52:38
 C:\WINDOWS\system32\dcomp.dll handle: 00007FF93EDD0000 size: 711728 crc: A70EA128 date: 2015-03-14 08:52:38
 C:\WINDOWS\SYSTEM32\CRYPTBASE.dll handle: 00007FF9402A0000 size: 26872 crc: 596C5292 date: 2015-03-14 08:52:48
 C:\WINDOWS\SYSTEM32\bcryptPrimitives.dll handle: 00007FF940230000 size: 412648 crc: 19566A05 date: 2015-03-14 08:52:49
 C:\WINDOWS\system32\mswsock.dll handle: 00007FF93FC70000 size: 343312 crc: 8EBFE2D3 date: 2015-03-14 08:52:44
 C:\WINDOWS\SYSTEM32\MMDevAPI.DLL handle: 00007FF93C550000 size: 431776 crc: 1B7CB704 date: 2015-03-14 08:52:38
 C:\WINDOWS\SYSTEM32\wdmaud.drv handle: 00007FF924F40000 size: 242688 crc: EF1C8E03 date: 2015-03-14 08:52:38
 C:\WINDOWS\SYSTEM32\ksuser.dll handle: 00007FF93D550000 size: 17552 crc: 2B40D91D date: 2015-03-14 08:52:38
 C:\WINDOWS\SYSTEM32\AVRT.dll handle: 00007FF93A7E0000 size: 27384 crc: 37B1850C date: 2015-03-14 08:52:38
 C:\WINDOWS\SYSTEM32\AUDIOSES.DLL handle: 00007FF92DB60000 size: 502600 crc: 8313FA08 date: 2015-03-14 08:52:38
 C:\WINDOWS\SYSTEM32\msacm32.drv handle: 00007FF924F30000 size: 27136 crc: DAD4D363 date: 2015-03-14 08:52:38
 C:\WINDOWS\SYSTEM32\MSACM32.dll handle: 00007FF924F10000 size: 100192 crc: 33B63783 date: 2015-03-14 08:52:38
 C:\WINDOWS\SYSTEM32\midimap.dll handle: 00007FF924F00000 size: 24576 crc: 3419CE37 date: 2015-03-14 08:52:38
 C:\WINDOWS\system32\psapi.dll handle: 00007FF9430B0000 size: 13928 crc: F41A3D5E date: 2015-03-14 08:51:49

---- gamelog start ----
Tick 0: new game started
Revision text changed to 1.5.0-RC1, savegame version 194, not modified, _openttd_newgrf_version = 0x15006a3c
New game mode: 1 landscape: 2
---- gamelog end ----

*** End of OpenTTD Crash Report ***

Decoded stack trace:
[00] KERNELBASE           0x00007FF940D9ECC8 RaiseException + 104
[01] openttd              0x00007FF668C3B5B5
[02] openttd              0x00007FF668C3A6D0
[03] openttd              0x00007FF6688B1803
[04] openttd              0x00007FF6689A0854
[05] openttd              0x00007FF66885C788
[06] openttd              0x00007FF66885C1A6
[07] openttd              0x00007FF6688A8A82
[08] openttd              0x00007FF6688A61F7
[09] openttd              0x00007FF6688A22CF
[10] openttd              0x00007FF6688B5CD5
[11] openttd              0x00007FF668B4E169
[12] openttd              0x00007FF6688B39DA
[13] openttd              0x00007FF668B507F1
[14] openttd              0x00007FF668C3CBD0
[15] KERNEL32             0x00007FF9434349E2 BaseThreadInitThunk + 34
[16] ntdll                0x00007FF943785A64 RtlUserThreadStart + 52

*** End of additional info ***
