*** OpenTTD Crash Report ***
Date: 2007-09-13 17:26:17
Build: 0.5.2 built on May 29 2007 20:45:46
Exception C0000005 at 00459799
Registers:
 EAX: 0000000E EBX: 01B93A1E ECX: 004C6703 EDX: 00000026
 ESI: 0108015C EDI: 01B93960 EBP: 0012FBF4 ESP: 0012FBE4
 EIP: 00459799 EFLAGS: 00010206

Bytes at CS:EIP:
 8A 4E 08 3A C1 74 36 84 C9 74 32 8B 76 0C 85 F6 75 EE 0F B6 C0 50 52 68

Stack trace: 
 01B93960 00AF16E0 00000000 26F7FEA6 7E36F3B3 00459BD0 00AF16E0 01B93960
 00000000 00459C14 00000000 01B93960 005C3188 0042F161 00000000 00000000
 00423015 000F2DAE 00000000 004232F5 00000000 00438F6D 005C17FC 005C35D8
 0012FC9C 00000000 000F2DCC 00000000 00000000 000308F8 00000113 00000001
 00438012 000F2D8F 0000029E 000001DA 0042299F 0012FD24 00000001 00000001
 0000FD00 000206BC 00000000 000206FE 0012FCBC 7C8215E2 00000024 FFFFFFFF
 00000000 00000104 0000FDE9 0012FD24 00000001 00000021 0012FCE8 7C82153B
 0000FD00 00000000 000206BC FFFFFFFF 0012FD24 00000104 00000000 00000000
 00000000 00000000 FFFFFFFF 0000FDE9 FFFFFFFF 0012FE2C 00534784 00000000
 00000000 FFFFFFFF 0000FF28 0012FF28 004375CF 0012FE28 00000A28 00000002
 5C3A4422 65697053 4F5C656C 546E6570 6F5C4454 746E6570 652E6474 20006578
 00000000 B7B6B5B4 00AD0178 00AD0178 00000000 00AD0178 00000000 EFEEEDEC
 F3F2F1F0 00000000 0000000A DFFEFDFC 00AD3D48 00000000 00000004 00AD34B8
 00AD2F00 00000000 0000000A FFFEFDFC 00000008 00000006 00150178 0000000E
 00AD27B8 00AD0178 00AD34C0 0012FE7E 7C80261C 0000022B 00000001 7C929BD3
 00AD04B8 000003B5 7C800000 7C803518 7C8043EC 00000000 00AD0430 0000000D
 00000000 00000001 7C800000 7C8000E8 0012FDE4 00000080 0012FE1C 7C920895
 7C800000 00000000 00000057 7C929A9C 7C800000 0012FE7E 0012FE78 00AD04B8
 0012FE7E 0012FD25 7C98C0D8 7C929AEB 004F5050 00000002 0000FFFF 7FFDE000
 00252568 B7B6B5B4 00AD34C0 7C9231DC 00000011 0012FF28 00000100 00000004
 0012FE7C 0012FE7C 00000000 00AD3CC0 00AD0168 00000000 00AD3CC8 00000000
 0012FEC8 004CE6D8 00AD0000 00000000 004CE6E1 7C91E027 7C92392E FFFFFFFF
 00000024 0012FEB4 00000004 00000000 51EFA1FF 00000004 004CD840 00AD3CCC
 00000080 004C8825 0012FF14 004CD8D7 00000004 0012FF14 004CDA6A 00000000

Module information:
 D:\Spiele\OpenTTD\openttd.exe handle: 00400000 size: 1353728 crc: 2FFC558C date: 2007-05-29 18:46:46
 C:\WINDOWS\system32\ntdll.dll handle: 7C910000 size: 733696 crc: 56C42453 date: 2004-08-03 21:57:10
 C:\WINDOWS\system32\kernel32.dll handle: 7C800000 size: 1059328 crc: 878A6A6C date: 2006-11-13 18:09:58
 C:\WINDOWS\system32\WINMM.dll handle: 76AF0000 size: 178176 crc: 54E937C2 date: 2004-08-03 21:57:38
 C:\WINDOWS\system32\USER32.dll handle: 7E360000 size: 579072 crc: 83B958D8 date: 2007-03-08 15:36:30
 C:\WINDOWS\system32\GDI32.dll handle: 77EF0000 size: 281600 crc: 04693142 date: 2007-03-08 15:36:30
 C:\WINDOWS\system32\ADVAPI32.dll handle: 77DA0000 size: 677888 crc: 23CAF27D date: 2004-08-03 21:57:16
 C:\WINDOWS\system32\RPCRT4.dll handle: 77E50000 size: 581632 crc: DC99A9E4 date: 2005-11-11 02:23:06
 C:\WINDOWS\system32\WS2_32.dll handle: 71A10000 size: 82944 crc: 52750A2E date: 2004-08-03 21:57:40
 C:\WINDOWS\system32\msvcrt.dll handle: 77BE0000 size: 343040 crc: 0A2A7946 date: 2004-08-03 21:57:30
 C:\WINDOWS\system32\WS2HELP.dll handle: 71A00000 size: 19968 crc: E839B627 date: 2004-08-03 21:57:40
 C:\WINDOWS\system32\IMM32.DLL handle: 76330000 size: 110080 crc: CC88C1A0 date: 2004-08-03 21:57:22
 C:\WINDOWS\system32\WINTRUST.dll handle: 76BF0000 size: 176640 crc: 73F3B134 date: 2004-08-03 21:57:38
 C:\WINDOWS\system32\CRYPT32.dll handle: 77A50000 size: 602624 crc: FC4F0978 date: 2004-08-03 21:57:18
 C:\WINDOWS\system32\MSASN1.dll handle: 77AF0000 size: 57344 crc: 37DBC108 date: 2004-08-03 21:57:26
 C:\WINDOWS\system32\IMAGEHLP.dll handle: 76C50000 size: 144384 crc: DA63FF61 date: 2004-08-03 21:57:22
 C:\WINDOWS\system32\wdmaud.drv handle: 72C90000 size: 23552 crc: 47C9B021 date: 2004-08-03 22:58:28
 C:\WINDOWS\system32\msacm32.drv handle: 72C80000 size: 20992 crc: E6F1E346 date: 2001-08-18 10:00:00
 C:\WINDOWS\system32\MSACM32.dll handle: 77BB0000 size: 72192 crc: 4F83C9A6 date: 2004-08-03 21:57:26
 C:\WINDOWS\system32\midimap.dll handle: 77BA0000 size: 18944 crc: 9D83D9D8 date: 2004-08-03 21:57:24
 C:\WINDOWS\system32\ole32.dll handle: 774B0000 size: 1286656 crc: 78ADE62E date: 2006-10-10 17:12:56
 C:\WINDOWS\system32\uxtheme.dll handle: 5B0F0000 size: 219136 crc: 1CCB6FB9 date: 2006-04-11 18:09:46
 C:\Treiber\Logitech\SetPoint\IMHook.dll handle: 12300000 size: 10240 crc: C4421BAB date: 2006-09-01 08:46:38
 C:\WINDOWS\WinSxS\x86_Microsoft.VC80.CRT_1fc8b3b9a1e18e3b_8.0.50727.163_x-ww_681e29fb\MSVCR80.dll handle: 78130000 size: 626688 crc: 8EDD7BF4 date: 2006-06-05 12:14:28
 C:\WINDOWS\system32\NTMARTA.DLL handle: 77660000 size: 119296 crc: 0DB7DE58 date: 2004-08-03 21:57:32
 C:\WINDOWS\system32\WLDAP32.dll handle: 76F20000 size: 173056 crc: 13AEF378 date: 2004-08-03 21:57:38
 C:\WINDOWS\system32\SAMLIB.dll handle: 71B70000 size: 64000 crc: F4284D6C date: 2004-08-03 21:57:34
 C:\WINDOWS\system32\MSCTF.dll handle: 746A0000 size: 297472 crc: 0A4EBACE date: 2004-12-06 21:53:52
 C:\Treiber\Logitech\SetPoint\lgscroll.dll handle: 10100000 size: 44544 crc: ACDBF06E date: 2006-09-01 08:30:30
 C:\WINDOWS\WinSxS\x86_Microsoft.VC80.CRT_1fc8b3b9a1e18e3b_8.0.50727.163_x-ww_681e29fb\MSVCP80.dll handle: 7C420000 size: 548864 crc: 1604EB7B date: 2006-06-05 12:14:28
 C:\WINDOWS\system32\CLBCATQ.DLL handle: 76F90000 size: 498688 crc: E366AFBC date: 2006-10-10 17:12:48
 C:\WINDOWS\system32\COMRes.dll handle: 77010000 size: 846848 crc: 36F6CAE5 date: 2004-08-03 21:57:18
 C:\WINDOWS\system32\OLEAUT32.dll handle: 770F0000 size: 553472 crc: 44BAD7B8 date: 2004-08-03 21:57:32
 C:\WINDOWS\system32\VERSION.dll handle: 77BD0000 size: 18944 crc: 14F8DA2B date: 2004-08-03 21:57:38
 C:\WINDOWS\system32\dmime.dll handle: 5C900000 size: 181248 crc: 3672A64B date: 2004-08-03 21:57:18
 C:\WINDOWS\system32\DSOUND.dll handle: 73E70000 size: 367616 crc: 6BA90018 date: 2004-08-03 21:57:18
 C:\WINDOWS\system32\dmusic.dll handle: 6CE60000 size: 104448 crc: 0A743302 date: 2004-08-03 21:57:18
 C:\WINDOWS\system32\KsUser.dll handle: 73E40000 size: 4096 crc: 931FDB2C date: 2004-08-03 22:57:24
 C:\WINDOWS\system32\dmsynth.dll handle: 6CE80000 size: 103424 crc: 9FC739C1 date: 2004-08-03 21:57:18
 C:\WINDOWS\system32\dmloader.dll handle: 6CEF0000 size: 35840 crc: A2BBF945 date: 2004-08-03 21:57:18
 C:\WINDOWS\system32\msctfime.ime handle: 75250000 size: 177152 crc: 4F2CB557 date: 2004-08-03 21:55:28
 C:\WINDOWS\system32\mswsock.dll handle: 719B0000 size: 247296 crc: 2CF6ECFF date: 2004-08-03 21:57:30
 C:\WINDOWS\system32\hnetcfg.dll handle: 66710000 size: 348672 crc: 8F6C63C9 date: 2004-08-03 21:57:22
 C:\WINDOWS\System32\wshtcpip.dll handle: 719F0000 size: 19968 crc: 6AFA7EE1 date: 2004-08-03 21:57:40
 C:\WINDOWS\system32\dmstyle.dll handle: 6CEA0000 size: 105984 crc: A0D12062 date: 2004-08-03 21:57:18
 C:\WINDOWS\system32\dmband.dll handle: 6D0A0000 size: 28672 crc: 4B35CAF5 date: 2004-08-03 21:57:18
 C:\WINDOWS\system32\psapi.dll handle: 76BB0000 size: 23040 crc: 4963BF76 date: 2004-08-03 21:57:34

System information:
 Windows version 5.1 2600 S
