*** OpenTTD Crash Report ***

Crash at: Mon Aug 19 19:36:33 2013
In game date: 1975-01-01 (0)

Crash reason:
 Exception: C0000005
 Location:  000000013F95CE1C
 Message:   <none>

OpenTTD version:
 Version:    1.3.2 (0)
 NewGRF ver: 13286420
 Bits:       64
 Endian:     little
 Dedicated:  no
 Build date: Jul 27 2013 15:17:41

Registers:
 RAX: 0000000000000003 RBX: 00000000265BA240 RCX: 000000002D481A88 RDX: 000000000000E0B3
 RSI: 0000000000000000 RDI: 000000000000E033 RBP: 000000002D481A8B RSP: 000000000024EA30
 R8:  0000000000000080 R9:  0000000001DB5978 R10: 0000000000000000 R11: 0000000000000033
 R12: 0000000008414B41 R13: 0000000000000001 R14: 0FFFFFFFFFFFFFFF R15: 00000000FFFFFFF0
 RIP: 000000013F95CE1C EFLAGS: 00010246

 Bytes at instruction pointer:
 41 8A 42 20 88 45 00 48 FF C5 8A 43 18 2C 80 88 45 00 81 7B 08 34 E0 00

Stack trace:
 0000006F 00000000 00000000 00000000 00000000 00000000 3FA4AE97 00000001
 265BA240 00000000 26D97D07 00000000 00000001 00000000 08414B41 00000000
 00000012 00000000 3F95DAA0 00000001 05E5B421 00000000 00000000 00000000
 00000000 00000000 00000000 00000000 FFFFFF00 0000007C 2D481A80 00000000
 00000001 00000000 00000001 00000000 26D97CF6 00000000 0000000B 00000000
 00000001 00000000 00000217 00000000 00004901 00000000 3F95DF1C 00000001
 08414B41 00000000 26D97C01 00000000 FFFFFF01 FFFFFFFF 08414B41 00000000
 0024EB68 00000000 0000E050 00000001 40379230 00000001 26D97D10 00000000
 0000DC08 00000000 0024EBF8 00000000 00004901 00000000 3F941BD2 00000001
 08414B41 00000000 4031DC08 00000001 0000DC08 00000000 26D97CF6 00000000
 00000001 00000000 26D97CF6 00000000 40370002 00000001 3F777C66 00000001
 00000004 00000000 00000005 00000000 00000000 00000000 00000005 00000000
 26D97CF0 00000000 40313C60 00000001 00004913 00000000 3F947B1A 00000001
 26D97C0B 00000000 4031DC09 00000001 0000000B 00000000 0000001D 00000000
 00000003 00000001 26D97D10 00000000 26D97D10 00000000 FFFFFFFE FFFFFFFF
 00000005 00000000 3F947E33 00000001 08414B41 0000000A 00000020 00000000
 00000020 00000000 26613E90 00000000 FFFFFFFE FFFFFFFF 26D97CF0 00000000
 00004913 00000000 00000018 00000000 00000001 00000000 3F94928C 00000001
 00000003 00000000 00000005 00000000 00000018 00000000 262DFB90 00000000
 206F654D FFFFFFFF 000007B7 000B01CA 000000C3 00000000 00000001 00000000
 403F55F0 00000001 00000001 00000000 383DE7A6 00000000 262DFB90 00000000
 01D952F0 00000000 00000004 00000000 262E1920 00000000 3F78501E 00000001
 00000004 00000000 01D952EF 00000000 00000000 00000000 262D0000 00000000
 FFFFFFFE FFFFFFFF 2C97CE80 00000000 00000000 00000000 383DE788 00000000

Operating system:
 Name:     Windows
 Release:  6.1.7601 (Service Pack 1)
 Compiler: MSVC 1600

Configuration:
 Blitter:      32bpp-optimized
 Graphics set: OpenGFX (1021)
 Language:     E:\GAMES\~OpenTTD~\lang\English_USA_132.lng
 Music driver: win32
 Music set:    NoMusic (0)
 Network:      no
 Sound driver: win32
 Sound set:    OpenSFX (87)
 Video driver: win32

AI Configuration (local: 255):

Libraries:
 FreeType:   2.4.11
 ICU:        51.2
 LZMA:       5.0.4
 LZO:        2.06
 PNG:        1.5.14
 Zlib:       1.2.7

Module information:
 E:\GAMES\~OpenTTD~\openttd.exe handle: 000000013F760000 size: 13163520 crc: A8F39F29 date: 2013-07-27 15:21:52
 C:\Windows\SYSTEM32\ntdll.dll handle: 0000000077930000 size: 1731920 crc: 71D20A99 date: 2013-02-26 08:02:11
 E:\Program Files (x64)\Avast\snxhk64.dll handle: 000000006EBB0000 size: 302224 crc: DBF076BC date: 2013-05-09 08:58:11
 C:\Windows\system32\KERNEL32.dll handle: 0000000077710000 size: 1161216 crc: EC2F4AD5 date: 2013-02-26 08:03:13
 C:\Windows\system32\KERNELBASE.dll handle: 000007FEFD900000 size: 424448 crc: 2907A4D9 date: 2013-02-26 08:03:13
 C:\Windows\system32\WINMM.dll handle: 000007FEFB250000 size: 217600 crc: 7BC1529F date: 2009-07-14 01:41:56
 C:\Windows\system32\msvcrt.dll handle: 000007FEFEE30000 size: 634880 crc: 9D1B448A date: 2013-02-26 08:02:26
 C:\Windows\system32\USER32.dll handle: 0000000077830000 size: 1008128 crc: 70FF7D7F date: 2010-11-21 03:24:09
 C:\Windows\system32\GDI32.dll handle: 000007FEFDB60000 size: 403968 crc: 3D5BC405 date: 2010-11-21 03:24:03
 C:\Windows\system32\LPK.dll handle: 000007FEFEC20000 size: 41984 crc: 350AF03B date: 2009-07-14 01:41:19
 C:\Windows\system32\USP10.dll handle: 000007FEFEC30000 size: 800768 crc: ED52987B date: 2013-02-26 08:04:59
 C:\Windows\system32\WS2_32.dll handle: 000007FEFEED0000 size: 297984 crc: 0F68689B date: 2010-11-21 03:24:28
 C:\Windows\system32\RPCRT4.dll handle: 000007FEFED00000 size: 1219584 crc: 5217F07C date: 2010-11-21 03:24:02
 C:\Windows\system32\NSI.dll handle: 000007FEFDBD0000 size: 13824 crc: 53B46F6C date: 2009-07-14 01:41:53
 C:\Windows\system32\ADVAPI32.dll handle: 000007FEFEB40000 size: 877056 crc: FA615A20 date: 2009-07-14 01:40:01
 C:\Windows\SYSTEM32\sechost.dll handle: 000007FEFDB40000 size: 113664 crc: 978CFAE5 date: 2009-07-14 01:41:53
 C:\Windows\system32\SHELL32.dll handle: 000007FEFDDB0000 size: 14172672 crc: CD9AB1F6 date: 2013-05-16 07:02:23
 C:\Windows\system32\SHLWAPI.dll handle: 000007FEFF930000 size: 448512 crc: 086DF743 date: 2010-11-21 03:24:22
 C:\Windows\system32\IMM32.DLL handle: 000007FEFDC80000 size: 167424 crc: 41B2805A date: 2009-07-14 01:41:09
 C:\Windows\system32\MSCTF.dll handle: 000007FEFF0A0000 size: 1067008 crc: 798DDDA0 date: 2009-07-14 01:41:28
 C:\Windows\system32\ole32.dll handle: 000007FEFF310000 size: 2086912 crc: 72F91CD0 date: 2010-11-21 03:23:48
 C:\Windows\system32\uxtheme.dll handle: 000007FEFBD70000 size: 332288 crc: B0A13DF9 date: 2009-07-14 01:41:56
 E:\Program Files (x86)\Allsnap\snap_lib64.dll handle: 0000000180000000 size: 83456 crc: F71E9BEF date: 2010-06-27 19:25:34
 C:\Windows\WinSxS\amd64_microsoft.windows.common-controls_6595b64144ccf1df_5.82.7601.17514_none_a4d6a923711520a9\COMCTL32.dll handle: 000007FEFA660000 size: 633856 crc: E185C71D date: 2010-11-21 03:24:08
 C:\Windows\system32\dwmapi.dll handle: 000007FEFB970000 size: 82432 crc: A459F360 date: 2009-07-14 01:40:34
 C:\Windows\system32\CRYPTBASE.dll handle: 000007FEFD640000 size: 44032 crc: F547C16E date: 2009-07-14 01:40:24
 C:\Windows\system32\mswsock.dll handle: 000007FEFCF20000 size: 326144 crc: 136B1525 date: 2010-11-21 03:24:00
 C:\Windows\System32\wshtcpip.dll handle: 000007FEFC920000 size: 13312 crc: 5D1E2C55 date: 2009-07-14 01:41:58
 C:\Windows\system32\MMDevAPI.DLL handle: 000007FEFBF10000 size: 284160 crc: CDF2EF81 date: 2009-07-14 01:41:26
 C:\Windows\system32\PROPSYS.dll handle: 000007FEFC040000 size: 1212416 crc: B83FA3BE date: 2010-11-21 03:23:55
 C:\Windows\system32\OLEAUT32.dll handle: 000007FEFEF20000 size: 861696 crc: 1F331414 date: 2013-02-26 08:02:19
 C:\Windows\system32\wdmaud.drv handle: 000007FEFB1F0000 size: 217088 crc: 12829973 date: 2010-11-21 03:24:32
 C:\Windows\system32\ksuser.dll handle: 00000000752F0000 size: 5120 crc: AA2071D9 date: 2009-07-14 01:41:13
 C:\Windows\system32\AVRT.dll handle: 000007FEFBF00000 size: 18432 crc: 5CE53CB7 date: 2009-07-14 01:40:05
 C:\Windows\system32\SETUPAPI.dll handle: 000007FEFF520000 size: 1900544 crc: A364BD6A date: 2010-11-21 03:24:28
 C:\Windows\system32\CFGMGR32.dll handle: 000007FEFD8A0000 size: 207872 crc: 1984C339 date: 2010-11-21 03:24:00
 C:\Windows\system32\DEVOBJ.dll handle: 000007FEFD880000 size: 93184 crc: A7541AE2 date: 2009-07-14 01:40:28
 C:\Windows\system32\AUDIOSES.DLL handle: 000007FEFAFE0000 size: 296448 crc: 90389554 date: 2010-11-21 03:24:32
 C:\Windows\system32\msacm32.drv handle: 000007FEFAF80000 size: 25600 crc: 2B579A05 date: 2009-07-14 01:38:50
 C:\Windows\system32\MSACM32.dll handle: 000007FEFAF60000 size: 83456 crc: 3D67538B date: 2009-07-14 01:41:27
 C:\Windows\system32\midimap.dll handle: 000007FEFAF30000 size: 20480 crc: CB902A13 date: 2009-07-14 01:41:23
 C:\Windows\system32\CLBCatQ.DLL handle: 000007FEFDBE0000 size: 607744 crc: 939E35C9 date: 2009-07-14 01:40:15
 C:\Windows\system32\psapi.dll handle: 0000000077AF0000 size: 9216 crc: 84B5E9BA date: 2009-07-14 01:41:53

---- gamelog start ----
Tick 0: new game started
     Revision text changed to 1.3.2, savegame version 180, not modified, _openttd_newgrf_version = 0x13286420
     New game mode: 1 landscape: 0
     Added NewGRF: GRF ID 414B4108, checksum 40F98D79614DD9A51B16FEE8B8188F21, filename: xussr\xussr.grf (md5sum matches)
---- gamelog end ----

*** End of OpenTTD Crash Report ***

Decoded stack trace:
[00] openttd              0x000000013F95CE1C
[01] openttd              0x000000013F95DAA0
[02] openttd              0x000000013F95DF1C
[03] openttd              0x000000013F941BD2
[04] openttd              0x000000013F947B1A
[05] openttd              0x000000013F947E33
[06] openttd              0x000000013F94928C
[07] openttd              0x000000013F78501E
[08] openttd              0x000000013F781BF1
[09] openttd              0x000000013F7A3DB6
[10] openttd              0x000000013F7A4B9A
[11] openttd              0x000000013F989451
[12] openttd              0x000000013F7A35B7
[13] openttd              0x000000013F98B96A
[14] openttd              0x000000013FA5259C
[15] KERNEL32             0x000000007772652D BaseThreadInitThunk + 13
[16] ntdll                0x000000007795C521 RtlUserThreadStart + 33

*** End of additional info ***
