*** OpenTTD Crash Report ***
Date: 2009-02-27 19:27:55
Build: r15589 built on Feb 26 2009 19:22:32
Language: english.lng
Exception C0000005 at 0043471B
Registers:
 EAX: 6E756C46 EBX: 0013F1B0 ECX: 0013F3E5 EDX: 6E756C46
 ESI: 6E756C46 EDI: 0013F18C EBP: 0013F17C ESP: 0013F178
 EIP: 0043471B EFLAGS: 00010202

Bytes at CS:EIP:
 8A 16 B9 80 00 00 00 88 55 FD 84 D1 75 0A 0F B6 C2 89 07 33 C0 40 C9 C3

Stack trace: 
 0013F3E5 0013F190 00511A90 0013F3E5 00677E28 0013F3E5 0013F284 0043564F
 0013F3E5 0013F38C 00000000 7C91056D 0013F3E5 00000000 6E756C46 001A4CF8
 0013F1C8 7C910992 00677E28 00000038 0013F1EC 7C80B57C 0013F238 0013F21A
 00000003 004352EC 00000005 00000003 0013F21A 00435317 0013F224 00170000
 7C910732 00000045 00171378 00170000 001A05B0 0013F1FC 00434FF3 0013F440
 7C90EE18 7C910738 FFFFFFFF 7C910732 7C9106AB 7C9106EB 00000000 0013F774
 0013F74C 0013F2C8 0000002D 0013F258 00511A90 0013F3AC 00677E20 00000000
 0013F34C 0043642D 0000026D 02110D18 0013F388 00000000 00000003 0013F2B0
 80ACEE27 0013F290 00511A90 0013F384 00435749 00677E28 00000000 0013FBBF
 000002C2 02915570 0013F3C0 0013F304 0013F3E5 00000000 00E05164 01A6BAC4
 01B85A80 00000000 00677E20 00000000 0013FBF0 00675CF4 00000002 01B8558E
 00000000 0013F33C 00419224 00000000 00000001 01B7B8D0 0000018A 0000002D
 01B8556C 00675CF4 00000000 00000000 00000006 00000002 00000006 00000002
 0000018A 0013F350 003F0000 7C910732 00000052 003F15E8 003F0000 00000000
 0013F328 0013FBF0 003F0000 00000052 02B81AB8 0013F57C 7C912270 7C911596
 7C9106EB 7C9105D4 00000288 00000008 00020024 0013F4BC 00000002 7C914190
 7FFDA000 7C901005 0013F364 0013F3A8 00434BAB 00677E28 00000000 0013FBBF
 000002C2 02915570 0000FFFF 0013F3C0 0013FBC4 00434BC5 00677E20 0013FBBF
 00418933 0013FBBF 53BF80EE 65657263 6F68736E 75732074 73656363 6C756673
 7320796C 64657661 20736120 0013F327 02350000 0013F618 7C90EE18 7C910738
 FFFFFFFF 7C910732 7C9106AB 7C9106EB 7C9105D4 00000120 00000008 00000000
 02B81AC0 006B2160 00000002 7C91094E 0000FC0A 0013F3A0 0000000A 0013F6E0
 02B81D48 0013F774 00000008 0013F6F0 7C91402E 001A05B8 0013F4C8 7C910970
 00000008 7C9140EF 7C9140BB 00000000 006B20E8 00000000 00000002 00000040

Module information:
 c:\hry\OpenTTD\OpenTTD.exe handle: 00400000 size: 2588160 crc: 9981A37F date: 2009-02-26 18:26:32
 E:\WINDOWS\system32\ntdll.dll handle: 7C900000 size: 702976 crc: 8AD07FC0 date: 2004-08-17 13:48:58
 E:\WINDOWS\system32\kernel32.dll handle: 7C800000 size: 983040 crc: A30CDEAA date: 2007-04-16 15:54:40
 E:\WINDOWS\system32\WINMM.dll handle: 76B30000 size: 174592 crc: C1DD6CED date: 2004-08-17 13:49:22
 E:\WINDOWS\system32\USER32.dll handle: 7E360000 size: 577536 crc: AB036CBB date: 2007-03-08 15:38:40
 E:\WINDOWS\system32\GDI32.dll handle: 77F10000 size: 283648 crc: 9E16186A date: 2008-10-23 13:01:53
 E:\WINDOWS\system32\ADVAPI32.dll handle: 77DC0000 size: 683520 crc: 6B3A0E70 date: 2004-08-17 13:49:02
 E:\WINDOWS\system32\RPCRT4.dll handle: 77E70000 size: 584192 crc: DDB55C5B date: 2007-07-09 13:11:51
 E:\WINDOWS\system32\Secur32.dll handle: 77FE0000 size: 55808 crc: B262F8F4 date: 2004-08-17 13:49:18
 E:\WINDOWS\system32\WS2_32.dll handle: 71A90000 size: 82944 crc: FFA4CF1E date: 2004-08-17 13:49:22
 E:\WINDOWS\system32\msvcrt.dll handle: 77C00000 size: 343040 crc: 6A2686C9 date: 2004-08-17 13:49:14
 E:\WINDOWS\system32\WS2HELP.dll handle: 71A80000 size: 19968 crc: 4AC7C8FE date: 2004-08-17 13:49:22
 E:\WINDOWS\system32\IMM32.DLL handle: 76370000 size: 110080 crc: A4C51EE2 date: 2004-08-17 13:49:10
 E:\WINDOWS\system32\LPK.DLL handle: 62EF0000 size: 22016 crc: F8C02A96 date: 2004-08-17 13:49:10
 E:\WINDOWS\system32\USP10.dll handle: 75550000 size: 406528 crc: 2033F9A0 date: 2004-08-17 13:49:20
 E:\WINDOWS\system32\SHFolder.dll handle: 76770000 size: 25088 crc: F211D8FF date: 2004-08-17 13:49:18
 E:\WINDOWS\system32\SHLWAPI.dll handle: 77F60000 size: 474112 crc: 61BEFC9C date: 2008-02-16 09:05:48
 E:\WINDOWS\WinSxS\x86_Microsoft.Windows.Common-Controls_6595b64144ccf1df_6.0.2600.2982_x-ww_ac3f9c03\comctl32.dll handle: 773C0000 size: 1054208 crc: BA0D2FDF date: 2006-08-25 15:51:20
 E:\WINDOWS\system32\comctl32.dll handle: 5D5A0000 size: 617472 crc: B49B86FC date: 2006-08-25 15:51:22
 E:\WINDOWS\system32\WINTRUST.dll handle: 76C20000 size: 176640 crc: 40693C80 date: 2004-08-17 13:49:22
 E:\WINDOWS\system32\CRYPT32.dll handle: 77A70000 size: 600576 crc: E19980D6 date: 2004-08-17 13:49:04
 E:\WINDOWS\system32\MSASN1.dll handle: 77B10000 size: 57344 crc: F07BCC59 date: 2004-08-17 13:49:12
 E:\WINDOWS\system32\IMAGEHLP.dll handle: 76C80000 size: 144384 crc: 20A7ACDC date: 2004-08-17 13:49:10
 E:\WINDOWS\system32\wdmaud.drv handle: 72CE0000 size: 23552 crc: EBECCDA4 date: 2004-08-17 15:49:30
 E:\WINDOWS\system32\msacm32.drv handle: 72CD0000 size: 20480 crc: D2823952 date: 2001-10-25 11:00:00
 E:\WINDOWS\system32\MSACM32.dll handle: 77BD0000 size: 71680 crc: D3683295 date: 2004-08-17 13:49:12
 E:\WINDOWS\system32\midimap.dll handle: 77BC0000 size: 18944 crc: D659D067 date: 2004-08-17 13:49:12
 E:\WINDOWS\system32\ole32.dll handle: 774D0000 size: 1284608 crc: A542E856 date: 2005-07-26 04:42:51
 E:\WINDOWS\system32\uxtheme.dll handle: 5B250000 size: 219648 crc: 73971511 date: 2008-10-13 18:26:18
 E:\WINDOWS\system32\MSCTF.dll handle: 746F0000 size: 294912 crc: 98839FC9 date: 2008-02-26 12:01:27
 E:\Program Files\trayit\TrayIt4!.dll handle: 494E0000 size: 7680 crc: 54262E3E date: 2007-07-06 21:07:48
 E:\WINDOWS\system32\CLBCATQ.DLL handle: 76FC0000 size: 498688 crc: 134E70A0 date: 2005-07-26 04:42:50
 E:\WINDOWS\system32\COMRes.dll handle: 77040000 size: 806912 crc: ECC3A078 date: 2004-08-17 13:49:04
 E:\WINDOWS\system32\OLEAUT32.dll handle: 77110000 size: 550912 crc: EE15264B date: 2007-12-04 18:41:56
 E:\WINDOWS\system32\VERSION.dll handle: 77BF0000 size: 18944 crc: 07A7952F date: 2004-08-17 13:49:20
 E:\WINDOWS\system32\dmime.dll handle: 60D60000 size: 181248 crc: F1F24A6B date: 2004-08-17 13:49:06
 E:\WINDOWS\system32\DSOUND.dll handle: 73ED0000 size: 367616 crc: AA126B1F date: 2004-08-17 13:49:06
 E:\WINDOWS\system32\dmusic.dll handle: 6CF00000 size: 104448 crc: A279DE73 date: 2004-08-17 13:49:06
 E:\WINDOWS\system32\KsUser.dll handle: 73EA0000 size: 4096 crc: A00D5272 date: 2004-08-17 14:49:10
 E:\WINDOWS\system32\dmsynth.dll handle: 6CF20000 size: 103424 crc: 0C61433F date: 2004-08-17 13:49:06
 E:\WINDOWS\system32\dmloader.dll handle: 6CF90000 size: 35840 crc: C427F6C0 date: 2004-08-17 13:49:06
 E:\WINDOWS\system32\apphelp.dll handle: 77B30000 size: 126976 crc: 06D73CD9 date: 2004-08-17 13:49:04
 E:\WINDOWS\system32\msctfime.ime handle: 751A0000 size: 177152 crc: E8CFA9FB date: 2004-08-17 13:48:22
 E:\WINDOWS\system32\mslbui.dll handle: 60AE0000 size: 25600 crc: 4997855E date: 2004-08-17 13:49:14
 E:\Program Files\DisplayFusion\DisplayFusionHookx86.dll handle: 10000000 size: 48304 crc: E1102924 date: 2009-01-18 20:33:30
 E:\WINDOWS\system32\mswsock.dll handle: 71A30000 size: 247296 crc: 639253AD date: 2008-06-20 17:42:16
 E:\WINDOWS\system32\hnetcfg.dll handle: 698B0000 size: 345088 crc: 31FEBF7B date: 2004-08-17 13:49:08
 E:\WINDOWS\System32\wshtcpip.dll handle: 71A70000 size: 19968 crc: 1F23F4FE date: 2004-08-17 13:49:22
 E:\Program Files\Synergy\synrgyhk.dll handle: 01500000 size: 24576 crc: 0B0B6756 date: 2006-04-02 20:20:00
 E:\WINDOWS\ime\sptip.dll handle: 5C7B0000 size: 272384 crc: 906E0065 date: 2004-08-17 13:49:18
 E:\WINDOWS\system32\OLEACC.dll handle: 74C50000 size: 163328 crc: BB33D559 date: 2001-10-25 11:00:00
 E:\WINDOWS\system32\MSVCP60.dll handle: 76060000 size: 413696 crc: B920C140 date: 2004-08-17 13:49:14
 E:\WINDOWS\IME\SPGRMR.DLL handle: 20000000 size: 62976 crc: 89D436E7 date: 2004-08-17 13:48:42
 E:\Program Files\totalcmd\Plugins\WLX\IEView\ieview.wlx handle: 01520000 size: 118784 crc: 9BA0F354 date: 2005-07-14 21:35:30
 E:\WINDOWS\system32\psapi.dll handle: 76BE0000 size: 23040 crc: 1FA9C6D7 date: 2004-08-17 13:49:16

System information:
 Windows version 5.1 2600 Service Pack 2

---- gamelog start ----
Tick 0: new game started
     Revision text changed to r14876, savegame version 105, not modified, _openttd_newgrf_version = 0x07003a1c
     New game mode: 1 landscape: 0
Tick 238: cheat was used
     New game mode: 1 landscape: 3
Tick 238: cheat was used
     New game mode: 1 landscape: 0
Tick 238: cheat was used
     New game mode: 1 landscape: 3
Tick 238: cheat was used
     New game mode: 1 landscape: 0
Tick 238: cheat was used
     New game mode: 1 landscape: 3
Tick 238: cheat was used
     New game mode: 1 landscape: 0
Tick 238: cheat was used
     New game mode: 1 landscape: 1
Tick 238: cheat was used
     New game mode: 1 landscape: 2
Tick 238: cheat was used
     New game mode: 1 landscape: 3
Tick 238: cheat was used
     New game mode: 1 landscape: 0
Tick 238: settings changed
     Setting changed: vehicle.never_expire_vehicles : 0 -> 1
Tick 238: settings changed
     Setting changed: vehicle.dynamic_engines : 0 -> 1
Tick 238: settings changed
     Setting changed: order.improved_load : 0 -> 1
Tick 238: settings changed
     Setting changed: station.always_small_airport : 0 -> 1
Tick 4232: game loaded
     Revision text changed to r15297, savegame version 112, not modified, _openttd_newgrf_version = 0x07003bc1
Tick 35106: game loaded
     Revision text changed to r15581, savegame version 113, not modified, _openttd_newgrf_version = 0x07003cdd
Tick 60051: game loaded
     Revision text changed to r15589, savegame version 113, not modified, _openttd_newgrf_version = 0x07003ce5
---- gamelog end ----
