*** OpenTTD Crash Report ***

Crash at: Sat Jul 24 12:19:35 2010
In game date: 2221-04-18 (70)

Crash reason:
 Signal:  Abort trap (6)
 Message: Assertion failed at line 168 of /Users/ingo/ottd/trunk/src/vehicle.cpp: (this->vehstatus & VS_CRASHED) == 0

OpenTTD version:
 Version:    ha146f5ec (0)
 NewGRF ver: 11004ef2
 Bits:       64
 Endian:     little
 Dedicated:  no
 Build date: Jul 23 2010 21:54:19


Stacktrace:
 [00] openttd              0x000000010018836b (CrashLog::FillCrashLog(char*, char const*) const + 331)
 [01] openttd              0x0000000100285644 (HandleCrash(int) + 228)
 [02] libSystem.B.dylib    0x00007fff858b335a (_sigtramp + 26)

Operating system:
 Name:     Mac OS X
 Release:  10.6.4
 Machine:  Intel 80486
 Min Ver:  1050
 Compiler: GCC 4.2.1 "4.2.1 (Apple Inc. build 5659)"

Configuration:
 Blitter:      8bpp-optimized
 Graphics set: OpenGFX (462)
 Language:     german.lng
 Music driver: cocoa
 Music set:    OpenMSX (87)
 Network:      no
 Sound driver: cocoa
 Sound set:    OpenSFX (87)
 Video driver: cocoa

AI Configuration (local: 0):
  0: Human

Libraries:
 FreeType:   2.3.12
 ICU:        4.3.4
 LZO:        2.03
 PNG:        1.2.43
 Zlib:       1.2.5

---- gamelog start ----
Tick 58038: game loaded
     Conversion from OTTD savegame without gamelog: version 74, 0
     Revision text changed to ha146f5ec, savegame version 143, not modified, _openttd_newgrf_version = 0x11004ef2
     New game mode: 1 landscape: 0
     Added NewGRF: GRF ID 535A0501, checksum 44B7893026BB8599A79DFAB05C3149AB, filename: ottdc_grfpack/4_infrastructure/b_newbridges/newbridgesW.GRF
     Added NewGRF: GRF ID 83320111, checksum F02D1EE81E33E8D0F3E1BA505AA29E78, filename: ottdc_grfpack/4_infrastructure/b_newcanti/newcantiw.grf
     Added NewGRF: GRF ID 44440201, checksum DBEE7FED4B51E27E53FB7A14E283BE38, filename: ottdc_grfpack/4_infrastructure/b_pb_viaduct/pb_viaduct.grf
     Added NewGRF: GRF ID 44470000, checksum 840B1A2DDDE83A56C3F65C601C8C4C6F, filename: ottdc_grfpack/4_infrastructure/dep/dep2.1w.GRF
     Added NewGRF: GRF ID 4D4C0100, checksum 1E2A243600434194FB100E72E507D5EF, filename: ottdc_grfpack/4_infrastructure/dutchcat/dutchcatw.grf
     Added NewGRF: GRF ID 58534601, checksum 527CAE8C910E9F7C16579D9FB7664B28, filename: ottdc_grfpack/z_obsolete/brickfoundations/foundw.grf
     Added NewGRF: GRF ID 46420801, checksum 6FF6391EE9F93C8AC0C7AA8E40AA9CD8, filename: new_tram_tracks.0.4.1/newtramtracksw_v0.4.1.grf
     Added NewGRF: GRF ID 73660201, checksum C9FD8374149E4372158C178A3F37E05C, filename: ottdc_grfpack/4_infrastructure/a_ngrails/ngrailsw.grf
     Added NewGRF: GRF ID 44442301, checksum D6DABF4E1803911F2BADE94641A944C8, filename: modified_building_costs.1/pb_build.grf
     Added NewGRF: GRF ID 43415261, checksum 4434122205A28780BFFA90078BF20C56, filename: ottdc_grfpack/4_infrastructure/naroads/NARoadsw.grf
     Added NewGRF: GRF ID 83310111, checksum 2B1EA7D9A8117D9EC79A125E7C9966D9, filename: ottdc_grfpack/4_infrastructure/cantilever/cantilever11w.grf
     Added NewGRF: GRF ID 52455400, checksum 1600687C50C5AB1E72EDD487CAD50E2A, filename: coded_by_aegir._artwork_by_aegir-1/ae_cityw.grf
     Added NewGRF: GRF ID 52455200, checksum 0E5A9C5ACD2BCAF7FA0658C3F905A660, filename: rural_stations-1/ae_ruraw.grf
     Added NewGRF: GRF ID 52455300, checksum 37C0B839B13C4B18051580C81EEDF427, filename: suburban_stations-1/ae_subuw.grf
     Added NewGRF: GRF ID 45520102, checksum 1406B06F6475037445A944963CA6D5CE, filename: ottdc_grfpack/7_stations/basic_platforms/basic_platformsw.grf
     Added NewGRF: GRF ID 45520400, checksum 1D00426064137AA49B6FC4F4BCFF173F, filename: ottdc_grfpack/7_stations/brickfreight/brickfreightw.GRF
     Added NewGRF: GRF ID 504E0002, checksum 6E6944E09CE6C3AC130DF72C542EE4B1, filename: generic_buffers.0.1/buffers.grf
     Added NewGRF: GRF ID 43415463, checksum 2CBDC0B4D62CAAA5D9D5A7328D9D91E1, filename: ottdc_grfpack/7_stations/canstn/canstnw.grf
     Added NewGRF: GRF ID 58534453, checksum 259085706CF46918EDBFD75CD10357E4, filename: ottdc_grfpack/7_stations/dutchstat/dutchstatw.grf
     Added NewGRF: GRF ID 54570604, checksum 09E2627CACBE087959BCD2B86A07DB4E, filename: ottdc_grfpack/z_obsolete/harbour/harbourw_456.grf
     Added NewGRF: GRF ID 4A430002, checksum EC02595E5FEE45AD829CC08EAC7B9336, filename: diverse/grfpack_add/indstatrw_010.grf
     Added NewGRF: GRF ID 4A430000, checksum A8B0E3328517AF70653FBDF7CDAFE005, filename: ottdc_grfpack/z_obsolete/jcindsta/jcindstaw.grf
     Added NewGRF: GRF ID 45530400, checksum 0CB1191FF67BA594F64B2934CFAEDF58, filename: ottdc_grfpack/7_stations/jpstats/jpstatsw.grf
     Added NewGRF: GRF ID 45520500, checksum 7E30CA79D5A8B3A6CBE873E26096D7D2, filename: ottdc_grfpack/7_stations/modernsuburban/modernsuburbanw.GRF
     Added NewGRF: GRF ID 6D620601, checksum 44EB2F155862E4D4F0AB671D7021AF54, filename: ottdc_grfpack/7_stations/newstats/newstatsw.grf
     Added NewGRF: GRF ID 45520600, checksum 346457CB4632554B6A175785236883E4, filename: ottdc_grfpack/z_obsolete/platforms/platformsw.GRF
     Added NewGRF: GRF ID 504E0001, checksum E7781323D2B0086E2E76342DAA036054, filename: ottdc_grfpack/7_stations/ukwaypoints/ukwaypointsw.grf
     Added NewGRF: GRF ID 54570200, checksum 3DEB9B30A6254AE8606A5A9A99A9A696, filename: ottdc_grfpack/7_stations/usstats/usstatsw.grf
     Added NewGRF: GRF ID 4D656F17, checksum 9FBA916CA3C6951B473487615A07B816, filename: ottdc_grfpack/8_vehicles/road_vehicles/4LV/4LVw.grf
     Added NewGRF: GRF ID 6D620004, checksum 70649F1AFC954942173B0AA89C1E8B14, filename: ottdc_grfpack/8_vehicles/ships/newships/newshipsw.grf
     Added NewGRF: GRF ID 659E5728, checksum FED34CAF200387A091F5E59911060746, filename: ottdc_grfpack/9_last/shiptool/shiptoolv4.grf
     Added NewGRF: GRF ID 43415361, checksum C6EBB046D1A13046984FB94CB30C8656, filename: ottdc_grfpack/z_obsolete/canset/cansetw.grf
     Compatible NewGRF loaded: GRF ID 46420801, checksum 2D654630F22AA4C78A58710024C514B3, filename: new_tram_tracks.0.4.1/newtramtracksw_v0.4.1.grf
     Compatible NewGRF loaded: GRF ID 73660201, checksum A48EECE8456F718D569150FE2EC18C1A, filename: ottdc_grfpack/4_infrastructure/a_ngrails/ngrailsw.grf
     Compatible NewGRF loaded: GRF ID 43415261, checksum 808FD3F3D2863F86DD18B18AA6C4E990, filename: ottdc_grfpack/4_infrastructure/naroads/NARoadsw.grf
     Compatible NewGRF loaded: GRF ID 43415463, checksum 422B1603DC1CEDA4E59E715E12EAD332, filename: ottdc_grfpack/7_stations/canstn/canstnw.grf
     Compatible NewGRF loaded: GRF ID 58534453, checksum 2E100BCA91DB8371CD9D57DBEC3AB0C8, filename: ottdc_grfpack/7_stations/dutchstat/dutchstatw.grf
     Compatible NewGRF loaded: GRF ID 659E5728, checksum A63335CE72E5E4844675C4632598B76B, filename: ottdc_grfpack/9_last/shiptool/shiptoolv4.grf
---- gamelog end ----

*** End of OpenTTD Crash Report ***
