*** OpenTTD Crash Report ***
Date: 2001-11-12 01:39:00
Build: 0.7.0-beta1 built on Feb 16 2009 23:32:26
Language: czech.lng
Exception C0000005 at 0046C96F
Registers:
 EAX: 00000000 EBX: 00000000 ECX: 00000027 EDX: 000000D6
 ESI: 0225AFA0 EDI: 00000000 EBP: 0012FA78 ESP: 0012FA74
 EIP: 0046C96F EFLAGS: 00010246

Bytes at CS:EIP:
 8B 48 20 85 C9 75 05 8B 55 08 EB 1B 7E 07 8B 55 08 D3 E2 EB 12 33 D2 42

Stack trace: 
 0225AFA0 00000000 004471C4 00000000 FFFFFFFC 000000FE 00000167 0012FABC
 00000000 00D9C300 004474E4 000000FE 00000167 00000000 0000019C 00040122
 00000001 00000000 00000000 004477DA 00000000 00000000 000000FE 00000167
 0012FB5C 00000000 00528FA6 0012FBC4 00528B60 00000000 008CB420 00000000
 00000000 00000102 0012FB40 74731334 0001010F 00000000 00000001 74731339
 00000000 7FFDE000 00000102 00C80000 0001010F 0012FB14 74730E6F 0012FB88
 7475F11E 74731340 FFFFFFFF 74731339 7E41EAD2 00000000 00000001 0012FBDC
 00000000 0012FC90 0012FB88 7E418724 00040122 00000200 00000001 00FE0167
 00528B60 DCBAABCD 00000000 0012FBC4 00528B60 0012FBF0 7E418806 00528B60
 00040122 00000200 00000001 00FE0167 0012FC98 0012FC90 008BB0B0 00000014
 00000001 00000000 00000000 00000010 00000000 00000030 00000000 00000000
 00000000 0012FBA4 0012F698 0012FC40 7E440477 7E418820 00000000 0012FC50
 7E4189BD 00000000 00528B60 00040122 00000200 00000001 00FE0167 008BB0C4
 00000001 005A353E 7E41928B 00000000 0012FC50 7E4193F2 0012FC90 00000001
 00000000 0012FC18 0012F698 0012FFB0 7E440477 7E4189E0 FFFFFFFF 0012FC60
 7E418A00 0012FC90 00000000 00000000 00529605 0012FC90 0068A9F0 00D080B8
 0012FD14 00000000 00000006 005A353E 005A355C 00000000 00000000 00040122
 00000200 00000001 00FE0167 005A3552 00000227 0000019C 0042A189 0012FD2C
 00000001 00000001 01000001 00000000 00000000 00000000 00000000 00D080A0
 FFFFFFFF FFFFFFFF 00000000 00000000 00000000 FFFFFFFF 00000000 0012FF30
 00000000 00000000 00000000 FFFFFFFF 0012FE34 0062C4C8 00000000 00001F91
 0012FF30 004452F1 00000001 0012FE30 FFFFFFFE 00000000 5C3A4322 676F7250
 206D6172 656C6946 6F525C73 74736B63 47207261 73656D61 65706F5C 6474746E
 6578652E 00002000 0000000D 00000005 003D0178 003D7178 003D0178 00000004

Module information:
 C:\Program Files\Rockstar Games\openttd.exe handle: 00400000 size: 2581504 crc: 747E5D10 date: 2009-02-16 22:36:28
 C:\WINDOWS\system32\ntdll.dll handle: 7C900000 size: 708096 crc: A5A50370 date: 2004-08-03 23:56:38
 C:\WINDOWS\system32\kernel32.dll handle: 7C800000 size: 985600 crc: 25E9580E date: 2007-05-25 05:16:31
 C:\WINDOWS\system32\WINMM.dll handle: 76B40000 size: 176128 crc: 123646FA date: 2004-08-03 23:56:48
 C:\WINDOWS\system32\USER32.dll handle: 7E410000 size: 578048 crc: DBF908BB date: 2007-05-25 05:18:00
 C:\WINDOWS\system32\GDI32.dll handle: 77F10000 size: 282112 crc: 8F3D40E3 date: 2007-05-25 05:16:23
 C:\WINDOWS\system32\ADVAPI32.dll handle: 77DD0000 size: 616960 crc: 5E7A2F0A date: 2004-08-03 23:56:42
 C:\WINDOWS\system32\RPCRT4.dll handle: 77E70000 size: 582656 crc: F26AFEEB date: 2007-05-25 05:17:34
 C:\WINDOWS\system32\WS2_32.dll handle: 71AB0000 size: 82944 crc: 9738CC56 date: 2004-08-03 23:56:48
 C:\WINDOWS\system32\msvcrt.dll handle: 77C10000 size: 343040 crc: 22FF0A89 date: 2007-05-25 05:17:12
 C:\WINDOWS\system32\WS2HELP.dll handle: 71AA0000 size: 19968 crc: F5DD5AB6 date: 2004-08-03 23:56:48
 C:\WINDOWS\system32\SHFolder.dll handle: 76780000 size: 25088 crc: 2EC7582B date: 2004-08-03 23:56:46
 C:\WINDOWS\system32\SHLWAPI.dll handle: 77F60000 size: 474112 crc: 521D0CB3 date: 2007-05-25 05:17:48
 C:\WINDOWS\WinSxS\x86_Microsoft.Windows.Common-Controls_6595b64144ccf1df_6.0.2600.2982_x-ww_ac3f9c03\comctl32.dll handle: 773D0000 size: 1054208 crc: 58D6578C date: 2007-05-25 05:18:18
 C:\WINDOWS\system32\comctl32.dll handle: 5D090000 size: 617472 crc: 232F6674 date: 2007-05-25 05:16:12
 C:\WINDOWS\system32\WINTRUST.dll handle: 76C30000 size: 176640 crc: 88D208BD date: 2004-08-03 23:56:48
 C:\WINDOWS\system32\CRYPT32.dll handle: 77A80000 size: 597504 crc: 971ECFAA date: 2004-08-03 23:56:42
 C:\WINDOWS\system32\MSASN1.dll handle: 77B20000 size: 57344 crc: D5127637 date: 2004-08-03 23:56:44
 C:\WINDOWS\system32\IMAGEHLP.dll handle: 76C90000 size: 144384 crc: 714A70BC date: 2004-08-03 23:56:44
 C:\WINDOWS\system32\wdmaud.drv handle: 72D20000 size: 23552 crc: 982E84EE date: 2007-05-25 05:25:37
 C:\WINDOWS\system32\msacm32.drv handle: 72D10000 size: 20480 crc: D5406BAE date: 2001-08-23 12:00:00
 C:\WINDOWS\system32\MSACM32.dll handle: 77BE0000 size: 71680 crc: 6A21891E date: 2004-08-03 23:56:44
 C:\WINDOWS\system32\midimap.dll handle: 77BD0000 size: 18944 crc: 502B5282 date: 2004-08-03 23:56:44
 C:\WINDOWS\system32\ole32.dll handle: 774E0000 size: 1286656 crc: F1B49E76 date: 2007-05-25 05:17:26
 C:\WINDOWS\system32\MSCTF.dll handle: 74720000 size: 297984 crc: CD036DE4 date: 2007-05-25 05:16:58
 C:\WINDOWS\system32\SynTPFcs.dll handle: 63000000 size: 65536 crc: EE1930BE date: 2001-09-28 04:01:32
 C:\WINDOWS\system32\VERSION.dll handle: 77C00000 size: 18944 crc: CFE439BB date: 2004-08-03 23:56:48
 C:\WINDOWS\system32\CLBCATQ.DLL handle: 76FD0000 size: 498688 crc: 617021B5 date: 2007-05-25 05:16:11
 C:\WINDOWS\system32\COMRes.dll handle: 77050000 size: 792064 crc: 5A12B4A2 date: 2004-08-03 23:56:42
 C:\WINDOWS\system32\OLEAUT32.dll handle: 77120000 size: 553472 crc: 78035CFF date: 2004-08-03 23:56:46
 C:\WINDOWS\system32\dmime.dll handle: 5C570000 size: 181248 crc: F18E50F8 date: 2004-08-03 23:56:44
 C:\WINDOWS\system32\DSOUND.dll handle: 73F10000 size: 367616 crc: F0EFB582 date: 2004-08-03 23:56:44
 C:\WINDOWS\system32\dmusic.dll handle: 6C980000 size: 104448 crc: 0C1C73CE date: 2004-08-03 23:56:44
 C:\WINDOWS\system32\KsUser.dll handle: 73EE0000 size: 4096 crc: 519CF22C date: 2004-08-03 22:56:44
 C:\WINDOWS\system32\dmsynth.dll handle: 6C9A0000 size: 103424 crc: ECEFF055 date: 2004-08-03 23:56:44
 C:\WINDOWS\system32\dmloader.dll handle: 6CA10000 size: 35840 crc: CCCBFD58 date: 2004-08-03 23:56:44
 C:\WINDOWS\system32\mswsock.dll handle: 71A50000 size: 245248 crc: E2309390 date: 2004-08-03 23:56:46
 C:\WINDOWS\system32\hnetcfg.dll handle: 662B0000 size: 344064 crc: 6CF15ACF date: 2004-08-03 23:56:44
 C:\WINDOWS\System32\wshtcpip.dll handle: 71A90000 size: 19968 crc: B88CC0E5 date: 2004-08-03 23:56:48
 C:\WINDOWS\system32\DNSAPI.dll handle: 76F20000 size: 147456 crc: 793D5622 date: 2007-05-25 05:16:17
 C:\WINDOWS\System32\winrnr.dll handle: 76FB0000 size: 16896 crc: F415B2FF date: 2004-08-03 23:56:48
 C:\WINDOWS\system32\WLDAP32.dll handle: 76F60000 size: 172032 crc: 5FAE75A9 date: 2004-08-03 23:56:48
 C:\WINDOWS\system32\rasadhlp.dll handle: 76FC0000 size: 7680 crc: 1B4FA6E5 date: 2007-05-25 05:17:31
 C:\WINDOWS\system32\psapi.dll handle: 76BF0000 size: 23040 crc: 97A44A88 date: 2004-08-03 23:56:46

System information:
 Windows version 5.1 2600 Service Pack 2

---- gamelog start ----
Tick 0: new game started
     Revision text changed to 0.7.0-beta1, savegame version 113, maybe modified, _openttd_newgrf_version = 0x07003c8e
     New game mode: 1 landscape: 0
Tick 0: GRF config changed
     Added NewGRF: GRF ID 4A430002, checksum 0728ADCB4DF2F1EB9247ABD449296F4E, filename: industrial_stations_renewal.0.8.0\indstatrw.grf
---- gamelog end ----
