*** OpenTTD Crash Report ***

Crash at: Fri Jan 13 19:13:43 2012
In game date: 2037-02-07 (9)

Crash reason:
 Exception: E1212012
 Location:  7C812AFB
 Message:   Assertion failed at line 810 of ..\src\newgrf_text.cpp: _grf_text[stringid].grfid != 0

OpenTTD version:
 Version:    r23787 (0)
 NewGRF ver: 12005ceb
 Bits:       32
 Endian:     little
 Dedicated:  no
 Build date: Jan 11 2012 19:02:38

Registers:
 EAX: 0012DA10 EBX: 00000016 ECX: 00000000 EDX: 00C4BE40
 ESI: 00000000 EDI: 00000000 EBP: 0012DA60 ESP: 0012DA0C
 EIP: 7C812AFB EFLAGS: 00000246

 Bytes at instruction pointer:
 5E C9 C2 10 00 85 FF 0F 8E 36 93 FF FF 8B 55 FC 89 55 0C 0F B7 16 8B 7D

Stack trace:
 00C4B71C E1212012 00000000 00000000 7C812AFB 00000000 00000028 00200C1E
 00000000 00CAE9C8 00C073B0 00000010 00000000 00000000 00000000 00000000
 00000000 7C90D80A 7C9132F0 FFFFFFFF 00000024 0012DAC0 005D8D97 E1212012
 00000000 00000000 00000000 006ACF5C 00000016 5980F65E 0012DAD8 00000200
 00000000 0012DAAC 7E466579 00000000 7C90D80A 005D8D87 00000001 0012DA80
 0012D628 0012E02C 006B24E0 5953EC96 FFFFFFFE 0012DCD8 006AC525 00000016
 0043647B 0694F348 000086E8 65737341 6F697472 6166206E 64656C69 20746120
 656E696C 30313820 20666F20 735C2E2E 6E5C6372 72677765 65745F66 632E7478
 203A7070 6672675F 7865745F 74735B74 676E6972 2E5D6469 69667267 3D212064
 04003020 043E0441 0430043C 04350442 04380440 043B0430 0000044B 02741E78
 0012DC18 7C910041 012606E8 7C91005D 0691F7E8 0012DCA8 00000000 00003098
 00000000 00004000 00000000 00000020 00000016 00000005 00000000 00000000
 00000000 00000000 00000000 00000003 00740000 00610072 00730073 00310061
 0073002E 00000000 00000018 00000010 0073002E 00000028 0000006D 00000000
 0012DC00 00150000 7C910222 00000045 00151378 00150000 00158DB8 0012DBD8
 0012DF8C 0012DE1C 7C90E920 7C910228 FFFFFFFF 7C910222 7C91019B 7C9101DB
 00000000 0012E15C 0012E150 0012DC40 00C4D084 00000005 00000000 7C80189C
 00D10B60 0012DC40 0012DC44 00000003 0012DC4C 00000000 7C9100B8 068EDA50
 0012DD18 00000000 068CC060 0012DC68 0012DC6C 00000028 7C0000B8 00000000
 0694F348 7C910041 0012E02C 00000018 7C0001E0 01260000 0012DA7C 006A82DF
 0012E02C 7C90E920 7C9101E0 FFFFFFFF 7C9101DB 006A82DF 01260000 00000000
 00000010 00000000 00000000 00000000 0012DCD8 006A8963 00000010 00000000
 00000000 0694F348 00C30050 0012E03C 005AB3C1 00B9ABBC 0000032A 00C04754
 00C04960 00C30050 0044A30D 0000E05B 00C30050 00000000 0012E403 006A82DF

Operating system:
 Name:     Windows
 Release:  5.1.2600 (Service Pack 3)
 Compiler: MSVC 1600

Configuration:
 Blitter:      32bpp-optimized
 Graphics set: original_windows (0)
 Language:     F:\GAMES\OpenTTD\lang\russian.lng
 Music driver: dmusic
 Music set:    NoMusic (0)
 Network:      no
 Sound driver: win32
 Sound set:    NoSound (2)
 Video driver: win32

AI Configuration (local: 0):
  0: Human

Libraries:
 FreeType:   2.4.5
 ICU:        4.4.2
 LZMA:       5.0.3
 LZO:        2.05
 PNG:        1.5.4
 Zlib:       1.2.5

Module information:
 F:\GAMES\OpenTTD\openttd.exe handle: 00400000 size: 8724992 crc: 62CDFD5F date: 2012-01-11 15:06:56
 C:\WINDOWS\system32\ntdll.dll handle: 7C900000 size: 718336 crc: EA097CED date: 2010-12-09 15:15:09
 C:\WINDOWS\system32\kernel32.dll handle: 7C800000 size: 989696 crc: 8A0508E5 date: 2009-03-21 14:06:58
 C:\WINDOWS\system32\WINMM.dll handle: 76B40000 size: 176128 crc: 2D7A3E5F date: 2011-10-14 14:47:29
 C:\WINDOWS\system32\ADVAPI32.dll handle: 77DD0000 size: 617472 crc: C9027432 date: 2009-02-09 12:10:48
 C:\WINDOWS\system32\RPCRT4.dll handle: 77E70000 size: 590848 crc: E9ECB923 date: 2010-08-16 08:45:00
 C:\WINDOWS\system32\Secur32.dll handle: 77FE0000 size: 56832 crc: 3D0002B7 date: 2009-06-25 08:25:26
 C:\WINDOWS\system32\GDI32.dll handle: 77F10000 size: 286720 crc: B5F6B116 date: 2008-10-23 12:36:14
 C:\WINDOWS\system32\USER32.dll handle: 7E410000 size: 578560 crc: F7C72264 date: 2008-04-14 02:42:10
 C:\WINDOWS\system32\WS2_32.dll handle: 71AB0000 size: 82432 crc: 7C519ECA date: 2008-04-14 02:42:12
 C:\WINDOWS\system32\msvcrt.dll handle: 77C10000 size: 343040 crc: 0B7B1677 date: 2008-04-14 02:42:02
 C:\WINDOWS\system32\WS2HELP.dll handle: 71AA0000 size: 19968 crc: 3F24E096 date: 2008-04-14 02:42:12
 C:\WINDOWS\system32\SHELL32.dll handle: 7C9C0000 size: 8462336 crc: A88619FE date: 2011-01-21 14:44:37
 C:\WINDOWS\system32\SHLWAPI.dll handle: 77F60000 size: 474112 crc: BDFA6F45 date: 2009-12-08 09:23:28
 C:\WINDOWS\system32\IMM32.DLL handle: 76390000 size: 110080 crc: C1486DA0 date: 2008-04-14 02:41:56
 C:\WINDOWS\WinSxS\x86_Microsoft.Windows.Common-Controls_6595b64144ccf1df_6.0.2600.6028_x-ww_61e65202\comctl32.dll handle: 773D0000 size: 1054208 crc: 350BBD1B date: 2010-08-23 16:12:02
 C:\WINDOWS\system32\comctl32.dll handle: 5D090000 size: 617472 crc: B00C920E date: 2010-08-23 16:12:04
 C:\WINDOWS\system32\SHFolder.dll handle: 76780000 size: 25088 crc: 8009EA65 date: 2008-04-14 02:42:06
 C:\WINDOWS\system32\uxtheme.dll handle: 5AD70000 size: 218624 crc: A4A915A5 date: 2008-04-14 02:42:10
 C:\Program Files\Yandex\Punto Switcher\pshook.dll handle: 08000000 size: 22888 crc: 261B641A date: 2011-11-14 11:29:14
 C:\WINDOWS\system32\imagehlp.dll handle: 76C90000 size: 144384 crc: F7A06429 date: 2008-04-14 02:41:56
 C:\WINDOWS\system32\MSCTF.dll handle: 74720000 size: 297984 crc: 392BE0B0 date: 2008-04-14 02:42:00
 C:\WINDOWS\system32\msctfime.ime handle: 755C0000 size: 177152 crc: 6D3663FE date: 2008-04-14 02:40:08
 C:\WINDOWS\system32\ole32.dll handle: 774E0000 size: 1288704 crc: E6DBC40A date: 2011-11-01 16:07:10
 C:\Program Files\DrWeb\drwebsp.dll handle: 10000000 size: 136944 crc: 493CFD32 date: 2009-11-26 13:11:50
 C:\WINDOWS\system32\VERSION.dll handle: 77C00000 size: 18944 crc: 558B1DAF date: 2008-04-14 02:42:10
 C:\WINDOWS\system32\msv1_0.dll handle: 77C70000 size: 136192 crc: E8B51352 date: 2009-09-11 14:18:39
 C:\WINDOWS\system32\cryptdll.dll handle: 76790000 size: 33280 crc: 15B1DB06 date: 2008-04-14 02:41:52
 C:\WINDOWS\system32\iphlpapi.dll handle: 76D60000 size: 94720 crc: E4D0E9E4 date: 2008-04-14 02:41:56
 C:\WINDOWS\system32\mswsock.dll handle: 71A50000 size: 245248 crc: 8244D3EE date: 2008-06-20 16:02:47
 C:\WINDOWS\system32\hnetcfg.dll handle: 662B0000 size: 344064 crc: 96358152 date: 2008-04-14 02:41:56
 C:\WINDOWS\System32\wshtcpip.dll handle: 71A90000 size: 19456 crc: F5533E87 date: 2008-04-14 02:42:12
 C:\WINDOWS\system32\WINTRUST.dll handle: 76C30000 size: 177664 crc: 10F114B4 date: 2009-12-24 06:59:40
 C:\WINDOWS\system32\CRYPT32.dll handle: 77A80000 size: 599040 crc: 1F2DBBAF date: 2011-09-28 07:06:50
 C:\WINDOWS\system32\MSASN1.dll handle: 77B20000 size: 58880 crc: 63D6A79F date: 2009-09-04 21:03:36
 C:\WINDOWS\system32\wdmaud.drv handle: 72D20000 size: 23552 crc: EEB914CA date: 2008-04-14 02:42:46
 C:\WINDOWS\system32\msacm32.drv handle: 72D10000 size: 20480 crc: D5406BAE date: 2001-08-23 11:00:00
 C:\WINDOWS\system32\MSACM32.dll handle: 77BE0000 size: 71680 crc: EDE4B266 date: 2008-04-14 02:42:00
 C:\WINDOWS\system32\midimap.dll handle: 77BD0000 size: 18944 crc: 2E6D5FD1 date: 2008-04-14 02:41:58
 C:\WINDOWS\system32\CLBCATQ.DLL handle: 76FD0000 size: 498688 crc: F43789FF date: 2008-04-14 02:41:52
 C:\WINDOWS\system32\COMRes.dll handle: 77050000 size: 792064 crc: 868482D5 date: 2008-04-14 02:41:52
 C:\WINDOWS\system32\OLEAUT32.dll handle: 77120000 size: 551936 crc: B6E16806 date: 2010-12-20 17:32:15
 C:\WINDOWS\system32\dmime.dll handle: 5C570000 size: 181248 crc: A021AC64 date: 2008-04-14 02:41:54
 C:\WINDOWS\system32\DSOUND.dll handle: 73F10000 size: 367616 crc: 33C2A52C date: 2008-04-14 02:41:54
 C:\WINDOWS\system32\dmusic.dll handle: 6C980000 size: 104448 crc: E9A2B682 date: 2008-04-14 02:41:54
 C:\WINDOWS\system32\KsUser.dll handle: 73EE0000 size: 4096 crc: BD8E6BD9 date: 2008-04-14 02:41:58
 C:\WINDOWS\system32\dmsynth.dll handle: 6C9A0000 size: 103424 crc: 3E2BFB05 date: 2008-04-14 02:41:54
 C:\WINDOWS\system32\dmloader.dll handle: 6CA10000 size: 35840 crc: 9271DC2B date: 2008-04-14 02:41:54
 C:\WINDOWS\system32\psapi.dll handle: 76BF0000 size: 23040 crc: 75BBDCAD date: 2008-04-14 02:42:04

---- gamelog start ----
Tick 0: new game started
     Revision text changed to r20839, savegame version 149, not modified, _openttd_newgrf_version = 0x11005167
     New game mode: 1 landscape: 0
     Added NewGRF: GRF ID 4D656F91, checksum 64A131E116D66DFEB00ABD0791BF31AA, filename: ecs_town_vector-1.1.118may2011\ecstown.grf (matches GRFID only)
     Added NewGRF: GRF ID 4D656F95, checksum 1C438F0D2E8B6168DB80600BB989D538, filename: ecs_wood_vector-1.1.118may2011\ecswood.grf (matches GRFID only)
     Added NewGRF: GRF ID 4D656F9D, checksum A6AEED2B3D237D685418D0633111CD78, filename: ecs_houses-1.1.118may2011\ecshouse.grf (matches GRFID only)
     Added NewGRF: GRF ID 6D620601, checksum 44EB2F155862E4D4F0AB671D7021AF54, filename: newstatsw.grf (md5sum matches)
     Added NewGRF: GRF ID 4A430002, checksum 0728ADCB4DF2F1EB9247ABD449296F4E, filename: indstatrw.grf (md5sum matches)
     Added NewGRF: GRF ID 6D620401, checksum C5ACB6D5536A464FD78871D91840A35F, filename: dbsetxlw.grf (md5sum matches)
     Added NewGRF: GRF ID 6D620402, checksum 66ADF9AC90D97C59ED783FEC7E9706F9, filename: dbxl_ecs.grf (matches GRFID only)
     Added NewGRF: GRF ID 4D656F17, checksum 8A4F8A04256C90BECF818D134C91C816, filename: ECS(George)\4LVw.grf (md5sum matches)
     Added NewGRF: GRF ID 41533031, checksum A2358C256FCB64AD2716744364AC3ECE, filename: swedish_houses-1.1\swehouses.grf (matches GRFID only)
     Added NewGRF: GRF ID 414E0101, checksum DCE1F5DB92921EF1EB3CC50F665EA69E, filename: fish_ship_set-0.9.2\fish.grf (matches GRFID only)
Tick 0: GRF config changed
     GRF parameter changed: GRF ID 4D656F95, filename: ecs_wood_vector-1.1.118may2011\ecswood.grf (matches GRFID only)
Tick 32594: GRF config changed
     Added NewGRF: GRF ID 535A0D00, checksum 621BE488F7C9B57003C7E1323AB93AEB, filename: japanese_train_set.2.1a\jptrains2w.grf (md5sum matches)
Tick 21593: game loaded
     Compatible NewGRF loaded: GRF ID 4D656F95, checksum 405B8CADDBE9A1F4CD091B42A89AD91F, filename: ecs_wood_vector-1.1.118may2011\ecswood.grf (matches GRFID only)
Tick 19092: game loaded
     Revision text changed to r23787, savegame version 168, not modified, _openttd_newgrf_version = 0x12005ceb
     Compatible NewGRF loaded: GRF ID 4D656F91, checksum 945EFBE06B03EC2AC3598EA578B969C0, filename: ECS(George)\ECSTown.grf (md5sum matches)
     Compatible NewGRF loaded: GRF ID 4D656F95, checksum 89E2834B1641712834BD66BAA7BA1A2B, filename: ECS(George)\ECSWood.grf (md5sum matches)
     Compatible NewGRF loaded: GRF ID 4D656F9D, checksum 9B45653BDA1019B22B1D18CFC45D2B5A, filename: ECS(George)\ECSHouse.grf (md5sum matches)
     Compatible NewGRF loaded: GRF ID 6D620402, checksum AE741625570BD08CA058BD4D3A7ED636, filename: dbxl_ecs.grf (md5sum matches)
     Compatible NewGRF loaded: GRF ID 41533031, checksum F3A0A556505B7A94733D85B892C2070C, filename: swedish_houses-1.1.1\swehouses.grf (md5sum matches)
     Compatible NewGRF loaded: GRF ID 414E0101, checksum 5D665C64693A438E3046C22666F46E08, filename: fish_ship_set-0.9.2\fish.grf (md5sum matches)
---- gamelog end ----

*** End of OpenTTD Crash Report ***

Decoded stack trace:
[00] ???                  0x7C812AFB RaiseException + 82
[01] ???                  0x005D8D97
[02] ???                  0x006AC525
[03] ???                  0x005AB3C1
[04] ???                  0x00449F0F
[05] ???                  0x004494C4
[06] ???                  0x004494F5
[07] ???                  0x00476FE4
[08] ???                  0x0047777D
[09] ???                  0x0040625E
[10] ???                  0x0048249B
[11] ???                  0x00459A60
[12] ???                  0x0046263D
[13] ???                  0x004628FD

*** End of additional info ***
