*** OpenTTD Crash Report ***

Crash at: Sat Nov 20 17:05:18 2010
In game date: 2025-08-03 (14)

Crash reason:
 Exception: C0000005
 Location:  004432C8
 Message:   <none>

OpenTTD version:
 Version:    1.0.5-RC2 (0)
 NewGRF ver: 105052c4
 Bits:       32
 Endian:     little
 Dedicated:  no
 Build date: Nov 14 2010 14:23:53

Registers:
 EAX: 00000000 EBX: 025F83E0 ECX: 01CA5FF0 EDX: 00000000
 ESI: 00000000 EDI: 01DBAC70 EBP: 0012FC38 ESP: 0012FC28
 EIP: 004432C8 EFLAGS: 00010283

 Bytes at instruction pointer:
 0F B6 88 9C 00 00 00 51 FF B0 98 00 00 00 8B 80 94 00 00 00 8B F3 E8 58

Stack trace:
 00000000 0000FFFF 01DB98C0 025F83E0 0012FC54 0044B01D 01BC02EE 01BC02FE
 00000000 0012FC50 77F15987 00000000 005513F8 0072428C 00E69AF0 0012FD14
 00000000 0012FC58 01BC02FE 01BC031C 00000000 00000000 0007037A 0000000F
 00000000 00000000 01BC02DE 000002C9 0000022A 0042B549 0012FD2C 0012FE30
 00000001 01000029 00000000 00000000 00000000 00000000 00000000 FFFFFFFF
 00000000 0000FDE9 00000000 00000000 00000000 00000000 FFFFFFFF 00000000
 00000000 00000000 0012FF30 00000000 00000000 00000000 FFFFFFFF 0012FE34
 006B2228 00000000 00000000 0012FF30 0055314D 00000001 0012FE30 FFFFFFFE
 00000000 5C3A4322 676F7250 206D6172 656C6946 704F5C73 54546E65 706F5C44
 74746E65 78652E64 00200065 00D10178 00D170D8 0000000D 00D16D58 00D10178
 00D172D0 00D10178 00000004 00D172B8 00000000 00D10178 00D10178 00D10178
 00D10178 00D172C8 00D10168 00000000 00000000 00D172C8 00000020 00D172D0
 00D16D50 00D10178 00000020 00000178 00D10000 0012FBB4 00D10178 0012FE7C
 7C90E920 7C9101E0 FFFFFFFF 7C9101DB 005D7E16 00D10000 00000000 00000018
 00D17080 0012FEEC 0012FEF8 0012FE0C 005D7EAC 00000018 00D170B0 00D10168
 00000000 0012FE88 0051B02B 00000018 00476FCA 00D170B8 00477050 00D17080
 00D17288 0012FEEC 0012FD2D 0012FC2C 00D172B0 00D10168 00000000 00000000
 00D172B0 00000018 00D172B8 00000000 00D12BB8 00000000 0012FEA4 005E63AE
 00D10000 00000000 7C90D80A 7C913416 FFFFFFFF 00000024 0012FE8C 00000004
 00000000 C8B287CE 0012FEA0 005E3068 00D12BBC 00D12BBC 0012FEC0 005DB320
 C863AC72 C8D0BFB7 005E1037 0070B580 0012FEF8 005DC6C9 00000008 005DB39F
 005DB399 0012FEFC 005E3124 0000000B 0012FEFC 005E32FE 00000000 00000000
 0012FF08 005E330B 0012FF08 005D9618 00152335 0012FF18 005F2A52 00000000
 006F5190 00D12CD0 00D11E90 00624801 0012FF30 005F2AA5 00000000 00000022

Operating system:
 Name:     Windows
 Release:  5.1.2600 (Service Pack 3)
 Compiler: MSVC 1500

Configuration:
 Blitter:      8bpp-optimized
 Graphics set: OpenGFX (542)
 Language:     finnish.lng
 Music driver: dmusic
 Music set:    OpenMSX (96)
 Network:      no
 Sound driver: win32
 Sound set:    original_windows (0)
 Video driver: win32

AI Configuration (local: 0):
  0: Human
  1: ChooChoo (v306)
  2: TownCars (v4)
  3: PAXLink (v13)

Libraries:
 FreeType:   2.4.3
 ICU:        4.4.2
 LZO:        2.03
 PNG:        1.4.4
 Zlib:       1.2.5

Module information:
 C:\Program Files\OpenTTD\openttd.exe handle: 00400000 size: 3217920 crc: D707A2B0 date: 2010-11-14 14:27:10
 C:\WINDOWS\system32\ntdll.dll handle: 7C900000 size: 714752 crc: 56E74C35 date: 2009-02-09 12:10:48
 C:\WINDOWS\system32\kernel32.dll handle: 7C800000 size: 989696 crc: 8A0508E5 date: 2009-03-21 14:06:58
 C:\WINDOWS\system32\WINMM.dll handle: 76B40000 size: 176128 crc: 9676D976 date: 2008-04-14 02:42:10
 C:\WINDOWS\system32\ADVAPI32.dll handle: 77DD0000 size: 617472 crc: C9027432 date: 2009-02-09 12:10:48
 C:\WINDOWS\system32\RPCRT4.dll handle: 77E70000 size: 590848 crc: E9ECB923 date: 2010-08-16 08:45:00
 C:\WINDOWS\system32\Secur32.dll handle: 77FE0000 size: 56832 crc: 3D0002B7 date: 2009-06-25 08:25:26
 C:\WINDOWS\system32\GDI32.dll handle: 77F10000 size: 286720 crc: B5F6B116 date: 2008-10-23 12:36:14
 C:\WINDOWS\system32\USER32.dll handle: 7E410000 size: 578560 crc: F7C72264 date: 2008-04-14 02:42:10
 C:\WINDOWS\system32\WS2_32.dll handle: 71AB0000 size: 82432 crc: 7C519ECA date: 2008-04-14 02:42:12
 C:\WINDOWS\system32\msvcrt.dll handle: 77C10000 size: 343040 crc: 0B7B1677 date: 2008-04-14 02:42:02
 C:\WINDOWS\system32\WS2HELP.dll handle: 71AA0000 size: 19968 crc: 3F24E096 date: 2008-04-14 02:42:12
 C:\WINDOWS\system32\SHELL32.dll handle: 7C9C0000 size: 8462336 crc: 73D4EFBD date: 2010-07-27 06:30:35
 C:\WINDOWS\system32\SHLWAPI.dll handle: 77F60000 size: 474112 crc: BDFA6F45 date: 2009-12-08 09:23:28
 C:\WINDOWS\system32\IMM32.DLL handle: 76390000 size: 110080 crc: C1486DA0 date: 2008-04-14 02:41:56
 C:\WINDOWS\WinSxS\x86_Microsoft.Windows.Common-Controls_6595b64144ccf1df_6.0.2600.6028_x-ww_61e65202\comctl32.dll handle: 773D0000 size: 1054208 crc: 350BBD1B date: 2010-08-23 16:12:02
 C:\WINDOWS\system32\comctl32.dll handle: 5D090000 size: 617472 crc: B00C920E date: 2010-08-23 16:12:04
 C:\WINDOWS\system32\SHFolder.dll handle: 76780000 size: 25088 crc: 8009EA65 date: 2008-04-14 02:42:06
 C:\WINDOWS\system32\wdmaud.drv handle: 72D20000 size: 23552 crc: EEB914CA date: 2008-04-14 02:42:46
 C:\WINDOWS\system32\WINTRUST.dll handle: 76C30000 size: 177664 crc: 10F114B4 date: 2009-12-24 06:59:40
 C:\WINDOWS\system32\CRYPT32.dll handle: 77A80000 size: 599040 crc: F04E4319 date: 2008-04-14 02:41:52
 C:\WINDOWS\system32\MSASN1.dll handle: 77B20000 size: 58880 crc: 63D6A79F date: 2009-09-04 21:03:36
 C:\WINDOWS\system32\IMAGEHLP.dll handle: 76C90000 size: 144384 crc: F7A06429 date: 2008-04-14 02:41:56
 C:\WINDOWS\system32\msacm32.drv handle: 72D10000 size: 20480 crc: D5406BAE date: 2002-08-29 12:00:00
 C:\WINDOWS\system32\MSACM32.dll handle: 77BE0000 size: 71680 crc: EDE4B266 date: 2008-04-14 02:42:00
 C:\WINDOWS\system32\midimap.dll handle: 77BD0000 size: 18944 crc: 2E6D5FD1 date: 2008-04-14 02:41:58
 C:\WINDOWS\system32\uxtheme.dll handle: 5AD70000 size: 218624 crc: A4A915A5 date: 2008-04-14 02:42:10
 C:\WINDOWS\system32\MSCTF.dll handle: 74720000 size: 297984 crc: 392BE0B0 date: 2008-04-14 02:42:00
 C:\WINDOWS\system32\msctfime.ime handle: 755C0000 size: 177152 crc: 8C1D2F99 date: 2009-02-27 04:56:38
 C:\WINDOWS\system32\ole32.dll handle: 774E0000 size: 1288192 crc: 2C4B341E date: 2010-07-16 12:05:55
 C:\WINDOWS\system32\CLBCATQ.DLL handle: 76FD0000 size: 498688 crc: F43789FF date: 2008-04-14 02:41:52
 C:\WINDOWS\system32\COMRes.dll handle: 77050000 size: 792064 crc: 868482D5 date: 2008-04-14 02:41:52
 C:\WINDOWS\system32\OLEAUT32.dll handle: 77120000 size: 551936 crc: 1EE83658 date: 2008-04-14 02:42:04
 C:\WINDOWS\system32\VERSION.dll handle: 77C00000 size: 18944 crc: 558B1DAF date: 2008-04-14 02:42:10
 C:\WINDOWS\system32\dmime.dll handle: 5C570000 size: 181248 crc: A021AC64 date: 2008-04-14 02:41:54
 C:\WINDOWS\system32\DSOUND.dll handle: 73F10000 size: 367616 crc: 33C2A52C date: 2008-04-14 02:41:54
 C:\WINDOWS\system32\dmusic.dll handle: 6C980000 size: 104448 crc: E9A2B682 date: 2008-04-14 02:41:54
 C:\WINDOWS\system32\KsUser.dll handle: 73EE0000 size: 4096 crc: BD8E6BD9 date: 2008-04-14 02:41:58
 C:\WINDOWS\system32\dmsynth.dll handle: 6C9A0000 size: 103424 crc: 3E2BFB05 date: 2008-04-14 02:41:54
 C:\WINDOWS\system32\dmloader.dll handle: 6CA10000 size: 35840 crc: 9271DC2B date: 2008-04-14 02:41:54
 C:\WINDOWS\system32\mswsock.dll handle: 71A50000 size: 245248 crc: FBBA0828 date: 2008-06-20 17:46:57
 C:\WINDOWS\system32\hnetcfg.dll handle: 662B0000 size: 344064 crc: 96358152 date: 2008-04-14 02:41:56
 C:\WINDOWS\System32\wshtcpip.dll handle: 71A90000 size: 19456 crc: F5533E87 date: 2008-04-14 02:42:12
 C:\WINDOWS\system32\DNSAPI.dll handle: 76F20000 size: 147968 crc: 6145C1AF date: 2008-06-20 17:46:57
 C:\WINDOWS\system32\rasadhlp.dll handle: 76FC0000 size: 7680 crc: 3AB3D6CF date: 2008-04-14 02:42:04
 C:\WINDOWS\system32\psapi.dll handle: 76BF0000 size: 23040 crc: 75BBDCAD date: 2008-04-14 02:42:04

---- gamelog start ----
Tick 0: new game started
     Revision text changed to 1.0.4, savegame version 138, not modified, _openttd_newgrf_version = 0x10485145
     New game mode: 1 landscape: 0
     Added NewGRF: GRF ID 44440A01, checksum E1B68B072980D64F9BBF9213875D0B2E, filename: av8_aviators_aircraft_set.1.5\pb_av8w.grf
     Added NewGRF: GRF ID 44440A03, checksum 6205E0297104502240D946EC26B195CA, filename: av8_extra_aircraft.1.501\pb_av8exw.grf
     Added NewGRF: GRF ID 4D470303, checksum 25591FAEB0BFA7973A853300DB3AD780, filename: basemod.3.0_\basecosts.grf
     Added NewGRF: GRF ID 535A5644, checksum 5390BFF2E600595DC74E1C6247DA762D, filename: better_vehicle_names.v1\bvehname.grf
     Added NewGRF: GRF ID 19060801, checksum 6CFC6328D999C140851BFE6514BA277A, filename: bigger_depots.0.3\bigdepot.grf
     Added NewGRF: GRF ID 44440502, checksum 9B2267C916691C45A2C85BE1FF54F7C3, filename: combined_american_signal_set.1.1\ussigzw.grf
     Added NewGRF: GRF ID 274C2348, checksum E44A7D977D1980908B1DBF09F73F514C, filename: db_double_deck_coaches.v0.1\dbddw.grf
     Added NewGRF: GRF ID 4D470802, checksum 56A6E4C9DD5E1C562BA62C40D8583640, filename: lumbermill_ps.2.0\lumbermill_advanced.grf
     Added NewGRF: GRF ID 41533032, checksum 78A4F0E07D79001CEAC38B20E1F7B370, filename: finnish_town_names-1.0\finnish_town_names.grf
     Added NewGRF: GRF ID 4D4E0103, checksum 0727CAF0B249F0D3BD08E6140657FC27, filename: modified_bridge_properties.0.3\bridgeprop.grf
Tick 0: GRF config changed
     Added NewGRF: GRF ID 56430001, checksum AF3E0A1E6EF0B98DB966594578D1775B, filename: total_town_replacement_set-3.02a\ttrs3w.grf
Tick 0: GRF config changed
     Added NewGRF: GRF ID 4A4D0101, checksum 9ABAA3211849E0C55FB642521ECFB16F, filename: sailing_ships-0.3\sailing_ships.grf
Tick 45336: GRF config changed
     Added NewGRF: GRF ID 11223301, checksum 474A7FF52E675DED3154101B58B3E3C7, filename: 2cc_chimaera_addon.2\chim.grf
Tick 5992: GRF config changed
     Added NewGRF: GRF ID 05102002, checksum A8B77B8D1F20D43B6FA521B4C3A8FC50, filename: monolev_replacement_set_v0.3.6-0.3.7\mrsv037.grf
Tick 7744: cheat was used
     New game mode: 1 landscape: 1
Tick 7744: cheat was used
     New game mode: 1 landscape: 2
Tick 7744: cheat was used
     New game mode: 1 landscape: 1
Tick 7744: cheat was used
     New game mode: 1 landscape: 2
Tick 7744: cheat was used
     New game mode: 1 landscape: 3
Tick 7744: cheat was used
     New game mode: 1 landscape: 0
Tick 7744: cheat was used
     New game mode: 1 landscape: 1
Tick 7744: cheat was used
     New game mode: 1 landscape: 0
Tick 21501: GRF config changed
     Added NewGRF: GRF ID 27711002, checksum 3E2A2578101FFB3DD8AFC451CC43C8D0, filename: 2cc_trainset.1.0.1\2cctrainset.grf
Tick 21501: GRF config changed
     Added NewGRF: GRF ID 444A0201, checksum 45054312E8038955B33606A427BAFF2F, filename: generic_european_train_set_ges-alpha2.1\ges_pa2.1.grf
Tick 21524: GRF config changed
     Added NewGRF: GRF ID 4F472B31, checksum 6CDF0EA9BD0A630EC4D978C90D7E4F19, filename: ogfx-trains.grf
Tick 21524: GRF config changed
     Added NewGRF: GRF ID 44501401, checksum 5F46A5DE67D0168B638A878FB2D49AEB, filename: japanese_maglevs.0.1\jpmaglevw.grf
Tick 21524: GRF config changed
     Added NewGRF: GRF ID 6D620204, checksum 253B0AC413865ABABFF52A32CD0B575A, filename: tempsetpw.grf
Tick 21524: GRF config changed
     Added NewGRF: GRF ID 4D4C0503, checksum 89F47F72BBEEEB3C0F773845D6648C60, filename: ns_spoor.1.0\dutchtrainsw.grf
Tick 21524: GRF config changed
     Removed NewGRF: 4D4C0503, filename: ns_spoor.1.0\dutchtrainsw.grf
Tick 21524: GRF config changed
     Added NewGRF: GRF ID 451A0000, checksum 0A228FEDFDB7BD2B5409989FB5BE9E62, filename: romanian_train_set.0.2\romtrain_v0.2_passengercarsw.grf
Tick 21524: GRF config changed
     Removed NewGRF: 451A0000, filename: romanian_train_set.0.2\romtrain_v0.2_passengercarsw.grf
Tick 21524: GRF config changed
     Added NewGRF: GRF ID 44441000, checksum 796D60F6F346D4FCAE5F8D8B9158B083, filename: ukrs2__the_uk_railway_set-0.6\proj1000.grf
Tick 21524: GRF config changed
     Removed NewGRF: 44441000, filename: ukrs2__the_uk_railway_set-0.6\proj1000.grf
Tick 21524: GRF config changed
     Removed NewGRF: 44501401, filename: japanese_maglevs.0.1\jpmaglevw.grf
Tick 21524: GRF config changed
     Added NewGRF: GRF ID 4A5A0105, checksum 9A4E23F60D9E2156AF2C98DA1C210BC9, filename: tto_full_conversion.1.4.1\fttoc.grf
Tick 21524: GRF config changed
     Removed NewGRF: 4A5A0105, filename: tto_full_conversion.1.4.1\fttoc.grf
Tick 21524: GRF config changed
     Added NewGRF: GRF ID 4C465354, checksum D4F7FF28ABC9FCF3395BB83B66455E07, filename: ei käytössä\FinnishTasterw.grf
Tick 21524: game loaded
     Revision text changed to 1.0.5-RC2, savegame version 138, not modified, _openttd_newgrf_version = 0x105052c4
Tick 21524: GRF config changed
     Added NewGRF: GRF ID 425F0101, checksum 5E6DC9FD3D9364AC6ABE21E6B4D8CE3E, filename: very_large_ships.0.1\vl_shipw.grf
Tick 21524: GRF config changed
     Added NewGRF: GRF ID 6D620004, checksum 70649F1AFC954942173B0AA89C1E8B14, filename: newshipsw.grf
Tick 1199: GRF config changed
     Added NewGRF: GRF ID 41490006, checksum 37860FF76C7645EFD0B8B1B2D26BAF05, filename: swedish_trains.7.3\ai_swedish.grf
Tick 1569: GRF config changed
     Removed NewGRF: 41490006, filename: swedish_trains.7.3\ai_swedish.grf
Tick 2773: GRF config changed
     Added NewGRF: GRF ID 44501401, checksum 5F46A5DE67D0168B638A878FB2D49AEB, filename: japanese_maglevs.0.1\jpmaglevw.grf
---- gamelog end ----

*** End of OpenTTD Crash Report ***
