*** OpenTTD Crash Report ***

Crash at: Mon Mar 15 16:38:09 2010
In game date: 1961-05-17 (43)

Crash reason:
 Exception: E1212012
 Location:  000007FEFD17AA7D
 Message:   Assertion failed at line 53 of c:\openttd\compile\src\core/pool_type.hpp: index < this->first_unused

OpenTTD version:
 Version:    r19410 (0)
 NewGRF ver: 11004bd2
 Bits:       64
 Endian:     little
 Dedicated:  no
 Build date: Mar 13 2010 19:27:04

Registers:
 RAX: 000000007790420C RBX: 0000000000000016 RCX: 000000000024DF00 RDX: 0000000000000000
 RSI: 0000000000000000 RDI: 0000000000000008 RBP: 0000000000000000 RSP: 000000000024E510
 R8:  0000000000000000 R9:  0000000000000000 R10: 0000000000000000 R11: 0000000000000286
 R12: 000000013F998C48 R13: 000000013F6D3290 R14: 0000000000000001 R15: 0000000076F2F59B
 RIP: 000007FEFD17AA7D EFLAGS: 00000206

 Bytes at instruction pointer:
 48 81 C4 C8 00 00 00 C3 90 90 90 90 90 90 90 90 90 90 90 48 83 EC 48 83

Stack trace:
 00000016 00000000 00000000 00000000 00000008 00000000 0024E548 00000000
 E1212012 00000000 00000000 00000000 FD17AA7D 000007FE 00000000 00000000
 00000048 00000000 00000001 00000000 00000000 00000000 00000000 00000000
 00000070 00000000 FFFFFFFF FFFFFFFF 00000000 00000000 76F285A0 00000000
 00000000 00000000 7718021A 00000000 00000000 00000000 FFFDC000 000007FF
 00000082 00000000 76F62508 00000000 00000000 00000000 771639E8 00000000
 00000001 00000000 3F7D1C79 00000001 00000016 00000000 33CE9E5E 00000000
 00000000 00000000 00000082 00000000 001F0586 00000000 77177DBA 00000000
 00000000 00000000 76F2F59B 00000000 000002E2 00000000 00000014 00000000
 00000001 00000000 00000000 00000000 0024EEC0 00000000 3F7D0EFE 00000001
 00000001 00000000 0883FA00 00000000 084A5E00 00000000 00000002 00000000
 00000000 00000000 7718FDF5 00000000 00000000 00000000 00000000 00000000
 771C939C 00000000 00000001 00000000 0024E6D8 00000000 00000030 00000003
 76F2F5BA 00000000 76F3BAF9 00000000 0084DDD8 00000000 0024E708 00000000
 00000000 00000000 0088A4C0 00000000 00000082 00000000 00000000 00000000
 00000000 00000000 101079F0 00000000 771C94CC 00000000 76F4764C 00000000
 000405F6 00000000 0088A4C0 00000000 00000001 00000000 00000001 00000000
 00000001 00000000 AF0A1330 FFFFFFFF 000A062A 00000000 00000202 00000000
 00000000 00000000 000C0012 00000000 00AAAB3F 00000325 000001C9 00000000
 00000000 00000000 00000000 00000000 76F20000 00000000 002A9170 00000000
 00000000 00000000 76F474A5 00000000 000405F6 00000000 76F932C4 00000000
 00000001 00000000 000405F6 00000000 00000000 00000000 00000000 00000000
 00000001 00000000 00000010 00000000 00010003 00000000 00000001 00000000
 00000001 00000000 76F92825 00000000 002A9170 00000000 002A9170 00000000

Operating system:
 Name:     Windows
 Release:  6.1.7600 ()
 Compiler: MSVC 1500

Configuration:
 Blitter:      8bpp-optimized
 Graphics set: OpenGFX
 Language:     greek.lng
 Music driver: win32
 Music set:    OpenMSX
 Network:      no
 Sound driver: win32
 Sound set:    OpenSFX
 Video driver: win32

AI Configuration (local: 0):
  0: Human
  1: AdmiralAI (v22)
  2: AdmiralAI (v22)
  3: AdmiralAI (v22)
  4: AdmiralAI (v22)
  5: AdmiralAI (v22)

Libraries:
 FreeType:   2.3.12
 ICU:        4.2.1
 LZO:        2.03
 PNG:        1.2.43
 Zlib:       1.2.3

Module information:
 C:\Program Files\OpenTTD trunk\openttd.exe handle: 000000013F4E0000 size: 5185536 crc: FE4800D4 date: 2010-03-13 17:31:54
 C:\Windows\SYSTEM32\ntdll.dll handle: 0000000077140000 size: 1736792 crc: 5523175A date: 2009-07-14 01:43:10
 C:\Windows\system32\kernel32.dll handle: 0000000077020000 size: 1162240 crc: 822946F0 date: 2009-07-14 01:41:13
 C:\Windows\system32\KERNELBASE.dll handle: 000007FEFD170000 size: 421376 crc: 68F689E4 date: 2009-07-14 01:41:13
 C:\Windows\system32\WINMM.dll handle: 000007FEFB0C0000 size: 217600 crc: 7BC1529F date: 2009-07-14 01:41:56
 C:\Windows\system32\msvcrt.dll handle: 000007FEFF3B0000 size: 634880 crc: 7F3E716F date: 2009-07-14 01:41:32
 C:\Windows\system32\USER32.dll handle: 0000000076F20000 size: 1008640 crc: 95FA0345 date: 2009-07-14 01:41:56
 C:\Windows\system32\GDI32.dll handle: 000007FEFF080000 size: 404480 crc: 0F1BAE69 date: 2009-07-14 01:40:56
 C:\Windows\system32\LPK.dll handle: 000007FEFE830000 size: 41984 crc: 350AF03B date: 2009-07-14 01:41:19
 C:\Windows\system32\USP10.dll handle: 000007FEFEA50000 size: 801280 crc: 32EFA120 date: 2009-07-14 01:41:56
 C:\Windows\system32\WS2_32.dll handle: 000007FEFEB30000 size: 296448 crc: B9553AFD date: 2009-07-14 01:41:58
 C:\Windows\system32\RPCRT4.dll handle: 000007FEFD470000 size: 1221632 crc: D5B6358C date: 2009-07-14 01:41:53
 C:\Windows\system32\NSI.dll handle: 000007FEFEB20000 size: 13824 crc: 53B46F6C date: 2009-07-14 01:41:53
 C:\Windows\system32\ADVAPI32.dll handle: 000007FEFEB80000 size: 877056 crc: FA615A20 date: 2009-07-14 01:40:01
 C:\Windows\SYSTEM32\sechost.dll handle: 000007FEFF230000 size: 113664 crc: 978CFAE5 date: 2009-07-14 01:41:53
 C:\Windows\system32\SHELL32.dll handle: 000007FEFDAA0000 size: 14161920 crc: EAA55AE5 date: 2009-07-14 01:41:54
 C:\Windows\system32\SHLWAPI.dll handle: 000007FEFD8A0000 size: 449536 crc: 0BFDF102 date: 2009-07-14 01:41:54
 C:\Windows\system32\IMM32.DLL handle: 000007FEFEA20000 size: 167424 crc: 41B2805A date: 2009-07-14 01:41:09
 C:\Windows\system32\MSCTF.dll handle: 000007FEFF2A0000 size: 1067008 crc: 798DDDA0 date: 2009-07-14 01:41:28
 C:\Windows\system32\SHFolder.dll handle: 000007FEFB090000 size: 10240 crc: 08A48DE3 date: 2009-07-14 01:41:54
 C:\Windows\system32\ole32.dll handle: 000007FEFEE70000 size: 2084352 crc: 40D2CC46 date: 2009-07-14 01:41:53
 C:\Windows\system32\MMDevAPI.DLL handle: 000007FEFB730000 size: 284160 crc: CDF2EF81 date: 2009-07-14 01:41:26
 C:\Windows\system32\PROPSYS.dll handle: 000007FEFB9D0000 size: 1212416 crc: 98D01BC9 date: 2009-07-14 01:41:53
 C:\Windows\system32\OLEAUT32.dll handle: 000007FEFED90000 size: 861184 crc: C4351602 date: 2009-07-14 01:41:53
 C:\Windows\system32\wdmaud.drv handle: 000007FEFAF40000 size: 217088 crc: AB6BC545 date: 2009-07-14 01:38:50
 C:\Windows\system32\ksuser.dll handle: 0000000074E60000 size: 5120 crc: AA2071D9 date: 2009-07-14 01:41:13
 C:\Windows\system32\AVRT.dll handle: 000007FEFB8F0000 size: 18432 crc: 5CE53CB7 date: 2009-07-14 01:40:05
 C:\Windows\system32\SETUPAPI.dll handle: 000007FEFE840000 size: 1899520 crc: 91ED5D15 date: 2009-07-14 01:41:54
 C:\Windows\system32\CFGMGR32.dll handle: 000007FEFD1E0000 size: 207360 crc: 369326FC date: 2009-07-14 01:40:15
 C:\Windows\system32\DEVOBJ.dll handle: 000007FEFD150000 size: 93184 crc: A7541AE2 date: 2009-07-14 01:40:28
 C:\Windows\system32\AUDIOSES.DLL handle: 000007FEFAE50000 size: 296448 crc: 07CA71DE date: 2009-07-14 01:40:04
 C:\Windows\system32\msacm32.drv handle: 000007FEFAE30000 size: 25600 crc: 2B579A05 date: 2009-07-14 01:38:50
 C:\Windows\system32\MSACM32.dll handle: 000007FEFAE10000 size: 83456 crc: 3D67538B date: 2009-07-14 01:41:27
 C:\Windows\system32\midimap.dll handle: 000007FEFACD0000 size: 20480 crc: CB902A13 date: 2009-07-14 01:41:23
 C:\Windows\system32\CRYPTBASE.dll handle: 000007FEFCFD0000 size: 44032 crc: F547C16E date: 2009-07-14 01:40:24
 C:\Windows\system32\CLBCatQ.DLL handle: 000007FEFF0F0000 size: 607744 crc: 939E35C9 date: 2009-07-14 01:40:15
 C:\Windows\system32\uxtheme.dll handle: 000007FEFB780000 size: 332288 crc: B0A13DF9 date: 2009-07-14 01:41:56
 C:\Program Files\Logitech\SetPoint\lgscroll.dll handle: 0000000010100000 size: 56848 crc: EE6FDA68 date: 2009-07-20 10:37:10
 C:\Windows\WinSxS\amd64_microsoft.vc80.crt_1fc8b3b9a1e18e3b_8.0.50727.4927_none_88dce9872fb18caf\MSVCR80.dll handle: 0000000072CA0000 size: 802624 crc: AD5B9774 date: 2009-06-10 20:40:01
 C:\Windows\system32\ntmarta.dll handle: 000007FEFC000000 size: 162304 crc: 5344798C date: 2009-07-14 01:41:53
 C:\Windows\system32\WLDAP32.dll handle: 000007FEFF250000 size: 311808 crc: 7A3D9683 date: 2009-07-14 01:41:56
 C:\Windows\system32\dwmapi.dll handle: 000007FEFB830000 size: 82432 crc: A459F360 date: 2009-07-14 01:40:34
 C:\Windows\system32\btmmhook.dll handle: 0000000010000000 size: 364544 crc: 051D0086 date: 2006-11-03 17:04:02
 C:\Windows\system32\mswsock.dll handle: 000007FEFC910000 size: 320000 crc: EA387916 date: 2009-07-14 01:41:34
 C:\Windows\System32\wshtcpip.dll handle: 000007FEFC2E0000 size: 13312 crc: 5D1E2C55 date: 2009-07-14 01:41:58
 C:\Program Files\Dell\QuickSet\dadkeyb.dll handle: 0000000180000000 size: 99408 crc: 5CF2CBCB date: 2008-02-22 14:52:08
 C:\Windows\system32\psapi.dll handle: 0000000077310000 size: 9216 crc: 84B5E9BA date: 2009-07-14 01:41:53

---- gamelog start ----
Tick 0: new game started
     Revision text changed to 1.0.0-RC2, savegame version 138, not modified, _openttd_newgrf_version = 0x10004b71
     New game mode: 1 landscape: 0
     Added NewGRF: GRF ID 44440A02, checksum CC43F806C0D6838DBE3E68434F3726F3, filename: apache_helicopter.1\apache_w.grf
     Added NewGRF: GRF ID 4D470B02, checksum D3B86F8678699114EC3BC5EBFD52BC51, filename: early_houses.2.0beta_r707\earlyhouses.grf
     Added NewGRF: GRF ID 52571208, checksum DC83DAB2933FACCB91678D4F75ABCCC6, filename: generic_cars-0.4\cars.grf
     Added NewGRF: GRF ID 52570103, checksum EDB2D26F9D81423734CA12412F309CF3, filename: generic_tram_set.0.4\generictrams.grf
     Added NewGRF: GRF ID 42010000, checksum 6FE46BEACFA8B4191B9F8FEAEFBE819F, filename: german_signals.0.4\gersignw.grf
     Added NewGRF: GRF ID 66724F4E, checksum 20AB6D74738955E537802E7A9A871F61, filename: original_vehicle_names.2\origveh.grf
Tick 54020: game loaded
     Revision text changed to r19410, savegame version 140, not modified, _openttd_newgrf_version = 0x11004bd2
Tick 32226: settings changed
     Setting changed: vehicle.freight_trains : 1 -> 2
Tick 32232: settings changed
     Setting changed: vehicle.freight_trains : 2 -> 3
Tick 32240: settings changed
     Setting changed: vehicle.freight_trains : 3 -> 4
Tick 32283: settings changed
     Setting changed: vehicle.freight_trains : 4 -> 3
Tick 43333: settings changed
     Setting changed: economy.station_noise_level : 0 -> 1
---- gamelog end ----

*** End of OpenTTD Crash Report ***
