*** OpenTTD Crash Report ***

Crash at: Sun May 11 20:36:54 2014
In game date: 2610-07-06 (66)

Crash reason:
 Signal:  Aborted (6)
 Message: Assertion failed at line 31 of /tmp/yaourt-tmp-daniel/aur-openttd-svn/src/trunk/src/station_map.h: IsTileType(t, MP_STATION)

OpenTTD version:
 Version:    r26578M (2)
 NewGRF ver: 150067d2
 Bits:       64
 Endian:     little
 Dedicated:  no
 Build date: May 11 2014 15:57:32

Stacktrace:
 [00] openttd-svn(_ZNK12CrashLogUnix13LogStacktraceEPcPKc+0x4a) [0x712e2a]
 [01] openttd-svn(_ZNK8CrashLog12FillCrashLogEPcPKc+0xfc) [0x5fb98c]
 [02] openttd-svn(_ZNK8CrashLog12MakeCrashLogEv+0x7f) [0x5fbc3f]
 [03] openttd-svn() [0x712d85]
 [04] /usr/lib/libc.so.6(+0x33df0) [0x7f50529e3df0]
 [05] /usr/lib/libc.so.6(gsignal+0x37) [0x7f50529e3d67]
 [06] /usr/lib/libc.so.6(abort+0x148) [0x7f50529e5118]
 [07] openttd-svn() [0x700603]
 [08] openttd-svn() [0x4e398e]
 [09] openttd-svn() [0x7cc08b]
 [10] openttd-svn(_ZN21CompanyStationsWindow23StationVehicleUseSorterEPKPK7StationS4_+0x1c) [0x7ceb5c]
 [11] /usr/lib/libc.so.6(+0x35a82) [0x7f50529e5a82]
 [12] /usr/lib/libc.so.6(+0x357f8) [0x7f50529e57f8]
 [13] /usr/lib/libc.so.6(+0x357e2) [0x7f50529e57e2]
 [14] /usr/lib/libc.so.6(+0x357e2) [0x7f50529e57e2]
 [15] /usr/lib/libc.so.6(+0x357e2) [0x7f50529e57e2]
 [16] /usr/lib/libc.so.6(+0x357e2) [0x7f50529e57e2]
 [17] /usr/lib/libc.so.6(qsort_r+0x29f) [0x7f50529e5d4f]
 [18] openttd-svn(_ZN21CompanyStationsWindow7OnPaintEv+0x453) [0x7cfd63]
 [19] openttd-svn(_Z26DrawOverlappedWindowForAlliiii+0x9d) [0x85034d]
 [20] openttd-svn(_Z16RedrawScreenRectiiii+0x54) [0x646e94]
 [21] openttd-svn(_Z15DrawDirtyBlocksv+0x165) [0x647075]
 [22] openttd-svn(_Z13UpdateWindowsv+0xd9) [0x852179]
 [23] openttd-svn(_ZN15VideoDriver_SDL8MainLoopEv+0x21b) [0x83701b]
 [24] openttd-svn(_Z12openttd_mainiPPc+0x13e9) [0x701dd9]
 [25] /usr/lib/libc.so.6(__libc_start_main+0xf0) [0x7f50529d0000]
 [26] openttd-svn() [0x54efae]

Operating system:
 Name:     Linux
 Release:  3.14.2-1-ARCH
 Version:  #1 SMP PREEMPT Sun Apr 27 11:28:44 CEST 2014
 Machine:  x86_64
 Compiler: GCC 4.9.0 "4.9.0 20140507 (prerelease)"

Configuration:
 Blitter:      32bpp-anim
 Graphics set: OpenGFX (5203)
 Language:     /usr/share/openttd-svn/lang/english.lng
 Music driver: extmidi
 Music set:    NoMusic (0)
 Network:      no
 Sound driver: sdl
 Sound set:    OpenSFX (87)
 Video driver: sdl

Fonts:
 Small:  sprite
 Medium: sprite
 Large:  sprite
 Mono:   sprite

AI Configuration (local: 0):
  0: Human

Libraries:
 FontConfig: 2.11.1
 FreeType:   2.5.3
 ICU:        53.1
 LZMA:       5.0.5
 LZO:        2.06
 PNG:        1.6.10
 SDL:        1.2.15
 Zlib:       1.2.8

---- gamelog start ----
Tick 0: new game started
Revision text changed to r21089, savegame version 151, not modified, _openttd_newgrf_version = 0x11005261
New game mode: 1 landscape: 3
Added NewGRF: GRF ID 4D656F54, checksum AAC1CBD79F701B8DCE0B480AB7D83EAD, filename: ottdc_grfpack/1_other/toyland2mars/Toyland2MarsW.grf (md5sum matches)
Added NewGRF: GRF ID 4D656F55, checksum 375DE1749A40E0622F575FA351736317, filename: ottdc_grfpack/1_other/toyland2mars/z/T2MarsBonusW.grf (md5sum matches)
Tick 27187: game loaded
Revision text changed to r21402, savegame version 153, not modified, _openttd_newgrf_version = 0x1100539a
Tick 3423: game loaded
Revision text changed to r21402, savegame version 153, modified, _openttd_newgrf_version = 0x1100539a
Tick 34968: game loaded
Revision text changed to r21534, savegame version 155, modified, _openttd_newgrf_version = 0x1100541e
Tick 15114: game loaded
Revision text changed to r21659, savegame version 155, modified, _openttd_newgrf_version = 0x1100549b
Tick 53462: game loaded
Revision text changed to r26578M, savegame version 190, modified, _openttd_newgrf_version = 0x150067d2
---- gamelog end ----

*** End of OpenTTD Crash Report ***
