*** OpenTTD Crash Report ***

Crash at: Tue Mar 20 10:11:45 2012
In game date: 1930-02-12 (6)

Crash reason:
 Exception: C0000094
 Location:  000000013F093521
 Message:   <none>

OpenTTD version:
 Version:    r24047 (0)
 NewGRF ver: 13005def
 Bits:       64
 Endian:     little
 Dedicated:  no
 Build date: Mar 19 2012 19:13:24

Registers:
 RAX: 0000000000000006 RBX: 000000000D0BB140 RCX: 0000000000000002 RDX: 0000000000000000
 RSI: 0000000000000000 RDI: 000000000D0BB140 RBP: 0000000000000002 RSP: 000000000014EB80
 R8:  000000013F020000 R9:  000000000E890040 R10: 0000000000000000 R11: 0000000000000004
 R12: 00000000FFFFFFFC R13: 000000000000FE01 R14: 0000000000000000 R15: 000000000000002D
 RIP: 000000013F093521 EFLAGS: 00010246

 Bytes at instruction pointer:
 F7 F6 BA 04 00 00 00 D3 FA 8D 0C 02 BA 01 00 00 00 D3 E2 FF CA 84 97 33

Stack trace:
 00000000 00000000 0D0BB140 00000000 00000002 00000000 0000000E 00000000
 00000000 00000000 0000FEFF 00000000 00000001 00000000 3F197AAF 00000001
 0D0BB100 00000000 00000001 00000000 00000000 00000000 0D0BB140 00000000
 3FA4D770 00000001 00B6167E 00000000 0014EC98 00000000 0003AFE1 00000000
 0000FFFF 00000000 00000001 00000000 00000000 00000000 3F198022 00000001
 0D0BB140 00000000 0014ECD9 00000000 3F914420 00000001 00000001 00000000
 00000003 00000000 3F09012A 00000001 0D0BB140 00000000 0014ECD9 00000000
 3F914420 00000001 0000000B 00000000 FFFFFFFE FFFFFFFF 3F2784D8 00000001
 00000000 00000000 00000000 00000000 FFFFFFFE FFFFFFFF FFFFFFFF 00010001
 00000000 00000000 00000000 00000000 3FA08F7C 00000001 3F141000 00000001
 00000002 00000000 3F1ACC11 00000001 0003CE41 00000000 0003EFE1 00000000
 00B61660 00000000 00B6167E 00000000 00B6167E 00000000 00000001 00000000
 00000000 00000000 00B61660 00000000 00B6167E 00000000 00000000 00000000
 3F914420 00000001 00000001 00000000 0014EE40 00000000 3F06AF56 00000001
 00000001 00000000 0014EE40 00000000 3F914420 00000001 0000027F 0000000C
 0014ED78 00000000 0014ED88 00000000 3FA08F7C 00000001 00000001 00000000
 3F914420 00000001 0000050E 00000000 FFFFFFFE FFFFFFFF 00000001 00000000
 00000000 00000000 00000000 00000000 00000070 00000000 FFFFFFFF FFFFFFFF
 FFFFFFFF FFFFFFFF 7762C333 00000000 7762C3DF 00000000 3F09C26F 00000001
 00000000 00000000 00000000 00000000 00000000 00000000 7762A01B 00000000
 00000000 00000000 3F2BFFA4 00000001 00000000 00000000 00000000 00000000
 00000000 00000000 00000000 00000000 0072E5B8 00000000 00000001 00000000
 00000000 00000000 04BAADEA 00000000 000001D5 00000000 7762A078 00000000
 00000000 00000000 00B6167E 00000000 02253200 00000000 00B61660 00000000

Operating system:
 Name:     Windows
 Release:  6.1.7601 (Service Pack 1)
 Compiler: MSVC 1600

Configuration:
 Blitter:      32bpp-anim
 Graphics set: original_windows (0)
 Language:     D:\Games\OpenTTD\nightly\lang\russian.lng
 Music driver: win32
 Music set:    OpenMSX (96)
 Network:      no
 Sound driver: win32
 Sound set:    OpenSFX (87)
 Video driver: win32

AI Configuration (local: 0):
  0: Human
 GS: Neighbours are important (v3)

Libraries:
 FreeType:   2.4.5
 ICU:        4.4.2
 LZMA:       5.0.3
 LZO:        2.05
 PNG:        1.5.4
 Zlib:       1.2.5

Module information:
 D:\Games\OpenTTD\nightly\openttd.exe handle: 000000013F020000 size: 10469888 crc: 428234F5 date: 2012-03-19 15:17:34
 C:\Windows\SYSTEM32\ntdll.dll handle: 0000000077710000 size: 1731920 crc: 71D20A99 date: 2011-11-17 06:41:18
 C:\Windows\system32\kernel32.dll handle: 00000000774F0000 size: 1162752 crc: 4F9F79FE date: 2011-07-16 05:37:12
 C:\Windows\system32\KERNELBASE.dll handle: 000007FEFD750000 size: 421888 crc: D7A16149 date: 2011-07-16 05:37:12
 C:\Windows\system32\WINMM.dll handle: 000007FEFA790000 size: 217600 crc: 7BC1529F date: 2009-07-14 01:41:56
 C:\Windows\system32\msvcrt.dll handle: 000007FEFE7C0000 size: 634880 crc: 9D1B448A date: 2011-12-16 08:46:06
 C:\Windows\system32\USER32.dll handle: 0000000077610000 size: 1008640 crc: F157E916 date: 2012-02-09 08:14:27
 C:\Windows\system32\GDI32.dll handle: 000007FEFF9B0000 size: 403968 crc: 3D5BC405 date: 2010-11-20 13:26:25
 C:\Windows\system32\LPK.dll handle: 000007FEFF920000 size: 41984 crc: 350AF03B date: 2009-07-14 01:41:19
 C:\Windows\system32\USP10.dll handle: 000007FEFEA20000 size: 800256 crc: B511F4B9 date: 2010-11-20 13:27:27
 C:\Windows\system32\WS2_32.dll handle: 000007FEFEAF0000 size: 297984 crc: 0F68689B date: 2010-11-20 13:27:29
 C:\Windows\system32\RPCRT4.dll handle: 000007FEFF5D0000 size: 1219584 crc: 5217F07C date: 2010-11-20 13:27:24
 C:\Windows\system32\NSI.dll handle: 000007FEFF700000 size: 13824 crc: 53B46F6C date: 2009-07-14 01:41:53
 C:\Windows\system32\ADVAPI32.dll handle: 000007FEFF070000 size: 877056 crc: FA615A20 date: 2009-07-14 01:40:01
 C:\Windows\SYSTEM32\sechost.dll handle: 000007FEFF5B0000 size: 113664 crc: 978CFAE5 date: 2009-07-14 01:41:53
 C:\Windows\system32\SHELL32.dll handle: 000007FEFDA30000 size: 14172672 crc: AD5D74FF date: 2012-01-04 10:44:25
 C:\Windows\system32\SHLWAPI.dll handle: 000007FEFE9A0000 size: 448512 crc: 086DF743 date: 2010-11-20 13:27:25
 C:\Windows\system32\IMM32.DLL handle: 000007FEFF580000 size: 167424 crc: 41B2805A date: 2009-07-14 01:41:09
 C:\Windows\system32\MSCTF.dll handle: 000007FEFF450000 size: 1067008 crc: 798DDDA0 date: 2009-07-14 01:41:28
 C:\Windows\system32\SHFolder.dll handle: 000007FEFB360000 size: 10240 crc: 08A48DE3 date: 2009-07-14 01:41:54
 C:\Windows\system32\ole32.dll handle: 000007FEFF710000 size: 2086912 crc: 72F91CD0 date: 2010-11-20 13:27:23
 C:\Windows\system32\uxtheme.dll handle: 000007FEFBDA0000 size: 332288 crc: B0A13DF9 date: 2009-07-14 01:41:56
 C:\Windows\system32\CRYPTBASE.dll handle: 000007FEFD590000 size: 44032 crc: F547C16E date: 2009-07-14 01:40:24
 C:\Windows\system32\mswsock.dll handle: 000007FEFCE90000 size: 326144 crc: 136B1525 date: 2010-11-20 13:27:10
 C:\Windows\System32\wshtcpip.dll handle: 000007FEFC870000 size: 13312 crc: 5D1E2C55 date: 2009-07-14 01:41:58
 C:\Windows\system32\MMDevAPI.DLL handle: 000007FEFBFB0000 size: 284160 crc: CDF2EF81 date: 2009-07-14 01:41:26
 C:\Windows\system32\PROPSYS.dll handle: 000007FEFBE00000 size: 1212416 crc: B83FA3BE date: 2010-11-20 13:27:23
 C:\Windows\system32\OLEAUT32.dll handle: 000007FEFE860000 size: 861696 crc: 1F331414 date: 2011-08-27 05:37:49
 C:\Windows\system32\wdmaud.drv handle: 000007FEF6280000 size: 217088 crc: 12829973 date: 2010-11-20 13:24:21
 C:\Windows\system32\ksuser.dll handle: 0000000073380000 size: 5120 crc: AA2071D9 date: 2009-07-14 01:41:13
 C:\Windows\system32\AVRT.dll handle: 000007FEFC3F0000 size: 18432 crc: 5CE53CB7 date: 2009-07-14 01:40:05
 C:\Windows\system32\SETUPAPI.dll handle: 000007FEFEB40000 size: 1900544 crc: A364BD6A date: 2010-11-20 13:27:25
 C:\Windows\system32\CFGMGR32.dll handle: 000007FEFD9F0000 size: 207872 crc: 1984C339 date: 2010-11-20 13:25:50
 C:\Windows\system32\DEVOBJ.dll handle: 000007FEFD7C0000 size: 93184 crc: A7541AE2 date: 2009-07-14 01:40:28
 C:\Windows\system32\AUDIOSES.DLL handle: 000007FEF6230000 size: 296448 crc: 90389554 date: 2010-11-20 13:25:42
 C:\Windows\system32\msacm32.drv handle: 000007FEF6220000 size: 25600 crc: 2B579A05 date: 2009-07-14 01:38:50
 C:\Windows\system32\MSACM32.dll handle: 000007FEF6200000 size: 83456 crc: 3D67538B date: 2009-07-14 01:41:27
 C:\Windows\system32\midimap.dll handle: 000007FEF61F0000 size: 20480 crc: CB902A13 date: 2009-07-14 01:41:23
 C:\Windows\system32\CLBCatQ.DLL handle: 000007FEFEFD0000 size: 607744 crc: 939E35C9 date: 2009-07-14 01:40:15
 C:\Windows\system32\dwmapi.dll handle: 000007FEFBF30000 size: 82432 crc: A459F360 date: 2009-07-14 01:40:34
 C:\Windows\system32\psapi.dll handle: 00000000778D0000 size: 9216 crc: 84B5E9BA date: 2009-07-14 01:41:53

---- gamelog start ----
Tick 0: new game started
     Revision text changed to r24047, savegame version 174, not modified, _openttd_newgrf_version = 0x13005def
     New game mode: 1 landscape: 0
     Added NewGRF: GRF ID 47460101, checksum B46E74979D014828A2F5D554099FB7CC, filename: sh125.grf (md5sum matches)
---- gamelog end ----

*** End of OpenTTD Crash Report ***

Decoded stack trace:
[00] openttd              0x000000013F093521
[01] openttd              0x000000013F197AAF
[02] openttd              0x000000013F198022
[03] openttd              0x000000013F09012A
[04] openttd              0x000000013F06AF56
[05] openttd              0x000000013F06B2DF
[06] openttd              0x000000013F2C0F19
[07] openttd              0x000000013F069366
[08] openttd              0x000000013F2C33F2
[09] openttd              0x000000013F3BE4FC
[10] kernel32             0x000000007750652D BaseThreadInitThunk + 13
[11] ntdll                0x000000007773C521 RtlUserThreadStart + 33

*** End of additional info ***
