*** OpenTTD Crash Report ***

Crash at: Sat Apr 05 17:33:38 2014
In game date: 2051-05-09 (27)

Crash reason:
 Exception: C0000005
 Location:  004E8968
 Message:   <none>

OpenTTD version:
 Version:    r26435 (0)
 NewGRF ver: 15006743
 Bits:       32
 Endian:     little
 Dedicated:  no
 Build date: Mar 28 2014 19:38:53

Registers:
 EAX: 000000EC EBX: 036FA200 ECX: 00000076 EDX: 00000000
 ESI: 036FA2BA EDI: FFFFFFFF EBP: 0012DB98 ESP: 0012DB78
 EIP: 004E8968 EFLAGS: 00210296

 Bytes at instruction pointer:
 66 01 38 8B CB E8 E8 F8 FF FF 0F B7 8B B8 00 00 00 8B 40 04 8D 04 48 66

Stack trace:
 036FA2BA 036FA200 00464A7A 036FA200 036FA200 036FA200 00000000 0D1FE8E8
 0012DBB8 004016B1 036FA200 036FA200 036FA200 0012DC1C 0071E560 00000000
 00010000 00401706 00000034 036FA200 005474DA 00000001 00000000 00000000
 0012DC28 00000000 0DBF0048 11010048 00010000 00010000 00000000 00000011
 02B20000 00000000 000000FF 00000000 00000000 0201FFFF 00000000 00000000
 0012DC8C 0012E80C 0071E7D0 FFFFFFFF 0012DC8C 00554961 00F71F78 037E01F8
 00000000 006E415D 0385BEF0 0012DC50 006D8DD2 00000021 0012DC8C 006D8633
 00F71F78 006D862A 6A58765E 00F71F78 037E01F8 00000000 00000000 0012DC60
 00000010 0012E80C 5A54544F 00010400 FFFFFFFE 0012E818 0055510C 00000000
 00000004 00000000 00000000 006DB873 00000000 00000004 31A55F10 01CEA657
 00314F18 00000020 6E1C8F10 01CEA646 6E1C8F10 01CEA646 54346CE0 01CE96D7
 00000000 000FFD88 00FE2794 003C003A 00720054 006E0061 00700073 0072006F
 002C0074 00310020 00320039 002D0035 00310030 0030002D 002E0031 00610073
 00000076 2D353239 302D3130 61732E31 69742E76 00656C74 656C7400 01CF0000
 00000000 00000000 00000000 00000000 00000010 00000002 00000000 00000000
 00000000 00000000 00000000 00000000 00000000 002E0000 00000000 00000000
 00000000 00000000 00000000 00000000 00000000 00000000 00000000 00000000
 00000000 00000000 00000000 00000000 00000000 00000000 00000000 00000000
 00000000 00000000 00000000 00000000 00000000 00000000 00000000 00000000
 00000000 00000000 00000000 00000000 00000000 00001A41 0D1FE040 02B20000
 00000000 00000000 02B20000 02B20000 00003BF8 000007FF 0D1F0000 03819BD0
 0000077F 037CA7C0 02B22D80 0000160B 0012DE68 778F1C3E 02B20000 0044A950
 00000000 00000000 02B20000 0D44A950 02B20000 0B00010A 02B22D80 037C3830
 037C3830 038A3C40 0000010A 00000000 0012DE98 00000002 02B207C8 0012DE98

Operating system:
 Name:     Windows
 Release:  6.0.6002 (Service Pack 2)
 Compiler: MSVC 1600

Configuration:
 Blitter:      8bpp-optimized
 Graphics set: OpenGFX (5067)
 Language:     d:\Windows\Hry\OpenTTD\lang\slovak.lng
 Music driver: dmusic
 Music set:    OpenMSX (96)
 Network:      no
 Sound driver: win32
 Sound set:    OpenSFX (87)
 Video driver: win32

Fonts:
 Small:  sprite
 Medium: sprite
 Large:  sprite
 Mono:   sprite

AI Configuration (local: 0):
  0: Human

Libraries:
 FreeType:   2.4.11
 ICU:        51.2
 LZMA:       5.0.4
 LZO:        2.06
 PNG:        1.5.14
 Zlib:       1.2.7

Module information:
 D:\Windows\Hry\OpenTTD\openttd.exe handle: 00400000 size: 12170240 crc: EE1759D4 date: 2014-03-28 17:43:36
 C:\Windows\system32\ntdll.dll handle: 778B0000 size: 1205168 crc: 3A34FB84 date: 2013-07-09 12:10:36
 C:\Windows\system32\kernel32.dll handle: 77440000 size: 892928 crc: A01352B7 date: 2012-09-28 16:11:03
 C:\Windows\system32\WINMM.dll handle: 737A0000 size: 189952 crc: FE5FC521 date: 2011-10-14 16:03:25
 C:\Windows\system32\msvcrt.dll handle: 762E0000 size: 680448 crc: 2BA89372 date: 2011-12-14 16:17:47
 C:\Windows\system32\USER32.dll handle: 76870000 size: 627712 crc: 80F0F3C5 date: 2009-04-11 06:28:25
 C:\Windows\system32\GDI32.dll handle: 76140000 size: 297984 crc: 79C0C014 date: 2013-10-03 12:45:50
 C:\Windows\system32\ADVAPI32.dll handle: 76190000 size: 800768 crc: D7864B03 date: 2009-04-11 06:28:17
 C:\Windows\system32\RPCRT4.dll handle: 777E0000 size: 783360 crc: A869E4A0 date: 2013-07-10 09:47:00
 C:\Windows\system32\ole32.dll handle: 76390000 size: 1316864 crc: 35DF2E64 date: 2010-06-28 17:00:21
 C:\Windows\system32\OLEAUT32.dll handle: 779E0000 size: 563712 crc: 4F05A328 date: 2011-08-25 16:14:01
 C:\Windows\system32\OLEACC.dll handle: 74360000 size: 238080 crc: 49653460 date: 2011-08-25 16:14:01
 C:\Windows\system32\WS2_32.dll handle: 77A90000 size: 179200 crc: 5D581120 date: 2008-01-21 02:25:16
 C:\Windows\system32\NSI.dll handle: 76860000 size: 8192 crc: 10729B39 date: 2008-01-21 02:25:11
 C:\Windows\system32\IMM32.dll handle: 77A70000 size: 114688 crc: 8D83D50A date: 2009-04-11 06:28:20
 C:\Windows\system32\MSCTF.dll handle: 75FD0000 size: 807424 crc: 78787E19 date: 2009-04-11 06:28:20
 C:\Windows\system32\SHELL32.dll handle: 76910000 size: 11586048 crc: C75340E1 date: 2012-06-08 17:47:00
 C:\Windows\system32\SHLWAPI.dll handle: 75F70000 size: 353280 crc: 8C1197B8 date: 2012-11-22 03:54:36
 C:\Windows\system32\LPK.DLL handle: 77430000 size: 23552 crc: 2E03F135 date: 2009-06-15 14:52:42
 C:\Windows\system32\USP10.dll handle: 76260000 size: 502272 crc: A57A818A date: 2010-04-16 16:46:48
 C:\Windows\WinSxS\x86_microsoft.windows.common-controls_6595b64144ccf1df_6.0.6002.18305_none_5cb72f2a088b0ed3\comctl32.dll handle: 74F00000 size: 1686016 crc: 3AB5D2D1 date: 2010-08-31 15:43:52
 C:\Windows\system32\uxtheme.dll handle: 743A0000 size: 240128 crc: 5F29223E date: 2008-01-21 02:24:10
 C:\Program Files\Unlocker\UnlockerHook.dll handle: 10000000 size: 4608 crc: D7891A91 date: 2008-05-02 04:15:35
 D:\Windows\TrayIt\TrayIt!.dll handle: 494E0000 size: 28672 crc: 5E00C4A0 date: 2004-01-19 10:55:22
 C:\Windows\system32\mswsock.dll handle: 755C0000 size: 223232 crc: 9C4248CA date: 2009-04-11 06:28:22
 C:\Windows\System32\wshtcpip.dll handle: 751C0000 size: 9216 crc: 10C50FC1 date: 2008-01-21 02:24:29
 C:\Windows\system32\wdmaud.drv handle: 71F40000 size: 167424 crc: AE942463 date: 2009-04-11 06:27:12
 C:\Windows\system32\ksuser.dll handle: 729A0000 size: 4608 crc: 4C647881 date: 2006-11-02 09:46:05
 C:\Windows\system32\MMDevAPI.DLL handle: 74E80000 size: 150528 crc: 481F98E7 date: 2009-04-11 06:28:20
 C:\Windows\system32\AVRT.dll handle: 75280000 size: 12800 crc: EB589AA0 date: 2008-01-21 02:25:20
 C:\Windows\system32\SETUPAPI.dll handle: 766D0000 size: 1591296 crc: A225D6A1 date: 2009-04-11 06:28:24
 C:\Windows\system32\WINTRUST.dll handle: 750F0000 size: 172544 crc: 87BD4379 date: 2013-07-08 04:20:04
 C:\Windows\system32\CRYPT32.dll handle: 758D0000 size: 993792 crc: 5B4F1B58 date: 2013-10-03 12:45:45
 C:\Windows\system32\MSASN1.dll handle: 75A30000 size: 60928 crc: D62CDC5B date: 2009-09-04 11:41:59
 C:\Windows\system32\USERENV.dll handle: 75E20000 size: 108544 crc: CC1E5DD3 date: 2009-04-11 06:28:25
 C:\Windows\system32\Secur32.dll handle: 75E00000 size: 72704 crc: DFC8B400 date: 2011-11-16 16:23:08
 C:\Windows\system32\imagehlp.dll handle: 764E0000 size: 158208 crc: 089B335F date: 2013-10-22 07:19:59
 C:\Windows\system32\AUDIOSES.DLL handle: 71DD0000 size: 115712 crc: 9E346B3A date: 2009-04-11 06:28:18
 C:\Windows\system32\audioeng.dll handle: 71D60000 size: 397312 crc: 17666E45 date: 2008-01-21 02:25:20
 C:\Windows\system32\PSAPI.DLL handle: 75ED0000 size: 12288 crc: D7B812C5 date: 2006-11-02 09:46:12
 C:\Windows\system32\msacm32.drv handle: 72960000 size: 21504 crc: 28704D00 date: 2009-04-11 06:27:12
 C:\Windows\system32\MSACM32.dll handle: 71E20000 size: 71680 crc: A2E8F836 date: 2008-01-21 02:25:19
 C:\Windows\system32\midimap.dll handle: 71D00000 size: 17408 crc: 9FC56E7F date: 2009-04-11 06:28:20
 C:\Windows\system32\CLBCatQ.DLL handle: 760B0000 size: 523776 crc: C2EBF5E6 date: 2008-01-21 02:24:49
 C:\Windows\system32\dmime.dll handle: 6E2F0000 size: 178688 crc: 3063C87B date: 2008-01-21 02:24:03
 C:\Windows\system32\DSOUND.dll handle: 6AB60000 size: 444416 crc: 2196E709 date: 2009-04-11 06:28:19
 C:\Windows\system32\POWRPROF.dll handle: 752A0000 size: 98816 crc: F5FB120D date: 2009-04-11 06:28:23
 C:\Windows\system32\dmusic.dll handle: 72AE0000 size: 101888 crc: 9C95E7AB date: 2009-04-11 06:28:18
 C:\Windows\system32\dmsynth.dll handle: 72D10000 size: 105472 crc: A572B2E6 date: 2009-04-11 06:28:18
 C:\Windows\system32\dmloader.dll handle: 72F50000 size: 38400 crc: 43D1875C date: 2008-01-21 02:24:03

---- gamelog start ----
Tick 62675: game loaded
     Conversion from OTTD savegame without gamelog: version 4, 1
     Revision text changed to r26435, savegame version 188, not modified, _openttd_newgrf_version = 0x15006743
     New game mode: 1 landscape: 1
     Added NewGRF: GRF ID 4F472B34, checksum 4D0A47280C2396F4ED898276A757C209, filename: opengfx_landscape-0.2.3\ogfx-landscape.grf (md5sum matches)
     Added NewGRF: GRF ID 43415000, checksum 8F77143D9432C52206D1730F9EEDFAE1, filename: opengfx_airports-0.4.1\ogfx-airports.grf (md5sum matches)
     Added NewGRF: GRF ID 4F472B31, checksum 4E0B2D42462F295F36AFBA90D239A323, filename: opengfx_trains-0.3.0\ogfx-trains.grf (md5sum matches)
     Added NewGRF: GRF ID 44440A01, checksum FCEEC76CF44EC23E7FE9C88048CF11CC, filename: av8_aviators_aircraft_set-2.21\pb_av8w.grf (md5sum matches)
     Added NewGRF: GRF ID 44440A03, checksum 6205E0297104502240D946EC26B195CA, filename: av8_extra_aircraft.1.501\pb_av8exw.grf (md5sum matches)
     Added NewGRF: GRF ID 52571203, checksum DEE3FEBD0D9F5F45191C05620F581655, filename: egrvts2-175\egrvts2.grf (md5sum matches)
     Added NewGRF: GRF ID 4D42000A, checksum BC3A0E791C74C1A04A3B90C3B2FA83A6, filename: bats-0.4\batsv0.4w.grf (md5sum matches)
     Added NewGRF: GRF ID 444A5901, checksum 23CEC795D97265752C21EA8F02564A61, filename: vacuum_tube_train-0.22\vactrain.grf (md5sum matches)
     Added NewGRF: GRF ID 444A5902, checksum 10CE0195D8ABED8FD93E539FD990AF03, filename: vacuum_vehicle_wagon_and_train-0.22\vactrain.grf (md5sum matches)
---- gamelog end ----

*** End of OpenTTD Crash Report ***

Decoded stack trace:
[00] openttd              0x004E8968
[01] openttd              0x004016B1
[02] openttd              0x00401706
[03] openttd              0x005474DA

*** End of additional info ***
