*** OpenTTD Crash Report ***
Date: 2008-10-26 01:08:21
Build: r14520-noai built on Oct 23 2008 16:20:33
Language: english_US.lng
Exception C0000005 at 7C911669
Registers:
 EAX: 0227F588 EBX: 00BB0000 ECX: 00000000 EDX: 01000001
 ESI: 0227F580 EDI: 02281588 EBP: 0012F97C ESP: 0012F970
 EIP: 7C911669 EFLAGS: 00010246

Bytes at CS:EIP:
 8B 09 3B 4A 04 89 55 0C 0F 85 9D 00 00 00 3B C8 0F 85 95 00 00 00 56 53

Stack trace: 
 00BB0000 02281588 00000000 0012FA50 7C91082C 00000000 02281588 0012FA34
 00000000 0227F4D8 02281590 00648A8C 01370000 00000058 00000000 01010000
 0000008B 0012F910 0012F914 0012F9FC 7C90E900 7C910040 00001408 00BB0000
 0057CAEE 00BB0000 00000000 00000000 00000000 01010000 000000A1 0012F948
 00000028 0012FA34 7C90E900 7C910040 00000000 00000000 0101CAEE 00000281
 0012F96C 0057CB0D 00BB0000 7C90E900 7C910040 FFFFFFFF 00000000 00000000
 01010000 00000005 0012F994 0012F594 0012FA80 7C90E900 7C910040 00000001
 0012FA90 0057CAEE 00BB0000 00000000 02281590 CA97FDDD 0227F4D8 02281590
 00648A8C 004C456A 0012FA64 0012F584 0012FAEC 005836C0 CAE663AD FFFFFFFE
 0012FAF8 004C1F9B 02281590 004C4BFB 02281590 0227F504 004B71DC 004C4FFD
 02276370 0227CD98 02120D0C 00BB76F0 00BB2B68 00BB2B78 00BB2B68 00BB76F0
 004CC5B4 004CC5CF 02120D0C 014CC307 0012FFB0 005967F1 004C4FE9 0012FB30
 00595AE5 FFFFFFFF 0012FB3C 004CAC8E 021BBE00 021BBE00 02121268 004D7E80
 02120D0C 02120DC0 021BBE00 021BCDB8 00BB76F0 0012FB3C 004CC170 004D7E67
 0012FFB0 00596EBA 00000000 0012FB68 004C90FC 021BBE00 02120D0C 00BB76F0
 00000000 0040C15A 02120F20 00648828 00D47CB8 00D47CB8 02120D0C 0040C31B
 08683E4D 00000003 0012FBA8 00000000 00D47CB8 0040E54D 00000000 00408B76
 08683E4D 08683E5D 00000000 0012FBBC 000007A1 08680106 0012FBBC 0042B842
 00000000 0067593C 7E41929B 0012FBD4 0042BA9B 08683E5D 00000000 0012FBBC
 0012FBBC 00000000 0051BBF8 0067610C 0065AA60 0012FD14 00000000 0012FBD8
 08683E5D 08683E7B 00000000 00000000 00B00152 0000000F 00000000 00000000
 08683E3E 00000000 00000022 0042B0D7 0012FD2C 00000001 00000001 00010003
 00000000 00BB0000 00000000 00000000 FFFFFFFF 00000000 FFFFFFFF 0012FE34
 00615DF4 00000000 00000000 FFFFFFFF 00000000 00000000 00000000 7C91003D

Module information:
 C:\Program Files\OpenTTD\openttd.exe handle: 00400000 size: 2501120 crc: 21E3B8D2 date: 2008-10-25 23:51:13
 C:\WINDOWS\system32\ntdll.dll handle: 7C900000 size: 706048 crc: 791555FA date: 2008-04-14 00:11:24
 C:\WINDOWS\system32\kernel32.dll handle: 7C800000 size: 989696 crc: 98CCF9A3 date: 2008-04-14 00:11:56
 C:\WINDOWS\system32\WINMM.dll handle: 76B40000 size: 176128 crc: 9676D976 date: 2008-04-14 00:12:09
 C:\WINDOWS\system32\ADVAPI32.dll handle: 77DD0000 size: 617472 crc: 78174499 date: 2008-04-14 00:11:48
 C:\WINDOWS\system32\RPCRT4.dll handle: 77E70000 size: 584704 crc: 78EC50DB date: 2008-04-14 00:12:04
 C:\WINDOWS\system32\Secur32.dll handle: 77FE0000 size: 56320 crc: 25AFC491 date: 2008-04-14 00:12:05
 C:\WINDOWS\system32\GDI32.dll handle: 77F10000 size: 285184 crc: 148CE77D date: 2008-04-14 00:11:54
 C:\WINDOWS\system32\USER32.dll handle: 7E410000 size: 578560 crc: F7C72264 date: 2008-04-14 00:12:08
 C:\WINDOWS\system32\WS2_32.dll handle: 71AB0000 size: 82432 crc: 7C519ECA date: 2008-04-14 00:12:10
 C:\WINDOWS\system32\msvcrt.dll handle: 77C10000 size: 343040 crc: 0B7B1677 date: 2008-04-14 00:12:01
 C:\WINDOWS\system32\WS2HELP.dll handle: 71AA0000 size: 19968 crc: 3F24E096 date: 2008-04-14 00:12:10
 C:\WINDOWS\system32\IMM32.DLL handle: 76390000 size: 110080 crc: C1486DA0 date: 2008-04-14 00:11:54
 C:\WINDOWS\system32\LPK.DLL handle: 629C0000 size: 22016 crc: 9689B06F date: 2008-04-14 00:11:56
 C:\WINDOWS\system32\USP10.dll handle: 74D90000 size: 406016 crc: FA817293 date: 2008-04-14 00:12:08
 C:\WINDOWS\system32\avgrsstx.dll handle: 10000000 size: 10520 crc: D2B9D9CC date: 2008-07-03 17:00:17
 C:\WINDOWS\system32\SHFolder.dll handle: 76780000 size: 25088 crc: 8009EA65 date: 2008-04-14 00:12:05
 C:\WINDOWS\system32\SHLWAPI.dll handle: 77F60000 size: 474112 crc: 3230A338 date: 2008-04-14 00:12:05
 C:\WINDOWS\WinSxS\x86_Microsoft.Windows.Common-Controls_6595b64144ccf1df_6.0.2600.5512_x-ww_35d4ce83\comctl32.dll handle: 773D0000 size: 1054208 crc: 06939D35 date: 2008-04-14 00:12:51
 C:\WINDOWS\system32\comctl32.dll handle: 5D090000 size: 617472 crc: 519837A9 date: 2008-04-14 00:11:51
 C:\WINDOWS\system32\WINTRUST.dll handle: 76C30000 size: 176640 crc: 98E1211C date: 2008-04-14 00:12:09
 C:\WINDOWS\system32\CRYPT32.dll handle: 77A80000 size: 599040 crc: F04E4319 date: 2008-04-14 00:11:51
 C:\WINDOWS\system32\MSASN1.dll handle: 77B20000 size: 57344 crc: B280A6F9 date: 2008-04-14 00:11:58
 C:\WINDOWS\system32\IMAGEHLP.dll handle: 76C90000 size: 144384 crc: F7A06429 date: 2008-04-14 00:11:54
 C:\WINDOWS\system32\wdmaud.drv handle: 72D20000 size: 23552 crc: EEB914CA date: 2008-04-14 00:12:45
 C:\WINDOWS\system32\msacm32.drv handle: 72D10000 size: 20480 crc: D5406BAE date: 2004-08-04 08:00:00
 C:\WINDOWS\system32\MSACM32.dll handle: 77BE0000 size: 71680 crc: EDE4B266 date: 2008-04-14 00:11:58
 C:\WINDOWS\system32\midimap.dll handle: 77BD0000 size: 18944 crc: 2E6D5FD1 date: 2008-04-14 00:11:57
 C:\WINDOWS\system32\ole32.dll handle: 774E0000 size: 1287168 crc: 3908D33A date: 2008-04-14 00:12:02
 C:\WINDOWS\system32\uxtheme.dll handle: 5AD70000 size: 218624 crc: A4A915A5 date: 2008-04-14 00:12:08
 C:\WINDOWS\system32\MSCTF.dll handle: 74720000 size: 297984 crc: 392BE0B0 date: 2008-04-14 00:11:58
 C:\WINDOWS\system32\SynTPFcs.dll handle: 63000000 size: 69724 crc: 193C4FE7 date: 2005-02-02 12:12:14
 C:\WINDOWS\system32\VERSION.dll handle: 77C00000 size: 18944 crc: 558B1DAF date: 2008-04-14 00:12:08
 C:\WINDOWS\system32\CLBCATQ.DLL handle: 76FD0000 size: 498688 crc: F43789FF date: 2008-04-14 00:11:50
 C:\WINDOWS\system32\COMRes.dll handle: 77050000 size: 792064 crc: 868482D5 date: 2008-04-14 00:11:51
 C:\WINDOWS\system32\OLEAUT32.dll handle: 77120000 size: 551936 crc: 1EE83658 date: 2008-04-14 00:12:02
 C:\WINDOWS\system32\dmime.dll handle: 5C570000 size: 181248 crc: A021AC64 date: 2008-04-14 00:11:52
 C:\WINDOWS\system32\DSOUND.dll handle: 73F10000 size: 367616 crc: 33C2A52C date: 2008-04-14 00:11:52
 C:\WINDOWS\system32\dmusic.dll handle: 6C980000 size: 104448 crc: E9A2B682 date: 2008-04-14 00:11:52
 C:\WINDOWS\system32\KsUser.dll handle: 73EE0000 size: 4096 crc: BD8E6BD9 date: 2008-04-14 00:11:56
 C:\WINDOWS\system32\dmsynth.dll handle: 6C9A0000 size: 103424 crc: 3E2BFB05 date: 2008-04-14 00:11:52
 C:\WINDOWS\system32\dmloader.dll handle: 6CA10000 size: 35840 crc: 9271DC2B date: 2008-04-14 00:11:52
 C:\WINDOWS\system32\msctfime.ime handle: 755C0000 size: 177152 crc: 6D3663FE date: 2008-04-14 00:10:06
 C:\WINDOWS\system32\mswsock.dll handle: 71A50000 size: 245248 crc: FBBA0828 date: 2008-06-20 17:46:57
 C:\WINDOWS\system32\hnetcfg.dll handle: 662B0000 size: 344064 crc: 96358152 date: 2008-04-14 00:11:54
 C:\WINDOWS\System32\wshtcpip.dll handle: 71A90000 size: 19456 crc: F5533E87 date: 2008-04-14 00:12:10
 C:\WINDOWS\system32\dmstyle.dll handle: 6C9C0000 size: 105984 crc: 65DF8D9B date: 2008-04-14 00:11:52
 C:\WINDOWS\system32\dmband.dll handle: 6CBC0000 size: 28672 crc: B752817F date: 2008-04-14 00:11:52
 C:\WINDOWS\system32\psapi.dll handle: 76BF0000 size: 23040 crc: 75BBDCAD date: 2008-04-14 00:12:03

System information:
 Windows version 5.1 2600 Service Pack 3

---- gamelog start ----
Tick 0: new game started
     Revision text changed to r14520-noai, savegame version 102, not modified, _openttd_newgrf_version = 0x070038b8
     New game mode: 1 landscape: 1
     Added NewGRF: GRF ID 52570103, checksum EDB2D26F9D81423734CA12412F309CF3, filename: generictrams_v0.4.grf
     Added NewGRF: GRF ID 4A430002, checksum 0728ADCB4DF2F1EB9247ABD449296F4E, filename: indstatrw.grf
     Added NewGRF: GRF ID 56430001, checksum AF3E0A1E6EF0B98DB966594578D1775B, filename: ttrs3w.GRF
---- gamelog end ----
