*** OpenTTD Crash Report ***

Crash at: Fri Jan 06 19:23:43 2012
In game date: 2100-01-08 (60)

Crash reason:
 Exception: C0000005
 Location:  0000000000000000
 Message:   <none>

OpenTTD version:
 Version:    r23761 (0)
 NewGRF ver: 12005cd1
 Bits:       64
 Endian:     little
 Dedicated:  no
 Build date: Jan  6 2012 19:12:33

Registers:
 RAX: 000000000000000A RBX: 0000000000000096 RCX: 0000000004CB8E40 RDX: 0000000000000245
 RSI: 0000000000000058 RDI: 0000000004CB8E40 RBP: 00000000002FE8B0 RSP: 00000000002FE868
 R8:  0000000000000058 R9:  0000000000000096 R10: 0000000140087750 R11: 0000000000000245
 R12: 0000000000000245 R13: 0000000000000001 R14: 0000000000000001 R15: 0000000000000000
 RIP: 0000000000000000 EFLAGS: 00010206

 Bytes at instruction pointer:
 ?? ?? ?? ?? ?? ?? ?? ?? ?? ?? ?? ?? ?? ?? ?? ?? ?? ?? ?? ?? ?? ?? ?? ??

Stack trace:
 3F9097E4 00000001 04CB8E40 00000000 002FE8B0 00000000 400AF380 00000001
 04CB8E40 00000000 00000058 00000096 00000245 00000245 00000058 00000096
 00000245 00000245 0000FFFF 00000000 00000000 00000000 00000001 00000000
 00000000 00000000 002FE999 00000000 3F909CB0 00000001 04CB8E40 00000000
 400AF380 00000001 00000002 00000000 3F8DE273 00000001 3F8B2AE0 00000001
 3F82ECB2 00000001 00000001 00000000 FBD511CE 000007FE 04CB8E40 00000000
 3F8B345B 00000001 FFFFFFFE FFFFFFFF 3FA144E8 00000001 00000000 00000000
 00000000 00000000 FFFFFFFE FFFFFFFF 00000000 00000000 00DA4EDE 00000000
 00DA4EF0 00000000 00000D29 00000000 3F8DF74A 00000001 00000D29 00000000
 00000080 00000000 00000001 00000000 00000001 00000000 00000001 00000000
 00000000 00000000 00DA4EDE 00000000 00000001 00000000 00000000 00000000
 00DA4EDE 00000000 00DA4EFC 00000000 00000000 00000000 400AF380 00000001
 00000001 00000000 002FEB00 00000000 3F80B15A 00000001 00000001 00000000
 002FEB00 00000000 400AF380 00000001 00000024 00000000 00000186 00000000
 00000000 00000000 401A1B54 00000001 00000001 00000000 400AF380 00000001
 0000050E 00000000 FFFFFFFE FFFFFFFF 00000186 00000000 00000000 00000000
 3F8434DB 00000001 00000001 00000000 0000038F 00000000 00000048 00000000
 00000001 00000000 00000201 00000000 3FA5BFE0 00000001 00000000 00000000
 002FEAE9 00000000 0186038F 00000000 000D03BA 00000000 770E9BEF 00000000
 00000000 00000000 00000000 00000000 00000000 00000000 00000000 00000000
 770E72CB 00000000 00000000 00000000 3FA5BACC 00000001 00000000 00000000
 00000000 00000000 000D03BA 00000000 02010001 00000000 00000000 00000000
 00DA4EFC 00000000 00000000 00000000 00DA4EDE 00000000 002FEE00 00000000
 3F7F7C05 00000001 002FEE00 00000000 00000000 00000000 00000000 00000000

Operating system:
 Name:     Windows
 Release:  6.1.7601 (Service Pack 1)
 Compiler: MSVC 1600

Configuration:
 Blitter:      8bpp-optimized
 Graphics set: OpenGFX (897)
 Language:     C:\games\OpenTTD\lang\english_US.lng
 Music driver: win32
 Music set:    NoMusic (0)
 Network:      no
 Sound driver: win32
 Sound set:    NoSound (2)
 Video driver: win32

AI Configuration (local: 0):
  0: Human

Libraries:
 FreeType:   2.4.5
 ICU:        4.4.2
 LZMA:       5.0.3
 LZO:        2.05
 PNG:        1.5.4
 Zlib:       1.2.5

Module information:
 C:\games\OpenTTD\openttd.exe handle: 000000013F7C0000 size: 10442752 crc: BBC6EEF3 date: 2012-01-06 19:16:39
 C:\Windows\SYSTEM32\ntdll.dll handle: 00000000771D0000 size: 1731936 crc: 7AB8D690 date: 2010-11-20 13:28:37
 C:\Windows\system32\kernel32.dll handle: 0000000076FB0000 size: 1162752 crc: 4F9F79FE date: 2011-07-16 05:37:12
 C:\Windows\system32\KERNELBASE.dll handle: 000007FEFD950000 size: 421888 crc: D7A16149 date: 2011-07-16 05:37:12
 C:\Windows\system32\WINMM.dll handle: 000007FEF7D70000 size: 217600 crc: 7BC1529F date: 2009-07-14 01:41:56
 C:\Windows\system32\msvcrt.dll handle: 000007FEFE010000 size: 634880 crc: 7F3E716F date: 2009-07-14 01:41:32
 C:\Windows\system32\USER32.dll handle: 00000000770D0000 size: 1008128 crc: 70FF7D7F date: 2010-11-20 13:27:27
 C:\Windows\system32\GDI32.dll handle: 000007FEFE490000 size: 403968 crc: 3D5BC405 date: 2010-11-20 13:26:25
 C:\Windows\system32\LPK.dll handle: 000007FEFE480000 size: 41984 crc: 350AF03B date: 2009-07-14 01:41:19
 C:\Windows\system32\USP10.dll handle: 000007FEFE3B0000 size: 800256 crc: B511F4B9 date: 2010-11-20 13:27:27
 C:\Windows\system32\WS2_32.dll handle: 000007FEFF490000 size: 297984 crc: 0F68689B date: 2010-11-20 13:27:29
 C:\Windows\system32\RPCRT4.dll handle: 000007FEFE150000 size: 1219584 crc: 5217F07C date: 2010-11-20 13:27:24
 C:\Windows\system32\NSI.dll handle: 000007FEFE000000 size: 13824 crc: 53B46F6C date: 2009-07-14 01:41:53
 C:\Windows\system32\ADVAPI32.dll handle: 000007FEFF330000 size: 877056 crc: FA615A20 date: 2009-07-14 01:40:01
 C:\Windows\SYSTEM32\sechost.dll handle: 000007FEFE390000 size: 113664 crc: 978CFAE5 date: 2009-07-14 01:41:53
 C:\Windows\system32\SHELL32.dll handle: 000007FEFE500000 size: 14173184 crc: 976AAFA5 date: 2011-08-30 05:25:09
 C:\Windows\system32\SHLWAPI.dll handle: 000007FEFF410000 size: 448512 crc: 086DF743 date: 2010-11-20 13:27:25
 C:\Windows\system32\IMM32.DLL handle: 000007FEFE360000 size: 167424 crc: 41B2805A date: 2009-07-14 01:41:09
 C:\Windows\system32\MSCTF.dll handle: 000007FEFDC10000 size: 1067008 crc: 798DDDA0 date: 2009-07-14 01:41:28
 c:\program files (x86)\f-secure\hips\fshook64.dll handle: 0000000072220000 size: 452296 crc: 789AD8AF date: 2011-08-30 17:03:42
 C:\Windows\system32\PSAPI.DLL handle: 0000000077390000 size: 9216 crc: 84B5E9BA date: 2009-07-14 01:41:53
 C:\Windows\system32\SHFolder.dll handle: 000007FEF57E0000 size: 10240 crc: 08A48DE3 date: 2009-07-14 01:41:54
 C:\Windows\system32\ole32.dll handle: 000007FEFDA00000 size: 2086912 crc: 72F91CD0 date: 2010-11-20 13:27:23
 C:\Windows\system32\uxtheme.dll handle: 000007FEFBD50000 size: 332288 crc: B0A13DF9 date: 2009-07-14 01:41:56
 C:\Windows\system32\CRYPTBASE.dll handle: 000007FEFD560000 size: 44032 crc: F547C16E date: 2009-07-14 01:40:24
 C:\Program Files (x86)\F-Secure\FSPS\program\fslsp_x64.dll handle: 0000000074A30000 size: 224968 crc: 644EF2F0 date: 2011-08-30 17:03:54
 c:\program files (x86)\f-secure\scanner-interface\fsgkiapi_x64.dll handle: 0000000180000000 size: 368328 crc: D0CAE258 date: 2011-08-30 17:03:34
 C:\Windows\system32\mswsock.dll handle: 000007FEFCEA0000 size: 326144 crc: 136B1525 date: 2010-11-20 13:27:10
 C:\Windows\System32\wshtcpip.dll handle: 000007FEFC800000 size: 13312 crc: 5D1E2C55 date: 2009-07-14 01:41:58
 C:\Windows\system32\MMDevAPI.DLL handle: 000007FEFC160000 size: 284160 crc: CDF2EF81 date: 2009-07-14 01:41:26
 C:\Windows\system32\PROPSYS.dll handle: 000007FEFC030000 size: 1212416 crc: B83FA3BE date: 2010-11-20 13:27:23
 C:\Windows\system32\OLEAUT32.dll handle: 000007FEFE280000 size: 861696 crc: 1F331414 date: 2011-08-27 05:37:49
 C:\Windows\system32\wdmaud.drv handle: 000007FEF7E00000 size: 217088 crc: 12829973 date: 2010-11-20 13:24:21
 C:\Windows\system32\ksuser.dll handle: 0000000070160000 size: 5120 crc: AA2071D9 date: 2009-07-14 01:41:13
 C:\Windows\system32\AVRT.dll handle: 000007FEFC020000 size: 18432 crc: 5CE53CB7 date: 2009-07-14 01:40:05
 C:\Windows\system32\SETUPAPI.dll handle: 000007FEFDE20000 size: 1900544 crc: A364BD6A date: 2010-11-20 13:27:25
 C:\Windows\system32\CFGMGR32.dll handle: 000007FEFD9C0000 size: 207872 crc: 1984C339 date: 2010-11-20 13:25:50
 C:\Windows\system32\DEVOBJ.dll handle: 000007FEFD930000 size: 93184 crc: A7541AE2 date: 2009-07-14 01:40:28
 C:\Windows\system32\AUDIOSES.DLL handle: 000007FEF5C40000 size: 296448 crc: 90389554 date: 2010-11-20 13:25:42
 C:\Windows\system32\msacm32.drv handle: 000007FEF7DF0000 size: 25600 crc: 2B579A05 date: 2009-07-14 01:38:50
 C:\Windows\system32\MSACM32.dll handle: 000007FEF5C20000 size: 83456 crc: 3D67538B date: 2009-07-14 01:41:27
 C:\Windows\system32\midimap.dll handle: 000007FEF5C10000 size: 20480 crc: CB902A13 date: 2009-07-14 01:41:23
 C:\Windows\system32\CLBCatQ.DLL handle: 000007FEFF290000 size: 607744 crc: 939E35C9 date: 2009-07-14 01:40:15
 C:\Windows\system32\dwmapi.dll handle: 000007FEFB970000 size: 82432 crc: A459F360 date: 2009-07-14 01:40:34
 C:\Program Files\Dell\QuickSet\dadkeyb.dll handle: 0000000001DD0000 size: 89168 crc: 02E89D89 date: 2009-07-02 14:14:40

---- gamelog start ----
Tick 0: new game started
     Revision text changed to r23761, savegame version 168, not modified, _openttd_newgrf_version = 0x12005cd1
     New game mode: 1 landscape: 0
     Added NewGRF: GRF ID 4F472B34, checksum 4D0A47280C2396F4ED898276A757C209, filename: opengfx_landscape-0.2.3\ogfx-landscape.grf (md5sum matches)
---- gamelog end ----

*** End of OpenTTD Crash Report ***

Decoded stack trace:
[00] ???                  0x0000000000000000
[01] openttd              0x000000013F9097E4
[02] openttd              0x000000013F909CB0
[03] openttd              0x000000013F82ECB2
[04] openttd              0x000000013F80B15A
[05] openttd              0x000000013F80B4E3
[06] openttd              0x000000013FA5CA11
[07] openttd              0x000000013F80956B
[08] openttd              0x000000013FA5EF16
[09] openttd              0x000000013FB5A0AC
[10] kernel32             0x0000000076FC652D BaseThreadInitThunk + 13
[11] ntdll                0x00000000771FC521 RtlUserThreadStart + 33

*** End of additional info ***
