*** OpenTTD Crash Report ***

Crash at: Thu Jul 08 17:47:23 2010
In game date: 2051-05-09 (23919)

Crash reason:
 Exception: C0000005
 Location:  7C910A19
 Message:   <none>

OpenTTD version:
 Version:    r20085 (0)
 NewGRF ver: 11004e75
 Bits:       32
 Endian:     little
 Dedicated:  no
 Build date: Jul  7 2010 18:16:13

Registers:
 EAX: 01F65E40 EBX: 00CD0000 ECX: 72672E73 EDX: 6B636172
 ESI: 01F65E38 EDI: 01F65E08 EBP: 0012F868 ESP: 0012F85C
 EIP: 7C910A19 EFLAGS: 00010246

 Bytes at instruction pointer:
 8B 09 3B 4A 04 89 55 14 0F 85 2B 0D 00 00 3B C8 0F 85 23 0D 00 00 56 53

Stack trace:
 00CD0000 01F65E18 00000000 0012F93C 7C91084C 010500B0 72672E73 0012F920
 00000000 01FBE5A0 01F65E20 00000000 026B0000 00000004 01F65E08 0012F964
 7C910041 00CD0748 7C91005D 01F65E10 00F233B8 00000000 01F13DD8 00000146
 7C90E920 010500B0 FFFFFFFF 00000080 005E22B0 00CD0000 00CD0198 010014B0
 00000010 6D832702 010015CD 0000011E 01F13F1E FFFFFFFF 7C9101DB 0012F8E0
 00CD0000 0012F998 00CD0000 6DFEA7B2 00000150 005E22E7 00000000 00000000
 0101011E 00000006 0012F880 0012F480 0012F96C 7C90E920 7C910060 00000001
 0012F97C 005E1B0E 00CD0000 00000000 01F65E20 6D83276E 01FBE5A0 01FBE7AC
 00000000 FFFFFFFF 0012F950 0012F470 0012FA34 005EBA30 6DFEA752 FFFFFFFE
 0012F9A4 0053F9F2 01F65E20 0074B6B4 00000000 00000000 00000000 0000007F
 00000000 01FBE727 00000000 0052F799 00000013 00E2CAC8 00FFF430 0012F9F4
 01FE7150 C0D7F9EA 005310C8 00E2CAC8 00FFF430 01FE7150 0012FA34 6F60529A
 00000000 00000803 000B6EB9 00005D6F 00001287 00534DC3 00000005 0041B464
 00000005 FFFFFFFF 00FDC998 0012FA40 00000000 01FF8DF8 0041B4A6 00000000
 004D9DBD 00FDC998 0046E4F6 FFFFFFFF 00FDC998 01F42138 0012FBD0 00605899
 00000001 0012FA74 0046FB6D 00FDC998 00FDC998 00449BB3 00000001 0000000A
 00FDC998 00000008 00000008 FFFFFFFF 00000013 000001B1 0012FAA4 0044BCFC
 0000000A 00000008 00000001 000001B1 000000B0 00000000 00000001 000001B1
 00000000 066300FE 0003BA88 0044BE8D 00000001 00000000 00000001 00000201
 0012FB4C 00000000 00000001 00000000 0055B324 0012FBB4 0055AF16 00000000
 009D26E8 00000000 00000000 00000102 0012FB30 747313D4 00010349 00000000
 00000001 747313D9 00000000 7FFDF000 00000102 00D30000 00010349 0012FB04
 74730F0F 0012FB78 7475F1A6 747313E0 FFFFFFFF 747313D9 7E42B372 00000000
 00000001 0012FBCC 00000000 0012FC80 0012FB78 7E418734 066300FE 00000201

Operating system:
 Name:     Windows
 Release:  5.1.2600 (Service Pack 3)
 Compiler: MSVC 1500

Configuration:
 Blitter:      8bpp-optimized
 Graphics set: original_windows
 Language:     english.lng
 Music driver: dmusic
 Music set:    original_windows
 Network:      no
 Sound driver: win32
 Sound set:    original_windows
 Video driver: win32

AI Configuration (local: 0):
  0: Human

Libraries:
 FreeType:   2.3.12
 ICU:        4.4.1
 LZO:        2.03
 PNG:        1.4.3
 Zlib:       1.2.5

Module information:
 C:\Documents and Settings\User\My Documents\OpenTTD3\openttd.exe handle: 00400000 size: 3286016 crc: 0EFB8238 date: 2010-07-07 18:19:54
 C:\WINDOWS\system32\ntdll.dll handle: 7C900000 size: 714752 crc: 56E74C35 date: 2009-02-09 12:10:48
 C:\WINDOWS\system32\kernel32.dll handle: 7C800000 size: 989696 crc: 8A0508E5 date: 2009-03-21 14:06:58
 C:\WINDOWS\system32\WINMM.dll handle: 76B40000 size: 176128 crc: 9676D976 date: 2008-04-14 00:12:09
 C:\WINDOWS\system32\ADVAPI32.dll handle: 77DD0000 size: 617472 crc: C9027432 date: 2009-02-09 12:10:48
 C:\WINDOWS\system32\RPCRT4.dll handle: 77E70000 size: 585216 crc: E2046CB3 date: 2009-04-15 14:51:25
 C:\WINDOWS\system32\Secur32.dll handle: 77FE0000 size: 56832 crc: 3D0002B7 date: 2009-06-25 08:25:26
 C:\WINDOWS\system32\GDI32.dll handle: 77F10000 size: 286720 crc: B5F6B116 date: 2008-10-23 12:36:14
 C:\WINDOWS\system32\USER32.dll handle: 7E410000 size: 578560 crc: F7C72264 date: 2008-04-14 00:12:08
 C:\WINDOWS\system32\WS2_32.dll handle: 71AB0000 size: 82432 crc: 7C519ECA date: 2008-04-14 00:12:10
 C:\WINDOWS\system32\msvcrt.dll handle: 77C10000 size: 343040 crc: 0B7B1677 date: 2008-04-14 00:12:01
 C:\WINDOWS\system32\WS2HELP.dll handle: 71AA0000 size: 19968 crc: 3F24E096 date: 2008-04-14 00:12:10
 C:\WINDOWS\system32\SHELL32.dll handle: 7C9C0000 size: 8461312 crc: 2221EFBA date: 2008-06-17 19:02:19
 C:\WINDOWS\system32\SHLWAPI.dll handle: 77F60000 size: 474112 crc: BDFA6F45 date: 2009-12-08 09:23:28
 C:\WINDOWS\system32\IMM32.DLL handle: 76390000 size: 110080 crc: C1486DA0 date: 2008-04-14 00:11:54
 C:\WINDOWS\WinSxS\x86_Microsoft.Windows.Common-Controls_6595b64144ccf1df_6.0.2600.5512_x-ww_35d4ce83\comctl32.dll handle: 773D0000 size: 1054208 crc: 06939D35 date: 2008-04-14 00:12:51
 C:\WINDOWS\system32\comctl32.dll handle: 5D090000 size: 617472 crc: 519837A9 date: 2008-04-14 00:11:51
 C:\WINDOWS\system32\SHFolder.dll handle: 76780000 size: 25088 crc: 8009EA65 date: 2008-04-14 00:12:05
 C:\WINDOWS\system32\WINTRUST.dll handle: 76C30000 size: 177664 crc: 10F114B4 date: 2009-12-24 06:59:40
 C:\WINDOWS\system32\CRYPT32.dll handle: 77A80000 size: 599040 crc: F04E4319 date: 2008-04-14 00:11:51
 C:\WINDOWS\system32\MSASN1.dll handle: 77B20000 size: 58880 crc: 63D6A79F date: 2009-09-04 21:03:36
 C:\WINDOWS\system32\IMAGEHLP.dll handle: 76C90000 size: 144384 crc: F7A06429 date: 2008-04-14 00:11:54
 C:\WINDOWS\system32\wdmaud.drv handle: 72D20000 size: 23552 crc: EEB914CA date: 2008-04-14 00:12:45
 C:\WINDOWS\system32\msacm32.drv handle: 72D10000 size: 20480 crc: D5406BAE date: 2006-02-28 12:00:00
 C:\WINDOWS\system32\MSACM32.dll handle: 77BE0000 size: 71680 crc: EDE4B266 date: 2008-04-14 00:11:58
 C:\WINDOWS\system32\midimap.dll handle: 77BD0000 size: 18944 crc: 2E6D5FD1 date: 2008-04-14 00:11:57
 C:\WINDOWS\system32\uxtheme.dll handle: 5AD70000 size: 218624 crc: A4A915A5 date: 2008-04-14 00:12:08
 C:\WINDOWS\system32\MSCTF.dll handle: 74720000 size: 297984 crc: 392BE0B0 date: 2008-04-14 00:11:58
 C:\Program Files\SweetIM\Messenger\mgAdaptersProxy.dll handle: 10000000 size: 23864 crc: CDD7E60B date: 2009-03-05 18:35:32
 C:\Program Files\SweetIM\Messenger\MSVCR71.dll handle: 7C360000 size: 348160 crc: F83AD7CD date: 2006-07-11 17:35:38
 C:\WINDOWS\system32\msctfime.ime handle: 755C0000 size: 177152 crc: 8C1D2F99 date: 2009-02-27 04:56:38
 C:\WINDOWS\system32\ole32.dll handle: 774E0000 size: 1287168 crc: 3908D33A date: 2008-04-14 00:12:02
 C:\WINDOWS\system32\CLBCATQ.DLL handle: 76FD0000 size: 498688 crc: F43789FF date: 2008-04-14 00:11:50
 C:\WINDOWS\system32\COMRes.dll handle: 77050000 size: 792064 crc: 868482D5 date: 2008-04-14 00:11:51
 C:\WINDOWS\system32\OLEAUT32.dll handle: 77120000 size: 551936 crc: 1EE83658 date: 2008-04-14 00:12:02
 C:\WINDOWS\system32\VERSION.dll handle: 77C00000 size: 18944 crc: 558B1DAF date: 2008-04-14 00:12:08
 C:\WINDOWS\system32\dmime.dll handle: 5C570000 size: 181248 crc: A021AC64 date: 2008-04-14 00:11:52
 C:\WINDOWS\system32\DSOUND.dll handle: 73F10000 size: 367616 crc: 33C2A52C date: 2008-04-14 00:11:52
 C:\WINDOWS\system32\dmusic.dll handle: 6C980000 size: 104448 crc: E9A2B682 date: 2008-04-14 00:11:52
 C:\WINDOWS\system32\KsUser.dll handle: 5EF80000 size: 4096 crc: 853DEC10 date: 2002-12-12 00:14:32
 C:\WINDOWS\system32\dmsynth.dll handle: 6C9A0000 size: 103424 crc: 3E2BFB05 date: 2008-04-14 00:11:52
 C:\WINDOWS\system32\dmloader.dll handle: 6CA10000 size: 35840 crc: 9271DC2B date: 2008-04-14 00:11:52
 C:\WINDOWS\system32\mswsock.dll handle: 71A50000 size: 245248 crc: FBBA0828 date: 2008-06-20 17:46:57
 C:\WINDOWS\system32\hnetcfg.dll handle: 662B0000 size: 344064 crc: 96358152 date: 2008-04-14 00:11:54
 C:\WINDOWS\System32\wshtcpip.dll handle: 71A90000 size: 19456 crc: F5533E87 date: 2008-04-14 00:12:10
 C:\WINDOWS\system32\DNSAPI.dll handle: 76F20000 size: 147968 crc: 6145C1AF date: 2008-06-20 17:46:57
 C:\WINDOWS\system32\rasadhlp.dll handle: 76FC0000 size: 7680 crc: 3AB3D6CF date: 2008-04-14 00:12:03
 C:\WINDOWS\system32\psapi.dll handle: 76BF0000 size: 23040 crc: 75BBDCAD date: 2008-04-14 00:12:03

---- gamelog start ----
Tick 62675: game loaded
     Conversion from OTTD savegame without gamelog: version 4, 1
     Revision text changed to r20085, savegame version 143, not modified, _openttd_newgrf_version = 0x11004e75
     New game mode: 0 landscape: 1
     Added NewGRF: GRF ID 45520C00, checksum FCF4EE39F19C02D9E8603D07621DDD99, filename: japanese_town_names.0.6\jpset_namw.grf
     Added NewGRF: GRF ID 52453300, checksum FA9253BC448F0B466FC018F80F9460C5, filename: japanese_trees.2.1\jptreesw.grf
     Added NewGRF: GRF ID 52453400, checksum 5983783733079BB1978B69668064C0EC, filename: japanese_buildings.0.62\jpbuild2w.grf
     Added NewGRF: GRF ID 52453200, checksum 8E0A4D49E0E6F60659D4E28AB38F6647, filename: japanset_landscape.0.8\jplandw.grf
     Added NewGRF: GRF ID 44501401, checksum 5F46A5DE67D0168B638A878FB2D49AEB, filename: japanese_maglevs.0.1\jpmaglevw.grf
     Added NewGRF: GRF ID 2C320A01, checksum C915D0657363EC471AA05096FDF3B650, filename: japanese_signals.0.4b\jpsignalsw.grf
     Added NewGRF: GRF ID 45530500, checksum FA231F55E8CC472EA98271F7C2AA9EFF, filename: japanese_stations-2.0a\jpstationsw.grf
     Added NewGRF: GRF ID 535A0D00, checksum 621BE488F7C9B57003C7E1323AB93AEB, filename: japanese_train_set.version_2_beta_8\jptrains2w.grf
     Added NewGRF: GRF ID 74677563, checksum 3F4153F5999BFDFD6CD578936F8B80F0, filename: total_bridge_renewal_japan.0.2\total_bridgesw.grf
     Added NewGRF: GRF ID 44450002, checksum 58F91EBD619BEC8E17991844768FA8CE, filename: modular_locomotive_shed_stations-0.2.0\mlss020.grf
---- gamelog end ----

*** End of OpenTTD Crash Report ***
