*** OpenTTD Crash Report ***

Crash at: Fri Mar 22 21:27:26 2013
In game date: 1914-02-19 (69)

Crash reason:
 Exception: E1212012
 Location:  76BCFC16
 Message:   Assertion failed at line 125 of c:\bamboo-agent-home\xml-data\build-dir\ottd-rls-w32bit\src\pathfinder/follow_track.hpp: ((TrackStatusToTrackdirBits(GetTileTrackStatus(m_old_tile, TT(), IsRoadTT() && m_veh != NULL ? RoadVehicle::From(m_veh)->compatible_roadtypes : 0)) & TrackdirToTrackdirBits(m_old_td)) != 0) || (IsTram() && GetSingleTramBit(m_old_tile) != INVALID_DIAGDIR)

OpenTTD version:
 Version:    1.3.0-RC3 (0)
 NewGRF ver: 13006212
 Bits:       32
 Endian:     little
 Dedicated:  no
 Build date: Mar 18 2013 06:03:42

Registers:
 EAX: 0012ECA4 EBX: 00000016 ECX: 00000000 EDX: 77155CD4
 ESI: 00C5D3DC EDI: 00000000 EBP: 0012ECF4 ESP: 0012ECA4
 EIP: 76BCFC16 EFLAGS: 00200246

 Bytes at instruction pointer:
 C9 C2 10 00 90 90 90 90 90 8B FF 55 8B EC 51 51 83 7D 10 00 56 0F 84 B3

Stack trace:
 E1212012 00000000 00000000 76BCFC16 00000000 00000028 001902A0 00000000
 00CC36E0 00C149D8 00000010 00000000 00000000 00000000 00000000 00000000
 77154CD0 7711BD86 00000000 00000016 0012ED54 005E387C E1212012 00000000
 00000000 00000000 006B7FA7 00000016 A66FA5F0 0012ED6C 00000200 0012F014
 0012ED40 76ACD714 00000000 77154CD0 005E386C 00000001 0012ED14 0012E8C0
 0012F3BC 006BD530 A6BFE9EC FFFFFFFE 0012EF6C 006B7565 00000016 00437B2C
 00000001 0001AF34 65737341 6F697472 6166206E 64656C69 20746120 656E696C
 35323120 20666F20 625C3A63 6F626D61 67612D6F 2D746E65 656D6F68 6C6D785C
 7461642D 75625C61 2D646C69 5C726964 6474746F 736C722D 3233772D 5C746962
 5C637273 68746170 646E6966 662F7265 6F6C6C6F 72745F77 2E6B6361 3A707068
 54282820 6B636172 74617453 6F547375 63617254 7269646B 73746942 74654728
 656C6954 63617254 6174536B 28737574 6C6F5F6D 69745F64 202C656C 29285454
 7349202C 64616F52 29285454 20262620 65765F6D 3D212068 4C554E20 203F204C
 64616F52 69686556 3A656C63 6F72463A 5F6D286D 29686576 6F633E2D 7461706D
 656C6269 616F725F 70797464 3A207365 29293020 54202620 6B636172 54726964
 6172546F 69646B63 74694272 5F6D2873 5F646C6F 29296474 203D2120 7C202930
 4928207C 61725473 2029286D 47202626 69537465 656C676E 6D617254 28746942
 6C6F5F6D 69745F64 2029656C 49203D21 4C41564E 445F4449 44474149 00295249
 FFFFFFFF 8AEEB48A 0012EF1C 0044BA05 00C3F578 0012F747 00000000 00000000
 0012FCCC 006DA29C FFFFFFFF 00000002 0012EF44 7715678D 7F65DF30 02700000
 00000000 0270019C 00000000 06A73908 1256036A 000B12AD 0012EF70 00000000
 0012F774 0012F007 005B17D5 004FDD45 00000001 0001AF34 0012F014 00000000
 0001AF34 004269C9 0001AF34 0043C5A8 00BA6BBC 0000007D 00BE05B8 00BE04B8
 000000FF 0001AF34 0012F034 000000FF 000100FF 0001AF34 00000001 7565696E

Operating system:
 Name:     Windows
 Release:  6.0.6002 (Service Pack 2)
 Compiler: MSVC 1600

Configuration:
 Blitter:      32bpp-simple
 Graphics set: zBase (248)
 Language:     T:\Games\OpenTTD\lang\dutch.lng
 Music driver: dmusic
 Music set:    OpenMSX (96)
 Network:      no
 Sound driver: win32
 Sound set:    OpenSFX (87)
 Video driver: win32

AI Configuration (local: 0):
  0: Human

Libraries:
 FreeType:   2.4.5
 ICU:        4.4.2
 LZMA:       5.0.3
 LZO:        2.05
 PNG:        1.5.4
 Zlib:       1.2.5

Module information:
 T:\Games\OpenTTD\openttd.exe handle: 00400000 size: 8799232 crc: 9A3EFDE6 date: 2013-03-18 06:08:16
 C:\Windows\system32\ntdll.dll handle: 770F0000 size: 1205064 crc: B7D44540 date: 2011-11-18 20:23:34
 C:\Windows\system32\kernel32.dll handle: 76B90000 size: 892928 crc: A01352B7 date: 2012-09-28 16:11:03
 C:\Windows\system32\WINMM.dll handle: 740A0000 size: 189952 crc: FE5FC521 date: 2011-10-14 16:03:25
 C:\Windows\system32\msvcrt.dll handle: 75B30000 size: 680448 crc: 2BA89372 date: 2011-12-14 16:17:47
 C:\Windows\system32\USER32.dll handle: 76A70000 size: 627712 crc: 80F0F3C5 date: 2009-04-10 22:28:26
 C:\Windows\system32\GDI32.dll handle: 75990000 size: 297472 crc: 69625D80 date: 2009-04-10 22:28:20
 C:\Windows\system32\ADVAPI32.dll handle: 77270000 size: 800768 crc: D7864B03 date: 2009-04-10 22:28:18
 C:\Windows\system32\RPCRT4.dll handle: 758C0000 size: 784896 crc: 35185859 date: 2009-04-23 12:15:07
 C:\Windows\system32\ole32.dll handle: 76E10000 size: 1316864 crc: 35DF2E64 date: 2010-06-28 17:00:21
 C:\Windows\system32\OLEAUT32.dll handle: 75800000 size: 563712 crc: 4F05A328 date: 2011-08-25 16:14:01
 C:\Windows\system32\OLEACC.dll handle: 73E90000 size: 238080 crc: 49653460 date: 2011-08-25 16:14:01
 C:\Windows\system32\WS2_32.dll handle: 75890000 size: 179200 crc: 5D581120 date: 2010-02-27 00:30:16
 C:\Windows\system32\NSI.dll handle: 77340000 size: 8192 crc: 10729B39 date: 2010-02-27 00:30:15
 C:\Windows\system32\SHELL32.dll handle: 75F50000 size: 11586048 crc: C75340E1 date: 2012-06-08 17:47:00
 C:\Windows\system32\SHLWAPI.dll handle: 757A0000 size: 353280 crc: 8C1197B8 date: 2012-11-22 03:54:36
 C:\Windows\system32\IMM32.DLL handle: 77250000 size: 114688 crc: 8D83D50A date: 2009-04-10 22:28:22
 C:\Windows\system32\MSCTF.dll handle: 75A60000 size: 807424 crc: 78787E19 date: 2009-04-10 22:28:22
 C:\Windows\system32\LPK.DLL handle: 77230000 size: 23552 crc: 2E03F135 date: 2009-06-15 14:52:42
 C:\Windows\system32\USP10.dll handle: 76B10000 size: 502272 crc: A57A818A date: 2010-04-16 16:46:48
 C:\Windows\WinSxS\x86_microsoft.windows.common-controls_6595b64144ccf1df_6.0.6002.18305_none_5cb72f2a088b0ed3\comctl32.dll handle: 74620000 size: 1686016 crc: 3AB5D2D1 date: 2010-08-31 15:43:52
 C:\Program Files\CheckPoint\ZAForceField\Plugins\ISWSHEX.dll handle: 20CC0000 size: 644776 crc: E55D821D date: 2012-11-22 14:33:56
 C:\Windows\WinSxS\x86_microsoft.vc80.crt_1fc8b3b9a1e18e3b_8.0.50727.6195_none_d09154e044272b9a\MSVCR80.dll handle: 71090000 size: 632656 crc: 83346AB8 date: 2011-06-14 20:05:45
 C:\Windows\system32\WINTRUST.dll handle: 747F0000 size: 172544 crc: 591A9904 date: 2012-08-24 15:53:29
 C:\Windows\system32\CRYPT32.dll handle: 74F10000 size: 985088 crc: F09BE8E0 date: 2012-06-02 00:02:32
 C:\Windows\system32\MSASN1.dll handle: 75050000 size: 60928 crc: D62CDC5B date: 2009-09-04 11:41:59
 C:\Windows\system32\USERENV.dll handle: 755A0000 size: 108544 crc: CC1E5DD3 date: 2009-04-10 22:28:26
 C:\Windows\system32\Secur32.dll handle: 75580000 size: 72704 crc: DFC8B400 date: 2011-11-16 16:23:08
 C:\Windows\system32\imagehlp.dll handle: 759E0000 size: 157696 crc: FCADE26E date: 2012-02-29 15:09:53
 C:\Windows\WinSxS\x86_microsoft.vc80.crt_1fc8b3b9a1e18e3b_8.0.50727.6195_none_d09154e044272b9a\MSVCP80.dll handle: 71000000 size: 554832 crc: F4257BB1 date: 2011-06-14 20:05:45
 C:\Windows\system32\SHFolder.dll handle: 6D120000 size: 7168 crc: 1CA14A5C date: 2006-11-02 09:46:13
 C:\Windows\system32\uxtheme.dll handle: 74230000 size: 240128 crc: 5F29223E date: 2010-02-27 00:29:36
 C:\Program Files\Logitech\SetPoint\GameHook.dll handle: 10D00000 size: 57344 crc: AE97ECDB date: 2006-05-05 05:56:18
 C:\Program Files\Logitech\SetPoint\lgscroll.dll handle: 10100000 size: 106496 crc: AA40EAD9 date: 2006-05-05 06:00:18
 C:\Windows\system32\NTMARTA.DLL handle: 74A10000 size: 121344 crc: 4FD04295 date: 2009-04-10 22:28:24
 C:\Windows\system32\WLDAP32.dll handle: 75A10000 size: 287744 crc: 4F6B6725 date: 2009-04-10 22:28:26
 C:\Windows\system32\PSAPI.DLL handle: 77220000 size: 12288 crc: D7B812C5 date: 2006-11-02 09:46:12
 C:\Windows\system32\SAMLIB.dll handle: 755C0000 size: 57344 crc: 7469563F date: 2009-04-10 22:28:26
 C:\Windows\system32\mswsock.dll handle: 74D10000 size: 223232 crc: 9C4248CA date: 2009-04-10 22:28:24
 C:\Windows\System32\wshtcpip.dll handle: 748E0000 size: 9216 crc: 10C50FC1 date: 2010-02-27 00:29:46
 C:\Windows\system32\wdmaud.drv handle: 71550000 size: 167424 crc: AE942463 date: 2009-04-10 22:27:14
 C:\Windows\system32\ksuser.dll handle: 739B0000 size: 4608 crc: 4C647881 date: 2006-11-02 09:46:05
 C:\Windows\system32\MMDevAPI.DLL handle: 73BA0000 size: 150528 crc: 481F98E7 date: 2009-04-10 22:28:22
 C:\Windows\system32\AVRT.dll handle: 73D10000 size: 12800 crc: EB589AA0 date: 2010-02-27 00:30:20
 C:\Windows\system32\SETUPAPI.dll handle: 76F60000 size: 1591296 crc: A225D6A1 date: 2009-04-10 22:28:26
 C:\Windows\system32\AUDIOSES.DLL handle: 714E0000 size: 115712 crc: 9E346B3A date: 2009-04-10 22:28:20
 C:\Windows\system32\audioeng.dll handle: 71380000 size: 397312 crc: 17666E45 date: 2010-02-27 00:30:20
 C:\Windows\system32\msacm32.drv handle: 71540000 size: 21504 crc: 28704D00 date: 2009-04-10 22:27:14
 C:\Windows\system32\MSACM32.dll handle: 714C0000 size: 71680 crc: A2E8F836 date: 2010-02-27 00:30:19
 C:\Windows\system32\midimap.dll handle: 71530000 size: 17408 crc: 9FC56E7F date: 2009-04-10 22:28:22
 C:\Windows\system32\CLBCatQ.DLL handle: 75BE0000 size: 523776 crc: C2EBF5E6 date: 2010-02-27 00:30:00
 C:\Windows\system32\dmime.dll handle: 72E60000 size: 178688 crc: 3063C87B date: 2010-02-27 00:29:31
 C:\Windows\system32\DSOUND.dll handle: 69110000 size: 444416 crc: 2196E709 date: 2009-04-10 22:28:20
 C:\Windows\system32\POWRPROF.dll handle: 749F0000 size: 98816 crc: F5FB120D date: 2009-04-10 22:28:24
 C:\Windows\system32\dmusic.dll handle: 73890000 size: 101888 crc: 9C95E7AB date: 2009-04-10 22:28:20
 C:\Windows\system32\dmsynth.dll handle: 72E40000 size: 105472 crc: A572B2E6 date: 2009-04-10 22:28:20
 C:\Windows\system32\dmloader.dll handle: 73920000 size: 38400 crc: 43D1875C date: 2010-02-27 00:29:31
 C:\Windows\system32\msiltcfg.dll handle: 70550000 size: 15872 crc: C5A6E3F3 date: 2006-11-02 09:46:07
 C:\Windows\system32\VERSION.dll handle: 749E0000 size: 20480 crc: 8C605EC4 date: 2009-04-10 22:28:26
 C:\Windows\system32\msi.dll handle: 70630000 size: 2241536 crc: 63F4B3D8 date: 2009-04-10 22:28:22
 C:\Windows\system32\SFC.DLL handle: 70B80000 size: 4608 crc: 5D5C8D17 date: 2006-11-02 09:46:13
 C:\Windows\system32\sfc_os.dll handle: 70300000 size: 38912 crc: 705BDC57 date: 2010-02-27 00:29:55

---- gamelog start ----
Tick 0: new game started
     Revision text changed to 1.3.0-RC2, savegame version 180, not modified, _openttd_newgrf_version = 0x130061ed
     New game mode: 1 landscape: 0
     Added NewGRF: GRF ID 44544E32, checksum EA20E21253A5795785E6DD2C8D1A5A1D, filename: dutch_town_names-2\dtnames.grf (md5sum matches)
     Added NewGRF: GRF ID F1250005, checksum E9E154ACB765DC3E418088CFA6D0767E, filename: firs_industry_replacement_set-0.10.0\firs.grf (md5sum matches)
     Added NewGRF: GRF ID 4A430002, checksum 2A214CB9C68182C4C3B9206A28FC4185, filename: industrial_stations_renewal-0.8.2\indstatr.grf (md5sum matches)
     Added NewGRF: GRF ID 504A0110, checksum 7A95AA4E3B062DF74EA32E4D418E97A1, filename: dutch_station_addition_set-0.7\dstatadd_v0_7.grf (md5sum matches)
     Added NewGRF: GRF ID 58534453, checksum 2E100BCA91DB8371CD9D57DBEC3AB0C8, filename: dutch_stations_set-1.0.0alpha\dutchstatw.grf (md5sum matches)
     Added NewGRF: GRF ID FBFB0601, checksum 2B58B740B389A5A59F1A2A5B47FDC2E8, filename: dutch_trainset_2-2.0.0beta1\dutchtrains.grf (md5sum matches)
     Added NewGRF: GRF ID 576D0301, checksum 69D589CBE85C11DA52BC31E7729D7224, filename: progressive_rail_set-2\progressive_rails.2.0.2.grf (md5sum matches)
     Added NewGRF: GRF ID 41570102, checksum CD86DA4FC58F68393F060B8E0211AEC8, filename: modern_waypoint-2\modern_waypoint2.grf (md5sum matches)
     Added NewGRF: GRF ID 4D570102, checksum 8C41066F2430A1762047AB077B51EE63, filename: hover_bus.1.0\hoverbus_1.0.grf (md5sum matches)
     Added NewGRF: GRF ID 78560007, checksum 4FF96B8C2A55CA3DE21F8049F9DF046F, filename: ikarus_set-5.3\ikarus2w.grf (md5sum matches)
     Added NewGRF: GRF ID FBFB0801, checksum 6691DA7CA1B6E1778956183A8EDD742F, filename: dutch_rail_furniture-0.1.1\dutchrailfurniture.grf (md5sum matches)
     Added NewGRF: GRF ID FBFB0701, checksum FE01B39BB05F8BC0BBF6B14972A79168, filename: dutch_tracks-0.1.0alpha1\dutchtracks.grf (md5sum matches)
     Added NewGRF: GRF ID 4C4D0201, checksum F4D9597764DCB3ED985A79978F233A8C, filename: dutch_signals-1\dutchsignals.grf (md5sum matches)
     Added NewGRF: GRF ID 4D4C0100, checksum 1E2A243600434194FB100E72E507D5EF, filename: dutch_catenary-1\dutchcatenary.grf (md5sum matches)
     Added NewGRF: GRF ID 41420000, checksum 91B1E5631A3A4926CC7C1DBDBBC585CD, filename: metro_subway_set-prealpha3.1\metro subway set.grf (md5sum matches)
     Added NewGRF: GRF ID FBFB0402, checksum C5D462B520ED5EEB3AF5619DA165DA35, filename: metro_track_set-1.1.0\metrotrk.grf (md5sum matches)
     Added NewGRF: GRF ID 52455200, checksum 0E5A9C5ACD2BCAF7FA0658C3F905A660, filename: rural_stations-1\ae_ruraw.grf (md5sum matches)
     Added NewGRF: GRF ID 19060801, checksum 6CFC6328D999C140851BFE6514BA277A, filename: bigger_depots.0.3\bigdepot.grf (md5sum matches)
     Added NewGRF: GRF ID 535A0224, checksum 69B70AE56EEB9310B62A8A93AD6A4500, filename: speed_for_suspension_bridges-v1\susp_brg.grf (md5sum matches)
     Added NewGRF: GRF ID 424B5462, checksum 83FE5AA7CAFF0A307B44B297F2A259D6, filename: bk_enhanced_tunnel_set-1.0\bktunw.grf (md5sum matches)
     Added NewGRF: GRF ID 444E0601, checksum 888D2F784E25AF042B66905740A2B1BE, filename: monorail_infra_set-1.2.0\mics.grf (md5sum matches)
     Added NewGRF: GRF ID 54560301, checksum ED22416EE087725E4B5A9AF8F0357F29, filename: trolleybus_set-0.2\trolley.grf (md5sum matches)
     Added NewGRF: GRF ID FBFB0501, checksum 32533DE8356B7D38137770523929DFA3, filename: dutch_road_furniture-0.6.0\dutchroadfurniture.grf (md5sum matches)
     Added NewGRF: GRF ID 52455300, checksum 37C0B839B13C4B18051580C81EEDF427, filename: suburban_stations-1\ae_subuw.grf (md5sum matches)
     Added NewGRF: GRF ID 444A5902, checksum 10CE0195D8ABED8FD93E539FD990AF03, filename: vacuum_vehicle_wagon_and_train-0.22\vactrain.grf (md5sum matches)
     Added NewGRF: GRF ID FBFB0102, checksum FF36ECFC309CE45F6A340ADE2D3A2FF2, filename: dutch_tram_set-2.0.0\dutchtramset.grf (md5sum matches)
     Added NewGRF: GRF ID 444A5901, checksum 23CEC795D97265752C21EA8F02564A61, filename: vacuum_tube_train-0.22\vactrain.grf (md5sum matches)
     Added NewGRF: GRF ID FBFB0201, checksum C3714CCDCE206A9D1A3903A3A90D351E, filename: transrapid_track_set.beta_1.1\transrapidtracksetw.grf (md5sum matches)
     Added NewGRF: GRF ID 11223301, checksum 474A7FF52E675DED3154101B58B3E3C7, filename: 2cc_chimaera_addon.2\chim.grf (md5sum matches)
     Added NewGRF: GRF ID 41501202, checksum 7FD3A30F749BFA5D5E1DF61326AD9B08, filename: heqs_heavy_equipment_set-1.5.1\heqs.grf (md5sum matches)
     Added NewGRF: GRF ID 504A0102, checksum 29EA308A78B7740794B80A117D14BF34, filename: dutch_delta_works-1.1\dutchdeltaworks_v1_1.grf (md5sum matches)
     Added NewGRF: GRF ID 524B0301, checksum BB7BBE4FF23B349D17ED0A682503680C, filename: lightrailtramtracks-0.2\tramtrkw.grf (md5sum matches)
     Added NewGRF: GRF ID 444A0201, checksum 5E0499453FD925A7FB957868260F8EE4, filename: generic_european_train_set_ges-alpha2.2\ges_pa2.2.grf (md5sum matches)
     Added NewGRF: GRF ID 4D656F17, checksum 8A4F8A04256C90BECF818D134C91C816, filename: long_vehicles-v404oct2008\4lvw.grf (md5sum matches)
     Added NewGRF: GRF ID 4A4D0101, checksum AFE4E75999A3FF92D4B01DBEE9A803E9, filename: sailing_ships-0.62\ss.grf (md5sum matches)
     Added NewGRF: GRF ID 43485053, checksum 57F479AD35656525E1C4E29ADB9D9B92, filename: chips_station_set-1.0.4\chips.grf (md5sum matches)
     Added NewGRF: GRF ID 52571203, checksum DEE3FEBD0D9F5F45191C05620F581655, filename: egrvts2-175\egrvts2.grf (md5sum matches)
     Added NewGRF: GRF ID 24251D2C, checksum 6E380EAEFD09E9FABACD48B7C5228E3A, filename: hungarian_truck_set-2.1\teherautow.grf (md5sum matches)
     Added NewGRF: GRF ID 4D4D9910, checksum 3CD3F4D0D98DDC0DB08E9AD74B88A9E2, filename: the_lighthouse_set-1.2\the_lighthouse_set_v1.2.grf (md5sum matches)
     Added NewGRF: GRF ID 74677462, checksum 1D2A4E03D9F30922788C166254C27619, filename: total_bridge_renewal_set-1.2\total_bridges.grf (md5sum matches)
     Added NewGRF: GRF ID 485A0101, checksum 7636EC20949478C0576AE6CDACE9EC84, filename: hover_vehicles-1\hoverv.grf (md5sum matches)
     Added NewGRF: GRF ID 4B460301, checksum 9E3EF9AB972B459F5BA33850A1F6520F, filename: rock_replacement_for_transmitter-1\transrock.grf (md5sum matches)
     Added NewGRF: GRF ID 44440A01, checksum FCEEC76CF44EC23E7FE9C88048CF11CC, filename: av8_aviators_aircraft_set-2.21\pb_av8w.grf (md5sum matches)
     Added NewGRF: GRF ID 44440A03, checksum 6205E0297104502240D946EC26B195CA, filename: av8_extra_aircraft.1.501\pb_av8exw.grf (md5sum matches)
     Added NewGRF: GRF ID 4A530A70, checksum 8E8EB158A4DEF483DE473B48FF92CC64, filename: ecs_industry_addon-2012.12.26\ecsadd.grf (md5sum matches)
     Added NewGRF: GRF ID 414E0201, checksum EE80A47E18E58151F33423B5DE41ED8C, filename: fish_2-alpha4\fish.grf (md5sum matches)
     Added NewGRF: GRF ID 56430001, checksum 2AD089EE6B73F25D79F286AD43765914, filename: total_town_replacement_set-3.14\ttrs3w.grf (md5sum matches)
     Added NewGRF: GRF ID 52455400, checksum 1600687C50C5AB1E72EDD487CAD50E2A, filename: coded_by_aegir._artwork_by_aegir-1\ae_cityw.grf (md5sum matches)
     Added NewGRF: GRF ID 44573452, checksum 48CF5FC0DEB895136F337A7E563FC66D, filename: dwestationtiles_industrial_ter-v0.7\dwe_stat_r.grf (md5sum matches)
Tick 56979: game loaded
     Revision text changed to 1.3.0-RC3, savegame version 180, not modified, _openttd_newgrf_version = 0x13006212
---- gamelog end ----

*** End of OpenTTD Crash Report ***

Decoded stack trace:
[00] kernel32             0x76BCFC16 RaiseException + 88
[01] openttd              0x005E387C
[02] openttd              0x006B7565
[03] openttd              0x0043C5A8
[04] openttd              0x0043D18A
[05] openttd              0x0045C57D
[06] openttd              0x004E4ABF
[07] openttd              0x00406991
[08] openttd              0x00406590
[09] openttd              0x004A2FF2
[10] openttd              0x0045E0DC
[11] openttd              0x00465914
[12] openttd              0x00465EE1

*** End of additional info ***
