*** OpenTTD Crash Report ***

Crash at: Sun Jan 22 14:47:32 2012
In game date: 2089-04-22 (73)

Crash reason:
 Exception: E1212012
 Location:  000007FEFD56A88D
 Message:   Assertion failed at line 1198 of ..\src\economy.cpp: front->current_order.IsType(OT_LOADING)

OpenTTD version:
 Version:    1.2.0-beta2 (0)
 NewGRF ver: 12005cd7
 Bits:       64
 Endian:     little
 Dedicated:  no
 Build date: Jan  6 2012 22:28:51

Registers:
 RAX: 000000003DE8F08B RBX: 0000000000000016 RCX: 000000000017E1B0 RDX: 0000000000000000
 RSI: 0000000000000000 RDI: 0000000000000008 RBP: 000000000017EC09 RSP: 000000000017E7C0
 R8:  0000000000000000 R9:  0000000000000000 R10: 0000000000000000 R11: 0000000000000286
 R12: 0000000140083498 R13: 000000013F96E48C R14: 0000000000000001 R15: 0000005400000000
 RIP: 000007FEFD56A88D EFLAGS: 00000206

 Bytes at instruction pointer:
 48 81 C4 C8 00 00 00 C3 90 90 90 90 90 90 90 90 90 90 90 48 83 EC 48 83

Stack trace:
 00000016 00000000 00000000 00000000 00000008 00000000 0000005D 00000000
 E1212012 00000000 00000000 00000000 FD56A88D 000007FE 00000000 00000000
 40112860 00000001 76CF133B 00000000 000000BA 00000000 002702DA 00000000
 00000010 00000000 3FFFC6E8 00000001 00000050 00000000 002702DA 00000000
 00000000 00000000 76F0FBEA 00000000 3FFFC6E8 00000001 00000010 00000000
 00000000 00000000 00000000 00000000 00000000 00000000 00000000 00000000
 00000001 00000000 3FA68705 00000001 00000016 00000000 51E8007D 00000000
 00000001 00000000 76F077DA 00000000 00000000 00000000 00000000 00000054
 0000FFFF 00000000 00000032 00000000 00000001 00000000 00000000 00000000
 04616A90 00000000 3FA67AC4 00000001 00000001 00000000 40112860 00000001
 0389BBD0 00000000 FFFFFFFF 00000000 04616A90 00000000 3F717913 00000001
 04855440 00000000 0017EC09 00000000 0389BBD0 00000000 00000036 00000000
 65737341 6F697472 6166206E 64656C69 20746120 656E696C 39313120 666F2038
 5C2E2E20 5C637273 6E6F6365 2E796D6F 3A707063 6F726620 3E2D746E 72727563
 5F746E65 6564726F 73492E72 65707954 5F544F28 44414F4C 29474E49 00000000
 00002328 00000000 0000000F 00000000 00000000 00000000 3F9274F7 00000001
 0000007F 00000000 049161A0 00000000 0017EAC0 00000000 3F91E5A3 00000001
 00000001 00000000 00000001 00000000 049026C0 00000000 00000012 00000000
 00000020 00000000 00000000 00000000 0017EAC0 00000000 046537D0 00000000
 00000012 00000000 3F9274F7 00000001 00000001 00000000 046537D0 00000000
 0017EAC0 00000000 00000020 00000000 3F91C20C 00000001 00000000 00000000
 04B89900 00000000 043CF2B0 00000000 00000001 00000000 038D15D0 00000000
 03B88FA0 00000000 0017EAE9 00000000 00000008 00000000 3F91E5A3 00000001
 00000001 00000000 03B88FA0 00000000 03A40080 00000000 00000020 00000000

Operating system:
 Name:     Windows
 Release:  6.1.7600 ()
 Compiler: MSVC 1600

Configuration:
 Blitter:      8bpp-optimized
 Graphics set: original_windows (0)
 Language:     C:\Program Files\OpenTTD\lang\english_US.lng
 Music driver: win32
 Music set:    original_windows (1)
 Network:      no
 Sound driver: win32
 Sound set:    original_windows (0)
 Video driver: win32

AI Configuration (local: 0):
  0: Human

Libraries:
 FreeType:   2.4.5
 ICU:        4.4.2
 LZMA:       5.0.3
 LZO:        2.05
 PNG:        1.5.4
 Zlib:       1.2.5

Module information:
 C:\Program Files\OpenTTD\openttd.exe handle: 000000013F6D0000 size: 10444800 crc: 72F2D77F date: 2012-01-06 22:33:26
 C:\Windows\SYSTEM32\ntdll.dll handle: 0000000076ED0000 size: 1739176 crc: 08AFD0C3 date: 2010-10-27 05:16:01
 C:\Windows\system32\kernel32.dll handle: 0000000076B60000 size: 1162240 crc: B66ABA11 date: 2011-07-16 05:21:32
 C:\Windows\system32\KERNELBASE.dll handle: 000007FEFD560000 size: 422400 crc: 02D4CD73 date: 2011-07-16 05:21:32
 C:\Windows\system32\WINMM.dll handle: 000007FEFB0A0000 size: 217600 crc: 7BC1529F date: 2009-07-14 01:41:56
 C:\Windows\system32\msvcrt.dll handle: 000007FEFE0D0000 size: 634880 crc: 7F3E716F date: 2009-07-14 01:41:32
 C:\Windows\system32\USER32.dll handle: 0000000076C80000 size: 1008640 crc: 95FA0345 date: 2009-07-14 01:41:56
 C:\Windows\system32\GDI32.dll handle: 000007FEFDA80000 size: 404480 crc: 0F1BAE69 date: 2009-07-14 01:40:56
 C:\Windows\system32\LPK.dll handle: 000007FEFDA60000 size: 41984 crc: 350AF03B date: 2009-07-14 01:41:19
 C:\Windows\system32\USP10.dll handle: 000007FEFDF60000 size: 801280 crc: 32EFA120 date: 2009-07-14 01:41:56
 C:\Windows\system32\WS2_32.dll handle: 000007FEFF170000 size: 296448 crc: B9553AFD date: 2009-07-14 01:41:58
 C:\Windows\system32\RPCRT4.dll handle: 000007FEFDAF0000 size: 1221632 crc: D5B6358C date: 2009-07-14 01:41:53
 C:\Windows\system32\NSI.dll handle: 000007FEFDA70000 size: 13824 crc: 53B46F6C date: 2009-07-14 01:41:53
 C:\Windows\system32\ADVAPI32.dll handle: 000007FEFDC20000 size: 877056 crc: FA615A20 date: 2009-07-14 01:40:01
 C:\Windows\SYSTEM32\sechost.dll handle: 000007FEFF1C0000 size: 113664 crc: 978CFAE5 date: 2009-07-14 01:41:53
 C:\Windows\system32\SHELL32.dll handle: 000007FEFE3E0000 size: 14164480 crc: BA6A9A36 date: 2011-08-30 05:21:15
 C:\Windows\system32\SHLWAPI.dll handle: 000007FEFD710000 size: 449536 crc: 0BFDF102 date: 2009-07-14 01:41:54
 C:\Windows\system32\IMM32.DLL handle: 000007FEFD970000 size: 167424 crc: 41B2805A date: 2009-07-14 01:41:09
 C:\Windows\system32\MSCTF.dll handle: 000007FEFE1F0000 size: 1067008 crc: 798DDDA0 date: 2009-07-14 01:41:28
 C:\Windows\system32\SHFolder.dll handle: 000007FEF7A80000 size: 10240 crc: 08A48DE3 date: 2009-07-14 01:41:54
 C:\Windows\system32\ole32.dll handle: 000007FEFDD50000 size: 2085376 crc: 4764DDC2 date: 2010-06-29 05:39:12
 C:\Windows\system32\uxtheme.dll handle: 000007FEFBA90000 size: 332288 crc: B0A13DF9 date: 2009-07-14 01:41:56
 C:\Windows\system32\CRYPTBASE.dll handle: 000007FEFD270000 size: 44032 crc: F547C16E date: 2009-07-14 01:40:24
 C:\Windows\system32\mswsock.dll handle: 000007FEFCBB0000 size: 320000 crc: EA387916 date: 2009-07-14 01:41:34
 C:\Windows\System32\wshtcpip.dll handle: 000007FEFC560000 size: 13312 crc: 5D1E2C55 date: 2009-07-14 01:41:58
 C:\Windows\system32\MMDevAPI.DLL handle: 000007FEFC190000 size: 284160 crc: CDF2EF81 date: 2009-07-14 01:41:26
 C:\Windows\system32\PROPSYS.dll handle: 000007FEFC060000 size: 1212416 crc: 98D01BC9 date: 2009-07-14 01:41:53
 C:\Windows\system32\OLEAUT32.dll handle: 000007FEFE300000 size: 861184 crc: 2C569B03 date: 2011-08-27 05:40:28
 C:\Windows\system32\wdmaud.drv handle: 000007FEF7010000 size: 217088 crc: AB6BC545 date: 2009-07-14 01:38:50
 C:\Windows\system32\ksuser.dll handle: 00000000746B0000 size: 5120 crc: AA2071D9 date: 2009-07-14 01:41:13
 C:\Windows\system32\AVRT.dll handle: 000007FEFC050000 size: 18432 crc: 5CE53CB7 date: 2009-07-14 01:40:05
 C:\Windows\system32\SETUPAPI.dll handle: 000007FEFD790000 size: 1899520 crc: 91ED5D15 date: 2009-07-14 01:41:54
 C:\Windows\system32\CFGMGR32.dll handle: 000007FEFD5D0000 size: 207360 crc: 369326FC date: 2009-07-14 01:40:15
 C:\Windows\system32\DEVOBJ.dll handle: 000007FEFD610000 size: 93184 crc: A7541AE2 date: 2009-07-14 01:40:28
 C:\Windows\system32\AUDIOSES.DLL handle: 000007FEFAD40000 size: 296448 crc: 07CA71DE date: 2009-07-14 01:40:04
 C:\Windows\system32\msacm32.drv handle: 000007FEFA5C0000 size: 25600 crc: 2B579A05 date: 2009-07-14 01:38:50
 C:\Windows\system32\MSACM32.dll handle: 000007FEF79B0000 size: 83456 crc: 3D67538B date: 2009-07-14 01:41:27
 C:\Windows\system32\midimap.dll handle: 000007FEFA560000 size: 20480 crc: CB902A13 date: 2009-07-14 01:41:23
 C:\Windows\system32\CLBCatQ.DLL handle: 000007FEFE030000 size: 607744 crc: 939E35C9 date: 2009-07-14 01:40:15
 C:\Windows\system32\dwmapi.dll handle: 000007FEFB6B0000 size: 82432 crc: A459F360 date: 2009-07-14 01:40:34
 C:\Windows\system32\psapi.dll handle: 0000000077090000 size: 9216 crc: 84B5E9BA date: 2009-07-14 01:41:53

---- gamelog start ----
Tick 0: new game started
     Revision text changed to 1.2.0-beta2, savegame version 168, not modified, _openttd_newgrf_version = 0x12005cd7
     New game mode: 1 landscape: 0
     Added NewGRF: GRF ID 45520C00, checksum FCF4EE39F19C02D9E8603D07621DDD99, filename: japanese_town_names.0.6\jpset_namw.grf (md5sum matches)
     Added NewGRF: GRF ID 44442302, checksum AFF1124BD0B36FC6B875AF4226BF96AF, filename: 1_other\BlackCC\mauvetoblackw.grf (md5sum matches)
     Added NewGRF: GRF ID 52453200, checksum 8E0A4D49E0E6F60659D4E28AB38F6647, filename: japanset_landscape.1.1a\jplandw.grf (md5sum matches)
     Added NewGRF: GRF ID 74677563, checksum 3F4153F5999BFDFD6CD578936F8B80F0, filename: total_bridge_renewal_japan.0.2\total_bridgesw.grf (md5sum matches)
     Added NewGRF: GRF ID 58534602, checksum 181DF5910D8F6B29E3D2940DEDE43042, filename: 4_infrastructure\found\found.grf (md5sum matches)
     Added NewGRF: GRF ID 43415000, checksum C6AE1C574FD881A706AA2B623FB83BC1, filename: climate_dependant_airports-0.3.0\airportsplus.grf (md5sum matches)
     Added NewGRF: GRF ID 535A1080, checksum 35A04D3C8395428EBC9B69ED1631D7CE, filename: oil_rig_for_snowland_and_desert-v1\oilrigsd.grf (md5sum matches)
     Added NewGRF: GRF ID 52453400, checksum 5983783733079BB1978B69668064C0EC, filename: japanese_buildings-2.0\jpbuild2w.grf (md5sum matches)
     Added NewGRF: GRF ID 52453300, checksum FA9253BC448F0B466FC018F80F9460C5, filename: japanese_trees.2.1\jptreesw.grf (md5sum matches)
     Added NewGRF: GRF ID 524B0301, checksum BB7BBE4FF23B349D17ED0A682503680C, filename: lightrailtramtracks-0.2\tramtrkw.grf (md5sum matches)
     Added NewGRF: GRF ID 504E0002, checksum 6E6944E09CE6C3AC130DF72C542EE4B1, filename: generic_buffers.0.1\buffers.grf (md5sum matches)
     Added NewGRF: GRF ID 45530500, checksum FA231F55E8CC472EA98271F7C2AA9EFF, filename: japanese_stations-2.0a\jpstationsw.grf (md5sum matches)
     Added NewGRF: GRF ID 52455400, checksum 1600687C50C5AB1E72EDD487CAD50E2A, filename: coded_by_aegir._artwork_by_aegir-1\ae_cityw.grf (md5sum matches)
     Added NewGRF: GRF ID 52455300, checksum 37C0B839B13C4B18051580C81EEDF427, filename: suburban_stations-1\ae_subuw.grf (md5sum matches)
     Added NewGRF: GRF ID 45520500, checksum 7E30CA79D5A8B3A6CBE873E26096D7D2, filename: 7_stations\modernsuburban\modernsuburbanw.GRF (md5sum matches)
     Added NewGRF: GRF ID 52455200, checksum 0E5A9C5ACD2BCAF7FA0658C3F905A660, filename: rural_stations-1\ae_ruraw.grf (md5sum matches)
     Added NewGRF: GRF ID 4A430002, checksum EFB21CFA6828362FDA9B2D629B5EEEB4, filename: industrial_stations_renewal-0.8.1\indstatr.grf (md5sum matches)
     Added NewGRF: GRF ID 45520400, checksum 1D00426064137AA49B6FC4F4BCFF173F, filename: 7_stations\brickfreight\brickfreightw.GRF (md5sum matches)
     Added NewGRF: GRF ID 45520102, checksum 1406B06F6475037445A944963CA6D5CE, filename: 7_stations\basic_platforms\basic_platformsw.grf (md5sum matches)
     Added NewGRF: GRF ID 2C320A01, checksum C915D0657363EC471AA05096FDF3B650, filename: japanese_signals.0.4b\jpsignalsw.grf (md5sum matches)
     Added NewGRF: GRF ID 535A0D00, checksum 621BE488F7C9B57003C7E1323AB93AEB, filename: japanese_train_set.2.1a\jptrains2w.grf (md5sum matches)
     Added NewGRF: GRF ID 44501401, checksum 5F46A5DE67D0168B638A878FB2D49AEB, filename: japanese_maglevs.0.1\jpmaglevw.grf (md5sum matches)
     Added NewGRF: GRF ID 44440A01, checksum 231A4670430113EB9C5F2F46167D2220, filename: av8_aviators_aircraft_set-2.0\pb_av8w.grf (md5sum matches)
     Added NewGRF: GRF ID 6D620004, checksum 70649F1AFC954942173B0AA89C1E8B14, filename: 8_vehicles\ships\newships\newshipsw.grf (md5sum matches)
     Added NewGRF: GRF ID 52571201, checksum C1C7D8C53EB7E74EEE2F0EF29638B466, filename: egrvts.1.0\egrvts.grf (md5sum matches)
Tick 43601: GRF config changed
     Added NewGRF: GRF ID 444A5901, checksum 23CEC795D97265752C21EA8F02564A61, filename: vacuum_tube_train-0.22\vactrain.grf (md5sum matches)
---- gamelog end ----

*** End of OpenTTD Crash Report ***

Decoded stack trace:
[00] KERNELBASE           0x000007FEFD56A88D RaiseException + 61
[01] openttd              0x000000013FA68705
[02] openttd              0x000000013FA67AC4
[03] openttd              0x000000013F717913
[04] openttd              0x000000013F6E2C0B
[05] openttd              0x000000013F6E3D5E
[06] openttd              0x000000013F73F007
[07] openttd              0x000000013F71B4EA
[08] openttd              0x000000013F71B873
[09] openttd              0x000000013F96CD4D
[10] openttd              0x000000013F7198FB
[11] openttd              0x000000013F96F272
[12] openttd              0x000000013FA6A40C
[13] kernel32             0x0000000076B7F33D BaseThreadInitThunk + 13
[14] ntdll                0x0000000076F02CC1 RtlUserThreadStart + 33

*** End of additional info ***
