*** OpenTTD Crash Report ***

Crash at: Fri Aug 22 03:41:25 2014
In game date: 1900-01-12 (43)

Crash reason:
 Exception: C0000005
 Location:  000000013F8CCC19
 Message:   <none>

OpenTTD version:
 Version:    r26752M (2)
 NewGRF ver: 15006880
 Bits:       64
 Endian:     little
 Dedicated:  no
 Build date: Aug 22 2014 05:34:04

Registers:
 RAX: 00000000247201C0 RBX: 0000000025648F78 RCX: 00000000000001C0 RDX: FFFFFFFFFF0D6898
 RSI: 0000000024720000 RDI: 0000000025649768 RBP: 0000000024719B20 RSP: 000000000020F138
 R8:  00000000000009B0 R9:  0000000000000000 R10: 000000002471F810 R11: 0000000025648F78
 R12: 000000000000026C R13: 00000000021A47FC R14: 00000000021A47FC R15: 0000000025648F78
 RIP: 000000013F8CCC19 EFLAGS: 00010207

 Bytes at instruction pointer:
 F3 A4 5E 5F 49 8B C3 C3 0F BA 25 D7 EB 15 00 02 0F 82 56 02 00 00 F6 C1

Stack trace:
 0000001B 00000000 2471F810 00000000 3F84C099 00000001 00000001 00000000
 00000000 00000000 00000000 00000000 3F68CC8F 00000001 00000000 00000000
 00000000 00000000 000004D8 00000000 000009B0 00000000 24719B20 00000000
 0000026C 00000000 000003FC 00000000 00000244 00000000 00000147 00000000
 0000000A 00000000 000000DF 00000000 3F6C71D5 00000001 24719B20 00000000
 3F9A7AB0 00000001 005EB6C2 00000000 0000026C 00000000 00000147 00000000
 00000030 00000002 00000010 00000000 00000000 00000000 000003FC 00000000
 3F61F34C 00000001 00000244 00000000 00000000 00000000 00000000 00000000
 FD591203 000007FE 0020F2F8 00000000 3F8C8658 00000001 03E3B2A0 00000000
 3F61F530 00000001 00000400 00000000 00000000 00000000 00000248 00000000
 00000001 00000000 005EB6C2 00000000 005EB6E0 00000000 00000001 00000000
 00000000 00000000 00000000 00000000 3F68CFD6 00000001 00000000 00000000
 0000FFFF 00000000 005EB6C2 00000000 00000000 00000000 00000000 00000000
 3F8C9847 00000001 005EB600 00000000 0020F400 00000000 005EB6B2 00000000
 005EB6B2 00000000 00000001 00000000 00000001 00000001 001001DA 00000000
 0000000F FFFFF880 00000000 00000000 00000000 00000000 005EB6A3 00000102
 0000009B FFFFF880 00000006 00000000 00000007 00000000 00000001 00000000
 00000000 00000000 00000000 00000000 3F64D40C 00000001 00000000 00000000
 0020F470 00000000 00000000 00000000 002693F0 00000000 01000001 00000000
 0020F3C8 00000000 3F520000 00000001 77375297 00000000 00000001 00000000
 3F8E1BCC 00000001 0020F6A8 00000000 3F96DC08 00000001 00000006 00000000
 00000000 00000000 00000000 00000000 00000000 00000000 00000000 00000000
 00000000 00000000 00000000 00000020 00000000 00000000 00000000 00000000
 00000000 00000000 00B19000 00000000 FFFFFFFE FFFFFFFF 00285E00 00000000

Operating system:
 Name:     Windows
 Release:  6.1.7601 (Service Pack 1)
 Compiler: MSVC 1800

Configuration:
 Blitter:      32bpp-anim
 Graphics set: OpenGFX (5203)
 Language:     C:\ottdsrc\bin\lang\english_US.lng
 Music driver: win32
 Music set:    NoMusic (0)
 Network:      client
 Sound driver: win32
 Sound set:    NoSound (2)
 Video driver: win32

Fonts:
 Small:  sprite
 Medium: sprite
 Large:  sprite
 Mono:   sprite

AI Configuration (local: 1):
  0: Human
  1: Human

Libraries:
 FreeType:   2.4.11
 LZMA:       5.0.4
 LZO:        2.06
 PNG:        1.5.14
 Zlib:       1.2.7

Module information:
 C:\ottdsrc\bin\openttd.exe handle: 000000013F520000 size: 5480960 crc: 1276AFC7 date: 2014-08-22 03:38:42
 C:\Windows\SYSTEM32\ntdll.dll handle: 0000000077570000 size: 1731936 crc: 7AB8D690 date: 2010-11-21 03:23:51
 C:\Windows\system32\kernel32.dll handle: 0000000077350000 size: 1161216 crc: 2FA6DA84 date: 2010-11-21 03:24:07
 C:\Windows\system32\KERNELBASE.dll handle: 000007FEFD590000 size: 419840 crc: 54E131D4 date: 2010-11-21 03:24:26
 C:\Windows\system32\WINMM.dll handle: 000007FEF80D0000 size: 217600 crc: 7BC1529F date: 2009-07-14 01:41:56
 C:\Windows\system32\msvcrt.dll handle: 000007FEFD890000 size: 634880 crc: 7F3E716F date: 2009-07-14 01:41:32
 C:\Windows\system32\USER32.dll handle: 0000000077470000 size: 1008128 crc: 70FF7D7F date: 2010-11-21 03:24:09
 C:\Windows\system32\GDI32.dll handle: 000007FEFDEB0000 size: 403968 crc: 3D5BC405 date: 2010-11-21 03:24:03
 C:\Windows\system32\LPK.dll handle: 000007FEFDEA0000 size: 41984 crc: 350AF03B date: 2009-07-14 01:41:19
 C:\Windows\system32\USP10.dll handle: 000007FEFD940000 size: 800256 crc: B511F4B9 date: 2010-11-21 03:24:08
 C:\Windows\system32\WS2_32.dll handle: 000007FEFDF20000 size: 297984 crc: 0F68689B date: 2010-11-21 03:24:28
 C:\Windows\system32\RPCRT4.dll handle: 000007FEFF750000 size: 1219584 crc: 5217F07C date: 2010-11-21 03:24:02
 C:\Windows\system32\NSI.dll handle: 000007FEFD930000 size: 13824 crc: 53B46F6C date: 2009-07-14 01:41:53
 C:\Windows\system32\IMM32.dll handle: 000007FEFF100000 size: 167424 crc: 41B2805A date: 2009-07-14 01:41:09
 C:\Windows\system32\MSCTF.dll handle: 000007FEFF130000 size: 1067008 crc: 798DDDA0 date: 2009-07-14 01:41:28
 C:\Windows\system32\ADVAPI32.dll handle: 000007FEFF650000 size: 877056 crc: FA615A20 date: 2009-07-14 01:40:01
 C:\Windows\SYSTEM32\sechost.dll handle: 000007FEFF730000 size: 113664 crc: 978CFAE5 date: 2009-07-14 01:41:53
 C:\Windows\system32\SHELL32.dll handle: 000007FEFE210000 size: 14174208 crc: EA53E806 date: 2010-11-21 03:23:55
 C:\Windows\system32\SHLWAPI.dll handle: 000007FEFF080000 size: 448512 crc: 086DF743 date: 2010-11-21 03:24:22
 C:\Windows\system32\ole32.dll handle: 000007FEFDAB0000 size: 2086912 crc: 72F91CD0 date: 2010-11-21 03:23:48
 C:\Windows\system32\uxtheme.dll handle: 000007FEFBC00000 size: 332288 crc: B0A13DF9 date: 2009-07-14 01:41:56
 C:\Windows\system32\dwmapi.dll handle: 000007FEFBCD0000 size: 82432 crc: A459F360 date: 2009-07-14 01:40:34
 C:\Windows\system32\CRYPTBASE.dll handle: 000007FEFD3B0000 size: 44032 crc: F547C16E date: 2009-07-14 01:40:24
 C:\Windows\system32\mswsock.dll handle: 000007FEFCCF0000 size: 326144 crc: 136B1525 date: 2010-11-21 03:24:00
 C:\Windows\System32\wshtcpip.dll handle: 000007FEFC6F0000 size: 13312 crc: 5D1E2C55 date: 2009-07-14 01:41:58
 C:\Windows\system32\MMDevAPI.DLL handle: 000007FEFB8B0000 size: 284160 crc: CDF2EF81 date: 2009-07-14 01:41:26
 C:\Windows\system32\PROPSYS.dll handle: 000007FEFBE10000 size: 1212416 crc: B83FA3BE date: 2010-11-21 03:23:55
 C:\Windows\system32\OLEAUT32.dll handle: 000007FEFEFA0000 size: 861696 crc: 5E0F5F12 date: 2010-11-21 03:23:51
 C:\Windows\system32\wdmaud.drv handle: 000007FEF75F0000 size: 217088 crc: 12829973 date: 2010-11-21 03:24:32
 C:\Windows\system32\ksuser.dll handle: 0000000073880000 size: 5120 crc: AA2071D9 date: 2009-07-14 01:41:13
 C:\Windows\system32\AVRT.dll handle: 000007FEFB8A0000 size: 18432 crc: 5CE53CB7 date: 2009-07-14 01:40:05
 C:\Windows\system32\SETUPAPI.dll handle: 000007FEFDCC0000 size: 1900544 crc: A364BD6A date: 2010-11-21 03:24:28
 C:\Windows\system32\CFGMGR32.dll handle: 000007FEFD6E0000 size: 207872 crc: 1984C339 date: 2010-11-21 03:24:00
 C:\Windows\system32\DEVOBJ.dll handle: 000007FEFD570000 size: 93184 crc: A7541AE2 date: 2009-07-14 01:40:28
 C:\Windows\system32\AUDIOSES.DLL handle: 000007FEF75A0000 size: 296448 crc: 90389554 date: 2010-11-21 03:24:32
 C:\Windows\system32\msacm32.drv handle: 000007FEF7590000 size: 25600 crc: 2B579A05 date: 2009-07-14 01:38:50
 C:\Windows\system32\MSACM32.dll handle: 000007FEF7570000 size: 83456 crc: 3D67538B date: 2009-07-14 01:41:27
 C:\Windows\system32\midimap.dll handle: 000007FEF7560000 size: 20480 crc: CB902A13 date: 2009-07-14 01:41:23
 C:\Windows\system32\CLBCatQ.DLL handle: 000007FEFDA10000 size: 607744 crc: 939E35C9 date: 2009-07-14 01:40:15
 C:\Windows\System32\wship6.dll handle: 000007FEFCCE0000 size: 13824 crc: E3FBF123 date: 2009-07-14 01:41:58
 C:\Windows\system32\psapi.dll handle: 0000000077730000 size: 9216 crc: 84B5E9BA date: 2009-07-14 01:41:53

---- gamelog start ----
Tick 0: new game started
Revision text changed to r26752M, savegame version 192, modified, _openttd_newgrf_version = 0x15006880
New game mode: 1 landscape: 2
---- gamelog end ----

*** End of OpenTTD Crash Report ***

Decoded stack trace:
[00] openttd              0x000000013F8CCC19 memcpy + 57 (f:\dd\vctools\crt\crtw32\string\amd64\memcpy.asm:128)
[01] ???                  0x000000000000001B
[02] ???                  0x000000002471F810
[03] openttd              0x000000013F84C099 Blitter_32bppAnim::CopyFromBuffer + 189 (c:\ottdsrc\src\blitter\32bpp_anim.cpp:353)
[04] openttd              0x000000013F6C71D5 NetworkUndrawChatMessage + 297 (c:\ottdsrc\src\network\network_chat_gui.cpp:172)
[05] openttd              0x000000013F61F34C RedrawScreenRect + 128 (c:\ottdsrc\src\gfx.cpp:1271)
[06] openttd              0x000000013F61F530 DrawDirtyBlocks + 384 (c:\ottdsrc\src\gfx.cpp:1363)
[07] openttd              0x000000013F68CFD6 UpdateWindows + 346 (c:\ottdsrc\src\window.cpp:3024)
[08] openttd              0x000000013F8C9847 VideoDriver_Win32::MainLoop + 979 (c:\ottdsrc\src\video\win32_v.cpp:1312)
[09] openttd              0x000000013F64D40C openttd_main + 3776 (c:\ottdsrc\src\openttd.cpp:865)
[10] openttd              0x000000013F8CBE68 WinMain + 312 (c:\ottdsrc\src\os\windows\win32.cpp:457)
[11] openttd              0x000000013F8D3AA0 __tmainCRTStartup + 328 (f:\dd\vctools\crt\crtw32\startup\crt0.c:251)
[12] kernel32             0x000000007736652D BaseThreadInitThunk + 13
[13] ntdll                0x000000007759C521 RtlUserThreadStart + 33

*** End of additional info ***
