*** OpenTTD Crash Report ***

Crash at: Tue Apr 02 20:12:00 2013
In game date: 1950-01-01 (0)

Crash reason:
 Exception: E1212012
 Location:  767DC41F
 Message:   Assertion failed at line 1851 of ..\src\town_cmd.cpp: rc.Succeeded()

OpenTTD version:
 Version:    r25138 (0)
 NewGRF ver: 14006232
 Bits:       32
 Endian:     little
 Dedicated:  no
 Build date: Apr  2 2013 18:08:31

Registers:
 EAX: 1099F108 EBX: 00000016 ECX: 00000000 EDX: 0E2FE8B8
 ESI: 00C5E3DC EDI: 00000000 EBP: 1099F158 ESP: 1099F108
 EIP: 767DC41F EFLAGS: 00000246

 Bytes at instruction pointer:
 C9 C2 10 00 CC CC CC CC CC 8B FF 55 8B EC 56 8B 75 08 83 FE F4 72 18 83

Stack trace:
 E1212012 00000000 00000000 767DC41F 00000000 00000010 00000000 00000000
 00000000 00000000 00000000 00000000 00000000 1099EFBC 1099EFD4 00000001
 770FFACA 77121022 00000000 00000016 1099F1B8 005E48F5 E1212012 00000000
 00000000 00000000 006B9027 00000016 05671D40 1099F1D0 00000200 00000000
 1099F1A4 7540FD57 00000000 770FFACA 005E48E5 00000001 1099F178 1099EB50
 1099F430 006BE5B0 153C59C0 FFFFFFFE 1099F3D0 006B85E5 00000016 004381D6
 0002E8F9 0F8C7F80 65737341 6F697472 6166206E 64656C69 20746120 656E696C
 35383120 666F2031 5C2E2E20 5C637273 6E776F74 646D635F 7070632E 6372203A
 6375532E 64656563 29286465 00000000 00000000 00000005 1099F280 1099F280
 0000008E 000000FF 00000000 00000000 00000C7D 00000000 00000000 00000000
 000000BB 00000000 0001FFFF 00000000 1099F2A8 00000010 00000002 00000005
 004ECD12 1099F28C 0051B64F 1099F2CC 0002C0F9 1099F30C 00000000 00000000
 00000000 1099F2E4 00427506 00427530 0042721C 0002C0F9 00000000 00000001
 0002C0F9 1099F30C 0000000C 1099F304 00000000 00000000 00000000 00000C7D
 00000000 000000FF 00000000 00000000 00000C7D 00000000 00000000 1099F334
 004065F1 00000000 00000000 00406601 004065C3 FFFFFFFF 0002C0F9 0F8C7F80
 00506D39 00000000 00000000 00000000 00000C7D 00000000 00000000 00000000
 00000000 FF000C7D 00000000 1099F378 00509E3F 1099F360 0002C0F9 00000000
 00000000 00000000 00509F0F 0002E8F9 00000000 00509B9C 00000000 00000000
 00000000 00000C7D 00000000 1099F3A0 1099F3C8 004065F1 00000000 00000045
 00406601 004065C3 0002E8F9 0F8C7F80 00000000 FFFF1000 00000000 00000000
 00000000 10000C7D 00000000 00000000 00000000 00000000 00000C7D 00000000
 1099F43C 005080F3 1099F43C 00507FA3 00BA7BAC 0000073B 00BF8D1C 00BF908C
 00000000 0000015B 00C76F90 46182B5B 0000000C 00000000 00000000 0001FFFF

Operating system:
 Name:     Windows
 Release:  6.1.7601 (Service Pack 1)
 Compiler: MSVC 1600

Configuration:
 Blitter:      8bpp-optimized
 Graphics set: original_windows (0)
 Language:     C:\Users\Leif\Documents\OpenTTD\Installations\Last Nightly\lang\english.lng
 Music driver: dmusic
 Music set:    OpenMSX (96)
 Network:      no
 Sound driver: win32
 Sound set:    original_windows (0)
 Video driver: win32

AI Configuration (local: 255):

Libraries:
 FreeType:   2.4.5
 ICU:        4.4.2
 LZMA:       5.0.3
 LZO:        2.05
 PNG:        1.5.4
 Zlib:       1.2.5

Module information:
 C:\Users\Leif\Documents\OpenTTD\Installations\Last Nightly\openttd.exe handle: 00400000 size: 8804352 crc: 07194EEC date: 2013-04-02 18:12:37
 C:\Windows\SysWOW64\ntdll.dll handle: 770E0000 size: 1292080 crc: 00BA27E8 date: 2011-11-17 05:38:39
 C:\Windows\syswow64\kernel32.dll handle: 75020000 size: 1114112 crc: CEBA3B73 date: 2012-11-30 04:53:59
 C:\Windows\syswow64\KERNELBASE.dll handle: 767D0000 size: 274944 crc: A8107895 date: 2012-11-30 04:53:59
 C:\Windows\system32\WINMM.dll handle: 741B0000 size: 194048 crc: 849223C7 date: 2010-11-21 03:24:16
 C:\Windows\syswow64\msvcrt.dll handle: 74B40000 size: 690688 crc: DAB48B3A date: 2011-12-16 07:52:58
 C:\Windows\syswow64\USER32.dll handle: 753A0000 size: 833024 crc: 9EFE504D date: 2010-11-21 03:24:20
 C:\Windows\syswow64\GDI32.dll handle: 74BF0000 size: 311296 crc: 5F06BCCF date: 2010-11-21 03:24:14
 C:\Windows\syswow64\LPK.dll handle: 76110000 size: 25600 crc: 3C6CC57C date: 2009-07-14 01:11:23
 C:\Windows\syswow64\USP10.dll handle: 76730000 size: 626688 crc: 6C809B74 date: 2012-11-22 04:45:03
 C:\Windows\syswow64\ADVAPI32.dll handle: 75160000 size: 640512 crc: 34D5363F date: 2010-11-21 03:24:28
 C:\Windows\SysWOW64\sechost.dll handle: 74E30000 size: 92160 crc: B624B29A date: 2009-07-14 01:16:13
 C:\Windows\syswow64\RPCRT4.dll handle: 76570000 size: 663040 crc: D136A44D date: 2010-11-21 03:24:11
 C:\Windows\syswow64\SspiCli.dll handle: 747C0000 size: 96768 crc: 8036AEE0 date: 2012-06-02 04:34:09
 C:\Windows\syswow64\CRYPTBASE.dll handle: 747B0000 size: 36864 crc: 00308E17 date: 2009-07-14 01:15:07
 C:\Windows\syswow64\WS2_32.dll handle: 76120000 size: 206848 crc: FD00A753 date: 2010-11-21 03:23:55
 C:\Windows\syswow64\NSI.dll handle: 770B0000 size: 8704 crc: 2ACE9671 date: 2009-07-14 01:16:11
 C:\Windows\syswow64\SHELL32.dll handle: 754A0000 size: 12873728 crc: 53A44B0D date: 2012-06-09 04:41:00
 C:\Windows\syswow64\SHLWAPI.dll handle: 76160000 size: 350208 crc: 23E05F73 date: 2010-11-21 03:23:48
 C:\Windows\system32\IMM32.DLL handle: 74940000 size: 119808 crc: 38DB5163 date: 2010-11-21 03:24:25
 C:\Windows\syswow64\MSCTF.dll handle: 76660000 size: 828928 crc: DFE09EEB date: 2009-07-14 01:15:43
 C:\Windows\system32\SHFolder.dll handle: 70400000 size: 7168 crc: 683AAC32 date: 2009-07-14 01:16:14
 C:\Windows\syswow64\ole32.dll handle: 76200000 size: 1414144 crc: 74A1E844 date: 2010-11-21 03:24:01
 C:\Windows\system32\uxtheme.dll handle: 72D30000 size: 245760 crc: 60C5C746 date: 2009-07-14 01:11:24
 C:\Windows\system32\dwmapi.dll handle: 72E10000 size: 67072 crc: FC7CA4B8 date: 2009-07-14 01:15:13
 C:\Windows\system32\mswsock.dll handle: 73E80000 size: 232448 crc: 47C95B42 date: 2010-11-21 03:24:09
 C:\Windows\System32\wshtcpip.dll handle: 73E70000 size: 9216 crc: BA963A19 date: 2009-07-14 01:16:20
 C:\Windows\system32\MMDevAPI.DLL handle: 704A0000 size: 213504 crc: 93C0AA4F date: 2010-11-21 03:23:51
 C:\Windows\system32\PROPSYS.dll handle: 72410000 size: 988160 crc: 888D0BCB date: 2010-11-21 03:24:08
 C:\Windows\syswow64\OLEAUT32.dll handle: 76360000 size: 571904 crc: 2B85E126 date: 2011-08-27 04:26:27
 C:\Windows\system32\wdmaud.drv handle: 70470000 size: 172032 crc: D5B9F5FA date: 2010-11-21 03:24:00
 C:\Windows\system32\ksuser.dll handle: 70460000 size: 4608 crc: EBE07232 date: 2009-07-14 01:15:35
 C:\Windows\system32\AVRT.dll handle: 70450000 size: 14336 crc: 9818237B date: 2009-07-14 01:14:58
 C:\Windows\syswow64\SETUPAPI.dll handle: 75200000 size: 1667584 crc: 1D0104E8 date: 2010-11-21 03:23:51
 C:\Windows\syswow64\CFGMGR32.dll handle: 749A0000 size: 145920 crc: 377B5190 date: 2011-05-24 10:39:38
 C:\Windows\syswow64\DEVOBJ.dll handle: 760F0000 size: 64512 crc: 66B02A5A date: 2011-05-24 10:40:05
 C:\Windows\system32\AUDIOSES.DLL handle: 70410000 size: 195584 crc: 0A7E52B1 date: 2010-11-21 03:23:55
 C:\Windows\system32\msacm32.drv handle: 703C0000 size: 20992 crc: 73923147 date: 2009-07-14 01:14:08
 C:\Windows\system32\MSACM32.dll handle: 6F310000 size: 72192 crc: ABA25814 date: 2009-07-14 01:15:42
 C:\Windows\system32\midimap.dll handle: 703B0000 size: 16896 crc: C000494C date: 2009-07-14 01:15:40
 C:\Windows\syswow64\CLBCatQ.DLL handle: 74C80000 size: 522240 crc: 6C130B8A date: 2009-07-14 01:15:03
 C:\Windows\System32\dmime.dll handle: 57C90000 size: 179712 crc: 179D7CFB date: 2009-07-14 01:15:12
 C:\Windows\System32\DSOUND.dll handle: 6F600000 size: 453632 crc: EC24F2F8 date: 2009-07-14 01:15:13
 C:\Windows\System32\POWRPROF.dll handle: 703D0000 size: 145408 crc: 9957ABF4 date: 2009-07-14 01:16:12
 C:\Windows\System32\dmusic.dll handle: 59E60000 size: 101376 crc: F5D0AA6B date: 2009-07-14 01:15:12
 C:\Windows\syswow64\WINTRUST.dll handle: 75130000 size: 172544 crc: 1166A078 date: 2012-08-24 16:57:48
 C:\Windows\syswow64\CRYPT32.dll handle: 74820000 size: 1159680 crc: 7256E5C6 date: 2012-06-02 04:36:29
 C:\Windows\syswow64\MSASN1.dll handle: 764D0000 size: 34304 crc: BE7DA129 date: 2010-11-21 03:23:48
 C:\Windows\System32\dmsynth.dll handle: 57C70000 size: 105472 crc: 3B102040 date: 2009-07-14 01:15:12
 C:\Windows\System32\dmloader.dll handle: 5A960000 size: 38400 crc: 8A3F45D2 date: 2009-07-14 01:15:12
 C:\Windows\syswow64\psapi.dll handle: 75010000 size: 6144 crc: 25B988F9 date: 2009-07-14 01:16:12

---- gamelog start ----
Tick 0: new game started
     Revision text changed to r25138, savegame version 181, not modified, _openttd_newgrf_version = 0x14006232
     New game mode: 1 landscape: 0
---- gamelog end ----

*** End of OpenTTD Crash Report ***

Decoded stack trace:
[00] KERNELBASE           0x767DC41F RaiseException + 88
[01] openttd              0x005E48F5
[02] openttd              0x006B85E5
[03] openttd              0x00507FA3
[04] openttd              0x00508268
[05] openttd              0x0041D27C
[06] openttd              0x005E59AB
[07] openttd              0x005E5988
[08] openttd              0x006BA955
[09] kernel32             0x750333AA BaseThreadInitThunk + 18
[10] ntdll                0x77119EF2 RtlInitializeExceptionChain + 99
[11] ntdll                0x77119EC5 RtlInitializeExceptionChain + 54

*** End of additional info ***
