*** OpenTTD Crash Report ***

Crash at: Sat Aug 03 10:08:45 2013
In game date: 0-01-01 (0)

Crash reason:
 Exception: C0000005
 Location:  0068B27D
 Message:   <none>

OpenTTD version:
 Version:    r25645 (0)
 NewGRF ver: 1400642d
 Bits:       32
 Endian:     little
 Dedicated:  no
 Build date: Aug  2 2013 18:05:41

Registers:
 EAX: 00000000 EBX: 012C96D0 ECX: 00000002 EDX: 00000001
 ESI: 00000010 EDI: 0117AE24 EBP: 012C94B0 ESP: 0117AE00
 EIP: 0068B27D EFLAGS: 00010206

 Bytes at instruction pointer:
 8B 10 89 6C 24 04 89 04 24 FF 52 24 89 3C 24 E8 EF A4 03 00 8B 43 5C E9

Stack trace:
 0117AE24 0117AF8C 00000010 00000000 00000000 00000000 78001373 7803A110
 0117AE58 00AC8E18 00006874 78001524 00000000 00000000 01009040 0129000C
 00000002 0117AE48 01006874 7800E492 0000003F 012C94B0 00000000 BFF7B9B6
 81D44F24 00000000 78001373 7803A110 0117AEA8 78001551 00000009 78001524
 00000010 00000010 0117AF2C 0129000C 012C96D0 012CAC90 0117FF68 7800E492
 7803223C FFFFFFFF 00000010 0068A284 012C94B0 78001409 00000088 780013E0
 012C96D0 00000010 012C96D0 0068B13F 0117AF2C 012C8FE0 00000000 BFF7B9B6
 81D44F24 00000000 00000000 7803A110 0117AF28 78001551 00000009 78001524
 0117AF94 011E7384 0117AF94 0129000C 0117FF68 7800E492 0117FF68 7800E492
 7803223C FFFFFFFF 00000010 0068BD0B 012C8FE0 00000000 00000000 00000000
 00000078 00000010 78032230 012C96D0 011E7384 0117AF94 012C96D0 004980CF
 0117AF94 011E6384 00000010 0117AF94 00000000 00000000 00000000 000000FE
 00000000 0117AFAC 0000000C 00000002 011E63A2 00AC8E48 0117AF00 00000010
 012C96D0 011E739C 0117B074 0068B9DE 012C96D0 00000010 00000001 00000010
 00000001 00000010 011E6384 00498548 012C96D0 4F000000 011E63A4 011E7384
 00007E68 0117FF68 7800E492 0117B01C 4F000000 011E6384 011E7384 012C9788
 00000008 012C9760 0117B074 005A23A8 0117B8AF 00000000 00000000 00000000
 0000000C 00000000 00000000 00000000 0117B1D4 00000000 008C9E78 0117B074
 012C9C10 012C9CE0 00000000 00494D8B 0117B074 0117B0C4 7FFFFFFF 00000000
 00000000 012C9CE0 00000000 005A283B 0117B0B0 00000000 00000000 00000000
 00000000 00000000 00656339 0117B0B0 012C9C10 012C9CE0 00000000 00494E3E
 0117B0B0 00000000 0117B8AF 011CC9A8 4D8581EE 69737369 6720676E 68706172
 00736369 011CCA0C 008CAF1D 011CC5A0 00000005 00000BAD 00005426 011CC9D4
 011CCA0C 012B9A30 012BFEC0 012B9110 00000000 00000000 00000008 012BB160

Operating system:
 Name:     Windows
 Release:  4.10.67766222 (  )
 Compiler: GCC 4.6.2 "4.6.2"

Configuration:
 Blitter:      8bpp-optimized
 Graphics set: none (4294967295)
 Language:     I:\lang\english_US.lng
 Music driver: none
 Music set:    none (4294967295)
 Network:      no
 Sound driver: none
 Sound set:    none (4294967295)
 Video driver: win32

AI Configuration (local: 0):

Libraries:
 FreeType:   2.4.10
 ICU:        4.6
 LZMA:       5.0.4
 LZO:        2.06
 PNG:        1.5.7
 Zlib:       1.2.7

Module information:
 I:\OPENTTD.EXE       handle: 00000000 size: 12884178 crc: A14E446A date: 2013-08-02 16:07:26

---- gamelog start ----
---- gamelog end ----

*** End of OpenTTD Crash Report ***
