*** OpenTTD Crash Report ***
Date: 2008-10-11 14:49:15
Build: r14450 built on Oct  8 2008 18:16:50
Reason: Assertion failed at c:\openttd\compile\src\road_map.h:23: IsTileType(t, MP_ROAD)
Language: english.lng
Exception C0000005 at 004A57CC
Registers:
 EAX: 0201A6A0 EBX: 03B19008 ECX: 002DF8EC EDX: 0201A6F1
 ESI: 00000B27 EDI: 00000008 EBP: 002DFB58 ESP: 002DFB04
 EIP: 004A57CC EFLAGS: 00010202

Bytes at CS:EIP:
 C6 05 00 00 00 00 00 A1 08 50 61 00 0F B6 44 F0 06 C1 E8 06 5E C3 56 8B

Stack trace: 
 00000B27 00493C7E 004960D1 03B19008 03B19008 00000000 00000000 00000000
 00000041 00000000 03AEBD30 00000000 00000080 00000000 0301FFFF 005F03FC
 00000002 00000005 03B19008 0000000E 00000B28 002DFB70 00496A56 00000010
 00000000 005C3E58 03B19008 002DFBA8 0043DE44 04270CEE 04270CFD 00000000
 00000DFE 0059A9A4 00000000 00000008 00000001 0000000F 0000000F 04270CEE
 04270CFD 002DFBBC 0042B05D 00000000 005F0480 7D949211 002DFBD4 0042B2AC
 04270CFD 00000000 78B842D9 78B842D9 00000000 004F121C 005F0C50 005DB77C
 002DFD14 00000000 002DFBD8 04270CFD 04270D1B 00000000 00000000 00050AAA
 00000113 00000001 004F0302 04270CEE 00000230 000001D1 0042A8F5 002DFD2C
 00000001 00000001 00016D18 00000000 00000108 01F56D18 00000000 FFFFFFFF
 00000000 FFFFFFFF 002DFE34 005A2A20 00000000 00000000 FFFFFFFF 00000000
 00000000 00000000 00000000 002DFE00 00000010 01F50608 7D62303A 00000080
 00000002 002DFD2C 0000FDE8 001D0600 00000000 001D06D4 002DFCC4 7D4F786D
 00000027 FFFFFFFF 00000025 00000100 0000FDE9 002DFD2C 00000001 00000024
 002DFCF0 7D4F77C6 0000FDE9 00000000 001D068C FFFFFFFF 002DFD2C 00000104
 00000000 00000000 FFFFFFFE 002DFF00 0044944A 0000FDE9 00000000 001D068C
 FFFFFFFF 002DFD2C 00000104 00002E35 002DFF30 0044900F 00000001 002DFE30
 FFFFFFFE 00000000 5C3A4322 706D6554 65704F5C 4454546E 35343431 706F5C30
 74746E65 78652E64 00200065 01F50178 01F50178 00000000 00000000 00000000
 00000000 01F50178 01F50558 10000000 01F56BF8 00000000 01F50178 01F50178
 01F50178 00000003 00000004 00000000 01F56F20 01F5015C 00000020 01F56F20
 01F56F28 01F50258 01F52D50 00000020 00000200 01F50000 002DFBB8 00000008
 002DFE7C 7D61F1F8 7D61F790 FFFFFFFF 7D61F78C 005292FF 01F50000 00000000
 00000018 01F56BD0 002DFEEC 002DFEF8 002DFE0C 00529395 00000018 00000004

Module information:
 C:\Temp\OpenTTD14450\openttd.exe handle: 00400000 size: 1953280 crc: B1CAE521 date: 2008-10-08 16:20:00
 C:\WINDOWS\system32\ntdll.dll handle: 7D600000 size: 766464 crc: FC11DFBB date: 2007-02-18 09:05:44
 C:\WINDOWS\syswow64\kernel32.dll handle: 7D4C0000 size: 1009664 crc: FFB1314C date: 2007-04-18 08:27:08
 C:\WINDOWS\system32\WINMM.dll handle: 76AA0000 size: 174080 crc: 1AD9C7AF date: 2007-02-18 09:05:58
 C:\WINDOWS\syswow64\USER32.dll handle: 7D930000 size: 602624 crc: BD5517CF date: 2007-03-01 23:54:34
 C:\WINDOWS\syswow64\GDI32.dll handle: 7D800000 size: 291328 crc: 750926D7 date: 2008-02-18 18:33:48
 C:\WINDOWS\syswow64\ADVAPI32.dll handle: 006F0000 size: 618496 crc: F464142C date: 2007-02-18 09:05:20
 C:\WINDOWS\syswow64\RPCRT4.dll handle: 7DA20000 size: 629248 crc: 96C939FC date: 2007-07-11 02:32:38
 C:\WINDOWS\syswow64\Secur32.dll handle: 7D8D0000 size: 66560 crc: C3B215FC date: 2007-02-18 09:05:48
 C:\WINDOWS\system32\WS2_32.dll handle: 71C00000 size: 83456 crc: A73E4DEB date: 2007-02-18 09:06:02
 C:\WINDOWS\syswow64\msvcrt.dll handle: 77BA0000 size: 348672 crc: 6029DD23 date: 2007-02-18 09:05:42
 C:\WINDOWS\system32\WS2HELP.dll handle: 71BF0000 size: 19968 crc: 8966B074 date: 2005-03-25 12:00:00
 C:\WINDOWS\system32\IMM32.DLL handle: 7DEE0000 size: 112640 crc: 09659332 date: 2007-02-18 09:05:32
 C:\WINDOWS\system32\LPK.DLL handle: 7DBC0000 size: 22016 crc: F162A00D date: 2007-02-18 09:05:34
 C:\WINDOWS\system32\USP10.dll handle: 75490000 size: 379904 crc: 64D185C8 date: 2007-02-18 09:05:56
 C:\WINDOWS\system32\SHFolder.dll handle: 766D0000 size: 25088 crc: 314653A4 date: 2005-03-25 12:00:00
 C:\WINDOWS\syswow64\SHLWAPI.dll handle: 01F60000 size: 320000 crc: 2D7A1E2B date: 2007-02-18 09:05:50
 C:\WINDOWS\WinSxS\WOW64_Microsoft.Windows.Common-Controls_6595b64144ccf1df_6.0.3790.3959_x-ww_5FA17F4E\comctl32.dll handle: 7DBD0000 size: 1051648 crc: 303DFF07 date: 2007-02-17 05:58:24
 C:\WINDOWS\syswow64\WINTRUST.dll handle: 76BB0000 size: 165888 crc: DB3D06B0 date: 2007-02-18 09:06:00
 C:\WINDOWS\syswow64\CRYPT32.dll handle: 761B0000 size: 595456 crc: ACE66CB6 date: 2007-02-18 09:05:24
 C:\WINDOWS\syswow64\MSASN1.dll handle: 76190000 size: 57344 crc: 950BC4CE date: 2007-02-18 09:05:38
 C:\WINDOWS\syswow64\imagehlp.dll handle: 76C10000 size: 147968 crc: A8D5F18D date: 2007-02-18 09:05:32
 C:\WINDOWS\system32\wdmaud.drv handle: 72D70000 size: 23552 crc: EBD46FE1 date: 2005-03-25 12:00:00
 C:\WINDOWS\system32\msacm32.drv handle: 72D60000 size: 22528 crc: 2362A283 date: 2005-03-25 12:00:00
 C:\WINDOWS\system32\MSACM32.dll handle: 77B70000 size: 71168 crc: 87FF03D5 date: 2007-02-18 09:05:36
 C:\WINDOWS\system32\midimap.dll handle: 77B60000 size: 18944 crc: F53A312D date: 2005-03-25 12:00:00
 C:\WINDOWS\syswow64\ole32.dll handle: 77670000 size: 1267200 crc: 618470A9 date: 2007-02-18 09:05:44
 E:\FRAPS\FRAPS.DLL   handle: 63560000 size: 172032 crc: B1A935DF date: 2008-09-10 06:37:16
 C:\WINDOWS\SysWOW64\MSCTF.dll handle: 4B3C0000 size: 316416 crc: C88249FF date: 2007-02-18 09:05:38
 E:\Xfire\xfire_toucan_34158.dll handle: 10000000 size: 695120 crc: FBC89B9E date: 2008-09-18 00:41:24
 C:\WINDOWS\system32\WSOCK32.dll handle: 71BB0000 size: 22528 crc: 4CC971DF date: 2005-03-25 12:00:00
 C:\WINDOWS\system32\MSIMG32.dll handle: 76280000 size: 4608 crc: 003D8558 date: 2005-03-25 12:00:00
 C:\WINDOWS\system32\CLBCatQ.DLL handle: 777B0000 size: 510976 crc: D7C5B661 date: 2007-02-18 09:05:22
 C:\WINDOWS\syswow64\OLEAUT32.dll handle: 02AA0000 size: 553984 crc: 54B4157A date: 2007-12-13 14:28:08
 C:\WINDOWS\system32\COMRes.dll handle: 77010000 size: 797184 crc: 06E12827 date: 2007-02-18 09:05:22
 C:\WINDOWS\syswow64\VERSION.dll handle: 77B90000 size: 18432 crc: C15C4564 date: 2005-03-25 12:00:00
 C:\WINDOWS\SysWOW64\dmime.dll handle: 650D0000 size: 181760 crc: AA889B54 date: 2007-02-18 09:05:26
 C:\WINDOWS\SysWOW64\DSOUND.dll handle: 73E50000 size: 360960 crc: D25D573F date: 2007-02-18 09:05:28
 C:\WINDOWS\SysWOW64\dmusic.dll handle: 6CA80000 size: 104448 crc: ECE63C7E date: 2007-02-18 09:05:26
 C:\WINDOWS\system32\KsUser.dll handle: 73E20000 size: 4096 crc: 0B433904 date: 2005-03-25 12:00:00
 C:\WINDOWS\SysWOW64\dmsynth.dll handle: 6CAA0000 size: 103424 crc: 823675DF date: 2005-03-25 12:00:00
 C:\WINDOWS\SysWOW64\dmloader.dll handle: 6CB20000 size: 36352 crc: 4948EA47 date: 2007-02-18 09:05:26
 C:\WINDOWS\system32\apphelp.dll handle: 75E60000 size: 148992 crc: 7C31A3F0 date: 2007-02-18 09:05:20
 C:\WINDOWS\system32\msctfime.ime handle: 4DC30000 size: 177152 crc: 081910F4 date: 2007-02-18 09:05:38
 C:\WINDOWS\system32\ctagent.dll handle: 035C0000 size: 8704 crc: DD27AF95 date: 2008-08-22 00:05:14
 C:\WINDOWS\system32\mswsock.dll handle: 7DB30000 size: 233472 crc: 1BB0F8AC date: 2008-06-21 13:07:46
 C:\WINDOWS\system32\hnetcfg.dll handle: 5F270000 size: 355328 crc: A1A5AD03 date: 2007-02-18 09:05:30
 C:\WINDOWS\System32\wshtcpip.dll handle: 71AE0000 size: 18944 crc: 72B633AE date: 2007-02-18 09:06:02
 E:\Trillian\events.dll handle: 16000000 size: 169344 crc: C3234E21 date: 2008-10-01 22:00:00
 C:\WINDOWS\WinSxS\x86_Microsoft.Windows.Common-Controls_6595b64144ccf1df_5.82.3790.3959_x-ww_78FCF8D0\COMCTL32.dll handle: 77530000 size: 599040 crc: 0E612C6A date: 2007-02-17 06:04:16
 C:\WINDOWS\syswow64\comdlg32.dll handle: 762B0000 size: 273408 crc: 0E7039FA date: 2007-02-18 09:05:22
 C:\WINDOWS\syswow64\SHELL32.dll handle: 7C8D0000 size: 8360448 crc: E8C8CFA6 date: 2007-11-07 22:55:44
 E:\Trillian\MSVCR71.dll handle: 7C340000 size: 348160 crc: 35563170 date: 2008-10-01 22:00:00
 C:\WINDOWS\system32\psapi.dll handle: 76B70000 size: 20480 crc: B394590E date: 2007-02-18 09:05:46

System information:
 Windows version 5.2 3790 Service Pack 2

---- gamelog start ----
Tick 0: new game started
     Revision text changed to r14450, savegame version 102, not modified, _openttd_newgrf_version = 0x07003872
     New game mode: 1 landscape: 0
     Added NewGRF: GRF ID 4642FB31, checksum A2FD21ADC90E63CA0237A9038E21BC8D, filename: DutchTramSetW_r15.grf
---- gamelog end ----
