*** OpenTTD Crash Report ***

Crash at: Thu Jun 25 04:13:13 2015
In game date: 1990-01-16 (24)

Crash reason:
 Exception: C0000005
 Location:  000000013F6A82B1
 Message:   <none>

OpenTTD version:
 Version:    1.5.1 (0)
 NewGRF ver: 15186aa2
 Bits:       64
 Endian:     little
 Dedicated:  no
 Build date: Jun  1 2015 19:06:54

Registers:
 RAX: 000000000015E6B8 RBX: 0000000000000000 RCX: 0000000000000000 RDX: 0000000000000100
 RSI: 0000000000000128 RDI: 000000002857FB00 RBP: 0000000000000000 RSP: 000000000015E680
 R8:  0000000000000000 R9:  0000000000000000 R10: 000000002857FB20 R11: 000000000000001E
 R12: 0000000000000001 R13: 0000000000000100 R14: 0000000000000000 R15: 0000000000000001
 RIP: 000000013F6A82B1 EFLAGS: 00010246

 Bytes at instruction pointer:
 8A 53 02 44 0F B7 4B 0A 44 0F B7 DE 45 8B C3 80 E2 0F 45 2B C1 80 FA 07

Stack trace:
 0001AB68 00000000 2857FB20 00000000 2857FB20 00000000 3F5D9590 00000001
 00000000 00000000 00000128 00000000 40257400 00000001 3F6A907D 00000001
 2857FB20 00000000 00000001 00000000 00000000 00000000 2857FB00 00000000
 00000000 00000000 3F5EC800 00000001 FFFFFFFF 0FFFFFFF 00000001 00000000
 3F560000 00000001 402574D8 00000001 2857FB20 00000000 3F5D92FF 00000001
 0000002E 00000000 00000000 00000000 00000030 00000000 2857FB20 00000000
 00003DCF 00000000 2857E0E0 00000000 000035A3 00000000 3F669AD1 00000001
 FFFFFFFE FFFFFFFF 000035A3 00000000 2857E460 00000000 00000000 00000000
 00000004 00000000 000000EE 00000000 00000055 00000000 3F66A07D 00000001
 00030055 00030010 0015E809 00000000 0000FFFF 00000000 00000000 00000000
 01CD7750 00000000 3F66B0AC 00000001 00000001 000038C0 2857FB20 00000000
 0015E901 00000000 402574D8 00000001 0000FFFF 00000000 00000001 00000000
 00000000 00000000 402574D8 00000001 01CD7750 00000000 00000000 00000000
 0015E901 00000000 3F66B9DB 00000001 00000001 00000000 2857FB20 00000000
 00000032 00000000 FFFFFFFF 00000000 000000E3 00000000 2857FB20 00000000
 00000032 00000000 3F66C0C3 00000001 2857FB20 00000000 0015E989 00000000
 000000E3 00000000 FFFFFFFF 00000000 00000000 00000000 3F66C118 00000001
 2857FB20 00000000 27FA0520 00000000 0015E989 00000000 00000032 00000000
 2857F7A0 00000000 3F5D8040 00000001 2857FB20 00000000 0015E989 00000000
 25B3566C 00000000 3F6AA1EC 00000001 00015C90 00000000 3F6C930D 00000001
 00000000 00000000 00000002 00000000 0015E950 00000000 00000008 00000000
 0015E940 00000000 00000000 00000000 272F0040 00000000 3F690FEA 00000001
 FFFFFFFE FFFFFFFF 3F5DFCB9 00000001 276BD370 00000000 0001B140 00000000
 00003680 00000000 FFFFFFFE FFFFFFFF 0001B520 00000000 3F6769CC 00000001

Operating system:
 Name:     Windows
 Release:  6.1.7601 (Service Pack 1)
 Compiler: MSVC 1600

Configuration:
 Blitter:      32bpp-anim
 Graphics set: OpenGFX (5580)
 Language:     C:\Program Files\OpenTTD\lang\english_US.lng
 Music driver: win32
 Music set:    NoMusic (0)
 Network:      server
 Sound driver: win32
 Sound set:    NoSound (2)
 Video driver: win32

Fonts:
 Small:  sprite
 Medium: sprite
 Large:  sprite
 Mono:   sprite

AI Configuration (local: 0):
  0: Human
  1: Human

Libraries:
 FreeType:   2.4.11
 ICU:        51.2
 LZMA:       5.0.4
 LZO:        2.06
 PNG:        1.5.14
 Zlib:       1.2.7

Module information:
 C:\Program Files\OpenTTD\openttd.exe handle: 000000013F560000 size: 13467648 crc: 62D0A8C4 date: 2015-06-01 19:11:06
 C:\Windows\SYSTEM32\ntdll.dll handle: 00000000773A0000 size: 1732032 crc: 5BF564D3 date: 2013-08-29 02:16:35
 C:\Windows\system32\kernel32.dll handle: 0000000077280000 size: 1163264 crc: 19230232 date: 2014-03-04 09:44:00
 C:\Windows\system32\KERNELBASE.dll handle: 000007FEFD190000 size: 424960 crc: 7FB4EAD2 date: 2014-03-04 09:44:00
 C:\Windows\system32\WINMM.dll handle: 000007FEF9BE0000 size: 217600 crc: 7BC1529F date: 2009-07-14 01:41:56
 C:\Windows\system32\msvcrt.dll handle: 000007FEFF480000 size: 634880 crc: 9D1B448A date: 2011-12-16 08:46:06
 C:\Windows\system32\USER32.dll handle: 0000000077180000 size: 1008128 crc: 70FF7D7F date: 2010-11-21 03:24:09
 C:\Windows\system32\GDI32.dll handle: 000007FEFD700000 size: 404480 crc: 37D17315 date: 2014-08-23 02:07:00
 C:\Windows\system32\LPK.dll handle: 000007FEFDE00000 size: 41472 crc: EE04F660 date: 2013-06-06 05:50:51
 C:\Windows\system32\USP10.dll handle: 000007FEFDCE0000 size: 801280 crc: DCB1924F date: 2014-04-25 02:34:59
 C:\Windows\system32\WS2_32.dll handle: 000007FEFDDB0000 size: 297984 crc: 0F68689B date: 2010-11-21 03:24:28
 C:\Windows\system32\RPCRT4.dll handle: 000007FEFDE10000 size: 1216000 crc: 9A153133 date: 2014-07-14 02:02:45
 C:\Windows\system32\NSI.dll handle: 000007FEFF520000 size: 13824 crc: 53B46F6C date: 2009-07-14 01:41:53
 C:\Windows\system32\IMM32.dll handle: 000007FEFF450000 size: 167424 crc: 41B2805A date: 2009-07-14 01:41:09
 C:\Windows\system32\MSCTF.dll handle: 000007FEFD770000 size: 1067008 crc: 798DDDA0 date: 2009-07-14 01:41:28
 C:\Windows\system32\ADVAPI32.dll handle: 000007FEFF5D0000 size: 878080 crc: D0A62838 date: 2013-08-29 02:13:28
 C:\Windows\SYSTEM32\sechost.dll handle: 000007FEFF530000 size: 113664 crc: 978CFAE5 date: 2009-07-14 01:41:53
 C:\Windows\system32\SHELL32.dll handle: 000007FEFE270000 size: 14175744 crc: 30A2F002 date: 2014-06-25 02:05:42
 C:\Windows\system32\SHLWAPI.dll handle: 000007FEFF550000 size: 448512 crc: 086DF743 date: 2010-11-21 03:24:22
 C:\Windows\system32\ole32.dll handle: 000007FEFDF40000 size: 2086912 crc: 72F91CD0 date: 2010-11-21 03:23:48
 C:\Windows\system32\uxtheme.dll handle: 000007FEFB8A0000 size: 332288 crc: B0A13DF9 date: 2009-07-14 01:41:56
 C:\Windows\system32\CRYPTBASE.dll handle: 000007FEFCFC0000 size: 44032 crc: F547C16E date: 2009-07-14 01:40:24
 C:\Windows\system32\mswsock.dll handle: 000007FEFC900000 size: 327168 crc: 2C87855E date: 2013-09-08 02:27:14
 C:\Windows\System32\wshtcpip.dll handle: 000007FEFC300000 size: 13312 crc: 5D1E2C55 date: 2009-07-14 01:41:58
 C:\Windows\system32\MMDevAPI.DLL handle: 000007FEFB490000 size: 284160 crc: CDF2EF81 date: 2009-07-14 01:41:26
 C:\Windows\system32\PROPSYS.dll handle: 000007FEFB900000 size: 1212416 crc: B83FA3BE date: 2010-11-21 03:23:55
 C:\Windows\system32\OLEAUT32.dll handle: 000007FEFF2D0000 size: 861696 crc: 559B6DBD date: 2014-10-18 02:05:23
 C:\Windows\system32\wdmaud.drv handle: 000007FEF99E0000 size: 217088 crc: 12829973 date: 2010-11-21 03:24:32
 C:\Windows\system32\ksuser.dll handle: 0000000074C80000 size: 5120 crc: AA2071D9 date: 2009-07-14 01:41:13
 C:\Windows\system32\AVRT.dll handle: 000007FEFB140000 size: 18432 crc: 5CE53CB7 date: 2009-07-14 01:40:05
 C:\Windows\system32\SETUPAPI.dll handle: 000007FEFD520000 size: 1900544 crc: A364BD6A date: 2010-11-21 03:24:28
 C:\Windows\system32\CFGMGR32.dll handle: 000007FEFD4D0000 size: 207872 crc: 1984C339 date: 2010-11-21 03:24:00
 C:\Windows\system32\DEVOBJ.dll handle: 000007FEFD280000 size: 93184 crc: A7541AE2 date: 2009-07-14 01:40:28
 C:\Windows\system32\AUDIOSES.DLL handle: 000007FEF9920000 size: 296448 crc: 3599F4CD date: 2014-10-03 02:11:51
 C:\Windows\system32\msacm32.drv handle: 000007FEF98C0000 size: 25600 crc: 2B579A05 date: 2009-07-14 01:38:50
 C:\Windows\system32\MSACM32.dll handle: 000007FEF9890000 size: 83456 crc: 3D67538B date: 2009-07-14 01:41:27
 C:\Windows\system32\midimap.dll handle: 000007FEF9830000 size: 20480 crc: CB902A13 date: 2009-07-14 01:41:23
 C:\Windows\system32\CLBCatQ.DLL handle: 000007FEFE150000 size: 607744 crc: 939E35C9 date: 2009-07-14 01:40:15
 C:\Windows\system32\dwmapi.dll handle: 000007FEFB470000 size: 82432 crc: A459F360 date: 2009-07-14 01:40:34
 C:\Windows\System32\wship6.dll handle: 000007FEFC8F0000 size: 13824 crc: E3FBF123 date: 2009-07-14 01:41:58
 C:\Windows\system32\DNSAPI.dll handle: 000007FEFC780000 size: 357888 crc: 194CAF1C date: 2011-07-28 21:14:12
 C:\Program Files\Common Files\Microsoft Shared\Windows Live\WLIDNSP.DLL handle: 000000006C020000 size: 168304 crc: A1C4A7FA date: 2009-08-18 16:48:02
 C:\Windows\system32\PSAPI.DLL handle: 0000000077560000 size: 9216 crc: 84B5E9BA date: 2009-07-14 01:41:53
 C:\Windows\system32\IPHLPAPI.DLL handle: 000007FEF98D0000 size: 145920 crc: 000D9F17 date: 2010-11-21 03:24:16
 C:\Windows\system32\WINNSI.DLL handle: 000007FEF98B0000 size: 26112 crc: 744B2434 date: 2009-07-14 01:41:56
 C:\Windows\System32\fwpuclnt.dll handle: 000007FEF9750000 size: 324096 crc: 5D5E70C7 date: 2013-10-12 02:29:08
 C:\Windows\system32\rasadhlp.dll handle: 000007FEF7340000 size: 16384 crc: C5FD1616 date: 2009-07-14 01:41:53

---- gamelog start ----
Tick 0: new game started
Revision text changed to 1.5.1, savegame version 194, not modified, _openttd_newgrf_version = 0x15186aa2
New game mode: 1 landscape: 0
---- gamelog end ----

*** End of OpenTTD Crash Report ***

Decoded stack trace:
[00] openttd              0x000000013F6A82B1
[01] openttd              0x000000013F6A907D
[02] openttd              0x000000013F5D92FF
[03] openttd              0x000000013F66B0AC
[04] openttd              0x000000013F66B9DB
[05] openttd              0x000000013F66C0C3
[06] openttd              0x000000013F66C118
[07] openttd              0x000000013F5D8040
[08] openttd              0x000000013F5B7405
[09] openttd              0x000000013F5A60D9
[10] openttd              0x000000013F5B7629
[11] openttd              0x000000013F7C0175
[12] openttd              0x000000013F5B6001
[13] openttd              0x000000013F7C2839
[14] openttd              0x000000013F8AEBF0
[15] kernel32             0x00000000772959ED BaseThreadInitThunk + 13
[16] ntdll                0x00000000773CC541 RtlUserThreadStart + 33

*** End of additional info ***
