*** OpenTTD Crash Report ***
Date: 2008-02-12 20:34:05
Build: 0.6.0-beta3 built on Jan 15 2008 22:01:30
Reason: Assertion failed at ..\src\newgrf_engine.cpp:868: !(AircraftVehInfo(engine)->subtype & AIR_CTOL)
Exception C0000005 at 004B44D5
Registers:
 EAX: 0316D0B8 EBX: 000000D8 ECX: 0012F518 EDX: 0316D119
 ESI: 0053DDC0 EDI: 0058C3DC EBP: 0012F784 ESP: 0012F730
 EIP: 004B44D5 EFLAGS: 00010206

Bytes at CS:EIP:
 C6 05 00 00 00 00 00 8B 75 08 53 8B D6 8D 44 24 0C E8 2F FE FF FF 8A 45

Stack trace: 
 01E174AC 01E15A1C 00000000 00000000 00000000 00000000 00000000 00000000
 00000F64 00000000 0012F774 01E15A1C 01E15A1C 000000D8 01E158C8 004B35B7
 004B35DC 004B3601 004B36E0 004B4288 0012F7B4 0012F7B4 0046A568 01E15A1C
 00000000 01E174AC 0059B8A0 00437CB1 00000003 00561968 006608E0 00000000
 00000000 0012F9E8 00426FEB 00000000 00455BAF 00455CED 02FBFD90 006608E0
 00000021 00000021 00000004 00000002 00000007 00000000 00000000 00000000
 00000001 0000001A 00000000 00000000 00000015 00000015 0000000D 0000000D
 03101944 068503D1 00000017 00000001 00000019 00000011 00000001 00000007
 00000008 00000009 00000084 5ADA1688 0012F854 5AD73CD0 0140C5C0 0000011B
 000000CD 0012F914 5AD73C92 0140C5C0 0012F90C 001003C6 0140C4F8 00000084
 00010000 00020001 000000A0 0000001F 00000011 00000004 00000003 00000000
 00000000 00000004 00000003 00000000 00000000 00000004 00000003 00000004
 00000002 00000000 00000000 00000000 00000000 00000001 0000001A 00000000
 00000000 00000015 00000015 0000000D 0000000D 03101944 068503D1 00000017
 00000001 00000019 00000011 5AD739D1 00000084 5ADA1688 00000015 0000011B
 5AD73995 7E4194BE 7E41B42D 001003C6 00000020 001003C6 02010001 00000000
 0000029E 00000000 001003C6 00000020 00000000 000004B0 7E41B3D2 00000000
 00000001 00000001 00000000 7E41B3D2 00000001 0012F980 7E41B3F9 001003C6
 00000020 001003C6 02010001 00000000 7E418BD9 7E470088 0012F914 0012F9C8
 7E41B3CC 7E41B3A7 001003C6 006604E4 004527FE 00000001 006603B8 006604E4
 006603A0 004CF188 0012FAD8 7E440457 7E41B3B0 00000003 00000003 00440B20
 00000003 00000087 006608E0 00000021 00000003 006608E0 0012FA14 00443A65
 00000087 006608E0 00000004 00000021 00000087 00000003 0044517E 0000009D
 0012FA54 0012FA54 0044569D 00000000 0034095A 00000111 00000000 004CF188

Module information:
 C:\Program Files\OpenTTD\openttd.exe handle: 00400000 size: 1782272 crc: 6969C673 date: 2008-01-15 21:06:22
 C:\windows\system32\ntdll.dll handle: 7C900000 size: 708096 crc: A5A50370 date: 2004-08-04 05:00:00
 C:\windows\system32\kernel32.dll handle: 7C800000 size: 984576 crc: 2CCFBF2B date: 2007-04-16 15:52:53
 C:\windows\system32\WINMM.dll handle: 76B40000 size: 176128 crc: 123646FA date: 2004-08-04 05:00:00
 C:\windows\system32\USER32.dll handle: 7E410000 size: 577536 crc: DF3237C6 date: 2007-03-08 15:36:28
 C:\windows\system32\GDI32.dll handle: 77F10000 size: 282112 crc: F0029774 date: 2007-06-19 13:31:19
 C:\windows\system32\ADVAPI32.dll handle: 77DD0000 size: 616960 crc: 5E7A2F0A date: 2004-08-04 05:00:00
 C:\windows\system32\RPCRT4.dll handle: 77E70000 size: 584192 crc: B1CE66F6 date: 2007-07-09 13:09:42
 C:\windows\system32\Secur32.dll handle: 77FE0000 size: 55808 crc: 5A32C057 date: 2004-08-04 05:00:00
 C:\windows\system32\WS2_32.dll handle: 71AB0000 size: 82944 crc: 9738CC56 date: 2004-08-04 05:00:00
 C:\windows\system32\msvcrt.dll handle: 77C10000 size: 343040 crc: 5298C0C5 date: 2004-08-04 05:00:00
 C:\windows\system32\WS2HELP.dll handle: 71AA0000 size: 19968 crc: F5DD5AB6 date: 2004-08-04 05:00:00
 C:\windows\system32\SHFolder.dll handle: 76780000 size: 25088 crc: 2EC7582B date: 2004-08-04 05:00:00
 C:\windows\system32\SHLWAPI.dll handle: 77F60000 size: 474112 crc: 9628C42B date: 2007-08-22 12:55:41
 C:\windows\WinSxS\x86_Microsoft.Windows.Common-Controls_6595b64144ccf1df_6.0.2600.2982_x-ww_ac3f9c03\comctl32.dll handle: 773D0000 size: 1054208 crc: 58D6578C date: 2006-08-25 08:45:56
 C:\windows\system32\comctl32.dll handle: 5D090000 size: 617472 crc: 232F6674 date: 2006-08-25 15:45:58
 C:\windows\system32\WINTRUST.dll handle: 76C30000 size: 176640 crc: 88D208BD date: 2004-08-04 05:00:00
 C:\windows\system32\CRYPT32.dll handle: 77A80000 size: 597504 crc: 971ECFAA date: 2004-08-04 05:00:00
 C:\windows\system32\MSASN1.dll handle: 77B20000 size: 57344 crc: D5127637 date: 2004-08-04 05:00:00
 C:\windows\system32\IMAGEHLP.dll handle: 76C90000 size: 144384 crc: 714A70BC date: 2004-08-04 05:00:00
 C:\windows\system32\wdmaud.drv handle: 72D20000 size: 23552 crc: 982E84EE date: 2004-08-04 05:00:00
 C:\windows\system32\msacm32.drv handle: 72D10000 size: 20480 crc: D5406BAE date: 2004-08-04 05:00:00
 C:\windows\system32\MSACM32.dll handle: 77BE0000 size: 71680 crc: 6A21891E date: 2004-08-04 05:00:00
 C:\windows\system32\midimap.dll handle: 77BD0000 size: 18944 crc: 502B5282 date: 2004-08-04 05:00:00
 C:\windows\system32\ole32.dll handle: 774E0000 size: 1281536 crc: 8A7E66C7 date: 2004-08-04 05:00:00
 C:\windows\system32\uxtheme.dll handle: 5AD70000 size: 218624 crc: 5AA98F22 date: 2004-08-04 05:00:00
 C:\windows\system32\MSCTF.dll handle: 74720000 size: 294400 crc: BBD2E653 date: 2004-08-04 05:00:00
 C:\windows\system32\CLBCATQ.DLL handle: 76FD0000 size: 501248 crc: 258B91EE date: 2004-08-04 05:00:00
 C:\windows\system32\OLEAUT32.dll handle: 77120000 size: 549376 crc: 5A89C9E1 date: 2007-05-17 11:28:05
 C:\windows\system32\COMRes.dll handle: 77050000 size: 792064 crc: 5A12B4A2 date: 2004-08-04 05:00:00
 C:\windows\system32\VERSION.dll handle: 77C00000 size: 18944 crc: CFE439BB date: 2004-08-04 05:00:00
 C:\WINDOWS\system32\dmime.dll handle: 5C570000 size: 181248 crc: F18E50F8 date: 2004-08-04 05:00:00
 C:\WINDOWS\system32\DSOUND.dll handle: 73F10000 size: 367616 crc: F0EFB582 date: 2004-08-04 05:00:00
 C:\WINDOWS\system32\dmusic.dll handle: 6C980000 size: 104448 crc: 0C1C73CE date: 2004-08-04 05:00:00
 C:\windows\system32\KsUser.dll handle: 73EE0000 size: 4096 crc: 519CF22C date: 2004-08-04 00:56:44
 C:\WINDOWS\system32\dmsynth.dll handle: 6C9A0000 size: 103424 crc: ECEFF055 date: 2004-08-04 05:00:00
 C:\WINDOWS\system32\dmloader.dll handle: 6CA10000 size: 35840 crc: CCCBFD58 date: 2004-08-04 05:00:00
 C:\windows\system32\mswsock.dll handle: 71A50000 size: 245248 crc: E2309390 date: 2004-08-04 05:00:00
 C:\windows\system32\hnetcfg.dll handle: 662B0000 size: 344064 crc: 6CF15ACF date: 2004-08-04 05:00:00
 C:\windows\System32\wshtcpip.dll handle: 71A90000 size: 19968 crc: B88CC0E5 date: 2004-08-04 05:00:00
 C:\Program Files\WIDCOMM\Bluetooth Software\btkeyind.dll handle: 10000000 size: 53248 crc: 41678797 date: 2006-05-24 18:29:44
 C:\Program Files\Dell\QuickSet\dadkeyb.dll handle: 013B0000 size: 98304 crc: 9F3B290E date: 2007-07-20 16:56:14
 C:\WINDOWS\system32\hccutils.DLL handle: 02500000 size: 102400 crc: D5C8CF46 date: 2007-06-06 15:30:20
 C:\windows\system32\psapi.dll handle: 76BF0000 size: 23040 crc: 97A44A88 date: 2004-08-04 05:00:00

System information:
 Windows version 5.1 2600 S
