*** OpenTTD Crash Report ***
Date: 2009-05-24 19:57:45
Build: r16404 (0) built on May 23 2009 18:24:28
Reason: Assertion failed at ..\src\strings.cpp:672: i != NULL
Language: english.lng
Exception C0000005 at 00438965
Registers:
 EAX: 00D4C6F8 EBX: 00000000 ECX: 0012F510 EDX: 00D4C72E
 ESI: 00000000 EDI: 00000000 EBP: 0012F814 ESP: 0012F728
 EIP: 00438965 EFLAGS: 00210206

Bytes at CS:EIP:
 88 1D 00 00 00 00 8B 46 0C 0F B7 00 99 89 84 24 A8 00 00 00 89 94 24 AC

Stack trace: 
 00000041 006C32F0 0012F860 00000000 0012F878 01C69D32 00000000 0000001F
 006AEDB8 00000004 00000003 00000000 00000000 00000004 00000003 00000000
 00000000 0000000A 00000003 00000004 00000002 00000000 00000000 00000000
 00000000 00000001 0000001A 00000000 00000000 00000015 00000015 0000000D
 0000000D 88101B91 03850410 00000017 00000001 00000019 00000011 00000005
 00000000 00000000 00000000 0012F7B0 00000000 00000023 0012F7F4 5AD8C406
 003EF2E0 00000300 000002B5 0012F8B4 5AD8C3C8 003EF2E0 0012F8AC 000F028C
 003EF218 00000084 00010000 0012F838 00437A99 006AEDC8 00000000 0012FA5F
 00D8A108 006C32F0 00000000 0012F860 0012FB8C 00437AB3 006AEDB8 0012FA5F
 00475E6C 0012FA5F 00D8A108 00D43188 00000000 0012F890 EE8381EE 694F8380
 7270206C 6375646F 6E6F6974 20746120 00C50000 00DB63E0 0012F870 0012F874
 0012FAB4 7C90E900 7C910208 FFFFFFFF 7C910202 7C91017B 7C9101BB 7C9100A4
 0000000C 01BE7B74 01BE7B74 003EF228 000F028C 003EF218 5AD71ADB 00000000
 00000084 00000000 000F028C 00000084 00000000 02B50300 00000004 000004B0
 7E428DB2 00000000 00000001 00000001 00000000 7E428DB2 00000001 0012F920
 5AD71B3D 5AD8C37B 00000000 00000000 02B50300 00000001 7E418BD9 7E471088
 003EF228 0012F968 7E428DAC 7E428D8B 00000000 00000084 00000000 00000010
 00000001 00000001 0012F938 00000017 0012FA80 7E44048F 7E428D90 FFFFFFFF
 7E428D8B 0053C775 000F028C 00000084 00000000 00435BD9 00000B50 00FFFFFF
 0012F990 00001170 00000021 00435BD9 000020FD 00001322 0012F9A8 00001559
 0012F9BC 00435BD9 00000BE4 00435BD9 00000C16 00FFFFFF 0012F9C8 00435BD9
 00000D80 00FFFFFF 0012F9D8 00435BD9 00000CE8 00FFFFFF 0012F9E8 000012C1
 0012FA18 004410B2 00000000 00505EFF 00000BB2 00000BB6 00001F7C 00001F7C
 00000BB2 00435BD9 00000CB0 00FFFFFF 0012FA20 00435BD9 00000CE8 00FFFFFF

Module information:
 Q:\Games\OpenTTDL\OTTD-win32-nightly\openttd.exe handle: 00400000 size: 2829824 crc: 48994395 date: 2009-05-23 18:28:34
 C:\WINDOWS\system32\ntdll.dll handle: 7C900000 size: 706048 crc: 791555FA date: 2008-04-14 12:00:00
 C:\WINDOWS\system32\kernel32.dll handle: 7C800000 size: 989696 crc: 98CCF9A3 date: 2008-04-14 12:00:00
 C:\WINDOWS\system32\WINMM.dll handle: 76B40000 size: 176128 crc: 9676D976 date: 2008-04-14 12:00:00
 C:\WINDOWS\system32\ADVAPI32.dll handle: 77DD0000 size: 617472 crc: 78174499 date: 2008-04-14 12:00:00
 C:\WINDOWS\system32\RPCRT4.dll handle: 77E70000 size: 584704 crc: 78EC50DB date: 2008-04-14 12:00:00
 C:\WINDOWS\system32\Secur32.dll handle: 77FE0000 size: 56320 crc: 25AFC491 date: 2008-04-14 12:00:00
 C:\WINDOWS\system32\GDI32.dll handle: 77F10000 size: 285184 crc: 148CE77D date: 2008-04-14 12:00:00
 C:\WINDOWS\system32\USER32.dll handle: 7E410000 size: 578560 crc: F7C72264 date: 2008-04-14 12:00:00
 C:\WINDOWS\system32\WS2_32.dll handle: 71AB0000 size: 82432 crc: 7C519ECA date: 2008-04-14 12:00:00
 C:\WINDOWS\system32\msvcrt.dll handle: 77C10000 size: 343040 crc: 0B7B1677 date: 2008-04-14 12:00:00
 C:\WINDOWS\system32\WS2HELP.dll handle: 71AA0000 size: 19968 crc: 3F24E096 date: 2008-04-14 12:00:00
 C:\WINDOWS\system32\SHELL32.dll handle: 7C9C0000 size: 8461312 crc: 0EB5453F date: 2008-04-14 12:00:00
 C:\WINDOWS\system32\SHLWAPI.dll handle: 77F60000 size: 474112 crc: 3230A338 date: 2008-04-14 12:00:00
 C:\WINDOWS\WinSxS\x86_Microsoft.Windows.Common-Controls_6595b64144ccf1df_6.0.2600.5512_x-ww_35d4ce83\comctl32.dll handle: 773D0000 size: 1054208 crc: 06939D35 date: 2008-04-14 12:00:00
 C:\WINDOWS\system32\comctl32.dll handle: 5D090000 size: 617472 crc: 519837A9 date: 2008-04-14 12:00:00
 C:\WINDOWS\system32\SHFolder.dll handle: 76780000 size: 25088 crc: 8009EA65 date: 2008-04-14 12:00:00
 C:\WINDOWS\system32\WINTRUST.dll handle: 76C30000 size: 176640 crc: 98E1211C date: 2008-04-14 12:00:00
 C:\WINDOWS\system32\CRYPT32.dll handle: 77A80000 size: 599040 crc: F04E4319 date: 2008-04-14 12:00:00
 C:\WINDOWS\system32\MSASN1.dll handle: 77B20000 size: 57344 crc: B280A6F9 date: 2008-04-14 12:00:00
 C:\WINDOWS\system32\IMAGEHLP.dll handle: 76C90000 size: 144384 crc: F7A06429 date: 2008-04-14 12:00:00
 C:\WINDOWS\system32\wdmaud.drv handle: 72D20000 size: 23552 crc: EEB914CA date: 2008-04-14 04:42:46
 C:\WINDOWS\system32\msacm32.drv handle: 72D10000 size: 20480 crc: D5406BAE date: 2008-04-14 12:00:00
 C:\WINDOWS\system32\MSACM32.dll handle: 77BE0000 size: 71680 crc: EDE4B266 date: 2008-04-14 12:00:00
 C:\WINDOWS\system32\midimap.dll handle: 77BD0000 size: 18944 crc: 2E6D5FD1 date: 2008-04-14 12:00:00
 C:\WINDOWS\system32\ole32.dll handle: 774E0000 size: 1287168 crc: 3908D33A date: 2008-04-14 12:00:00
 C:\WINDOWS\system32\uxtheme.dll handle: 5AD70000 size: 218624 crc: A4A915A5 date: 2008-04-14 12:00:00
 C:\Program Files\Logitech\SetPoint\GameHook.dll handle: 10D00000 size: 64016 crc: E6CB34A7 date: 2008-11-07 15:37:22
 C:\Program Files\Logitech\SetPoint\lgscroll.dll handle: 10100000 size: 45584 crc: 561C483B date: 2008-11-07 15:41:46
 C:\WINDOWS\WinSxS\x86_Microsoft.VC80.CRT_1fc8b3b9a1e18e3b_8.0.50727.3053_x-ww_b80fa8ca\MSVCR80.dll handle: 78130000 size: 635904 crc: 4126B94A date: 2008-07-25 10:17:20
 C:\WINDOWS\system32\NTMARTA.DLL handle: 77690000 size: 118784 crc: 35FC486D date: 2008-04-14 12:00:00
 C:\WINDOWS\system32\SAMLIB.dll handle: 71BF0000 size: 64000 crc: F7AAF5EE date: 2008-04-14 12:00:00
 C:\WINDOWS\system32\WLDAP32.dll handle: 76F60000 size: 172032 crc: C4516D53 date: 2008-04-14 12:00:00
 C:\WINDOWS\system32\CLBCATQ.DLL handle: 76FD0000 size: 498688 crc: F43789FF date: 2008-04-14 12:00:00
 C:\WINDOWS\system32\COMRes.dll handle: 77050000 size: 792064 crc: 868482D5 date: 2008-04-14 12:00:00
 C:\WINDOWS\system32\OLEAUT32.dll handle: 77120000 size: 551936 crc: 1EE83658 date: 2008-04-14 12:00:00
 C:\WINDOWS\system32\VERSION.dll handle: 77C00000 size: 18944 crc: 558B1DAF date: 2008-04-14 12:00:00
 C:\WINDOWS\system32\dmime.dll handle: 5C570000 size: 181248 crc: A021AC64 date: 2008-04-14 12:00:00
 C:\WINDOWS\system32\DSOUND.dll handle: 73F10000 size: 367616 crc: 33C2A52C date: 2008-04-14 12:00:00
 C:\WINDOWS\system32\dmusic.dll handle: 6C980000 size: 104448 crc: E9A2B682 date: 2008-04-14 12:00:00
 C:\WINDOWS\system32\KsUser.dll handle: 73EE0000 size: 4096 crc: BD8E6BD9 date: 2008-04-14 04:41:58
 C:\WINDOWS\system32\dmsynth.dll handle: 6C9A0000 size: 103424 crc: 3E2BFB05 date: 2008-04-14 12:00:00
 C:\WINDOWS\system32\dmloader.dll handle: 6CA10000 size: 35840 crc: 9271DC2B date: 2008-04-14 12:00:00
 C:\WINDOWS\system32\ctagent.dll handle: 02000000 size: 7168 crc: 65F009F4 date: 2006-08-17 10:32:04
 C:\WINDOWS\system32\mswsock.dll handle: 71A50000 size: 245248 crc: 121DE7EF date: 2008-04-14 12:00:00
 C:\WINDOWS\system32\hnetcfg.dll handle: 662B0000 size: 344064 crc: 96358152 date: 2008-04-14 12:00:00
 C:\WINDOWS\System32\wshtcpip.dll handle: 71A90000 size: 19456 crc: F5533E87 date: 2008-04-14 12:00:00
 Q:\Program Files2\Trillian3.1.6.0\events.dll handle: 16000000 size: 169600 crc: 4C63E5B8 date: 2007-06-13 23:00:00
 C:\WINDOWS\system32\comdlg32.dll handle: 763B0000 size: 276992 crc: F1E69F91 date: 2008-04-14 12:00:00
 Q:\Program Files2\Trillian3.1.6.0\MSVCR71.dll handle: 7C340000 size: 348160 crc: 35563170 date: 2007-06-13 23:00:00
 C:\WINDOWS\system32\DNSAPI.dll handle: 76F20000 size: 147968 crc: 7DCFCC2E date: 2008-04-14 12:00:00
 C:\WINDOWS\system32\rasadhlp.dll handle: 76FC0000 size: 7680 crc: 3AB3D6CF date: 2008-04-14 12:00:00
 C:\WINDOWS\system32\psapi.dll handle: 76BF0000 size: 23040 crc: 75BBDCAD date: 2008-04-14 12:00:00

System information:
 Windows version 5.1 2600 Service Pack 3

---- gamelog start ----
Tick 0: new game started
     Revision text changed to r16404, savegame version 119, not modified, _openttd_newgrf_version = 0x08004014
     New game mode: 1 landscape: 0
---- gamelog end ----
