*** OpenTTD Crash Report ***

Crash at: Sun Jul  4 09:36:37 2010
In game date: 1945-01-01 (0)

Crash reason:
 Signal:  Segmentation fault (11)
 Message: <none>

OpenTTD version:
 Version:    he988c707M (2)
 NewGRF ver: 11004e66
 Bits:       64
 Endian:     little
 Dedicated:  no
 Build date: Jul  4 2010 09:57:31


Stacktrace:
 [00] openttd              0x000000010018542b (CrashLog::FillCrashLog(char*, char const*) const + 331)
 [01] openttd              0x000000010027a434 (HandleCrash(int) + 228)
 [02] libSystem.B.dylib    0x00007fff858b335a (_sigtramp + 26)
 [03] ???                  0xfffffffee8693e6f
 [04] openttd              0x00000001001ce1d2 (HandleGlobalHotkeys(unsigned short, unsigned short) + 98)
 [05] openttd              0x00000001003cb789 (QZ_KeyEvent(unsigned short, unsigned short, signed char) + 585)
 [06] openttd              0x00000001003cbd88 (QZ_GameLoop() + 1080)
 [07] openttd              0x00000001003ca649 (-[OTTDMain applicationDidFinishLaunching:] + 9)
 [08] Foundation           0x00007fff8041784e (_nsnote_callback + 167)
 [09] CoreFoundation       0x00007fff85efba90 (__CFXNotificationPost + 1008)
 [10] CoreFoundation       0x00007fff85ee8008 (_CFXNotificationPostNotification + 200)
 [11] Foundation           0x00007fff8040e7b8 (-[NSNotificationCenter postNotificationName:object:userInfo:] + 101)
 [12] AppKit               0x00007fff81af6832 (-[NSApplication _postDidFinishNotification] + 100)
 [13] AppKit               0x00007fff81af6767 (-[NSApplication _sendFinishLaunchingNotification] + 66)
 [14] AppKit               0x00007fff81bc1719 (-[NSApplication(NSAppleEventHandling) _handleAEOpen:] + 219)
 [15] AppKit               0x00007fff81bc1395 (-[NSApplication(NSAppleEventHandling) _handleCoreEvent:withReplyEvent:] + 77)
 [16] Foundation           0x00007fff8044614a (-[NSAppleEventManager dispatchRawAppleEvent:withRawReply:handlerRefCon:] + 360)
 [17] Foundation           0x00007fff80445f7a (_NSAppleEventManagerGenericHandler + 114)
 [18] AE                   0x00007fff81454323 (aeDispatchAppleEvent(AEDesc const*, AEDesc*, unsigned int, unsigned char*) + 162)
 [19] AE                   0x00007fff8145421c (dispatchEventAndSendReply(AEDesc const*, AEDesc*) + 32)
 [20] AE                   0x00007fff81454123 (aeProcessAppleEvent + 210)
 [21] HIToolbox            0x00007fff80933741 (AEProcessAppleEvent + 48)
 [22] AppKit               0x00007fff81ac6481 (_DPSNextEvent + 1191)
 [23] AppKit               0x00007fff81ac5bed (-[NSApplication nextEventMatchingMask:untilDate:inMode:dequeue:] + 155)
 [24] AppKit               0x00007fff81a8b8d3 (-[NSApplication run] + 395)
 [25] openttd              0x000000010026dc51 (ttd_main(int, char**) + 5297)
 [26] openttd              0x000000010027b2fa (main + 106)
 [27] openttd              0x00000001000958e4 (start + 52)
 [28] ???                  0x0000000000000001

Operating system:
 Name:     Mac OS X
 Release:  10.6.4
 Machine:  Intel 80486
 Min Ver:  1050
 Compiler: GCC 4.2.1 "4.2.1 (Apple Inc. build 5659)"

Configuration:
 Blitter:      8bpp-optimized
 Graphics set: OpenGFX
 Language:     german.lng
 Music driver: cocoa
 Music set:    OpenMSX
 Network:      no
 Sound driver: cocoa
 Sound set:    OpenSFX
 Video driver: cocoa

AI Configuration (local: 255):

Libraries:
 FreeType:   2.3.12
 ICU:        4.3.4
 LZO:        2.03
 PNG:        1.2.43
 Zlib:       1.2.5

---- gamelog start ----
Tick 0: new game started
     Revision text changed to he988c707M, savegame version 143, modified, _openttd_newgrf_version = 0x11004e66
     New game mode: 1 landscape: 1
     Added NewGRF: GRF ID 41533031, checksum 911AC4448EE52CFDF171FA358404DD23, filename: swedish_houses.1.0/swehouses.grf
     Added NewGRF: GRF ID 52455400, checksum 1600687C50C5AB1E72EDD487CAD50E2A, filename: ottdc_grfpack_trunk/7_stations/ae_city/ae_cityw.GRF
     Added NewGRF: GRF ID 4A430002, checksum 0728ADCB4DF2F1EB9247ABD449296F4E, filename: grfpack_add/indstatrw_010.grf
     Added NewGRF: GRF ID 52571201, checksum C1C7D8C53EB7E74EEE2F0EF29638B466, filename: egrvts.1.0/egrvts.grf
     Added NewGRF: GRF ID 41501201, checksum 795227412A6D9915FD5BE1178BC161FA, filename: heqs__heavy_equipment_set_.0.5b/heqs.grf
     Added NewGRF: GRF ID 414E0101, checksum 44812562894F4CBCF5F6E9DC7F7C35BE, filename: fish_ship_set-0.3/fish.grf
     Added NewGRF: GRF ID 44440A01, checksum EFEE1435093730D3DA55BDF69653CADC, filename: ottdc_grfpack_trunk/8_vehicles/planes/pb_av8/pb_av8w.grf
     Added NewGRF: GRF ID 43415000, checksum B4BBADD1C9BEC03DC8D584E118079BE6, filename: airportsplus-0.1.0/airportsplus.grf
     Added NewGRF: GRF ID 53480101, checksum 850B972E97D1275F62AD05B3660C15BF, filename: ottdc_grfpack_trunk/8_vehicles/trams/hirotram/hirotram_w_987.grf
     Added NewGRF: GRF ID 53455230, checksum 96E28D613BE756D35E992D0216EE0466, filename: swedishrails-nightly/swedishrails.grf
     Added NewGRF: GRF ID 27711003, checksum AA83D24EBF36C9213584FC7538A14527, filename: 2cc_trainset-2.0beta2/2cctrainset.grf
---- gamelog end ----

*** End of OpenTTD Crash Report ***
