*** OpenTTD Crash Report ***

Crash at: Sat Jan 16 12:53:06 2010
In game date: 1980-05-12 (65)

Crash reason:
 Exception: E1212012
 Location:  7C812AFB
 Message:   Assertion failed at line 659 of k:/Progs_K/nightly_source/trunk/src/command.cpp: res.GetCost() == res2.GetCost() && CmdFailed(res) == CmdFailed(res2)

OpenTTD version:
 Version:    r18821M (2)
 NewGRF ver: 10004985
 Bits:       32
 Endian:     little
 Dedicated:  no
 Build date: Jan 16 2010 01:32:35

Registers:
 EAX: 0022F174 EBX: 008495E8 ECX: 00000000 EDX: 77C61A58
 ESI: 00000000 EDI: 005556F0 EBP: 0022F1C4 ESP: 0022F170
 EIP: 7C812AFB EFLAGS: 00000246

 Bytes at instruction pointer:
 5E C9 C2 10 00 85 FF 0F 8E 36 93 FF FF 8B 55 FC 89 55 0C 0F B7 16 8B 7D

Stack trace:
 77C61890 E1212012 00000000 00000000 7C812AFB 00000000 7E4663FD 0022F190
 00000028 00060712 00000000 008495E8 007D8C70 00000010 00000000 00000000
 00000000 00000000 00000000 00000000 0022F04C 0022F22C 00555711 E1212012
 00000000 00000000 00000000 77C61A58 0022F22C 77C352D3 77C352DA 00000016
 00000000 00000CA9 0022F250 0022F218 7E466579 00060712 008495E8 005556F0
 00000001 0022F1F0 0022ED9C 0022FFE0 77C35C94 77C12890 FFFFFFFF 0022F5D0
 77C36BC1 00000016 0000000A 0054A630 0022F250 00000001 007B0AD0 0022F464
 65737341 6F697472 6166206E 64656C69 20746120 656E696C 39353620 20666F20
 502F3A6B 73676F72 6E2F4B5F 74686769 735F796C 6372756F 72742F65 2F6B6E75
 2F637273 6D6D6F63 2E646E61 3A707063 73657220 7465472E 74736F43 3D202928
 6572203D 472E3273 6F437465 29287473 20262620 46646D43 656C6961 65722864
 3D202973 6D43203D 69614664 2864656C 32736572 00000029 00000000 00000002
 00000001 00000008 00000000 010F3C50 00000012 00000000 00623C15 0022F428
 FFFFFEA1 7FFFFFFF 00000000 00000000 00000001 00000000 0022F3FC 00000001
 0022F3F4 FFFF0364 0077C698 0022F404 005D8AB3 0022F3F4 02565480 0022F3F0
 0000000A 00000000 0022F474 0022F3F0 0142F778 00003D87 010E72A0 00000008
 00003D88 010E72A0 00010000 00000000 00000005 0242CA08 0000000C 00000000
 00000000 00000000 00000000 00000008 0000015E 00000000 0022F460 0022F9F8
 00000000 00000000 00000CA9 00000000 0001FFFF 00640550 0077C38A 005FA7A0
 00000000 00000000 00000B4B 00000000 0001FFFF 000007B1 00011B4F 00000000
 00000000 00000000 000003A1 00000000 0001FFFF 00000000 00000001 0000EBA4
 0000015E 00000000 031100DC 0084B340 00000000 010E72A0 00000CA9 00000000
 0001FFFF 00000000 00000000 004AF050 0000E3E2 00000000 00000000 00000017
 00000001 00004879 00000000 004AFA6E 007B0AD0 00000293 007B0B0C 007B0B78

Operating system:
 Name:    Windows
 Release: 5.1.2600 (Service Pack 3)
 MSVC:    No

Configuration:
 Blitter:      8bpp-optimized
 Graphics set: original_windows
 Language:     english.lng
 Music driver: win32
 Music set:    NoMusic
 Network:      no
 Sound driver: win32
 Sound set:    original_windows
 Video driver: win32

AI Configuration (local: 0):
  0: Human
  1: SimpleAI (v1)
  2: SimpleAI (v1)

Libraries:
 LZO:        2.03
 PNG:        1.2.8
 Zlib:       1.2.3

Module information:
 K:\Progs_K\nightly_source\trunk\bin\openttd.exe handle: 0x400000 size: 5688219 crc: C6EABA40 date: 2010-01-16 00:33:44
 T:\WINNT\system32\ntdll.dll handle: 0x7c900000 size: 714752 crc: 56E74C35 date: 2009-02-09 12:10:48
 T:\WINNT\system32\kernel32.dll handle: 0x7c800000 size: 989696 crc: 8A0508E5 date: 2009-03-21 14:06:58
 T:\WINNT\system32\GDI32.dll handle: 0x77f10000 size: 286720 crc: B5F6B116 date: 2008-10-23 12:36:14
 T:\WINNT\system32\USER32.dll handle: 0x7e410000 size: 578560 crc: F7C72264 date: 2008-04-14 00:12:08
 T:\WINNT\system32\msvcrt.dll handle: 0x77c10000 size: 343040 crc: 0B7B1677 date: 2008-04-14 00:12:01
 T:\WINNT\system32\SHELL32.DLL handle: 0x7c9c0000 size: 8461312 crc: 2221EFBA date: 2008-06-17 19:02:19
 T:\WINNT\system32\ADVAPI32.dll handle: 0x77dd0000 size: 617472 crc: C9027432 date: 2009-02-09 12:10:48
 T:\WINNT\system32\RPCRT4.dll handle: 0x77e70000 size: 585216 crc: E2046CB3 date: 2009-04-15 14:51:25
 T:\WINNT\system32\Secur32.dll handle: 0x77fe0000 size: 56832 crc: 3D0002B7 date: 2009-06-25 08:25:26
 T:\WINNT\system32\SHLWAPI.dll handle: 0x77f60000 size: 474112 crc: 3230A338 date: 2008-04-14 00:12:05
 T:\WINNT\system32\WINMM.DLL handle: 0x76b40000 size: 176128 crc: 9676D976 date: 2008-04-14 00:12:09
 T:\WINNT\system32\WS2_32.DLL handle: 0x71ab0000 size: 82432 crc: 7C519ECA date: 2008-04-14 00:12:10
 T:\WINNT\system32\WS2HELP.dll handle: 0x71aa0000 size: 19968 crc: 3F24E096 date: 2008-04-14 00:12:10
 T:\WINNT\system32\IMM32.DLL handle: 0x76390000 size: 110080 crc: C1486DA0 date: 2008-04-14 00:11:54
 T:\WINNT\system32\guard32.dll handle: 0x10000000 size: 171552 crc: 9F8A2CF0 date: 2009-11-27 13:52:43
 T:\WINNT\system32\VERSION.dll handle: 0x77c00000 size: 18944 crc: 558B1DAF date: 2008-04-14 00:12:08
 T:\WINNT\system32\fltlib.dll handle: 0x4ffe0000 size: 16896 crc: 936EEE49 date: 2008-04-14 00:11:53
 T:\WINNT\WinSxS\x86_Microsoft.Windows.Common-Controls_6595b64144ccf1df_6.0.2600.5512_x-ww_35d4ce83\comctl32.dll handle: 0x773d0000 size: 1054208 crc: 06939D35 date: 2008-04-14 03:42:52
 T:\WINNT\system32\comctl32.dll handle: 0x5d090000 size: 617472 crc: 519837A9 date: 2008-04-14 00:11:51
 T:\WINNT\system32\SHFolder.dll handle: 0x76780000 size: 25088 crc: 8009EA65 date: 2008-04-14 00:12:05
 T:\WINNT\system32\WINTRUST.dll handle: 0x76c30000 size: 176640 crc: 98E1211C date: 2008-04-14 00:12:09
 T:\WINNT\system32\CRYPT32.dll handle: 0x77a80000 size: 599040 crc: F04E4319 date: 2008-04-14 00:11:51
 T:\WINNT\system32\MSASN1.dll handle: 0x77b20000 size: 58880 crc: 63D6A79F date: 2009-09-04 21:03:36
 T:\WINNT\system32\IMAGEHLP.dll handle: 0x76c90000 size: 144384 crc: F7A06429 date: 2008-04-14 00:11:54
 T:\WINNT\system32\wdmaud.drv handle: 0x72d20000 size: 23552 crc: EEB914CA date: 2008-04-14 00:12:45
 T:\WINNT\system32\msacm32.drv handle: 0x72d10000 size: 20480 crc: D5406BAE date: 2001-08-23 12:00:00
 T:\WINNT\system32\MSACM32.dll handle: 0x77be0000 size: 71680 crc: EDE4B266 date: 2008-04-14 00:11:58
 T:\WINNT\system32\midimap.dll handle: 0x77bd0000 size: 18944 crc: 2E6D5FD1 date: 2008-04-14 00:11:57
 T:\WINNT\system32\MSCTF.dll handle: 0x74720000 size: 297984 crc: 392BE0B0 date: 2008-04-14 00:11:58
 T:\progs_t\reinst\graphics_card_tools\pstrip\pshook.dll handle: 0x1a30000 size: 20992 crc: F8CCDD5C date: 2001-07-23 23:31:36
 T:\WINNT\system32\oleaut32.dll handle: 0x77120000 size: 551936 crc: 1EE83658 date: 2008-04-14 00:12:02
 T:\WINNT\system32\ole32.dll handle: 0x774e0000 size: 1287168 crc: 3908D33A date: 2008-04-14 00:12:02
 T:\WINNT\system32\ctagent.dll handle: 0x2000000 size: 7168 crc: 8991329B date: 2006-08-11 13:56:02
 T:\WINNT\system32\msctfime.ime handle: 0x755c0000 size: 177152 crc: 6D3663FE date: 2008-04-14 00:10:06
 T:\WINNT\system32\mswsock.dll handle: 0x71a50000 size: 245248 crc: FBBA0828 date: 2008-06-20 17:46:57
 T:\WINNT\system32\hnetcfg.dll handle: 0x662b0000 size: 344064 crc: 96358152 date: 2008-04-14 00:11:54
 T:\WINNT\System32\wshtcpip.dll handle: 0x71a90000 size: 19456 crc: F5533E87 date: 2008-04-14 00:12:10
 T:\PROGRA~1\Logitech\MOUSEW~1\SYSTEM\LGMOUSHK.dll handle: 0x1a60000 size: 24576 crc: BAB07794 date: 2002-08-13 08:50:00
 T:\WINNT\system32\psapi.dll handle: 0x76bf0000 size: 23040 crc: 75BBDCAD date: 2008-04-14 00:12:03

---- gamelog start ----
Tick 0: new game started
     Revision text changed to r18821M, savegame version 136, modified, _openttd_newgrf_version = 0x10004985
     New game mode: 1 landscape: 1
     Added NewGRF: GRF ID 535A1344, checksum EE64CDD6E4600C717B448583026DF24D, filename: oilsgoup.grf
---- gamelog end ----

*** End of OpenTTD Crash Report ***
