*** OpenTTD Crash Report ***

Crash at: Sat Aug 03 08:50:33 2013
In game date: 0-01-01 (0)

Crash reason:
 Exception: C0000005
 Location:  0064507D
 Message:   <none>

OpenTTD version:
 Version:    1.3.2 (0)
 NewGRF ver: 13286420
 Bits:       32
 Endian:     little
 Dedicated:  no
 Build date: Jul 27 2013 15:26:14

Registers:
 EAX: 00000000 EBX: 01051620 ECX: 00000002 EDX: 00000001
 ESI: 0000000D EDI: 00EBAE24 EBP: 01051400 ESP: 00EBAE00
 EIP: 0064507D EFLAGS: 00010206

 Bytes at instruction pointer:
 8B 10 89 6C 24 04 89 04 24 FF 52 24 89 3C 24 E8 EF A4 03 00 8B 43 5C E9

Stack trace:
 00EBAE24 00EBAF8C 0000000D 00000000 00000000 00000000 78001373 7803A110
 00EBAE58 00A25658 00006874 78001524 00000000 00000000 01001060 00FD000C
 00000002 00EBAE48 00006874 7800E492 0000003F 01051400 00000000 BFF7B9B6
 81D46D10 00000000 78001373 7803A110 00EBAEA8 78001551 00000009 78001524
 0000000D 0000000D 00EBAF2C 00FD000C 01051620 01052D40 00EBFF68 7800E492
 7803223C FFFFFFFF 0000000D 00644084 01051400 78001409 00000070 780013E0
 01051620 0000000D 01051620 00644F3F 00EBAF2C 01050010 00000000 BFF7B9B6
 81D46D10 00000000 00000000 7803A110 00EBAF28 78001551 00000009 78001524
 00EBAF94 00F67F58 00EBAF94 00FD000C 00EBFF68 7800E492 00EBFF68 7800E492
 7803223C FFFFFFFF 0000000D 00645B0B 01050010 00000000 00000000 00000000
 00000078 0000000D 78032230 01051620 00F67F58 00EBAF94 01051620 0048D253
 00EBAF94 00F66F58 0000000D 00EBAF94 00000000 00000000 00000000 000000FE
 00000000 00EBAFAC 00000000 00000002 00F66F70 00A25688 00EBAF00 0000000D
 01051620 00F67F70 00EBB074 006457DE 01051620 0000000D 00000001 0000000D
 010516D0 0000000D 00F66F58 0048D6B4 01051620 4F000000 00F66F72 00F67F58
 01050B80 00FD000C 7803A110 00EBB01C 4F000000 00F66F58 00F67F58 010516D8
 00000008 010516B0 00EBB074 0056BFEC 00EBB8AF 00000000 00000000 00000000
 0000000C 00000000 00000000 00000000 01050920 00000000 FFFFFF08 00EBB074
 01050AB0 01050B20 00000000 0048A443 00EBB074 00EBB0C1 7FFFFFFF 00000000
 00000000 01050B20 00000000 0056C44B 00EBB0B0 00000000 00000000 00000000
 00000000 00000000 00EBB1C8 00EBB0B0 01050AB0 01050B20 00000000 0048A4F6
 00EBB0B0 00000000 00EBB8AF 625C6E65 4F8581EE 546E6570 31204454 322E332E
 00004600 BFF7CE55 BFF741FB 81DA6194 BFF7DAF1 BFFC9490 00000437 0000004C
 00EBB0FC BFF7DB1B 81D8D6CC 0000004C 81DA6194 C0000023 81DA6194 0000004C

Operating system:
 Name:     Windows
 Release:  4.10.67766222 (  )
 Compiler: GCC 4.6.2 "4.6.2"

Configuration:
 Blitter:      8bpp-optimized
 Graphics set: original_windows (0)
 Language:     E:\sp\win\ttd_open\lang\english_US.lng
 Music driver: null
 Music set:    NoMusic (0)
 Network:      no
 Sound driver: null
 Sound set:    NoSound (2)
 Video driver: win32

AI Configuration (local: 255):

Libraries:
 FreeType:   2.4.10
 ICU:        4.6
 LZMA:       5.0.4
 LZO:        2.06
 PNG:        1.5.7
 Zlib:       1.2.7

Module information:
 E:\SP\WIN\TTD_OPEN\OPENTTD.EXE handle: 00000000 size: 7363598 crc: 71200B3B date: 2013-07-27 13:27:58

---- gamelog start ----
Tick 0: new game started
     Revision text changed to 1.3.2, savegame version 180, not modified, _openttd_newgrf_version = 0x13286420
     New game mode: 0 landscape: 0
---- gamelog end ----

*** End of OpenTTD Crash Report ***
