*** OpenTTD Crash Report ***

Crash at: Tue Dec 30 00:48:54 2014
In game date: 4366-11-28 (51)

Crash reason:
 Exception: C0000005
 Location:  000000013FC36B76
 Message:   <none>

OpenTTD version:
 Version:    1.5.0-beta1 (0)
 NewGRF ver: 150069d8
 Bits:       64
 Endian:     little
 Dedicated:  no
 Build date: Dec 24 2014 19:57:25

Registers:
 RAX: 000000002E9F3B10 RBX: 0000000000000001 RCX: 0000000000000000 RDX: 000000000000000C
 RSI: 00000000000000A1 RDI: 0000000000000000 RBP: 00000000001ECAB9 RSP: 00000000001ECA20
 R8:  0000000026468410 R9:  0000000000000001 R10: 0000000000000000 R11: 000000002ECA9790
 R12: 0000000000000000 R13: 0000000000000001 R14: 0000000000400000 R15: 0000000000000000
 RIP: 000000013FC36B76 EFLAGS: 00010202

 Bytes at instruction pointer:
 8B 41 0C 43 89 44 93 0C 41 0F B7 C1 41 3B 40 10 72 B0 48 8B 0D D9 13 BC

Stack trace:
 00000071 00000000 000000A1 00000000 00000000 00000000 263E6740 00000000
 000000BC 00000000 3FC3078C 00000001 00000071 00000000 001ECAB9 00000000
 000000A1 00000000 00000000 00000000 00000001 00000000 00000001 00000000
 001EE400 00000000 76D51A4A 00000000 4075D680 00000001 2E6EBDA0 00000000
 FFFFFFFE FFFFFFFF 000000FF 00000000 00000000 00000000 3F01FFFF 00000001
 00000000 00000000 00000000 00000000 40671C08 00000001 4078D818 00000001
 00000001 00000000 00000000 00000000 00000000 00000000 407829E0 00000001
 00000001 00000000 00000000 00000000 001EE400 00000000 3FC4180F 00000001
 00000000 00000000 00400000 00000000 00000000 00000000 407829E0 00000001
 4075D680 00000001 3FE37FA7 00000001 00000001 00000000 00000000 00000000
 00000000 00000000 3FE38677 00000001 4075D680 00000001 001EE4D0 00000000
 00000000 00000000 2E6DB240 00000000 00000001 00000000 3FC4254D 00000001
 5854544F 0000BC00 4075D680 00000001 001EE4D0 00000000 00000000 00000000
 04D40195 00004DC8 01C60470 00000000 00000000 00000000 00000020 00000000
 003E0002 00000210 00258840 00000000 00000006 00000000 02BD1A5C 00000000
 00000000 00000005 00000001 00000000 00000013 00000000 02BD19AC 00000000
 00000002 00000000 059C5C20 00000000 00000000 00000000 00000000 00000000
 00000040 00000000 00000008 00000000 FFFFFFFE FFFFFFFF 3FE378A7 00000001
 00000002 00000000 059C5C20 00000000 00000000 00000000 001EE329 00000000
 00000000 00000000 001EDBA0 00000000 001ECE40 00000000 76D51A4A 00000000
 00000010 00000000 001ECDC8 00000000 001ECE40 00000000 3FE378A7 00000001
 00000002 00000000 3FE37828 00000001 00000000 00000000 3FCB3048 00000001
 001EE329 00000000 3FE37FA7 00000001 001ECDC8 00000000 3FAD4958 00000001
 00000000 00000000 FDE84228 000007FE 00000000 00000000 002D6070 00000000

Operating system:
 Name:     Windows
 Release:  6.1.7601 (Service Pack 1)
 Compiler: MSVC 1600

Configuration:
 Blitter:      32bpp-anim
 Graphics set: OpenGFX (5203)
 Language:     C:\Program Files\OpenTTD\lang\english_US.lng
 Music driver: win32
 Music set:    Modern Motion (1)
 Network:      no
 Sound driver: win32
 Sound set:    NoSound (2)
 Video driver: win32

Fonts:
 Small:  sprite
 Medium: sprite
 Large:  sprite
 Mono:   sprite

AI Configuration (local: 0):
  0: Human

Libraries:
 FreeType:   2.4.11
 ICU:        51.2
 LZMA:       5.0.4
 LZO:        2.06
 PNG:        1.5.14
 Zlib:       1.2.7

Module information:
 C:\Program Files\OpenTTD\openttd.exe handle: 000000013FA50000 size: 14192640 crc: C90F03F4 date: 2014-12-24 20:02:16
 C:\Windows\SYSTEM32\ntdll.dll handle: 0000000076E50000 size: 1732032 crc: 5BF564D3 date: 2013-08-29 02:16:35
 C:\Windows\system32\kernel32.dll handle: 0000000076D30000 size: 1163264 crc: 19230232 date: 2014-03-04 09:44:00
 C:\Windows\system32\KERNELBASE.dll handle: 000007FEFCC40000 size: 424960 crc: 7FB4EAD2 date: 2014-03-04 09:44:00
 C:\Windows\system32\WINMM.dll handle: 000007FEF9370000 size: 217600 crc: 7BC1529F date: 2009-07-14 01:41:56
 C:\Windows\system32\msvcrt.dll handle: 000007FEFED10000 size: 634880 crc: 9D1B448A date: 2011-12-16 08:46:06
 C:\Windows\system32\USER32.dll handle: 0000000076C30000 size: 1008128 crc: 70FF7D7F date: 2010-11-21 03:24:09
 C:\Windows\system32\GDI32.dll handle: 000007FEFD890000 size: 404480 crc: 37D17315 date: 2014-08-23 02:07:00
 C:\Windows\system32\LPK.dll handle: 000007FEFF150000 size: 41472 crc: EE04F660 date: 2013-06-06 05:50:51
 C:\Windows\system32\USP10.dll handle: 000007FEFCFD0000 size: 801280 crc: DCB1924F date: 2014-04-25 02:34:59
 C:\Windows\system32\WS2_32.dll handle: 000007FEFDE20000 size: 297984 crc: 0F68689B date: 2010-11-21 03:24:28
 C:\Windows\system32\RPCRT4.dll handle: 000007FEFD760000 size: 1216000 crc: 9A153133 date: 2014-07-14 02:02:45
 C:\Windows\system32\NSI.dll handle: 000007FEFDC10000 size: 13824 crc: 53B46F6C date: 2009-07-14 01:41:53
 C:\Windows\system32\IMM32.dll handle: 000007FEFF080000 size: 167424 crc: 41B2805A date: 2009-07-14 01:41:09
 C:\Windows\system32\MSCTF.dll handle: 000007FEFDE70000 size: 1067008 crc: 798DDDA0 date: 2009-07-14 01:41:28
 C:\Windows\system32\ADVAPI32.dll handle: 000007FEFD310000 size: 878080 crc: D0A62838 date: 2013-08-29 02:13:28
 C:\Windows\SYSTEM32\sechost.dll handle: 000007FEFDC20000 size: 113664 crc: 978CFAE5 date: 2009-07-14 01:41:53
 C:\Windows\system32\SHELL32.dll handle: 000007FEFDF80000 size: 14175744 crc: 30A2F002 date: 2014-06-25 02:05:42
 C:\Windows\system32\SHLWAPI.dll handle: 000007FEFD900000 size: 448512 crc: 086DF743 date: 2010-11-21 03:24:22
 C:\Windows\system32\ole32.dll handle: 000007FEFD9E0000 size: 2086912 crc: 72F91CD0 date: 2010-11-21 03:23:48
 C:\Windows\system32\uxtheme.dll handle: 000007FEFB150000 size: 332288 crc: B0A13DF9 date: 2009-07-14 01:41:56
 C:\Windows\system32\dwmapi.dll handle: 000007FEFA8D0000 size: 82432 crc: A459F360 date: 2009-07-14 01:40:34
 C:\Windows\system32\CRYPTBASE.dll handle: 000007FEFCA70000 size: 44032 crc: F547C16E date: 2009-07-14 01:40:24
 C:\Windows\system32\BfLLR.dll handle: 0000000180000000 size: 216064 crc: 7CCB2275 date: 2013-05-07 10:44:04
 C:\Windows\system32\IPHLPAPI.DLL handle: 000007FEFBD40000 size: 145920 crc: 000D9F17 date: 2010-11-21 03:24:16
 C:\Windows\system32\WINNSI.DLL handle: 000007FEFBD30000 size: 26112 crc: 744B2434 date: 2009-07-14 01:41:56
 C:\Windows\system32\mswsock.dll handle: 000007FEFC3F0000 size: 327168 crc: 2C87855E date: 2013-09-08 02:27:14
 C:\Windows\System32\wshtcpip.dll handle: 000007FEFBD10000 size: 13312 crc: 5D1E2C55 date: 2009-07-14 01:41:58
 C:\Windows\system32\MMDevAPI.DLL handle: 000007FEFB340000 size: 284160 crc: CDF2EF81 date: 2009-07-14 01:41:26
 C:\Windows\system32\PROPSYS.dll handle: 000007FEFB200000 size: 1212416 crc: B83FA3BE date: 2010-11-21 03:23:55
 C:\Windows\system32\OLEAUT32.dll handle: 000007FEFD230000 size: 861696 crc: 559B6DBD date: 2014-10-18 02:05:23
 C:\Windows\system32\wdmaud.drv handle: 000007FEF9BC0000 size: 217088 crc: 12829973 date: 2010-11-21 03:24:32
 C:\Windows\system32\ksuser.dll handle: 0000000073960000 size: 5120 crc: AA2071D9 date: 2009-07-14 01:41:13
 C:\Windows\system32\AVRT.dll handle: 000007FEFB330000 size: 18432 crc: 5CE53CB7 date: 2009-07-14 01:40:05
 C:\Windows\system32\SETUPAPI.dll handle: 000007FEFDC40000 size: 1900544 crc: A364BD6A date: 2010-11-21 03:24:28
 C:\Windows\system32\CFGMGR32.dll handle: 000007FEFCCE0000 size: 207872 crc: 1984C339 date: 2010-11-21 03:24:00
 C:\Windows\system32\DEVOBJ.dll handle: 000007FEFCDE0000 size: 93184 crc: A7541AE2 date: 2009-07-14 01:40:28
 C:\Windows\system32\AUDIOSES.DLL handle: 000007FEF3DE0000 size: 296448 crc: 3599F4CD date: 2014-10-03 02:11:51
 C:\Windows\system32\msacm32.drv handle: 000007FEF9D30000 size: 25600 crc: 2B579A05 date: 2009-07-14 01:38:50
 C:\Windows\system32\MSACM32.dll handle: 000007FEF9BA0000 size: 83456 crc: 3D67538B date: 2009-07-14 01:41:27
 C:\Windows\system32\midimap.dll handle: 000007FEF9B90000 size: 20480 crc: CB902A13 date: 2009-07-14 01:41:23
 C:\Windows\system32\CLBCatQ.DLL handle: 000007FEFF0B0000 size: 607744 crc: 939E35C9 date: 2009-07-14 01:40:15
 C:\Windows\System32\wship6.dll handle: 000007FEFC5E0000 size: 13824 crc: E3FBF123 date: 2009-07-14 01:41:58
 C:\Windows\system32\DNSAPI.dll handle: 000007FEFC1C0000 size: 357888 crc: 194CAF1C date: 2011-03-03 06:24:15
 C:\Program Files\Common Files\Microsoft Shared\Windows Live\WLIDNSP.DLL handle: 000007FEF8A80000 size: 171760 crc: C9CA4B6A date: 2012-07-17 22:14:44
 C:\Windows\system32\PSAPI.DLL handle: 0000000077010000 size: 9216 crc: 84B5E9BA date: 2009-07-14 01:41:53
 C:\Windows\system32\rasadhlp.dll handle: 000007FEF8A50000 size: 16384 crc: C5FD1616 date: 2009-07-14 01:41:53
 C:\Windows\System32\fwpuclnt.dll handle: 000007FEFA6F0000 size: 324096 crc: 5D5E70C7 date: 2013-10-12 02:29:08

---- gamelog start ----
Tick 6844: game loaded
Conversion from OTTD savegame without gamelog: version 92, 0
Revision text changed to 1.0.4, savegame version 138, not modified, _openttd_newgrf_version = 0x10485145
New game mode: 1 landscape: 0
Tick 17510: settings changed
Setting changed: vehicle.freight_trains : 1 -> 2
Tick 17510: settings changed
Setting changed: vehicle.freight_trains : 2 -> 3
Tick 17510: settings changed
Setting changed: vehicle.freight_trains : 3 -> 4
Tick 17510: settings changed
Setting changed: vehicle.freight_trains : 4 -> 5
Tick 17510: settings changed
Setting changed: vehicle.freight_trains : 5 -> 6
Tick 17510: settings changed
Setting changed: vehicle.freight_trains : 6 -> 7
Tick 17510: settings changed
Setting changed: vehicle.freight_trains : 7 -> 8
Tick 17510: settings changed
Setting changed: vehicle.freight_trains : 8 -> 9
Tick 17510: settings changed
Setting changed: vehicle.freight_trains : 9 -> 10
Tick 17510: settings changed
Setting changed: vehicle.freight_trains : 10 -> 11
Tick 17510: settings changed
Setting changed: vehicle.freight_trains : 11 -> 12
Tick 17510: settings changed
Setting changed: vehicle.freight_trains : 12 -> 13
Tick 17510: settings changed
Setting changed: vehicle.freight_trains : 13 -> 14
Tick 17510: settings changed
Setting changed: vehicle.freight_trains : 14 -> 15
Tick 17510: settings changed
Setting changed: vehicle.freight_trains : 15 -> 16
Tick 17510: settings changed
Setting changed: vehicle.freight_trains : 16 -> 17
Tick 17510: settings changed
Setting changed: vehicle.freight_trains : 17 -> 18
Tick 17510: settings changed
Setting changed: vehicle.freight_trains : 18 -> 17
Tick 17510: settings changed
Setting changed: vehicle.freight_trains : 17 -> 16
Tick 17510: settings changed
Setting changed: vehicle.freight_trains : 16 -> 15
Tick 17510: settings changed
Setting changed: vehicle.freight_trains : 15 -> 14
Tick 17510: settings changed
Setting changed: vehicle.freight_trains : 14 -> 13
Tick 17510: settings changed
Setting changed: vehicle.freight_trains : 13 -> 12
Tick 17510: settings changed
Setting changed: vehicle.freight_trains : 12 -> 11
Tick 17510: settings changed
Setting changed: vehicle.freight_trains : 11 -> 10
Tick 17510: settings changed
Setting changed: vehicle.freight_trains : 10 -> 9
Tick 17510: settings changed
Setting changed: vehicle.freight_trains : 9 -> 8
Tick 17510: settings changed
Setting changed: vehicle.freight_trains : 8 -> 7
Tick 17510: settings changed
Setting changed: vehicle.freight_trains : 7 -> 6
Tick 17510: settings changed
Setting changed: vehicle.freight_trains : 6 -> 5
Tick 17510: settings changed
Setting changed: vehicle.freight_trains : 5 -> 4
Tick 17510: settings changed
Setting changed: vehicle.freight_trains : 4 -> 3
Tick 17510: settings changed
Setting changed: vehicle.freight_trains : 3 -> 2
Tick 17510: settings changed
Setting changed: vehicle.freight_trains : 2 -> 1
Tick 17510: settings changed
Setting changed: order.gradual_loading : 1 -> 0
Tick 17510: settings changed
Setting changed: order.gradual_loading : 0 -> 1
Tick 40929: game loaded
Revision text changed to 1.1.1, savegame version 160, not modified, _openttd_newgrf_version = 0x11185800
Tick 47693: settings changed
Setting changed: construction.command_pause_level : 1 -> 2
Tick 47693: settings changed
Setting changed: construction.command_pause_level : 2 -> 3
Tick 12307: game loaded
Revision text changed to 1.2.2, savegame version 174, not modified, _openttd_newgrf_version = 0x12285f9c
Tick 54208: game loaded
Revision text changed to 1.2.3, savegame version 174, not modified, _openttd_newgrf_version = 0x12386051
Tick 28065: settings changed
Setting changed: construction.build_on_slopes : 1 -> 0
Tick 28065: settings changed
Setting changed: construction.build_on_slopes : 0 -> 1
Tick 28065: settings changed
Setting changed: construction.signal_side : 1 -> 0
Tick 28065: settings changed
Setting changed: construction.signal_side : 0 -> 1
Tick 28065: settings changed
Setting changed: construction.signal_side : 1 -> 0
Tick 28065: settings changed
Setting changed: construction.signal_side : 0 -> 1
Tick 28065: settings changed
Setting changed: construction.signal_side : 1 -> 0
Tick 28065: settings changed
Setting changed: construction.signal_side : 0 -> 1
Tick 28065: settings changed
Setting changed: construction.signal_side : 1 -> 0
Tick 28065: settings changed
Setting changed: construction.signal_side : 0 -> 1
Tick 28065: settings changed
Setting changed: construction.signal_side : 1 -> 0
Tick 28065: settings changed
Setting changed: construction.signal_side : 0 -> 1
Tick 28065: settings changed
Setting changed: economy.allow_town_roads : 1 -> 0
Tick 53799: settings changed
Setting changed: construction.max_tunnel_length : 64 -> 65
Tick 53799: settings changed
Setting changed: construction.max_tunnel_length : 65 -> 66
Tick 53799: settings changed
Setting changed: construction.max_tunnel_length : 66 -> 67
Tick 53799: settings changed
Setting changed: construction.max_tunnel_length : 67 -> 68
Tick 53799: settings changed
Setting changed: construction.max_tunnel_length : 68 -> 69
Tick 53799: settings changed
Setting changed: construction.max_tunnel_length : 69 -> 70
Tick 53799: settings changed
Setting changed: construction.max_tunnel_length : 70 -> 71
Tick 53799: settings changed
Setting changed: construction.max_tunnel_length : 71 -> 72
Tick 53799: settings changed
Setting changed: construction.max_tunnel_length : 72 -> 73
Tick 53799: settings changed
Setting changed: construction.max_tunnel_length : 73 -> 74
Tick 53799: settings changed
Setting changed: construction.max_tunnel_length : 74 -> 75
Tick 53799: settings changed
Setting changed: construction.max_tunnel_length : 75 -> 76
Tick 53799: settings changed
Setting changed: construction.max_tunnel_length : 76 -> 77
Tick 53799: settings changed
Setting changed: construction.max_tunnel_length : 77 -> 78
Tick 53799: settings changed
Setting changed: construction.max_tunnel_length : 78 -> 79
Tick 53799: settings changed
Setting changed: construction.max_tunnel_length : 79 -> 80
Tick 53799: settings changed
Setting changed: construction.max_tunnel_length : 80 -> 81
Tick 53799: settings changed
Setting changed: construction.max_tunnel_length : 81 -> 82
Tick 53799: settings changed
Setting changed: construction.max_tunnel_length : 82 -> 83
Tick 53799: settings changed
Setting changed: construction.max_tunnel_length : 83 -> 84
Tick 53799: settings changed
Setting changed: construction.max_tunnel_length : 84 -> 85
Tick 53799: settings changed
Setting changed: construction.max_tunnel_length : 85 -> 86
Tick 53799: settings changed
Setting changed: construction.max_tunnel_length : 86 -> 87
Tick 53799: settings changed
Setting changed: construction.max_tunnel_length : 87 -> 88
Tick 53799: settings changed
Setting changed: construction.max_tunnel_length : 88 -> 89
Tick 53799: settings changed
Setting changed: construction.max_tunnel_length : 89 -> 90
Tick 53799: settings changed
Setting changed: construction.max_tunnel_length : 90 -> 91
Tick 53799: settings changed
Setting changed: construction.max_tunnel_length : 91 -> 92
Tick 53799: settings changed
Setting changed: construction.max_tunnel_length : 92 -> 93
Tick 53799: settings changed
Setting changed: construction.max_tunnel_length : 93 -> 94
Tick 53799: settings changed
Setting changed: construction.max_tunnel_length : 94 -> 95
Tick 53799: settings changed
Setting changed: construction.max_tunnel_length : 95 -> 96
Tick 53799: settings changed
Setting changed: construction.max_tunnel_length : 96 -> 97
Tick 53799: settings changed
Setting changed: construction.max_tunnel_length : 97 -> 98
Tick 53799: settings changed
Setting changed: construction.max_tunnel_length : 98 -> 99
Tick 53799: settings changed
Setting changed: construction.max_tunnel_length : 99 -> 100
Tick 53799: settings changed
Setting changed: construction.max_tunnel_length : 100 -> 101
Tick 53799: settings changed
Setting changed: construction.max_tunnel_length : 101 -> 102
Tick 53799: settings changed
Setting changed: construction.max_tunnel_length : 102 -> 103
Tick 53799: settings changed
Setting changed: construction.max_tunnel_length : 103 -> 104
Tick 53799: settings changed
Setting changed: construction.max_tunnel_length : 104 -> 105
Tick 53799: settings changed
Setting changed: construction.max_tunnel_length : 105 -> 106
Tick 53799: settings changed
Setting changed: construction.max_tunnel_length : 106 -> 107
Tick 53799: settings changed
Setting changed: construction.max_tunnel_length : 107 -> 108
Tick 53799: settings changed
Setting changed: construction.max_tunnel_length : 108 -> 109
Tick 53799: settings changed
Setting changed: construction.max_tunnel_length : 109 -> 110
Tick 53799: settings changed
Setting changed: construction.max_tunnel_length : 110 -> 111
Tick 53799: settings changed
Setting changed: construction.max_tunnel_length : 111 -> 112
Tick 53799: settings changed
Setting changed: construction.max_tunnel_length : 112 -> 113
Tick 53799: settings changed
Setting changed: construction.max_tunnel_length : 113 -> 114
Tick 53799: settings changed
Setting changed: construction.max_tunnel_length : 114 -> 115
Tick 53799: settings changed
Setting changed: construction.max_tunnel_length : 115 -> 116
Tick 53799: settings changed
Setting changed: construction.max_tunnel_length : 116 -> 117
Tick 53799: settings changed
Setting changed: construction.max_tunnel_length : 117 -> 118
Tick 53799: settings changed
Setting changed: construction.max_tunnel_length : 118 -> 119
Tick 53799: settings changed
Setting changed: construction.max_tunnel_length : 119 -> 120
Tick 53799: settings changed
Setting changed: construction.max_tunnel_length : 120 -> 121
Tick 53799: settings changed
Setting changed: construction.max_tunnel_length : 121 -> 122
Tick 53799: settings changed
Setting changed: construction.max_tunnel_length : 122 -> 123
Tick 53799: settings changed
Setting changed: construction.max_tunnel_length : 123 -> 124
Tick 53799: settings changed
Setting changed: construction.max_tunnel_length : 124 -> 125
Tick 53799: settings changed
Setting changed: construction.max_tunnel_length : 125 -> 126
Tick 53799: settings changed
Setting changed: construction.max_tunnel_length : 126 -> 127
Tick 53799: settings changed
Setting changed: construction.max_tunnel_length : 127 -> 128
Tick 53799: settings changed
Setting changed: construction.max_tunnel_length : 128 -> 129
Tick 53799: settings changed
Setting changed: construction.max_tunnel_length : 129 -> 130
Tick 53799: settings changed
Setting changed: construction.max_tunnel_length : 130 -> 131
Tick 53799: settings changed
Setting changed: construction.max_tunnel_length : 131 -> 132
Tick 53799: settings changed
Setting changed: construction.max_tunnel_length : 132 -> 133
Tick 53799: settings changed
Setting changed: construction.max_tunnel_length : 133 -> 134
Tick 53799: settings changed
Setting changed: construction.max_tunnel_length : 134 -> 135
Tick 53799: settings changed
Setting changed: construction.max_tunnel_length : 135 -> 136
Tick 53799: settings changed
Setting changed: construction.max_tunnel_length : 136 -> 137
Tick 53799: settings changed
Setting changed: construction.max_tunnel_length : 137 -> 138
Tick 53799: settings changed
Setting changed: construction.max_tunnel_length : 138 -> 139
Tick 53799: settings changed
Setting changed: construction.max_tunnel_length : 139 -> 140
Tick 53799: settings changed
Setting changed: construction.max_tunnel_length : 140 -> 141
Tick 53799: settings changed
Setting changed: construction.max_tunnel_length : 141 -> 142
Tick 53799: settings changed
Setting changed: construction.max_tunnel_length : 142 -> 143
Tick 53799: settings changed
Setting changed: construction.max_tunnel_length : 143 -> 144
Tick 53799: settings changed
Setting changed: construction.max_tunnel_length : 144 -> 145
Tick 53799: settings changed
Setting changed: construction.max_tunnel_length : 145 -> 146
Tick 53799: settings changed
Setting changed: construction.max_tunnel_length : 146 -> 147
Tick 53799: settings changed
Setting changed: construction.max_tunnel_length : 147 -> 148
Tick 53799: settings changed
Setting changed: construction.max_tunnel_length : 148 -> 149
Tick 53799: settings changed
Setting changed: construction.max_tunnel_length : 149 -> 150
Tick 53799: settings changed
Setting changed: construction.max_tunnel_length : 150 -> 151
Tick 53799: settings changed
Setting changed: construction.max_tunnel_length : 151 -> 152
Tick 53799: settings changed
Setting changed: construction.max_tunnel_length : 152 -> 153
Tick 53799: settings changed
Setting changed: construction.max_tunnel_length : 153 -> 154
Tick 53799: settings changed
Setting changed: construction.max_tunnel_length : 154 -> 155
Tick 53799: settings changed
Setting changed: construction.max_tunnel_length : 155 -> 156
Tick 53799: settings changed
Setting changed: construction.max_tunnel_length : 156 -> 157
Tick 53799: settings changed
Setting changed: construction.max_tunnel_length : 157 -> 158
Tick 53799: settings changed
Setting changed: construction.max_tunnel_length : 158 -> 159
Tick 53799: settings changed
Setting changed: construction.max_tunnel_length : 159 -> 160
Tick 53799: settings changed
Setting changed: construction.max_tunnel_length : 160 -> 161
Tick 53799: settings changed
Setting changed: construction.max_tunnel_length : 161 -> 162
Tick 53799: settings changed
Setting changed: construction.max_tunnel_length : 162 -> 163
Tick 53799: settings changed
Setting changed: construction.max_tunnel_length : 163 -> 164
Tick 53799: settings changed
Setting changed: construction.max_tunnel_length : 164 -> 165
Tick 53799: settings changed
Setting changed: construction.max_tunnel_length : 165 -> 166
Tick 53799: settings changed
Setting changed: construction.max_tunnel_length : 166 -> 167
Tick 53799: settings changed
Setting changed: construction.max_tunnel_length : 167 -> 168
Tick 53799: settings changed
Setting changed: construction.max_tunnel_length : 168 -> 169
Tick 53799: settings changed
Setting changed: construction.max_tunnel_length : 169 -> 170
Tick 53799: settings changed
Setting changed: construction.max_tunnel_length : 170 -> 171
Tick 53799: settings changed
Setting changed: construction.max_tunnel_length : 171 -> 172
Tick 53799: settings changed
Setting changed: construction.max_tunnel_length : 172 -> 173
Tick 53799: settings changed
Setting changed: construction.max_tunnel_length : 173 -> 174
Tick 53799: settings changed
Setting changed: construction.max_tunnel_length : 174 -> 175
Tick 53799: settings changed
Setting changed: construction.max_tunnel_length : 175 -> 176
Tick 53799: settings changed
Setting changed: construction.max_tunnel_length : 176 -> 177
Tick 53799: settings changed
Setting changed: construction.max_tunnel_length : 177 -> 178
Tick 53799: settings changed
Setting changed: construction.max_tunnel_length : 178 -> 179
Tick 53799: settings changed
Setting changed: construction.max_tunnel_length : 179 -> 180
Tick 53799: settings changed
Setting changed: construction.max_tunnel_length : 180 -> 181
Tick 53799: settings changed
Setting changed: construction.max_tunnel_length : 181 -> 182
Tick 53799: settings changed
Setting changed: construction.max_tunnel_length : 182 -> 183
Tick 53799: settings changed
Setting changed: construction.max_tunnel_length : 183 -> 184
Tick 53799: settings changed
Setting changed: construction.max_tunnel_length : 184 -> 185
Tick 53799: settings changed
Setting changed: construction.max_tunnel_length : 185 -> 186
Tick 53799: settings changed
Setting changed: construction.max_tunnel_length : 186 -> 187
Tick 53799: settings changed
Setting changed: construction.max_tunnel_length : 187 -> 188
Tick 53799: settings changed
Setting changed: construction.max_tunnel_length : 188 -> 189
Tick 53799: settings changed
Setting changed: construction.max_tunnel_length : 189 -> 190
Tick 53799: settings changed
Setting changed: construction.max_tunnel_length : 190 -> 191
Tick 53799: settings changed
Setting changed: construction.max_tunnel_length : 191 -> 192
Tick 53799: settings changed
Setting changed: construction.max_tunnel_length : 192 -> 193
Tick 53799: settings changed
Setting changed: construction.max_tunnel_length : 193 -> 194
Tick 53799: settings changed
Setting changed: construction.max_tunnel_length : 194 -> 195
Tick 53799: settings changed
Setting changed: construction.max_tunnel_length : 195 -> 196
Tick 53799: settings changed
Setting changed: construction.max_tunnel_length : 196 -> 197
Tick 53799: settings changed
Setting changed: construction.max_tunnel_length : 197 -> 198
Tick 53799: settings changed
Setting changed: construction.max_tunnel_length : 198 -> 199
Tick 53799: settings changed
Setting changed: construction.max_tunnel_length : 199 -> 200
Tick 53799: settings changed
Setting changed: construction.max_tunnel_length : 200 -> 201
Tick 53799: settings changed
Setting changed: construction.max_tunnel_length : 201 -> 202
Tick 53799: settings changed
Setting changed: construction.max_tunnel_length : 202 -> 203
Tick 53799: settings changed
Setting changed: construction.max_tunnel_length : 203 -> 204
Tick 53799: settings changed
Setting changed: construction.max_tunnel_length : 204 -> 205
Tick 53799: settings changed
Setting changed: construction.max_tunnel_length : 205 -> 206
Tick 53799: settings changed
Setting changed: construction.max_tunnel_length : 206 -> 207
Tick 53799: settings changed
Setting changed: construction.max_tunnel_length : 207 -> 208
Tick 53799: settings changed
Setting changed: construction.max_tunnel_length : 208 -> 209
Tick 53799: settings changed
Setting changed: construction.max_tunnel_length : 209 -> 210
Tick 53799: settings changed
Setting changed: construction.max_tunnel_length : 210 -> 211
Tick 53799: settings changed
Setting changed: construction.max_tunnel_length : 211 -> 212
Tick 53799: settings changed
Setting changed: construction.max_tunnel_length : 212 -> 213
Tick 53799: settings changed
Setting changed: construction.max_tunnel_length : 213 -> 214
Tick 53799: settings changed
Setting changed: construction.max_tunnel_length : 214 -> 215
Tick 53799: settings changed
Setting changed: construction.max_tunnel_length : 215 -> 216
Tick 53799: settings changed
Setting changed: construction.max_tunnel_length : 216 -> 217
Tick 53799: settings changed
Setting changed: construction.max_tunnel_length : 217 -> 218
Tick 53799: settings changed
Setting changed: construction.max_tunnel_length : 218 -> 219
Tick 53799: settings changed
Setting changed: construction.max_tunnel_length : 219 -> 220
Tick 53799: settings changed
Setting changed: construction.max_tunnel_length : 220 -> 221
Tick 53799: settings changed
Setting changed: construction.max_tunnel_length : 221 -> 222
Tick 53799: settings changed
Setting changed: construction.max_tunnel_length : 222 -> 223
Tick 53799: settings changed
Setting changed: construction.max_tunnel_length : 223 -> 224
Tick 53799: settings changed
Setting changed: construction.max_tunnel_length : 224 -> 225
Tick 53799: settings changed
Setting changed: construction.max_tunnel_length : 225 -> 226
Tick 53799: settings changed
Setting changed: construction.max_tunnel_length : 226 -> 227
Tick 53799: settings changed
Setting changed: construction.max_tunnel_length : 227 -> 228
Tick 53799: settings changed
Setting changed: construction.max_tunnel_length : 228 -> 229
Tick 53799: settings changed
Setting changed: construction.max_tunnel_length : 229 -> 230
Tick 53799: settings changed
Setting changed: construction.max_tunnel_length : 230 -> 231
Tick 53799: settings changed
Setting changed: construction.max_tunnel_length : 231 -> 232
Tick 53799: settings changed
Setting changed: construction.max_tunnel_length : 232 -> 233
Tick 53799: settings changed
Setting changed: construction.max_tunnel_length : 233 -> 234
Tick 53799: settings changed
Setting changed: construction.max_tunnel_length : 234 -> 235
Tick 53799: settings changed
Setting changed: construction.max_tunnel_length : 235 -> 236
Tick 53799: settings changed
Setting changed: construction.max_tunnel_length : 236 -> 237
Tick 53799: settings changed
Setting changed: construction.max_tunnel_length : 237 -> 238
Tick 53799: settings changed
Setting changed: construction.max_tunnel_length : 238 -> 239
Tick 53799: settings changed
Setting changed: construction.max_tunnel_length : 239 -> 240
Tick 53799: settings changed
Setting changed: construction.max_tunnel_length : 240 -> 241
Tick 53799: settings changed
Setting changed: construction.max_tunnel_length : 241 -> 242
Tick 53799: settings changed
Setting changed: construction.max_tunnel_length : 242 -> 243
Tick 53799: settings changed
Setting changed: construction.max_tunnel_length : 243 -> 244
Tick 53799: settings changed
Setting changed: construction.max_tunnel_length : 244 -> 245
Tick 53799: settings changed
Setting changed: construction.max_tunnel_length : 245 -> 246
Tick 53799: settings changed
Setting changed: construction.max_tunnel_length : 246 -> 247
Tick 53799: settings changed
Setting changed: construction.max_tunnel_length : 247 -> 248
Tick 53799: settings changed
Setting changed: construction.max_tunnel_length : 248 -> 249
Tick 53799: settings changed
Setting changed: construction.max_tunnel_length : 249 -> 250
Tick 53799: settings changed
Setting changed: construction.max_tunnel_length : 250 -> 251
Tick 53799: settings changed
Setting changed: construction.max_tunnel_length : 251 -> 252
Tick 53799: settings changed
Setting changed: construction.max_tunnel_length : 252 -> 253
Tick 53799: settings changed
Setting changed: construction.max_tunnel_length : 253 -> 254
Tick 53799: settings changed
Setting changed: construction.max_tunnel_length : 254 -> 255
Tick 53799: settings changed
Setting changed: construction.max_tunnel_length : 255 -> 256
Tick 53799: settings changed
Setting changed: construction.max_tunnel_length : 256 -> 257
Tick 53799: settings changed
Setting changed: construction.max_tunnel_length : 257 -> 258
Tick 53799: settings changed
Setting changed: construction.max_tunnel_length : 258 -> 259
Tick 53799: settings changed
Setting changed: construction.max_tunnel_length : 259 -> 260
Tick 53799: settings changed
Setting changed: construction.max_tunnel_length : 260 -> 261
Tick 53799: settings changed
Setting changed: construction.max_tunnel_length : 261 -> 262
Tick 53799: settings changed
Setting changed: construction.max_tunnel_length : 262 -> 263
Tick 53799: settings changed
Setting changed: construction.max_tunnel_length : 263 -> 264
Tick 53799: settings changed
Setting changed: construction.max_tunnel_length : 264 -> 265
Tick 53799: settings changed
Setting changed: construction.max_tunnel_length : 265 -> 266
Tick 53799: settings changed
Setting changed: construction.max_tunnel_length : 266 -> 267
Tick 53799: settings changed
Setting changed: construction.max_tunnel_length : 267 -> 268
Tick 53799: settings changed
Setting changed: construction.max_tunnel_length : 268 -> 269
Tick 53799: settings changed
Setting changed: construction.max_tunnel_length : 269 -> 270
Tick 53799: settings changed
Setting changed: construction.max_tunnel_length : 270 -> 271
Tick 53799: settings changed
Setting changed: construction.max_tunnel_length : 271 -> 272
Tick 53799: settings changed
Setting changed: construction.max_tunnel_length : 272 -> 273
Tick 53799: settings changed
Setting changed: construction.max_tunnel_length : 273 -> 274
Tick 53799: settings changed
Setting changed: construction.max_tunnel_length : 274 -> 275
Tick 53799: settings changed
Setting changed: construction.max_tunnel_length : 275 -> 276
Tick 53799: settings changed
Setting changed: construction.max_tunnel_length : 276 -> 277
Tick 53799: settings changed
Setting changed: construction.max_tunnel_length : 277 -> 278
Tick 53799: settings changed
Setting changed: construction.max_tunnel_length : 278 -> 279
Tick 53799: settings changed
Setting changed: construction.max_tunnel_length : 279 -> 280
Tick 53799: settings changed
Setting changed: construction.max_tunnel_length : 280 -> 281
Tick 53799: settings changed
Setting changed: construction.max_tunnel_length : 281 -> 282
Tick 53799: settings changed
Setting changed: construction.max_tunnel_length : 282 -> 283
Tick 53799: settings changed
Setting changed: construction.max_tunnel_length : 283 -> 284
Tick 53799: settings changed
Setting changed: construction.max_tunnel_length : 284 -> 285
Tick 53799: settings changed
Setting changed: construction.max_tunnel_length : 285 -> 286
Tick 53799: settings changed
Setting changed: construction.max_tunnel_length : 286 -> 287
Tick 53799: settings changed
Setting changed: construction.max_tunnel_length : 287 -> 288
Tick 53799: settings changed
Setting changed: construction.max_tunnel_length : 288 -> 289
Tick 53799: settings changed
Setting changed: construction.max_tunnel_length : 289 -> 290
Tick 53799: settings changed
Setting changed: construction.max_tunnel_length : 290 -> 291
Tick 53799: settings changed
Setting changed: construction.max_tunnel_length : 291 -> 292
Tick 53799: settings changed
Setting changed: construction.max_tunnel_length : 292 -> 293
Tick 53799: settings changed
Setting changed: construction.max_tunnel_length : 293 -> 294
Tick 53799: settings changed
Setting changed: construction.max_tunnel_length : 294 -> 295
Tick 53799: settings changed
Setting changed: construction.max_tunnel_length : 295 -> 296
Tick 53799: settings changed
Setting changed: construction.max_tunnel_length : 296 -> 297
Tick 53799: settings changed
Setting changed: construction.max_tunnel_length : 297 -> 298
Tick 53799: settings changed
Setting changed: construction.max_tunnel_length : 298 -> 299
Tick 53799: settings changed
Setting changed: construction.max_tunnel_length : 299 -> 300
Tick 54222: settings changed
Setting changed: economy.allow_town_roads : 0 -> 1
Tick 54222: settings changed
Setting changed: economy.allow_town_roads : 1 -> 0
Tick 63051: game loaded
Revision text changed to 1.3.0-beta1, savegame version 179, not modified, _openttd_newgrf_version = 0x13006113
Tick 15210: game loaded
Revision text changed to 1.3.0-RC3, savegame version 180, not modified, _openttd_newgrf_version = 0x13006212
Tick 32898: game loaded
Revision text changed to 1.3.0, savegame version 180, not modified, _openttd_newgrf_version = 0x1308622f
Tick 54186: settings changed
Setting changed: vehicle.plane_speed : 4 -> 3
Tick 54186: settings changed
Setting changed: vehicle.plane_speed : 3 -> 2
Tick 54186: settings changed
Setting changed: vehicle.plane_speed : 2 -> 1
Tick 54232: settings changed
Setting changed: vehicle.plane_speed : 1 -> 2
Tick 54232: settings changed
Setting changed: vehicle.plane_speed : 2 -> 3
Tick 54427: settings changed
Setting changed: vehicle.plane_speed : 3 -> 2
Tick 54454: settings changed
Setting changed: vehicle.plane_speed : 2 -> 1
Tick 54474: settings changed
Setting changed: vehicle.plane_speed : 1 -> 2
Tick 25551: game loaded
Revision text changed to r25306, savegame version 182, not modified, _openttd_newgrf_version = 0x140062da
Tick 25900: game loaded
Revision text changed to 1.4.0-beta4, savegame version 188, not modified, _openttd_newgrf_version = 0x140066bd
Tick 38204: settings changed
Setting changed: station.never_expire_airports : 0 -> 1
Tick 38204: settings changed
Setting changed: station.never_expire_airports : 1 -> 0
Tick 38204: settings changed
Setting changed: vehicle.never_expire_vehicles : 0 -> 1
Tick 38204: settings changed
Setting changed: station.never_expire_airports : 0 -> 1
Tick 49032: settings changed
Setting changed: order.improved_load : 1 -> 0
Tick 49623: settings changed
Setting changed: order.improved_load : 0 -> 1
Tick 49982: settings changed
Setting changed: order.gradual_loading : 1 -> 0
Tick 51805: game loaded
Revision text changed to 1.4.1, savegame version 188, not modified, _openttd_newgrf_version = 0x14186803
Tick 36602: game loaded
Revision text changed to 1.4.2-RC1, savegame version 188, not modified, _openttd_newgrf_version = 0x14206832
Tick 25996: settings changed
Setting changed: economy.allow_town_roads : 0 -> 1
Tick 44088: game loaded
Revision text changed to 1.4.2-RC2, savegame version 188, not modified, _openttd_newgrf_version = 0x1420685f
Tick 56889: game loaded
Revision text changed to 1.5.0-beta1, savegame version 194, not modified, _openttd_newgrf_version = 0x150069d8
---- gamelog end ----

*** End of OpenTTD Crash Report ***

Decoded stack trace:
[00] openttd              0x000000013FC36B76
[01] openttd              0x000000013FC3078C
[02] openttd              0x000000013FC4180F
[03] openttd              0x000000013FC4254D
[04] openttd              0x000000013FAB413B
[05] openttd              0x000000013FAB4657
[06] openttd              0x000000013FAB5D9A
[07] openttd              0x000000013FD50099
[08] openttd              0x000000013FAB3B1A
[09] openttd              0x000000013FD52751
[10] openttd              0x000000013FE3E8B4
[11] kernel32             0x0000000076D459ED BaseThreadInitThunk + 13
[12] ntdll                0x0000000076E7C541 RtlUserThreadStart + 33

*** End of additional info ***
