*** OpenTTD Crash Report ***

Crash at: Sat Jan 16 13:42:59 2010
In game date: 2191-11-20 (49)

Crash reason:
 Signal:  Aborted (6)
 Message: Assertion failed at line 943 of /home/terkhen/openttd/trunk/src/newgrf_engine.cpp: !(e->u.air.subtype & AIR_CTOL)

OpenTTD version:
 Version:    r18821 (0)
 NewGRF ver: 10004985
 Bits:       32
 Endian:     little
 Dedicated:  no
 Build date: Jan 16 2010 14:41:51

Stacktrace:
 [00] ./bin/openttd(_ZNK12CrashLogUnix13LogStacktraceEPcPKc+0x43) [0x825d3b3]
 [01] ./bin/openttd(_ZNK8CrashLog12FillCrashLogEPcPKc+0x102) [0x81a01b2]
 [02] ./bin/openttd(_ZNK8CrashLog12MakeCrashLogEv+0x9c) [0x81a02cc]
 [03] ./bin/openttd [0x825d30b]
 [04] ./bin/openttd [0x82b6d6a]
 [05] [0xb7f14400]
 [06] [0xb7f14424]
 [07] /lib/i686/cmov/libc.so.6(gsignal+0x50) [0xb7b24640]
 [08] /lib/i686/cmov/libc.so.6(abort+0x188) [0xb7b26018]
 [09] ./bin/openttd [0x824e2be]

Operating system:
 Name:    Linux
 Release: 2.6.26-2-686
 Version: #1 SMP Wed Nov 4 20:45:37 UTC 2009
 Machine: i686

Configuration:
 Blitter:      8bpp-optimized
 Graphics set: OpenGFX
 Language:     english_US.lng
 Music driver: extmidi
 Music set:    NoMusic
 Network:      no
 Sound driver: sdl
 Sound set:    OpenSFX
 Video driver: sdl

AI Configuration (local: 0):
  0: Human

Libraries:
 FreeType:   2.3.7
 LZO:        2.03
 PNG:        1.2.27
 SDL:        1.2.12
 Zlib:       1.2.3.3

---- gamelog start ----
Tick 0: new game started
     Revision text changed to r18279, savegame version 127, not modified, _openttd_newgrf_version = 0x08004767
     New game mode: 1 landscape: 0
     Added NewGRF: GRF ID 52455400, checksum 1600687C50C5AB1E72EDD487CAD50E2A
     Added NewGRF: GRF ID 52455200, checksum 0E5A9C5ACD2BCAF7FA0658C3F905A660
     Added NewGRF: GRF ID 52455300, checksum 37C0B839B13C4B18051580C81EEDF427
     Added NewGRF: GRF ID 45520102, checksum 1406B06F6475037445A944963CA6D5CE
     Added NewGRF: GRF ID 45520400, checksum 1D00426064137AA49B6FC4F4BCFF173F
     Added NewGRF: GRF ID 504E0002, checksum 6E6944E09CE6C3AC130DF72C542EE4B1
     Added NewGRF: GRF ID 43415463, checksum 422B1603DC1CEDA4E59E715E12EAD332
     Added NewGRF: GRF ID 58534453, checksum 2E100BCA91DB8371CD9D57DBEC3AB0C8
     Added NewGRF: GRF ID 4A430002, checksum 0728ADCB4DF2F1EB9247ABD449296F4E
     Added NewGRF: GRF ID 45520500, checksum 7E30CA79D5A8B3A6CBE873E26096D7D2
     Added NewGRF: GRF ID 6D620601, checksum 44EB2F155862E4D4F0AB671D7021AF54
     Added NewGRF: GRF ID 54570200, checksum 3DEB9B30A6254AE8606A5A9A99A9A696
     Added NewGRF: GRF ID 6D620401, checksum C5ACB6D5536A464FD78871D91840A35F
     Added NewGRF: GRF ID 535A0501, checksum 44B7893026BB8599A79DFAB05C3149AB
     Added NewGRF: GRF ID 56430001, checksum AF3E0A1E6EF0B98DB966594578D1775B
     Added NewGRF: GRF ID 4D656F17, checksum 29C4591139251FA114B328F7B76098AD
     Added NewGRF: GRF ID 45530400, checksum 1D13F6976C0C032F3FB8F76B84B6EBA8
     Added NewGRF: GRF ID 44440A01, checksum D48D7AD02CA355B92FAE081DC4A36868
     Added NewGRF: GRF ID 6D620004, checksum 70649F1AFC954942173B0AA89C1E8B14
Tick 2917: settings changed
     Setting changed: vehicle.wagon_speed_limits : 1 -> 0
Tick 4171: game loaded
     Revision text changed to r18400, savegame version 129, modified, _openttd_newgrf_version = 0x080047e0
Tick 54337: game loaded
     Revision text changed to r18461, savegame version 130, modified, _openttd_newgrf_version = 0x0800481d
Tick 1035: game loaded
     Revision text changed to r18529, savegame version 132, modified, _openttd_newgrf_version = 0x08004861
Tick 4322: game loaded
     Revision text changed to r18545, savegame version 132, modified, _openttd_newgrf_version = 0x08004871
Tick 51026: game loaded
     Revision text changed to r18577, savegame version 132, modified, _openttd_newgrf_version = 0x08004891
Tick 32296: game loaded
     Revision text changed to r18739, savegame version 135, not modified, _openttd_newgrf_version = 0x10004933
     Compatible NewGRF loaded: GRF ID 45530400, checksum 0CB1191FF67BA594F64B2934CFAEDF58
     Compatible NewGRF loaded: GRF ID 44440A01, checksum A7EA6FB6732157AEE44627A64EBCDAE6
Tick 33381: game loaded
     Revision text changed to r18821, savegame version 136, not modified, _openttd_newgrf_version = 0x10004985
     Removed NewGRF: 52455400
     Removed NewGRF: 52455200
     Removed NewGRF: 52455300
     Removed NewGRF: 45520102
     Removed NewGRF: 45520400
     Removed NewGRF: 504E0002
     Removed NewGRF: 43415463
     Removed NewGRF: 58534453
     Removed NewGRF: 4A430002
     Removed NewGRF: 45520500
     Removed NewGRF: 6D620601
     Removed NewGRF: 54570200
     Removed NewGRF: 6D620401
     Removed NewGRF: 535A0501
     Removed NewGRF: 56430001
     Removed NewGRF: 4D656F17
     Removed NewGRF: 45530400
     Removed NewGRF: 44440A01
     Removed NewGRF: 6D620004
---- gamelog end ----

*** End of OpenTTD Crash Report ***
