*** OpenTTD Crash Report ***
Date: 2008-06-02 08:03:40
Build: 0.6.1-RC2 built on May 21 2008 00:16:12
Reason: Assertion failed at ..\src\openttd.cpp:113: 0
Exception C0000005 at 004246D2
Registers:
 EAX: 00F7CB58 EBX: 00000001 ECX: 0012F544 EDX: 00F7CB86
 ESI: 00000200 EDI: 00594170 EBP: 0012F964 ESP: 0012F758
 EIP: 004246D2 EFLAGS: 00010206

Bytes at CS:EIP:
 C6 05 00 00 00 00 00 E8 08 DC 0E 00 CC 55 8B EC 81 EC 00 04 00 00 56 8D

Stack trace: 
 00000001 202BF560 00544DE0 2074754F 6D20666F 726F6D65 43202E79 6F6E6E61
 6C612074 61636F6C 32206574 33393533 62203430 73657479 202BF500 0012F784
 FFFFFFFF 0012F9C8 7FFDE000 7C910738 7FFDE000 7C910732 00C20178 7C9106EB
 00C20178 021B0000 7C9105D4 00668040 00000000 0012F8F3 00C20178 021C0000
 021B0000 00C20050 021B0000 022D0000 73206F7A 12AE0000 6E206920 63797461
 021B0000 77207473 67616D79 12AE0000 202BF540 00120079 202BFD70 0012F848
 00C20000 7C910732 00000004 00C20748 202BF558 0ED59038 202C3D70 00000000
 0012FA64 7C90EE18 7C910738 FFFFFFFF 202BF960 7C9106AB 00000008 00000014
 0012F88C 00C20000 7C910732 00000003 00000008 00C20000 00C20178 0012F864
 0012FB70 00C20178 7C90EE18 202C3D78 00C20178 7C910732 7C9106AB 00C20178
 0000000C 202BF968 7C9105D4 00000059 00000000 00C20178 000C4338 00000000
 00000000 00000000 004348C2 00000001 00000652 0000000A 00000000 005E4DD8
 0012F9EC 00000000 00000ED4 00C20178 0012FA2F 00048002 004139E3 005E4DD8
 C000012D 00C20178 0012F9E4 00435CBD 202BFD70 06C7DAD4 00000000 00000000
 00000000 00000000 00000000 00000000 00000082 00240028 00010000 00C20000
 0012F730 00240008 00516599 00000006 00240008 0051672C 000005AF 0000000C
 00000000 00512B78 0050F4C4 0012FA80 00401929 0057A434 00240008 004CE15F
 00240008 00082F07 000000FF 0012F9F8 0012F99C 00000000 0012FA94 00526222
 00000000 0012F9D8 004CCD90 00000009 00082F07 000000FF 0AF94E7C 0003E4F9
 01FDB82C 0012FAA4 00416FA6 00000002 000000FF 000000FF 004CC5D1 00000001
 0012FAA4 004CC606 00082F07 00000009 01FDB82C 00000009 00084EFF 00082F07
 202BF560 202BF968 00000000 202BFD70 00000000 00000000 00032000 022D0020
 00000000 00000000 00000000 005E4658 00002710 01FDB82C 00000000 00000000
 00000000 00000000 00000000 00000000 00000000 00000000 00000000 00000000

Module information:
 C:\temp\OpenTTD\openttd.exe handle: 00400000 size: 1814528 crc: 61FF8BD0 date: 2008-05-20 22:20:40
 C:\WINDOWS\system32\ntdll.dll handle: 7C900000 size: 708096 crc: A5A50370 date: 2004-08-04 12:00:00
 C:\WINDOWS\system32\kernel32.dll handle: 7C800000 size: 984576 crc: 2CCFBF2B date: 2007-04-16 15:52:53
 C:\WINDOWS\system32\WINMM.dll handle: 76B40000 size: 176128 crc: 123646FA date: 2004-08-04 12:00:00
 C:\WINDOWS\system32\USER32.dll handle: 7E410000 size: 577536 crc: DF3237C6 date: 2007-03-08 15:36:28
 C:\WINDOWS\system32\GDI32.dll handle: 77F10000 size: 282112 crc: F0029774 date: 2007-06-19 13:31:19
 C:\WINDOWS\system32\ADVAPI32.dll handle: 77DD0000 size: 616960 crc: 5E7A2F0A date: 2004-08-04 12:00:00
 C:\WINDOWS\system32\RPCRT4.dll handle: 77E70000 size: 584192 crc: B1CE66F6 date: 2007-07-09 13:09:42
 C:\WINDOWS\system32\Secur32.dll handle: 77FE0000 size: 55808 crc: 5A32C057 date: 2004-08-04 12:00:00
 C:\WINDOWS\system32\WS2_32.dll handle: 71AB0000 size: 82944 crc: 9738CC56 date: 2004-08-04 12:00:00
 C:\WINDOWS\system32\msvcrt.dll handle: 77C10000 size: 343040 crc: 5298C0C5 date: 2004-08-04 12:00:00
 C:\WINDOWS\system32\WS2HELP.dll handle: 71AA0000 size: 19968 crc: F5DD5AB6 date: 2004-08-04 12:00:00
 C:\WINDOWS\system32\IMM32.DLL handle: 76390000 size: 110080 crc: FD65A0DD date: 2004-08-04 12:00:00
 C:\WINDOWS\system32\SHFolder.dll handle: 76780000 size: 25088 crc: 2EC7582B date: 2004-08-04 12:00:00
 C:\WINDOWS\system32\SHLWAPI.dll handle: 77F60000 size: 474112 crc: 4E548D67 date: 2007-12-07 01:07:13
 C:\WINDOWS\WinSxS\x86_Microsoft.Windows.Common-Controls_6595b64144ccf1df_6.0.2600.2982_x-ww_ac3f9c03\comctl32.dll handle: 773D0000 size: 1054208 crc: 58D6578C date: 2006-08-25 15:45:55
 C:\WINDOWS\system32\comctl32.dll handle: 5D090000 size: 617472 crc: 232F6674 date: 2006-08-25 15:45:58
 C:\WINDOWS\system32\uxtheme.dll handle: 5AD70000 size: 218624 crc: 5AA98F22 date: 2004-08-04 12:00:00
 C:\WINDOWS\system32\MSCTF.dll handle: 74720000 size: 294400 crc: BBD2E653 date: 2004-08-04 12:00:00
 C:\WINDOWS\system32\msctfime.ime handle: 755C0000 size: 177152 crc: 6A712F98 date: 2004-08-04 12:00:00
 C:\WINDOWS\system32\ole32.dll handle: 774E0000 size: 1285120 crc: AD325A7F date: 2005-07-26 04:39:48
 C:\WINDOWS\system32\WINTRUST.dll handle: 76C30000 size: 176640 crc: 88D208BD date: 2004-08-04 12:00:00
 C:\WINDOWS\system32\CRYPT32.dll handle: 77A80000 size: 597504 crc: 971ECFAA date: 2004-08-04 12:00:00
 C:\WINDOWS\system32\MSASN1.dll handle: 77B20000 size: 57344 crc: D5127637 date: 2004-08-04 12:00:00
 C:\WINDOWS\system32\IMAGEHLP.dll handle: 76C90000 size: 144384 crc: 714A70BC date: 2004-08-04 12:00:00
 C:\WINDOWS\system32\wdmaud.drv handle: 72D20000 size: 23552 crc: 982E84EE date: 2004-08-03 23:56:58
 C:\WINDOWS\system32\msacm32.drv handle: 72D10000 size: 20480 crc: D5406BAE date: 2004-08-04 12:00:00
 C:\WINDOWS\system32\MSACM32.dll handle: 77BE0000 size: 71680 crc: 6A21891E date: 2004-08-04 12:00:00
 C:\WINDOWS\system32\midimap.dll handle: 77BD0000 size: 18944 crc: 502B5282 date: 2004-08-04 12:00:00
 C:\WINDOWS\system32\CLBCATQ.DLL handle: 76FD0000 size: 498688 crc: 9DED030F date: 2005-07-26 04:39:43
 C:\WINDOWS\system32\COMRes.dll handle: 77050000 size: 792064 crc: 5A12B4A2 date: 2004-08-04 12:00:00
 C:\WINDOWS\system32\OLEAUT32.dll handle: 77120000 size: 550912 crc: 18657280 date: 2007-12-04 18:38:13
 C:\WINDOWS\system32\VERSION.dll handle: 77C00000 size: 18944 crc: CFE439BB date: 2004-08-04 12:00:00
 C:\WINDOWS\system32\dmime.dll handle: 5C570000 size: 181248 crc: F18E50F8 date: 2004-08-04 12:00:00
 C:\WINDOWS\system32\DSOUND.dll handle: 73F10000 size: 367616 crc: F0EFB582 date: 2004-08-04 12:00:00
 C:\WINDOWS\system32\dmusic.dll handle: 6C980000 size: 104448 crc: 0C1C73CE date: 2004-08-04 12:00:00
 C:\WINDOWS\system32\KsUser.dll handle: 73EE0000 size: 4096 crc: 519CF22C date: 2004-08-03 23:56:44
 C:\WINDOWS\system32\dmsynth.dll handle: 6C9A0000 size: 103424 crc: ECEFF055 date: 2004-08-04 12:00:00
 C:\WINDOWS\system32\dmloader.dll handle: 6CA10000 size: 35840 crc: CCCBFD58 date: 2004-08-04 12:00:00
 C:\WINDOWS\system32\mswsock.dll handle: 71A50000 size: 245248 crc: E2309390 date: 2004-08-04 12:00:00
 C:\WINDOWS\system32\hnetcfg.dll handle: 662B0000 size: 344064 crc: 6CF15ACF date: 2004-08-04 12:00:00
 C:\WINDOWS\System32\wshtcpip.dll handle: 71A90000 size: 19968 crc: B88CC0E5 date: 2004-08-04 12:00:00
 C:\WINDOWS\system32\psapi.dll handle: 76BF0000 size: 23040 crc: 97A44A88 date: 2004-08-04 12:00:00

System information:
 Windows version 5.1 2600 S
