*** OpenTTD Crash Report ***
Date: 2009-01-09 22:48:44
Build: r14937-noai built on Jan  9 2009 17:22:52
Language: english.lng
Exception C0000005 at 004BAE10
Registers:
 EAX: 0012F9B4 EBX: FFFCFFFE ECX: 00000001 EDX: 023A5060
 ESI: 00009D74 EDI: 023846D8 EBP: 0012F9BC ESP: 0012F9A4
 EIP: 004BAE10 EFLAGS: 00010202

Bytes at CS:EIP:
 8B 4E 04 89 56 04 8B 00 BA 00 00 00 08 57 8B 3E 89 06 85 C2 74 06 8B 46

Stack trace: 
 004CCA18 00BF4A60 004BC373 0012F9B4 0A008000 023A5060 0012F9DC 00433F05
 00BF4A60 0A008000 023A5060 023846D8 0062D4B0 00C0CF18 0012FA08 004E4F0E
 0062D4B0 0A008000 023A5060 0064D870 005D6638 00000000 006669FC 00C09681
 004CD0CA 0012FA24 004CCE3D 0061C34D 00C09681 00000001 00000000 00C09681
 006669FC 004CCF60 00000001 4149504C 005D8C78 0012FA58 004CD073 004B7E6B
 005D8C78 004CD0A7 004CCF03 0012FA54 00000001 0012FB28 004B8007 005D9CA4
 00000000 00001195 004B8054 0012FB48 00656900 00000000 004B8D15 0012FB48
 00000104 00000000 7FFDE000 00000000 058A0747 00000000 00000000 77D4ED1A
 30000000 00000000 0012FAD0 6B3328C4 0012FAF8 0058319E 0012FAD8 00619914
 00000000 0012FB34 0012FB48 00000104 00000000 0012FB55 000000F6 0012FB48
 00000042 77D4B3B4 0094FFC0 00000084 00000000 0012FB14 005831DE 0012FB48
 00000104 00619914 00000000 0012FB34 0012FC54 0012FA80 0012FFB0 0059BC31
 00000000 0012FC54 00427DDE 00000001 00000002 1002CE4F 1002CE4F 00000000
 0051DED9 6F747561 65766173 61732E30 00000076 000003DE 0000039A 00000202
 0012FB90 77D48709 004A0F54 00000113 00000001 1002CE4F 0051DED9 DCBAABCD
 00000000 0012FBCC 0051DED9 0012FBF8 77D48BB1 7FFDE000 0012FBF8 77D4969A
 0012FBB8 77D49669 00000000 0012FC90 00000000 00000014 00000001 00000000
 00000000 00000010 00000000 00000001 00000001 00000000 004A0F54 0012FBAC
 00000001 0012FC40 77D70494 77D49670 FFFFFFFF 77D49669 77D4958F 00000000
 0051DED9 004A0F54 00000113 00000001 77D489C2 1002CE4F 77D49278 00000000
 004A0F54 1002CE4F 0012FC90 00000000 00000000 0012FC18 00000001 00000064
 1002CE4F 77D49278 77D4D105 77D4D0E5 0012FC64 00427E4C 00000000 0012FC4C
 00000000 0051EDF9 0067BBD0 0060C74C 0012FD14 00000000 0012FC68 1002CE4F
 1002CE6D 00000000 00000000 004A0F54 00000113 00000001 0051DED9 1002CE4F

Module information:
 F:\GAMES\OpenTTD-NoAI\openttd.exe handle: 00400000 size: 2521600 crc: F1D7380C date: 2009-01-09 14:26:50
 C:\WINDOWS\system32\ntdll.dll handle: 7C900000 size: 708096 crc: A5A50370 date: 2004-08-03 20:56:38
 C:\WINDOWS\system32\kernel32.dll handle: 7C800000 size: 983552 crc: 63EDEAA9 date: 2004-08-03 20:56:44
 C:\WINDOWS\system32\WINMM.dll handle: 76B40000 size: 176128 crc: 123646FA date: 2004-08-03 20:56:48
 C:\WINDOWS\system32\USER32.dll handle: 77D40000 size: 577024 crc: 23C4ACD0 date: 2004-08-03 20:56:48
 C:\WINDOWS\system32\GDI32.dll handle: 77F10000 size: 278016 crc: 38A80671 date: 2004-08-03 20:56:44
 C:\WINDOWS\system32\ADVAPI32.dll handle: 77DD0000 size: 616960 crc: 5E7A2F0A date: 2004-08-03 20:56:42
 C:\WINDOWS\system32\RPCRT4.dll handle: 77E70000 size: 581120 crc: 3AE05623 date: 2004-08-03 20:56:46
 C:\WINDOWS\system32\WS2_32.dll handle: 71AB0000 size: 82944 crc: 9738CC56 date: 2004-08-03 20:56:48
 C:\WINDOWS\system32\msvcrt.dll handle: 77C10000 size: 343040 crc: 5298C0C5 date: 2004-08-03 20:56:44
 C:\WINDOWS\system32\WS2HELP.dll handle: 71AA0000 size: 19968 crc: F5DD5AB6 date: 2004-08-03 20:56:48
 C:\WINDOWS\system32\SHFolder.dll handle: 76780000 size: 25088 crc: 2EC7582B date: 2004-08-03 20:56:46
 C:\WINDOWS\system32\SHLWAPI.dll handle: 77F60000 size: 473600 crc: 2D4FD44F date: 2004-08-03 20:56:46
 C:\WINDOWS\WinSxS\x86_Microsoft.Windows.Common-Controls_6595b64144ccf1df_6.0.2600.2180_x-ww_a84f1ff9\comctl32.dll handle: 773D0000 size: 1050624 crc: 893FE926 date: 2004-08-03 20:57:02
 C:\WINDOWS\system32\comctl32.dll handle: 5D090000 size: 611328 crc: DD782FC8 date: 2004-08-03 20:56:42
 C:\WINDOWS\system32\WINTRUST.dll handle: 76C30000 size: 176640 crc: 88D208BD date: 2004-08-03 20:56:48
 C:\WINDOWS\system32\CRYPT32.dll handle: 77A80000 size: 597504 crc: 971ECFAA date: 2004-08-03 20:56:42
 C:\WINDOWS\system32\MSASN1.dll handle: 77B20000 size: 57344 crc: D5127637 date: 2004-08-03 20:56:44
 C:\WINDOWS\system32\IMAGEHLP.dll handle: 76C90000 size: 144384 crc: 714A70BC date: 2004-08-03 20:56:44
 C:\WINDOWS\system32\wdmaud.drv handle: 72D20000 size: 23552 crc: 982E84EE date: 2004-08-03 21:56:58
 C:\WINDOWS\system32\msacm32.drv handle: 72D10000 size: 20480 crc: D5406BAE date: 2001-08-23 11:00:00
 C:\WINDOWS\system32\MSACM32.dll handle: 77BE0000 size: 71680 crc: 6A21891E date: 2004-08-03 20:56:44
 C:\WINDOWS\system32\midimap.dll handle: 77BD0000 size: 18944 crc: 502B5282 date: 2004-08-03 20:56:44
 C:\WINDOWS\system32\ole32.dll handle: 774E0000 size: 1281536 crc: 8A7E66C7 date: 2004-08-03 20:56:46
 C:\WINDOWS\system32\uxtheme.dll handle: 5AD70000 size: 218624 crc: 5AA98F22 date: 2004-08-03 20:56:48
 C:\WINDOWS\system32\MSCTF.dll handle: 74720000 size: 294400 crc: BBD2E653 date: 2004-08-03 20:56:44
 C:\WINDOWS\system32\nview.dll handle: 10000000 size: 1474560 crc: D5FF5C39 date: 2007-06-28 16:43:00
 C:\WINDOWS\system32\SHELL32.dll handle: 7C9C0000 size: 8384000 crc: 51CDDF32 date: 2004-08-03 20:56:46
 C:\WINDOWS\system32\PSAPI.DLL handle: 76BF0000 size: 23040 crc: 97A44A88 date: 2004-08-03 20:56:46
 C:\WINDOWS\system32\OLEAUT32.dll handle: 77120000 size: 553472 crc: 78035CFF date: 2004-08-03 20:56:46
 C:\WINDOWS\system32\VERSION.dll handle: 77C00000 size: 18944 crc: CFE439BB date: 2004-08-03 20:56:48
 C:\WINDOWS\system32\NTMARTA.DLL handle: 77690000 size: 118784 crc: 4E8FC2EA date: 2004-08-03 20:56:46
 C:\WINDOWS\system32\WLDAP32.dll handle: 76F60000 size: 172032 crc: 5FAE75A9 date: 2004-08-03 20:56:48
 C:\WINDOWS\system32\SAMLIB.dll handle: 71BF0000 size: 64000 crc: C20BD045 date: 2004-08-03 20:56:46
 C:\WINDOWS\system32\CLBCATQ.DLL handle: 76FD0000 size: 501248 crc: 258B91EE date: 2004-08-03 20:56:42
 C:\WINDOWS\system32\COMRes.dll handle: 77050000 size: 792064 crc: 5A12B4A2 date: 2004-08-03 20:56:42
 C:\WINDOWS\system32\dmime.dll handle: 5C570000 size: 181248 crc: F18E50F8 date: 2004-08-03 20:56:44
 C:\WINDOWS\system32\DSOUND.dll handle: 73F10000 size: 367616 crc: F0EFB582 date: 2004-08-03 20:56:44
 C:\WINDOWS\system32\dmusic.dll handle: 6C980000 size: 104448 crc: 0C1C73CE date: 2004-08-03 20:56:44
 C:\WINDOWS\system32\KsUser.dll handle: 73EE0000 size: 4096 crc: 519CF22C date: 2004-08-03 21:56:44
 C:\WINDOWS\system32\dmsynth.dll handle: 6C9A0000 size: 103424 crc: ECEFF055 date: 2004-08-03 20:56:44
 C:\WINDOWS\system32\dmloader.dll handle: 6CA10000 size: 35840 crc: CCCBFD58 date: 2004-08-03 20:56:44
 C:\Program Files\Punto Switcher\pshook.dll handle: 08000000 size: 21800 crc: 9EEF5538 date: 2008-10-16 12:18:56
 C:\Program Files\DrWeb\drwebsp.dll handle: 013B0000 size: 128240 crc: 6730A5FF date: 2008-12-09 13:19:10
 C:\WINDOWS\system32\secur32.dll handle: 77FE0000 size: 55808 crc: 5A32C057 date: 2004-08-03 20:56:46
 C:\WINDOWS\system32\msv1_0.dll handle: 77C70000 size: 129536 crc: 90FF2230 date: 2004-08-03 20:56:44
 C:\WINDOWS\system32\iphlpapi.dll handle: 76D60000 size: 94720 crc: A1D69AE7 date: 2004-08-03 20:56:44
 C:\WINDOWS\system32\mswsock.dll handle: 71A50000 size: 245248 crc: E2309390 date: 2004-08-03 20:56:46
 C:\WINDOWS\system32\hnetcfg.dll handle: 662B0000 size: 344064 crc: 6CF15ACF date: 2004-08-03 20:56:44
 C:\WINDOWS\System32\wshtcpip.dll handle: 71A90000 size: 19968 crc: B88CC0E5 date: 2004-08-03 20:56:48
 C:\Program Files\ABBYY Lingvo 12\LvHook.dll handle: 3AA00000 size: 258048 crc: D9B65660 date: 2006-12-13 21:08:20
 C:\WINDOWS\system32\nvwddi.dll handle: 02570000 size: 81920 crc: C28771DC date: 2007-06-28 16:43:00

System information:
 Windows version 5.1 2600 Service Pack 2

---- gamelog start ----
Tick 0: new game started
     Revision text changed to r14937-noai, savegame version 106, not modified, _openttd_newgrf_version = 0x07003a59
     New game mode: 1 landscape: 0
     Added NewGRF: GRF ID 4D656F91, checksum E7BEC9249B679B421B5FC537CF66994F, filename: ECS(George)\ECSTownw.grf
     Added NewGRF: GRF ID 4D656F92, checksum CDFBF0208C7EF33712598402EFC5B911, filename: ECS(George)\ECSBasicw.grf
     Added NewGRF: GRF ID 4D656F9C, checksum 2010BA2DA6DD7AA4E3528D2481A1C632, filename: ECS(George)\ECSChem2w.grf
     Added NewGRF: GRF ID 4D656F94, checksum EC825D3D1F935CFEB22F214DDBCCD475, filename: ECS(George)\ECSMachw.grf
     Added NewGRF: GRF ID 4D656F95, checksum 4B1AD33CD49CBD86FEA1809BAD7E958B, filename: ECS(George)\ECSWoodw.grf
     Added NewGRF: GRF ID 4D656F96, checksum 4F1360F19D3A4077878112BD8067381F, filename: ECS(George)\ECSConstw.grf
     Added NewGRF: GRF ID 4D656F97, checksum 32CCF219881852DAB06D0DA746391DA4, filename: ECS(George)\ECSAgriw.grf
     Added NewGRF: GRF ID 4D656F9D, checksum 26D8AE4D698DF55BD3C994760470EA68, filename: ECS(George)\ECSHousew.grf
     Added NewGRF: GRF ID 6D620601, checksum 44EB2F155862E4D4F0AB671D7021AF54, filename: MB\newstatsw.grf
     Added NewGRF: GRF ID 4A430002, checksum 0728ADCB4DF2F1EB9247ABD449296F4E, filename: indstatrw.grf
     Added NewGRF: GRF ID 6D620004, checksum 70649F1AFC954942173B0AA89C1E8B14, filename: MB\newshipsw.grf
     Added NewGRF: GRF ID 6D620005, checksum E4C18D726BADD37045283D24E56505FD, filename: MB\nshp_ecs.grf
     Added NewGRF: GRF ID 6D620401, checksum C5ACB6D5536A464FD78871D91840A35F, filename: MB\dbsetxlw.grf
     Added NewGRF: GRF ID 6D620402, checksum 66ADF9AC90D97C59ED783FEC7E9706F9, filename: MB\dbxl_ecs.grf
     Added NewGRF: GRF ID 4D656F17, checksum 8A4F8A04256C90BECF818D134C91C816, filename: ECS(George)\4LVw.grf
     Added NewGRF: GRF ID 4A530101, checksum 30C383628E25247266049E00ABBA5B81, filename: PlaneSetw.grf
     Added NewGRF: GRF ID 56430001, checksum 22132A3BB45B0F69D81B1A6BC4DE2DE8, filename: ttrs302a-cut2-w.grf
---- gamelog end ----
