*** OpenTTD Crash Report ***

Crash at: Sun Feb 05 20:29:30 2012
In game date: 2051-12-26 (6)

Crash reason:
 Exception: E1212012
 Location:  0000000077D67DED
 Message:   Assertion failed at line 201 of c:\bamboo-agent-home\xml-data\build-dir\ottd-rls-w64bit\src\road_map.h: IsTileType(t, MP_ROAD) || IsTileType(t, MP_STATION) || IsTileType(t, MP_TUNNELBRIDGE)

OpenTTD version:
 Version:    1.2.0-beta1 (0)
 NewGRF ver: 12005c73
 Bits:       64
 Endian:     little
 Dedicated:  no
 Build date: Dec 24 2011 09:15:13

Registers:
 RAX: 000000000012E8F8 RBX: 0000000000000016 RCX: 000000000012E420 RDX: 0000000000000000
 RSI: 0000000000000000 RDI: 0000000000000008 RBP: 000000000012ED09 RSP: 000000000012E900
 R8:  0000000000000000 R9:  0000000000000000 R10: 0000000000000000 R11: 0000000000000206
 R12: 00000001409AF318 R13: 000000014029AD70 R14: 0000000000000001 R15: 0000000000000000
 RIP: 0000000077D67DED EFLAGS: 00000206

 Bytes at instruction pointer:
 48 81 C4 C8 00 00 00 C3 33 D2 49 8D 4B 98 FF 15 7F 96 FD FF 90 E9 79 86

Stack trace:
 0000FDE9 00000000 00000016 00000000 00000000 00000000 00000008 00000000
 E1212012 00000000 00000000 00000000 77D67DED 00000000 00000000 31303201
 00000000 00000000 88F59089 0000E692 8986CA6F 0000E692 0012EA80 00000000
 00000001 00000000 00000000 00000000 00000001 00000000 00000001 00000000
 00000668 00000000 77ED9631 00000000 40A3E2F0 00000001 40A3E2F0 00000001
 0012ED09 00000000 00000000 00000000 00000000 00000000 00030228 00000000
 00000016 00000000 40394FF5 00000001 F83C471A 00000000 00000016 00000000
 00000016 00000000 00000001 00000000 00000000 00000000 00000000 00000000
 00000001 00000000 00000000 00000000 00000005 00000000 00000001 00000000
 00000668 00000000 403943B4 00000001 00000001 00000000 40A3E2F0 00000001
 00000000 00000000 00000005 00000000 00000001 00000000 400475C3 00000001
 40A3E2F0 00000001 0012ED09 00000000 00000000 00000000 00000668 00000000
 65737341 6F697472 6166206E 64656C69 20746120 656E696C 31303220 20666F20
 625C3A63 6F626D61 67612D6F 2D746E65 656D6F68 6C6D785C 7461642D 75625C61
 2D646C69 5C726964 6474746F 736C722D 3436772D 5C746962 5C637273 64616F72
 70616D5F 203A682E 69547349 7954656C 74286570 504D202C 414F525F 7C202944
 7349207C 656C6954 65707954 202C7428 535F504D 49544154 20294E4F 49207C7C
 6C695473 70795465 2C742865 5F504D20 4E4E5554 52424C45 45474449 00000029
 00000170 00000000 00000173 00000000 4005DD44 00000001 400344E7 00000001
 00000007 00000000 0012EBC0 00000000 0012EC10 00000000 40155C19 00000001
 4005DD44 00000001 0012EBC0 00000000 00000005 00000000 4005E06D 00000001
 00000740 00000000 4014A8CE 00000001 00001730 00000000 0012EC50 00000000
 09B77070 00000000 00000176 00000077 09B77070 00000000 4014B1F5 00000001
 0012ECD0 00000000 00000000 00000000 00000000 00000000 09B77070 00000000

Operating system:
 Name:     Windows
 Release:  5.2.3790 (Service Pack 2)
 Compiler: MSVC 1600

Configuration:
 Blitter:      8bpp-optimized
 Graphics set: OpenGFX (897)
 Language:     C:\Games\OpenTTD\lang\english_US.lng
 Music driver: win32
 Music set:    OpenMSX (96)
 Network:      no
 Sound driver: win32
 Sound set:    OpenSFX (87)
 Video driver: win32

AI Configuration (local: 0):
  0: Human
  1: AdmiralAI (v436207691)
  2: NoCAB (v498)
  3: PathZilla (v6)
  4: SimpleAI (v6)
  5: NoCAB (v498)
  6: Convoy (v11)
  7: SimpleAI (v6)
  8: AdmiralAI (v436207691)

Libraries:
 FreeType:   2.4.5
 ICU:        4.4.2
 LZMA:       5.0.3
 LZO:        2.05
 PNG:        1.5.4
 Zlib:       1.2.5

Module information:
 C:\Games\OpenTTD\openttd.exe handle: 0000000140000000 size: 10424832 crc: 535CEE0A date: 2011-12-24 09:19:46
 C:\WINDOWS\system32\ntdll.dll handle: 0000000077EC0000 size: 1267200 crc: 97C8CCB0 date: 2011-11-22 20:18:26
 C:\WINDOWS\system32\kernel32.dll handle: 0000000077D40000 size: 1504256 crc: 32DE565D date: 2009-03-21 06:47:30
 C:\WINDOWS\system32\WINMM.dll handle: 000007FF7E240000 size: 310784 crc: 0ED26620 date: 2011-10-15 00:34:10
 C:\WINDOWS\system32\USER32.dll handle: 0000000077C20000 size: 1086464 crc: 7A25FE19 date: 2007-03-01 23:54:30
 C:\WINDOWS\system32\GDI32.dll handle: 000007FF7FC90000 size: 621056 crc: 979AEBB3 date: 2008-10-23 16:49:16
 C:\WINDOWS\system32\ADVAPI32.dll handle: 000007FF7FEE0000 size: 1052160 crc: 84ECB38D date: 2009-03-19 16:50:58
 C:\WINDOWS\system32\RPCRT4.dll handle: 000007FF7FD30000 size: 1676800 crc: 7F822582 date: 2010-08-18 17:51:42
 C:\WINDOWS\system32\Secur32.dll handle: 000007FF7E9C0000 size: 123392 crc: BBACFF11 date: 2009-06-16 10:25:28
 C:\WINDOWS\system32\WS2_32.dll handle: 000007FF77310000 size: 178688 crc: 147D8414 date: 2007-02-16 23:04:26
 C:\WINDOWS\system32\msvcrt.dll handle: 000007FF7FC00000 size: 520192 crc: 32211A97 date: 2007-02-16 22:39:38
 C:\WINDOWS\system32\WS2HELP.dll handle: 000007FF77140000 size: 31232 crc: 624302E6 date: 2005-03-25 12:00:00
 C:\WINDOWS\system32\SHELL32.dll handle: 000007FF7F190000 size: 10510336 crc: 98DCA7B8 date: 2011-01-22 01:42:58
 C:\WINDOWS\system32\SHLWAPI.dll handle: 000007FF7EF60000 size: 622080 crc: 8CC0835F date: 2009-10-15 11:35:36
 C:\WINDOWS\system32\LPK.DLL handle: 000007FF69300000 size: 35840 crc: 68D342FF date: 2007-02-16 22:36:00
 C:\WINDOWS\system32\USP10.dll handle: 000007FF78E80000 size: 543744 crc: B7A45FED date: 2010-04-19 22:54:34
 C:\WINDOWS\WinSxS\amd64_Microsoft.Windows.Common-Controls_6595b64144ccf1df_6.0.3790.4770_x-ww_3807D667\comctl32.dll handle: 000007FF7F000000 size: 1584640 crc: 88385BFA date: 2010-09-07 16:04:50
 C:\WINDOWS\system32\SHFolder.dll handle: 000007FF7DAA0000 size: 34816 crc: A33C09D1 date: 2005-03-25 12:00:00
 C:\WINDOWS\system32\uxtheme.dll handle: 000007FF77230000 size: 506368 crc: D919B2FE date: 2007-02-16 23:01:04
 C:\WINDOWS\system32\MSCTF.dll handle: 000007FF7A410000 size: 632320 crc: 59697CA9 date: 2007-02-16 22:38:00
 C:\Program Files\Logitech\SetPoint\lgscroll.dll handle: 0000000010100000 size: 56848 crc: EE6FDA68 date: 2009-07-20 09:37:10
 C:\WINDOWS\WinSxS\amd64_Microsoft.VC80.CRT_1fc8b3b9a1e18e3b_8.0.50727.3053_x-ww_EA198EAA\MSVCR80.dll handle: 0000000078130000 size: 805888 crc: AD9DB978 date: 2008-07-25 08:08:42
 C:\WINDOWS\system32\NTMARTA.DLL handle: 000007FF7E4C0000 size: 227840 crc: 7F9EFABB date: 2007-02-16 22:41:24
 C:\WINDOWS\system32\WLDAP32.dll handle: 000007FF7E950000 size: 399872 crc: 49468272 date: 2007-02-16 23:03:22
 C:\WINDOWS\system32\SAMLIB.dll handle: 000007FF77150000 size: 71168 crc: 22B4E366 date: 2007-02-16 22:53:32
 C:\WINDOWS\system32\ole32.dll handle: 000007FF57140000 size: 2624000 crc: B3F05914 date: 2011-11-02 11:36:26
 C:\WINDOWS\system32\mswsock.dll handle: 000007FF771B0000 size: 492544 crc: 614D9BF7 date: 2011-03-03 09:50:56
 C:\WINDOWS\system32\hnetcfg.dll handle: 000007FF6D200000 size: 581632 crc: 1DF0C6E9 date: 2007-02-16 22:28:40
 C:\WINDOWS\System32\wshtcpip.dll handle: 000007FF77170000 size: 29696 crc: 63949ECA date: 2007-02-16 23:04:32
 C:\WINDOWS\system32\WINTRUST.dll handle: 000007FF7E3E0000 size: 312320 crc: FE053FF6 date: 2009-12-24 10:14:42
 C:\WINDOWS\system32\CRYPT32.dll handle: 000007FF7D370000 size: 1429504 crc: 351E122B date: 2011-11-12 11:23:58
 C:\WINDOWS\system32\MSASN1.dll handle: 000007FF7D340000 size: 159744 crc: 6DB3E3A8 date: 2009-09-09 20:02:26
 C:\WINDOWS\system32\imagehlp.dll handle: 000007FF7E470000 size: 58880 crc: 3958E7F4 date: 2007-02-18 08:53:44
 C:\WINDOWS\system32\wdmaud.drv handle: 000007FF78930000 size: 36352 crc: 26BE8121 date: 2005-03-24 15:34:52
 C:\WINDOWS\system32\msacm32.drv handle: 000007FF78920000 size: 31744 crc: 2F5BD905 date: 2005-03-25 12:00:00
 C:\WINDOWS\system32\MSACM32.dll handle: 000007FF7FBC0000 size: 114688 crc: 5AA65858 date: 2007-02-16 22:37:46
 C:\WINDOWS\system32\midimap.dll handle: 000007FF7FBB0000 size: 26112 crc: 09E635EE date: 2005-03-25 12:00:00
 C:\WINDOWS\system32\mciseq.dll handle: 000007FF68780000 size: 36864 crc: 5DBE6002 date: 2011-10-15 00:34:10
 C:\WINDOWS\system32\psapi.dll handle: 000007FF7E380000 size: 29696 crc: B3E50BCA date: 2007-02-16 22:50:28

---- gamelog start ----
Tick 0: new game started
     Revision text changed to 1.2.0-beta1, savegame version 168, not modified, _openttd_newgrf_version = 0x12005c73
     New game mode: 1 landscape: 0
Tick 35799: settings changed
     Setting changed: construction.max_bridge_length : 64 -> 65
Tick 35799: settings changed
     Setting changed: construction.max_bridge_length : 65 -> 66
Tick 35799: settings changed
     Setting changed: construction.max_bridge_length : 66 -> 67
Tick 35799: settings changed
     Setting changed: construction.max_bridge_length : 67 -> 68
Tick 35799: settings changed
     Setting changed: construction.max_bridge_length : 68 -> 69
Tick 35799: settings changed
     Setting changed: construction.max_bridge_length : 69 -> 70
Tick 35799: settings changed
     Setting changed: construction.max_bridge_length : 70 -> 71
Tick 35799: settings changed
     Setting changed: construction.max_bridge_length : 71 -> 72
Tick 35799: settings changed
     Setting changed: construction.max_bridge_length : 72 -> 73
Tick 35799: settings changed
     Setting changed: construction.max_bridge_length : 73 -> 74
Tick 35799: settings changed
     Setting changed: construction.max_bridge_length : 74 -> 75
Tick 35799: settings changed
     Setting changed: construction.max_bridge_length : 75 -> 76
Tick 35799: settings changed
     Setting changed: construction.max_bridge_length : 76 -> 77
Tick 35799: settings changed
     Setting changed: construction.max_bridge_length : 77 -> 78
Tick 35799: settings changed
     Setting changed: construction.max_bridge_length : 78 -> 79
Tick 35799: settings changed
     Setting changed: construction.max_bridge_length : 79 -> 80
Tick 35799: settings changed
     Setting changed: construction.max_bridge_length : 80 -> 81
Tick 35799: settings changed
     Setting changed: construction.max_bridge_length : 81 -> 82
Tick 35799: settings changed
     Setting changed: construction.max_bridge_length : 82 -> 83
Tick 35799: settings changed
     Setting changed: construction.max_bridge_length : 83 -> 84
Tick 35799: settings changed
     Setting changed: construction.max_bridge_length : 84 -> 85
Tick 35799: settings changed
     Setting changed: construction.max_bridge_length : 85 -> 86
Tick 35799: settings changed
     Setting changed: construction.max_bridge_length : 86 -> 87
Tick 35799: settings changed
     Setting changed: construction.max_bridge_length : 87 -> 88
Tick 35799: settings changed
     Setting changed: construction.max_bridge_length : 88 -> 89
Tick 35799: settings changed
     Setting changed: construction.max_bridge_length : 89 -> 90
Tick 35799: settings changed
     Setting changed: construction.max_tunnel_length : 64 -> 90
---- gamelog end ----

*** End of OpenTTD Crash Report ***

Decoded stack trace:
[00] ???                  0x0000000077D67DED RaiseException + 61
[01] ???                  0x0000000140394FF5
[02] ???                  0x00000001403943B4
[03] ???                  0x00000001400475C3
[04] ???                  0x000000014015154A
[05] ???                  0x000000014000759A
[06] ???                  0x0000000140006FAE
[07] ???                  0x00000001400DF355
[08] ???                  0x00000001400796E3
[09] ???                  0x0000000140082B5D
[10] ???                  0x00000001400830F7
[11] ???                  0x0000000140298C00
[12] ???                  0x0000000077C43ABC GetSystemMetrics + 588
[13] ???                  0x0000000077C43F5C GetMessageW + 428
[14] ???                  0x0000000140299404
[15] ???                  0x000000014004959F
[16] ???                  0x000000014029BB56
[17] ???                  0x0000000140396CFC
[18] ???                  0x0000000077D596AC BaseProcessStart + 44

*** End of additional info ***
