*** OpenTTD Crash Report ***
Date: 2008-02-02 13:18:04
Build: 0.6.0-beta3 built on Jan 15 2008 22:01:30
Reason: Assertion failed at ..\src\openttd.cpp:111: 0
Exception C0000005 at 00423B2F
Registers:
 EAX: 01F20E90 EBX: 00000001 ECX: 0012F7A4 EDX: 01F20EBE
 ESI: 00000200 EDI: 0099E527 EBP: 0012FBC4 ESP: 0012F9B8
 EIP: 00423B2F EFLAGS: 00010202

Bytes at CS:EIP:
 C6 05 00 00 00 00 00 E8 2B 70 0E 00 CC 55 8B EC 81 EC 00 04 00 00 56 8D

Stack trace: 
 00000001 00C88310 00000000 74656E5B 7254205D 676E6979 206F7420 63657865
 20657475 61702061 74656B63 206E6920 20656874 74736170 00120021 004CF188
 00000000 00000001 6801038A 01010053 00B88660 0188000B 0185000F 7E390457
 7E368830 FFFFFFFF 01010053 00000001 00000000 00000000 00000320 00000258
 00000000 00000000 00000000 004CF188 B7A29698 00040000 00000000 00002BF7
 894D9F60 88FAD840 000002D3 0012FA90 7E368734 002E0110 0000000F 00000000
 00000000 004CF188 DCBAABCD 00000000 0012FACC 004CF188 0012FAF8 7E368BD9
 7FFDF000 0012FAF8 7E36885A 0012FAB8 7E36882A 00000000 002E0110 007F38E8
 00000014 00000001 00000000 00000000 00000010 00000001 0000033C 00000001
 00000000 00000000 0012FAAC 00000320 0012FB3C 7E390457 7E368830 FFFFFFFF
 7E36882A 7E36B4C0 00000000 004CF188 002E0110 0000000F 00000000 00000000
 007F38FC 7E36B4CB 0012FC28 0012FC20 007F38E8 0099E518 00000000 0012FB20
 00413F9C 0012FBD0 7E390457 7E36B4D0 FFFFFFFF 7E36B4CB 7E36B50C 007F38E8
 0000000F 00000000 7E36B51C 00000000 00000000 00000000 00000000 0012FBE0
 7C91EAE3 0012FB84 0012FBB8 7FFDF000 0012FBE0 7C80243C 0012FBA4 7C80240F
 0099E527 0099E527 00000000 00000014 00000001 00000000 00000000 00000010
 FFFFD8F0 02147050 00000000 0012FBE4 0041BB02 0057E81C 0099E537 0041BB43
 00000000 0041BCB7 3B9B9948 0012FBF4 00424F96 00000000 0012FBDC 7E36F3B3
 004CFDEA 00663CB0 005DD05C 0012FD10 00000000 0099E537 0099E555 00000000
 00000000 00000000 002E0110 0000000F 00000000 00000000 0099E518 00000114
 00000110 004244B8 0012FD24 00000001 00000001 0001FC80 00000000 00000008
 FFFFFFFF 00000000 00000000 00000000 FFFFFFFF 0012FE2C 00580578 00000000
 7C91EE18 FFFFFFFF 00000000 00000000 00000000 00000000 00020600 0012FCBC
 7C821692 0000002C FFFFFFFF 0000002A 00000104 0000FDE9 0012FD00 00000001

Module information:
 C:\Spiele\OpenTTD060beta3\openttd.exe handle: 00400000 size: 1782272 crc: 6969C673 date: 2008-01-15 21:06:22
 C:\WINDOWS\system32\ntdll.dll handle: 7C910000 size: 733696 crc: 56C42453 date: 2004-08-04 12:00:00
 C:\WINDOWS\system32\kernel32.dll handle: 7C800000 size: 1058304 crc: 5D9F6DED date: 2007-04-16 15:53:05
 C:\WINDOWS\system32\WINMM.dll handle: 76AF0000 size: 178176 crc: 54E937C2 date: 2004-08-04 12:00:00
 C:\WINDOWS\system32\USER32.dll handle: 7E360000 size: 579072 crc: 83B958D8 date: 2007-03-08 15:36:30
 C:\WINDOWS\system32\GDI32.dll handle: 77EF0000 size: 281600 crc: 04693142 date: 2007-03-08 15:36:30
 C:\WINDOWS\system32\ADVAPI32.dll handle: 77DA0000 size: 677888 crc: 23CAF27D date: 2004-08-04 12:00:00
 C:\WINDOWS\system32\RPCRT4.dll handle: 77E50000 size: 581632 crc: DC99A9E4 date: 2005-11-11 03:23:06
 C:\WINDOWS\system32\WS2_32.dll handle: 71A10000 size: 82944 crc: 52750A2E date: 2004-08-04 12:00:00
 C:\WINDOWS\system32\msvcrt.dll handle: 77BE0000 size: 343040 crc: 0A2A7946 date: 2004-08-04 12:00:00
 C:\WINDOWS\system32\WS2HELP.dll handle: 71A00000 size: 19968 crc: E839B627 date: 2004-08-04 12:00:00
 C:\WINDOWS\system32\IMM32.DLL handle: 76330000 size: 110080 crc: CC88C1A0 date: 2004-08-04 12:00:00
 C:\WINDOWS\system32\SHFolder.dll handle: 76730000 size: 25088 crc: EB76CAE0 date: 2004-08-04 12:00:00
 C:\WINDOWS\system32\SHLWAPI.dll handle: 77F40000 size: 474624 crc: 832EDBE3 date: 2007-04-18 12:44:36
 C:\WINDOWS\WinSxS\x86_Microsoft.Windows.Common-Controls_6595b64144ccf1df_6.0.2600.2982_x-ww_ac3f9c03\comctl32.dll handle: 773A0000 size: 1054208 crc: A5D18B7A date: 2006-08-25 15:46:44
 C:\WINDOWS\system32\comctl32.dll handle: 5D450000 size: 617472 crc: 3BDFF4D0 date: 2006-08-25 15:46:47
 C:\WINDOWS\system32\WINTRUST.dll handle: 76BF0000 size: 176640 crc: 73F3B134 date: 2004-08-04 12:00:00
 C:\WINDOWS\system32\CRYPT32.dll handle: 77A50000 size: 602624 crc: FC4F0978 date: 2004-08-04 12:00:00
 C:\WINDOWS\system32\MSASN1.dll handle: 77AF0000 size: 57344 crc: 37DBC108 date: 2004-08-04 12:00:00
 C:\WINDOWS\system32\IMAGEHLP.dll handle: 76C50000 size: 144384 crc: DA63FF61 date: 2004-08-04 12:00:00
 C:\WINDOWS\system32\wdmaud.drv handle: 72C90000 size: 23552 crc: 47C9B021 date: 2004-08-03 22:58:28
 C:\WINDOWS\system32\msacm32.drv handle: 72C80000 size: 20992 crc: E6F1E346 date: 2004-08-04 12:00:00
 C:\WINDOWS\system32\MSACM32.dll handle: 77BB0000 size: 72192 crc: 4F83C9A6 date: 2004-08-04 12:00:00
 C:\WINDOWS\system32\midimap.dll handle: 77BA0000 size: 18944 crc: 9D83D9D8 date: 2004-08-04 12:00:00
 C:\WINDOWS\system32\ole32.dll handle: 774B0000 size: 1285120 crc: 2CDC009F date: 2005-07-26 04:39:49
 C:\WINDOWS\system32\uxtheme.dll handle: 5B0F0000 size: 219648 crc: 05E13E75 date: 2004-08-04 12:00:00
 C:\WINDOWS\system32\CLBCATQ.DLL handle: 76F90000 size: 498688 crc: 7728098B date: 2005-07-26 04:39:44
 C:\WINDOWS\system32\COMRes.dll handle: 77010000 size: 846848 crc: 36F6CAE5 date: 2004-08-04 12:00:00
 C:\WINDOWS\system32\OLEAUT32.dll handle: 770F0000 size: 553472 crc: 44BAD7B8 date: 2004-08-04 12:00:00
 C:\WINDOWS\system32\VERSION.dll handle: 77BD0000 size: 18944 crc: 14F8DA2B date: 2004-08-04 12:00:00
 C:\WINDOWS\system32\dmime.dll handle: 5C900000 size: 181248 crc: 3672A64B date: 2004-08-04 12:00:00
 C:\WINDOWS\system32\DSOUND.dll handle: 73E70000 size: 367616 crc: 6BA90018 date: 2004-08-04 12:00:00
 C:\WINDOWS\system32\dmusic.dll handle: 6CE60000 size: 104448 crc: 0A743302 date: 2004-08-04 12:00:00
 C:\WINDOWS\system32\KsUser.dll handle: 73E40000 size: 4096 crc: 931FDB2C date: 2004-08-03 22:57:24
 C:\WINDOWS\system32\dmsynth.dll handle: 6CE80000 size: 103424 crc: 9FC739C1 date: 2004-08-04 12:00:00
 C:\WINDOWS\system32\dmloader.dll handle: 6CEF0000 size: 35840 crc: A2BBF945 date: 2004-08-04 12:00:00
 C:\WINDOWS\system32\msctfime.ime handle: 75250000 size: 177152 crc: 4F2CB557 date: 2004-08-04 12:00:00
 C:\WINDOWS\system32\mswsock.dll handle: 719B0000 size: 247296 crc: 2CF6ECFF date: 2004-08-04 12:00:00
 C:\WINDOWS\system32\hnetcfg.dll handle: 66710000 size: 348672 crc: 8F6C63C9 date: 2004-08-04 12:00:00
 C:\WINDOWS\System32\wshtcpip.dll handle: 719F0000 size: 19968 crc: 6AFA7EE1 date: 2004-08-04 12:00:00
 C:\WINDOWS\system32\DNSAPI.dll handle: 76EE0000 size: 148480 crc: B18D6C21 date: 2006-06-26 17:40:34
 C:\WINDOWS\System32\winrnr.dll handle: 76F70000 size: 16896 crc: C9046F73 date: 2004-08-04 12:00:00
 C:\WINDOWS\system32\WLDAP32.dll handle: 76F20000 size: 173056 crc: 13AEF378 date: 2004-08-04 12:00:00
 C:\WINDOWS\system32\rasadhlp.dll handle: 76F80000 size: 8192 crc: 43704FC7 date: 2006-06-26 17:40:34
 C:\WINDOWS\system32\psapi.dll handle: 76BB0000 size: 23040 crc: 4963BF76 date: 2004-08-04 12:00:00

System information:
 Windows version 5.1 2600 S
