*** OpenTTD Crash Report ***
Date: 2007-12-08 00:10:45
Build: 0.6.0-beta1 built on Nov 18 2007 16:21:50
Exception C0000005 at 004ABDF2
Registers:
 EAX: 00000008 EBX: 00000000 ECX: 000005AF EDX: 00BA0608
 ESI: 0012FA74 EDI: 01A340C0 EBP: 0012F988 ESP: 0012F974
 EIP: 004ABDF2 EFLAGS: 00010202

Bytes at CS:EIP:
 89 58 F8 8B 07 59 C7 40 FC 01 00 00 00 8B 0F 8B 51 F8 8B C2 6B C0 2C 03

Stack trace: 
 002C0008 0012F9D8 00000000 0012FA94 0012FA94 0012F9C0 004AB53A 019B9DD0
 00000000 93A3EADF 0000143E 0002CD9A 019B9DD0 0002CD9A 0012FA6C 0012FA94
 005062A1 00000002 0012FAA0 0012FAA0 004AA2C9 004AA232 019B9DD0 0002CD9A
 00000000 01A340C0 01ADC008 00000000 020FAFF8 00000000 00000000 00032000
 023B0020 00000000 00000000 00000000 005C0F0C 00002710 019B9DD0 00000000
 00000000 00000000 00000000 00000000 00000000 00000000 00000000 00000000
 00000000 00000000 00000000 00000000 00000000 00000000 00000000 00000000
 00000000 00000000 0012FA48 00000640 01A662E0 7E440000 01A344D0 0067C0A4
 0002CD9A 00000005 0002C199 00000009 000186A0 7E41B501 00000003 00000001
 0012FFB0 00506517 00000000 0012FAD4 004A9F5A 00000005 0002C199 00000009
 00000010 000186A0 0012FB54 0012FB5C 0012FB5C 0012FB50 00000005 0002C199
 0012FB34 004867D4 00000010 0012FB54 0012FB5C 019B9DD0 019B9DD0 0000040E
 00647C50 0043EE88 0012FB34 00000000 0042646E 0000001B 00000000 0012FB28
 00426648 0066F638 FFFFE282 FFFFFFE7 FFFFFFFF FFFF5BA5 0048510B 0002CD9A
 0012FB74 004887AC 00000010 019B9DD0 019B9DD0 0000FFFF 004338CF FFFFFFFF
 FFFFFFFF 00000000 019B9D00 FFFFEF51 00433A81 0000000E 00000267 019B9DD0
 0012FBB0 0048887A 019B9DD0 00000400 019B9DD0 0000FFFF 004A2571 FFFFE29B
 FFFFFFFF 00001D65 00000000 000019BC 00000000 00000019 00000000 00000267
 00408C35 06C79301 00000000 06C792F2 0012FBDC 00408C6C 00000017 00000000
 0000004C 0000004C 0012FBF4 00422900 00000000 00422BF9 00000000 0012FBDC
 7E41F3B3 004B75D8 0064B328 005C49EC 0012FD10 00000000 06C79301 06C7931F
 00000000 00000000 00000000 00120122 00000113 00000001 004B6698 06C792E2
 00000373 00000020 0042222A 0012FD24 00000001 00000001 00010732 00000000
 00000008 FFFFFFFF 00000000 00000000 00000000 FFFFFFFF 0012FE2C 00565BE0

Module information:
 C:\Program Files\OpenTTD\openttd.exe handle: 00400000 size: 1644032 crc: 177E80E7 date: 2007-11-18 15:24:22
 C:\WINDOWS\system32\ntdll.dll handle: 7C900000 size: 708096 crc: A5A50370 date: 2004-08-04 07:56:36
 C:\WINDOWS\system32\kernel32.dll handle: 7C800000 size: 984576 crc: 2CCFBF2B date: 2007-04-16 15:52:53
 C:\WINDOWS\system32\WINMM.dll handle: 76B40000 size: 176128 crc: 123646FA date: 2004-08-04 07:56:46
 C:\WINDOWS\system32\USER32.dll handle: 7E410000 size: 577536 crc: DF3237C6 date: 2007-03-08 15:36:28
 C:\WINDOWS\system32\GDI32.dll handle: 77F10000 size: 282112 crc: F0029774 date: 2007-06-19 13:31:19
 C:\WINDOWS\system32\ADVAPI32.dll handle: 77DD0000 size: 616960 crc: 5E7A2F0A date: 2004-08-04 07:56:41
 C:\WINDOWS\system32\RPCRT4.dll handle: 77E70000 size: 584192 crc: B1CE66F6 date: 2007-07-09 13:09:42
 C:\WINDOWS\system32\Secur32.dll handle: 77FE0000 size: 55808 crc: 5A32C057 date: 2004-08-04 07:56:44
 C:\WINDOWS\system32\WS2_32.dll handle: 71AB0000 size: 82944 crc: 9738CC56 date: 2004-08-04 07:56:46
 C:\WINDOWS\system32\msvcrt.dll handle: 77C10000 size: 343040 crc: 5298C0C5 date: 2004-08-04 07:56:43
 C:\WINDOWS\system32\WS2HELP.dll handle: 71AA0000 size: 19968 crc: F5DD5AB6 date: 2004-08-04 07:56:46
 C:\WINDOWS\system32\SHFolder.dll handle: 76780000 size: 25088 crc: 2EC7582B date: 2004-08-04 07:56:45
 C:\WINDOWS\system32\SHLWAPI.dll handle: 77F60000 size: 474112 crc: 0D027FB2 date: 2007-08-22 13:12:18
 C:\WINDOWS\WinSxS\x86_Microsoft.Windows.Common-Controls_6595b64144ccf1df_6.0.2600.2180_x-ww_a84f1ff9\comctl32.dll handle: 773D0000 size: 1050624 crc: 893FE926 date: 2004-08-04 07:57:00
 C:\WINDOWS\system32\comctl32.dll handle: 5D090000 size: 617472 crc: 232F6674 date: 2006-08-25 15:45:58
 C:\WINDOWS\system32\WINTRUST.dll handle: 76C30000 size: 176640 crc: 88D208BD date: 2004-08-04 07:56:46
 C:\WINDOWS\system32\CRYPT32.dll handle: 77A80000 size: 597504 crc: 971ECFAA date: 2004-08-04 07:56:41
 C:\WINDOWS\system32\MSASN1.dll handle: 77B20000 size: 57344 crc: D5127637 date: 2004-08-04 07:56:42
 C:\WINDOWS\system32\IMAGEHLP.dll handle: 76C90000 size: 144384 crc: 714A70BC date: 2004-08-04 07:56:42
 C:\WINDOWS\system32\wdmaud.drv handle: 72D20000 size: 23552 crc: 982E84EE date: 2004-08-04 07:56:57
 C:\WINDOWS\system32\msacm32.drv handle: 72D10000 size: 20480 crc: D5406BAE date: 2002-12-15 00:00:00
 C:\WINDOWS\system32\MSACM32.dll handle: 77BE0000 size: 71680 crc: 6A21891E date: 2004-08-04 07:56:42
 C:\WINDOWS\system32\midimap.dll handle: 77BD0000 size: 18944 crc: 502B5282 date: 2004-08-04 07:56:42
 C:\WINDOWS\system32\uxtheme.dll handle: 5AD70000 size: 218624 crc: 5AA98F22 date: 2004-08-04 07:56:46
 C:\WINDOWS\system32\mswsock.dll handle: 71A50000 size: 245248 crc: E2309390 date: 2004-08-04 07:56:44
 C:\WINDOWS\system32\hnetcfg.dll handle: 662B0000 size: 344064 crc: 6CF15ACF date: 2004-08-04 07:56:42
 C:\WINDOWS\System32\wshtcpip.dll handle: 71A90000 size: 19968 crc: B88CC0E5 date: 2004-08-04 07:56:46
 C:\WINDOWS\system32\mciseq.dll handle: 61D70000 size: 23040 crc: 0D33FD94 date: 2004-08-04 07:56:42
 C:\WINDOWS\system32\psapi.dll handle: 76BF0000 size: 23040 crc: 97A44A88 date: 2004-08-04 07:56:44

System information:
 Windows version 5.1 2600 S
