*** OpenTTD Crash Report ***

Crash at: Sun Apr 01 15:13:50 2012
In game date: 1958-01-30 (0)

Crash reason:
 Exception: C0000005
 Location:  004D9A0C
 Message:   <none>

OpenTTD version:
 Version:    1.2.0-RC3 (0)
 NewGRF ver: 12005dee
 Bits:       32
 Endian:     little
 Dedicated:  no
 Build date: Mar 18 2012 17:29:12

Registers:
 EAX: 00000000 EBX: 09CC30B8 ECX: 0A9FC7F0 EDX: 00000000
 ESI: 00000000 EDI: 09CC30B8 EBP: 0013F624 ESP: 0013F618
 EIP: 004D9A0C EFLAGS: 00010246

 Bytes at instruction pointer:
 8A 46 02 24 0F 57 89 4D FC 3C 07 75 66 8B 83 0C 01 00 00 85 C0 75 04 33

Stack trace:
 0B672C50 09CC30B8 0A9FC7F0 0013F644 004D9A57 09CC30B8 00000001 09CC30B8
 0A9FC7F0 0AC252F8 0A9FC7F0 0013F690 004DAFF1 09CC30B8 00000001 00000000
 004DB51E 0B672C50 09CC30B8 0000010F 00000000 005A0A3B 09CC30B8 0013F740
 005A2124 000000FF 00000000 00000000 0001FFFF 00000000 0013F788 004C535D
 00000001 00000134 0000010F 00000000 09CC30B8 0013F898 00000000 0000002B
 00000000 00519825 00000000 09CC30B8 00000000 005A0A3B 0013F720 FFFFD000
 004BCA01 FFFFD000 00000000 00000004 00000000 00000000 00000000 09CC30B8
 00000000 000260D3 00000000 0013F788 004C515C 004C527F 0013F8D0 0013F898
 0AC252F8 0013F798 00000004 00000000 00000000 0001FFFF 00000000 0705B868
 0705B838 00000000 0013F70C 0013F77C 00000001 000260D3 00000000 00000134
 0000010F 00000004 00000000 00000000 0001FFFF 00000000 004DB00A 000000FF
 00000000 00000000 0001FFFF 00000000 0013F84C 004C6BD3 0013F7D8 0AC252F8
 09CC30B8 00000000 89440F24 754EF064 00000000 00000000 00000000 00000000
 00000000 00000000 0257DE88 0AC252F8 0AC252F8 000000DF 00000000 00000000
 000000FF 00000000 00000000 0001FFFF 00000000 004F25B0 0013F850 004C1968
 00000003 00000000 0AC252F8 004C33FF 00000003 00000000 00000000 00000000
 00519A75 00519A7C 00000001 00519832 00000000 00004880 06FE7BA8 0AC252F8
 00000001 00000000 0AC252F8 00CA9060 00000000 0013F8F8 004C7037 0013F8D0
 0013F898 00000000 09CC30B8 0013F880 0AC252F8 00000000 0000FFFF 000000C0
 00000100 0013F934 00000000 000000FF 00000000 AC8643DA 357D11AE 00000000
 0AC252F8 000000FF 00000000 00000000 0001FFFF 00000000 0000010F 00000001
 00000000 00000000 0001FFFF 00000000 00519832 004EDD01 00000001 000260D3
 00000000 0001FFFF 00000000 000F4240 00000000 0001FFFF 00000000 00000000
 0013F998 004543CD 00000000 0000010F 00000000 00000000 0A9DFC33 0A9DFC33

Operating system:
 Name:     Windows
 Release:  5.1.2600 (Service Pack 3)
 Compiler: MSVC 1600

Configuration:
 Blitter:      8bpp-optimized
 Graphics set: OpenGFX (928)
 Language:     C:\Program Files\OpenTTD BETA\lang\english.lng
 Music driver: dmusic
 Music set:    OpenMSX (96)
 Network:      no
 Sound driver: win32
 Sound set:    OpenSFX (87)
 Video driver: win32

AI Configuration (local: 0):
  0: Human
  1: ChooChoo (v409)
  2: DictatorAI (v154)
  3: NoCAB (v498)
  4: Terron (v203)
  5: SynTrans (v8)
  6: Rondje (v384)
  7: AdmiralAI (v25)
  8: AIAI (v72)
  9: SimpleAI (v6)

Libraries:
 FreeType:   2.4.5
 ICU:        4.4.2
 LZMA:       5.0.3
 LZO:        2.05
 PNG:        1.5.4
 Zlib:       1.2.5

Module information:
 C:\Program Files\OpenTTD BETA\openttd.exe handle: 00400000 size: 8738304 crc: 356D0B05 date: 2012-03-18 17:33:18
 C:\WINDOWS\system32\ntdll.dll handle: 7C900000 size: 718336 crc: EA097CED date: 2010-12-09 15:15:09
 C:\WINDOWS\system32\kernel32.dll handle: 7C800000 size: 989696 crc: 8A0508E5 date: 2009-03-21 14:06:58
 C:\WINDOWS\system32\WINMM.dll handle: 76B40000 size: 176128 crc: 2D7A3E5F date: 2011-10-14 14:47:29
 C:\WINDOWS\system32\ADVAPI32.dll handle: 77DD0000 size: 617472 crc: C9027432 date: 2009-02-09 12:10:48
 C:\WINDOWS\system32\RPCRT4.dll handle: 77E70000 size: 590848 crc: E9ECB923 date: 2010-08-16 08:45:00
 C:\WINDOWS\system32\Secur32.dll handle: 77FE0000 size: 56832 crc: 3D0002B7 date: 2009-06-25 08:25:26
 C:\WINDOWS\system32\GDI32.dll handle: 77F10000 size: 286720 crc: B5F6B116 date: 2008-10-23 12:36:14
 C:\WINDOWS\system32\USER32.dll handle: 7E410000 size: 578560 crc: F7C72264 date: 2008-04-14 04:42:10
 C:\WINDOWS\system32\WS2_32.dll handle: 71AB0000 size: 82432 crc: 7C519ECA date: 2008-04-14 04:42:12
 C:\WINDOWS\system32\msvcrt.dll handle: 77C10000 size: 343040 crc: 0B7B1677 date: 2008-04-14 04:42:02
 C:\WINDOWS\system32\WS2HELP.dll handle: 71AA0000 size: 19968 crc: 3F24E096 date: 2008-04-14 04:42:12
 C:\WINDOWS\system32\SHELL32.dll handle: 7C9C0000 size: 8462336 crc: A88619FE date: 2011-01-21 14:44:37
 C:\WINDOWS\system32\SHLWAPI.dll handle: 77F60000 size: 474112 crc: BDFA6F45 date: 2009-12-08 09:23:28
 C:\WINDOWS\system32\ShimEng.dll handle: 5CB70000 size: 65024 crc: D62E0F40 date: 2008-04-14 04:42:06
 C:\WINDOWS\AppPatch\AcGenral.DLL handle: 6F880000 size: 1852928 crc: C008C15E date: 2008-04-14 04:41:50
 C:\WINDOWS\system32\ole32.dll handle: 774E0000 size: 1288704 crc: E6DBC40A date: 2011-11-01 16:07:10
 C:\WINDOWS\system32\OLEAUT32.dll handle: 77120000 size: 551936 crc: B6E16806 date: 2010-12-20 17:32:15
 C:\WINDOWS\system32\MSACM32.dll handle: 77BE0000 size: 71680 crc: EDE4B266 date: 2008-04-14 04:42:00
 C:\WINDOWS\system32\VERSION.dll handle: 77C00000 size: 18944 crc: 558B1DAF date: 2008-04-14 04:42:10
 C:\WINDOWS\system32\USERENV.dll handle: 769C0000 size: 727040 crc: 1BA99286 date: 2008-04-14 04:42:10
 C:\WINDOWS\system32\UxTheme.dll handle: 5AD70000 size: 218624 crc: A4A915A5 date: 2008-04-14 04:42:10
 C:\WINDOWS\system32\IMM32.DLL handle: 76390000 size: 110080 crc: C1486DA0 date: 2008-04-14 04:41:56
 C:\WINDOWS\system32\SYNCOR11.DLL handle: 6BD00000 size: 40820 crc: 6D1328C4 date: 2002-11-06 19:00:38
 C:\WINDOWS\WinSxS\x86_Microsoft.Windows.Common-Controls_6595b64144ccf1df_6.0.2600.6028_x-ww_61e65202\comctl32.dll handle: 773D0000 size: 1054208 crc: 350BBD1B date: 2010-08-23 16:12:02
 C:\WINDOWS\system32\comctl32.dll handle: 5D090000 size: 617472 crc: B00C920E date: 2010-08-23 16:12:04
 C:\Program Files\CheckPoint\ZAForceField\Plugins\ISWSHEX.dll handle: 20CB0000 size: 644736 crc: 198EB697 date: 2012-03-16 16:07:04
 C:\WINDOWS\WinSxS\x86_Microsoft.VC80.CRT_1fc8b3b9a1e18e3b_8.0.50727.6195_x-ww_44262b86\MSVCR80.dll handle: 78130000 size: 632656 crc: 83346AB8 date: 2011-05-14 00:17:40
 C:\WINDOWS\system32\WINTRUST.dll handle: 76C30000 size: 177664 crc: 10F114B4 date: 2009-12-24 06:59:40
 C:\WINDOWS\system32\CRYPT32.dll handle: 77A80000 size: 599040 crc: 1F2DBBAF date: 2011-09-28 07:06:50
 C:\WINDOWS\system32\MSASN1.dll handle: 77B20000 size: 58880 crc: 63D6A79F date: 2009-09-04 21:03:36
 C:\WINDOWS\system32\IMAGEHLP.dll handle: 76C90000 size: 144384 crc: F7A06429 date: 2008-04-14 04:41:56
 C:\WINDOWS\WinSxS\x86_Microsoft.VC80.CRT_1fc8b3b9a1e18e3b_8.0.50727.6195_x-ww_44262b86\MSVCP80.dll handle: 7C420000 size: 554832 crc: F4257BB1 date: 2011-05-14 00:12:34
 C:\WINDOWS\system32\NTMARTA.DLL handle: 77690000 size: 118784 crc: 35FC486D date: 2008-04-14 04:42:04
 C:\WINDOWS\system32\SAMLIB.dll handle: 71BF0000 size: 64000 crc: F7AAF5EE date: 2008-04-14 04:42:06
 C:\WINDOWS\system32\WLDAP32.dll handle: 76F60000 size: 172032 crc: C4516D53 date: 2008-04-14 04:42:10
 C:\WINDOWS\system32\SHFolder.dll handle: 76780000 size: 25088 crc: 8009EA65 date: 2008-04-14 04:42:06
 C:\WINDOWS\system32\MSCTF.dll handle: 74720000 size: 297984 crc: 392BE0B0 date: 2008-04-14 04:42:00
 C:\WINDOWS\system32\apphelp.dll handle: 77B40000 size: 125952 crc: 30CDC203 date: 2008-04-14 04:41:50
 C:\WINDOWS\system32\msctfime.ime handle: 755C0000 size: 177152 crc: 6D3663FE date: 2008-04-14 04:40:08
 C:\WINDOWS\system32\mswsock.dll handle: 71A50000 size: 245248 crc: 8244D3EE date: 2008-06-20 16:02:47
 C:\WINDOWS\system32\hnetcfg.dll handle: 662B0000 size: 344064 crc: 96358152 date: 2008-04-14 04:41:56
 C:\WINDOWS\System32\wshtcpip.dll handle: 71A90000 size: 19456 crc: F5533E87 date: 2008-04-14 04:42:12
 C:\WINDOWS\system32\wdmaud.drv handle: 72D20000 size: 23552 crc: EEB914CA date: 2008-04-14 04:51:44
 C:\WINDOWS\system32\msacm32.drv handle: 72D10000 size: 20480 crc: D5406BAE date: 2001-08-18 12:00:00
 C:\WINDOWS\system32\midimap.dll handle: 77BD0000 size: 18944 crc: 2E6D5FD1 date: 2008-04-14 04:41:58
 C:\WINDOWS\system32\CLBCATQ.DLL handle: 76FD0000 size: 498688 crc: F43789FF date: 2008-04-14 04:41:52
 C:\WINDOWS\system32\COMRes.dll handle: 77050000 size: 792064 crc: 868482D5 date: 2008-04-14 04:41:52
 C:\WINDOWS\system32\dmime.dll handle: 5C570000 size: 181248 crc: A021AC64 date: 2008-04-14 04:41:54
 C:\WINDOWS\system32\DSOUND.dll handle: 73F10000 size: 367616 crc: 33C2A52C date: 2008-04-14 04:41:54
 C:\WINDOWS\system32\dmusic.dll handle: 6C980000 size: 104448 crc: E9A2B682 date: 2008-04-14 04:41:54
 C:\WINDOWS\system32\KsUser.dll handle: 73EE0000 size: 4096 crc: BD8E6BD9 date: 2008-04-14 05:41:58
 C:\WINDOWS\system32\dmsynth.dll handle: 6C9A0000 size: 103424 crc: 3E2BFB05 date: 2008-04-14 04:41:54
 C:\WINDOWS\system32\dmloader.dll handle: 6CA10000 size: 35840 crc: 9271DC2B date: 2008-04-14 04:41:54
 C:\WINDOWS\system32\mslbui.dll handle: 605D0000 size: 25088 crc: D9D805D6 date: 2008-04-14 04:42:02
 C:\WINDOWS\system32\dmstyle.dll handle: 6C9C0000 size: 105984 crc: 65DF8D9B date: 2008-04-14 04:41:54
 C:\WINDOWS\system32\dmband.dll handle: 6CBC0000 size: 28672 crc: B752817F date: 2008-04-14 04:41:54
 C:\WINDOWS\system32\psapi.dll handle: 76BF0000 size: 23040 crc: 75BBDCAD date: 2008-04-14 04:42:04

---- gamelog start ----
Tick 0: new game started
     Revision text changed to 1.2.0-RC3, savegame version 174, not modified, _openttd_newgrf_version = 0x12005dee
     New game mode: 1 landscape: 2
     Added NewGRF: GRF ID 44440A01, checksum 0085D0187F8D5AA9208D132797D948DA, filename: av8_aviators_aircraft_set-2.1\pb_av8w.grf (md5sum matches)
---- gamelog end ----

*** End of OpenTTD Crash Report ***

Decoded stack trace:
[00] ???                  0x004D9A0C
[01] ???                  0x004D9A57
[02] ???                  0x004DAFF1
[03] ???                  0x004C535D
[04] ???                  0x004C6BD3
[05] ???                  0x004C7037
[06] ???                  0x004543CD
[07] ???                  0x00439406
[08] ???                  0x004396E7

*** End of additional info ***
