*** OpenTTD Crash Report ***
Date: 2009-01-21 23:53:33
Build: r15197 built on Jan 21 2009 20:54:27
Reason: Assertion failed at c:\openttd\compile\src\tile_map.h:136: IsValidTile(tile)
Language: hungarian.lng
Exception C0000005 at 0051F83A
Registers:
 EAX: 0237EC90 EBX: 00617640 ECX: 0012F8E0 EDX: 0237ECDD
 ESI: 0000D400 EDI: 005E09B0 EBP: 0012FB30 ESP: 0012FAF8
 EIP: 0051F83A EFLAGS: 00010202

Bytes at CS:EIP:
 C6 05 00 00 00 00 00 E8 62 68 FE FF 83 F8 03 75 1B 68 D4 AB 61 00 68 89

Stack trace: 
 027905D4 0000D400 00000000 0046A72A 00C45808 0046A406 00000000 0012FB9C
 020D9A08 CACACACA 0012FB9C 028C0644 028C0648 02790598 0012FB78 0046A941
 00000000 000000D4 00000AF0 000000CE FFFFFFFF 0046A711 0012FB9C 020D9A08
 000001C9 0012FBF0 027905D4 00C45808 000000D4 0000003C 00000000 00000000
 0012FBB8 0046AFB9 020D9A08 0012FBF0 000001F0 00453213 0000000F 000001B1
 020D9A08 02790598 0000020C 00000000 00000093 0000019C 00000578 00000000
 0012FBD0 00444CBA 00000340 020D9A08 00000268 00000280 0012FC10 00418AB6
 00000078 00000340 00000268 00000340 0000003E 00000000 027892C0 0000020F
 FFFFFFFC 000000C0 000001F0 00000578 00000000 FFFC7C00 0012FC48 00418C20
 00000280 00000078 00001800 00000000 0000FFFF 00000408 00000016 00000580
 00000268 00000280 00000078 02152E9C 0012FC64 0044688C 01A5D282 01A5D292
 00000000 0012FC60 77F159A0 00000000 00527E85 00688568 006170CC 0012FD14
 00000000 0012FC68 01A5D292 01A5D2B0 00000000 00000000 000F02AE 00000201
 00000001 0250030E 01A5D273 0000030E 00000263 00429182 0012FD2C 00000001
 00000001 01000001 00000000 00000000 00000000 00000000 FFFFFFFF 000207A8
 00000000 00000000 00000000 00000000 FFFFFFFF 00000000 FFFFFFFF 00000000
 00000000 00000000 FFFFFFFF 0012FE34 00624488 00000000 1B0F3CF3 0012FF30
 004442BA 00000001 0012FE30 FFFFFFFE 00000000 5C3A4422 74736E69 5C6C6C61
 6C696172 64616F72 65704F5C 4454546E 67696E5C 796C7468 32313020 706F5C31
 74746E65 78652E64 00200065 003C0640 003C6CC0 003C0400 00000004 0000000A
 00040000 00000020 003C0178 00000020 00000002 003C6F70 003C015C 00000000
 00000000 003C6F70 00000020 003C6F78 00000002 003C0208 00000020 00000430
 003C0000 0012FBB4 00000004 0012FE7C 7C90EE18 7C9106F0 FFFFFFFF 7C9106EB
 00589806 003C0000 00000000 00000018 003C6D28 0012FEEC 0012FEF8 0012FE0C

Module information:
 D:\install\railroad\OpenTTD\nightly 0121\openttd.exe handle: 00400000 size: 2571776 crc: 0E947E02 date: 2009-01-21 19:58:24
 C:\WINDOWS\system32\ntdll.dll handle: 7C900000 size: 714752 crc: B584BA65 date: 2004-08-17 14:46:30
 C:\WINDOWS\system32\kernel32.dll handle: 7C800000 size: 1001984 crc: A0EBE826 date: 2004-08-17 14:47:04
 C:\WINDOWS\system32\WINMM.dll handle: 76B20000 size: 177664 crc: B62715D9 date: 2004-08-17 14:47:36
 C:\WINDOWS\system32\USER32.dll handle: 77D30000 size: 577024 crc: C94FF3C5 date: 2005-03-02 18:18:54
 C:\WINDOWS\system32\GDI32.dll handle: 77F10000 size: 280064 crc: 3B532174 date: 2005-12-29 02:56:06
 C:\WINDOWS\system32\ADVAPI32.dll handle: 77DC0000 size: 684032 crc: 05148DF5 date: 2004-08-17 14:46:36
 C:\WINDOWS\system32\RPCRT4.dll handle: 77E70000 size: 581120 crc: 47B90D20 date: 2004-08-17 14:47:22
 C:\WINDOWS\system32\WS2_32.dll handle: 71A50000 size: 82944 crc: 8768E38B date: 2004-08-17 14:47:38
 C:\WINDOWS\system32\msvcrt.dll handle: 77C00000 size: 343040 crc: 67B879DB date: 2004-08-17 14:47:18
 C:\WINDOWS\system32\WS2HELP.dll handle: 71A40000 size: 19968 crc: 80E94319 date: 2004-08-17 14:47:38
 C:\WINDOWS\system32\serwvdrv.dll handle: 5D1E0000 size: 14848 crc: A5270151 date: 2001-10-26 12:00:00
 C:\WINDOWS\system32\umdmxfrm.dll handle: 5B500000 size: 13312 crc: 962DC4C3 date: 2001-10-26 12:00:00
 C:\WINDOWS\system32\SHFolder.dll handle: 76760000 size: 25088 crc: EA551C3F date: 2004-08-17 14:47:26
 C:\WINDOWS\system32\SHLWAPI.dll handle: 77F60000 size: 473600 crc: 3336336F date: 2005-10-21 03:41:59
 C:\WINDOWS\WinSxS\x86_Microsoft.Windows.Common-Controls_6595b64144ccf1df_6.0.2600.2180_x-ww_a84f1ff9\comctl32.dll handle: 773C0000 size: 1050624 crc: 67CC16F7 date: 2004-08-17 14:42:00
 C:\WINDOWS\system32\comctl32.dll handle: 5D520000 size: 611328 crc: DF6D6D0E date: 2004-08-17 14:46:40
 C:\WINDOWS\system32\WINTRUST.dll handle: 76C20000 size: 176640 crc: 07E9E756 date: 2004-08-17 14:47:38
 C:\WINDOWS\system32\CRYPT32.dll handle: 77A70000 size: 601088 crc: 4771EF64 date: 2004-08-17 14:46:40
 C:\WINDOWS\system32\MSASN1.dll handle: 77B10000 size: 57344 crc: F5350CC7 date: 2004-08-17 14:47:10
 C:\WINDOWS\system32\IMAGEHLP.dll handle: 76C80000 size: 144384 crc: 0E110864 date: 2004-08-17 14:47:00
 C:\WINDOWS\system32\wdmaud.drv handle: 72CB0000 size: 23552 crc: 21EBAD65 date: 2004-08-17 15:02:36
 C:\WINDOWS\system32\msacm32.drv handle: 72CA0000 size: 20480 crc: 4789F187 date: 2001-10-26 12:00:00
 C:\WINDOWS\system32\MSACM32.dll handle: 77BD0000 size: 71680 crc: E8AC1D06 date: 2004-08-17 14:47:10
 C:\WINDOWS\system32\midimap.dll handle: 77BC0000 size: 18944 crc: 5463BCAB date: 2004-08-17 14:47:04
 C:\WINDOWS\system32\ole32.dll handle: 774D0000 size: 1284608 crc: 092CE461 date: 2005-07-26 04:42:37
 C:\WINDOWS\system32\uxtheme.dll handle: 5B1D0000 size: 219136 crc: D0C46F9A date: 2004-08-17 14:47:34
 C:\WINDOWS\system32\MSCTF.dll handle: 746D0000 size: 294400 crc: 774E43D3 date: 2004-08-17 14:47:10
 C:\WINDOWS\system32\CLBCATQ.DLL handle: 76FC0000 size: 498688 crc: 1F94FAF0 date: 2005-07-26 04:42:34
 C:\WINDOWS\system32\COMRes.dll handle: 77040000 size: 816640 crc: CE8DEA9B date: 2004-08-17 14:46:40
 C:\WINDOWS\system32\OLEAUT32.dll handle: 77110000 size: 553472 crc: D75AC6E7 date: 2004-08-17 14:47:22
 C:\WINDOWS\system32\VERSION.dll handle: 77BF0000 size: 18944 crc: 11C724AC date: 2004-08-17 14:47:34
 C:\WINDOWS\system32\dmime.dll handle: 59A80000 size: 181248 crc: E274600D date: 2004-08-17 14:46:54
 C:\WINDOWS\system32\DSOUND.dll handle: 73EA0000 size: 367616 crc: A419B348 date: 2004-08-17 14:46:54
 C:\WINDOWS\system32\dmusic.dll handle: 6CEC0000 size: 104448 crc: 7399AEB5 date: 2004-08-17 14:46:54
 C:\WINDOWS\system32\KsUser.dll handle: 73E70000 size: 4096 crc: 75681812 date: 2004-08-17 15:47:04
 C:\WINDOWS\system32\dmsynth.dll handle: 6CEE0000 size: 103424 crc: 9F984CAF date: 2004-08-17 14:46:54
 C:\WINDOWS\system32\dmloader.dll handle: 6CF50000 size: 35840 crc: 446D819D date: 2004-08-17 14:46:54
 C:\WINDOWS\system32\bmnet.dll handle: 10000000 size: 446464 crc: F6EB0AE6 date: 2005-03-17 09:40:20
 C:\WINDOWS\system32\mswsock.dll handle: 719F0000 size: 246784 crc: 67C4FCC1 date: 2004-08-17 14:47:20
 C:\WINDOWS\system32\hnetcfg.dll handle: 66780000 size: 346624 crc: DFB22262 date: 2004-08-17 14:46:58
 C:\WINDOWS\System32\wshtcpip.dll handle: 71A30000 size: 19968 crc: CB721413 date: 2004-08-17 14:47:38
 C:\Program Files\Elantech\ELANDLL.Dll handle: 02210000 size: 53248 crc: 914D3C49 date: 2005-06-17 08:15:48
 C:\WINDOWS\system32\DNSAPI.dll handle: 76F10000 size: 148480 crc: 0AC7638D date: 2004-08-17 14:46:54
 C:\WINDOWS\System32\winrnr.dll handle: 76FA0000 size: 16896 crc: BFAE0833 date: 2004-08-17 14:47:36
 C:\WINDOWS\system32\WLDAP32.dll handle: 76F50000 size: 172544 crc: 3978FBB6 date: 2004-08-17 14:47:38
 C:\WINDOWS\system32\wshbth.dll handle: 75120000 size: 108032 crc: 88ED5849 date: 2004-08-17 14:47:38
 C:\WINDOWS\system32\SETUPAPI.dll handle: 77910000 size: 995840 crc: 4572879C date: 2004-08-17 14:47:26
 C:\WINDOWS\system32\rasadhlp.dll handle: 76FB0000 size: 8192 crc: 4803248C date: 2004-08-17 14:47:22
 C:\Program Files\Elantech\KtpDll.Dll handle: 01880000 size: 57344 crc: E7A69652 date: 2005-06-17 08:15:48
 C:\WINDOWS\system32\SHELL32.dll handle: 7C9C0000 size: 8471552 crc: CB18F7D7 date: 2005-09-23 03:07:40
 C:\WINDOWS\HKNTDLL.dll handle: 1C000000 size: 24576 crc: A63A6FF4 date: 2001-07-02 19:36:30
 C:\WINDOWS\system32\bmutil.dll handle: 028D0000 size: 719360 crc: 7A48FA2A date: 2003-05-09 14:56:34
 C:\WINDOWS\system32\psapi.dll handle: 76BE0000 size: 23040 crc: 8DD87948 date: 2004-08-17 14:47:22

System information:
 Windows version 5.1 2600 Szervizcsomag 2

---- gamelog start ----
Tick 0: new game started
     Revision text changed to r15197, savegame version 111, not modified, _openttd_newgrf_version = 0x07003b5d
     New game mode: 1 landscape: 0
---- gamelog end ----
