*** OpenTTD Crash Report ***

Crash at: Wed Jun 19 13:12:50 2013
In game date: 1950-01-01 (0)

Crash reason:
 Exception: E1212012
 Location:  000007FEFCEF9E5D
 Message:   Assertion failed at line 1854 of ..\src\town_cmd.cpp: rc.Succeeded()

OpenTTD version:
 Version:    r25421 (0)
 NewGRF ver: 1400634d
 Bits:       64
 Endian:     little
 Dedicated:  no
 Build date: Jun 17 2013 18:16:33

Registers:
 RAX: 0000000079D05C56 RBX: 0000000000000016 RCX: 000000000EC1E710 RDX: 0000000000000000
 RSI: 0000000000000000 RDI: 0000000000000008 RBP: 000000000EC1F131 RSP: 000000000EC1ED20
 R8:  0000000000000000 R9:  0000000000000000 R10: 0000000000000000 R11: 0000000000000286
 R12: 00000001407C8A38 R13: 000000014009A778 R14: 0000000000000001 R15: 0000005400000000
 RIP: 000007FEFCEF9E5D EFLAGS: 00000206

 Bytes at instruction pointer:
 48 81 C4 C8 00 00 00 C3 90 90 90 90 90 90 90 90 90 90 90 48 89 5C 24 08

Stack trace:
 00000016 00000000 00000000 00000000 00000008 00000000 00000045 00000000
 E1212012 00000000 00000000 00000000 FCEF9E5D 000007FE 00000000 00000000
 4085FA30 00000001 76E7146B 00000000 0000008A 00000000 00000000 00000000
 00000010 00000000 40738868 00000001 00000050 00000000 00000000 00000000
 00000000 00000000 77053BFA 00000000 40738868 00000001 00000010 00000000
 00000000 00000000 00000000 00000000 00000000 00000000 00000000 00000000
 00000001 00000000 40194FAD 00000001 00000016 00000000 1BEA6C18 00000000
 00000001 00000000 77049C7A 00000000 00000000 00000000 00000000 00000054
 00000003 00000000 00000000 00000000 00000014 00000000 00000001 00000000
 00000000 00000000 40194364 00000001 00000001 00000001 4085FA30 00000001
 40717518 00000001 FFFFFFFF 00000001 00000000 00000000 3FE23D17 00000001
 0037E0E7 00000000 0EC1F131 00000000 40717518 00000001 3FF52F3D 00000001
 65737341 6F697472 6166206E 64656C69 20746120 656E696C 35383120 666F2034
 5C2E2E20 5C637273 6E776F74 646D635F 7070632E 6372203A 6375532E 64656563
 29286465 00000000 00000000 00000000 00000000 00000000 00000000 00000000
 3FE0467C 00000001 00000000 00000000 00000000 00000000 3F00FFFF 00000000
 00000000 00000000 00000000 00000000 0000FFFF 00000000 00000000 00000000
 00000001 00000000 00000000 00000000 00000000 00000000 0037D8E5 00000000
 0037D8E5 00000000 10244020 00000000 0EC1EFE0 00000000 3FF5851C 00000001
 0EC1F050 00000000 0037D8E5 00000000 00000000 00000000 00000000 00000001
 00000000 00000000 00000004 00000001 00000000 00000000 00000001 00000000
 00000000 00000000 00000000 00000000 4000FFFF 00000000 3FF547B8 00000001
 00000014 00000000 00000001 00000000 0EC1F070 00000000 3FDD997E 00000001
 0EC1F130 00000000 40717518 00000001 0000014A 00000000 3FF7BD97 00000001

Operating system:
 Name:     Windows
 Release:  6.1.7601 (Service Pack 1)
 Compiler: MSVC 1600

Configuration:
 Blitter:      8bpp-optimized
 Graphics set: original_windows (0)
 Language:     D:\OpenTTD\Trunk\lang\brazilian_portuguese.lng
 Music driver: win32
 Music set:    OpenMSX (96)
 Network:      no
 Sound driver: win32
 Sound set:    OpenSFX (87)
 Video driver: win32

AI Configuration (local: 255):

Libraries:
 FreeType:   2.4.5
 ICU:        4.4.2
 LZMA:       5.0.3
 LZO:        2.05
 PNG:        1.5.4
 Zlib:       1.2.5

Module information:
 D:\OpenTTD\Trunk\openttd.exe handle: 000000013FDD0000 size: 10736640 crc: D93C9368 date: 2013-06-17 18:21:12
 C:\Windows\SYSTEM32\ntdll.dll handle: 0000000077020000 size: 1731920 crc: 71D20A99 date: 2011-11-17 06:41:18
 C:\Program Files\AVAST Software\Avast\snxhk64.dll handle: 000000006FEB0000 size: 302224 crc: DBF076BC date: 2013-05-09 08:58:11
 C:\Windows\system32\KERNEL32.dll handle: 0000000076F00000 size: 1161216 crc: EC2F4AD5 date: 2012-11-30 05:41:07
 C:\Windows\system32\KERNELBASE.dll handle: 000007FEFCEF0000 size: 424448 crc: 2907A4D9 date: 2012-11-30 05:41:07
 C:\Windows\system32\WINMM.dll handle: 000007FEF9D00000 size: 217600 crc: 7BC1529F date: 2009-07-14 01:41:56
 C:\Windows\system32\msvcrt.dll handle: 000007FEFD530000 size: 634880 crc: 9D1B448A date: 2011-12-16 08:46:06
 C:\Windows\system32\USER32.dll handle: 0000000076E00000 size: 1008128 crc: 70FF7D7F date: 2010-11-20 13:27:27
 C:\Windows\system32\GDI32.dll handle: 000007FEFEBE0000 size: 403968 crc: 3D5BC405 date: 2010-11-20 13:26:25
 C:\Windows\system32\LPK.dll handle: 000007FEFD860000 size: 41984 crc: 350AF03B date: 2009-07-14 01:41:19
 C:\Windows\system32\USP10.dll handle: 000007FEFD250000 size: 800768 crc: ED52987B date: 2012-11-22 05:44:23
 C:\Windows\system32\WS2_32.dll handle: 000007FEFED10000 size: 297984 crc: 0F68689B date: 2010-11-20 13:27:29
 C:\Windows\system32\RPCRT4.dll handle: 000007FEFF0A0000 size: 1219584 crc: 5217F07C date: 2010-11-20 13:27:24
 C:\Windows\system32\NSI.dll handle: 000007FEFEBD0000 size: 13824 crc: 53B46F6C date: 2009-07-14 01:41:53
 C:\Windows\system32\ADVAPI32.dll handle: 000007FEFD870000 size: 877056 crc: FA615A20 date: 2009-07-14 01:40:01
 C:\Windows\SYSTEM32\sechost.dll handle: 000007FEFD230000 size: 113664 crc: 978CFAE5 date: 2009-07-14 01:41:53
 C:\Windows\system32\SHELL32.dll handle: 000007FEFD950000 size: 14172672 crc: CD9AB1F6 date: 2013-02-27 05:52:56
 C:\Windows\system32\SHLWAPI.dll handle: 000007FEFF2B0000 size: 448512 crc: 086DF743 date: 2010-11-20 13:27:25
 C:\Windows\system32\IMM32.DLL handle: 000007FEFE7C0000 size: 167424 crc: 41B2805A date: 2009-07-14 01:41:09
 C:\Windows\system32\MSCTF.dll handle: 000007FEFEF90000 size: 1067008 crc: 798DDDA0 date: 2009-07-14 01:41:28
 C:\Windows\system32\nvinitx.dll handle: 000007FEFCDC0000 size: 247144 crc: D35878CE date: 2012-10-08 14:42:36
 C:\Program Files\NVIDIA Corporation\CoProcManager\detoured.dll handle: 000000000F000000 size: 4096 crc: 64388172 date: 2012-09-03 13:05:37
 C:\Program Files\NVIDIA Corporation\CoProcManager\nvd3d9wrapx.dll handle: 000007FEF8540000 size: 317952 crc: 8353E4EB date: 2012-10-08 14:42:16
 C:\Windows\system32\SETUPAPI.dll handle: 000007FEFE7F0000 size: 1900544 crc: A364BD6A date: 2010-11-20 13:27:25
 C:\Windows\system32\CFGMGR32.dll handle: 000007FEFCEB0000 size: 207872 crc: 1984C339 date: 2010-11-20 13:25:50
 C:\Windows\system32\OLEAUT32.dll handle: 000007FEFE6E0000 size: 861696 crc: 1F331414 date: 2011-08-27 05:37:49
 C:\Windows\system32\ole32.dll handle: 000007FEFD320000 size: 2086912 crc: 72F91CD0 date: 2010-11-20 13:27:23
 C:\Windows\system32\DEVOBJ.dll handle: 000007FEFCF60000 size: 93184 crc: A7541AE2 date: 2009-07-14 01:40:28
 C:\Program Files\NVIDIA Corporation\CoProcManager\nvdxgiwrapx.dll handle: 000007FEF84F0000 size: 249344 crc: B69DA136 date: 2012-10-08 14:42:16
 C:\Windows\system32\uxtheme.dll handle: 000007FEFB550000 size: 332288 crc: B0A13DF9 date: 2009-07-14 01:41:56
 C:\Windows\system32\dwmapi.dll handle: 000007FEFB120000 size: 82432 crc: A459F360 date: 2009-07-14 01:40:34
 C:\Windows\system32\CRYPTBASE.dll handle: 000007FEFCCF0000 size: 44032 crc: F547C16E date: 2009-07-14 01:40:24
 C:\Windows\system32\mswsock.dll handle: 000007FEFC630000 size: 326144 crc: 136B1525 date: 2010-11-20 13:27:10
 C:\Windows\System32\wshtcpip.dll handle: 000007FEFBF80000 size: 13312 crc: 5D1E2C55 date: 2009-07-14 01:41:58
 C:\Windows\system32\MMDevAPI.DLL handle: 000007FEFB140000 size: 284160 crc: CDF2EF81 date: 2009-07-14 01:41:26
 C:\Windows\system32\PROPSYS.dll handle: 000007FEFB5B0000 size: 1212416 crc: B83FA3BE date: 2010-11-20 13:27:23
 C:\Windows\system32\wdmaud.drv handle: 000007FEF9CC0000 size: 217088 crc: 12829973 date: 2010-11-20 13:24:21
 C:\Windows\system32\ksuser.dll handle: 0000000074C30000 size: 5120 crc: AA2071D9 date: 2009-07-14 01:41:13
 C:\Windows\system32\AVRT.dll handle: 000007FEFA670000 size: 18432 crc: 5CE53CB7 date: 2009-07-14 01:40:05
 C:\Windows\system32\AUDIOSES.DLL handle: 000007FEF9C70000 size: 296448 crc: 90389554 date: 2010-11-20 13:25:42
 C:\Windows\system32\msacm32.drv handle: 000007FEF9C60000 size: 25600 crc: 2B579A05 date: 2009-07-14 01:38:50
 C:\Windows\system32\MSACM32.dll handle: 000007FEF9B30000 size: 83456 crc: 3D67538B date: 2009-07-14 01:41:27
 C:\Windows\system32\midimap.dll handle: 000007FEF9B00000 size: 20480 crc: CB902A13 date: 2009-07-14 01:41:23
 C:\Windows\system32\CLBCatQ.DLL handle: 000007FEFEC50000 size: 607744 crc: 939E35C9 date: 2009-07-14 01:40:15
 C:\Windows\System32\wship6.dll handle: 000007FEFC620000 size: 13824 crc: E3FBF123 date: 2009-07-14 01:41:58
 C:\Program Files\Common Files\Microsoft Shared\Windows Live\WLIDNSP.DLL handle: 000007FEF7D40000 size: 170880 crc: 0457B743 date: 2010-09-21 05:49:00
 C:\Windows\system32\PSAPI.DLL handle: 00000000771F0000 size: 9216 crc: 84B5E9BA date: 2009-07-14 01:41:53
 C:\Windows\system32\DNSAPI.dll handle: 000007FEFC4B0000 size: 357888 crc: 194CAF1C date: 2011-03-03 06:24:15
 C:\Windows\system32\IPHLPAPI.DLL handle: 000007FEF98D0000 size: 145920 crc: 000D9F17 date: 2010-11-20 13:26:39
 C:\Windows\system32\WINNSI.DLL handle: 000007FEF98B0000 size: 26112 crc: 744B2434 date: 2009-07-14 01:41:56
 C:\Windows\system32\rasadhlp.dll handle: 000007FEF7D30000 size: 16384 crc: C5FD1616 date: 2009-07-14 01:41:53
 C:\Windows\System32\fwpuclnt.dll handle: 000007FEF9740000 size: 324096 crc: 37B502C2 date: 2009-07-14 01:40:55
 C:\Windows\system32\mciseq.dll handle: 000007FEFA9C0000 size: 28672 crc: 61BC1358 date: 2009-07-14 01:41:21

---- gamelog start ----
Tick 0: new game started
     Revision text changed to r25421, savegame version 183, not modified, _openttd_newgrf_version = 0x1400634d
     New game mode: 1 landscape: 2
     Added NewGRF: GRF ID 43415000, checksum 8F77143D9432C52206D1730F9EEDFAE1, filename: opengfx_airports-0.4.1\ogfx-airports.grf (md5sum matches)
     Added NewGRF: GRF ID 4F472B34, checksum 4D0A47280C2396F4ED898276A757C209, filename: OpenGFX_Landscape-0.2.3\ogfx-landscape.grf (md5sum matches)
     Added NewGRF: GRF ID 4F472B32, checksum 3FD44FD23CAC8D29AA314BF6A304B684, filename: OpenGFX_Road_Vehicles-0.4.0\ogfx-rv.grf (md5sum matches)
     Added NewGRF: GRF ID 4F472B31, checksum 4E0B2D42462F295F36AFBA90D239A323, filename: OpenGFX_Trains-0.3.0\ogfx-trains.grf (md5sum matches)
     Added NewGRF: GRF ID 46727806, checksum 09E95562B1894A4D55D5532C6A889621, filename: OpenGFX_Trees-0.2.2\opengfx+trees.grf (md5sum matches)
     Added NewGRF: GRF ID 43485053, checksum 535695C4556EF397FB800F3D10E66965, filename: chips_station_set-1.2.1\chips.grf (md5sum matches)
     Added NewGRF: GRF ID F1250005, checksum 3594193D876A2B34F16D183A907AEBDD, filename: firs_industry_replacement_set-1.2.0\firs.grf (md5sum matches)
     Added NewGRF: GRF ID 4A530117, checksum 45C629AE46A650BF6DDF785F9D4A2B75, filename: ECS__FIRS_vehicle_set-2012.08.04\EFrefit.grf (md5sum matches)
     Added NewGRF: GRF ID 9787F081, checksum A3F50338D8BC1F7683321737F5B5FF00, filename: canadian_bk_tunnels-1.6.0\bktunnel.grf (md5sum matches)
     Added NewGRF: GRF ID 9787F481, checksum F8AD2B8739EAAA43A79F521106600491, filename: canadian_international_roads-1.6.0\canroads.grf (md5sum matches)
     Added NewGRF: GRF ID 9787EA81, checksum 344D22B14325AA88CA1D7B1272C1A7AC, filename: canadian_stations-1.6.0\canstn.grf (md5sum matches)
     Added NewGRF: GRF ID 56430001, checksum 2AD089EE6B73F25D79F286AD43765914, filename: total_town_replacement_set-3.14\ttrs3w.grf (md5sum matches)
---- gamelog end ----

*** End of OpenTTD Crash Report ***

Decoded stack trace:
[00] KERNELBASE           0x000007FEFCEF9E5D RaiseException + 61
[01] openttd              0x0000000140194FAD
[02] openttd              0x0000000140194364
[03] openttd              0x000000013FE23D17
[04] openttd              0x000000013FF5576A
[05] openttd              0x000000013FF55905
[06] openttd              0x000000013FDF7A39
[07] openttd              0x000000014009BB5D
[08] openttd              0x000000014009BB39
[09] openttd              0x00000001401969CF
[10] openttd              0x0000000140196A63
[11] KERNEL32             0x0000000076F1652D BaseThreadInitThunk + 13
[12] ntdll                0x000000007704C521 RtlUserThreadStart + 33

*** End of additional info ***
