*** OpenTTD Crash Report ***

Crash at: Mon Sep  6 07:53:58 2010
In game date: 1950-01-05 (5)

Crash reason:
 Signal:  Abort trap (6)
 Message: Assertion failed at line 67 of /Users/ingo/ottd/trunk/src/industry_map.h: IsTileType(t, MP_INDUSTRY)

OpenTTD version:
 Version:    h15079936 (0)
 NewGRF ver: 11005103
 Bits:       64
 Endian:     little
 Dedicated:  no
 Build date: Sep  5 2010 05:30:14


Stacktrace:
 [00] openttd              0x00000001000fad58 (CrashLog::FillCrashLog(char*, char const*) const + 336)
 [01] openttd              0x00000001001b4d97 (CrashLogOSX::MakeCrashLog() + 53)
 [02] openttd              0x00000001001b49e0 (HandleCrash(int) + 176)
 [03] libSystem.B.dylib    0x00007fff86ece35a (_sigtramp + 26)
 [04] libSystem.B.dylib    0x00007fff86e73923 (pthread_mutex_lock + 619)
 [05] openttd              0x000000010002f474 (error(char const*, ...) + 196)
 [06] openttd              0x0000000100195ce6 (TriggerIndustryTile(unsigned int, IndustryTileTrigger) + 150)
 [07] openttd              0x000000010012f94e (TileLoop_Industry(unsigned int) + 142)
 [08] openttd              0x0000000100140321 (RunTileLoop() + 193)
 [09] openttd              0x00000001001a8220 (StateGameLoop() + 2400)
 [10] openttd              0x00000001001a8f26 (GameLoop() + 774)
 [11] openttd              0x00000001002acd56 (QZ_GameLoop() + 390)
 [12] openttd              0x00000001002ac4a9 (-[OTTDMain applicationDidFinishLaunching:] + 9)
 [13] Foundation           0x00007fff809d684e (_nsnote_callback + 167)
 [14] CoreFoundation       0x00007fff83a2da90 (__CFXNotificationPost + 1008)
 [15] CoreFoundation       0x00007fff83a1a008 (_CFXNotificationPostNotification + 200)
 [16] Foundation           0x00007fff809cd7b8 (-[NSNotificationCenter postNotificationName:object:userInfo:] + 101)
 [17] AppKit               0x00007fff829bc832 (-[NSApplication _postDidFinishNotification] + 100)
 [18] AppKit               0x00007fff829bc767 (-[NSApplication _sendFinishLaunchingNotification] + 66)
 [19] AppKit               0x00007fff82a87719 (-[NSApplication(NSAppleEventHandling) _handleAEOpen:] + 219)
 [20] AppKit               0x00007fff82a87395 (-[NSApplication(NSAppleEventHandling) _handleCoreEvent:withReplyEvent:] + 77)
 [21] Foundation           0x00007fff80a0514a (-[NSAppleEventManager dispatchRawAppleEvent:withRawReply:handlerRefCon:] + 360)
 [22] Foundation           0x00007fff80a04f7a (_NSAppleEventManagerGenericHandler + 114)
 [23] AE                   0x00007fff8383b323 (aeDispatchAppleEvent(AEDesc const*, AEDesc*, unsigned int, unsigned char*) + 162)
 [24] AE                   0x00007fff8383b21c (dispatchEventAndSendReply(AEDesc const*, AEDesc*) + 32)
 [25] AE                   0x00007fff8383b123 (aeProcessAppleEvent + 210)
 [26] HIToolbox            0x00007fff85459741 (AEProcessAppleEvent + 48)
 [27] AppKit               0x00007fff8298c481 (_DPSNextEvent + 1191)
 [28] AppKit               0x00007fff8298bbed (-[NSApplication nextEventMatchingMask:untilDate:inMode:dequeue:] + 155)
 [29] AppKit               0x00007fff829518d3 (-[NSApplication run] + 395)
 [30] openttd              0x00000001001aa290 (ttd_main(int, char**) + 4640)
 [31] openttd              0x00000001001b539c (main + 108)
 [32] openttd              0x0000000100049904 (start + 52)
 [33] ???                  0x0000000000000001

Operating system:
 Name:     Mac OS X
 Release:  10.6.4
 Machine:  Intel 80486
 Min Ver:  1050
 Compiler: GCC 4.2.1 "4.2.1 (Based on Apple Inc. build 5658) (LLVM build 2326.10)"

Configuration:
 Blitter:      8bpp-optimized
 Graphics set: OpenGFX (529)
 Language:     german.lng
 Music driver: cocoa
 Music set:    OpenMSX (96)
 Network:      no
 Sound driver: cocoa
 Sound set:    OpenSFX (87)
 Video driver: cocoa

AI Configuration (local: 0):
  0: Human

Libraries:
 FreeType:   2.4.2
 ICU:        4.3.4
 LZO:        2.03
 PNG:        1.2.43
 Zlib:       1.2.5

---- gamelog start ----
Tick 0: new game started
     Revision text changed to h15079936, savegame version 148, not modified, _openttd_newgrf_version = 0x11005103
     New game mode: 1 landscape: 1
     Added NewGRF: GRF ID 46727806, checksum CF4EABF10723CB203EA7D0B7A2D4D9D5, filename: art.grf
     Added NewGRF: GRF ID 53455230, checksum D9769E9BF891EB36FFB18ADFAE4A8F61, filename: swedishrails-nightly/swedishrails.grf
     Added NewGRF: GRF ID F1250004, checksum 662712A2FE9A78223BCAF5658127CA7A, filename: firs_industry_replacement_set-0.4/firs.grf
     Added NewGRF: GRF ID 56430001, checksum BCE83494FAEF9E159DFCB53DA61472F3, filename: ttrs3w-nightly/ttrs3w.grf
---- gamelog end ----

*** End of OpenTTD Crash Report ***
