*** OpenTTD Crash Report ***

Crash at: Mon Dec 05 12:56:33 2011
In game date: 2051-01-01 (0)

Crash reason:
 Exception: E1212012
 Location:  000007FEFCF6CACD
 Message:   Assertion failed at line 1686 of ..\src\window.cpp: w->nested_root->resize_y == 0 || new_yinc % w->nested_root->resize_y == 0

OpenTTD version:
 Version:    r23432 (0)
 NewGRF ver: 12005b88
 Bits:       64
 Endian:     little
 Dedicated:  no
 Build date: Dec  4 2011 19:10:16

Registers:
 RAX: 00000000775D16B1 RBX: 0000000000000016 RCX: 000000000018E6A0 RDX: 0000000000000000
 RSI: 0000000000000000 RDI: 0000000000000008 RBP: 0000000009BC10B0 RSP: 000000000018ECB0
 R8:  0000000000000000 R9:  0000000000000000 R10: 0000000000000000 R11: 0000000000000286
 R12: 000000013FA8A058 R13: 000000013F38785C R14: 0000000000000001 R15: 0000007B00000000
 RIP: 000007FEFCF6CACD EFLAGS: 00000206

 Bytes at instruction pointer:
 48 81 C4 C8 00 00 00 C3 90 90 90 90 90 90 90 90 90 90 90 48 89 5C 24 18

Stack trace:
 00000016 00000000 00000000 00000000 00000008 00000000 0000007E 00000000
 E1212012 00000000 00000000 00000000 FCF6CACD 000007FE 00000000 00000000
 3FB178C0 00000001 76EF146B 00000000 000000FC 00000000 00050402 00000000
 00000010 00000000 3FA0A068 00000001 00000050 00000000 00050402 00000000
 00000000 00000000 77593BFA 00000000 3FA0A068 00000001 00000010 00000000
 00000000 00000000 00000000 00000000 00000000 00000000 00000000 00000000
 00000001 00000000 3F481AD5 00000001 00000016 00000000 43CD999A 00000000
 00000001 00000000 77589C7A 00000000 00000000 00000000 00000000 0000007B
 000004A1 00000000 000002F3 00000000 00000016 00000000 00000000 00000000
 000001C5 00000000 3F480E94 00000001 00000001 00000000 3FB178C0 00000001
 00000190 00000000 FFFFFFFF 00000000 000001C5 00000000 3F1940D3 00000001
 08A6A760 00000000 09BC10B0 00000000 00000190 00000000 09BCA500 00000000
 65737341 6F697472 6166206E 64656C69 20746120 656E696C 38363120 666F2036
 5C2E2E20 5C637273 646E6977 632E776F 203A7070 6E3E2D77 65747365 6F725F64
 3E2D746F 69736572 795F657A 203D3D20 7C7C2030 77656E20 6E69795F 20252063
 6E3E2D77 65747365 6F725F64 3E2D746F 69736572 795F657A 203D3D20 00000030
 00000000 00000000 00000000 00000000 0000000C 00000000 00000010 00000000
 00000000 00000000 00000020 00000000 00000000 00000000 00000012 00000000
 00000000 00000000 3F1C3734 00000001 00000010 00000000 00000100 00000000
 00000000 00000000 09BCA650 00000000 000000F0 00000000 00000010 00000000
 00000000 00000000 3F1C3525 00000001 00000012 00000000 00000000 00000000
 00000000 00000000 3F1C2DC2 00000001 09BCA3B0 00000000 000000F0 00000000
 00000110 00000000 00000000 00000000 000000F0 00000000 00000110 00000000
 00000000 00000000 00000012 00000000 000004A1 00000000 00000000 00000000

Operating system:
 Name:     Windows
 Release:  6.1.7601 (Service Pack 1)
 Compiler: MSVC 1600

Configuration:
 Blitter:      8bpp-optimized
 Graphics set: OpenGFX (846)
 Language:     C:\Program Files\OpenTTD\lang\english_US.lng
 Music driver: win32
 Music set:    NoMusic (0)
 Network:      no
 Sound driver: win32
 Sound set:    OpenSFX (87)
 Video driver: win32

AI Configuration (local: 0):
  0: Human

Libraries:
 FreeType:   2.4.5
 ICU:        4.4.2
 LZMA:       5.0.3
 LZO:        2.05
 PNG:        1.5.4
 Zlib:       1.2.5

Module information:
 C:\Program Files\OpenTTD\openttd.exe handle: 000000013F150000 size: 9941504 crc: 7640AE5F date: 2011-12-04 19:13:17
 C:\Windows\SYSTEM32\ntdll.dll handle: 0000000077560000 size: 1731936 crc: 7AB8D690 date: 2010-11-20 13:28:37
 C:\Windows\system32\kernel32.dll handle: 0000000077440000 size: 1162752 crc: 4F9F79FE date: 2011-07-16 05:37:12
 C:\Windows\system32\KERNELBASE.dll handle: 000007FEFCF60000 size: 421888 crc: D7A16149 date: 2011-07-16 05:37:12
 C:\Windows\system32\WINMM.dll handle: 000007FEFA140000 size: 217600 crc: 7BC1529F date: 2009-07-14 01:41:56
 C:\Windows\system32\msvcrt.dll handle: 000007FEFE9D0000 size: 634880 crc: 7F3E716F date: 2009-07-14 01:41:32
 C:\Windows\system32\USER32.dll handle: 0000000076E80000 size: 1008128 crc: 70FF7D7F date: 2010-11-20 13:27:27
 C:\Windows\system32\GDI32.dll handle: 000007FEFECF0000 size: 403968 crc: 3D5BC405 date: 2010-11-20 13:26:25
 C:\Windows\system32\LPK.dll handle: 000007FEFD900000 size: 41984 crc: 350AF03B date: 2009-07-14 01:41:19
 C:\Windows\system32\USP10.dll handle: 000007FEFE6A0000 size: 800256 crc: B511F4B9 date: 2010-11-20 13:27:27
 C:\Windows\system32\WS2_32.dll handle: 000007FEFEA70000 size: 297984 crc: 0F68689B date: 2010-11-20 13:27:29
 C:\Windows\system32\RPCRT4.dll handle: 000007FEFD7D0000 size: 1219584 crc: 5217F07C date: 2010-11-20 13:27:24
 C:\Windows\system32\NSI.dll handle: 000007FEFD300000 size: 13824 crc: 53B46F6C date: 2009-07-14 01:41:53
 C:\Windows\system32\ADVAPI32.dll handle: 000007FEFE770000 size: 877056 crc: FA615A20 date: 2009-07-14 01:40:01
 C:\Windows\SYSTEM32\sechost.dll handle: 000007FEFEAC0000 size: 113664 crc: 978CFAE5 date: 2009-07-14 01:41:53
 C:\Windows\system32\SHELL32.dll handle: 000007FEFD910000 size: 14173184 crc: 976AAFA5 date: 2011-08-30 05:25:09
 C:\Windows\system32\SHLWAPI.dll handle: 000007FEFD540000 size: 448512 crc: 086DF743 date: 2010-11-20 13:27:25
 C:\Windows\system32\IMM32.DLL handle: 000007FEFECC0000 size: 167424 crc: 41B2805A date: 2009-07-14 01:41:09
 C:\Windows\system32\MSCTF.dll handle: 000007FEFD430000 size: 1067008 crc: 798DDDA0 date: 2009-07-14 01:41:28
 C:\Program Files\CheckPoint\ZAForceField\Plugins\ISWSHEX.dll handle: 00000000222F0000 size: 1049728 crc: 776D51AE date: 2011-11-03 14:44:46
 C:\Windows\WinSxS\amd64_microsoft.vc80.crt_1fc8b3b9a1e18e3b_8.0.50727.6195_none_88e41e092fab0294\MSVCR80.dll handle: 0000000071F70000 size: 802640 crc: 5D9AD12D date: 2011-06-15 04:09:39
 C:\Windows\system32\WINTRUST.dll handle: 000007FEFD0B0000 size: 220672 crc: 124DD62B date: 2010-11-20 13:27:28
 C:\Windows\system32\CRYPT32.dll handle: 000007FEFD110000 size: 1456128 crc: D9DB05FA date: 2010-11-20 13:25:59
 C:\Windows\system32\MSASN1.dll handle: 000007FEFCF50000 size: 46592 crc: 50F9CBBE date: 2010-11-20 13:27:00
 C:\Windows\WinSxS\amd64_microsoft.vc80.crt_1fc8b3b9a1e18e3b_8.0.50727.6195_none_88e41e092fab0294\MSVCP80.dll handle: 0000000071E60000 size: 1068368 crc: 85702797 date: 2011-06-15 04:09:39
 C:\Windows\system32\ole32.dll handle: 000007FEFD5C0000 size: 2086912 crc: 72F91CD0 date: 2010-11-20 13:27:23
 C:\Windows\system32\ntmarta.dll handle: 000007FEFB180000 size: 162304 crc: 5344798C date: 2009-07-14 01:41:53
 C:\Windows\system32\WLDAP32.dll handle: 000007FEFD280000 size: 312832 crc: 38AE3CF8 date: 2010-11-20 13:27:28
 C:\Windows\system32\SHFolder.dll handle: 000007FEF5C60000 size: 10240 crc: 08A48DE3 date: 2009-07-14 01:41:54
 C:\Windows\system32\uxtheme.dll handle: 000007FEFB5A0000 size: 332288 crc: B0A13DF9 date: 2009-07-14 01:41:56
 C:\Windows\system32\CRYPTBASE.dll handle: 000007FEFCDE0000 size: 44032 crc: F547C16E date: 2009-07-14 01:40:24
 C:\Windows\system32\mswsock.dll handle: 000007FEFC720000 size: 326144 crc: 136B1525 date: 2010-11-20 13:27:10
 C:\Windows\System32\wshtcpip.dll handle: 000007FEFC050000 size: 13312 crc: 5D1E2C55 date: 2009-07-14 01:41:58
 C:\Windows\system32\MMDevAPI.DLL handle: 000007FEFBC30000 size: 284160 crc: CDF2EF81 date: 2009-07-14 01:41:26
 C:\Windows\system32\PROPSYS.dll handle: 000007FEFBB00000 size: 1212416 crc: B83FA3BE date: 2010-11-20 13:27:23
 C:\Windows\system32\OLEAUT32.dll handle: 000007FEFE850000 size: 861696 crc: 1F331414 date: 2011-08-27 05:37:49
 C:\Windows\system32\wdmaud.drv handle: 000007FEF5560000 size: 217088 crc: 12829973 date: 2010-11-20 13:24:21
 C:\Windows\system32\ksuser.dll handle: 0000000070D60000 size: 5120 crc: AA2071D9 date: 2009-07-14 01:41:13
 C:\Windows\system32\AVRT.dll handle: 000007FEFBAF0000 size: 18432 crc: 5CE53CB7 date: 2009-07-14 01:40:05
 C:\Windows\system32\SETUPAPI.dll handle: 000007FEFEAE0000 size: 1900544 crc: A364BD6A date: 2010-11-20 13:27:25
 C:\Windows\system32\CFGMGR32.dll handle: 000007FEFCFD0000 size: 207872 crc: 1984C339 date: 2010-11-20 13:25:50
 C:\Windows\system32\DEVOBJ.dll handle: 000007FEFD0F0000 size: 93184 crc: A7541AE2 date: 2009-07-14 01:40:28
 C:\Windows\system32\AUDIOSES.DLL handle: 000007FEF5510000 size: 296448 crc: 90389554 date: 2010-11-20 13:25:42
 C:\Windows\system32\msacm32.drv handle: 000007FEF5500000 size: 25600 crc: 2B579A05 date: 2009-07-14 01:38:50
 C:\Windows\system32\MSACM32.dll handle: 000007FEF54E0000 size: 83456 crc: 3D67538B date: 2009-07-14 01:41:27
 C:\Windows\system32\midimap.dll handle: 000007FEF54D0000 size: 20480 crc: CB902A13 date: 2009-07-14 01:41:23
 C:\Windows\system32\CLBCatQ.DLL handle: 000007FEFE930000 size: 607744 crc: 939E35C9 date: 2009-07-14 01:40:15
 C:\Windows\system32\dwmapi.dll handle: 000007FEFC160000 size: 82432 crc: A459F360 date: 2009-07-14 01:40:34
 C:\Windows\system32\psapi.dll handle: 0000000077730000 size: 9216 crc: 84B5E9BA date: 2009-07-14 01:41:53

---- gamelog start ----
Tick 0: new game started
     Revision text changed to r23432, savegame version 166, not modified, _openttd_newgrf_version = 0x12005b88
     New game mode: 1 landscape: 0
     Added NewGRF: GRF ID 46429006, checksum BE358E05F2AE2D1DFE8E85ED45495BF1, filename: Separators\landscape.grf (md5sum matches)
     Added NewGRF: GRF ID 4F472B34, checksum 212E2D4382366B4C126F161D5E87288F, filename: Landscape\OpenGFX+ Landscape r108.grf (md5sum matches)
     Added NewGRF: GRF ID 46727806, checksum FEBCD12024459EEF1F06485394DDD7A9, filename: Landscape\OpenGFX Trees r51.grf (md5sum matches)
     Added NewGRF: GRF ID 6D620900, checksum 923A716E2E8F22D61659B94C003C7CD5, filename: Landscape\riversw.grf (md5sum matches)
     Added NewGRF: GRF ID 444E0800, checksum B0DB930C8D8987D6FB4CAC6CA15589D1, filename: Landscape\VASTobjects v0.2.25.grf (md5sum matches)
     Added NewGRF: GRF ID 46429005, checksum A356711BD741FB811600BFD01470379E, filename: Separators\town-buildings.grf (md5sum matches)
     Added NewGRF: GRF ID 504A4348, checksum 992CA1748EB3A25F349B529DD5BB0481, filename: Towns-Buildings\highhqw.grf (md5sum matches)
     Added NewGRF: GRF ID 41533031, checksum F3A0A556505B7A94733D85B892C2070C, filename: Towns-Buildings\swehouses v1.1.1.grf (md5sum matches)
     Added NewGRF: GRF ID 54420210, checksum 2526945EE57F065E0AB27A0F7AB92680, filename: Towns-Buildings\us_towns v1.0.grf (md5sum matches)
     Added NewGRF: GRF ID 46429002, checksum 8FB0984C37C6EEBFEE21C84C2EC8869C, filename: Separators\infrstructure.grf (md5sum matches)
     Added NewGRF: GRF ID 19060801, checksum 6CFC6328D999C140851BFE6514BA277A, filename: Infrastructure\bigdepot.grf (md5sum matches)
     Added NewGRF: GRF ID 44440502, checksum 9B2267C916691C45A2C85BE1FF54F7C3, filename: Infrastructure\ussigzw.grf (md5sum matches)
     Added NewGRF: GRF ID 54631002, checksum 8A4C46A4E6BE179023A39A6E6202061E, filename: Infrastructure\rail-cs-ottd.grf (md5sum matches)
     Added NewGRF: GRF ID 5463C002, checksum 225853AB4CD4BD86D312B1269FF9CD12, filename: Infrastructure\unifont.grf (md5sum matches)
     Added NewGRF: GRF ID FBFB0501, checksum FD590D8908026D190DBD25649BC0933C, filename: Infrastructure\Dutch Road Furniture r49.grf (md5sum matches)
     Added NewGRF: GRF ID 44573553, checksum EF7529EBEAF35758EE07E628B25F608D, filename: Infrastructure\DWE NewObjects v0.1.grf (md5sum matches)
     Added NewGRF: GRF ID 6D620C00, checksum C5987ACC9C19F4720085C6456EE915D8, filename: Infrastructure\marico v0.22w.grf (md5sum matches)
     Added NewGRF: GRF ID 4D480104, checksum ED0F181187003538C6A65A251D14A854, filename: Infrastructure\mphfencew.grf (md5sum matches)
     Added NewGRF: GRF ID 49450008, checksum F7AB9FF79C9824E41F1FA073A87A70B1, filename: Infrastructure\transmitter.grf (md5sum matches)
     Added NewGRF: GRF ID 4E480102, checksum 8D15ADBA3E86C6B5B22A088CF929F02B, filename: Infrastructure\nhfoundationsw_v0.2.grf (md5sum matches)
     Added NewGRF: GRF ID 43415000, checksum 284F20FCF645C16D06120DADFD7ECB08, filename: Infrastructure\OpenGFX+ Airports r146.grf (md5sum matches)
     Added NewGRF: GRF ID 53430101, checksum CF293FF57A05F8190CEC974468CDA78A, filename: Infrastructure\SAC's Objects v1.2w.grf (md5sum matches)
     Added NewGRF: GRF ID 62637272, checksum 4DD8BFFCC621635965626D37E598B811, filename: Infrastructure\yarrs_v0.2.1.grf (md5sum matches)
     Added NewGRF: GRF ID 43415261, checksum 15F5C5EDD710F193D695A232B5843D1D, filename: Infrastructure\NARoads v1.0a w.grf (md5sum matches)
     Added NewGRF: GRF ID 74677462, checksum DCE498065ACF0D1C92AA13356489DD82, filename: Infrastructure\tbrsv1.11_NAR_w.grf (md5sum matches)
     Added NewGRF: GRF ID 4D694A00, checksum 872F61B9B338CE92420A9DB31C3DA670, filename: Infrastructure\ez_tunnel.grf (md5sum matches)
     Added NewGRF: GRF ID 444E0C00, checksum B5D2AB5FC93A09E1FAB5F0DB82307ECF, filename: Infrastructure\VAST Fences v0.2.0.grf (md5sum matches)
     Added NewGRF: GRF ID 46429001, checksum 96715B253307A55DA94B02E43C792602, filename: Separators\stations.grf (md5sum matches)
     Added NewGRF: GRF ID 4A430002, checksum 0728ADCB4DF2F1EB9247ABD449296F4E, filename: Stations\indstatrw v0.8.grf (md5sum matches)
     Added NewGRF: GRF ID 4D50004F, checksum EB30F2BBF7371DE2C3D02FFEF2A51354, filename: Stations\isrconvw.grf (md5sum matches)
     Added NewGRF: GRF ID 45520001, checksum E6E1B419C310FD9E19863DED20400E14, filename: Stations\pgs-statw v1.2.grf (md5sum matches)
     Added NewGRF: GRF ID 58534D00, checksum 6F4C28B41F5127046DED0320D0BE533B, filename: Stations\modern_set v1.0beta.grf (md5sum matches)
     Added NewGRF: GRF ID 43415463, checksum 422B1603DC1CEDA4E59E715E12EAD332, filename: Stations\canstnw.grf (md5sum matches)
     Added NewGRF: GRF ID 6D620601, checksum 44EB2F155862E4D4F0AB671D7021AF54, filename: Stations\newstatsw.grf (md5sum matches)
     Added NewGRF: GRF ID 444E0400, checksum 9C6BBB00031F8E27175F6242C095B7AD, filename: Stations\VAST v0.2.13.grf (md5sum matches)
     Added NewGRF: GRF ID 44573452, checksum 48CF5FC0DEB895136F337A7E563FC66D, filename: Stations\dwe_stat_r0.7.grf (md5sum matches)
     Added NewGRF: GRF ID 46429003, checksum 28996AB1BCB293EF81D43E1A2E8E29F4, filename: Separators\vehicles.grf (md5sum matches)
     Added NewGRF: GRF ID 44440A01, checksum 231A4670430113EB9C5F2F46167D2220, filename: Vehicles\pb_av8w v2.0.grf (md5sum matches)
     Added NewGRF: GRF ID 414E0101, checksum 757241330FB3FD198C4FDF2354693B1D, filename: Vehicles\FISH r707.grf (md5sum matches)
     Added NewGRF: GRF ID 4E415256, checksum 59F5C99D5D83BC4A8078D694C0EB07BD, filename: Vehicles\NARVS r57.grf (md5sum matches)
     Added NewGRF: GRF ID 41501202, checksum AFD7B7A8438B8A297811C8E3FC6B2C21, filename: Vehicles\HEQS r762.grf (md5sum matches)
     Added NewGRF: GRF ID 52571201, checksum C1C7D8C53EB7E74EEE2F0EF29638B466, filename: Vehicles\egrvts.grf (md5sum matches)
     Added NewGRF: GRF ID 43415362, checksum 06EE3E6735A132913F628A6B848CA544, filename: Vehicles\CanSet_v1.0_w.grf (md5sum matches)
     Added NewGRF: GRF ID 46429004, checksum 2AA504F45E3F67753A0F07EBB2417A67, filename: Separators\newindustries.grf (md5sum matches)
     Added NewGRF: GRF ID 4F472B33, checksum 328A8A94A8EF238A359A62FD3DA85E83, filename: Industries\OGFX+ Industries r124.grf (md5sum matches)
---- gamelog end ----

*** End of OpenTTD Crash Report ***

Decoded stack trace:
[00] KERNELBASE           0x000007FEFCF6CACD RaiseException + 61
[01] openttd              0x000000013F481AD5
[02] openttd              0x000000013F480E94
[03] openttd              0x000000013F1940D3
[04] openttd              0x000000013F1C910D
[05] openttd              0x000000013F1D466A
[06] openttd              0x000000013F1C7702
[07] openttd              0x000000013F1C769B
[08] openttd              0x000000013F1C766D
[09] openttd              0x000000013F1C77A6
[10] openttd              0x000000013F176C67
[11] openttd              0x000000013F176E3C
[12] openttd              0x000000013F1CA747
[13] openttd              0x000000013F386142
[14] openttd              0x000000013F1961F1
[15] openttd              0x000000013F388642
[16] openttd              0x000000013F4837DC
[17] kernel32             0x000000007745652D BaseThreadInitThunk + 13
[18] ntdll                0x000000007758C521 RtlUserThreadStart + 33

*** End of additional info ***
