*** OpenTTD Crash Report ***
Date: 2009-02-19 17:16:48
Build: 0.7.0-beta1 built on Feb 16 2009 23:32:26
Reason: [net] Trying to execute a packet in the past!
Language: english.lng
Exception C0000005 at 00444490
Registers:
 EAX: 00000001 EBX: 00000001 ECX: 00006503 EDX: 00A20001
 ESI: 0012FA30 EDI: 00D7E44F EBP: 0012FC34 ESP: 0012FA1C
 EIP: 00444490 EFLAGS: 00010202

Bytes at CS:EIP:
 C6 05 00 00 00 00 00 5B C2 04 00 55 8B EC 81 EC 14 04 00 00 56 57 8B 7D

Stack trace: 
 00000000 004294E0 00000001 00D7E45F 00D7E45F 74656E5B 7254205D 676E6979
 206F7420 63657865 20657475 61702061 74656B63 206E6920 20656874 74736170
 00520021 00000000 AE011CCD FF010AB9 00CE6ED8 0188000B 0185000F 0000026B
 00000001 7E368BD9 7E3C1088 0138BE70 0012FAC8 FF010AB9 00000001 00000000
 00000000 0000035F 000003C4 00000000 00000000 00000000 00528B60 7FFDE000
 AA309000 AA308D64 00000000 0012FFB0 7FFDE000 00030684 0012FB00 7E368734
 00030684 0000000F 00000000 00000000 00528B60 DCBAABCD 00000000 0012FB3C
 00528B60 0012FB68 7E368BD9 7FFDE000 0012FB68 7E36885A 0012FB28 7E36882A
 00000000 00030684 0091DBD8 00000014 00000001 00000000 00000000 00000001
 00000478 747013D9 00000001 00000000 00000000 0012FB1C 00000000 0012FBAC
 7E39048F 7E368830 FFFFFFFF 7E36882A 7E378EA0 00000000 00528B60 00030684
 0000000F 00674084 00000070 00092AC8 00419129 0012FBBC 00674084 004192D6
 00D7C33A 00000000 0012FC64 00000000 00000005 00CE6ED8 00092AC8 00000002
 FF284C78 FF2C507C FF305480 FF204470 FF244874 FF486490 FF486490 FF486490
 00000008 00442E8E 00000008 000000CA 0427E508 0012FC28 7FFDE000 0012FC50
 7C802440 0012FC14 7C802413 00D7E44F 00D7E44F 7E37A78F 00000014 00000001
 00438694 003D3F34 00424508 00D7E44F 00D7E45F 0012FC50 0012FC50 00422CC0
 0062AF00 00D7E45F 0042139D 00421543 01FBCFC0 0012FC64 0042AC67 00D7E45F
 00000000 0012FC4C 00000000 005297B3 0068A9F0 00CEB768 0012FD14 00000000
 0012FC68 00D7E45F 00D7E47D 00000000 00000000 00030684 0000000F 00000000
 00000000 00D7E43F 0000026B 00000000 0042A189 0012FD2C 00000001 00000001
 01000001 00000000 00000000 00000000 00000000 00CEB758 FFFFFFFF FFFFFFFF
 00000000 00000000 00000000 FFFFFFFF 00000000 0012FF30 00000000 00000000
 00000000 FFFFFFFF 0012FE34 0062C4C8 00000000 0000D144 0012FF30 004452F1

Module information:
 G:\hry\openttd45\openttd.exe handle: 00400000 size: 2581504 crc: 747E5D10 date: 2009-02-16 22:36:28
 C:\WINDOWS\system32\ntdll.dll handle: 7C900000 size: 700928 crc: 21D41961 date: 2008-04-14 03:21:04
 C:\WINDOWS\system32\kernel32.dll handle: 7C800000 size: 988160 crc: 51E9F740 date: 2008-04-14 03:21:45
 C:\WINDOWS\system32\WINMM.dll handle: 76B30000 size: 174592 crc: 97C69A23 date: 2008-04-14 03:22:05
 C:\WINDOWS\system32\ADVAPI32.dll handle: 77DC0000 size: 684032 crc: 32120066 date: 2008-04-14 03:21:36
 C:\WINDOWS\system32\RPCRT4.dll handle: 77E70000 size: 584704 crc: E8278DD0 date: 2008-04-14 03:21:54
 C:\WINDOWS\system32\Secur32.dll handle: 77FE0000 size: 56320 crc: 1D8EE2B3 date: 2008-04-14 03:21:54
 C:\WINDOWS\system32\GDI32.dll handle: 77F10000 size: 286720 crc: 558CB163 date: 2008-10-23 12:42:52
 C:\WINDOWS\system32\USER32.dll handle: 7E360000 size: 578560 crc: 810EA445 date: 2008-04-14 03:22:04
 C:\WINDOWS\system32\WS2_32.dll handle: 71A90000 size: 82432 crc: 54E7139D date: 2008-04-14 03:22:06
 C:\WINDOWS\system32\msvcrt.dll handle: 77C00000 size: 343040 crc: 82A18593 date: 2008-04-14 03:21:49
 C:\WINDOWS\system32\WS2HELP.dll handle: 71A80000 size: 19968 crc: 16A4F56E date: 2008-04-14 03:22:06
 C:\WINDOWS\system32\IMM32.DLL handle: 76370000 size: 110080 crc: 7CC3FB3C date: 2008-04-14 03:21:43
 C:\WINDOWS\system32\serwvdrv.dll handle: 5D260000 size: 14848 crc: AFEA6A6C date: 2001-10-25 14:00:00
 C:\WINDOWS\system32\umdmxfrm.dll handle: 5B580000 size: 13312 crc: 7C2E3391 date: 2001-10-25 14:00:00
 C:\WINDOWS\system32\SHFolder.dll handle: 76770000 size: 25088 crc: C487B370 date: 2008-04-14 03:21:55
 C:\WINDOWS\system32\SHLWAPI.dll handle: 77F60000 size: 474112 crc: A5A650CE date: 2008-04-14 03:21:55
 C:\WINDOWS\WinSxS\x86_Microsoft.Windows.Common-Controls_6595b64144ccf1df_6.0.2600.5512_x-ww_35d4ce83\comctl32.dll handle: 773C0000 size: 1054208 crc: CE734765 date: 2008-04-14 03:07:05
 C:\WINDOWS\system32\comctl32.dll handle: 5D5A0000 size: 617472 crc: EF37BB95 date: 2008-04-14 03:21:38
 C:\WINDOWS\system32\WINTRUST.dll handle: 76C20000 size: 176640 crc: 6AB4DBF4 date: 2008-04-14 03:22:05
 C:\WINDOWS\system32\CRYPT32.dll handle: 77A70000 size: 602112 crc: 8BA8D385 date: 2008-04-14 03:21:38
 C:\WINDOWS\system32\MSASN1.dll handle: 77B10000 size: 57344 crc: EAFD178F date: 2008-04-14 03:21:47
 C:\WINDOWS\system32\IMAGEHLP.dll handle: 76C80000 size: 144384 crc: 77B067D2 date: 2008-04-14 03:21:43
 C:\WINDOWS\system32\wdmaud.drv handle: 72CE0000 size: 23552 crc: D4EA0544 date: 2008-04-14 03:22:58
 C:\WINDOWS\system32\msacm32.drv handle: 72CD0000 size: 20480 crc: D2823952 date: 2001-10-25 14:00:00
 C:\WINDOWS\system32\MSACM32.dll handle: 77BD0000 size: 71680 crc: 0F11E98F date: 2008-04-14 03:21:46
 C:\WINDOWS\system32\midimap.dll handle: 77BC0000 size: 18944 crc: 6C0FE179 date: 2008-04-14 03:21:45
 C:\WINDOWS\system32\ole32.dll handle: 774D0000 size: 1287168 crc: D88DA305 date: 2008-04-14 03:21:53
 C:\WINDOWS\system32\uxtheme.dll handle: 5B250000 size: 219648 crc: A269DCE7 date: 2008-04-14 03:22:04
 C:\WINDOWS\system32\MSCTF.dll handle: 746F0000 size: 297984 crc: 7E4D8B79 date: 2008-04-14 03:21:47
 C:\WINDOWS\system32\CLBCATQ.DLL handle: 76FC0000 size: 498688 crc: 7485F944 date: 2008-04-14 03:21:38
 C:\WINDOWS\system32\COMRes.dll handle: 77040000 size: 806912 crc: 0037EB49 date: 2008-04-14 03:21:38
 C:\WINDOWS\system32\OLEAUT32.dll handle: 77110000 size: 551936 crc: 8BC4BD61 date: 2008-04-14 03:21:53
 C:\WINDOWS\system32\VERSION.dll handle: 77BF0000 size: 18944 crc: D999F19B date: 2008-04-14 03:22:04
 C:\WINDOWS\system32\dmime.dll handle: 60D60000 size: 181248 crc: 051A53CA date: 2008-04-14 03:21:39
 C:\WINDOWS\system32\DSOUND.dll handle: 73ED0000 size: 367616 crc: D00E35F8 date: 2008-04-14 03:21:40
 C:\WINDOWS\system32\dmusic.dll handle: 6CF00000 size: 104448 crc: 661BBD3C date: 2008-04-14 03:21:39
 C:\WINDOWS\system32\KsUser.dll handle: 73EA0000 size: 4096 crc: 5FA40F0A date: 2008-04-14 03:21:45
 C:\WINDOWS\system32\dmsynth.dll handle: 6CF20000 size: 103424 crc: 15A88EB7 date: 2008-04-14 03:21:39
 C:\WINDOWS\system32\dmloader.dll handle: 6CF90000 size: 35840 crc: 37FCABDE date: 2008-04-14 03:21:39
 C:\WINDOWS\system32\msctfime.ime handle: 751A0000 size: 177152 crc: 8CE75743 date: 2008-04-14 03:18:29
 C:\WINDOWS\system32\mswsock.dll handle: 71A30000 size: 247296 crc: AA868B0C date: 2008-06-20 17:49:25
 C:\WINDOWS\system32\hnetcfg.dll handle: 698B0000 size: 345088 crc: 8D58532C date: 2008-04-14 03:21:42
 C:\WINDOWS\System32\wshtcpip.dll handle: 71A70000 size: 19456 crc: 3807F96C date: 2008-04-14 03:22:06
 G:\Program Files\Trillian\events.dll handle: 16000000 size: 163840 crc: CB4163B9 date: 2005-03-14 23:00:00
 C:\WINDOWS\system32\comdlg32.dll handle: 76390000 size: 279040 crc: D70F613B date: 2008-04-14 03:21:38
 C:\WINDOWS\system32\SHELL32.dll handle: 7C9C0000 size: 8465408 crc: 3CAC6642 date: 2008-04-14 03:21:55
 G:\Program Files\Trillian\MSVCR71.dll handle: 7C340000 size: 348160 crc: 35563170 date: 2005-03-14 23:00:00
 C:\WINDOWS\system32\psapi.dll handle: 76BE0000 size: 23040 crc: E668331A date: 2008-04-14 03:21:53

System information:
 Windows version 5.1 2600 Service Pack 3

---- gamelog start ----
Tick 2714: game loaded
     Conversion from OTTD savegame without gamelog: version 92, 0
     Revision text changed to 0.7.0-beta1, savegame version 113, maybe modified, _openttd_newgrf_version = 0x07003c8e
     New game mode: 1 landscape: 0
     Added NewGRF: GRF ID 4D470501, checksum 3584807C9B1DFDA8A910A2B48295681F, filename: 0_info.grf
     Added NewGRF: GRF ID 56430001, checksum AF3E0A1E6EF0B98DB966594578D1775B, filename: 6_town_buildings\ttrs3\ttrs3w.GRF
     Added NewGRF: GRF ID 4A430002, checksum 586499B6B66A461D0CB653B46FCB1433, filename: 7_stations\platforms\indstatrw.grf
     Added NewGRF: GRF ID 4D656F91, checksum C8CBEBFFFA6499A0BF74B3B339F7D24D, filename: ECSTownw.grf
     Added NewGRF: GRF ID 4D656F92, checksum 544B643938AF3011B93ECC8B6C2FF94E, filename: ECSBasicw.grf
     Added NewGRF: GRF ID 4D656F97, checksum 38DEEB6349F0E7DEEAA95FF4059B0901, filename: ottdc_grfpack\5_industries_cargos\ECS7Agri\ECSAgriw.grf
     Added NewGRF: GRF ID 4D656F9C, checksum A1BE6953451908697D6E1DEBF76BA537, filename: 5_industries_cargos\ECS3Chem\ECSChem2w.grf
     Added NewGRF: GRF ID 4D656F9B, checksum 39B905780CED40E7394F7F23E22D6CB6, filename: 5_industries_cargos\ECS6CPikk\ECSCPikkw.grf
     Added NewGRF: GRF ID 4D656F94, checksum 2D07959E8FAD865D108291C39DD0E497, filename: ECSMachw.grf
     Added NewGRF: GRF ID 4D656F95, checksum 9E2EE9ECE141C5E096E4375D90D3EDFC, filename: ECSWoodw.grf
     Added NewGRF: GRF ID 6D620401, checksum C5ACB6D5536A464FD78871D91840A35F, filename: 8_vehicles\trains_wagons\dbsetxl\dbsetxlw.grf
     Added NewGRF: GRF ID 6D620402, checksum 66ADF9AC90D97C59ED783FEC7E9706F9, filename: 8_vehicles\trains_wagons\dbsetxl\z_ecs\dbxl_ecs.grf
     Added NewGRF: GRF ID 44440A01, checksum A7EA6FB6732157AEE44627A64EBCDAE6, filename: old\pb_av8w.grf
     Added NewGRF: GRF ID 6D620004, checksum 70649F1AFC954942173B0AA89C1E8B14, filename: 8_vehicles\ships\newships\newshipsw.grf
     Added NewGRF: GRF ID 6D620005, checksum E4C18D726BADD37045283D24E56505FD, filename: 8_vehicles\ships\newships\nshp_ecs.grf
     Added NewGRF: GRF ID 4D656F17, checksum 29C4591139251FA114B328F7B76098AD, filename: 4LVw.grf
     Added NewGRF: GRF ID 52570103, checksum EDB2D26F9D81423734CA12412F309CF3, filename: 8_vehicles\trams\generictrams\generictrams_v0.32.grf
     Added NewGRF: GRF ID 4D470302, checksum 52BFBEA55B7EDB8192DE26040FF03CC9, filename: basecosts.grf
     Added NewGRF: GRF ID 424B5461, checksum D8B7E0175E66D485634CFEA8CAE2ACC6, filename: BKTunw.grf
     Added NewGRF: GRF ID 52453C00, checksum C5B4EC240B33E2DB8D1EA64C97898B5E, filename: 2_landscape\stolentrees\stolentreesw_162_108.grf
     Added NewGRF: GRF ID 504E0002, checksum 6E6944E09CE6C3AC130DF72C542EE4B1, filename: 7_stations\buffers\buffers.grf
     Added NewGRF: GRF ID 4D4C0100, checksum 1E2A243600434194FB100E72E507D5EF, filename: 4_infrastructure\dutchcat\dutchcatw.grf
     Added NewGRF: GRF ID 43415463, checksum 422B1603DC1CEDA4E59E715E12EAD332, filename: old\canstnw.grf
     Added NewGRF: GRF ID 52455400, checksum 1600687C50C5AB1E72EDD487CAD50E2A, filename: citystationsw.GRF
     Added NewGRF: GRF ID 58534453, checksum 2E100BCA91DB8371CD9D57DBEC3AB0C8, filename: ottdc_grfpack\7_stations\dutchstat\dutchstatw.grf
     Added NewGRF: GRF ID 54570604, checksum 09E2627CACBE087959BCD2B86A07DB4E, filename: 7_stations\harbour\harbourw_456.grf
     Added NewGRF: GRF ID 58534602, checksum 181DF5910D8F6B29E3D2940DEDE43042, filename: 4_infrastructure\found\found.grf
     Added NewGRF: GRF ID 4A430000, checksum A8B0E3328517AF70653FBDF7CDAFE005, filename: 7_stations\jcindsta\jcindstaw.grf
     Added NewGRF: GRF ID 45530400, checksum 0CB1191FF67BA594F64B2934CFAEDF58, filename: 7_stations\jpstats\jpstatsw.grf
     Added NewGRF: GRF ID 45520500, checksum 7E30CA79D5A8B3A6CBE873E26096D7D2, filename: 7_stations\modernsuburban\modernsuburbanw.GRF
     Added NewGRF: GRF ID 44470000, checksum 840B1A2DDDE83A56C3F65C601C8C4C6F, filename: 4_infrastructure\dep\dep2.1w.GRF
     Added NewGRF: GRF ID 535A0501, checksum 44B7893026BB8599A79DFAB05C3149AB, filename: 4_infrastructure\b_newbridges\newbridgesW.GRF
     Added NewGRF: GRF ID 62700102, checksum 2825E8503F3DC07AA0DC692244232CF5, filename: newwaterw_412.grf
     Added NewGRF: GRF ID 45520600, checksum 346457CB4632554B6A175785236883E4, filename: 7_stations\platforms\platformsw.GRF
     Added NewGRF: GRF ID 52455200, checksum 0E5A9C5ACD2BCAF7FA0658C3F905A660, filename: 7_stations\ae_rura\ae_ruraw.GRF
     Added NewGRF: GRF ID 52455300, checksum 37C0B839B13C4B18051580C81EEDF427, filename: custom\stations\suburbanw.GRF
     Added NewGRF: GRF ID 504E0001, checksum E7781323D2B0086E2E76342DAA036054, filename: ukwaypointsw.grf
     Added NewGRF: GRF ID 54570200, checksum 3DEB9B30A6254AE8606A5A9A99A9A696, filename: 7_stations\usstats\usstatsw.grf
     Added NewGRF: GRF ID 659E5728, checksum A63335CE72E5E4844675C4632598B76B, filename: 8_vehicles\ships\newships\newshipsmod2.grf
     Compatible NewGRF loaded: GRF ID 4D470501, checksum 921D08A4B3430BDCC14715B6A1288350, filename: 0_info.grf
     Compatible NewGRF loaded: GRF ID 4D656F91, checksum C964D54A874F73073389AA43C142E942, filename: ECSTownw.grf
     Compatible NewGRF loaded: GRF ID 4D656F92, checksum 5E5462235E620BF92E63085907C9E4C3, filename: ECSBasicw.grf
     Compatible NewGRF loaded: GRF ID 4D656F97, checksum A0D76CE54A7B4FAF47387C5F386775BB, filename: ottdc_grfpack\5_industries_cargos\ECS7Agri\ECSAgriw.grf
     Compatible NewGRF loaded: GRF ID 4D656F9C, checksum 2BEDF12F237807DF212DD48DE6B9C061, filename: 5_industries_cargos\ECS3Chem\ECSChem2w.grf
     Compatible NewGRF loaded: GRF ID 4D656F94, checksum 715B1D8B28F44F4E95C1270D83E07EF8, filename: ECSMachw.grf
     Compatible NewGRF loaded: GRF ID 4D656F95, checksum 309B65C58FA9A6ABE4AC2932882FC6E0, filename: ECSWoodw.grf
Tick 9488: GRF config changed
     Compatible NewGRF loaded: GRF ID 4A430002, checksum 0728ADCB4DF2F1EB9247ABD449296F4E, filename: 7_stations\platforms\indstatrw.grf
     Removed NewGRF: 4D656F9B, filename: 5_industries_cargos\ECS6CPikk\ECSCPikkw.grf
Tick 9488: GRF config changed
     GRF order changed: 62700102 moved 29 places up, filename: newwaterw_412.grf
Tick 9488: GRF config changed
     Added NewGRF: GRF ID 4D656F9D, checksum 26D8AE4D698DF55BD3C994760470EA68, filename: ECSHousew.grf
     Added NewGRF: GRF ID 4A5A0105, checksum 9A4E23F60D9E2156AF2C98DA1C210BC9, filename: tto_full_conversion.1.4.1\fttoc.grf
     Added NewGRF: GRF ID 54631002, checksum 8A4C46A4E6BE179023A39A6E6202061E, filename: 4_infrastructure\rail-cs\rail-cs-ottd.grf
     Added NewGRF: GRF ID 41501201, checksum 957526EFF098BCF3BC5478AFC75A3F91, filename: heqs_preview_v0.4.grf
     Added NewGRF: GRF ID 71773277, checksum E84F4A3F49F36BADE1505DCA869548E8, filename: w2w\w2w.grf
     Added NewGRF: GRF ID 44440302, checksum FB1E08FD6D3DD010B259EA93F845356C, filename: north_american_renewal_set.2.01\nars2w.grf
Tick 9488: GRF config changed
     GRF parameter changed: 56430001, filename: 6_town_buildings\ttrs3\ttrs3w.GRF
     Added NewGRF: GRF ID 535A0200, checksum 5952CC39D9D5D79D0EF2A6AE5E0D2964, filename: 4_infrastructure\trafficset\trafficset_v3w.grf
     Added NewGRF: GRF ID 27711002, checksum 26CB5C82F6FD7674E6910185A529E1C3, filename: 8_vehicles\trains_wagons\2cc\2ccdj.grf
     Removed NewGRF: 44440302, filename: north_american_renewal_set.2.01\nars2w.grf
Tick 9488: GRF config changed
     Added NewGRF: GRF ID FBFB0401, checksum B151C3A0DC6A98B49259E65AF3D051E4, filename: MetroTrackSetW.grf
Tick 9488: game loaded
     New game mode: 2 landscape: 0
Tick 9488: GRF config changed
     Added NewGRF: GRF ID 4D656F96, checksum 6B960BF239B6A67B81BD53D526474A3B, filename: 5_industries_cargos\ECS6Const\ECSConstw.grf
Tick 9488: GRF config changed
     GRF parameter changed: 535A0501, filename: 4_infrastructure\b_newbridges\newbridgesW.GRF
Tick 9488: GRF config changed
     GRF parameter changed: 535A0501, filename: 4_infrastructure\b_newbridges\newbridgesW.GRF
Tick 9488: game loaded
     New game mode: 1 landscape: 0
Tick 10920: GRF config changed
     Compatible NewGRF loaded: GRF ID FBFB0401, checksum E497AFEB67D7501658FFC709C2E474A9, filename: MetroTrackSetW.grf
     Added NewGRF: GRF ID FBFB0201, checksum C3714CCDCE206A9D1A3903A3A90D351E, filename: 4_infrastructure\transrapidtrackset\TransRapidTrackSetW.grf
---- gamelog end ----
