*** OpenTTD Crash Report ***

Crash at: Thu Feb 20 20:43:02 2014
In game date: 1951-11-09 (35)

Crash reason:
 Exception: E1212012
 Location:  000007FEFD5A940D
 Message:   NOT_REACHED triggered at line 131 of ..\src\thread\thread_win32.cpp

OpenTTD version:
 Version:    r26358 (0)
 NewGRF ver: 140066f6
 Bits:       64
 Endian:     little
 Dedicated:  no
 Build date: Feb 20 2014 19:18:40

Registers:
 RAX: 000000007759EF09 RBX: 0000000000000016 RCX: 00000000002AD520 RDX: 0000000000000000
 RSI: 0000000000000000 RDI: 0000000000000008 RBP: 00000000002ADF39 RSP: 00000000002ADB30
 R8:  0000000000000000 R9:  0000000000000000 R10: 0000000000000000 R11: 0000000000000286
 R12: 000000014075FBF0 R13: 000000013FD2BF3C R14: 0000000000000001 R15: 0000005400000000
 RIP: 000007FEFD5A940D EFLAGS: 00000206

 Bytes at instruction pointer:
 48 81 C4 C8 00 00 00 C3 90 90 90 90 90 90 90 90 90 90 90 48 8B C4 48 83

Stack trace:
 00000016 00000000 00000000 00000000 00000008 00000000 00000000 00000000
 E1212012 00000000 00000000 00000000 FD5A940D 000007FE 00000000 00000000
 40C738A0 00000001 7761146B 00000000 FD445859 000007FE 00060470 00000000
 00000010 00000000 406CD288 00000001 00000050 00000000 00060470 00000000
 00000000 00000000 776D3C2A 00000000 406CD288 00000001 00000010 00000000
 00000000 00000000 00000000 00000000 00000000 00000000 00000000 00000000
 00000001 00000000 3FE17959 00000001 00000016 00000000 70806C8A 00000000
 00000001 00000000 776C9CAA 00000000 00000000 00000000 00000000 00000054
 00060470 00000000 00000000 00000000 00000005 00000000 00060470 00000000
 03FA0700 00000000 3FE16D10 00000001 00000001 00000000 0E8576D0 00000000
 00000000 00000000 FFFFFFFF 00000000 0E8576D0 00000000 3FA9D51B 00000001
 0E8576D0 00000000 002ADF39 00000000 00000000 00000000 00000000 00000000
 5F544F4E 43414552 20444548 67697274 65726567 74612064 6E696C20 33312065
 666F2031 5C2E2E20 5C637273 65726874 745C6461 61657268 69775F64 2E32336E
 00707063 00000000 00000000 00000000 00000000 00000000 00000000 00000000
 00000000 00000000 00000000 00000000 00000000 00000000 00000000 00000000
 00000000 00000000 00000000 00000000 00000000 00000000 00000000 00000000
 00000000 00000000 00000000 00000000 00000000 00000000 00000000 00000000
 00000000 00000000 00000000 00000000 00000000 00000000 00000000 00000000
 00000000 00000000 00000000 00000000 00000000 00000000 00000000 00000000
 00000000 00000000 00000000 00000000 00000000 00000000 00000000 00000000
 00000000 00000000 00000000 00000000 00000000 00000000 00000000 00000000
 00000000 00000000 00000000 00000000 00000000 00000000 00000000 00000000
 00000000 00000000 00000000 00000000 00000000 00000000 00000000 00000000

Operating system:
 Name:     Windows
 Release:  6.1.7601 (Service Pack 1)
 Compiler: MSVC 1600

Configuration:
 Blitter:      8bpp-optimized
 Graphics set: original_windows (0)
 Language:     C:\Users\Vasek\Desktop\PZ\lang\english.lng
 Music driver: win32
 Music set:    Modern Motion (1)
 Network:      client
 Sound driver: win32
 Sound set:    original_windows (0)
 Video driver: win32

Fonts:
 Small:  sprite
 Medium: sprite
 Large:  sprite
 Mono:   sprite

AI Configuration (local: 0):
  0: Human

Libraries:
 FreeType:   2.4.11
 ICU:        51.2
 LZMA:       5.0.4
 LZO:        2.06
 PNG:        1.5.14
 Zlib:       1.2.7

Module information:
 C:\Users\Vasek\Desktop\PZ\openttd.exe handle: 000000013FA40000 size: 14075904 crc: 157B3C88 date: 2014-02-20 18:23:32
 C:\Windows\SYSTEM32\ntdll.dll handle: 00000000776A0000 size: 1732032 crc: 5BF564D3 date: 2013-08-29 02:16:35
 C:\Windows\system32\kernel32.dll handle: 0000000077480000 size: 1161216 crc: ED45D5AA date: 2013-08-02 02:13:34
 C:\Windows\system32\KERNELBASE.dll handle: 000007FEFD5A0000 size: 424448 crc: 816D1584 date: 2013-08-02 02:13:34
 C:\Windows\system32\WINMM.dll handle: 000007FEFA410000 size: 217600 crc: 7BC1529F date: 2009-07-14 01:41:56
 C:\Windows\system32\msvcrt.dll handle: 000007FEFF7C0000 size: 634880 crc: 9D1B448A date: 2011-12-16 08:46:06
 C:\Windows\system32\USER32.dll handle: 00000000775A0000 size: 1008128 crc: 70FF7D7F date: 2010-11-21 03:24:09
 C:\Windows\system32\GDI32.dll handle: 000007FEFF860000 size: 404480 crc: DCBD7E30 date: 2013-10-03 02:23:48
 C:\Windows\system32\LPK.dll handle: 000007FEFD9E0000 size: 41472 crc: EE04F660 date: 2013-06-06 05:50:51
 C:\Windows\system32\USP10.dll handle: 000007FEFE3D0000 size: 800768 crc: ED52987B date: 2012-11-22 05:44:23
 C:\Windows\system32\WS2_32.dll handle: 000007FEFF770000 size: 297984 crc: 0F68689B date: 2010-11-21 03:24:28
 C:\Windows\system32\RPCRT4.dll handle: 000007FEFE610000 size: 1217024 crc: 91581142 date: 2013-07-09 05:51:16
 C:\Windows\system32\NSI.dll handle: 000007FEFE3C0000 size: 13824 crc: 53B46F6C date: 2009-07-14 01:41:53
 C:\Windows\system32\IMM32.dll handle: 000007FEFDCC0000 size: 167424 crc: 41B2805A date: 2009-07-14 01:41:09
 C:\Windows\system32\MSCTF.dll handle: 000007FEFE4A0000 size: 1067008 crc: 798DDDA0 date: 2009-07-14 01:41:28
 C:\Windows\system32\ADVAPI32.dll handle: 000007FEFE260000 size: 878080 crc: D0A62838 date: 2013-08-29 02:13:28
 C:\Windows\SYSTEM32\sechost.dll handle: 000007FEFD9F0000 size: 113664 crc: 978CFAE5 date: 2009-07-14 01:41:53
 C:\Windows\system32\SHELL32.dll handle: 000007FEFE740000 size: 14172672 crc: 1287D1E7 date: 2013-07-26 02:24:57
 C:\Windows\system32\SHLWAPI.dll handle: 000007FEFE340000 size: 448512 crc: 086DF743 date: 2010-11-21 03:24:22
 C:\Windows\system32\ole32.dll handle: 000007FEFDCF0000 size: 2086912 crc: 72F91CD0 date: 2010-11-21 03:23:48
 C:\Windows\system32\uxtheme.dll handle: 000007FEFBA60000 size: 332288 crc: B0A13DF9 date: 2009-07-14 01:41:56
 C:\Windows\system32\dwmapi.dll handle: 000007FEFB9A0000 size: 82432 crc: A459F360 date: 2009-07-14 01:40:34
 C:\Windows\system32\CRYPTBASE.dll handle: 000007FEFD380000 size: 44032 crc: F547C16E date: 2009-07-14 01:40:24
 C:\Windows\system32\mswsock.dll handle: 000007FEFCCC0000 size: 327168 crc: 2C87855E date: 2013-09-08 02:27:14
 C:\Windows\System32\wshtcpip.dll handle: 000007FEFC660000 size: 13312 crc: 5D1E2C55 date: 2009-07-14 01:41:58
 C:\Windows\system32\MMDevAPI.DLL handle: 000007FEFBE70000 size: 284160 crc: CDF2EF81 date: 2009-07-14 01:41:26
 C:\Windows\system32\PROPSYS.dll handle: 000007FEFBB10000 size: 1212416 crc: B83FA3BE date: 2010-11-21 03:23:55
 C:\Windows\system32\OLEAUT32.dll handle: 000007FEFF8D0000 size: 861696 crc: 1F331414 date: 2011-08-27 05:37:49
 C:\Windows\system32\wdmaud.drv handle: 000007FEEADF0000 size: 217088 crc: 12829973 date: 2010-11-21 03:24:32
 C:\Windows\system32\ksuser.dll handle: 0000000060970000 size: 5120 crc: AA2071D9 date: 2009-07-14 01:41:13
 C:\Windows\system32\AVRT.dll handle: 000007FEFC1B0000 size: 18432 crc: 5CE53CB7 date: 2009-07-14 01:40:05
 C:\Windows\system32\SETUPAPI.dll handle: 000007FEFF590000 size: 1900544 crc: A364BD6A date: 2010-11-21 03:24:28
 C:\Windows\system32\CFGMGR32.dll handle: 000007FEFD520000 size: 207872 crc: 1984C339 date: 2010-11-21 03:24:00
 C:\Windows\system32\DEVOBJ.dll handle: 000007FEFD500000 size: 93184 crc: A7541AE2 date: 2009-07-14 01:40:28
 C:\Windows\system32\AUDIOSES.DLL handle: 000007FEEAD60000 size: 296448 crc: 90389554 date: 2010-11-21 03:24:32
 C:\Windows\system32\msacm32.drv handle: 000007FEEA630000 size: 25600 crc: 2B579A05 date: 2009-07-14 01:38:50
 C:\Windows\system32\MSACM32.dll handle: 000007FEF4360000 size: 83456 crc: 3D67538B date: 2009-07-14 01:41:27
 C:\Windows\system32\midimap.dll handle: 000007FEEA5A0000 size: 20480 crc: CB902A13 date: 2009-07-14 01:41:23
 C:\Windows\system32\CLBCatQ.DLL handle: 000007FEFF4F0000 size: 607744 crc: 939E35C9 date: 2009-07-14 01:40:15
 C:\Windows\System32\wship6.dll handle: 000007FEFCCB0000 size: 13824 crc: E3FBF123 date: 2009-07-14 01:41:58
 C:\Windows\system32\DNSAPI.dll handle: 000007FEFCB40000 size: 357888 crc: 194CAF1C date: 2011-03-03 06:24:15
 C:\Program Files\Bonjour\mdnsNSP.dll handle: 0000000072FF0000 size: 132968 crc: C16E0B30 date: 2011-08-30 22:05:32
 C:\Windows\system32\Iphlpapi.DLL handle: 000007FEFB010000 size: 145920 crc: 000D9F17 date: 2010-11-21 03:24:16
 C:\Windows\system32\WINNSI.DLL handle: 000007FEFB000000 size: 26112 crc: 744B2434 date: 2009-07-14 01:41:56
 C:\Windows\system32\rasadhlp.dll handle: 000007FEF99A0000 size: 16384 crc: C5FD1616 date: 2009-07-14 01:41:53
 C:\Windows\System32\fwpuclnt.dll handle: 000007FEFAF00000 size: 324096 crc: 5D5E70C7 date: 2013-10-12 02:29:08
 C:\Windows\system32\psapi.dll handle: 0000000077870000 size: 9216 crc: 84B5E9BA date: 2009-07-14 01:41:53

---- gamelog start ----
Tick 0: new game started
     Revision text changed to hbd6a745eM, savegame version 188, modified, _openttd_newgrf_version = 0x140066ec
     New game mode: 1 landscape: 2
     Added NewGRF: GRF ID F1250005, checksum 71231BAE6D5F4A5878933ADB74CABEE5, filename: firs_industry_replacement_set-1.3.0\firs.grf (md5sum matches)
     Added NewGRF: GRF ID FBFB9905, checksum F747797A14AAA646402DC4E16DE5E82C, filename: longer_girder__steel_bridge.1\longergirdersteelbridge.grf (md5sum matches)
     Added NewGRF: GRF ID 44440202, checksum 4A85260DB888C1F2B66ED9A3A9BA3B90, filename: expensive_short_and_slow_bridges.1\pb_bridge.grf (md5sum matches)
     Added NewGRF: GRF ID 4E475453, checksum F3F2B70F1F3DF0B4C79731513AB94915, filename: narrow_gauge_track_types-1.0\ngtracktypes.grf (md5sum matches)
     Added NewGRF: GRF ID FBFB0402, checksum EBE07BC816F600F435F6F21FEAF6CAAF, filename: metro_track_set-2.1.0\metrotrackset.grf (md5sum matches)
     Added NewGRF: GRF ID 41501202, checksum 7FD3A30F749BFA5D5E1DF61326AD9B08, filename: heqs_heavy_equipment_set-1.5.1\heqs.grf (md5sum matches)
     Added NewGRF: GRF ID 52571203, checksum 7CE88A25DDB058C1BE577B88D049B274, filename: egrvts2-188\egrvts2.grf (md5sum matches)
     Added NewGRF: GRF ID 44440A01, checksum 530780FCAAD0795BDE8DCB1C3FD491FF, filename: av8_aviators_aircraft_set-2.12\pb_av8w.grf (md5sum matches)
     Added NewGRF: GRF ID 43485053, checksum 68B7DC640138E4F4B712F3CFB88167D6, filename: chips_station_set-1.4.0\chips.grf (md5sum matches)
     Added NewGRF: GRF ID 4341121E, checksum DB88EA4C867827626C6E3720E6695C54, filename: iron_horse-alpha1\iron-horse.grf (md5sum matches)
     Added NewGRF: GRF ID 414E0201, checksum A9919B801C458CE2F7AA9CCB6606CE62, filename: fish_2-squidalpha5\fish.grf (md5sum matches)
Tick 1531: game loaded
     Revision text changed to r26358, savegame version 188, not modified, _openttd_newgrf_version = 0x140066f6
---- gamelog end ----

*** End of OpenTTD Crash Report ***

Decoded stack trace:
[00] KERNELBASE           0x000007FEFD5A940D RaiseException + 61
[01] openttd              0x000000013FE17959
[02] openttd              0x000000013FE16D10
[03] openttd              0x000000013FA9D51B
[04] openttd              0x000000013FD2D42C
[05] openttd              0x000000013FD298E5
[06] USER32               0x00000000775B9BD1 TranslateMessageEx + 673
[07] USER32               0x00000000775B6AA8 SetTimer + 376
[08] USER32               0x00000000775B26F8 GetSystemMenu + 312
[09] USER32               0x00000000775B760E SetWindowTextW + 1466
[10] uxtheme              0x000007FEFBA61644
[11] uxtheme              0x000007FEFBA61445
[12] USER32               0x00000000775B89D3 GetWindowDC + 227
[13] openttd              0x000000013FD29F54
[14] USER32               0x00000000775B8971 GetWindowDC + 129
[15] USER32               0x00000000775B72CB SetWindowTextW + 631
[16] USER32               0x00000000775B2651 GetSystemMenu + 145
[17] ntdll                0x00000000776F11F5 KiUserCallbackDispatcher + 31
[18] USER32               0x00000000775B685A IsDialogMessageW + 410
[19] USER32               0x00000000775B68A2 IsDialogMessageW + 482
[20] USER32               0x00000000775B760E SetWindowTextW + 1466
[21] uxtheme              0x000007FEFBA6795A DrawThemeParentBackground + 5066
[22] uxtheme              0x000007FEFBA8637A Ordinal69 + 9818
[23] uxtheme              0x000007FEFBA6168E
[24] uxtheme              0x000007FEFBA61445
[25] USER32               0x00000000775B89D3 GetWindowDC + 227
[26] openttd              0x000000013FD29F54
[27] USER32               0x00000000775B8971 GetWindowDC + 129
[28] USER32               0x00000000775B72CB SetWindowTextW + 631
[29] USER32               0x00000000775B6829 IsDialogMessageW + 361
[30] ntdll                0x00000000776F11F5 KiUserCallbackDispatcher + 31
[31] USER32               0x00000000775B685A IsDialogMessageW + 410
[32] USER32               0x00000000775B68A2 IsDialogMessageW + 482
[33] USER32               0x00000000775B760E SetWindowTextW + 1466
[34] uxtheme              0x000007FEFBA6795A DrawThemeParentBackground + 5066
[35] uxtheme              0x000007FEFBA86425 Ordinal69 + 9989
[36] uxtheme              0x000007FEFBA6168E
[37] uxtheme              0x000007FEFBA61445
[38] USER32               0x00000000775B89D3 GetWindowDC + 227
[39] openttd              0x000000013FD29F54
[40] USER32               0x00000000775B9BD1 TranslateMessageEx + 673
[41] USER32               0x00000000775B98DA TranslateMessage + 490
[42] openttd              0x000000013FD2A564
[43] openttd              0x000000013FA9F744
[44] openttd              0x000000013FD2CD63
[45] openttd              0x000000013FE193D4
[46] kernel32             0x000000007749652D BaseThreadInitThunk + 13
[47] ntdll                0x00000000776CC541 RtlUserThreadStart + 33

*** End of additional info ***
