*** OpenTTD Crash Report ***

Crash at: Tue May 24 20:10:45 2011
In game date: 1990-01-03 (46)

Crash reason:
 Exception: E1212012
 Location:  000007FEFD79A49D
 Message:   Assertion failed at line 2303 of C:/mingw64/msys/home/terkhen/fs/src/town_cmd.cpp: false

OpenTTD version:
 Version:    h35a89404M (2)
 NewGRF ver: 120057d9
 Bits:       64
 Endian:     little
 Dedicated:  no
 Build date: May 24 2011 22:05:55

Registers:
 RAX: 0000000075A1109B RBX: 0000000000000016 RCX: 000000000022DDD0 RDX: 0000000000000000
 RSI: 0000000000000000 RDI: 0000000000000008 RBP: 0000000000000000 RSP: 000000000022E3E0
 R8:  0000000000000000 R9:  0000000000000000 R10: 0000000000000000 R11: 0000000000000286
 R12: 000007FEFDB01130 R13: 00000000005294F0 R14: 0000000000000001 R15: 0000000000000314
 RIP: 000007FEFD79A49D EFLAGS: 00000202

 Bytes at instruction pointer:
 48 81 C4 C8 00 00 00 C3 48 85 F6 74 08 83 3B 00 76 03 66 89 16 BD 01 00

Stack trace:
 00000016 00000000 00000000 00000000 00000008 00000000 76F29AA6 00000000
 E1212012 00000000 00000000 00000000 FD79A49D 000007FE 00000000 000007FE
 0007EDF6 F4C00000 76F81306 00000000 00012010 00000000 00000130 000007FE
 003C0584 00000000 00000034 00000000 00000000 00000000 FFFFFFFF 000007FE
 00012010 00000000 77253BFA 00000000 00012010 00000000 7EDF6F4C 00000000
 0022E4A8 00000000 00000034 00000000 00000000 00000000 FDA909A7 000007FE
 00000001 00000000 FDAB1B65 000007FE 00000016 00000000 7EDF6F4C 00000000
 FDB05180 000007FE 00000000 00000000 00000003 00000000 77249C7A 00000000
 FDB06180 000007FE 00000314 00000000 00000000 00000000 00000000 00000000
 00000000 00000000 00000000 00000000 00000000 00000000 FDAB55EA 000007FE
 00000001 00000000 00000000 00000000 0AF6003E 00000000 00000000 00000000
 00000000 00000000 77271225 00000000 00000000 00000000 00000000 00000000
 772A819C 00000000 5E00005E 00000000 0022E5A8 00000000 00000030 00000003
 76F1CBFA 00000000 76F29055 00000000 01287A18 00000000 0022E5D8 00000000
 00000000 00000000 0127DE50 00000000 00000015 00000000 00000000 00000000
 00000000 00000000 77244684 00000000 77261500 00000000 76F3507C 00000000
 003C0584 00000000 0127DE50 00000000 00000001 00000000 00000001 00000000
 00000001 00000000 180A1D20 00000000 00000000 00000000 00000000 00000000
 00000001 00000000 00000010 00000000 00FC6110 00000000 00F40000 00000000
 00FC6100 00000000 7727413D 00000000 00F40000 00000000 00FC6101 00000000
 00000000 00000000 00FC6110 00000000 003C0584 00000000 76F833F4 00000000
 00000001 00000000 003C0584 00000000 76F833F4 00000000 0022E9E0 00000000
 00000000 00000000 00A3A472 00000000 00010003 00000000 00000001 00000000
 00000001 00000000 76F82955 00000000 00FC6110 00000000 00FC6110 00000000

Operating system:
 Name:     Windows
 Release:  6.1.7601 (Service Pack 1)
 Compiler: GCC 4.6.1 "4.6.1 20110506 (prerelease)"

Configuration:
 Blitter:      8bpp-optimized
 Graphics set: OpenGFX (665)
 Language:     C:\mingw64\msys\home\terkhen\fs\bin\lang\spanish.lng
 Music driver: win32
 Music set:    original_windows (1)
 Network:      no
 Sound driver: win32
 Sound set:    original_windows (0)
 Video driver: win32

AI Configuration (local: 0):
  0: Human

Libraries:
 FreeType:   2.4.4
 LZMA:       5.0.1
 LZO:        2.04
 PNG:        1.5.1
 Zlib:       1.2.5

Module information:
 C:\mingw64\msys\home\terkhen\fs\bin\openttd.exe handle: 0000000000400000 size: 11325299 crc: 824BC4BD date: 2011-05-24 20:10:31
 C:\Windows\SYSTEM32\ntdll.dll handle: 0000000077220000 size: 1731936 crc: 7AB8D690 date: 2010-11-20 13:28:37
 C:\Windows\system32\kernel32.dll handle: 0000000076DF0000 size: 1161216 crc: 2FA6DA84 date: 2010-11-20 13:26:42
 C:\Windows\system32\KERNELBASE.dll handle: 000007FEFD790000 size: 419840 crc: 54E131D4 date: 2010-11-20 13:26:42
 C:\Windows\system32\ADVAPI32.dll handle: 000007FEFDD40000 size: 877056 crc: FA615A20 date: 2009-07-14 01:40:01
 C:\Windows\system32\msvcrt.dll handle: 000007FEFDA70000 size: 634880 crc: 7F3E716F date: 2009-07-14 01:41:32
 C:\Windows\SYSTEM32\sechost.dll handle: 000007FEFDE20000 size: 113664 crc: 978CFAE5 date: 2009-07-14 01:41:53
 C:\Windows\system32\RPCRT4.dll handle: 000007FEFEFD0000 size: 1219584 crc: 5217F07C date: 2010-11-20 13:27:24
 C:\Windows\system32\GDI32.dll handle: 000007FEFF100000 size: 403968 crc: 3D5BC405 date: 2010-11-20 13:26:25
 C:\Windows\system32\USER32.dll handle: 0000000076F10000 size: 1008128 crc: 70FF7D7F date: 2010-11-20 13:27:27
 C:\Windows\system32\LPK.dll handle: 000007FEFF2C0000 size: 41984 crc: 350AF03B date: 2009-07-14 01:41:19
 C:\Windows\system32\USP10.dll handle: 000007FEFF1F0000 size: 800256 crc: B511F4B9 date: 2010-11-20 13:27:27
 C:\Windows\system32\SHELL32.dll handle: 000007FEFE240000 size: 14174208 crc: EA53E806 date: 2010-11-20 13:27:25
 C:\Windows\system32\SHLWAPI.dll handle: 000007FEFDB80000 size: 448512 crc: 086DF743 date: 2010-11-20 13:27:25
 C:\Windows\system32\WINMM.dll handle: 000007FEFB930000 size: 217600 crc: 7BC1529F date: 2009-07-14 01:41:56
 C:\Windows\system32\WS2_32.dll handle: 000007FEFF4E0000 size: 297984 crc: 0F68689B date: 2010-11-20 13:27:29
 C:\Windows\system32\NSI.dll handle: 000007FEFDB70000 size: 13824 crc: 53B46F6C date: 2009-07-14 01:41:53
 C:\Windows\system32\IMM32.DLL handle: 000007FEFF2D0000 size: 167424 crc: 41B2805A date: 2009-07-14 01:41:09
 C:\Windows\system32\MSCTF.dll handle: 000007FEFDF20000 size: 1067008 crc: 798DDDA0 date: 2009-07-14 01:41:28
 C:\Windows\system32\SHFolder.dll handle: 000007FEF7190000 size: 10240 crc: 08A48DE3 date: 2009-07-14 01:41:54
 C:\Windows\system32\ole32.dll handle: 000007FEFE030000 size: 2086912 crc: 72F91CD0 date: 2010-11-20 13:27:23
 C:\Windows\system32\MMDevAPI.DLL handle: 000007FEFC4D0000 size: 284160 crc: CDF2EF81 date: 2009-07-14 01:41:26
 C:\Windows\system32\PROPSYS.dll handle: 000007FEFC3A0000 size: 1212416 crc: B83FA3BE date: 2010-11-20 13:27:23
 C:\Windows\system32\OLEAUT32.dll handle: 000007FEFDE40000 size: 861696 crc: 5E0F5F12 date: 2010-11-20 13:27:23
 C:\Windows\system32\wdmaud.drv handle: 000007FEFA9A0000 size: 217088 crc: 12829973 date: 2010-11-20 13:24:21
 C:\Windows\system32\ksuser.dll handle: 0000000074770000 size: 5120 crc: AA2071D9 date: 2009-07-14 01:41:13
 C:\Windows\system32\AVRT.dll handle: 000007FEFC390000 size: 18432 crc: 5CE53CB7 date: 2009-07-14 01:40:05
 C:\Windows\system32\SETUPAPI.dll handle: 000007FEFF300000 size: 1900544 crc: A364BD6A date: 2010-11-20 13:27:25
 C:\Windows\system32\CFGMGR32.dll handle: 000007FEFD750000 size: 207872 crc: 1984C339 date: 2010-11-20 13:25:50
 C:\Windows\system32\DEVOBJ.dll handle: 000007FEFD730000 size: 93184 crc: A7541AE2 date: 2009-07-14 01:40:28
 C:\Windows\system32\AUDIOSES.DLL handle: 000007FEFB5F0000 size: 296448 crc: 90389554 date: 2010-11-20 13:25:42
 C:\Windows\system32\msacm32.drv handle: 000007FEFA8B0000 size: 25600 crc: 2B579A05 date: 2009-07-14 01:38:50
 C:\Windows\system32\MSACM32.dll handle: 000007FEFA890000 size: 83456 crc: 3D67538B date: 2009-07-14 01:41:27
 C:\Windows\system32\midimap.dll handle: 000007FEFA880000 size: 20480 crc: CB902A13 date: 2009-07-14 01:41:23
 C:\Windows\system32\CRYPTBASE.dll handle: 000007FEFD5B0000 size: 44032 crc: F547C16E date: 2009-07-14 01:40:24
 C:\Windows\system32\CLBCatQ.DLL handle: 000007FEFDC00000 size: 607744 crc: 939E35C9 date: 2009-07-14 01:40:15
 C:\Windows\system32\uxtheme.dll handle: 000007FEFAFE0000 size: 332288 crc: B0A13DF9 date: 2009-07-14 01:41:56
 C:\Windows\system32\dwmapi.dll handle: 000007FEFA980000 size: 82432 crc: A459F360 date: 2009-07-14 01:40:34
 C:\Windows\system32\mswsock.dll handle: 000007FEFCEF0000 size: 326144 crc: 136B1525 date: 2010-11-20 13:27:10
 C:\Windows\System32\wshtcpip.dll handle: 000007FEFC890000 size: 13312 crc: 5D1E2C55 date: 2009-07-14 01:41:58
 C:\Windows\system32\psapi.dll handle: 00000000773E0000 size: 9216 crc: 84B5E9BA date: 2009-07-14 01:41:53

---- gamelog start ----
Tick 0: new game started
     Revision text changed to h35a89404M, savegame version 160, modified, _openttd_newgrf_version = 0x120057d9
     New game mode: 1 landscape: 2
---- gamelog end ----

*** End of OpenTTD Crash Report ***
