*** OpenTTD Crash Report ***

Crash at: Mon Dec 26 16:47:58 2011
In game date: 1950-01-02 (20)

Crash reason:
 Signal:  Abort trap: 6 (6)
 Message: Assertion failed at line 201 of /bamboo/src/road_map.h: IsTileType(t, MP_ROAD) || IsTileType(t, MP_STATION) || IsTileType(t, MP_TUNNELBRIDGE)

OpenTTD version:
 Version:    r23596 (0)
 NewGRF ver: 12005c2c
 Bits:       32
 Endian:     little
 Dedicated:  no
 Build date: Dec 19 2011 19:14:25


Stacktrace:
 [00] ???                  0x00000600

Operating system:
 Name:     Mac OS X
 Release:  10.7.2
 Machine:  Intel 80486
 Min Ver:  1040
 Compiler: GCC 4.0.1 "4.0.1 (Apple Inc. build 5490)"

Configuration:
 Blitter:      32bpp-anim
 Graphics set: original_windows (0)
 Language:     /Applications/openttd.ps/OpenTTD.ps.app/Contents/Resources/lang/english.lng
 Music driver: cocoa
 Music set:    NoMusic (0)
 Network:      no
 Sound driver: cocoa
 Sound set:    NoSound (2)
 Video driver: cocoa

AI Configuration (local: 0):
  0: Human

Libraries:
 FreeType:   2.4.3
 ICU:        4.6
 LZMA:       5.0.0
 LZO:        2.03
 PNG:        1.4.4
 Zlib:       1.2.5

---- gamelog start ----
Tick 0: new game started
     Revision text changed to r23596, savegame version 167, not modified, _openttd_newgrf_version = 0x12005c2c
     New game mode: 1 landscape: 0
---- gamelog end ----

*** End of OpenTTD Crash Report ***
