*** OpenTTD Crash Report ***

Crash at: Fri Feb 04 17:15:37 2011
In game date: 2327-05-02 (54)

Crash reason:
 Exception: C0000005
 Location:  0049ACAA
 Message:   <none>

OpenTTD version:
 Version:    r21941 (0)
 NewGRF ver: 110055b5
 Bits:       32
 Endian:     little
 Dedicated:  no
 Build date: Feb  2 2011 19:17:37

Registers:
 EAX: 00000000 EBX: 00000000 ECX: 00000001 EDX: 00000000
 ESI: 05D4D158 EDI: 04C78E90 EBP: 0012F9D0 ESP: 0012F9B0
 EIP: 0049ACAA EFLAGS: 00210246

 Bytes at instruction pointer:
 8B 10 56 8B C8 FF 52 70 B0 01 5E C3 56 6A 00 6A 00 E8 71 76 FB FF 8B F0

Stack trace:
 056C4F00 0045F635 00000000 0585BCE0 37F45675 05D4D158 056C4F00 05D4D158
 0012F9F8 0045FC12 000000AD 00000005 00000006 04C78E90 0585BCE0 00000000
 00BCA890 00BCA8AC 0012FA2C 00451DC5 000000AD 00000013 00000006 00000001
 000000AD 04C78E90 00000013 00000013 00000006 0000000A 000002BF 0012FA60
 00453F8B 000000AD 00000013 00000001 000002BF 000000B9 00000001 0000134C
 00000100 00000000 000000B9 000002BF 00000001 004541AE 00000001 00000000
 00000001 00000201 0012FB04 00000000 00000000 00571A14 0012FB80 00000201
 00000000 771F72B6 0012FB00 771F88C9 771F888D 40F9DFB5 00000000 0012FAC4
 771ECCCC 00E5D1F0 00000006 00050006 0012FB9C 0012FB0C 10001253 00000000
 00000006 00000201 0012FB9C 77216E6E 00000006 0012FC48 0012FB80 00000000
 0012FC48 00000000 7FFDF6CC 00000000 771F888D 0012FB30 771F86EF 00050274
 00000201 00000001 00B902BF 00000201 DCBAABCD 00000000 0012FB80 00000201
 0012FBA8 771F8876 00571606 00050274 00000201 00000001 00B902BF 40F9DF1D
 0012FC50 0012FC48 00E93F08 00000024 00000001 00000000 00000000 00000030
 FFFFFFFF FFFFFFFF 771F881F 00000000 0012FF78 00000001 00000000 00000000
 0012FB4C 0012F5B0 0012FBF8 772462E3 37F4AC25 00000000 0012FC08 771F89B5
 00000000 00571606 00050274 00000201 00000001 00B902BF 00E93F1C 00000001
 40F9D8BD 06401E98 771F91B5 00000000 771F92A9 00000001 00000000 00000000
 0012FBD0 0012F5B0 0012FF78 772462E3 37F4AD6D FFFFFFFE 0012FC18 771F8E9C
 00571606 00000000 00000000 00572090 0012FC48 00BE8FC8 01AA4720 0012FCDC
 00000000 0012FC20 06401E98 06401EB6 00000000 00000000 00050274 00000201
 00000001 00B902BF 06401E98 000002BF 000000CF 00430D80 0012FCF4 0012FDF8
 00000001 01000000 00000000 00000000 00000000 00000000 00000000 00000000
 00000000 FFFFFFFF 00000000 00000000 0012FCF4 00000000 FFFFFFFF 00000000

Operating system:
 Name:     Windows
 Release:  6.1.7600 ()
 Compiler: MSVC 1500

Configuration:
 Blitter:      8bpp-optimized
 Graphics set: OpenGFX (589)
 Language:     C:\Program Files\OpenTTD\lang\english.lng
 Music driver: dmusic
 Music set:    OpenMSX (96)
 Network:      no
 Sound driver: win32
 Sound set:    OpenSFX (87)
 Video driver: win32

AI Configuration (local: 0):
  0: Human

Libraries:
 FreeType:   2.4.4
 ICU:        4.4.2
 LZMA:       5.0.0
 LZO:        2.03
 PNG:        1.4.5
 Zlib:       1.2.5

Module information:
 C:\Program Files\OpenTTD\openttd.exe handle: 00400000 size: 8220672 crc: 4FEC8E33 date: 2011-02-02 19:21:28
 C:\Windows\SYSTEM32\ntdll.dll handle: 77970000 size: 1286456 crc: F8E255B8 date: 2010-03-24 06:37:04
 C:\Windows\system32\kernel32.dll handle: 76140000 size: 857088 crc: 1DC306D9 date: 2009-12-08 11:33:31
 C:\Windows\system32\KERNELBASE.dll handle: 75C20000 size: 288256 crc: 37432389 date: 2009-07-14 01:15:35
 C:\Windows\system32\WINMM.dll handle: 73EE0000 size: 194048 crc: 2FBEB05C date: 2009-07-14 01:16:19
 C:\Windows\system32\msvcrt.dll handle: 772C0000 size: 690688 crc: 554C94A4 date: 2009-07-14 01:15:50
 C:\Windows\system32\USER32.dll handle: 771E0000 size: 811520 crc: 07F784E0 date: 2010-09-02 06:22:00
 C:\Windows\system32\GDI32.dll handle: 76220000 size: 304640 crc: 252D0177 date: 2009-07-14 01:15:22
 C:\Windows\system32\LPK.dll handle: 77960000 size: 26624 crc: 13E68B63 date: 2009-07-14 01:15:36
 C:\Windows\system32\USP10.dll handle: 75F00000 size: 627200 crc: 3887C4C8 date: 2009-07-14 01:16:17
 C:\Windows\system32\WS2_32.dll handle: 77920000 size: 206336 crc: 4C23BF22 date: 2009-07-14 01:16:20
 C:\Windows\system32\RPCRT4.dll handle: 76090000 size: 652288 crc: 14458268 date: 2009-07-14 01:16:13
 C:\Windows\system32\NSI.dll handle: 77710000 size: 8704 crc: 2ACE9671 date: 2009-07-14 01:16:11
 C:\Windows\system32\ADVAPI32.dll handle: 75FA0000 size: 640000 crc: 24248FE4 date: 2009-07-14 01:14:53
 C:\Windows\SYSTEM32\sechost.dll handle: 76040000 size: 92160 crc: B624B29A date: 2009-07-14 01:16:13
 C:\Windows\system32\SHELL32.dll handle: 76410000 size: 12867584 crc: E1911954 date: 2010-07-27 14:03:24
 C:\Windows\system32\SHLWAPI.dll handle: 77AB0000 size: 350208 crc: 8D9B2C39 date: 2009-07-14 01:16:14
 C:\Windows\system32\IMM32.DLL handle: 776F0000 size: 118272 crc: F2F44531 date: 2009-07-14 01:15:32
 C:\Windows\system32\MSCTF.dll handle: 774D0000 size: 828928 crc: DFE09EEB date: 2009-07-14 01:15:43
 C:\Windows\system32\SHFolder.dll handle: 71180000 size: 7168 crc: 683AAC32 date: 2009-07-14 01:16:14
 C:\Windows\system32\ole32.dll handle: 77370000 size: 1413632 crc: 082ED659 date: 2010-06-29 05:02:02
 C:\Windows\system32\MMDevAPI.DLL handle: 74390000 size: 213504 crc: 352DF99F date: 2009-07-14 01:15:41
 C:\Windows\system32\PROPSYS.dll handle: 74820000 size: 988160 crc: 0700E8D7 date: 2009-07-14 01:16:12
 C:\Windows\system32\OLEAUT32.dll handle: 77B10000 size: 571904 crc: 9BF754BE date: 2010-04-07 07:10:36
 C:\Windows\system32\wdmaud.drv handle: 6C960000 size: 172032 crc: 03BEEBE2 date: 2009-07-14 01:14:08
 C:\Windows\system32\ksuser.dll handle: 73A30000 size: 4608 crc: EBE07232 date: 2009-07-14 01:15:35
 C:\Windows\system32\AVRT.dll handle: 743D0000 size: 14336 crc: 9818237B date: 2009-07-14 01:14:58
 C:\Windows\system32\SETUPAPI.dll handle: 76270000 size: 1668608 crc: F909EF01 date: 2009-07-14 01:16:14
 C:\Windows\system32\CFGMGR32.dll handle: 75C70000 size: 145920 crc: 6377C630 date: 2009-07-14 01:15:02
 C:\Windows\system32\DEVOBJ.dll handle: 75BD0000 size: 64512 crc: 2B501D62 date: 2009-07-14 01:15:11
 C:\Windows\system32\AUDIOSES.DLL handle: 739F0000 size: 195584 crc: BC939745 date: 2009-07-14 01:14:57
 C:\Windows\system32\msacm32.drv handle: 6C950000 size: 20992 crc: 73923147 date: 2009-07-14 01:14:08
 C:\Windows\system32\MSACM32.dll handle: 74140000 size: 72192 crc: ABA25814 date: 2009-07-14 01:15:42
 C:\Windows\system32\midimap.dll handle: 6C940000 size: 16896 crc: C000494C date: 2009-07-14 01:15:40
 C:\Windows\system32\CRYPTBASE.dll handle: 75A10000 size: 36864 crc: 00308E17 date: 2009-07-14 01:15:07
 C:\Windows\system32\CLBCatQ.DLL handle: 77150000 size: 522240 crc: 6C130B8A date: 2009-07-14 01:15:03
 C:\Windows\system32\uxtheme.dll handle: 747E0000 size: 249856 crc: 1CD7BB78 date: 2009-07-14 01:16:17
 C:\Program Files\Unlocker\UnlockerHook.dll handle: 10000000 size: 4608 crc: ACDA95B3 date: 2010-07-04 21:32:36
 C:\Windows\system32\dwmapi.dll handle: 742C0000 size: 67072 crc: FC7CA4B8 date: 2009-07-14 01:15:13
 C:\Windows\System32\dmime.dll handle: 71D90000 size: 179712 crc: 179D7CFB date: 2009-07-14 01:15:12
 C:\Windows\System32\DSOUND.dll handle: 6FE00000 size: 453632 crc: EC24F2F8 date: 2009-07-14 01:15:13
 C:\Windows\System32\POWRPROF.dll handle: 742E0000 size: 145408 crc: 9957ABF4 date: 2009-07-14 01:16:12
 C:\Windows\System32\dmusic.dll handle: 73C40000 size: 101376 crc: F5D0AA6B date: 2009-07-14 01:15:12
 C:\Windows\system32\WINTRUST.dll handle: 75BF0000 size: 172032 crc: EA2D5BBA date: 2009-12-29 06:55:34
 C:\Windows\system32\CRYPT32.dll handle: 75CA0000 size: 1151488 crc: CC34327C date: 2009-07-14 01:15:07
 C:\Windows\system32\MSASN1.dll handle: 75B30000 size: 34816 crc: 4F65C9C8 date: 2009-08-29 06:57:31
 C:\Windows\System32\dmsynth.dll handle: 72030000 size: 105472 crc: 3B102040 date: 2009-07-14 01:15:12
 C:\Windows\System32\dmloader.dll handle: 72020000 size: 38400 crc: 8A3F45D2 date: 2009-07-14 01:15:12
 C:\Windows\system32\mswsock.dll handle: 754D0000 size: 232448 crc: 32400D27 date: 2009-07-14 01:15:51
 C:\Windows\System32\wshtcpip.dll handle: 75010000 size: 9216 crc: BA963A19 date: 2009-07-14 01:16:20
 C:\Windows\system32\psapi.dll handle: 772B0000 size: 6144 crc: 25B988F9 date: 2009-07-14 01:16:12

---- gamelog start ----
Tick 39410: game loaded
     Conversion from OTTD savegame without gamelog: version 92, 0
     Revision text changed to 0.7.5, savegame version 116, not modified, _openttd_newgrf_version = 0x075848bb
     New game mode: 1 landscape: 0
     Added NewGRF: GRF ID 52570103, checksum EDB2D26F9D81423734CA12412F309CF3, filename: generic_tram_set.0.4\generictrams.grf (md5sum matches)
     Added NewGRF: GRF ID 42414753, checksum 5C384730817B74DDF2092DB3F8E8E91E, filename: opengfx\glassstationw.grf (md5sum matches)
     Added NewGRF: GRF ID 554B5201, checksum 0D9C15FF1DC9AA50702780A730D9C650, filename: uk_roadset.1.1\ukroadsetw.grf (md5sum matches)
Tick 39200: GRF config changed
     Added NewGRF: GRF ID 44440A02, checksum CC43F806C0D6838DBE3E68434F3726F3, filename: apache_helicopter.1\apache_w.grf (md5sum matches)
Tick 3378: game loaded
     Revision text changed to r21941, savegame version 158, not modified, _openttd_newgrf_version = 0x110055b5
---- gamelog end ----

*** End of OpenTTD Crash Report ***

Decoded stack trace:
[00] ???                  0x0049ACAA
[01] ???                  0x0045FC12
[02] ???                  0x00451DC5
[03] ???                  0x00453F8B
[04] ???                  0x004541AE
[05] ???                  0x00571A14

*** End of additional info ***
