*** OpenTTD Crash Report ***

Crash at: Tue Aug 31 20:00:55 2010
In game date: 1952-01-01 (0)

Crash reason:
 Exception: C0000005
 Location:  00000001401411E1
 Message:   <none>

OpenTTD version:
 Version:    1.0.4-RC1 (0)
 NewGRF ver: 104050de
 Bits:       64
 Endian:     little
 Dedicated:  no
 Build date: Aug 30 2010 19:29:52

Registers:
 RAX: 0000000001000001 RBX: FFDFDD3000084BC7 RCX: 0000000002FB1140 RDX: 000000000012E170
 RSI: 0000000001D33DD0 RDI: 0000000008000000 RBP: 0000000001D3D580 RSP: 000000000012E100
 R8:  0000000000000000 R9:  000000000A000020 R10: 0000000003372140 R11: 000000000012E090
 R12: 0000000003115E90 R13: 0000000000000400 R14: 0000000000000002 R15: 0000000003115EB0
 RIP: 00000001401411E1 EFLAGS: 00010206

 Bytes at instruction pointer:
 48 FF 43 08 48 8D 54 24 20 E8 29 F8 01 00 85 FF 74 10 48 83 43 08 FF 75

Stack trace:
 02FB1140 00000000 01D3D580 00000000 01D33DD0 00000000 02FB1140 00000000
 0A000020 00000001 00084BC7 FFDFDD30 02FB1140 00000000 4017F6A0 00000001
 00000000 00000000 01D33DD0 00000000 01D33DD0 00000000 02FB1140 00000000
 00000400 00000000 77EF55D9 00000000 0A000020 00000000 00084BC7 FFDFDD30
 021B1CB0 00000000 01C90000 00000000 00000008 0000083D 4013E7B5 00000001
 00000000 00000000 00002440 00000000 021B1CA0 00000000 021B1CB0 00000000
 0012E960 00000000 4028C528 00000001 FFFFFFFE FFFFFFFF 00000000 00000000
 00002440 00000000 4014722E 00000001 0012E960 00000000 40150916 00000001
 40402580 00000001 4028BB43 00000001 021B1CB0 00000000 00000001 00000000
 021B1CA0 00000000 40146AD3 00000001 00000000 00000000 00000000 00000000
 00000054 00000000 01CB0080 00000000 000003BC 00000000 0012E330 00000000
 0000000A 00000000 01CB0080 00000000 01CB1180 00000000 030EEF00 00000000
 00000054 00000000 01CB0080 00000000 032A0000 00000000 01CB0750 00000000
 0000000A 00000000 01CB0080 00000000 000D002C EE202D28 01CB02B0 00000000
 01CB0A10 00000000 77EFCB0F 00000000 00000001 00000000 00001378 00000000
 00000000 00000000 00000000 00000000 01C90000 00000000 77EF55D9 00000000
 00000000 00000000 00000000 00000000 03116260 00000000 01C90000 00000000
 00000000 00000000 000000A0 00000000 00000000 00000000 00001390 00000000
 03116250 00000000 03116260 00000000 00000000 00000000 01C90000 00000000
 FFFFFFFF FFFFFFFF 030EEF00 00000000 00001390 00000000 77EF65E0 00000000
 02F56608 00000000 0012E6D0 00000000 00000000 00000000 01C90000 00000000
 03116260 00000000 77EF65E0 00000000 03116250 00000000 0012E6D0 00000000
 00000000 00000000 01C90000 00000000 00000100 00000000 01C902C8 00000000
 00000008 00000000 00002000 00000000 01C90000 00000000 4028B2BC 00000001

Operating system:
 Name:     Windows
 Release:  5.2.3790 (Service Pack 2)
 Compiler: MSVC 1500

Configuration:
 Blitter:      8bpp-optimized
 Graphics set: original_windows (0)
 Language:     english_US.lng
 Music driver: win32
 Music set:    OpenMSX (96)
 Network:      no
 Sound driver: win32
 Sound set:    OpenSFX (87)
 Video driver: win32

AI Configuration (local: 0):
  0: Human
  1: ChooChoo (v361)
  2: AdmiralAI (v25)

Libraries:
 FreeType:   2.3.12
 ICU:        4.4.1
 LZO:        2.03
 PNG:        1.4.3
 Zlib:       1.2.5

Module information:
 C:\Program Files (x86)\OpenTTD\openttd.exe handle: 0000000140000000 size: 4531200 crc: CDD33BFB date: 2010-08-30 19:33:24
 C:\WINDOWS\system32\ntdll.dll handle: 0000000077EC0000 size: 1260544 crc: BF16EFBA date: 2009-03-19 17:51:10
 C:\WINDOWS\system32\kernel32.dll handle: 0000000077D40000 size: 1504256 crc: 32DE565D date: 2009-03-21 07:47:30
 C:\WINDOWS\system32\WINMM.dll handle: 000007FF7E240000 size: 310784 crc: A828BE63 date: 2007-02-18 12:00:00
 C:\WINDOWS\system32\USER32.dll handle: 0000000077C20000 size: 1086464 crc: 7A25FE19 date: 2007-03-02 00:54:30
 C:\WINDOWS\system32\GDI32.dll handle: 000007FF7FC90000 size: 621056 crc: 979AEBB3 date: 2008-10-23 17:49:16
 C:\WINDOWS\system32\ADVAPI32.dll handle: 000007FF7FEE0000 size: 1052160 crc: 84ECB38D date: 2009-03-19 17:50:58
 C:\WINDOWS\system32\RPCRT4.dll handle: 000007FF7FD30000 size: 1653248 crc: 3A6D4EAD date: 2009-04-27 14:52:42
 C:\WINDOWS\system32\Secur32.dll handle: 000007FF7E9C0000 size: 123392 crc: BBACFF11 date: 2009-06-16 11:25:28
 C:\WINDOWS\system32\WS2_32.dll handle: 000007FF77310000 size: 178688 crc: 147D8414 date: 2007-02-18 12:00:00
 C:\WINDOWS\system32\msvcrt.dll handle: 000007FF7FC00000 size: 520192 crc: 32211A97 date: 2007-02-18 12:00:00
 C:\WINDOWS\system32\WS2HELP.dll handle: 000007FF77140000 size: 31232 crc: 624302E6 date: 2007-02-18 12:00:00
 C:\WINDOWS\system32\SHELL32.dll handle: 000007FF7F190000 size: 10510336 crc: 255EC2B4 date: 2010-07-27 10:11:12
 C:\WINDOWS\system32\SHLWAPI.dll handle: 000007FF7EF60000 size: 622080 crc: 8CC0835F date: 2009-10-15 12:35:36
 C:\WINDOWS\system32\IMM32.DLL handle: 000007FF7D500000 size: 212992 crc: 13DE9C16 date: 2007-02-18 12:00:00
 C:\WINDOWS\WinSxS\amd64_Microsoft.Windows.Common-Controls_6595b64144ccf1df_6.0.3790.3959_x-ww_0A7B2435\comctl32.dll handle: 000007FF7F000000 size: 1584640 crc: CAE04EDA date: 2007-02-17 01:33:18
 C:\WINDOWS\system32\SHFolder.dll handle: 000007FF7DAA0000 size: 34816 crc: A33C09D1 date: 2007-02-18 12:00:00
 C:\WINDOWS\system32\wdmaud.drv handle: 000007FF78930000 size: 36352 crc: 26BE8121 date: 2005-03-24 17:34:52
 C:\WINDOWS\system32\WINTRUST.dll handle: 000007FF7E3E0000 size: 312320 crc: FE053FF6 date: 2009-12-24 11:14:42
 C:\WINDOWS\system32\CRYPT32.dll handle: 000007FF7D370000 size: 1429504 crc: 5B9B1F35 date: 2007-02-18 12:00:00
 C:\WINDOWS\system32\MSASN1.dll handle: 000007FF7D340000 size: 159744 crc: 6DB3E3A8 date: 2009-09-09 20:02:26
 C:\WINDOWS\system32\imagehlp.dll handle: 000007FF7E470000 size: 58880 crc: 3958E7F4 date: 2007-02-18 12:00:00
 C:\WINDOWS\system32\msacm32.drv handle: 000007FF78920000 size: 31744 crc: 2F5BD905 date: 2007-02-18 12:00:00
 C:\WINDOWS\system32\MSACM32.dll handle: 000007FF7FBC0000 size: 114688 crc: 5AA65858 date: 2007-02-18 12:00:00
 C:\WINDOWS\system32\midimap.dll handle: 000007FF7FBB0000 size: 26112 crc: 09E635EE date: 2007-02-18 12:00:00
 C:\WINDOWS\system32\uxtheme.dll handle: 000007FF77230000 size: 506368 crc: D919B2FE date: 2007-02-18 12:00:00
 C:\WINDOWS\system32\MSCTF.dll handle: 000007FF7A410000 size: 632320 crc: 59697CA9 date: 2007-02-18 12:00:00
 C:\WINDOWS\system32\apphelp.dll handle: 000007FF7CE50000 size: 246784 crc: 1B7623CB date: 2007-02-18 12:00:00
 C:\WINDOWS\system32\msctfime.ime handle: 000007FF58AF0000 size: 361472 crc: DF8D8D72 date: 2007-02-18 12:00:00
 C:\WINDOWS\system32\ole32.dll handle: 000007FF57140000 size: 2622976 crc: 987491C5 date: 2007-02-18 12:00:00
 C:\WINDOWS\system32\CLBCatQ.DLL handle: 000007FF7EA10000 size: 883200 crc: FA1AE9D6 date: 2007-02-18 12:00:00
 C:\WINDOWS\system32\OLEAUT32.dll handle: 000007FF7EBC0000 size: 1123328 crc: E297DF52 date: 2007-12-13 15:27:54
 C:\WINDOWS\system32\COMRes.dll handle: 000007FF7EAF0000 size: 798208 crc: BF249CFF date: 2007-02-18 12:00:00
 C:\WINDOWS\system32\VERSION.dll handle: 000007FF7FBF0000 size: 28672 crc: DDE82E13 date: 2007-02-18 12:00:00
 C:\WINDOWS\system32\mswsock.dll handle: 000007FF771B0000 size: 492544 crc: 6994B188 date: 2008-06-21 13:07:28
 C:\WINDOWS\system32\hnetcfg.dll handle: 000007FF6D200000 size: 581632 crc: 1DF0C6E9 date: 2007-02-18 12:00:00
 C:\WINDOWS\System32\wshtcpip.dll handle: 000007FF77170000 size: 29696 crc: 63949ECA date: 2007-02-18 12:00:00
 C:\WINDOWS\system32\psapi.dll handle: 000007FF7E380000 size: 29696 crc: B3E50BCA date: 2007-02-18 12:00:00

---- gamelog start ----
Tick 0: new game started
     Revision text changed to 1.0.4-RC1, savegame version 138, not modified, _openttd_newgrf_version = 0x104050de
     New game mode: 1 landscape: 2
     Added NewGRF: GRF ID 4A430002, checksum 0728ADCB4DF2F1EB9247ABD449296F4E, filename: industrial_stations_renewal.0.8.0\indstatrw.grf
---- gamelog end ----

*** End of OpenTTD Crash Report ***
