*** OpenTTD Crash Report ***

Crash at: Tue Jan  3 22:40:22 2012
In game date: 2003-10-10 (43)

Crash reason:
 Signal:  Aborted (6)
 Message: Assertion failed at line 201 of /home/ottdc/svn-stable/src/road_map.h: IsTileType(t, MP_ROAD) || IsTileType(t, MP_STATION) || IsTileType(t, MP_TUNNELBRIDGE)

OpenTTD version:
 Version:    1.2.0-beta1 (0)
 NewGRF ver: 12005c73
 Bits:       32
 Endian:     little
 Dedicated:  yes
 Build date: Dec 24 2011 23:28:29

Stacktrace:
 [00] ./stable(_ZNK12CrashLogUnix13LogStacktraceEPcPKc+0x43) [0x83049f3]
 [01] ./stable(_ZNK8CrashLog12FillCrashLogEPcPKc+0x102) [0x81c1792]
 [02] ./stable(_ZNK8CrashLog12MakeCrashLogEv+0xa0) [0x81c1a60]
 [03] ./stable() [0x830492c]
 [04] [0x259500]
 [05] [0x259420]
 [06] /lib/libc.so.6(gsignal+0x4f) [0xd477af]
 [07] /lib/libc.so.6(abort+0x180) [0xd490f0]
 [08] ./stable() [0x82eef7e]
 [09] ./stable() [0x83d8a73]
 [10] ./stable(_Z17CmdRemoveRoadStopj13DoCommandFlagjjPKc+0x736) [0x83dbc56]
 [11] ./stable(_Z18DoCommandPInternaljjjjPFvRK11CommandCostjjjEPKcbb+0x4d5) [0x81a72d5]
 [12] ./stable(_Z10DoCommandPjjjjPFvRK11CommandCostjjjEPKcb+0xfe) [0x81a7afe]
 [13] ./stable(_Z10DoCommandPPK16CommandContainerb+0x3d) [0x81a7d9d]
 [14] ./stable(_Z31NetworkExecuteLocalCommandQueuev+0x6d) [0x827680d]
 [15] ./stable(_Z15NetworkGameLoopv+0x23c) [0x828064c]
 [16] ./stable(_Z8GameLoopv+0x9f) [0x82f1bdf]
 [17] ./stable(_ZN21VideoDriver_Dedicated8MainLoopEv+0x200) [0x8461c00]
 [18] ./stable(_Z8ttd_mainiPPc+0x1023) [0x82f02f3]
 [19] ./stable(main+0x48) [0x8304e08]
 [20] /lib/libc.so.6(__libc_start_main+0xfe) [0xd32c0e]
 [21] ./stable() [0x810fdb1]

Operating system:
 Name:     Linux
 Release:  2.6.32-6-pve
 Version:  #1 SMP Mon Dec 19 06:55:36 CET 2011
 Machine:  i686
 Compiler: GCC 4.5.0 "4.5.0 20100604 [gcc-4_5-branch revision 160292]"

Configuration:
 Blitter:      null
 Graphics set: OpenGFX (875)
 Language:     /home/ottdc/svn-stable/autopilot/lang/english.lng
 Music driver: null
 Music set:    Scott Joplin Anthology (2)
 Network:      server
 Sound driver: null
 Sound set:    OpenSFX (87)
 Video driver: dedicated

AI Configuration (local: 255):
  0: Human
  1: Human
  2: Human
  3: Human
  4: Human
  5: Human
  6: Human
  7: Human
  8: Human
  9: Human
 GS: °IH (v0)

Libraries:
 LZMA:       4.999.9beta
 LZO:        2.03
 PNG:        1.2.46
 Zlib:       1.2.3

---- gamelog start ----
Tick 0: new game started
     Revision text changed to 1.2.0-beta1, savegame version 168, not modified, _openttd_newgrf_version = 0x12005c73
     New game mode: 2 landscape: 1
     Added NewGRF: GRF ID 4D470303, checksum 9D1941376FAA9869CFE563BEADB4E7D2, filename: basemod-3.2.1/basecosts.grf (md5sum matches)
     Added NewGRF: GRF ID 4A430002, checksum EFB21CFA6828362FDA9B2D629B5EEEB4, filename: industrial_stations_renewal-0.8.1/indstatr.grf (md5sum matches)
     Added NewGRF: GRF ID 44573452, checksum 48CF5FC0DEB895136F337A7E563FC66D, filename: dwestationtiles_industrial_ter-v0.7/dwe_stat_r.grf (md5sum matches)
     Added NewGRF: GRF ID 44578619, checksum B30A5E35634A59D2BDD9C2389CEDBF2C, filename: dwestationtiles__fences-v1.2/fences.grf (md5sum matches)
     Added NewGRF: GRF ID 44573553, checksum EF7529EBEAF35758EE07E628B25F608D, filename: dwenewobjects-v0.1/dwe_newobj.grf (md5sum matches)
     Added NewGRF: GRF ID 45530500, checksum FA231F55E8CC472EA98271F7C2AA9EFF, filename: japanese_stations-2.0a/jpstationsw.grf (md5sum matches)
     Added NewGRF: GRF ID 43485053, checksum 80EB009DC3E2CCD5C2C71DDB9A1CFBC3, filename: chips_station_set-0.6.0/chips.grf (md5sum matches)
     Added NewGRF: GRF ID 444E0400, checksum 735D3D74D5DCADBF1FD6EF7A9C5A3519, filename: vast_station_tiles-0.2.0/vast.grf (md5sum matches)
     Added NewGRF: GRF ID 444E0C00, checksum ECB6918C3D5BD8B7D84409979C124541, filename: vast_fences-0.1.0/vastfences.grf (md5sum matches)
     Added NewGRF: GRF ID 43415000, checksum C6AE1C574FD881A706AA2B623FB83BC1, filename: climate_dependant_airports-0.3.0/airportsplus.grf (md5sum matches)
     Added NewGRF: GRF ID 52455400, checksum 1600687C50C5AB1E72EDD487CAD50E2A, filename: coded_by_aegir._artwork_by_aegir-1/ae_cityw.grf (md5sum matches)
     Added NewGRF: GRF ID 504E0002, checksum 6E6944E09CE6C3AC130DF72C542EE4B1, filename: generic_buffers.0.1/buffers.grf (md5sum matches)
     Added NewGRF: GRF ID 44440A11, checksum D701E3219A08351B1705A7860644A9A2, filename: general_av8ion-1.0/genav8.grf (md5sum matches)
     Added NewGRF: GRF ID 74677462, checksum A2396FFDCC0F1BA37A2A89EF525CDF21, filename: total_bridge_renewal_set.1.12/total_bridges.grf (md5sum matches)
     Added NewGRF: GRF ID 44442411, checksum BE3D8201BDE0ABB92F8D9696D93524CC, filename: tai_uk_houses-0.3/tai_uk.grf (md5sum matches)
     Added NewGRF: GRF ID 4946424C, checksum 277B92187F074918F46CE65FD6D440EC, filename: hot_air_balloon-1.0/hotairballoon.grf (md5sum matches)
     Added NewGRF: GRF ID 4F472B33, checksum D5B21A6C2FE39F15E385785DEF1E6A50, filename: opengfx_industries-0.3.4/ogfx-industries.grf (md5sum matches)
     Added NewGRF: GRF ID 4F472B32, checksum 809FE326606D15B5E6E5DAF6FD393E2E, filename: opengfx_road_vehicles-0.3.1/ogfx-rv.grf (md5sum matches)
     Added NewGRF: GRF ID 4F472B31, checksum 283C7E8D8017B8C6C9B3DA9CDAF45A8C, filename: opengfx_trains-0.2.5/ogfx-trains.grf (md5sum matches)
     Added NewGRF: GRF ID 4D666F01, checksum 1C3723AAE56C6648B61BC211EA344835, filename: ottdc_grfpack/2_landscape/stolentrees/testw.grf (md5sum matches)
     Added NewGRF: GRF ID 736C6602, checksum 2DB244FD410D77FCCE2DE6D5AF09DF51, filename: japanese_city_names-1/jpcities.grf (md5sum matches)
Tick 0: game loaded
     New game mode: 1 landscape: 1
Tick 19: GRF config changed
     Added NewGRF: GRF ID 444E0700, checksum 82B3BEF3F36E7B9CCE04AFD5AC690C3A, filename: universal_rail_type-1.4/univrt.grf (md5sum matches)
---- gamelog end ----

*** End of OpenTTD Crash Report ***
