make[1]: Entering directory `/usr/local/games/openttd_trunk/openttd_nightly/objs/lang'
[LANG] Compiling language german
/usr/local/games/openttd_trunk/openttd_nightly/src/lang/german.txt:1254: error: String name 'STR_SIGNAL_SELECTION' is used multiple times
/usr/local/games/openttd_trunk/openttd_nightly/src/lang/german.txt:1255: error: String name 'STR_SIGNAL_TYPE_COMBO' is used multiple times
/usr/local/games/openttd_trunk/openttd_nightly/src/lang/german.txt:1256: error: String name 'STR_SIGNAL_NORMAL' is used multiple times
/usr/local/games/openttd_trunk/openttd_nightly/src/lang/german.txt:1257: error: String name 'STR_SIGNAL_ENTRANCE' is used multiple times
/usr/local/games/openttd_trunk/openttd_nightly/src/lang/german.txt:1258: error: String name 'STR_SIGNAL_COMBO' is used multiple times
/usr/local/games/openttd_trunk/openttd_nightly/src/lang/german.txt:1259: error: String name 'STR_SIGNAL_EXIT' is used multiple times
/usr/local/games/openttd_trunk/openttd_nightly/src/lang/german.txt:1260: error: String name 'STR_SIGNAL_DENSITY_DESC' is used multiple times
/usr/local/games/openttd_trunk/openttd_nightly/src/lang/german.txt:1261: error: String name 'STR_SIGNAL_DENSITY_TILES' is used multiple times
/usr/local/games/openttd_trunk/openttd_nightly/src/lang/german.txt:1263: error: String name 'STR_SIGNAL_VARIANT_ELECTRIC' is used multiple times
/usr/local/games/openttd_trunk/openttd_nightly/src/lang/german.txt:1264: error: String name 'STR_SIGNAL_VARIANT_SEMAPHORES' is used multiple times
/usr/local/games/openttd_trunk/openttd_nightly/src/lang/german.txt:1266: error: String name 'STR_SIGNAL_VARIANT_TIP' is used multiple times
/usr/local/games/openttd_trunk/openttd_nightly/src/lang/german.txt:1267: error: String name 'STR_SIGNAL_DENSITY_TIP' is used multiple times
/usr/local/games/openttd_trunk/openttd_nightly/src/lang/german.txt:1268: error: String name 'STR_SIGNAL_TYPE_TIP' is used multiple times
make[1]: Leaving directory `/usr/local/games/openttd_trunk/openttd_nightly/objs/lang'
make[1]: Entering directory `/usr/local/games/openttd_trunk/openttd_nightly/objs/release'
[SRC] Compiling rail_gui.cpp
[SRC] Compiling road_cmd.cpp
[SRC] Compiling road_gui.cpp
/usr/local/games/openttd_trunk/openttd_nightly/src/rail_gui.cpp:1308: warning: converting to non-pointer type ‘uint16’ from NULL
/usr/local/games/openttd_trunk/openttd_nightly/src/rail_gui.cpp:1316: error: invalid conversion from ‘int’ to ‘WindowClass’
/usr/local/games/openttd_trunk/openttd_nightly/src/rail_gui.cpp:1316: error: cannot convert ‘const Widget*’ to ‘WindowClass’ in initialization
/usr/local/games/openttd_trunk/openttd_nightly/src/rail_gui.cpp:1316: error: invalid conversion from ‘void (*)(Window*, WindowEvent*)’ to ‘uint32’
/usr/local/games/openttd_trunk/openttd_nightly/src/rail_gui.cpp:1316: warning: missing initializer for member ‘WindowDesc::widgets’
/usr/local/games/openttd_trunk/openttd_nightly/src/rail_gui.cpp:1316: warning: missing initializer for member ‘WindowDesc::proc’
/usr/local/games/openttd_trunk/openttd_nightly/src/rail_gui.cpp: In function ‘void ShowSignalBuilder()’:
/usr/local/games/openttd_trunk/openttd_nightly/src/rail_gui.cpp:1322: warning: unused variable ‘w’
make[1]: *** [rail_gui.o] Error 1
make[1]: *** Waiting for unfinished jobs....
make[1]: Leaving directory `/usr/local/games/openttd_trunk/openttd_nightly/objs/release'
make: *** [all] Error 2
