*** OpenTTD Crash Report ***

Crash at: Thu Sep 21 00:32:01 2017
In game date: 2200-01-21 (42)

Crash reason:
 Exception: C0000005
 Location:  77B11EE3
 Message:   <none>

OpenTTD version:
 Version:    1.7.1 (0)
 NewGRF ver: 17186ce9
 Bits:       32
 Endian:     little
 Dedicated:  no
 Build date: Jun 13 2017 18:44:04

Registers:
 EAX: 00000000 EBX: 73150001 ECX: 000004C3 EDX: 00000000
 ESI: 2D8D8FAB EDI: 73150000 EBP: 0012F740 ESP: 0012F70C
 EIP: 77B11EE3 EFLAGS: 00210206

 Bytes at instruction pointer:
 89 30 8B 45 E0 8B 55 E4 8D 7E 08 F0 0F C7 0F 3B 45 E0 0F 85 BC 0E FD FF

Stack trace:
 00000000 02B80000 261398B0 00000001 00000800 00000000 00000000 04612F40
 0012F774 006CF12C 00000000 00000001 261398A8 0012F758 77B11E37 2D79F490
 00000000 267AE370 261398A8 0012F76C 77C5F18C 02B80000 00000000 261398B0
 0012F780 006A9F81 02B80000 00000000 261398B0 0012F78C 0064E08A 261398B0
 0012F7A4 006CEA6D 261398B0 00000000 0012F860 2D79F490 0012F7D4 006CEDD6
 261388A8 00000000 00000800 261398B0 00000000 267AE370 0012F860 00000000
 00000000 2DA2C240 0012F83C 006A8E0C 261388A8 00000000 00000800 00000800
 00000000 00000000 00000000 0012F860 4044C268 29909FB8 27977D18 00000000
 29043C20 29043BC0 29043BE0 29043C00 00000004 00000001 04511878 27A4C020
 2DA2C240 0012F89C 006EA5B0 00000001 0012F8A8 00423F9A 00000000 288CAB38
 0012F878 00000000 00000000 27A4BD44 000000FE 00000000 0012F894 00000000
 00000010 27977D18 00000088 00E8E0A0 0012F800 04511848 00000001 00000001
 04510E88 2DA2C240 00000000 00423EF6 0012F90C 006EBDF9 00000001 0012F918
 004248AE 261388A8 00000800 000002C0 000002A9 0000053F 00000000 00000010
 00000010 00000000 00000010 00000010 0012F8F0 77C5F18C 2D950CA8 00000020
 FFFFFF84 00000020 00000001 04612F40 00000800 261388A8 00000000 261398A8
 0012F954 006EEED7 00000000 0012F960 004209E8 0012F940 2D9514A8 7FFFFFFF
 27977D14 0000024F 0012F9D8 27F2BC20 00420083 00000000 00000000 00000000
 2D950CA8 00000001 0012FDCC 006EEEEB FFFFFFFF 0012F9A8 00550A65 00000007
 0000053F 0000028E 2D950CA8 00000010 00000010 00000000 00000000 00000000
 00000152 2893B8E0 00000001 00000010 0000018E 00000088 266966A0 0012F9E8
 00463D19 0012F9D8 00000005 266966A0 2893B8E0 000002B7 00000000 0000002B
 00000269 0000003E 02E995C8 00000000 0000003F 00000546 000002A6 0012FA3C
 004629EA 266966A0 28805C30 004629EA 266966A0 28808E08 004629EA 266966A0

Operating system:
 Name:     Windows
 Release:  6.1.7600 ()
 Compiler: MSVC 1600

Configuration:
 Blitter:      32bpp-optimized
 Graphics set: OpenGFX (5580)
 Language:     C:\Program Files\OpenTTD\lang\english.lng
 Music driver: dmusic
 Music set:    OpenMSX (96)
 Network:      no
 Sound driver: win32
 Sound set:    OpenSFX (87)
 Video driver: win32

Fonts:
 Small:  sprite
 Medium: sprite
 Large:  sprite
 Mono:   sprite

AI Configuration (local: 0):
  0: Human
  1: WmDOT (v14)
 GS: Base GS (v1)

Libraries:
 FreeType:   2.4.11
 ICU i18n:   51.2
 ICU lx:     51.2
 LZMA:       5.0.4
 LZO:        2.06
 PNG:        1.5.14
 Zlib:       1.2.7

Module information:
 C:\Program Files\OpenTTD\openttd.exe handle: 00400000 size: 11950080 crc: F0DA1ECE date: 2017-06-13 18:48:24
 C:\Windows\SYSTEM32\ntdll.dll handle: 77AC0000 size: 1288984 crc: 74FABB84 date: 2011-11-17 05:41:38
 C:\Windows\system32\kernel32.dll handle: 77C10000 size: 868352 crc: 0F435DC7 date: 2013-01-04 04:46:33
 C:\Windows\system32\KERNELBASE.dll handle: 75DB0000 size: 293376 crc: 8EA23247 date: 2013-01-04 04:46:33
 C:\Windows\system32\WINMM.dll handle: 73990000 size: 194048 crc: 2FBEB05C date: 2009-07-14 01:16:19
 C:\Windows\system32\msvcrt.dll handle: 77070000 size: 690688 crc: B5CCE1E7 date: 2011-12-16 07:59:17
 C:\Windows\system32\USER32.dll handle: 76E20000 size: 811520 crc: F5A646DD date: 2009-07-14 01:16:17
 C:\Windows\system32\GDI32.dll handle: 77430000 size: 304640 crc: 252D0177 date: 2009-07-14 01:15:22
 C:\Windows\system32\LPK.dll handle: 77C00000 size: 26624 crc: 13E68B63 date: 2009-07-14 01:15:36
 C:\Windows\system32\USP10.dll handle: 771D0000 size: 627712 crc: B3AA872B date: 2012-11-22 09:33:26
 C:\Windows\system32\WS2_32.dll handle: 77280000 size: 206336 crc: 4C23BF22 date: 2009-07-14 01:16:20
 C:\Windows\system32\RPCRT4.dll handle: 77380000 size: 652288 crc: 14458268 date: 2009-07-14 01:16:13
 C:\Windows\system32\NSI.dll handle: 76FE0000 size: 8704 crc: 2ACE9671 date: 2009-07-14 01:16:11
 C:\Windows\system32\IMM32.dll handle: 77320000 size: 118272 crc: F2F44531 date: 2009-07-14 01:15:32
 C:\Windows\system32\MSCTF.dll handle: 77480000 size: 828928 crc: DFE09EEB date: 2009-07-14 01:15:43
 C:\Windows\system32\ADVAPI32.dll handle: 77550000 size: 640000 crc: 24248FE4 date: 2009-07-14 01:14:53
 C:\Windows\SYSTEM32\sechost.dll handle: 771B0000 size: 92160 crc: B624B29A date: 2009-07-14 01:16:13
 C:\Windows\system32\SHELL32.dll handle: 75F50000 size: 12868608 crc: B3A16831 date: 2012-06-09 04:46:56
 C:\Windows\system32\SHLWAPI.dll handle: 772C0000 size: 350208 crc: 8D9B2C39 date: 2009-07-14 01:16:14
 C:\Windows\system32\ole32.dll handle: 76CC0000 size: 1413632 crc: 082ED659 date: 2010-06-29 05:02:02
 C:\Windows\system32\uxtheme.dll handle: 749B0000 size: 249856 crc: 1CD7BB78 date: 2009-07-14 01:16:17
 C:\Windows\system32\dwmapi.dll handle: 749F0000 size: 67072 crc: FC7CA4B8 date: 2009-07-14 01:15:13
 C:\Windows\system32\CRYPTBASE.dll handle: 75BD0000 size: 36864 crc: 00308E17 date: 2009-07-14 01:15:07
 C:\Windows\system32\mswsock.dll handle: 756C0000 size: 232448 crc: 32400D27 date: 2009-07-14 01:15:51
 C:\Windows\System32\wshtcpip.dll handle: 75190000 size: 9216 crc: BA963A19 date: 2009-07-14 01:16:20
 C:\Windows\system32\MMDevAPI.DLL handle: 746E0000 size: 213504 crc: 352DF99F date: 2009-07-14 01:15:41
 C:\Windows\system32\PROPSYS.dll handle: 74A50000 size: 988160 crc: 0700E8D7 date: 2009-07-14 01:16:12
 C:\Windows\system32\OLEAUT32.dll handle: 77120000 size: 571904 crc: 353B7F45 date: 2011-08-27 04:43:07
 C:\Windows\system32\wdmaud.drv handle: 6BD00000 size: 172032 crc: 03BEEBE2 date: 2009-07-14 01:14:08
 C:\Windows\system32\ksuser.dll handle: 6BCF0000 size: 4608 crc: EBE07232 date: 2009-07-14 01:15:35
 C:\Windows\system32\AVRT.dll handle: 745F0000 size: 14336 crc: 9818237B date: 2009-07-14 01:14:58
 C:\Windows\system32\SETUPAPI.dll handle: 77640000 size: 1668608 crc: F909EF01 date: 2009-07-14 01:16:14
 C:\Windows\system32\CFGMGR32.dll handle: 75CF0000 size: 145920 crc: 6377C630 date: 2009-07-14 01:15:02
 C:\Windows\system32\DEVOBJ.dll handle: 75CD0000 size: 64512 crc: 2B501D62 date: 2009-07-14 01:15:11
 C:\Windows\system32\AUDIOSES.DLL handle: 6C660000 size: 195584 crc: BC939745 date: 2009-07-14 01:14:57
 C:\Windows\system32\msacm32.drv handle: 721F0000 size: 20992 crc: 73923147 date: 2009-07-14 01:14:08
 C:\Windows\system32\MSACM32.dll handle: 721D0000 size: 72192 crc: ABA25814 date: 2009-07-14 01:15:42
 C:\Windows\system32\midimap.dll handle: 721C0000 size: 16896 crc: C000494C date: 2009-07-14 01:15:40
 C:\Windows\system32\CLBCatQ.DLL handle: 76F50000 size: 522240 crc: 6C130B8A date: 2009-07-14 01:15:03
 C:\Windows\System32\dmime.dll handle: 68060000 size: 179712 crc: 179D7CFB date: 2009-07-14 01:15:12
 C:\Windows\System32\DSOUND.dll handle: 672D0000 size: 453632 crc: EC24F2F8 date: 2009-07-14 01:15:13
 C:\Windows\System32\POWRPROF.dll handle: 74600000 size: 145408 crc: 9957ABF4 date: 2009-07-14 01:16:12
 C:\Windows\System32\dmusic.dll handle: 6D060000 size: 101376 crc: F5D0AA6B date: 2009-07-14 01:15:12
 C:\Windows\system32\WINTRUST.dll handle: 75E00000 size: 172544 crc: 32BAE4B0 date: 2012-08-24 17:10:47
 C:\Windows\system32\CRYPT32.dll handle: 75E30000 size: 1157632 crc: DB7E205F date: 2012-06-02 04:45:21
 C:\Windows\system32\MSASN1.dll handle: 75CC0000 size: 34816 crc: 4F65C9C8 date: 2009-08-29 06:57:31
 C:\Windows\System32\dmsynth.dll handle: 6ED00000 size: 105472 crc: 3B102040 date: 2009-07-14 01:15:12
 C:\Windows\System32\dmloader.dll handle: 71860000 size: 38400 crc: 8A3F45D2 date: 2009-07-14 01:15:12
 C:\Windows\System32\dmstyle.dll handle: 6D040000 size: 105984 crc: 306B797C date: 2009-07-14 01:15:12
 C:\Windows\System32\dmband.dll handle: 73F30000 size: 30720 crc: B880FDE2 date: 2009-07-14 01:15:12
 C:\Windows\system32\psapi.dll handle: 77270000 size: 6144 crc: 25B988F9 date: 2009-07-14 01:16:12

---- gamelog start ----
Tick 0: new game started
Revision text changed to 1.7.1, savegame version 196, not modified, _openttd_newgrf_version = 0x17186ce9
New game mode: 1 landscape: 1
---- gamelog end ----

*** End of OpenTTD Crash Report ***

Decoded stack trace:
[00] ntdll                0x77B11EE3 RtlFreeHeap + 298
[01] ntdll                0x77B11E37 RtlFreeHeap + 126
[02] kernel32             0x77C5F18C HeapFree + 20
[03] openttd              0x006A9F81
[04] openttd              0x0064E08A
[05] openttd              0x006CEA6D
[06] openttd              0x006CEDD6
[07] openttd              0x006A8E0C
[08] openttd              0x00423F9A
[09] openttd              0x004248AE
[10] openttd              0x004209E8
[11] openttd              0x00550A65
[12] openttd              0x00463D19
[13] openttd              0x004629EA
[14] openttd              0x00550602
[15] openttd              0x00467498
 <infinite loop>

*** End of additional info ***
