*** OpenTTD Crash Report ***

Crash at: Sat Jul 10 13:25:11 2010
In game date: 2051-05-09 (23919)

Crash reason:
 Signal:  Segmentation fault (11)
 Message: <none>

OpenTTD version:
 Version:    r20110 (0)
 NewGRF ver: 11004e8e
 Bits:       64
 Endian:     little
 Dedicated:  no
 Build date: Jul 10 2010 15:11:29


Stacktrace:
 [00] openttd              0x0000000100186deb (CrashLog::FillCrashLog(char*, char const*) const + 331)
 [01] openttd              0x000000010027bb44 (HandleCrash(int) + 228)
 [02] libSystem.B.dylib    0x00007fff8144a35a (_sigtramp + 26)
 [03] openttd              0x00000001002438e0 (std::_Rb_tree<unsigned int, std::pair<unsigned int const, unsigned int>, std::_Select1st<std::pair<unsigned int const, unsigned int> >, std::less<unsigned int>, std::allocator<std::pair<unsigned int const, unsigned int> > >::_M_insert_unique(std::pair<unsigned int const, unsigned int> const&) + 96)
 [04] AppKit               0x00007fff835b939c (-[NSCGSContext dealloc] + 24)
 [05] AppKit               0x00007fff835b937d (-[NSWindowGraphicsContext dealloc] + 67)
 [06] CoreFoundation       0x00007fff80d1fcc6 (_CFAutoreleasePoolPop + 230)
 [07] Foundation           0x00007fff809c6e5f (-[NSAutoreleasePool release] + 158)
 [08] openttd              0x000000010027ca11 (SDL_main + 113)
 [09] openttd              0x00000001003d3920 (-[SDLMain applicationDidFinishLaunching:] + 48)
 [10] Foundation           0x00007fff809d484e (_nsnote_callback + 167)
 [11] CoreFoundation       0x00007fff80d43a90 (__CFXNotificationPost + 1008)
 [12] CoreFoundation       0x00007fff80d30008 (_CFXNotificationPostNotification + 200)
 [13] Foundation           0x00007fff809cb7b8 (-[NSNotificationCenter postNotificationName:object:userInfo:] + 101)
 [14] AppKit               0x00007fff83516832 (-[NSApplication _postDidFinishNotification] + 100)
 [15] AppKit               0x00007fff83516767 (-[NSApplication _sendFinishLaunchingNotification] + 66)
 [16] AppKit               0x00007fff835e1719 (-[NSApplication(NSAppleEventHandling) _handleAEOpen:] + 219)
 [17] AppKit               0x00007fff835e1395 (-[NSApplication(NSAppleEventHandling) _handleCoreEvent:withReplyEvent:] + 77)
 [18] Foundation           0x00007fff80a0314a (-[NSAppleEventManager dispatchRawAppleEvent:withRawReply:handlerRefCon:] + 360)
 [19] Foundation           0x00007fff80a02f7a (_NSAppleEventManagerGenericHandler + 114)
 [20] AE                   0x00007fff85f6f323 (aeDispatchAppleEvent(AEDesc const*, AEDesc*, unsigned int, unsigned char*) + 162)
 [21] AE                   0x00007fff85f6f21c (dispatchEventAndSendReply(AEDesc const*, AEDesc*) + 32)
 [22] AE                   0x00007fff85f6f123 (aeProcessAppleEvent + 210)
 [23] HIToolbox            0x00007fff80461741 (AEProcessAppleEvent + 48)
 [24] AppKit               0x00007fff834e6481 (_DPSNextEvent + 1191)
 [25] AppKit               0x00007fff834e5bed (-[NSApplication nextEventMatchingMask:untilDate:inMode:dequeue:] + 155)
 [26] AppKit               0x00007fff834ab8d3 (-[NSApplication run] + 395)
 [27] openttd              0x00000001003d3f73 (main + 1299)
 [28] openttd              0x0000000100097248 (start + 52)
 [29] ???                  0x0000000000000001

Operating system:
 Name:     Mac OS X
 Release:  10.6.4
 Machine:  Intel 80486
 Min Ver:  1050
 Compiler: GCC 4.2.1 "4.2.1 (Apple Inc. build 5659)"

Configuration:
 Blitter:      32bpp-anim
 Graphics set: OpenGFX
 Language:     swedish.lng
 Music driver: cocoa
 Music set:    NoMusic
 Network:      no
 Sound driver: cocoa
 Sound set:    OpenSFX
 Video driver: sdl

AI Configuration (local: 0):

Libraries:
 FreeType:   2.3.11
 LZO:        2.03
 PNG:        1.2.44
 SDL:        1.2.14
 Zlib:       1.2.5

---- gamelog start ----
---- gamelog end ----

*** End of OpenTTD Crash Report ***
