*** OpenTTD Crash Report ***

Crash at: Sat May  8 21:52:16 2010
In game date: 0-01-01 (0)

Crash reason:
 Signal:  Aborted (6)
 Message: Assertion failed at line 105 of /home/progman/openttd/trunk/src/os/unix/unix.cpp: path[strlen(path) - 1] == PATHSEPCHAR

OpenTTD version:
 Version:    r19771M (2)
 NewGRF ver: 11004d3b
 Bits:       64
 Endian:     little
 Dedicated:  no
 Build date: May  8 2010 23:50:08

Stacktrace:
 [00] ./openttd(_ZNK12CrashLogUnix13LogStacktraceEPcPKc+0x3c) [0x67767c]
 [01] ./openttd(_ZNK8CrashLog12FillCrashLogEPcPKc+0xe5) [0x593c85]
 [02] ./openttd(_ZNK8CrashLog12MakeCrashLogEv+0x70) [0x593d80]
 [03] ./openttd [0x6775cf]
 [04] /lib/libc.so.6 [0x2b3f3477e270]
 [05] /lib/libc.so.6(gsignal+0x35) [0x2b3f3477e205]
 [06] /lib/libc.so.6(abort+0x10e) [0x2b3f3477f57e]
 [07] ./openttd [0x6674e5]
 [08] ./openttd [0x677a3f]
 [09] ./openttd [0x5b0f56]
 [10] ./openttd [0x5b102e]
 [11] ./openttd [0x5b102e]
 [12] ./openttd [0x5b102e]
 [13] ./openttd [0x5b102e]
 [14] ./openttd [0x5b102e]
 [15] ./openttd [0x5b102e]
 [16] ./openttd [0x5b102e]
 [17] ./openttd [0x5b102e]
 [18] ./openttd [0x5b102e]
 [19] ./openttd [0x5b102e]
 [20] ./openttd [0x5b102e]
 [21] ./openttd [0x5b102e]
 [22] ./openttd [0x5b102e]
 [23] ./openttd [0x5b102e]
 [24] ./openttd [0x5b102e]
 [25] ./openttd [0x5b102e]
 [26] ./openttd [0x5b102e]
 [27] ./openttd [0x5b102e]
 [28] ./openttd [0x5b102e]
 [29] ./openttd [0x5b102e]
 [30] ./openttd(_Z15ScanForTarFilesv+0xa6) [0x5b10e6]
 [31] ./openttd(_Z14DeterminePathsPKc+0x185) [0x5b13d5]
 [32] ./openttd(_Z8ttd_mainiPPc+0x778) [0x668bf8]
 [33] /lib/libc.so.6(__libc_start_main+0xf4) [0x2b3f3476b5e4]
 [34] ./openttd(__gxx_personality_v0+0x2d9) [0x4b8829]

Operating system:
 Name:     Linux
 Release:  2.6.20-gentoo-r8
 Version:  #3 SMP Sun Apr 4 23:02:07 CEST 2010
 Machine:  x86_64
 Compiler: GCC 4.1.2 "4.1.2 (Gentoo 4.1.2)"

Configuration:
 Blitter:      none
 Graphics set: none
 Language:     none
 Music driver: none
 Music set:    none
 Network:      no
 Sound driver: none
 Sound set:    none
 Video driver: none

AI Configuration (local: 0):

Libraries:
 FontConfig: 2.6.0
 FreeType:   2.3.9
 LZO:        2.02
 PNG:        1.2.26
 SDL:        1.2.13
 Zlib:       1.2.3

---- gamelog start ----
---- gamelog end ----

*** End of OpenTTD Crash Report ***
