*** OpenTTD Crash Report ***
Date: 2006-12-26 14:54:18
Build: 0.5.0-RC1 built on Dec 21 2006 23:42:12
Reason: !invalid string id 0 in GetString
Exception C0000005 at 00435A33
Registers:
 EAX: 00000001 EBX: 0012F8EF ECX: 0000BBBC EDX: 00000000
 ESI: 0012EF88 EDI: 0012EF88 EBP: 0012F188 ESP: 0012EF7C
 EIP: 00435A33 EFLAGS: 00210246

Bytes at CS:EIP:
 C6 05 00 00 00 00 00 C3 89 15 14 E3 5A 00 33 C0 56 6A 08 8B C8 5E F6 C1

Stack trace: 
 00421B75 0012F8EF 005C26EC 766E6921 64696C61 72747320 20676E69 30206469
 206E6920 53746547 6E697274 00120067 0012F004 0012F004 77D60467 77D38830
 FFFFFFFF 77D3882A 77D3B4C0 00000000 004370F2 003B028C 0000000D 00000064
 0012F040 0080C4D4 77D3B4CB 0000000D 0012F854 00000000 00040000 00000011
 0012EFE8 10005300 0012F8F8 77D60467 77D3B4D0 FFFFFFFF 77D3B4CB 77D4EC8D
 0080C4C0 0000000D 00000064 77D4ECA3 00000000 0080C4C0 00000011 000000CC
 0012F040 0070004F 006E0065 00540054 00200044 002E0030 002E0035 002D0030
 00430052 00000031 7C97C174 0012F1DC 00000000 0012F2D4 0012F1E8 00000000
 0012F248 00000000 0012F1F0 00800000 0012F104 00000000 00000000 00000000
 00140012 7FFDEC00 00000000 00000000 00000000 00000000 00000000 00000000
 00000000 00000000 00000000 00000000 00000000 00000000 00000000 00000000
 00000000 00200000 0012F184 0012F184 0012F184 00000020 00000020 00000000
 00000000 00000000 7C910945 7C91094E 00000000 7C910945 7C91094E 00000000
 00000000 7FFDF000 7C901005 00000000 7FFDF000 7C901005 00000000 00010000
 7FFDF000 00000078 7C91440E 7C910970 7C97E4C0 7C914481 7C8835F8 7C9143A1
 00000000 00140000 00000000 00140000 0012F17C 00000000 001541F8 0012F188
 00000000 7C9105C8 001541F0 0012F39C 0042ADC3 0052901C 00000000 005C26EC
 00000000 001541F8 0000F57D 0012F198 7C90EE18 0012F224 7C90EE18 7C913290
 FFFFFFFF 7C913288 7C9166F1 00000001 0DA8027E 7C91657E 00000000 00000000
 001541F8 02160012 7C97CE28 00000000 00000000 02080000 00000120 7C97CE28
 7FFDEC12 7FFDEC12 0DA8027E 0012F200 7FFDEC0C 001541F8 00000000 C0000135
 0012F24C 7C90FB6C 7C90FB71 C0000135 00000000 001541F8 0012F228 00000024
 0012F290 7C90EE18 C0000135 0000007E 0012F25C 7C809392 0012F744 7FFDEC00
 00000000 0012F290 7C90FB6C 7C90FB71 00000000 7FFDEC00 0012F744 0012F26C

Module information:
 D:\Program Files\OpenTTD-0.5.0\OpenTTD.exe handle: 00400000 size: 1288192 crc: D46D7EDA date: 2006-12-21 22:45:58
 C:\WINDOWS\system32\ntdll.dll handle: 7C900000 size: 702976 crc: 8AD07FC0 date: 2004-08-17 13:48:58
 C:\WINDOWS\system32\kernel32.dll handle: 7C800000 size: 982016 crc: 265C4B20 date: 2004-08-17 13:49:10
 C:\WINDOWS\system32\WINMM.dll handle: 76B30000 size: 174592 crc: C1DD6CED date: 2004-08-17 13:49:22
 C:\WINDOWS\system32\USER32.dll handle: 77D30000 size: 577024 crc: 190300C9 date: 2005-03-02 18:18:13
 C:\WINDOWS\system32\GDI32.dll handle: 77F10000 size: 278016 crc: 1E8FEFC2 date: 2004-08-17 13:49:08
 C:\WINDOWS\system32\ADVAPI32.dll handle: 77DC0000 size: 683520 crc: 6B3A0E70 date: 2004-08-17 13:49:02
 C:\WINDOWS\system32\RPCRT4.dll handle: 77E70000 size: 581120 crc: 125D007F date: 2004-08-17 13:49:18
 C:\WINDOWS\system32\WS2_32.dll handle: 71A90000 size: 82944 crc: FFA4CF1E date: 2004-08-17 13:49:22
 C:\WINDOWS\system32\msvcrt.dll handle: 77C00000 size: 343040 crc: 6A2686C9 date: 2004-08-17 13:49:14
 C:\WINDOWS\system32\WS2HELP.dll handle: 71A80000 size: 19968 crc: 4AC7C8FE date: 2004-08-17 13:49:22
 D:\Program Files\OpenTTD-0.5.0\dbghelp.dll handle: 02800000 size: 719360 crc: 7A48FA2A date: 2002-06-01 00:54:50
 C:\WINDOWS\system32\VERSION.dll handle: 77BF0000 size: 18944 crc: 07A7952F date: 2004-08-17 13:49:20
 C:\WINDOWS\system32\WINTRUST.dll handle: 76C20000 size: 176640 crc: 40693C80 date: 2004-08-17 13:49:22
 C:\WINDOWS\system32\CRYPT32.dll handle: 77A70000 size: 600576 crc: E19980D6 date: 2004-08-17 13:49:04
 C:\WINDOWS\system32\MSASN1.dll handle: 77B10000 size: 57344 crc: F07BCC59 date: 2004-08-17 13:49:12
 C:\WINDOWS\system32\IMAGEHLP.dll handle: 76C80000 size: 144384 crc: 20A7ACDC date: 2004-08-17 13:49:10
 C:\WINDOWS\system32\wdmaud.drv handle: 72CE0000 size: 23552 crc: EBECCDA4 date: 2004-08-17 13:57:28
 C:\WINDOWS\system32\msacm32.drv handle: 72CD0000 size: 20480 crc: D2823952 date: 2001-10-25 14:00:00
 C:\WINDOWS\system32\MSACM32.dll handle: 77BD0000 size: 71680 crc: D3683295 date: 2004-08-17 13:49:12
 C:\WINDOWS\system32\midimap.dll handle: 77BC0000 size: 18944 crc: D659D067 date: 2004-08-17 13:49:12
 C:\WINDOWS\system32\ole32.dll handle: 774D0000 size: 1284608 crc: A542E856 date: 2005-07-26 04:42:51
 C:\Program Files\Radeon Omega Drivers\v2.6.75a\ATI Tray Tools\raphook.dll handle: 10000000 size: 270336 crc: 633EE39E date: 2005-10-07 17:57:33
 C:\WINDOWS\system32\SHLWAPI.dll handle: 77F60000 size: 473600 crc: B7ADD72D date: 2005-09-02 23:55:06
 C:\WINDOWS\system32\PSAPI.DLL handle: 76BE0000 size: 23040 crc: 1FA9C6D7 date: 2004-08-17 13:49:16
 C:\WINDOWS\system32\MSCTF.dll handle: 746F0000 size: 294400 crc: E1B54328 date: 2004-08-17 13:49:12
 C:\WINDOWS\system32\CLBCATQ.DLL handle: 76FC0000 size: 498688 crc: 134E70A0 date: 2005-07-26 04:42:50
 C:\WINDOWS\system32\COMRes.dll handle: 77040000 size: 806912 crc: ECC3A078 date: 2004-08-17 13:49:04
 C:\WINDOWS\system32\OLEAUT32.dll handle: 77110000 size: 553472 crc: 06FB770B date: 2004-08-17 13:49:16
 C:\WINDOWS\system32\dmime.dll handle: 60D60000 size: 181248 crc: F1F24A6B date: 2004-08-17 13:49:06
 C:\WINDOWS\system32\DSOUND.dll handle: 73ED0000 size: 367616 crc: AA126B1F date: 2004-08-17 13:49:06
 C:\WINDOWS\system32\dmusic.dll handle: 6CF00000 size: 104448 crc: A279DE73 date: 2004-08-17 13:49:06
 C:\WINDOWS\system32\KsUser.dll handle: 73EA0000 size: 4096 crc: A00D5272 date: 2004-08-17 14:49:10
 C:\WINDOWS\system32\dmsynth.dll handle: 6CF20000 size: 103424 crc: 0C61433F date: 2004-08-17 13:49:06
 C:\WINDOWS\system32\dmloader.dll handle: 6CF90000 size: 35840 crc: C427F6C0 date: 2004-08-17 13:49:06
 C:\WINDOWS\system32\ctagent.dll handle: 01740000 size: 57344 crc: 8E6BEE2D date: 2002-03-13 14:25:36
 C:\WINDOWS\system32\imon.dll handle: 20B00000 size: 270336 crc: C7688DF5 date: 2006-09-06 16:53:40
 C:\WINDOWS\system32\WSOCK32.dll handle: 71AB0000 size: 24576 crc: DB49EFC2 date: 2004-08-17 13:49:22
 C:\WINDOWS\system32\NTMARTA.DLL handle: 77680000 size: 119808 crc: 962AF8AB date: 2004-08-17 13:49:16
 C:\WINDOWS\system32\WLDAP32.dll handle: 76F50000 size: 172544 crc: F0E2416B date: 2004-08-17 13:49:22
 C:\WINDOWS\system32\SAMLIB.dll handle: 71BD0000 size: 64000 crc: 038029C2 date: 2004-08-17 13:49:18
 C:\Program Files\NetLimiter\nl_lsp.dll handle: 017B0000 size: 77824 crc: D6AC854E date: 2003-07-29 21:21:26
 C:\WINDOWS\system32\nl_msgc.dll handle: 017D0000 size: 65536 crc: 4CF9CCB3 date: 2003-07-29 21:01:00
 C:\WINDOWS\system32\mswsock.dll handle: 71A30000 size: 247296 crc: B38CA7EE date: 2004-08-17 13:49:14
 C:\WINDOWS\system32\hnetcfg.dll handle: 698B0000 size: 345088 crc: 31FEBF7B date: 2004-08-17 13:49:08
 C:\WINDOWS\System32\wshtcpip.dll handle: 71A70000 size: 19968 crc: 1F23F4FE date: 2004-08-17 13:49:22
 C:\WINDOWS\system32\dmstyle.dll handle: 6CF40000 size: 105984 crc: D536B0FA date: 2004-08-17 13:49:06
 C:\WINDOWS\system32\dmband.dll handle: 6D140000 size: 28672 crc: 95C10BE5 date: 2004-08-17 13:49:06

System information:
 Windows version 5.1 2600 S
