*** OpenTTD Crash Report ***
Date: 2008-02-25 21:56:08
Build: 0.6.0-beta4 built on Feb 18 2008 22:59:36
Reason: Assertion failed at d:\developpement\ottd\0.6.0-beta4\src\tile_map.h:70: tile < MapSize()
Exception C0000005 at 004720C2
Registers:
 EAX: 024FE8A8 EBX: 00000001 ECX: 0012F6DC EDX: 024FE902
 ESI: FFFFFEEB EDI: FFFFFFF8 EBP: 0012F924 ESP: 0012F8F4
 EIP: 004720C2 EFLAGS: 00010202

Bytes at CS:EIP:
 C6 05 00 00 00 00 00 A1 E4 B0 68 00 0F B6 04 F0 C1 E8 04 C3 53 56 8B F0

Stack trace: 
 00416B85 00000EB8 00432227 00000EB8 FFFFFFF8 000A3F0A 00000000 00000001
 FFFFE280 00000250 00000000 00000000 0012F998 004519DC 00000010 00000001
 00405A08 00014D9D 00000000 00000004 00000000 00000001 7FFDD000 0112F990
 00000000 00000EB0 004171D1 00000096 00000000 00B90000 000A6A6F 00000000
 A101FFFF 00000000 000A6A6F 00000000 0001FFFF 00000000 000A3F0A 00000000
 0001FFFF 0012F9C0 004668B1 000000EB 00014D9D 00000000 004519CE 00960054
 00000001 00000000 00664DF0 0012F9D4 004669C6 00000004 00664DF0 0044053E
 0012FA00 004405FE 00000000 00000202 00000015 00000EB3 0000000B 000000EB
 00014D9D 00000004 00000000 0012FA3C 0044594D 00000000 00000202 00000000
 0039B51C 00000000 00000000 00000000 00000000 0012FAD0 7C90EAE3 0012FA38
 00000018 00816CD0 00000000 00445C74 00000000 00000000 00000000 00000202
 0012FAD0 00000000 004D4024 0012FB38 004D3BD5 00000000 00000102 0012FAB4
 746B0E6C 000900CF 00000000 00000001 746B0E71 00000000 7FFDD000 00000102
 00C10000 000900CF 0012FA88 746B09A9 0012FAFC 746DE548 746B0E78 FFFFFFFF
 746B0E71 7E39F84A 00000000 00000001 0012FB50 00000000 0012FC04 0012FAFC
 7E398734 000703A0 00000202 00000000 00A30255 004D3BD5 DCBAABCD 00000000
 0012FB38 004D3BD5 0012FB64 7E398816 004D3BD5 000703A0 00000202 00000000
 00A30255 0012FC0C 0012FC04 00816CD0 00000014 00000001 00000000 00000000
 00000010 00000000 00000030 00000001 00000000 00000000 0012FB18 0012F518
 0012FBB4 7E3C0457 7E398830 00000000 0012FBC4 7E3989CD 00000000 004D3BD5
 000703A0 00000202 00000000 00A30255 00816CE4 00000001 006DF0B6 7E39929B
 7E39F3B3 0012FBC4 7E399402 0012FC04 00000000 00000000 0012FB8C 0012F518
 0012FFB0 7E3C0457 7E3989F0 FFFFFFFF 0012FBD4 7E398A10 0012FC04 00000000
 00000000 004D46CD 0012FC04 00668354 005E1758 0012FD10 00000000 00000000

Module information:
 C:\Program Files\OpenTTD\openttd.exe handle: 00400000 size: 1802752 crc: 264B9914 date: 2008-02-18 22:02:38
 C:\WINDOWS\system32\ntdll.dll handle: 7C900000 size: 729088 crc: 73BCCE58 date: 2004-08-04 12:00:00
 C:\WINDOWS\system32\kernel32.dll handle: 7C800000 size: 1025536 crc: DB4E9D4A date: 2007-04-16 15:54:46
 C:\WINDOWS\system32\WINMM.dll handle: 76AF0000 size: 179200 crc: 896F3A13 date: 2004-08-04 12:00:00
 C:\WINDOWS\system32\USER32.dll handle: 7E390000 size: 579072 crc: C92A5D98 date: 2007-03-08 15:39:10
 C:\WINDOWS\system32\GDI32.dll handle: 77E40000 size: 282112 crc: 554E7E6A date: 2007-06-19 13:33:12
 C:\WINDOWS\system32\ADVAPI32.dll handle: 77F40000 size: 684032 crc: 6FFC334B date: 2004-08-04 12:00:00
 C:\WINDOWS\system32\RPCRT4.dll handle: 77DA0000 size: 582656 crc: 71F76E00 date: 2007-07-09 13:20:52
 C:\WINDOWS\system32\WS2_32.dll handle: 71A30000 size: 82944 crc: 0A6FCFC3 date: 2004-08-04 12:00:00
 C:\WINDOWS\system32\msvcrt.dll handle: 77BE0000 size: 343040 crc: 1AD9C79D date: 2004-08-04 12:00:00
 C:\WINDOWS\system32\WS2HELP.dll handle: 71A20000 size: 19968 crc: D4D418D9 date: 2004-08-04 12:00:00
 C:\WINDOWS\system32\IMM32.DLL handle: 76330000 size: 110080 crc: AE05BAB7 date: 2004-08-04 12:00:00
 C:\WINDOWS\system32\SHFolder.dll handle: 76730000 size: 25088 crc: B62C7FF5 date: 2004-08-04 12:00:00
 C:\WINDOWS\system32\SHLWAPI.dll handle: 77E90000 size: 474624 crc: B4661637 date: 2006-10-23 15:36:03
 C:\WINDOWS\WinSxS\x86_Microsoft.Windows.Common-Controls_6595b64144ccf1df_6.0.2600.2982_x-ww_ac3f9c03\comctl32.dll handle: 77390000 size: 1054208 crc: 58AFBAD6 date: 2006-08-25 15:51:53
 C:\WINDOWS\system32\comctl32.dll handle: 5D4E0000 size: 617472 crc: C829808A date: 2006-08-25 15:51:55
 C:\WINDOWS\system32\WINTRUST.dll handle: 76BF0000 size: 176640 crc: 2754863E date: 2004-08-04 12:00:00
 C:\WINDOWS\system32\CRYPT32.dll handle: 77A40000 size: 601088 crc: DE462859 date: 2004-08-04 12:00:00
 C:\WINDOWS\system32\MSASN1.dll handle: 77AE0000 size: 57344 crc: 293833DF date: 2004-08-04 12:00:00
 C:\WINDOWS\system32\IMAGEHLP.dll handle: 76C50000 size: 144384 crc: 20508C6A date: 2004-08-04 12:00:00
 C:\WINDOWS\system32\wdmaud.drv handle: 72C90000 size: 23552 crc: 67E95140 date: 2004-08-03 23:03:40
 C:\WINDOWS\system32\msacm32.drv handle: 72C80000 size: 20992 crc: 59696C97 date: 2004-08-04 12:00:00
 C:\WINDOWS\system32\MSACM32.dll handle: 77BB0000 size: 71680 crc: 79213356 date: 2004-08-04 12:00:00
 C:\WINDOWS\system32\midimap.dll handle: 77BA0000 size: 18944 crc: A3BF4A4D date: 2004-08-04 12:00:00
 C:\WINDOWS\system32\ole32.dll handle: 774A0000 size: 1284608 crc: 9FB0F496 date: 2005-07-26 04:42:48
 C:\WINDOWS\system32\uxtheme.dll handle: 5B190000 size: 219136 crc: 7E7EBA02 date: 2004-08-04 12:00:00
 C:\WINDOWS\system32\MSCTF.dll handle: 746A0000 size: 294400 crc: 7D31BD5D date: 2004-08-04 12:00:00
 C:\WINDOWS\system32\CLBCATQ.DLL handle: 76F90000 size: 498688 crc: 5C84657C date: 2005-07-26 04:42:47
 C:\WINDOWS\system32\COMRes.dll handle: 77010000 size: 822784 crc: 71E86132 date: 2004-08-04 12:00:00
 C:\WINDOWS\system32\OLEAUT32.dll handle: 770E0000 size: 550912 crc: 7E2E99DC date: 2007-12-04 18:42:03
 C:\WINDOWS\system32\VERSION.dll handle: 77BD0000 size: 18944 crc: A97F4077 date: 2004-08-04 12:00:00
 C:\WINDOWS\system32\dmime.dll handle: 59A40000 size: 181248 crc: 69450D73 date: 2004-08-04 12:00:00
 C:\WINDOWS\system32\DSOUND.dll handle: 73E80000 size: 367616 crc: 32C54157 date: 2004-08-04 12:00:00
 C:\WINDOWS\system32\dmusic.dll handle: 6CE90000 size: 104448 crc: FFEF0514 date: 2004-08-04 12:00:00
 C:\WINDOWS\system32\KsUser.dll handle: 73E50000 size: 4096 crc: C91E634B date: 2004-08-03 23:03:14
 C:\WINDOWS\system32\dmsynth.dll handle: 6CEB0000 size: 103424 crc: BCEB8D5F date: 2004-08-04 12:00:00
 C:\WINDOWS\system32\dmloader.dll handle: 6CF20000 size: 35840 crc: BFABDAA4 date: 2004-08-04 12:00:00
 C:\WINDOWS\system32\msctfime.ime handle: 75250000 size: 177152 crc: 9E58180E date: 2004-08-04 12:00:00
 C:\WINDOWS\system32\mswsock.dll handle: 719D0000 size: 247296 crc: 48033205 date: 2004-08-04 12:00:00
 C:\WINDOWS\system32\hnetcfg.dll handle: 61200000 size: 347648 crc: AF7184A8 date: 2004-08-04 12:00:00
 C:\WINDOWS\System32\wshtcpip.dll handle: 71A10000 size: 19968 crc: 362F5486 date: 2004-08-04 12:00:00
 C:\WINDOWS\system32\dmstyle.dll handle: 6CED0000 size: 105984 crc: 09C4FEFB date: 2004-08-04 12:00:00
 C:\WINDOWS\system32\dmband.dll handle: 6D0D0000 size: 28672 crc: 237979B9 date: 2004-08-04 12:00:00
 C:\Program Files\Trust\MI-4500X WIRELESS OPTICAL MOUSE\MOUDL32A.DLL handle: 10000000 size: 73728 crc: E830026D date: 2007-03-21 21:22:50
 C:\WINDOWS\system32\DNSAPI.dll handle: 76EE0000 size: 148480 crc: 9FE387EE date: 2006-06-26 17:45:39
 C:\WINDOWS\System32\winrnr.dll handle: 76F70000 size: 16896 crc: BA20E374 date: 2004-08-04 12:00:00
 C:\WINDOWS\system32\WLDAP32.dll handle: 76F20000 size: 172544 crc: F9AB7A56 date: 2004-08-04 12:00:00
 C:\WINDOWS\system32\rasadhlp.dll handle: 76F80000 size: 8192 crc: 3BFE0C95 date: 2006-06-26 17:45:39
 C:\WINDOWS\system32\psapi.dll handle: 76BB0000 size: 23040 crc: 5D97BE9D date: 2004-08-04 12:00:00

System information:
 Windows version 5.1 2600 S
