*** OpenTTD Crash Report ***
Date: 2007-06-29 21:22:45
Build: 0.5.3-RC1 built on Jun 28 2007 19:06:27
Reason: !Disconnecting train
Exception C0000005 at 0042231B
Registers:
 EAX: 0012F99C EBX: 00000001 ECX: 0000B22F EDX: 00690000
 ESI: 00000200 EDI: 0000D3F2 EBP: 0012FB9C ESP: 0012F994
 EIP: 0042231B EFLAGS: 00010246

Bytes at CS:EIP:
 C6 05 00 00 00 00 00 A1 80 56 5C 00 85 C0 74 03 FF 50 04 53 E8 02 59 0A

Stack trace: 
 00000000 01D30268 73694421 6E6E6F63 69746365 7420676E 6E696172 0012F900
 7C910F46 00000002 01DC5390 003C0000 01DC5370 00000000 0012FAA0 7C910D5C
 01DB6050 7C910E91 003C0608 7C91056D 00000000 01DC5378 0000FF10 0012FA00
 00000000 7C9105C8 01D973F0 0012FACC 7C910551 003C0718 7C91056D 0012FBC4
 01D973F8 0012FBA8 01D72EE0 00000001 01D99E70 005E07A2 00000004 01DA0330
 01D7F840 003C01C8 00000018 00000020 00000000 01DA02F8 00000020 01DA0300
 0012FFB0 003C01B0 00000020 0000FFFF 003C0000 003C0000 00000018 E27117FA
 000001F4 00000000 00000000 01010003 0000000A 0012F9E4 0012FACC 0012FAD0
 003C0000 7C910570 FFFFFFFF 7C91056D 004C535C 003C0000 00010000 00000003
 0012FA10 00000000 0012FAFC 7C90EE18 7C910570 FFFFFFFF 7C91056D 004C535C
 003C0000 00000000 004C537B 3E2A5DF3 00C43038 0012FB1C 00C43000 00000000
 0012FB0C 0041E471 00000900 00000057 00C430C0 00000900 0012FB60 00C43038
 0041E5B9 01D35050 00410012 00000000 00000000 00000000 FFFFF901 00000890
 00000520 00000D2E 00000000 00000004 01D2DBE8 00000B78 0000B7D4 00000B78
 01D2DB08 00000B78 00000D62 0000B7D6 000018DB FFFFFC39 01D30108 00001691
 00000000 0012FBEC 00431ABB FFFFFC20 000018C7 FFFFFC39 000018DB 00000B78
 01D30188 004707CD 0012FBEC 00470FE0 005390C4 00000001 01D33C30 01D33C30
 00000000 00000F2F 00000D3F 0000D4F3 0000D3F2 00000001 00000008 00000000
 00000000 00000000 00000000 01D30188 00D33C30 0012FC08 0012FC08 00471577
 00000001 01D33C30 01D33C30 00000000 01D33C30 7E36F3B3 004715C4 00000000
 005C415C 0042F466 00000000 00000000 0042319E 23D121C6 00000000 0042347E
 00000000 00439301 005C27EC 005C45D8 0012FC9C 00000000 23D121E4 00000000
 00000000 005E07A2 0000000F 00000000 00000000 23D121A8 00000204 0000017B
 00422B28 0012FD24 00000001 00000001 0000FD00 00020760 00000000 000207B8

Module information:
 d:\Hry\Open Transport Tycoon\openttd.exe handle: 00400000 size: 1355776 crc: 27CD32E0 date: 2007-06-28 17:07:26
 C:\WINDOWS\system32\ntdll.dll handle: 7C900000 size: 702976 crc: 8AD07FC0 date: 2004-08-17 12:48:58
 C:\WINDOWS\system32\kernel32.dll handle: 7C800000 size: 983040 crc: A30CDEAA date: 2007-04-16 15:54:40
 C:\WINDOWS\system32\WINMM.dll handle: 76B30000 size: 174592 crc: C1DD6CED date: 2004-08-17 12:49:22
 C:\WINDOWS\system32\USER32.dll handle: 7E360000 size: 577536 crc: AB036CBB date: 2007-03-08 15:38:40
 C:\WINDOWS\system32\GDI32.dll handle: 77F10000 size: 281600 crc: AA7F004A date: 2007-03-08 15:38:40
 C:\WINDOWS\system32\ADVAPI32.dll handle: 77DC0000 size: 683520 crc: 6B3A0E70 date: 2004-08-17 12:49:02
 C:\WINDOWS\system32\RPCRT4.dll handle: 77E70000 size: 581120 crc: 125D007F date: 2004-08-17 12:49:18
 C:\WINDOWS\system32\WS2_32.dll handle: 71A90000 size: 82944 crc: FFA4CF1E date: 2004-08-17 12:49:22
 C:\WINDOWS\system32\msvcrt.dll handle: 77C00000 size: 343040 crc: 6A2686C9 date: 2004-08-17 12:49:14
 C:\WINDOWS\system32\WS2HELP.dll handle: 71A80000 size: 19968 crc: 4AC7C8FE date: 2004-08-17 12:49:22
 C:\WINDOWS\system32\SHFolder.dll handle: 76770000 size: 25088 crc: F211D8FF date: 2004-08-17 12:49:18
 C:\WINDOWS\system32\SHLWAPI.dll handle: 77F60000 size: 474112 crc: 5E6CCF0D date: 2007-04-18 12:32:58
 C:\WINDOWS\WinSxS\x86_Microsoft.Windows.Common-Controls_6595b64144ccf1df_6.0.2600.2982_x-ww_ac3f9c03\comctl32.dll handle: 773C0000 size: 1054208 crc: BA0D2FDF date: 2006-08-25 15:51:20
 C:\WINDOWS\system32\comctl32.dll handle: 5D5A0000 size: 617472 crc: B49B86FC date: 2006-08-25 15:51:22
 C:\WINDOWS\system32\WINTRUST.dll handle: 76C20000 size: 176640 crc: 40693C80 date: 2004-08-17 12:49:22
 C:\WINDOWS\system32\CRYPT32.dll handle: 77A70000 size: 600576 crc: E19980D6 date: 2004-08-17 12:49:04
 C:\WINDOWS\system32\MSASN1.dll handle: 77B10000 size: 57344 crc: F07BCC59 date: 2004-08-17 12:49:12
 C:\WINDOWS\system32\IMAGEHLP.dll handle: 76C80000 size: 144384 crc: 20A7ACDC date: 2004-08-17 12:49:10
 C:\WINDOWS\system32\wdmaud.drv handle: 72CE0000 size: 23552 crc: EBECCDA4 date: 2004-08-17 13:49:30
 C:\WINDOWS\system32\msacm32.drv handle: 72CD0000 size: 20480 crc: D2823952 date: 2001-10-25 12:00:00
 C:\WINDOWS\system32\MSACM32.dll handle: 77BD0000 size: 71680 crc: D3683295 date: 2004-08-17 12:49:12
 C:\WINDOWS\system32\midimap.dll handle: 77BC0000 size: 18944 crc: D659D067 date: 2004-08-17 12:49:12
 C:\WINDOWS\system32\ole32.dll handle: 774D0000 size: 1284608 crc: A542E856 date: 2005-07-26 04:42:51
 C:\WINDOWS\system32\uxtheme.dll handle: 5B250000 size: 219648 crc: CD18BDB8 date: 2006-02-21 22:42:11
 C:\WINDOWS\system32\MSCTF.dll handle: 746F0000 size: 294400 crc: E1B54328 date: 2004-08-17 12:49:12
 C:\WINDOWS\system32\CLBCATQ.DLL handle: 76FC0000 size: 498688 crc: 134E70A0 date: 2005-07-26 04:42:50
 C:\WINDOWS\system32\COMRes.dll handle: 77040000 size: 806912 crc: ECC3A078 date: 2004-08-17 12:49:04
 C:\WINDOWS\system32\OLEAUT32.dll handle: 77110000 size: 553472 crc: 06FB770B date: 2004-08-17 12:49:16
 C:\WINDOWS\system32\VERSION.dll handle: 77BF0000 size: 18944 crc: 07A7952F date: 2004-08-17 12:49:20
 C:\WINDOWS\system32\dmime.dll handle: 60D60000 size: 181248 crc: F1F24A6B date: 2004-08-17 12:49:06
 C:\WINDOWS\system32\DSOUND.dll handle: 73ED0000 size: 367616 crc: AA126B1F date: 2004-08-17 12:49:06
 C:\WINDOWS\system32\dmusic.dll handle: 6CF00000 size: 104448 crc: A279DE73 date: 2004-08-17 12:49:06
 C:\WINDOWS\system32\KsUser.dll handle: 73EA0000 size: 4096 crc: A00D5272 date: 2004-08-17 13:49:10
 C:\WINDOWS\system32\dmsynth.dll handle: 6CF20000 size: 103424 crc: 0C61433F date: 2004-08-17 12:49:06
 C:\WINDOWS\system32\dmloader.dll handle: 6CF90000 size: 35840 crc: C427F6C0 date: 2004-08-17 12:49:06
 C:\WINDOWS\system32\imon.dll handle: 20B00000 size: 298104 crc: 596DA85B date: 2007-03-21 23:20:50
 C:\WINDOWS\system32\WSOCK32.dll handle: 71AB0000 size: 24576 crc: DB49EFC2 date: 2004-08-17 12:49:22
 C:\Program Files\NOD32\pr_imon.dll handle: 20C00000 size: 52280 crc: DC5CAE2E date: 2007-03-21 23:20:50
 C:\WINDOWS\system32\mswsock.dll handle: 71A30000 size: 247296 crc: B38CA7EE date: 2004-08-17 12:49:14
 C:\WINDOWS\system32\hnetcfg.dll handle: 698B0000 size: 345088 crc: 31FEBF7B date: 2004-08-17 12:49:08
 C:\WINDOWS\System32\wshtcpip.dll handle: 71A70000 size: 19968 crc: 1F23F4FE date: 2004-08-17 12:49:22
 C:\WINDOWS\system32\psapi.dll handle: 76BE0000 size: 23040 crc: 1FA9C6D7 date: 2004-08-17 12:49:16

System information:
 Windows version 5.1 2600 S
