*** OpenTTD Crash Report ***
Date: 2009-02-21 23:40:56
Build: 0.7.0-beta1 built on Feb 16 2009 23:32:26
Language: portuguese.lng
Exception C0000005 at 004F49B0
Registers:
 EAX: 00000000 EBX: 00000000 ECX: FFFFFFFF EDX: 00000000
 ESI: 0006337F EDI: 00000000 EBP: 0012F9AC ESP: 0012F958
 EIP: 004F49B0 EFLAGS: 00210246

Bytes at CS:EIP:
 0F B7 40 04 50 8D 74 24 2C E8 CB 42 F9 FF 8A 44 24 21 EB 58 E8 67 95 F3

Stack trace: 
 00000002 00000000 000000FE 00000000 0065E838 000000EF 0006337F 0232002B
 00000002 000000EF 006307EC 0B22C6A0 0012F99C 020903FE 77026D70 77026D58
 F0010ED0 0012F9F4 005A6F4B 00000000 000000EF 0012FA00 004F48B4 0006337F
 00000000 0012F9ED 03BF92F8 03CDA840 004E9399 00000000 03BF92F8 03BF92F8
 03CDA840 00000000 00000000 00000000 0006337F 00000000 004E9300 0012FA2C
 005A5121 00000000 0012FA38 004E5987 004F486F 03BF92F8 03BF93A0 03CDA840
 004D672B 03BF92F8 00000005 03CD9990 0012FA0C 0012FA98 005A5277 00000000
 0012FAA4 004D59FB 0213CEE0 00000016 03BF92F8 00000000 00000000 08000200
 03CDA840 00000000 00000000 00000017 0000001C 00000000 00000001 00000000
 00000000 08000200 03CDA840 03BF92F8 03BF9350 0000002E 00000012 0012FA40
 0012FB64 005A6098 00000003 0012FB74 004D42EA 03CDA840 00000001 00000029
 0012FAE0 0012FAED 020C0DB0 09EDB8D0 00000000 00001A05 03BF92F8 00000016
 00000029 00000000 08000200 03CDA840 0000002E 00000001 03BF9388 0012FB14
 00438EF7 06907D28 06907D28 06907D28 00000000 00000035 00000000 0012FB48
 00495F44 0012FB30 00495DC8 0050CCFF 00000008 000B50C1 000B50C1 0012FB98
 0050D8D3 00000001 000B50C1 08C49128 06908268 00496173 0000000D 00000100
 0065F370 0122C5A4 00000000 0012FBD0 005A644E 00000001 09EDB8D0 0012FBA0
 004C3731 0065F62C 0000002E FFFFFFFF FFFFFFFF 0012FB98 00000001 00000003
 01000001 00000000 0012FBDC 004DF8D3 0065F370 07388594 00000000 07393715
 020A0C60 022367D0 022367D0 00510040 022367D0 0012FBA8 0012FF78 005A6A12
 00000004 0012FC18 004D72EB 020C0DB0 0122C5A4 0122C5A4 00000000 0042AA6C
 0122C5A4 0122C5A4 0012FC18 00000000 0122C5A4 00000000 00000000 004214C3
 0012FC2C 0042ACA7 0122C5A4 00000000 0012FC18 00000000 005297B3 0068A9F0
 020C3730 0012FCDC 00000000 00000006 0122C5A4 0122C5C2 00000000 00000000

Module information:
 C:\Program Files\OpenTTD\openttd.exe handle: 00400000 size: 2581504 crc: 747E5D10 date: 2009-02-16 23:35:18
 C:\Windows\system32\ntdll.dll handle: 77B50000 size: 1203792 crc: 7CFCEC95 date: 2008-01-21 02:23:11
 C:\Windows\system32\kernel32.dll handle: 775B0000 size: 888320 crc: 33D9889B date: 2008-01-21 02:22:21
 C:\Windows\system32\WINMM.dll handle: 74F90000 size: 189952 crc: D22FC585 date: 2008-01-21 02:22:19
 C:\Windows\system32\msvcrt.dll handle: 779D0000 size: 680448 crc: E5AE7FEC date: 2008-01-21 02:22:43
 C:\Windows\system32\USER32.dll handle: 77380000 size: 627200 crc: B687ED70 date: 2008-01-21 02:22:31
 C:\Windows\system32\GDI32.dll handle: 77020000 size: 296960 crc: AA2880BF date: 2008-12-10 19:10:39
 C:\Windows\system32\ADVAPI32.dll handle: 77A80000 size: 798720 crc: F58CDFCB date: 2008-01-21 02:22:37
 C:\Windows\system32\RPCRT4.dll handle: 76F30000 size: 784896 crc: 3E044E39 date: 2008-07-09 08:59:28
 C:\Windows\system32\ole32.dll handle: 77690000 size: 1315328 crc: 6B931D39 date: 2008-01-21 02:23:09
 C:\Windows\system32\OLEAUT32.dll handle: 772F0000 size: 563200 crc: B69E10E1 date: 2008-01-21 02:23:11
 C:\Windows\system32\OLEACC.dll handle: 74F50000 size: 215040 crc: EF3061D3 date: 2008-01-21 02:22:00
 C:\Windows\system32\WS2_32.dll handle: 77940000 size: 179200 crc: 5D581120 date: 2008-01-21 02:22:57
 C:\Windows\system32\NSI.dll handle: 77D90000 size: 8192 crc: 10729B39 date: 2008-01-21 02:22:55
 C:\Windows\system32\ShimEng.dll handle: 73540000 size: 111104 crc: 4C4AA1E6 date: 2006-11-02 09:46:13
 C:\Windows\system32\apphelp.dll handle: 76200000 size: 171008 crc: 90646962 date: 2008-01-21 02:22:18
 C:\Windows\AppPatch\AcGenral.DLL handle: 6BD70000 size: 2154496 crc: 95A5EE76 date: 2008-12-10 19:11:42
 C:\Windows\system32\SHLWAPI.dll handle: 77970000 size: 351744 crc: F95C1869 date: 2008-01-21 02:22:45
 C:\Windows\system32\UxTheme.dll handle: 742A0000 size: 240128 crc: 5F29223E date: 2008-01-21 02:21:53
 C:\Windows\system32\NETAPI32.dll handle: 760C0000 size: 466944 crc: 06255BD7 date: 2008-11-12 16:28:38
 C:\Windows\system32\PSAPI.DLL handle: 763C0000 size: 12288 crc: D7B812C5 date: 2006-11-02 09:46:12
 C:\Windows\system32\MSACM32.dll handle: 733C0000 size: 71680 crc: A2E8F836 date: 2008-01-21 02:23:01
 C:\Windows\system32\VERSION.dll handle: 756F0000 size: 20480 crc: FE59E801 date: 2008-01-21 02:22:19
 C:\Windows\system32\SHELL32.dll handle: 76420000 size: 11580928 crc: CE4BF6CB date: 2008-12-10 19:13:50
 C:\Windows\system32\sfc.dll handle: 71400000 size: 4608 crc: 5D5C8D17 date: 2006-11-02 09:46:13
 C:\Windows\system32\sfc_os.DLL handle: 6F1C0000 size: 38912 crc: 705BDC57 date: 2008-01-21 02:22:24
 C:\Windows\system32\SETUPAPI.dll handle: 77420000 size: 1590272 crc: BB6B35BF date: 2008-01-21 02:22:55
 C:\Windows\system32\USERENV.dll handle: 76280000 size: 108032 crc: AC76B003 date: 2008-01-21 02:22:17
 C:\Windows\system32\Secur32.dll handle: 76260000 size: 72704 crc: A389B60F date: 2008-01-21 02:22:25
 C:\Windows\system32\dwmapi.dll handle: 73890000 size: 39936 crc: 2E8C92C0 date: 2008-01-21 02:22:14
 C:\Windows\system32\urlmon.dll handle: 77070000 size: 1166336 crc: 9A9A9CD5 date: 2009-01-15 06:11:05
 C:\Windows\system32\iertutil.dll handle: 763D0000 size: 270336 crc: 75543422 date: 2009-01-15 06:07:53
 C:\Windows\system32\MPR.dll handle: 75E00000 size: 68608 crc: 8020B202 date: 2008-01-21 02:22:22
 C:\Windows\system32\IMM32.DLL handle: 77000000 size: 114688 crc: 57C1E0CD date: 2008-01-21 02:22:34
 C:\Windows\system32\MSCTF.dll handle: 777E0000 size: 806912 crc: 66ABCC79 date: 2008-01-21 02:23:05
 C:\Windows\system32\LPK.DLL handle: 77DA0000 size: 23552 crc: 3277B148 date: 2008-01-21 02:22:24
 C:\Windows\system32\USP10.dll handle: 77C90000 size: 501760 crc: 09CF36C9 date: 2008-01-21 02:22:22
 C:\Windows\WinSxS\x86_microsoft.windows.common-controls_6595b64144ccf1df_6.0.6001.18000_none_5cdbaa5a083979cc\comctl32.dll handle: 75360000 size: 1684480 crc: 57ECDF87 date: 2008-01-21 02:21:54
 C:\Windows\system32\SHFolder.dll handle: 705D0000 size: 7168 crc: 1CA14A5C date: 2006-11-02 09:46:13
 C:\Windows\system32\wdmaud.drv handle: 73580000 size: 166912 crc: 5FC059D1 date: 2008-01-21 02:23:02
 C:\Windows\system32\ksuser.dll handle: 75610000 size: 4608 crc: 4C647881 date: 2006-11-02 09:46:05
 C:\Windows\system32\MMDevAPI.DLL handle: 752E0000 size: 149504 crc: 29FF5B91 date: 2008-01-21 02:22:51
 C:\Windows\system32\AVRT.dll handle: 756E0000 size: 12800 crc: EB589AA0 date: 2008-01-21 02:23:01
 C:\Windows\system32\WINTRUST.dll handle: 75550000 size: 171520 crc: EE6B6CCB date: 2008-01-21 02:22:42
 C:\Windows\system32\CRYPT32.dll handle: 75D00000 size: 977408 crc: 49821E3F date: 2008-01-21 02:23:00
 C:\Windows\system32\MSASN1.dll handle: 75E60000 size: 59904 crc: 7A69072B date: 2006-11-02 09:46:06
 C:\Windows\system32\imagehlp.dll handle: 772C0000 size: 153088 crc: EEF49677 date: 2008-01-21 02:22:14
 C:\Windows\system32\AUDIOSES.DLL handle: 74ED0000 size: 116224 crc: 30C70121 date: 2008-01-21 02:23:02
 C:\Windows\system32\audioeng.dll handle: 74C80000 size: 397312 crc: 17666E45 date: 2008-01-21 02:23:02
 C:\Windows\system32\msacm32.drv handle: 734B0000 size: 21504 crc: 1F6A62A4 date: 2008-01-21 02:21:55
 C:\Windows\system32\midimap.dll handle: 733B0000 size: 17408 crc: 44FD6876 date: 2008-01-21 02:21:55
 C:\Windows\system32\CLBCatQ.DLL handle: 778B0000 size: 523776 crc: C2EBF5E6 date: 2008-01-21 02:22:34
 C:\Program Files\DigitalPersona\Bin\DpoFeedb.dll handle: 10000000 size: 454656 crc: 63513D67 date: 2007-09-20 11:14:22
 C:\Windows\system32\dmime.dll handle: 6EE10000 size: 178688 crc: 3063C87B date: 2008-01-21 02:21:45
 C:\Windows\system32\DSOUND.dll handle: 750A0000 size: 444416 crc: 1F6BF3CC date: 2008-01-21 02:22:15
 C:\Windows\system32\POWRPROF.dll handle: 75700000 size: 97280 crc: 968A09AC date: 2008-01-21 0
System information:
 Windows version 6.0 6001 Service Pack 1

---- gamelog start ----
Tick 0: new game started
     Revision text changed to 0.7.0-beta1, savegame version 113, maybe modified, _openttd_newgrf_version = 0x07003c8e
     New game mode: 1 landscape: 0
---- gamelog end ----
