*** OpenTTD Crash Report ***
Date: 2008-08-04 20:08:52
Build: 0.6.2 built on Aug  2 2008 01:56:34
Language: italian.lng
Exception C0000005 at 0049F107
Registers:
 EAX: 00000000 EBX: 000000FD ECX: 00CA02A0 EDX: 00000001
 ESI: 000022F4 EDI: 0067DFA8 EBP: 0013FBA0 ESP: 0013FB40
 EIP: 0049F107 EFLAGS: 00010246

Bytes at CS:EIP:
 8B 00 8B C8 C1 E9 10 0F BF D1 8B 0D 80 9E 5A 00 6A 39 0F BF C0 D3 E2 6A

Stack trace: 
 0067DFA8 0067E025 00000007 00000000 0000FF03 0013FB38 0013FBA0 0049BEE7
 00000000 00000001 0067D8A0 0013FBA0 000000DA 00000000 00000000 0013FBC8
 0049FCF0 0067DFA8 0067E025 00000007 0067D8A0 0013FFB0 00516A15 FFFFFFFF
 0013FBC8 004978B2 00000001 00497932 023C8ABD 023C8ACD 00000000 004243CB
 00000000 005CF4E0 0013FBD8 004246BE 00000000 0013FBC0 00000000 004C759F
 00656414 005CF840 0013FD10 00000000 00000000 023C8ACD 023C8AEB 00000000
 00000000 0007028A 00000113 00000001 004C6620 023C8ABD 0000021A 000001DC
 FFFFFFFE 004FF5F1 004353A4 00D46398 00656414 00413159 005CF840 00423C2D
 0013FD24 00000001 00000001 0013FC80 00000184 00000000 FFFFFFFF 00000000
 00B81738 00000000 00000000 FFFFFFFF 0013FE2C 00575A98 00000000 FFFFFFFF
 00000000 00000000 00000000 00000000 00020600 0013FCBC 7C82167A 00000027
 FFFFFFFF 00000025 00000104 0000FDE9 0013FD00 00000001 00000024 0013FCE8
 7C8215D3 0000FDE9 00000000 0002062C FFFFFF00 0013FD24 00000104 00000000
 00000000 00000A28 0013FF28 00440334 0000FD00 00000000 0002062C FFFFFFFF
 0013FD24 00000104 0000BB23 0013FF28 0013FF28 0043FF27 0013FE28 00000A28
 00000002 5C3A4322 676F7250 6D6D6172 704F5C69 54546E65 706F5C44 74746E65
 78652E64 00200065 0050015F 00B86CA0 0013FEDC 0000000A 0013FEDC 0000000A
 0013FD78 00403C16 00B86CA0 0000000F 0013FEDC 0000000A 0013FD9C 0040472E
 00B86CA0 0000000F 00404739 0000000A 00B86C9C 00B86C9C 0013FED8 0013FDDC
 00404646 0013FED8 00000000 FFFFFFFF 00B86C90 004C63DE 0013FED8 00B86A98
 00B86A48 00B86A48 00B86C90 0013FDBC 0013FE40 00516288 00000001 0013FE4C
 004C629A 00B86A60 004C631A 00B86A48 0013FE90 00B86A48 00B86C78 00B80168
 00000000 0000000A 0000000A 00000000 0013FE2C 0050015F 0013FEDC 0013FEA0
 0000000A 0013FEA0 0013FD25 0013FE44 00403C16 0013FEDC 0000000F 004C624A

Module information:
 C:\Programmi\OpenTTD\openttd.exe handle: 00400000 size: 1729024 crc: 8943833A date: 2008-08-02 00:01:02
 C:\WINDOWS\system32\ntdll.dll handle: 7C910000 size: 727552 crc: CEEF5A74 date: 2008-04-14 02:13:21
 C:\WINDOWS\system32\kernel32.dll handle: 7C800000 size: 1033728 crc: 86AF8D0D date: 2008-04-14 02:13:41
 C:\WINDOWS\system32\WINMM.dll handle: 76B00000 size: 178688 crc: 36EF2EA9 date: 2008-04-14 02:13:56
 C:\WINDOWS\system32\ADVAPI32.dll handle: 77F40000 size: 683520 crc: F5813B75 date: 2008-04-14 02:13:36
 C:\WINDOWS\system32\RPCRT4.dll handle: 77DA0000 size: 584704 crc: 072A7CDA date: 2008-04-14 02:13:49
 C:\WINDOWS\system32\Secur32.dll handle: 77F10000 size: 56320 crc: 1DDAB49A date: 2008-04-14 02:13:49
 C:\WINDOWS\system32\GDI32.dll handle: 77E40000 size: 285184 crc: 89ED6253 date: 2008-04-14 02:13:39
 C:\WINDOWS\system32\USER32.dll handle: 7E390000 size: 579584 crc: 64AF4D57 date: 2008-04-14 02:13:55
 C:\WINDOWS\system32\WS2_32.dll handle: 71A30000 size: 82432 crc: 40B1B72B date: 2008-04-14 02:13:57
 C:\WINDOWS\system32\msvcrt.dll handle: 77BE0000 size: 343040 crc: 64F9A24F date: 2008-04-14 02:13:46
 C:\WINDOWS\system32\WS2HELP.dll handle: 71A20000 size: 19968 crc: A3E275A2 date: 2008-04-14 02:13:57
 C:\WINDOWS\system32\IMM32.DLL handle: 76340000 size: 110080 crc: C8F61A06 date: 2008-04-14 02:13:41
 C:\WINDOWS\system32\SHFolder.dll handle: 76740000 size: 25088 crc: 36A65B93 date: 2008-04-14 02:13:50
 C:\WINDOWS\system32\SHLWAPI.dll handle: 77E90000 size: 474112 crc: F6F00BED date: 2008-04-14 02:13:50
 C:\WINDOWS\WinSxS\x86_Microsoft.Windows.Common-Controls_6595b64144ccf1df_6.0.2600.5512_x-ww_35d4ce83\comctl32.dll handle: 773A0000 size: 1054208 crc: 1B861829 date: 2008-04-14 02:11:47
 C:\WINDOWS\system32\comctl32.dll handle: 5D4D0000 size: 617472 crc: E4B51A66 date: 2008-04-14 02:13:37
 C:\WINDOWS\system32\WINTRUST.dll handle: 76BF0000 size: 176640 crc: 0BDD82DB date: 2008-04-14 02:13:57
 C:\WINDOWS\system32\CRYPT32.dll handle: 77A50000 size: 603136 crc: AB527A3A date: 2008-04-14 02:13:37
 C:\WINDOWS\system32\MSASN1.dll handle: 77AF0000 size: 57344 crc: 29760030 date: 2008-04-14 02:13:43
 C:\WINDOWS\system32\IMAGEHLP.dll handle: 76C50000 size: 144384 crc: EBEC18F1 date: 2008-04-14 02:13:41
 C:\WINDOWS\system32\wdmaud.drv handle: 72C90000 size: 23552 crc: 38D64A0B date: 2008-04-14 02:14:28
 C:\WINDOWS\system32\msacm32.drv handle: 72C80000 size: 20992 crc: C33386C1 date: 2001-08-31 15:00:00
 C:\WINDOWS\system32\MSACM32.dll handle: 77BB0000 size: 71680 crc: AFA94431 date: 2008-04-14 02:13:43
 C:\WINDOWS\system32\midimap.dll handle: 77BA0000 size: 18944 crc: 27B7B205 date: 2008-04-14 02:13:41
 C:\WINDOWS\system32\ole32.dll handle: 774B0000 size: 1287168 crc: 059CD7F4 date: 2008-04-14 02:13:49
 C:\WINDOWS\system32\MSCTF.dll handle: 746B0000 size: 297984 crc: 94010FA5 date: 2008-04-14 02:13:43
 C:\WINDOWS\system32\CLBCATQ.DLL handle: 76F90000 size: 498688 crc: 62A15B4C date: 2008-04-14 02:13:37
 C:\WINDOWS\system32\COMRes.dll handle: 77010000 size: 845824 crc: D6125EAB date: 2008-04-14 02:13:37
 C:\WINDOWS\system32\OLEAUT32.dll handle: 770F0000 size: 551936 crc: AC7F770D date: 2008-04-14 02:13:49
 C:\WINDOWS\system32\VERSION.dll handle: 77BD0000 size: 18944 crc: 1BAE1E14 date: 2008-04-14 02:13:55
 C:\WINDOWS\system32\dmime.dll handle: 59A30000 size: 181248 crc: 0207E88B date: 2008-04-14 02:13:38
 C:\WINDOWS\system32\DSOUND.dll handle: 73E80000 size: 367616 crc: 12FC3B6E date: 2008-04-14 02:13:38
 C:\WINDOWS\system32\dmusic.dll handle: 6CEA0000 size: 104448 crc: BAFC6C38 date: 2008-04-14 02:13:38
 C:\WINDOWS\system32\KsUser.dll handle: 73E50000 size: 4096 crc: 18EB5090 date: 2008-04-14 02:13:41
 C:\WINDOWS\system32\dmsynth.dll handle: 6CEC0000 size: 103424 crc: 59ECE250 date: 2008-04-14 02:13:38
 C:\WINDOWS\system32\dmloader.dll handle: 6CF30000 size: 35840 crc: 3007F3B3 date: 2008-04-14 02:13:38
 C:\WINDOWS\system32\apphelp.dll handle: 77B10000 size: 125952 crc: 59DE1DD2 date: 2008-04-14 02:13:37
 C:\WINDOWS\system32\msctfime.ime handle: 752E0000 size: 177152 crc: 02CDA69C date: 2008-04-14 02:12:29
 C:\WINDOWS\system32\mswsock.dll handle: 719D0000 size: 247296 crc: 6DBD090D date: 2008-06-20 17:46:57
 C:\WINDOWS\system32\hnetcfg.dll handle: 66750000 size: 346624 crc: AB0717ED date: 2008-04-14 02:13:39
 C:\WINDOWS\System32\wshtcpip.dll handle: 71A10000 size: 19456 crc: 92F55ECE date: 2008-04-14 02:13:57
 C:\WINDOWS\system32\dmstyle.dll handle: 6CEE0000 size: 105984 crc: 36EBE107 date: 2008-04-14 02:13:38
 C:\WINDOWS\system32\dmband.dll handle: 6D0E0000 size: 28672 crc: 68BBF664 date: 2008-04-14 02:13:38
 C:\WINDOWS\system32\psapi.dll handle: 76BB0000 size: 23040 crc: A1D67B31 date: 2008-04-14 02:13:49

System information:
 Windows version 5.1 2600 S
