*** OpenTTD Crash Report ***

Crash at: Sat Feb 19 19:28:58 2011
In game date: 2183-08-13 (68)

Crash reason:
 Signal:  Aborted (6)
 Message: Assertion failed at line 119 of /home/ttdistas/1.1.0-RC1/src/network/network_command.cpp: this->count == 0

OpenTTD version:
 Version:    1.1.0-RC1 (0)
 NewGRF ver: 11005658
 Bits:       32
 Endian:     little
 Dedicated:  yes
 Build date: Feb 18 2011 23:02:28

Stacktrace:
 [00] 1.1.0-RC1/bundle/openttd(_ZNK12CrashLogUnix13LogStacktraceEPcPKc+0x43) [0x82b2c73]
 [01] 1.1.0-RC1/bundle/openttd(_ZNK8CrashLog12FillCrashLogEPcPKc+0x102) [0x81aca62]
 [02] 1.1.0-RC1/bundle/openttd(_ZNK8CrashLog12MakeCrashLogEv+0xc4) [0x81acbb4]
 [03] 1.1.0-RC1/bundle/openttd [0x82b2b9e]
 [04] [0xb789e400]
 [05] [0xb789e430]
 [06] /lib/tls/i686/cmov/libc.so.6(gsignal+0x51) [0xb760d4d1]
 [07] /lib/tls/i686/cmov/libc.so.6(abort+0x182) [0xb7610932]
 [08] 1.1.0-RC1/bundle/openttd [0x82a08ad]

Operating system:
 Name:     Linux
 Release:  2.6.31-22-generic-pae
 Version:  #70-Ubuntu SMP Thu Dec 2 00:54:52 UTC 2010
 Machine:  i686
 Compiler: GCC 4.4.1 "4.4.1"

Configuration:
 Blitter:      null
 Graphics set: original_windows (0)
 Language:     /home/ttdistas/1.1.0-RC1/bundle/lang/english.lng
 Music driver: null
 Music set:    NoMusic (0)
 Network:      server
 Sound driver: null
 Sound set:    original_windows (0)
 Video driver: dedicated

AI Configuration (local: 255):
  0: Human
  1: Human
  2: Human
  3: Human
  4: Human
  5: Human
  6: Human

Libraries:
 LZMA:       4.999.8beta
 Zlib:       1.2.3.3

---- gamelog start ----
Tick 0: new game started
     Revision text changed to 1.0.4, savegame version 138, not modified, _openttd_newgrf_version = 0x10485145
     New game mode: 2 landscape: 1
     Added NewGRF: GRF ID 535A0901, checksum BECE0FB994E34EBDF6DB76EC3B566914, unknown GRF
     Added NewGRF: GRF ID 504E0002, checksum 6E6944E09CE6C3AC130DF72C542EE4B1, unknown GRF
     Added NewGRF: GRF ID 52570103, checksum EDB2D26F9D81423734CA12412F309CF3, unknown GRF
     Added NewGRF: GRF ID 44440A01, checksum D48D7AD02CA355B92FAE081DC4A36868, unknown GRF
     Added NewGRF: GRF ID 27711002, checksum 3E2A2578101FFB3DD8AFC451CC43C8D0, unknown GRF
     Added NewGRF: GRF ID 52571201, checksum C1C7D8C53EB7E74EEE2F0EF29638B466, filename: egrvts.1.0/egrvts.grf (md5sum matches)
     Added NewGRF: GRF ID 41501201, checksum 4D8604EE336EB60F31A16462804ECE07, unknown GRF
     Added NewGRF: GRF ID 4D570102, checksum 8C41066F2430A1762047AB077B51EE63, filename: hover_bus.1.0/hoverbus_1.0.grf (md5sum matches)
     Added NewGRF: GRF ID 45520500, checksum 7E30CA79D5A8B3A6CBE873E26096D7D2, filename: newgrf/modernsuburbanw.GRF (md5sum matches)
     Added NewGRF: GRF ID 52455400, checksum 1600687C50C5AB1E72EDD487CAD50E2A, filename: coded_by_aegir._artwork_by_aegir-1/ae_cityw.grf (md5sum matches)
     Added NewGRF: GRF ID 4D4C0100, checksum 1E2A243600434194FB100E72E507D5EF, filename: newgrf/dutchcatw.grf (md5sum matches)
     Added NewGRF: GRF ID 524B0301, checksum BB7BBE4FF23B349D17ED0A682503680C, filename: lightrailtramtracks-0.2/tramtrkw.grf (md5sum matches)
     Added NewGRF: GRF ID 52455200, checksum 0E5A9C5ACD2BCAF7FA0658C3F905A660, filename: rural_stations-1/ae_ruraw.grf (md5sum matches)
     Added NewGRF: GRF ID 4D470302, checksum 52BFBEA55B7EDB8192DE26040FF03CC9, unknown GRF
     Added NewGRF: GRF ID 52455300, checksum 37C0B839B13C4B18051580C81EEDF427, filename: suburban_stations-1/ae_subuw.grf (md5sum matches)
     Added NewGRF: GRF ID 54560103, checksum 381A11BC5B0F0489B410A0A3B4967844, unknown GRF
     Added NewGRF: GRF ID 56430001, checksum AF3E0A1E6EF0B98DB966594578D1775B, filename: total_town_replacement_set-3.02a/ttrs3w.grf (md5sum matches)
     Added NewGRF: GRF ID 4A430002, checksum 0728ADCB4DF2F1EB9247ABD449296F4E, filename: industrial_stations_renewal.0.8.0/indstatrw.grf (md5sum matches)
     Added NewGRF: GRF ID 6D620004, checksum 70649F1AFC954942173B0AA89C1E8B14, filename: newgrf/newshipsw.grf (md5sum matches)
     Added NewGRF: GRF ID FBFB0401, checksum E497AFEB67D7501658FFC709C2E474A9, unknown GRF
     Added NewGRF: GRF ID 54630002, checksum 5B3013612B24CE7C7478E683AAFDDBD0, filename: newgrf/road-cs-ottd.grf (md5sum matches)
     Added NewGRF: GRF ID 4D656F17, checksum 29C4591139251FA114B328F7B76098AD, unknown GRF
Tick 0: GRF config changed
     Removed NewGRF: GRF ID 535A0901, unknown GRF
     Removed NewGRF: GRF ID 504E0002, unknown GRF
     Removed NewGRF: GRF ID 52570103, unknown GRF
     Removed NewGRF: GRF ID 44440A01, unknown GRF
     Removed NewGRF: GRF ID 27711002, unknown GRF
     Removed NewGRF: GRF ID 52571201, filename: egrvts.1.0/egrvts.grf (md5sum matches)
     Removed NewGRF: GRF ID 41501201, unknown GRF
     Removed NewGRF: GRF ID 4D570102, filename: hover_bus.1.0/hoverbus_1.0.grf (md5sum matches)
     Removed NewGRF: GRF ID 45520500, filename: newgrf/modernsuburbanw.GRF (md5sum matches)
     Removed NewGRF: GRF ID 52455400, filename: coded_by_aegir._artwork_by_aegir-1/ae_cityw.grf (md5sum matches)
     Removed NewGRF: GRF ID 4D4C0100, filename: newgrf/dutchcatw.grf (md5sum matches)
     Removed NewGRF: GRF ID 524B0301, filename: lightrailtramtracks-0.2/tramtrkw.grf (md5sum matches)
     Removed NewGRF: GRF ID 52455200, filename: rural_stations-1/ae_ruraw.grf (md5sum matches)
     Removed NewGRF: GRF ID 4D470302, unknown GRF
     Removed NewGRF: GRF ID 52455300, filename: suburban_stations-1/ae_subuw.grf (md5sum matches)
     Removed NewGRF: GRF ID 54560103, unknown GRF
     Removed NewGRF: GRF ID 56430001, filename: total_town_replacement_set-3.02a/ttrs3w.grf (md5sum matches)
     Removed NewGRF: GRF ID 4A430002, filename: industrial_stations_renewal.0.8.0/indstatrw.grf (md5sum matches)
     Removed NewGRF: GRF ID 6D620004, filename: newgrf/newshipsw.grf (md5sum matches)
     Removed NewGRF: GRF ID FBFB0401, unknown GRF
     Removed NewGRF: GRF ID 54630002, filename: newgrf/road-cs-ottd.grf (md5sum matches)
     Removed NewGRF: GRF ID 4D656F17, unknown GRF
Tick 0: settings changed
     Setting changed: vehicle.dynamic_engines : 0 -> 1
Tick 0: settings changed
     Setting changed: vehicle.never_expire_vehicles : 0 -> 1
Tick 0: GRF config changed
     Added NewGRF: GRF ID 27711003, checksum 332CA2515DAB3E8D6C72F28F6918630E, filename: 2cc_trainset-2.0.0beta3/2cctrainset.grf (md5sum matches)
     Added NewGRF: GRF ID 52571201, checksum C1C7D8C53EB7E74EEE2F0EF29638B466, filename: egrvts.1.0/egrvts.grf (md5sum matches)
     Added NewGRF: GRF ID 41501202, checksum EA844EF3C0427A1ABD520A7861979AA9, filename: heqs_heavy_equipment_set-1.0/heqs.grf (matches GRFID only)
     Added NewGRF: GRF ID 4D570102, checksum 8C41066F2430A1762047AB077B51EE63, filename: hover_bus.1.0/hoverbus_1.0.grf (md5sum matches)
     Added NewGRF: GRF ID 6D620004, checksum 70649F1AFC954942173B0AA89C1E8B14, filename: newgrf/newshipsw.grf (md5sum matches)
     Added NewGRF: GRF ID FBFB0402, checksum C5D462B520ED5EEB3AF5619DA165DA35, filename: metro_track_set-1.1.0/metrotrk.grf (md5sum matches)
     Added NewGRF: GRF ID 05102002, checksum A8B77B8D1F20D43B6FA521B4C3A8FC50, filename: monolev_replacement_set_v0.3.6-0.3.7/mrsv037.grf (md5sum matches)
     Added NewGRF: GRF ID 54630002, checksum 5B3013612B24CE7C7478E683AAFDDBD0, filename: newgrf/road-cs-ottd.grf (md5sum matches)
     Added NewGRF: GRF ID 52455400, checksum 1600687C50C5AB1E72EDD487CAD50E2A, filename: coded_by_aegir._artwork_by_aegir-1/ae_cityw.grf (md5sum matches)
     Added NewGRF: GRF ID 4A430002, checksum 0728ADCB4DF2F1EB9247ABD449296F4E, filename: industrial_stations_renewal.0.8.0/indstatrw.grf (md5sum matches)
     Added NewGRF: GRF ID 45520500, checksum 7E30CA79D5A8B3A6CBE873E26096D7D2, filename: newgrf/modernsuburbanw.GRF (md5sum matches)
     Added NewGRF: GRF ID 52455200, checksum 0E5A9C5ACD2BCAF7FA0658C3F905A660, filename: rural_stations-1/ae_ruraw.grf (md5sum matches)
     Added NewGRF: GRF ID 52455300, checksum 37C0B839B13C4B18051580C81EEDF427, filename: suburban_stations-1/ae_subuw.grf (md5sum matches)
     Added NewGRF: GRF ID 444E0400, checksum 735D3D74D5DCADBF1FD6EF7A9C5A3519, filename: vast_station_tiles-0.2.0/vast.grf (md5sum matches)
     Added NewGRF: GRF ID EC0D9110, checksum D1510A1006B03BCDAAFE562D5D05BACF, filename: raise_landscaping_costs.2/raise_landscaping_costs.grf (md5sum matches)
     Added NewGRF: GRF ID 56430001, checksum AF3E0A1E6EF0B98DB966594578D1775B, filename: total_town_replacement_set-3.02a/ttrs3w.grf (md5sum matches)
Tick 0: GRF config changed
     GRF order changed: 56430001 moved 8 places upGRF ID 56430001, filename: total_town_replacement_set-3.02a/ttrs3w.grf (md5sum matches)
     Removed NewGRF: GRF ID 56430001, filename: total_town_replacement_set-3.02a/ttrs3w.grf (md5sum matches)
Tick 0: GRF config changed
     GRF parameter changed: GRF ID 54630002, filename: newgrf/road-cs-ottd.grf (md5sum matches)
Tick 0: game loaded
     Revision text changed to 1.0.5, savegame version 138, not modified, _openttd_newgrf_version = 0x1058531e
Tick 0: GRF config changed
     Added NewGRF: GRF ID 45530301, checksum 41D7AEA90293FD270204C84D2CD3E034, filename: newgrf/speedrails.grf (md5sum matches)
Tick 0: game loaded
     New game mode: 1 landscape: 1
Tick 33: settings changed
     Setting changed: station.never_expire_airports : 0 -> 1
Tick 154: settings changed
     Setting changed: vehicle.freight_trains : 1 -> 2
Tick 154: settings changed
     Setting changed: vehicle.freight_trains : 2 -> 1
Tick 154: game loaded
     New game mode: 2 landscape: 1
Tick 154: settings changed
     Setting changed: vehicle.freight_trains : 1 -> 2
Tick 154: settings changed
     Setting changed: vehicle.freight_trains : 2 -> 3
Tick 154: settings changed
     Setting changed: vehicle.freight_trains : 3 -> 4
Tick 154: GRF config changed
     Compatible NewGRF loaded: GRF ID 41501202, checksum 341646D3E73F9368E856A80856EC89B0, filename: heqs_heavy_equipment_set-1.0/heqs.grf (md5sum matches)
     Removed NewGRF: GRF ID 6D620004, filename: newgrf/newshipsw.grf (md5sum matches)
     GRF parameter changed: GRF ID 56430001, filename: total_town_replacement_set-3.11/ttrs3w.grf (matches GRFID only). Gamelog inconsistency: GrfID was never added!
     GRF parameter changed: GRF ID 54630002, filename: newgrf/road-cs-ottd.grf (md5sum matches)
     Added NewGRF: GRF ID 49420105, checksum AA49A3545A80BFC1AE361F5D0B6D75BC, filename: snow_line_mod-1.0.0/snowlinemod.grf (md5sum matches)
     Added NewGRF: GRF ID 46727806, checksum 09E95562B1894A4D55D5532C6A889621, filename: opengfx_trees-0.2.2/opengfx+trees.grf (md5sum matches)
Tick 154: GRF config changed
     GRF parameter changed: GRF ID 49420105, filename: snow_line_mod-1.0.0/snowlinemod.grf (md5sum matches)
Tick 154: GRF config changed
     Added NewGRF: GRF ID 414E0101, checksum DEC8B87BC7F9F09B66BE441A1C002BE9, filename: fish_ship_set-0.8.2/fish.grf (matches GRFID only)
Tick 154: GRF config changed
     Added NewGRF: GRF ID 425F0101, checksum 5E6DC9FD3D9364AC6ABE21E6B4D8CE3E, filename: very_large_ships.0.1/vl_shipw.grf (md5sum matches)
     Removed NewGRF: GRF ID 414E0101, filename: fish_ship_set-0.8.2/fish.grf (matches GRFID only)
Tick 154: GRF config changed
     Added NewGRF: GRF ID 45530101, checksum 98FBBAEBB652B296DF7958ED0ADF7C8D, filename: newgrf/spainsetw_128.grf (matches GRFID only)
Tick 154: settings changed
     Setting changed: vehicle.wagon_speed_limits : 1 -> 0
Tick 154: game loaded
     Revision text changed to 1.0.5, savegame version 138, maybe modified, _openttd_newgrf_version = 0x1058531e
Tick 154: GRF config changed
     Compatible NewGRF loaded: GRF ID 45530101, checksum F8A8A5EC2D2E595356E268AEED850055, filename: newgrf/spainsetw_128.grf (md5sum matches)
     Added NewGRF: GRF ID 414E0101, checksum 9FE1949FF50A22F6260A6D2D3FA45A2D, filename: fish_ship_set-0.8.2/fish.grf (md5sum matches)
Tick 154: game loaded
     Revision text changed to 1.0.5, savegame version 138, not modified, _openttd_newgrf_version = 0x1058531e
Tick 154: GRF config changed
     GRF parameter changed: GRF ID 49420105, filename: snow_line_mod-1.0.0/snowlinemod.grf (md5sum matches)
Tick 154: game loaded
     New game mode: 1 landscape: 1
Tick 155: game loaded
     Revision text changed to 1.1.0-beta5, savegame version 159, maybe modified, _openttd_newgrf_version = 0x110055d0
     New game mode: 2 landscape: 1
Tick 155: GRF config changed
     GRF order changed: 27711003 moved 8 places downGRF ID 27711003, filename: 2cc_trainset-2.0.0beta3/2cctrainset.grf (md5sum matches)
     GRF order changed: 52571201 moved 1 places downGRF ID 52571201, filename: egrvts.1.0/egrvts.grf (md5sum matches)
     GRF parameter changed: GRF ID 41501202, filename: heqs_heavy_equipment_set-1.0/heqs.grf (md5sum matches)
     Added NewGRF: GRF ID 52571208, checksum DC83DAB2933FACCB91678D4F75ABCCC6, filename: generic_cars-0.4/cars.grf (md5sum matches)
     Removed NewGRF: GRF ID 4D570102, filename: hover_bus.1.0/hoverbus_1.0.grf (md5sum matches)
     GRF order changed: FBFB0402 moved 6 places downGRF ID FBFB0402, filename: metro_track_set-1.1.0/metrotrk.grf (md5sum matches)
     GRF order changed: 05102002 moved 9 places downGRF ID 05102002, filename: monolev_replacement_set_v0.3.6-0.3.7/mrsv037.grf (md5sum matches)
     GRF order changed: 56430001 moved 17 places downGRF ID 56430001, filename: total_town_replacement_set-3.11/ttrs3w.grf (matches GRFID only). Gamelog inconsistency: GrfID was never added!
     GRF order changed: 414E0101 moved 12 places upGRF ID 414E0101, filename: fish_ship_set-0.8.2/fish.grf (md5sum matches)
     Added NewGRF: GRF ID 4F472B33, checksum D4348CB78583CAAB380F8C6904714532, filename: newgrf/ogfx-industries.grf (md5sum matches)
     GRF order changed: 46727806 moved 9 places upGRF ID 46727806, filename: opengfx_trees-0.2.2/opengfx+trees.grf (md5sum matches)
     GRF order changed: 45530101 moved 11 places upGRF ID 45530101, filename: newgrf/spainsetw_128.grf (md5sum matches)
     GRF order changed: 45530301 moved 7 places upGRF ID 45530301, filename: newgrf/speedrails.grf (md5sum matches)
     Added NewGRF: GRF ID 4D4C0100, checksum 1E2A243600434194FB100E72E507D5EF, filename: newgrf/dutchcatw.grf (md5sum matches)
     GRF order changed: 52455400 moved 1 places downGRF ID 52455400, filename: coded_by_aegir._artwork_by_aegir-1/ae_cityw.grf (md5sum matches)
     GRF order changed: 52455300 moved 2 places upGRF ID 52455300, filename: suburban_stations-1/ae_subuw.grf (md5sum matches)
     Added NewGRF: GRF ID 4D470303, checksum 8F903FAC3099CA3C9A296AAECBB27A75, filename: basemod-3.2/basecosts.grf (md5sum matches)
     Removed NewGRF: GRF ID EC0D9110, filename: raise_landscaping_costs.2/raise_landscaping_costs.grf (md5sum matches)
     Removed NewGRF: GRF ID 45530301, filename: newgrf/speedrails.grf (md5sum matches)
     Removed NewGRF: GRF ID 49420105, filename: snow_line_mod-1.0.0/snowlinemod.grf (md5sum matches)
     Removed NewGRF: GRF ID 46727806, filename: opengfx_trees-0.2.2/opengfx+trees.grf (md5sum matches)
     Removed NewGRF: GRF ID 425F0101, filename: very_large_ships.0.1/vl_shipw.grf (md5sum matches)
     Removed NewGRF: GRF ID 45530101, filename: newgrf/spainsetw_128.grf (md5sum matches)
     Removed NewGRF: GRF ID 414E0101, filename: fish_ship_set-0.8.2/fish.grf (md5sum matches)
Tick 155: GRF config changed
     GRF order changed: 56430001 moved 20 places upGRF ID 56430001, filename: total_town_replacement_set-3.11/ttrs3w.grf (matches GRFID only). Gamelog inconsistency: GrfID was never added!
     Removed NewGRF: GRF ID 56430001, filename: total_town_replacement_set-3.11/ttrs3w.grf (matches GRFID only). Gamelog inconsistency: GrfID was never added!
Tick 155: GRF config changed
     GRF parameter changed: GRF ID 56430001, filename: total_town_replacement_set-3.11/ttrs3w.grf (matches GRFID only). Gamelog inconsistency: GrfID was never added!
Tick 155: game loaded
     New game mode: 1 landscape: 1
Tick 55989: game loaded
     Revision text changed to 1.1.0-RC1, savegame version 160, not modified, _openttd_newgrf_version = 0x11005658
---- gamelog end ----

*** End of OpenTTD Crash Report ***
