*** OpenTTD Crash Report ***

Crash at: Fri May 01 14:23:44 2015
In game date: 1886-04-01 (2)

Crash reason:
 Exception: E1212012
 Location:  76DFC42D
 Message:   Out of memory. Cannot allocate 3145736 bytes

OpenTTD version:
 Version:    1.5.0 (0)
 NewGRF ver: 15086a51
 Bits:       32
 Endian:     little
 Dedicated:  no
 Build date: Apr  1 2015 18:51:05

Registers:
 EAX: 0018E01C EBX: 00000016 ECX: 00000000 EDX: 0008E3C8
 ESI: 00F52EA8 EDI: 00000000 EBP: 0018E06C ESP: 0018E01C
 EIP: 76DFC42D EFLAGS: 00200246

 Bytes at instruction pointer:
 C9 C2 10 00 CC CC CC CC CC 8B FF 55 8B EC 56 8B 75 08 83 FE F4 72 18 83

Stack trace:
 E1212012 00000000 00000000 76DFC42D 00000000 00F07694 00000010 00000000
 00000000 00000000 00000000 00000000 00000000 00000000 0018DED4 0018DEEC
 7725FAE6 77279C2E 00000000 00000016 0018E0CC 005D561A E1212012 00000000
 00000000 00000000 006A6DAE 00000016 464BE129 25F1CAB0 0018F79C 00300008
 FFFFFFFF 0018E0BC 00000000 7725FAE6 005D560A 00000001 0018E08C 0018DA64
 0018F800 006ACF10 46A2F4ED FFFFFFFE 0018E2DC 006A60A3 00000016 0043E62C
 2074754F 6D20666F 726F6D65 43202E79 6F6E6E61 6C612074 61636F6C 33206574
 37353431 62203633 73657479 00000000 02F40000 36FDED88 0018E1CC 05330163
 062400F4 00047B72 00000002 00000000 38416448 7725F9D5 77279EFB 0000039C
 00000000 02F40138 0018E15C 77279ECC 02F40138 00000000 02F40000 00000000
 0018E23C 77282C1A 02F40138 77273446 7DB9C663 25F1CAB0 00000000 02F40000
 0018E19C 004525AB 36FDED88 0018EC68 00000000 7726E38C 7DB9C647 00826851
 02F4020C 02F40000 7726E38C 7DB9C673 0018F794 02F459C4 02F40000 00001114
 00000000 0AA70018 00031F8F 00005BD9 00000001 00001114 02BD0358 08860019
 00031F8F 00000001 00000000 02BD0358 02BD0048 00001008 38A53870 00000001
 02CCFC60 00000002 02BD02DC 7EFDD000 C0000017 00000000 0018E248 77276897
 7727689C 7DB9C617 00000000 C0000017 7EFDD000 0018E220 0A87ECCF 0018F800
 772B1985 0A87EA87 FFFFFFFE 7727689C 772BE04B C0000017 25F1CAB0 0018F79C
 00300008 02BD0160 3841D858 02BD6C70 FFFFFFFE 0018E204 7726E0F2 0018E6A4
 00000002 00000000 00000088 00000000 0018E2AC 00000002 00000000 00001010
 00000080 0018E2C0 006A1DFA 02F40000 0018E2E0 006B04CF 00000017 0018E2E0
 006B0676 00000008 00000000 0000000C 006A6520 006A1E24 25F1CAB0 0018F79C
 0018E2F8 005BF47E 00EE2D94 00300008 00826851 0018F88C 000003E3 0018F80C
 005BB98A 005BB910 0018F884 0018F88C 25F1CAB0 00000000 00000000 00000000

Operating system:
 Name:     Windows
 Release:  6.1.7601 (Service Pack 1)
 Compiler: MSVC 1600

Configuration:
 Blitter:      32bpp-anim
 Graphics set: OpenGFX (5538)
 Language:     E:\PortableApps\PortableApps\OpenTTDPortable\App\OpenTTD\lang\english_US.lng
 Music driver: dmusic
 Music set:    OpenMSX (96)
 Network:      no
 Sound driver: win32
 Sound set:    OpenSFX (87)
 Video driver: win32

Fonts:
 Small:  sprite
 Medium: sprite
 Large:  sprite
 Mono:   sprite

AI Configuration (local: 0):
  0: Human
  1: AdmiralAI (v25)
  2: NoCAB (v499)
  3: NoCAB (v499)
  4: RoadRunner (v9)
  5: Trans (v130722)
  6: PathZilla (v6)
  7: NoCAB (v499)
  8: AroAI (v127)

Libraries:
 FreeType:   2.4.11
 ICU:        51.2
 LZMA:       5.0.4
 LZO:        2.06
 PNG:        1.5.14
 Zlib:       1.2.7

Module information:
 E:\PortableApps\PortableApps\OpenTTDPortable\App\OpenTTD\openttd.exe handle: 00400000 size: 4779008 crc: 148531C5 date: 2015-04-01 18:54:36
 C:\Windows\SysWOW64\ntdll.dll handle: 77240000 size: 1309696 crc: 6DD1FB34 date: 2015-03-17 04:59:26
 C:\Windows\syswow64\kernel32.dll handle: 75D50000 size: 1114112 crc: 779B7B11 date: 2015-03-17 04:56:00
 C:\Windows\syswow64\KERNELBASE.dll handle: 76DF0000 size: 274944 crc: FDAB31FA date: 2015-03-17 04:56:00
 C:\Windows\syswow64\ADVAPI32.dll handle: 76D50000 size: 640512 crc: 939A0B41 date: 2013-08-29 01:48:17
 C:\Windows\syswow64\msvcrt.dll handle: 75870000 size: 690688 crc: DAB48B3A date: 2011-12-16 07:52:58
 C:\Windows\SysWOW64\sechost.dll handle: 74CB0000 size: 92160 crc: B624B29A date: 2009-07-14 01:16:13
 C:\Windows\syswow64\RPCRT4.dll handle: 75EF0000 size: 664064 crc: 358EDEDF date: 2014-07-14 01:40:58
 C:\Windows\syswow64\SspiCli.dll handle: 74C50000 size: 96768 crc: D48DEFC6 date: 2015-03-17 04:56:01
 C:\Windows\syswow64\CRYPTBASE.dll handle: 74C40000 size: 36864 crc: 00308E17 date: 2009-07-14 01:15:07
 C:\Windows\syswow64\GDI32.dll handle: 75250000 size: 311808 crc: 6A9C9763 date: 2015-03-05 04:05:06
 C:\Windows\syswow64\USER32.dll handle: 75C20000 size: 833024 crc: 9EFE504D date: 2010-11-21 03:24:20
 C:\Windows\syswow64\LPK.dll handle: 75310000 size: 25600 crc: 9FF2E6FA date: 2015-02-20 04:12:51
 C:\Windows\syswow64\USP10.dll handle: 759C0000 size: 626688 crc: 7CF1A954 date: 2014-04-25 02:06:17
 C:\Windows\syswow64\IMM32.dll handle: 75730000 size: 119808 crc: 38DB5163 date: 2010-11-21 03:24:25
 C:\Windows\syswow64\MSCTF.dll handle: 74D90000 size: 828928 crc: 9CA6751F date: 2015-01-17 02:30:42
 C:\Windows\syswow64\SHELL32.dll handle: 75FF0000 size: 12875264 crc: 3110B5FC date: 2015-02-13 05:26:18
 C:\Windows\syswow64\SHLWAPI.dll handle: 757E0000 size: 350208 crc: 23E05F73 date: 2010-11-21 03:23:48
 C:\Windows\system32\WINMM.dll handle: 749F0000 size: 194048 crc: 849223C7 date: 2010-11-21 03:24:16
 C:\Windows\syswow64\WS2_32.dll handle: 75200000 size: 206848 crc: FD00A753 date: 2010-11-21 03:23:55
 C:\Windows\syswow64\NSI.dll handle: 75D20000 size: 8704 crc: 2ACE9671 date: 2009-07-14 01:16:11
 C:\Windows\syswow64\ole32.dll handle: 755D0000 size: 1414144 crc: 74A1E844 date: 2010-11-21 03:24:01
 C:\Windows\system32\uxtheme.dll handle: 716D0000 size: 245760 crc: 60C5C746 date: 2009-07-14 01:11:24
 C:\Windows\system32\dwmapi.dll handle: 6FE40000 size: 67072 crc: FC7CA4B8 date: 2009-07-14 01:15:13
 C:\Windows\system32\mswsock.dll handle: 70EC0000 size: 231424 crc: 2A2905A9 date: 2013-09-08 02:03:58
 C:\Windows\System32\wshtcpip.dll handle: 70EB0000 size: 9216 crc: BA963A19 date: 2009-07-14 01:16:20
 C:\Windows\system32\MMDevAPI.DLL handle: 6C760000 size: 213504 crc: 93C0AA4F date: 2010-11-21 03:23:51
 C:\Windows\system32\PROPSYS.dll handle: 73B40000 size: 988160 crc: 888D0BCB date: 2010-11-21 03:24:08
 C:\Windows\syswow64\OLEAUT32.dll handle: 74CD0000 size: 571904 crc: 0EB7703D date: 2014-11-26 03:32:05
 C:\Windows\system32\wdmaud.drv handle: 73800000 size: 172032 crc: D5B9F5FA date: 2010-11-21 03:24:00
 C:\Windows\system32\ksuser.dll handle: 738B0000 size: 4608 crc: EBE07232 date: 2009-07-14 01:15:35
 C:\Windows\system32\AVRT.dll handle: 745E0000 size: 14336 crc: 9818237B date: 2009-07-14 01:14:58
 C:\Windows\syswow64\SETUPAPI.dll handle: 74E60000 size: 1667584 crc: 1D0104E8 date: 2010-11-21 03:23:51
 C:\Windows\syswow64\CFGMGR32.dll handle: 74D60000 size: 145920 crc: 377B5190 date: 2011-05-24 10:39:38
 C:\Windows\syswow64\DEVOBJ.dll handle: 76CD0000 size: 64512 crc: 66B02A5A date: 2011-05-24 10:40:05
 C:\Windows\system32\AUDIOSES.DLL handle: 6D830000 size: 195584 crc: 4831E850 date: 2015-02-03 03:12:12
 C:\Windows\system32\msacm32.drv handle: 73890000 size: 20992 crc: 73923147 date: 2009-07-14 01:14:08
 C:\Windows\system32\MSACM32.dll handle: 73C50000 size: 72192 crc: ABA25814 date: 2009-07-14 01:15:42
 C:\Windows\system32\midimap.dll handle: 73880000 size: 16896 crc: C000494C date: 2009-07-14 01:15:40
 C:\Windows\syswow64\CLBCatQ.DLL handle: 76C40000 size: 522240 crc: 6C130B8A date: 2009-07-14 01:15:03
 C:\Windows\System32\dmime.dll handle: 5BB90000 size: 179712 crc: 179D7CFB date: 2009-07-14 01:15:12
 C:\Windows\System32\DSOUND.dll handle: 501A0000 size: 453632 crc: EC24F2F8 date: 2009-07-14 01:15:13
 C:\Windows\System32\POWRPROF.dll handle: 724E0000 size: 145408 crc: 9957ABF4 date: 2009-07-14 01:16:12
 C:\Windows\System32\dmusic.dll handle: 699E0000 size: 101376 crc: F5D0AA6B date: 2009-07-14 01:15:12
 C:\Windows\syswow64\WINTRUST.dll handle: 75840000 size: 179200 crc: 9276EC18 date: 2015-02-03 03:12:48
 C:\Windows\syswow64\CRYPT32.dll handle: 754A0000 size: 1174528 crc: 54C0267F date: 2015-02-03 03:12:14
 C:\Windows\syswow64\MSASN1.dll handle: 75D30000 size: 34304 crc: BE7DA129 date: 2010-11-21 03:23:48
 C:\Windows\System32\dmsynth.dll handle: 699C0000 size: 105472 crc: 3B102040 date: 2009-07-14 01:15:12
 C:\Windows\System32\dmloader.dll handle: 6E600000 size: 38400 crc: 8A3F45D2 date: 2009-07-14 01:15:12
 C:\Windows\syswow64\psapi.dll handle: 759B0000 size: 6144 crc: 25B988F9 date: 2009-07-14 01:16:12

---- gamelog start ----
Tick 0: new game started
Revision text changed to 1.4.4, savegame version 188, not modified, _openttd_newgrf_version = 0x14486995
New game mode: 1 landscape: 0
Added NewGRF: GRF ID 56420303, checksum BCD9076A735C5C65F71F72C27E7DF3D4, filename: yeti_extended_towns__industries-0.1.0\yeti.grf (md5sum matches)
Added NewGRF: GRF ID 48410101, checksum F7FDD4541807DFEF0FD669FB73BAE010, filename: nuts_unrealistic_train_set-0.7.8\nuts.grf (md5sum matches)
Added NewGRF: GRF ID 444A5901, checksum 23CEC795D97265752C21EA8F02564A61, filename: vacuum_tube_train-0.22\vactrain.grf (md5sum matches)
Added NewGRF: GRF ID 444A5902, checksum 10CE0195D8ABED8FD93E539FD990AF03, filename: vacuum_vehicle_wagon_and_train-0.22\vactrain.grf (md5sum matches)
Tick 6822: game loaded
Revision text changed to 1.5.0, savegame version 194, not modified, _openttd_newgrf_version = 0x15086a51
---- gamelog end ----

*** End of OpenTTD Crash Report ***

Decoded stack trace:
[00] ???                  0x76DFC42D
[01] ???                  0x005D561A
[02] ???                  0x006A60A3
[03] ???                  0x005BF47E
[04] ???                  0x005BB98A
[05] ???                  0x005B9706
[06] ???                  0x00507598
[07] ???                  0x0050B692
[08] ???                  0x00508EF1
[09] ???                  0x0050944C
[10] ???                  0x0050B1D5

*** End of additional info ***
