*** OpenTTD Crash Report ***

Crash at: Sat Dec 11 12:50:01 2010
In game date: 2214-06-27 (42)

Crash reason:
 Signal:  Aborted (6)
 Message: Assertion failed at line 149 of /home/openttd/svn-publicserver/src/network/network_udp.cpp: Company::GetNumItems() * MIN_CI_SIZE < (uint)packet.size - packet.pos

OpenTTD version:
 Version:    r21450 (2)
 NewGRF ver: 110053ca
 Bits:       32
 Endian:     little
 Dedicated:  no
 Build date: Dec 11 2010 13:11:35

Stacktrace:
 [00] ./openttd(_ZNK12CrashLogUnix13LogStacktraceEPcPKc+0x43) [0x82c1dc3]
 [01] ./openttd(_ZNK8CrashLog12FillCrashLogEPcPKc+0x102) [0x81befd2]
 [02] ./openttd(_ZNK8CrashLog12MakeCrashLogEv+0x9c) [0x81bf0fc]
 [03] ./openttd [0x82c1cf6]
 [04] [0xb76fd400]
 [05] [0xb76fd424]
 [06] /lib/i686/cmov/libc.so.6(gsignal+0x50) [0xb72e9640]
 [07] /lib/i686/cmov/libc.so.6(abort+0x188) [0xb72eb018]
 [08] ./openttd [0x82b0a5e]

Operating system:
 Name:     Linux
 Release:  2.6.32-bpo.5-686
 Version:  #1 SMP Fri Jun 11 22:20:29 UTC 2010
 Machine:  i686
 Compiler: GCC 4.3.2 "4.3.2"

Configuration:
 Blitter:      8bpp-optimized
 Graphics set: OpenGFX (542)
 Language:     /home/openttd/svn-public/autopilot/lang/english.lng
 Music driver: null
 Music set:    OpenMSX (96)
 Network:      server
 Sound driver: null
 Sound set:    OpenSFX (87)
 Video driver: dedicated

AI Configuration (local: 255):
  0: Human

Libraries:
 FontConfig: 2.6.0
 FreeType:   2.3.7
 LZO:        2.03
 PNG:        1.2.27
 SDL:        1.2.12
 Zlib:       1.2.3.3

---- gamelog start ----
Tick 0: new game started
     Revision text changed to r21089, savegame version 151, not modified, _openttd_newgrf_version = 0x11005261
     New game mode: 1 landscape: 3
     Added NewGRF: GRF ID 4D656F54, checksum AAC1CBD79F701B8DCE0B480AB7D83EAD, filename: ottdc_grfpack/1_other/toyland2mars/Toyland2MarsW.grf (md5sum matches)
     Added NewGRF: GRF ID 4D656F55, checksum 375DE1749A40E0622F575FA351736317, filename: ottdc_grfpack/1_other/toyland2mars/z/T2MarsBonusW.grf (md5sum matches)
Tick 27187: game loaded
     Revision text changed to r21402, savegame version 153, not modified, _openttd_newgrf_version = 0x1100539a
Tick 3423: game loaded
     Revision text changed to r21402, savegame version 153, modified, _openttd_newgrf_version = 0x1100539a
Tick 32510: game loaded
     Revision text changed to r21450, savegame version 154, modified, _openttd_newgrf_version = 0x110053ca
---- gamelog end ----

*** End of OpenTTD Crash Report ***
