*** OpenTTD Crash Report ***

Crash at: Fri Apr 27 13:23:49 2012
In game date: 6187-11-01 (0)

Crash reason:
 Exception: C0000005
 Location:  000000013F82BB48
 Message:   <none>

OpenTTD version:
 Version:    1.2.0 (0)
 NewGRF ver: 12085e36
 Bits:       64
 Endian:     little
 Dedicated:  no
 Build date: Apr 15 2012 11:59:45

Registers:
 RAX: 0000000000000093 RBX: 000000000000007C RCX: 000001A600000000 RDX: 000000000000007C
 RSI: 0000000000000000 RDI: 00000000002DEC20 RBP: 0000000000000002 RSP: 00000000002DEA60
 R8:  0000000000000002 R9:  00000000002DEB80 R10: 00000000050E41B0 R11: 00000000000ECCAD
 R12: 000000000000007C R13: 00000000002DECA0 R14: 00000000000ECCAD R15: 00000000002DEB80
 RIP: 000000013F82BB48 EFLAGS: 00010283

 Bytes at instruction pointer:
 8B 74 A9 08 E9 1A FE FF FF 81 FB 89 00 00 00 0F 8F 9C 00 00 00 81 FB 88

Stack trace:
 00000000 00000000 00000422 00000000 00000000 00000000 00000001 00000000
 002DEB00 00000000 3F7433EA 00000001 0CAA8240 00000000 00000000 00000000
 0DD9E210 00000000 00000002 00000000 0000007C 00000000 3F82C332 00000001
 09100F01 00000000 002DECA0 00000000 00000002 00000000 002DEB80 00000000
 0001FFFF 00000000 00000000 000007FE 00000000 00000000 3F82F1FC 00000001
 0000007C 00000000 0000007C 00000000 09A35EC0 00000000 002DECA0 00000000
 00000000 00000000 3F66AE46 00000001 002DEC10 00000000 050E41B0 00000000
 00000028 00000000 0DD9E210 00000000 00000000 00000000 00000000 00000000
 002DECA0 00000000 09A36900 00000000 00000028 00000000 3F82F3B4 00000001
 00000001 00000000 00000000 00000000 002DECA0 00000000 000000B3 00000000
 00000020 00000000 00000000 00000000 3FFCF920 00000001 3FFCF920 00000001
 0000FFFF 00000000 00000000 00000000 00000300 00000000 000ECCAD 00000000
 002DEDC8 00000000 002DED00 00000000 00000006 00000000 3F82C51F 00000001
 00000001 00000000 00000001 00000000 00000000 00000000 0000050D 00000000
 4201FFFF 000ECCAD 00000000 00000000 0D2849F0 00000000 000000B3 00000000
 3FFD4600 00000001 00000000 00000000 002DEDC8 00000000 000EDCB0 00060000
 002DED09 00000000 3F10D181 00000001 09E00040 00000000 06A7DC00 00000000
 00000000 000001A6 00000000 00000000 FFFFFFFE FFFFFFFF 00000004 00000000
 00000028 00000000 00000001 00000700 00000028 00000000 00000000 00000000
 00000000 00000000 0DD9E210 00000000 000ECCAD 00000000 002DEC20 00000000
 00060200 00000000 00000001 00000000 3F82BE94 00000001 3F82BEA4 00000001
 3F82BEB4 00000001 3F82C200 00000001 3F805A40 00000001 3F82BEBC 00000001
 000ECCAD 00000000 3FFCFC20 00000001 00000006 00000000 00000000 00000000
 002DEDD9 00000000 3F72E2B0 00000001 002DEE80 00000000 00000000 00000000

Operating system:
 Name:     Windows
 Release:  6.1.7601 (Service Pack 1)
 Compiler: MSVC 1600

Configuration:
 Blitter:      8bpp-optimized
 Graphics set: OpenGFX (974)
 Language:     C:\Program Files\OpenTTD\lang\czech.lng
 Music driver: win32
 Music set:    OpenMSX (96)
 Network:      no
 Sound driver: win32
 Sound set:    NoSound (2)
 Video driver: win32

AI Configuration (local: 0):
  0: Human

Libraries:
 FreeType:   2.4.5
 ICU:        4.4.2
 LZMA:       5.0.3
 LZO:        2.05
 PNG:        1.5.4
 Zlib:       1.2.5

Module information:
 C:\Program Files\OpenTTD\openttd.exe handle: 000000013F640000 size: 9868288 crc: 84D24929 date: 2012-04-15 12:03:42
 C:\Windows\SYSTEM32\ntdll.dll handle: 0000000077940000 size: 1731920 crc: 71D20A99 date: 2011-11-17 06:41:18
 C:\Windows\system32\kernel32.dll handle: 00000000776C0000 size: 1162752 crc: 4F9F79FE date: 2011-07-16 05:37:12
 C:\Windows\system32\KERNELBASE.dll handle: 000007FEFDF70000 size: 421888 crc: D7A16149 date: 2011-07-16 05:37:12
 C:\Windows\system32\WINMM.dll handle: 000007FEFBB40000 size: 217600 crc: 7BC1529F date: 2009-07-14 01:41:56
 C:\Windows\system32\msvcrt.dll handle: 000007FEFE930000 size: 634880 crc: 9D1B448A date: 2011-12-16 08:46:06
 C:\Windows\system32\USER32.dll handle: 0000000077260000 size: 1008128 crc: 70FF7D7F date: 2010-11-20 13:27:27
 C:\Windows\system32\GDI32.dll handle: 000007FEFFBE0000 size: 403968 crc: 3D5BC405 date: 2010-11-20 13:26:25
 C:\Windows\system32\LPK.dll handle: 000007FEFFBD0000 size: 41984 crc: 350AF03B date: 2009-07-14 01:41:19
 C:\Windows\system32\USP10.dll handle: 000007FEFE760000 size: 800256 crc: B511F4B9 date: 2010-11-20 13:27:27
 C:\Windows\system32\WS2_32.dll handle: 000007FEFE860000 size: 297984 crc: 0F68689B date: 2010-11-20 13:27:29
 C:\Windows\system32\RPCRT4.dll handle: 000007FEFE5D0000 size: 1219584 crc: 5217F07C date: 2010-11-20 13:27:24
 C:\Windows\system32\NSI.dll handle: 000007FEFFBC0000 size: 13824 crc: 53B46F6C date: 2009-07-14 01:41:53
 C:\Windows\system32\ADVAPI32.dll handle: 000007FEFF8E0000 size: 877056 crc: FA615A20 date: 2009-07-14 01:40:01
 C:\Windows\SYSTEM32\sechost.dll handle: 000007FEFFBA0000 size: 113664 crc: 978CFAE5 date: 2009-07-14 01:41:53
 C:\Windows\system32\SHELL32.dll handle: 000007FEFE9D0000 size: 14172672 crc: AD5D74FF date: 2012-01-04 10:44:25
 C:\Windows\system32\SHLWAPI.dll handle: 000007FEFE8B0000 size: 448512 crc: 086DF743 date: 2010-11-20 13:27:25
 C:\Windows\system32\IMM32.DLL handle: 000007FEFE830000 size: 167424 crc: 41B2805A date: 2009-07-14 01:41:09
 C:\Windows\system32\MSCTF.dll handle: 000007FEFE4C0000 size: 1067008 crc: 798DDDA0 date: 2009-07-14 01:41:28
 C:\Windows\system32\nvinitx.dll handle: 000007FEFDD60000 size: 226920 crc: 2D17E36B date: 2010-12-24 06:26:00
 C:\Windows\system32\SHFolder.dll handle: 000007FEF7750000 size: 10240 crc: 08A48DE3 date: 2009-07-14 01:41:54
 C:\Windows\system32\ole32.dll handle: 000007FEFE2B0000 size: 2086912 crc: 72F91CD0 date: 2010-11-20 13:27:23
 C:\Windows\system32\uxtheme.dll handle: 000007FEFC390000 size: 332288 crc: B0A13DF9 date: 2009-07-14 01:41:56
 C:\Program Files\SetPoint\lgscroll.dll handle: 0000000010100000 size: 56848 crc: EE6FDA68 date: 2009-07-20 11:37:10
 C:\Windows\WinSxS\amd64_microsoft.vc80.crt_1fc8b3b9a1e18e3b_8.0.50727.6195_none_88e41e092fab0294\MSVCR80.dll handle: 0000000071490000 size: 802640 crc: 5D9AD12D date: 2011-06-18 12:35:45
 C:\Windows\system32\ntmarta.dll handle: 000007FEFC040000 size: 162304 crc: 5344798C date: 2009-07-14 01:41:53
 C:\Windows\system32\WLDAP32.dll handle: 000007FEFE700000 size: 312832 crc: 38AE3CF8 date: 2010-11-20 13:27:28
 C:\Windows\system32\dwmapi.dll handle: 000007FEFB870000 size: 82432 crc: A459F360 date: 2009-07-14 01:40:34
 C:\Program Files\WIDCOMM\Bluetooth Software\btmmhook.dll handle: 000007FEECCC0000 size: 239392 crc: 32D73B6C date: 2012-04-01 10:22:00
 C:\Windows\system32\OLEAUT32.dll handle: 000007FEFF800000 size: 861696 crc: 1F331414 date: 2011-08-27 05:37:49
 C:\Windows\system32\PSAPI.DLL handle: 0000000077B10000 size: 9216 crc: 84B5E9BA date: 2009-07-14 01:41:53
 C:\Windows\system32\CRYPTBASE.dll handle: 000007FEFDC90000 size: 44032 crc: F547C16E date: 2009-07-14 01:40:24
 C:\Windows\system32\mswsock.dll handle: 000007FEFD5D0000 size: 326144 crc: 136B1525 date: 2010-11-20 13:27:10
 C:\Windows\System32\wshtcpip.dll handle: 000007FEFCC30000 size: 13312 crc: 5D1E2C55 date: 2009-07-14 01:41:58
 C:\Windows\system32\MMDevAPI.DLL handle: 000007FEFC570000 size: 284160 crc: CDF2EF81 date: 2009-07-14 01:41:26
 C:\Windows\system32\PROPSYS.dll handle: 000007FEFC440000 size: 1212416 crc: B83FA3BE date: 2010-11-20 13:27:23
 C:\Windows\system32\wdmaud.drv handle: 000007FEFBB00000 size: 217088 crc: 12829973 date: 2010-11-20 13:24:21
 C:\Windows\system32\ksuser.dll handle: 0000000074EE0000 size: 5120 crc: AA2071D9 date: 2009-07-14 01:41:13
 C:\Windows\system32\AVRT.dll handle: 000007FEFC9B0000 size: 18432 crc: 5CE53CB7 date: 2009-07-14 01:40:05
 C:\Windows\system32\SETUPAPI.dll handle: 000007FEFF9C0000 size: 1900544 crc: A364BD6A date: 2010-11-20 13:27:25
 C:\Windows\system32\CFGMGR32.dll handle: 000007FEFDE50000 size: 207872 crc: 1984C339 date: 2010-11-20 13:25:50
 C:\Windows\system32\DEVOBJ.dll handle: 000007FEFE150000 size: 93184 crc: A7541AE2 date: 2009-07-14 01:40:28
 C:\Windows\system32\AUDIOSES.DLL handle: 000007FEFBAB0000 size: 296448 crc: 90389554 date: 2010-11-20 13:25:42
 C:\Windows\system32\msacm32.drv handle: 000007FEFBAA0000 size: 25600 crc: 2B579A05 date: 2009-07-14 01:38:50
 C:\Windows\system32\MSACM32.dll handle: 000007FEFBA80000 size: 83456 crc: 3D67538B date: 2009-07-14 01:41:27
 C:\Windows\system32\midimap.dll handle: 000007FEFBA70000 size: 20480 crc: CB902A13 date: 2009-07-14 01:41:23
 C:\Windows\system32\CLBCatQ.DLL handle: 000007FEFE1F0000 size: 607744 crc: 939E35C9 date: 2009-07-14 01:40:15

---- gamelog start ----
Tick 37521: game loaded
     Conversion from OTTD savegame without gamelog: version 92, 0
     Revision text changed to 0.7.3, savegame version 116, not modified, _openttd_newgrf_version = 0x0738450e
     New game mode: 1 landscape: 0
     Added NewGRF: GRF ID 52570103, checksum EDB2D26F9D81423734CA12412F309CF3, filename: generic_tram_set.0.4\generictrams.grf (md5sum matches)
Tick 48088: game loaded
     Revision text changed to 0.7.4, savegame version 116, not modified, _openttd_newgrf_version = 0x074847b3
Tick 49704: GRF config changed
     Added NewGRF: GRF ID 27711002, checksum 3E2A2578101FFB3DD8AFC451CC43C8D0, unknown GRF
Tick 49704: GRF config changed
     Added NewGRF: GRF ID 4A5A0105, checksum 9A4E23F60D9E2156AF2C98DA1C210BC9, filename: tto_full_conversion.1.4.1\fttoc.grf (md5sum matches)
     Removed NewGRF: GRF ID 27711002, unknown GRF
Tick 49704: GRF config changed
     Added NewGRF: GRF ID 6D620305, checksum 1A915EC95539C583D39898B331BB799D, unknown GRF
Tick 49704: GRF config changed
     Added NewGRF: GRF ID FBFB0401, checksum E497AFEB67D7501658FFC709C2E474A9, filename: metro_track_set.0.2.2\metrotracksetw.grf (md5sum matches)
Tick 49704: GRF config changed
     Added NewGRF: GRF ID 4D4E0103, checksum 0727CAF0B249F0D3BD08E6140657FC27, filename: modified_bridge_properties.0.3\bridgeprop.grf (md5sum matches)
Tick 49704: GRF config changed
     GRF order changed: FBFB0401 moved 3 places upGRF ID FBFB0401, filename: metro_track_set.0.2.2\metrotracksetw.grf (md5sum matches)
     GRF order changed: 6D620305 moved 2 places upGRF ID 6D620305, unknown GRF
Tick 47385: game loaded
     Revision text changed to 0.7.5, savegame version 116, not modified, _openttd_newgrf_version = 0x075848bb
     Missing NewGRF: GRF ID 6D620305, unknown GRF
     Missing NewGRF: GRF ID 4A5A0105, filename: tto_full_conversion.1.4.1\fttoc.grf (md5sum matches)
     Missing NewGRF: GRF ID 4D4E0103, filename: modified_bridge_properties.0.3\bridgeprop.grf (md5sum matches)
Tick 47385: GRF config changed
     Added NewGRF: GRF ID 4A5A0105, checksum 9A4E23F60D9E2156AF2C98DA1C210BC9, filename: tto_full_conversion.1.4.1\fttoc.grf (md5sum matches)
     Added NewGRF: GRF ID 4D4E0103, checksum 0727CAF0B249F0D3BD08E6140657FC27, filename: modified_bridge_properties.0.3\bridgeprop.grf (md5sum matches)
Tick 19201: game loaded
     Missing NewGRF: GRF ID 6D620305, unknown GRF
Tick 32448: game loaded
     Missing NewGRF: GRF ID 6D620305, unknown GRF
Tick 46371: GRF config changed
     Added NewGRF: GRF ID 425F0101, checksum 5E6DC9FD3D9364AC6ABE21E6B4D8CE3E, filename: very_large_ships.0.1\vl_shipw.grf (md5sum matches)
Tick 21401: GRF config changed
     Added NewGRF: GRF ID 45480101, checksum 0A1DDD8187B31E77537ACACF5AE1479E, filename: experts_hard___industries.0.4\eh_industries.grf (md5sum matches)
Tick 22158: GRF config changed
     Added NewGRF: GRF ID 19060801, checksum 6CFC6328D999C140851BFE6514BA277A, filename: bigger_depots.0.3\bigdepot.grf (md5sum matches)
Tick 28917: game loaded
     Revision text changed to 1.0.0-RC1, savegame version 138, not modified, _openttd_newgrf_version = 0x10004ad5
Tick 40635: GRF config changed
     Added NewGRF: GRF ID FBFB9905, checksum F747797A14AAA646402DC4E16DE5E82C, filename: longer_girder__steel_bridge.1\longergirdersteelbridge.grf (md5sum matches)
Tick 52388: settings changed
     Setting changed: vehicle.plane_speed : 4 -> 3
Tick 52411: settings changed
     Setting changed: vehicle.plane_speed : 3 -> 2
Tick 52426: settings changed
     Setting changed: vehicle.plane_speed : 2 -> 1
Tick 52533: settings changed
     Setting changed: vehicle.plane_speed : 1 -> 2
Tick 52539: settings changed
     Setting changed: vehicle.plane_speed : 2 -> 3
Tick 52546: settings changed
     Setting changed: vehicle.plane_speed : 3 -> 4
Tick 61449: GRF config changed
     Added NewGRF: GRF ID 535A1344, checksum EE64CDD6E4600C717B448583026DF24D, filename: temperate_oil_wells_can_increase.v2\oilsgoup.grf (md5sum matches)
Tick 32457: game loaded
     Revision text changed to 1.0.0-RC3, savegame version 138, not modified, _openttd_newgrf_version = 0x10004bf7
Tick 30215: game loaded
     Revision text changed to 1.0.1, savegame version 138, not modified, _openttd_newgrf_version = 0x10184d1e
Tick 46679: GRF config changed
     Added NewGRF: GRF ID 52455300, checksum 37C0B839B13C4B18051580C81EEDF427, filename: suburban_stations-1\ae_subuw.grf (md5sum matches)
Tick 45254: game loaded
     Revision text changed to 1.0.3, savegame version 138, not modified, _openttd_newgrf_version = 0x10384f2b
Tick 58278: game loaded
     Revision text changed to 1.0.4, savegame version 138, not modified, _openttd_newgrf_version = 0x10485145
Tick 60035: game loaded
     Revision text changed to 1.0.5, savegame version 138, not modified, _openttd_newgrf_version = 0x1058531e
     Missing NewGRF: GRF ID FBFB0401, filename: metro_track_set.0.2.2\metrotracksetw.grf (md5sum matches)
     Missing NewGRF: GRF ID 52570103, filename: generic_tram_set.0.4\generictrams.grf (md5sum matches)
     Missing NewGRF: GRF ID 4A5A0105, filename: tto_full_conversion.1.4.1\fttoc.grf (md5sum matches)
     Missing NewGRF: GRF ID 4D4E0103, filename: modified_bridge_properties.0.3\bridgeprop.grf (md5sum matches)
     Missing NewGRF: GRF ID 425F0101, filename: very_large_ships.0.1\vl_shipw.grf (md5sum matches)
     Missing NewGRF: GRF ID 45480101, filename: experts_hard___industries.0.4\eh_industries.grf (md5sum matches)
     Missing NewGRF: GRF ID 19060801, filename: bigger_depots.0.3\bigdepot.grf (md5sum matches)
     Missing NewGRF: GRF ID FBFB9905, filename: longer_girder__steel_bridge.1\longergirdersteelbridge.grf (md5sum matches)
     Missing NewGRF: GRF ID 535A1344, filename: temperate_oil_wells_can_increase.v2\oilsgoup.grf (md5sum matches)
     Missing NewGRF: GRF ID 52455300, filename: suburban_stations-1\ae_subuw.grf (md5sum matches)
Tick 60520: game loaded
     Revision text changed to 1.1.1, savegame version 160, not modified, _openttd_newgrf_version = 0x11185800
Tick 18065: game loaded
     Revision text changed to 1.1.2, savegame version 160, not modified, _openttd_newgrf_version = 0x112858dd
Tick 13110: settings changed
     Setting changed: construction.max_tunnel_length : 64 -> 65
Tick 13116: settings changed
     Setting changed: construction.max_tunnel_length : 65 -> 66
Tick 13122: settings changed
     Setting changed: construction.max_tunnel_length : 66 -> 67
Tick 13128: settings changed
     Setting changed: construction.max_tunnel_length : 67 -> 68
Tick 13134: settings changed
     Setting changed: construction.max_tunnel_length : 68 -> 69
Tick 13140: settings changed
     Setting changed: construction.max_tunnel_length : 69 -> 70
Tick 13146: settings changed
     Setting changed: construction.max_tunnel_length : 70 -> 71
Tick 13152: settings changed
     Setting changed: construction.max_tunnel_length : 71 -> 72
Tick 13158: settings changed
     Setting changed: construction.max_tunnel_length : 72 -> 73
Tick 13164: settings changed
     Setting changed: construction.max_tunnel_length : 73 -> 74
Tick 13170: settings changed
     Setting changed: construction.max_tunnel_length : 74 -> 75
Tick 13176: settings changed
     Setting changed: construction.max_tunnel_length : 75 -> 76
Tick 13182: settings changed
     Setting changed: construction.max_tunnel_length : 76 -> 77
Tick 13188: settings changed
     Setting changed: construction.max_tunnel_length : 77 -> 78
Tick 13194: settings changed
     Setting changed: construction.max_tunnel_length : 78 -> 79
Tick 13200: settings changed
     Setting changed: construction.max_tunnel_length : 79 -> 80
Tick 13206: settings changed
     Setting changed: construction.max_tunnel_length : 80 -> 81
Tick 13212: settings changed
     Setting changed: construction.max_tunnel_length : 81 -> 82
Tick 13218: settings changed
     Setting changed: construction.max_tunnel_length : 82 -> 83
Tick 13224: settings changed
     Setting changed: construction.max_tunnel_length : 83 -> 84
Tick 13230: settings changed
     Setting changed: construction.max_tunnel_length : 84 -> 85
Tick 13236: settings changed
     Setting changed: construction.max_tunnel_length : 85 -> 86
Tick 13242: settings changed
     Setting changed: construction.max_tunnel_length : 86 -> 87
Tick 13248: settings changed
     Setting changed: construction.max_tunnel_length : 87 -> 88
Tick 13254: settings changed
     Setting changed: construction.max_tunnel_length : 88 -> 89
Tick 13260: settings changed
     Setting changed: construction.max_tunnel_length : 89 -> 90
Tick 13266: settings changed
     Setting changed: construction.max_tunnel_length : 90 -> 91
Tick 13272: settings changed
     Setting changed: construction.max_tunnel_length : 91 -> 92
Tick 13278: settings changed
     Setting changed: construction.max_tunnel_length : 92 -> 93
Tick 13284: settings changed
     Setting changed: construction.max_tunnel_length : 93 -> 94
Tick 13290: settings changed
     Setting changed: construction.max_tunnel_length : 94 -> 95
Tick 13296: settings changed
     Setting changed: construction.max_tunnel_length : 95 -> 96
Tick 13302: settings changed
     Setting changed: construction.max_tunnel_length : 96 -> 97
Tick 13308: settings changed
     Setting changed: construction.max_tunnel_length : 97 -> 98
Tick 13314: settings changed
     Setting changed: construction.max_tunnel_length : 98 -> 99
Tick 13320: settings changed
     Setting changed: construction.max_tunnel_length : 99 -> 100
Tick 13326: settings changed
     Setting changed: construction.max_tunnel_length : 100 -> 101
Tick 13332: settings changed
     Setting changed: construction.max_tunnel_length : 101 -> 102
Tick 13338: settings changed
     Setting changed: construction.max_tunnel_length : 102 -> 103
Tick 13344: settings changed
     Setting changed: construction.max_tunnel_length : 103 -> 104
Tick 13350: settings changed
     Setting changed: construction.max_tunnel_length : 104 -> 105
Tick 13356: settings changed
     Setting changed: construction.max_tunnel_length : 105 -> 106
Tick 13362: settings changed
     Setting changed: construction.max_tunnel_length : 106 -> 107
Tick 13368: settings changed
     Setting changed: construction.max_tunnel_length : 107 -> 108
Tick 13374: settings changed
     Setting changed: construction.max_tunnel_length : 108 -> 109
Tick 13380: settings changed
     Setting changed: construction.max_tunnel_length : 109 -> 110
Tick 13386: settings changed
     Setting changed: construction.max_tunnel_length : 110 -> 111
Tick 13392: settings changed
     Setting changed: construction.max_tunnel_length : 111 -> 112
Tick 13398: settings changed
     Setting changed: construction.max_tunnel_length : 112 -> 113
Tick 13404: settings changed
     Setting changed: construction.max_tunnel_length : 113 -> 114
Tick 13410: settings changed
     Setting changed: construction.max_tunnel_length : 114 -> 115
Tick 13416: settings changed
     Setting changed: construction.max_tunnel_length : 115 -> 116
Tick 13422: settings changed
     Setting changed: construction.max_tunnel_length : 116 -> 117
Tick 13428: settings changed
     Setting changed: construction.max_tunnel_length : 117 -> 118
Tick 13434: settings changed
     Setting changed: construction.max_tunnel_length : 118 -> 119
Tick 13440: settings changed
     Setting changed: construction.max_tunnel_length : 119 -> 120
Tick 13446: settings changed
     Setting changed: construction.max_tunnel_length : 120 -> 121
Tick 13452: settings changed
     Setting changed: construction.max_tunnel_length : 121 -> 122
Tick 13458: settings changed
     Setting changed: construction.max_tunnel_length : 122 -> 123
Tick 13464: settings changed
     Setting changed: construction.max_tunnel_length : 123 -> 124
Tick 13470: settings changed
     Setting changed: construction.max_tunnel_length : 124 -> 125
Tick 13476: settings changed
     Setting changed: construction.max_tunnel_length : 125 -> 126
Tick 13482: settings changed
     Setting changed: construction.max_tunnel_length : 126 -> 127
Tick 13488: settings changed
     Setting changed: construction.max_tunnel_length : 127 -> 128
Tick 13494: settings changed
     Setting changed: construction.max_tunnel_length : 128 -> 129
Tick 13529: settings changed
     Setting changed: construction.max_bridge_length : 64 -> 65
Tick 13535: settings changed
     Setting changed: construction.max_bridge_length : 65 -> 66
Tick 13541: settings changed
     Setting changed: construction.max_bridge_length : 66 -> 67
Tick 13547: settings changed
     Setting changed: construction.max_bridge_length : 67 -> 68
Tick 13553: settings changed
     Setting changed: construction.max_bridge_length : 68 -> 69
Tick 13559: settings changed
     Setting changed: construction.max_bridge_length : 69 -> 70
Tick 13565: settings changed
     Setting changed: construction.max_bridge_length : 70 -> 71
Tick 13571: settings changed
     Setting changed: construction.max_bridge_length : 71 -> 72
Tick 13577: settings changed
     Setting changed: construction.max_bridge_length : 72 -> 73
Tick 13583: settings changed
     Setting changed: construction.max_bridge_length : 73 -> 74
Tick 13589: settings changed
     Setting changed: construction.max_bridge_length : 74 -> 75
Tick 13595: settings changed
     Setting changed: construction.max_bridge_length : 75 -> 76
Tick 13601: settings changed
     Setting changed: construction.max_bridge_length : 76 -> 77
Tick 13607: settings changed
     Setting changed: construction.max_bridge_length : 77 -> 78
Tick 13613: settings changed
     Setting changed: construction.max_bridge_length : 78 -> 79
Tick 13619: settings changed
     Setting changed: construction.max_bridge_length : 79 -> 80
Tick 13625: settings changed
     Setting changed: construction.max_bridge_length : 80 -> 81
Tick 13631: settings changed
     Setting changed: construction.max_bridge_length : 81 -> 82
Tick 13637: settings changed
     Setting changed: construction.max_bridge_length : 82 -> 83
Tick 13643: settings changed
     Setting changed: construction.max_bridge_length : 83 -> 84
Tick 13649: settings changed
     Setting changed: construction.max_bridge_length : 84 -> 85
Tick 13655: settings changed
     Setting changed: construction.max_bridge_length : 85 -> 86
Tick 13661: settings changed
     Setting changed: construction.max_bridge_length : 86 -> 87
Tick 13667: settings changed
     Setting changed: construction.max_bridge_length : 87 -> 88
Tick 13673: settings changed
     Setting changed: construction.max_bridge_length : 88 -> 89
Tick 13679: settings changed
     Setting changed: construction.max_bridge_length : 89 -> 90
Tick 13685: settings changed
     Setting changed: construction.max_bridge_length : 90 -> 91
Tick 13691: settings changed
     Setting changed: construction.max_bridge_length : 91 -> 92
Tick 13697: settings changed
     Setting changed: construction.max_bridge_length : 92 -> 93
Tick 13703: settings changed
     Setting changed: construction.max_bridge_length : 93 -> 94
Tick 13709: settings changed
     Setting changed: construction.max_bridge_length : 94 -> 95
Tick 13715: settings changed
     Setting changed: construction.max_bridge_length : 95 -> 96
Tick 13721: settings changed
     Setting changed: construction.max_bridge_length : 96 -> 97
Tick 13727: settings changed
     Setting changed: construction.max_bridge_length : 97 -> 98
Tick 13733: settings changed
     Setting changed: construction.max_bridge_length : 98 -> 99
Tick 13739: settings changed
     Setting changed: construction.max_bridge_length : 99 -> 100
Tick 13745: settings changed
     Setting changed: construction.max_bridge_length : 100 -> 101
Tick 13751: settings changed
     Setting changed: construction.max_bridge_length : 101 -> 102
Tick 13757: settings changed
     Setting changed: construction.max_bridge_length : 102 -> 103
Tick 13763: settings changed
     Setting changed: construction.max_bridge_length : 103 -> 104
Tick 13769: settings changed
     Setting changed: construction.max_bridge_length : 104 -> 105
Tick 13775: settings changed
     Setting changed: construction.max_bridge_length : 105 -> 106
Tick 13781: settings changed
     Setting changed: construction.max_bridge_length : 106 -> 107
Tick 13787: settings changed
     Setting changed: construction.max_bridge_length : 107 -> 108
Tick 13793: settings changed
     Setting changed: construction.max_bridge_length : 108 -> 109
Tick 13799: settings changed
     Setting changed: construction.max_bridge_length : 109 -> 110
Tick 13805: settings changed
     Setting changed: construction.max_bridge_length : 110 -> 111
Tick 13811: settings changed
     Setting changed: construction.max_bridge_length : 111 -> 112
Tick 13817: settings changed
     Setting changed: construction.max_bridge_length : 112 -> 113
Tick 13823: settings changed
     Setting changed: construction.max_bridge_length : 113 -> 114
Tick 13829: settings changed
     Setting changed: construction.max_bridge_length : 114 -> 115
Tick 13835: settings changed
     Setting changed: construction.max_bridge_length : 115 -> 116
Tick 13841: settings changed
     Setting changed: construction.max_bridge_length : 116 -> 117
Tick 13847: settings changed
     Setting changed: construction.max_bridge_length : 117 -> 118
Tick 13853: settings changed
     Setting changed: construction.max_bridge_length : 118 -> 119
Tick 13859: settings changed
     Setting changed: construction.max_bridge_length : 119 -> 120
Tick 13865: settings changed
     Setting changed: construction.max_bridge_length : 120 -> 121
Tick 13871: settings changed
     Setting changed: construction.max_bridge_length : 121 -> 122
Tick 13877: settings changed
     Setting changed: construction.max_bridge_length : 122 -> 123
Tick 13883: settings changed
     Setting changed: construction.max_bridge_length : 123 -> 124
Tick 13889: settings changed
     Setting changed: construction.max_bridge_length : 124 -> 125
Tick 13895: settings changed
     Setting changed: construction.max_bridge_length : 125 -> 126
Tick 13901: settings changed
     Setting changed: construction.max_bridge_length : 126 -> 127
Tick 13907: settings changed
     Setting changed: construction.max_bridge_length : 127 -> 128
Tick 13913: settings changed
     Setting changed: construction.max_bridge_length : 128 -> 129
Tick 13922: settings changed
     Setting changed: construction.max_bridge_length : 129 -> 130
Tick 13928: settings changed
     Setting changed: construction.max_bridge_length : 130 -> 131
Tick 13989: settings changed
     Setting changed: construction.max_bridge_length : 131 -> 130
Tick 14055: settings changed
     Setting changed: construction.max_tunnel_length : 129 -> 130
Tick 28488: game loaded
     Revision text changed to 1.1.3, savegame version 160, not modified, _openttd_newgrf_version = 0x1138599a
Tick 47961: game loaded
     Revision text changed to 1.1.5, savegame version 160, not modified, _openttd_newgrf_version = 0x11585cf6
Tick 23555: settings changed
     Setting changed: vehicle.plane_speed : 4 -> 3
Tick 23561: settings changed
     Setting changed: vehicle.plane_speed : 3 -> 2
Tick 23580: settings changed
     Setting changed: vehicle.plane_speed : 2 -> 1
Tick 24330: settings changed
     Setting changed: construction.max_tunnel_length : 130 -> 131
Tick 24336: settings changed
     Setting changed: construction.max_tunnel_length : 131 -> 132
Tick 24342: settings changed
     Setting changed: construction.max_tunnel_length : 132 -> 133
Tick 24348: settings changed
     Setting changed: construction.max_tunnel_length : 133 -> 134
Tick 24354: settings changed
     Setting changed: construction.max_tunnel_length : 134 -> 135
Tick 24360: settings changed
     Setting changed: construction.max_tunnel_length : 135 -> 136
Tick 24366: settings changed
     Setting changed: construction.max_tunnel_length : 136 -> 137
Tick 24372: settings changed
     Setting changed: construction.max_tunnel_length : 137 -> 138
Tick 24378: settings changed
     Setting changed: construction.max_tunnel_length : 138 -> 139
Tick 24384: settings changed
     Setting changed: construction.max_tunnel_length : 139 -> 140
Tick 24390: settings changed
     Setting changed: construction.max_tunnel_length : 140 -> 141
Tick 24396: settings changed
     Setting changed: construction.max_tunnel_length : 141 -> 142
Tick 24402: settings changed
     Setting changed: construction.max_tunnel_length : 142 -> 143
Tick 24408: settings changed
     Setting changed: construction.max_tunnel_length : 143 -> 144
Tick 24414: settings changed
     Setting changed: construction.max_tunnel_length : 144 -> 145
Tick 24420: settings changed
     Setting changed: construction.max_tunnel_length : 145 -> 146
Tick 24426: settings changed
     Setting changed: construction.max_tunnel_length : 146 -> 147
Tick 24432: settings changed
     Setting changed: construction.max_tunnel_length : 147 -> 148
Tick 24438: settings changed
     Setting changed: construction.max_tunnel_length : 148 -> 149
Tick 24444: settings changed
     Setting changed: construction.max_tunnel_length : 149 -> 150
Tick 24450: settings changed
     Setting changed: construction.max_tunnel_length : 150 -> 151
Tick 24456: settings changed
     Setting changed: construction.max_tunnel_length : 151 -> 152
Tick 24462: settings changed
     Setting changed: construction.max_tunnel_length : 152 -> 153
Tick 24468: settings changed
     Setting changed: construction.max_tunnel_length : 153 -> 154
Tick 24474: settings changed
     Setting changed: construction.max_tunnel_length : 154 -> 155
Tick 24480: settings changed
     Setting changed: construction.max_tunnel_length : 155 -> 156
Tick 24486: settings changed
     Setting changed: construction.max_tunnel_length : 156 -> 157
Tick 24492: settings changed
     Setting changed: construction.max_tunnel_length : 157 -> 158
Tick 24498: settings changed
     Setting changed: construction.max_tunnel_length : 158 -> 159
Tick 24504: settings changed
     Setting changed: construction.max_tunnel_length : 159 -> 160
Tick 24510: settings changed
     Setting changed: construction.max_tunnel_length : 160 -> 161
Tick 24516: settings changed
     Setting changed: construction.max_tunnel_length : 161 -> 162
Tick 24522: settings changed
     Setting changed: construction.max_tunnel_length : 162 -> 163
Tick 24528: settings changed
     Setting changed: construction.max_tunnel_length : 163 -> 164
Tick 24534: settings changed
     Setting changed: construction.max_tunnel_length : 164 -> 165
Tick 24540: settings changed
     Setting changed: construction.max_tunnel_length : 165 -> 166
Tick 24546: settings changed
     Setting changed: construction.max_tunnel_length : 166 -> 167
Tick 24552: settings changed
     Setting changed: construction.max_tunnel_length : 167 -> 168
Tick 24558: settings changed
     Setting changed: construction.max_tunnel_length : 168 -> 169
Tick 24564: settings changed
     Setting changed: construction.max_tunnel_length : 169 -> 170
Tick 24570: settings changed
     Setting changed: construction.max_tunnel_length : 170 -> 171
Tick 24576: settings changed
     Setting changed: construction.max_tunnel_length : 171 -> 172
Tick 24582: settings changed
     Setting changed: construction.max_tunnel_length : 172 -> 173
Tick 24588: settings changed
     Setting changed: construction.max_tunnel_length : 173 -> 174
Tick 24594: settings changed
     Setting changed: construction.max_tunnel_length : 174 -> 175
Tick 24600: settings changed
     Setting changed: construction.max_tunnel_length : 175 -> 176
Tick 24606: settings changed
     Setting changed: construction.max_tunnel_length : 176 -> 177
Tick 24612: settings changed
     Setting changed: construction.max_tunnel_length : 177 -> 178
Tick 24618: settings changed
     Setting changed: construction.max_tunnel_length : 178 -> 179
Tick 24624: settings changed
     Setting changed: construction.max_tunnel_length : 179 -> 180
Tick 24630: settings changed
     Setting changed: construction.max_tunnel_length : 180 -> 181
Tick 24636: settings changed
     Setting changed: construction.max_tunnel_length : 181 -> 182
Tick 24642: settings changed
     Setting changed: construction.max_tunnel_length : 182 -> 183
Tick 24648: settings changed
     Setting changed: construction.max_tunnel_length : 183 -> 184
Tick 24654: settings changed
     Setting changed: construction.max_tunnel_length : 184 -> 185
Tick 24660: settings changed
     Setting changed: construction.max_tunnel_length : 185 -> 186
Tick 24666: settings changed
     Setting changed: construction.max_tunnel_length : 186 -> 187
Tick 24672: settings changed
     Setting changed: construction.max_tunnel_length : 187 -> 188
Tick 24678: settings changed
     Setting changed: construction.max_tunnel_length : 188 -> 189
Tick 24684: settings changed
     Setting changed: construction.max_tunnel_length : 189 -> 190
Tick 24690: settings changed
     Setting changed: construction.max_tunnel_length : 190 -> 191
Tick 24696: settings changed
     Setting changed: construction.max_tunnel_length : 191 -> 192
Tick 24702: settings changed
     Setting changed: construction.max_tunnel_length : 192 -> 193
Tick 24708: settings changed
     Setting changed: construction.max_tunnel_length : 193 -> 194
Tick 24714: settings changed
     Setting changed: construction.max_tunnel_length : 194 -> 195
Tick 24720: settings changed
     Setting changed: construction.max_tunnel_length : 195 -> 196
Tick 24726: settings changed
     Setting changed: construction.max_tunnel_length : 196 -> 197
Tick 24732: settings changed
     Setting changed: construction.max_tunnel_length : 197 -> 198
Tick 24738: settings changed
     Setting changed: construction.max_tunnel_length : 198 -> 199
Tick 24744: settings changed
     Setting changed: construction.max_tunnel_length : 199 -> 200
Tick 24750: settings changed
     Setting changed: construction.max_tunnel_length : 200 -> 201
Tick 24756: settings changed
     Setting changed: construction.max_tunnel_length : 201 -> 202
Tick 24762: settings changed
     Setting changed: construction.max_tunnel_length : 202 -> 203
Tick 24768: settings changed
     Setting changed: construction.max_tunnel_length : 203 -> 204
Tick 24774: settings changed
     Setting changed: construction.max_tunnel_length : 204 -> 205
Tick 24780: settings changed
     Setting changed: construction.max_tunnel_length : 205 -> 206
Tick 24786: settings changed
     Setting changed: construction.max_tunnel_length : 206 -> 207
Tick 24792: settings changed
     Setting changed: construction.max_tunnel_length : 207 -> 208
Tick 24798: settings changed
     Setting changed: construction.max_tunnel_length : 208 -> 209
Tick 24804: settings changed
     Setting changed: construction.max_tunnel_length : 209 -> 210
Tick 24810: settings changed
     Setting changed: construction.max_tunnel_length : 210 -> 211
Tick 24816: settings changed
     Setting changed: construction.max_tunnel_length : 211 -> 212
Tick 24822: settings changed
     Setting changed: construction.max_tunnel_length : 212 -> 213
Tick 24828: settings changed
     Setting changed: construction.max_tunnel_length : 213 -> 214
Tick 24834: settings changed
     Setting changed: construction.max_tunnel_length : 214 -> 215
Tick 24840: settings changed
     Setting changed: construction.max_tunnel_length : 215 -> 216
Tick 24846: settings changed
     Setting changed: construction.max_tunnel_length : 216 -> 217
Tick 24852: settings changed
     Setting changed: construction.max_tunnel_length : 217 -> 218
Tick 24858: settings changed
     Setting changed: construction.max_tunnel_length : 218 -> 219
Tick 24864: settings changed
     Setting changed: construction.max_tunnel_length : 219 -> 220
Tick 24870: settings changed
     Setting changed: construction.max_tunnel_length : 220 -> 221
Tick 24876: settings changed
     Setting changed: construction.max_tunnel_length : 221 -> 222
Tick 24882: settings changed
     Setting changed: construction.max_tunnel_length : 222 -> 223
Tick 24888: settings changed
     Setting changed: construction.max_tunnel_length : 223 -> 224
Tick 24894: settings changed
     Setting changed: construction.max_tunnel_length : 224 -> 225
Tick 24900: settings changed
     Setting changed: construction.max_tunnel_length : 225 -> 226
Tick 24906: settings changed
     Setting changed: construction.max_tunnel_length : 226 -> 227
Tick 24912: settings changed
     Setting changed: construction.max_tunnel_length : 227 -> 228
Tick 24918: settings changed
     Setting changed: construction.max_tunnel_length : 228 -> 229
Tick 24924: settings changed
     Setting changed: construction.max_tunnel_length : 229 -> 230
Tick 24930: settings changed
     Setting changed: construction.max_tunnel_length : 230 -> 231
Tick 24936: settings changed
     Setting changed: construction.max_tunnel_length : 231 -> 232
Tick 24942: settings changed
     Setting changed: construction.max_tunnel_length : 232 -> 233
Tick 24948: settings changed
     Setting changed: construction.max_tunnel_length : 233 -> 234
Tick 24954: settings changed
     Setting changed: construction.max_tunnel_length : 234 -> 235
Tick 24960: settings changed
     Setting changed: construction.max_tunnel_length : 235 -> 236
Tick 24966: settings changed
     Setting changed: construction.max_tunnel_length : 236 -> 237
Tick 24972: settings changed
     Setting changed: construction.max_tunnel_length : 237 -> 238
Tick 24978: settings changed
     Setting changed: construction.max_tunnel_length : 238 -> 239
Tick 24984: settings changed
     Setting changed: construction.max_tunnel_length : 239 -> 240
Tick 24990: settings changed
     Setting changed: construction.max_tunnel_length : 240 -> 241
Tick 24996: settings changed
     Setting changed: construction.max_tunnel_length : 241 -> 242
Tick 25002: settings changed
     Setting changed: construction.max_tunnel_length : 242 -> 243
Tick 25008: settings changed
     Setting changed: construction.max_tunnel_length : 243 -> 244
Tick 25014: settings changed
     Setting changed: construction.max_tunnel_length : 244 -> 245
Tick 25020: settings changed
     Setting changed: construction.max_tunnel_length : 245 -> 246
Tick 25026: settings changed
     Setting changed: construction.max_tunnel_length : 246 -> 247
Tick 25032: settings changed
     Setting changed: construction.max_tunnel_length : 247 -> 248
Tick 25038: settings changed
     Setting changed: construction.max_tunnel_length : 248 -> 249
Tick 25044: settings changed
     Setting changed: construction.max_tunnel_length : 249 -> 250
Tick 25050: settings changed
     Setting changed: construction.max_tunnel_length : 250 -> 251
Tick 25056: settings changed
     Setting changed: construction.max_tunnel_length : 251 -> 252
Tick 25062: settings changed
     Setting changed: construction.max_tunnel_length : 252 -> 253
Tick 25068: settings changed
     Setting changed: construction.max_tunnel_length : 253 -> 254
Tick 25074: settings changed
     Setting changed: construction.max_tunnel_length : 254 -> 255
Tick 25080: settings changed
     Setting changed: construction.max_tunnel_length : 255 -> 256
Tick 25086: settings changed
     Setting changed: construction.max_tunnel_length : 256 -> 257
Tick 25092: settings changed
     Setting changed: construction.max_tunnel_length : 257 -> 258
Tick 25098: settings changed
     Setting changed: construction.max_tunnel_length : 258 -> 259
Tick 25104: settings changed
     Setting changed: construction.max_tunnel_length : 259 -> 260
Tick 25110: settings changed
     Setting changed: construction.max_tunnel_length : 260 -> 261
Tick 25116: settings changed
     Setting changed: construction.max_tunnel_length : 261 -> 262
Tick 25122: settings changed
     Setting changed: construction.max_tunnel_length : 262 -> 263
Tick 25128: settings changed
     Setting changed: construction.max_tunnel_length : 263 -> 264
Tick 25134: settings changed
     Setting changed: construction.max_tunnel_length : 264 -> 265
Tick 25140: settings changed
     Setting changed: construction.max_tunnel_length : 265 -> 266
Tick 25146: settings changed
     Setting changed: construction.max_tunnel_length : 266 -> 267
Tick 25152: settings changed
     Setting changed: construction.max_tunnel_length : 267 -> 268
Tick 25158: settings changed
     Setting changed: construction.max_tunnel_length : 268 -> 269
Tick 25164: settings changed
     Setting changed: construction.max_tunnel_length : 269 -> 270
Tick 25170: settings changed
     Setting changed: construction.max_tunnel_length : 270 -> 271
Tick 25176: settings changed
     Setting changed: construction.max_tunnel_length : 271 -> 272
Tick 25182: settings changed
     Setting changed: construction.max_tunnel_length : 272 -> 273
Tick 25188: settings changed
     Setting changed: construction.max_tunnel_length : 273 -> 274
Tick 25195: settings changed
     Setting changed: construction.max_tunnel_length : 274 -> 275
Tick 25202: settings changed
     Setting changed: construction.max_tunnel_length : 275 -> 276
Tick 25208: settings changed
     Setting changed: construction.max_tunnel_length : 276 -> 277
Tick 25214: settings changed
     Setting changed: construction.max_tunnel_length : 277 -> 278
Tick 25220: settings changed
     Setting changed: construction.max_tunnel_length : 278 -> 279
Tick 25226: settings changed
     Setting changed: construction.max_tunnel_length : 279 -> 280
Tick 25232: settings changed
     Setting changed: construction.max_tunnel_length : 280 -> 281
Tick 25238: settings changed
     Setting changed: construction.max_tunnel_length : 281 -> 282
Tick 25244: settings changed
     Setting changed: construction.max_tunnel_length : 282 -> 283
Tick 25250: settings changed
     Setting changed: construction.max_tunnel_length : 283 -> 284
Tick 25256: settings changed
     Setting changed: construction.max_tunnel_length : 284 -> 285
Tick 25262: settings changed
     Setting changed: construction.max_tunnel_length : 285 -> 286
Tick 25268: settings changed
     Setting changed: construction.max_tunnel_length : 286 -> 287
Tick 25274: settings changed
     Setting changed: construction.max_tunnel_length : 287 -> 288
Tick 25280: settings changed
     Setting changed: construction.max_tunnel_length : 288 -> 289
Tick 25286: settings changed
     Setting changed: construction.max_tunnel_length : 289 -> 290
Tick 25292: settings changed
     Setting changed: construction.max_tunnel_length : 290 -> 291
Tick 25298: settings changed
     Setting changed: construction.max_tunnel_length : 291 -> 292
Tick 25304: settings changed
     Setting changed: construction.max_tunnel_length : 292 -> 293
Tick 25310: settings changed
     Setting changed: construction.max_tunnel_length : 293 -> 294
Tick 25316: settings changed
     Setting changed: construction.max_tunnel_length : 294 -> 295
Tick 25322: settings changed
     Setting changed: construction.max_tunnel_length : 295 -> 296
Tick 25328: settings changed
     Setting changed: construction.max_tunnel_length : 296 -> 297
Tick 25334: settings changed
     Setting changed: construction.max_tunnel_length : 297 -> 298
Tick 25340: settings changed
     Setting changed: construction.max_tunnel_length : 298 -> 299
Tick 25346: settings changed
     Setting changed: construction.max_tunnel_length : 299 -> 300
Tick 25352: settings changed
     Setting changed: construction.max_tunnel_length : 300 -> 301
Tick 25358: settings changed
     Setting changed: construction.max_tunnel_length : 301 -> 302
Tick 25364: settings changed
     Setting changed: construction.max_tunnel_length : 302 -> 303
Tick 25370: settings changed
     Setting changed: construction.max_tunnel_length : 303 -> 304
Tick 25376: settings changed
     Setting changed: construction.max_tunnel_length : 304 -> 305
Tick 25382: settings changed
     Setting changed: construction.max_tunnel_length : 305 -> 306
Tick 25388: settings changed
     Setting changed: construction.max_tunnel_length : 306 -> 307
Tick 25394: settings changed
     Setting changed: construction.max_tunnel_length : 307 -> 308
Tick 25400: settings changed
     Setting changed: construction.max_tunnel_length : 308 -> 309
Tick 25406: settings changed
     Setting changed: construction.max_tunnel_length : 309 -> 310
Tick 25412: settings changed
     Setting changed: construction.max_tunnel_length : 310 -> 311
Tick 25418: settings changed
     Setting changed: construction.max_tunnel_length : 311 -> 312
Tick 25424: settings changed
     Setting changed: construction.max_tunnel_length : 312 -> 313
Tick 25430: settings changed
     Setting changed: construction.max_tunnel_length : 313 -> 314
Tick 25436: settings changed
     Setting changed: construction.max_tunnel_length : 314 -> 315
Tick 25442: settings changed
     Setting changed: construction.max_tunnel_length : 315 -> 316
Tick 25448: settings changed
     Setting changed: construction.max_tunnel_length : 316 -> 317
Tick 25454: settings changed
     Setting changed: construction.max_tunnel_length : 317 -> 318
Tick 25460: settings changed
     Setting changed: construction.max_tunnel_length : 318 -> 319
Tick 25466: settings changed
     Setting changed: construction.max_tunnel_length : 319 -> 320
Tick 25472: settings changed
     Setting changed: construction.max_tunnel_length : 320 -> 321
Tick 25478: settings changed
     Setting changed: construction.max_tunnel_length : 321 -> 322
Tick 25484: settings changed
     Setting changed: construction.max_tunnel_length : 322 -> 323
Tick 25490: settings changed
     Setting changed: construction.max_tunnel_length : 323 -> 324
Tick 25496: settings changed
     Setting changed: construction.max_tunnel_length : 324 -> 325
Tick 25502: settings changed
     Setting changed: construction.max_tunnel_length : 325 -> 326
Tick 25508: settings changed
     Setting changed: construction.max_tunnel_length : 326 -> 327
Tick 25514: settings changed
     Setting changed: construction.max_tunnel_length : 327 -> 328
Tick 25520: settings changed
     Setting changed: construction.max_tunnel_length : 328 -> 329
Tick 25526: settings changed
     Setting changed: construction.max_tunnel_length : 329 -> 330
Tick 25532: settings changed
     Setting changed: construction.max_tunnel_length : 330 -> 331
Tick 25538: settings changed
     Setting changed: construction.max_tunnel_length : 331 -> 332
Tick 25544: settings changed
     Setting changed: construction.max_tunnel_length : 332 -> 333
Tick 25550: settings changed
     Setting changed: construction.max_tunnel_length : 333 -> 334
Tick 25556: settings changed
     Setting changed: construction.max_tunnel_length : 334 -> 335
Tick 25562: settings changed
     Setting changed: construction.max_tunnel_length : 335 -> 336
Tick 25568: settings changed
     Setting changed: construction.max_tunnel_length : 336 -> 337
Tick 25574: settings changed
     Setting changed: construction.max_tunnel_length : 337 -> 338
Tick 25580: settings changed
     Setting changed: construction.max_tunnel_length : 338 -> 339
Tick 25960: settings changed
     Setting changed: construction.max_tunnel_length : 339 -> 340
Tick 25966: settings changed
     Setting changed: construction.max_tunnel_length : 340 -> 341
Tick 25972: settings changed
     Setting changed: construction.max_tunnel_length : 341 -> 342
Tick 25978: settings changed
     Setting changed: construction.max_tunnel_length : 342 -> 343
Tick 25984: settings changed
     Setting changed: construction.max_tunnel_length : 343 -> 344
Tick 25990: settings changed
     Setting changed: construction.max_tunnel_length : 344 -> 345
Tick 25996: settings changed
     Setting changed: construction.max_tunnel_length : 345 -> 346
Tick 26002: settings changed
     Setting changed: construction.max_tunnel_length : 346 -> 347
Tick 26008: settings changed
     Setting changed: construction.max_tunnel_length : 347 -> 348
Tick 26014: settings changed
     Setting changed: construction.max_tunnel_length : 348 -> 349
Tick 26020: settings changed
     Setting changed: construction.max_tunnel_length : 349 -> 350
Tick 26026: settings changed
     Setting changed: construction.max_tunnel_length : 350 -> 351
Tick 26032: settings changed
     Setting changed: construction.max_tunnel_length : 351 -> 352
Tick 26038: settings changed
     Setting changed: construction.max_tunnel_length : 352 -> 353
Tick 26045: settings changed
     Setting changed: construction.max_tunnel_length : 353 -> 354
Tick 26051: settings changed
     Setting changed: construction.max_tunnel_length : 354 -> 355
Tick 26057: settings changed
     Setting changed: construction.max_tunnel_length : 355 -> 356
Tick 26063: settings changed
     Setting changed: construction.max_tunnel_length : 356 -> 357
Tick 26070: settings changed
     Setting changed: construction.max_tunnel_length : 357 -> 358
Tick 26076: settings changed
     Setting changed: construction.max_tunnel_length : 358 -> 359
Tick 26082: settings changed
     Setting changed: construction.max_tunnel_length : 359 -> 360
Tick 26089: settings changed
     Setting changed: construction.max_tunnel_length : 360 -> 361
Tick 26095: settings changed
     Setting changed: construction.max_tunnel_length : 361 -> 362
Tick 26101: settings changed
     Setting changed: construction.max_tunnel_length : 362 -> 363
Tick 26107: settings changed
     Setting changed: construction.max_tunnel_length : 363 -> 364
Tick 26107: settings changed
     Setting changed: station.never_expire_airports : 0 -> 1
Tick 26420: settings changed
     Setting changed: construction.max_tunnel_length : 364 -> 365
Tick 26451: settings changed
     Setting changed: construction.max_tunnel_length : 365 -> 366
Tick 26457: settings changed
     Setting changed: construction.max_tunnel_length : 366 -> 367
Tick 26463: settings changed
     Setting changed: construction.max_tunnel_length : 367 -> 368
Tick 26469: settings changed
     Setting changed: construction.max_tunnel_length : 368 -> 369
Tick 26475: settings changed
     Setting changed: construction.max_tunnel_length : 369 -> 370
Tick 26481: settings changed
     Setting changed: construction.max_tunnel_length : 370 -> 371
Tick 26487: settings changed
     Setting changed: construction.max_tunnel_length : 371 -> 372
Tick 26493: settings changed
     Setting changed: construction.max_tunnel_length : 372 -> 373
Tick 26499: settings changed
     Setting changed: construction.max_tunnel_length : 373 -> 374
Tick 26505: settings changed
     Setting changed: construction.max_tunnel_length : 374 -> 375
Tick 26511: settings changed
     Setting changed: construction.max_tunnel_length : 375 -> 376
Tick 26517: settings changed
     Setting changed: construction.max_tunnel_length : 376 -> 377
Tick 26523: settings changed
     Setting changed: construction.max_tunnel_length : 377 -> 378
Tick 26529: settings changed
     Setting changed: construction.max_tunnel_length : 378 -> 379
Tick 26535: settings changed
     Setting changed: construction.max_tunnel_length : 379 -> 380
Tick 26541: settings changed
     Setting changed: construction.max_tunnel_length : 380 -> 381
Tick 26547: settings changed
     Setting changed: construction.max_tunnel_length : 381 -> 382
Tick 26553: settings changed
     Setting changed: construction.max_tunnel_length : 382 -> 383
Tick 26559: settings changed
     Setting changed: construction.max_tunnel_length : 383 -> 384
Tick 26565: settings changed
     Setting changed: construction.max_tunnel_length : 384 -> 385
Tick 26571: settings changed
     Setting changed: construction.max_tunnel_length : 385 -> 386
Tick 26577: settings changed
     Setting changed: construction.max_tunnel_length : 386 -> 387
Tick 26583: settings changed
     Setting changed: construction.max_tunnel_length : 387 -> 388
Tick 26589: settings changed
     Setting changed: construction.max_tunnel_length : 388 -> 389
Tick 26595: settings changed
     Setting changed: construction.max_tunnel_length : 389 -> 390
Tick 26601: settings changed
     Setting changed: construction.max_tunnel_length : 390 -> 391
Tick 26607: settings changed
     Setting changed: construction.max_tunnel_length : 391 -> 392
Tick 26613: settings changed
     Setting changed: construction.max_tunnel_length : 392 -> 393
Tick 26619: settings changed
     Setting changed: construction.max_tunnel_length : 393 -> 394
Tick 26625: settings changed
     Setting changed: construction.max_tunnel_length : 394 -> 395
Tick 26631: settings changed
     Setting changed: construction.max_tunnel_length : 395 -> 396
Tick 26637: settings changed
     Setting changed: construction.max_tunnel_length : 396 -> 397
Tick 26643: settings changed
     Setting changed: construction.max_tunnel_length : 397 -> 398
Tick 26649: settings changed
     Setting changed: construction.max_tunnel_length : 398 -> 399
Tick 26655: settings changed
     Setting changed: construction.max_tunnel_length : 399 -> 400
Tick 26661: settings changed
     Setting changed: construction.max_tunnel_length : 400 -> 401
Tick 26667: settings changed
     Setting changed: construction.max_tunnel_length : 401 -> 402
Tick 26673: settings changed
     Setting changed: construction.max_tunnel_length : 402 -> 403
Tick 26679: settings changed
     Setting changed: construction.max_tunnel_length : 403 -> 404
Tick 26685: settings changed
     Setting changed: construction.max_tunnel_length : 404 -> 405
Tick 26691: settings changed
     Setting changed: construction.max_tunnel_length : 405 -> 406
Tick 26697: settings changed
     Setting changed: construction.max_tunnel_length : 406 -> 407
Tick 26703: settings changed
     Setting changed: construction.max_tunnel_length : 407 -> 408
Tick 26709: settings changed
     Setting changed: construction.max_tunnel_length : 408 -> 409
Tick 26715: settings changed
     Setting changed: construction.max_tunnel_length : 409 -> 410
Tick 26721: settings changed
     Setting changed: construction.max_tunnel_length : 410 -> 411
Tick 26727: settings changed
     Setting changed: construction.max_tunnel_length : 411 -> 412
Tick 26733: settings changed
     Setting changed: construction.max_tunnel_length : 412 -> 413
Tick 26739: settings changed
     Setting changed: construction.max_tunnel_length : 413 -> 414
Tick 26745: settings changed
     Setting changed: construction.max_tunnel_length : 414 -> 415
Tick 26751: settings changed
     Setting changed: construction.max_tunnel_length : 415 -> 416
Tick 26757: settings changed
     Setting changed: construction.max_tunnel_length : 416 -> 417
Tick 26763: settings changed
     Setting changed: construction.max_tunnel_length : 417 -> 418
Tick 26769: settings changed
     Setting changed: construction.max_tunnel_length : 418 -> 419
Tick 26775: settings changed
     Setting changed: construction.max_tunnel_length : 419 -> 420
Tick 26781: settings changed
     Setting changed: construction.max_tunnel_length : 420 -> 421
Tick 26787: settings changed
     Setting changed: construction.max_tunnel_length : 421 -> 422
Tick 26793: settings changed
     Setting changed: construction.max_tunnel_length : 422 -> 423
Tick 26799: settings changed
     Setting changed: construction.max_tunnel_length : 423 -> 424
Tick 26805: settings changed
     Setting changed: construction.max_tunnel_length : 424 -> 425
Tick 26811: settings changed
     Setting changed: construction.max_tunnel_length : 425 -> 426
Tick 26817: settings changed
     Setting changed: construction.max_tunnel_length : 426 -> 427
Tick 26823: settings changed
     Setting changed: construction.max_tunnel_length : 427 -> 428
Tick 26829: settings changed
     Setting changed: construction.max_tunnel_length : 428 -> 429
Tick 26835: settings changed
     Setting changed: construction.max_tunnel_length : 429 -> 430
Tick 26841: settings changed
     Setting changed: construction.max_tunnel_length : 430 -> 431
Tick 26847: settings changed
     Setting changed: construction.max_tunnel_length : 431 -> 432
Tick 26853: settings changed
     Setting changed: construction.max_tunnel_length : 432 -> 433
Tick 26859: settings changed
     Setting changed: construction.max_tunnel_length : 433 -> 434
Tick 26865: settings changed
     Setting changed: construction.max_tunnel_length : 434 -> 435
Tick 26871: settings changed
     Setting changed: construction.max_tunnel_length : 435 -> 436
Tick 26877: settings changed
     Setting changed: construction.max_tunnel_length : 436 -> 437
Tick 26883: settings changed
     Setting changed: construction.max_tunnel_length : 437 -> 438
Tick 26889: settings changed
     Setting changed: construction.max_tunnel_length : 438 -> 439
Tick 26895: settings changed
     Setting changed: construction.max_tunnel_length : 439 -> 440
Tick 26901: settings changed
     Setting changed: construction.max_tunnel_length : 440 -> 441
Tick 26907: settings changed
     Setting changed: construction.max_tunnel_length : 441 -> 442
Tick 26913: settings changed
     Setting changed: construction.max_tunnel_length : 442 -> 443
Tick 26919: settings changed
     Setting changed: construction.max_tunnel_length : 443 -> 444
Tick 26925: settings changed
     Setting changed: construction.max_tunnel_length : 444 -> 445
Tick 26931: settings changed
     Setting changed: construction.max_tunnel_length : 445 -> 446
Tick 26937: settings changed
     Setting changed: construction.max_tunnel_length : 446 -> 447
Tick 26943: settings changed
     Setting changed: construction.max_tunnel_length : 447 -> 448
Tick 26949: settings changed
     Setting changed: construction.max_tunnel_length : 448 -> 449
Tick 26955: settings changed
     Setting changed: construction.max_tunnel_length : 449 -> 450
Tick 26961: settings changed
     Setting changed: construction.max_tunnel_length : 450 -> 451
Tick 26967: settings changed
     Setting changed: construction.max_tunnel_length : 451 -> 452
Tick 26973: settings changed
     Setting changed: construction.max_tunnel_length : 452 -> 453
Tick 26979: settings changed
     Setting changed: construction.max_tunnel_length : 453 -> 454
Tick 26985: settings changed
     Setting changed: construction.max_tunnel_length : 454 -> 455
Tick 26991: settings changed
     Setting changed: construction.max_tunnel_length : 455 -> 456
Tick 26997: settings changed
     Setting changed: construction.max_tunnel_length : 456 -> 457
Tick 27003: settings changed
     Setting changed: construction.max_tunnel_length : 457 -> 458
Tick 27009: settings changed
     Setting changed: construction.max_tunnel_length : 458 -> 459
Tick 27015: settings changed
     Setting changed: construction.max_tunnel_length : 459 -> 460
Tick 27021: settings changed
     Setting changed: construction.max_tunnel_length : 460 -> 461
Tick 27027: settings changed
     Setting changed: construction.max_tunnel_length : 461 -> 462
Tick 27033: settings changed
     Setting changed: construction.max_tunnel_length : 462 -> 463
Tick 27039: settings changed
     Setting changed: construction.max_tunnel_length : 463 -> 464
Tick 27045: settings changed
     Setting changed: construction.max_tunnel_length : 464 -> 465
Tick 27051: settings changed
     Setting changed: construction.max_tunnel_length : 465 -> 466
Tick 27057: settings changed
     Setting changed: construction.max_tunnel_length : 466 -> 467
Tick 27063: settings changed
     Setting changed: construction.max_tunnel_length : 467 -> 468
Tick 27069: settings changed
     Setting changed: construction.max_tunnel_length : 468 -> 469
Tick 27075: settings changed
     Setting changed: construction.max_tunnel_length : 469 -> 470
Tick 27081: settings changed
     Setting changed: construction.max_tunnel_length : 470 -> 471
Tick 27087: settings changed
     Setting changed: construction.max_tunnel_length : 471 -> 472
Tick 27093: settings changed
     Setting changed: construction.max_tunnel_length : 472 -> 473
Tick 27099: settings changed
     Setting changed: construction.max_tunnel_length : 473 -> 474
Tick 27105: settings changed
     Setting changed: construction.max_tunnel_length : 474 -> 475
Tick 27111: settings changed
     Setting changed: construction.max_tunnel_length : 475 -> 476
Tick 27117: settings changed
     Setting changed: construction.max_tunnel_length : 476 -> 477
Tick 27123: settings changed
     Setting changed: construction.max_tunnel_length : 477 -> 478
Tick 27129: settings changed
     Setting changed: construction.max_tunnel_length : 478 -> 479
Tick 27135: settings changed
     Setting changed: construction.max_tunnel_length : 479 -> 480
Tick 27141: settings changed
     Setting changed: construction.max_tunnel_length : 480 -> 481
Tick 27147: settings changed
     Setting changed: construction.max_tunnel_length : 481 -> 482
Tick 27153: settings changed
     Setting changed: construction.max_tunnel_length : 482 -> 483
Tick 27159: settings changed
     Setting changed: construction.max_tunnel_length : 483 -> 484
Tick 27165: settings changed
     Setting changed: construction.max_tunnel_length : 484 -> 485
Tick 27171: settings changed
     Setting changed: construction.max_tunnel_length : 485 -> 486
Tick 27177: settings changed
     Setting changed: construction.max_tunnel_length : 486 -> 487
Tick 27183: settings changed
     Setting changed: construction.max_tunnel_length : 487 -> 488
Tick 27189: settings changed
     Setting changed: construction.max_tunnel_length : 488 -> 489
Tick 27195: settings changed
     Setting changed: construction.max_tunnel_length : 489 -> 490
Tick 27201: settings changed
     Setting changed: construction.max_tunnel_length : 490 -> 491
Tick 27207: settings changed
     Setting changed: construction.max_tunnel_length : 491 -> 492
Tick 27213: settings changed
     Setting changed: construction.max_tunnel_length : 492 -> 493
Tick 27219: settings changed
     Setting changed: construction.max_tunnel_length : 493 -> 494
Tick 27225: settings changed
     Setting changed: construction.max_tunnel_length : 494 -> 495
Tick 27231: settings changed
     Setting changed: construction.max_tunnel_length : 495 -> 496
Tick 27237: settings changed
     Setting changed: construction.max_tunnel_length : 496 -> 497
Tick 27243: settings changed
     Setting changed: construction.max_tunnel_length : 497 -> 498
Tick 27249: settings changed
     Setting changed: construction.max_tunnel_length : 498 -> 499
Tick 27255: settings changed
     Setting changed: construction.max_tunnel_length : 499 -> 500
Tick 27261: settings changed
     Setting changed: construction.max_tunnel_length : 500 -> 501
Tick 27267: settings changed
     Setting changed: construction.max_tunnel_length : 501 -> 502
Tick 27273: settings changed
     Setting changed: construction.max_tunnel_length : 502 -> 503
Tick 27279: settings changed
     Setting changed: construction.max_tunnel_length : 503 -> 504
Tick 27285: settings changed
     Setting changed: construction.max_tunnel_length : 504 -> 505
Tick 27291: settings changed
     Setting changed: construction.max_tunnel_length : 505 -> 506
Tick 27297: settings changed
     Setting changed: construction.max_tunnel_length : 506 -> 507
Tick 27303: settings changed
     Setting changed: construction.max_tunnel_length : 507 -> 508
Tick 27309: settings changed
     Setting changed: construction.max_tunnel_length : 508 -> 509
Tick 27315: settings changed
     Setting changed: construction.max_tunnel_length : 509 -> 510
Tick 27321: settings changed
     Setting changed: construction.max_tunnel_length : 510 -> 511
Tick 27327: settings changed
     Setting changed: construction.max_tunnel_length : 511 -> 512
Tick 27333: settings changed
     Setting changed: construction.max_tunnel_length : 512 -> 513
Tick 27339: settings changed
     Setting changed: construction.max_tunnel_length : 513 -> 514
Tick 27345: settings changed
     Setting changed: construction.max_tunnel_length : 514 -> 515
Tick 27351: settings changed
     Setting changed: construction.max_tunnel_length : 515 -> 516
Tick 27357: settings changed
     Setting changed: construction.max_tunnel_length : 516 -> 517
Tick 27363: settings changed
     Setting changed: construction.max_tunnel_length : 517 -> 518
Tick 27369: settings changed
     Setting changed: construction.max_tunnel_length : 518 -> 519
Tick 27375: settings changed
     Setting changed: construction.max_tunnel_length : 519 -> 520
Tick 27381: settings changed
     Setting changed: construction.max_tunnel_length : 520 -> 521
Tick 27387: settings changed
     Setting changed: construction.max_tunnel_length : 521 -> 522
Tick 27393: settings changed
     Setting changed: construction.max_tunnel_length : 522 -> 523
Tick 27399: settings changed
     Setting changed: construction.max_tunnel_length : 523 -> 524
Tick 27405: settings changed
     Setting changed: construction.max_tunnel_length : 524 -> 525
Tick 27411: settings changed
     Setting changed: construction.max_tunnel_length : 525 -> 526
Tick 27417: settings changed
     Setting changed: construction.max_tunnel_length : 526 ->