*** OpenTTD Crash Report ***

Crash at: Sat Apr 10 07:53:48 2010
In game date: 1980-01-01 (0)

Crash reason:
 Signal:  Segmentation fault (11)
 Message: <none>

OpenTTD version:
 Version:    1.0.0 (2)
 NewGRF ver: 10084c4a
 Bits:       32
 Endian:     little
 Dedicated:  yes
 Build date: Apr  3 2010 14:53:25

Stacktrace:
 [00] ./openttd(_ZNK12CrashLogUnix13LogStacktraceEPcPKc+0x45) [0x82545d5]
 [01] ./openttd(_ZNK8CrashLog12FillCrashLogEPcPKc+0x103) [0x81a3b13]
 [02] ./openttd(_ZNK8CrashLog12MakeCrashLogEv+0x93) [0x81a3c33]
 [03] ./openttd [0x825451a]
 [04] [0xb7fe6420]
 [05] ./openttd(_Z19CompaniesYearlyLoopv+0xae) [0x819214e]
 [06] ./openttd(_Z12IncreaseDatev+0x129) [0x81a4349]
 [07] ./openttd(_Z13StateGameLoopv+0x2d1) [0x8245e61]
 [08] ./openttd(_Z15NetworkGameLoopv+0x5bc) [0x820cc6c]
 [09] ./openttd(_Z8GameLoopv+0x1e5) [0x8246d95]
 [10] ./openttd(_ZN21VideoDriver_Dedicated8MainLoopEv+0xcf) [0x832dcbf]
 [11] ./openttd(_Z8ttd_mainiPPc+0x1064) [0x8247e34]
 [12] ./openttd(main+0x58) [0x8254878]
 [13] /lib/tls/libc.so.6(__libc_start_main+0xc8) [0xb7d4aea8]
 [14] ./openttd(__gxx_personality_v0+0xb9) [0x80d52c1]

Operating system:
 Name:     Linux
 Release:  2.6.18.1.20061115-ralph.33.p4
 Version:  #1 SMP PREEMPT Wed Nov 15 19:43:27 CET 2006
 Machine:  i686
 Compiler: GCC 4.1.2 "4.1.2 20061115 (prerelease) (Debian 4.1.1-21)"

Configuration:
 Blitter:      8bpp-optimized
 Graphics set: OpenGFX
 Language:     english.lng
 Music driver: null
 Music set:    NoMusic
 Network:      server
 Sound driver: null
 Sound set:    OpenSFX
 Video driver: dedicated

AI Configuration (local: 0):
  1: Human
  2: Human
  3: Human
  4: Human
  5: Human
  6: Human
  7: Human
  8: Human
  9: Human
 11: Human
 13: Human

Libraries:
 LZO:        2.02
 PNG:        1.2.15beta5
 Zlib:       1.2.3

---- gamelog start ----
Tick 0: new game started
     Revision text changed to 1.0.0, savegame version 138, modified, _openttd_newgrf_version = 0x10084c4a
     New game mode: 1 landscape: 1
---- gamelog end ----

*** End of OpenTTD Crash Report ***
