*** OpenTTD Crash Report ***
Date: 2009-08-09 14:20:11
Build: 0.7.2 (0) built on Jul 31 2009 22:53:33
Language: english.lng
Exception C0000005 at 005832C7
Registers:
 EAX: 0003F000 EBX: FFFFFFF8 ECX: 00000000 EDX: 00BF83B0
 ESI: 0013F968 EDI: 00000000 EBP: 0013F940 ESP: 0013F918
 EIP: 005832C7 EFLAGS: 00010206

Bytes at CS:EIP:
 85 00 EB E9 6A 0C 68 A0 FC 63 00 E8 55 13 00 00 33 DB 89 5D E4 33 C0 8B

Stack trace: 
 00000000 004F3205 00000000 00004572 06865AB8 FFFFFFFF 00000001 00000200
 00BF8390 0013F994 0013F994 00430564 0013F968 0043033E 00004572 00000000
 00006AEE 00000000 00003940 0000084C 00000000 00000000 05B61F70 000000E0
 000000A0 00000050 00000000 0043033E 0013FFB0 0059BB4F 00000001 0013F9B0
 00430A57 00622E10 00006AEE 00000000 00003060 05B52140 0013F9E0 00439BF3
 05B52140 00000000 00001183 000011BE 0000697C 0000697C 000011C0 00006998
 000011C0 00006998 0013FA28 00501E71 40006AEE 00000313 00000010 00000010
 00000030 00000008 00000000 00000000 00000000 00000000 00000000 00000002
 0013FAC0 0000696F 00000313 00000313 0013FA90 00501F53 0013FAC0 00000000
 000000BD 000000BD 02B30020 00000000 00000000 00000000 00000000 00000000
 00000000 00006998 00001180 00006998 01E0A150 001CA306 01F6B698 000000BD
 00000000 005016E3 00501706 0050172C 005019FA 0047AAC0 0013FAC0 00498103
 000000BD 000030B0 000038F0 0013FAF8 0000000B 0043A51B 0013FBF0 0069D4F0
 05197A10 00000000 00003060 00003940 00000000 001CA306 00000008 00000008
 01E42E80 00000003 0000000B 0013FB0C 0043B0A5 00003060 00003940 01D56600
 0013FB18 0043B413 00000000 05197A10 00001227 FFFFFFFF 0013FBF0 000001AB
 0013FB44 0043B68A 0000107D 00006976 000003BC 0013FBF0 000003BA 00000081
 000001AB 00006978 00000081 0013FB74 0043B722 000003BA 00000355 000003BC
 00000005 05187F88 00000002 00000006 00000378 00000400 000001AB 00000000
 0045B953 05187F88 05187F88 0013FBF0 0013FB94 00000044 01900000 0013FBAC
 004403F3 05187F88 000003BC 000003C8 00000180 0013FBD0 0044038C 00000378
 00000380 000003BC 000003C8 05187F88 00000380 00000180 0013FC10 00418CE1
 000003BC 00000380 00000140 00000500 00000014 00000180 01D56600 00000180
 00000378 00000200 00000044 00000500 00000000 002F6155 0013FC48 00418E47

Module information:
 D:\Open TTD\openttd.exe handle: 00400000 size: 2524672 crc: 30F92EB7 date: 2009-07-31 22:56:32
 C:\WINDOWS\system32\ntdll.dll handle: 7C900000 size: 706048 crc: 49E7F5EF date: 2007-11-30 18:54:58
 C:\WINDOWS\system32\kernel32.dll handle: 7C800000 size: 989696 crc: 8CC3D5AF date: 2007-11-30 18:55:40
 C:\WINDOWS\system32\WINMM.dll handle: 76B40000 size: 176128 crc: 8670C758 date: 2007-11-30 18:56:08
 C:\WINDOWS\system32\ADVAPI32.dll handle: 77DD0000 size: 617472 crc: 13B4679B date: 2007-11-30 18:55:28
 C:\WINDOWS\system32\RPCRT4.dll handle: 77E70000 size: 584704 crc: 6CA8AF87 date: 2007-11-30 18:55:52
 C:\WINDOWS\system32\Secur32.dll handle: 77FE0000 size: 56320 crc: F51A966E date: 2007-11-30 18:55:54
 C:\WINDOWS\system32\GDI32.dll handle: 77F10000 size: 284672 crc: C486C145 date: 2007-11-30 18:55:38
 C:\WINDOWS\system32\USER32.dll handle: 7E410000 size: 578560 crc: D5D27890 date: 2007-11-30 18:56:08
 C:\WINDOWS\system32\WS2_32.dll handle: 71AB0000 size: 82432 crc: 43EA2954 date: 2007-11-30 18:56:08
 C:\WINDOWS\system32\msvcrt.dll handle: 77C10000 size: 343040 crc: 6A5D5C71 date: 2007-11-30 18:55:48
 C:\WINDOWS\system32\WS2HELP.dll handle: 71AA0000 size: 19968 crc: 77724DDC date: 2007-11-30 18:56:08
 C:\WINDOWS\system32\SHELL32.dll handle: 7C9C0000 size: 8461312 crc: A20C81A1 date: 2007-11-30 18:55:54
 C:\WINDOWS\system32\SHLWAPI.dll handle: 77F60000 size: 474112 crc: 521D0CB3 date: 2006-09-23 07:42:50
 C:\WINDOWS\system32\IMM32.DLL handle: 76390000 size: 110080 crc: A425CABA date: 2007-11-30 18:55:40
 C:\WINDOWS\WinSxS\x86_Microsoft.Windows.Common-Controls_6595b64144ccf1df_6.0.2600.3264_x-ww_d751ffbf\comctl32.dll handle: 773D0000 size: 1054208 crc: DB9C8EC1 date: 2007-11-30 18:57:12
 C:\WINDOWS\system32\comctl32.dll handle: 5D090000 size: 617472 crc: EE72E351 date: 2007-11-30 18:55:32
 C:\WINDOWS\system32\SHFolder.dll handle: 76780000 size: 25088 crc: 94D2DE9C date: 2007-11-30 18:55:56
 C:\WINDOWS\system32\WINTRUST.dll handle: 76C30000 size: 176640 crc: BB78F515 date: 2007-11-30 18:56:08
 C:\WINDOWS\system32\CRYPT32.dll handle: 77A80000 size: 599040 crc: 4AF3E1C6 date: 2007-11-30 18:55:32
 C:\WINDOWS\system32\MSASN1.dll handle: 77B20000 size: 57344 crc: 3C3CD56C date: 2007-11-30 18:55:44
 C:\WINDOWS\system32\IMAGEHLP.dll handle: 76C90000 size: 144384 crc: 495BA31C date: 2007-11-30 18:55:40
 C:\WINDOWS\system32\wdmaud.drv handle: 72D20000 size: 23552 crc: 4DDE09FB date: 2007-11-30 18:57:06
 C:\WINDOWS\system32\msacm32.drv handle: 72D10000 size: 20480 crc: D5406BAE date: 2006-02-28 06:30:00
 C:\WINDOWS\system32\MSACM32.dll handle: 77BE0000 size: 71680 crc: 9C4B5853 date: 2007-11-30 18:55:44
 C:\WINDOWS\system32\midimap.dll handle: 77BD0000 size: 18944 crc: 4759010B date: 2007-11-30 18:55:42
 C:\WINDOWS\system32\ole32.dll handle: 774E0000 size: 1287168 crc: 885E1A3F date: 2007-11-30 18:55:50
 C:\WINDOWS\system32\uxtheme.dll handle: 5AD70000 size: 218624 crc: BEB6B7C1 date: 2007-11-30 18:56:08
 C:\DOCUME~1\PRAVIN~1\LOCALS~1\Temp\IadHide5.dll handle: 10000000 size: 24613 crc: 00DA0BB6 date: 2004-02-11 11:28:16
 C:\Program Files\Real\RealPlayer\rpchromebrowserrecordhelper.dll handle: 60000000 size: 8704 crc: 61B91934 date: 2009-06-22 16:47:54
 C:\WINDOWS\system32\MSVCR71.dll handle: 7C340000 size: 348160 crc: 35563170 date: 2009-04-01 14:43:38
 C:\WINDOWS\system32\MSCTF.dll handle: 74720000 size: 297984 crc: 4C313A91 date: 2007-11-30 18:55:44
 C:\WINDOWS\system32\CLBCATQ.DLL handle: 76FD0000 size: 498688 crc: 84D1696F date: 2007-11-30 18:55:30
 C:\WINDOWS\system32\COMRes.dll handle: 77050000 size: 792064 crc: 2FD8DF9E date: 2007-11-30 18:55:32
 C:\WINDOWS\system32\OLEAUT32.dll handle: 77120000 size: 551936 crc: B2CC2EEC date: 2007-11-30 18:55:50
 C:\WINDOWS\system32\VERSION.dll handle: 77C00000 size: 18944 crc: 7475150D date: 2007-11-30 18:56:08
 C:\WINDOWS\system32\dmime.dll handle: 5C570000 size: 181248 crc: 6BEA0CD9 date: 2007-11-30 18:55:34
 C:\WINDOWS\system32\DSOUND.dll handle: 73F10000 size: 367616 crc: 5B056CD2 date: 2007-11-30 18:55:34
 C:\WINDOWS\system32\dmusic.dll handle: 6C980000 size: 104448 crc: BEE780CE date: 2007-11-30 18:55:34
 C:\WINDOWS\system32\KsUser.dll handle: 73EE0000 size: 4096 crc: 560CE5B2 date: 2007-11-30 18:55:40
 C:\WINDOWS\system32\dmsynth.dll handle: 6C9A0000 size: 103424 crc: E088BB0A date: 2007-11-30 18:55:34
 C:\WINDOWS\system32\dmloader.dll handle: 6CA10000 size: 35840 crc: CB28E1AF date: 2007-11-30 18:55:34
 C:\WINDOWS\system32\apphelp.dll handle: 77B40000 size: 125952 crc: F4381EA5 date: 2007-11-30 18:55:30
 C:\WINDOWS\system32\msctfime.ime handle: 755C0000 size: 177152 crc: 3B6DED55 date: 2007-11-30 18:52:54
 C:\WINDOWS\system32\mswsock.dll handle: 71A50000 size: 245248 crc: B692A864 date: 2007-11-30 18:55:48
 C:\WINDOWS\system32\hnetcfg.dll handle: 662B0000 size: 344064 crc: E878EDA3 date: 2007-11-30 18:55:38
 C:\WINDOWS\System32\wshtcpip.dll handle: 71A90000 size: 19456 crc: 3A2D57CF date: 2007-11-30 18:56:10
 C:\WINDOWS\system32\psapi.dll handle: 76BF0000 size: 23040 crc: AA207A4B date: 2007-11-30 18:55:52

System information:
 Windows version 5.1 2600 Service Pack 3, v.3264

---- gamelog start ----
Tick 0: new game started
     Revision text changed to 0.7.2, savegame version 116, not modified, _openttd_newgrf_version = 0x07284272
     New game mode: 1 landscape: 0
     Added NewGRF: GRF ID 6D620900, checksum 923A716E2E8F22D61659B94C003C7CD5, filename: ottdc_grfpack\2_landscape\rivers\riversw.grf
     Added NewGRF: GRF ID 4D470501, checksum 921D08A4B3430BDCC14715B6A1288350, filename: ottdc_grfpack\0_info.grf
     Added NewGRF: GRF ID 52571201, checksum C1C7D8C53EB7E74EEE2F0EF29638B466, filename: egrvts.grf
     Added NewGRF: GRF ID 4D656F81, checksum 3A08DBE418480AD59F381AE31B7716D2, filename: NewMonorailMrHuntW.grf
     Added NewGRF: GRF ID 4A5A0105, checksum 9A4E23F60D9E2156AF2C98DA1C210BC9, filename: tto_full_conversion.1.4.1\fttoc.grf
     Added NewGRF: GRF ID 74672323, checksum 2388CBCC3357D3BB7A2644BC6DA4D297, filename: ottdc_grfpack\4_infrastructure\transrapidtrackset\z\transrapidbridge2.grf
     Added NewGRF: GRF ID 62636D66, checksum 168E67BDDD3826A8D9C89949415C59B1, filename: medfontcond.grf
     Added NewGRF: GRF ID 62636D77, checksum EAD5F2EC7D4840C4BC3D132DA247397F, filename: monolevwagons.grf
     Added NewGRF: GRF ID 6D77786E, checksum 48D516C07DA983AFFAC54B03D6EC79B2, filename: monolevwagonsxtn.grf
     Added NewGRF: GRF ID 62636D62, checksum 48002AA5EAE7AE221274371213D75846, filename: morebuildings.grf
     Added NewGRF: GRF ID 62636E62, checksum 81E7724A80E0A4119749B3F5305B86F8, filename: newbuildings022.grf
     Added NewGRF: GRF ID 62636871, checksum EC15BD9ED9068DBED10F4EFFDDEB9766, filename: hq.grf
     Added NewGRF: GRF ID 62636C6D, checksum 76D5180E5839180A5C42DF285C14B320, filename: ottdc_grfpack\1_other\OpenGFX\lumbermill.grf
     Added NewGRF: GRF ID 62636E73, checksum 23AB17EAF57E0AE2DFB196870E63D4C1, filename: OpenGFX_NewShips_v0.1.grf
     Added NewGRF: GRF ID 62636E74, checksum 46430FD8C4D5E11C63B225A0EAA1C1A0, filename: newtrains01.grf
     Added NewGRF: GRF ID 62637766, checksum B03B1FE77B4FA555F2C8E9DF3793E705, filename: OpenGFX_NewWaterFeatures.grf
     Added NewGRF: GRF ID 53470102, checksum 09127A4F9C0B83B6F2C07BBF72079739, filename: OpenGFX_-_newEyeCandy_v0.2.grf
     Added NewGRF: GRF ID 525713AA, checksum 7F72EBA902B956123D3F2B5FC813AF55, filename: OpenGFX_-_newFaces_v0.1.grf
     Added NewGRF: GRF ID 5257131E, checksum D21B63A9F04DFD8CE11C9C7D3047F04E, filename: OpenGFX_-_newFonts_-_Newspaper_Fonts_v0.1.grf
     Added NewGRF: GRF ID 5257131D, checksum 23029664FD7C7F883C822B334E0FA4A8, filename: OpenGFX_-_newFonts_-_Small_Fonts_v0.1.grf
     Added NewGRF: GRF ID 4D413034, checksum DA3F0E6112F58B245C17CAC294B1918A, filename: OpenGFX_-_newGUI_v0.2.grf
     Added NewGRF: GRF ID 52571305, checksum F0FDA78C8BE01493D994DDD452522397, filename: OpenGFX_NewIndustries_v0.10.1.grf
     Added NewGRF: GRF ID 52571329, checksum B9AE222519CED05447D81FDB840CD33D, filename: OpenGFX_-_newInfrastructure_-_Airports_v0.1.grf
     Added NewGRF: GRF ID 5257131F, checksum DE4AC817985F5C5C242BD7673227262D, filename: OpenGFX_-_newInfrastructure_-_newBridges_v0.1.grf
     Added NewGRF: GRF ID 52571303, checksum 9A6FF285C7B450DF881859399B971134, filename: OpenGFX_-_newInfrastructure_v0.2.grf
     Added NewGRF: GRF ID 5257131B, checksum 18443997BDF55CA120637FB6AA4C92BF, filename: OpenGFX_-_newlandscape_v0.3.grf
     Added NewGRF: GRF ID 52571302, checksum 94F0FDACF165EA5D868B886C39D68C9C, filename: OpenGFX_-_newTerrain_v0.4.grf
     Added NewGRF: GRF ID 5257131A, checksum F9651CDC14A419E7F382F0B392FC7D29, filename: OpenGFX_-_newVehicles_-_Air_v0.3.grf
     Added NewGRF: GRF ID 52571319, checksum F3E9BA55DD17737B9BA37C3F00189684, filename: OpenGFX_-_newVehicles_-_Rail_v0.3.grf
     Added NewGRF: GRF ID 5257131C, checksum 83C2A048679F3CC1025EFACBC25352B9, filename: OpenGFX_-_newVehicles_-_Road_v0.1.grf
     Added NewGRF: GRF ID 62700102, checksum 2825E8503F3DC07AA0DC692244232CF5, filename: newwaterw.grf
     Added NewGRF: GRF ID 41410107, checksum 4128D1A2D620EF69A9AFA08AA70B4AD9, filename: airportasphaltw.grf
     Added NewGRF: GRF ID 44470000, checksum 840B1A2DDDE83A56C3F65C601C8C4C6F, filename: dep2.1w.GRF
     Added NewGRF: GRF ID 6D620601, checksum 44EB2F155862E4D4F0AB671D7021AF54, filename: AddOns\newstatsw.grf
     Added NewGRF: GRF ID 4A430002, checksum 0728ADCB4DF2F1EB9247ABD449296F4E, filename: ottdc_grfpack\z_obsolete\indstatr\indstatrw_6.grf
     Added NewGRF: GRF ID 44440A01, checksum D48D7AD02CA355B92FAE081DC4A36868, filename: ottdc_grfpack\8_vehicles\planes\pb_av8\pb_av8w.grf
     Added NewGRF: GRF ID 74677462, checksum A2396FFDCC0F1BA37A2A89EF525CDF21, filename: ottdc_grfpack\4_infrastructure\totalbridges\total_bridges.grf
     Added NewGRF: GRF ID 54570101, checksum E25D564F7F8F4B3AC6C7F375BD25B387, filename: ottdc_grfpack\8_vehicles\trains_wagons\usset\ussetw.grf
     Added NewGRF: GRF ID 4D656F91, checksum F41D273AC5714577DD3A72C204B1B69B, filename: ecs_town_vector.b5__13_jan_2009_\ecstownw.grf
     Added NewGRF: GRF ID 4D656F92, checksum CFFF044D006AFE0F9458EE02ECD6CCDE, filename: ecs_basic_vector.b5__13_jan_2009_\ecsbasicw.grf
     Added NewGRF: GRF ID 4D656F97, checksum BB3FC538A97BABA2D7F07F4851551E02, filename: ecs_agricultural_vector.b5__15_jan_2009_\ecsagriw.grf
     Added NewGRF: GRF ID 4D656F9C, checksum 285F2B640F1CEBA500308EFD57BCD1DC, filename: ecs_chemical_vector_ii.b5__13_jan_2009_\ecschem2w.grf
     Added NewGRF: GRF ID 4D656F96, checksum E97A89AE936AD38EC287574440AFF56F, filename: ecs_construction_vector.b5__02_aug_2009_\ecsconstw.grf
     Added NewGRF: GRF ID 4D656F94, checksum F5E3900FA3E996E3FFC309BDCF94D132, filename: ecs_machinery_vector.b5__13_jan_2009_\ecsmachw.grf
     Added NewGRF: GRF ID 4D656F95, checksum 4E73D1420E11F87522923AFBF929843E, filename: ecs_wood_vector.b5__13_jan_2009_\ecswoodw.grf
     Added NewGRF: GRF ID 42650104, checksum B185F8AF636620BE01F4020C630E81BC, filename: NewTown.grf
     Added NewGRF: GRF ID 45520102, checksum 1406B06F6475037445A944963CA6D5CE, filename: ottdc_grfpack\7_stations\basic_platforms\basic_platformsw.grf
     Added NewGRF: GRF ID 52455400, checksum 1600687C50C5AB1E72EDD487CAD50E2A, filename: ae_cityw.GRF
     Added NewGRF: GRF ID 424B5461, checksum D8B7E0175E66D485634CFEA8CAE2ACC6, filename: BKTunw.grf
     Added NewGRF: GRF ID 524B0301, checksum BB7BBE4FF23B349D17ED0A682503680C, filename: ottdc_grfpack\4_infrastructure\tramtrk\tramtrkw.grf
     Added NewGRF: GRF ID 49450001, checksum B46ADDCD91CB2447677E999AD28FAB0B, filename: NewFactoryw.grf
     Added NewGRF: GRF ID 5846474F, checksum F186CE947779EB72CF0AF4B25047ACB3, filename: opengfx.0.1.0_alpha5\ogfxe_extra.grf
     Added NewGRF: GRF ID 44440502, checksum 9B2267C916691C45A2C85BE1FF54F7C3, filename: ottdc_grfpack\4_infrastructure\ussigz\ussigzw.grf
     Added NewGRF: GRF ID 48500107, checksum BAD99A1801E507272CFE9D61474870B9, filename: heliportw.grf
     Added NewGRF: GRF ID 4D656F9D, checksum 26D8AE4D698DF55BD3C994760470EA68, filename: ECSHousew.grf
     Added NewGRF: GRF ID 54420200, checksum 32E52F3602AC116566D3F54FFC20668F, filename: ottdc_grfpack\2_landscape\tempsnow\tempsnow.grf
     Added NewGRF: GRF ID 425F0101, checksum 5E6DC9FD3D9364AC6ABE21E6B4D8CE3E, filename: very_large_ships.0.1\vl_shipw.grf
     Added NewGRF: GRF ID 71773277, checksum E84F4A3F49F36BADE1505DCA869548E8, filename: ottdc_grfpack\6_town_buildings\w2w\w2w.grf
     Added NewGRF: GRF ID 54630002, checksum 5B3013612B24CE7C7478E683AAFDDBD0, filename: ottdc_grfpack\4_infrastructure\road-cs\road-cs-ottd.grf
     Added NewGRF: GRF ID 54631002, checksum 8A4C46A4E6BE179023A39A6E6202061E, filename: ottdc_grfpack\4_infrastructure\rail-cs\rail-cs-ottd.grf
---- gamelog end ----
