*** OpenTTD Crash Report ***

Crash at: Sun Jan 12 20:35:19 2014
In game date: 1950-01-01 (0)

Crash reason:
 Exception: C0000005
 Location:  00007FF7D0F758FB
 Message:   <none>

OpenTTD version:
 Version:    1.4.0-beta2 (0)
 NewGRF ver: 14006677
 Bits:       64
 Endian:     little
 Dedicated:  no
 Build date: Jan  7 2014 19:57:07

Registers:
 RAX: 0000000000000200 RBX: 0000000003365DE9 RCX: 0000000000000000 RDX: 000000000D8FCDC8
 RSI: 00000000005ADA20 RDI: 00000000C33760CA RBP: 00000000005AD9B0 RSP: 00000000005AD940
 R8:  0000000000000001 R9:  000000000D8FDE38 R10: 0000000000000000 R11: 00000000000000FF
 R12: 000000000000000D R13: 000000000D8FCDFC R14: 000000000DE53F5C R15: 000000000291A730
 RIP: 00007FF7D0F758FB EFLAGS: 00010293

 Bytes at instruction pointer:
 44 8B 07 48 63 46 38 4C 63 66 10 4C 03 C7 4D 8D 14 81 49 63 47 10 4C 89

Stack trace:
 00000026 00000000 00000004 00000000 00000004 00000000 0B4EA810 00000000
 006D05D0 00000000 00000590 00000000 00000001 00000000 00000000 00000000
 00000059 00000000 03365DE9 00000000 C33760CA 00000000 0DE53F5C 00000000
 0D8FDE38 00000000 00000002 00000000 000001C0 00000000 00000048 00000000
 00000000 00000000 00000000 00000000 00000272 00000000 D1A2E390 00007FF7
 005ADA60 00000000 D0D404CC 00007FF7 0291A730 00000000 005ADA20 00000000
 00000002 00000000 97146D50 00007FFA 006D0000 00000000 0D730000 00000000
 033650B8 00000000 03289379 00000000 00000000 00000000 0000000D 00000012
 00000034 00000048 00000272 000001C0 0D730000 00000000 0000041C 00007FF7
 00000000 00000000 D0FF654C 00007FF7 00000005 00000000 00120820 00000000
 005ADB69 00000000 D0D3EDD1 00007FF7 00000000 00000000 00000272 00000000
 000001C0 00000000 00000000 00007FF7 00000000 00000000 00000000 00000000
 00000034 00007FF7 00000005 00000000 0291A730 00000000 D0D3F4EC 00007FF7
 D1990098 00007FF7 00000000 00000000 00000000 00000000 0291A730 00000000
 00000000 00000000 00000000 00000000 02E2041C 00000000 D0FF67BC 00007FF7
 00000000 00000000 005ADB69 00000000 02E2041C 00000000 00000000 00000000
 00000060 00000000 00000000 00000000 00000000 00000110 00000006 0000012F
 00700000 00000000 000C0000 00000000 00000050 00000000 971421B2 00007FFA
 00000000 00000000 00000000 00000000 00000050 00000000 9314244D 000080BB
 00000000 00000000 00120820 00000000 00120820 00000000 02E2041C 00000000
 005ADCE0 00000000 96E02524 00007FFA 00000001 00000000 00000000 00000000
 00000005 00000000 00000000 00000004 00000003 00000000 00000000 00000008
 00000000 00000000 00000000 00000000 00000000 00000000 00000000 00000001
 00000048 00000000 00000001 0000001C 00000000 00000000 00000000 00000000

Operating system:
 Name:     Windows
 Release:  6.2.9200 ()
 Compiler: MSVC 1600

Configuration:
 Blitter:      32bpp-anim
 Graphics set: OpenGFX (5092)
 Language:     E:\Program Files\OpenTTD\lang\dutch.lng
 Music driver: win32
 Music set:    OpenMSX (96)
 Network:      no
 Sound driver: win32
 Sound set:    OpenSFX (87)
 Video driver: win32

Fonts:
 Small:  sprite
 Medium: sprite
 Large:  sprite
 Mono:   sprite

AI Configuration (local: 255):

Libraries:
 FreeType:   2.4.11
 ICU:        51.2
 LZMA:       5.0.4
 LZO:        2.06
 PNG:        1.5.14
 Zlib:       1.2.7

Module information:
 E:\Program Files\OpenTTD\openttd.exe handle: 00007FF7D0D10000 size: 14058496 crc: AC9CB049 date: 2014-01-07 20:02:32
 C:\Windows\SYSTEM32\ntdll.dll handle: 00007FFA97100000 size: 1720552 crc: E60BDBA8 date: 2013-09-21 10:51:38
 C:\Windows\system32\KERNEL32.DLL handle: 00007FFA96CB0000 size: 1287064 crc: 29EA17F9 date: 2013-10-22 08:18:52
 C:\Windows\system32\KERNELBASE.dll handle: 00007FFA94830000 size: 1109936 crc: 13E52B6D date: 2013-09-21 11:18:21
 C:\Windows\SYSTEM32\WINMM.dll handle: 00007FFA8FC40000 size: 123936 crc: 18537EC1 date: 2013-08-22 12:32:47
 C:\Windows\system32\WS2_32.dll handle: 00007FFA95550000 size: 355872 crc: 31116A8F date: 2013-08-22 13:25:35
 C:\Windows\system32\IMM32.dll handle: 00007FFA94E50000 size: 209168 crc: E74EDA96 date: 2013-08-22 12:39:04
 C:\Windows\system32\USER32.dll handle: 00007FFA96E00000 size: 1517984 crc: 43CFD2E8 date: 2013-08-22 12:39:12
 C:\Windows\system32\GDI32.dll handle: 00007FFA94B20000 size: 1341288 crc: 06A4992B date: 2013-10-05 14:21:30
 C:\Windows\system32\ADVAPI32.dll handle: 00007FFA94E90000 size: 669392 crc: 1D137D4C date: 2013-08-22 12:35:11
 C:\Windows\system32\SHELL32.dll handle: 00007FFA955C0000 size: 21196664 crc: A35678B7 date: 2013-11-05 20:21:27
 C:\Windows\SYSTEM32\WINMMBASE.dll handle: 00007FFA8F810000 size: 160608 crc: 8D0EB199 date: 2013-08-22 12:32:47
 C:\Windows\system32\msvcrt.dll handle: 00007FFA94990000 size: 674616 crc: 65BAD3E7 date: 2013-08-22 13:25:40
 C:\Windows\system32\NSI.dll handle: 00007FFA955B0000 size: 24832 crc: 9523D5B7 date: 2013-08-22 13:25:35
 C:\Windows\system32\RPCRT4.dll handle: 00007FFA952C0000 size: 1268056 crc: 9E0BD192 date: 2013-08-22 13:25:35
 C:\Windows\system32\MSCTF.dll handle: 00007FFA95400000 size: 1286552 crc: 56E9E960 date: 2013-10-02 11:00:45
 C:\Windows\SYSTEM32\sechost.dll handle: 00007FFA94D40000 size: 356856 crc: 2D76F957 date: 2013-08-22 13:25:35
 C:\Windows\SYSTEM32\combase.dll handle: 00007FFA94F40000 size: 1928656 crc: F29709A1 date: 2013-09-21 10:53:55
 C:\Windows\system32\SHLWAPI.dll handle: 00007FFA96A70000 size: 324352 crc: 35EB9619 date: 2013-08-22 12:39:57
 C:\Windows\SYSTEM32\cfgmgr32.dll handle: 00007FFA94940000 size: 304168 crc: 1AC193E3 date: 2013-08-22 12:45:59
 C:\Windows\SYSTEM32\DEVOBJ.dll handle: 00007FFA93310000 size: 150296 crc: C8521D2B date: 2013-08-22 12:45:59
 c:\program files (x86)\f-secure\apps\computersecurity\hips\fshook64.dll handle: 0000000075CB0000 size: 506224 crc: EA01F6DE date: 2013-12-27 23:22:03
 C:\Windows\system32\PSAPI.DLL handle: 00007FFA96DF0000 size: 17592 crc: F98A9B09 date: 2013-08-22 12:46:02
 C:\Windows\SYSTEM32\SHCORE.dll handle: 00007FFA92D50000 size: 646168 crc: C5A64E0D date: 2013-08-22 12:39:57
 C:\Windows\system32\uxtheme.dll handle: 00007FFA93190000 size: 1165824 crc: 30C00752 date: 2013-08-22 11:47:05
 C:\Windows\system32\dwmapi.dll handle: 00007FFA92B70000 size: 123480 crc: CEAFE088 date: 2013-09-21 11:48:52
 C:\Windows\system32\ole32.dll handle: 00007FFA96F80000 size: 1534504 crc: BB465336 date: 2013-09-21 10:53:55
 C:\Windows\SYSTEM32\kernel.appcore.dll handle: 00007FFA93140000 size: 32040 crc: 4D507A8C date: 2013-08-22 12:45:58
 C:\Windows\SYSTEM32\CRYPTBASE.dll handle: 00007FFA943C0000 size: 30504 crc: 1976C4E7 date: 2013-08-22 13:25:35
 C:\Windows\SYSTEM32\bcryptPrimitives.dll handle: 00007FFA94360000 size: 382200 crc: 53C07015 date: 2013-08-22 13:25:34
 C:\Windows\system32\mswsock.dll handle: 00007FFA93DB0000 size: 338432 crc: E26147F8 date: 2013-08-22 10:05:19
 C:\Windows\SYSTEM32\MMDevAPI.DLL handle: 00007FFA920D0000 size: 385344 crc: 0BB062A9 date: 2013-08-22 12:32:46
 C:\Windows\SYSTEM32\wdmaud.drv handle: 00007FFA86FF0000 size: 217600 crc: 50D99CE1 date: 2013-08-22 09:37:34
 C:\Windows\SYSTEM32\ksuser.dll handle: 00007FFA7D300000 size: 22240 crc: FC24BB6C date: 2013-08-22 12:32:40
 C:\Windows\SYSTEM32\AVRT.dll handle: 00007FFA923D0000 size: 35144 crc: 48AF2A50 date: 2013-08-22 12:36:49
 C:\Windows\SYSTEM32\AUDIOSES.DLL handle: 00007FFA8A210000 size: 465960 crc: D9F92F96 date: 2013-09-17 09:06:12
 C:\Windows\system32\OLEAUT32.dll handle: 00007FFA94C70000 size: 745336 crc: 0D623EE4 date: 2013-08-22 12:34:03
 C:\Windows\SYSTEM32\powrprof.dll handle: 00007FFA93B30000 size: 275320 crc: 57BC9264 date: 2013-08-22 12:45:59
 C:\Windows\SYSTEM32\msacm32.drv handle: 00007FFA8D730000 size: 25088 crc: 8D6B6B43 date: 2013-08-22 11:25:37
 C:\Windows\SYSTEM32\MSACM32.dll handle: 00007FFA86D80000 size: 104328 crc: 03653452 date: 2013-08-22 12:32:46
 C:\Windows\SYSTEM32\midimap.dll handle: 00007FFA89E00000 size: 23552 crc: 6B108078 date: 2013-08-22 11:32:41
 C:\Windows\SYSTEM32\mciseq.dll handle: 00007FFA89DA0000 size: 28672 crc: A00D9FB4 date: 2013-08-22 11:35:19
 C:\Windows\system32\SETUPAPI.dll handle: 00007FFA96AD0000 size: 1934296 crc: 62C5AB37 date: 2013-08-22 12:46:03
 C:\Windows\SYSTEM32\clbcatq.dll handle: 00007FFA94DA0000 size: 664712 crc: 38EBB7CE date: 2013-08-22 12:35:41
 C:\Windows\system32\propsys.dll handle: 00007FFA8FC80000 size: 1461200 crc: 2D2D8C80 date: 2013-08-22 12:39:57
 C:\Windows\SYSTEM32\CRYPTSP.dll handle: 00007FFA93E10000 size: 120824 crc: EDE631CB date: 2013-08-22 12:41:39
 C:\Windows\system32\rsaenh.dll handle: 00007FFA93A00000 size: 216368 crc: 159F076E date: 2013-08-22 12:41:46
 C:\Windows\SYSTEM32\bcrypt.dll handle: 00007FFA94040000 size: 151832 crc: 5FDC6471 date: 2013-08-22 12:41:38
 C:\Windows\SYSTEM32\ntmarta.dll handle: 00007FFA8C8D0000 size: 189016 crc: F0502C77 date: 2013-08-22 12:41:44
 C:\Windows\system32\mssprxy.dll handle: 00007FFA83DE0000 size: 131584 crc: E8E0D9BC date: 2013-08-22 09:16:24

---- gamelog start ----
Tick 0: new game started
     Revision text changed to 1.4.0-beta2, savegame version 188, not modified, _openttd_newgrf_version = 0x14006677
     New game mode: 1 landscape: 0
     Added NewGRF: GRF ID 44544E32, checksum EA20E21253A5795785E6DD2C8D1A5A1D, filename: dutch_town_names-2\dtnames.grf (md5sum matches)
     Added NewGRF: GRF ID 47460000, checksum A4F4DABC184F3C73F0EB54342CCFF087, filename: 832bpp_trains_2cc-2\trains.grf (md5sum matches)
     Added NewGRF: GRF ID 11223301, checksum 474A7FF52E675DED3154101B58B3E3C7, filename: 2cc_chimaera_addon.2\chim.grf (md5sum matches)
     Added NewGRF: GRF ID 27711003, checksum 30EF819C36EA5E003976E26A8A25CF71, filename: 2cc_trainset-2.0.0beta5\2cctrainset.grf (md5sum matches)
     Added NewGRF: GRF ID 4A430001, checksum 4CF50E2A770F6672A77A8842A3129ECA, filename: british_stations_set-0.0.4final\dstatsw.grf (md5sum matches)
     Added NewGRF: GRF ID 52455400, checksum 1600687C50C5AB1E72EDD487CAD50E2A, filename: coded_by_aegir._artwork_by_aegir-1\ae_cityw.grf (md5sum matches)
     Added NewGRF: GRF ID 504A0102, checksum 29EA308A78B7740794B80A117D14BF34, filename: dutch_delta_works-1.1\dutchdeltaworks_v1_1.grf (md5sum matches)
     Added NewGRF: GRF ID 4A430002, checksum 09C5737D50ADE23D83C6B7479A4DDCFA, filename: industrial_stations_renewal-0.9.2\indstatr.grf (md5sum matches)
     Added NewGRF: GRF ID 45530500, checksum 9B4FA4BD36869D64820D6A7EF45A718D, filename: japanese_stations-3.0\jpstations.grf (md5sum matches)
     Added NewGRF: GRF ID FBFB0402, checksum 055724E1608C73A181748D39F28CB0E7, filename: metro_track_set-2.1.1\metrotrackset.grf (md5sum matches)
     Added NewGRF: GRF ID EC0D9110, checksum D1510A1006B03BCDAAFE562D5D05BACF, filename: raise_landscaping_costs.2\raise_landscaping_costs.grf (md5sum matches)
     Added NewGRF: GRF ID 414C0101, checksum 8868C6AA5191153F4255C129C9472043, filename: stations_name_from_nearby_indus-1.2.4\station_name.grf (md5sum matches)
     Added NewGRF: GRF ID 52455300, checksum 37C0B839B13C4B18051580C81EEDF427, filename: suburban_stations-1\ae_subuw.grf (md5sum matches)
     Added NewGRF: GRF ID 4D4D9910, checksum 3CD3F4D0D98DDC0DB08E9AD74B88A9E2, filename: the_lighthouse_set-1.2\the_lighthouse_set_v1.2.grf (md5sum matches)
     Added NewGRF: GRF ID 535A0224, checksum 69B70AE56EEB9310B62A8A93AD6A4500, filename: speed_for_suspension_bridges-v1\susp_brg.grf (md5sum matches)
---- gamelog end ----

*** End of OpenTTD Crash Report ***

Decoded stack trace:
[00] openttd              0x00007FF7D0F758FB
[01] openttd              0x00007FF7D0D404CC
[02] openttd              0x00007FF7D0D3EDD1
[03] openttd              0x00007FF7D0D3F4EC
[04] openttd              0x00007FF7D0FF67BC
[05] USER32               0x00007FFA96E02524 DispatchMessageW + 340
[06] USER32               0x00007FFA96E06CEB SendMessageW + 891
[07] USER32               0x00007FFA96E0C1E5 CharUpperBuffW + 213
[08] USER32               0x00007FFA96E04E3E ClientThreadSetup + 1102
[09] uxtheme              0x00007FFA93191B8A DllCanUnloadNow + 2714
[10] uxtheme              0x00007FFA93191BC5 DllCanUnloadNow + 2773
[11] USER32               0x00007FFA96E04DC7 ClientThreadSetup + 983
[12] openttd              0x00007FF7D0FF6DD0
[13] USER32               0x00007FFA96E04D85 ClientThreadSetup + 917
[14] USER32               0x00007FFA96E03812 IsWindow + 1026
[15] USER32               0x00007FFA96E08A45 CharToOemA + 193
[16] ntdll                0x00007FFA9719838F KiUserCallbackDispatcher + 31
[17] USER32               0x00007FFA96E010CA SetWindowPos + 10
[18] openttd              0x00007FF7D0FF5D0F
[19] openttd              0x00007FF7D0FF7724
[20] openttd              0x00007FF7D0D40F54
[21] openttd              0x00007FF7D0D40FDB
[22] openttd              0x00007FF7D0D3D376
[23] openttd              0x00007FF7D0D7043D
[24] openttd              0x00007FF7D0D7194E
[25] openttd              0x00007FF7D0FF760D
[26] openttd              0x00007FF7D0D6F70C
[27] openttd              0x00007FF7D0FF9C2F
[28] openttd              0x00007FF7D10E6244
[29] KERNEL32             0x00007FFA96CB15CD BaseThreadInitThunk + 13
[30] ntdll                0x00007FFA971743D1 RtlUserThreadStart + 29

*** End of additional info ***
