*** OpenTTD Crash Report ***

Crash at: Fri Jul 02 17:50:51 2010
In game date: 2001-10-21 (49)

Crash reason:
 Exception: C0000005
 Location:  004BD34E
 Message:   <none>

OpenTTD version:
 Version:    1.0.2 (0)
 NewGRF ver: 10284e20
 Bits:       32
 Endian:     little
 Dedicated:  no
 Build date: Jun 19 2010 17:00:16

Registers:
 EAX: 02155928 EBX: 00000800 ECX: 00000000 EDX: 00000000
 ESI: 00000000 EDI: 00000000 EBP: 00000000 ESP: 0012FB10
 EIP: 004BD34E EFLAGS: 00010206

 Bytes at instruction pointer:
 89 42 40 8B 50 04 66 8B 92 BC 00 00 00 66 89 50 1C 41 3B 0D 4C 82 74 00

Stack trace:
 00755050 00000001 0012FB48 00000000 00000001 00000000 00400000 0012FB18
 0012FBEC 0012FBEC 0060AB40 55059A39 FFFFFFFE 00602742 0012FBF8 004C7914
 00000004 00000000 00000000 00D60000 7C910060 FFFFFFFF 7C91005D 00000080
 00000000 01010000 0000000B 0012FAD8 00000000 0012FBC4 7C90E920 7C910060
 FFFFFFFF 00D60000 00600AA5 00D60000 00000000 00600AC4 55655BCD 00010004
 00000010 0012FB10 0043ED30 0012FBFC 7C90E920 7C910060 FFFFFFFF 7C91005D
 00600AA5 00D60000 00000000 5A54544F 00008A00 00000004 0012FB50 0012FC3C
 00626C0C 00000000 0012FC48 00427A3D 0075BC00 00000000 0000000B 00000000
 00000001 00784460 00427B91 0075BC00 00000000 0000000B 0B12EB22 0B12EB32
 00000000 0012FC3C 0012FC3C 0012FFB0 00626C9C FFFFFFFF 00000000 0042837A
 00000004 00000000 00535D54 00773084 00E1A5B8 0012FD14 00000000 0012FC58
 0B12EB32 0B12EB50 00000000 00000000 00270322 00000201 00000001 01A8039F
 0B12EB13 000003A9 000001E1 0042766B 0012FD2C 0012FE30 00000001 01000028
 00000000 00000000 00000000 00000000 00000000 FFFFFFFF 00000000 0000FDE9
 00000000 00000000 00000000 00000000 FFFFFFFF 00000000 00000000 00000000
 0012FF30 00000000 00000000 00000000 FFFFFFFF 0012FE34 006F0C30 00000000
 00000000 0012FF30 00537AB0 00000001 0012FE30 FFFFFFFE 00000000 5C3A4322
 676F7250 666D6172 72656C69 65704F5C 4454546E 65706F5C 6474746E 6578652E
 00002000 00D60178 00D67180 0000000D 00D66E00 00D60178 00D67378 00D60178
 00000004 00D67360 00000000 00D60178 00D60178 00D60178 00D60178 00D67370
 00D60168 00000000 00000000 00D67370 00000020 00D67378 00D66DF8 00D60178
 00000020 00000178 00D60000 0012FBB4 00D60178 0012FE7C 7C90E920 7C9101E0
 FFFFFFFF 7C9101DB 00600B8D 00D60000 00000000 00000018 00D67128 0012FEEC
 0012FEF8 0012FE0C 00600C23 00000018 00D67158 00D60168 00000000 0012FE88

Operating system:
 Name:     Windows
 Release:  5.1.2600 (Service Pack 3)
 Compiler: MSVC 1500

Configuration:
 Blitter:      8bpp-optimized
 Graphics set: original_windows
 Language:     norwegian_bokmal.lng
 Music driver: dmusic
 Music set:    original_windows
 Network:      no
 Sound driver: win32
 Sound set:    original_windows
 Video driver: win32

AI Configuration (local: 0):
  0: Human

Libraries:
 FreeType:   2.3.12
 ICU:        4.2.1
 LZO:        2.03
 PNG:        1.2.43
 Zlib:       1.2.3

Module information:
 C:\Programfiler\OpenTTD\openttd.exe handle: 00400000 size: 3546624 crc: CFBF6760 date: 2010-06-19 17:04:22
 C:\windows\system32\ntdll.dll handle: 7C900000 size: 710656 crc: 3794F3B0 date: 2009-02-09 10:56:06
 C:\windows\system32\kernel32.dll handle: 7C800000 size: 990720 crc: FBD0A9EC date: 2009-03-21 14:09:58
 C:\windows\system32\WINMM.dll handle: 76B30000 size: 175104 crc: 7BEDE23C date: 2008-04-14 16:22:32
 C:\windows\system32\ADVAPI32.dll handle: 77DC0000 size: 680448 crc: 103E350D date: 2009-02-09 10:56:06
 C:\windows\system32\RPCRT4.dll handle: 77E70000 size: 585216 crc: DCDA8CDA date: 2009-04-15 14:55:07
 C:\windows\system32\Secur32.dll handle: 77FE0000 size: 56832 crc: CD8BD83C date: 2009-06-25 08:27:58
 C:\windows\system32\GDI32.dll handle: 77F10000 size: 286720 crc: BDD87B48 date: 2008-10-23 12:43:42
 C:\windows\system32\USER32.dll handle: 7E410000 size: 578560 crc: 1718C5B9 date: 2008-04-14 16:22:30
 C:\windows\system32\WS2_32.dll handle: 71AA0000 size: 82432 crc: 143EDF88 date: 2008-04-14 16:22:32
 C:\windows\system32\msvcrt.dll handle: 77C00000 size: 343040 crc: D029EA11 date: 2008-04-14 16:22:13
 C:\windows\system32\WS2HELP.dll handle: 71A90000 size: 19968 crc: F4C43B5D date: 2008-04-14 16:22:32
 C:\windows\system32\SHELL32.dll handle: 7C9C0000 size: 8467456 crc: 7B02376B date: 2008-06-17 19:03:19
 C:\windows\system32\SHLWAPI.dll handle: 77F60000 size: 474112 crc: BCE7C13A date: 2009-12-08 09:25:46
 C:\windows\system32\IMM32.DLL handle: 76370000 size: 110080 crc: 71249ABB date: 2008-04-14 16:22:03
 C:\windows\WinSxS\x86_Microsoft.Windows.Common-Controls_6595b64144ccf1df_6.0.2600.5512_x-ww_35d4ce83\comctl32.dll handle: 773C0000 size: 1054208 crc: 57A0F7A2 date: 2008-04-14 16:19:05
 C:\windows\system32\comctl32.dll handle: 5D5D0000 size: 617472 crc: 870B149F date: 2008-04-14 16:21:55
 C:\windows\system32\SHFolder.dll handle: 76770000 size: 25088 crc: 6DD9C0E2 date: 2008-04-14 16:22:21
 C:\windows\system32\wdmaud.drv handle: 72CF0000 size: 23552 crc: 5BA618B8 date: 2008-04-14 16:23:22
 C:\windows\system32\WINTRUST.dll handle: 76C20000 size: 177664 crc: C8B833A1 date: 2009-12-24 07:05:06
 C:\windows\system32\CRYPT32.dll handle: 77A70000 size: 600064 crc: E0AB16D2 date: 2008-04-14 16:21:56
 C:\windows\system32\MSASN1.dll handle: 77B10000 size: 58880 crc: FE6C833A date: 2009-09-04 21:05:29
 C:\windows\system32\IMAGEHLP.dll handle: 76C80000 size: 144384 crc: D2FDB25D date: 2008-04-14 16:22:02
 C:\windows\system32\msacm32.drv handle: 72CE0000 size: 20480 crc: 52BC6A6F date: 2006-03-02 12:00:00
 C:\windows\system32\MSACM32.dll handle: 77BD0000 size: 71680 crc: 34E73AB4 date: 2008-04-14 16:22:09
 C:\windows\system32\midimap.dll handle: 77BC0000 size: 18944 crc: 1660BD48 date: 2008-04-14 16:22:06
 C:\windows\system32\uxtheme.dll handle: 5B290000 size: 218624 crc: C168CF0D date: 2008-04-14 16:22:30
 C:\windows\system32\MSCTF.dll handle: 746F0000 size: 297984 crc: B188498A date: 2008-04-14 16:22:10
 C:\windows\system32\msctfime.ime handle: 75320000 size: 177152 crc: 9FFB4C2C date: 2009-02-27 04:58:24
 C:\windows\system32\ole32.dll handle: 774D0000 size: 1287168 crc: C77BBDA6 date: 2008-04-14 16:22:17
 C:\windows\system32\CLBCATQ.DLL handle: 76FC0000 size: 498688 crc: 7B1966FF date: 2008-04-14 16:21:55
 C:\windows\system32\COMRes.dll handle: 77040000 size: 798208 crc: F110494A date: 2008-04-14 16:21:55
 C:\windows\system32\OLEAUT32.dll handle: 77110000 size: 551936 crc: E928ACA1 date: 2008-04-14 16:22:17
 C:\windows\system32\VERSION.dll handle: 77BF0000 size: 18944 crc: 04EE54BC date: 2008-04-14 16:22:30
 C:\WINDOWS\system32\dmime.dll handle: 60D90000 size: 181248 crc: 5381C55E date: 2008-04-14 16:21:58
 C:\WINDOWS\system32\DSOUND.dll handle: 73EE0000 size: 367616 crc: 79D28148 date: 2008-04-14 16:21:58
 C:\WINDOWS\system32\dmusic.dll handle: 6CF20000 size: 104448 crc: B1A2C6BC date: 2008-04-14 16:21:58
 C:\windows\system32\KsUser.dll handle: 73EB0000 size: 4096 crc: AE362D46 date: 2008-04-14 16:22:06
 C:\WINDOWS\system32\dmsynth.dll handle: 6CF40000 size: 103424 crc: 6533BCCB date: 2008-04-14 16:21:58
 C:\WINDOWS\system32\dmloader.dll handle: 6CFB0000 size: 35840 crc: 068B572D date: 2008-04-14 16:21:58
 C:\windows\system32\mswsock.dll handle: 71A40000 size: 246784 crc: A67BF78A date: 2008-06-20 17:49:37
 C:\windows\system32\hnetcfg.dll handle: 698D0000 size: 345088 crc: 7D6C7F3C date: 2008-04-14 16:22:02
 C:\windows\System32\wshtcpip.dll handle: 71A80000 size: 19456 crc: 087F87B5 date: 2008-04-14 16:22:33
 C:\windows\system32\psapi.dll handle: 76BE0000 size: 23040 crc: 344E9591 date: 2008-04-14 16:22:18

---- gamelog start ----
Tick 0: new game started
     Revision text changed to 1.0.2, savegame version 138, not modified, _openttd_newgrf_version = 0x10284e20
     New game mode: 1 landscape: 0
---- gamelog end ----

*** End of OpenTTD Crash Report ***
