*** OpenTTD Crash Report ***

Crash at: Fri Apr 23 06:17:17 2010
In game date: 1950-02-01 (0)

Crash reason:
 Exception: C0000005
 Location:  004318B5
 Message:   <none>

OpenTTD version:
 Version:    1.0.0 (0)
 NewGRF ver: 10084c4a
 Bits:       32
 Endian:     little
 Dedicated:  no
 Build date: Mar 31 2010 22:28:44

Registers:
 EAX: 00000000 EBX: 0012FA7F ECX: 06626108 EDX: 0012F287
 ESI: 0075B710 EDI: 00000008 EBP: 0012F23C ESP: 0012F048
 EIP: 004318B5 EFLAGS: 00210283

 Bytes at instruction pointer:
 0F B7 00 99 89 84 24 B8 00 00 00 89 94 24 BC 00 00 00 0F B6 41 36 6B C0

Stack trace:
 00000276 FFFFFFE6 0012F280 0075B708 0012F29F 00000000 0012F25C 023071C1
 0000883A 00000000 0012F2A0 0075B708 0012F2A6 00000000 00430AD3 0231AB1C
 00000000 0012FAEF 00000008 0075B708 00000000 0012F0B0 0051AD75 0075B710
 0012FAEF 00000000 0012F2AC 004320C0 0000882F FFFFFFF7 0012F2F0 004320C0
 0012F300 00000000 0012F300 0231AACE 0012F306 00000000 0000724B 0075B708
 00000180 007AC880 00000000 0075B708 0060533A 02240B74 0012F140 00609C0E
 00000006 00609C05 5343D18E 00000200 1ADA7673 00000000 00000200 00000200
 0012F110 0000006E 0012F1A8 00608C40 532333A6 FFFFFFFE 00609C05 005FF4C4
 00000006 007587D4 00000200 FFFFFFEC FFFFFFEC 00000017 00000000 0012F170
 00608027 0224F4A8 0012F17C 005FFF4C 00000016 0012F1B8 005FF61F 00000000
 0012F1A8 00611020 0668DBF0 00002B00 00000017 0000001D 066906F0 0668DBF0
 0012F1CC 0061106C 0668DBF0 00000000 00002B1D 0012F1E8 00430AD3 0075B708
 00000000 0012F9FF 00000000 00417429 0012FA00 0041785D 00000002 0012F22C
 00000011 0012F200 00000002 0012F230 00000080 0012F210 0051AD75 0000000A
 00000000 00000000 0012F228 004179D9 0012FA80 0660B670 00000000 0000000A
 0012FA3C 0012F258 00000003 0012F27C 00000010 0012F268 00430AD3 0075B708
 00000000 0012FA7F 006F7840 0012FAD8 000001AC 066612E0 022E44C8 00000008
 0012FA84 00430AED 0075B708 0012FA7F 00417A4D 0012FA7F EE8380EE 72508381
 6B75646F 6E6F6A73 61206E65 6F4B2076 76206E72 00206465 EEB480EE 0000AD8A
 00000000 0012F2D8 00430AD3 0075B708 00000000 0012FAEF 00000000 00417429
 0012FAF0 0041785D 0000000D 000000DB 00000002 0012F2F0 0000000C 00000001
 00000000 00000001 42BF80EE 20676779 6E72656A 656E6162 EE838100 EB00AD8A
 BAEBEBEB E9E9EAEA BBEAEAE9 EBEB07A5 3333BBBA BF333334 77A15040 778BF09E
 00000328 00000000 00000000 00000000 0012F364 007587D4 77A15040 778BF09E

Operating system:
 Name:     Windows
 Release:  5.1.2600 (Service Pack 2)
 Compiler: MSVC 1500

Configuration:
 Blitter:      8bpp-optimized
 Graphics set: OpenGFX
 Language:     norwegian_bokmal.lng
 Music driver: dmusic
 Music set:    OpenMSX
 Network:      no
 Sound driver: win32
 Sound set:    OpenSFX
 Video driver: win32

AI Configuration (local: 0):
  0: Human

Libraries:
 FreeType:   2.3.12
 ICU:        4.2.1
 LZO:        2.03
 PNG:        1.2.43
 Zlib:       1.2.3

Module information:
 C:\Program Files\OpenTTD\openttd.exe handle: 00400000 size: 3535360 crc: 33CBD303 date: 2010-03-31 22:31:48
 C:\Windows\system32\ntdll.dll handle: 779B0000 size: 1202168 crc: 11EF8EE5 date: 2009-04-11 13:15:34
 C:\Windows\system32\kernel32.dll handle: 77880000 size: 891392 crc: 1164F2B3 date: 2009-04-11 13:15:09
 C:\Windows\system32\WINMM.dll handle: 747E0000 size: 189952 crc: 3E8CBFF5 date: 2009-04-11 13:15:08
 C:\Windows\system32\msvcrt.dll handle: 76EE0000 size: 679936 crc: B0E5331E date: 2009-04-11 13:15:21
 C:\Windows\system32\USER32.dll handle: 770C0000 size: 627712 crc: 80F0F3C5 date: 2009-04-11 13:15:12
 C:\Windows\system32\GDI32.dll handle: 77010000 size: 297472 crc: 69625D80 date: 2009-04-11 13:15:07
 C:\Windows\system32\ADVAPI32.dll handle: 76C80000 size: 800768 crc: D7864B03 date: 2009-04-11 13:15:14
 C:\Windows\system32\RPCRT4.dll handle: 77410000 size: 784896 crc: 35185859 date: 2009-04-23 12:15:07
 C:\Windows\system32\ole32.dll handle: 77730000 size: 1316864 crc: CB56BE6B date: 2009-04-11 13:15:33
 C:\Windows\system32\OLEAUT32.dll handle: 77360000 size: 563712 crc: 12E9F438 date: 2009-04-11 13:15:34
 C:\Windows\system32\OLEACC.dll handle: 747A0000 size: 234496 crc: 82CE51D9 date: 2009-10-08 21:08:01
 C:\Windows\system32\WS2_32.dll handle: 775C0000 size: 179200 crc: 5D581120 date: 2008-01-21 02:24:23
 C:\Windows\system32\NSI.dll handle: 774E0000 size: 8192 crc: 10729B39 date: 2008-01-21 02:24:22
 C:\Windows\system32\SHELL32.dll handle: 75DD0000 size: 11584000 crc: 766AA8BB date: 2009-04-11 13:14:58
 C:\Windows\system32\SHLWAPI.dll handle: 77060000 size: 353280 crc: 681AC986 date: 2009-04-11 13:15:22
 C:\Windows\system32\ShimEng.dll handle: 70310000 size: 111104 crc: 4C4AA1E6 date: 2006-11-02 09:46:13
 C:\Windows\system32\apphelp.dll handle: 76990000 size: 171008 crc: D24585BB date: 2009-04-11 13:15:07
 C:\Windows\AppPatch\AcLayers.dll handle: 68CA0000 size: 542720 crc: 71DE7464 date: 2010-01-06 15:38:39
 C:\Windows\system32\USERENV.dll handle: 76A20000 size: 108544 crc: CC1E5DD3 date: 2009-04-11 13:15:07
 C:\Windows\system32\Secur32.dll handle: 76A00000 size: 72704 crc: C962EC8E date: 2009-06-15 14:53:43
 C:\Windows\system32\WINSPOOL.DRV handle: 6D2B0000 size: 258048 crc: EB9FBD1E date: 2009-09-24 22:54:55
 C:\Windows\system32\MPR.dll handle: 75920000 size: 68608 crc: 30B1204C date: 2009-04-11 13:15:09
 C:\Windows\AppPatch\AcGenral.DLL handle: 67C70000 size: 2159616 crc: D91B8290 date: 2010-01-06 15:38:39
 C:\Windows\system32\UxTheme.dll handle: 74D10000 size: 240128 crc: 5F29223E date: 2008-01-21 02:23:19
 C:\Windows\system32\NETAPI32.dll handle: 75990000 size: 467456 crc: AB04ABC0 date: 2009-04-11 13:15:35
 C:\Windows\system32\PSAPI.DLL handle: 76B60000 size: 12288 crc: D7B812C5 date: 2006-11-02 09:46:12
 C:\Windows\system32\MSACM32.dll handle: 74550000 size: 71680 crc: A2E8F836 date: 2008-01-21 02:24:30
 C:\Windows\system32\VERSION.dll handle: 769F0000 size: 20480 crc: 8C605EC4 date: 2009-04-11 13:15:08
 C:\Windows\system32\sfc.dll handle: 715B0000 size: 4608 crc: 5D5C8D17 date: 2006-11-02 09:46:13
 C:\Windows\system32\sfc_os.dll handle: 731D0000 size: 38912 crc: 705BDC57 date: 2008-01-21 02:23:51
 C:\Windows\system32\SETUPAPI.dll handle: 76D50000 size: 1591296 crc: A225D6A1 date: 2009-04-11 13:15:27
 C:\Windows\system32\dwmapi.dll handle: 71510000 size: 39936 crc: 2E8C92C0 date: 2008-01-21 02:23:43
 C:\Windows\system32\urlmon.dll handle: 775F0000 size: 1209344 crc: 9C3AB19D date: 2010-02-23 06:39:00
 C:\Windows\system32\iertutil.dll handle: 77170000 size: 1985536 crc: DD95D352 date: 2010-02-23 06:33:45
 C:\Windows\system32\SHUNIMPL.dll handle: 731F0000 size: 6656 crc: 274FD7F8 date: 2006-11-02 09:46:13
 C:\Windows\system32\IMM32.DLL handle: 773F0000 size: 114688 crc: 8D83D50A date: 2009-04-11 13:15:13
 C:\Windows\system32\MSCTF.dll handle: 774F0000 size: 807424 crc: 78787E19 date: 2009-04-11 13:15:32
 C:\Windows\system32\LPK.DLL handle: 77B10000 size: 23552 crc: 2E03F135 date: 2009-06-15 14:52:42
 C:\Windows\system32\USP10.dll handle: 76F90000 size: 502272 crc: 33F7104F date: 2009-04-11 13:15:09
 C:\Windows\WinSxS\x86_microsoft.windows.common-controls_6595b64144ccf1df_6.0.6002.18005_none_5cb72f96088b0de0\comctl32.dll handle: 75A90000 size: 1686016 crc: 1453762E date: 2009-04-11 13:14:57
 C:\Windows\system32\SHFolder.dll handle: 71C60000 size: 7168 crc: 1CA14A5C date: 2006-11-02 09:46:13
 C:\Windows\system32\wdmaud.drv handle: 745D0000 size: 167424 crc: AE942463 date: 2009-04-11 13:15:31
 C:\Windows\system32\ksuser.dll handle: 74BF0000 size: 4608 crc: 4C647881 date: 2006-11-02 09:46:05
 C:\Windows\system32\MMDevAPI.DLL handle: 74770000 size: 150528 crc: 481F98E7 date: 2009-04-11 13:15:25
 C:\Windows\system32\AVRT.dll handle: 750C0000 size: 12800 crc: EB589AA0 date: 2008-01-21 02:24:30
 C:\Windows\system32\WINTRUST.dll handle: 75000000 size: 172032 crc: 0FB3BA99 date: 2009-12-23 11:33:29
 C:\Windows\system32\CRYPT32.dll handle: 75820000 size: 978944 crc: CE0B7499 date: 2009-04-11 13:15:29
 C:\Windows\system32\MSASN1.dll handle: 75C70000 size: 60928 crc: D62CDC5B date: 2009-09-04 11:41:59
 C:\Windows\system32\imagehlp.dll handle: 77AE0000 size: 153088 crc: EEF49677 date: 2008-01-21 02:23:42
 C:\Program Files\Panicware\Don't Panic! 40\DPHOOK32.DLL handle: 10000000 size: 53248 crc: FC652843 date: 2001-05-25 14:59:24
 C:\Windows\PANICNT.dll handle: 00950000 size: 40960 crc: CBF082A6 date: 2001-05-22 21:45:12
 C:\Windows\system32\AUDIOSES.DLL handle: 744A0000 size: 115712 crc: 9E346B3A date: 2009-04-11 13:15:31
 C:\Windows\system32\audioeng.dll handle: 74340000 size: 397312 crc: 17666E45 date: 2008-01-21 02:24:30
 C:\Windows\system32\msacm32.drv handle: 74700000 size: 21504 crc: 28704D00 date: 2009-04-11 13:14:58
 C:\Windows\system32\midimap.dll handle: 745A0000 size: 17408 crc: 9FC56E7F date: 2009-04-11 13:14:58
 C:\Windows\system32\CLBCatQ.DLL handle: 76B70000 size: 523776 crc: C2EBF5E6 date: 2008-01-21 02:24:00
 C:\Windows\system32\dmime.dll handle: 6D370000 size: 178688 crc: 3063C87B date: 2008-01-21 02:23:11
 C:\Windows\system32\DSOUND.dll handle: 68D30000 size: 444416 crc: 2196E709 date: 2009-04-11 13:15:04
 C:\Windows\system32\POWRPROF.dll handle: 751B0000 size: 98816 crc: F5FB120D date: 2009-04-11 13:15:34
 C:\Windows\system32\dmusic.dll handle: 70340000 size: 101888 crc: 9C95E7AB date: 2009-04-11 13:14:48
 C:\Windows\system32\dmsynth.dll handle: 6D330000 size: 105472 crc: A572B2E6 date: 2009-04-11 13:14:48
 C:\Windows\system32\dmloader.dll handle: 74CB0000 size: 38400 crc: 43D1875C date: 2008-01-21 02:23:11
 C:\Windows\system32\wsck32.dll handle: 021E0000 size: 167936 crc: F3D41990 date: 2008-09-17 16:50:50
 C:\Windows\system32\mswsock.dll handle: 75520000 size: 223232 crc: 9C4248CA date: 2009-04-11 13:15:02
 C:\Windows\System32\wshtcpip.dll handle: 751A0000 size: 9216 crc: 10C50FC1 date: 2008-01-21 02:23:37
 C:\Windows\system32\dmstyle.dll handle: 6D310000 size: 105472 crc: 3B1A1D06 date: 2006-11-02 12:35:12
 C:\Windows\system32\dmband.dll handle: 731E0000 size: 30208 crc: 1AE3457D date: 2006-11-02 12:35:12

---- gamelog start ----
Tick 0: new game started
     Revision text changed to 1.0.0, savegame version 138, not modified, _openttd_newgrf_version = 0x10084c4a
     New game mode: 2 landscape: 0
Tick 0: game loaded
     New game mode: 1 landscape: 0
---- gamelog end ----

*** End of OpenTTD Crash Report ***
