*** OpenTTD Crash Report ***

Crash at: Fri Mar 19 14:48:01 2010
In game date: 1993-02-11 (60)

Crash reason:
 Exception: E1212012
 Location:  7761FBAE
 Message:   String 0x1EDE is invalid. You are probably using an old version of the .lng file.


OpenTTD version:
 Version:    1.0.0-RC3 (0)
 NewGRF ver: 10004bf7
 Bits:       32
 Endian:     little
 Dedicated:  no
 Build date: Mar 17 2010 23:37:08

Registers:
 EAX: 0012D408 EBX: 00000016 ECX: 00000000 EDX: 774C5E74
 ESI: 007781E8 EDI: 00000000 EBP: 0012D458 ESP: 0012D408
 EIP: 7761FBAE EFLAGS: 00200246

 Bytes at instruction pointer:
 C9 C2 10 00 90 90 90 90 90 8B FF 55 8B EC 51 51 83 7D 10 00 56 0F 84 7F

Stack trace:
 E1212012 00000000 00000000 7761FBAE 00000000 FFFFFFFF 00000000 00A636E0
 009A0000 08000008 00000001 00A0FD38 774C4E60 7748C6C2 FFFFFFFF 00000024
 0012D454 00000004 00000000 00000016 0012D4B8 0054EB02 E1212012 00000000
 00000000 00000000 0061D9C2 00000016 B841BD33 0012D800 00000200 0012DA50
 7749A296 FFFFFFFF 00000000 0012D4A0 0054EAF2 00000001 0012D478 0012D024
 0012FAA4 006226B0 B82777E3 FFFFFFFE 0012D7F0 0061CD4B 00000016 00000200
 00000032 00000076 0012D508 5A004812 00000032 76160B5A 039D0F58 76153B6B
 76173BFE 00000000 00000032 009A0178 00000000 00000000 00000001 009A0148
 00100112 00A636E8 00A7DA00 000D0024 007EC03A 00000000 00000190 01010100
 0012D460 76172DC0 0012FAA4 774699FA 0A64A3E3 FFFFFFFE 774C7512 774C7545
 00000000 00A636E8 00000000 00010003 0012D74C 0012D5F0 7619CD80 009A0000
 00000000 00A636E0 00000001 0012D74C 00000001 00000000 00000000 00000500
 000003E2 00000000 007CBBD8 00000010 0000001C 0000000F 00CE0240 00000006
 00000000 00000000 0000016A 00000001 50022080 00000000 00000000 00000035
 00007F01 00A636E8 00000000 0000001E 00000020 7F01FFFF 0000009F 00000000
 000001D7 00A63768 0012D740 7619D2CA 00000010 0012D800 00000200 7619D302
 00000001 0012DA5C 00000000 0012D630 0021077C 0012D658 00000000 0077C710
 00000000 00000000 7619D31C 00000000 00000001 00001738 00001BEC 000004B4
 00131738 0012D6F4 00000000 00000000 0012FB94 00000000 00000006 0077A188
 0000000D 043B8A11 00000006 0012D6E4 0041A4CF 00000000 00000001 0349F765
 0012E770 0012FB94 00000000 7FFDF000 0D12D6B8 00000000 00000000 0000000D
 00000006 00000006 043B89B8 0077A188 00000000 00000000 00000006 0000000D
 00000006 0000000D 000000A5 000000AD 034659C0 00000500 00000000 0012D708
 00419FE9 FFFFFF2B 0012FB94 00419FF3 00000002 007CAB90 00000002 00000000

Operating system:
 Name:     Windows
 Release:  6.0.6002 (Service Pack 2)
 Compiler: MSVC 1500

Configuration:
 Blitter:      8bpp-optimized
 Graphics set: OpenGFX
 Language:     english.lng
 Music driver: dmusic
 Music set:    OpenMSX
 Network:      no
 Sound driver: win32
 Sound set:    OpenSFX
 Video driver: win32

AI Configuration (local: 0):
  0: Human

Libraries:
 FreeType:   2.3.12
 ICU:        4.2.1
 LZO:        2.03
 PNG:        1.2.43
 Zlib:       1.2.3

Module information:
 C:\Program Files\OpenTTD\openttd.exe handle: 00400000 size: 3670016 crc: 90FC6823 date: 2010-03-17 23:40:26
 C:\Windows\system32\ntdll.dll handle: 77460000 size: 1202168 crc: 11EF8EE5 date: 2009-04-11 06:27:49
 C:\Windows\system32\kernel32.dll handle: 775E0000 size: 891392 crc: 1164F2B3 date: 2009-04-11 06:28:20
 C:\Windows\system32\WINMM.dll handle: 745F0000 size: 189952 crc: 3E8CBFF5 date: 2009-04-11 06:28:25
 C:\Windows\system32\msvcrt.dll handle: 75B10000 size: 679936 crc: B0E5331E date: 2009-04-11 06:28:22
 C:\Windows\system32\USER32.dll handle: 76140000 size: 627712 crc: 80F0F3C5 date: 2009-04-11 06:28:25
 C:\Windows\system32\GDI32.dll handle: 77410000 size: 297472 crc: 69625D80 date: 2009-04-11 06:28:19
 C:\Windows\system32\ADVAPI32.dll handle: 75FD0000 size: 800768 crc: D7864B03 date: 2009-04-11 06:28:17
 C:\Windows\system32\RPCRT4.dll handle: 75CE0000 size: 784896 crc: 35185859 date: 2009-12-05 17:15:48
 C:\Windows\system32\ole32.dll handle: 75DB0000 size: 1316864 crc: CB56BE6B date: 2009-04-11 06:28:23
 C:\Windows\system32\OLEAUT32.dll handle: 75C50000 size: 563712 crc: 12E9F438 date: 2009-04-11 06:28:23
 C:\Windows\system32\OLEACC.dll handle: 745B0000 size: 234496 crc: 82CE51D9 date: 2009-10-08 21:08:01
 C:\Windows\system32\WS2_32.dll handle: 775A0000 size: 179200 crc: 5D581120 date: 2008-01-19 07:37:09
 C:\Windows\system32\NSI.dll handle: 75BC0000 size: 8192 crc: 10729B39 date: 2008-01-19 07:35:57
 C:\Windows\system32\SHELL32.dll handle: 763F0000 size: 11584000 crc: 766AA8BB date: 2009-04-11 06:28:24
 C:\Windows\system32\SHLWAPI.dll handle: 76F00000 size: 353280 crc: 681AC986 date: 2009-04-11 06:28:24
 C:\Windows\system32\IMM32.DLL handle: 76120000 size: 114688 crc: 8D83D50A date: 2009-04-11 06:28:20
 C:\Windows\system32\MSCTF.dll handle: 75F00000 size: 807424 crc: 78787E19 date: 2009-04-11 06:28:20
 C:\Windows\system32\LPK.DLL handle: 77590000 size: 23552 crc: 2E03F135 date: 2009-12-05 19:33:44
 C:\Windows\system32\USP10.dll handle: 76370000 size: 502272 crc: 33F7104F date: 2009-04-11 06:28:25
 C:\Windows\WinSxS\x86_microsoft.windows.common-controls_6595b64144ccf1df_6.0.6002.18005_none_5cb72f96088b0de0\comctl32.dll handle: 74860000 size: 1686016 crc: 1453762E date: 2009-04-11 06:21:38
 C:\Windows\system32\SHFolder.dll handle: 73450000 size: 7168 crc: 1CA14A5C date: 2006-11-02 09:46:13
 C:\Windows\system32\wdmaud.drv handle: 73B60000 size: 167424 crc: AE942463 date: 2009-04-11 06:27:12
 C:\Windows\system32\ksuser.dll handle: 73B50000 size: 4608 crc: 4C647881 date: 2006-11-02 09:46:05
 C:\Windows\system32\MMDevAPI.DLL handle: 74520000 size: 150528 crc: 481F98E7 date: 2009-04-11 06:28:20
 C:\Windows\system32\AVRT.dll handle: 745A0000 size: 12800 crc: EB589AA0 date: 2008-01-19 07:33:47
 C:\Windows\system32\SETUPAPI.dll handle: 761E0000 size: 1591296 crc: A225D6A1 date: 2009-04-11 06:28:24
 C:\Windows\system32\WINTRUST.dll handle: 74C60000 size: 171520 crc: EE6B6CCB date: 2008-01-19 07:36:56
 C:\Windows\system32\CRYPT32.dll handle: 75430000 size: 978944 crc: CE0B7499 date: 2009-04-11 06:28:18
 C:\Windows\system32\MSASN1.dll handle: 75590000 size: 60928 crc: D62CDC5B date: 2009-12-05 17:17:24
 C:\Windows\system32\USERENV.dll handle: 759C0000 size: 108544 crc: CC1E5DD3 date: 2009-04-11 06:28:25
 C:\Windows\system32\Secur32.dll handle: 759A0000 size: 72704 crc: C962EC8E date: 2009-12-05 19:31:39
 C:\Windows\system32\imagehlp.dll handle: 760A0000 size: 153088 crc: EEF49677 date: 2008-01-19 07:34:32
 C:\Windows\system32\AUDIOSES.DLL handle: 73A20000 size: 115712 crc: 9E346B3A date: 2009-04-11 06:28:18
 C:\Windows\system32\audioeng.dll handle: 739B0000 size: 397312 crc: 17666E45 date: 2008-01-19 07:33:45
 C:\Windows\system32\PSAPI.DLL handle: 75A70000 size: 12288 crc: D7B812C5 date: 2006-11-02 09:46:12
 C:\Windows\system32\msacm32.drv handle: 73630000 size: 21504 crc: 28704D00 date: 2009-04-11 06:27:12
 C:\Windows\system32\MSACM32.dll handle: 73610000 size: 71680 crc: A2E8F836 date: 2008-01-19 07:34:54
 C:\Windows\system32\midimap.dll handle: 73600000 size: 17408 crc: 9FC56E7F date: 2009-04-11 06:28:20
 C:\Windows\system32\CLBCatQ.DLL handle: 77150000 size: 523776 crc: C2EBF5E6 date: 2008-01-19 07:33:52
 C:\Windows\system32\IconCodecService.dll handle: 6F7E0000 size: 9728 crc: D8D965A6 date: 2006-11-02 12:32:26
 C:\Windows\system32\WindowsCodecs.dll handle: 73BE0000 size: 974848 crc: 9A99AA19 date: 2009-09-25 02:10:10
 C:\Windows\system32\uxtheme.dll handle: 74B60000 size: 240128 crc: 5F29223E date: 2008-01-19 07:36:47
 C:\Windows\System32\ctagent.dll handle: 00960000 size: 8704 crc: E7BC4213 date: 2007-04-09 12:32:30
 C:\Program Files\Logitech\SetPoint\lgscroll.dll handle: 10100000 size: 45584 crc: 9D233FCF date: 2009-07-20 12:29:06
 C:\Windows\WinSxS\x86_microsoft.vc80.crt_1fc8b3b9a1e18e3b_8.0.50727.4053_none_d08d7da0442a985d\MSVCR80.dll handle: 73320000 size: 632656 crc: F4376274 date: 2009-12-07 11:23:33
 C:\Windows\system32\NTMARTA.DLL handle: 74E30000 size: 121344 crc: 4FD04295 date: 2009-04-11 06:28:23
 C:\Windows\system32\WLDAP32.dll handle: 760D0000 size: 287744 crc: 4F6B6725 date: 2009-04-11 06:28:25
 C:\Windows\system32\SAMLIB.dll handle: 755B0000 size: 57344 crc: 7469563F date: 2009-04-11 06:28:24
 C:\Windows\system32\dmime.dll handle: 72E40000 size: 178688 crc: 3063C87B date: 2008-01-19 07:34:04
 C:\Windows\system32\DSOUND.dll handle: 6BCE0000 size: 444416 crc: 2196E709 date: 2009-04-11 06:28:19
 C:\Windows\system32\POWRPROF.dll handle: 74E10000 size: 98816 crc: F5FB120D date: 2009-04-11 06:28:23
 C:\Windows\system32\dmusic.dll handle: 73110000 size: 101888 crc: 9C95E7AB date: 2009-04-11 06:28:18
 C:\Windows\system32\dmsynth.dll handle: 73290000 size: 105472 crc: A572B2E6 date: 2009-04-11 06:28:18
 C:\Windows\system32\dmloader.dll handle: 73F90000 size: 38400 crc: 43D1875C date: 2008-01-19 07:34:04
 C:\Windows\system32\mswsock.dll handle: 75130000 size: 223232 crc: 9C4248CA date: 2009-04-11 06:28:22
 C:\Windows\System32\wshtcpip.dll handle: 74DF0000 size: 9216 crc: 10C50FC1 date: 2008-01-19 07:37:11
 C:\Windows\System32\wship6.dll handle: 75190000 size: 9216 crc: 2CDA59E0 date: 2008-01-19 07:37:11
 C:\Windows\system32\NLAapi.dll handle: 74590000 size: 48128 crc: 75FBFFE9 date: 2008-01-19 07:35:38
 C:\Windows\system32\IPHLPAPI.DLL handle: 75380000 size: 91648 crc: CB154186 date: 2009-04-11 06:28:20
 C:\Windows\system32\dhcpcsvc.DLL handle: 75340000 size: 204288 crc: 6DA3137F date: 2009-04-11 06:28:18
 C:\Windows\system32\DNSAPI.dll handle: 755D0000 size: 168448 crc: A47DAF91 date: 2009-04-11 06:28:18
 C:\Windows\system32\WINNSI.DLL handle: 75330000 size: 14848 crc: 83F00BFD date: 2008-01-19 07:36:55
 C:\Windows\system32\dhcpcsvc6.DLL handle: 75300000 size: 130560 crc: 00C1059D date: 2009-04-11 06:28:18
 C:\Windows\system32\napinsp.dll handle: 6F800000 size: 50176 crc: F36C6F56 date: 2008-01-19 07:35:35
 C:\Windows\system32\pnrpnsp.dll handle: 6F660000 size: 62464 crc: EF01DBE4 date: 2008-01-19 07:36:07
 C:\Windows\System32\winrnr.dll handle: 6F630000 size: 19968 crc: 525FD6C9 date: 2009-04-11 06:28:25
 C:\Windows\system32\rasadhlp.dll handle: 6F7F0000 size: 10240 crc: D5AE0AAA date: 2006-11-02 09:46:12

---- gamelog start ----
Tick 0: new game started
     Revision text changed to 1.0.0-beta3, savegame version 136, not modified, _openttd_newgrf_version = 0x100849b7
     New game mode: 1 landscape: 0
Tick 61240: game loaded
     Revision text changed to 1.0.0-RC3, savegame version 138, not modified, _openttd_newgrf_version = 0x10004bf7
     New game mode: 0 landscape: 0
---- gamelog end ----

*** End of OpenTTD Crash Report ***
