*** OpenTTD Crash Report ***
Date: 2009-02-09 19:38:48
Build: r15418 built on Feb  8 2009 19:22:41
Language: english_US.lng
Exception C0000005 at 004D21AF
Registers:
 EAX: 04000000 EBX: 050F8600 ECX: 05000004 EDX: 00000000
 ESI: 01C59B68 EDI: 2E9A4540 EBP: 0012FAB0 ESP: 0012FAA0
 EIP: 004D21AF EFLAGS: 00210206

Bytes at CS:EIP:
 8B 17 85 D0 0F 84 EB 00 00 00 B8 02 00 00 05 3B C8 75 6B 3B D0 75 62 8B

Stack trace: 
 05315698 01C59B10 01C59B68 01C59B68 0012FB74 004D439A 01C59B10 00000000
 0527AB78 05179658 00000000 0000022F 01C59B10 05315698 00000031 00000000
 05000002 00000241 01C59B68 0000003D 01C59BA0 0012FB8C 0A008000 05DCC7E0
 00000000 00000000 00000000 05000002 FFFFFFFF 00000000 00000000 00000000
 00000000 05000002 00000001 04FD2FF8 0012FB4C 08000040 05DC6F98 0000002F
 00000000 01C5D848 00001DE9 00001DE9 0012FBF0 0044074D 0065D440 003DA7D3
 00000000 0012FBD0 005A7602 00000000 00001DE9 0012FBA0 004C2EDC 0065D6FC
 00000031 FFFFFFFF FFFFFFFF 0012FB98 00000001 00000003 01000001 00000000
 0012FBDC 004E0365 0065D440 05289740 00000000 00000001 00000000 001C64D8
 001C64D8 00510F89 001C64D8 0012FBA8 0012FF78 005A7C13 00000004 0012FC18
 004D7051 0527AB78 003DA7C4 003DA7D3 00000000 0042AB9B 003DA7C4 003DA7D3
 0012FC18 00000000 003DA7D3 00000000 00000000 004215CF 0012FC2C 0042ADD6
 003DA7D3 00000000 0012FC18 00000000 0052A91D 00688AAC 00673490 0012FCDC
 00000000 0012FC30 003DA7D3 003DA7F1 00000000 00000000 000A03D4 0000000F
 00000000 00000000 003DA7C4 00000249 0000011A 0042A2B8 0012FCF4 00000001
 00000001 01000004 00000000 00000000 00000000 00000000 00000000 FFFFFFFF
 00000104 00000000 00000000 00000000 FFFFFFFF 00000000 0012FEF8 00000000
 00000000 00000000 FFFFFFFF 0012FDFC 0062A298 00000000 00000000 0012FEF8
 004456AA 00000001 0012FDF8 FFFFFFFE 00000000 5C3A4522 6E65704F 5C445454
 6E65706F 2E647474 00657865 01C20020 001C65F8 01C20498 0012FCC0 01C31C38
 0012FE44 76ED9834 0031D8AF FFFFFFFE 76F35B87 76F35955 76F358A6 00000018
 0012FEB4 00220037 00000001 00000001 00000076 001E0038 00000001 00000001
 76000076 01C20348 76F35B87 76D069BB 001C0000 00000000 001C0194 002F001A
 00000001 001C64F8 01C20498 002C001B 00000001 00000000 00000020 0012FDBC

Module information:
 E:\OpenTTD\openttd.exe handle: 00400000 size: 2574336 crc: D3AA2CB2 date: 2009-02-08 18:26:38
 C:\Windows\system32\ntdll.dll handle: 76ED0000 size: 1203792 crc: 7CFCEC95 date: 2008-01-18 22:38:16
 C:\Windows\system32\kernel32.dll handle: 76D10000 size: 888320 crc: 33D9889B date: 2008-01-18 22:34:38
 C:\Windows\system32\WINMM.dll handle: 73F70000 size: 189952 crc: D22FC585 date: 2008-01-18 22:36:56
 C:\Windows\system32\msvcrt.dll handle: 758E0000 size: 680448 crc: E5AE7FEC date: 2008-01-18 22:35:16
 C:\Windows\system32\USER32.dll handle: 759E0000 size: 627200 crc: B687ED70 date: 2008-01-18 22:36:48
 C:\Windows\system32\GDI32.dll handle: 770E0000 size: 296960 crc: AA2880BF date: 2008-10-21 05:25:18
 C:\Windows\system32\ADVAPI32.dll handle: 769F0000 size: 798720 crc: F58CDFCB date: 2008-01-18 22:33:44
 C:\Windows\system32\RPCRT4.dll handle: 75CE0000 size: 784896 crc: 3E044E39 date: 2008-04-12 03:32:11
 C:\Windows\system32\ole32.dll handle: 76AC0000 size: 1315328 crc: 6B931D39 date: 2008-01-18 22:36:02
 C:\Windows\system32\OLEAUT32.dll handle: 757D0000 size: 563200 crc: B69E10E1 date: 2008-01-18 22:36:02
 C:\Windows\system32\OLEACC.dll handle: 73F30000 size: 215040 crc: EF3061D3 date: 2008-01-18 22:36:02
 C:\Windows\system32\WS2_32.dll handle: 77020000 size: 179200 crc: 5D581120 date: 2008-01-18 22:37:10
 C:\Windows\system32\NSI.dll handle: 77000000 size: 8192 crc: 10729B39 date: 2008-01-18 22:35:58
 C:\Windows\system32\IMM32.DLL handle: 77050000 size: 114688 crc: 57C1E0CD date: 2008-01-18 22:34:34
 C:\Windows\system32\MSCTF.dll handle: 75C10000 size: 806912 crc: 66ABCC79 date: 2008-01-18 22:34:56
 C:\Windows\system32\LPK.DLL handle: 77070000 size: 23552 crc: 3277B148 date: 2008-01-18 22:34:44
 C:\Windows\system32\USP10.dll handle: 75860000 size: 501760 crc: 09CF36C9 date: 2008-01-18 22:36:48
 C:\Windows\system32\SHFolder.dll handle: 73F00000 size: 7168 crc: 1CA14A5C date: 2006-11-02 09:46:13
 C:\Windows\system32\SHELL32.dll handle: 75EE0000 size: 11580928 crc: CE4BF6CB date: 2008-11-06 13:14:25
 C:\Windows\system32\SHLWAPI.dll handle: 77080000 size: 351744 crc: F95C1869 date: 2008-01-18 22:36:30
 C:\Windows\WinSxS\x86_microsoft.windows.common-controls_6595b64144ccf1df_6.0.6001.18000_none_5cdbaa5a083979cc\comctl32.dll handle: 74450000 size: 1684480 crc: 57ECDF87 date: 2008-01-18 22:26:36
 C:\Windows\system32\wdmaud.drv handle: 73D10000 size: 166912 crc: 5FC059D1 date: 2008-01-18 22:32:58
 C:\Windows\system32\ksuser.dll handle: 73DB0000 size: 4608 crc: 4C647881 date: 2006-11-02 09:46:05
 C:\Windows\system32\MMDevAPI.DLL handle: 73DE0000 size: 149504 crc: 29FF5B91 date: 2008-01-18 22:34:50
 C:\Windows\system32\AVRT.dll handle: 74260000 size: 12800 crc: EB589AA0 date: 2008-01-18 22:33:48
 C:\Windows\system32\SETUPAPI.dll handle: 75A80000 size: 1590272 crc: BB6B35BF date: 2008-01-18 22:36:26
 C:\Windows\system32\WINTRUST.dll handle: 748A0000 size: 171520 crc: EE6B6CCB date: 2008-01-18 22:36:58
 C:\Windows\system32\CRYPT32.dll handle: 750B0000 size: 977408 crc: 49821E3F date: 2008-01-18 22:34:02
 C:\Windows\system32\MSASN1.dll handle: 75260000 size: 59904 crc: 7A69072B date: 2006-11-02 09:46:06
 C:\Windows\system32\USERENV.dll handle: 75600000 size: 108032 crc: AC76B003 date: 2008-01-18 22:36:48
 C:\Windows\system32\Secur32.dll handle: 755E0000 size: 72704 crc: A389B60F date: 2008-01-18 22:36:22
 C:\Windows\system32\imagehlp.dll handle: 76CE0000 size: 153088 crc: EEF49677 date: 2008-01-18 22:34:34
 C:\Windows\system32\AUDIOSES.DLL handle: 73CE0000 size: 116224 crc: 30C70121 date: 2008-01-18 22:33:46
 C:\Windows\system32\audioeng.dll handle: 73BA0000 size: 397312 crc: 17666E45 date: 2008-01-18 22:33:46
 C:\Windows\system32\PSAPI.DLL handle: 75740000 size: 12288 crc: D7B812C5 date: 2006-11-02 09:46:12
 C:\Windows\system32\msacm32.drv handle: 73CC0000 size: 21504 crc: 1F6A62A4 date: 2008-01-18 22:32:58
 C:\Windows\system32\MSACM32.dll handle: 73A60000 size: 71680 crc: A2E8F836 date: 2008-01-18 22:34:56
 C:\Windows\system32\midimap.dll handle: 73CB0000 size: 17408 crc: 44FD6876 date: 2008-01-18 22:34:48
 C:\Windows\system32\CLBCatQ.DLL handle: 76E40000 size: 523776 crc: C2EBF5E6 date: 2008-01-18 22:33:54
 C:\Windows\system32\uxtheme.dll handle: 74410000 size: 240128 crc: 5F29223E date: 2008-01-18 22:36:48
 C:\Windows\system32\dmime.dll handle: 734D0000 size: 178688 crc: 3063C87B date: 2008-01-18 22:34:06
 C:\Windows\system32\DSOUND.dll handle: 73AE0000 size: 444416 crc: 1F6BF3CC date: 2008-01-18 22:34:08
 C:\Windows\system32\POWRPROF.dll handle: 74A50000 size: 97280 crc: 968A09AC date: 2008-01-18 22:36:08
 C:\Windows\system32\dmusic.dll handle: 73530000 size: 101888 crc: C5478A00 date: 2008-01-18 22:34:06
 C:\Windows\system32\dmsynth.dll handle: 73650000 size: 105472 crc: 246B7E26 date: 2008-01-18 22:34:06
 C:\Windows\system32\dmloader.dll handle: 73520000 size: 38400 crc: 43D1875C date: 2008-01-18 22:34:06
 C:\Windows\system32\mswsock.dll handle: 74DA0000 size: 223232 crc: 3746AAB9 date: 2008-01-18 22:35:16
 C:\Windows\System32\wshtcpip.dll handle: 74A30000 size: 9216 crc: 10C50FC1 date: 2008-01-18 22:37:12

System information:
 Windows version 6.0 6001 Service Pack 1

---- gamelog start ----
Tick 0: new game started
     Revision text changed to r15418, savegame version 113, not modified, _openttd_newgrf_version = 0x07003c3a
     New game mode: 1 landscape: 0
     Added NewGRF: GRF ID 4D570102, checksum 8C41066F2430A1762047AB077B51EE63, filename: hover_bus.1.0\hoverbus_1.0.grf
     Added NewGRF: GRF ID 44440A01, checksum A7EA6FB6732157AEE44627A64EBCDAE6, filename: av8_aviators_aircraft_set.v1.331\pb_av8w.grf
---- gamelog end ----
