*** OpenTTD Crash Report ***

Crash at: Thu Sep 27 09:25:30 2012
In game date: 1929-10-01 (0)

Crash reason:
 Exception: C0000005
 Location:  000000013FB05EFF
 Message:   <none>

OpenTTD version:
 Version:    HardPack-0.7.144 (1)
 NewGRF ver: 13000000
 Bits:       64
 Endian:     little
 Dedicated:  no
 Build date: Aug 13 2012 20:13:39

Registers:
 RAX: 0000000026515BE0 RBX: 00000000265443F0 RCX: 0000000000000000 RDX: 0000000026522DD0
 RSI: 00000000000000FF RDI: 0000000026522DD0 RBP: 000000000023E5D9 RSP: 000000000023E4E0
 R8:  0000000000000002 R9:  0000000000000000 R10: 0000000026522DD0 R11: 0000000000000001
 R12: 0000000000000002 R13: 7FFFFFFFFFFFFFFF R14: 0000000000000000 R15: 0000000000000003
 RIP: 000000013FB05EFF EFLAGS: 00010297

 Bytes at instruction pointer:
 8B 41 18 3B 05 A4 00 A1 00 73 65 48 8B 15 27 67 A5 00 8B C8 8A 04 C2 C0

Stack trace:
 000000C8 00000000 000000C8 00000000 01EF0348 00000000 779F1468 00000000
 26522DD0 00000000 3FAE744D 00000001 00000000 00000000 01C40470 00000000
 00000000 00000000 00000000 00000000 00000000 00000000 00000000 00000000
 00000000 00000000 00000000 00000000 00000000 00000000 00000001 00000000
 000000C8 00000000 0000024F 00000000 00000005 00000000 40540B8C 00000001
 0000FF01 00000000 4041A818 00000001 00000136 00000000 00000088 00000000
 40540B8C 00000001 00000200 00000000 4041A818 00000001 00000161 00000001
 00000088 00000000 00000020 00000000 28F7347F 00000000 28F73400 00000000
 28F73440 00000000 FFFFFFFE FFFFFFFF 00000000 00000000 00000000 00000000
 00000001 00000000 000000C8 00000000 00000000 00000000 0023E760 00000000
 00000002 00000000 2650F740 00000000 28F73400 00000000 3FC16810 00000001
 00000002 00000000 000000FF 00000000 00000000 00000000 0023E760 00000000
 FFFFFFFF 00000000 00000000 00000000 FFFFFFFF 00000000 28F73400 00000000
 00000000 00000000 0000004B 00000000 00000001 00000000 3FAD98D8 00000001
 00000010 00000000 0023E779 00000000 0023E808 00000000 00000000 00000000
 00000002 00000000 00000000 00000000 00000000 00000000 00000000 00000000
 00000000 00000000 00000000 00000000 00000000 00000000 00000000 00000000
 FFFF0100 00000001 000000FF 00000000 40540B8C 00000001 00001001 00000000
 40414168 00000001 00000294 00000000 000000FF 00000000 00000000 00000000
 0001FFFF 00000000 00000000 00000000 3FC1665C 00000001 FFFFFFFE FFFFFFFF
 000000FF 00000000 00000000 00000000 0001FFFF 00000000 00000000 00000000
 00000000 00000000 00000000 00000000 00000002 00000000 00000000 00000000
 00000000 00000000 2650F700 00000000 0023E8C0 00000000 3FAD9335 00000001
 0000004B 00000000 00000000 00000000 00020002 00000000 00000002 00000000

Operating system:
 Name:     Windows
 Release:  6.1.7600 ()
 Compiler: MSVC 1600

Configuration:
 Blitter:      32bpp-anim-aa
 Graphics set: OpenGFX (988)
 Language:     D:\SystemProg\openttd-hardpack-0.7.144\lang\russian.lng
 Music driver: win32
 Music set:    OpenMSX (96)
 Network:      no
 Sound driver: win32
 Sound set:    OpenSFX (87)
 Video driver: win32

AI Configuration (local: 0):
  0: Human
  1: Trans (v100307)
  2: trAIns (v2)
  3: Terron (v203)
  4: Trans (v100307)

Libraries:
 FreeType:   2.4.4
 ICU:        4.4.2
 LZMA:       5.0.0
 LZO:        2.03
 PNG:        1.4.5
 Zlib:       1.2.5

Module information:
 D:\SystemProg\openttd-hardpack-0.7.144\openttd_x64.exe handle: 000000013FAD0000 size: 11056128 crc: 14344286 date: 2012-08-13 16:19:19
 C:\Windows\SYSTEM32\ntdll.dll handle: 00000000779A0000 size: 1739160 crc: CE0F1695 date: 2011-11-17 07:14:10
 C:\Windows\system32\kernel32.dll handle: 0000000077880000 size: 1162240 crc: B66ABA11 date: 2011-07-16 05:21:32
 C:\Windows\system32\KERNELBASE.dll handle: 000007FEFD9B0000 size: 422400 crc: 02D4CD73 date: 2011-07-16 05:21:32
 C:\Windows\system32\WINMM.dll handle: 000007FEF9C90000 size: 217600 crc: 7BC1529F date: 2009-07-14 01:41:56
 C:\Windows\system32\msvcrt.dll handle: 000007FEFF670000 size: 634368 crc: 20CD7C2F date: 2011-12-16 08:42:13
 C:\Windows\system32\USER32.dll handle: 0000000077780000 size: 1008640 crc: 95FA0345 date: 2009-07-14 01:41:56
 C:\Windows\system32\GDI32.dll handle: 000007FEFF050000 size: 404480 crc: 0F1BAE69 date: 2009-07-14 01:40:56
 C:\Windows\system32\LPK.dll handle: 000007FEFF330000 size: 41984 crc: 350AF03B date: 2009-07-14 01:41:19
 C:\Windows\system32\USP10.dll handle: 000007FEFF390000 size: 801280 crc: 32EFA120 date: 2009-07-14 01:41:56
 C:\Windows\system32\WS2_32.dll handle: 000007FEFEB00000 size: 296448 crc: B9553AFD date: 2009-07-14 01:41:58
 C:\Windows\system32\RPCRT4.dll handle: 000007FEFEE10000 size: 1221632 crc: D5B6358C date: 2009-07-14 01:41:53
 C:\Windows\system32\NSI.dll handle: 000007FEFEB50000 size: 13824 crc: 53B46F6C date: 2009-07-14 01:41:53
 C:\Windows\system32\ADVAPI32.dll handle: 000007FEFF890000 size: 877056 crc: FA615A20 date: 2009-07-14 01:40:01
 C:\Windows\SYSTEM32\sechost.dll handle: 000007FEFF2F0000 size: 113664 crc: 978CFAE5 date: 2009-07-14 01:41:53
 C:\Windows\system32\SHELL32.dll handle: 000007FEFDCD0000 size: 14162944 crc: 38C0D5D7 date: 2010-07-27 14:59:11
 C:\Windows\system32\SHLWAPI.dll handle: 000007FEFF270000 size: 449536 crc: 0BFDF102 date: 2009-07-14 01:41:54
 C:\Windows\system32\IMM32.DLL handle: 000007FEFF460000 size: 167424 crc: 41B2805A date: 2009-07-14 01:41:09
 C:\Windows\system32\MSCTF.dll handle: 000007FEFEF40000 size: 1067008 crc: 798DDDA0 date: 2009-07-14 01:41:28
 C:\Windows\system32\SHFolder.dll handle: 000007FEF14E0000 size: 10240 crc: 08A48DE3 date: 2009-07-14 01:41:54
 C:\Windows\system32\ole32.dll handle: 000007FEFEB60000 size: 2085376 crc: 4764DDC2 date: 2010-06-29 05:39:12
 C:\Windows\system32\CRYPTBASE.dll handle: 000007FEFD7F0000 size: 44032 crc: F547C16E date: 2009-07-14 01:40:24
 C:\Windows\system32\mswsock.dll handle: 000007FEFD120000 size: 320000 crc: EA387916 date: 2009-07-14 01:41:34
 C:\Windows\System32\wshtcpip.dll handle: 000007FEFCB20000 size: 13312 crc: 5D1E2C55 date: 2009-07-14 01:41:58
 C:\Windows\system32\MMDevAPI.DLL handle: 000007FEFBBB0000 size: 284160 crc: CDF2EF81 date: 2009-07-14 01:41:26
 C:\Windows\system32\PROPSYS.dll handle: 000007FEFBA80000 size: 1212416 crc: 98D01BC9 date: 2009-07-14 01:41:53
 C:\Windows\system32\OLEAUT32.dll handle: 000007FEFFBD0000 size: 861184 crc: 2C569B03 date: 2011-08-27 05:40:28
 C:\Windows\system32\wdmaud.drv handle: 000007FEEEF30000 size: 217088 crc: AB6BC545 date: 2009-07-14 01:38:50
 C:\Windows\system32\ksuser.dll handle: 0000000071520000 size: 5120 crc: AA2071D9 date: 2009-07-14 01:41:13
 C:\Windows\system32\AVRT.dll handle: 000007FEFAF80000 size: 18432 crc: 5CE53CB7 date: 2009-07-14 01:40:05
 C:\Windows\system32\SETUPAPI.dll handle: 000007FEFF490000 size: 1899520 crc: 91ED5D15 date: 2009-07-14 01:41:54
 C:\Windows\system32\CFGMGR32.dll handle: 000007FEFDB20000 size: 207360 crc: 369326FC date: 2009-07-14 01:40:15
 C:\Windows\system32\DEVOBJ.dll handle: 000007FEFDAC0000 size: 93184 crc: A7541AE2 date: 2009-07-14 01:40:28
 C:\Windows\system32\AUDIOSES.DLL handle: 000007FEEEEB0000 size: 296448 crc: 07CA71DE date: 2009-07-14 01:40:04
 C:\Windows\system32\msacm32.drv handle: 000007FEF0650000 size: 25600 crc: 2B579A05 date: 2009-07-14 01:38:50
 C:\Windows\system32\MSACM32.dll handle: 000007FEEEE90000 size: 83456 crc: 3D67538B date: 2009-07-14 01:41:27
 C:\Windows\system32\midimap.dll handle: 000007FEF0640000 size: 20480 crc: CB902A13 date: 2009-07-14 01:41:23
 C:\Windows\system32\CLBCatQ.DLL handle: 000007FEFED70000 size: 607744 crc: 939E35C9 date: 2009-07-14 01:40:15
 C:\Windows\system32\psapi.dll handle: 0000000077B60000 size: 9216 crc: 84B5E9BA date: 2009-07-14 01:41:53

---- gamelog start ----
Tick 0: new game started
     Revision text changed to HardPack-0.7.1, savegame version 193, maybe modified, _openttd_newgrf_version = 0x13000000
     New game mode: 1 landscape: 0
     Added NewGRF: GRF ID 44440A01, checksum ECEB9DF262403B15841B9610C1300BDF, filename: av8_aviators_aircraft_set-2.11\pb_av8w.grf (md5sum matches)
     Added NewGRF: GRF ID 4D470303, checksum 9D1941376FAA9869CFE563BEADB4E7D2, filename: basemod-3.2.1\basecosts.grf (md5sum matches)
     Added NewGRF: GRF ID 43415463, checksum 637BAB6FD6B33DFBF26D82F2BC50E8B0, filename: CanStnw.grf (md5sum matches)
     Added NewGRF: GRF ID 4D656F97, checksum EDD51D4944C05B7C07872D68B0373069, filename: ecs_agricultural_vector-1.1.219jun2011\ecsagri.grf (md5sum matches)
     Added NewGRF: GRF ID 4D656F9F, checksum C3C038168C5E7273BD17D833C353E35B, filename: ecs_basic_vector_ii-1.1.219jun2011\ecsbas2.grf (md5sum matches)
     Added NewGRF: GRF ID 4D656F9C, checksum 1F6B20372197A5E937F1AE434ED0C2FA, filename: ecs_chemical_vector_ii-1.1.219jun2011\ecschem2.grf (md5sum matches)
     Added NewGRF: GRF ID 4D656F9D, checksum A4D9273D4C56BD2432E8994B95652D65, filename: ecs_houses-1.1.219jun2011\ecshouse.grf (md5sum matches)
     Added NewGRF: GRF ID 4D656F94, checksum A6BC43D8CF1F931FAB6955CEC6DE7F19, filename: ecs_machinery_vector-1.1.219jun2011\ecsmach.grf (md5sum matches)
     Added NewGRF: GRF ID 4D656F91, checksum 937BA8D623EC2298B8B703EB183B2587, filename: ecs_town_vector-1.1.219jun2011\ecstown.grf (md5sum matches)
     Added NewGRF: GRF ID 4D656F95, checksum CD1F5F59485681A857648BE5322EDCE8, filename: ecs_wood_vector-1.1.219jun2011\ecswood.grf (md5sum matches)
     Added NewGRF: GRF ID 52571201, checksum C1C7D8C53EB7E74EEE2F0EF29638B466, filename: egrvts.1.0\egrvts.grf (md5sum matches)
     Added NewGRF: GRF ID 414E0101, checksum 5D665C64693A438E3046C22666F46E08, filename: fish_ship_set-0.9.2\fish.grf (md5sum matches)
     Added NewGRF: GRF ID FBFB0301, checksum D961A46B2CC37A04CD4FCBEDD2311A53, filename: foobars_tram_tracks-1.0.1\foobarstramtracks.grf (md5sum matches)
     Added NewGRF: GRF ID 41501202, checksum 7FD3A30F749BFA5D5E1DF61326AD9B08, filename: heqs_heavy_equipment_set-1.5.1\heqs.grf (md5sum matches)
     Added NewGRF: GRF ID 4A430002, checksum EFB21CFA6828362FDA9B2D629B5EEEB4, filename: industrial_stations_renewal-0.8.1\indstatr.grf (md5sum matches)
     Added NewGRF: GRF ID 58534D00, checksum 6F4C28B41F5127046DED0320D0BE533B, filename: mtss\modern_set.grf (md5sum matches)
     Added NewGRF: GRF ID 444A5401, checksum 70955580042DE6758938EA904A2223CA, filename: nutracks-1.1.2\nutracks.grf (md5sum matches)
     Added NewGRF: GRF ID 43415000, checksum C6AE1C574FD881A706AA2B623FB83BC1, filename: climate_dependant_airports-0.3.0\airportsplus.grf (md5sum matches)
     Added NewGRF: GRF ID 50431001, checksum BFF7F33ECEA6021873F9F876DE6C285E, filename: snow_aware_arctic_buildings-1.0\arctic_buildings.grf (md5sum matches)
     Added NewGRF: GRF ID 74677462, checksum A2396FFDCC0F1BA37A2A89EF525CDF21, filename: total_bridge_renewal_set.1.12\total_bridges.grf (md5sum matches)
     Added NewGRF: GRF ID 56430001, checksum 0CB8AD0B5E08C40893EDD63DBF49A192, filename: total_town_replacement_set-3.13\ttrs3w.grf (md5sum matches)
     Added NewGRF: GRF ID 44441000, checksum 1EA0E056EE9F4A3DC4AA9FFB7F1DF1AB, filename: ukrs2__the_uk_railway_set-1.01\proj1000.grf (md5sum matches)
     Added NewGRF: GRF ID 44441001, checksum AF6916E347B9F130997C6D95D2E7CC8D, filename: ukrs2_uk_railway_addon_set-centaur\pj1kadd.grf (md5sum matches)
Tick 57252: game loaded
     Revision text changed to HardPack-0.7.1, savegame version 193, maybe modified, _openttd_newgrf_version = 0x13000000
Tick 62538: game loaded
     Revision text changed to HardPack-0.7.1, savegame version 193, maybe modified, _openttd_newgrf_version = 0x13000000
Tick 63236: game loaded
     Revision text changed to HardPack-0.7.1, savegame version 193, maybe modified, _openttd_newgrf_version = 0x13000000
---- gamelog end ----

*** End of OpenTTD Crash Report ***

Decoded stack trace:
[00] openttd_x64          0x000000013FB05EFF
[01] openttd_x64          0x000000013FAE744D
[02] openttd_x64          0x000000013FC16810
[03] openttd_x64          0x000000013FAD98D8
[04] openttd_x64          0x000000013FAD9335
[05] openttd_x64          0x000000013FAE7E66
[06] openttd_x64          0x000000013FAE89A6
[07] openttd_x64          0x000000013FAE2FDB
[08] openttd_x64          0x000000013FB2C440
[09] openttd_x64          0x000000013FB2C84B
[10] openttd_x64          0x000000013FDB40E0
[11] openttd_x64          0x000000013FB2A5AC
[12] openttd_x64          0x000000013FDB6622
[13] openttd_x64          0x000000013FEB084C
[14] kernel32             0x000000007789F33D BaseThreadInitThunk + 13
[15] ntdll                0x00000000779D2CA1 RtlUserThreadStart + 33

*** End of additional info ***
