*** OpenTTD Crash Report ***

Crash at: Sat Oct 31 08:41:05 2009

Crash reason:
 Signal:  Aborted (6)
 Message: Assertion failed at line 53 of /home/chu/projects/ttd/src/core/pool_type.hpp: index < this->first_unused

OpenTTD version:
 Version:    r17911 (0)
 NewGRF ver: 080045f7
 Bits:       32
 Endian:     little
 Dedicated:  no
 Build date: Oct 31 2009 09:33:33

Stacktrace:
 [00] ./openttd(_ZNK12CrashLogUnix13LogStacktraceEPcPKc+0x43) [0x8252603]
 [01] ./openttd(_ZNK8CrashLog12FillCrashLogEPcPKc+0xaf) [0x8194dbf]
 [02] ./openttd(_ZNK8CrashLog12MakeCrashLogEv+0x9c) [0x8194ecc]
 [03] ./openttd(_Z11HandleCrashi+0x78) [0x8252558]
 [04] [0x737400]
 [05] [0x737416]
 [06] /lib/libc.so.6(gsignal+0x50) [0x21f450]
 [07] /lib/libc.so.6(abort+0x188) [0x220e18]
 [08] ./openttd(_Z13StateGameLoopv+0) [0x82434a0]
 [09] ./openttd [0x82d3675]
 [10] ./openttd(_Z17GetStringWithArgsPcjPxPKc+0x69) [0x82d3e89]
 [11] ./openttd [0x82d25c4]
 [12] ./openttd(_Z17GetStringWithArgsPcjPxPKc+0x69) [0x82d3e89]
 [13] ./openttd(_Z9GetStringPctPKc+0x28) [0x82d4338]
 [14] ./openttd(_Z20GetStringBoundingBoxt+0x3e) [0x81c110e]
 [15] ./openttd(_ZN11NWidgetLeaf17SetupSmallestSizeEP6Windowb+0x27f) [0x833823f]
 [16] ./openttd(_ZN17NWidgetHorizontal17SetupSmallestSizeEP6Windowb+0x5c) [0x8338acc]
 [17] ./openttd(_ZN15NWidgetVertical17SetupSmallestSizeEP6Windowb+0x5c) [0x833895c]
 [18] ./openttd(_ZN6Window14InitializeDataE11WindowClassPK6Widgeti+0x2d5) [0x833ffe5]
 [19] ./openttd(_ZN6Window16FinishInitNestedEPK10WindowDesci+0x36) [0x83400f6]
 [20] ./openttd(_Z23AllocateWindowDescFrontI17VehicleListWindowEPT_PK10WindowDesci+0x223) [0x831f8c3]
 [21] ./openttd [0x831d083]
 [22] ./openttd [0x82dff77]
 [23] ./openttd(_ZN14DropdownWindow11OnMouseLoopEv+0x123) [0x833d063]
 [24] ./openttd(_Z9MouseLoop10MouseClicki+0x28) [0x8341968]
 [25] ./openttd(_Z17HandleMouseEventsv+0x5d) [0x8342cfd]
 [26] ./openttd(_ZN15VideoDriver_SDL8MainLoopEv+0x28d) [0x8322f9d]
 [27] ./openttd(_Z8ttd_mainiPPc+0xdec) [0x824527c]
 [28] ./openttd(main+0x57) [0x8252887]
 [29] /lib/libc.so.6(__libc_start_main+0xe5) [0x20a6d5]
 [30] ./openttd [0x80c9a01]

Operating system:
 Name:    Linux
 Release: 2.6.27.21-170.2.56.fc10.i686
 Version: #1 SMP Mon Mar 23 23:37:54 EDT 2009
 Machine: i686

Configuration:
 Blitter:      8bpp-optimized
 Graphics set: original_windows
 Language:     german.lng
 Music driver: extmidi
 Sound driver: sdl
 Sound set:    original_windows
 Video driver: sdl

AI Configuration:
  0: Human

Libraries:
 FontConfig: 2.6.0
 FreeType:   2.3.7
 PNG:        1.2.31
 SDL:        1.2.13

---- gamelog start ----
Tick 0: new game started
     Revision text changed to r17911, savegame version 127, not modified, _openttd_newgrf_version = 0x080045f7
     New game mode: 1 landscape: 0
---- gamelog end ----

*** End of OpenTTD Crash Report ***
