*** OpenTTD Crash Report ***

Crash at: Wed May 04 16:54:44 2016
In game date: 2051-05-09 (27)

Crash reason:
 Exception: C0000005
 Location:  00007FF678A75A5B
 Message:   <none>

OpenTTD version:
 Version:    1.6.0 (0)
 NewGRF ver: 16086b8c
 Bits:       64
 Endian:     little
 Dedicated:  no
 Build date: Apr  1 2016 18:51:06

Registers:
 RAX: 00007FF678CDB3B0 RBX: 0000000000000000 RCX: FFC8C8C8FFB8B8B8 RDX: 0000000000000000
 RSI: 0000000002D99700 RDI: 00000000009A8760 RBP: 000000000014ED78 RSP: 000000000014ECB0
 R8:  0000000002C63170 R9:  000000000000000D R10: 000000000000000D R11: 000000000014ED80
 R12: 0000000002D99700 R13: 0000000000000010 R14: 0000000000000000 R15: 0000000000000001
 RIP: 00007FF678A75A5B EFLAGS: 00010202

 Bytes at instruction pointer:
 48 8B 49 10 E8 B0 EB 00 00 48 85 C0 74 05 80 38 00 75 04 49 8B 40 30 48

Stack trace:
 02CE0F60 00000000 02CAE150 00000000 0014ED80 00000000 788D3137 00007FF6
 02CAE150 00000000 78918FF6 00007FF6 00000150 00000000 02D63D30 00000000
 02CE0F60 00000000 788D3137 00007FF6 02D5FFE0 00000000 788D5F7C 00007FF6
 00000300 00000000 78CD7990 00007FF6 02C5F2B0 00000000 788D4851 00007FF6
 02C5F2B0 00000000 0014ED80 00000000 02C5F2B0 00000000 00000001 00000000
 00000026 00000000 00000000 0000000D 0000000D 00000000 0000022E 0000000D
 00000000 0000000E 00000300 00000000 00000010 00000000 000003CF 00000000
 00000240 00000000 02D99700 00000000 02D99700 00000000 009A8760 00000000
 02D99700 00000000 788D3137 00007FF6 009A8760 00000000 02D99700 00000000
 00000128 00000000 788D2994 00007FF6 02D99700 00000000 788D3137 00007FF6
 02D5A630 00000000 237F8EA0 00000000 02D63D30 00000000 02D63D30 00000000
 00000128 00000000 788D2994 00007FF6 0014EEF0 00000000 00000240 00000000
 00000128 00000000 788D8E9A 00007FF6 00000242 00000000 0014EEF0 00000000
 00000300 00000000 00000010 00000000 000003CF 00000000 00000240 00000000
 00000128 00000000 788D8E9A 00007FF6 00000242 00000000 0014EEF0 00000000
 02D99700 00000000 00000242 00000000 00000190 00000120 00000240 00000140
 00000280 00000000 7887D9DC 00007FF6 02D99700 00000000 00000128 00000000
 00000190 00000000 00000280 00000000 00000190 00000000 00000000 00000000
 025F8908 00000000 000000D0 FFFFFFF4 0000003E 00000068 00000400 00000000
 00000240 00000000 7887DBA7 00007FF6 00000400 00000000 00000128 00000000
 00000300 00000000 00A0CAA9 00000000 00000001 00000000 00000000 00000000
 001EA8C1 00000000 0000FFFF 00000000 00000000 00000000 788DC071 00007FF6
 00000010 00000000 00000000 00000000 0014F100 00000000 001EA8C1 00000000
 001EA8DF 00000000 78AB7906 00007FF6 001EA800 00000000 001EA8C1 00000000

Operating system:
 Name:     Windows
 Release:  6.2.9200 ()
 Compiler: MSVC 1600

Configuration:
 Blitter:      32bpp-anim
 Graphics set: OpenGFX (5580)
 Language:     C:\Program Files\OpenTTD\lang\english.lng
 Music driver: win32
 Music set:    OpenMSX (96)
 Network:      no
 Sound driver: win32
 Sound set:    OpenSFX (87)
 Video driver: win32

Fonts:
 Small:  sprite
 Medium: sprite
 Large:  sprite
 Mono:   sprite

AI Configuration (local: 0):
  0: Human

Libraries:
 FreeType:   2.4.11
 LZMA:       5.0.4
 LZO:        2.06
 PNG:        1.5.14
 Zlib:       1.2.7

Module information:
 C:\Program Files\OpenTTD\openttd.exe handle: 00007FF678850000 size: 4979200 crc: 3C1A7EB8 date: 2016-04-01 18:55:04
 C:\WINDOWS\SYSTEM32\ntdll.dll handle: 00007FFA49BD0000 size: 1818696 crc: 58CFBA79 date: 2016-04-20 05:24:14
 C:\WINDOWS\system32\KERNEL32.DLL handle: 00007FFA488C0000 size: 705584 crc: DD3F02D6 date: 2015-10-30 07:17:46
 C:\WINDOWS\system32\KERNELBASE.dll handle: 00007FFA46D50000 size: 1997328 crc: 5839649B date: 2016-04-20 05:24:14
 C:\WINDOWS\system32\apphelp.dll handle: 00007FFA449C0000 size: 479744 crc: 702D6C0F date: 2015-10-30 07:17:50
 C:\WINDOWS\system32\WS2_32.dll handle: 00007FFA495A0000 size: 430816 crc: C93B2BDA date: 2015-10-30 07:18:03
 C:\WINDOWS\system32\sechost.dll handle: 00007FFA47110000 size: 371360 crc: F09DC2E8 date: 2015-10-30 07:18:03
 C:\WINDOWS\system32\RPCRT4.dll handle: 00007FFA48D40000 size: 1162144 crc: 618F4F4A date: 2015-10-30 07:18:03
 C:\WINDOWS\SYSTEM32\WINMM.dll handle: 00007FFA44900000 size: 121992 crc: B480264F date: 2015-10-30 07:17:57
 C:\WINDOWS\system32\IMM32.dll handle: 00007FFA493C0000 size: 230416 crc: D52158C0 date: 2015-10-30 07:17:58
 C:\WINDOWS\system32\USER32.dll handle: 00007FFA486F0000 size: 1399224 crc: B7761272 date: 2016-02-13 17:32:09
 C:\WINDOWS\system32\msvcrt.dll handle: 00007FFA49270000 size: 633760 crc: 247C0236 date: 2015-10-30 07:18:03
 C:\WINDOWS\system32\GDI32.dll handle: 00007FFA49410000 size: 1594408 crc: 8265219D date: 2016-02-13 17:32:09
 C:\WINDOWS\SYSTEM32\WINMMBASE.dll handle: 00007FFA448A0000 size: 166344 crc: F410A696 date: 2015-10-30 07:17:57
 C:\WINDOWS\system32\ADVAPI32.dll handle: 00007FFA48C90000 size: 671472 crc: A52B4190 date: 2016-02-13 17:32:22
 C:\WINDOWS\system32\cfgmgr32.dll handle: 00007FFA46C20000 size: 264488 crc: 1178E451 date: 2015-10-30 07:17:50
 C:\WINDOWS\system32\SHELL32.dll handle: 00007FFA47170000 size: 22564328 crc: 25780887 date: 2016-04-20 05:24:14
 C:\WINDOWS\system32\windows.storage.dll handle: 00007FFA465D0000 size: 6607080 crc: 56B734FC date: 2016-04-20 05:24:09
 C:\WINDOWS\system32\combase.dll handle: 00007FFA48A00000 size: 2606824 crc: 10B62289 date: 2016-02-13 17:32:09
 C:\WINDOWS\system32\bcryptPrimitives.dll handle: 00007FFA46F40000 size: 431296 crc: 9F19A044 date: 2015-10-30 07:18:03
 C:\WINDOWS\system32\shlwapi.dll handle: 00007FFA49B70000 size: 332104 crc: 9EA86865 date: 2015-10-30 07:18:14
 C:\WINDOWS\system32\kernel.appcore.dll handle: 00007FFA46250000 size: 45016 crc: A6EF8C2D date: 2015-10-30 07:17:47
 C:\WINDOWS\system32\shcore.dll handle: 00007FFA46C70000 size: 726288 crc: 73E14A03 date: 2015-10-30 07:18:16
 C:\WINDOWS\system32\powrprof.dll handle: 00007FFA46200000 size: 294472 crc: C01CDE24 date: 2015-10-30 07:17:48
 C:\WINDOWS\system32\profapi.dll handle: 00007FFA461E0000 size: 68752 crc: 530B5C2C date: 2015-10-30 07:18:03
 C:\WINDOWS\system32\uxtheme.dll handle: 00007FFA44B50000 size: 589312 crc: 5FCF2AF5 date: 2015-10-30 07:18:15
 C:\WINDOWS\system32\MSCTF.dll handle: 00007FFA46FB0000 size: 1415200 crc: 4FB7AA27 date: 2016-02-13 17:32:14
 C:\WINDOWS\system32\dwmapi.dll handle: 00007FFA44310000 size: 107520 crc: F19EA449 date: 2015-10-30 07:17:58
 C:\WINDOWS\system32\mswsock.dll handle: 00007FFA45AA0000 size: 357216 crc: 31E14371 date: 2015-10-30 07:18:03
 C:\WINDOWS\SYSTEM32\MMDevAPI.DLL handle: 00007FFA420A0000 size: 440120 crc: 7B397B17 date: 2015-10-30 07:17:57
 C:\WINDOWS\SYSTEM32\DEVOBJ.dll handle: 00007FFA44BF0000 size: 149816 crc: D9B3F76C date: 2015-10-30 07:17:50
 C:\WINDOWS\SYSTEM32\PROPSYS.dll handle: 00007FFA436E0000 size: 1603224 crc: E0F4EB2A date: 2015-10-30 07:17:59
 C:\WINDOWS\system32\OLEAUT32.dll handle: 00007FFA49610000 size: 785088 crc: 372AF6B1 date: 2015-10-30 07:18:03
 C:\WINDOWS\SYSTEM32\wdmaud.drv handle: 00007FFA423B0000 size: 245248 crc: ACC4D569 date: 2015-10-30 07:17:57
 C:\WINDOWS\SYSTEM32\ksuser.dll handle: 00007FFA44940000 size: 22752 crc: 6642CF0D date: 2015-10-30 07:17:57
 C:\WINDOWS\SYSTEM32\AVRT.dll handle: 00007FFA41D50000 size: 32592 crc: 7C87F235 date: 2015-10-30 07:17:57
 C:\WINDOWS\SYSTEM32\AUDIOSES.DLL handle: 00007FFA3DD50000 size: 536256 crc: F1B31B9B date: 2016-04-20 05:24:14
 C:\WINDOWS\SYSTEM32\wintypes.dll handle: 00007FFA40CC0000 size: 1270072 crc: D09BD426 date: 2016-02-13 17:32:09
 C:\WINDOWS\SYSTEM32\msacm32.drv handle: 00007FFA423A0000 size: 27648 crc: ABE231B6 date: 2015-10-30 07:17:57
 C:\WINDOWS\SYSTEM32\MSACM32.dll handle: 00007FFA3E1F0000 size: 105392 crc: FE9F1281 date: 2015-10-30 07:17:57
 C:\WINDOWS\SYSTEM32\midimap.dll handle: 00007FFA42390000 size: 25088 crc: 7C988B63 date: 2015-10-30 07:17:57
 C:\WINDOWS\system32\clbcatq.dll handle: 00007FFA49310000 size: 662704 crc: 0C48BB7E date: 2015-10-30 07:17:51
 C:\WINDOWS\system32\psapi.dll handle: 00007FFA48970000 size: 18656 crc: 4BB4B30F date: 2015-10-30 07:17:50

---- gamelog start ----
Tick 62675: game loaded
Conversion from OTTD savegame without gamelog: version 4, 1
Revision text changed to 1.6.0, savegame version 194, not modified, _openttd_newgrf_version = 0x16086b8c
New game mode: 0 landscape: 1
Added NewGRF: GRF ID 52530101, checksum A49755DA6EF93C43A72C1BC1F6C1D453, filename: improved_oil_rig_layout-3\oilrig.grf (md5sum matches)
---- gamelog end ----

*** End of OpenTTD Crash Report ***

Decoded stack trace:
[00] openttd              0x00007FF678A75A5B
[01] openttd              0x00007FF678918FF6
[02] openttd              0x00007FF6788D5F7C
 <infinite loop>

*** End of additional info ***
