*** OpenTTD Crash Report ***
Date: 2008-02-17 19:58:15
Build: 0.6.0-beta3 built on Jan 15 2008 22:01:30
Exception C0000005 at 00441D44
Registers:
 EAX: 00000000 EBX: 00660748 ECX: 00000020 EDX: 00000400
 ESI: 00660748 EDI: 00DB30F8 EBP: 0012FA70 ESP: 0012FA64
 EIP: 00441D44 EFLAGS: 00010212

Bytes at CS:EIP:
 8B 00 56 89 45 FC 89 7D F8 83 7D F8 00 8B 77 04 74 05 39 7D F8 74 05 E8

Stack trace: 
 000001A8 0066067C 00660748 0012FACC 00442175 00000000 00660748 00660748
 00000000 0012FACC 00000000 00000000 7E01FFFF 000000FF 00000000 00000000
 0001FFFF 000000FF 00000000 00000000 0001FFFF 006606E8 0066067C 00000000
 0000020E 00443C57 0012FAF0 00443C36 0044FA01 006603A8 00660748 0012FB00
 00660748 000000F3 00000000 0012FB58 00443CF7 00000001 006603A8 00660748
 00441EFB 006603A8 00660748 006603A0 006604E4 004527FE 00000001 006603B0
 006604E4 006603A0 3886C565 3886C555 005B733B 00413F9C 0012FB17 00000016
 00000003 006603AC 006605B0 0012FB58 006603A0 0012FB7C 00443C36 00000008
 00000001 00001DE8 00000054 003DE1A0 28744824 502C784C 0012FBC8 00444903
 00000008 3886C555 3886C565 00000000 00445420 3886C555 3886C565 00000000
 00006CFC 94FC007C 00ACFC00 FC00C4FC 0014003C 0000FF00 F0000000 000000D0
 00000000 00000000 004457AD 00000000 00000000 3886C555 3886C565 0012FBF4
 00000000 00424FEF 00000000 0012FBDC 7E41E63A 004CFDEA 00663CB0 005DD05C
 0012FD10 00000000 3886C565 3886C583 00000000 00000000 00000000 003C07BE
 0000000F 00000000 00000000 3886C545 000003EE 000002A8 004244B8 0012FD24
 00000001 00000001 0001FC80 00000000 00000008 FFFFFFFF 00000000 00000000
 00000000 FFFFFFFF 0012FE2C 00580578 00000000 7C90EE18 FFFFFFFF 00000000
 00000000 00000000 00000000 00020700 0012FCBC 7C821602 0000002C FFFFFFFF
 0000002A 00000104 0000FDE9 0012FD00 00000001 00000029 0012FCE8 7C82155B
 0000FDE9 00000000 00020728 FFFFFF00 0012FD24 00000104 00000000 00000000
 00000A28 0012FF28 00443763 0000FD00 00000000 00020728 FFFFFFFF 0012FD24
 00000104 0000C68B 0012FF28 0012FF28 00443328 0012FE28 00000A28 00000002
 5C3A4522 656D6147 704F5C73 54546E65 2E302044 62302E36 706F5C33 74746E65
 78652E64 20200065 003D6800 0012FEDC 0000000A 0012FEDC 0000000A 0012FD78

Module information:
 E:\Games\OpenTTD 0.6.0b3\openttd.exe handle: 00400000 size: 1782272 crc: 6969C673 date: 2008-01-15 21:06:22
 C:\WINDOWS\system32\ntdll.dll handle: 7C900000 size: 708096 crc: A5A50370 date: 2004-08-03 23:56:38
 C:\WINDOWS\system32\kernel32.dll handle: 7C800000 size: 986112 crc: 04D58B93 date: 2007-09-20 04:33:26
 C:\WINDOWS\system32\WINMM.dll handle: 76B40000 size: 176128 crc: 123646FA date: 2004-08-03 23:56:48
 C:\WINDOWS\system32\USER32.dll handle: 7E410000 size: 578048 crc: DBF908BB date: 2007-09-20 04:35:06
 C:\WINDOWS\system32\GDI32.dll handle: 77F10000 size: 282112 crc: 7C6349D0 date: 2007-09-20 04:48:54
 C:\WINDOWS\system32\ADVAPI32.dll handle: 77DD0000 size: 616960 crc: 5E7A2F0A date: 2004-08-03 23:56:42
 C:\WINDOWS\system32\RPCRT4.dll handle: 77E70000 size: 582656 crc: F26AFEEB date: 2007-09-20 04:34:37
 C:\WINDOWS\system32\WS2_32.dll handle: 71AB0000 size: 82944 crc: 9738CC56 date: 2004-08-03 23:56:48
 C:\WINDOWS\system32\msvcrt.dll handle: 77C10000 size: 343040 crc: 22FF0A89 date: 2007-09-20 04:34:13
 C:\WINDOWS\system32\WS2HELP.dll handle: 71AA0000 size: 19968 crc: F5DD5AB6 date: 2004-08-03 23:56:48
 C:\WINDOWS\system32\IMM32.DLL handle: 76390000 size: 110080 crc: FD65A0DD date: 2004-08-03 23:56:44
 C:\WINDOWS\system32\SHFolder.dll handle: 76780000 size: 25088 crc: 2EC7582B date: 2004-08-03 23:56:46
 C:\WINDOWS\system32\SHLWAPI.dll handle: 77F60000 size: 474112 crc: 521D0CB3 date: 2007-09-20 04:59:11
 C:\WINDOWS\WinSxS\x86_Microsoft.Windows.Common-Controls_6595b64144ccf1df_6.0.2600.2982_x-ww_ac3f9c03\comctl32.dll handle: 773D0000 size: 1054208 crc: 58D6578C date: 2007-09-20 04:35:28
 C:\WINDOWS\system32\comctl32.dll handle: 5D090000 size: 617472 crc: 232F6674 date: 2007-09-20 04:33:01
 C:\WINDOWS\system32\WINTRUST.dll handle: 76C30000 size: 176640 crc: 88D208BD date: 2004-08-03 23:56:48
 C:\WINDOWS\system32\CRYPT32.dll handle: 77A80000 size: 597504 crc: 971ECFAA date: 2004-08-03 23:56:42
 C:\WINDOWS\system32\MSASN1.dll handle: 77B20000 size: 57344 crc: D5127637 date: 2004-08-03 23:56:44
 C:\WINDOWS\system32\IMAGEHLP.dll handle: 76C90000 size: 144384 crc: 714A70BC date: 2004-08-03 23:56:44
 C:\WINDOWS\system32\wdmaud.drv handle: 72D20000 size: 23552 crc: 982E84EE date: 2004-08-03 22:56:58
 C:\WINDOWS\system32\msacm32.drv handle: 72D10000 size: 20480 crc: D5406BAE date: 2001-08-23 12:00:00
 C:\WINDOWS\system32\MSACM32.dll handle: 77BE0000 size: 71680 crc: 6A21891E date: 2004-08-03 23:56:44
 C:\WINDOWS\system32\midimap.dll handle: 77BD0000 size: 18944 crc: 502B5282 date: 2004-08-03 23:56:44
 C:\WINDOWS\system32\ole32.dll handle: 774E0000 size: 1287168 crc: D99B4D96 date: 2007-09-20 04:49:12
 C:\WINDOWS\system32\uxtheme.dll handle: 5AD70000 size: 218624 crc: 1DB8D70D date: 2007-10-12 18:54:46
 C:\WINDOWS\system32\MSCTF.dll handle: 74720000 size: 297984 crc: 20997950 date: 2007-09-20 04:48:56
 C:\WINDOWS\system32\CLBCATQ.DLL handle: 76FD0000 size: 498688 crc: 617021B5 date: 2007-09-20 04:33:00
 C:\WINDOWS\system32\COMRes.dll handle: 77050000 size: 792064 crc: 5A12B4A2 date: 2004-08-03 23:56:42
 C:\WINDOWS\system32\OLEAUT32.dll handle: 77120000 size: 549888 crc: 4F3BEA90 date: 2007-09-20 04:49:13
 C:\WINDOWS\system32\VERSION.dll handle: 77C00000 size: 18944 crc: CFE439BB date: 2004-08-03 23:56:48
 C:\WINDOWS\system32\dmime.dll handle: 5C570000 size: 181248 crc: F18E50F8 date: 2004-08-03 23:56:44
 C:\WINDOWS\system32\DSOUND.dll handle: 73F10000 size: 367616 crc: F0EFB582 date: 2004-08-03 23:56:44
 C:\WINDOWS\system32\dmusic.dll handle: 6C980000 size: 104448 crc: 0C1C73CE date: 2004-08-03 23:56:44
 C:\WINDOWS\system32\KsUser.dll handle: 73EE0000 size: 4096 crc: 519CF22C date: 2004-08-03 22:56:44
 C:\WINDOWS\system32\dmsynth.dll handle: 6C9A0000 size: 103424 crc: ECEFF055 date: 2004-08-03 23:56:44
 C:\WINDOWS\system32\dmloader.dll handle: 6CA10000 size: 35840 crc: CCCBFD58 date: 2004-08-03 23:56:44
 C:\WINDOWS\system32\msctfime.ime handle: 755C0000 size: 177152 crc: 6A712F98 date: 2004-08-03 23:56:14
 C:\WINDOWS\system32\imon.dll handle: 20B00000 size: 373120 crc: 2471C461 date: 2007-11-04 08:51:42
 C:\WINDOWS\system32\WSOCK32.dll handle: 71AD0000 size: 22528 crc: 6E514A7A date: 2004-08-03 23:56:48
 C:\WINDOWS\system32\MPR.dll handle: 71B20000 size: 59904 crc: 76FD86EF date: 2004-08-03 23:56:44
 C:\WINDOWS\system32\mswsock.dll handle: 71A50000 size: 245248 crc: E2309390 date: 2004-08-03 23:56:46
 C:\WINDOWS\system32\hnetcfg.dll handle: 662B0000 size: 344064 crc: 6CF15ACF date: 2004-08-03 23:56:44
 C:\WINDOWS\System32\wshtcpip.dll handle: 71A90000 size: 19968 crc: B88CC0E5 date: 2004-08-03 23:56:48
 C:\WINDOWS\system32\dmstyle.dll handle: 6C9C0000 size: 105984 crc: 41F12E87 date: 2004-08-03 23:56:44
 C:\WINDOWS\system32\dmband.dll handle: 6CBC0000 size: 28672 crc: 7CAFFAE0 date: 2004-08-03 23:56:44
 C:\WINDOWS\system32\psapi.dll handle: 76BF0000 size: 23040 crc: 97A44A88 date: 2004-08-03 23:56:46

System information:
 Windows version 5.1 2600 S
