*** OpenTTD Crash Report ***

Crash at: Sat Oct 17 03:42:19 2009

Crash reason:
 Signal:  Aborted (6)
 Message: Assertion failed at line 186 of /home/openttd/svn-public/src/tile_cmd.h: proc != NULL

OpenTTD version:
 Version:    r17779 (2)
 NewGRF ver: 08004573
 Bits:       32
 Endian:     little
 Dedicated:  yes
 Build date: Oct 16 2009 21:14:42

Stacktrace:
 [00] ./openttd(_ZNK12CrashLogUnix13LogStacktraceEPcPKc+0x45) [0x82565d5]
 [01] ./openttd(_ZNK8CrashLog12FillCrashLogEPcPKc+0xb1) [0x819c191]
 [02] ./openttd(_ZNK8CrashLog12MakeCrashLogEv+0x93) [0x819c2a3]
 [03] ./openttd(_Z11HandleCrashi+0x51) [0x8256541]
 [04] [0xb7fa5420]
 [05] /lib/tls/libc.so.6(gsignal+0x47) [0xb7d3c947]
 [06] /lib/tls/libc.so.6(abort+0x109) [0xb7d3e0c9]
 [07] ./openttd [0x8246679]

Operating system:
 Name:    Linux
 Release: 2.6.18.1.20061115-ralph.33.p4
 Version: #1 SMP PREEMPT Wed Nov 15 19:43:27 CET 2006
 Machine: i686

Configuration:
 Blitter:      null
 Graphics set: original_windows
 Language:     english.lng
 Music driver: null
 Sound driver: null
 Sound set:    original_windows
 Video driver: dedicated

AI Configuration:
  0: Human

Libraries:
 PNG:        1.2.15beta5

---- gamelog start ----
Tick 0: new game started
     Revision text changed to r17496, savegame version 127, not modified, _openttd_newgrf_version = 0x08004458
     New game mode: 1 landscape: 0
     Added NewGRF: GRF ID 4D470501, checksum 921D08A4B3430BDCC14715B6A1288350, filename: ottdc_grfpack/0_info.grf
     Added NewGRF: GRF ID 424B5461, checksum D8B7E0175E66D485634CFEA8CAE2ACC6, filename: ottdc_grfpack/4_infrastructure/bktun/BKTunw.grf
     Added NewGRF: GRF ID 58534602, checksum 181DF5910D8F6B29E3D2940DEDE43042, filename: ottdc_grfpack/4_infrastructure/found/found.grf
     Added NewGRF: GRF ID 74677462, checksum A2396FFDCC0F1BA37A2A89EF525CDF21, filename: ottdc_grfpack/4_infrastructure/totalbridges/total_bridges.grf
     Added NewGRF: GRF ID 56430001, checksum AF3E0A1E6EF0B98DB966594578D1775B, filename: ottdc_grfpack/6_town_buildings/ttrs3/ttrs3w.GRF
     Added NewGRF: GRF ID 52455400, checksum 1600687C50C5AB1E72EDD487CAD50E2A, filename: ottdc_grfpack/7_stations/ae_city/ae_cityw.GRF
     Added NewGRF: GRF ID 52455200, checksum 0E5A9C5ACD2BCAF7FA0658C3F905A660, filename: ottdc_grfpack/7_stations/ae_rura/ae_ruraw.GRF
     Added NewGRF: GRF ID 52455300, checksum 37C0B839B13C4B18051580C81EEDF427, filename: ottdc_grfpack/7_stations/ae_subu/ae_subuw.GRF
     Added NewGRF: GRF ID 45520102, checksum 1406B06F6475037445A944963CA6D5CE, filename: ottdc_grfpack/7_stations/basic_platforms/basic_platformsw.grf
     Added NewGRF: GRF ID 45520400, checksum 1D00426064137AA49B6FC4F4BCFF173F, filename: ottdc_grfpack/7_stations/brickfreight/brickfreightw.GRF
     Added NewGRF: GRF ID 504E0002, checksum 6E6944E09CE6C3AC130DF72C542EE4B1, filename: ottdc_grfpack/7_stations/buffers/buffers.grf
     Added NewGRF: GRF ID 43415463, checksum 422B1603DC1CEDA4E59E715E12EAD332, filename: ottdc_grfpack/7_stations/canstn/canstnw.grf
     Added NewGRF: GRF ID 58534453, checksum 2E100BCA91DB8371CD9D57DBEC3AB0C8, filename: ottdc_grfpack/7_stations/dutchstat/dutchstatw.grf
     Added NewGRF: GRF ID 45530400, checksum 1D13F6976C0C032F3FB8F76B84B6EBA8, filename: ottdc_grfpack/7_stations/jpstats/jpstatsw.grf
     Added NewGRF: GRF ID 4A430002, checksum 0728ADCB4DF2F1EB9247ABD449296F4E, filename: ottdc_grfpack/z_obsolete/indstatr/indstatrw_6.grf
     Added NewGRF: GRF ID 45520500, checksum 7E30CA79D5A8B3A6CBE873E26096D7D2, filename: ottdc_grfpack/7_stations/modernsuburban/modernsuburbanw.GRF
     Added NewGRF: GRF ID 6D620601, checksum 44EB2F155862E4D4F0AB671D7021AF54, filename: ottdc_grfpack/7_stations/newstats/newstatsw.grf
     Added NewGRF: GRF ID 504E0001, checksum E7781323D2B0086E2E76342DAA036054, filename: ottdc_grfpack/7_stations/ukwaypoints/ukwaypointsw.grf
     Added NewGRF: GRF ID 54570200, checksum 3DEB9B30A6254AE8606A5A9A99A9A696, filename: ottdc_grfpack/7_stations/usstats/usstatsw.grf
     Added NewGRF: GRF ID 52571201, checksum C1C7D8C53EB7E74EEE2F0EF29638B466, filename: ottdc_grfpack/8_vehicles/road_vehicles/grvts/egrvts.grf
     Added NewGRF: GRF ID 6D620004, checksum 70649F1AFC954942173B0AA89C1E8B14, filename: ottdc_grfpack/8_vehicles/ships/newships/newshipsw.grf
     Added NewGRF: GRF ID 44440A01, checksum D48D7AD02CA355B92FAE081DC4A36868, filename: ottdc_grfpack/8_vehicles/planes/pb_av8/pb_av8w.grf
     Added NewGRF: GRF ID 19060801, checksum 6CFC6328D999C140851BFE6514BA277A, filename: bigger_depots.0.3/bigdepot.grf
     Added NewGRF: GRF ID 6D620401, checksum C5ACB6D5536A464FD78871D91840A35F, filename: ottdc_grfpack/8_vehicles/trains_wagons/dbsetxl/dbsetxlw.grf
     Added NewGRF: GRF ID 4D413032, checksum EB482BE1789BC292CD6CAC011F2932C3, filename: ottdc_grfpack/8_vehicles/trains_wagons/empty/empty.grf
Tick 0: game loaded
     Revision text changed to r17687, savegame version 127, modified, _openttd_newgrf_version = 0x08004517
Tick 7368: game loaded
     Revision text changed to r17687, savegame version 127, not modified, _openttd_newgrf_version = 0x08004517
Tick 7368: settings changed
     Setting changed: order.improved_load : 0 -> 1
Tick 7368: game loaded
     Revision text changed to r17687, savegame version 127, modified, _openttd_newgrf_version = 0x08004517
Tick 57378: game loaded
     Revision text changed to r17779, savegame version 127, modified, _openttd_newgrf_version = 0x08004573
---- gamelog end ----

*** End of OpenTTD Crash Report ***
