*** OpenTTD Crash Report ***

Crash at: Mon Apr 05 02:12:55 2010
In game date: 1980-07-09 (24)

Crash reason:
 Exception: C0000094
 Location:  0045538B
 Message:   <none>

OpenTTD version:
 Version:    r19562 (0)
 NewGRF ver: 11004c6a
 Bits:       32
 Endian:     little
 Dedicated:  no
 Build date: Apr  4 2010 18:16:11

Registers:
 EAX: FFFFFFFF EBX: 00000000 ECX: 00000000 EDX: 00000000
 ESI: 052ACFB8 EDI: 052ACFC4 EBP: 052ACF38 ESP: 0012FB50
 EIP: 0045538B EFLAGS: 00210246

 Bytes at instruction pointer:
 F7 F1 8D 4D 28 E8 86 5B FF FF 8B 75 0C 0F B6 3D 6A 5F 79 00 6A FF 6A 04

Stack trace:
 052ACF38 0012FB94 0012FB7C 00000061 052ACF38 052ACF38 004481D0 00000078
 052ACF38 00000000 00000200 0012FBB0 0044822E 00000017 00000280 00000000
 00000280 01CE6E2C 0000011E 00000000 00000080 00000061 000004B4 00000000
 0012FC00 0041AC00 00000200 00000000 00000280 00000078 00000280 00000013
 0041AD6F 00000200 00006000 00000000 0000FFFF 0000116E 00000288 000004C0
 00000078 04A366D8 00000200 00000000 0012FC1C 0044A1D3 004443A5 004443B5
 00000000 0012FC18 76F85BBE 00000000 005533FA 00796308 00000000 0012FCDC
 00000000 0012FC20 004443B5 004443D3 00000000 00000000 001A054C 00000201
 00000001 016D02D4 004443A5 000002EC 000001B3 0042B418 0012FCF4 0012FDF8
 00000001 01000060 00000000 00000000 00000000 00000000 00000000 FFFFFFFF
 00000000 00251B00 00000000 00000000 00000000 00000000 FFFFFFFF 00000000
 00000000 00000000 0012FEF8 00000000 00000000 00000000 FFFFFFFF 0012FDFC
 0070E3A0 00000000 00000000 0012FEF8 00555143 00000001 0012FDF8 FFFFFFFE
 00000000 5C3A4322 656D6147 544F5C73 6F5C4454 746E6570 652E6474 20006578
 01DB9500 01EE0498 0012FCC0 01DBDB70 0012FE44 776E99FA 002DA5C5 FFFFFFFE
 777468FD 7774661F 77746570 00000018 0012FEB4 002A0035 00000001 00000001
 0000048F 00260036 00000001 00000001 8B00048F 01EE0348 777468FD 774C0FA9
 01DB0000 00000000 01DB0194 0023001E 00000001 01DB9428 01EE0498 0020001F
 00000001 00000000 00000020 0012FDBC 0061E14D 01DB0000 00000000 00000018
 01DBDB70 0012FEB4 0012FEC0 0012FDD4 0061F38A 00000018 01DBDB68 0012FEE0
 776E99FA 0012FE50 0050C87E 00000018 0051A738 01DB9428 0051A7BE 01DBDB70
 01DB9508 0012FEB4 0012FCF5 00000000 01EE0048 01DB6C50 00000000 00000020
 0012FE30 0061E14D 01DB0000 00000000 01DB8EE8 01DB9218 0012FE6C 00628CA8
 01DB0000 00000000 77744E60 7770C6C2 FFFFFFFF 00000024 0012FE54 00000004

Operating system:
 Name:     Windows
 Release:  6.0.6002 (Service Pack 2)
 Compiler: MSVC 1500

Configuration:
 Blitter:      8bpp-optimized
 Graphics set: original_windows
 Language:     english.lng
 Music driver: dmusic
 Music set:    NoMusic
 Network:      no
 Sound driver: win32
 Sound set:    original_windows
 Video driver: win32

AI Configuration (local: 0):
  0: Human
  1: StreetTraffic v2 (v2)

Libraries:
 FreeType:   2.3.12
 ICU:        4.2.1
 LZO:        2.03
 PNG:        1.2.43
 Zlib:       1.2.3

Module information:
 C:\Games\OTTD\openttd.exe handle: 00400000 size: 3693056 crc: 366D0069 date: 2010-04-04 17:19:44
 C:\windows\system32\ntdll.dll handle: 776E0000 size: 1202168 crc: 11EF8EE5 date: 2009-04-11 06:27:49
 C:\windows\system32\kernel32.dll handle: 77860000 size: 891392 crc: 1164F2B3 date: 2009-04-11 06:28:20
 C:\windows\system32\WINMM.dll handle: 73F10000 size: 189952 crc: 3E8CBFF5 date: 2009-04-11 06:28:25
 C:\windows\system32\msvcrt.dll handle: 774E0000 size: 679936 crc: B0E5331E date: 2009-04-11 06:28:22
 C:\windows\system32\USER32.dll handle: 76FD0000 size: 627712 crc: 80F0F3C5 date: 2009-04-11 06:28:25
 C:\windows\system32\GDI32.dll handle: 76F80000 size: 297472 crc: 69625D80 date: 2009-04-11 06:28:19
 C:\windows\system32\ADVAPI32.dll handle: 77070000 size: 800768 crc: D7864B03 date: 2009-04-11 06:28:17
 C:\windows\system32\RPCRT4.dll handle: 77410000 size: 784896 crc: 35185859 date: 2009-04-23 12:15:07
 C:\windows\system32\ole32.dll handle: 77590000 size: 1316864 crc: CB56BE6B date: 2009-04-11 06:28:23
 C:\windows\system32\OLEAUT32.dll handle: 76D70000 size: 563712 crc: 12E9F438 date: 2009-04-11 06:28:23
 C:\windows\system32\OLEACC.dll handle: 73ED0000 size: 234496 crc: 82CE51D9 date: 2009-10-08 21:08:01
 C:\windows\system32\WS2_32.dll handle: 77820000 size: 179200 crc: 5D581120 date: 2008-01-21 02:24:48
 C:\windows\system32\NSI.dll handle: 75D90000 size: 8192 crc: 10729B39 date: 2008-01-21 02:24:47
 C:\windows\system32\SHELL32.dll handle: 76260000 size: 11584000 crc: 766AA8BB date: 2009-04-11 06:28:24
 C:\windows\system32\SHLWAPI.dll handle: 76200000 size: 353280 crc: 681AC986 date: 2009-04-11 06:28:24
 C:\windows\system32\IMM32.DLL handle: 75DA0000 size: 114688 crc: 8D83D50A date: 2009-04-11 06:28:20
 C:\windows\system32\MSCTF.dll handle: 76EB0000 size: 807424 crc: 78787E19 date: 2009-04-11 06:28:20
 C:\windows\system32\LPK.DLL handle: 77850000 size: 23552 crc: 2E03F135 date: 2009-06-15 14:52:42
 C:\windows\system32\USP10.dll handle: 76E30000 size: 502272 crc: 33F7104F date: 2009-04-11 06:28:25
 C:\windows\system32\avgrsstx.dll handle: 6C1B0000 size: 12464 crc: 7CEFB45A date: 2010-03-17 18:04:49
 C:\windows\WinSxS\x86_microsoft.windows.common-controls_6595b64144ccf1df_6.0.6002.18005_none_5cb72f96088b0de0\comctl32.dll handle: 74A40000 size: 1686016 crc: 1453762E date: 2009-04-11 06:21:38
 C:\windows\system32\SHFolder.dll handle: 6DA50000 size: 7168 crc: 1CA14A5C date: 2006-11-02 09:46:13
 C:\windows\system32\wdmaud.drv handle: 73DD0000 size: 167424 crc: AE942463 date: 2009-04-11 06:27:12
 C:\windows\system32\ksuser.dll handle: 744B0000 size: 4608 crc: 4C647881 date: 2006-11-02 09:46:05
 C:\windows\system32\MMDevAPI.DLL handle: 74C50000 size: 150528 crc: 481F98E7 date: 2009-04-11 06:28:20
 C:\windows\system32\AVRT.dll handle: 74F00000 size: 12800 crc: EB589AA0 date: 2008-01-21 02:24:54
 C:\windows\system32\SETUPAPI.dll handle: 75F80000 size: 1591296 crc: A225D6A1 date: 2009-04-11 06:28:24
 C:\windows\system32\WINTRUST.dll handle: 74A10000 size: 171520 crc: EE6B6CCB date: 2008-01-21 02:24:35
 C:\windows\system32\CRYPT32.dll handle: 75620000 size: 978944 crc: CE0B7499 date: 2009-04-11 06:28:18
 C:\windows\system32\MSASN1.dll handle: 75780000 size: 60928 crc: D62CDC5B date: 2009-09-04 11:41:59
 C:\windows\system32\USERENV.dll handle: 75C40000 size: 108544 crc: CC1E5DD3 date: 2009-04-11 06:28:25
 C:\windows\system32\Secur32.dll handle: 75C20000 size: 72704 crc: C962EC8E date: 2009-06-15 14:53:43
 C:\windows\system32\imagehlp.dll handle: 76E00000 size: 153088 crc: EEF49677 date: 2008-01-21 02:24:06
 C:\windows\system32\AUDIOSES.DLL handle: 73DA0000 size: 115712 crc: 9E346B3A date: 2009-04-11 06:28:18
 C:\windows\system32\audioeng.dll handle: 73D30000 size: 397312 crc: 17666E45 date: 2008-01-21 02:24:54
 C:\windows\system32\PSAPI.DLL handle: 75CF0000 size: 12288 crc: D7B812C5 date: 2006-11-02 09:46:12
 C:\windows\system32\msacm32.drv handle: 73C20000 size: 21504 crc: 28704D00 date: 2009-04-11 06:27:12
 C:\windows\system32\MSACM32.dll handle: 73C00000 size: 71680 crc: A2E8F836 date: 2008-01-21 02:24:53
 C:\windows\system32\midimap.dll handle: 73BF0000 size: 17408 crc: 9FC56E7F date: 2009-04-11 06:28:20
 C:\windows\system32\CLBCatQ.DLL handle: 77140000 size: 523776 crc: C2EBF5E6 date: 2008-01-21 02:24:24
 C:\windows\system32\uxtheme.dll handle: 749B0000 size: 240128 crc: 5F29223E date: 2008-01-21 02:23:43
 C:\windows\system32\dmime.dll handle: 704B0000 size: 178688 crc: 3063C87B date: 2008-01-21 02:23:37
 C:\windows\system32\DSOUND.dll handle: 6CE10000 size: 444416 crc: 2196E709 date: 2009-04-11 06:28:19
 C:\windows\system32\POWRPROF.dll handle: 75020000 size: 98816 crc: F5FB120D date: 2009-04-11 06:28:23
 C:\windows\system32\dmusic.dll handle: 702E0000 size: 101888 crc: 9C95E7AB date: 2009-04-11 06:28:18
 C:\windows\system32\dmsynth.dll handle: 70180000 size: 105472 crc: A572B2E6 date: 2009-04-11 06:28:18
 C:\windows\system32\dmloader.dll handle: 70B60000 size: 38400 crc: 43D1875C date: 2008-01-21 02:23:37
 C:\windows\system32\mswsock.dll handle: 75340000 size: 223232 crc: 9C4248CA date: 2009-04-11 06:28:22
 C:\windows\System32\wshtcpip.dll handle: 75000000 size: 9216 crc: 10C50FC1 date: 2008-01-21 02:24:04

---- gamelog start ----
Tick 0: new game started
     Revision text changed to 1.0.0-RC3, savegame version 138, not modified, _openttd_newgrf_version = 0x10004bf7
     New game mode: 1 landscape: 0
     Added NewGRF: GRF ID 4D656F6E, checksum 6A1FD7EADF9CBB9A0704FAA644B77AE6, filename: NewGRF\treesw.grf
     Added NewGRF: GRF ID 41533031, checksum A2358C256FCB64AD2716744364AC3ECE, filename: swedish_houses.1.0\swehouses.grf
     Added NewGRF: GRF ID 43414361, checksum 4FF21D837F0C19EF91DB383B62FB3151, filename: NewGRF\NACityw.grf
     Added NewGRF: GRF ID 4A430002, checksum 0728ADCB4DF2F1EB9247ABD449296F4E, filename: NewGRF\indstatrw.grf
     Added NewGRF: GRF ID 44440602, checksum 3D1DAA1E983E8F0188CD1E022ED8CF2C, filename: NewGRF\pikkindw.grf
     Added NewGRF: GRF ID 6D620601, checksum 44EB2F155862E4D4F0AB671D7021AF54, filename: NewGRF\newstatsw.grf
     Added NewGRF: GRF ID 44440A01, checksum 315A68D05BDFE3B690B9C03E8E9B871F, filename: NewGRF\pb_av8w.grf
     Added NewGRF: GRF ID 424B5462, checksum 83FE5AA7CAFF0A307B44B297F2A259D6, filename: bk_enhanced_tunnel_set-1.0\bktunw.grf
     Added NewGRF: GRF ID 43415463, checksum 422B1603DC1CEDA4E59E715E12EAD332, filename: NewGRF\canstnw.grf
     Added NewGRF: GRF ID 74677462, checksum A2396FFDCC0F1BA37A2A89EF525CDF21, filename: NewGRF\total_bridges.grf
     Added NewGRF: GRF ID 44441000, checksum 8409E1E1CA9145E94017824A4AFFE995, filename: NewGRF\proj1000.grf
     Added NewGRF: GRF ID 414E0101, checksum 0AE09FA165825191E392C228230C96A8, filename: fish_ship_set.0.2\fish.grf
     Added NewGRF: GRF ID 44440401, checksum 6AAD39D3A1E489E0060A9511B7DF8CDA, filename: NewGRF\pb_hovs_bus.grf
     Added NewGRF: GRF ID 554B5400, checksum 807D388BF686B56934FB3D9C26C4EB71, filename: NewGRF\ukts_r1.grf
     Added NewGRF: GRF ID 52571208, checksum DC83DAB2933FACCB91678D4F75ABCCC6, filename: generic_cars-0.4\cars.grf
Tick 18400: GRF config changed
     GRF parameter changed: 424B5462, filename: bk_enhanced_tunnel_set-1.0\bktunw.grf
Tick 17044: settings changed
     Setting changed: vehicle.plane_speed : 4 -> 3
Tick 17057: settings changed
     Setting changed: vehicle.plane_speed : 3 -> 2
Tick 17067: settings changed
     Setting changed: vehicle.plane_speed : 2 -> 1
Tick 17743: settings changed
     Setting changed: vehicle.plane_speed : 1 -> 2
Tick 22345: game loaded
     Revision text changed to r19562, savegame version 140, not modified, _openttd_newgrf_version = 0x11004c6a
---- gamelog end ----

*** End of OpenTTD Crash Report ***
