*** OpenTTD Crash Report ***

Crash at: Sun May 10 01:39:51 2015
In game date: 2381-12-31 (52)

Crash reason:
 Signal:  Aborted (6)
 Message: <none>

OpenTTD version:
 Version:    r27221 (0)
 NewGRF ver: 16006a55
 Bits:       64
 Endian:     little
 Dedicated:  yes
 Build date: Apr  9 2015 07:45:20

Stacktrace:
 [00] ./openttd(_ZNK12CrashLogUnix13LogStacktraceEPcPKc+0x39) [0x712399]
 [01] ./openttd(_ZNK8CrashLog12FillCrashLogEPcPKc+0xf0) [0x59a190]
 [02] ./openttd(_ZNK8CrashLog12MakeCrashLogEv+0x7c) [0x59a28c]
 [03] ./openttd() [0x7122fd]
 [04] /lib64/libc.so.6(+0x326a0) [0x7f8cd2f0c6a0]
 [05] /lib64/libc.so.6(gsignal+0x35) [0x7f8cd2f0c625]
 [06] /lib64/libc.so.6(abort+0x175) [0x7f8cd2f0de05]
 [07] /lib64/libc.so.6(+0x2b74e) [0x7f8cd2f0574e]
 [08] /lib64/libc.so.6(__assert_perror_fail+0) [0x7f8cd2f05810]
 [09] ./openttd() [0x56fb15]
 [10] ./openttd(_ZN12CargoRemovalI16VehicleCargoListEclEP11CargoPacket+0x33) [0x56d973]
 [11] ./openttd(_ZN16VehicleCargoList8TruncateEj+0x6b) [0x56f13b]
 [12] ./openttd(_ZN5Train14ConsistChangedE18ConsistChangeFlags+0x4b2) [0x852f82]
 [13] ./openttd() [0x85cabb]
 [14] ./openttd(_ZN5Train4TickEv+0x61) [0x85d481]
 [15] ./openttd(_Z16CallVehicleTicksv+0xe5) [0x876535]
 [16] ./openttd(_Z13StateGameLoopv+0xb5a) [0x6fc13a]
 [17] ./openttd(_Z15NetworkGameLoopv+0x2a7) [0x67cd67]
 [18] ./openttd(_Z8GameLoopv+0x89) [0x6fd9e9]
 [19] ./openttd(_ZN21VideoDriver_Dedicated8MainLoopEv+0x164) [0x888114]
 [20] ./openttd(_Z12openttd_mainiPPc+0x1197) [0x6fd487]
 [21] /lib64/libc.so.6(__libc_start_main+0xfd) [0x7f8cd2ef8d5d]
 [22] ./openttd() [0x4e0829]

Operating system:
 Name:     Linux
 Release:  2.6.32-042stab108.1
 Version:  #1 SMP Thu Apr 23 19:17:11 MSK 2015
 Machine:  x86_64
 Compiler: GCC 4.4.7 "4.4.7 20120313 (Red Hat 4.4.7-11)"

Configuration:
 Blitter:      null
 Graphics set: OpenGFX (5580)
 Language:     /home/openttd/svn-publicserver/server/lang/english.lng
 Music driver: null
 Music set:    Scott Joplin Anthology (2)
 Network:      server
 Sound driver: null
 Sound set:    OpenSFX (87)
 Video driver: dedicated

Fonts:
 Small:  sprite
 Medium: sprite
 Large:  sprite
 Mono:   sprite

AI Configuration (local: 255):
  0: Human

Libraries:
 LZMA:       4.999.9beta
 LZO:        2.03
 Zlib:       1.2.3

---- gamelog start ----
Tick 0: new game started
Revision text changed to r27221, savegame version 194, not modified, _openttd_newgrf_version = 0x16006a55
New game mode: 1 landscape: 0
Added NewGRF: GRF ID 48410101, checksum F7FDD4541807DFEF0FD669FB73BAE010, filename: nuts_unrealistic_train_set-0.7.8/nuts.grf (md5sum matches)
Added NewGRF: GRF ID 56430001, checksum 2AD089EE6B73F25D79F286AD43765914, filename: total_town_replacement_set-3.14/ttrs3w.grf (md5sum matches)
Added NewGRF: GRF ID 52571203, checksum 7CE88A25DDB058C1BE577B88D049B274, filename: egrvts2-188/egrvts2.grf (md5sum matches)
Added NewGRF: GRF ID 414E0201, checksum 6EDB41717435CF46B3D8BA6B0FA4C7C8, filename: fish_2-fish2alpha3/fish.grf (matches GRFID only)
Added NewGRF: GRF ID 4F472B33, checksum 437E4F6BDA52EB5CA9615196291514CA, filename: opengfx_industries-version/ogfx-industries.grf (md5sum matches)
Added NewGRF: GRF ID 52455400, checksum 1600687C50C5AB1E72EDD487CAD50E2A, filename: coded_by_aegir._artwork_by_aegir-1/ae_cityw.grf (md5sum matches)
Added NewGRF: GRF ID 45520004, checksum FAE5D547D28D5EA8CF3148F84CEF2D8E, filename: ottdc_grfpack/z_obsolete/pgs/pgs-counw.grf (md5sum matches)
Added NewGRF: GRF ID 45520002, checksum 91BE852679BF24F3E1FB2D51D60083A3, filename: ottdc_grfpack/z_obsolete/pgs/pgs-freiw.grf (md5sum matches)
Added NewGRF: GRF ID 45520003, checksum 0E5A15E514FDDC1C20721912BE8F6CF1, filename: ottdc_grfpack/z_obsolete/pgs/pgs-silvw.grf (md5sum matches)
Added NewGRF: GRF ID 45520001, checksum 4F6DAB25CE0EA99584803A4C3AE77143, filename: ottdc_grfpack/z_obsolete/pgs/pgs-subuw.grf (md5sum matches)
Added NewGRF: GRF ID 52453400, checksum 87E88EFA687F91CE44548E54DA55059F, filename: japanese_buildings-3.0/jpbuild.grf (md5sum matches)
Added NewGRF: GRF ID 52453200, checksum DBA84425F161E178ABAFBC3232509240, filename: japanset_landscape-3.1/jpland.grf (md5sum matches)
Added NewGRF: GRF ID 45530500, checksum 3A943F4E8E345F903F2CEF090A12346C, filename: japanese_stations-3.5/jpstations.grf (md5sum matches)
Added NewGRF: GRF ID 52453300, checksum EF6A4519AD4C18B9B9112B8D7083862D, filename: japanese_trees-3.0/jptrees.grf (md5sum matches)
Added NewGRF: GRF ID 76270101, checksum B726EECFDA36751833EAF3BA360AC11D, filename: famous_town_names-1.00/famoustownnames.grf (md5sum matches)
Tick 5691: GRF config changed
Removed NewGRF: GRF ID 4F472B33, filename: opengfx_industries-version/ogfx-industries.grf (md5sum matches)
Removed NewGRF: GRF ID 45520004, filename: ottdc_grfpack/z_obsolete/pgs/pgs-counw.grf (md5sum matches)
Removed NewGRF: GRF ID 45520002, filename: ottdc_grfpack/z_obsolete/pgs/pgs-freiw.grf (md5sum matches)
Removed NewGRF: GRF ID 45520003, filename: ottdc_grfpack/z_obsolete/pgs/pgs-silvw.grf (md5sum matches)
Removed NewGRF: GRF ID 45520001, filename: ottdc_grfpack/z_obsolete/pgs/pgs-subuw.grf (md5sum matches)
Tick 35320: GRF config changed
Removed NewGRF: GRF ID 56430001, filename: total_town_replacement_set-3.14/ttrs3w.grf (md5sum matches)
Tick 47929: GRF config changed
Removed NewGRF: GRF ID 76270101, filename: famous_town_names-1.00/famoustownnames.grf (md5sum matches)
Tick 50790: GRF config changed
Removed NewGRF: GRF ID 414E0201, filename: fish_2-fish2alpha3/fish.grf (matches GRFID only)
Added NewGRF: GRF ID 414E0101, checksum 5D665C64693A438E3046C22666F46E08, filename: fish_ship_set-0.9.2/fish.grf (md5sum matches)
Tick 24596: settings changed
Setting changed: construction.max_tunnel_length : 64 -> 4096
Tick 25016: settings changed
Setting changed: construction.max_bridge_length : 64 -> 4096
Tick 25156: settings changed
Setting changed: construction.max_bridge_height : 64 -> 255
---- gamelog end ----

*** End of OpenTTD Crash Report ***
