*** OpenTTD Crash Report ***

Crash at: Wed Dec  7 21:28:52 2011
In game date: 1902-04-19 (10)

Crash reason:
 Signal:  Segmentation fault (11)
 Message: <none>

OpenTTD version:
 Version:    r23440 (0)
 NewGRF ver: 12005b90
 Bits:       32
 Endian:     little
 Dedicated:  no
 Build date: Dec  6 2011 19:02:19

Stacktrace:
 [00] ./openttd(_ZNK12CrashLogUnix13LogStacktraceEPcPKc+0x43) [0x82eed33]
 [01] ./openttd(_ZNK8CrashLog12FillCrashLogEPcPKc+0x102) [0x81d2232]
 [02] ./openttd(_ZNK8CrashLog12MakeCrashLogEv+0x9c) [0x81d235c]
 [03] ./openttd() [0x82eec7e]
 [04] [0xffffe400]
 [05] ./openttd(_ZNK7Station18GetPrimaryRoadStopEPK11RoadVehicle+0x52) [0x83af502]
 [06] ./openttd(_Z20CanVehicleUseStationPK7VehiclePK7Station+0x34) [0x841c0a4]
 [07] ./openttd(_ZN11RoadVehicle23GetOrderStationLocationEt+0x3f) [0x834638f]
 [08] ./openttd(_Z15UpdateOrderDestP7VehiclePK5Orderib+0x67) [0x82e4737]
 [09] ./openttd(_Z13ProcessOrdersP7Vehicle+0x37d) [0x82e5e8d]
 [10] ./openttd(_ZN11RoadVehicle4TickEv+0x9e) [0x83485ce]
 [11] ./openttd(_Z16CallVehicleTicksv+0xc0) [0x841fb40]
 [12] ./openttd(_Z13StateGameLoopv+0x985) [0x82dd615]
 [13] ./openttd(_Z15NetworkGameLoopv+0x304) [0x825f3a4]
 [14] ./openttd(_Z8GameLoopv+0x9f) [0x82dedcf]
 [15] ./openttd(_ZN21VideoDriver_Dedicated8MainLoopEv+0x208) [0x84320c8]
 [16] ./openttd(_Z8ttd_mainiPPc+0xd63) [0x82de7d3]
 [17] ./openttd(main+0x48) [0x82eefb8]
 [18] /lib/libc.so.6(__libc_start_main+0xe6) [0xb75a1126]
 [19] ./openttd() [0x8121001]

Operating system:
 Name:     Linux
 Release:  3.0.6-gentoo
 Version:  #1 SMP Tue Nov 22 14:43:39 CET 2011
 Machine:  i686
 Compiler: GCC 4.4.5 "4.4.5"

Configuration:
 Blitter:      null
 Graphics set: original_windows (0)
 Language:     /home/lugo/Downloads/openttd-trunk-r23440-linux-generic-i686/lang/german.lng
 Music driver: null
 Music set:    NoMusic (0)
 Network:      server
 Sound driver: null
 Sound set:    original_windows (0)
 Video driver: dedicated

AI Configuration (local: 255):
  0: Human
  1: Human
  2: Human

Libraries:
 FontConfig: 2.8.0
 FreeType:   2.4.2
 ICU:        4.4.1
 LZMA:       5.0.3
 LZO:        2.03
 PNG:        1.2.44
 SDL:        1.2.14
 Zlib:       1.2.5

---- gamelog start ----
Tick 0: new game started
     Revision text changed to r23440, savegame version 166, not modified, _openttd_newgrf_version = 0x12005b90
     New game mode: 1 landscape: 0
     Added NewGRF: GRF ID 4A4D0101, checksum 45B5C29ED97AACB48E026145905010D0, filename: sailing_ships-0.4/sailing_ships.grf (md5sum matches)
     Added NewGRF: GRF ID 44440302, checksum 439275017478C2E5E7AA25F5E191903D, filename: random/nars2w.grf (md5sum matches)
     Added NewGRF: GRF ID 52571201, checksum C1C7D8C53EB7E74EEE2F0EF29638B466, filename: ottdc_grfpack/8_vehicles/road_vehicles/egrvts/egrvts.grf (md5sum matches)
     Added NewGRF: GRF ID 414E0101, checksum 5D665C64693A438E3046C22666F46E08, filename: fish_ship_set-0.9.2/fish.grf (md5sum matches)
     Added NewGRF: GRF ID 44440A01, checksum 231A4670430113EB9C5F2F46167D2220, filename: av8_aviators_aircraft_set-2.0/pb_av8w.grf (md5sum matches)
     Added NewGRF: GRF ID 44440A02, checksum A559EFE4DE95E1C43C444E1DD2C07EB2, filename: apache_helicopter-1.2/apache_w.grf (md5sum matches)
     Added NewGRF: GRF ID 44442411, checksum BE3D8201BDE0ABB92F8D9696D93524CC, filename: tai_uk_houses-0.3/tai_uk.grf (md5sum matches)
     Added NewGRF: GRF ID 444E0C00, checksum B5D2AB5FC93A09E1FAB5F0DB82307ECF, filename: vast_fences-0.2.0/vastfences.grf (md5sum matches)
     Added NewGRF: GRF ID 44573553, checksum EF7529EBEAF35758EE07E628B25F608D, filename: dwenewobjects-v0.1/dwe_newobj.grf (md5sum matches)
     Added NewGRF: GRF ID 44573452, checksum 48CF5FC0DEB895136F337A7E563FC66D, filename: dwestationtiles_industrial_ter-v0.7/dwe_stat_r.grf (md5sum matches)
     Added NewGRF: GRF ID 4A430002, checksum 0728ADCB4DF2F1EB9247ABD449296F4E, filename: ottdc_grfpack/7_stations/indstatr/indstatrw.grf (md5sum matches)
     Added NewGRF: GRF ID 6D620601, checksum 44EB2F155862E4D4F0AB671D7021AF54, filename: ottdc_grfpack/7_stations/newstats/newstatsw.grf (md5sum matches)
     Added NewGRF: GRF ID 54570200, checksum 3DEB9B30A6254AE8606A5A9A99A9A696, filename: ottdc_grfpack/7_stations/usstats/usstatsw.grf (md5sum matches)
     Added NewGRF: GRF ID 43485053, checksum 8E9EE7C03759548CF6F1D87BB07907B7, filename: chips_station_set-0.5/chips.grf (md5sum matches)
     Added NewGRF: GRF ID 504E0002, checksum 6E6944E09CE6C3AC130DF72C542EE4B1, filename: ottdc_grfpack/7_stations/buffers/buffers.grf (md5sum matches)
     Added NewGRF: GRF ID 504E0001, checksum E7781323D2B0086E2E76342DAA036054, filename: ottdc_grfpack/7_stations/ukwaypoints/ukwaypointsw.grf (md5sum matches)
     Added NewGRF: GRF ID 4D4C0100, checksum 1E2A243600434194FB100E72E507D5EF, filename: ottdc_grfpack/4_infrastructure/dutchcat/dutchcatw.grf (md5sum matches)
     Added NewGRF: GRF ID 6D620C00, checksum C5987ACC9C19F4720085C6456EE915D8, filename: random/maricow/maricow_1.grf (md5sum matches)
     Added NewGRF: GRF ID 534C5444, checksum DC5123AF6235DFB62EA2326C2B594EDF, filename: random/tramdpw.GRF (md5sum matches)
     Added NewGRF: GRF ID 444E0800, checksum B0DB930C8D8987D6FB4CAC6CA15589D1, filename: random/VASTobjects.grf (md5sum matches)
     Added NewGRF: GRF ID 74677462, checksum A2396FFDCC0F1BA37A2A89EF525CDF21, filename: ottdc_grfpack/4_infrastructure/totalbridges/total_bridges.grf (md5sum matches)
     Added NewGRF: GRF ID 4A53AA01, checksum E4C0F82E58963374BC14F7875C4AA59D, filename: nogridland-2010.10.14/nogridland.grf (md5sum matches)
     Added NewGRF: GRF ID 4946424C, checksum 277B92187F074918F46CE65FD6D440EC, filename: hot_air_balloon-1.0/hotairballoon.grf (md5sum matches)
     Added NewGRF: GRF ID 4E480102, checksum 8D15ADBA3E86C6B5B22A088CF929F02B, filename: ottdc_grfpack/4_infrastructure/nhfoundations/nhfoundationsw.grf (md5sum matches)
     Added NewGRF: GRF ID 53430101, checksum 264CFF475296083B559BD9A207B79042, filename: random/newobjects/sacsobjects1w.grf (md5sum matches)
     Added NewGRF: GRF ID 4D666F01, checksum 1C3723AAE56C6648B61BC211EA344835, filename: random/testw.grf (md5sum matches)
     Added NewGRF: GRF ID 57425411, checksum 3941747411870DAD7BDDB48B7E713035, filename: random/newobjects/wallyweb_landscapew.grf (md5sum matches)
     Added NewGRF: GRF ID 41501202, checksum 67DC43B8A215827EB255C7E3235BF91A, filename: heqs_heavy_equipment_set-1.5.0/heqs.grf (md5sum matches)
     Added NewGRF: GRF ID FBFB0501, checksum 9DF7B823BF76494EC5A508EA1C7A6DCE, filename: dutch_road_furniture-0.4.0/dutchroadfurniture.grf (md5sum matches)
     Added NewGRF: GRF ID 46420801, checksum 2D654630F22AA4C78A58710024C514B3, filename: ottdc_grfpack/4_infrastructure/b_newtramtracks/NewTramTracksW_v0.4.1.grf (md5sum matches)
     Added NewGRF: GRF ID 43415000, checksum C6AE1C574FD881A706AA2B623FB83BC1, filename: climate_dependant_airports-0.3.0/airportsplus.grf (md5sum matches)
     Added NewGRF: GRF ID F1250005, checksum FB9B8446A99B02F73488AB9A7DE4CBCA, filename: random/firs/firs.grf (md5sum matches)
---- gamelog end ----

*** End of OpenTTD Crash Report ***
