*** OpenTTD Crash Report ***

Crash at: Sat Sep 30 06:47:39 2017
In game date: 2033-06-08 (19)

Crash reason:
 Signal:  Illegal instruction: 4 (4)
 Message: <none>

OpenTTD version:
 Version:    1.7.1 (0)
 NewGRF ver: 17186ce9
 Bits:       32
 Endian:     little
 Dedicated:  no
 Build date: Jun 13 2017 19:00:24


Stacktrace:
 [00] ???                  0x00000400

Operating system:
 Name:     Mac OS X
 Release:  10.13.0
 Machine:  Intel 80486
 Min Ver:  1040
 Compiler: GCC 4.0.1 "4.0.1 (Apple Inc. build 5490)"

Configuration:
 Blitter:      32bpp-anim
 Graphics set: OpenGFX (5580)
 Language:     /private/var/folders/bv/lvd926ds5wlgp7f5whwzp4140000gq/T/AppTranslocation/CCB79968-4EA7-469A-83D4-AEAF7960575B/d/OpenTTD.app/Contents/Resources/lang/english_US.lng
 Music driver: cocoa
 Music set:    OpenMSX (96)
 Network:      client
 Sound driver: cocoa
 Sound set:    OpenSFX (87)
 Video driver: cocoa

Fonts:
 Small:  sprite
 Medium: sprite
 Large:  sprite
 Mono:   sprite

AI Configuration (local: 3):
  0: Human
  1: Human
  3: Human
  4: Human
  5: Human
  6: Human
  7: Human
  9: Human
 14: Human

Libraries:
 FreeType:   2.4.3
 ICU i18n:   51.2
 ICU lx:     51.2
 LZMA:       5.0.0
 LZO:        2.03
 PNG:        1.4.4
 Zlib:       1.2.11

---- gamelog start ----
Tick 0: new game started
Revision text changed to 1.7.1, savegame version 196, not modified, _openttd_newgrf_version = 0x17186ce9
New game mode: 1 landscape: 0
---- gamelog end ----

*** End of OpenTTD Crash Report ***
