*** OpenTTD Crash Report ***

Crash at: Fri Dec 28 02:54:06 2012
In game date: 2051-05-09 (27)

Crash reason:
 Exception: C0000005
 Location:  000000013FA044E0
 Message:   <none>

OpenTTD version:
 Version:    r24865 (0)
 NewGRF ver: 13006121
 Bits:       64
 Endian:     little
 Dedicated:  no
 Build date: Dec 26 2012 19:14:42

Registers:
 RAX: 0000000005A3E100 RBX: 0000000005726180 RCX: 000000000016CB24 RDX: 000000B9D08BD1BD
 RSI: 0000000000000000 RDI: 000000000016D8E4 RBP: 000000000016CB50 RSP: 000000000016CA20
 R8:  000000000016CB24 R9:  0000000000000001 R10: 000000000000E034 R11: 0000000005A3E100
 R12: 000000000016D8D0 R13: 0000000000000000 R14: 0000000000000002 R15: 00000000000003E7
 RIP: 000000013FA044E0 EFLAGS: 00010206

 Bytes at instruction pointer:
 8A 0A 84 C9 78 0B 0F B6 C1 41 89 00 E9 0C 01 00 00 8A C1 24 E0 3C C0 75

Stack trace:
 00000000 00000000 00000000 00000000 00000000 00000000 0016D8D0 00000000
 00000000 00000000 3FA06022 00000001 00000000 00000000 40347E68 00000001
 0016CB50 00000000 00000000 00000000 00000000 00000000 00000000 00000000
 00000000 00000000 00000000 00000000 00000000 00000000 00000000 00000000
 00000000 00000000 00000000 00000000 00000000 00000000 00000000 00000000
 05A3E100 00000000 00000000 00000000 00000000 00000002 00000000 00000000
 05726020 00000000 05A3E100 00000000 00000008 00000000 00000000 00000000
 00000001 00000000 00000000 00000000 00000000 00000000 00000000 00000000
 05726180 00000000 00000000 00000000 05726020 00000000 00000000 00000000
 00000001 00000000 00000000 00000000 00000000 00000000 023C0274 00000000
 023C0560 00000000 76F73488 00000000 00000000 00000000 00000040 00000000
 00930048 D572F938 023C0470 00000000 0016D8E4 00000000 00000000 00000000
 00000020 00000000 024F0000 00000000 00000010 00000000 00000010 00000000
 024F0298 00000000 76F73488 00000000 00000000 00000000 00000010 00000000
 00BE0011 00392A5E 023C0470 00000000 00000000 00000000 00000000 00000000
 FFFFFFFE FFFFFFFF 00000000 00000000 00000000 00000000 00000000 00000000
 05726020 00000000 00000000 00000000 00000000 00000000 00000000 00000000
 000003E7 00000000 00000002 00000000 00000000 00000000 00000000 00000000
 00000040 00000000 00000008 00000000 0016CDF0 00000000 3FD41D0B 00000001
 000003E7 00000000 00000002 00000000 00000000 00000000 0016D8D3 00000000
 00000000 00000000 00000000 00000000 0016CE60 00000000 76D2300A 00000000
 00000010 00000000 0016CDF0 00000000 0016CE60 00000000 3FD41D0B 00000001
 00000002 00000000 3FD41C8C 00000001 0016D170 00000000 3FBBF4DC 00000001
 0016D8D3 00000000 3FD423DF 00000001 0016CDF0 00000000 3FBBF360 00000001

Operating system:
 Name:     Windows
 Release:  6.1.7601 (Service Pack 1)
 Compiler: MSVC 1600

Configuration:
 Blitter:      8bpp-optimized
 Graphics set: OpenGFX (998)
 Language:     \\ALEX-LAPTOP\Users\Public\OpenTTD\lang\english.lng
 Music driver: win32
 Music set:    original_windows (1)
 Network:      no
 Sound driver: win32
 Sound set:    OpenSFX (87)
 Video driver: win32

AI Configuration (local: 0):
  0: Human

Libraries:
 FreeType:   2.4.5
 ICU:        4.4.2
 LZMA:       5.0.3
 LZO:        2.05
 PNG:        1.5.4
 Zlib:       1.2.5

Module information:
 \\ALEX-LAPTOP\Users\Public\OpenTTD\openttd.exe handle: 000000013F9A0000 size: 10570240 crc: 95B28508 date: 2012-12-26 19:18:59
 C:\Windows\SYSTEM32\ntdll.dll handle: 0000000076F20000 size: 1731920 crc: 71D20A99 date: 2012-02-24 01:33:03
 C:\Windows\system32\kernel32.dll handle: 0000000076D00000 size: 1161216 crc: C42E980B date: 2012-10-04 17:41:16
 C:\Windows\system32\KERNELBASE.dll handle: 000007FEFD430000 size: 424960 crc: 269F2242 date: 2012-10-04 17:41:16
 C:\Program Files\AVAST Software\Avast\snxhk64.dll handle: 000000006FA10000 size: 290448 crc: 35305A3B date: 2012-08-21 09:12:02
 C:\Windows\system32\WINMM.dll handle: 000007FEF9FD0000 size: 217600 crc: 7BC1529F date: 2009-07-14 01:41:56
 C:\Windows\system32\msvcrt.dll handle: 000007FEFDB50000 size: 634880 crc: 9D1B448A date: 2011-12-16 08:46:06
 C:\Windows\system32\USER32.dll handle: 0000000076E20000 size: 1008128 crc: 70FF7D7F date: 2010-11-20 13:27:28
 C:\Windows\system32\GDI32.dll handle: 000007FEFDF70000 size: 403968 crc: 3D5BC405 date: 2010-11-20 13:26:26
 C:\Windows\system32\LPK.dll handle: 000007FEFE230000 size: 41984 crc: 350AF03B date: 2009-07-14 01:41:19
 C:\Windows\system32\USP10.dll handle: 000007FEFE130000 size: 800256 crc: B511F4B9 date: 2010-11-20 13:27:28
 C:\Windows\system32\WS2_32.dll handle: 000007FEFF1E0000 size: 297984 crc: 0F68689B date: 2010-11-20 13:27:30
 C:\Windows\system32\RPCRT4.dll handle: 000007FEFDFE0000 size: 1219584 crc: 5217F07C date: 2010-11-20 13:27:26
 C:\Windows\system32\NSI.dll handle: 000007FEFDBF0000 size: 13824 crc: 53B46F6C date: 2009-07-14 01:41:53
 C:\Windows\system32\ADVAPI32.dll handle: 000007FEFD8F0000 size: 877056 crc: FA615A20 date: 2009-07-14 01:40:01
 C:\Windows\SYSTEM32\sechost.dll handle: 000007FEFD870000 size: 113664 crc: 978CFAE5 date: 2009-07-14 01:41:53
 C:\Windows\system32\SHELL32.dll handle: 000007FEFE450000 size: 14172672 crc: 80527F5B date: 2012-06-09 05:43:10
 C:\Windows\system32\SHLWAPI.dll handle: 000007FEFD7F0000 size: 448512 crc: 086DF743 date: 2010-11-20 13:27:26
 C:\Windows\system32\IMM32.DLL handle: 000007FEFE200000 size: 167424 crc: 41B2805A date: 2009-07-14 01:41:09
 C:\Windows\system32\MSCTF.dll handle: 000007FEFDDE0000 size: 1067008 crc: 798DDDA0 date: 2009-07-14 01:41:28
 C:\Windows\system32\nvinitx.dll handle: 000007FEFD340000 size: 247144 crc: D35878CE date: 2012-10-08 10:42:36
 C:\Program Files\NVIDIA Corporation\CoProcManager\detoured.dll handle: 000000000F000000 size: 4096 crc: 64388172 date: 2012-04-24 00:17:00
 C:\Program Files\NVIDIA Corporation\CoProcManager\nvd3d9wrapx.dll handle: 000007FEFA120000 size: 317952 crc: 8353E4EB date: 2012-10-08 10:42:16
 C:\Windows\system32\SETUPAPI.dll handle: 000007FEFDC00000 size: 1900544 crc: A364BD6A date: 2010-11-20 13:27:26
 C:\Windows\system32\CFGMGR32.dll handle: 000007FEFD4C0000 size: 207872 crc: 1984C339 date: 2010-11-20 13:25:52
 C:\Windows\system32\OLEAUT32.dll handle: 000007FEFDA70000 size: 861696 crc: 1F331414 date: 2012-02-24 01:21:24
 C:\Windows\system32\ole32.dll handle: 000007FEFE240000 size: 2086912 crc: 72F91CD0 date: 2010-11-20 13:27:24
 C:\Windows\system32\DEVOBJ.dll handle: 000007FEFD4A0000 size: 93184 crc: A7541AE2 date: 2009-07-14 01:40:28
 C:\Program Files\NVIDIA Corporation\CoProcManager\nvdxgiwrapx.dll handle: 000007FEFA0D0000 size: 249344 crc: B69DA136 date: 2012-10-08 10:42:16
 C:\Windows\system32\SHFolder.dll handle: 000007FEF7990000 size: 10240 crc: 08A48DE3 date: 2009-07-14 01:41:54
 C:\Windows\system32\uxtheme.dll handle: 000007FEFB720000 size: 332288 crc: B0A13DF9 date: 2009-07-14 01:41:56
 C:\Program Files\Common Files\microsoft shared\ink\tiptsf.dll handle: 000007FEF5E30000 size: 503296 crc: DA5E9403 date: 2010-11-20 13:27:28
 C:\Windows\system32\version.dll handle: 000007FEFC480000 size: 29184 crc: 628CCE3F date: 2009-07-14 01:41:56
 C:\Windows\system32\dwmapi.dll handle: 000007FEFB1F0000 size: 82432 crc: A459F360 date: 2009-07-14 01:40:34
 C:\Windows\system32\CRYPTBASE.dll handle: 000007FEFD270000 size: 44032 crc: F547C16E date: 2009-07-14 01:40:24
 C:\Windows\system32\CLBCatQ.DLL handle: 000007FEFD9D0000 size: 607744 crc: 939E35C9 date: 2009-07-14 01:40:15
 C:\Windows\system32\oleacc.dll handle: 000007FEFA180000 size: 331776 crc: F7131BE3 date: 2012-02-24 01:21:24
 C:\Windows\system32\mswsock.dll handle: 000007FEFCBB0000 size: 326144 crc: 136B1525 date: 2010-11-20 13:27:12
 C:\Windows\System32\wshtcpip.dll handle: 000007FEFC550000 size: 13312 crc: 5D1E2C55 date: 2009-07-14 01:41:58
 C:\Windows\system32\MMDevAPI.DLL handle: 000007FEFC180000 size: 284160 crc: CDF2EF81 date: 2009-07-14 01:41:26
 C:\Windows\system32\PROPSYS.dll handle: 000007FEFC010000 size: 1212416 crc: B83FA3BE date: 2010-11-20 13:27:24
 C:\Windows\system32\wdmaud.drv handle: 000007FEF3170000 size: 217088 crc: 12829973 date: 2010-11-20 13:24:22
 C:\Windows\system32\ksuser.dll handle: 000000006F9C0000 size: 5120 crc: AA2071D9 date: 2009-07-14 01:41:13
 C:\Windows\system32\AVRT.dll handle: 000007FEFC000000 size: 18432 crc: 5CE53CB7 date: 2009-07-14 01:40:05
 C:\Windows\system32\AUDIOSES.DLL handle: 000007FEF3120000 size: 296448 crc: 90389554 date: 2010-11-20 13:25:44
 C:\Windows\system32\msacm32.drv handle: 000007FEF92F0000 size: 25600 crc: 2B579A05 date: 2009-07-14 01:38:50
 C:\Windows\system32\MSACM32.dll handle: 000007FEF7060000 size: 83456 crc: 3D67538B date: 2009-07-14 01:41:27
 C:\Windows\system32\midimap.dll handle: 000007FEF7560000 size: 20480 crc: CB902A13 date: 2009-07-14 01:41:23
 C:\Windows\system32\mciseq.dll handle: 000007FEFBFF0000 size: 28672 crc: 61BC1358 date: 2009-07-14 01:41:21
 C:\Windows\system32\psapi.dll handle: 00000000770E0000 size: 9216 crc: 84B5E9BA date: 2009-07-14 01:41:53

---- gamelog start ----
Tick 62675: game loaded
     Conversion from OTTD savegame without gamelog: version 4, 1
     Revision text changed to r24865, savegame version 179, not modified, _openttd_newgrf_version = 0x13006121
     New game mode: 0 landscape: 1
---- gamelog end ----

*** End of OpenTTD Crash Report ***

Decoded stack trace:
[00] openttd              0x000000013FA044E0
[01] openttd              0x000000013FA06022
[02] openttd              0x000000013FA05EC3
[03] openttd              0x000000013FA06831
[04] openttd              0x000000013FA05EC3
[05] openttd              0x000000013FA04EAA
[06] openttd              0x000000013FA04F46
[07] openttd              0x000000013F9C7527
[08] openttd              0x000000013FA21EB2
[09] openttd              0x000000013FA1F591
[10] openttd              0x000000013FA1FA15
[11] openttd              0x000000013FA25196
[12] openttd              0x000000013FA288B0
[13] openttd              0x000000013FB41772
[14] openttd              0x000000013FA70441
[15] openttd              0x000000013FA24D14
[16] openttd              0x000000013FA27E3B
[17] openttd              0x000000013FA280E3
[18] openttd              0x000000013FC4B1D6
[19] USER32               0x0000000076E39BD1 TranslateMessageEx + 673
[20] USER32               0x0000000076E398DA TranslateMessage + 490
[21] openttd              0x000000013FC4B9DC
[22] openttd              0x000000013F9EB3E0
[23] openttd              0x000000013FC4E14E
[24] openttd              0x000000013FD493DC
[25] kernel32             0x0000000076D1652D BaseThreadInitThunk + 13
[26] ntdll                0x0000000076F4C521 RtlUserThreadStart + 33

*** End of additional info ***
