*** OpenTTD Crash Report ***

Crash at: Sun Aug 29 21:26:47 2010
In game date: 2419-09-13 (70)

Crash reason:
 Exception: C0000005
 Location:  000000013F3DCF1A
 Message:   <none>

OpenTTD version:
 Version:    r20690 (0)
 NewGRF ver: 110050d2
 Bits:       64
 Endian:     little
 Dedicated:  no
 Build date: Aug 29 2010 18:25:05

Registers:
 RAX: 000000000630B8C0 RBX: 0000000000000000 RCX: 000000000630B8C0 RDX: 0000000000004377
 RSI: 000000000630B8C0 RDI: 0000000000000432 RBP: 000000000000001D RSP: 00000000001EDDE0
 R8:  000000000630B8B0 R9:  000000000630B8C0 R10: 000000000575EC4C R11: 000000013F5CBE68
 R12: 0000000000000000 R13: 0000000001D62AC0 R14: 0000000002165C68 R15: 0000000001DD32E0
 RIP: 000000013F3DCF1A EFLAGS: 00010202

 Bytes at instruction pointer:
 8A 4F 08 48 8D 57 09 E8 F6 F8 FF FF 48 89 06 48 8B 3F 48 8B F0 48 3B FB

Stack trace:
 00000000 00000000 001EDE10 00000000 00000000 00000000 3F3CD485 00000001
 021150E0 00000000 3F23E372 00000001 0630B8C0 00000000 0575EC40 00000000
 0575EC40 00000000 00000000 00000000 001EE930 00000000 3F3E2775 00000001
 02165C10 00000000 3F3CE5A2 00000001 00000000 00000000 00000000 00000000
 00000000 00000000 01D62AC0 00000000 001EE7D0 00000000 3F23DEC8 00000001
 02165C10 00000000 00000000 00000000 001EE930 00000000 001EE930 00000000
 00000000 00000000 00000000 00000000 312E3139 382E3839 34312E37 00000032
 00000000 00000000 050B0690 00000000 01C60200 00000000 00000000 00000000
 00000000 00000000 00000003 00000003 001EE8C8 00000000 3F4AB481 00000001
 00000010 00000000 8B0F0002 8E57C65B 00000000 00000000 00000000 00000000
 00000000 00000000 00000000 00000000 00000000 00000000 00000000 00000000
 00000000 00000000 00000000 00000000 00000000 00000000 00000000 00000000
 00000000 00000000 00000000 00000000 00000000 00000000 00000000 00000000
 00000000 00000000 3F254E11 00000001 02A8EA30 00000000 00000000 00000000
 02A8EA30 00000000 00000400 00000000 001EE1D0 00000000 FD0814CC 000007FE
 00000000 00000000 FB411056 000007FE 02A51398 00000000 3F6711A0 00000001
 922BAC08 0000474E 00000000 00000000 00000001 00000000 FB4110B9 000007FE
 0000001F 00000000 0000001F 00000000 FFFFFFFF 00000000 76B4C0F8 00000000
 00000001 00000000 76B4C1A1 00000000 001EE4B7 00000000 FFFF0101 00000000
 00000000 00000000 0000005A 00000000 00000000 00000000 FB4133C1 000007FE
 00000001 00000000 001EE210 00000000 922B93B8 0000474E FFFFFFFF 00000000
 00000001 00000000 FB4110B9 000007FE 0000001F 00000000 0000001F 00000000
 5D011A0D 00000000 00000000 00000000 00000001 00000000 76B4C0F8 00000000
 FB45B760 000007FE 02A50230 00000000 001EE1D0 00000000 00000000 00000003

Operating system:
 Name:     Windows
 Release:  6.1.7600 ()
 Compiler: MSVC 1500

Configuration:
 Blitter:      8bpp-optimized
 Graphics set: original_windows (0)
 Language:     estonian.lng
 Music driver: win32
 Music set:    NoMusic (0)
 Network:      client
 Sound driver: win32
 Sound set:    OpenSFX (87)
 Video driver: win32

AI Configuration (local: 255):
  0: Human

Libraries:
 FreeType:   2.3.12
 ICU:        4.4.1
 LZO:        2.03
 PNG:        1.4.3
 Zlib:       1.2.5

Module information:
 G:\black hole\openttd-trunk-r20690-windows-win64\openttd.exe handle: 000000013F200000 size: 4844544 crc: 207D85D3 date: 2010-08-29 15:28:50
 C:\Windows\SYSTEM32\ntdll.dll handle: 0000000076D50000 size: 1736608 crc: 51E6A99D date: 2010-03-24 06:59:44
 C:\Windows\system32\kernel32.dll handle: 0000000076C30000 size: 1162240 crc: 822946F0 date: 2009-07-14 01:41:13
 C:\Windows\system32\KERNELBASE.dll handle: 000007FEFCDC0000 size: 421376 crc: 68F689E4 date: 2009-07-14 01:41:13
 C:\Windows\system32\WINMM.dll handle: 000007FEF9DF0000 size: 217600 crc: 7BC1529F date: 2009-07-14 01:41:56
 C:\Windows\system32\msvcrt.dll handle: 000007FEFD370000 size: 634880 crc: 7F3E716F date: 2009-07-14 01:41:32
 C:\Windows\system32\USER32.dll handle: 0000000076B30000 size: 1008640 crc: 95FA0345 date: 2009-07-14 01:41:56
 C:\Windows\system32\GDI32.dll handle: 000007FEFE580000 size: 404480 crc: 0F1BAE69 date: 2009-07-14 01:40:56
 C:\Windows\system32\LPK.dll handle: 000007FEFD080000 size: 41984 crc: 350AF03B date: 2009-07-14 01:41:19
 C:\Windows\system32\USP10.dll handle: 000007FEFEC90000 size: 801280 crc: 32EFA120 date: 2009-07-14 01:41:56
 C:\Windows\system32\WS2_32.dll handle: 000007FEFEC40000 size: 296448 crc: B9553AFD date: 2009-07-14 01:41:58
 C:\Windows\system32\RPCRT4.dll handle: 000007FEFEAC0000 size: 1221632 crc: D5B6358C date: 2009-07-14 01:41:53
 C:\Windows\system32\NSI.dll handle: 000007FEFEA60000 size: 13824 crc: 53B46F6C date: 2009-07-14 01:41:53
 C:\Windows\system32\ADVAPI32.dll handle: 000007FEFE5F0000 size: 877056 crc: FA615A20 date: 2009-07-14 01:40:01
 C:\Windows\SYSTEM32\sechost.dll handle: 000007FEFEBF0000 size: 113664 crc: 978CFAE5 date: 2009-07-14 01:41:53
 C:\Windows\system32\SHELL32.dll handle: 000007FEFD730000 size: 14162944 crc: 38C0D5D7 date: 2010-07-27 14:59:11
 C:\Windows\system32\SHLWAPI.dll handle: 000007FEFD270000 size: 449536 crc: 0BFDF102 date: 2009-07-14 01:41:54
 C:\Windows\system32\IMM32.DLL handle: 000007FEFEC10000 size: 167424 crc: 41B2805A date: 2009-07-14 01:41:09
 C:\Windows\system32\MSCTF.dll handle: 000007FEFD620000 size: 1067008 crc: 798DDDA0 date: 2009-07-14 01:41:28
 C:\Windows\system32\SHFolder.dll handle: 000007FEF82D0000 size: 10240 crc: 08A48DE3 date: 2009-07-14 01:41:54
 C:\Windows\system32\ole32.dll handle: 000007FEFE850000 size: 2084352 crc: 40D2CC46 date: 2009-07-14 01:41:53
 C:\Windows\system32\MMDevAPI.DLL handle: 000007FEFAB10000 size: 284160 crc: CDF2EF81 date: 2009-07-14 01:41:26
 C:\Windows\system32\PROPSYS.dll handle: 000007FEFA9E0000 size: 1212416 crc: 98D01BC9 date: 2009-07-14 01:41:53
 C:\Windows\system32\OLEAUT32.dll handle: 000007FEFD410000 size: 861184 crc: 112732BA date: 2010-04-07 07:37:39
 C:\Windows\system32\wdmaud.drv handle: 000007FEF6A80000 size: 217088 crc: AB6BC545 date: 2009-07-14 01:38:50
 C:\Windows\system32\ksuser.dll handle: 0000000070C90000 size: 5120 crc: AA2071D9 date: 2009-07-14 01:41:13
 C:\Windows\system32\AVRT.dll handle: 000007FEF9E60000 size: 18432 crc: 5CE53CB7 date: 2009-07-14 01:40:05
 C:\Windows\system32\SETUPAPI.dll handle: 000007FEFD090000 size: 1899520 crc: 91ED5D15 date: 2009-07-14 01:41:54
 C:\Windows\system32\CFGMGR32.dll handle: 000007FEFCD80000 size: 207360 crc: 369326FC date: 2009-07-14 01:40:15
 C:\Windows\system32\DEVOBJ.dll handle: 000007FEFCD60000 size: 93184 crc: A7541AE2 date: 2009-07-14 01:40:28
 C:\Windows\system32\AUDIOSES.DLL handle: 000007FEFA750000 size: 296448 crc: 07CA71DE date: 2009-07-14 01:40:04
 C:\Windows\system32\msacm32.drv handle: 000007FEFB0E0000 size: 25600 crc: 2B579A05 date: 2009-07-14 01:38:50
 C:\Windows\system32\MSACM32.dll handle: 000007FEF8CF0000 size: 83456 crc: 3D67538B date: 2009-07-14 01:41:27
 C:\Windows\system32\midimap.dll handle: 000007FEFA7F0000 size: 20480 crc: CB902A13 date: 2009-07-14 01:41:23
 C:\Windows\system32\CRYPTBASE.dll handle: 000007FEFCBA0000 size: 44032 crc: F547C16E date: 2009-07-14 01:40:24
 C:\Windows\system32\CLBCatQ.DLL handle: 000007FEFEFC0000 size: 607744 crc: 939E35C9 date: 2009-07-14 01:40:15
 C:\Windows\system32\uxtheme.dll handle: 000007FEFB410000 size: 332288 crc: B0A13DF9 date: 2009-07-14 01:41:56
 C:\Program Files\Logitech\SetPoint\lgscroll.dll handle: 0000000010100000 size: 56848 crc: EE6FDA68 date: 2009-07-20 10:37:10
 C:\Windows\WinSxS\amd64_microsoft.vc80.crt_1fc8b3b9a1e18e3b_8.0.50727.4927_none_88dce9872fb18caf\MSVCR80.dll handle: 0000000073160000 size: 802624 crc: AD5B9774 date: 2009-06-10 20:40:01
 C:\Windows\system32\ntmarta.dll handle: 000007FEFBDE0000 size: 162304 crc: 5344798C date: 2009-07-14 01:41:53
 C:\Windows\system32\WLDAP32.dll handle: 000007FEFEA70000 size: 311808 crc: 7A3D9683 date: 2009-07-14 01:41:56
 C:\Windows\system32\dwmapi.dll handle: 000007FEFA9C0000 size: 82432 crc: A459F360 date: 2009-07-14 01:40:34
 C:\Windows\system32\mswsock.dll handle: 000007FEFC4A0000 size: 320000 crc: EA387916 date: 2009-07-14 01:41:34
 C:\Windows\System32\wshtcpip.dll handle: 000007FEFBED0000 size: 13312 crc: 5D1E2C55 date: 2009-07-14 01:41:58
 C:\Windows\System32\wship6.dll handle: 000007FEFC640000 size: 13824 crc: E3FBF123 date: 2009-07-14 01:41:58
 C:\Windows\system32\DNSAPI.dll handle: 000007FEFC330000 size: 356352 crc: D15B6D28 date: 2009-07-14 01:40:31
 C:\Program Files\Common Files\Microsoft Shared\Windows Live\WLIDNSP.DLL handle: 0000000074860000 size: 168304 crc: A1C4A7FA date: 2009-08-18 09:48:02
 C:\Windows\system32\PSAPI.DLL handle: 0000000076F10000 size: 9216 crc: 84B5E9BA date: 2009-07-14 01:41:53
 C:\Windows\system32\IPHLPAPI.DLL handle: 000007FEFA510000 size: 145920 crc: FFC0BAF8 date: 2009-07-14 01:41:10
 C:\Windows\system32\WINNSI.DLL handle: 000007FEFA500000 size: 26112 crc: 744B2434 date: 2009-07-14 01:41:56
 C:\Windows\system32\rasadhlp.dll handle: 000007FEF9590000 size: 16384 crc: C5FD1616 date: 2009-07-14 01:41:53
 C:\Windows\System32\fwpuclnt.dll handle: 000007FEFA200000 size: 324096 crc: 37B502C2 date: 2009-07-14 01:40:55

---- gamelog start ----
Tick 0: new game started
     Revision text changed to r20279, savegame version 143, not modified, _openttd_newgrf_version = 0x11004f37
     New game mode: 1 landscape: 0
     Added NewGRF: GRF ID 44440111, checksum 9B5051E70D60EF2926A249B923AFB0CA, filename: ottdc_grfpack\8_vehicles\trains_wagons\pb_ukrs\pb_ukrs.grf
     Added NewGRF: GRF ID 44442202, checksum 3DAC7433C0DA14AD3C5E8C89D73A6A2E, filename: ottdc_grfpack\8_vehicles\trains_wagons\pb_ukrs\ukrsap1w.grf
     Added NewGRF: GRF ID 56430001, checksum AF3E0A1E6EF0B98DB966594578D1775B, filename: ottdc_grfpack\6_town_buildings\ttrs3\ttrs3w.GRF
     Added NewGRF: GRF ID 52571201, checksum C1C7D8C53EB7E74EEE2F0EF29638B466, filename: ottdc_grfpack\8_vehicles\road_vehicles\grvts\egrvts.grf
     Added NewGRF: GRF ID 554B5400, checksum 807D388BF686B56934FB3D9C26C4EB71, filename: ottdc_grfpack\8_vehicles\trams\ukts\ukts_r1.grf
     Added NewGRF: GRF ID 444E0400, checksum 735D3D74D5DCADBF1FD6EF7A9C5A3519, filename: vast_station_tiles-0.2.0\vast.grf
     Added NewGRF: GRF ID 52455300, checksum 37C0B839B13C4B18051580C81EEDF427, filename: ottdc_grfpack\7_stations\ae_subu\ae_subuw.GRF
     Added NewGRF: GRF ID 54570200, checksum 3DEB9B30A6254AE8606A5A9A99A9A696, filename: ottdc_grfpack\7_stations\usstats\usstatsw.grf
     Added NewGRF: GRF ID 43415463, checksum 422B1603DC1CEDA4E59E715E12EAD332, filename: ottdc_grfpack\7_stations\canstn\canstnw.grf
     Added NewGRF: GRF ID 52455400, checksum 1600687C50C5AB1E72EDD487CAD50E2A, filename: ottdc_grfpack\7_stations\ae_city\ae_cityw.GRF
     Added NewGRF: GRF ID 54570604, checksum 09E2627CACBE087959BCD2B86A07DB4E, filename: ottdc_grfpack\z_obsolete\harbour\harbourw_456.grf
     Added NewGRF: GRF ID 4A430002, checksum 0728ADCB4DF2F1EB9247ABD449296F4E, filename: ottdc_grfpack\z_obsolete\indstatr\indstatrw_6.grf
     Added NewGRF: GRF ID 45530500, checksum FA231F55E8CC472EA98271F7C2AA9EFF, filename: japanese_stations-2.0a\jpstationsw.grf
     Added NewGRF: GRF ID 45520500, checksum 7E30CA79D5A8B3A6CBE873E26096D7D2, filename: ottdc_grfpack\7_stations\modernsuburban\modernsuburbanw.GRF
     Added NewGRF: GRF ID 6D620601, checksum 44EB2F155862E4D4F0AB671D7021AF54, filename: ottdc_grfpack\7_stations\newstats\newstatsw.grf
     Added NewGRF: GRF ID 45520002, checksum 91BE852679BF24F3E1FB2D51D60083A3, filename: ottdc_grfpack\z_obsolete\pgs\pgs-freiw.grf
     Added NewGRF: GRF ID 45520004, checksum FAE5D547D28D5EA8CF3148F84CEF2D8E, filename: ottdc_grfpack\z_obsolete\pgs\pgs-counw.grf
     Added NewGRF: GRF ID 45520003, checksum 0E5A15E514FDDC1C20721912BE8F6CF1, filename: ottdc_grfpack\z_obsolete\pgs\pgs-silvw.grf
     Added NewGRF: GRF ID 45520001, checksum 4F6DAB25CE0EA99584803A4C3AE77143, filename: ottdc_grfpack\z_obsolete\pgs\pgs-subuw.grf
     Added NewGRF: GRF ID 52455200, checksum 0E5A9C5ACD2BCAF7FA0658C3F905A660, filename: ottdc_grfpack\7_stations\ae_rura\ae_ruraw.GRF
     Added NewGRF: GRF ID 524B0301, checksum BB7BBE4FF23B349D17ED0A682503680C, filename: ottdc_grfpack\4_infrastructure\tramtrk\tramtrkw.grf
     Added NewGRF: GRF ID 44440A01, checksum EFEE1435093730D3DA55BDF69653CADC, filename: ottdc_grfpack\8_vehicles\planes\pb_av8\pb_av8w.grf
     Added NewGRF: GRF ID 45520102, checksum 1406B06F6475037445A944963CA6D5CE, filename: ottdc_grfpack\7_stations\basic_platforms\basic_platformsw.grf
     Added NewGRF: GRF ID 6D620004, checksum 70649F1AFC954942173B0AA89C1E8B14, filename: ottdc_grfpack\8_vehicles\ships\newships\newshipsw.grf
     Added NewGRF: GRF ID 44470000, checksum 840B1A2DDDE83A56C3F65C601C8C4C6F, filename: ottdc_grfpack\4_infrastructure\dep\dep2.1w.GRF
     Added NewGRF: GRF ID 43415000, checksum B4BBADD1C9BEC03DC8D584E118079BE6, filename: climate_dependant_airports-0.1.0\airportsplus.grf
     Added NewGRF: GRF ID 4D666F01, checksum 1C3723AAE56C6648B61BC211EA344835, filename: ottdc_grfpack\2_landscape\stolentrees\testw.grf
     Added NewGRF: GRF ID 424B5462, checksum 83FE5AA7CAFF0A307B44B297F2A259D6, filename: bk_enhanced_tunnel_set-1.0\bktunw.grf
     Added NewGRF: GRF ID FBFB0202, checksum D8395AAB346181680157E7792D5CD875, filename: transrapid_track_set-0.9.0beta\traratrk.grf
Tick 0: game loaded
     Revision text changed to r20565, savegame version 146, modified, _openttd_newgrf_version = 0x11005055
Tick 44605: game loaded
     Revision text changed to r20594, savegame version 146, modified, _openttd_newgrf_version = 0x11005072
Tick 33912: game loaded
     Revision text changed to r20594, savegame version 146, not modified, _openttd_newgrf_version = 0x11005072
Tick 52672: game loaded
     Revision text changed to r20594, savegame version 146, modified, _openttd_newgrf_version = 0x11005072
Tick 46606: game loaded
     Revision text changed to r20691M, savegame version 148, modified, _openttd_newgrf_version = 0x110050d3
Tick 46618: game loaded
     Revision text changed to r20690, savegame version 148, modified, _openttd_newgrf_version = 0x110050d2
Tick 46618: game loaded
     Revision text changed to r20690, savegame version 148, not modified, _openttd_newgrf_version = 0x110050d2
---- gamelog end ----

*** End of OpenTTD Crash Report ***

Decoded stack trace:
[00] openttd              0x000000013F3DCF1A
[01] openttd              0x000000013F23E372
[02] openttd              0x000000013F3E2775
[03] openttd              0x000000013F23DEC8
[04] openttd              0x000000013F3E2A06
[05] openttd              0x000000013F3E2485
[06] openttd              0x000000013F234752
[07] openttd              0x000000013F24272C
[08] openttd              0x000000013F409F4D
[09] openttd              0x000000013F240CED
[10] openttd              0x000000013F40C50A
[11] openttd              0x000000013F4ADAB9
[12] kernel32             0x0000000076C4F56D BaseThreadInitThunk + 13
[13] ntdll                0x0000000076D83021 RtlUserThreadStart + 33

*** End of additional info ***
