*** OpenTTD Crash Report ***

Crash at: Fri Jul 30 15:51:55 2010
In game date: 2008-07-11 (64)

Crash reason:
 Signal:  Segmentation fault (11)
 Message: <none>

OpenTTD version:
 Version:    1.0.2 (1)
 NewGRF ver: 10284e20
 Bits:       64
 Endian:     little
 Dedicated:  no
 Build date: Jul 10 2010 08:12:29

Stacktrace:
 [00] /usr/games/bin/openttd(_ZNK12CrashLogUnix13LogStacktraceEPcPKc+0x3d) [0x626d1d]
 [01] /usr/games/bin/openttd(_ZNK8CrashLog12FillCrashLogEPcPKc+0xef) [0x55911f]
 [02] /usr/games/bin/openttd(_ZNK8CrashLog12MakeCrashLogEv+0x63) [0x559203]
 [03] /usr/games/bin/openttd() [0x626c6d]
 [04] /lib/libc.so.6(+0x32230) [0x7f6fbff67230]
 [05] /usr/games/bin/openttd() [0x6bfc91]
 [06] /usr/games/bin/openttd(_Z17GetStringWithArgsPcjPxPKc+0x89) [0x6c07a9]
 [07] /usr/games/bin/openttd() [0x6bf715]
 [08] /usr/games/bin/openttd(_Z17GetStringWithArgsPcjPxPKc+0x89) [0x6c07a9]
 [09] /usr/games/bin/openttd(_Z20GetStringBoundingBoxt+0x1b) [0x58940b]
 [10] /usr/games/bin/openttd(_ZN11NWidgetLeaf17SetupSmallestSizeEP6Windowb+0x25a) [0x71eb6a]
 [11] /usr/games/bin/openttd(_ZN17NWidgetHorizontal17SetupSmallestSizeEP6Windowb+0x60) [0x71f1c0]
 [12] /usr/games/bin/openttd(_ZN15NWidgetVertical17SetupSmallestSizeEP6Windowb+0x60) [0x71efd0]
 [13] /usr/games/bin/openttd(_ZN6Window14InitializeDataEPK10WindowDesci+0x61) [0x7237a1]
 [14] /usr/games/bin/openttd(_ZN6Window16FinishInitNestedEPK10WindowDesci+0x21) [0x723a81]
 [15] /usr/games/bin/openttd() [0x70a4bf]
 [16] /usr/games/bin/openttd(_ZN14DropdownWindow11OnMouseLoopEv+0x302) [0x721a42]
 [17] /usr/games/bin/openttd(_Z9InputLoopv+0x22c) [0x725efc]
 [18] /usr/games/bin/openttd(_Z8GameLoopv+0x95) [0x6187e5]
 [19] /usr/games/bin/openttd(_ZN15VideoDriver_SDL8MainLoopEv+0x1e2) [0x70f3e2]
 [20] /usr/games/bin/openttd(_Z8ttd_mainiPPc+0xd9e) [0x61841e]
 [21] /lib/libc.so.6(__libc_start_main+0xfd) [0x7f6fbff53bbd]
 [22] /usr/games/bin/openttd() [0x496c39]

Operating system:
 Name:     Linux
 Release:  2.6.33-gentoo-r2
 Version:  #1 SMP Tue Jun 29 16:24:47 HKT 2010
 Machine:  x86_64
 Compiler: GCC 4.4.3 "4.4.3"

Configuration:
 Blitter:      8bpp-optimized
 Graphics set: OpenGFX
 Language:     english_US.lng
 Music driver: extmidi
 Music set:    OpenMSX
 Network:      client
 Sound driver: sdl
 Sound set:    original_windows
 Video driver: sdl

AI Configuration (local: 255):
  0: Human
  2: Human
  3: Human
  4: Human
  7: Human

Libraries:
 FontConfig: 2.8.0
 FreeType:   2.3.12
 PNG:        1.4.3
 SDL:        1.2.13
 Zlib:       1.2.3

---- gamelog start ----
Tick 0: new game started
     Revision text changed to 1.0.2, savegame version 138, not modified, _openttd_newgrf_version = 0x10284e20
     New game mode: 1 landscape: 0
Tick 36162: game loaded
     Revision text changed to 1.0.2, savegame version 138, maybe modified, _openttd_newgrf_version = 0x10284e20
---- gamelog end ----

*** End of OpenTTD Crash Report ***
