*** OpenTTD Crash Report ***

Crash at: Wed Dec 30 12:23:17 2009

Crash reason:
 Exception: E1212012
 Location:  7C812AFB
 Message:   NOT_REACHED triggered at line 144 of ..\src\strings.cpp

OpenTTD version:
 Version:    r18649 (0)
 NewGRF ver: 100048d9
 Bits:       32
 Endian:     little
 Dedicated:  no
 Build date: Dec 27 2009 19:16:56

Registers:
 EAX: 0012E800 EBX: 00000016 ECX: 00000000 EDX: 0076E860
 ESI: 00000000 EDI: 00000000 EBP: 0012E850 ESP: 0012E7FC
 EIP: 7C812AFB EFLAGS: 00000246

 Bytes at instruction pointer:
 5E C9 C2 10 00 85 FF 0F 8E 36 93 FF FF 8B 55 FC 89 55 0C 0F B7 16 8B 7D

Stack trace:
 0076E780 E1212012 00000000 00000000 7C812AFB 00000000 00000000 00000000
 00030003 00000004 0012EAE0 00000004 00F4E8F7 7C90D80A 7C913416 FFFFFFFF
 00000024 0012E84C 00000004 00000000 8DBC597A 0012E8B0 00548846 E1212012
 00000000 00000000 00000000 00616867 00000016 55477DE8 0012EF84 00000200
 00000180 7C913416 FFFFFFFF 00000000 0012E898 00548836 00000001 0012E870
 0012E418 0012FFB0 0061B5D0 55260278 FFFFFFFE 0012EBE8 00615BEB 00000016
 00000200 0000000E 00000000 0012E8E4 0061724A 0012E91C 0075A960 00E52D60
 0062876D 00000000 FFFFFFEE 0012EB78 0061E640 00000000 0012EF84 0012EBF8
 0061E6CC 0012EBBC 00000001 00000000 00000007 00080008 00000040 00000000
 0075A960 00E52D60 00E51E90 00080001 0012EB9C 00000000 00000000 00000000
 006F96FA 00000000 00000000 00000000 00000000 00000037 0012EE10 00000012
 00706080 FFFFFFFF 0012E994 00000000 0000000E 0012E994 0061CC7E 00000000
 0012ECB8 0012E9C8 0061CC8B 0062876D 0012EC17 FFFFFFFF 0012EC24 0061E640
 00000000 0012E9D0 0061CAA4 0000000E 0012E9D0 00000010 0012EB44 00000000
 7E37934B 00000010 0012EB44 00000000 FFFFFFFC 0012E9C0 0061E640 0012FFB0
 7E39048F 7E379350 00003EC2 0012EB38 7E38A2BC 0012EB44 0012EF84 00000200
 7E38A2D6 00000001 0075A960 00E52D60 00E51E90 00890850 0012EC84 00000000
 00000000 00000000 00000000 7E3620EC 00000000 00000001 000007FA 00000004
 0012ECF8 00000004 00F4E8F7 FFFFFFFF 006162D1 00000000 006FA070 00000000
 0012EA8C 0061CAA4 0000000E 0012EA8C 0061CC7E 00000000 0012EDB0 0012EAC0
 0061CC8B 0062876D 0012ED0F FFFFFFFF 0012ED1C 0061E640 00000000 0012EFBD
 0012EFBD 0061E6CC 0061CC7E 00000000 00000000 00000007 0061CC8B 0062876D
 00000000 0075A960 00E52D60 00E51E90 00000001 0012ED40 00000000 00000000
 00000000 006FA076 00000000 00000000 00000000 FFFFFFFF 00000001 0012EDB4

Operating system:
 Name:    Windows
 Release: 5.1.2600 (Service Pack 3)
 MSVC:    Yes

Configuration:
 Blitter:      8bpp-optimized
 Graphics set: OpenGFX
 Language:     russian.lng
 Music driver: dmusic
 Music set:    NoMusic
 Sound driver: win32
 Sound set:    OpenSFX
 Video driver: win32

AI Configuration:
  0: Human
  1: Convoy (v11)
  2: StreetTraffic (v1)

Libraries:
 FreeType:   2.3.11
 ICU:        4.2.1
 PNG:        1.2.40

Module information:
 C:\Games\OpenTTD\openttd.exe handle: 00400000 size: 3634176 crc: 241C6D5A date: 2009-12-27 16:21:10
 C:\WINDOWS\system32\ntdll.dll handle: 7C900000 size: 718848 crc: A52E48A1 date: 2009-02-09 10:54:16
 C:\WINDOWS\system32\kernel32.dll handle: 7C800000 size: 995840 crc: 3FD79A4B date: 2009-03-21 14:09:06
 C:\WINDOWS\system32\WINMM.dll handle: 76B20000 size: 177152 crc: E53DCA68 date: 2008-04-14 16:10:46
 C:\WINDOWS\system32\ADVAPI32.dll handle: 77DC0000 size: 687616 crc: D12FB736 date: 2009-02-09 10:54:17
 C:\WINDOWS\system32\RPCRT4.dll handle: 77E70000 size: 585216 crc: CFEE021D date: 2009-04-15 14:53:56
 C:\WINDOWS\system32\Secur32.dll handle: 77FE0000 size: 56832 crc: CF6DEAD9 date: 2009-06-25 08:27:19
 C:\WINDOWS\system32\GDI32.dll handle: 77F10000 size: 286720 crc: CDA80B35 date: 2008-10-23 12:42:24
 C:\WINDOWS\system32\USER32.dll handle: 7E360000 size: 579072 crc: 265197E6 date: 2008-04-14 16:10:46
 C:\WINDOWS\system32\WS2_32.dll handle: 71A90000 size: 82432 crc: 273DBAE2 date: 2008-04-14 16:10:47
 C:\WINDOWS\system32\msvcrt.dll handle: 77C00000 size: 343040 crc: 6B153717 date: 2008-04-14 16:10:41
 C:\WINDOWS\system32\WS2HELP.dll handle: 71A80000 size: 19968 crc: DCFE07A3 date: 2008-04-14 16:10:47
 C:\WINDOWS\system32\SHELL32.dll handle: 7C9C0000 size: 8478720 crc: 5C1F2A42 date: 2008-06-17 19:02:35
 C:\WINDOWS\system32\SHLWAPI.dll handle: 77F60000 size: 474112 crc: 03A21DDC date: 2008-04-14 16:10:44
 C:\WINDOWS\system32\IMM32.DLL handle: 76360000 size: 110080 crc: 415CF9AB date: 2008-04-14 16:10:37
 C:\WINDOWS\system32\guard32.dll handle: 10000000 size: 171552 crc: 9F8A2CF0 date: 2009-11-27 07:01:14
 C:\WINDOWS\system32\VERSION.dll handle: 77BF0000 size: 18944 crc: E48F4232 date: 2008-04-14 16:10:46
 C:\WINDOWS\system32\fltlib.dll handle: 4DD70000 size: 16896 crc: BE675B59 date: 2008-04-14 16:10:36
 C:\WINDOWS\system32\serwvdrv.dll handle: 5D270000 size: 14848 crc: 3C1FA2AF date: 2004-08-18 12:00:00
 C:\WINDOWS\system32\umdmxfrm.dll handle: 5B590000 size: 13312 crc: A7215CD7 date: 2004-08-18 12:00:00
 C:\WINDOWS\WinSxS\x86_Microsoft.Windows.Common-Controls_6595b64144ccf1df_6.0.2600.5512_x-ww_35d4ce83\comctl32.dll handle: 773C0000 size: 1054208 crc: 3154DA33 date: 2008-04-14 16:08:37
 C:\WINDOWS\system32\comctl32.dll handle: 5D5B0000 size: 617472 crc: CE341B1A date: 2008-04-14 16:10:34
 C:\WINDOWS\system32\SHFolder.dll handle: 76760000 size: 25088 crc: 96E89477 date: 2008-04-14 16:10:44
 C:\WINDOWS\system32\wdmaud.drv handle: 72CE0000 size: 23552 crc: A9B03F84 date: 2008-04-14 16:11:16
 C:\WINDOWS\system32\WINTRUST.dll handle: 76C20000 size: 176640 crc: 6BDCCE37 date: 2008-04-14 16:10:46
 C:\WINDOWS\system32\CRYPT32.dll handle: 77A70000 size: 602112 crc: D8067B47 date: 2008-04-14 16:10:35
 C:\WINDOWS\system32\MSASN1.dll handle: 77B10000 size: 58880 crc: 2E26F032 date: 2009-09-04 21:04:58
 C:\WINDOWS\system32\IMAGEHLP.dll handle: 76C80000 size: 144384 crc: B9642A2F date: 2008-04-14 16:10:37
 C:\WINDOWS\system32\msacm32.drv handle: 72CD0000 size: 20992 crc: 384BF092 date: 2004-08-18 12:00:00
 C:\WINDOWS\system32\MSACM32.dll handle: 77BD0000 size: 71680 crc: 51B220A7 date: 2008-04-14 16:10:39
 C:\WINDOWS\system32\midimap.dll handle: 77BC0000 size: 18944 crc: 6BE584C7 date: 2008-04-14 16:10:39
 C:\WINDOWS\system32\uxtheme.dll handle: 5B260000 size: 219648 crc: 056626DA date: 2008-04-14 16:10:46
 C:\Program Files\Yandex\Punto Switcher\pshook.dll handle: 08000000 size: 21800 crc: 3FD07053 date: 2009-07-29 15:59:49
 C:\WINDOWS\system32\MSCTF.dll handle: 746E0000 size: 297984 crc: 7C10BD28 date: 2008-04-14 16:10:39
 C:\Programs\TrayIt\TrayIt4!.dll handle: 494E0000 size: 7680 crc: 54262E3E date: 2007-07-06 18:07:00
 C:\WINDOWS\system32\msctfime.ime handle: 75310000 size: 177152 crc: 7ABF40F9 date: 2008-04-14 16:09:20
 C:\WINDOWS\system32\ole32.dll handle: 774D0000 size: 1287168 crc: 5F08A9E9 date: 2008-04-14 16:10:43
 C:\WINDOWS\system32\CLBCATQ.DLL handle: 76FC0000 size: 498688 crc: AD9AE34C date: 2008-04-14 16:10:34
 C:\WINDOWS\system32\COMRes.dll handle: 77040000 size: 797696 crc: CB1A8BF9 date: 2008-04-14 16:10:35
 C:\WINDOWS\system32\OLEAUT32.dll handle: 77110000 size: 551936 crc: EDA1C792 date: 2008-04-14 16:10:43
 C:\WINDOWS\system32\dmime.dll handle: 60D70000 size: 181248 crc: 57F1D58E date: 2008-04-14 16:10:35
 C:\WINDOWS\system32\DSOUND.dll handle: 73ED0000 size: 367616 crc: CCCE212B date: 2008-04-14 16:10:36
 C:\WINDOWS\system32\dmusic.dll handle: 6CF10000 size: 104448 crc: 58243ABF date: 2008-04-14 16:10:35
 C:\WINDOWS\system32\KsUser.dll handle: 73EA0000 size: 4096 crc: 287950DE date: 2008-04-14 16:10:38
 C:\WINDOWS\system32\dmsynth.dll handle: 6CF30000 size: 103424 crc: B5A8B429 date: 2008-04-14 16:10:35
 C:\WINDOWS\system32\dmloader.dll handle: 6CFA0000 size: 35840 crc: 267CFC56 date: 2008-04-14 16:10:35
 C:\WINDOWS\system32\mswsock.dll handle: 71A30000 size: 247296 crc: 5AD7674D date: 2008-06-20 17:48:23
 C:\WINDOWS\system32\hnetcfg.dll handle: 698B0000 size: 344064 crc: 5D5A4DDC date: 2008-04-14 16:10:37
 C:\WINDOWS\System32\wshtcpip.dll handle: 71A70000 size: 19456 crc: 5CCF1D03 date: 2008-04-14 16:10:47
 C:\WINDOWS\system32\DNSAPI.dll handle: 76F10000 size: 147968 crc: 65E1FCE1 date: 2008-06-20 17:48:23
 C:\WINDOWS\system32\rasadhlp.dll handle: 76FB0000 size: 7680 crc: 888BC615 date: 2008-04-14 16:10:43
 C:\WINDOWS\system32\psapi.dll handle: 76BE0000 size: 23040 crc: 5523D8EF date: 2008-04-14 16:10:43

---- gamelog start ----
Tick 0: new game started
     Revision text changed to r18649, savegame version 132, not modified, _openttd_newgrf_version = 0x100048d9
     New game mode: 1 landscape: 0
---- gamelog end ----

*** End of OpenTTD Crash Report ***
