*** OpenTTD Crash Report ***

Crash at: Tue Apr 17 21:29:48 2012
In game date: 1930-01-04 (70)

Crash reason:
 Exception: C0000005
 Location:  0052559E
 Message:   <none>

OpenTTD version:
 Version:    h4f8131fc (0)
 NewGRF ver: 1200581b
 Bits:       32
 Endian:     little
 Dedicated:  no
 Build date: Feb 19 2012 03:13:44

Registers:
 EAX: 00000008 EBX: 0012F738 ECX: 01000001 EDX: 0000000A
 ESI: 015407D8 EDI: FFFFFFE0 EBP: 0012F74C ESP: 0012F724
 EIP: 0052559E EFLAGS: 00010202

 Bytes at instruction pointer:
 89 08 F7 00 00 00 00 08 8B 4B 04 89 48 04 74 03 FF 41 04 FF 46 04 39 7E

Stack trace:
 015407C0 00000000 00523AF6 015407C0 02C3ABE8 01000001 00000000 0012F760
 0068FC6B 00000002 0012F76C 00523B4E 015407C0 02B2C550 02B64AC8 0012F78C
 00693896 00000000 0012F798 005259E8 02B2C550 02B64AC8 00000000 02AF8AA8
 02B64AC8 02B64AC8 0012F7FC 0068F975 FFFFFFFF 0012F808 00536868 02AF2270
 00000008 02B64AC8 00532EA5 00000000 00000000 08000200 02AF8AA8 00000000
 00000000 00000009 0000000B 00000000 00000001 00000000 00000000 08000200
 02AF8AA8 08000200 00000038 0000002D 00536AA6 0012F7A0 0012F8C0 00691132
 00000003 0012F8CC 005351E5 02B64AC8 00000005 00000001 00000036 0012F8AC
 0012F8DB 029868B8 02BBFBE8 00000000 005784AB 0012F8A0 02BF2A38 0012F8A0
 00000001 00000001 00000001 08000040 02B63B58 00000001 0012F888 005784AB
 0112F8A0 00000127 000F30DB 00C5E860 00000001 00000001 0000001C 02BF2AD8
 00000001 00573B00 0A008000 02B8B958 000F30DB 000F30DB 00000000 00000001
 02B64B58 00000038 08000200 02AF8AA8 00000036 00000000 0012F828 0012F940
 00691469 00000006 0012F900 0052525A 02B64AC8 00BF6BA0 01000009 00000008
 01FFFFFF 0012F8F8 00000001 00000000 004CB2AC 01000001 00000000 0012F94C
 00522EBC 01568F01 00542462 00000001 01568F20 00000000 00000000 00000000
 00006DEE 00006DEE 00002EB0 0045FA71 FFFFEAD6 00006E88 0012F910 0012F97C
 00693AF8 00000004 0012F988 0053813D 029868B8 00C0A08F 00C0A09F 00000000
 000FF3FB 00C24908 00C01001 00BB8FE0 00000049 0053807B 0012FABC 00693C80
 00000000 0012FACC 0043F09B 00C0A08F 00C0A09F 00000000 00C0A09F 00C24908
 00000001 00B9B19C 000004C9 747313D9 00000000 00000000 00000000 0012F98C
 00000000 0012FA1C 7E44048F 7E418830 FFFFFFFF 7E41882A 7E428EA0 00000000
 0059A837 00070350 0000000F 00000000 00000000 00F97F94 7E428EAB 0012FB08
 0012FB00 00F97F80 7E4278D0 00000000 0012FA00 7E4278E0 0012FAB0 7E44048F

Operating system:
 Name:     Windows
 Release:  5.1.2600 (Service Pack 3)
 Compiler: MSVC 1600

Configuration:
 Blitter:      8bpp-optimized
 Graphics set: original_windows (0)
 Language:     D:\Gaming\OpenTTD1.2\openttd-chillpp-h4f8131fc\lang\english.lng
 Music driver: dmusic
 Music set:    original_windows (1)
 Network:      no
 Sound driver: win32
 Sound set:    original_windows (0)
 Video driver: win32

AI Configuration (local: 0):
  0: Human
  1: GriffinAI (v7)

Libraries:
 FreeType:   2.4.5
 ICU:        4.4.2
 LZMA:       5.0.3
 LZO:        2.05
 PNG:        1.5.4
 Zlib:       1.2.5

Module information:
 D:\Gaming\OpenTTD1.2\openttd-chillpp-h4f8131fc\openttd.exe handle: 00400000 size: 8458752 crc: 0E7CA5B8 date: 2012-04-01 19:02:30
 C:\WINDOWS2\system32\ntdll.dll handle: 7C900000 size: 718336 crc: EA097CED date: 2010-12-09 15:15:09
 C:\WINDOWS2\system32\kernel32.dll handle: 7C800000 size: 989696 crc: 8A0508E5 date: 2009-03-21 14:06:58
 C:\WINDOWS2\system32\WINMM.dll handle: 76B40000 size: 176128 crc: 2D7A3E5F date: 2011-10-14 14:47:29
 C:\WINDOWS2\system32\ADVAPI32.dll handle: 77DD0000 size: 617472 crc: C9027432 date: 2009-02-09 12:10:48
 C:\WINDOWS2\system32\RPCRT4.dll handle: 77E70000 size: 590848 crc: E9ECB923 date: 2010-08-16 08:45:00
 C:\WINDOWS2\system32\Secur32.dll handle: 77FE0000 size: 56832 crc: 3D0002B7 date: 2009-06-25 08:25:26
 C:\WINDOWS2\system32\GDI32.dll handle: 77F10000 size: 286720 crc: B5F6B116 date: 2008-10-23 12:36:14
 C:\WINDOWS2\system32\USER32.dll handle: 7E410000 size: 578560 crc: F7C72264 date: 2008-04-14 00:12:08
 C:\WINDOWS2\system32\WS2_32.dll handle: 71AB0000 size: 82432 crc: 7C519ECA date: 2008-04-14 00:12:10
 C:\WINDOWS2\system32\msvcrt.dll handle: 77C10000 size: 343040 crc: 0B7B1677 date: 2008-04-14 00:12:01
 C:\WINDOWS2\system32\WS2HELP.dll handle: 71AA0000 size: 19968 crc: 3F24E096 date: 2008-04-14 00:12:10
 C:\WINDOWS2\system32\SHELL32.dll handle: 7C9C0000 size: 8462336 crc: A88619FE date: 2011-01-21 14:44:37
 C:\WINDOWS2\system32\SHLWAPI.dll handle: 77F60000 size: 474112 crc: BDFA6F45 date: 2009-12-08 09:23:28
 C:\WINDOWS2\system32\IMM32.DLL handle: 76390000 size: 110080 crc: C1486DA0 date: 2008-04-14 00:11:54
 C:\WINDOWS2\system32\LPK.DLL handle: 629C0000 size: 22016 crc: 9689B06F date: 2008-04-14 00:11:56
 C:\WINDOWS2\system32\USP10.dll handle: 74D90000 size: 406016 crc: 80584A23 date: 2010-04-16 15:36:56
 C:\WINDOWS2\WinSxS\x86_Microsoft.Windows.Common-Controls_6595b64144ccf1df_6.0.2600.6028_x-ww_61e65202\comctl32.dll handle: 773D0000 size: 1054208 crc: 350BBD1B date: 2010-08-23 16:12:02
 C:\WINDOWS2\system32\comctl32.dll handle: 5D090000 size: 617472 crc: B00C920E date: 2010-08-23 16:12:04
 C:\WINDOWS2\system32\SHFolder.dll handle: 76780000 size: 25088 crc: 8009EA65 date: 2008-04-14 00:12:05
 C:\WINDOWS2\system32\WINTRUST.dll handle: 76C30000 size: 177664 crc: 56C12BB0 date: 2012-02-29 14:10:16
 C:\WINDOWS2\system32\CRYPT32.dll handle: 77A80000 size: 599040 crc: 1F2DBBAF date: 2011-09-28 07:06:50
 C:\WINDOWS2\system32\MSASN1.dll handle: 77B20000 size: 58880 crc: 63D6A79F date: 2009-09-04 21:03:36
 C:\WINDOWS2\system32\IMAGEHLP.dll handle: 76C90000 size: 148480 crc: 40305BCA date: 2012-02-29 14:10:16
 C:\WINDOWS2\system32\wdmaud.drv handle: 72D20000 size: 23552 crc: EEB914CA date: 2008-04-14 01:12:46
 C:\WINDOWS2\system32\msacm32.drv handle: 72D10000 size: 20480 crc: D5406BAE date: 2004-08-04 12:00:00
 C:\WINDOWS2\system32\MSACM32.dll handle: 77BE0000 size: 71680 crc: EDE4B266 date: 2008-04-14 00:11:58
 C:\WINDOWS2\system32\midimap.dll handle: 77BD0000 size: 18944 crc: 2E6D5FD1 date: 2008-04-14 00:11:57
 C:\WINDOWS2\system32\MSCTF.dll handle: 74720000 size: 297984 crc: 392BE0B0 date: 2008-04-14 00:11:58
 C:\Program Files\Utilities\WinPatrol\PATROLPRO.DLL handle: 10000000 size: 62776 crc: 13B6CA00 date: 2008-07-04 16:58:18
 C:\WINDOWS2\system32\msctfime.ime handle: 755C0000 size: 177152 crc: 6D3663FE date: 2008-04-14 00:10:06
 C:\WINDOWS2\system32\ole32.dll handle: 774E0000 size: 1288704 crc: E6DBC40A date: 2011-11-01 16:07:10
 C:\WINDOWS2\system32\CLBCATQ.DLL handle: 76FD0000 size: 498688 crc: F43789FF date: 2008-04-14 00:11:50
 C:\WINDOWS2\system32\COMRes.dll handle: 77050000 size: 792064 crc: 868482D5 date: 2008-04-14 00:11:51
 C:\WINDOWS2\system32\OLEAUT32.dll handle: 77120000 size: 551936 crc: B6E16806 date: 2010-12-20 17:32:15
 C:\WINDOWS2\system32\VERSION.dll handle: 77C00000 size: 18944 crc: 558B1DAF date: 2008-04-14 00:12:08
 C:\WINDOWS2\system32\dmime.dll handle: 5C570000 size: 181248 crc: A021AC64 date: 2008-04-14 00:11:52
 C:\WINDOWS2\system32\DSOUND.dll handle: 73F10000 size: 367616 crc: 33C2A52C date: 2008-04-14 00:11:52
 C:\WINDOWS2\system32\dmusic.dll handle: 6C980000 size: 104448 crc: E9A2B682 date: 2008-04-14 00:11:52
 C:\WINDOWS2\system32\KsUser.dll handle: 73EE0000 size: 4096 crc: BD8E6BD9 date: 2008-04-14 01:11:56
 C:\WINDOWS2\system32\dmsynth.dll handle: 6C9A0000 size: 103424 crc: 3E2BFB05 date: 2008-04-14 00:11:52
 C:\WINDOWS2\system32\dmloader.dll handle: 6CA10000 size: 35840 crc: 9271DC2B date: 2008-04-14 00:11:52
 C:\WINDOWS2\system32\mswsock.dll handle: 71A50000 size: 245248 crc: 8244D3EE date: 2008-06-20 16:02:47
 C:\WINDOWS2\system32\hnetcfg.dll handle: 662B0000 size: 344064 crc: 96358152 date: 2008-04-14 00:11:54
 C:\WINDOWS2\System32\wshtcpip.dll handle: 71A90000 size: 19456 crc: F5533E87 date: 2008-04-14 00:12:10
 C:\WINDOWS2\system32\psapi.dll handle: 76BF0000 size: 23040 crc: 75BBDCAD date: 2008-04-14 00:12:03

---- gamelog start ----
Tick 0: new game started
     Revision text changed to h4f8131fc, savegame version 233, not modified, _openttd_newgrf_version = 0x1200581b
     New game mode: 2 landscape: 0
     Added NewGRF: GRF ID EC0D9110, checksum D1510A1006B03BCDAAFE562D5D05BACF, filename: raise_landscaping_costs.2\raise_landscaping_costs.grf (md5sum matches)
     Added NewGRF: GRF ID 504E0002, checksum 6E6944E09CE6C3AC130DF72C542EE4B1, filename: generic_buffers.0.1\buffers.grf (md5sum matches)
     Added NewGRF: GRF ID 4A430002, checksum 0728ADCB4DF2F1EB9247ABD449296F4E, filename: industrial_stations_renewal.0.8.0\indstatrw.grf (md5sum matches)
     Added NewGRF: GRF ID 52455200, checksum 0E5A9C5ACD2BCAF7FA0658C3F905A660, filename: rural_stations-1\ae_ruraw.grf (md5sum matches)
     Added NewGRF: GRF ID 52455300, checksum 37C0B839B13C4B18051580C81EEDF427, filename: suburban_stations-1\ae_subuw.grf (md5sum matches)
     Added NewGRF: GRF ID FBFB0402, checksum C5D462B520ED5EEB3AF5619DA165DA35, filename: metro_track_set-1.1.0\metrotrk.grf (md5sum matches)
     Added NewGRF: GRF ID 41420000, checksum 91B1E5631A3A4926CC7C1DBDBBC585CD, filename: metro_subway_set-prealpha3.1\metro subway set.grf (md5sum matches)
     Added NewGRF: GRF ID FBFB0102, checksum 803D38F242F016C4A8212FA05C0F9B7E, filename: dutch_tram_set.rc1\dutchtramsetw.grf (md5sum matches)
     Added NewGRF: GRF ID F1250005, checksum B347278C7DB3B672972811552001E028, filename: firs_industry_replacement_set-0.6.4\firs.grf (md5sum matches)
     Added NewGRF: GRF ID 4A530117, checksum 89A2A4BFC9BFFE1158A6BBBBEA33975B, filename: ecs__firs_vehicle_set-2011.01.01\efrefit.grf (md5sum matches)
     Added NewGRF: GRF ID 52571201, checksum C1C7D8C53EB7E74EEE2F0EF29638B466, filename: egrvts.1.0\egrvts.grf (md5sum matches)
     Added NewGRF: GRF ID 44440111, checksum 9B5051E70D60EF2926A249B923AFB0CA, filename: uk_renewal_set.3.04\pb_ukrs.grf (md5sum matches)
     Added NewGRF: GRF ID 44442202, checksum 3DAC7433C0DA14AD3C5E8C89D73A6A2E, filename: uk_renewal_set_addon_pack.3.04\ukrsap1w.grf (md5sum matches)
     Added NewGRF: GRF ID 44442411, checksum BE3D8201BDE0ABB92F8D9696D93524CC, filename: tai_uk_houses-0.3\tai_uk.grf (md5sum matches)
     Added NewGRF: GRF ID 72777473, checksum 431E58F4ACA83A2B4E25EEC5FD2E1EEF, filename: uk_town_set-2.1\ukts_2.1.grf (md5sum matches)
     Added NewGRF: GRF ID 56430001, checksum 0CB8AD0B5E08C40893EDD63DBF49A192, filename: total_town_replacement_set-3.13\ttrs3w.grf (md5sum matches)
     Added NewGRF: GRF ID 50430301, checksum 019EC35F3327E5069E68A8AD990C1AAE, filename: brit_names.grf (md5sum matches)
     Added NewGRF: GRF ID 414C0101, checksum 8868C6AA5191153F4255C129C9472043, filename: stations_name_from_nearby_indus-1.2.4\station_name.grf (md5sum matches)
     Added NewGRF: GRF ID 52455400, checksum 1600687C50C5AB1E72EDD487CAD50E2A, filename: coded_by_aegir._artwork_by_aegir-1\ae_cityw.grf (md5sum matches)
     Added NewGRF: GRF ID 43485053, checksum 80EB009DC3E2CCD5C2C71DDB9A1CFBC3, filename: chips_station_set-0.6.0\chips.grf (md5sum matches)
     Added NewGRF: GRF ID 46727806, checksum 09E95562B1894A4D55D5532C6A889621, filename: opengfx_trees-0.2.2\opengfx+trees.grf (md5sum matches)
Tick 0: game loaded
     New game mode: 1 landscape: 0
---- gamelog end ----

*** End of OpenTTD Crash Report ***

Decoded stack trace:
[00] ???                  0x0052559E
[01] ???                  0x00523B4E
[02] ???                  0x005259E8
[03] ???                  0x00536868
[04] ???                  0x005351E5
[05] ???                  0x0052525A
[06] ???                  0x00522EBC
[07] ???                  0x0053813D
[08] ???                  0x0043F09B
[09] ???                  0x0043F276

*** End of additional info ***
