*** OpenTTD Crash Report ***

Crash at: Sun Feb 09 18:16:14 2014
In game date: 1930-01-01 (0)

Crash reason:
 Exception: E1212012
 Location:  000007FB71A2811C
 Message:   Assertion failed at line 42 of ..\src\linkgraph\linkgraphjob.cpp: this->thread == NULL

OpenTTD version:
 Version:    1.4.0-beta3 (0)
 NewGRF ver: 140066a1
 Bits:       64
 Endian:     little
 Dedicated:  no
 Build date: Jan 21 2014 20:28:10

Registers:
 RAX: 0000000000000000 RBX: 0000000000000016 RCX: 000000000107D668 RDX: 000000000107D670
 RSI: 0000000000000000 RDI: 0000000000000008 RBP: 000000000107DFE8 RSP: 000000000107DBE0
 R8:  0000003400000001 R9:  0000000000000000 R10: 0000000000000000 R11: 0000000000000003
 R12: 000007F6E174CBD0 R13: 000007F6E0D1A0C4 R14: 0000000000000001 R15: 0000000024614BE0
 RIP: 000007FB71A2811C EFLAGS: 00000202

 Bytes at instruction pointer:
 48 8B 8C 24 C0 00 00 00 48 33 CC E8 E4 92 FC FF 48 81 C4 D8 00 00 00 C3

Stack trace:
 79148158 00000000 00000016 00000000 00000000 00000000 00000008 00000000
 E1212012 00000000 00000000 00000000 71A2811C 000007FB 00000000 00000000
 E1C60830 000007F6 00000000 00000000 00000050 00000000 008C06BC 00000000
 00000000 00000000 E1C60830 000007F6 E16BB0D8 000007F6 00000010 00000000
 00000000 00000000 00000000 00000000 00000000 00000000 747966FF 000007FB
 00000000 00000000 00000000 00000000 0107DAC0 00000000 0107DAA0 00000000
 255DD2F7 000005D9 00000001 FFFFFFFF 00000016 00000000 E0E05A99 000007F6
 00000001 00000000 E845739B 00000000 277A4E0B 0000759D 7476DD57 000007FB
 00000200 00000000 24614BE0 00000000 00000001 00000000 00000000 00000000
 79148158 00000000 00000000 00000000 24614BE0 00000000 E0E04E50 000007F6
 00000001 00000000 24614BE0 00000000 00000001 00000000 FFFFFFFF 00000000
 24614BE0 00000000 E0A8DF23 000007F6 24614BE0 00000000 0107DFE8 00000000
 00000001 00000000 00000000 00000000 65737341 6F697472 6166206E 64656C69
 20746120 656E696C 20323420 2E20666F 72735C2E 696C5C63 72676B6E 5C687061
 6B6E696C 70617267 626F6A68 7070632E 6874203A 3E2D7369 65726874 3D206461
 554E203D 00004C4C 02B53340 00000000 02B53340 00000000 00000006 00000000
 2444CE80 00000000 9F00009F 00000000 00000200 00000000 02B53340 00000000
 81008001 00000000 02B53340 00000000 2444CE80 00000000 02000002 00000000
 FFFFFFFF 000000FF 0D090400 00000000 81008001 00000000 038DCB50 00000000
 00800002 00000000 02000002 00000000 038DCB50 00000000 1E01001F 000007FB
 02B50000 00000000 02B53332 00000000 00000000 00000000 038DCB50 00000000
 02B502C0 00000000 24683EA0 00000000 0000007A 00000000 02B50000 00000000
 24691250 00000000 02B502C0 00000000 038CFB70 00000000 000002C2 00000000
 02B53378 00000000 02B53340 00000000 02B502C0 00000000 02B53340 00000000

Operating system:
 Name:     Windows
 Release:  6.2.9200 ()
 Compiler: MSVC 1600

Configuration:
 Blitter:      32bpp-sse4-anim
 Graphics set: zBase (251)
 Language:     C:\Program Files\OpenTTD\lang\english_US.lng
 Music driver: win32
 Music set:    OpenMSX (96)
 Network:      no
 Sound driver: win32
 Sound set:    OpenSFX (87)
 Video driver: win32

Fonts:
 Small:  sprite
 Medium: sprite
 Large:  sprite
 Mono:   sprite

AI Configuration (local: 255):
  0: Human
  1: Human

Libraries:
 FreeType:   2.4.11
 ICU:        51.2
 LZMA:       5.0.4
 LZO:        2.06
 PNG:        1.5.14
 Zlib:       1.2.7

Module information:
 C:\Program Files\OpenTTD\openttd.exe handle: 000007F6E0A30000 size: 14064128 crc: 33788D48 date: 2014-01-21 20:33:24
 C:\Windows\SYSTEM32\ntdll.dll handle: 000007FB74760000 size: 1829408 crc: EC3E2755 date: 2013-04-09 05:17:57
 C:\Windows\system32\KERNEL32.DLL handle: 000007FB73EF0000 size: 1257472 crc: D9FB2CAC date: 2013-05-30 23:24:29
 C:\Windows\system32\KERNELBASE.dll handle: 000007FB719F0000 size: 976384 crc: 6E438634 date: 2012-11-06 04:18:33
 C:\Windows\SYSTEM32\WINMM.dll handle: 000007FB6D3A0000 size: 115712 crc: C55809AE date: 2013-06-19 05:36:21
 C:\Windows\system32\WS2_32.dll handle: 000007FB742B0000 size: 345088 crc: 3FA6B8C5 date: 2012-07-26 05:26:48
 C:\Windows\system32\IMM32.dll handle: 000007FB71B50000 size: 213504 crc: 7423905F date: 2012-07-26 03:05:49
 C:\Windows\system32\USER32.dll handle: 000007FB73820000 size: 1342464 crc: 07319BBB date: 2012-09-20 06:33:05
 C:\Windows\system32\GDI32.dll handle: 000007FB71B90000 size: 1300992 crc: 600EB792 date: 2013-10-02 23:25:41
 C:\Windows\system32\ADVAPI32.dll handle: 000007FB74310000 size: 894464 crc: 665B5F2D date: 2012-07-26 03:05:02
 C:\Windows\system32\SHELL32.dll handle: 000007FB72540000 size: 19758080 crc: 50320184 date: 2013-08-02 06:28:20
 C:\Windows\SYSTEM32\WINMMBASE.dll handle: 000007FB6D360000 size: 183808 crc: 78E302AA date: 2013-06-19 05:36:21
 C:\Windows\system32\msvcrt.dll handle: 000007FB743F0000 size: 654848 crc: E98BCC92 date: 2012-07-26 05:26:45
 C:\Windows\system32\RPCRT4.dll handle: 000007FB723F0000 size: 1314816 crc: 543430A7 date: 2013-05-23 23:02:30
 C:\Windows\system32\NSI.dll handle: 000007FB746E0000 size: 19456 crc: 576B2E73 date: 2012-07-26 05:26:47
 C:\Windows\system32\MSCTF.dll handle: 000007FB73970000 size: 1125888 crc: 408816F4 date: 2013-04-09 23:17:06
 C:\Windows\SYSTEM32\sechost.dll handle: 000007FB73E90000 size: 279040 crc: FE7E56F6 date: 2012-07-26 05:26:48
 C:\Windows\SYSTEM32\combase.dll handle: 000007FB71F20000 size: 1743872 crc: D929B890 date: 2012-09-20 06:30:48
 C:\Windows\system32\SHLWAPI.dll handle: 000007FB74030000 size: 309760 crc: 5D10ED12 date: 2012-07-26 03:07:16
 C:\Windows\SYSTEM32\cfgmgr32.dll handle: 000007FB718C0000 size: 320112 crc: 21D22127 date: 2012-07-26 04:52:35
 C:\Windows\system32\DEVOBJ.dll handle: 000007FB71910000 size: 134168 crc: ACCE92D4 date: 2012-07-26 04:52:35
 C:\Windows\SYSTEM32\SHCORE.dll handle: 000007FB6FAD0000 size: 588288 crc: 3F113A82 date: 2013-10-28 05:50:42
 C:\Windows\system32\uxtheme.dll handle: 000007FB704A0000 size: 915968 crc: 7CB3BA40 date: 2013-10-25 06:19:12
 C:\Windows\SYSTEM32\dwmapi.dll handle: 000007FB6DE10000 size: 115200 crc: 02054870 date: 2012-07-26 03:05:33
 C:\Windows\system32\ole32.dll handle: 000007FB72270000 size: 1566432 crc: 0BCB71C4 date: 2012-11-06 07:33:30
 C:\Windows\SYSTEM32\CRYPTBASE.dll handle: 000007FB71450000 size: 22016 crc: 6F993B0A date: 2012-07-26 05:26:47
 C:\Windows\SYSTEM32\bcryptPrimitives.dll handle: 000007FB713F0000 size: 373312 crc: 4AC08017 date: 2012-07-26 05:26:42
 C:\Windows\system32\mswsock.dll handle: 000007FB70E60000 size: 355328 crc: B7790FBE date: 2012-10-11 05:44:51
 C:\Windows\SYSTEM32\MMDevAPI.DLL handle: 000007FB6D600000 size: 389360 crc: 596C16E1 date: 2012-09-20 08:40:25
 C:\Windows\SYSTEM32\wdmaud.drv handle: 000007FB6BC90000 size: 207872 crc: 043950C4 date: 2012-07-26 03:04:58
 C:\Windows\SYSTEM32\ksuser.dll handle: 000007FB6BC60000 size: 15952 crc: 99C9884B date: 2012-07-26 04:45:07
 C:\Windows\SYSTEM32\AVRT.dll handle: 000007FB6D670000 size: 27280 crc: 1F9F19C2 date: 2012-09-20 09:08:47
 C:\Windows\SYSTEM32\AUDIOSES.DLL handle: 000007FB6CB50000 size: 446792 crc: 0F89D561 date: 2013-04-09 05:33:02
 C:\Windows\system32\OLEAUT32.dll handle: 000007FB71D00000 size: 778752 crc: 5E0C44A8 date: 2013-09-28 05:48:00
 C:\Windows\SYSTEM32\powrprof.dll handle: 000007FB715B0000 size: 260608 crc: FD51DA52 date: 2012-07-26 03:06:59
 C:\Windows\SYSTEM32\msacm32.drv handle: 000007FB6BBF0000 size: 25600 crc: F12956A9 date: 2012-07-26 03:04:58
 C:\Windows\SYSTEM32\MSACM32.dll handle: 000007FB6BBD0000 size: 84480 crc: 1384C734 date: 2012-07-26 03:06:16
 C:\Windows\SYSTEM32\midimap.dll handle: 000007FB6F180000 size: 18944 crc: 473F99CF date: 2012-07-26 03:06:05
 C:\Windows\system32\psapi.dll handle: 000007FB73EE0000 size: 9728 crc: 82F0883A date: 2012-07-26 03:07:00

---- gamelog start ----
Tick 0: new game started
     Revision text changed to 1.4.0-beta3, savegame version 188, not modified, _openttd_newgrf_version = 0x140066a1
     New game mode: 1 landscape: 0
---- gamelog end ----

*** End of OpenTTD Crash Report ***

Decoded stack trace:
[00] KERNELBASE           0x000007FB71A2811C RaiseException + 104
[01] openttd              0x000007F6E0E05A99
[02] openttd              0x000007F6E0E04E50
[03] openttd              0x000007F6E0A8DF23
[04] openttd              0x000007F6E0A734BB
[05] openttd              0x000007F6E0A75146
[06] openttd              0x000007F6E0A74C95
[07] openttd              0x000007F6E0AD33E1
[08] openttd              0x000007F6E0A7B5F7
[09] openttd              0x000007F6E0A5D50C
[10] openttd              0x000007F6E0A8E92E
[11] openttd              0x000007F6E0A90A6B
[12] openttd              0x000007F6E0A923A2
[13] openttd              0x000007F6E0D188C1
[14] openttd              0x000007F6E0A90148
[15] openttd              0x000007F6E0D1AEEB
[16] openttd              0x000007F6E0E07514
[17] KERNEL32             0x000007FB73EF1832 BaseThreadInitThunk + 26
[18] ntdll                0x000007FB747BD609 RtlUserThreadStart + 33

*** End of additional info ***
