*** OpenTTD Crash Report ***

Crash at: Mon Aug 16 14:46:38 2010
In game date: 1970-01-01 (0)

Crash reason:
 Exception: E1212012
 Location:  000007FEFDC3AA7D
 Message:   NOT_REACHED triggered at line 735 of ..\src\gamelog.cpp

OpenTTD version:
 Version:    1.0.3 (0)
 NewGRF ver: 10384f2b
 Bits:       64
 Endian:     little
 Dedicated:  no
 Build date: Jul 31 2010 21:31:09

Registers:
 RAX: 0000000077B84FB0 RBX: 0000000000000016 RCX: 00000000002DDDF0 RDX: 0000000000000000
 RSI: 0000000000000000 RDI: 0000000000000008 RBP: 0000000004E78B90 RSP: 00000000002DE400
 R8:  0000000000000000 R9:  0000000000000000 R10: 0000000000000000 R11: 0000000000000286
 R12: 00000001402DA790 R13: 00000001400B21BC R14: 0000000000000001 R15: 00000000778CF59B
 RIP: 000007FEFDC3AA7D EFLAGS: 00000202

 Bytes at instruction pointer:
 48 81 C4 C8 00 00 00 C3 90 90 90 90 90 90 90 90 90 90 90 48 83 EC 48 83

Stack trace:
 00000016 00000000 00000000 00000000 00000008 00000000 002DE438 00000000
 E1212012 00000000 00000000 00000000 FDC3AA7D 000007FE 00000000 00000000
 00000048 00000000 00000001 00000000 00000000 00000000 00000000 00000000
 00000070 00000000 FFFFFFFF FFFFFFFF FFFFFFFF FFFFFFFF 778DC333 00000000
 778DC3DF 00000000 77B1FF9A 00000000 00000000 00000000 00000000 00000000
 00000000 00000000 778DA01B 00000000 00000000 00000000 77B03908 00000000
 00000001 00000000 40152681 00000001 00000016 00000000 0A2FF29F 00000000
 008C0598 00000000 00000001 00000000 00000000 00000000 77B17B3A 00000000
 008C0570 00000000 778CF59B 00000000 0000007E 00000000 00000109 00000000
 00000006 00000000 00000010 00000000 01DD5A40 00000000 40151906 00000001
 00000001 00000000 054E7270 00000000 00000001 00000000 00000002 00000000
 00000000 00000000 77B2FC65 00000000 00000000 00000000 00000000 00000000
 77B68B3C 00000000 00000001 00000000 002DE5C8 00000000 00000030 00000003
 778CF5BA 00000000 778DBAF9 00000000 0089D1C8 00000000 002DE5F8 00000000
 00000000 00000000 008C0570 00000000 00000082 FFFFF900 00000000 00000000
 00000000 00000000 77B03908 00000000 77B25BC0 00000000 778E764C 00000000
 000C0584 00000000 008C0570 00000000 00000001 00000000 00000001 00000000
 00000001 00000000 C60A125D FFFFFFFF 000A05CE 00000000 00000202 00000000
 00000000 00000000 00070014 00000000 0055E0CE 000003CB 00000240 00000000
 00000000 00000000 00000000 00000000 778C0000 00000000 0046FE30 00000000
 00000000 00000000 778E74A5 00000000 000C0584 00000000 779332C4 00000000
 00000001 00000000 000C0584 00000000 00000000 00000000 00000000 00000000
 00000008 00000000 00000010 00000000 00010003 00000000 00000001 00000000
 00000001 00000000 77932825 00000000 0046FE30 00000000 0046FE30 00000000

Operating system:
 Name:     Windows
 Release:  6.1.7600 ()
 Compiler: MSVC 1500

Configuration:
 Blitter:      8bpp-optimized
 Graphics set: original_windows (0)
 Language:     english_US.lng
 Music driver: win32
 Music set:    OpenMSX (96)
 Network:      no
 Sound driver: win32
 Sound set:    OpenSFX (87)
 Video driver: win32

AI Configuration (local: 0):
  0: Human

Libraries:
 FreeType:   2.3.12
 ICU:        4.4.1
 LZO:        2.03
 PNG:        1.4.3
 Zlib:       1.2.5

Module information:
 C:\Program Files\OpenTTD\openttd.exe handle: 000000013FF00000 size: 4230144 crc: 473724AC date: 2010-07-31 21:34:24
 C:\Windows\SYSTEM32\ntdll.dll handle: 0000000077AE0000 size: 1736608 crc: 51E6A99D date: 2010-03-24 06:59:44
 C:\Windows\system32\kernel32.dll handle: 00000000779C0000 size: 1162240 crc: 822946F0 date: 2009-07-14 01:41:13
 C:\Windows\system32\KERNELBASE.dll handle: 000007FEFDC30000 size: 421376 crc: 68F689E4 date: 2009-07-14 01:41:13
 C:\Windows\system32\WINMM.dll handle: 000007FEFA450000 size: 217600 crc: 7BC1529F date: 2009-07-14 01:41:56
 C:\Windows\system32\msvcrt.dll handle: 000007FEFF7C0000 size: 634880 crc: 7F3E716F date: 2009-07-14 01:41:32
 C:\Windows\system32\USER32.dll handle: 00000000778C0000 size: 1008640 crc: 95FA0345 date: 2009-07-14 01:41:56
 C:\Windows\system32\GDI32.dll handle: 000007FEFE310000 size: 404480 crc: 0F1BAE69 date: 2009-07-14 01:40:56
 C:\Windows\system32\LPK.dll handle: 000007FEFE460000 size: 41984 crc: 350AF03B date: 2009-07-14 01:41:19
 C:\Windows\system32\USP10.dll handle: 000007FEFDFB0000 size: 801280 crc: 32EFA120 date: 2009-07-14 01:41:56
 C:\Windows\system32\WS2_32.dll handle: 000007FEFF860000 size: 296448 crc: B9553AFD date: 2009-07-14 01:41:58
 C:\Windows\system32\RPCRT4.dll handle: 000007FEFFA80000 size: 1221632 crc: D5B6358C date: 2009-07-14 01:41:53
 C:\Windows\system32\NSI.dll handle: 000007FEFE0A0000 size: 13824 crc: 53B46F6C date: 2009-07-14 01:41:53
 C:\Windows\system32\ADVAPI32.dll handle: 000007FEFE380000 size: 877056 crc: FA615A20 date: 2009-07-14 01:40:01
 C:\Windows\SYSTEM32\sechost.dll handle: 000007FEFE080000 size: 113664 crc: 978CFAE5 date: 2009-07-14 01:41:53
 C:\Windows\system32\SHELL32.dll handle: 000007FEFEA00000 size: 14162944 crc: 38C0D5D7 date: 2010-07-27 14:59:11
 C:\Windows\system32\SHLWAPI.dll handle: 000007FEFE0B0000 size: 449536 crc: 0BFDF102 date: 2009-07-14 01:41:54
 C:\Windows\system32\IMM32.DLL handle: 000007FEFF790000 size: 167424 crc: 41B2805A date: 2009-07-14 01:41:09
 C:\Windows\system32\MSCTF.dll handle: 000007FEFFCE0000 size: 1067008 crc: 798DDDA0 date: 2009-07-14 01:41:28
 C:\Windows\system32\SHFolder.dll handle: 000007FEF8FA0000 size: 10240 crc: 08A48DE3 date: 2009-07-14 01:41:54
 C:\Windows\system32\ole32.dll handle: 000007FEFE470000 size: 2084352 crc: 40D2CC46 date: 2009-07-14 01:41:53
 C:\Windows\system32\MMDevAPI.DLL handle: 000007FEFC810000 size: 284160 crc: CDF2EF81 date: 2009-07-14 01:41:26
 C:\Windows\system32\PROPSYS.dll handle: 000007FEFC6E0000 size: 1212416 crc: 98D01BC9 date: 2009-07-14 01:41:53
 C:\Windows\system32\OLEAUT32.dll handle: 000007FEFDE30000 size: 861184 crc: C4351602 date: 2009-07-14 01:41:53
 C:\Windows\system32\wdmaud.drv handle: 000007FEF6B40000 size: 217088 crc: AB6BC545 date: 2009-07-14 01:38:50
 C:\Windows\system32\ksuser.dll handle: 0000000073900000 size: 5120 crc: AA2071D9 date: 2009-07-14 01:41:13
 C:\Windows\system32\AVRT.dll handle: 000007FEFC9B0000 size: 18432 crc: 5CE53CB7 date: 2009-07-14 01:40:05
 C:\Windows\system32\SETUPAPI.dll handle: 000007FEFE130000 size: 1899520 crc: 91ED5D15 date: 2009-07-14 01:41:54
 C:\Windows\system32\CFGMGR32.dll handle: 000007FEFDBF0000 size: 207360 crc: 369326FC date: 2009-07-14 01:40:15
 C:\Windows\system32\DEVOBJ.dll handle: 000007FEFDBD0000 size: 93184 crc: A7541AE2 date: 2009-07-14 01:40:28
 C:\Windows\system32\AUDIOSES.DLL handle: 000007FEF6AF0000 size: 296448 crc: 07CA71DE date: 2009-07-14 01:40:04
 C:\Windows\system32\msacm32.drv handle: 000007FEF6AE0000 size: 25600 crc: 2B579A05 date: 2009-07-14 01:38:50
 C:\Windows\system32\MSACM32.dll handle: 000007FEF6AC0000 size: 83456 crc: 3D67538B date: 2009-07-14 01:41:27
 C:\Windows\system32\midimap.dll handle: 000007FEF6AB0000 size: 20480 crc: CB902A13 date: 2009-07-14 01:41:23
 C:\Windows\system32\CRYPTBASE.dll handle: 000007FEFD970000 size: 44032 crc: F547C16E date: 2009-07-14 01:40:24
 C:\Windows\system32\CLBCatQ.DLL handle: 000007FEFE680000 size: 607744 crc: 939E35C9 date: 2009-07-14 01:40:15
 C:\Windows\system32\uxtheme.dll handle: 000007FEFB0A0000 size: 332288 crc: B0A13DF9 date: 2009-07-14 01:41:56
 C:\Windows\system32\dwmapi.dll handle: 000007FEFAC40000 size: 82432 crc: A459F360 date: 2009-07-14 01:40:34
 C:\Windows\system32\mswsock.dll handle: 000007FEFD2B0000 size: 320000 crc: EA387916 date: 2009-07-14 01:41:34
 C:\Windows\System32\wshtcpip.dll handle: 000007FEFCC60000 size: 13312 crc: 5D1E2C55 date: 2009-07-14 01:41:58
 C:\Windows\system32\mciseq.dll handle: 000007FEFA810000 size: 28672 crc: 61BC1358 date: 2009-07-14 01:41:21
 C:\Windows\system32\psapi.dll handle: 0000000077CB0000 size: 9216 crc: 84B5E9BA date: 2009-07-14 01:41:53

---- gamelog start ----
Tick 0: new game started
     Revision text changed to r16277, savegame version 119, modified, _openttd_newgrf_version = 0x08003f95
     New game mode: 2 landscape: 0
     Added NewGRF: GRF ID 54570604, checksum 09E2627CACBE087959BCD2B86A07DB4E, filename: ottdc_grfpack\z_obsolete\harbour\harbourw_456.grf
     Added NewGRF: GRF ID 4A430000, checksum A8B0E3328517AF70653FBDF7CDAFE005, filename: ottdc_grfpack\z_obsolete\jcindsta\jcindstaw.grf
     Added NewGRF: GRF ID 45520600, checksum 346457CB4632554B6A175785236883E4, filename: ottdc_grfpack\z_obsolete\platforms\platformsw.GRF
     Added NewGRF: GRF ID 41501201, checksum 957526EFF098BCF3BC5478AFC75A3F91, filename: ottdc_grfpack\8_vehicles\road_vehicles\heqsdt\heqs_preview_v0.4.grf
     Added NewGRF: GRF ID 4A430002, checksum 0728ADCB4DF2F1EB9247ABD449296F4E, filename: ottdc_grfpack\z_obsolete\indstatr\indstatrw_6.grf
     Added NewGRF: GRF ID 4D470801, checksum 9334A7D4A35429A09EDEA5CAD8B33225
     Added NewGRF: GRF ID 44440111, checksum 9B5051E70D60EF2926A249B923AFB0CA
     Added NewGRF: GRF ID 44442202, checksum 3DAC7433C0DA14AD3C5E8C89D73A6A2E
     Added NewGRF: GRF ID 52453C00, checksum C5B4EC240B33E2DB8D1EA64C97898B5E
     Added NewGRF: GRF ID 53410100, checksum 2898A009F1822E324A88FFA754396B34
Tick 0: game loaded
     Revision text changed to r16341, savegame version 119, modified, _openttd_newgrf_version = 0x08003fd5
Tick 0: game loaded
     Revision text changed to 1.0.2, savegame version 138, maybe modified, _openttd_newgrf_version = 0x10284e20
Tick 0: GRF config changed
     Added NewGRF: GRF ID 62636E62, checksum 81E7724A80E0A4119749B3F5305B86F8, filename: ottdc_grfpack\z_obsolete\OpenGFX\newbuildings.grf
     Added NewGRF: GRF ID 62636D62, checksum 48002AA5EAE7AE221274371213D75846, filename: ottdc_grfpack\z_obsolete\OpenGFX\morebuildings.grf
     Added NewGRF: GRF ID 5257131F, checksum DE4AC817985F5C5C242BD7673227262D, filename: ottdc_grfpack\z_obsolete\OpenGFX\OpenGFX_-_newInfrastructure_-_newBridges_v0.1.grf
Tick 0: GRF config changed
     Added NewGRF: GRF ID FF06FE01, checksum 45F29AC95624D69BE774E3AE7719A6AB
Tick 0: GRF config changed
     GRF order changed: 56430001 moved 5 places down
     Added NewGRF: GRF ID 56430001, checksum AF3E0A1E6EF0B98DB966594578D1775B
Tick 0: GRF config changed
     Removed NewGRF: 62636E62, filename: ottdc_grfpack\z_obsolete\OpenGFX\newbuildings.grf
     Removed NewGRF: 62636D62, filename: ottdc_grfpack\z_obsolete\OpenGFX\morebuildings.grf
     Removed NewGRF: 5257131F, filename: ottdc_grfpack\z_obsolete\OpenGFX\OpenGFX_-_newInfrastructure_-_newBridges_v0.1.grf
     Removed NewGRF: FF06FE01
Tick 0: game loaded
     Revision text changed to 1.0.3, savegame version 138, not modified, _openttd_newgrf_version = 0x10384f2b
     New game mode: 1 landscape: 0
     Removed NewGRF: 44440111
     Removed NewGRF: 44442202
     Compatible NewGRF loaded: GRF ID 41501201, checksum 86F5F29AAA9EBF4F5449F1D0DC6E4825, filename: ottdc_grfpack\8_vehicles\road_vehicles\heqsdt\heqs_preview_v0.4.grf
     Compatible NewGRF loaded: GRF ID 4A430002, checksum EC02595E5FEE45AD829CC08EAC7B9336, filename: ottdc_grfpack\z_obsolete\indstatr\indstatrw_6.grf
     Removed NewGRF: 4D470801
     Removed NewGRF: 52453C00
     Removed NewGRF: 52455400
     Compatible NewGRF loaded: GRF ID 424B5461, checksum C022EB5453072B93712207212E728377, filename: ottdc_grfpack\z_obsolete\bktun\BKTunw.grf
     Removed NewGRF: 52455200
     Removed NewGRF: 56430001
---- gamelog end ----

*** End of OpenTTD Crash Report ***
