*** OpenTTD Crash Report ***

Crash at: Mon Jul 23 15:12:41 2012
In game date: 1976-11-24 (69)

Crash reason:
 Signal:  Segmentation fault (11)
 Message: <none>

OpenTTD version:
 Version:    1.2.1 (0)
 NewGRF ver: 12185ef2
 Bits:       64
 Endian:     little
 Dedicated:  yes
 Build date: Jun  2 2012 20:19:18

Stacktrace:
 [00] /opt/openttd1/games/openttd1(_ZNK12CrashLogUnix13LogStacktraceEPcPKc+0x39) [0x685179]
 [01] /opt/openttd1/games/openttd1(_ZNK8CrashLog12FillCrashLogEPcPKc+0xf0) [0x57a450]
 [02] /opt/openttd1/games/openttd1(_ZNK8CrashLog12MakeCrashLogEv+0x84) [0x57a6f4]
 [03] /opt/openttd1/games/openttd1() [0x6850e4]
 [04] /lib64/libc.so.6(+0x35bc0) [0x7f40922fdbc0]

Operating system:
 Name:     Linux
 Release:  3.2.13-grsec-xxxx-grs-ipv6-64
 Version:  #1 SMP Thu Mar 29 09:48:59 UTC 2012
 Machine:  x86_64
 Compiler: GCC 4.5.3 "4.5.3"

Configuration:
 Blitter:      null
 Graphics set: OpenGFX (672)
 Language:     /opt/openttd1//share/games/openttd/lang/english.lng
 Music driver: null
 Music set:    NoMusic (0)
 Network:      server
 Sound driver: null
 Sound set:    NoSound (2)
 Video driver: dedicated

AI Configuration (local: 255):
  0: Human
  1: Human
  2: Human
  3: Human
  4: Human
  5: Human
  6: Human
  7: Human
  8: Human
  9: Human
 10: Human
 11: Human
 12: Human
 13: Human
 14: Human

Libraries:
 LZMA:       5.0.3
 LZO:        2.06
 PNG:        1.5.10
 Zlib:       1.2.5.1

---- gamelog start ----
Tick 0: new game started
     Revision text changed to 1.2.1, savegame version 174, not modified, _openttd_newgrf_version = 0x12185ef2
     New game mode: 1 landscape: 0
---- gamelog end ----

*** End of OpenTTD Crash Report ***
