*** OpenTTD Crash Report ***

Crash at: Tue Feb  8 19:28:00 2011
In game date: 2030-10-16 (61)

Crash reason:
 Signal:  Aborted (6)
 Message: <none>

OpenTTD version:
 Version:    r22025M (2)
 NewGRF ver: 11005609
 Bits:       64
 Endian:     little
 Dedicated:  no
 Build date: Feb  8 2011 20:21:46

Stacktrace:
 [00] ./openttd(_ZNK12CrashLogUnix13LogStacktraceEPcPKc+0x39) [0x677449]
 [01] ./openttd(_ZNK8CrashLog12FillCrashLogEPcPKc+0xf0) [0x54f070]
 [02] ./openttd(_ZNK8CrashLog12MakeCrashLogEv+0x63) [0x54f153]
 [03] ./openttd() [0x67739d]
 [04] /lib/libc.so.6(+0x321f0) [0x2b92958001f0]
 [05] /lib/libc.so.6(gsignal+0x35) [0x2b9295800175]
 [06] /lib/libc.so.6(abort+0x180) [0x2b9295801590]
 [07] /lib/libc.so.6(__assert_fail+0xf1) [0x2b92957f9201]
 [08] ./openttd(_Z15UpdateOrderDestP7VehiclePK5Orderi+0x3db) [0x669b5b]
 [09] ./openttd(_Z13ProcessOrdersP7Vehicle+0x314) [0x66a8f4]
 [10] ./openttd(_ZN11RoadVehicle4TickEv+0xef) [0x6cd32f]
 [11] ./openttd(_Z16CallVehicleTicksv+0xf5) [0x782515]
 [12] ./openttd(_Z13StateGameLoopv+0x78b) [0x66392b]
 [13] ./openttd(_Z8GameLoopv+0x84) [0x664e54]
 [14] ./openttd(_ZN15VideoDriver_SDL8MainLoopEv+0x1e1) [0x794681]
 [15] ./openttd(_Z8ttd_mainiPPc+0xdc8) [0x664a98]
 [16] /lib/libc.so.6(__libc_start_main+0xfd) [0x2b92957ecbbd]
 [17] ./openttd() [0x4b9e69]

Operating system:
 Name:     Linux
 Release:  2.6.35-gentoo-r15
 Version:  #1 SMP Fri Dec 17 14:48:31 CET 2010
 Machine:  x86_64
 Compiler: GCC 4.4.5 "4.4.5"

Configuration:
 Blitter:      8bpp-optimized
 Graphics set: original_windows (0)
 Language:     /home/smatz/openttd/anon2/bin/lang/english.lng
 Music driver: extmidi
 Music set:    original_windows (1)
 Network:      no
 Sound driver: sdl
 Sound set:    original_windows (0)
 Video driver: sdl

AI Configuration (local: 0):
  0: Human
  1: Idle (v1)
  2: ChooChoo (v361)
  3: Denver & Rio Grande (v1)
  4: WrightAI (v3)
  5: trAIns (v2)
  6: AroAI (v96)
  7: MogulAI (v5900)
  8: AroAI (v96)
  9: Idle (v1)
 10: AIAI (v40)
 11: AdmiralAI (v25)
 12: WrightAI (v3)
 13: Denver & Rio Grande (v1)
 14: WrightAI (v3)

Libraries:
 FontConfig: 2.8.0
 FreeType:   2.4.3
 ICU:        4.6
 LZMA:       4.999.9beta
 LZO:        2.02
 PNG:        1.4.5
 SDL:        1.2.13
 Zlib:       1.2.3

---- gamelog start ----
Tick 0: new game started
     Revision text changed to r22025M, savegame version 160, modified, _openttd_newgrf_version = 0x11005609
     New game mode: 1 landscape: 0
---- gamelog end ----

*** End of OpenTTD Crash Report ***
