*** OpenTTD Crash Report ***
Date: 2008-05-03 21:53:01
Build: norev000 built on May  3 2008 21:07:40
Reason: Assertion failed at d:\buildottd\trunk\src\station_map.h:61: IsTileType(t, MP_STATION)
Exception C0000005 at 00427124
Registers:
 EAX: 01B90398 EBX: 0012F7DC ECX: 0012F578 EDX: 01B903EF
 ESI: 00000000 EDI: 05B8D468 EBP: 0012F7AC ESP: 0012F790
 EIP: 00427124 EFLAGS: 00210206

Bytes at CS:EIP:
 C6 05 00 00 00 00 00 A1 84 76 66 00 8A 44 F0 06 5E C3 56 8B F0 E8 64 7D

Stack trace: 
 00000000 0048D769 0012F7DC 00491120 0012F7DC 05B8D468 00000000 0012F7C8
 004928EF 00000000 0012F820 000E0015 0041A3AF 05B8D468 0012F7EC 0041A3D2
 00000000 000E0015 0012F898 76CF9B20 00000000 0012F820 76CB055C 0012F834
 00405AEC 00000000 00000000 00000000 00000158 00000000 0012F7F0 0041A3AF
 0012F93C 76CF51BA 3A2E7252 FFFFFFFE 76CB0528 004DCFE5 00080684 00000215
 00000000 0012F8DC 0041A501 000E0015 00000000 00000000 00000000 00000004
 00000054 00000000 0041A3E3 0000004B 000001C0 000001C0 00000015 00000015
 00000015 000001C0 00001C08 00000158 0012F928 00000000 0994C381 00000000
 00080684 00000000 76C956E7 00040000 00000000 0012F8AC 00000000 00000000
 00000000 0001FFFF 00000000 00000000 00000215 DCBAABCD 00000000 00000054
 00000000 00000000 00498227 0012F948 00405ECC 00000000 000E0015 00000000
 00000004 00000000 00000001 00000000 01000024 00001C00 00000150 00000097
 0041A3E3 00000000 FFFFFFFF 00000000 00000000 0001FFFF 00000001 00000000
 00000000 05C6EBF0 0046B84A 00000001 006422E4 05C6EBF0 0012F970 0046A095
 000E0015 000E0015 00000000 00455B28 00970054 00000001 00000000 05C6EE78
 0012F984 0046A1B9 00000004 05C6EE78 00443B00 0012F9B0 00443BC3 00000000
 00000202 72A22015 0000015C 00001C0E 000E0015 000E0015 00000004 00000000
 0012F9EC 00448FF5 00000000 00000202 00000000 00000000 00000000 00000000
 0012FA84 76FF99CE 0012F9E8 00000018 0012FB18 76FF9980 00B836C8 00000000
 0044931E 00000000 00000000 00000000 00000202 0012FA84 00000000 004DCECD
 0012FB00 00000202 00000000 76CBBC54 00000000 00000001 0012FB18 00000000
 0012FB18 01D69D18 76CB0562 0012FA70 72A21B67 00000000 00000000 00000001
 0012FB18 00000000 7FFDF6CC 00000102 FFFFFFF8 FFFFFFF8 0012FB00 0012FBCC
 00000000 76C98CFF 00000000 00000001 0012FB18 0012FAB0 76CAF8D2 00080684

Module information:
 C:\Spiele\OpenTTD\openttd.exe handle: 00400000 size: 1832960 crc: 73B04CA3 date: 2008-05-03 19:10:21
 C:\Windows\system32\ntdll.dll handle: 76FA0000 size: 1203792 crc: 7CFCEC95 date: 2008-01-19 07:38:14
 C:\Windows\system32\kernel32.dll handle: 75910000 size: 888320 crc: 33D9889B date: 2008-01-19 07:34:36
 C:\Windows\system32\WINMM.dll handle: 74200000 size: 189952 crc: D22FC585 date: 2008-01-19 07:36:55
 C:\Windows\system32\msvcrt.dll handle: 75810000 size: 680448 crc: E5AE7FEC date: 2008-01-19 07:35:15
 C:\Windows\system32\USER32.dll handle: 76C90000 size: 627200 crc: B687ED70 date: 2008-01-19 07:36:46
 C:\Windows\system32\GDI32.dll handle: 758C0000 size: 295936 crc: F8FB6E93 date: 2008-02-22 04:57:23
 C:\Windows\system32\ADVAPI32.dll handle: 76BC0000 size: 798720 crc: F58CDFCB date: 2008-01-19 07:33:43
 C:\Windows\system32\RPCRT4.dll handle: 76AC0000 size: 785408 crc: B5AAA7A7 date: 2008-01-19 07:36:17
 C:\Windows\system32\ole32.dll handle: 76E50000 size: 1315328 crc: 6B931D39 date: 2008-01-19 07:36:01
 C:\Windows\system32\OLEAUT32.dll handle: 75E00000 size: 563200 crc: B69E10E1 date: 2008-01-19 07:36:01
 C:\Windows\system32\OLEACC.dll handle: 73EF0000 size: 215040 crc: EF3061D3 date: 2008-01-19 07:36:01
 C:\Windows\system32\WS2_32.dll handle: 75E90000 size: 179200 crc: 5D581120 date: 2008-01-19 07:37:09
 C:\Windows\system32\NSI.dll handle: 770F0000 size: 8192 crc: 10729B39 date: 2008-01-19 07:35:57
 C:\Windows\system32\IMM32.DLL handle: 77100000 size: 114688 crc: 57C1E0CD date: 2008-01-19 07:34:33
 C:\Windows\system32\MSCTF.dll handle: 75CB0000 size: 806912 crc: 66ABCC79 date: 2008-01-19 07:34:55
 C:\Windows\system32\LPK.DLL handle: 770E0000 size: 23552 crc: 3277B148 date: 2008-01-19 07:34:43
 C:\Windows\system32\USP10.dll handle: 76D80000 size: 501760 crc: 09CF36C9 date: 2008-01-19 07:36:47
 C:\Windows\system32\SHFolder.dll handle: 72900000 size: 7168 crc: 1CA14A5C date: 2006-11-02 09:46:13
 C:\Windows\system32\SHELL32.dll handle: 75EC0000 size: 11580416 crc: EA614EC2 date: 2008-01-19 07:36:10
 C:\Windows\system32\SHLWAPI.dll handle: 769D0000 size: 351744 crc: F95C1869 date: 2008-01-19 07:36:29
 C:\Windows\WinSxS\x86_microsoft.windows.common-controls_6595b64144ccf1df_6.0.6001.18000_none_5cdbaa5a083979cc\comctl32.dll handle: 74580000 size: 1684480 crc: 57ECDF87 date: 2008-01-19 07:26:34
 C:\Windows\system32\wdmaud.drv handle: 738D0000 size: 166912 crc: 5FC059D1 date: 2008-01-19 07:32:56
 C:\Windows\system32\ksuser.dll handle: 73990000 size: 4608 crc: 4C647881 date: 2006-11-02 09:46:05
 C:\Windows\system32\MMDevAPI.DLL handle: 747C0000 size: 149504 crc: 29FF5B91 date: 2008-01-19 07:34:49
 C:\Windows\system32\AVRT.dll handle: 74A40000 size: 12800 crc: EB589AA0 date: 2008-01-19 07:33:47
 C:\Windows\system32\SETUPAPI.dll handle: 75B20000 size: 1590272 crc: BB6B35BF date: 2008-01-19 07:36:24
 C:\Windows\system32\WINTRUST.dll handle: 74980000 size: 171520 crc: EE6B6CCB date: 2008-01-19 07:36:56
 C:\Windows\system32\CRYPT32.dll handle: 75150000 size: 977408 crc: 49821E3F date: 2008-01-19 07:34:00
 C:\Windows\system32\MSASN1.dll handle: 752B0000 size: 59904 crc: 7A69072B date: 2006-11-02 09:46:06
 C:\Windows\system32\USERENV.dll handle: 756C0000 size: 108032 crc: AC76B003 date: 2008-01-19 07:36:46
 C:\Windows\system32\Secur32.dll handle: 756A0000 size: 72704 crc: A389B60F date: 2008-01-19 07:36:21
 C:\Windows\system32\imagehlp.dll handle: 76B90000 size: 153088 crc: EEF49677 date: 2008-01-19 07:34:32
 C:\Windows\system32\AUDIOSES.DLL handle: 73830000 size: 116224 crc: 30C70121 date: 2008-01-19 07:33:45
 C:\Windows\system32\audioeng.dll handle: 73440000 size: 397312 crc: 17666E45 date: 2008-01-19 07:33:45
 C:\Windows\system32\PSAPI.DLL handle: 770D0000 size: 12288 crc: D7B812C5 date: 2006-11-02 09:46:12
 C:\Windows\system32\msacm32.drv handle: 738C0000 size: 21504 crc: 1F6A62A4 date: 2008-01-19 07:32:56
 C:\Windows\system32\MSACM32.dll handle: 73810000 size: 71680 crc: A2E8F836 date: 2008-01-19 07:34:54
 C:\Windows\system32\midimap.dll handle: 738B0000 size: 17408 crc: 44FD6876 date: 2008-01-19 07:34:46
 C:\Windows\system32\CLBCatQ.DLL handle: 76A30000 size: 523776 crc: C2EBF5E6 date: 2008-01-19 07:33:52
 C:\Windows\system32\uxtheme.dll handle: 74880000 size: 240128 crc: 5F29223E date: 2008-01-19 07:36:47
 C:\Program Files\Common Files\microsoft shared\ink\tiptsf.dll handle: 72A20000 size: 380416 crc: E8AEF1DD date: 2008-01-19 07:36:40
 C:\Windows\system32\dmime.dll handle: 73E10000 size: 178688 crc: 3063C87B date: 2008-01-19 07:34:04
 C:\Windows\system32\DSOUND.dll handle: 6D3A0000 size: 444416 crc: 1F6BF3CC date: 2008-01-19 07:34:07
 C:\Windows\system32\POWRPROF.dll handle: 74B30000 size: 97280 crc: 968A09AC date: 2008-01-19 07:36:07
 C:\Windows\system32\dmusic.dll handle: 73DF0000 size: 101888 crc: C5478A00 date: 2008-01-19 07:34:04
 C:\Windows\system32\dmsynth.dll handle: 73DD0000 size: 105472 crc: 246B7E26 date: 2008-01-19 07:34:04
 C:\Windows\system32\dmloader.dll handle: 73DC0000 size: 38400 crc: 43D1875C date: 2008-01-19 07:34:04
 C:\Windows\system32\version.dll handle: 74B20000 size: 20480 crc: FE59E801 date: 2008-01-19 07:36:47
 C:\Windows\system32\mswsock.dll handle: 74E40000 size: 223232 crc: 3746AAB9 date: 2008-01-19 07:35:15
 C:\Windows\System32\wshtcpip.dll handle: 74A50000 size: 9216 crc: 10C50FC1 date: 2008-01-19 07:37:11

System information:
 Windows version 6.0 6001 S
