*** OpenTTD Crash Report ***

Crash at: Sun May  1 11:00:37 2016
In game date: 1950-03-10 (47)

Crash reason:
 Signal:  Bus error: 10 (10)
 Message: <none>

OpenTTD version:
 Version:    1.6.0 (0)
 NewGRF ver: 16086b8c
 Bits:       32
 Endian:     little
 Dedicated:  no
 Build date: Apr  1 2016 18:55:59


Stacktrace:
 [00] ???                  0x00000a00

Operating system:
 Name:     Mac OS X
 Release:  10.11.4
 Machine:  Intel 80486
 Min Ver:  1040
 Compiler: GCC 4.0.1 "4.0.1 (Apple Inc. build 5490)"

Configuration:
 Blitter:      32bpp-anim
 Graphics set: original_windows (0)
 Language:     /Users/ricardogarciarubio/Downloads/openttd-1.6.0-macosx-universal/OpenTTD.app/Contents/Resources/lang/spanish.lng
 Music driver: cocoa
 Music set:    Scott Joplin Anthology (2)
 Network:      no
 Sound driver: cocoa
 Sound set:    OpenSFX (87)
 Video driver: cocoa

Fonts:
 Small:  sprite
 Medium: sprite
 Large:  sprite
 Mono:   sprite

AI Configuration (local: 0):
  0: Human

Libraries:
 FreeType:   2.4.3
 ICU i18n:   51.2
 ICU lx:     51.2
 LZMA:       5.0.0
 LZO:        2.03
 PNG:        1.4.4
 Zlib:       1.2.5

---- gamelog start ----
Tick 0: new game started
Revision text changed to 1.6.0, savegame version 194, not modified, _openttd_newgrf_version = 0x16086b8c
New game mode: 1 landscape: 0
Added NewGRF: GRF ID 53505401, checksum A89D941564F75AE47173213D2422BCCA, filename: spanish_town_names-0.1.0/spanish_town_names.grf (md5sum matches)
Added NewGRF: GRF ID 27711003, checksum 30EF819C36EA5E003976E26A8A25CF71, filename: 2cc_trainset-2.0.0beta5/2cctrainset.grf (md5sum matches)
Added NewGRF: GRF ID 11223301, checksum 474A7FF52E675DED3154101B58B3E3C7, filename: 2cc_chimaera_addon.2/chim.grf (md5sum matches)
Added NewGRF: GRF ID 32434353, checksum 1820C48040541B9E6FD4EA0F1D205438, filename: 2cc_subways_from_the_2cc_set-1.0/2cc_subways.grf (md5sum matches)
Added NewGRF: GRF ID F1250005, checksum 04817A8E04171941B350B8363AF798AB, filename: firs_industry_replacement_set-1.4.5/firs.grf (md5sum matches)
Added NewGRF: GRF ID 43485053, checksum 72590BA822BB9C8496C91A933D7CDE55, filename: chips_station_set-1.5.0/chips.grf (md5sum matches)
Added NewGRF: GRF ID 414E0201, checksum 536506BDDDBD8644815FC2E7E6A80D7A, filename: fish_2-2.0.2/fish.grf (md5sum matches)
Added NewGRF: GRF ID 4A430002, checksum 93EAC5F5396584B92D4C5F0AAAF3F6C5, filename: industrial_stations_renewal-1.0.2/indstatr.grf (md5sum matches)
Added NewGRF: GRF ID 504A0103, checksum F4056FECA93218E2B1FC015B0C7844A2, filename: isrstyle_dock-1.3/isrdock_v1_3.grf (md5sum matches)
Added NewGRF: GRF ID 504A0013, checksum E2FB4F9E66207F8016B7303323FDD00C, filename: isrdwestyle_objects-1.0/isrdwe_objects_v1_0.grf (md5sum matches)
Added NewGRF: GRF ID 425F0101, checksum 5E6DC9FD3D9364AC6ABE21E6B4D8CE3E, filename: very_large_ships.0.1/vl_shipw.grf (md5sum matches)
Added NewGRF: GRF ID 52571203, checksum 7CE88A25DDB058C1BE577B88D049B274, filename: egrvts2-188/egrvts2.grf (md5sum matches)
Added NewGRF: GRF ID 41501202, checksum B13DD8FB0D7C34CACAC2FE68BD137BB9, filename: heqs_heavy_equipment_set-1.5.2/heqs.grf (md5sum matches)
Added NewGRF: GRF ID 6D620601, checksum 1214DD7F5FD214AAF7E4A83A3C8226A9, filename: newstatsw.grf (md5sum matches)
Added NewGRF: GRF ID 6D620C00, checksum C79E400CDDAF4610BC8613199D08933E, filename: marico.grf (md5sum matches)
Added NewGRF: GRF ID 44440A80, checksum A930B079A5B8985E94EA823604CC276B, filename: av9.8-0.83/av9point8.grf (md5sum matches)
Added NewGRF: GRF ID 74677462, checksum 1D2A4E03D9F30922788C166254C27619, filename: total_bridge_renewal_set-1.2/total_bridges.grf (md5sum matches)
Added NewGRF: GRF ID FBFB0402, checksum D83CC84C8B92C924C5EBEEE96565D194, filename: metro_track_set-2.1.2/metrotrackset.grf (md5sum matches)
Tick 2033: settings changed
Setting changed: construction.command_pause_level : 1 -> 2
Tick 2033: settings changed
Setting changed: construction.command_pause_level : 2 -> 3
---- gamelog end ----

*** End of OpenTTD Crash Report ***
