*** OpenTTD Crash Report ***

Crash at: Fri May 01 19:42:15 2015
In game date: 5000000-06-24 (52)

Crash reason:
 Exception: C0000005
 Location:  000000013FDC6D0C
 Message:   <none>

OpenTTD version:
 Version:    1.5.0 (0)
 NewGRF ver: 15086a51
 Bits:       64
 Endian:     little
 Dedicated:  no
 Build date: Apr  1 2015 18:55:47

Registers:
 RAX: 0000000029D58040 RBX: 0000000000000001 RCX: 0000000000000000 RDX: 000000002B1C1740
 RSI: 0000000000000001 RDI: 0000000000000000 RBP: 0000000000000000 RSP: 00000000001DED00
 R8:  0000000000000041 R9:  0000000000000002 R10: 000000002B6707D0 R11: 000000000000000E
 R12: 00000000000000BC R13: 00000000263C0040 R14: 0000000000400000 R15: 0000000000000000
 RIP: 000000013FDC6D0C EFLAGS: 00010202

 Bytes at instruction pointer:
 8B 41 0C 42 89 44 82 0C 41 0F B7 C3 41 3B 42 18 72 CD 48 8B 0D 63 22 B8

Stack trace:
 00000001 00000000 00000001 00000000 00000000 00000000 255B4200 00000000
 00000000 00000000 3FDC1ABC 00000001 00000001 00000000 001DED99 00000000
 00000001 00000000 00000001 00000000 00000001 00000000 2581EB60 00000000
 2AF70090 00000000 77051A7A 00000000 01F90000 00000000 FFFFFFFE FFFFFFFF
 000000FF 00000000 00000000 00000000 2B01FFFF 00000000 00000000 00000000
 00000000 00000000 2B2EF350 00000000 00000000 00000000 00000001 00000000
 00000000 00000000 00FBB701 00000000 00000000 00000000 408D39E0 00000001
 2581EB60 00000000 00000000 00000000 00000000 00000000 3FDD091B 00000001
 00400000 00000000 00000000 00000000 2581EB60 00000000 408D39E0 00000001
 00000001 00000000 3FF97D4F 00000001 00000000 00000000 00FBB701 00000000
 00000000 00000000 3FF9841F 00000001 2581EB60 00000000 00000002 00000000
 408DE818 00000001 2B2EF350 00000000 2581EB60 00000000 3FDD0C28 00000001
 5854544F 0000BC00 00000000 00000000 00000002 00000000 00000000 00000000
 00000001 00000000 00000002 00000000 255B30F0 00000000 3FF975D8 00000001
 255B30F0 00000000 FFFFFFFE FFFFFFFF 00000000 00000000 00FBB732 00000000
 00FBB750 00000000 3FCA7009 00000001 00000000 00000000 00000000 00000000
 00000001 00000000 00000000 00000000 00000004 00000000 3FCA7261 00000001
 00000004 00000000 00000001 00000000 00000001 00000000 771692F1 00000000
 00000000 00000000 00000001 00000000 00000000 00000000 00000004 00000001
 00000000 00000000 3FCA80EA 00000001 00FBB700 00000000 001DF200 00000000
 00FBB732 00000000 00000400 000002E2 00000048 00000000 00000001 00000000
 00000000 00000000 00000000 00000000 00000070 00000000 FFFFFFFF FFFFFFFF
 FFFFFFFF FFFFFFFF 7716924F 00000000 771692F1 00000000 001DF200 00000000
 00000001 00000000 00000000 00000000 00000000 00000000 77169A1E 00000000

Operating system:
 Name:     Windows
 Release:  6.1.7601 (Service Pack 1)
 Compiler: MSVC 1600

Configuration:
 Blitter:      32bpp-anim
 Graphics set: OpenGFX (5580)
 Language:     C:\Program Files\OpenTTD\lang\dutch.lng
 Music driver: win32
 Music set:    OpenMSX (96)
 Network:      no
 Sound driver: win32
 Sound set:    NoSound (2)
 Video driver: win32

Fonts:
 Small:  sprite
 Medium: sprite
 Large:  sprite
 Mono:   sprite

AI Configuration (local: 0):
  0: Human

Libraries:
 FreeType:   2.4.11
 ICU:        51.2
 LZMA:       5.0.4
 LZO:        2.06
 PNG:        1.5.14
 Zlib:       1.2.7

Module information:
 C:\Program Files\OpenTTD\openttd.exe handle: 000000013FC50000 size: 13467648 crc: 7E03EC81 date: 2015-04-01 18:59:44
 C:\Windows\SYSTEM32\ntdll.dll handle: 0000000077250000 size: 1727904 crc: CF85EAFC date: 2015-03-17 05:19:37
 C:\Windows\system32\kernel32.dll handle: 0000000077030000 size: 1163264 crc: EB086BD7 date: 2015-03-17 05:16:34
 C:\Windows\system32\KERNELBASE.dll handle: 000007FEFD030000 size: 424448 crc: 00A4A2A5 date: 2015-03-17 05:16:34
 C:\Windows\system32\WINMM.dll handle: 000007FEF9ED0000 size: 217600 crc: 7BC1529F date: 2009-07-14 01:41:56
 C:\Windows\system32\msvcrt.dll handle: 000007FEFEBE0000 size: 634880 crc: 9D1B448A date: 2011-12-16 08:46:06
 C:\Windows\system32\USER32.dll handle: 0000000077150000 size: 1008128 crc: 70FF7D7F date: 2010-11-20 13:27:27
 C:\Windows\system32\GDI32.dll handle: 000007FEFE960000 size: 404480 crc: 0CB801ED date: 2015-03-05 05:12:33
 C:\Windows\system32\LPK.dll handle: 000007FEFD9C0000 size: 41984 crc: D76C1EF7 date: 2015-02-20 04:41:01
 C:\Windows\system32\USP10.dll handle: 000007FEFD9D0000 size: 801280 crc: DCB1924F date: 2014-04-25 02:34:59
 C:\Windows\system32\WS2_32.dll handle: 000007FEFD3F0000 size: 297984 crc: 0F68689B date: 2010-11-20 13:27:29
 C:\Windows\system32\RPCRT4.dll handle: 000007FEFE830000 size: 1216000 crc: 9A153133 date: 2014-07-14 02:02:45
 C:\Windows\system32\NSI.dll handle: 000007FEFF550000 size: 13824 crc: 53B46F6C date: 2009-07-14 01:41:53
 C:\Windows\system32\IMM32.dll handle: 000007FEFD710000 size: 167424 crc: 41B2805A date: 2009-07-14 01:41:09
 C:\Windows\system32\MSCTF.dll handle: 000007FEFE9D0000 size: 1067520 crc: 362B3A40 date: 2015-01-17 02:48:38
 C:\Windows\system32\ADVAPI32.dll handle: 000007FEFEE60000 size: 878080 crc: D0A62838 date: 2013-08-29 02:13:28
 C:\Windows\SYSTEM32\sechost.dll handle: 000007FEFF3A0000 size: 113664 crc: 978CFAE5 date: 2009-07-14 01:41:53
 C:\Windows\system32\SHELL32.dll handle: 000007FEFDAA0000 size: 14177280 crc: F6E67702 date: 2015-02-13 05:22:33
 C:\Windows\system32\SHLWAPI.dll handle: 000007FEFEAE0000 size: 448512 crc: 086DF743 date: 2010-11-20 13:27:25
 C:\Windows\system32\apphelp.dll handle: 000007FEFCE50000 size: 342016 crc: A7EFC74B date: 2010-11-20 13:25:40
 C:\Windows\AppPatch\AppPatch64\AcGenral.DLL handle: 000007FEF6740000 size: 308736 crc: 08F8B3CD date: 2013-04-13 05:49:19
 C:\Windows\system32\SspiCli.dll handle: 000007FEFCE20000 size: 136192 crc: 54750FFB date: 2015-03-17 05:16:44
 C:\Windows\system32\ole32.dll handle: 000007FEFEF40000 size: 2086912 crc: 72F91CD0 date: 2010-11-20 13:27:23
 C:\Windows\system32\sfc.dll handle: 00000000741A0000 size: 3072 crc: 49226A23 date: 2009-07-14 01:33:06
 C:\Windows\system32\sfc_os.DLL handle: 000007FEF2630000 size: 45056 crc: 0FD07809 date: 2009-07-14 01:41:54
 C:\Windows\system32\USERENV.dll handle: 000007FEFD390000 size: 109056 crc: 58A242F1 date: 2010-11-20 13:27:27
 C:\Windows\system32\profapi.dll handle: 000007FEFD010000 size: 44032 crc: A0F2DD9D date: 2009-07-14 01:41:53
 C:\Windows\system32\dwmapi.dll handle: 000007FEFB590000 size: 82432 crc: A459F360 date: 2009-07-14 01:40:34
 C:\Windows\system32\MPR.dll handle: 000007FEF9640000 size: 80896 crc: 31FAEB95 date: 2009-07-14 01:41:26
 C:\Windows\system32\uxtheme.dll handle: 000007FEFB9C0000 size: 332288 crc: B0A13DF9 date: 2009-07-14 01:41:56
 C:\Windows\system32\CRYPTBASE.dll handle: 000007FEFCEB0000 size: 44032 crc: F547C16E date: 2009-07-14 01:40:24
 C:\Windows\system32\CLBCatQ.DLL handle: 000007FEFD920000 size: 607744 crc: 939E35C9 date: 2009-07-14 01:40:15
 C:\Windows\system32\OLEAUT32.dll handle: 000007FEFD740000 size: 861696 crc: 2B84F0E4 date: 2014-11-26 03:53:59
 C:\Windows\system32\mswsock.dll handle: 000007FEFC7B0000 size: 327168 crc: 2C87855E date: 2013-09-08 02:27:14
 C:\Windows\System32\wshtcpip.dll handle: 000007FEFC160000 size: 13312 crc: 5D1E2C55 date: 2009-07-14 01:41:58
 C:\Windows\system32\MMDevAPI.DLL handle: 000007FEFB5B0000 size: 284160 crc: CDF2EF81 date: 2009-07-14 01:41:26
 C:\Windows\system32\PROPSYS.dll handle: 000007FEFBA20000 size: 1212416 crc: B83FA3BE date: 2010-11-20 13:27:23
 C:\Windows\system32\wdmaud.drv handle: 000007FEF6250000 size: 217088 crc: 12829973 date: 2010-11-20 13:24:21
 C:\Windows\system32\ksuser.dll handle: 0000000074C10000 size: 5120 crc: AA2071D9 date: 2009-07-14 01:41:13
 C:\Windows\system32\AVRT.dll handle: 000007FEFB120000 size: 18432 crc: 5CE53CB7 date: 2009-07-14 01:40:05
 C:\Windows\system32\SETUPAPI.dll handle: 000007FEFEC80000 size: 1900544 crc: A364BD6A date: 2010-11-20 13:27:25
 C:\Windows\system32\CFGMGR32.dll handle: 000007FEFD330000 size: 207872 crc: 1984C339 date: 2010-11-20 13:25:50
 C:\Windows\system32\DEVOBJ.dll handle: 000007FEFD2D0000 size: 93184 crc: A7541AE2 date: 2009-07-14 01:40:28
 C:\Windows\system32\AUDIOSES.DLL handle: 000007FEFAC30000 size: 296448 crc: E010A4A9 date: 2015-02-03 03:30:55
 C:\Windows\system32\msacm32.drv handle: 000007FEFB0B0000 size: 25600 crc: 2B579A05 date: 2009-07-14 01:38:50
 C:\Windows\system32\MSACM32.dll handle: 000007FEFAEE0000 size: 83456 crc: 3D67538B date: 2009-07-14 01:41:27
 C:\Windows\system32\midimap.dll handle: 000007FEF5F10000 size: 20480 crc: CB902A13 date: 2009-07-14 01:41:23
 C:\Windows\System32\wship6.dll handle: 000007FEFC7A0000 size: 13824 crc: E3FBF123 date: 2009-07-14 01:41:58
 C:\Windows\system32\DNSAPI.dll handle: 000007FEFC630000 size: 357888 crc: 194CAF1C date: 2011-03-03 06:24:15
 C:\Program Files\Common Files\Microsoft Shared\Windows Live\WLIDNSP.DLL handle: 000007FEF3BA0000 size: 171760 crc: C9CA4B6A date: 2012-07-17 13:14:44
 C:\Windows\system32\PSAPI.DLL handle: 0000000077420000 size: 9216 crc: 84B5E9BA date: 2009-07-14 01:41:53
 C:\Program Files\Bonjour\mdnsNSP.dll handle: 0000000073E50000 size: 132968 crc: C16E0B30 date: 2011-08-30 21:05:32
 C:\Windows\system32\Iphlpapi.DLL handle: 000007FEFA340000 size: 145920 crc: 000D9F17 date: 2010-11-20 13:26:39
 C:\Windows\system32\WINNSI.DLL handle: 000007FEFA330000 size: 26112 crc: 744B2434 date: 2009-07-14 01:41:56
 C:\Windows\system32\rasadhlp.dll handle: 000007FEF3B90000 size: 16384 crc: C5FD1616 date: 2009-07-14 01:41:53
 C:\Windows\System32\fwpuclnt.dll handle: 000007FEF9890000 size: 324096 crc: 5D5E70C7 date: 2013-10-12 02:29:08

---- gamelog start ----
Tick 0: game loaded
Conversion from OTTD savegame without gamelog: version 90, 0
Revision text changed to 1.4.4, savegame version 188, not modified, _openttd_newgrf_version = 0x14486995
New game mode: 2 landscape: 0
Tick 0: GRF config changed
Added NewGRF: GRF ID 19060801, checksum 6CFC6328D999C140851BFE6514BA277A, filename: bigger_depots.0.3\bigdepot.grf (md5sum matches)
Added NewGRF: GRF ID 52455400, checksum 1600687C50C5AB1E72EDD487CAD50E2A, filename: coded_by_aegir._artwork_by_aegir-1\ae_cityw.grf (md5sum matches)
Added NewGRF: GRF ID 4D4C0100, checksum 1E2A243600434194FB100E72E507D5EF, filename: dutch_catenary-1\dutchcatenary.grf (md5sum matches)
Added NewGRF: GRF ID FBFB0801, checksum 6691DA7CA1B6E1778956183A8EDD742F, filename: dutch_rail_furniture-0.1.1\dutchrailfurniture.grf (md5sum matches)
Added NewGRF: GRF ID 4C4D0201, checksum F4D9597764DCB3ED985A79978F233A8C, filename: dutch_signals-1\dutchsignals.grf (md5sum matches)
Added NewGRF: GRF ID 58534453, checksum 2E100BCA91DB8371CD9D57DBEC3AB0C8, filename: dutch_stations_set-1.0.0alpha\dutchstatw.grf (md5sum matches)
Added NewGRF: GRF ID 504A0110, checksum E8244C5278CB2408A818854DC11F8940, filename: dutch_station_addition_set-0.8\dstatadd_v0_8.grf (md5sum matches)
Added NewGRF: GRF ID FBFB0701, checksum 7B94A6A17746CF972DC4DAC92AD4EB32, filename: dutch_tracks-0\dutchtracks.grf (md5sum matches)
Added NewGRF: GRF ID FBFB0601, checksum 44A6CF8A44FFCB324D5C9F84CB85699F, filename: dutchtrains.grf (md5sum matches)
Added NewGRF: GRF ID 44440202, checksum 4A85260DB888C1F2B66ED9A3A9BA3B90, filename: expensive_short_and_slow_bridges.1\pb_bridge.grf (md5sum matches)
Added NewGRF: GRF ID 44442303, checksum 90300B85C4DE1DD192691827B054522D, filename: uk_railway_set_tracks-2.0\pb_trax.grf (md5sum matches)
Added NewGRF: GRF ID 44544E32, checksum EA20E21253A5795785E6DD2C8D1A5A1D, filename: dutch_town_names-2\dtnames.grf (md5sum matches)
Added NewGRF: GRF ID 66724F4E, checksum 20AB6D74738955E537802E7A9A871F61, filename: original_vehicle_names.2\origveh.grf (md5sum matches)
Added NewGRF: GRF ID 57A50001, checksum 318F3C3F17CA68EAD533BAC88B093094, filename: was_world_airliners_set-0.1\was.grf (md5sum matches)
Tick 0: game loaded
New game mode: 1 landscape: 0
Tick 1074: GRF config changed
Added NewGRF: GRF ID FBFB0102, checksum B8D83E093D8BDB400B1CD0555E747C33, filename: dutch_tram_set-2.0.1\dutchtramset.grf (md5sum matches)
Tick 51032: settings changed
Setting changed: economy.allow_town_roads : 1 -> 0
Tick 19370: GRF config changed
Added NewGRF: GRF ID FBFB0402, checksum EBE07BC816F600F435F6F21FEAF6CAAF, filename: metro_track_set-2.1.0\metrotrackset.grf (md5sum matches)
Tick 36199: GRF config changed
GRF order changed: 4C4D0201 moved 11 places downGRF ID 4C4D0201, filename: dutch_signals-1\dutchsignals.grf (md5sum matches)
Added NewGRF: GRF ID 4C4D0201, checksum F4D9597764DCB3ED985A79978F233A8C, filename: dutch_signals-1\dutchsignals.grf (md5sum matches). Gamelog inconsistency: GrfID was already added!
Tick 12635: GRF config changed
Added NewGRF: GRF ID 43485053, checksum 68B7DC640138E4F4B712F3CFB88167D6, filename: chips_station_set-1.4.0\chips.grf (md5sum matches)
Tick 2783: GRF config changed
Added NewGRF: GRF ID 66724D49, checksum 235C574C38ED0DC51023E5985768AA38, filename: manual_industries-2r5\manindu.grf (md5sum matches)
Tick 22671: settings changed
Setting changed: construction.train_signal_side : 1 -> 0
Tick 22870: settings changed
Setting changed: construction.train_signal_side : 0 -> 1
Tick 23069: settings changed
Setting changed: construction.train_signal_side : 1 -> 0
Tick 23540: settings changed
Setting changed: construction.train_signal_side : 0 -> 2
Tick 23739: settings changed
Setting changed: construction.train_signal_side : 2 -> 1
Tick 24195: settings changed
Setting changed: construction.train_signal_side : 1 -> 0
Tick 24367: settings changed
Setting changed: construction.train_signal_side : 0 -> 1
Tick 37327: settings changed
Setting changed: vehicle.wagon_speed_limits : 1 -> 0
Tick 55067: GRF config changed
GRF order changed: FBFB0402 moved 3 places downGRF ID FBFB0402, filename: metro_track_set-2.1.0\metrotrackset.grf (md5sum matches)
Added NewGRF: GRF ID FBFB0402, checksum 055724E1608C73A181748D39F28CB0E7, filename: metro_track_set-2.1.1\metrotrackset.grf (md5sum matches). Gamelog inconsistency: GrfID was already added!
Tick 31259: GRF config changed
Added NewGRF: GRF ID 74677462, checksum 1D2A4E03D9F30922788C166254C27619, filename: total_bridge_renewal_set-1.2\total_bridges.grf (md5sum matches)
Tick 32224: GRF config changed
Added NewGRF: GRF ID FBFB0301, checksum D961A46B2CC37A04CD4FCBEDD2311A53, filename: foobars_tram_tracks-1.0.1\foobarstramtracks.grf (md5sum matches)
Tick 33412: game loaded
Revision text changed to 1.5.0, savegame version 194, not modified, _openttd_newgrf_version = 0x15086a51
---- gamelog end ----

*** End of OpenTTD Crash Report ***

Decoded stack trace:
[00] openttd              0x000000013FDC6D0C
[01] openttd              0x000000013FDC1ABC
[02] openttd              0x000000013FDD091B
[03] openttd              0x000000013FDD0C28
[04] openttd              0x000000013FCA7009
[05] openttd              0x000000013FCA7261
[06] openttd              0x000000013FCA80EA
[07] openttd              0x000000013FEAFEC9
[08] openttd              0x000000013FCA6B41
[09] openttd              0x000000013FEB2551
[10] openttd              0x000000013FF9E8F0
[11] kernel32             0x00000000770459CD BaseThreadInitThunk + 13
[12] ntdll                0x000000007727B891 RtlUserThreadStart + 33

*** End of additional info ***
