*** OpenTTD Crash Report ***

Crash at: Thu Sep 15 18:00:38 2016
In game date: 2007-08-15 (65)

Crash reason:
 Exception: C0000005
 Location:  00007FF7C0115C80
 Message:   <none>

OpenTTD version:
 Version:    1.6.1 (0)
 NewGRF ver: 16186bd9
 Bits:       64
 Endian:     little
 Dedicated:  no
 Build date: Jun 30 2016 21:32:32

Registers:
 RAX: 0000000000000000 RBX: 000000000000BA00 RCX: 0000000000000000 RDX: 0000000000000000
 RSI: 0000000000000000 RDI: 0000000000000001 RBP: 00000000075BF030 RSP: 0000000000BDD550
 R8:  00000000075C1A4C R9:  0000000009F7EFFF R10: 000000000000AF79 R11: 0000000000000004
 R12: 0000000000BDD628 R13: 0000000000BDD810 R14: 0000000000000000 R15: 000000000000BA00
 RIP: 00007FF7C0115C80 EFLAGS: 00010202

 Bytes at instruction pointer:
 41 0F B7 01 66 89 84 24 B8 00 00 00 0F B6 C8 66 C1 E1 08 0F B7 D1 0F B6

Stack trace:
 0000BA00 00000000 00000000 00000000 00000026 00000000 00000000 00000000
 00BDDCF0 00000000 00BDDCF0 00000000 000000BA 00000000 09F7DAEF 00000000
 FFFFFFFE FFFFFFFF 09428050 00000000 47535542 00000000 00BDD628 00000000
 09F7D196 00000000 00001B64 00000000 00000000 00000000 00BDD810 00000000
 47535542 00000000 00BDD960 00000000 00000002 00000000 C010D041 00007FF7
 00BDDCF0 00000000 00BDD650 00000000 00BDD810 00000000 00BD0000 00000000
 00000000 00000000 00BDD960 00000000 FFFFFFFE FFFFFFFF 09428050 00000000
 47535542 FFFFFFFF 00BDD6C0 00000000 09F7D196 00000000 00001B64 00000000
 00BDD6C9 00000000 C0113E16 00007FF7 00BDD960 00000000 00000007 00000000
 09F79186 00000000 09428050 00000000 00000000 00000000 00BDDCF0 00000000
 FFFFFFFE FFFFFFFF 09428050 00000000 47535542 FFFFFFFF 00BDD9D8 00000000
 09F78010 00000000 00006CEA 00000000 09428050 00000000 47535542 00000000
 00BDD698 00000000 09F7D196 00000000 00001B64 00000000 05121CBC 00000000
 00000000 00000000 00000007 00000000 00BDD960 00000000 00BDD960 00000000
 00BDD780 00000000 C010D13F 00007FF7 00BDDCF0 00000000 00BDD810 00000000
 00000007 00000000 00000006 00000000 00000000 00000000 86510000 00000000
 FFFFFFFE FFFFFFFF 09428050 00000000 47535542 00000000 00BDD8A0 00000000
 09F79186 00000000 00005B74 00000000 00BDD890 00000000 C010D508 00007FF7
 00000000 00000000 00000001 00000000 00BDDCF0 00000000 00000006 00000000
 00000000 00000000 00BDDCF0 00000000 09A06938 00000000 00000000 00000000
 FFFF0100 00000000 09428050 00000000 47535542 00000000 00BDD968 00000000
 09F7917E 00000000 00005B7C 00000000 FFFFFFFE FFFFFFFF 47535542 00000000
 C09145D0 00007FF7 00000001 00000006 0000000C FFFFFFFF 00BDDB00 00000000
 00000000 00000000 FFFFFFFF FFFFFFFF FFFF0000 80000000 00000000 00000000

Operating system:
 Name:     Windows
 Release:  6.2.9200 ()
 Compiler: MSVC 1600

Configuration:
 Blitter:      32bpp-sse4-anim
 Graphics set: aBase (5981)
 Language:     C:\Program Files\OpenTTD\lang\english.lng
 Music driver: win32
 Music set:    OpenMSX (96)
 Network:      client
 Sound driver: win32
 Sound set:    NoSound (2)
 Video driver: win32

Fonts:
 Small:  Arial
 Medium: Tahoma
 Large:  Times New Roman
 Mono:   sprite

AI Configuration (local: 10):
  0: Human
  1: Human
  2: Human
  3: Human
  4: Human
  5: Human
  6: Human
  7: Human
  8: Human
  9: Human
 10: Human
 11: Human
 12: Human
 13: Human
 14: Human

Libraries:
 FreeType:   2.4.11
 ICU i18n:   51.2
 ICU lx:     51.2
 LZMA:       5.0.4
 LZO:        2.06
 PNG:        1.5.14
 Zlib:       1.2.7

Module information:
 C:\Program Files\OpenTTD\openttd.exe handle: 00007FF7BFD90000 size: 13506560 crc: 6FF474AD date: 2016-06-30 21:36:38
 C:\WINDOWS\SYSTEM32\ntdll.dll handle: 00007FFB23490000 size: 1883784 crc: 30634105 date: 2016-08-20 06:03:52
 C:\WINDOWS\System32\KERNEL32.DLL handle: 00007FFB222F0000 size: 699880 crc: BDA99C07 date: 2016-07-16 11:42:16
 C:\WINDOWS\System32\KERNELBASE.dll handle: 00007FFB203A0000 size: 2214784 crc: 0D3DB562 date: 2016-09-07 05:51:50
 C:\WINDOWS\System32\WS2_32.dll handle: 00007FFB22850000 size: 425664 crc: 0BC9BF26 date: 2016-07-16 11:42:27
 C:\WINDOWS\System32\sechost.dll handle: 00007FFB227E0000 size: 357984 crc: 923D1945 date: 2016-07-16 11:42:27
 C:\WINDOWS\System32\RPCRT4.dll handle: 00007FFB20A20000 size: 1176664 crc: D96EF587 date: 2016-08-06 04:26:33
 C:\WINDOWS\System32\IMM32.dll handle: 00007FFB22A60000 size: 175672 crc: EE969F35 date: 2016-07-16 11:42:23
 C:\WINDOWS\System32\USER32.dll handle: 00007FFB20C70000 size: 1461200 crc: E5060D90 date: 2016-08-23 02:08:32
 C:\WINDOWS\SYSTEM32\WINMM.dll handle: 00007FFB1D850000 size: 124552 crc: A0E15932 date: 2016-07-16 11:42:22
 C:\WINDOWS\System32\win32u.dll handle: 00007FFB1F980000 size: 114192 crc: CE8A4673 date: 2016-08-02 08:44:21
 C:\WINDOWS\System32\GDI32.dll handle: 00007FFB23380000 size: 206096 crc: B0F99481 date: 2016-07-16 11:42:09
 C:\WINDOWS\System32\gdi32full.dll handle: 00007FFB20890000 size: 1572768 crc: F4690DF2 date: 2016-07-16 11:42:43
 C:\WINDOWS\System32\msvcrt.dll handle: 00007FFB23280000 size: 634824 crc: 1B98629E date: 2016-07-16 11:42:27
 C:\WINDOWS\System32\ADVAPI32.dll handle: 00007FFB20BC0000 size: 652352 crc: 4CF4BA4F date: 2016-07-16 11:42:21
 C:\WINDOWS\System32\SHELL32.dll handle: 00007FFB20DE0000 size: 22218808 crc: 9D2E0D5A date: 2016-09-07 05:29:35
 C:\WINDOWS\System32\cfgmgr32.dll handle: 00007FFB20840000 size: 259848 crc: 53FDC18A date: 2016-07-16 11:42:27
 C:\WINDOWS\SYSTEM32\WINMMBASE.dll handle: 00007FFB1D7F0000 size: 164264 crc: AB86A028 date: 2016-07-16 11:42:22
 C:\WINDOWS\System32\windows.storage.dll handle: 00007FFB1FA50000 size: 7219672 crc: 74311B23 date: 2016-09-07 05:34:10
 C:\WINDOWS\System32\combase.dll handle: 00007FFB224B0000 size: 2913104 crc: CA907242 date: 2016-09-07 05:32:37
 C:\WINDOWS\System32\ucrtbase.dll handle: 00007FFB20740000 size: 998920 crc: 1F92A209 date: 2016-07-16 11:42:27
 C:\WINDOWS\System32\bcryptPrimitives.dll handle: 00007FFB206D0000 size: 431296 crc: 1EDD065B date: 2016-07-16 11:42:27
 C:\WINDOWS\System32\powrprof.dll handle: 00007FFB1F910000 size: 301680 crc: EF88CF02 date: 2016-07-16 11:42:27
 C:\WINDOWS\System32\shlwapi.dll handle: 00007FFB22BF0000 size: 333640 crc: 1B9E909B date: 2016-07-16 11:42:42
 C:\WINDOWS\System32\kernel.appcore.dll handle: 00007FFB1F960000 size: 48608 crc: A62D0607 date: 2016-07-16 11:42:06
 C:\WINDOWS\System32\shcore.dll handle: 00007FFB1F9A0000 size: 681312 crc: 257B507D date: 2016-07-16 11:42:11
 C:\WINDOWS\System32\profapi.dll handle: 00007FFB1F8F0000 size: 69264 crc: 2C09169E date: 2016-07-16 11:42:27
 C:\WINDOWS\system32\uxtheme.dll handle: 00007FFB1DFD0000 size: 587264 crc: 04A28A4B date: 2016-07-16 11:42:40
 C:\WINDOWS\System32\MSCTF.dll handle: 00007FFB23120000 size: 1418304 crc: 78AA38F5 date: 2016-09-07 05:25:28
 C:\WINDOWS\System32\OLEAUT32.dll handle: 00007FFB233D0000 size: 773200 crc: 8B47A31A date: 2016-09-07 05:50:33
 C:\WINDOWS\System32\msvcp_win.dll handle: 00007FFB20300000 size: 633216 crc: D4E5ABC2 date: 2016-07-16 11:42:27
 C:\WINDOWS\system32\dwmapi.dll handle: 00007FFB1D630000 size: 128352 crc: 22B3003E date: 2016-07-16 11:42:23
 C:\WINDOWS\system32\mswsock.dll handle: 00007FFB1EFC0000 size: 357216 crc: 137D8928 date: 2016-07-16 11:42:27
 C:\WINDOWS\SYSTEM32\MMDevAPI.DLL handle: 00007FFB1BAA0000 size: 443744 crc: D67CB824 date: 2016-07-16 11:42:22
 C:\WINDOWS\SYSTEM32\PROPSYS.dll handle: 00007FFB1D3A0000 size: 1599608 crc: 3FCD1704 date: 2016-07-16 11:42:06
 C:\WINDOWS\SYSTEM32\DEVOBJ.dll handle: 00007FFB1E4B0000 size: 151904 crc: 96DE9A73 date: 2016-07-16 11:42:27
 C:\WINDOWS\SYSTEM32\wdmaud.drv handle: 00007FFB0D970000 size: 233472 crc: 6000BF55 date: 2016-07-16 11:42:22
 C:\WINDOWS\SYSTEM32\ksuser.dll handle: 00007FFB19C40000 size: 23816 crc: F880EE68 date: 2016-07-16 11:42:22
 C:\WINDOWS\SYSTEM32\AVRT.dll handle: 00007FFB1C780000 size: 32592 crc: 8416D0D7 date: 2016-07-16 11:42:22
 C:\WINDOWS\SYSTEM32\AUDIOSES.DLL handle: 00007FFAF6C10000 size: 590952 crc: C4FE458B date: 2016-09-07 05:54:22
 C:\WINDOWS\SYSTEM32\wintypes.dll handle: 00007FFB1C7F0000 size: 1267504 crc: 8B41DDB6 date: 2016-09-07 05:32:40
 C:\WINDOWS\SYSTEM32\msacm32.drv handle: 00007FFB19E50000 size: 29184 crc: 021361A5 date: 2016-07-16 11:42:21
 C:\WINDOWS\SYSTEM32\MSACM32.dll handle: 00007FFB10C40000 size: 105392 crc: B73361AF date: 2016-07-16 11:42:22
 C:\WINDOWS\SYSTEM32\midimap.dll handle: 00007FFB19DD0000 size: 25088 crc: BBB5876C date: 2016-07-16 11:42:21
 C:\WINDOWS\System32\clbcatq.dll handle: 00007FFB23080000 size: 631176 crc: 17C82B8C date: 2016-07-16 11:42:17
 C:\WINDOWS\SYSTEM32\DNSAPI.dll handle: 00007FFB1EDB0000 size: 646136 crc: FB3AF00E date: 2016-07-16 11:42:27
 C:\WINDOWS\System32\NSI.dll handle: 00007FFB233C0000 size: 24312 crc: 0712BD4E date: 2016-07-16 11:42:27
 C:\WINDOWS\SYSTEM32\IPHLPAPI.DLL handle: 00007FFB1ED70000 size: 219040 crc: 361BF539 date: 2016-07-16 11:42:27
 C:\Windows\System32\rasadhlp.dll handle: 00007FFB1B540000 size: 16896 crc: 25D02262 date: 2016-07-16 11:42:04
 C:\WINDOWS\System32\fwpuclnt.dll handle: 00007FFB1C330000 size: 412160 crc: 6E79673B date: 2016-07-16 11:42:09
 C:\WINDOWS\SYSTEM32\bcrypt.dll handle: 00007FFB1F4D0000 size: 168424 crc: F2FB7513 date: 2016-07-16 11:42:27
 C:\WINDOWS\System32\psapi.dll handle: 00007FFB22840000 size: 18656 crc: 3E63416E date: 2016-07-16 11:42:15

---- gamelog start ----
Tick 0: new game started
Revision text changed to 1.6.1, savegame version 195, not modified, _openttd_newgrf_version = 0x16186bd9
New game mode: 1 landscape: 0
---- gamelog end ----

*** End of OpenTTD Crash Report ***

Decoded stack trace:
[00] openttd              0x00007FF7C0115C80
[01] openttd              0x00007FF7C010D041
[02] openttd              0x00007FF7C0113E16
[03] openttd              0x00007FF7C010D13F
[04] openttd              0x00007FF7C010D508
[05] openttd              0x00007FF7C0108E67
[06] openttd              0x00007FF7C0109FDB
[07] openttd              0x00007FF7C0109AED
[08] openttd              0x00007FF7C0105950
[09] openttd              0x00007FF7C00DEF67
[10] openttd              0x00007FF7BFDC0A30
[11] openttd              0x00007FF7BFDBBFBF
[12] openttd              0x00007FF7BFDBC055
[13] openttd              0x00007FF7BFE5ED48
[14] openttd              0x00007FF7BFE1695D
[15] openttd              0x00007FF7BFE14318
[16] openttd              0x00007FF7BFE14F0F
[17] openttd              0x00007FF7BFE14318
[18] openttd              0x00007FF7BFE1AC86
[19] openttd              0x00007FF7BFE5EAF7
[20] openttd              0x00007FF7BFE5F37D
[21] openttd              0x00007FF7BFE5FA5E
[22] openttd              0x00007FF7BFDE7B85
[23] openttd              0x00007FF7BFDDA034
[24] openttd              0x00007FF7BFDD6812
[25] openttd              0x00007FF7BFDE7D81
[26] openttd              0x00007FF7BFFF8E25
[27] openttd              0x00007FF7BFDE6759
[28] openttd              0x00007FF7BFFFB509
[29] openttd              0x00007FF7C00E78B0
[30] KERNEL32             0x00007FFB222F8364 BaseThreadInitThunk + 20
[31] ntdll                0x00007FFB234F5E91 RtlUserThreadStart + 33

*** End of additional info ***
