*** OpenTTD Crash Report ***
Date: 2009-03-06 23:25:37
Build: r15631 built on Mar  6 2009 19:22:48
Reason: Assertion failed at ..\src\roadveh_cmd.cpp:294: rs->num_vehicles != 0
Language: english.lng
Exception C0000005 at 0049612F
Registers:
 EAX: 03157A60 EBX: 0201870C ECX: 0012F898 EDX: 03157AA6
 ESI: 020663C8 EDI: 020663C8 EBP: 0012FAE8 ESP: 0012FAB0
 EIP: 0049612F EFLAGS: 00010202

Bytes at CS:EIP:
 C6 05 00 00 00 00 00 FE 4E 0D 83 3D 18 3E 67 00 03 7C 15 FF 76 08 68 AC

Stack trace: 
 0201870C 004987E0 00663840 0201870C 00000C00 0012FB74 00000062 00000000
 FFFFFF9E FFFFFFFF 000212F4 00000000 00000062 00000000 0012FB08 00408996
 00000000 0018F845 00000000 0052AD3D 00000C00 000002BD 0012FC28 004089D1
 7E36F3B3 0018F845 7E36882A 00000000 000403F8 009048D0 00000014 00000001
 00000000 00000000 00000010 00000001 0000001C 032CB9A8 00000005 01000000
 0012FB68 0050FF67 032C807C 0012FB74 000000E8 0012FB74 0012FBC4 0050F4A5
 0068FA20 00000027 00000000 00000000 00000000 00000001 00000000 00000000
 000023B0 023D0EB0 00E99A80 0000EA81 023D0E58 000A00E8 FFFFD64F 0050F1B3
 0050F1EC 0050F224 0050F08C 0048306B 00001DDE 0012FBFC 0050F6CF 00000027
 00000000 00000000 000000E8 0000EA81 0000EA81 000000E8 00000000 005E6A28
 004842EE 000557BA 000557BA 0012FC1C 00484F7E 0000001E 03238584 000557BA
 00000000 000557BA 0049FE54 0012FC50 00401A1B 0018F845 0012FC50 0042B19C
 7E36F3B3 0018F845 0012FC50 00000000 0018F845 00000000 00000000 00421BCF
 0012FC64 0042B3E6 0018F845 00000000 0012FC4C 00000000 0052B98F 0068BB08
 00E08CC0 0012FD14 00000000 0012FC68 0018F845 0018F863 00000000 00000000
 000403F8 0000000F 00000000 00000000 0018F836 00000231 000000F6 0042A8C7
 0012FD2C 00000001 00000001 01000001 00E08CF0 00000000 00000000 00000000
 00E08CA0 FFFFFFFF FFFFFFFF 00000000 00000000 00000000 FFFFFFFF 00000000
 0012FF30 00000000 00000000 00000000 FFFFFFFF 0012FE34 00630538 00000000
 0000139B 0012FF30 0044597D 00000001 0012FE30 FFFFFFFE 00000000 5C3A4322
 676F7250 206D6172 656C6946 704F5C73 54546E65 706F5C44 74746E65 78652E64
 00200065 003D0448 003D0458 0000000D 0000000D 003D0640 003D6C98 003D0428
 00000004 0000000B 00800000 00000040 003D0178 00000004 00000040 003D6F48
 003D015C 00000000 00000000 003D6F48 00000020 003D6F50 00000003 003D0230

Module information:
 C:\Program Files\OpenTTD\openttd.exe handle: 00400000 size: 2602496 crc: 19B34056 date: 2009-03-06 18:26:46
 C:\WINDOWS\system32\ntdll.dll handle: 7C900000 size: 716288 crc: 57B0BDD3 date: 2004-08-04 10:00:00
 C:\WINDOWS\system32\kernel32.dll handle: 7C800000 size: 1013248 crc: 47F46205 date: 2007-04-16 15:54:44
 C:\WINDOWS\system32\WINMM.dll handle: 76B20000 size: 178176 crc: A40D58F0 date: 2004-08-04 10:00:00
 C:\WINDOWS\system32\USER32.dll handle: 7E360000 size: 579072 crc: E1AA6F25 date: 2007-03-08 15:38:47
 C:\WINDOWS\system32\GDI32.dll handle: 77F10000 size: 282112 crc: FBDA9569 date: 2007-06-19 13:32:56
 C:\WINDOWS\system32\ADVAPI32.dll handle: 77DC0000 size: 686080 crc: D57F9200 date: 2004-08-04 10:00:00
 C:\WINDOWS\system32\RPCRT4.dll handle: 77E70000 size: 584192 crc: 82A52B53 date: 2007-07-09 13:11:53
 C:\WINDOWS\system32\Secur32.dll handle: 77FE0000 size: 55808 crc: 443514A0 date: 2004-08-04 10:00:00
 C:\WINDOWS\system32\WS2_32.dll handle: 71A50000 size: 82944 crc: F9A267D3 date: 2004-08-04 10:00:00
 C:\WINDOWS\system32\msvcrt.dll handle: 77C00000 size: 343040 crc: 968C862E date: 2004-08-04 10:00:00
 C:\WINDOWS\system32\WS2HELP.dll handle: 71A40000 size: 19968 crc: 8C96BEED date: 2004-08-04 10:00:00
 C:\WINDOWS\system32\IMM32.DLL handle: 76360000 size: 110080 crc: 7AFFA656 date: 2004-08-04 10:00:00
 C:\WINDOWS\system32\LPK.DLL handle: 62E70000 size: 22016 crc: DBE009AD date: 2004-08-04 10:00:00
 C:\WINDOWS\system32\USP10.dll handle: 74D40000 size: 406528 crc: 25A02529 date: 2004-08-04 10:00:00
 C:\WINDOWS\system32\SHFolder.dll handle: 76760000 size: 25088 crc: C5F5D176 date: 2004-08-04 10:00:00
 C:\WINDOWS\system32\SHLWAPI.dll handle: 77F60000 size: 474112 crc: 5E295C61 date: 2007-10-11 06:11:00
 C:\WINDOWS\WinSxS\x86_Microsoft.Windows.Common-Controls_6595b64144ccf1df_6.0.2600.2982_x-ww_ac3f9c03\comctl32.dll handle: 773C0000 size: 1054208 crc: 14E95AA0 date: 2006-08-25 15:51:13
 C:\WINDOWS\system32\comctl32.dll handle: 5D520000 size: 617472 crc: DFAA8C5E date: 2006-08-25 15:51:15
 C:\Program Files\Kaspersky Lab\Kaspersky Internet Security 7.0\miscr3.dll handle: 305E0000 size: 88592 crc: 590E1D2C date: 2008-02-08 16:37:48
 C:\WINDOWS\system32\ole32.dll handle: 774D0000 size: 1285632 crc: 84EACB81 date: 2005-07-26 04:36:48
 C:\Program Files\Kaspersky Lab\Kaspersky Internet Security 7.0\fssync.dll handle: 30480000 size: 48656 crc: 7ECF014C date: 2008-02-08 16:37:42
 C:\WINDOWS\WinSxS\x86_Microsoft.VC80.CRT_1fc8b3b9a1e18e3b_8.0.50727.163_x-ww_681e29fb\MSVCR80.dll handle: 78130000 size: 626688 crc: 8EDD7BF4 date: 2006-06-05 13:14:28
 C:\WINDOWS\system32\WINTRUST.dll handle: 76C20000 size: 176640 crc: 57C29A7B date: 2004-08-04 10:00:00
 C:\WINDOWS\system32\CRYPT32.dll handle: 77A70000 size: 601088 crc: 4A4DC352 date: 2004-08-04 10:00:00
 C:\WINDOWS\system32\MSASN1.dll handle: 77B10000 size: 57344 crc: 680F248C date: 2004-08-04 10:00:00
 C:\WINDOWS\system32\IMAGEHLP.dll handle: 76C80000 size: 144384 crc: 8EBFFDF4 date: 2004-08-04 10:00:00
 C:\WINDOWS\system32\wdmaud.drv handle: 72CB0000 size: 23552 crc: 5C07C34D date: 2004-08-03 22:44:32
 C:\WINDOWS\system32\msacm32.drv handle: 72CA0000 size: 20992 crc: 3B986665 date: 2004-08-04 10:00:00
 C:\WINDOWS\system32\MSACM32.dll handle: 77BD0000 size: 71680 crc: 23F0727B date: 2004-08-04 10:00:00
 C:\WINDOWS\system32\midimap.dll handle: 77BC0000 size: 18944 crc: 7A2AAF3D date: 2004-08-04 10:00:00
 C:\WINDOWS\SYSTEM32\uxtheme.dll handle: 5B1D0000 size: 219648 crc: BD1671E3 date: 2004-08-04 10:00:00
 C:\WINDOWS\system32\MSCTF.dll handle: 746D0000 size: 294400 crc: 8AE6132C date: 2004-08-04 10:00:00
 C:\WINDOWS\system32\SynTPFcs.dll handle: 63000000 size: 69722 crc: 88615B44 date: 2004-10-08 21:44:16
 C:\WINDOWS\system32\VERSION.dll handle: 77BF0000 size: 18944 crc: 104E0F93 date: 2004-08-04 10:00:00
 C:\WINDOWS\system32\CLBCATQ.DLL handle: 76FC0000 size: 498688 crc: E8E0BE65 date: 2005-07-26 04:36:44
 C:\WINDOWS\system32\COMRes.dll handle: 77040000 size: 822272 crc: 192D3C4D date: 2004-08-04 10:00:00
 C:\WINDOWS\system32\OLEAUT32.dll handle: 77110000 size: 549376 crc: B2498A42 date: 2007-05-17 11:30:17
 C:\WINDOWS\system32\dmime.dll handle: 5AD00000 size: 181248 crc: 4E1B52F2 date: 2004-08-04 10:00:00
 C:\WINDOWS\system32\DSOUND.dll handle: 73EA0000 size: 367616 crc: 856B8F7E date: 2004-08-04 10:00:00
 C:\WINDOWS\system32\dmusic.dll handle: 6CEC0000 size: 104448 crc: 304D963F date: 2004-08-04 10:00:00
 C:\WINDOWS\system32\KsUser.dll handle: 73E70000 size: 4096 crc: 83286383 date: 2004-08-03 22:44:02
 C:\WINDOWS\system32\dmsynth.dll handle: 6CEE0000 size: 103424 crc: 285F3142 date: 2004-08-04 10:00:00
 C:\WINDOWS\system32\dmloader.dll handle: 6CF50000 size: 35840 crc: 0B8B7D0D date: 2004-08-04 10:00:00
 C:\WINDOWS\system32\msctfime.ime handle: 75180000 size: 177152 crc: 3FF254E2 date: 2004-08-04 10:00:00
 C:\WINDOWS\system32\mswsock.dll handle: 719F0000 size: 246784 crc: 86CBCB08 date: 2004-08-04 10:00:00
 C:\WINDOWS\system32\hnetcfg.dll handle: 66780000 size: 346624 crc: 5D894FA5 date: 2004-08-04 10:00:00
 C:\WINDOWS\System32\wshtcpip.dll handle: 71A30000 size: 19968 crc: 2D3545D3 date: 2004-08-04 10:00:00
 C:\WINDOWS\system32\psapi.dll handle: 76BE0000 size: 23040 crc: B38524FE date: 2004-08-04 10:00:00

System information:
 Windows version 5.1 2600 Dodatek Service Pack 2