*** OpenTTD Crash Report ***

Crash at: Wed Dec 30 21:15:02 2009

Crash reason:
 Exception: C0000005
 Location:  00433259
 Message:   <none>

OpenTTD version:
 Version:    1.0.0-beta1 (0)
 NewGRF ver: 100048bf
 Bits:       32
 Endian:     little
 Dedicated:  no
 Build date: Dec 23 2009 23:31:33

Registers:
 EAX: 04000A64 EBX: FFFFFFFC ECX: 00000000 EDX: 77085E74
 ESI: 083F0610 EDI: 0090D68D EBP: 00000000 ESP: 0012FC04
 EIP: 00433259 EFLAGS: 00210212

 Bytes at instruction pointer:
 83 3E 00 0F 85 7A FF FF FF 5F 5D 5B 5E C3 68 6C 59 70 00 68 94 57 70 00

Stack trace:
 0090D68D 00000000 00000000 0090D69D 0043319D 0042B335 00000000 00546B21
 00787600 00000000 0012FCDC 00000000 0012FC20 0090D69D 0090D6BB 00000000
 00000000 00390092 00000201 00000001 016101AB 0090D68D 000001AB 00000161
 0042A563 0012FCF4 0012FDF8 00000001 01000060 008DED50 00000000 00000000
 00000000 00000000 FFFFFFFF 00000000 009C1D38 00000000 00000000 00000000
 00000000 FFFFFFFF 00000000 00000000 00000000 0012FEF8 00000000 00000000
 00000000 FFFFFFFF 0012FDFC 00701CE4 00000000 00000000 0012FEF8 005487A9
 00000001 0012FDF8 FFFFFFFE 00000000 5C3A4322 676F7250 206D6172 656C6946
 704F5C73 54546E65 706F5C44 74746E65 78652E64 00200065 008C1728 0012FE44
 770299FA 0084BFBE FFFFFFFE 770868FD 7708661F 77086570 00000018 0012FEB4
 0016003A 00000001 00000001 00000118 0012003B 00000001 00000001 19000118
 008B6FF8 770868FD 779115D2 008B0000 00000000 008B0194 002C001B 00000001
 008BD8C8 008B7148 0029001C 00000001 00000000 00000020 0012FDBC 0061099D
 008B0000 00000000 00000018 008BFF50 0012FEB4 0012FEC0 0012FDD4 00610A33
 00000018 008BFF48 0012FEE0 770299FA 0012FE50 0050275C 00000018 00507D96
 008BD8C8 00507E1C 008BFF50 008BD9A8 0012FEB4 0012FCF5 00000000 008B6CF8
 008BE040 00000000 00000020 0012FE30 0061099D 008B0000 00000000 008B11F0
 008B14E8 0012FE6C 0061F0FE 008B0000 00000000 77084E60 7704C6C2 FFFFFFFF
 00000024 0012FE54 00000004 00000000 BCEC1F9A 0012FE68 0061BD58 008B14EC
 008B14EC 00000000 00000001 0076001C 0012FE80 00619D27 0076E8F0 0012FEC0
 00615108 00000008 00613E8F 00613E89 0012FEC4 00000000 008B07C8 0012FEC4
 0061BFEE 00000000 00000000 0012FED0 0061BFFB 0012FED0 00612198 009C220D
 0012FEE0 0062B7B2 00000000 0075A960 008B1898 008B07C8 0065F801 0012FEF8
 0062B805 00000000 00000022 00000000 00000004 0012FF88 0061776A 00400000

Operating system:
 Name:    Windows
 Release: 6.0.6002 (Service Pack 2)
 MSVC:    Yes

Configuration:
 Blitter:      8bpp-optimized
 Graphics set: OpenGFX
 Language:     french.lng
 Music driver: dmusic
 Music set:    NoMusic
 Sound driver: win32
 Sound set:    OpenSFX
 Video driver: win32

AI Configuration:
  0: Human

Libraries:
 FreeType:   2.3.11
 ICU:        4.2.1
 PNG:        1.2.40

Module information:
 C:\Program Files\OpenTTD\openttd.exe handle: 00400000 size: 3631104 crc: 639ECE82 date: 2009-12-23 23:34:48
 C:\Windows\system32\ntdll.dll handle: 77020000 size: 1202168 crc: 11EF8EE5 date: 2009-04-11 06:27:49
 C:\Windows\system32\kernel32.dll handle: 76100000 size: 891392 crc: 1164F2B3 date: 2009-04-11 06:28:20
 C:\Windows\system32\WINMM.dll handle: 749E0000 size: 189952 crc: 3E8CBFF5 date: 2009-04-11 06:28:25
 C:\Windows\system32\msvcrt.dll handle: 76F70000 size: 679936 crc: B0E5331E date: 2009-04-11 06:28:22
 C:\Windows\system32\USER32.dll handle: 75860000 size: 627712 crc: 80F0F3C5 date: 2009-04-11 06:28:25
 C:\Windows\system32\GDI32.dll handle: 75930000 size: 297472 crc: 69625D80 date: 2009-04-11 06:28:19
 C:\Windows\system32\ADVAPI32.dll handle: 75EC0000 size: 800768 crc: D7864B03 date: 2009-04-11 06:28:17
 C:\Windows\system32\RPCRT4.dll handle: 75A50000 size: 784896 crc: 35185859 date: 2009-04-23 12:15:07
 C:\Windows\system32\ole32.dll handle: 75BA0000 size: 1316864 crc: CB56BE6B date: 2009-04-11 06:28:23
 C:\Windows\system32\OLEAUT32.dll handle: 76EE0000 size: 563712 crc: 12E9F438 date: 2009-04-11 06:28:23
 C:\Windows\system32\OLEACC.dll handle: 749A0000 size: 234496 crc: 82CE51D9 date: 2009-10-08 21:08:01
 C:\Windows\system32\WS2_32.dll handle: 771C0000 size: 179200 crc: 5D581120 date: 2008-01-19 07:37:09
 C:\Windows\system32\NSI.dll handle: 75E30000 size: 8192 crc: 10729B39 date: 2008-01-19 07:35:57
 C:\Windows\system32\SHELL32.dll handle: 763D0000 size: 11584000 crc: 766AA8BB date: 2009-04-11 06:28:24
 C:\Windows\system32\SHLWAPI.dll handle: 75E40000 size: 353280 crc: 681AC986 date: 2009-04-11 06:28:24
 C:\Windows\system32\IMM32.DLL handle: 75EA0000 size: 114688 crc: 8D83D50A date: 2009-04-11 06:28:20
 C:\Windows\system32\MSCTF.dll handle: 75980000 size: 807424 crc: 78787E19 date: 2009-04-11 06:28:20
 C:\Windows\system32\LPK.DLL handle: 771A0000 size: 23552 crc: 2E03F135 date: 2009-06-15 14:52:42
 C:\Windows\system32\USP10.dll handle: 75F90000 size: 502272 crc: 33F7104F date: 2009-04-11 06:28:25
 C:\Windows\system32\APSHook.dll handle: 10000000 size: 70144 crc: FFE24C8D date: 2007-02-26 03:49:00
 C:\Windows\WinSxS\x86_microsoft.windows.common-controls_6595b64144ccf1df_6.0.6002.18005_none_5cb72f96088b0de0\comctl32.dll handle: 74660000 size: 1686016 crc: 1453762E date: 2009-04-11 06:21:38
 C:\Windows\system32\SHFolder.dll handle: 6F8B0000 size: 7168 crc: 1CA14A5C date: 2006-11-02 09:46:13
 C:\Windows\system32\wdmaud.drv handle: 72C10000 size: 167424 crc: AE942463 date: 2009-04-11 06:27:12
 C:\Windows\system32\ksuser.dll handle: 72CF0000 size: 4608 crc: 4C647881 date: 2006-11-02 09:46:05
 C:\Windows\system32\MMDevAPI.DLL handle: 73DD0000 size: 150528 crc: 481F98E7 date: 2009-04-11 06:28:20
 C:\Windows\system32\AVRT.dll handle: 73FB0000 size: 12800 crc: EB589AA0 date: 2008-01-19 07:33:47
 C:\Windows\system32\SETUPAPI.dll handle: 756D0000 size: 1591296 crc: A225D6A1 date: 2009-04-11 06:28:24
 C:\Windows\system32\WINTRUST.dll handle: 74830000 size: 171520 crc: EE6B6CCB date: 2008-01-19 07:36:56
 C:\Windows\system32\CRYPT32.dll handle: 74FE0000 size: 978944 crc: CE0B7499 date: 2009-04-11 06:28:18
 C:\Windows\system32\MSASN1.dll handle: 75140000 size: 60928 crc: D62CDC5B date: 2009-09-04 11:41:59
 C:\Windows\system32\USERENV.dll handle: 75580000 size: 108544 crc: CC1E5DD3 date: 2009-04-11 06:28:25
 C:\Windows\system32\Secur32.dll handle: 75560000 size: 72704 crc: C962EC8E date: 2009-06-15 14:53:43
 C:\Windows\system32\imagehlp.dll handle: 75900000 size: 153088 crc: EEF49677 date: 2008-01-19 07:34:32
 C:\Windows\system32\AUDIOSES.DLL handle: 72A60000 size: 115712 crc: 9E346B3A date: 2009-04-11 06:28:18
 C:\Windows\system32\audioeng.dll handle: 728C0000 size: 397312 crc: 17666E45 date: 2008-01-19 07:33:45
 C:\Windows\system32\PSAPI.DLL handle: 756C0000 size: 12288 crc: D7B812C5 date: 2006-11-02 09:46:12
 C:\Windows\system32\msacm32.drv handle: 72C00000 size: 21504 crc: 28704D00 date: 2009-04-11 06:27:12
 C:\Windows\system32\MSACM32.dll handle: 72A40000 size: 71680 crc: A2E8F836 date: 2008-01-19 07:34:54
 C:\Windows\system32\midimap.dll handle: 72BF0000 size: 17408 crc: 9FC56E7F date: 2009-04-11 06:28:20
 C:\Windows\system32\CLBCatQ.DLL handle: 771F0000 size: 523776 crc: C2EBF5E6 date: 2008-01-19 07:33:52
 C:\Windows\system32\IconCodecService.dll handle: 6FD90000 size: 9728 crc: D8D965A6 date: 2006-11-02 12:33:49
 C:\Windows\system32\WindowsCodecs.dll handle: 736B0000 size: 974848 crc: 9A99AA19 date: 2009-09-25 02:10:10
 C:\Windows\system32\uxtheme.dll handle: 74160000 size: 240128 crc: 5F29223E date: 2008-01-19 07:36:47
 C:\Program Files\Hewlett-Packard\IAM\bin\ItClient.dll handle: 01DD0000 size: 90112 crc: 7CBE3883 date: 2006-12-04 09:31:00
 C:\Windows\WinSxS\x86_microsoft.windows.common-controls_6595b64144ccf1df_5.82.6001.18000_none_886786f450a74a05\Comctl32.dll handle: 745D0000 size: 531968 crc: 9831221E date: 2008-01-19 07:26:33
 C:\Windows\system32\dwmapi.dll handle: 70660000 size: 39936 crc: 2E8C92C0 date: 2008-01-19 07:34:07
 C:\Windows\system32\dmime.dll handle: 734D0000 size: 178688 crc: 3063C87B date: 2008-01-19 07:34:04
 C:\Windows\system32\DSOUND.dll handle: 6D440000 size: 444416 crc: 2196E709 date: 2009-04-11 06:28:19
 C:\Windows\system32\POWRPROF.dll handle: 74950000 size: 98816 crc: F5FB120D date: 2009-04-11 06:28:23
 C:\Windows\system32\dmusic.dll handle: 73A20000 size: 101888 crc: 9C95E7AB date: 2009-04-11 06:28:18
 C:\Windows\system32\dmsynth.dll handle: 73A70000 size: 105472 crc: A572B2E6 date: 2009-04-11 06:28:18
 C:\Windows\system32\dmloader.dll handle: 73A60000 size: 38400 crc: 43D1875C date: 2008-01-19 07:34:04
 C:\Windows\system32\mswsock.dll handle: 74CF0000 size: 223232 crc: 9C4248CA date: 2009-04-11 06:28:22
 C:\Windows\System32\wshtcpip.dll handle: 74930000 size: 9216 crc: 10C50FC1 date: 2008-01-19 07:37:11

---- gamelog start ----
Tick 0: new game started
     Revision text changed to 1.0.0-beta1, savegame version 132, not modified, _openttd_newgrf_version = 0x100048bf
     New game mode: 1 landscape: 0
     Added NewGRF: GRF ID FBFB0201, checksum C3714CCDCE206A9D1A3903A3A90D351E, filename: transrapid_track_set.beta_1.1\transrapidtracksetw.grf
     Added NewGRF: GRF ID 66724F4E, checksum 20AB6D74738955E537802E7A9A871F61, filename: original_vehicle_names.2\origveh.grf
     Added NewGRF: GRF ID 46420801, checksum 2D654630F22AA4C78A58710024C514B3, filename: new_tram_tracks.0.4.1\newtramtracksw_v0.4.1.grf
     Added NewGRF: GRF ID 4D470601, checksum 9C21B80FAAA6B5A5BB91815E5915B91C, filename: logic_train.0.6\logic.grf
     Added NewGRF: GRF ID 44501401, checksum 5F46A5DE67D0168B638A878FB2D49AEB, filename: japanese_maglevs.0.1\jpmaglevw.grf
     Added NewGRF: GRF ID 52453300, checksum FA9253BC448F0B466FC018F80F9460C5, filename: japanese_trees.2.1\jptreesw.grf
     Added NewGRF: GRF ID 45580102, checksum 2E97B00D4ABAC99CD825964E9402A81B, filename: ex_s_city_builder.0.3\ex_cities.grf
     Added NewGRF: GRF ID 44440A01, checksum D48D7AD02CA355B92FAE081DC4A36868, filename: av8_aviators_aircraft_set.1.501\pb_av8w.grf
     Added NewGRF: GRF ID 44440A02, checksum CC43F806C0D6838DBE3E68434F3726F3, filename: apache_helicopter.1\apache_w.grf
     Added NewGRF: GRF ID 05102001, checksum ECFDE8BA1A2DEB6AF558D89285E70444, filename: a_new_monolev_trainset.0.3\nmts.grf
     Added NewGRF: GRF ID 11223301, checksum 474A7FF52E675DED3154101B58B3E3C7, filename: 2cc_chimaera_addon.2\chim.grf
---- gamelog end ----

*** End of OpenTTD Crash Report ***
