*** OpenTTD Crash Report ***
Date: 2008-06-21 10:51:34
Build: r13481M-TibPP built on Jun 12 2008 17:15:09
Reason: Assertion failed at ..\src\saveload.cpp:506: x >= 0 && x <= 65535
Exception C0000005 at 004338A4
Registers:
 EAX: 02286130 EBX: 00000000 ECX: 0012F8A8 EDX: 02286172
 ESI: 0003E1A6 EDI: 00000063 EBP: 0012FAD0 ESP: 0012FAC0
 EIP: 004338A4 EFLAGS: 00010206

Bytes at CS:EIP:
 88 1D 00 00 00 00 FF 74 24 09 E8 6D FA FF FF EB 84 3B D3 7C 14 7F 04 3B

Stack trace: 
 005E3F0C 00000063 0003E1A6 00000000 0012FAF8 00434006 005E3F0C 0058FDA8
 00000000 0043405D 0041E551 0058FF50 00000000 00000000 0012FBC0 00434258
 0058C330 00434290 00000001 005CD7D0 00000000 004351BC 00B78ED8 00B78EE7
 00000005 7E418BD9 7FFDF000 0012FB88 00000000 0012FB48 7E41986B 00000000
 0012FC20 00000000 00000014 00000001 00000000 00000000 00000010 00000000
 00000001 00000001 00000000 005600FA 0012FB3C 00000001 0012FBD0 7E440457
 0012FBB8 7FFDF000 0012FBE0 7C80243C 0012FBA4 7C80240F 00B78ED8 00B78ED8
 7E41F3B3 00000014 00000001 00000000 0012FB18 0012FFB0 005461A2 00000000
 0012FBE4 0042B14B 00000001 00000009 00B78ED8 00B78EE7 00000000 0012FBDC
 7E41F45B 0012FBF4 0042B49F 00000000 0012FBDC 00000000 004F4CE7 00668904
 005E4C7C 0012FD10 00000000 0012FBF8 00B78EE7 00B78F05 00000000 00000000
 005600FA 00000113 00000001 004F3DB9 00B78EC8 000002BC 00000294 0042AB5F
 0012FD24 00000001 00000001 00010000 00000111 00000000 FFFFFFFF 00000000
 7C90EE18 00000000 00000000 FFFFFFFF 0012FE2C 005A6678 00000000 FFFFFFFF
 00000000 00000000 00000000 00000000 00020700 0012FCBC 7C821692 0000002B
 FFFFFFFF 00000029 00000104 0000FDE9 0012FD00 00000001 00000028 0012FCE8
 7C8215EB 0000FDE9 00000000 000206E8 FFFFFF00 0012FD24 00000104 00000000
 00000000 00000A28 0012FF28 0044DAF8 0000FD00 00000000 000206E8 FFFFFFFF
 0012FD24 00000104 0000F935 0012FF28 0012FF28 0044D6B7 0012FE28 00000A28
 00000002 5C3A4322 676F7250 206D6172 656C6946 704F5C73 54546E65 706F5C44
 74746E65 78652E64 00200065 00C72C38 0012FEDC 0000000A 0012FEDC 0000000A
 0012FD78 00403190 00C72C38 0000000F 0012FEDC 0000000A 0012FD9C 00403E81
 00C72C38 0000000F 00403E8C 0000000A 00C72C34 00C72C34 0012FED8 0012FDDC
 00403D7A 0012FED8 00000000 FFFFFFFF 00C72C28 0040C5BE 0012FED8 00C72BE0

Module information:
 C:\Program Files\OpenTTD\openttd.exe handle: 00400000 size: 1986048 crc: 83512805 date: 2008-06-20 09:14:48
 C:\WINDOWS\system32\ntdll.dll handle: 7C900000 size: 708096 crc: A5A50370 date: 2004-08-04 12:00:00
 C:\WINDOWS\system32\kernel32.dll handle: 7C800000 size: 984576 crc: 2CCFBF2B date: 2007-04-16 15:52:53
 C:\WINDOWS\system32\WINMM.dll handle: 76B40000 size: 176128 crc: 123646FA date: 2004-08-04 12:00:00
 C:\WINDOWS\system32\USER32.dll handle: 7E410000 size: 577536 crc: DF3237C6 date: 2007-03-08 15:36:28
 C:\WINDOWS\system32\GDI32.dll handle: 77F10000 size: 282624 crc: 18201B20 date: 2008-02-20 06:51:05
 C:\WINDOWS\system32\ADVAPI32.dll handle: 77DD0000 size: 616960 crc: 5E7A2F0A date: 2004-08-04 12:00:00
 C:\WINDOWS\system32\RPCRT4.dll handle: 77E70000 size: 584192 crc: B1CE66F6 date: 2007-07-09 13:09:42
 C:\WINDOWS\system32\Secur32.dll handle: 77FE0000 size: 55808 crc: 5A32C057 date: 2004-08-04 12:00:00
 C:\WINDOWS\system32\WS2_32.dll handle: 71AB0000 size: 82944 crc: 9738CC56 date: 2004-08-04 12:00:00
 C:\WINDOWS\system32\msvcrt.dll handle: 77C10000 size: 343040 crc: 5298C0C5 date: 2004-08-04 12:00:00
 C:\WINDOWS\system32\WS2HELP.dll handle: 71AA0000 size: 19968 crc: F5DD5AB6 date: 2004-08-04 12:00:00
 C:\WINDOWS\system32\IMM32.DLL handle: 76390000 size: 110080 crc: FD65A0DD date: 2004-08-04 12:00:00
 C:\WINDOWS\system32\SHFolder.dll handle: 76780000 size: 25088 crc: 2EC7582B date: 2004-08-04 12:00:00
 C:\WINDOWS\system32\SHLWAPI.dll handle: 77F60000 size: 474112 crc: 521D0CB3 date: 2006-09-23 13:12:50
 C:\WINDOWS\WinSxS\x86_Microsoft.Windows.Common-Controls_6595b64144ccf1df_6.0.2600.2982_x-ww_ac3f9c03\comctl32.dll handle: 773D0000 size: 1054208 crc: 58D6578C date: 2006-08-25 15:45:55
 C:\WINDOWS\system32\comctl32.dll handle: 5D090000 size: 617472 crc: 232F6674 date: 2006-08-25 15:45:58
 C:\WINDOWS\system32\wdmaud.drv handle: 72D20000 size: 23552 crc: 982E84EE date: 2004-08-04 12:00:00
 C:\WINDOWS\system32\WINTRUST.dll handle: 76C30000 size: 176640 crc: 88D208BD date: 2004-08-04 12:00:00
 C:\WINDOWS\system32\CRYPT32.dll handle: 77A80000 size: 597504 crc: 971ECFAA date: 2004-08-04 12:00:00
 C:\WINDOWS\system32\MSASN1.dll handle: 77B20000 size: 57344 crc: D5127637 date: 2004-08-04 12:00:00
 C:\WINDOWS\system32\IMAGEHLP.dll handle: 76C90000 size: 144384 crc: 714A70BC date: 2004-08-04 12:00:00
 C:\WINDOWS\system32\msacm32.drv handle: 72D10000 size: 20480 crc: D5406BAE date: 2004-08-04 12:00:00
 C:\WINDOWS\system32\MSACM32.dll handle: 77BE0000 size: 71680 crc: 6A21891E date: 2004-08-04 12:00:00
 C:\WINDOWS\system32\midimap.dll handle: 77BD0000 size: 18944 crc: 502B5282 date: 2004-08-04 12:00:00
 C:\WINDOWS\system32\uxtheme.dll handle: 5AD70000 size: 218624 crc: 5AA98F22 date: 2004-08-04 12:00:00
 C:\WINDOWS\system32\MSCTF.dll handle: 74720000 size: 294912 crc: 5B427982 date: 2008-02-26 11:59:50
 C:\WINDOWS\system32\msctfime.ime handle: 755C0000 size: 177152 crc: 6A712F98 date: 2004-08-04 12:00:00
 C:\WINDOWS\system32\ole32.dll handle: 774E0000 size: 1285120 crc: AD325A7F date: 2005-07-26 04:39:48
 C:\WINDOWS\system32\mswsock.dll handle: 71A50000 size: 245248 crc: E2309390 date: 2004-08-04 12:00:00
 C:\WINDOWS\system32\hnetcfg.dll handle: 662B0000 size: 344064 crc: 6CF15ACF date: 2004-08-04 12:00:00
 C:\WINDOWS\System32\wshtcpip.dll handle: 71A90000 size: 19968 crc: B88CC0E5 date: 2004-08-04 12:00:00
 C:\WINDOWS\system32\OLEAUT32.DLL handle: 77120000 size: 550912 crc: 18657280 date: 2007-12-04 18:38:13
 C:\WINDOWS\system32\psapi.dll handle: 76BF0000 size: 23040 crc: 97A44A88 date: 2004-08-04 12:00:00

System information:
 Windows version 5.1 2600 S

---- gamelog start ----
Tick 0: new game started
     Revision text changed to r13481M-TibPP, savegame version 99, modified, _openttd_newgrf_version = 0x070034a9
     New game mode: 2 landscape: 0
Tick 0: patch settings changed
     Patch setting changed: vehicle.never_expire_vehicles : 0 -> 1
Tick 0: patch settings changed
     Patch setting changed: vehicle.dynamic_engines : 0 -> 1
Tick 0: game loaded
     New game mode: 1 landscape: 0
---- gamelog end ----
