*** OpenTTD Crash Report ***

Crash at: Mon Jul 12 17:34:16 2010
In game date: 2415-06-15 (49)

Crash reason:
 Exception: E1212012
 Location:  7C812AFB
 Message:   NOT_REACHED triggered at line 139 of c:\openttd\compile\src\slope_func.h

OpenTTD version:
 Version:    r20128 (0)
 NewGRF ver: 11004ea0
 Bits:       32
 Endian:     little
 Dedicated:  no
 Build date: Jul 11 2010 18:23:58

Registers:
 EAX: 0012F320 EBX: 00000016 ECX: 00000000 EDX: 0071BA70
 ESI: 00000000 EDI: 00000000 EBP: 0012F370 ESP: 0012F31C
 EIP: 7C812AFB EFLAGS: 00000246

 Bytes at instruction pointer:
 5E C9 C2 10 00 85 FF 0F 8E 36 93 FF FF 8B 55 FC 89 55 0C 0F B7 16 8B 7D

Stack trace:
 0071B98C E1212012 00000000 00000000 7C812AFB 00000000 005ED68E 0000000B
 005ED685 89FAE4BD 00000200 00704478 00000200 7C90D80A 7C913416 FFFFFFFF
 00000024 0012F36C 00000004 00000000 3F82D14B 0012F3D0 0055D145 E1212012
 00000000 00000000 00000000 005E7336 00000016 89FAE41D 0012F718 00000200
 0012F9F8 7C913416 FFFFFFFF 00000000 0012F3B8 0055D135 00000001 0012F390
 0012EF38 0012FFB0 005EBEA0 898768B5 FFFFFFFE 0012F708 005E6770 00000016
 00000200 005E7D19 0012F430 00705188 00D32D08 005F8FD4 00000000 FFFFFFDD
 0012F68C 005EF010 00000000 0012F718 0012F718 005EF09C 00000040 00524F65
 00000000 00000007 00600053 00840072 00000000 00705188 00D32D08 00D31E90
 01ED0101 0012F6B0 00000000 00000000 00000000 006850FE 00000000 00000000
 00000000 044D043F 00000048 0012F92C 00000023 006BB6A8 FFFFFFFF 000C281F
 00000000 0D0F1803 0D1C0328 2002280D 24820D28 17020D0D 1B020D28 22032828
 830D280D 0F280D26 0D0F1403 0D180328 1D02280D 24023E3D 28820D28 13020D0D
 17020D28 1C052828 B23C7A1B 3D260347 2A830C3E 00000010 0012F664 00000000
 7E37934B 00000010 0012F664 00000000 0D2C8247 0012F4E0 1302280D 0012FFB0
 7E39048F 7E379350 00009BE3 0012F658 7E38A2BC 0012F664 0012F718 00000200
 7E38A2D6 00000001 B23E47B2 3E708669 7A3E3D3F 00850850 020D0D30 070D280B
 2828280F 00000000 00000000 7E3620EC 00000000 00000001 473E3CB2 280D8669
 0D32830C 08030F28 03280D0F 280D0D0C 35361005 035B356B 0F0D2816 1A3D1F05
 013E473D 27061A25 863D476B 3002B247 34820D28 07020D0D 0B020D28 0E082828
 3837356C 285A3838 280D1802 1A3D2805 033E473D 0D280D32 280D3683 0F04030F
 0803280D 08280D0D 6C6B350D 37373838 28160319 1A030D0D 040F0D28 28383832
 0D38820D 2803020D 2807020D 880C0928 3538356B 5938386B 28281802 280D1C02
 35363005 035A3D35 0C280D36 280D3A83 0F00030F 0403280D 00000000 0012F638

Operating system:
 Name:     Windows
 Release:  5.1.2600 (Service Pack 3)
 Compiler: MSVC 1500

Configuration:
 Blitter:      8bpp-optimized
 Graphics set: original_windows
 Language:     czech.lng
 Music driver: dmusic
 Music set:    original_windows
 Network:      client
 Sound driver: win32
 Sound set:    original_windows
 Video driver: win32

AI Configuration (local: 0):
  0: Human

Libraries:
 FreeType:   2.3.12
 ICU:        4.4.1
 LZO:        2.03
 PNG:        1.4.3
 Zlib:       1.2.5

Module information:
 D:\OpenTTD_nightly\openttd.exe handle: 00400000 size: 3288576 crc: FC87868D date: 2010-07-11 16:28:22
 C:\WINDOWS\system32\ntdll.dll handle: 7C900000 size: 709632 crc: BAF97B9A date: 2009-02-09 10:56:05
 C:\WINDOWS\system32\kernel32.dll handle: 7C800000 size: 988160 crc: 7F6413F3 date: 2009-03-21 14:09:02
 C:\WINDOWS\system32\WINMM.dll handle: 76B30000 size: 174592 crc: 97C69A23 date: 2008-04-14 06:52:06
 C:\WINDOWS\system32\ADVAPI32.dll handle: 77DC0000 size: 684032 crc: 27DFA0E8 date: 2009-02-09 10:56:05
 C:\WINDOWS\system32\RPCRT4.dll handle: 77E70000 size: 585216 crc: 10381198 date: 2009-04-15 14:54:29
 C:\WINDOWS\system32\Secur32.dll handle: 77FE0000 size: 56832 crc: 16EF1E87 date: 2009-06-25 08:27:37
 C:\WINDOWS\system32\GDI32.dll handle: 77F10000 size: 286720 crc: 558CB163 date: 2008-10-23 12:42:52
 C:\WINDOWS\system32\USER32.dll handle: 7E360000 size: 578560 crc: 810EA445 date: 2008-04-14 06:52:06
 C:\WINDOWS\system32\WS2_32.dll handle: 71A90000 size: 82432 crc: 54E7139D date: 2008-04-14 06:52:08
 C:\WINDOWS\system32\msvcrt.dll handle: 77C00000 size: 343040 crc: 82A18593 date: 2008-04-14 06:51:50
 C:\WINDOWS\system32\WS2HELP.dll handle: 71A80000 size: 19968 crc: 16A4F56E date: 2008-04-14 06:52:08
 C:\WINDOWS\system32\SHELL32.dll handle: 7C9C0000 size: 8465408 crc: 832DFB9B date: 2008-06-17 19:02:56
 C:\WINDOWS\system32\SHLWAPI.dll handle: 77F60000 size: 474112 crc: 899BDCFD date: 2009-12-08 09:25:31
 C:\WINDOWS\system32\IMM32.DLL handle: 76370000 size: 110080 crc: 7CC3FB3C date: 2008-04-14 06:51:44
 C:\WINDOWS\WinSxS\x86_Microsoft.Windows.Common-Controls_6595b64144ccf1df_6.0.2600.5512_x-ww_35d4ce83\comctl32.dll handle: 773C0000 size: 1054208 crc: CE734765 date: 2008-04-14 06:37:06
 C:\WINDOWS\system32\comctl32.dll handle: 5D5A0000 size: 617472 crc: EF37BB95 date: 2008-04-14 06:51:40
 C:\WINDOWS\system32\SHFolder.dll handle: 76770000 size: 25088 crc: C487B370 date: 2008-04-14 06:51:56
 C:\WINDOWS\system32\WINTRUST.dll handle: 76C20000 size: 177664 crc: CD2DBC46 date: 2009-12-24 07:04:50
 C:\WINDOWS\system32\CRYPT32.dll handle: 77A70000 size: 602112 crc: 8BA8D385 date: 2008-04-14 06:51:40
 C:\WINDOWS\system32\MSASN1.dll handle: 77B10000 size: 58880 crc: 930C86C5 date: 2009-09-04 21:05:18
 C:\WINDOWS\system32\IMAGEHLP.dll handle: 76C80000 size: 144384 crc: 77B067D2 date: 2008-04-14 06:51:44
 C:\WINDOWS\system32\wdmaud.drv handle: 72CE0000 size: 23552 crc: D4EA0544 date: 2008-04-14 06:53:00
 C:\WINDOWS\system32\msacm32.drv handle: 72CD0000 size: 20480 crc: D2823952 date: 2004-08-18 12:00:00
 C:\WINDOWS\system32\MSACM32.dll handle: 77BD0000 size: 71680 crc: 0F11E98F date: 2008-04-14 06:51:48
 C:\WINDOWS\system32\midimap.dll handle: 77BC0000 size: 18944 crc: 6C0FE179 date: 2008-04-14 06:51:46
 C:\WINDOWS\system32\uxtheme.dll handle: 5B250000 size: 219648 crc: A269DCE7 date: 2008-04-14 06:52:06
 C:\WINDOWS\system32\MSCTF.dll handle: 746F0000 size: 297984 crc: 7E4D8B79 date: 2008-04-14 06:51:48
 C:\Program Files\ScanSoft\OmniPageSE4.0\OpHookSE4.dll handle: 129B0000 size: 144936 crc: 3DCB230C date: 2006-10-04 21:07:12
 C:\WINDOWS\system32\VERSION.dll handle: 77BF0000 size: 18944 crc: D999F19B date: 2008-04-14 06:52:06
 C:\WINDOWS\system32\ole32.dll handle: 774D0000 size: 1287168 crc: D88DA305 date: 2008-04-14 06:51:54
 C:\WINDOWS\system32\OLEAUT32.dll handle: 77110000 size: 551936 crc: 8BC4BD61 date: 2008-04-14 06:51:54
 C:\WINDOWS\system32\msctfime.ime handle: 751A0000 size: 177152 crc: 7B35B82B date: 2009-02-27 04:58:05
 C:\WINDOWS\system32\CLBCATQ.DLL handle: 76FC0000 size: 498688 crc: 7485F944 date: 2008-04-14 06:51:40
 C:\WINDOWS\system32\COMRes.dll handle: 77040000 size: 806912 crc: 0037EB49 date: 2008-04-14 06:51:40
 C:\WINDOWS\system32\dmime.dll handle: 60D60000 size: 181248 crc: 051A53CA date: 2008-04-14 06:51:40
 C:\WINDOWS\system32\DSOUND.dll handle: 73ED0000 size: 367616 crc: D00E35F8 date: 2008-04-14 06:51:42
 C:\WINDOWS\system32\dmusic.dll handle: 6CF00000 size: 104448 crc: 661BBD3C date: 2008-04-14 06:51:40
 C:\WINDOWS\system32\KsUser.dll handle: 73EA0000 size: 4096 crc: 5FA40F0A date: 2008-04-14 06:51:46
 C:\WINDOWS\system32\dmsynth.dll handle: 6CF20000 size: 103424 crc: 15A88EB7 date: 2008-04-14 06:51:40
 C:\WINDOWS\system32\dmloader.dll handle: 6CF90000 size: 35840 crc: 37FCABDE date: 2008-04-14 06:51:40
 C:\WINDOWS\system32\imon.dll handle: 20B00000 size: 270336 crc: 3B69EC76 date: 2007-12-28 23:28:02
 C:\WINDOWS\system32\WSOCK32.dll handle: 71AB0000 size: 24576 crc: B1A5ECA7 date: 2008-04-14 06:52:08
 C:\WINDOWS\system32\NTMARTA.DLL handle: 77680000 size: 119808 crc: 774AB72F date: 2008-04-14 06:51:52
 C:\WINDOWS\system32\SAMLIB.dll handle: 71BD0000 size: 64000 crc: 64F3CE27 date: 2008-04-14 06:51:56
 C:\WINDOWS\system32\WLDAP32.dll handle: 76F50000 size: 172544 crc: AA82B25F date: 2008-04-14 06:52:06
 C:\WINDOWS\system32\mswsock.dll handle: 71A30000 size: 247296 crc: AA868B0C date: 2008-06-20 17:49:25
 C:\WINDOWS\system32\hnetcfg.dll handle: 698B0000 size: 345088 crc: 8D58532C date: 2008-04-14 06:51:44
 C:\WINDOWS\System32\wshtcpip.dll handle: 71A70000 size: 19456 crc: 3807F96C date: 2008-04-14 06:52:08
 C:\WINDOWS\system32\dmstyle.dll handle: 6CF40000 size: 105984 crc: 96DC1F26 date: 2008-04-14 06:51:40
 C:\WINDOWS\system32\dmband.dll handle: 6D140000 size: 28672 crc: AB56322A date: 2008-04-14 06:51:40
 C:\WINDOWS\system32\DNSAPI.dll handle: 76F10000 size: 147968 crc: 1F52FE37 date: 2008-06-20 17:49:25
 C:\Program Files\Bonjour\mdnsNSP.dll handle: 16080000 size: 147456 crc: 65A7FBCB date: 2008-12-12 10:11:44
 C:\WINDOWS\system32\Iphlpapi.dll handle: 76D50000 size: 95744 crc: 2F843057 date: 2008-04-14 06:51:46
 C:\WINDOWS\system32\rasadhlp.dll handle: 76FB0000 size: 7680 crc: D27FFB01 date: 2008-04-14 06:51:56
 C:\WINDOWS\system32\psapi.dll handle: 76BE0000 size: 23040 crc: E668331A date: 2008-04-14 06:51:54

---- gamelog start ----
Tick 0: new game started
     Revision text changed to hcb7c1081M, savegame version 142, modified, _openttd_newgrf_version = 0x11004e32
     New game mode: 2 landscape: 1
     Added NewGRF: GRF ID 41533031, checksum 911AC4448EE52CFDF171FA358404DD23, filename: swedish_houses.1.0\swehouses.grf
     Added NewGRF: GRF ID 41495000, checksum 9D67EDB9F4C802427CED774103D12EBB, filename: swedish_town_names.1\swedishtownsw.grf
     Added NewGRF: GRF ID 27711003, checksum 4736F5DAFC7C339B4674D04D7CC73EBA, filename: 2cc_trainset-2.0.0beta3\2cctrainset.grf
     Added NewGRF: GRF ID 53455230, checksum 2DC2D1E61D811EDC5D011FAB1207C401, filename: swedish_rails-0.2.0\swedishrails.grf
     Added NewGRF: GRF ID 52453C00, checksum C5B4EC240B33E2DB8D1EA64C97898B5E, filename: ottdc_grfpack\2_landscape\stolentrees\stolentreesw_162_108.grf
     Added NewGRF: GRF ID F1250020, checksum E149C035024C30935CAC29AEA2A94A23, filename: firs_industry_replacement_set-0.2\firs.grf
     Added NewGRF: GRF ID 41501201, checksum 795227412A6D9915FD5BE1178BC161FA, filename: heqs__heavy_equipment_set_.0.6\heqs.grf
     Added NewGRF: GRF ID 414E0101, checksum 44812562894F4CBCF5F6E9DC7F7C35BE, filename: fish_ship_set-0.3\fish.grf
     Added NewGRF: GRF ID 4A430002, checksum 0728ADCB4DF2F1EB9247ABD449296F4E, filename: ottdc_grfpack\z_obsolete\indstatr\indstatrw_6.grf
     Added NewGRF: GRF ID 45530500, checksum FA231F55E8CC472EA98271F7C2AA9EFF, filename: japanese_stations-2.0a\jpstationsw.grf
     Added NewGRF: GRF ID 52455200, checksum 0E5A9C5ACD2BCAF7FA0658C3F905A660, filename: ottdc_grfpack\7_stations\ae_rura\ae_ruraw.GRF
     Added NewGRF: GRF ID 444E0400, checksum 735D3D74D5DCADBF1FD6EF7A9C5A3519, filename: vast_station_tiles-0.1.0\vast.grf
     Added NewGRF: GRF ID 52455400, checksum 1600687C50C5AB1E72EDD487CAD50E2A, filename: ottdc_grfpack\7_stations\ae_city\ae_cityw.GRF
     Added NewGRF: GRF ID 58534453, checksum 2E100BCA91DB8371CD9D57DBEC3AB0C8, filename: ottdc_grfpack\7_stations\dutchstat\dutchstatw.grf
     Added NewGRF: GRF ID 6D620601, checksum 44EB2F155862E4D4F0AB671D7021AF54, filename: ottdc_grfpack\7_stations\newstats\newstatsw.grf
     Added NewGRF: GRF ID 52571201, checksum CDE6D7FCDEB3FB2E3D6F6E9F0122C3AE, filename: ottdc_grfpack\8_vehicles\road_vehicles\grvts\egrvts.grf
     Added NewGRF: GRF ID 43415261, checksum 808FD3F3D2863F86DD18B18AA6C4E990, filename: ottdc_grfpack\4_infrastructure\naroads\NARoadsw.grf
Tick 0: game loaded
     New game mode: 1 landscape: 1
Tick 96: game loaded
     Revision text changed to r20030, savegame version 142, modified, _openttd_newgrf_version = 0x11004e3e
Tick 22154: game loaded
     Revision text changed to r20080, savegame version 143, modified, _openttd_newgrf_version = 0x11004e70
Tick 27578: game loaded
     Revision text changed to r20080, savegame version 143, not modified, _openttd_newgrf_version = 0x11004e70
Tick 19229: settings changed
     Setting changed: vehicle.never_expire_vehicles : 0 -> 1
Tick 19290: game loaded
     Revision text changed to r20080, savegame version 143, modified, _openttd_newgrf_version = 0x11004e70
Tick 62895: game loaded
     Revision text changed to r20128, savegame version 143, not modified, _openttd_newgrf_version = 0x11004ea0
---- gamelog end ----

*** End of OpenTTD Crash Report ***
