*** OpenTTD Crash Report ***
Date: 2009-01-29 12:32:17
Build: r15235 built on Jan 23 2009 19:22:07
Reason: Assertion failed at c:\openttd\compile\src\tile_map.h:71: tile < MapSize()
Language: english.lng
Exception C0000005 at 0046EC2F
Registers:
 EAX: 00CF3C98 EBX: 00000003 ECX: 0012F95C EDX: 00CF3CE3
 ESI: FFFFFFEE EDI: 00000001 EBP: 00000004 ESP: 0012FB74
 EIP: 0046EC2F EFLAGS: 00210206

Bytes at CS:EIP:
 C6 05 00 00 00 00 00 A1 A8 DA 6A 00 0F B6 04 F0 C1 E8 04 C3 53 56 8B F0

Stack trace: 
 0042CEEC 00000003 00689B24 0012FBC4 00000005 00000000 004A2CA9 0000002E
 00000005 00000003 00000000 01DA3288 00000000 00000000 0012FC10 0041BC49
 00000005 00000004 0000002E 00511900 0012FC10 004A2DB2 0012FBE4 00000000
 01DA3288 00632B1C 000007F2 004A2F5C 0000002E 0065B5DC 01DA3288 00000000
 00000D7A 0012FC14 0062057C 005E19B0 00000D5A 00000010 004A0E7D 0012FC50
 004A20DD 27A14D15 27A14D15 00DDF790 0041C83C 00DDF790 00429A91 27A14D15
 27A14D15 0012FC50 00000000 27A14D15 00000000 00000000 00420835 0012FC64
 00429CCE 27A14D15 00000000 0012FC4C 00000000 0052946D 0068A368 0061AC5C
 0012FD14 00000000 0012FC68 27A14D15 27A14D33 00000000 00000000 01DF0D0E
 0000000F 00000000 00000000 27A14D15 0000011E 0000013D 004291B6 0012FD2C
 00000001 00000001 01000001 00000000 00000000 00000000 00000000 FFFFFFFF
 0002077C 00000000 00000000 00000000 00000000 FFFFFFFF 00000000 0012FF30
 00000000 00000000 00000000 FFFFFFFF 0012FE34 006280F0 00000000 00000D49
 0012FF30 004440A3 00000001 0012FE30 FFFFFFFE 00000000 5C3A4322 676F7250
 206D6172 656C6946 704F5C73 54546E65 706F5C44 74746E65 78652E64 00200065
 003D0488 003D0498 0000000D 0000000E 003D0640 003D6C58 003D0468 00000004
 0000000C 80000000 003D0190 003D0178 00000004 00000040 003D6F08 003D015C
 00000000 00000000 003D6F08 00000020 003D6F10 00000004 003D0270 00000020
 00000498 003D0000 0012FBB4 00000080 0012FE7C 7C90E900 7C9101C0 FFFFFFFF
 7C9101BB 0058AE16 003D0000 00000000 00000018 003D6CC0 0012FEEC 0012FEF8
 0012FE0C 0058AEAC 00000018 003D6CF0 003D0168 00000000 0012FE88 005070B6
 00000018 00469E86 003D6CF8 00469F0C 003D6CC0 003D6EC8 0012FEEC 0012FD2D
 0012FC2C 003D6EF0 003D0160 00000000 00000000 003D6EF0 00000018 003D6EF8
 00000000 003D40C4 00000000 0012FEA4 00596417 003D0000 00000000 7C90D7EC

Module information:
 C:\Program Files\OpenTTD\openttd.exe handle: 00400000 size: 2582016 crc: 29300923 date: 2009-01-23 18:26:02
 C:\WINDOWS\system32\ntdll.dll handle: 7C900000 size: 706048 crc: 791555FA date: 2008-04-14 03:41:26
 C:\WINDOWS\system32\kernel32.dll handle: 7C800000 size: 989696 crc: 98CCF9A3 date: 2008-04-14 03:41:58
 C:\WINDOWS\system32\WINMM.dll handle: 76B40000 size: 176128 crc: 9676D976 date: 2008-04-14 03:42:10
 C:\WINDOWS\system32\ADVAPI32.dll handle: 77DD0000 size: 617472 crc: 78174499 date: 2008-04-14 03:41:50
 C:\WINDOWS\system32\RPCRT4.dll handle: 77E70000 size: 584704 crc: 78EC50DB date: 2008-04-14 03:42:06
 C:\WINDOWS\system32\Secur32.dll handle: 77FE0000 size: 56320 crc: 25AFC491 date: 2008-04-14 03:42:06
 C:\WINDOWS\system32\GDI32.dll handle: 77F10000 size: 286720 crc: B5F6B116 date: 2008-10-23 12:36:14
 C:\WINDOWS\system32\USER32.dll handle: 7E410000 size: 578560 crc: F7C72264 date: 2008-04-14 03:42:10
 C:\WINDOWS\system32\WS2_32.dll handle: 71AB0000 size: 82432 crc: 7C519ECA date: 2008-04-14 03:42:12
 C:\WINDOWS\system32\msvcrt.dll handle: 77C10000 size: 343040 crc: 0B7B1677 date: 2008-04-14 03:42:02
 C:\WINDOWS\system32\WS2HELP.dll handle: 71AA0000 size: 19968 crc: 3F24E096 date: 2008-04-14 03:42:12
 C:\WINDOWS\system32\IMM32.DLL handle: 76390000 size: 110080 crc: C1486DA0 date: 2008-04-14 03:41:56
 C:\WINDOWS\system32\SHFolder.dll handle: 76780000 size: 25088 crc: 8009EA65 date: 2008-04-14 03:42:06
 C:\WINDOWS\system32\SHLWAPI.dll handle: 77F60000 size: 474112 crc: 3230A338 date: 2008-04-14 03:42:06
 C:\WINDOWS\WinSxS\x86_Microsoft.Windows.Common-Controls_6595b64144ccf1df_6.0.2600.5512_x-ww_35d4ce83\comctl32.dll handle: 773D0000 size: 1054208 crc: 06939D35 date: 2008-04-14 03:42:52
 C:\WINDOWS\system32\comctl32.dll handle: 5D090000 size: 617472 crc: 519837A9 date: 2008-04-14 03:41:52
 C:\WINDOWS\system32\wdmaud.drv handle: 72D20000 size: 23552 crc: EEB914CA date: 2008-09-13 22:23:19
 C:\WINDOWS\system32\WINTRUST.dll handle: 76C30000 size: 176640 crc: 98E1211C date: 2008-04-14 03:42:10
 C:\WINDOWS\system32\CRYPT32.dll handle: 77A80000 size: 599040 crc: F04E4319 date: 2008-04-14 03:41:52
 C:\WINDOWS\system32\MSASN1.dll handle: 77B20000 size: 57344 crc: B280A6F9 date: 2008-04-14 03:42:00
 C:\WINDOWS\system32\IMAGEHLP.dll handle: 76C90000 size: 144384 crc: F7A06429 date: 2008-04-14 03:41:56
 C:\WINDOWS\system32\msacm32.drv handle: 72D10000 size: 20480 crc: D5406BAE date: 2001-08-23 12:00:00
 C:\WINDOWS\system32\MSACM32.dll handle: 77BE0000 size: 71680 crc: EDE4B266 date: 2008-04-14 03:42:00
 C:\WINDOWS\system32\midimap.dll handle: 77BD0000 size: 18944 crc: 2E6D5FD1 date: 2008-04-14 03:41:58
 C:\WINDOWS\system32\ole32.dll handle: 774E0000 size: 1287168 crc: 3908D33A date: 2008-04-14 03:42:04
 C:\WINDOWS\system32\uxtheme.dll handle: 5AD70000 size: 218624 crc: 8F4C582A date: 2008-09-13 22:22:29
 C:\WINDOWS\system32\MSCTF.dll handle: 74720000 size: 297984 crc: 392BE0B0 date: 2008-04-14 03:42:00
 C:\WINDOWS\system32\CLBCATQ.DLL handle: 76FD0000 size: 498688 crc: F43789FF date: 2008-04-14 03:41:52
 C:\WINDOWS\system32\COMRes.dll handle: 77050000 size: 792064 crc: 868482D5 date: 2008-04-14 03:41:52
 C:\WINDOWS\system32\OLEAUT32.dll handle: 77120000 size: 551936 crc: 1EE83658 date: 2008-04-14 03:42:04
 C:\WINDOWS\system32\VERSION.dll handle: 77C00000 size: 18944 crc: 558B1DAF date: 2008-04-14 03:42:10
 C:\WINDOWS\system32\dmime.dll handle: 5C570000 size: 181248 crc: A021AC64 date: 2008-04-14 03:41:54
 C:\WINDOWS\system32\DSOUND.dll handle: 73F10000 size: 367616 crc: 33C2A52C date: 2008-04-14 03:41:54
 C:\WINDOWS\system32\dmusic.dll handle: 6C980000 size: 104448 crc: E9A2B682 date: 2008-04-14 03:41:54
 C:\WINDOWS\system32\KsUser.dll handle: 73EE0000 size: 4096 crc: BD8E6BD9 date: 2008-04-14 08:41:58
 C:\WINDOWS\system32\dmsynth.dll handle: 6C9A0000 size: 103424 crc: 3E2BFB05 date: 2008-04-14 03:41:54
 C:\WINDOWS\system32\dmloader.dll handle: 6CA10000 size: 35840 crc: 9271DC2B date: 2008-04-14 03:41:54
 C:\WINDOWS\system32\msctfime.ime handle: 755C0000 size: 177152 crc: 6D3663FE date: 2008-04-14 03:40:08
 C:\WINDOWS\system32\ctagent.dll handle: 02000000 size: 8704 crc: E7BC4213 date: 2007-04-09 11:32:30
 C:\WINDOWS\system32\mswsock.dll handle: 71A50000 size: 245248 crc: FBBA0828 date: 2008-09-13 22:22:00
 C:\WINDOWS\system32\hnetcfg.dll handle: 662B0000 size: 344064 crc: 96358152 date: 2008-04-14 03:41:56
 C:\WINDOWS\System32\wshtcpip.dll handle: 71A90000 size: 19456 crc: F5533E87 date: 2008-04-14 03:42:12
 C:\WINDOWS\system32\psapi.dll handle: 76BF0000 size: 23040 crc: 75BBDCAD date: 2008-04-14 03:42:04

System information:
 Windows version 5.1 2600 Service Pack 3

---- gamelog start ----
Tick 0: new game started
     Revision text changed to r15235, savegame version 111, not modified, _openttd_newgrf_version = 0x07003b83
     New game mode: 2 landscape: 2
Tick 0: game loaded
     New game mode: 1 landscape: 2
---- gamelog end ----
