*** OpenTTD Crash Report ***

Crash at: Mon Sep 21 16:49:03 2009

Crash reason:
 Exception: C0000005
 Location:  00526A5B
 Message:   <none>

OpenTTD version:
 Version:    r17560 (0)
 NewGRF ver: 08004498
 Bits:       32
 Endian:     little
 Dedicated:  no
 Build date: Sep 17 2009 18:28:27

Registers:
 EAX: 00000000 EBX: 00000000 ECX: 000000E8 EDX: 000388A0
 ESI: 0012F9F0 EDI: 0012FA74 EBP: 0012FA3C ESP: 0012F9D8
 EIP: 00526A5B EFLAGS: 00010246

 Bytes at instruction pointer:
 8A 40 36 51 88 46 32 89 1E 89 5E 04 89 5E 08 89 5E 10 88 5E 0D 89 5E 14

Stack trace:
 006DE7C0 000000E8 00526D07 000388A0 006DE7C0 000000E8 00000000 00000000
 00000000 FF000000 00000001 00000000 00000000 000009C0 00000054 004ADF8E
 000388A0 00000000 000300E8 004C0054 00526844 005268C6 00526972 005266BF
 0052459B 0012FA60 0049078D 00000000 000000E8 00000A00 0000000B 00001C40
 00000000 0012FA74 0012FAB0 00442CEE 02AAABC0 0012FBCC 006FFAC8 00000A00
 00001C40 00000000 000388A0 00000058 00000005 00000A00 00012361 00000005
 0000000B 000388A0 00000008 00001C40 00000A00 01ADB330 0012FAD0 00443AA6
 00002482 02AAABC0 00000153 FFFFFFFF 0012FBCC 00000280 0012FB04 00443D2B
 00002482 0000251E 00000250 0012FBCC 00000153 00000000 00000280 00000250
 00000340 000000FD 00000201 0012FB34 00443DC3 00000153 00000340 00000250
 00000000 033726D8 02A2F888 00000006 00000153 000003C4 00000280 0012FB8C
 00448932 02A2F888 033726D8 00447BD2 02A2F888 02A2F888 00446E27 02A2F888
 02A2F888 02A2F888 000000FD 00542FFD DCBAABCD 00000000 0012FBB4 00542FFD
 0012FBE0 77D48BB1 7FFDF000 0012FBE0 77D48832 0012FBB4 0045FBEC 02A2F888
 0012FBCC 000000FD 0044A7EC 00000250 02A2F888 00000153 00000280 0012FBE8
 0044A84A 00000153 00000340 00000250 00000340 01ADB330 00000280 00000153
 000000C0 000000FD 00000690 00000000 0012FC38 0041B60D 00000280 00000153
 00000340 00000250 00000340 0000001B 0041B77C 00000280 00006000 00000000
 0000FFFF 000001DD 000003C8 000006C0 00000250 00D3C920 00000280 00000150
 0012FC54 0044C91D 77D4D051 23C8771A 00000000 0012FC50 77F157B8 00000000
 00543C7B 006DA8A8 00000001 0012FD14 00000000 0012FC58 23C8771A 23C87738
 00000000 00000000 000E1120 00000201 00000001 01E102E3 23C876FA 000002E3
 000001FB 0042CD2B 0012FD2C 0012FE30 00000001 00000021 01000004 00000000
 00000000 00000000 00000000 00000000 FFFFFFFF 0000FDE9 00000000 00000000

Operating system:
 Name:    Windows
 Release: 5.1.2600 (Service Pack 2)
 MSVC:    Yes

Configuration:
 Blitter:      8bpp-optimized
 Graphics set: original_windows
 Language:     english.lng
 Music driver: dmusic
 Sound driver: win32
 Sound set:    original_windows
 Video driver: win32

AI Configuration:
  0: Human
  1: AdmiralAI (v22)
  2: MedievalAI (v3)
  3: OtviAI (v283)
  4: OtviAI (v283)

Libraries:
 FreeType:   2.3.9
 ICU:        4.2.1

Module information:
 F:\GAMES\OpenTTD\openttd.exe handle: 00400000 size: 2926592 crc: AC6D4449 date: 2009-09-17 14:32:42
 C:\WINDOWS\system32\ntdll.dll handle: 7C900000 size: 708096 crc: A5A50370 date: 2004-08-03 20:56:38
 C:\WINDOWS\system32\kernel32.dll handle: 7C800000 size: 983552 crc: 63EDEAA9 date: 2004-08-03 20:56:44
 C:\WINDOWS\system32\WINMM.dll handle: 76B40000 size: 176128 crc: 123646FA date: 2004-08-03 20:56:48
 C:\WINDOWS\system32\USER32.dll handle: 77D40000 size: 577024 crc: 23C4ACD0 date: 2004-08-03 20:56:48
 C:\WINDOWS\system32\GDI32.dll handle: 77F10000 size: 278016 crc: 38A80671 date: 2004-08-03 20:56:44
 C:\WINDOWS\system32\ADVAPI32.dll handle: 77DD0000 size: 616960 crc: 5E7A2F0A date: 2004-08-03 20:56:42
 C:\WINDOWS\system32\RPCRT4.dll handle: 77E70000 size: 581120 crc: 3AE05623 date: 2004-08-03 20:56:46
 C:\WINDOWS\system32\WS2_32.dll handle: 71AB0000 size: 82944 crc: 9738CC56 date: 2004-08-03 20:56:48
 C:\WINDOWS\system32\msvcrt.dll handle: 77C10000 size: 343040 crc: 5298C0C5 date: 2004-08-03 20:56:44
 C:\WINDOWS\system32\WS2HELP.dll handle: 71AA0000 size: 19968 crc: F5DD5AB6 date: 2004-08-03 20:56:48
 C:\WINDOWS\system32\SHELL32.dll handle: 7C9C0000 size: 8384000 crc: 51CDDF32 date: 2004-08-03 20:56:46
 C:\WINDOWS\system32\SHLWAPI.dll handle: 77F60000 size: 473600 crc: 2D4FD44F date: 2004-08-03 20:56:46
 C:\WINDOWS\WinSxS\x86_Microsoft.Windows.Common-Controls_6595b64144ccf1df_6.0.2600.2180_x-ww_a84f1ff9\comctl32.dll handle: 773D0000 size: 1050624 crc: 893FE926 date: 2004-08-03 20:57:02
 C:\WINDOWS\system32\comctl32.dll handle: 5D090000 size: 611328 crc: DD782FC8 date: 2004-08-03 20:56:42
 C:\WINDOWS\system32\SHFolder.dll handle: 76780000 size: 25088 crc: 2EC7582B date: 2004-08-03 20:56:46
 C:\WINDOWS\system32\WINTRUST.dll handle: 76C30000 size: 176640 crc: 88D208BD date: 2004-08-03 20:56:48
 C:\WINDOWS\system32\CRYPT32.dll handle: 77A80000 size: 597504 crc: 971ECFAA date: 2004-08-03 20:56:42
 C:\WINDOWS\system32\MSASN1.dll handle: 77B20000 size: 57344 crc: D5127637 date: 2004-08-03 20:56:44
 C:\WINDOWS\system32\IMAGEHLP.dll handle: 76C90000 size: 144384 crc: 714A70BC date: 2004-08-03 20:56:44
 C:\WINDOWS\system32\wdmaud.drv handle: 72D20000 size: 23552 crc: 982E84EE date: 2004-08-03 21:56:58
 C:\WINDOWS\system32\msacm32.drv handle: 72D10000 size: 20480 crc: D5406BAE date: 2001-08-23 11:00:00
 C:\WINDOWS\system32\MSACM32.dll handle: 77BE0000 size: 71680 crc: 6A21891E date: 2004-08-03 20:56:44
 C:\WINDOWS\system32\midimap.dll handle: 77BD0000 size: 18944 crc: 502B5282 date: 2004-08-03 20:56:44
 C:\WINDOWS\system32\ole32.dll handle: 774E0000 size: 1281536 crc: 8A7E66C7 date: 2004-08-03 20:56:46
 C:\WINDOWS\system32\uxtheme.dll handle: 5AD70000 size: 218624 crc: 5AA98F22 date: 2004-08-03 20:56:48
 C:\WINDOWS\system32\nview.dll handle: 10000000 size: 1507328 crc: 338B394F date: 2009-06-10 04:29:32
 C:\WINDOWS\system32\PSAPI.DLL handle: 76BF0000 size: 23040 crc: 97A44A88 date: 2004-08-03 20:56:46
 C:\WINDOWS\system32\OLEAUT32.dll handle: 77120000 size: 553472 crc: 78035CFF date: 2004-08-03 20:56:46
 C:\WINDOWS\system32\VERSION.dll handle: 77C00000 size: 18944 crc: CFE439BB date: 2004-08-03 20:56:48
 C:\WINDOWS\system32\NTMARTA.DLL handle: 77690000 size: 118784 crc: 4E8FC2EA date: 2004-08-03 20:56:46
 C:\WINDOWS\system32\WLDAP32.dll handle: 76F60000 size: 172032 crc: 5FAE75A9 date: 2004-08-03 20:56:48
 C:\WINDOWS\system32\SAMLIB.dll handle: 71BF0000 size: 64000 crc: C20BD045 date: 2004-08-03 20:56:46
 C:\WINDOWS\system32\NVWRSRU.DLL handle: 011F0000 size: 315392 crc: 7E7AA110 date: 2009-06-10 04:29:36
 C:\WINDOWS\system32\MSCTF.dll handle: 74720000 size: 294400 crc: BBD2E653 date: 2004-08-03 20:56:44
 C:\WINDOWS\system32\CLBCATQ.DLL handle: 76FD0000 size: 501248 crc: 258B91EE date: 2004-08-03 20:56:42
 C:\WINDOWS\system32\COMRes.dll handle: 77050000 size: 792064 crc: 5A12B4A2 date: 2004-08-03 20:56:42
 C:\WINDOWS\system32\dmime.dll handle: 5C570000 size: 181248 crc: F18E50F8 date: 2004-08-03 20:56:44
 C:\WINDOWS\system32\DSOUND.dll handle: 73F10000 size: 367616 crc: F0EFB582 date: 2004-08-03 20:56:44
 C:\WINDOWS\system32\dmusic.dll handle: 6C980000 size: 104448 crc: 0C1C73CE date: 2004-08-03 20:56:44
 C:\WINDOWS\system32\KsUser.dll handle: 73EE0000 size: 4096 crc: 519CF22C date: 2004-08-03 21:56:44
 C:\WINDOWS\system32\dmsynth.dll handle: 6C9A0000 size: 103424 crc: ECEFF055 date: 2004-08-03 20:56:44
 C:\WINDOWS\system32\dmloader.dll handle: 6CA10000 size: 35840 crc: CCCBFD58 date: 2004-08-03 20:56:44
 C:\WINDOWS\system32\nvwddi.dll handle: 01410000 size: 81920 crc: C543DB7B date: 2009-06-10 04:29:20
 C:\Program Files\Yandex\Punto Switcher\pshook.dll handle: 08000000 size: 21800 crc: 5F6DEF32 date: 2009-08-27 17:51:35
 C:\Program Files\DrWeb\drwebsp.dll handle: 01CD0000 size: 132336 crc: C7D2CC8E date: 2009-09-07 07:11:40
 C:\WINDOWS\system32\secur32.dll handle: 77FE0000 size: 55808 crc: 5A32C057 date: 2004-08-03 20:56:46
 C:\WINDOWS\system32\msv1_0.dll handle: 77C70000 size: 129536 crc: 90FF2230 date: 2004-08-03 20:56:44
 C:\WINDOWS\system32\iphlpapi.dll handle: 76D60000 size: 94720 crc: A1D69AE7 date: 2004-08-03 20:56:44
 C:\WINDOWS\system32\mswsock.dll handle: 71A50000 size: 245248 crc: E2309390 date: 2004-08-03 20:56:46
 C:\WINDOWS\system32\hnetcfg.dll handle: 662B0000 size: 344064 crc: 6CF15ACF date: 2004-08-03 20:56:44
 C:\WINDOWS\System32\wshtcpip.dll handle: 71A90000 size: 19968 crc: B88CC0E5 date: 2004-08-03 20:56:48
 C:\Program Files\ABBYY Lingvo 12\LvHook.dll handle: 3AA00000 size: 258048 crc: D9B65660 date: 2006-12-13 21:08:20

---- gamelog start ----
Tick 0: new game started
     Revision text changed to r17560, savegame version 127, not modified, _openttd_newgrf_version = 0x08004498
     New game mode: 1 landscape: 1
     Added NewGRF: GRF ID 4D656F91, checksum F41D273AC5714577DD3A72C204B1B69B, filename: ECS(George)\ECSTownw.grf
     Added NewGRF: GRF ID 4D656F9D, checksum C6F1EB077B79F57D2CD04F3F71CB2229, filename: ECS(George)\ECSHousew.grf
     Added NewGRF: GRF ID 4D656F92, checksum CFFF044D006AFE0F9458EE02ECD6CCDE, filename: ECS(George)\ECSBasicw.grf
     Added NewGRF: GRF ID 4D656F94, checksum DD771E40DC1C383D173BF94C4E074A0D, filename: ECS(George)\ECSMachw.grf
     Added NewGRF: GRF ID 6D620601, checksum 44EB2F155862E4D4F0AB671D7021AF54, filename: newstatsw.grf
     Added NewGRF: GRF ID 4A430002, checksum 0728ADCB4DF2F1EB9247ABD449296F4E, filename: indstatrw.grf
     Added NewGRF: GRF ID 6D620004, checksum 70649F1AFC954942173B0AA89C1E8B14, filename: newshipsw.grf
     Added NewGRF: GRF ID 6D620005, checksum E4C18D726BADD37045283D24E56505FD, filename: nshp_ecs.grf
     Added NewGRF: GRF ID 6D620401, checksum C5ACB6D5536A464FD78871D91840A35F, filename: dbsetxlw.grf
     Added NewGRF: GRF ID 6D620402, checksum 66ADF9AC90D97C59ED783FEC7E9706F9, filename: dbxl_ecs.grf
     Added NewGRF: GRF ID 4D656F17, checksum 8A4F8A04256C90BECF818D134C91C816, filename: ECS(George)\4LVw.grf
     Added NewGRF: GRF ID 4A530101, checksum 30C383628E25247266049E00ABBA5B81, filename: PlaneSetw.grf
     Added NewGRF: GRF ID 56430001, checksum 22132A3BB45B0F69D81B1A6BC4DE2DE8, filename: ttrs302a-cut2-w.grf
     Added NewGRF: GRF ID 41533031, checksum 0EC9F6C68ACAAF12860E03B308D3770E, filename: swedish_houses.beta_1\swehouses.grf
Tick 13108: game loaded
     Compatible NewGRF loaded: GRF ID 4D656F94, checksum B3B5422897D9D1CA6D1E25A6C7C2013A, filename: ECS(George)\ECSMachw.grf
Tick 42950: game loaded
     Compatible NewGRF loaded: GRF ID 4D656F94, checksum E811A9B899DE5DFC31E08896E61774FC, filename: ECS(George)\ECSMachw.grf
Tick 46939: game loaded
     Compatible NewGRF loaded: GRF ID 4D656F94, checksum B272F0ABD41FCC1C2DB562A737E85E77, filename: ECS(George)\ECSMachw.grf
---- gamelog end ----

*** End of OpenTTD Crash Report ***
