*** OpenTTD Crash Report ***
Date: 2009-09-18 18:24:15
Build: 0.7.3-RC1 (0) built on Sep 13 2009 08:41:44
Language: english.lng
Exception C0000005 at 004F6A16
Registers:
 EAX: 41436F4E EBX: 01D60CB0 ECX: 0597C470 EDX: 00000001
 ESI: 0850C490 EDI: 0597C470 EBP: 0012FA6C ESP: 0012FA50
 EIP: 004F6A16 EFLAGS: 00210206

Bytes at CS:EIP:
 FF 50 08 83 7E 1C 00 75 E5 5F 56 E8 B9 00 00 00 56 E8 6B C9 09 00 59 5E

Stack trace: 
 0587C6B8 01CC6548 004E29D8 0597C4D0 0012FF78 005B0E3A 00000000 0012FA98
 004DA501 01CC6548 0066D178 01D464B8 0597C4A0 004DA4A8 01D46404 000000FF
 00000000 00000000 0012FAB8 0040B776 01D46618 0066D178 000003E8 00D46404
 01D46404 0587D860 01D46404 0040B8CC 00000000 000AE267 0012FBF0 00000000
 00000000 00408C97 775C8DF4 0009EB38 00000070 FFFFFFFF FFFFFFFF 775DF73D
 775DF7E9 00000001 00000001 00000000 00000000 0012FAC0 00000001 0012FB68
 776251BA 8E487239 FFFFFFFE 775DF7AB 775E0817 00000000 005300A8 00020296
 0000000F 00000000 00000000 00B81384 775E0822 F9077EF1 0012FC60 0012FC58
 00B81370 FFFFFFFE 775D95A9 00000000 0012FB44 0012FBA4 0012FBB0 776251BA
 8E4B8DA1 FFFFFFFE 775E0822 775E0A65 00B81370 0000000F 00000000 775E0A75
 00000000 00000000 00000000 00000000 0012FC18 774D99CE 0012FBB8 005EE8D8
 004831ED 000CDDF7 000CDDF7 0012FBDC 00483EF0 0000001E 05ABB18C 000CDDF7
 00483ED4 000CDDF7 00000090 005EE8D8 00401A75 0009EB38 000007A1 00000100
 0012FC18 0042B8E9 775C8DF4 0009EB38 0012FC18 00000000 0009EB38 00000000
 00000000 00422029 0012FC2C 0042BB34 0009EB38 00000000 0012FC18 00000000
 00530CFA 00694D94 01D1A038 0012FCDC 00000000 0012FC30 0009EB38 0009EB56
 00000000 00000000 00020296 0000000F 00000000 00000000 0009EB28 000002AA
 000002C2 0042AFB1 0012FCF4 00000001 00000001 01000004 00000000 00000000
 00000000 00000000 01D1A028 FFFFFFFF 00000000 00000000 00000000 00000000
 FFFFFFFF 00000000 0012FEF8 00000000 00000000 00000000 FFFFFFFF 0012FDFC
 00637CD0 00000000 00000000 0012FEF8 004441F7 00000001 0012FDF8 FFFFFFFE
 00000000 5C3A4322 676F7250 206D6172 656C6946 704F5C73 54546E65 706F5C44
 74746E65 78652E64 00200065 01DD9158 0012FE44 77489834 001BB5DB FFFFFFFE
 774E5B87 774E5955 774E58A6 00000018 0012FEB4 00220037 00000001 00000001

Module information:
 C:\Program Files\OpenTTD\openttd.exe handle: 00400000 size: 2641920 crc: 75650315 date: 2009-09-13 08:44:48
 C:\Windows\system32\ntdll.dll handle: 77480000 size: 1203792 crc: 7CFCEC95 date: 2008-01-19 07:38:14
 C:\Windows\system32\kernel32.dll handle: 765F0000 size: 888832 crc: 62FA7623 date: 2009-02-13 08:49:05
 C:\Windows\system32\WINMM.dll handle: 741E0000 size: 189952 crc: D22FC585 date: 2008-01-18 23:36:56
 C:\Windows\system32\msvcrt.dll handle: 75DB0000 size: 680448 crc: E5AE7FEC date: 2008-01-18 23:35:16
 C:\Windows\system32\USER32.dll handle: 775C0000 size: 627200 crc: B687ED70 date: 2008-01-19 07:36:46
 C:\Windows\system32\GDI32.dll handle: 75D60000 size: 296960 crc: AA2880BF date: 2008-10-21 05:25:18
 C:\Windows\system32\ADVAPI32.dll handle: 76500000 size: 798720 crc: F58CDFCB date: 2008-01-18 23:33:44
 C:\Windows\system32\RPCRT4.dll handle: 76140000 size: 784896 crc: 091E6675 date: 2009-04-23 12:43:04
 C:\Windows\system32\ole32.dll handle: 762A0000 size: 1315328 crc: 6B931D39 date: 2008-01-19 07:36:01
 C:\Windows\system32\OLEAUT32.dll handle: 76470000 size: 563200 crc: B69E10E1 date: 2008-01-19 07:36:01
 C:\Windows\system32\OLEACC.dll handle: 741A0000 size: 215040 crc: EF3061D3 date: 2008-01-19 07:36:01
 C:\Windows\system32\WS2_32.dll handle: 77660000 size: 179200 crc: 5D581120 date: 2008-01-18 23:37:10
 C:\Windows\system32\NSI.dll handle: 76210000 size: 8192 crc: 10729B39 date: 2008-01-19 07:35:57
 C:\Windows\system32\SHELL32.dll handle: 76830000 size: 11580928 crc: CE4BF6CB date: 2008-11-06 13:14:25
 C:\Windows\system32\SHLWAPI.dll handle: 760E0000 size: 351744 crc: F95C1869 date: 2008-01-18 23:36:30
 C:\Windows\system32\IMM32.DLL handle: 765D0000 size: 114688 crc: 57C1E0CD date: 2008-01-18 23:34:34
 C:\Windows\system32\MSCTF.dll handle: 76760000 size: 806912 crc: 66ABCC79 date: 2008-01-19 07:34:55
 C:\Windows\system32\LPK.DLL handle: 75B30000 size: 23552 crc: 3277B148 date: 2008-01-18 23:34:44
 C:\Windows\system32\USP10.dll handle: 763F0000 size: 501760 crc: 09CF36C9 date: 2008-01-19 07:36:47
 C:\Windows\WinSxS\x86_microsoft.windows.common-controls_6595b64144ccf1df_6.0.6001.18000_none_5cdbaa5a083979cc\comctl32.dll handle: 74A90000 size: 1684480 crc: 57ECDF87 date: 2008-01-19 07:26:34
 C:\Windows\system32\SHFolder.dll handle: 70CE0000 size: 7168 crc: 1CA14A5C date: 2006-11-02 09:46:13
 C:\Windows\system32\wdmaud.drv handle: 740F0000 size: 166912 crc: 5FC059D1 date: 2008-01-19 07:32:56
 C:\Windows\system32\ksuser.dll handle: 74170000 size: 4608 crc: 4C647881 date: 2006-11-02 09:46:05
 C:\Windows\system32\MMDevAPI.DLL handle: 747B0000 size: 149504 crc: 29FF5B91 date: 2008-01-19 07:34:49
 C:\Windows\system32\AVRT.dll handle: 74E20000 size: 12800 crc: EB589AA0 date: 2008-01-19 07:33:47
 C:\Windows\system32\SETUPAPI.dll handle: 75E60000 size: 1590272 crc: BB6B35BF date: 2008-01-18 23:36:26
 C:\Windows\system32\WINTRUST.dll handle: 74C80000 size: 171520 crc: EE6B6CCB date: 2008-01-18 23:36:58
 C:\Windows\system32\CRYPT32.dll handle: 75440000 size: 977408 crc: 49821E3F date: 2008-01-19 07:34:00
 C:\Windows\system32\MSASN1.dll handle: 755A0000 size: 59904 crc: 7A69072B date: 2006-11-02 09:46:06
 C:\Windows\system32\USERENV.dll handle: 759E0000 size: 108032 crc: AC76B003 date: 2008-01-19 07:36:46
 C:\Windows\system32\Secur32.dll handle: 759C0000 size: 72704 crc: ECF8151E date: 2009-06-15 15:24:05
 C:\Windows\system32\imagehlp.dll handle: 75B40000 size: 153088 crc: EEF49677 date: 2008-01-19 07:34:32
 C:\Windows\system32\AUDIOSES.DLL handle: 73E00000 size: 116224 crc: 30C70121 date: 2008-01-18 23:33:46
 C:\Windows\system32\audioeng.dll handle: 73CC0000 size: 397312 crc: 17666E45 date: 2008-01-18 23:33:46
 C:\Windows\system32\PSAPI.DLL handle: 75A90000 size: 12288 crc: D7B812C5 date: 2006-11-02 09:46:12
 C:\Windows\system32\msacm32.drv handle: 73DD0000 size: 21504 crc: 1F6A62A4 date: 2008-01-18 23:32:58
 C:\Windows\system32\MSACM32.dll handle: 73C60000 size: 71680 crc: A2E8F836 date: 2008-01-18 23:34:56
 C:\Windows\system32\midimap.dll handle: 73C50000 size: 17408 crc: 44FD6876 date: 2008-01-18 23:34:48
 C:\Windows\system32\CLBCatQ.DLL handle: 766D0000 size: 523776 crc: C2EBF5E6 date: 2008-01-19 07:33:52
 C:\Windows\system32\uxtheme.dll handle: 74810000 size: 240128 crc: 5F29223E date: 2008-01-19 07:36:47
 C:\Program Files\Logitech\SetPoint\lgscroll.dll handle: 10100000 size: 45584 crc: 25EEBFEB date: 2008-05-02 01:42:50
 C:\Windows\WinSxS\x86_microsoft.vc80.crt_1fc8b3b9a1e18e3b_8.0.50727.3053_none_d08d7bba442a9b36\MSVCR80.dll handle: 727D0000 size: 635904 crc: 4126B94A date: 2008-07-27 18:03:14
 C:\Windows\system32\NTMARTA.DLL handle: 74E50000 size: 121344 crc: 287FE5B8 date: 2008-01-19 07:35:58
 C:\Windows\system32\WLDAP32.dll handle: 77690000 size: 289280 crc: 9155A155 date: 2008-01-19 07:36:57
 C:\Windows\system32\SAMLIB.dll handle: 755C0000 size: 57344 crc: 7D288029 date: 2008-01-18 23:36:20
 C:\Windows\system32\dmime.dll handle: 65290000 size: 178688 crc: 3063C87B date: 2008-01-18 23:34:06
 C:\Windows\system32\DSOUND.dll handle: 6AD70000 size: 444416 crc: 1F6BF3CC date: 2008-01-18 23:34:08
 C:\Windows\system32\POWRPROF.dll handle: 74E30000 size: 97280 crc: 968A09AC date: 2008-01-19 07:36:07
 C:\Windows\system32\dmusic.dll handle: 65BF0000 size: 101888 crc: C5478A00 date: 2008-01-18 23:34:06
 C:\Windows\system32\dmsynth.dll handle: 66CD0000 size: 105472 crc: 246B7E26 date: 2008-01-18 23:34:06
 C:\Windows\system32\dmloader.dll handle: 6B2B0000 size: 38400 crc: 43D1875C date: 2008-01-18 23:34:06
 C:\Windows\system32\mswsock.dll handle: 75150000 size: 223232 crc: 3746AAB9 date: 2008-01-18 23:35:16
 C:\Windows\System32\wshtcpip.dll handle: 74E10000 size: 9216 crc: 10C50FC1 date: 2008-01-18 23:37:12

System information:
 Windows version 6.0 6001 Service Pack 1

---- gamelog start ----
Tick 0: new game started
     Revision text changed to 0.7.3-RC1, savegame version 116, not modified, _openttd_newgrf_version = 0x07304470
     New game mode: 1 landscape: 0
     Added NewGRF: GRF ID 56430001, checksum AF3E0A1E6EF0B98DB966594578D1775B, filename: ttrs3w.GRF
     Added NewGRF: GRF ID 4F460A02, checksum D8FF84F759520F43F24F1C2C2645F214, filename: improved_road_vehicles__for_db_s.1.0\irv.grf
     Added NewGRF: GRF ID 44440111, checksum 9B5051E70D60EF2926A249B923AFB0CA, filename: pb_ukrs.grf
     Added NewGRF: GRF ID 44442202, checksum 3DAC7433C0DA14AD3C5E8C89D73A6A2E, filename: ukrsap1w.grf
     Added NewGRF: GRF ID 4A430002, checksum 0728ADCB4DF2F1EB9247ABD449296F4E, filename: indstatrw.grf
     Added NewGRF: GRF ID 52455400, checksum 1600687C50C5AB1E72EDD487CAD50E2A, filename: ae_cityw.GRF
     Added NewGRF: GRF ID 52455200, checksum 0E5A9C5ACD2BCAF7FA0658C3F905A660, filename: ae_ruraw.GRF
     Added NewGRF: GRF ID 52455300, checksum 37C0B839B13C4B18051580C81EEDF427, filename: ae_subuw.GRF
     Added NewGRF: GRF ID 45520500, checksum 7E30CA79D5A8B3A6CBE873E26096D7D2, filename: modernsuburbanw.GRF
     Added NewGRF: GRF ID 45520600, checksum 346457CB4632554B6A175785236883E4, filename: platformsw.GRF
     Added NewGRF: GRF ID 45520400, checksum 1D00426064137AA49B6FC4F4BCFF173F, filename: brickfreightw.GRF
---- gamelog end ----
