*** OpenTTD Crash Report ***
Date: 2008-12-25 20:07:09
Build: 0.6.3 built on Oct  1 2008 17:17:30
Language: german.lng
Exception C0000005 at 004A0C0D
Registers:
 EAX: 010C1B0F EBX: 00000000 ECX: 00D4D200 EDX: 00000003
 ESI: 000040D1 EDI: 0067B530 EBP: 0012FBA0 ESP: 0012FB38
 EIP: 004A0C0D EFLAGS: 00010206

Bytes at CS:EIP:
 F6 40 3E 08 74 1A E8 83 4E F9 FF 8B 40 14 A8 01 75 05 80 4C 24 18 03 A8

Stack trace: 
 0067B530 0067B5AD 00000001 0067B5AD 00000000 00000001 00000003 004B488C
 00D363B0 0012FB8C 004B491D 00005DDB 00000002 DA6090B7 00000258 00000000
 00000002 0012FBC8 004A18D2 0067B530 0067B5AD 00000001 00BC2D18 0012FFB0
 00517E53 FFFFFFFF 0012FBC8 004990A1 00000007 00499121 01A33D51 01A33D70
 00000000 004248ED 00000000 005CF470 0012FBD8 00424BE3 00000000 0012FBC0
 00000000 004C8A28 006563A4 005CF7D0 0012FD14 00000000 00000000 01A33D70
 01A33D8E 00000000 00000000 00090686 00000113 00000001 004C7AA5 01A33D70
 000002C4 00000157 FFFFFFFE 00500A16 004358A7 00D93148 006563A4 00413675
 005CF7D0 00424146 0012FD2C 00000001 00000001 00010008 00000000 00920202
 00000059 00000000 FFFFFFFF 00000000 00000000 FFFFFFFF 0012FE34 00576AA0
 00000000 FFFFFFFF 00000000 00000000 00000000 0000FDE8 00020600 00000000
 000206C2 0012FCC4 7C82167A 00000024 FFFFFFFF 00000022 00000100 0000FDE9
 0012FD2C 00000001 00000021 0012FCF0 7C8215D3 0000FDE9 00000000 00020680
 FFFFFFFF 0012FD2C 00000104 00000000 00000000 FFFFFFFE 0012FF00 00440A7B
 0000FDE9 00000000 00020680 FFFFFFFF 0012FD2C 00000104 0000A260 0012FF30
 0044066E 00000001 0012FE30 FFFFFFFE 00000000 5C3A4422 65697053 6F5C656C
 746E6570 6F5C6474 746E6570 652E6474 20006578 00000000 0012FED4 0000000A
 0012FD70 00403C5B 00BC6C68 0000000F 0012FED4 0000000A 0012FD94 00404956
 00BC6C68 0000000F 00404961 0000000A 00BC6C64 00BC6C64 0012FED0 0012FDD4
 0040481C 0012FED0 00000000 FFFFFFFF 00BC6C58 004C7860 0012FED0 00BC6A60
 00BC69F0 00BC69F0 00BC6C58 0012FDB4 0012FE38 00517AEE 00000001 0012FE44
 004C771A 00BC6A28 004C779A 00BC69F0 0012FE88 00BC69F0 00BC6C40 00BC0168
 00000000 0000000A 0000000A 00000000 0012FE24 00501559 0012FED4 0012FE98
 0000000A 0012FE98 0000000A 0012FE3C 00403C5B 0012FED4 0012FD2D 004C76CA

Module information:
 D:\Spiele\openttd\openttd.exe handle: 00400000 size: 1730560 crc: 5206D133 date: 2008-10-01 16:20:40
 C:\WINDOWS\system32\ntdll.dll handle: 7C910000 size: 731648 crc: AC43D78D date: 2008-04-14 02:21:52
 C:\WINDOWS\system32\kernel32.dll handle: 7C800000 size: 1063424 crc: 43AD4D1C date: 2008-04-14 02:22:13
 C:\WINDOWS\system32\WINMM.dll handle: 76AF0000 size: 178176 crc: E266DD96 date: 2008-04-14 02:22:32
 C:\WINDOWS\system32\ADVAPI32.dll handle: 77DA0000 size: 678400 crc: 7DCC7171 date: 2008-04-14 02:22:07
 C:\WINDOWS\system32\RPCRT4.dll handle: 77E50000 size: 584704 crc: B8FA2036 date: 2008-04-14 02:22:23
 C:\WINDOWS\system32\Secur32.dll handle: 77FC0000 size: 56320 crc: 75202C67 date: 2008-04-14 02:22:24
 C:\WINDOWS\system32\GDI32.dll handle: 77EF0000 size: 286720 crc: 62E5D8E7 date: 2008-10-23 12:36:55
 C:\WINDOWS\system32\USER32.dll handle: 7E360000 size: 580096 crc: 89D3E1AE date: 2008-04-14 02:22:31
 C:\WINDOWS\system32\WS2_32.dll handle: 71A10000 size: 82432 crc: E04F0DBC date: 2008-04-14 02:22:32
 C:\WINDOWS\system32\msvcrt.dll handle: 77BE0000 size: 343040 crc: 88E736C3 date: 2008-04-14 02:22:18
 C:\WINDOWS\system32\WS2HELP.dll handle: 71A00000 size: 19968 crc: 495F6FD3 date: 2008-04-14 02:22:32
 C:\WINDOWS\system32\IMM32.DLL handle: 76330000 size: 110080 crc: EDBE605D date: 2008-04-14 02:22:12
 C:\WINDOWS\system32\SHFolder.dll handle: 76730000 size: 25088 crc: 2A9ECCE3 date: 2008-04-14 02:22:25
 C:\WINDOWS\system32\SHLWAPI.dll handle: 77F40000 size: 474624 crc: F8F36120 date: 2008-04-14 02:22:25
 C:\WINDOWS\WinSxS\x86_Microsoft.Windows.Common-Controls_6595b64144ccf1df_6.0.2600.5512_x-ww_35d4ce83\comctl32.dll handle: 773A0000 size: 1054208 crc: FD52368A date: 2008-04-14 02:20:11
 C:\WINDOWS\system32\comctl32.dll handle: 5D450000 size: 617472 crc: ACCB0A1D date: 2008-04-14 02:22:08
 C:\WINDOWS\system32\wdmaud.drv handle: 72C90000 size: 23552 crc: AA8C6F26 date: 2008-04-14 02:23:08
 C:\WINDOWS\system32\WINTRUST.dll handle: 76BF0000 size: 176640 crc: D6727A9A date: 2008-04-14 02:22:32
 C:\WINDOWS\system32\CRYPT32.dll handle: 77A50000 size: 604160 crc: 02332DFE date: 2008-04-14 02:22:08
 C:\WINDOWS\system32\MSASN1.dll handle: 77AF0000 size: 57344 crc: F455D5C5 date: 2008-04-14 02:22:16
 C:\WINDOWS\system32\IMAGEHLP.dll handle: 76C50000 size: 144384 crc: 5CC92799 date: 2008-04-14 02:22:12
 C:\WINDOWS\system32\msacm32.drv handle: 72C80000 size: 20992 crc: E6F1E346 date: 2007-07-27 12:00:00
 C:\WINDOWS\system32\MSACM32.dll handle: 77BB0000 size: 72192 crc: F5983F18 date: 2008-04-14 02:22:15
 C:\WINDOWS\system32\midimap.dll handle: 77BA0000 size: 18944 crc: 6E74A717 date: 2008-04-14 02:22:14
 C:\WINDOWS\system32\ole32.dll handle: 774B0000 size: 1287680 crc: B2FE9A6A date: 2008-04-14 02:22:23
 C:\DOKUME~1\Robert\LOKALE~1\Temp\IadHide5.dll handle: 10000000 size: 24613 crc: 00DA0BB6 date: 2008-11-16 17:54:39
 C:\WINDOWS\system32\MSCTF.dll handle: 746A0000 size: 297984 crc: 42CB9401 date: 2008-04-14 02:22:16
 C:\WINDOWS\system32\CLBCATQ.DLL handle: 76F90000 size: 498688 crc: 423AB384 date: 2008-04-14 02:22:07
 C:\WINDOWS\system32\COMRes.dll handle: 77010000 size: 846848 crc: E513A9A0 date: 2008-04-14 02:22:08
 C:\WINDOWS\system32\OLEAUT32.dll handle: 770F0000 size: 551936 crc: 9BD88917 date: 2008-04-14 02:22:23
 C:\WINDOWS\system32\VERSION.dll handle: 77BD0000 size: 18944 crc: 5D52A980 date: 2008-04-14 02:22:31
 C:\WINDOWS\system32\dmime.dll handle: 5C900000 size: 181248 crc: D19C00C9 date: 2008-04-14 02:22:09
 C:\WINDOWS\system32\DSOUND.dll handle: 73E70000 size: 367616 crc: E4D652D0 date: 2008-04-14 02:22:09
 C:\WINDOWS\system32\dmusic.dll handle: 6CE60000 size: 104448 crc: 5016B6A2 date: 2008-04-14 02:22:09
 C:\WINDOWS\system32\KsUser.dll handle: 73E40000 size: 4096 crc: 80E8F1DA date: 2008-04-14 02:22:13
 C:\WINDOWS\system32\dmsynth.dll handle: 6CE80000 size: 103424 crc: 089F2F8F date: 2008-04-14 02:22:09
 C:\WINDOWS\system32\dmloader.dll handle: 6CEF0000 size: 35840 crc: 10E5FAB8 date: 2008-04-14 02:22:09
 C:\WINDOWS\system32\msctfime.ime handle: 75250000 size: 177152 crc: DEA68E02 date: 2008-04-14 02:20:58
 C:\WINDOWS\system32\mswsock.dll handle: 719B0000 size: 247296 crc: 7968A1E7 date: 2008-04-14 02:22:18
 C:\WINDOWS\system32\hnetcfg.dll handle: 66710000 size: 348672 crc: 1EE21C3A date: 2008-04-14 02:22:11
 C:\WINDOWS\System32\wshtcpip.dll handle: 719F0000 size: 19456 crc: 26C346BD date: 2008-04-14 02:22:32
 C:\WINDOWS\system32\psapi.dll handle: 76BB0000 size: 23040 crc: 38CB6558 date: 2008-04-14 02:22:23

System information:
 Windows version 5.1 2600 Service Pack 3
