*** OpenTTD Crash Report ***

Crash at: Sun Feb 07 03:32:10 2010
In game date: 2053-06-25 (13)

Crash reason:
 Exception: C0000005
 Location:  00532997
 Message:   <none>

OpenTTD version:
 Version:    1.0.0-beta4 (0)
 NewGRF ver: 10004a40
 Bits:       32
 Endian:     little
 Dedicated:  no
 Build date: Feb  4 2010 17:34:50

Registers:
 EAX: 02851DB8 EBX: 027EB0D0 ECX: 00000000 EDX: 00000000
 ESI: 00000000 EDI: 02851DB8 EBP: 0012EA54 ESP: 0012E238
 EIP: 00532997 EFLAGS: 00010246

 Bytes at instruction pointer:
 8B 46 08 85 C0 75 06 89 7E 08 C3 8B 00 83 38 00 75 F9 89 38 C3 80 7F 14

Stack trace:
 00428CAE 00000001 00000800 00405E3F 00000001 0012E254 006FDAD0 202A2A2A
 65746550 61682072 656C2073 74207466 67206568 20656D61 63696B28 2064656B
 73207962 65767265 65002972 00002972 00000020 00000000 0012F2E0 00419EB5
 007C5EB6 0000006C 00000001 00000033 00000002 0000000B 00000000 00000000
 02794BCC 0000006B 00000020 00000000 00000001 00000002 00000089 00000001
 0000009E 0012E42E 0032E03F 00740035 00200068 0075004A 0041AA0F 0012E328
 00000001 00000000 0012F3E8 00775FAC 00000000 00000002 07FA07C8 00000000
 00000000 00000007 00000006 00000006 02990530 00775FD0 00000000 00000000
 00000006 00000007 00000006 00000007 000000DA 0000026B 00000000 00000500
 00000000 0012E380 0041A529 FFFFFBE0 00775FAC 0041A533 0000000D 007C5E98
 0000000D 0000010B 0012F3D0 00419EB5 007C5EF4 000000E0 00000269 00000073
 00000000 00000068 00000147 00000003 02794BCC 000000DF 0000000D 00000000
 00000000 0000000D 000002C5 00000269 00000000 0012EF1C 0041005B 006C006C
 0020005D 00650053 00760072 00720065 0020003A 0073E03F 00750068 00200074
 00700075 0020002C 00200049 00610073 00200077 006F0079 00200075 006C0062
 0063006F 0020006B 00680043 00690072 00000073 00760072 00720065 00200027
 00630020 006D006F 00610070 0079006E 0020003A 00350032 00200035 00490020
 003A0050 00300020 0030002E 0030002E 0030002E 00390000 0032002E 00390032
 0032002E 00330035 FFFF0000 0000000D 00000000 FFFFFFFF 00000000 00000000
 00000000 00000000 00000000 00000000 00000000 00000000 00000000 00000000
 00000000 00000000 00000000 00000000 00000000 00000000 00000000 00000000
 00000000 00000000 00000000 00000000 00000000 00000000 00000000 00000000
 00000000 00000000 00000000 00000000 00000000 00000000 00000000 00000000
 00000000 00000000 00000000 00000000 00000000 00000000 00000000 00000000

Operating system:
 Name:     Windows
 Release:  6.0.6002 (Service Pack 2)
 Compiler: MSVC 1500

Configuration:
 Blitter:      null
 Graphics set: original_windows
 Language:     english_US.lng
 Music driver: null
 Music set:    original_windows
 Network:      server
 Sound driver: null
 Sound set:    original_windows
 Video driver: dedicated

AI Configuration (local: 255):
  0: Human
  1: Human

Libraries:
 FreeType:   2.3.11
 ICU:        4.2.1
 LZO:        2.03
 PNG:        1.2.40
 Zlib:       1.2.3

Module information:
 C:\Program Files\OpenTTD\openttd.exe handle: 00400000 size: 3655680 crc: 278B9B41 date: 2010-02-04 17:37:50
 C:\Windows\system32\ntdll.dll handle: 77D40000 size: 1202168 crc: 11EF8EE5 date: 2009-04-11 06:27:49
 C:\Windows\system32\kernel32.dll handle: 77800000 size: 891392 crc: 1164F2B3 date: 2009-04-11 06:28:20
 C:\Windows\system32\WINMM.dll handle: 749E0000 size: 189952 crc: 3E8CBFF5 date: 2009-04-11 06:28:25
 C:\Windows\system32\msvcrt.dll handle: 77750000 size: 679936 crc: B0E5331E date: 2009-04-11 06:28:22
 C:\Windows\system32\USER32.dll handle: 774E0000 size: 627712 crc: 80F0F3C5 date: 2009-04-11 06:28:25
 C:\Windows\system32\GDI32.dll handle: 77F50000 size: 297472 crc: 69625D80 date: 2009-04-11 06:28:19
 C:\Windows\system32\ADVAPI32.dll handle: 76580000 size: 800768 crc: D7864B03 date: 2009-04-11 06:28:17
 C:\Windows\system32\RPCRT4.dll handle: 77E70000 size: 784896 crc: 35185859 date: 2009-04-23 12:15:07
 C:\Windows\system32\ole32.dll handle: 77390000 size: 1316864 crc: CB56BE6B date: 2009-04-11 06:28:23
 C:\Windows\system32\OLEAUT32.dll handle: 77BE0000 size: 563712 crc: 12E9F438 date: 2009-04-11 06:28:23
 C:\Windows\system32\OLEACC.dll handle: 749A0000 size: 234496 crc: 82CE51D9 date: 2009-10-08 21:08:01
 C:\Windows\system32\WS2_32.dll handle: 77960000 size: 179200 crc: 5D581120 date: 2008-01-21 02:24:48
 C:\Windows\system32\NSI.dll handle: 77F40000 size: 8192 crc: 10729B39 date: 2008-01-21 02:24:47
 C:\Windows\system32\SHELL32.dll handle: 767C0000 size: 11584000 crc: 766AA8BB date: 2009-04-11 06:28:24
 C:\Windows\system32\SHLWAPI.dll handle: 77990000 size: 353280 crc: 681AC986 date: 2009-04-11 06:28:24
 C:\Windows\system32\IMM32.DLL handle: 77940000 size: 114688 crc: 8D83D50A date: 2009-04-11 06:28:20
 C:\Windows\system32\MSCTF.dll handle: 77C70000 size: 807424 crc: 78787E19 date: 2009-04-11 06:28:20
 C:\Windows\system32\LPK.DLL handle: 778E0000 size: 23552 crc: 2E03F135 date: 2009-06-15 14:52:42
 C:\Windows\system32\USP10.dll handle: 76740000 size: 502272 crc: 33F7104F date: 2009-04-11 06:28:25
 C:\Windows\system32\avgrsstx.dll handle: 6C1B0000 size: 11952 crc: FFA7C6BD date: 2009-09-04 18:48:47
 C:\Windows\WinSxS\x86_microsoft.windows.common-controls_6595b64144ccf1df_6.0.6002.18005_none_5cb72f96088b0de0\comctl32.dll handle: 74EB0000 size: 1686016 crc: 1453762E date: 2009-04-11 06:21:38
 C:\Windows\system32\SHFolder.dll handle: 72120000 size: 7168 crc: 1CA14A5C date: 2006-11-02 09:46:13
 C:\Windows\system32\mswsock.dll handle: 75950000 size: 223232 crc: 9C4248CA date: 2009-04-11 06:28:22
 C:\Windows\System32\wshtcpip.dll handle: 75630000 size: 9216 crc: 10C50FC1 date: 2008-01-21 02:24:04
 C:\Windows\System32\wship6.dll handle: 75A00000 size: 9216 crc: 2CDA59E0 date: 2008-01-21 02:24:04
 C:\Windows\system32\NLAapi.dll handle: 750C0000 size: 48128 crc: 75FBFFE9 date: 2008-01-21 02:23:44
 C:\Windows\system32\IPHLPAPI.DLL handle: 75BF0000 size: 91648 crc: CB154186 date: 2009-04-11 06:28:20
 C:\Windows\system32\dhcpcsvc.DLL handle: 75BB0000 size: 204288 crc: 6DA3137F date: 2009-04-11 06:28:18
 C:\Windows\system32\DNSAPI.dll handle: 75E40000 size: 168448 crc: A47DAF91 date: 2009-04-11 06:28:18
 C:\Windows\system32\Secur32.dll handle: 76280000 size: 72704 crc: C962EC8E date: 2009-06-15 14:53:43
 C:\Windows\system32\WINNSI.DLL handle: 75BA0000 size: 14848 crc: 83F00BFD date: 2008-01-21 02:24:47
 C:\Windows\system32\dhcpcsvc6.DLL handle: 75B70000 size: 130560 crc: 00C1059D date: 2009-04-11 06:28:18
 C:\Windows\system32\napinsp.dll handle: 72A90000 size: 50176 crc: F36C6F56 date: 2008-01-21 02:24:29
 C:\Windows\system32\pnrpnsp.dll handle: 72A50000 size: 62464 crc: EF01DBE4 date: 2008-01-21 02:25:26
 C:\Program Files\Bonjour\mdnsNSP.dll handle: 16080000 size: 147456 crc: 65A7FBCB date: 2008-12-12 16:11:44
 C:\Windows\System32\winrnr.dll handle: 72A80000 size: 19968 crc: 525FD6C9 date: 2009-04-11 06:28:25
 C:\Windows\system32\WLDAP32.dll handle: 778F0000 size: 287744 crc: 4F6B6725 date: 2009-04-11 06:28:25
 C:\Windows\system32\PSAPI.DLL handle: 76350000 size: 12288 crc: D7B812C5 date: 2006-11-02 09:46:12
 C:\Windows\system32\rasadhlp.dll handle: 736D0000 size: 10240 crc: D5AE0AAA date: 2006-11-02 09:46:12

---- gamelog start ----
Tick 0: new game started
     Revision text changed to 1.0.0-beta4, savegame version 138, not modified, _openttd_newgrf_version = 0x10004a40
     New game mode: 1 landscape: 0
---- gamelog end ----

*** End of OpenTTD Crash Report ***
