*** OpenTTD Crash Report ***
Date: 2009-09-03 02:11:48
Build: r17384 (0) built on Sep  2 2009 18:26:09
Language: english_US.lng
Exception C0000005 at 004E05B6
Registers:
 EAX: 00002000 EBX: 0013F804 ECX: 01000001 EDX: 00CC0608
 ESI: 01FB5148 EDI: 0000040A EBP: 0013F850 ESP: 0013F7DC
 EIP: 004E05B6 EFLAGS: 00010206

Bytes at CS:EIP:
 89 08 F7 00 00 00 00 08 8B 4B 04 89 48 04 74 03 FF 41 04 FF 46 04 39 7E

Stack trace: 
 01000001 01FB5130 004EDDA8 020665B0 000003F5 01FB5130 004ED995 0013F838
 02061CF0 00000002 01000001 00000000 000003F7 00000000 00000000 00000000
 00000000 00000000 00000000 00000002 00000005 00000001 00000001 00000000
 00000000 57C11239 0013F8F8 005CD934 00000002 0013F904 004EEEF1 01FB5130
 020AC5A0 00000001 000003F2 0068BD00 01FB5130 00000000 000003E9 00000000
 00000000 00000000 00000000 00000000 00000000 00000000 00000000 00000000
 00000000 00000000 00000000 05000002 00000001 00000000 00000000 00000000
 00000000 00000000 00000000 00000000 00000000 08000100 020AC5A0 0000FDE8
 0068BDFD 000003F5 0068BD00 01FB51C0 00000000 01FB5130 0013F86C 0013F94C
 005CDEA0 00000002 0013F958 004F1123 01FB7160 000003F0 000003F2 00000001
 0013F980 00000001 00000000 01FB5130 00000001 000003E9 0013F950 02074F10
 004DEED9 01FB5130 01FB7158 01FB7160 0013F9EC 005CC998 FFFFFFFF 0013F988
 004DFED8 01FB7160 00000001 000003F0 0013F980 00000001 00000000 0013F9D4
 00E01340 01000001 00000000 0013F9AC 004DDF64 00000001 00000001 00DB6A40
 0068BDFC 01FB2170 0000000A 01FB2170 0013F9F8 004FB776 0A008000 0204B950
 0068BDFC 0013F9D4 FFFFFFFF 00E013F8 01FB2180 00000000 00634FB8 006E4FF0
 00000000 0013F901 01FB5130 0013F9C8 0013FAFC 005CE9AD 00000000 0013FA38
 004F2361 00DB6A40 00000000 006E4FF0 004D0B11 00000000 4149504C 00000001
 004D0CA8 004D7F94 00634FE0 004D0CD0 004D0A93 0013FA34 00000000 0013FB08
 004D812F 00632F64 00000000 000005F0 004D817F 0013FB28 006B78A8 00000000
 004D9087 0013FB28 00000104 00000000 00030000 7FFDF000 00000000 0013FA6C
 000039AA 5D011433 37000001 00000000 000003ED 57BB5E2D 0013FAD8 005B29F9
 0013FAB8 00675E54 00000000 0013FB14 0013FB28 00000104 00000000 0013FB35
 000000F6 0013FB28 00000042 7E368734 000F088E 0000000F 00000000 0013FAF4

Module information:
 F:\Games\OpenTTD\__Trunk\openttd.exe handle: 00400000 size: 2903040 crc: 57680DE9 date: 2009-09-02 16:30:40
 C:\WINDOWS\system32\ntdll.dll handle: 7C900000 size: 719360 crc: C2922BE4 date: 2009-02-09 10:53:27
 C:\WINDOWS\system32\kernel32.dll handle: 7C800000 size: 1006080 crc: 324D70EE date: 2009-03-21 14:08:56
 C:\WINDOWS\system32\WINMM.dll handle: 76B30000 size: 177152 crc: 75A21A25 date: 2008-04-14 08:05:40
 C:\WINDOWS\system32\ADVAPI32.dll handle: 77DC0000 size: 682496 crc: E7107469 date: 2009-02-09 10:53:27
 C:\WINDOWS\system32\RPCRT4.dll handle: 77E70000 size: 585216 crc: B0451EEF date: 2009-04-15 14:53:54
 C:\WINDOWS\system32\Secur32.dll handle: 77FE0000 size: 56832 crc: 108486A9 date: 2009-06-25 08:26:49
 C:\WINDOWS\system32\GDI32.dll handle: 77F10000 size: 286720 crc: 9D41CF87 date: 2008-10-23 12:41:58
 C:\WINDOWS\system32\USER32.dll handle: 7E360000 size: 578560 crc: B6D93299 date: 2008-04-14 08:05:38
 C:\WINDOWS\system32\WS2_32.dll handle: 71A80000 size: 82432 crc: D560F807 date: 2008-04-14 08:05:40
 C:\WINDOWS\system32\msvcrt.dll handle: 77C00000 size: 343040 crc: 4DAD5BA4 date: 2008-04-14 08:05:28
 C:\WINDOWS\system32\WS2HELP.dll handle: 71A70000 size: 19968 crc: 153CEF33 date: 2008-04-14 08:05:40
 C:\WINDOWS\system32\SHELL32.dll handle: 7C9C0000 size: 8473088 crc: AD0FF91C date: 2008-06-17 19:02:39
 C:\WINDOWS\system32\SHLWAPI.dll handle: 77F60000 size: 474112 crc: AA58A5F4 date: 2008-04-14 08:05:32
 C:\WINDOWS\system32\IMM32.DLL handle: 76370000 size: 110080 crc: 00D02E31 date: 2008-04-14 08:05:22
 C:\WINDOWS\WinSxS\x86_Microsoft.Windows.Common-Controls_6595b64144ccf1df_6.0.2600.5512_x-ww_35d4ce83\comctl32.dll handle: 773C0000 size: 1054208 crc: D4F50C8C date: 2008-04-14 08:03:38
 C:\WINDOWS\system32\comctl32.dll handle: 5D5A0000 size: 617472 crc: A0148E16 date: 2008-04-14 08:05:20
 C:\WINDOWS\system32\SHFolder.dll handle: 76770000 size: 25088 crc: 04790D92 date: 2008-04-14 08:05:32
 C:\WINDOWS\system32\wdmaud.drv handle: 72CD0000 size: 23552 crc: 1E5852DA date: 2008-04-14 08:06:10
 C:\WINDOWS\system32\WINTRUST.dll handle: 76C20000 size: 176640 crc: AF3256F0 date: 2008-04-14 08:05:40
 C:\WINDOWS\system32\CRYPT32.dll handle: 77A70000 size: 602112 crc: 66AA1A81 date: 2008-04-14 08:05:20
 C:\WINDOWS\system32\MSASN1.dll handle: 77B10000 size: 57344 crc: 580370EF date: 2008-04-14 08:05:26
 C:\WINDOWS\system32\IMAGEHLP.dll handle: 76C80000 size: 144384 crc: 6C0A91D3 date: 2008-04-14 08:05:22
 C:\WINDOWS\system32\msacm32.drv handle: 72CC0000 size: 20480 crc: E15F7342 date: 2001-10-09 12:00:00
 C:\WINDOWS\system32\MSACM32.dll handle: 77BD0000 size: 71680 crc: 780B6664 date: 2008-04-14 08:05:26
 C:\WINDOWS\system32\midimap.dll handle: 77BC0000 size: 18944 crc: 834B2EAA date: 2008-04-14 08:05:26
 C:\WINDOWS\system32\ole32.dll handle: 774D0000 size: 1287168 crc: 7BFC4AF7 date: 2008-04-14 08:05:32
 C:\WINDOWS\system32\uxtheme.dll handle: 5B250000 size: 219136 crc: C9C83E95 date: 2008-04-14 08:05:38
 C:\WINDOWS\system32\MSCTF.dll handle: 746E0000 size: 297984 crc: 1C2D809E date: 2008-04-14 08:05:26
 C:\Programmer\Logitech\SetPoint\lgscroll.dll handle: 10100000 size: 45584 crc: 94D1DEDF date: 2009-02-18 22:31:16
 C:\WINDOWS\WinSxS\x86_Microsoft.VC80.CRT_1fc8b3b9a1e18e3b_8.0.50727.3053_x-ww_b80fa8ca\MSVCR80.dll handle: 78130000 size: 635904 crc: 4126B94A date: 2008-07-25 10:17:20
 C:\WINDOWS\system32\NTMARTA.DLL handle: 77680000 size: 119296 crc: EDA4BC03 date: 2008-04-14 08:05:30
 C:\WINDOWS\system32\SAMLIB.dll handle: 71BC0000 size: 64000 crc: 4288557F date: 2008-04-14 08:05:32
 C:\WINDOWS\system32\WLDAP32.dll handle: 76F50000 size: 172544 crc: 96AB0B14 date: 2008-04-14 08:05:40
 C:\WINDOWS\system32\CLBCATQ.DLL handle: 76FC0000 size: 498688 crc: A6D46637 date: 2008-04-14 08:05:20
 C:\WINDOWS\system32\COMRes.dll handle: 77040000 size: 804352 crc: 6C98E6E1 date: 2008-04-14 08:05:20
 C:\WINDOWS\system32\OLEAUT32.dll handle: 77110000 size: 551936 crc: 549AA2B7 date: 2008-04-14 08:05:32
 C:\WINDOWS\system32\VERSION.dll handle: 77BF0000 size: 18944 crc: E401A036 date: 2008-04-14 08:05:38
 C:\WINDOWS\system32\dmime.dll handle: 60D60000 size: 181248 crc: A4C4DC2A date: 2008-04-14 08:05:22
 C:\WINDOWS\system32\DSOUND.dll handle: 73EC0000 size: 367616 crc: 90CBF586 date: 2008-04-14 08:05:22
 C:\WINDOWS\system32\dmusic.dll handle: 6CF00000 size: 104448 crc: 18779733 date: 2008-04-14 08:05:22
 C:\WINDOWS\system32\KsUser.dll handle: 73E90000 size: 4096 crc: 6CE6DBBE date: 2008-04-14 07:05:24
 C:\WINDOWS\system32\dmsynth.dll handle: 6CF20000 size: 103424 crc: 7269ED73 date: 2008-04-14 08:05:22
 C:\WINDOWS\system32\dmloader.dll handle: 6CF90000 size: 35840 crc: C33B5E62 date: 2008-04-14 08:05:22
 C:\WINDOWS\system32\apphelp.dll handle: 77B30000 size: 125952 crc: 78686056 date: 2008-04-14 08:05:20
 C:\WINDOWS\system32\msctfime.ime handle: 75190000 size: 177152 crc: D3EEDE4A date: 2008-04-14 08:04:18
 C:\WINDOWS\system32\mswsock.dll handle: 71A20000 size: 246784 crc: BC367305 date: 2008-06-20 17:48:23
 C:\WINDOWS\system32\hnetcfg.dll handle: 62F70000 size: 346112 crc: FCF9E6D0 date: 2008-04-14 08:05:22
 C:\WINDOWS\System32\wshtcpip.dll handle: 71A60000 size: 19456 crc: 25DD512A date: 2008-04-14 08:05:40
 C:\WINDOWS\system32\psapi.dll handle: 76BE0000 size: 23040 crc: CA2B69D6 date: 2008-04-14 08:05:32

System information:
 Windows version 5.1 2600 Service Pack 3

---- gamelog start ----
Tick 0: new game started
     Revision text changed to 0.7.1, savegame version 116, not modified, _openttd_newgrf_version = 0x0718409c
     New game mode: 1 landscape: 0
Tick 26349: game loaded
     Revision text changed to 0.7.2-RC1, savegame version 116, not modified, _openttd_newgrf_version = 0x072041c4
Tick 19364: game loaded
     Revision text changed to 0.7.2, savegame version 116, not modified, _openttd_newgrf_version = 0x07284272
Tick 58012: game loaded
     Revision text changed to r17384, savegame version 125, not modified, _openttd_newgrf_version = 0x080043e8
---- gamelog end ----
