**********

Host Name:      philipp-kirchhofers-computer
Date/Time:      2006-12-22 19:33:35.630 +0100
OS Version:     10.4.8 (Build 8N1106)
Report Version: 4

Command: openttd
Path:    /Users/philipp/Desktop/OpenTTD 0.5.0-rc1/OpenTTD.app/Contents/MacOS/openttd
Parent:  WindowServer [58]

Version: 0.5.0-RC1 (0.5.0-RC1)

PID:    315
Thread: 0

Exception:  EXC_BAD_ACCESS (0x0001)
Codes:      KERN_INVALID_ADDRESS (0x0001) at 0xb2690000

Thread 0 Crashed:
0   org.openttd.openttd       	0x00007802 QZ_DrawWindow + 321 (cocoa_v.m:980)
1   org.openttd.openttd       	0x00008c0a QZ_Draw + 33 (cocoa_v.m:1586)
2   org.openttd.openttd       	0x00006c80 QZ_GameLoop + 469 (cocoa_v.m:726)
3   org.openttd.openttd       	0x0000921f -[OTTDMain applicationDidFinishLaunching:] + 17 (cocoa_v.m:1824)
4   com.apple.Foundation      	0x925f0207 _nsnote_callback + 230
5   com.apple.CoreFoundation  	0x908543f6 __CFXNotificationPost + 345
6   com.apple.CoreFoundation  	0x9084bc11 _CFXNotificationPostNotification + 600
7   com.apple.Foundation      	0x925e8860 -[NSNotificationCenter postNotificationName:object:userInfo:] + 121
8   com.apple.Foundation      	0x925ef755 -[NSNotificationCenter postNotificationName:object:] + 55
9   com.apple.AppKit          	0x93281e94 -[NSApplication _postDidFinishNotification] + 124
10  com.apple.AppKit          	0x93281d7e -[NSApplication _sendFinishLaunchingNotification] + 67
11  com.apple.AppKit          	0x9328187d -[NSApplication(NSAppleEventHandling) _handleAEOpen:] + 273
12  com.apple.AppKit          	0x93281448 -[NSApplication(NSAppleEventHandling) _handleCoreEvent:withReplyEvent:] + 96
13  com.apple.Foundation      	0x925f5ef1 -[NSAppleEventManager dispatchRawAppleEvent:withRawReply:handlerRefCon:] + 447
14  com.apple.Foundation      	0x925f5d1b _NSAppleEventManagerGenericHandler + 91
15  com.apple.AE              	0x9151f6c5 aeDispatchAppleEvent(AEDesc const*, AEDesc*, unsigned long, unsigned char*) + 147
16  com.apple.AE              	0x9151f5f6 dispatchEventAndSendReply(AEDesc const*, AEDesc*) + 44
17  com.apple.AE              	0x9151f4c2 aeProcessAppleEvent + 190
18  com.apple.HIToolbox       	0x92ddd340 AEProcessAppleEvent + 37
19  com.apple.AppKit          	0x9327f63d _DPSNextEvent + 1044
20  com.apple.AppKit          	0x9327f056 -[NSApplication nextEventMatchingMask:untilDate:inMode:dequeue:] + 137
21  com.apple.AppKit          	0x93278ddb -[NSApplication run] + 512
22  org.openttd.openttd       	0x00009994 CocoaVideoMainLoop + 63 (cocoa_v.m:1991)
23  org.openttd.openttd       	0x000729c0 ttd_main + 1841 (openttd.c:510)
24  org.openttd.openttd       	0x001040c8 main + 166 (unix.c:159)
25  org.openttd.openttd       	0x000024ce _start + 216
26  org.openttd.openttd       	0x000023f5 start + 41

Thread 1:
0   libSystem.B.dylib         	0x90009857 mach_msg_trap + 7
1   com.apple.CoreFoundation  	0x9082b2f3 CFRunLoopRunSpecific + 2014
2   com.apple.CoreFoundation  	0x9082ab0e CFRunLoopRunInMode + 61
3   com.apple.audio.CoreAudio 	0x9146541e HALRunLoop::OwnThread(void*) + 158
4   com.apple.audio.CoreAudio 	0x91465239 CAPThread::Entry(CAPThread*) + 93
5   libSystem.B.dylib         	0x90023d87 _pthread_body + 84

Thread 2:
0   libSystem.B.dylib         	0x90048a47 semaphore_timedwait_signal_trap + 7
1   com.apple.audio.CoreAudio 	0x9147265c CAGuard::WaitFor(unsigned long long) + 212
2   com.apple.audio.CoreAudio 	0x9147257e CAGuard::WaitUntil(unsigned long long) + 66
3   com.apple.audio.CoreAudio 	0x91470efa HP_IOThread::WorkLoop() + 690
4   com.apple.audio.CoreAudio 	0x91470c43 HP_IOThread::ThreadEntry(HP_IOThread*) + 17
5   com.apple.audio.CoreAudio 	0x91465239 CAPThread::Entry(CAPThread*) + 93
6   libSystem.B.dylib         	0x90023d87 _pthread_body + 84

Thread 0 crashed with X86 Thread State (32-bit):
  eax: 0xff642814    ebx: 0x000076d2 ecx: 0xb2690000 edx: 0x00000000
  edi: 0x00000000    esi: 0x163cb000 ebp: 0xbfffef98 esp: 0xbfffeee0
   ss: 0x0000001f    efl: 0x00010206 eip: 0x00007802  cs: 0x00000017
   ds: 0x0000001f     es: 0x0000001f  fs: 0x00000000  gs: 0x00000037

Binary Images Description:
    0x1000 -   0x16efff org.openttd.openttd 0.5.0-RC1	/Users/philipp/Desktop/OpenTTD 0.5.0-rc1/OpenTTD.app/Contents/MacOS/openttd
  0x755000 -   0x7c6fff com.DivXInc.DivXDecoder 6.2.5	/Library/QuickTime/DivX Decoder.component/Contents/MacOS/DivX Decoder
 0x1060000 -  0x1065fff com.apple.audio.AppleHDAHALPlugIn 1.2.7 (1.2.7a11)	/System/Library/Extensions/AppleHDA.kext/Contents/PlugIns/AppleHDAHALPlugIn.bundle/Contents/MacOS/AppleHDAHALPlugIn
0x70000000 - 0x700f9fff com.apple.audio.units.Components 1.4.3	/System/Library/Components/CoreAudio.component/Contents/MacOS/CoreAudio
0x8fe00000 - 0x8fe49fff dyld 46.9	/usr/lib/dyld
0x90000000 - 0x9016ffff libSystem.B.dylib 	/usr/lib/libSystem.B.dylib
0x901bf000 - 0x901c1fff libmathCommon.A.dylib 	/usr/lib/system/libmathCommon.A.dylib
0x901c3000 - 0x90200fff com.apple.CoreText 1.1.1 (???)	/System/Library/Frameworks/ApplicationServices.framework/Versions/A/Frameworks/CoreText.framework/Versions/A/CoreText
0x90227000 - 0x902fdfff ATS 	/System/Library/Frameworks/ApplicationServices.framework/Versions/A/Frameworks/ATS.framework/Versions/A/ATS
0x9031d000 - 0x90772fff com.apple.CoreGraphics 1.258.51 (???)	/System/Library/Frameworks/ApplicationServices.framework/Versions/A/Frameworks/CoreGraphics.framework/Versions/A/CoreGraphics
0x90809000 - 0x908d1fff com.apple.CoreFoundation 6.4.6 (368.27)	/System/Library/Frameworks/CoreFoundation.framework/Versions/A/CoreFoundation
0x9090f000 - 0x9090ffff com.apple.CoreServices 10.4 (???)	/System/Library/Frameworks/CoreServices.framework/Versions/A/CoreServices
0x90911000 - 0x90a04fff libicucore.A.dylib 	/usr/lib/libicucore.A.dylib
0x90a54000 - 0x90ad3fff libobjc.A.dylib 	/usr/lib/libobjc.A.dylib
0x90afc000 - 0x90b60fff libstdc++.6.dylib 	/usr/lib/libstdc++.6.dylib
0x90bcf000 - 0x90bd6fff libgcc_s.1.dylib 	/usr/lib/libgcc_s.1.dylib
0x90bdb000 - 0x90c4efff com.apple.framework.IOKit 1.4.6 (???)	/System/Library/Frameworks/IOKit.framework/Versions/A/IOKit
0x90c63000 - 0x90c75fff libauto.dylib 	/usr/lib/libauto.dylib
0x90c7b000 - 0x90f21fff com.apple.CoreServices.CarbonCore 682.15	/System/Library/Frameworks/CoreServices.framework/Versions/A/Frameworks/CarbonCore.framework/Versions/A/CarbonCore
0x90f64000 - 0x90fccfff com.apple.CoreServices.OSServices 4.1	/System/Library/Frameworks/CoreServices.framework/Versions/A/Frameworks/OSServices.framework/Versions/A/OSServices
0x91005000 - 0x91043fff com.apple.CFNetwork 129.19	/System/Library/Frameworks/CoreServices.framework/Versions/A/Frameworks/CFNetwork.framework/Versions/A/CFNetwork
0x91056000 - 0x91066fff com.apple.WebServices 1.1.3 (1.1.0)	/System/Library/Frameworks/CoreServices.framework/Versions/A/Frameworks/WebServicesCore.framework/Versions/A/WebServicesCore
0x91071000 - 0x910f0fff com.apple.SearchKit 1.0.5	/System/Library/Frameworks/CoreServices.framework/Versions/A/Frameworks/SearchKit.framework/Versions/A/SearchKit
0x9112a000 - 0x91148fff com.apple.Metadata 10.4.4 (121.36)	/System/Library/Frameworks/CoreServices.framework/Versions/A/Frameworks/Metadata.framework/Versions/A/Metadata
0x91154000 - 0x91162fff libz.1.dylib 	/usr/lib/libz.1.dylib
0x91165000 - 0x91304fff com.apple.security 4.5.2 (29774)	/System/Library/Frameworks/Security.framework/Versions/A/Security
0x91402000 - 0x9140afff com.apple.DiskArbitration 2.1.1	/System/Library/Frameworks/DiskArbitration.framework/Versions/A/DiskArbitration
0x91411000 - 0x91437fff com.apple.SystemConfiguration 1.8.6	/System/Library/Frameworks/SystemConfiguration.framework/Versions/A/SystemConfiguration
0x91449000 - 0x91450fff libbsm.dylib 	/usr/lib/libbsm.dylib
0x91454000 - 0x914cafff com.apple.audio.CoreAudio 3.0.4	/System/Library/Frameworks/CoreAudio.framework/Versions/A/CoreAudio
0x9151b000 - 0x9151bfff com.apple.ApplicationServices 10.4 (???)	/System/Library/Frameworks/ApplicationServices.framework/Versions/A/ApplicationServices
0x9151d000 - 0x91549fff com.apple.AE 314 (313)	/System/Library/Frameworks/ApplicationServices.framework/Versions/A/Frameworks/AE.framework/Versions/A/AE
0x9155c000 - 0x91630fff com.apple.ColorSync 4.4.6	/System/Library/Frameworks/ApplicationServices.framework/Versions/A/Frameworks/ColorSync.framework/Versions/A/ColorSync
0x9166b000 - 0x916defff com.apple.print.framework.PrintCore 4.6 (177.13)	/System/Library/Frameworks/ApplicationServices.framework/Versions/A/Frameworks/PrintCore.framework/Versions/A/PrintCore
0x9170c000 - 0x917b5fff com.apple.QD 3.10.21 (???)	/System/Library/Frameworks/ApplicationServices.framework/Versions/A/Frameworks/QD.framework/Versions/A/QD
0x917db000 - 0x91826fff com.apple.HIServices 1.5.2 (???)	/System/Library/Frameworks/ApplicationServices.framework/Versions/A/Frameworks/HIServices.framework/Versions/A/HIServices
0x91845000 - 0x9185bfff com.apple.LangAnalysis 1.6.3	/System/Library/Frameworks/ApplicationServices.framework/Versions/A/Frameworks/LangAnalysis.framework/Versions/A/LangAnalysis
0x91867000 - 0x91882fff com.apple.FindByContent 1.5	/System/Library/Frameworks/ApplicationServices.framework/Versions/A/Frameworks/FindByContent.framework/Versions/A/FindByContent
0x9188d000 - 0x918cafff com.apple.LaunchServices 181	/System/Library/Frameworks/ApplicationServices.framework/Versions/A/Frameworks/LaunchServices.framework/Versions/A/LaunchServices
0x918de000 - 0x918eafff com.apple.speech.synthesis.framework 3.5	/System/Library/Frameworks/ApplicationServices.framework/Versions/A/Frameworks/SpeechSynthesis.framework/Versions/A/SpeechSynthesis
0x918f1000 - 0x9192cfff com.apple.ImageIO.framework 1.5.0	/System/Library/Frameworks/ApplicationServices.framework/Versions/A/Frameworks/ImageIO.framework/Versions/A/ImageIO
0x9193e000 - 0x919f0fff libcrypto.0.9.7.dylib 	/usr/lib/libcrypto.0.9.7.dylib
0x91a36000 - 0x91a4cfff libcups.2.dylib 	/usr/lib/libcups.2.dylib
0x91a51000 - 0x91a6ffff libJPEG.dylib 	/System/Library/Frameworks/ApplicationServices.framework/Versions/A/Frameworks/ImageIO.framework/Versions/A/Resources/libJPEG.dylib
0x91a74000 - 0x91ad2fff libJP2.dylib 	/System/Library/Frameworks/ApplicationServices.framework/Versions/A/Frameworks/ImageIO.framework/Versions/A/Resources/libJP2.dylib
0x91ae4000 - 0x91ae8fff libGIF.dylib 	/System/Library/Frameworks/ApplicationServices.framework/Versions/A/Frameworks/ImageIO.framework/Versions/A/Resources/libGIF.dylib
0x91aea000 - 0x91b67fff libRaw.dylib 	/System/Library/Frameworks/ApplicationServices.framework/Versions/A/Frameworks/ImageIO.framework/Versions/A/Resources/libRaw.dylib
0x91b6b000 - 0x91ba8fff libTIFF.dylib 	/System/Library/Frameworks/ApplicationServices.framework/Versions/A/Frameworks/ImageIO.framework/Versions/A/Resources/libTIFF.dylib
0x91bae000 - 0x91bc8fff libPng.dylib 	/System/Library/Frameworks/ApplicationServices.framework/Versions/A/Frameworks/ImageIO.framework/Versions/A/Resources/libPng.dylib
0x91bcd000 - 0x91bcffff libRadiance.dylib 	/System/Library/Frameworks/ApplicationServices.framework/Versions/A/Frameworks/ImageIO.framework/Versions/A/Resources/libRadiance.dylib
0x91bd1000 - 0x91bd1fff com.apple.Accelerate 1.3.1 (Accelerate 1.3.1)	/System/Library/Frameworks/Accelerate.framework/Versions/A/Accelerate
0x91bd3000 - 0x91c61fff com.apple.vImage 2.5	/System/Library/Frameworks/Accelerate.framework/Versions/A/Frameworks/vImage.framework/Versions/A/vImage
0x91c68000 - 0x91c68fff com.apple.Accelerate.vecLib 3.3.1 (vecLib 3.3.1)	/System/Library/Frameworks/Accelerate.framework/Versions/A/Frameworks/vecLib.framework/Versions/A/vecLib
0x91c6a000 - 0x91cc3fff libvMisc.dylib 	/System/Library/Frameworks/Accelerate.framework/Versions/A/Frameworks/vecLib.framework/Versions/A/libvMisc.dylib
0x91ccc000 - 0x91cf0fff libvDSP.dylib 	/System/Library/Frameworks/Accelerate.framework/Versions/A/Frameworks/vecLib.framework/Versions/A/libvDSP.dylib
0x91cf8000 - 0x92101fff libBLAS.dylib 	/System/Library/Frameworks/Accelerate.framework/Versions/A/Frameworks/vecLib.framework/Versions/A/libBLAS.dylib
0x9213b000 - 0x924effff libLAPACK.dylib 	/System/Library/Frameworks/Accelerate.framework/Versions/A/Frameworks/vecLib.framework/Versions/A/libLAPACK.dylib
0x9251c000 - 0x9259afff com.apple.DesktopServices 1.3.5	/System/Library/PrivateFrameworks/DesktopServicesPriv.framework/Versions/A/DesktopServicesPriv
0x925db000 - 0x9280bfff com.apple.Foundation 6.4.7 (567.28)	/System/Library/Frameworks/Foundation.framework/Versions/C/Foundation
0x92917000 - 0x929f5fff libxml2.2.dylib 	/usr/lib/libxml2.2.dylib
0x92a12000 - 0x92afffff libiconv.2.dylib 	/usr/lib/libiconv.2.dylib
0x92b0f000 - 0x92b26fff libGL.dylib 	/System/Library/Frameworks/OpenGL.framework/Versions/A/Libraries/libGL.dylib
0x92b31000 - 0x92b89fff libGLU.dylib 	/System/Library/Frameworks/OpenGL.framework/Versions/A/Libraries/libGLU.dylib
0x92b9d000 - 0x92b9dfff com.apple.Carbon 10.4 (???)	/System/Library/Frameworks/Carbon.framework/Versions/A/Carbon
0x92b9f000 - 0x92baffff com.apple.ImageCapture 3.0.4	/System/Library/Frameworks/Carbon.framework/Versions/A/Frameworks/ImageCapture.framework/Versions/A/ImageCapture
0x92bbe000 - 0x92bc6fff com.apple.speech.recognition.framework 3.6	/System/Library/Frameworks/Carbon.framework/Versions/A/Frameworks/SpeechRecognition.framework/Versions/A/SpeechRecognition
0x92bcc000 - 0x92bd2fff com.apple.securityhi 2.0.1 (24742)	/System/Library/Frameworks/Carbon.framework/Versions/A/Frameworks/SecurityHI.framework/Versions/A/SecurityHI
0x92bd8000 - 0x92c69fff com.apple.ink.framework 101.2.1 (71)	/System/Library/Frameworks/Carbon.framework/Versions/A/Frameworks/Ink.framework/Versions/A/Ink
0x92c7d000 - 0x92c81fff com.apple.help 1.0.3 (32.1)	/System/Library/Frameworks/Carbon.framework/Versions/A/Frameworks/Help.framework/Versions/A/Help
0x92c84000 - 0x92ca2fff com.apple.openscripting 1.2.5 (???)	/System/Library/Frameworks/Carbon.framework/Versions/A/Frameworks/OpenScripting.framework/Versions/A/OpenScripting
0x92cb4000 - 0x92cbafff com.apple.print.framework.Print 5.2 (192.4)	/System/Library/Frameworks/Carbon.framework/Versions/A/Frameworks/Print.framework/Versions/A/Print
0x92cc0000 - 0x92d23fff com.apple.htmlrendering 66.1 (1.1.3)	/System/Library/Frameworks/Carbon.framework/Versions/A/Frameworks/HTMLRendering.framework/Versions/A/HTMLRendering
0x92d4a000 - 0x92d8bfff com.apple.NavigationServices 3.4.4 (3.4.3)	/System/Library/Frameworks/Carbon.framework/Versions/A/Frameworks/NavigationServices.framework/Versions/A/NavigationServices
0x92db2000 - 0x92dc0fff com.apple.audio.SoundManager 3.9.1	/System/Library/Frameworks/Carbon.framework/Versions/A/Frameworks/CarbonSound.framework/Versions/A/CarbonSound
0x92dc7000 - 0x92dccfff com.apple.CommonPanels 1.2.3 (73)	/System/Library/Frameworks/Carbon.framework/Versions/A/Frameworks/CommonPanels.framework/Versions/A/CommonPanels
0x92dd1000 - 0x930c5fff com.apple.HIToolbox 1.4.8 (???)	/System/Library/Frameworks/Carbon.framework/Versions/A/Frameworks/HIToolbox.framework/Versions/A/HIToolbox
0x931cb000 - 0x931d6fff com.apple.opengl 1.4.13	/System/Library/Frameworks/OpenGL.framework/Versions/A/OpenGL
0x93266000 - 0x93266fff com.apple.Cocoa 6.4 (???)	/System/Library/Frameworks/Cocoa.framework/Versions/A/Cocoa
0x93268000 - 0x9391efff com.apple.AppKit 6.4.8 (824.42)	/System/Library/Frameworks/AppKit.framework/Versions/C/AppKit
0x93c9f000 - 0x93d18fff com.apple.CoreData 90	/System/Library/Frameworks/CoreData.framework/Versions/A/CoreData
0x93d51000 - 0x93e09fff com.apple.audio.toolbox.AudioToolbox 1.4.3	/System/Library/Frameworks/AudioToolbox.framework/Versions/A/AudioToolbox
0x93e4b000 - 0x93e4bfff com.apple.audio.units.AudioUnit 1.4.2	/System/Library/Frameworks/AudioUnit.framework/Versions/A/AudioUnit
0x93e4d000 - 0x9401ffff com.apple.QuartzCore 1.4.10	/System/Library/Frameworks/QuartzCore.framework/Versions/A/QuartzCore
0x94070000 - 0x940b1fff libsqlite3.0.dylib 	/usr/lib/libsqlite3.0.dylib
0x940b9000 - 0x940f3fff libGLImage.dylib 	/System/Library/Frameworks/OpenGL.framework/Versions/A/Libraries/libGLImage.dylib
0x9427c000 - 0x9428bfff libCGATS.A.dylib 	/System/Library/Frameworks/ApplicationServices.framework/Versions/A/Frameworks/CoreGraphics.framework/Versions/A/Resources/libCGATS.A.dylib
0x94292000 - 0x9429dfff libCSync.A.dylib 	/System/Library/Frameworks/ApplicationServices.framework/Versions/A/Frameworks/CoreGraphics.framework/Versions/A/Resources/libCSync.A.dylib
0x942e9000 - 0x94303fff libRIP.A.dylib 	/System/Library/Frameworks/ApplicationServices.framework/Versions/A/Frameworks/CoreGraphics.framework/Versions/A/Resources/libRIP.A.dylib
0x94309000 - 0x945c3fff com.apple.QuickTime 7.1.3	/System/Library/Frameworks/QuickTime.framework/Versions/A/QuickTime
0x96a2b000 - 0x96a2bfff com.apple.vecLib 3.3.1 (vecLib 3.3.1)	/System/Library/Frameworks/vecLib.framework/Versions/A/vecLib
0x97099000 - 0x9709efff com.apple.agl 2.5.9 (AGL-2.5.9)	/System/Library/Frameworks/AGL.framework/Versions/A/AGL
0x98af3000 - 0x995d3fff com.apple.QuickTimeComponents.component 7.1.3	/System/Library/QuickTime/QuickTimeComponents.component/Contents/MacOS/QuickTimeComponents

