*** OpenTTD Crash Report ***
Date: 2008-05-25 14:16:58
Build: r13241 built on May 25 2008 13:59:24
Reason: Assertion failed at ..\src\openttd.cpp:124: 0
Exception C0000005 at 00425E26
Registers:
 EAX: 00CC6EF0 EBX: 00000001 ECX: 0013F63C EDX: 00CC6F1E
 ESI: 00000200 EDI: 11FFFFFF EBP: 0013FA5C ESP: 0013F850
 EIP: 00425E26 EFLAGS: 00010202

Bytes at CS:EIP:
 C6 05 00 00 00 00 00 E8 50 74 0F 00 CC 55 8B EC 81 EC 00 04 00 00 56 8D

Stack trace: 
 00000001 005B7288 00000000 6564724F 203A7372 6C696166 6C206465 6964616F
 7320676E 67657661 3A656D61 6F6F7420 6E616D20 726F2079 73726564 00D3E000
 028A5A58 00000000 00000000 003F0190 028A1F90 026E0000 003F01A8 00000000
 00000000 00000000 02772950 02775F98 003F0178 02805FF8 00000000 00000008
 00000000 00000000 00000000 02806000 00000008 00CFEE00 028A56C0 0000000C
 0000008F 02772950 00000010 028A50C0 00000000 028A6058 00000008 003F0178
 003F0178 027F0DB0 02772950 028A56C8 028A50C0 0000000F 00000000 003F0508
 00D3E198 02772950 00000003 028A6060 00000000 02772948 003F0238 003F0178
 0277FFA8 00D3E190 003F0168 00000004 00000000 00D3E190 00000018 00000080
 00000003 003F0178 00000018 00000000 00000072 0013F77C 00000000 00000000
 7C90EE18 000001F5 003F0178 003F0178 0051A0B8 003F0000 00000000 0000000C
 0270A484 00D3E038 00000007 0013F9D4 028A50C0 0000000C 000000C1 00000000
 00000F9C 000001F5 01429D1B 028A5A50 0042FC7C 028A50B8 0013F830 00000000
 00000000 028A50B8 00000608 028A50C0 7C917BB0 003F0178 00000608 00000001
 003F0000 0013F80C F3E6A281 0013FAD4 00000000 0013FA44 0052966C 028A50C0
 00000600 003F0000 00000000 00000600 00000600 0000F9FF 00481707 00000600
 005B7288 00425470 11FFFFFF 0013FA94 0042F429 0059400C 0270A4CC 00596FC0
 0042EBB7 00596FC0 0270A3C8 0042EC1A 005972CC 0270A3C8 00000000 0270A3C8
 00000000 0013FAB8 0042EAE9 005972CC 0270A3C8 0042EC1A 0270A3C8 0270A3C8
 00000000 0270A3C8 0013FAE4 0043D509 00600000 56454853 00577780 00000003
 00000000 0013FB94 00532FE7 FFFFFFFF 0042ECCC 0013FBA0 0042EEC1 00000000
 005B9600 0042FBE5 00E368DB 00E368EB 00000000 004E13D9 00000068 00000000
 0013FB54 003F0000 0013FB80 7E418BD9 7FFDE000 0013FB80 7E41885A 0001FB40
 003F0000 0013FA90 0013FC20 0013FB7C 7C90EE18 7C910570 0001FFFF 0000000D

Module information:
 E:\Program Files\OpenTTD\openttd.exe handle: 00400000 size: 1894912 crc: 85A192A5 date: 2008-05-25 13:02:31
 C:\WINDOWS\system32\ntdll.dll handle: 7C900000 size: 708096 crc: A5A50370 date: 2004-08-03 23:56:38
 C:\WINDOWS\system32\kernel32.dll handle: 7C800000 size: 984576 crc: 2CCFBF2B date: 2007-04-16 15:52:53
 C:\WINDOWS\system32\WINMM.dll handle: 76B40000 size: 176128 crc: 123646FA date: 2004-08-03 23:56:48
 C:\WINDOWS\system32\USER32.dll handle: 7E410000 size: 577536 crc: DF3237C6 date: 2007-03-08 15:36:28
 C:\WINDOWS\system32\GDI32.dll handle: 77F10000 size: 282624 crc: 18201B20 date: 2008-02-20 06:51:05
 C:\WINDOWS\system32\ADVAPI32.dll handle: 77DD0000 size: 616960 crc: 5E7A2F0A date: 2004-08-03 23:56:42
 C:\WINDOWS\system32\RPCRT4.dll handle: 77E70000 size: 582656 crc: 33676481 date: 2007-07-09 13:16:16
 C:\WINDOWS\system32\WS2_32.dll handle: 71AB0000 size: 82944 crc: 9738CC56 date: 2004-08-03 23:56:48
 C:\WINDOWS\system32\msvcrt.dll handle: 77C10000 size: 343040 crc: 5298C0C5 date: 2004-08-03 23:56:44
 C:\WINDOWS\system32\WS2HELP.dll handle: 71AA0000 size: 19968 crc: F5DD5AB6 date: 2004-08-03 23:56:48
 C:\WINDOWS\system32\IMM32.DLL handle: 76390000 size: 110080 crc: FD65A0DD date: 2004-08-03 23:56:44
 C:\WINDOWS\system32\SHFolder.dll handle: 76780000 size: 25088 crc: 2EC7582B date: 2004-08-03 23:56:46
 C:\WINDOWS\system32\SHLWAPI.dll handle: 77F60000 size: 474112 crc: F4E47D73 date: 2006-10-23 15:34:22
 C:\WINDOWS\WinSxS\x86_Microsoft.Windows.Common-Controls_6595b64144ccf1df_6.0.2600.2982_x-ww_ac3f9c03\comctl32.dll handle: 773D0000 size: 1054208 crc: 58D6578C date: 2006-08-25 15:45:55
 C:\WINDOWS\system32\comctl32.dll handle: 5D090000 size: 617472 crc: 232F6674 date: 2006-08-25 15:45:58
 C:\WINDOWS\system32\wdmaud.drv handle: 72D20000 size: 23552 crc: 982E84EE date: 2004-08-04 00:56:58
 C:\WINDOWS\system32\WINTRUST.dll handle: 76C30000 size: 176640 crc: 88D208BD date: 2004-08-03 23:56:48
 C:\WINDOWS\system32\CRYPT32.dll handle: 77A80000 size: 597504 crc: 971ECFAA date: 2004-08-03 23:56:42
 C:\WINDOWS\system32\MSASN1.dll handle: 77B20000 size: 57344 crc: D5127637 date: 2004-08-03 23:56:44
 C:\WINDOWS\system32\IMAGEHLP.dll handle: 76C90000 size: 144384 crc: 714A70BC date: 2004-08-03 23:56:44
 C:\WINDOWS\system32\msacm32.drv handle: 72D10000 size: 20480 crc: D5406BAE date: 2001-08-23 11:00:00
 C:\WINDOWS\system32\MSACM32.dll handle: 77BE0000 size: 71680 crc: 6A21891E date: 2004-08-03 23:56:44
 C:\WINDOWS\system32\midimap.dll handle: 77BD0000 size: 18944 crc: 502B5282 date: 2004-08-03 23:56:44
 C:\WINDOWS\system32\ole32.dll handle: 774E0000 size: 1285120 crc: AD325A7F date: 2005-07-26 04:39:48
 C:\WINDOWS\system32\uxtheme.dll handle: 5AD70000 size: 218624 crc: BE0144D2 date: 2004-08-07 09:36:14
 C:\WINDOWS\system32\MSCTF.dll handle: 74720000 size: 294400 crc: BBD2E653 date: 2004-08-03 23:56:44
 C:\Program Files\Unlocker\UnlockerHook.dll handle: 10000000 size: 4608 crc: E172D3DE date: 2006-09-07 17:18:56
 C:\WINDOWS\system32\SHELL32.dll handle: 7C9C0000 size: 8460288 crc: 4B674781 date: 2007-10-26 03:34:01
 C:\WINDOWS\system32\nview.dll handle: 010E0000 size: 1478656 crc: 2E3630DD date: 2007-10-25 17:17:00
 C:\WINDOWS\system32\PSAPI.DLL handle: 76BF0000 size: 23040 crc: 97A44A88 date: 2004-08-03 23:56:46
 C:\WINDOWS\system32\OLEAUT32.dll handle: 77120000 size: 550912 crc: 18657280 date: 2007-12-04 18:38:13
 C:\WINDOWS\system32\VERSION.dll handle: 77C00000 size: 18944 crc: CFE439BB date: 2004-08-03 23:56:48
 C:\WINDOWS\system32\NTMARTA.DLL handle: 77690000 size: 118784 crc: 4E8FC2EA date: 2004-08-03 23:56:46
 C:\WINDOWS\system32\WLDAP32.dll handle: 76F60000 size: 172032 crc: 5FAE75A9 date: 2004-08-03 23:56:48
 C:\WINDOWS\system32\SAMLIB.dll handle: 71BF0000 size: 64000 crc: C20BD045 date: 2004-08-03 23:56:46
 C:\WINDOWS\system32\NVWRSENG.DLL handle: 01320000 size: 286720 crc: 6943AD06 date: 2007-10-25 17:17:00
 C:\Program Files\Xfire\xfire_toucan_31956.dll handle: 013E0000 size: 646480 crc: 3049C2C4 date: 2008-05-14 01:29:34
 C:\WINDOWS\system32\WSOCK32.dll handle: 71AD0000 size: 22528 crc: 6E514A7A date: 2004-08-03 23:56:48
 C:\WINDOWS\system32\MSIMG32.dll handle: 76380000 size: 4608 crc: A2CB33C4 date: 2004-08-03 23:56:44
 C:\WINDOWS\system32\MSVCR71.DLL handle: 7C340000 size: 348160 crc: 35563170 date: 2007-02-08 19:34:57
 C:\WINDOWS\system32\CLBCATQ.DLL handle: 76FD0000 size: 498688 crc: 9DED030F date: 2005-07-26 04:39:43
 C:\WINDOWS\system32\COMRes.dll handle: 77050000 size: 792064 crc: 5A12B4A2 date: 2004-08-03 23:56:42
 C:\WINDOWS\system32\dmime.dll handle: 5C570000 size: 181248 crc: F18E50F8 date: 2004-08-03 23:56:44
 C:\WINDOWS\system32\DSOUND.dll handle: 73F10000 size: 367616 crc: F0EFB582 date: 2004-08-03 23:56:44
 C:\WINDOWS\system32\dmusic.dll handle: 6C980000 size: 104448 crc: 0C1C73CE date: 2004-08-03 23:56:44
 C:\WINDOWS\system32\KsUser.dll handle: 73EE0000 size: 4096 crc: 519CF22C date: 2004-08-04 00:56:44
 C:\WINDOWS\system32\dmsynth.dll handle: 6C9A0000 size: 103424 crc: ECEFF055 date: 2004-08-03 23:56:44
 C:\WINDOWS\system32\dmloader.dll handle: 6CA10000 size: 35840 crc: CCCBFD58 date: 2004-08-03 23:56:44
 C:\WINDOWS\system32\apphelp.dll handle: 77B40000 size: 126976 crc: 76A66CAD date: 2004-08-03 23:56:42
 C:\WINDOWS\system32\msctfime.ime handle: 755C0000 size: 177152 crc: 6A712F98 date: 2004-08-03 23:56:14
 C:\WINDOWS\system32\nvwddi.dll handle: 020A0000 size: 81920 crc: 631C4EB3 date: 2007-10-25 17:17:00
 C:\WINDOWS\system32\mswsock.dll handle: 71A50000 size: 245248 crc: E2309390 date: 2004-08-03 23:56:46
 C:\WINDOWS\system32\hnetcfg.dll handle: 662B0000 size: 344064 crc: 6CF15ACF date: 2004-08-03 23:56:44
 C:\WINDOWS\System32\wshtcpip.dll handle: 71A90000 size: 19968 crc: B88CC0E5 date: 2004-08-03 23:56:48
 C:\WINDOWS\system32\mslbui.dll handle: 605D0000 size: 25088 crc: F676E045 date: 2004-08-03 23:56:44
 C:\Program Files\Trillian\events.dll handle: 16000000 size: 196480 crc: 9CED23C4 date: 2008-05-15 23:00:00
 C:\WINDOWS\system32\COMDLG32.dll handle: 763B0000 size: 276992 crc: D64B240A date: 2004-08-03 23:56:42
 C:\WINDOWS\WinSxS\x86_Microsoft.VC90.CRT_1fc8b3b9a1e18e3b_9.0.30411.0_x-ww_71382c73\MSVCP90.dll handle: 78480000 size: 572928 crc: 64AB0D4D date: 2008-04-11 03:32:14
 C:\WINDOWS\WinSxS\x86_Microsoft.VC90.CRT_1fc8b3b9a1e18e3b_9.0.30411.0_x-ww_71382c73\MSVCR90.dll handle: 78520000 size: 655872 crc: 8F625D7D date: 2008-04-11 03:32:14
 C:\WINDOWS\system32\Secur32.dll handle: 77FE0000 size: 55808 crc: 5A32C057 date: 2004-08-03 23:56:46

System information:
 Windows version 5.1 2600 S
