*** OpenTTD Crash Report ***

Crash at: Mon Jul 12 17:40:19 2010
In game date: 2415-10-14 (51)

Crash reason:
 Signal:  Abort trap (6)
 Message: NOT_REACHED triggered at line 139 of /Users/ingo/ottd/autostart/ps.openttdcoop.org-3979-svn/src/slope_func.h

OpenTTD version:
 Version:    r20128 (0)
 NewGRF ver: 11004ea0
 Bits:       64
 Endian:     little
 Dedicated:  no
 Build date: Jul 12 2010 19:35:11


Stacktrace:
 [00] openttd              0x00000001001736eb (CrashLog::FillCrashLog(char*, char const*) const + 331)
 [01] openttd              0x0000000100268f34 (HandleCrash(int) + 228)
 [02] libSystem.B.dylib    0x00007fff858b335a (_sigtramp + 26)

Operating system:
 Name:     Mac OS X
 Release:  10.6.4
 Machine:  Intel 80486
 Min Ver:  1050
 Compiler: GCC 4.2.1 "4.2.1 (Apple Inc. build 5659)"

Configuration:
 Blitter:      8bpp-optimized
 Graphics set: OpenGFX
 Language:     english.lng
 Music driver: cocoa
 Music set:    OpenMSX
 Network:      client
 Sound driver: cocoa
 Sound set:    OpenSFX
 Video driver: cocoa

AI Configuration (local: 0):
  0: Human

Libraries:
 FreeType:   2.3.12
 ICU:        4.3.4
 LZO:        2.03
 PNG:        1.2.43
 Zlib:       1.2.5

---- gamelog start ----
Tick 0: new game started
     Revision text changed to hcb7c1081M, savegame version 142, modified, _openttd_newgrf_version = 0x11004e32
     New game mode: 2 landscape: 1
     Added NewGRF: GRF ID 41533031, checksum 911AC4448EE52CFDF171FA358404DD23, filename: swedish_houses.1.0/swehouses.grf
     Added NewGRF: GRF ID 41495000, checksum 9D67EDB9F4C802427CED774103D12EBB, filename: swedish_town_names.1/swedishtownsw.grf
     Added NewGRF: GRF ID 27711003, checksum 4736F5DAFC7C339B4674D04D7CC73EBA, filename: 2cc_trainset-2.0.0beta3/2cctrainset.grf
     Added NewGRF: GRF ID 53455230, checksum 2DC2D1E61D811EDC5D011FAB1207C401, filename: swedish_rails-0.4.0/swedishrails.grf
     Added NewGRF: GRF ID 52453C00, checksum C5B4EC240B33E2DB8D1EA64C97898B5E, filename: ottdc_grfpack_trunk/2_landscape/stolentrees/stolentreesw_162_108.grf
     Added NewGRF: GRF ID F1250020, checksum E149C035024C30935CAC29AEA2A94A23, filename: firs_industry_replacement_set-0.2/firs.grf
     Added NewGRF: GRF ID 41501201, checksum 795227412A6D9915FD5BE1178BC161FA, filename: heqs__heavy_equipment_set_.0.5b/heqs.grf
     Added NewGRF: GRF ID 414E0101, checksum 44812562894F4CBCF5F6E9DC7F7C35BE, filename: fish_ship_set-0.3/fish.grf
     Added NewGRF: GRF ID 4A430002, checksum 0728ADCB4DF2F1EB9247ABD449296F4E, filename: grfpack_add/indstatrw_010.grf
     Added NewGRF: GRF ID 45530500, checksum FA231F55E8CC472EA98271F7C2AA9EFF, filename: japanese_stations-2.0a/jpstationsw.grf
     Added NewGRF: GRF ID 52455200, checksum 0E5A9C5ACD2BCAF7FA0658C3F905A660, filename: rural_stations-1/ae_ruraw.grf
     Added NewGRF: GRF ID 444E0400, checksum 735D3D74D5DCADBF1FD6EF7A9C5A3519, filename: vast_station_tiles-0.1.0/vast.grf
     Added NewGRF: GRF ID 52455400, checksum 1600687C50C5AB1E72EDD487CAD50E2A, filename: ottdc_grfpack_trunk/7_stations/ae_city/ae_cityw.GRF
     Added NewGRF: GRF ID 58534453, checksum 2E100BCA91DB8371CD9D57DBEC3AB0C8, filename: ottdc_grfpack_trunk/7_stations/dutchstat/dutchstatw.grf
     Added NewGRF: GRF ID 6D620601, checksum 44EB2F155862E4D4F0AB671D7021AF54, filename: ottdc_grfpack_trunk/7_stations/newstats/newstatsw.grf
     Added NewGRF: GRF ID 52571201, checksum CDE6D7FCDEB3FB2E3D6F6E9F0122C3AE, filename: egrvts.1.0/egrvts.grf
     Added NewGRF: GRF ID 43415261, checksum 808FD3F3D2863F86DD18B18AA6C4E990, filename: ottdc_grfpack_trunk/4_infrastructure/naroads/NARoadsw.grf
Tick 0: game loaded
     New game mode: 1 landscape: 1
Tick 96: game loaded
     Revision text changed to r20030, savegame version 142, modified, _openttd_newgrf_version = 0x11004e3e
Tick 22154: game loaded
     Revision text changed to r20080, savegame version 143, modified, _openttd_newgrf_version = 0x11004e70
Tick 27578: game loaded
     Revision text changed to r20080, savegame version 143, not modified, _openttd_newgrf_version = 0x11004e70
Tick 19229: settings changed
     Setting changed: vehicle.never_expire_vehicles : 0 -> 1
Tick 19290: game loaded
     Revision text changed to r20080, savegame version 143, modified, _openttd_newgrf_version = 0x11004e70
Tick 62895: game loaded
     Revision text changed to r20128, savegame version 143, not modified, _openttd_newgrf_version = 0x11004ea0
---- gamelog end ----

*** End of OpenTTD Crash Report ***
