*** OpenTTD Crash Report ***
Date: 2008-09-27 17:27:18
Build: 0.6.3-RC1 built on Sep 22 2008 20:49:11
Language: french.lng
Exception C0000005 at FFFFFFFF
Registers:
 EAX: 7FFF0001 EBX: 00495FFE ECX: 0000FFFF EDX: 00377ABF
 ESI: 00000000 EDI: 00000000 EBP: 0012FA80 ESP: 0012FA54
 EIP: FFFFFFFF EFLAGS: 00010202

Bytes at CS:EIP:
 ?? ?? ?? ?? ?? ?? ?? ?? ?? ?? ?? ?? ?? ?? ?? ?? ?? ?? ?? ?? ?? ?? ?? ??

Stack trace: 
 0036FAC0 0012FB10 00000D29 00000005 00000D29 000000FF 005B3434 000000F7
 0012FAD0 00527F4F FFFFFFFF 0012FADC 00496633 0012FB10 0000001B 00000000
 0036FAC0 0012FB60 0049654D 00000000 0001FFFF 00000000 000007F9 00000000
 0012FB10 00000000 00000000 01B7D600 0036FAC0 00000000 00496557 0012FB8C
 0052814B FFFFFFFF 0012FB24 004054F7 00000000 0000001B 00000000 0036FAC0
 00692858 00000002 0049654D 000000FF 00000000 00000000 0001FFFF 005B4094
 004A8565 00000000 0036FAC0 0000FFFF 0012FB98 004A86BF 0036FAC0 0000001B
 00000000 00000001 0000001F 00545E18 006928D5 00000006 004A8FDB 00000002
 00000000 00000005 0036FAC0 00003480 00000000 0042A929 0058FABC 004AB4BA
 00692858 00545E18 006928D5 00000006 0000FFFF 00545E18 0012FFB0 005279FC
 FFFFFFFF 0058FABC 004A2974 0067068C 004A2A61 24AC8712 24AC8722 0012FBC8
 00000000 00000002 0042643B 00000000 005E4470 0012FBD8 00426758 00000000
 0012FBC0 00000000 004D8765 0066B3A4 005E47D0 0012FD14 00000000 00000000
 24AC8722 24AC8740 00000000 00000000 002401CC 00000113 00000001 004D77E2
 24AC8722 0000035E 000002DD FFFFFF1C 00510701 00438FE5 00D74030 0066B3A4
 0041401F 005E47D0 00425C57 0012FD2C 00000001 00000001 00000008 00000100
 00000000 FFFFFFFF 00000000 00BA0000 00000000 00000000 FFFFFFFF 0012FE34
 00587FC8 00000000 FFFFFFFF 00000000 00000000 00000000 0000FDE8 00020700
 00000000 00020814 0012FCC4 7C82167A 00000037 FFFFFFFF 00000035 00000100
 0000FDE9 0012FD2C 00000001 00000034 0012FCF0 7C8215D3 0000FDE9 00000000
 000207AC FFFFFFFF 0012FD2C 00000104 00000000 00000000 FFFFFFFE 0012FF00
 00444FCD 0000FDE9 00000000 000207AC FFFFFFFF 0012FD2C 00000104 0000E327
 0012FF30 00444B92 00000001 0012FE30 FFFFFFFE 00000000 5C3A4922 6C707041
 74616369 736E6F69 75654A5C 75485C78 616B7572 704F5C6E 54546E65 706F5C44

Module information:
 I:\Applications\Jeux\Hurukan\OpenTTD\openttd.exe handle: 00400000 size: 1814528 crc: 34B87F98 date: 2008-09-22 20:51:28
 D:\WINDOWS\system32\ntdll.dll handle: 7C910000 size: 731136 crc: 17887F12 date: 2008-04-14 02:33:02
 D:\WINDOWS\system32\kernel32.dll handle: 7C800000 size: 1054720 crc: 9EFD001D date: 2008-04-14 02:33:28
 D:\WINDOWS\system32\WINMM.dll handle: 76AE0000 size: 180736 crc: 3086C5C7 date: 2008-04-14 02:33:48
 D:\WINDOWS\system32\ADVAPI32.dll handle: 77DA0000 size: 685568 crc: 2B175F18 date: 2008-04-14 02:33:18
 D:\WINDOWS\system32\RPCRT4.dll handle: 77E50000 size: 584704 crc: 937E3675 date: 2008-04-14 02:33:39
 D:\WINDOWS\system32\Secur32.dll handle: 77FC0000 size: 56320 crc: 8B468BD8 date: 2008-04-14 02:33:40
 D:\WINDOWS\system32\GDI32.dll handle: 77EF0000 size: 285184 crc: 088A4832 date: 2008-04-14 02:33:25
 D:\WINDOWS\system32\USER32.dll handle: 7E390000 size: 579584 crc: 6877A193 date: 2008-04-14 02:33:48
 D:\WINDOWS\system32\WS2_32.dll handle: 719F0000 size: 82432 crc: 05371B19 date: 2008-04-14 02:33:49
 D:\WINDOWS\system32\msvcrt.dll handle: 77BE0000 size: 343040 crc: 2C173E38 date: 2008-04-14 02:33:33
 D:\WINDOWS\system32\WS2HELP.dll handle: 719E0000 size: 19968 crc: 913FE327 date: 2008-04-14 02:33:49
 D:\WINDOWS\system32\SHFolder.dll handle: 76720000 size: 25088 crc: E3F69657 date: 2008-04-14 02:33:41
 D:\WINDOWS\system32\SHLWAPI.dll handle: 77F40000 size: 474624 crc: C3E6539D date: 2008-04-14 02:33:41
 D:\WINDOWS\WinSxS\x86_Microsoft.Windows.Common-Controls_6595b64144ccf1df_6.0.2600.5512_x-ww_35d4ce83\comctl32.dll handle: 77390000 size: 1054208 crc: B69132A6 date: 2008-04-14 02:30:54
 D:\WINDOWS\system32\comctl32.dll handle: 58B50000 size: 617472 crc: E3E4D549 date: 2008-04-14 02:33:21
 D:\WINDOWS\system32\wdmaud.drv handle: 72C70000 size: 23552 crc: 37C3D64B date: 2008-04-14 02:34:34
 D:\WINDOWS\system32\WINTRUST.dll handle: 76BE0000 size: 176640 crc: D3A1D304 date: 2008-04-14 02:33:48
 D:\WINDOWS\system32\CRYPT32.dll handle: 779E0000 size: 606208 crc: 5358E850 date: 2008-04-14 02:33:21
 D:\WINDOWS\system32\MSASN1.dll handle: 77A80000 size: 57344 crc: 08CF5CC7 date: 2008-04-14 02:33:30
 D:\WINDOWS\system32\IMAGEHLP.dll handle: 76C40000 size: 144384 crc: B79C410C date: 2008-04-14 02:33:26
 D:\WINDOWS\system32\msacm32.drv handle: 72C60000 size: 20992 crc: 34944160 date: 2002-08-30 12:00:00
 D:\WINDOWS\system32\MSACM32.dll handle: 77BB0000 size: 72192 crc: C2923BE1 date: 2008-04-14 02:33:30
 D:\WINDOWS\system32\midimap.dll handle: 77BA0000 size: 18944 crc: 0395B0D6 date: 2008-04-14 02:33:29
 D:\WINDOWS\system32\ole32.dll handle: 774A0000 size: 1287168 crc: D69678E8 date: 2008-04-14 02:33:38
 D:\WINDOWS\system32\uxtheme.dll handle: 5B090000 size: 219648 crc: 5135A37E date: 2008-04-14 02:33:48
 D:\WINDOWS\system32\CLBCATQ.DLL handle: 76F80000 size: 498688 crc: F623E1C4 date: 2008-04-14 02:33:21
 D:\WINDOWS\system32\COMRes.dll handle: 77000000 size: 851968 crc: 49A7A790 date: 2008-04-14 02:33:21
 D:\WINDOWS\system32\OLEAUT32.dll handle: 770E0000 size: 551936 crc: 3776E8B0 date: 2008-04-14 02:33:38
 D:\WINDOWS\system32\VERSION.dll handle: 77BD0000 size: 18944 crc: 31D02D04 date: 2008-04-14 02:33:48
 D:\WINDOWS\System32\dmime.dll handle: 5C8A0000 size: 181248 crc: 6ECBB9D7 date: 2008-04-14 02:33:22
 D:\WINDOWS\System32\DSOUND.dll handle: 73E60000 size: 367616 crc: B245D2ED date: 2008-04-14 02:33:23
 D:\WINDOWS\System32\dmusic.dll handle: 6CE40000 size: 104448 crc: 2CF734A4 date: 2008-04-14 02:33:22
 D:\WINDOWS\system32\KsUser.dll handle: 73E30000 size: 4096 crc: 7CF5A2DD date: 2008-04-14 02:33:28
 D:\WINDOWS\System32\dmsynth.dll handle: 6CE60000 size: 103424 crc: 9C6A49C2 date: 2008-04-14 02:33:22
 D:\WINDOWS\System32\dmloader.dll handle: 6CED0000 size: 35840 crc: 083C1655 date: 2008-04-14 02:33:22
 D:\Program Files\Logitech\iTouch\iTchHk.dll handle: 10000000 size: 4608 crc: 6E7E6541 date: 2004-03-18 07:26:50
 D:\WINDOWS\system32\mswsock.dll handle: 71990000 size: 247808 crc: D077BDB1 date: 2008-06-20 17:47:22
 D:\WINDOWS\system32\hnetcfg.dll handle: 62E40000 size: 347136 crc: 1E38DDE0 date: 2008-04-14 02:33:26
 D:\WINDOWS\System32\wshtcpip.dll handle: 719D0000 size: 19456 crc: F12C4BEC date: 2008-04-14 02:33:50
 D:\Program Files\Fichiers communs\Logitech\Scrolling\LgMsgHk.dll handle: 01D30000 size: 114688 crc: 129C05F6 date: 2004-03-18 07:26:48
 D:\Program Files\Logitech\iTouch\kbdhook.dll handle: 01FE0000 size: 5120 crc: 4B09C983 date: 2004-03-18 07:26:12
 D:\WINDOWS\system32\psapi.dll handle: 76BA0000 size: 23040 crc: 881F2E30 date: 2008-04-14 02:33:38

System information:
 Windows version 5.1 2600 S
