*** OpenTTD Crash Report ***

Crash at: Thu Mar 11 01:33:27 2010
In game date: 1965-04-01 (26)

Crash reason:
 Signal:  Abort trap (6)
 Message: Assertion failed at line 153 of /Users/ezracooper/Downloads/openttd-1.0.0-RC1/src/core/math_func.hpp: min <= max

OpenTTD version:
 Version:    1.0.0-RC1 (1)
 NewGRF ver: 10004ad5
 Bits:       64
 Endian:     little
 Dedicated:  no
 Build date: Feb 27 2010 17:51:58


Stacktrace:
 [00] openttd              0x0000000100179abb (CrashLog::FillCrashLog(char*, char const*) const + 331)
 [01] openttd              0x000000010025c144 (HandleCrash(int) + 228)
 [02] libSystem.B.dylib    0x00007fff856c5eaa (_sigtramp + 26)

Operating system:
 Name:     Mac OS X
 Release:  10.6.2
 Machine:  Intel 80486
 Min Ver:  1050
 Compiler: GCC 4.2.1 "4.2.1 (Apple Inc. build 5646) (dot 1)"

Configuration:
 Blitter:      32bpp-anim
 Graphics set: OpenGFX
 Language:     english_US.lng
 Music driver: cocoa
 Music set:    NoMusic
 Network:      no
 Sound driver: cocoa
 Sound set:    OpenSFX
 Video driver: cocoa

AI Configuration (local: 0):
  0: Human
  2: CluelessPlus (v4)
  4: OtviAI (v283)
  5: Denver & Rio Grande (v1)

Libraries:
 FreeType:   2.3.9
 LZO:        2.03
 PNG:        1.2.40
 Zlib:       1.2.3

---- gamelog start ----
Tick 0: new game started
     Revision text changed to 1.0.0-RC1, savegame version 138, maybe modified, _openttd_newgrf_version = 0x10004ad5
     New game mode: 1 landscape: 0
     Added NewGRF: GRF ID 4D656F91, checksum C964D54A874F73073389AA43C142E942, filename: ecs_town_vector.b5__13_jan_2009_/ecstownw.grf
     Added NewGRF: GRF ID 4D656F96, checksum 41FF561846ACA0903603E05048C5FAD5, filename: ecs_construction_vector.b5__04_apr_2009_/ecsconstw.grf
     Added NewGRF: GRF ID 4D656F97, checksum A0D76CE54A7B4FAF47387C5F386775BB, filename: ecs_agricultural_vector.b5__15_jan_2009_/ecsagriw.grf
     Added NewGRF: GRF ID 4D656F9C, checksum 2BEDF12F237807DF212DD48DE6B9C061, filename: ecs_chemical_vector_ii.b5__13_jan_2009_/ecschem2w.grf
     Added NewGRF: GRF ID 4D656F95, checksum 309B65C58FA9A6ABE4AC2932882FC6E0, filename: ecs_wood_vector.b5__13_jan_2009_/ecswoodw.grf
     Added NewGRF: GRF ID 4444F000, checksum 875F485E4DB617B27C58543C4000F0FB, filename: old_wagons_new_cargos.1.1/oldwagons-newcargos.grf
---- gamelog end ----

*** End of OpenTTD Crash Report ***
