*** OpenTTD Crash Report ***

Crash at: Mon Jan 04 17:55:38 2010
In game date: 2051-05-09 (23919)

Crash reason:
 Exception: C0000005
 Location:  000000013F06C6F0
 Message:   <none>

OpenTTD version:
 Version:    r18698 (0)
 NewGRF ver: 1000490a
 Bits:       64
 Endian:     little
 Dedicated:  no
 Build date: Jan  3 2010 19:26:11

Registers:
 RAX: 0000000000000000 RBX: 13030013FFFFFFFF RCX: 00000000001DE958 RDX: 13030013FFFFFFFF
 RSI: 00000000001DF43F RDI: 000000013F4CD1B8 RBP: 0000000001C2A231 RSP: 00000000001DE8E0
 R8:  00000000001DE958 R9:  0000000000000001 R10: 0000000000000000 R11: 0000000000000008
 R12: 0000000000000000 R13: 0000000000000001 R14: 0000000000000014 R15: 0000000000000238
 RIP: 000000013F06C6F0 EFLAGS: 00010202

 Bytes at instruction pointer:
 8A 0A 84 C9 78 0B 0F B6 C1 41 89 00 E9 22 01 00 00 8A C1 24 E0 3C C0 75

Stack trace:
 001DF360 00000000 00000014 00000000 00000000 00000000 00000002 00000000
 00000000 00000000 3F06DDD8 00000001 04C0DE50 00000000 04C0DE60 00000000
 001DF360 00000000 00009822 00000000 00000002 00000000 9822D47D 00020001
 0000E02E 00000000 3F13C2FB 00310002 3F4CD1B8 00000001 00000001 00000000
 0563F780 00000000 00000014 00000000 00005883 00000000 04C0DE50 00000000
 FF040027 00000001 04C0DE60 00000000 00005783 00000000 00000001 00000000
 001DF360 00000028 00000002 00000000 00005783 00000000 3F1DD47D 00000001
 00000026 00000000 00000000 00000001 00005683 00000000 00000080 00000000
 001DF360 00000000 00000002 00000000 00005683 00000000 3F1DD47D 00000001
 FF040025 00000001 00000000 00000001 056C1DB0 00000000 001DF43F 00000000
 3F4CD1B8 00000001 001DEC40 00000000 00000000 00000000 3F06CBBD 00000001
 001DEC58 00000000 00000000 00000000 00000000 00000000 00000000 00000000
 001DF43F 00000000 056C1DB0 00000000 3F4CD1B8 00000001 3F06DBCA 00000001
 001DEC40 00000000 01C4ED79 00000000 001DF43F 00000000 00000001 00000000
 001DF360 00000000 00000014 00000000 0000E025 00000000 01D70158 00000000
 3F4CD1B0 00000001 01D70230 00000000 00003F83 00000000 00000001 00000000
 001DF360 00000000 04B80000 00000000 00000000 00000000 01D70230 00000000
 00000000 00000000 3F06E669 00000001 00000000 00000000 00000003 00000000
 001DED88 00000000 00000005 00000000 00000000 00000000 3F1DD389 00000001
 00000000 00000000 00000028 00000000 3F4CD1B0 00000001 00000011 00000004
 00000003 00000000 0563F780 00000000 00000003 00000000 00000000 00000008
 00000004 00000006 001DF43F 00000000 3F4CD1B0 00000001 001DEC40 00000000
 00000000 00000000 3F06CBBD 00000001 001DEC40 00000000 01C4ED79 00000000
 00000000 00000000 00000000 00000000 001DF43F 00000000 0000005F 00000000

Operating system:
 Name:    Windows
 Release: 6.1.7600 ()
 MSVC:    Yes

Configuration:
 Blitter:      8bpp-optimized
 Graphics set: OpenGFX
 Language:     greek.lng
 Music driver: win32
 Music set:    NoMusic
 Sound driver: win32
 Sound set:    OpenSFX
 Video driver: win32

AI Configuration:
  0: Human

Libraries:
 FreeType:   2.3.11
 ICU:        4.2.1
 PNG:        1.2.40

Module information:
 C:\Program Files\OpenTTD trunk\openttd.exe handle: 000000013F020000 size: 5116416 crc: DF97AB60 date: 2010-01-03 17:30:38
 C:\Windows\SYSTEM32\ntdll.dll handle: 0000000076CE0000 size: 1736792 crc: 5523175A date: 2009-07-14 01:43:10
 C:\Windows\system32\kernel32.dll handle: 0000000076AC0000 size: 1162240 crc: 822946F0 date: 2009-07-14 01:41:13
 C:\Windows\system32\KERNELBASE.dll handle: 000007FEFCDF0000 size: 421376 crc: 68F689E4 date: 2009-07-14 01:41:13
 C:\Windows\system32\WINMM.dll handle: 000007FEFABE0000 size: 217600 crc: 7BC1529F date: 2009-07-14 01:41:56
 C:\Windows\system32\msvcrt.dll handle: 000007FEFEBF0000 size: 634880 crc: 7F3E716F date: 2009-07-14 01:41:32
 C:\Windows\system32\USER32.dll handle: 0000000076BE0000 size: 1008640 crc: 95FA0345 date: 2009-07-14 01:41:56
 C:\Windows\system32\GDI32.dll handle: 000007FEFE420000 size: 404480 crc: 0F1BAE69 date: 2009-07-14 01:40:56
 C:\Windows\system32\LPK.dll handle: 000007FEFD170000 size: 41984 crc: 350AF03B date: 2009-07-14 01:41:19
 C:\Windows\system32\USP10.dll handle: 000007FEFEAF0000 size: 801280 crc: 32EFA120 date: 2009-07-14 01:41:56
 C:\Windows\system32\WS2_32.dll handle: 000007FEFD630000 size: 296448 crc: B9553AFD date: 2009-07-14 01:41:58
 C:\Windows\system32\RPCRT4.dll handle: 000007FEFD500000 size: 1221632 crc: D5B6358C date: 2009-07-14 01:41:53
 C:\Windows\system32\NSI.dll handle: 000007FEFE410000 size: 13824 crc: 53B46F6C date: 2009-07-14 01:41:53
 C:\Windows\system32\ADVAPI32.dll handle: 000007FEFD180000 size: 877056 crc: FA615A20 date: 2009-07-14 01:40:01
 C:\Windows\SYSTEM32\sechost.dll handle: 000007FEFEFD0000 size: 113664 crc: 978CFAE5 date: 2009-07-14 01:41:53
 C:\Windows\system32\SHELL32.dll handle: 000007FEFD680000 size: 14161920 crc: EAA55AE5 date: 2009-07-14 01:41:54
 C:\Windows\system32\SHLWAPI.dll handle: 000007FEFD300000 size: 449536 crc: 0BFDF102 date: 2009-07-14 01:41:54
 C:\Windows\system32\IMM32.DLL handle: 000007FEFEBC0000 size: 167424 crc: 41B2805A date: 2009-07-14 01:41:09
 C:\Windows\system32\MSCTF.dll handle: 000007FEFD010000 size: 1067008 crc: 798DDDA0 date: 2009-07-14 01:41:28
 C:\Windows\system32\SHFolder.dll handle: 000007FEFB610000 size: 10240 crc: 08A48DE3 date: 2009-07-14 01:41:54
 C:\Windows\system32\ole32.dll handle: 000007FEFEC90000 size: 2084352 crc: 40D2CC46 date: 2009-07-14 01:41:53
 C:\Windows\system32\MMDevAPI.DLL handle: 000007FEFB410000 size: 284160 crc: CDF2EF81 date: 2009-07-14 01:41:26
 C:\Windows\system32\PROPSYS.dll handle: 000007FEFB4C0000 size: 1212416 crc: 98D01BC9 date: 2009-07-14 01:41:53
 C:\Windows\system32\OLEAUT32.dll handle: 000007FEFEA10000 size: 861184 crc: C4351602 date: 2009-07-14 01:41:53
 C:\Windows\system32\wdmaud.drv handle: 000007FEFAB40000 size: 217088 crc: AB6BC545 date: 2009-07-14 01:38:50
 C:\Windows\system32\ksuser.dll handle: 0000000074A00000 size: 5120 crc: AA2071D9 date: 2009-07-14 01:41:13
 C:\Windows\system32\AVRT.dll handle: 000007FEFB490000 size: 18432 crc: 5CE53CB7 date: 2009-07-14 01:40:05
 C:\Windows\system32\SETUPAPI.dll handle: 000007FEFE490000 size: 1899520 crc: 91ED5D15 date: 2009-07-14 01:41:54
 C:\Windows\system32\CFGMGR32.dll handle: 000007FEFCFD0000 size: 207360 crc: 369326FC date: 2009-07-14 01:40:15
 C:\Windows\system32\DEVOBJ.dll handle: 000007FEFCDD0000 size: 93184 crc: A7541AE2 date: 2009-07-14 01:40:28
 C:\Windows\system32\AUDIOSES.DLL handle: 000007FEFA990000 size: 296448 crc: 07CA71DE date: 2009-07-14 01:40:04
 C:\Windows\system32\msacm32.drv handle: 000007FEFA980000 size: 25600 crc: 2B579A05 date: 2009-07-14 01:38:50
 C:\Windows\system32\MSACM32.dll handle: 000007FEFA940000 size: 83456 crc: 3D67538B date: 2009-07-14 01:41:27
 C:\Windows\system32\midimap.dll handle: 000007FEFA7F0000 size: 20480 crc: CB902A13 date: 2009-07-14 01:41:23
 C:\Windows\system32\CRYPTBASE.dll handle: 000007FEFCB70000 size: 44032 crc: F547C16E date: 2009-07-14 01:40:24
 C:\Windows\system32\CLBCatQ.DLL handle: 000007FEFD260000 size: 607744 crc: 939E35C9 date: 2009-07-14 01:40:15
 C:\Windows\system32\uxtheme.dll handle: 000007FEFB3B0000 size: 332288 crc: B0A13DF9 date: 2009-07-14 01:41:56
 C:\Program Files\Logitech\SetPoint\lgscroll.dll handle: 0000000010100000 size: 56848 crc: EE6FDA68 date: 2009-07-20 10:37:10
 C:\Windows\WinSxS\amd64_microsoft.vc80.crt_1fc8b3b9a1e18e3b_8.0.50727.4927_none_88dce9872fb18caf\MSVCR80.dll handle: 0000000072830000 size: 802624 crc: AD5B9774 date: 2009-06-10 20:40:01
 C:\Windows\system32\ntmarta.dll handle: 000007FEFBD80000 size: 162304 crc: 5344798C date: 2009-07-14 01:41:53
 C:\Windows\system32\WLDAP32.dll handle: 000007FEFD120000 size: 311808 crc: 7A3D9683 date: 2009-07-14 01:41:56
 C:\Windows\system32\dwmapi.dll handle: 000007FEFAEF0000 size: 82432 crc: A459F360 date: 2009-07-14 01:40:34
 C:\Windows\system32\btmmhook.dll handle: 0000000010000000 size: 364544 crc: 051D0086 date: 2006-11-03 17:04:02
 C:\Windows\system32\mswsock.dll handle: 000007FEFC470000 size: 320000 crc: EA387916 date: 2009-07-14 01:41:34
 C:\Windows\System32\wshtcpip.dll handle: 000007FEFBE80000 size: 13312 crc: 5D1E2C55 date: 2009-07-14 01:41:58
 C:\Windows\System32\wship6.dll handle: 000007FEFC460000 size: 13824 crc: E3FBF123 date: 2009-07-14 01:41:58
 C:\Windows\system32\DNSAPI.dll handle: 000007FEFC2F0000 size: 356352 crc: D15B6D28 date: 2009-07-14 01:40:31
 C:\Windows\system32\IPHLPAPI.DLL handle: 000007FEFB380000 size: 145920 crc: FFC0BAF8 date: 2009-07-14 01:41:10
 C:\Windows\system32\WINNSI.DLL handle: 000007FEFB360000 size: 26112 crc: 744B2434 date: 2009-07-14 01:41:56
 C:\Windows\system32\rasadhlp.dll handle: 000007FEF7D00000 size: 16384 crc: C5FD1616 date: 2009-07-14 01:41:53
 C:\Windows\System32\fwpuclnt.dll handle: 000007FEF9C50000 size: 324096 crc: 37B502C2 date: 2009-07-14 01:40:55
 C:\Windows\system32\psapi.dll handle: 0000000076EB0000 size: 9216 crc: 84B5E9BA date: 2009-07-14 01:41:53

---- gamelog start ----
Tick 62675: game loaded
     Conversion from OTTD savegame without gamelog: version 4, 1
     Revision text changed to r18698, savegame version 133, not modified, _openttd_newgrf_version = 0x1000490a
     New game mode: 0 landscape: 1
---- gamelog end ----

*** End of OpenTTD Crash Report ***
