*** OpenTTD Crash Report ***

Crash at: Thu Dec  1 18:26:08 2011
In game date: 1951-07-31 (44)

Crash reason:
 Signal:  Segmentation fault: 11 (11)
 Message: <none>

OpenTTD version:
 Version:    1.1.3 (0)
 NewGRF ver: 1138599a
 Bits:       32
 Endian:     little
 Dedicated:  no
 Build date: Sep 15 2011 20:31:14


Stacktrace:
 [00] ???                  0x00000b00

Operating system:
 Name:     Mac OS X
 Release:  10.7.2
 Machine:  Intel 80486
 Min Ver:  1040
 Compiler: GCC 4.0.1 "4.0.1 (Apple Inc. build 5490)"

Configuration:
 Blitter:      32bpp-anim
 Graphics set: original_windows (0)
 Language:     /Users/alex/Desktop/openttd-113/OpenTTD.app/Contents/Resources/lang/french.lng
 Music driver: cocoa
 Music set:    original_windows (1)
 Network:      no
 Sound driver: cocoa
 Sound set:    OpenSFX (87)
 Video driver: cocoa

AI Configuration (local: 0):
  0: Human
  1: Denver & Rio Grande (v1)
  2: PathZilla (v6)
  3: WrightAI (v3)
  4: Idle (v1)

Libraries:
 FreeType:   2.4.3
 ICU:        4.6
 LZMA:       5.0.0
 LZO:        2.03
 PNG:        1.4.4
 Zlib:       1.2.5

---- gamelog start ----
Tick 0: new game started
     Revision text changed to 1.1.3, savegame version 160, not modified, _openttd_newgrf_version = 0x1138599a
     New game mode: 1 landscape: 0
     Added NewGRF: GRF ID 52577801, checksum 7C993ADFA13D4CC7CDC785AB32530EB4, filename: opengfx_biggui-1/opengfx+biggui.grf (md5sum matches)
     Added NewGRF: GRF ID 66724F4E, checksum 20AB6D74738955E537802E7A9A871F61, filename: original_vehicle_names.2/origveh.grf (md5sum matches)
     Added NewGRF: GRF ID 37550501, checksum 9C4AB0EBA2C60349FB731DA17F2E655F, filename: esperanto_town_names-1.2/esperanto_town_names.grf (md5sum matches)
---- gamelog end ----

*** End of OpenTTD Crash Report ***
