*** OpenTTD Crash Report ***

Crash at: Sun Feb 28 18:41:52 2010
In game date: 2015-03-23 (72)

Crash reason:
 Exception: C0000005
 Location:  004CE93E
 Message:   <none>

OpenTTD version:
 Version:    1.0.0-RC1 (0)
 NewGRF ver: 10004ad5
 Bits:       32
 Endian:     little
 Dedicated:  no
 Build date: Feb 17 2010 23:12:27

Registers:
 EAX: 00000025 EBX: 00000000 ECX: 02366700 EDX: 0000000A
 ESI: 00000005 EDI: 02366450 EBP: 01BE3D80 ESP: 00D6F320
 EIP: 004CE93E EFLAGS: 00010202

 Bytes at instruction pointer:
 01 B5 08 02 00 00 85 F6 74 0F B8 01 00 00 00 88 D9 D3 E0 09 85 8C 00 00

Stack trace:
 00D6F7D0 0000072A 00000C38 006298ED 00000C38 00D6F7D0 00000001 00000640
 000004A1 00001996 00000000 00000000 00CC0020 00D6F3E7 00000000 00D6F4A0
 00648330 023667E0 00D6F3AC 00000756 0000072A 0243E888 00000000 0000FFFF
 00000005 0000000A 00000001 0C000001 000353D5 00000179 02C16490 FFFFFFFF
 0000000C BFF7B9B6 81C48564 0000000C 78001373 7803A110 00D6F3F0 780014A5
 00000009 78001469 FFFFFFFF 0259D9A8 00EF5F70 00000002 00000000 00642CD1
 000001E0 00000495 00000460 025CE410 025CE4F4 00000005 00000000 0077FD15
 02C16490 023EF1E0 00000005 00649CEB 00000000 FFFFFFFA 7FFFFFFF 004B17C2
 00023695 00000000 00040000 0054BDA9 00023695 00D6F700 00D6F6F0 0053F985
 00000088 025CE4E0 00103695 005C8FB2 00023695 023EF1E0 02BDD110 025CE4D8
 FFFFFFFB FFFFFFFF 00000000 000236A0 00000A3D 00000002 02347D60 005E5D50
 01BAE4C4 00000F78 00001B90 025CE410 025CE4F4 025CE410 023664DC 004CC1F9
 025CE4D8 00000000 00000005 00000000 02C16490 00000014 C30C30C3 00C30C30
 00077508 00000000 00D6F570 0053FF90 023664D4 00EC84C0 00000000 0061B946
 0000000F 000001BA 00000005 00000010 FFFFFF05 FFFFFFFF 00000000 00000000
 02C16490 00000000 00000000 000021A1 00000001 00000170 00006982 02A335A0
 000001BA 00D6F700 0000F6F0 00000000 02366450 00000014 02C164C0 0A3D0000
 00D6F4E0 02C11580 00000000 02515A40 00000002 00000000 00000000 00000000
 00000000 00000000 00000000 00000000 00000000 00000000 00000000 00000000
 00000000 00000000 00000000 00000000 00000000 00000000 00000000 00000000
 00000000 00000000 00000000 00000000 00000000 00000000 00000000 00000000
 00000000 00000000 00000000 00000000 0053F2F0 005405C0 0053F530 00000014
 000002E2 0000FFFF 00D6F6F0 0061D3A8 02366450 00000000 00000000 00000000
 02C12D90 0003E4DF 0003E5EF 00636062 0003E4DF 00000000 00D6F6F0 0062B0B4

Operating system:
 Name:     Windows
 Release:  4.10.67766222 (  )
 Compiler: GCC 3.4.5 "3.4.5 (mingw-vista special r3)"

Configuration:
 Blitter:      8bpp-optimized
 Graphics set: original_windows
 Language:     german.lng
 Music driver: dmusic
 Music set:    NoMusic
 Network:      no
 Sound driver: null
 Sound set:    original_windows
 Video driver: win32

AI Configuration (local: 0):
  0: Human
  3: SimpleAI (v1)
  4: SimpleAI (v1)
  5: SimpleAI (v1)
  6: SimpleAI (v1)

Libraries:
 FreeType:   2.3.7
 ICU:        4.0
 LZO:        2.03
 PNG:        1.2.18
 Zlib:       1.2.3

Module information:
 E:\SP\TTD_OPEN\OPENTTD.EXE handle: 0 size: 7601257 crc: 45B48699 date: 2010-02-17 22:15:38

---- gamelog start ----
Tick 0: new game started
     Revision text changed to 1.0.0-RC1, savegame version 138, not modified, _openttd_newgrf_version = 0x10004ad5
     New game mode: 1 landscape: 0
---- gamelog end ----

*** End of OpenTTD Crash Report ***
