*** OpenTTD Crash Report ***

Crash at: Wed Nov 24 23:17:01 2010
In game date: 2000-06-23 (61)

Crash reason:
 Exception: E1212012
 Location:  000007FEFDA8AA7D
 Message:   Assertion failed at line 76 of c:\openttd\compile\src\tile_map.h: tile < MapSize()

OpenTTD version:
 Version:    r21312 (0)
 NewGRF ver: 11005340
 Bits:       64
 Endian:     little
 Dedicated:  no
 Build date: Nov 24 2010 19:25:26

Registers:
 RAX: 00000000752A0C4B RBX: 0000000000000016 RCX: 000000000031E0C0 RDX: 0000000000000000
 RSI: 0000000000000000 RDI: 0000000000000008 RBP: 0000000000000000 RSP: 000000000031E6D0
 R8:  0000000000000000 R9:  0000000000000000 R10: 0000000000000000 R11: 0000000000000286
 R12: 00000001401C4688 R13: 000000013FF457B0 R14: 0000000000000001 R15: 000000007772F59B
 RIP: 000007FEFDA8AA7D EFLAGS: 00000206

 Bytes at instruction pointer:
 48 81 C4 C8 00 00 00 C3 90 90 90 90 90 90 90 90 90 90 90 48 83 EC 48 83

Stack trace:
 00000016 00000000 00000000 00000000 00000008 00000000 0031E708 00000000
 E1212012 00000000 00000000 00000000 FDA8AA7D 000007FE 00000000 00000000
 00000048 00000000 00000001 00000000 00000000 00000000 00000000 00000000
 00000070 00000000 FFFFFFFF FFFFFFFF FFFFFFFF FFFFFFFF 7773C333 00000000
 000F0230 00000000 7785FF9A 00000000 000F03A8 00000000 000F026C 00000000
 00000000 00000000 7773A01B 00000000 00000000 00000000 77843908 00000000
 00000001 00000000 3FFFA9D1 00000001 00000016 00000000 CF6F7F64 00000000
 0016BDF0 00000000 000F0230 00000000 00000000 00000000 77857B3A 00000000
 0088B6C0 00000000 7772F59B 00000000 00000000 00000000 00000001 00000000
 3FD30000 00000001 FFFFFFFF 00000000 FFFFFDE5 00000000 3FFF9C56 00000001
 00000001 00000000 00001E55 00000000 0562D4E0 00000000 00000002 00000000
 00000000 00000000 7786FC65 00000000 00000000 00000000 00000000 00000000
 778A8B3C 00000000 0A00000A 00000000 0031E898 00000000 00000030 00000003
 7772F5BA 00000000 0A00000A 00000000 00843908 00000000 0031E8C8 00000000
 00000000 00000000 0088B6C0 00000000 00000016 00000000 00000000 00000000
 00000000 00000000 77843908 00000000 77865BC0 00000000 7774764C 00000000
 00390E6C 00000000 0088B6C0 00000000 00000001 00000000 00000001 00000000
 00000001 00000000 170A1DCA 00000000 00000000 00000000 00000000 00000000
 00000001 00000000 00000010 00000000 0017C570 00000000 000F0000 00000000
 0017C560 00000000 77871F05 00000000 000F0000 00000000 0017C501 00000000
 00000000 00000000 0017C570 00000000 00390E6C 00000000 777932C4 00000000
 00000001 00000000 00390E6C 00000000 777932C4 00000000 0031ECD0 00000000
 00000000 00000000 4024D736 00000001 00010003 00000000 00000001 00000000
 00000001 00000000 77792825 00000000 0017C570 00000000 0017C570 00000000

Operating system:
 Name:     Windows
 Release:  6.1.7600 ()
 Compiler: MSVC 1500

Configuration:
 Blitter:      8bpp-optimized
 Graphics set: original_windows (0)
 Language:     C:\Program Files\OpenTransPort\lang\german.lng
 Music driver: win32
 Music set:    NoMusic (0)
 Network:      no
 Sound driver: win32
 Sound set:    NoSound (2)
 Video driver: win32

AI Configuration (local: 0):
  0: Human

Libraries:
 FreeType:   2.4.3
 ICU:        4.4.2
 LZMA:       5.0.0
 LZO:        2.03
 PNG:        1.4.4
 Zlib:       1.2.5

Module information:
 C:\Program Files\OpenTransPort\openttd.exe handle: 000000013FD30000 size: 5016064 crc: E1F518AC date: 2010-11-24 18:29:20
 C:\Windows\SYSTEM32\ntdll.dll handle: 0000000077820000 size: 1736608 crc: 51E6A99D date: 2010-03-24 06:59:44
 C:\Windows\system32\kernel32.dll handle: 0000000077600000 size: 1162240 crc: 822946F0 date: 2009-07-14 01:41:13
 C:\Windows\system32\KERNELBASE.dll handle: 000007FEFDA80000 size: 421376 crc: 68F689E4 date: 2009-07-14 01:41:13
 C:\Windows\system32\WINMM.dll handle: 000007FEFB730000 size: 217600 crc: 7BC1529F date: 2009-07-14 01:41:56
 C:\Windows\system32\msvcrt.dll handle: 000007FEFF960000 size: 634880 crc: 7F3E716F date: 2009-07-14 01:41:32
 C:\Windows\system32\USER32.dll handle: 0000000077720000 size: 1008640 crc: 95FA0345 date: 2009-07-14 01:41:56
 C:\Windows\system32\GDI32.dll handle: 000007FEFE0E0000 size: 404480 crc: 0F1BAE69 date: 2009-07-14 01:40:56
 C:\Windows\system32\LPK.dll handle: 000007FEFF940000 size: 41984 crc: 350AF03B date: 2009-07-14 01:41:19
 C:\Windows\system32\USP10.dll handle: 000007FEFF820000 size: 801280 crc: 32EFA120 date: 2009-07-14 01:41:56
 C:\Windows\system32\WS2_32.dll handle: 000007FEFFAE0000 size: 296448 crc: B9553AFD date: 2009-07-14 01:41:58
 C:\Windows\system32\RPCRT4.dll handle: 000007FEFF3D0000 size: 1221632 crc: D5B6358C date: 2009-07-14 01:41:53
 C:\Windows\system32\NSI.dll handle: 000007FEFF950000 size: 13824 crc: 53B46F6C date: 2009-07-14 01:41:53
 C:\Windows\system32\ADVAPI32.dll handle: 000007FEFE000000 size: 877056 crc: FA615A20 date: 2009-07-14 01:40:01
 C:\Windows\SYSTEM32\sechost.dll handle: 000007FEFE260000 size: 113664 crc: 978CFAE5 date: 2009-07-14 01:41:53
 C:\Windows\system32\SHELL32.dll handle: 000007FEFE640000 size: 14162944 crc: 38C0D5D7 date: 2010-07-27 14:59:11
 C:\Windows\system32\SHLWAPI.dll handle: 000007FEFDDB0000 size: 449536 crc: 0BFDF102 date: 2009-07-14 01:41:54
 C:\Windows\system32\IMM32.DLL handle: 000007FEFE490000 size: 167424 crc: 41B2805A date: 2009-07-14 01:41:09
 C:\Windows\system32\MSCTF.dll handle: 000007FEFE150000 size: 1067008 crc: 798DDDA0 date: 2009-07-14 01:41:28
 C:\Windows\system32\SHFolder.dll handle: 000007FEFB430000 size: 10240 crc: 08A48DE3 date: 2009-07-14 01:41:54
 C:\Windows\system32\ole32.dll handle: 000007FEFE280000 size: 2085376 crc: 4764DDC2 date: 2010-06-29 05:39:12
 C:\Windows\system32\MMDevAPI.DLL handle: 000007FEFBE30000 size: 284160 crc: CDF2EF81 date: 2009-07-14 01:41:26
 C:\Windows\system32\PROPSYS.dll handle: 000007FEFBF90000 size: 1212416 crc: 98D01BC9 date: 2009-07-14 01:41:53
 C:\Windows\system32\OLEAUT32.dll handle: 000007FEFFA00000 size: 861184 crc: 112732BA date: 2010-04-07 07:37:39
 C:\Windows\system32\wdmaud.drv handle: 000007FEFB6F0000 size: 217088 crc: AB6BC545 date: 2009-07-14 01:38:50
 C:\Windows\system32\ksuser.dll handle: 0000000075540000 size: 5120 crc: AA2071D9 date: 2009-07-14 01:41:13
 C:\Windows\system32\AVRT.dll handle: 000007FEFBEB0000 size: 18432 crc: 5CE53CB7 date: 2009-07-14 01:40:05
 C:\Windows\system32\SETUPAPI.dll handle: 000007FEFF500000 size: 1899520 crc: 91ED5D15 date: 2009-07-14 01:41:54
 C:\Windows\system32\CFGMGR32.dll handle: 000007FEFDB10000 size: 207360 crc: 369326FC date: 2009-07-14 01:40:15
 C:\Windows\system32\DEVOBJ.dll handle: 000007FEFDAF0000 size: 93184 crc: A7541AE2 date: 2009-07-14 01:40:28
 C:\Windows\system32\AUDIOSES.DLL handle: 000007FEFB5A0000 size: 296448 crc: 07CA71DE date: 2009-07-14 01:40:04
 C:\Windows\system32\msacm32.drv handle: 000007FEFB4F0000 size: 25600 crc: 2B579A05 date: 2009-07-14 01:38:50
 C:\Windows\system32\MSACM32.dll handle: 000007FEFB4D0000 size: 83456 crc: 3D67538B date: 2009-07-14 01:41:27
 C:\Windows\system32\midimap.dll handle: 000007FEFB4A0000 size: 20480 crc: CB902A13 date: 2009-07-14 01:41:23
 C:\Windows\system32\CRYPTBASE.dll handle: 000007FEFD670000 size: 44032 crc: F547C16E date: 2009-07-14 01:40:24
 C:\Windows\system32\CLBCatQ.DLL handle: 000007FEFF6E0000 size: 607744 crc: 939E35C9 date: 2009-07-14 01:40:15
 C:\Windows\system32\uxtheme.dll handle: 000007FEFBDD0000 size: 332288 crc: B0A13DF9 date: 2009-07-14 01:41:56
 C:\Windows\system32\dwmapi.dll handle: 000007FEFB4B0000 size: 82432 crc: A459F360 date: 2009-07-14 01:40:34
 C:\Windows\system32\mswsock.dll handle: 000007FEFCFB0000 size: 320000 crc: EA387916 date: 2009-07-14 01:41:34
 C:\Windows\System32\wshtcpip.dll handle: 000007FEFC9A0000 size: 13312 crc: 5D1E2C55 date: 2009-07-14 01:41:58
 C:\Windows\system32\psapi.dll handle: 00000000779E0000 size: 9216 crc: 84B5E9BA date: 2009-07-14 01:41:53

---- gamelog start ----
Tick 0: new game started
     Revision text changed to r21114, savegame version 151, not modified, _openttd_newgrf_version = 0x1100527a
     New game mode: 1 landscape: 0
     Added NewGRF: GRF ID 6D620401, checksum C5ACB6D5536A464FD78871D91840A35F, filename: dbsetxlw.grf (md5sum matches)
     Added NewGRF: GRF ID 41501201, checksum C91BD14FAC7CA989FA0580DD7D792DD2, filename: heqs.grf (md5sum matches)
     Added NewGRF: GRF ID 44550001, checksum 95B0CEAA497BF62B8796E3CF68BDBEA0, filename: germanrvw.grf (md5sum matches)
     Added NewGRF: GRF ID 4A500101, checksum 674CF12118CAFD9F3565259B1EBD97EB, filename: coalminew.grf (md5sum matches)
     Added NewGRF: GRF ID 504E0001, checksum E7781323D2B0086E2E76342DAA036054, filename: ukwaypointsw.grf (md5sum matches)
     Added NewGRF: GRF ID 504E0002, checksum 6E6944E09CE6C3AC130DF72C542EE4B1, filename: generic_buffers.0.1\buffers.grf (md5sum matches)
     Added NewGRF: GRF ID FBFB0201, checksum C3714CCDCE206A9D1A3903A3A90D351E, filename: transrapid_track_set.beta_1.1\transrapidtracksetw.grf (md5sum matches)
     Added NewGRF: GRF ID 4E480201, checksum C3BB1694AAD8ABF5599AADB352BEE2B1, filename: nhdepw.grf (md5sum matches)
     Added NewGRF: GRF ID 45520400, checksum 1D00426064137AA49B6FC4F4BCFF173F, filename: brickfreightw.GRF (md5sum matches)
     Added NewGRF: GRF ID 4A430002, checksum 0728ADCB4DF2F1EB9247ABD449296F4E, filename: indstatrw.grf (md5sum matches)
     Added NewGRF: GRF ID 4E530107, checksum 2C7C69E0C385722EC2C89520CC0F3DE8, filename: newstations_allw.grf (md5sum matches)
     Added NewGRF: GRF ID 474E4333, checksum 72C80D3A994532CDF0F9C40FBB278799, filename: bauxite_waggon-1.0\bauxwaggw.grf (md5sum matches)
     Added NewGRF: GRF ID F1250020, checksum ECEFF78ED92526DF5CDF5BAED77ED805, filename: firs_industry_replacement_set-0.3\firs.grf (md5sum matches)
     Added NewGRF: GRF ID 19060801, checksum 6CFC6328D999C140851BFE6514BA277A, filename: bigger_depots.0.3\bigdepot.grf (md5sum matches)
     Added NewGRF: GRF ID 274C2348, checksum E44A7D977D1980908B1DBF09F73F514C, filename: db_double_deck_coaches.v0.1\dbddw.grf (md5sum matches)
     Added NewGRF: GRF ID 4F460A01, checksum 4E930501C73FF984F54489B2EC1AF052, filename: earlier_road_vehicles.1.0\erv.grf (md5sum matches)
     Added NewGRF: GRF ID 41533031, checksum 911AC4448EE52CFDF171FA358404DD23, filename: swedish_houses-1.1\swehouses.grf (md5sum matches)
     Added NewGRF: GRF ID 56430001, checksum AF3E0A1E6EF0B98DB966594578D1775B, filename: total_town_replacement_set-3.02a\ttrs3w.grf (md5sum matches)
Tick 22877: game loaded
     Revision text changed to r21117, savegame version 151, not modified, _openttd_newgrf_version = 0x1100527d
Tick 64560: game loaded
     Revision text changed to r21124, savegame version 151, not modified, _openttd_newgrf_version = 0x11005284
Tick 33356: game loaded
     Revision text changed to r21147, savegame version 151, not modified, _openttd_newgrf_version = 0x1100529b
Tick 97: game loaded
     Revision text changed to r21152, savegame version 151, not modified, _openttd_newgrf_version = 0x110052a0
Tick 5271: game loaded
     Revision text changed to r21176, savegame version 152, not modified, _openttd_newgrf_version = 0x110052b8
Tick 40579: game loaded
     Revision text changed to r21193, savegame version 152, not modified, _openttd_newgrf_version = 0x110052c9
Tick 37079: game loaded
     Revision text changed to r21199, savegame version 152, not modified, _openttd_newgrf_version = 0x110052cf
Tick 12494: game loaded
     Revision text changed to r21212, savegame version 152, not modified, _openttd_newgrf_version = 0x110052dc
Tick 6998: game loaded
     Revision text changed to r21226, savegame version 152, not modified, _openttd_newgrf_version = 0x110052ea
Tick 30229: game loaded
     Revision text changed to r21243, savegame version 152, not modified, _openttd_newgrf_version = 0x110052fb
Tick 16990: game loaded
     Revision text changed to r21258, savegame version 152, not modified, _openttd_newgrf_version = 0x1100530a
Tick 21369: game loaded
     Revision text changed to r21277, savegame version 153, not modified, _openttd_newgrf_version = 0x1100531d
Tick 37394: game loaded
     Revision text changed to r21296, savegame version 153, not modified, _openttd_newgrf_version = 0x11005330
Tick 42632: game loaded
     Revision text changed to r21312, savegame version 153, not modified, _openttd_newgrf_version = 0x11005340
---- gamelog end ----

*** End of OpenTTD Crash Report ***

Decoded stack trace:
[00] KERNELBASE           0x000007FEFDA8AA7D RaiseException + 61
[01] openttd              0x000000013FFFA9D1
[02] openttd              0x000000013FFF9C56
[03] openttd              0x000000013FD72525
[04] openttd              0x000000013FE378BA
[05] openttd              0x000000013FE38E75
[06] openttd              0x000000013FE39071
[07] openttd              0x000000013FD90AB9
[08] openttd              0x000000013FD75A12
[09] openttd              0x000000013FD75CBB
[10] openttd              0x000000013FF440F9
[11] openttd              0x000000013FD74274
[12] openttd              0x000000013FF466AE
[13] openttd              0x000000013FFFC8F9
[14] kernel32             0x000000007761F56D BaseThreadInitThunk + 13
[15] ntdll                0x0000000077853021 RtlUserThreadStart + 33

*** End of additional info ***
