*** OpenTTD Crash Report ***

Crash at: Fri Mar 11 14:50:14 2016
In game date: 1870-12-07 (36)

Crash reason:
 Signal:  Segmentation fault: 11 (11)
 Message: <none>

OpenTTD version:
 Version:    1.5.3 (0)
 NewGRF ver: 15386b46
 Bits:       32
 Endian:     little
 Dedicated:  no
 Build date: Dec  1 2015 20:16:54


Stacktrace:
 [00] ???                  0x00000b00

Operating system:
 Name:     Mac OS X
 Release:  10.11.3
 Machine:  Intel 80486
 Min Ver:  1040
 Compiler: GCC 4.0.1 "4.0.1 (Apple Inc. build 5490)"

Configuration:
 Blitter:      32bpp-anim
 Graphics set: OpenGFX (5580)
 Language:     /Users/bgt/Downloads/openttd-1.5.3-macosx-universal/OpenTTD.app/Contents/Resources/lang/english_US.lng
 Music driver: cocoa
 Music set:    NoMusic (0)
 Network:      no
 Sound driver: cocoa
 Sound set:    NoSound (2)
 Video driver: cocoa

Fonts:
 Small:  sprite
 Medium: sprite
 Large:  sprite
 Mono:   sprite

AI Configuration (local: 0):
  0: Human

Libraries:
 FreeType:   2.4.3
 ICU:        51.2
 LZMA:       5.0.0
 LZO:        2.03
 PNG:        1.4.4
 Zlib:       1.2.5

---- gamelog start ----
Tick 0: new game started
Revision text changed to 1.5.3, savegame version 194, not modified, _openttd_newgrf_version = 0x15386b46
New game mode: 1 landscape: 0
Added NewGRF: GRF ID 4A4D0101, checksum AFE4E75999A3FF92D4B01DBEE9A803E9, filename: sailing_ships-0.62/ss.grf (md5sum matches)
Added NewGRF: GRF ID F1250005, checksum 04817A8E04171941B350B8363AF798AB, filename: firs_industry_replacement_set-1.4.5/firs.grf (md5sum matches)
Added NewGRF: GRF ID 504A0107, checksum 92B822D319E71F920908801AD5751D26, filename: beach_objects-1.2/beach_v1_2.grf (md5sum matches)
Added NewGRF: GRF ID 4D42000A, checksum BC3A0E791C74C1A04A3B90C3B2FA83A6, filename: bats-0.4/batsv0.4w.grf (md5sum matches)
Added NewGRF: GRF ID 4D420100, checksum 1A5D28D0719FCDB928F59AEFDBE07B7C, filename: bobs_british_buses-0.2.1/bbbw.grf (md5sum matches)
Added NewGRF: GRF ID 42533036, checksum CE427F6E64E3C30544097207B34887BA, filename: brianum_x2014__millennium_z-1.0.1/brianum_x2014_z2.grf (md5sum matches)
Added NewGRF: GRF ID 42530102, checksum 8E89C313DA6149520F6AD09A56CEEFBC, filename: brianum_br_611-1.0/br611.grf (md5sum matches)
Added NewGRF: GRF ID 42530103, checksum FD2367199187888F80E358FE06723AFB, filename: brianum_br_628-1.0/br628.grf (md5sum matches)
Added NewGRF: GRF ID 42530101, checksum 13FFF2D7F704C544E3638AA6DB1C03FF, filename: brianum_br_641_alstom_coradia_-1.0/br641.grf (md5sum matches)
Added NewGRF: GRF ID 42533032, checksum F9E16508E98197A5404A7A22F28E13E5, filename: brianum_sh_50__sh_60-1.0.1/brianum_sh50.grf (md5sum matches)
Added NewGRF: GRF ID 42533031, checksum A6CF807078DE75D0209D53BE8BA6FDEC, filename: brianum_speed_limit_for_bridges-1.0/brianum_bridges.grf (md5sum matches)
Added NewGRF: GRF ID 42533035, checksum 38884892BB4BC3765833008D4F37B1AD, filename: brianum_speedlimit_for_monorail-1.0/brianum_monorail_speedlimit.grf (md5sum matches)
Added NewGRF: GRF ID 42533033, checksum E982D0EBB8FBEFD41CF1547EBF55F50F, filename: brianum_vacuummonorail_tube-1.0/brianum_vactrain_railtype.grf (md5sum matches)
Added NewGRF: GRF ID 42533034, checksum C46D3FE505219D3CD946FDE7FD33164C, filename: brianum_vakuummonorail_trains-1.02/brianum_vactrain_vehicles.grf (md5sum matches)
Added NewGRF: GRF ID 4C530301, checksum F1BD2B034BAFB1041071447AE952B208, filename: brick_tram_depot-1.0.0/bricktramdepot.grf (md5sum matches)
Added NewGRF: GRF ID 0100403A, checksum 26B8CB3E29FA6DAD15DFE2F08F0BF1ED, filename: city_objects-b08.1/co08.1.grf (md5sum matches)
Added NewGRF: GRF ID 52455400, checksum 1600687C50C5AB1E72EDD487CAD50E2A, filename: coded_by_aegir._artwork_by_aegir-1/ae_cityw.grf (md5sum matches)
Added NewGRF: GRF ID FE16215C, checksum 69D13699AC16604E825F7657E6AACA72, filename: city_tram_set-b02/cts02.grf (md5sum matches)
Added NewGRF: GRF ID 4E440107, checksum 3AF0DA02CA5186F821CD0247BC1A4DCA, filename: dock_with_containers_and_crane-1.0/docksw.grf (md5sum matches)
Added NewGRF: GRF ID 52571203, checksum 7CE88A25DDB058C1BE577B88D049B274, filename: egrvts2-188/egrvts2.grf (md5sum matches)
Added NewGRF: GRF ID 41533032, checksum 78A4F0E07D79001CEAC38B20E1F7B370, filename: finnish_town_names-1.0/finnish_town_names.grf (md5sum matches)
Added NewGRF: GRF ID 4A560101, checksum 6A9F478B12CED677D71DE276ABB137D2, filename: finnish_trainset-0.5.8/finnishtrainset.grf (md5sum matches)
Added NewGRF: GRF ID 414E0101, checksum 5D665C64693A438E3046C22666F46E08, filename: fish_ship_set-0.9.2/fish.grf (md5sum matches)
Added NewGRF: GRF ID 444A0201, checksum 5E0499453FD925A7FB957868260F8EE4, filename: generic_european_train_set_ges-alpha2.2/ges_pa2.2.grf (md5sum matches)
Added NewGRF: GRF ID 4D570102, checksum 8C41066F2430A1762047AB077B51EE63, filename: hover_bus.1.0/hoverbus_1.0.grf (md5sum matches)
Added NewGRF: GRF ID 485A0101, checksum 7636EC20949478C0576AE6CDACE9EC84, filename: hover_vehicles-1/hoverv.grf (md5sum matches)
Added NewGRF: GRF ID 4341121E, checksum C4E66D59A53286E9B2DDEB1920C2D9AA, filename: iron_horse-1.8.0/iron-horse.grf (md5sum matches)
Added NewGRF: GRF ID FBFB0402, checksum D83CC84C8B92C924C5EBEEE96565D194, filename: metro_track_set-2.1.2/metrotrackset.grf (md5sum matches)
Added NewGRF: GRF ID 41410107, checksum 4128D1A2D620EF69A9AFA08AA70B4AD9, filename: airport_asphalt_ttdur-1.0/airportasphaltw.grf (md5sum matches)
Added NewGRF: GRF ID 52577801, checksum 20B5D8122F2B4AD74ADDA30E44BA8233, filename: opengfx_biggui-2.0.0/ogfx-biggui.grf (md5sum matches)
Added NewGRF: GRF ID 41533031, checksum B21E7D6ADD69B1C07643939764FB4878, filename: swedish_houses-1.1.2/swehouses.grf (md5sum matches)
Added NewGRF: GRF ID 41490006, checksum 37860FF76C7645EFD0B8B1B2D26BAF05, filename: swedish_trains.7.3/ai_swedish.grf (md5sum matches)
---- gamelog end ----

*** End of OpenTTD Crash Report ***
