*** OpenTTD Crash Report ***
Date: 2008-02-25 01:15:56
Build: 0.6.0-beta4 built on Feb 18 2008 22:59:36
Reason: Assertion failed at d:\developpement\ottd\0.6.0-beta4\src\tile_map.h:70: tile < MapSize()
Exception C0000005 at 004720C2
Registers:
 EAX: 01498058 EBX: 00000001 ECX: 0012F68C EDX: 014980B2
 ESI: FFFFFFFC EDI: FFFFFFF8 EBP: 0012F8D4 ESP: 0012F8A4
 EIP: 004720C2 EFLAGS: 00210202

Bytes at CS:EIP:
 C6 05 00 00 00 00 00 A1 E4 B0 68 00 0F B6 04 F0 C1 E8 04 C3 53 56 8B F0

Stack trace: 
 00416B85 000007C8 00432227 000007C8 FFFFFFF8 00003A98 00000000 00000001
 FFFFF060 00000250 00000000 00000000 0012F948 004519DC 00000010 00000001
 00405A08 000000FD 00000000 000000FD 0012F9AC 00000001 015ED3B8 0112F914
 00000000 000007C0 004171D1 00000096 00000000 765A7A7E 00003A98 00000000
 0101FFFF 00000000 00003A98 00000000 0001FFFF 00000000 00003A98 00000000
 0001FFFF 0012F970 004668B1 0000007C 000000FD 00000000 004519CE 00960054
 00000001 00000000 00664B00 0000007C 0045E8F0 00000004 00664B8C 0012F99C
 00000000 0012F998 00664DF0 0012F9B4 00000202 0044053E 0012F9C8 004405FE
 00000000 00000202 00000015 000007C2 0000000E 0000007C 000000FD 00000004
 00000000 0012FA04 0044594D 00000000 00000202 00000000 00000000 00000000
 00000000 0012FA9C 77D00E6E 0012FA00 00000018 0012FB30 77D00E20 00DA00D8
 00000000 00445C74 00000000 00000000 00000000 00000202 0012FA9C 00000000
 004D4024 0012FB18 00000202 00000000 00E30208 02D2DD71 00000208 000000F7
 00000001 77E7D39B 77E7D385 00000000 00000001 0012FB30 00000000 0012FB30
 7FFDF6CC 00000000 0012FAA4 10109BD6 00010280 00000000 00000001 0012FB18
 0012FBE4 00000000 77E53617 00000000 00000001 0012FB30 0012FAC8 77E61A10
 005C0748 00000202 00000000 00E30208 00000202 DCBAABCD 00000000 0012FB18
 00000202 0012FB40 77E61AE8 004D3BD5 005C0748 00000202 00000000 00E30208
 B0B4C3C7 0012FBEC 0012FBE4 00DA00D8 00000024 00000001 00000000 00000000
 00000030 FFFFFFFF FFFFFFFF 77E61A91 00000000 0012FF90 00000001 00000000
 00000000 0012FAE4 0012F4C4 0012FB94 77EA76CC C740238F 00000000 0012FBA4
 77E62A47 00000000 004D3BD5 005C0748 00000202 00000000 00E30208 00DA00EC
 00000001 B0B4C323 02D2DD71 77E625BC 77E59FE9 0012FBA4 77E5C5CD 00000000
 00000000 00000000 0012FB68 0012F4C4 0012FF90 77EA76CC C74012EF FFFFFFFE

Module information:
 D:\Games\OpenTTD\openttd.exe handle: 00400000 size: 1802752 crc: 264B9914 date: 2008-02-18 22:02:38
 C:\Windows\system32\ntdll.dll handle: 77CA0000 size: 1162656 crc: 9860BAFC date: 2006-11-02 09:47:26
 C:\Windows\system32\kernel32.dll handle: 76560000 size: 874496 crc: 17CD63D4 date: 2006-11-02 09:46:05
 C:\Windows\system32\WINMM.dll handle: 74840000 size: 193024 crc: 9854C61E date: 2006-11-02 09:46:14
 C:\Windows\system32\msvcrt.dll handle: 77240000 size: 681472 crc: 3E43316C date: 2006-11-02 09:46:10
 C:\Windows\system32\USER32.dll handle: 77E40000 size: 633856 crc: 43750877 date: 2007-10-08 15:52:02
 C:\Windows\system32\GDI32.dll handle: 77DF0000 size: 296448 crc: DEFE2EF3 date: 2006-11-02 09:46:05
 C:\Windows\system32\ADVAPI32.dll handle: 77580000 size: 770048 crc: 5657747A date: 2006-11-02 09:46:02
 C:\Windows\system32\RPCRT4.dll handle: 76640000 size: 788992 crc: C1C20BA2 date: 2007-10-10 20:26:45
 C:\Windows\system32\ole32.dll handle: 772F0000 size: 1314816 crc: E94D6A09 date: 2006-11-02 09:46:12
 C:\Windows\system32\OLEAUT32.dll handle: 774E0000 size: 558080 crc: C95B8530 date: 2008-02-13 22:43:06
 C:\Windows\system32\OLEACC.dll handle: 74800000 size: 214016 crc: 77FD0E8C date: 2006-11-02 09:46:12
 C:\Windows\system32\WS2_32.dll handle: 76740000 size: 178688 crc: AAACD85A date: 2006-11-02 09:46:14
 C:\Windows\system32\NSI.dll handle: 77570000 size: 10240 crc: 7ABAD1AB date: 2006-11-02 09:46:12
 C:\Windows\system32\IMM32.DLL handle: 77DC0000 size: 115200 crc: 4E2420B1 date: 2006-11-02 09:46:05
 C:\Windows\system32\MSCTF.dll handle: 778F0000 size: 805888 crc: 15E5B0F8 date: 2006-11-02 09:46:06
 C:\Windows\system32\LPK.DLL handle: 77850000 size: 24064 crc: F8DEC626 date: 2006-11-02 09:46:05
 C:\Windows\system32\USP10.dll handle: 77C20000 size: 502784 crc: 92784FE4 date: 2006-11-02 09:46:13
 C:\Windows\system32\eNetHook.dll handle: 10000000 size: 90112 crc: 33951200 date: 2007-05-22 12:00:04
 C:\Windows\system32\SHLWAPI.dll handle: 77A90000 size: 339968 crc: DD3E7F6D date: 2006-11-02 09:46:13
 C:\Windows\WinSxS\x86_microsoft.windows.common-controls_6595b64144ccf1df_6.0.6000.16386_none_5d07289e07e1d100\comctl32.dll handle: 75FF0000 size: 1648128 crc: 3646BCFE date: 2006-11-02 09:38:57
 C:\Windows\system32\SHFolder.dll handle: 73130000 size: 7168 crc: 1CA14A5C date: 2006-11-02 09:46:13
 C:\Windows\system32\SHELL32.dll handle: 76770000 size: 11315200 crc: C7F3350B date: 2007-10-08 16:33:45
 C:\Windows\system32\wdmaud.drv handle: 746A0000 size: 168448 crc: 77A2240C date: 2006-11-02 09:44:42
 C:\Windows\system32\ksuser.dll handle: 747D0000 size: 4608 crc: 4C647881 date: 2006-11-02 09:46:05
 C:\Windows\system32\AVRT.dll handle: 756E0000 size: 12800 crc: 55075A98 date: 2006-11-02 09:46:02
 C:\Windows\system32\MMDevAPI.DLL handle: 75550000 size: 146944 crc: 8356CE09 date: 2006-11-02 09:46:05
 C:\Windows\system32\CLBCatQ.DLL handle: 77860000 size: 523776 crc: 80402F8D date: 2006-11-02 09:46:02
 C:\Windows\system32\SETUPAPI.dll handle: 77640000 size: 1585664 crc: 385AD08F date: 2008-02-13 22:43:05
 C:\Windows\system32\WINTRUST.dll handle: 754B0000 size: 171520 crc: CC0AAD60 date: 2006-11-02 09:46:14
 C:\Windows\system32\CRYPT32.dll handle: 75D70000 size: 974336 crc: CE612123 date: 2007-06-20 13:53:02
 C:\Windows\system32\MSASN1.dll handle: 75EB0000 size: 59904 crc: 7A69072B date: 2006-11-02 09:46:06
 C:\Windows\system32\USERENV.dll handle: 76410000 size: 107008 crc: 8A03C1B2 date: 2006-11-02 09:46:13
 C:\Windows\system32\Secur32.dll handle: 763F0000 size: 72704 crc: 8A267374 date: 2006-11-02 09:46:12
 C:\Windows\system32\imagehlp.dll handle: 76710000 size: 152576 crc: 04F330F8 date: 2007-10-08 16:25:05
 C:\Windows\System32\audioses.dll handle: 74640000 size: 115712 crc: EDAD9818 date: 2006-11-02 09:46:02
 C:\Windows\System32\audioeng.dll handle: 745D0000 size: 398848 crc: 6620F414 date: 2006-11-02 09:46:02
 C:\Windows\system32\PSAPI.DLL handle: 764C0000 size: 12288 crc: D7B812C5 date: 2006-11-02 09:46:12
 C:\Windows\system32\msacm32.drv handle: 747C0000 size: 21504 crc: BB7F5A40 date: 2006-11-02 09:44:42
 C:\Windows\system32\MSACM32.dll handle: 74680000 size: 73216 crc: D2218869 date: 2006-11-02 09:46:06
 C:\Windows\system32\midimap.dll handle: 74670000 size: 17408 crc: 5B132C06 date: 2006-11-02 09:46:05
 C:\Windows\system32\uxtheme.dll handle: 75010000 size: 240640 crc: C7A510F1 date: 2006-11-02 09:46:13
 C:\Windows\system32\MsnChatHook.dll handle: 012E0000 size: 94208 crc: 216956D3 date: 2007-02-12 13:02:08
 C:\Windows\system32\ShowErrMsg.dll handle: 013E0000 size: 63488 crc: 8F437047 date: 2007-04-25 13:30:44
 C:\Windows\system32\sysenv.dll handle: 01540000 size: 286720 crc: 69680D55 date: 2007-04-25 13:30:40
 C:\Windows\system32\VERSION.dll handle: 75AC0000 size: 20480 crc: 63E45BA2 date: 2006-11-02 09:46:13
 C:\Windows\system32\WININET.dll handle: 779C0000 size: 824832 crc: 67031B18 date: 2008-02-13 22:35:43
 C:\Windows\system32\Normaliz.dll handle: 77DE0000 size: 2560 crc: B752797B date: 2006-11-02 08:33:06
 C:\Windows\system32\iertutil.dll handle: 77440000 size: 266752 crc: 7D4B4DB8 date: 2006-11-02 09:46:05
 C:\Windows\system32\WINSPOOL.DRV handle: 72E50000 size: 255488 crc: 1E6E3F2C date: 2006-11-02 09:44:42
 C:\Windows\system32\comdlg32.dll handle: 777D0000 size: 454656 crc: C306B37B date: 2006-11-02 09:46:03
 C:\Windows\WinSxS\x86_microsoft.windows.common-controls_6595b64144ccf1df_5.82.6000.16386_none_87e0cb09378714f1\COMCTL32.dll handle: 74710000 size: 537088 crc: 4F97EA31 date: 2006-11-02 09:38:56
 C:\Windows\system32\BatchCrypto.dll handle: 01590000 size: 28672 crc: 796AD843 date: 2007-04-25 13:31:00
 C:\Windows\system32\CryptoAPI.dll handle: 02000000 size: 401408 crc: 471E4B9C date: 2006-11-29 18:30:18
 C:\Windows\WinSxS\x86_microsoft.vc80.crt_1fc8b3b9a1e18e3b_8.0.50727.762_none_10b2f55f9bffb8f8\MSVCR80.dll handle: 73330000 size: 626688 crc: 1891790F date: 2007-06-20 14:16:54
 C:\Windows\system32\keyManager.dll handle: 02690000 size: 237568 crc: 538E24CA date: 2007-03-17 02:19:08
 C:\Windows\WinSxS\x86_microsoft.vc80.mfc_1fc8b3b9a1e18e3b_8.0.50727.762_none_0c178a139ee2a7ed\MFC80U.DLL handle: 72D40000 size: 1093120 crc: B59ACBB7 date: 2007-06-20 14:16:57
 C:\Windows\WinSxS\x86_microsoft.vc80.crt_1fc8b3b9a1e18e3b_8.0.50727.762_none_10b2f55f9bffb8f8\MSVCP80.dll handle: 72290000 size: 548864 crc: 5108E115 date: 2007-06-20 14:16:54
 C:\Windows\system32\dbghelp.dll handle: 73960000 size: 798208 crc: 4DCBDCF0 date: 2006-11-02 09:46:03
 C:\Program Files\Logitech\SetPoint\GameHook.dll handle: 10D00000 size: 64016 crc: 290F45C5 date: 2007-11-15 08:06:18
 C:\Program Files\Logitech\SetPoint\lgscroll.dll handle: 10100000 size: 62480 crc: 1D428DE6 date: 2007-11-15 08:10:38
 C:\Windows\system32\NTMARTA.DLL handle: 75720000 size: 120832 crc: 08F6387F date: 2006-11-02 09:46:12
 C:\Windows\system32\WLDAP32.dll handle: 77490000 size: 288768 crc: 35713C79 date: 2006-11-02 09:46:14
 C:\Windows\system32\SAMLIB.dll handle: 76190000 size: 56320 crc: F1C77707 date: 2006-11-02 09:46:12
 C:\Windows\system32\dmime.dll handle: 6AFB0000 size: 178688 crc: DAE0D69F date: 2006-11-02 12:34:33
 C:\Windows\system32\DSOUND.dll handle: 74B40000 size: 445440 crc: CDD4A072 date: 2006-11-02 09:46:04
 C:\Windows\system32\POWRPROF.dll handle: 75700000 size: 96768 crc: F38999AB date: 2006-11-02 09:46:12
 C:\Windows\system32\dmusic.dll handle: 6D840000 size: 101376 crc: 7F7DD187 date: 2006-11-02 12:34:33
 C:\Windows\system32\dmsynth.dll handle: 6D910000 size: 105472 crc: 098E46B7 date: 2006-11-02 12:34:33
 C:\Windows\system32\dmloader.dll handle: 72C10000 size: 38400 crc: 9F2D389D date: 2006-11-02 12:34:33
 C:\Windows\system32\mswsock.dll handle: 75A80000 size: 227328 crc: 292B63F9 date: 2006-11-02 09:46:10
 C:\Windows\System32\wshtcpip.dll handle: 756F0000 size: 11264 crc: 00CB0211 date: 2006-11-02 09:46:14
 C:\Acer\Empowering Technology\EPOWER\SysHook.dll handle: 027B0000 size: 208896 crc: 48892807 date: 2007-02-07 06:25:00
 C:\Windows\system32\dmstyle.dll handle: 6BB20000 size: 105472 crc: 3B1A1D06 date: 2006-11-02 12:34:33
 C:\Windows\system32\dmband.dll handle: 75150000 size: 30208 crc: 1AE3457D date: 2006-11-02 12:34:33

System information:
 Windows version 6.0 6000 
