*** OpenTTD Crash Report ***
Date: 2008-09-17 12:14:17
Build: 0.6.1 built on Jun  1 2008 19:02:14
Exception C0000005 at 004B00BC
Registers:
 EAX: 00000000 EBX: 022949AC ECX: 00000000 EDX: 00000023
 ESI: 00DA1ECC EDI: 0013FA70 EBP: 0013FA50 ESP: 0013FA48
 EIP: 004B00BC EFLAGS: 00010246

Bytes at CS:EIP:
 8B 04 81 5E C9 C3 33 C9 C7 40 34 A5 F2 4A 00 C7 40 38 CA F2 4A 00 C7 40

Stack trace: 
 02295BC0 0013FA70 0013FA60 004B30A2 022949AC 02295BC0 0013FABC 004B01AF
 02295BC0 00000001 00000000 00000000 00000000 00000000 00000000 00000000
 0043B96C 00000100 00000001 02295BC0 022949AC FFFF004B 00000000 004AF2A5
 004AF2CA 004AF2EF 004AF3A9 004B0019 00000209 0013FAF8 0048CA28 0000004B
 02295BC0 00000003 02295BC0 0048FC3C 00000003 01DE9A28 01DE99D0 00439355
 0001863E 0000061C 00000002 022949AC 0013FB5C 0048FD62 022949AC 004905E9
 00000001 022949AC 00000000 022949AC 000023E8 0000061C 0001863E 0001863E
 00018A3E 000023E8 0000061C 0001863E 0001863E 00000000 00000000 00018A3E
 00000000 00490BCD 00000000 00490C3C 00000001 0013FB84 00490D7C 022949AC
 00000000 00000001 022949AC 022949AC 00000000 000000E2 0047ECB6 0013FBC8
 00491000 00000001 0021D39B 00435FDC 0021D38B 0021D39B 00000000 00000008
 000FD3F8 0013FBC8 0000000F 0021D38B 0021D39B 004243A3 00000000 005CD46C
 0013FBD8 004246AA 00000000 0013FBC0 00000000 004C6BAF 0065439C 005CD7A0
 0013FD14 00000000 00000000 0021D39B 0021D3B9 00000000 00000000 0005014C
 00000113 00000001 004C5C2C 0021D37C 00000106 00000107 FFFFFFFE 004FEB96
 00435103 00E2F978 0065439C 004131CA 005CD7A0 00423C17 0013FD2C 00000001
 00000001 00000008 00000100 00000000 FFFFFFFF 00000000 00C90000 00000000
 00000000 FFFFFFFF 0013FE34 00574A98 00000000 FFFFFFFF 00000000 00000000
 00000000 0000FDE8 00020500 00000000 00020606 0013FCC4 7C821692 00000022
 FFFFFFFF 00000020 00000100 0000FDE9 0013FD2C 00000001 0000001F 0013FCF0
 7C8215EB 0000FDE9 00000000 000205C8 FFFFFFFF 0013FD2C 00000104 00000000
 00000000 FFFFFFFE 0013FF00 00440265 0000FDE9 00000000 000205C8 FFFFFFFF
 0013FD2C 00000104 00001D9E 0013FF30 0043FE58 00000001 0013FE30 FFFFFFFE
 00000000 5C3A4322 706D6554 65704F5C 4454546E 65706F5C 6474746E 6578652E

Module information:
 C:\Temp\OpenTTD\openttd.exe handle: 00400000 size: 1722368 crc: 1731CED0 date: 2008-06-01 17:07:00
 C:\WINDOWS\system32\ntdll.dll handle: 7C900000 size: 708096 crc: A5A50370 date: 2006-02-28 12:00:00
 C:\WINDOWS\system32\kernel32.dll handle: 7C800000 size: 984576 crc: 2CCFBF2B date: 2007-04-16 15:52:53
 C:\WINDOWS\system32\WINMM.dll handle: 76B40000 size: 176128 crc: 123646FA date: 2006-02-28 12:00:00
 C:\WINDOWS\system32\USER32.dll handle: 7E410000 size: 578048 crc: DBF908BB date: 2007-03-08 15:48:36
 C:\WINDOWS\system32\GDI32.dll handle: 77F10000 size: 282624 crc: E40C3135 date: 2008-02-20 06:52:43
 C:\WINDOWS\system32\ADVAPI32.dll handle: 77DD0000 size: 616960 crc: 5E7A2F0A date: 2006-02-28 12:00:00
 C:\WINDOWS\system32\RPCRT4.dll handle: 77E70000 size: 584192 crc: B1CE66F6 date: 2007-07-09 13:09:42
 C:\WINDOWS\system32\Secur32.dll handle: 77FE0000 size: 55808 crc: 5A32C057 date: 2006-02-28 12:00:00
 C:\WINDOWS\system32\WS2_32.dll handle: 71AB0000 size: 82944 crc: 9738CC56 date: 2006-02-28 12:00:00
 C:\WINDOWS\system32\msvcrt.dll handle: 77C10000 size: 343040 crc: 5298C0C5 date: 2006-02-28 12:00:00
 C:\WINDOWS\system32\WS2HELP.dll handle: 71AA0000 size: 19968 crc: F5DD5AB6 date: 2006-02-28 12:00:00
 C:\WINDOWS\system32\ShimEng.dll handle: 5CB70000 size: 65536 crc: B468FDA9 date: 2006-02-28 12:00:00
 C:\WINDOWS\AppPatch\AcLayers.DLL handle: 71590000 size: 450048 crc: DEF94F42 date: 2006-02-28 12:00:00
 C:\WINDOWS\system32\SHELL32.dll handle: 7C9C0000 size: 8460288 crc: 4B674781 date: 2007-10-26 03:34:01
 C:\WINDOWS\system32\SHLWAPI.dll handle: 77F60000 size: 474112 crc: 32073FC0 date: 2008-06-23 16:12:05
 C:\WINDOWS\system32\ole32.dll handle: 774E0000 size: 1285120 crc: AD325A7F date: 2005-07-26 04:39:48
 C:\WINDOWS\system32\USERENV.dll handle: 769C0000 size: 723456 crc: FC738E60 date: 2006-02-28 12:00:00
 C:\WINDOWS\system32\WINSPOOL.DRV handle: 73000000 size: 146432 crc: 1E782CA3 date: 2006-02-28 12:00:00
 C:\WINDOWS\AppPatch\AcGenral.DLL handle: 6F880000 size: 1852416 crc: 8AA52A9B date: 2006-02-28 12:00:00
 C:\WINDOWS\system32\OLEAUT32.dll handle: 77120000 size: 550912 crc: 18657280 date: 2007-12-04 18:38:13
 C:\WINDOWS\system32\MSACM32.dll handle: 77BE0000 size: 71680 crc: 6A21891E date: 2006-02-28 12:00:00
 C:\WINDOWS\system32\VERSION.dll handle: 77C00000 size: 18944 crc: CFE439BB date: 2006-02-28 12:00:00
 C:\WINDOWS\system32\UxTheme.dll handle: 5AD70000 size: 218624 crc: 5AA98F22 date: 2006-02-28 12:00:00
 C:\WINDOWS\WinSxS\x86_Microsoft.Windows.Common-Controls_6595b64144ccf1df_6.0.2600.2982_x-ww_ac3f9c03\comctl32.dll handle: 773D0000 size: 1054208 crc: 58D6578C date: 2006-08-25 15:45:55
 C:\WINDOWS\system32\comctl32.dll handle: 5D090000 size: 617472 crc: 232F6674 date: 2006-08-25 15:45:58
 C:\WINDOWS\system32\SHFolder.dll handle: 76780000 size: 25088 crc: 2EC7582B date: 2006-02-28 12:00:00
 C:\WINDOWS\system32\WINTRUST.dll handle: 76C30000 size: 176640 crc: 88D208BD date: 2006-02-28 12:00:00
 C:\WINDOWS\system32\CRYPT32.dll handle: 77A80000 size: 597504 crc: 971ECFAA date: 2006-02-28 12:00:00
 C:\WINDOWS\system32\MSASN1.dll handle: 77B20000 size: 57344 crc: D5127637 date: 2006-02-28 12:00:00
 C:\WINDOWS\system32\IMAGEHLP.dll handle: 76C90000 size: 144384 crc: 714A70BC date: 2006-02-28 12:00:00
 C:\WINDOWS\system32\wdmaud.drv handle: 72D20000 size: 23552 crc: 982E84EE date: 2004-08-03 14:56:58
 C:\WINDOWS\system32\msacm32.drv handle: 72D10000 size: 20480 crc: D5406BAE date: 2006-02-28 12:00:00
 C:\WINDOWS\system32\midimap.dll handle: 77BD0000 size: 18944 crc: 502B5282 date: 2006-02-28 12:00:00
 C:\WINDOWS\system32\CLBCATQ.DLL handle: 76FD0000 size: 498688 crc: 9DED030F date: 2005-07-26 04:39:43
 C:\WINDOWS\system32\COMRes.dll handle: 77050000 size: 792064 crc: 5A12B4A2 date: 2006-02-28 12:00:00
 C:\WINDOWS\system32\dmime.dll handle: 5C570000 size: 181248 crc: F18E50F8 date: 2006-02-28 12:00:00
 C:\WINDOWS\system32\DSOUND.dll handle: 73F10000 size: 367616 crc: F0EFB582 date: 2006-02-28 12:00:00
 C:\WINDOWS\system32\dmusic.dll handle: 6C980000 size: 104448 crc: 0C1C73CE date: 2006-02-28 12:00:00
 C:\WINDOWS\system32\KsUser.dll handle: 73EE0000 size: 4096 crc: 519CF22C date: 2004-08-03 14:56:44
 C:\WINDOWS\system32\dmsynth.dll handle: 6C9A0000 size: 103424 crc: ECEFF055 date: 2006-02-28 12:00:00
 C:\WINDOWS\system32\dmloader.dll handle: 6CA10000 size: 35840 crc: CCCBFD58 date: 2006-02-28 12:00:00
 C:\WINDOWS\system32\mswsock.dll handle: 71A50000 size: 245248 crc: ABA12D20 date: 2008-06-20 17:36:11
 C:\WINDOWS\system32\hnetcfg.dll handle: 662B0000 size: 344064 crc: 6CF15ACF date: 2006-02-28 12:00:00
 C:\WINDOWS\System32\wshtcpip.dll handle: 71A90000 size: 19968 crc: B88CC0E5 date: 2006-02-28 12:00:00
 c:\epa.epa\EracentEPMHookLib.dll handle: 10000000 size: 35328 crc: 536A1800 date: 2008-05-13 11:32:36
 C:\WINDOWS\system32\psapi.dll handle: 76BF0000 size: 23040 crc: 97A44A88 date: 2006-02-28 12:00:00

System information:
 Windows version 5.0 2195 
