*** OpenTTD Crash Report ***
Date: 2007-12-16 17:43:59
Build: 0.6.0-beta2 built on Dec  9 2007 22:47:34
Exception C0000005 at 00431EAB
Registers:
 EAX: 0000001F EBX: 0013FA87 ECX: 00000000 EDX: 00000001
 ESI: 0013F114 EDI: 0013F8C2 EBP: 0013F10C ESP: 0013EE14
 EIP: 00431EAB EFLAGS: 00010206

Bytes at CS:EIP:
 8B 01 8B 51 04 83 C1 08 89 0E C3 83 3E 00 75 20 68 C0 EF 57 00 6A 54 68

Stack trace: 
 00432C95 0000006B 005DF181 0013F8BC 00432924 0013F8C2 00000000 0013F139
 00000000 00CA4248 0000E046 00000002 0013F14C 0013FAB7 00000029 0013F14C
 004335AD 00000041 FFFFFFF9 0013F8D8 005DF2E8 0013F8E4 00000000 00CB3E3A
 005DF300 FFFFD896 00000000 FFFFE441 000010A0 0043CC71 FFFFE441 00000001
 0013F843 00000000 0013F0D3 00418C55 0013EED4 0057A28C 00000004 00418DDD
 0000000A 00000118 020E782C 00000269 01000014 0013EEE0 004B342B 00000001
 0013FB58 00000001 0013FB58 0013EF58 004B3379 0013FB58 0013FB58 019C9730
 0043374E 0013FA67 746E654E 676E6966 64726F66 00000000 0000000A 00000006
 005D2508 00060003 00180014 001A0019 006E0020 007F0073 0002CAD1 0000103F
 0013EF78 00000000 00000000 0013F177 00000006 000000A8 020E78DC 00000500
 01000014 0013EF70 004B342B 00000001 0013FB58 00000001 0013FB58 0013EFE8
 004B3379 0013FB58 0013FB58 019C9768 00000000 00000019 005D2A14 00060003
 00180014 001A0019 006E0020 007F0073 001C001B 001E001D 00270020 006F0028
 00730071 0000000E 0013FB58 00000000 00432200 00695600 022F7FE8 0000000A
 00000001 0000001C 020E7970 00000008 01695600 0013F000 004B342B 00000001
 00000000 00000000 00432214 00000001 00000000 0000000A 00000000 0013F895
 0013F344 0013FA87 00000000 00000000 0013F32C 00000000 00000000 00000000
 0013F33C 0013FA87 00000068 0013F33C 004335AD 0013F895 005DEAB4 0013FA87
 00000000 0013F89B 00000000 00CA4E18 0013F3E8 00000054 00000000 00000269
 01000014 0013F090 004B342B 00000001 0013FB58 00000000 0013FB58 0013F108
 004B3379 0013FB58 0013FB58 019C9810 00000000 0013FA07 43030301 206C694F
 64656573 00130073 0000006E 0013F3BC 0013F2E8 004320A2 005DF2F0 00000000
 0013F2F8 0000000E 0013FB58 00000000 0013FA00 00695600 022F7FE8 00677CEC
 00000504 004B5A56 0013F32F 0000006B 005DF181 0013F8BC 0013F330 004320A2

Module information:
 C:\Program Files\OpenTTD\openttd.exe handle: 00400000 size: 1751040 crc: ED0BA8D6 date: 2007-12-09 21:50:02
 C:\WINDOWS\system32\ntdll.dll handle: 7C900000 size: 708096 crc: A5A50370 date: 2004-08-10 04:00:00
 C:\WINDOWS\system32\kernel32.dll handle: 7C800000 size: 984576 crc: 2CCFBF2B date: 2007-04-16 15:52:53
 C:\WINDOWS\system32\WINMM.dll handle: 76B40000 size: 176128 crc: 123646FA date: 2004-08-10 04:00:00
 C:\WINDOWS\system32\USER32.dll handle: 7E410000 size: 577536 crc: DF3237C6 date: 2007-03-08 15:36:28
 C:\WINDOWS\system32\GDI32.dll handle: 77F10000 size: 282112 crc: F0029774 date: 2007-06-19 13:31:19
 C:\WINDOWS\system32\ADVAPI32.dll handle: 77DD0000 size: 616960 crc: 5E7A2F0A date: 2004-08-10 04:00:00
 C:\WINDOWS\system32\RPCRT4.dll handle: 77E70000 size: 582656 crc: 33676481 date: 2007-07-09 13:16:16
 C:\WINDOWS\system32\WS2_32.dll handle: 71AB0000 size: 82944 crc: 9738CC56 date: 2004-08-10 04:00:00
 C:\WINDOWS\system32\msvcrt.dll handle: 77C10000 size: 343040 crc: 5298C0C5 date: 2004-08-10 04:00:00
 C:\WINDOWS\system32\WS2HELP.dll handle: 71AA0000 size: 19968 crc: F5DD5AB6 date: 2004-08-10 04:00:00
 C:\WINDOWS\system32\IMM32.DLL handle: 76390000 size: 110080 crc: FD65A0DD date: 2004-08-10 04:00:00
 C:\WINDOWS\system32\SHFolder.dll handle: 76780000 size: 25088 crc: 2EC7582B date: 2004-08-10 04:00:00
 C:\WINDOWS\system32\SHLWAPI.dll handle: 77F60000 size: 474112 crc: 157BB8D0 date: 2007-01-04 14:05:30
 C:\WINDOWS\WinSxS\x86_Microsoft.Windows.Common-Controls_6595b64144ccf1df_6.0.2600.2982_x-ww_ac3f9c03\comctl32.dll handle: 773D0000 size: 1054208 crc: 58D6578C date: 2006-08-25 07:45:56
 C:\WINDOWS\system32\comctl32.dll handle: 5D090000 size: 617472 crc: 232F6674 date: 2006-08-25 15:45:58
 C:\WINDOWS\system32\WINTRUST.dll handle: 76C30000 size: 176640 crc: 88D208BD date: 2004-08-10 04:00:00
 C:\WINDOWS\system32\CRYPT32.dll handle: 77A80000 size: 597504 crc: 971ECFAA date: 2004-08-10 04:00:00
 C:\WINDOWS\system32\MSASN1.dll handle: 77B20000 size: 57344 crc: D5127637 date: 2004-08-10 04:00:00
 C:\WINDOWS\system32\IMAGEHLP.dll handle: 76C90000 size: 144384 crc: 714A70BC date: 2004-08-10 04:00:00
 C:\WINDOWS\system32\wdmaud.drv handle: 72D20000 size: 23552 crc: 982E84EE date: 2004-08-10 04:00:00
 C:\WINDOWS\system32\msacm32.drv handle: 72D10000 size: 20480 crc: D5406BAE date: 2004-08-10 04:00:00
 C:\WINDOWS\system32\MSACM32.dll handle: 77BE0000 size: 71680 crc: 6A21891E date: 2004-08-10 04:00:00
 C:\WINDOWS\system32\midimap.dll handle: 77BD0000 size: 18944 crc: 502B5282 date: 2004-08-10 04:00:00
 C:\WINDOWS\system32\uxtheme.dll handle: 5AD70000 size: 218624 crc: 5AA98F22 date: 2004-08-10 04:00:00
 C:\WINDOWS\system32\MSCTF.dll handle: 74720000 size: 294400 crc: BBD2E653 date: 2004-08-10 04:00:00
 C:\Program Files\ScanSoft\OmniPageSE\ophook32.dll handle: 10000000 size: 167936 crc: 99C5C9BB date: 2002-02-27 11:16:50
 C:\WINDOWS\system32\ole32.dll handle: 774E0000 size: 1285120 crc: AD325A7F date: 2005-07-26 04:39:48
 C:\WINDOWS\system32\OLEAUT32.dll handle: 77120000 size: 549376 crc: 5A89C9E1 date: 2007-05-17 11:28:05
 C:\WINDOWS\system32\VERSION.dll handle: 77C00000 size: 18944 crc: CFE439BB date: 2004-08-10 04:00:00
 C:\WINDOWS\system32\apphelp.dll handle: 77B40000 size: 126976 crc: 76A66CAD date: 2004-08-10 04:00:00
 C:\WINDOWS\system32\msctfime.ime handle: 755C0000 size: 177152 crc: 6A712F98 date: 2004-08-10 04:00:00
 C:\WINDOWS\system32\mswsock.dll handle: 71A50000 size: 245248 crc: E2309390 date: 2004-08-10 04:00:00
 C:\WINDOWS\system32\hnetcfg.dll handle: 662B0000 size: 344064 crc: 6CF15ACF date: 2004-08-10 04:00:00
 C:\WINDOWS\System32\wshtcpip.dll handle: 71A90000 size: 19968 crc: B88CC0E5 date: 2004-08-10 04:00:00
 C:\WINDOWS\system32\mslbui.dll handle: 605D0000 size: 25088 crc: F676E045 date: 2004-08-10 04:00:00
 C:\WINDOWS\system32\psapi.dll handle: 76BF0000 size: 23040 crc: 97A44A88 date: 2004-08-10 04:00:00

System information:
 Windows version 5.1 2600 S
