*** OpenTTD Crash Report ***
Date: 2008-03-15 19:02:40
Build: 0.6.0-beta5 built on Mar  4 2008 21:35:34
Reason: Assertion failed at ..\src\openttd.cpp:113: 0
Exception C0000005 at 004244B0
Registers:
 EAX: 02061620 EBX: 00000001 ECX: 0012F684 EDX: 0206164E
 ESI: 00000200 EDI: 00666D30 EBP: 0012FAA4 ESP: 0012F898
 EIP: 004244B0 EFLAGS: 00010206

Bytes at CS:EIP:
 C6 05 00 00 00 00 00 E8 CA CC 0E 00 CC 55 8B EC 81 EC 00 04 00 00 56 8D

Stack trace: 
 00000001 00000008 00666D9C 5F544F4E 43414552 20444548 67697274 65726567
 74612064 6E696C20 39342065 666F2038 5C2E2E20 5C637273 7774656E 5C6B726F
 7774656E 5F6B726F 2E697567 00707063 7E36B3A7 004D5C18 002A0296 00000084
 00000000 00DA026F 0012F9D8 004D56AF 00000000 00534952 6C6E4F73 4C202C79
 4C676E6F 6964616F 0000676E 00000020 00000000 0000033C 0012F940 0207E708
 00441718 00000000 00D30F30 00000000 00666DFC 00000000 004D56AF 00409D00
 00000029 02061618 00D30F30 00000004 77F17012 77F16FFA 0012F99C 7E368734
 002A0296 00000084 00000000 00DA026F 004D56AF DCBAABCD 00000000 0012F9D8
 004D56AF 0012FA04 7E368816 7FFDF000 0012FA04 7E36885A 0012F9C4 7E36882A
 00000000 002A0296 00000000 00000014 00000001 00000000 00000000 00000010
 00000000 004D56AF 00000000 00000000 00000001 0012F9B8 0012FABC 0012FA48
 7E390457 7E368830 FFFFFFFF 7E36882A 7E36B4C0 00000000 004D56AF 002A0296
 00000084 00000000 00DA026F 0091058C 7E36B4CB 0012FB40 002A0296 00000000
 AA5C5D64 00000001 0012FA2C 7FFDF000 0012FB5C 7E390457 7E36B4D0 00499608
 00000000 00499608 00005949 0047EB2A 00481896 00005949 00005949 01F70748
 00000101 00000100 00000001 00000000 00000000 0012FB18 00417042 00000005
 00437FC6 00004B79 0000079F 0012FAE0 00457EE1 00579414 000001F2 0058BB14
 00666B28 00666DFC 00666DFC 0043EDB8 0000003B 00666D30 00000C4D 7FFFFFFF
 00666DFC 00409E0C 0012FB38 00409E4D 00666B28 00666DFC 00666B20 01B1D350
 01F71094 0012FB20 00438624 00457E19 00666D30 00000005 00666B2C 00666D30
 00666B20 00414917 00000018 00000004 00414BC5 024D2A1C 024D2A2C 0012FBD8
 0012FB5C 00444196 00000008 0000001C 00000000 00001798 00000054 003CAC70
 24704420 0012FBAC 00444E5E 00000008 024D2A1C 024D2A2C 00000000 0044597B
 024D2A1C 024D2A2C 00000000 00C4FC54 FC003CFC 6CFC0054 007CFC00 FC0094FC

Module information:
 c:\Program Files\OpenTTD-stable\openttd.exe handle: 00400000 size: 1809920 crc: E3355F7C date: 2008-03-04 20:39:28
 C:\WINDOWS\system32\ntdll.dll handle: 7C900000 size: 702976 crc: 8AD07FC0 date: 2004-08-17 13:48:58
 C:\WINDOWS\system32\kernel32.dll handle: 7C800000 size: 983040 crc: A30CDEAA date: 2007-04-16 15:54:40
 C:\WINDOWS\system32\WINMM.dll handle: 76B30000 size: 174592 crc: C1DD6CED date: 2004-08-17 13:49:22
 C:\WINDOWS\system32\USER32.dll handle: 7E360000 size: 577536 crc: AB036CBB date: 2007-03-08 15:38:40
 C:\WINDOWS\system32\GDI32.dll handle: 77F10000 size: 282112 crc: 0E4A3CDA date: 2007-06-19 13:32:51
 C:\WINDOWS\system32\ADVAPI32.dll handle: 77DC0000 size: 683520 crc: 6B3A0E70 date: 2004-08-17 13:49:02
 C:\WINDOWS\system32\RPCRT4.dll handle: 77E70000 size: 581120 crc: 125D007F date: 2004-08-17 13:49:18
 C:\WINDOWS\system32\WS2_32.dll handle: 71A90000 size: 82944 crc: FFA4CF1E date: 2004-08-17 13:49:22
 C:\WINDOWS\system32\msvcrt.dll handle: 77C00000 size: 343040 crc: 6A2686C9 date: 2004-08-17 13:49:14
 C:\WINDOWS\system32\WS2HELP.dll handle: 71A80000 size: 19968 crc: 4AC7C8FE date: 2004-08-17 13:49:22
 C:\WINDOWS\system32\SHFolder.dll handle: 76770000 size: 25088 crc: F211D8FF date: 2004-08-17 13:49:18
 C:\WINDOWS\system32\SHLWAPI.dll handle: 77F60000 size: 474112 crc: 13BD6291 date: 2007-06-14 18:11:17
 C:\WINDOWS\WinSxS\x86_Microsoft.Windows.Common-Controls_6595b64144ccf1df_6.0.2600.2982_x-ww_ac3f9c03\comctl32.dll handle: 773C0000 size: 1054208 crc: BA0D2FDF date: 2006-08-25 15:51:20
 C:\WINDOWS\system32\comctl32.dll handle: 5D5A0000 size: 617472 crc: B49B86FC date: 2006-08-25 15:51:22
 C:\WINDOWS\system32\WINTRUST.dll handle: 76C20000 size: 176640 crc: 40693C80 date: 2004-08-17 13:49:22
 C:\WINDOWS\system32\CRYPT32.dll handle: 77A70000 size: 600576 crc: E19980D6 date: 2004-08-17 13:49:04
 C:\WINDOWS\system32\MSASN1.dll handle: 77B10000 size: 57344 crc: F07BCC59 date: 2004-08-17 13:49:12
 C:\WINDOWS\system32\IMAGEHLP.dll handle: 76C80000 size: 144384 crc: 20A7ACDC date: 2004-08-17 13:49:10
 C:\WINDOWS\system32\wdmaud.drv handle: 72CE0000 size: 23552 crc: EBECCDA4 date: 2004-08-17 13:49:30
 C:\WINDOWS\system32\msacm32.drv handle: 72CD0000 size: 20480 crc: D2823952 date: 2001-10-25 14:00:00
 C:\WINDOWS\system32\MSACM32.dll handle: 77BD0000 size: 71680 crc: D3683295 date: 2004-08-17 13:49:12
 C:\WINDOWS\system32\midimap.dll handle: 77BC0000 size: 18944 crc: D659D067 date: 2004-08-17 13:49:12
 C:\WINDOWS\system32\ole32.dll handle: 774D0000 size: 1284608 crc: A542E856 date: 2005-07-26 04:42:51
 C:\WINDOWS\system32\CLBCATQ.DLL handle: 76FC0000 size: 498688 crc: 134E70A0 date: 2005-07-26 04:42:50
 C:\WINDOWS\system32\COMRes.dll handle: 77040000 size: 806912 crc: ECC3A078 date: 2004-08-17 13:49:04
 C:\WINDOWS\system32\OLEAUT32.dll handle: 77110000 size: 549376 crc: 06FB392F date: 2007-05-17 11:30:14
 C:\WINDOWS\system32\VERSION.dll handle: 77BF0000 size: 18944 crc: 07A7952F date: 2004-08-17 13:49:20
 C:\WINDOWS\system32\dmime.dll handle: 60D60000 size: 181248 crc: F1F24A6B date: 2004-08-17 13:49:06
 C:\WINDOWS\system32\DSOUND.dll handle: 73ED0000 size: 367616 crc: AA126B1F date: 2004-08-17 13:49:06
 C:\WINDOWS\system32\dmusic.dll handle: 6CF00000 size: 104448 crc: A279DE73 date: 2004-08-17 13:49:06
 C:\WINDOWS\system32\KsUser.dll handle: 73EA0000 size: 4096 crc: A00D5272 date: 2004-08-17 13:49:10
 C:\WINDOWS\system32\dmsynth.dll handle: 6CF20000 size: 103424 crc: 0C61433F date: 2004-08-17 13:49:06
 C:\WINDOWS\system32\dmloader.dll handle: 6CF90000 size: 35840 crc: C427F6C0 date: 2004-08-17 13:49:06
 C:\WINDOWS\system32\mswsock.dll handle: 71A30000 size: 247296 crc: B38CA7EE date: 2004-08-17 13:49:14
 C:\WINDOWS\system32\hnetcfg.dll handle: 698B0000 size: 345088 crc: 31FEBF7B date: 2004-08-17 13:49:08
 C:\WINDOWS\System32\wshtcpip.dll handle: 71A70000 size: 19968 crc: 1F23F4FE date: 2004-08-17 13:49:22
 C:\WINDOWS\system32\DNSAPI.dll handle: 76F10000 size: 148480 crc: 266CC9EB date: 2006-06-26 17:45:40
 C:\WINDOWS\System32\winrnr.dll handle: 76FA0000 size: 16896 crc: 042C778A date: 2004-08-17 13:49:22
 C:\WINDOWS\system32\WLDAP32.dll handle: 76F50000 size: 172544 crc: F0E2416B date: 2004-08-17 13:49:22
 C:\WINDOWS\system32\rasadhlp.dll handle: 76FB0000 size: 8192 crc: F9C3D429 date: 2006-06-26 17:45:40
 C:\WINDOWS\system32\psapi.dll handle: 76BE0000 size: 23040 crc: 1FA9C6D7 date: 2004-08-17 13:49:16

System information:
 Windows version 5.1 2600 S
