*** OpenTTD Crash Report ***

Crash at: Sat Sep 14 15:05:15 2013
In game date: 2022-09-30 (13)

Crash reason:
 Signal:  Segmentation fault (11)
 Message: <none>

OpenTTD version:
 Version:    1.3.2 (0)
 NewGRF ver: 13286420
 Bits:       64
 Endian:     little
 Dedicated:  yes
 Build date: Aug 14 2013 19:19:19

Stacktrace:
 [00] /opt/openttd3/games/openttd3(_ZNK12CrashLogUnix13LogStacktraceEPcPKc+0x60) [0x840d18]
 [01] /opt/openttd3/games/openttd3(_ZNK8CrashLog12FillCrashLogEPcPKc+0x15e) [0x6d53ca]
 [02] /opt/openttd3/games/openttd3(_ZNK8CrashLog12MakeCrashLogEv+0x63) [0x6d56e1]
 [03] /opt/openttd3/games/openttd3() [0x840aeb]
 [04] /lib/x86_64-linux-gnu/libc.so.6(+0x324f0) [0x2f15aa6f4f0]
 [05] /opt/openttd3/games/openttd3(_ZN12PacketWriter5WriteEPhm+0x6a) [0x7c5a36]
 [06] /opt/openttd3/games/openttd3() [0x8ca5aa]
 [07] /opt/openttd3/games/openttd3() [0x8ca6ad]
 [08] /opt/openttd3/games/openttd3(_ZN20ThreadObject_pthread10ThreadProcEv+0x22) [0x96b3f0]
 [09] /opt/openttd3/games/openttd3(_ZN20ThreadObject_pthread12stThreadProcEPv+0x18) [0x96b3c3]
 [10] /lib/x86_64-linux-gnu/libpthread.so.0(+0x6b50) [0x2f15b6a9b50]
 [11] /lib/x86_64-linux-gnu/libc.so.6(clone+0x6d) [0x2f15ab17a7d]

Operating system:
 Name:     Linux
 Release:  3.10.11-grsec-TaKeN-grs-ipv6-64
 Version:  #1 SMP Tue Sep 10 06:33:57 CEST 2013
 Machine:  x86_64
 Compiler: GCC 4.7.2 "4.7.2"

Configuration:
 Blitter:      null
 Graphics set: OpenGFX (672)
 Language:     /opt/openttd3//share/games/openttd/lang/english.lng
 Music driver: null
 Music set:    NoMusic (0)
 Network:      server
 Sound driver: null
 Sound set:    NoSound (2)
 Video driver: dedicated

AI Configuration (local: 255):
  0: Human
  1: Human
  3: Human
  4: Human
  5: Human
  6: Human
  8: Human

Libraries:
 LZMA:       5.1.0alpha
 LZO:        2.06
 Zlib:       1.2.7

---- gamelog start ----
Tick 0: new game started
     Revision text changed to 1.3.2, savegame version 180, not modified, _openttd_newgrf_version = 0x13286420
     New game mode: 1 landscape: 0
---- gamelog end ----

*** End of OpenTTD Crash Report ***
