*** OpenTTD Crash Report ***

Crash at: Sun Sep 14 05:21:44 2014
In game date: 2042-05-27 (73)

Crash reason:
 Exception: C0000005
 Location:  000000013FB92B86
 Message:   <none>

OpenTTD version:
 Version:    1.4.3-RC1 (0)
 NewGRF ver: 143068ab
 Bits:       64
 Endian:     little
 Dedicated:  no
 Build date: Sep  7 2014 16:14:06

Registers:
 RAX: 000000014077D6E8 RBX: 0000000000000000 RCX: 0000000000000306 RDX: 0000000000000001
 RSI: 0000000000000001 RDI: 000000000217C280 RBP: 0000000000000100 RSP: 000000000019E400
 R8:  0000000000000000 R9:  0000000000000000 R10: 00000000000000BC R11: 0000000000000306
 R12: 0000000000000000 R13: 00000000041024E3 R14: 0000000000000000 R15: 0000000000000001
 RIP: 000000013FB92B86 EFLAGS: 00010206

 Bytes at instruction pointer:
 48 8B 59 08 E8 91 01 00 00 48 8B CB 48 85 DB 75 EF 48 8D 05 9A 4D BE 00

Stack trace:
 00000000 00000000 3FD11406 00000001 407A1BC8 00000001 4073D760 00000001
 FFFFFFFE FFFFFFFF 4085922E 00000001 0EB6FD40 00000000 3FD10DD4 00000001
 0217C280 00000000 00000000 00000000 4073D760 00000001 00000000 00000000
 424B0000 00000000 3FD131C8 00000001 00000001 00000000 424B4F52 00000000
 4073FFC0 00000001 4073B9C8 00000001 00000000 00000000 4084B720 00000001
 00000000 00000000 3FD14ADC 00000001 4084B6F8 00000001 00000000 00000000
 00000000 00000000 4084B720 00000001 00000001 00000000 3FF05768 00000001
 FFFFFFFE FFFFFFFF 0E98C3C0 00000000 0E98C3C0 00000000 00000000 00000000
 00000008 00000000 3FBEF968 00000001 00000001 00000000 0EE34DA8 00000000
 00000000 00000000 3FD14BFB 00000001 5854544F 0000BC00 0EDCDA90 00000000
 00000000 00000000 0019EE38 00000000 FFFFFFFE FFFFFFFF 0F137910 00000000
 0EE34DA8 00000000 3FB84229 00000001 0EDCDA90 00000000 0EE34DA8 00000000
 0000003C 00000000 0019EE38 00000000 0000004B 00000000 3FB5E3AB 00000001
 00000000 00000000 00000001 00000000 00000000 0000000A 00000000 6564616F
 FFFFFFFE FFFFFFFF 63656E6E 00000074 0019EE00 00000000 000000FF 00000000
 FFFFFFFE FFFFFFFF 0F1376A0 00000000 00000000 00000004 0019E650 00000000
 FFFFFFFE FFFFFFFF 3FB5DF03 00000001 00000002 00000000 000000FF 00000000
 00000002 00000000 3FB5E3AB 00000001 00000000 00000000 00000001 00000000
 00000000 0000000A 00000000 00000000 438481EE 656E6E6F 6E697463 2E2E2E67
 0019E600 00000000 00000000 65657266 00000005 796E6170 00000000 00000074
 418881EE 73696C20 666F2074 6C6C6120 6D6F6320 696E6170 63207365 65727275
 796C746E 206E6920 73696874 6D616720 59202E65 6320756F 65206E61 65687469
 0F136860 00000000 6F20656E 74732072 20747261 656E2061 6E6F2077 66692065
 65687420 69206572 01CE0080 00000000 0F2E6FD0 00000000 778A17A3 00000000

Operating system:
 Name:     Windows
 Release:  6.1.7601 (Service Pack 1)
 Compiler: MSVC 1600

Configuration:
 Blitter:      8bpp-optimized
 Graphics set: OpenGFX (974)
 Language:     C:\Users\Mingwei Samuel\Desktop\ottd test\lang\english_US.lng
 Music driver: win32
 Music set:    NoMusic (0)
 Network:      client
 Sound driver: win32
 Sound set:    NoSound (2)
 Video driver: win32

Fonts:
 Small:  sprite
 Medium: sprite
 Large:  sprite
 Mono:   sprite

AI Configuration (local: 0):

Libraries:
 FreeType:   2.4.11
 ICU:        51.2
 LZMA:       5.0.4
 LZO:        2.06
 PNG:        1.5.14
 Zlib:       1.2.7

Module information:
 C:\Users\Mingwei Samuel\Desktop\ottd test\openttd.exe handle: 000000013FB30000 size: 14092288 crc: 59BE8DE8 date: 2014-09-14 04:59:33
 C:\Windows\SYSTEM32\ntdll.dll handle: 0000000077870000 size: 1732032 crc: 5BF564D3 date: 2013-08-29 02:16:35
 C:\Windows\system32\kernel32.dll handle: 0000000077750000 size: 1163264 crc: 19230232 date: 2014-03-04 09:44:00
 C:\Windows\system32\KERNELBASE.dll handle: 000007FEFCDB0000 size: 424960 crc: 7FB4EAD2 date: 2014-03-04 09:44:00
 C:\Windows\system32\WINMM.dll handle: 000007FEFA9B0000 size: 217600 crc: 7BC1529F date: 2009-07-14 01:41:56
 C:\Windows\system32\msvcrt.dll handle: 000007FEFD2B0000 size: 634880 crc: 9D1B448A date: 2011-12-16 08:46:06
 C:\Windows\system32\USER32.dll handle: 0000000077650000 size: 1008128 crc: 70FF7D7F date: 2010-11-21 03:24:09
 C:\Windows\system32\GDI32.dll handle: 000007FEFE8D0000 size: 404480 crc: 37D17315 date: 2014-08-23 02:07:00
 C:\Windows\system32\LPK.dll handle: 000007FEFED80000 size: 41472 crc: EE04F660 date: 2013-06-06 05:50:51
 C:\Windows\system32\USP10.dll handle: 000007FEFE940000 size: 801280 crc: DCB1924F date: 2014-04-25 02:34:59
 C:\Windows\system32\WS2_32.dll handle: 000007FEFD410000 size: 297984 crc: 0F68689B date: 2010-11-21 03:24:28
 C:\Windows\system32\RPCRT4.dll handle: 000007FEFD0D0000 size: 1216000 crc: 9A153133 date: 2014-07-14 02:02:45
 C:\Windows\system32\NSI.dll handle: 000007FEFED90000 size: 13824 crc: 53B46F6C date: 2009-07-14 01:41:53
 C:\Windows\system32\IMM32.dll handle: 000007FEFD280000 size: 167424 crc: 41B2805A date: 2009-07-14 01:41:09
 C:\Windows\system32\MSCTF.dll handle: 000007FEFD750000 size: 1067008 crc: 798DDDA0 date: 2009-07-14 01:41:28
 C:\Windows\system32\ADVAPI32.dll handle: 000007FEFEAB0000 size: 878080 crc: D0A62838 date: 2013-08-29 02:13:28
 C:\Windows\SYSTEM32\sechost.dll handle: 000007FEFD3F0000 size: 113664 crc: 978CFAE5 date: 2009-07-14 01:41:53
 C:\Windows\system32\SHELL32.dll handle: 000007FEFD860000 size: 14175744 crc: 30A2F002 date: 2014-06-25 02:05:42
 C:\Windows\system32\SHLWAPI.dll handle: 000007FEFE850000 size: 448512 crc: 086DF743 date: 2010-11-21 03:24:22
 C:\Windows\system32\ole32.dll handle: 000007FEFD460000 size: 2086912 crc: 72F91CD0 date: 2010-11-21 03:23:48
 C:\Windows\system32\uxtheme.dll handle: 000007FEFB2F0000 size: 332288 crc: B0A13DF9 date: 2009-07-14 01:41:56
 C:\Windows\system32\dwmapi.dll handle: 000007FEFAEA0000 size: 82432 crc: A459F360 date: 2009-07-14 01:40:34
 C:\Windows\system32\CRYPTBASE.dll handle: 000007FEFCC00000 size: 44032 crc: F547C16E date: 2009-07-14 01:40:24
 C:\Windows\system32\mswsock.dll handle: 000007FEFC540000 size: 327168 crc: 2C87855E date: 2013-09-08 02:27:14
 C:\Windows\System32\wshtcpip.dll handle: 000007FEFBED0000 size: 13312 crc: 5D1E2C55 date: 2009-07-14 01:41:58
 C:\Windows\system32\MMDevAPI.DLL handle: 000007FEFB950000 size: 284160 crc: CDF2EF81 date: 2009-07-14 01:41:26
 C:\Windows\system32\PROPSYS.dll handle: 000007FEFB820000 size: 1212416 crc: B83FA3BE date: 2010-11-21 03:23:55
 C:\Windows\system32\OLEAUT32.dll handle: 000007FEFD670000 size: 861696 crc: 1F331414 date: 2011-08-27 05:37:49
 C:\Windows\system32\wdmaud.drv handle: 000007FEFA8C0000 size: 217088 crc: 12829973 date: 2010-11-21 03:24:32
 C:\Windows\system32\ksuser.dll handle: 0000000074F60000 size: 5120 crc: AA2071D9 date: 2009-07-14 01:41:13
 C:\Windows\system32\AVRT.dll handle: 000007FEFB7D0000 size: 18432 crc: 5CE53CB7 date: 2009-07-14 01:40:05
 C:\Windows\system32\SETUPAPI.dll handle: 000007FEFE670000 size: 1900544 crc: A364BD6A date: 2010-11-21 03:24:28
 C:\Windows\system32\CFGMGR32.dll handle: 000007FEFCE20000 size: 207872 crc: 1984C339 date: 2010-11-21 03:24:00
 C:\Windows\system32\DEVOBJ.dll handle: 000007FEFCF40000 size: 93184 crc: A7541AE2 date: 2009-07-14 01:40:28
 C:\Windows\system32\AUDIOSES.DLL handle: 000007FEFA550000 size: 296448 crc: 90389554 date: 2010-11-21 03:24:32
 C:\Windows\system32\msacm32.drv handle: 000007FEFA540000 size: 25600 crc: 2B579A05 date: 2009-07-14 01:38:50
 C:\Windows\system32\MSACM32.dll handle: 000007FEFA520000 size: 83456 crc: 3D67538B date: 2009-07-14 01:41:27
 C:\Windows\system32\midimap.dll handle: 000007FEFA4A0000 size: 20480 crc: CB902A13 date: 2009-07-14 01:41:23
 C:\Windows\system32\CLBCatQ.DLL handle: 000007FEFD350000 size: 607744 crc: 939E35C9 date: 2009-07-14 01:40:15
 C:\Windows\System32\wship6.dll handle: 000007FEFC530000 size: 13824 crc: E3FBF123 date: 2009-07-14 01:41:58
 C:\Windows\system32\DNSAPI.dll handle: 000007FEFC3C0000 size: 357888 crc: 194CAF1C date: 2011-03-03 06:24:15
 C:\Program Files\Common Files\Microsoft Shared\Windows Live\WLIDNSP.DLL handle: 000007FEF7690000 size: 171392 crc: BE3AE755 date: 2011-03-29 05:11:06
 C:\Windows\system32\PSAPI.DLL handle: 0000000077A40000 size: 9216 crc: 84B5E9BA date: 2009-07-14 01:41:53
 C:\Program Files\Bonjour\mdnsNSP.dll handle: 0000000069CC0000 size: 132968 crc: C16E0B30 date: 2011-08-31 06:05:32
 C:\Windows\system32\Iphlpapi.DLL handle: 000007FEF9870000 size: 145920 crc: 000D9F17 date: 2010-11-21 03:24:16
 C:\Windows\system32\WINNSI.DLL handle: 000007FEF9860000 size: 26112 crc: 744B2434 date: 2009-07-14 01:41:56
 C:\Windows\system32\rasadhlp.dll handle: 000007FEF73F0000 size: 16384 crc: C5FD1616 date: 2009-07-14 01:41:53
 C:\Windows\System32\fwpuclnt.dll handle: 000007FEF96B0000 size: 324096 crc: 5D5E70C7 date: 2013-10-12 02:29:08

---- gamelog start ----
Tick 0: new game started
     Revision text changed to 1.4.3-RC1, savegame version 188, not modified, _openttd_newgrf_version = 0x143068ab
     New game mode: 1 landscape: 0
     Added NewGRF: GRF ID 4D470305, checksum 2E96B9AB2BEA686BFF94961AD433A701, filename: basecosts-5.0\basecosts.grf (md5sum matches)
     Added NewGRF: GRF ID 43485053, checksum 68B7DC640138E4F4B712F3CFB88167D6, filename: chips_station_set-1.4.0\chips.grf (md5sum matches)
     Added NewGRF: GRF ID 4A430002, checksum 658BE666D7F1EAA7D23B93BC38890D71, filename: industrial_stations_renewal-1.0.1\indstatr.grf (md5sum matches)
     Added NewGRF: GRF ID 44573452, checksum 48CF5FC0DEB895136F337A7E563FC66D, filename: dwestationtiles_industrial_ter-v0.7\dwe_stat_r.grf (md5sum matches)
     Added NewGRF: GRF ID 45530500, checksum E9F88D3AE4E2CD1DB27CAFFD31FFBCAA, filename: japanese_stations-3.4\jpstations.grf (md5sum matches)
     Added NewGRF: GRF ID 44573553, checksum EF7529EBEAF35758EE07E628B25F608D, filename: dwenewobjects-v0.1\dwe_newobj.grf (md5sum matches)
     Added NewGRF: GRF ID 46727806, checksum 09E95562B1894A4D55D5532C6A889621, filename: opengfx_trees-0.2.2\opengfx+trees.grf (md5sum matches)
     Added NewGRF: GRF ID 52453200, checksum DBA84425F161E178ABAFBC3232509240, filename: japanset_landscape-3.1\jpland.grf (md5sum matches)
     Added NewGRF: GRF ID 52453400, checksum 87E88EFA687F91CE44548E54DA55059F, filename: japanese_buildings-3.0\jpbuild.grf (md5sum matches)
     Added NewGRF: GRF ID 414C0101, checksum 8868C6AA5191153F4255C129C9472043, filename: stations_name_from_nearby_indus-1.2.4\station_name.grf (md5sum matches)
     Added NewGRF: GRF ID 4341121E, checksum 8E891E5A9B7394CAECCC334ED3067109, filename: iron_horse-rc5\iron-horse.grf (md5sum matches)
     Added NewGRF: GRF ID FBFB0B01, checksum D78B4BB13AF07D12792672269B49C822, filename: termite-0.3\termite.grf (md5sum matches)
     Added NewGRF: GRF ID FBFB0102, checksum B8D83E093D8BDB400B1CD0555E747C33, filename: dutch_tram_set-2.0.1\dutchtramset.grf (md5sum matches)
     Added NewGRF: GRF ID 52571201, checksum C1C7D8C53EB7E74EEE2F0EF29638B466, filename: egrvts.1.0\egrvts.grf (md5sum matches)
     Added NewGRF: GRF ID 44419501, checksum 12422F3F4301D08201F9FF6F3B5308BF, filename: crazy_town_names-0.1\crazynames.grf (md5sum matches)
Tick 1294: game loaded
     New game mode: 2 landscape: 0
Tick 1294: game loaded
     New game mode: 1 landscape: 0
---- gamelog end ----

*** End of OpenTTD Crash Report ***

Decoded stack trace:
[00] openttd              0x000000013FB92B86
[01] openttd              0x000000013FD10DD4
[02] openttd              0x000000013FD131C8
[03] openttd              0x000000013FD14ADC
[04] openttd              0x000000013FD14BFB
[05] openttd              0x000000013FB84229
[06] openttd              0x000000013FDDC03B
[07] openttd              0x000000013FDDC322
[08] openttd              0x000000013FB7EF5C
[09] openttd              0x000000013FB929F9
[10] openttd              0x000000013FE1E055
[11] openttd              0x000000013FB9070F
[12] openttd              0x000000013FE206FB
[13] openttd              0x000000013FF0CCD4
[14] kernel32             0x00000000777659ED BaseThreadInitThunk + 13
[15] ntdll                0x000000007789C541 RtlUserThreadStart + 33

*** End of additional info ***
