*** OpenTTD Crash Report ***

Crash at: Sun May  3 07:48:04 2015
In game date: 0-01-01 (0)

Crash reason:
 Signal:  Segmentation fault (11)
 Message: <none>

OpenTTD version:
 Version:    1.5.0 (0)
 NewGRF ver: 15086a51
 Bits:       64
 Endian:     little
 Dedicated:  no
 Build date: openSUSE BuildService

Stacktrace:
 [00] openttd(_ZNK12CrashLogUnix13LogStacktraceEPcPKc+0x37) [0x6fc3c7]
 [01] openttd(_ZNK8CrashLog12FillCrashLogEPcPKc+0xeb) [0x60445b]
 [02] openttd(_ZNK8CrashLog12MakeCrashLogEv+0x48) [0x604698]
 [03] openttd() [0x6fc2d5]
 [04] /lib64/libc.so.6(+0x35200) [0x7f0551d98200]
 [05] openttd(_Z12GetRawSpritej10SpriteTypePFPvmE+0x2b) [0x79611b]
 [06] openttd(_ZN20MissingGlyphSearcher17FindMissingGlyphsEPPKc+0x73) [0x7bf4d3]
 [07] openttd(_Z15SetFallbackFontP16FreeTypeSettingsPKciP20MissingGlyphSearcher+0x1bc) [0x624f8c]
 [08] openttd(_Z21CheckForMissingGlyphsbP20MissingGlyphSearcher+0x63) [0x7bf693]
 [09] openttd(_Z15HandleBootstrapv+0x76) [0x5e5bf6]
 [10] openttd(_Z12openttd_mainiPPc+0x114b) [0x6ee88b]
 [11] /lib64/libc.so.6(__libc_start_main+0xf5) [0x7f0551d84b05]
 [12] openttd() [0x562cda]

Operating system:
 Name:     Linux
 Release:  3.16.7-21-desktop
 Version:  #1 SMP PREEMPT Tue Apr 14 07:11:37 UTC 2015 (93c1539)
 Machine:  x86_64
 Compiler: GCC 4.8.3 "4.8.3 20140627 [gcc-4_8-branch revision 212064]"

Configuration:
 Blitter:      32bpp-anim
 Graphics set: none (4294967295)
 Language:     /usr/share/openttd/lang/english.lng
 Music driver: none
 Music set:    none (4294967295)
 Network:      no
 Sound driver: none
 Sound set:    none (4294967295)
 Video driver: sdl

Fonts:
 Small:  sprite
 Medium: sprite
 Large:  sprite
 Mono:   sprite

AI Configuration (local: 0):

Libraries:
 FontConfig: 2.11.1
 FreeType:   2.5.3
 ICU:        53.1
 LZMA:       5.0.7
 LZO:        2.08
 PNG:        1.6.13
 SDL:        1.2.15
 Zlib:       1.2.8

---- gamelog start ----
---- gamelog end ----

*** End of OpenTTD Crash Report ***
