*** OpenTTD Crash Report ***
Date: 2009-06-18 13:21:28
Build: r16587 (0) built on Jun 17 2009 18:24:33
Language: english_US.lng
Exception C00000FD at 005AD407
Registers:
 EAX: 00032000 EBX: 00000001 ECX: 0002B9E0 EDX: 00005B75
 ESI: 01957458 EDI: 01957458 EBP: 0006FACC ESP: 0006FAB0
 EIP: 005AD407 EFLAGS: 00010206

Bytes at CS:EIP:
 85 00 EB E9 6A 0C 68 80 19 69 00 E8 55 13 00 00 33 DB 89 5D E4 33 C0 8B

Stack trace: 
 01957458 0052E20E 01957458 0006FFB0 005C65E7 FFFFFFFF FFFFFFFE 0006FAF8
 0052DF14 00000001 00005775 00000009 00000001 00678800 00000001 00000009
 00005B75 00005775 0006FB78 004BAB5E 01957458 0000FEFF 00678800 00000009
 00000001 00000000 0000000B 00005B75 004365B5 0000000B 01998A54 00000000
 01957560 01957458 0196F230 00000001 0043673F 00000000 00441394 00005B75
 01957458 00496801 0000004E 01957458 0049933E 00000000 01957458 0000FEFF
 00000000 00000000 00000000 004BC426 0000001D 01957458 00623E60 00678820
 004BCA27 00000001 01957458 00623E60 0006FBA8 0065EBB8 0065EB54 0043F623
 77D2A78F 00452069 0006FC20 00000000 0006FC04 0000001D 0000F4FE 0000F3FF
 0006FC04 0000F3FF 0041E470 0000F4FE 0000F3FF 0000F4FE 00000007 004C6F1A
 004C6F26 00623E60 0000F4FE 0066494C 0006FC0C 00000000 00000008 00000001
 0000000F 0000000F 77D2A78F 00452069 0006FC4C 0042E90E 77D2A78F 00452069
 0006FC4C 00000000 0006FC4C 00000000 00000000 00423A63 77D2A837 0006FC5C
 0042EDF3 00000000 0006FC44 00000000 00544FB3 006CBC08 0065E884 0006FD14
 00000000 0006FC60 00452069 00452087 00000000 00000000 00240240 00000113
 00000001 00544094 0045204A 00000264 00000147 0042D5B3 0006FD2C 00000001
 00000001 010000E9 00D4EF98 00D4EF98 00D4EF98 00D4EF98 00D4EF98 FFFFFFFF
 00000000 000206CC 00000000 00000000 FFFFFFFF 00000000 00000000 00000000
 0006FF30 00000000 00000000 00000000 FFFFFFFF 0006FE34 0066C7BC 00000000
 00009FAB 0006FF30 0044C28F 00000001 0006FE30 FFFFFFFE 00000000 5C3A4522
 6474746F 65706F5C 6474746E 6578652E 00002000 00C70178 00C70640 00C70640
 00C70178 00C70178 00C77068 0000000D 00000001 00C70178 00C77260 00C70178
 00000004 00C77248 00000000 00C70178 00C70178 00000020 00C70178 00C77258
 00C70168 00000000 00000000 00C77258 00000020 00C77260 00000000 00C70178

Module information:
 E:\ottd\openttd.exe  handle: 00400000 size: 2863616 crc: EF73A474 date: 2009-06-17 10:28:44
 C:\WINDOWS\system32\ntdll.dll handle: 7C920000 size: 600576 crc: FB4E4511 date: 2009-02-09 10:51:43
 C:\WINDOWS\system32\kernel32.dll handle: 7C800000 size: 1156096 crc: E66C429A date: 2009-03-21 14:06:58
 C:\WINDOWS\system32\WINMM.dll handle: 76B10000 size: 163840 crc: CEB1FA4D date: 2008-04-15 10:54:40
 C:\WINDOWS\system32\ADVAPI32.dll handle: 77DA0000 size: 668160 crc: B9F30E69 date: 2009-02-09 10:51:44
 C:\WINDOWS\system32\RPCRT4.dll handle: 77E50000 size: 585216 crc: 25924218 date: 2009-04-15 14:52:00
 C:\WINDOWS\system32\Secur32.dll handle: 77FC0000 size: 56832 crc: 04CBE7D8 date: 2009-02-03 19:56:18
 C:\WINDOWS\system32\GDI32.dll handle: 77EF0000 size: 286720 crc: 179F3B7E date: 2008-10-23 12:36:27
 C:\WINDOWS\system32\USER32.dll handle: 77D10000 size: 573952 crc: A084BFB9 date: 2008-04-15 10:54:40
 C:\WINDOWS\system32\WS2_32.dll handle: 71A10000 size: 82432 crc: C24F9032 date: 2008-04-15 10:54:40
 C:\WINDOWS\system32\msvcrt.dll handle: 77BE0000 size: 343040 crc: 5973D90C date: 2008-04-15 10:54:34
 C:\WINDOWS\system32\WS2HELP.dll handle: 71A00000 size: 19968 crc: 2D0B3954 date: 2008-04-15 10:54:40
 C:\WINDOWS\system32\SHELL32.dll handle: 7D590000 size: 8321536 crc: 7BB15414 date: 2008-06-17 19:01:06
 C:\WINDOWS\system32\SHLWAPI.dll handle: 77F40000 size: 473088 crc: 486E3C86 date: 2008-04-15 10:54:37
 C:\WINDOWS\system32\IMM32.DLL handle: 76300000 size: 110080 crc: F86B6DBF date: 2008-04-15 10:54:32
 C:\WINDOWS\system32\LPK.DLL handle: 621F0000 size: 22016 crc: 3C792C30 date: 2008-04-15 10:54:33
 C:\WINDOWS\system32\USP10.dll handle: 73FA0000 size: 406016 crc: 3D9D8C31 date: 2008-04-15 10:54:40
 C:\WINDOWS\WinSxS\x86_Microsoft.Windows.Common-Controls_6595b64144ccf1df_6.0.2600.5512_x-ww_35d4ce83\comctl32.dll handle: 77180000 size: 1054208 crc: 1B273226 date: 2008-04-15 10:53:15
 C:\WINDOWS\system32\comctl32.dll handle: 5C820000 size: 617472 crc: AC93B479 date: 2008-04-15 10:54:29
 C:\WINDOWS\system32\SHFolder.dll handle: 76750000 size: 25088 crc: 17530950 date: 2008-04-15 10:54:37
 C:\WINDOWS\system32\WINTRUST.dll handle: 76C00000 size: 176128 crc: B6DC7DAA date: 2008-04-15 10:54:40
 C:\WINDOWS\system32\CRYPT32.dll handle: 765E0000 size: 591872 crc: 083283FD date: 2008-04-15 10:54:29
 C:\WINDOWS\system32\MSASN1.dll handle: 76DB0000 size: 57344 crc: 1731FB80 date: 2008-04-15 10:54:34
 C:\WINDOWS\system32\IMAGEHLP.dll handle: 76C60000 size: 144384 crc: 83555646 date: 2008-04-15 10:54:32
 C:\WINDOWS\system32\wdmaud.drv handle: 72C90000 size: 23552 crc: D861754C date: 2008-04-15 10:55:00
 C:\WINDOWS\system32\msacm32.drv handle: 72C80000 size: 20480 crc: AAFFBDAF date: 2006-03-02 12:00:00
 C:\WINDOWS\system32\MSACM32.dll handle: 77BB0000 size: 71168 crc: 041C535B date: 2008-04-15 10:54:34
 C:\WINDOWS\system32\midimap.dll handle: 77BA0000 size: 18944 crc: A74BBD0C date: 2008-04-15 10:54:34
 C:\WINDOWS\system32\ole32.dll handle: 76990000 size: 1287168 crc: 697D4472 date: 2008-04-15 10:54:36
 C:\WINDOWS\system32\uxtheme.dll handle: 5A410000 size: 216576 crc: E08597F2 date: 2008-04-15 10:54:40
 C:\WINDOWS\system32\MSCTF.dll handle: 74680000 size: 296960 crc: D26B90E4 date: 2008-04-15 10:54:34
 C:\WINDOWS\system32\CLBCATQ.DLL handle: 76FA0000 size: 498688 crc: 5FFF733B date: 2008-04-15 10:54:29
 C:\WINDOWS\system32\COMRes.dll handle: 77020000 size: 619520 crc: D40C969F date: 2008-04-15 10:54:29
 C:\WINDOWS\system32\OLEAUT32.dll handle: 770F0000 size: 551936 crc: D171700C date: 2008-04-15 10:54:36
 C:\WINDOWS\system32\VERSION.dll handle: 77BD0000 size: 18944 crc: 72CE9C71 date: 2008-04-15 10:54:40
 C:\WINDOWS\system32\dmime.dll handle: 65ED0000 size: 181248 crc: 079215F5 date: 2008-04-15 10:54:30
 C:\WINDOWS\system32\DSOUND.dll handle: 73E70000 size: 367616 crc: BDADAF95 date: 2008-04-15 10:54:31
 C:\WINDOWS\system32\dmusic.dll handle: 6CC70000 size: 104448 crc: C7E8551D date: 2008-04-15 10:54:30
 C:\WINDOWS\system32\KsUser.dll handle: 73E40000 size: 4096 crc: 40766007 date: 2008-04-15 10:54:32
 C:\WINDOWS\system32\dmsynth.dll handle: 6CC90000 size: 103424 crc: 51E67279 date: 2008-04-15 10:54:30
 C:\WINDOWS\system32\dmloader.dll handle: 6CD00000 size: 35840 crc: 59667D12 date: 2008-04-15 10:54:30
 C:\WINDOWS\system32\msctfime.ime handle: 73640000 size: 177152 crc: 7474756D date: 2008-04-15 10:53:41
 C:\WINDOWS\system32\mswsock.dll handle: 719B0000 size: 240640 crc: 5E98C27C date: 2008-06-20 17:45:49
 C:\WINDOWS\system32\hnetcfg.dll handle: 605B0000 size: 333824 crc: 6F5A58F4 date: 2008-04-15 10:54:31
 C:\WINDOWS\System32\wshtcpip.dll handle: 719F0000 size: 19456 crc: D5B29E40 date: 2008-04-15 10:54:40
 C:\WINDOWS\system32\psapi.dll handle: 76BC0000 size: 23040 crc: F5F9324B date: 2008-04-15 10:54:36

System information:
 Windows version 5.1 2600 Service Pack 3

---- gamelog start ----
Tick 62675: game loaded
     Conversion from OTTD savegame without gamelog: version 4, 1
     Revision text changed to r16587, savegame version 120, not modified, _openttd_newgrf_version = 0x080040cb
     New game mode: 0 landscape: 1
---- gamelog end ----
