*** OpenTTD Crash Report ***

Crash at: Thu May 02 15:49:20 2013
In game date: 1945-01-17 (68)

Crash reason:
 Exception: E1212012
 Location:  7494C41F
 Message:   Assertion failed at line 125 of c:\bamboo-agent-home\xml-data\build-dir\ottd-nightly-w32bit\src\pathfinder/follow_track.hpp: ((TrackStatusToTrackdirBits(GetTileTrackStatus(m_old_tile, TT(), IsRoadTT() && m_veh != NULL ? RoadVehicle::From(m_veh)->compatible_roadtypes : 0)) & TrackdirToTrackdirBits(m_old_td)) != 0) || (IsTram() && GetSingleTramBit(m_old_tile) != INVALID_DIAGDIR)

OpenTTD version:
 Version:    r25215 (0)
 NewGRF ver: 1400627f
 Bits:       32
 Endian:     little
 Dedicated:  no
 Build date: May  1 2013 18:09:04

Registers:
 EAX: 0018EF34 EBX: 00000016 ECX: 00000000 EDX: 0008E3C8
 ESI: 00C6037C EDI: 00000000 EBP: 0018EF84 ESP: 0018EF34
 EIP: 7494C41F EFLAGS: 00200246

 Bytes at instruction pointer:
 C9 C2 10 00 CC CC CC CC CC 8B FF 55 8B EC 56 8B 75 08 83 FE F4 72 18 83

Stack trace:
 E1212012 00000000 00000000 7494C41F 00000000 00000010 00000000 00000000
 00000000 00000000 00000000 00000000 00000000 0018EDE8 0018EE00 00000001
 76EBFACA 76EE1022 00000000 00000016 0018EFE4 005E4D99 E1212012 00000000
 00000000 00000000 006B95B7 00000016 04BA27A7 0018EFFC 00000200 0018F2A4
 0018EFD0 749FFD57 00000000 76EBFACA 005E4D89 00000001 0018EFA4 0018EAF8
 0018F344 006BEB40 04600F5B FFFFFFFE 0018F1FC 006B8B75 00000016 0043803C
 00000000 000008D9 65737341 6F697472 6166206E 64656C69 20746120 656E696C
 35323120 20666F20 625C3A63 6F626D61 67612D6F 2D746E65 656D6F68 6C6D785C
 7461642D 75625C61 2D646C69 5C726964 6474746F 67696E2D 796C7468 3233772D
 5C746962 5C637273 68746170 646E6966 662F7265 6F6C6C6F 72745F77 2E6B6361
 3A707068 54282820 6B636172 74617453 6F547375 63617254 7269646B 73746942
 74654728 656C6954 63617254 6174536B 28737574 6C6F5F6D 69745F64 202C656C
 29285454 7349202C 64616F52 29285454 20262620 65765F6D 3D212068 4C554E20
 203F204C 64616F52 69686556 3A656C63 6F72463A 5F6D286D 29686576 6F633E2D
 7461706D 656C6269 616F725F 70797464 3A207365 29293020 54202620 6B636172
 54726964 6172546F 69646B63 74694272 5F6D2873 5F646C6F 29296474 203D2120
 7C202930 4928207C 61725473 2029286D 47202626 69537465 656C676E 6D617254
 28746942 6C6F5F6D 69745F64 2029656C 49203D21 4C41564E 445F4449 44474149
 00295249 00000000 00000000 00000000 00000000 00000000 00000000 00000000
 00000000 00000000 00000000 00000000 00000000 00000000 00000000 00000000
 00000000 00000000 00000000 00000000 00000000 00000000 00000000 00000000
 00000000 0018F207 005B2EEE 004FEE1E 00000000 000008D9 0018F2A4 00000000
 000008D9 00426FA6 000008D9 0043CAF4 00BA8BBC 0000007D 00BE2870 00BE2770
 000000FF 000008D9 0018F2C4 000000FF 00010000 000008D9 00000000 00000000

Operating system:
 Name:     Windows
 Release:  6.1.7601 (Service Pack 1)
 Compiler: MSVC 1600

Configuration:
 Blitter:      8bpp-optimized
 Graphics set: OpenGFX (998)
 Language:     C:\Users\RBC\OpenTTD\test\lang\german.lng
 Music driver: dmusic
 Music set:    OpenMSX (96)
 Network:      no
 Sound driver: win32
 Sound set:    OpenSFX (87)
 Video driver: win32

AI Configuration (local: 0):
  0: Human

Libraries:
 FreeType:   2.4.5
 ICU:        4.4.2
 LZMA:       5.0.3
 LZO:        2.05
 PNG:        1.5.4
 Zlib:       1.2.5

Module information:
 C:\Users\RBC\OpenTTD\test\openttd.exe handle: 00400000 size: 8806400 crc: E03D4ACB date: 2013-05-01 18:13:12
 C:\Windows\SysWOW64\ntdll.dll handle: 76EA0000 size: 1292080 crc: 00BA27E8 date: 2011-11-17 05:38:39
 C:\Windows\syswow64\kernel32.dll handle: 74FD0000 size: 1114112 crc: CEBA3B73 date: 2012-11-30 04:53:59
 C:\Windows\syswow64\KERNELBASE.dll handle: 74940000 size: 274944 crc: A8107895 date: 2012-11-30 04:53:59
 C:\Windows\system32\WINMM.dll handle: 713A0000 size: 194048 crc: 849223C7 date: 2010-11-21 03:24:16
 C:\Windows\syswow64\msvcrt.dll handle: 74C20000 size: 690688 crc: DAB48B3A date: 2011-12-16 07:52:58
 C:\Windows\syswow64\USER32.dll handle: 74990000 size: 833024 crc: 9EFE504D date: 2010-11-21 03:24:20
 C:\Windows\syswow64\GDI32.dll handle: 75220000 size: 311296 crc: 5F06BCCF date: 2010-11-21 03:24:14
 C:\Windows\syswow64\LPK.dll handle: 76E70000 size: 25600 crc: 3C6CC57C date: 2009-07-14 01:11:23
 C:\Windows\syswow64\USP10.dll handle: 752C0000 size: 626688 crc: 6C809B74 date: 2012-11-22 04:45:03
 C:\Windows\syswow64\ADVAPI32.dll handle: 74A90000 size: 640512 crc: 34D5363F date: 2010-11-21 03:24:28
 C:\Windows\SysWOW64\sechost.dll handle: 76380000 size: 92160 crc: B624B29A date: 2009-07-14 01:16:13
 C:\Windows\syswow64\RPCRT4.dll handle: 74CD0000 size: 663040 crc: D136A44D date: 2010-11-21 03:24:11
 C:\Windows\syswow64\SspiCli.dll handle: 74580000 size: 96768 crc: 8036AEE0 date: 2012-06-02 04:34:09
 C:\Windows\syswow64\CRYPTBASE.dll handle: 74570000 size: 36864 crc: 00308E17 date: 2009-07-14 01:15:07
 C:\Windows\syswow64\WS2_32.dll handle: 76340000 size: 206848 crc: FD00A753 date: 2010-11-21 03:23:55
 C:\Windows\syswow64\NSI.dll handle: 75FB0000 size: 8704 crc: 2ACE9671 date: 2009-07-14 01:16:11
 C:\Windows\syswow64\SHELL32.dll handle: 75360000 size: 12873728 crc: 53A44B0D date: 2012-06-09 04:41:00
 C:\Windows\syswow64\SHLWAPI.dll handle: 74EE0000 size: 350208 crc: 23E05F73 date: 2010-11-21 03:23:48
 C:\Windows\system32\IMM32.DLL handle: 751C0000 size: 119808 crc: 38DB5163 date: 2010-11-21 03:24:25
 C:\Windows\syswow64\MSCTF.dll handle: 750F0000 size: 828928 crc: DFE09EEB date: 2009-07-14 01:15:43
 C:\Windows\syswow64\ole32.dll handle: 76190000 size: 1414144 crc: 74A1E844 date: 2010-11-21 03:24:01
 C:\Windows\system32\uxtheme.dll handle: 70B40000 size: 245760 crc: 60C5C746 date: 2009-07-14 01:11:24
 C:\Windows\system32\dwmapi.dll handle: 70B20000 size: 67072 crc: FC7CA4B8 date: 2009-07-14 01:15:13
 C:\Windows\system32\mswsock.dll handle: 71430000 size: 232448 crc: 47C95B42 date: 2010-11-21 03:24:09
 C:\Windows\System32\wshtcpip.dll handle: 71420000 size: 9216 crc: BA963A19 date: 2009-07-14 01:16:20
 C:\Windows\system32\MMDevAPI.DLL handle: 6D7F0000 size: 213504 crc: 93C0AA4F date: 2010-11-21 03:23:51
 C:\Windows\system32\PROPSYS.dll handle: 6E240000 size: 988160 crc: 888D0BCB date: 2010-11-21 03:24:08
 C:\Windows\syswow64\OLEAUT32.dll handle: 74B90000 size: 571904 crc: 2B85E126 date: 2011-08-27 04:26:27
 C:\Windows\system32\wdmaud.drv handle: 71FB0000 size: 172032 crc: D5B9F5FA date: 2010-11-21 03:24:00
 C:\Windows\system32\ksuser.dll handle: 6EF10000 size: 4608 crc: EBE07232 date: 2009-07-14 01:15:35
 C:\Windows\system32\AVRT.dll handle: 72200000 size: 14336 crc: 9818237B date: 2009-07-14 01:14:58
 C:\Windows\syswow64\SETUPAPI.dll handle: 75FF0000 size: 1667584 crc: 1D0104E8 date: 2010-11-21 03:23:51
 C:\Windows\syswow64\CFGMGR32.dll handle: 74B30000 size: 145920 crc: 377B5190 date: 2011-05-24 10:39:38
 C:\Windows\syswow64\DEVOBJ.dll handle: 76560000 size: 64512 crc: 66B02A5A date: 2011-05-24 10:40:05
 C:\Windows\system32\AUDIOSES.DLL handle: 6D7B0000 size: 195584 crc: 0A7E52B1 date: 2010-11-21 03:23:55
 C:\Windows\system32\msacm32.drv handle: 721F0000 size: 20992 crc: 73923147 date: 2009-07-14 01:14:08
 C:\Windows\system32\MSACM32.dll handle: 70E20000 size: 72192 crc: ABA25814 date: 2009-07-14 01:15:42
 C:\Windows\system32\midimap.dll handle: 743F0000 size: 16896 crc: C000494C date: 2009-07-14 01:15:40
 C:\Windows\syswow64\CLBCatQ.DLL handle: 74F40000 size: 522240 crc: 6C130B8A date: 2009-07-14 01:15:03
 C:\Windows\System32\dmime.dll handle: 6BBA0000 size: 179712 crc: 179D7CFB date: 2009-07-14 01:15:12
 C:\Windows\System32\DSOUND.dll handle: 72270000 size: 453632 crc: EC24F2F8 date: 2009-07-14 01:15:13
 C:\Windows\System32\POWRPROF.dll handle: 72850000 size: 145408 crc: 9957ABF4 date: 2009-07-14 01:16:12
 C:\Windows\System32\dmusic.dll handle: 721D0000 size: 101376 crc: F5D0AA6B date: 2009-07-14 01:15:12
 C:\Windows\syswow64\WINTRUST.dll handle: 75FC0000 size: 172544 crc: 1166A078 date: 2012-08-24 16:57:48
 C:\Windows\syswow64\CRYPT32.dll handle: 74820000 size: 1159680 crc: 7256E5C6 date: 2012-06-02 04:36:29
 C:\Windows\syswow64\MSASN1.dll handle: 752B0000 size: 34304 crc: BE7DA129 date: 2010-11-21 03:23:48
 C:\Windows\System32\dmsynth.dll handle: 720C0000 size: 105472 crc: 3B102040 date: 2009-07-14 01:15:12
 C:\Windows\System32\dmloader.dll handle: 72020000 size: 38400 crc: 8A3F45D2 date: 2009-07-14 01:15:12
 C:\Windows\syswow64\psapi.dll handle: 750E0000 size: 6144 crc: 25B988F9 date: 2009-07-14 01:16:12

---- gamelog start ----
Tick 0: new game started
     Revision text changed to r25215, savegame version 181, not modified, _openttd_newgrf_version = 0x1400627f
     New game mode: 1 landscape: 0
     Added NewGRF: GRF ID 4A430002, checksum 2A214CB9C68182C4C3B9206A28FC4185, filename: industrial_stations_renewal-0.8.2\indstatr.grf (md5sum matches)
---- gamelog end ----

*** End of OpenTTD Crash Report ***

Decoded stack trace:
[00] KERNELBASE           0x7494C41F RaiseException + 88
[01] openttd              0x005E4D99
[02] openttd              0x006B8B75
[03] openttd              0x0043CAF4
[04] openttd              0x0043D6D6

*** End of additional info ***
