*** OpenTTD Crash Report ***

Crash at: Sat Oct 23 07:26:37 2010
In game date: 1975-09-16 (27)

Crash reason:
 Exception: C0000005
 Location:  000000013F933D0A
 Message:   <none>

OpenTTD version:
 Version:    1.0.4 (0)
 NewGRF ver: 10485145
 Bits:       64
 Endian:     little
 Dedicated:  no
 Build date: Sep 14 2010 17:00:48

Registers:
 RAX: 00000000051BFBE0 RBX: 000000000025ED63 RCX: 0000000000000054 RDX: 000000000000E00C
 RSI: 000000000025EF5F RDI: 000000013FCD0AD8 RBP: 0000000001CFAEE6 RSP: 000000000025E9E0
 R8:  0000000000000000 R9:  0000000000000001 R10: 0000000000000000 R11: 0000000000000008
 R12: 000000000000008E R13: 00000000000001F1 R14: 0000000000000002 R15: 00000000000003C2
 RIP: 000000013F933D0A EFLAGS: 00010206

 Bytes at instruction pointer:
 49 8B 50 38 49 3B D2 0F 85 BA F7 FF FF 41 0F B6 48 0A 41 0F B7 80 E8 00

Stack trace:
 0025EDA0 00000000 00000024 00000000 00000000 00000000 3FA85409 00000001
 3F04000E 00000000 00000B47 00000001 0000E00C 00000000 00000002 00000000
 0025EDA0 00000000 00000024 00000000 3FCD0AD0 00000001 3FA85409 00000001
 3F04000D 00000000 00000B46 00000001 00000B44 00000000 0025ED60 00000000
 0025EDA0 00000000 00000024 00000000 00000000 00000000 3FA85409 00000001
 3F04000C 00000000 00000B45 00000001 00000B43 00000000 00000002 00000000
 0025EDA0 00000000 00000024 00000000 00000000 00000000 3FA85409 00000001
 3F04000B 00000000 00000B44 00000001 00000000 00000000 3FA78CEB 00000001
 0025EDA0 00000000 00000024 00000000 00000000 00000000 3FA85409 00000001
 00000000 00000000 0589D870 00000000 00000000 00000000 3FA78CEB 00000001
 00000043 00000000 0025EC00 00000000 0589E580 00000000 0589E580 00000000
 00000000 00000000 3FA7C28F 00000001 00000000 00000000 3FA7C1BF 00000001
 00000043 00000000 0025ED20 00000000 00000000 00000000 3FA7C1BF 00000001
 0000001E 00000000 0025EC00 00000000 0588D8F0 00000000 0025EF5F 00000000
 3FCD0AD0 00000001 0025ED60 00000000 00000000 00000000 3F9326B9 00000001
 0025ED63 00000000 01CFAEE6 00000000 00000000 00000000 00000000 00000001
 0025EF5F 00000000 3F93F3E1 00000001 00000001 00000000 3F98E9DF 00000001
 051D63B0 00000000 05748D70 00000000 05748D70 00000000 3F914970 00000001
 00000100 00001348 0000133F 00001348 00001514 00000000 00000000 00000000
 000002C0 00001350 00000010 00000000 00000970 00000000 00000000 00000000
 00000100 00000000 3F93F0FE 00000001 00000000 00000000 0025EE30 00000000
 00000F93 00000000 00000000 00000000 00000010 00000000 00000000 00000000
 00000000 00000000 00000000 00000000 00000540 00000000 00000000 00000000
 00000380 00001348 3F9A5A8C 00000001 00000970 00000000 00000008 00000000

Operating system:
 Name:     Windows
 Release:  6.1.7600 ()
 Compiler: MSVC 1500

Configuration:
 Blitter:      8bpp-optimized
 Graphics set: original_windows (0)
 Language:     english_US.lng
 Music driver: win32
 Music set:    original_windows (1)
 Network:      no
 Sound driver: win32
 Sound set:    original_windows (0)
 Video driver: win32

AI Configuration (local: 0):
  0: Human

Libraries:
 FreeType:   2.3.12
 ICU:        4.4.1
 LZO:        2.03
 PNG:        1.4.3
 Zlib:       1.2.5

Module information:
 D:\Games\OpenTTD\openttd.exe handle: 000000013F8F0000 size: 4234752 crc: 1EE95262 date: 2010-09-14 17:04:18
 C:\Windows\SYSTEM32\ntdll.dll handle: 0000000076F60000 size: 1736608 crc: 51E6A99D date: 2010-03-24 06:59:44
 C:\Windows\system32\kernel32.dll handle: 0000000076E40000 size: 1162240 crc: 822946F0 date: 2009-07-14 01:41:13
 C:\Windows\system32\KERNELBASE.dll handle: 000007FEFD010000 size: 421376 crc: 68F689E4 date: 2009-07-14 01:41:13
 C:\Windows\system32\WINMM.dll handle: 000007FEFAC20000 size: 217600 crc: 7BC1529F date: 2009-07-14 01:41:56
 C:\Windows\system32\msvcrt.dll handle: 000007FEFE190000 size: 634880 crc: 7F3E716F date: 2009-07-14 01:41:32
 C:\Windows\system32\USER32.dll handle: 0000000076D40000 size: 1008640 crc: 95FA0345 date: 2009-07-14 01:41:56
 C:\Windows\system32\GDI32.dll handle: 000007FEFF0D0000 size: 404480 crc: 0F1BAE69 date: 2009-07-14 01:40:56
 C:\Windows\system32\LPK.dll handle: 000007FEFE230000 size: 41984 crc: 350AF03B date: 2009-07-14 01:41:19
 C:\Windows\system32\USP10.dll handle: 000007FEFD690000 size: 801280 crc: 32EFA120 date: 2009-07-14 01:41:56
 C:\Windows\system32\WS2_32.dll handle: 000007FEFD420000 size: 296448 crc: B9553AFD date: 2009-07-14 01:41:58
 C:\Windows\system32\RPCRT4.dll handle: 000007FEFDBF0000 size: 1221632 crc: D5B6358C date: 2009-07-14 01:41:53
 C:\Windows\system32\NSI.dll handle: 000007FEFE180000 size: 13824 crc: 53B46F6C date: 2009-07-14 01:41:53
 C:\Windows\system32\ADVAPI32.dll handle: 000007FEFD880000 size: 877056 crc: FA615A20 date: 2009-07-14 01:40:01
 C:\Windows\SYSTEM32\sechost.dll handle: 000007FEFDF80000 size: 113664 crc: 978CFAE5 date: 2009-07-14 01:41:53
 C:\Windows\system32\SHELL32.dll handle: 000007FEFE240000 size: 14162944 crc: 38C0D5D7 date: 2010-07-27 14:59:11
 C:\Windows\system32\SHLWAPI.dll handle: 000007FEFDB70000 size: 449536 crc: 0BFDF102 date: 2009-07-14 01:41:54
 C:\Windows\system32\IMM32.DLL handle: 000007FEFD850000 size: 167424 crc: 41B2805A date: 2009-07-14 01:41:09
 C:\Windows\system32\MSCTF.dll handle: 000007FEFD310000 size: 1067008 crc: 798DDDA0 date: 2009-07-14 01:41:28
 C:\Windows\system32\SHFolder.dll handle: 000007FEFB000000 size: 10240 crc: 08A48DE3 date: 2009-07-14 01:41:54
 C:\Windows\system32\ole32.dll handle: 000007FEFD960000 size: 2085376 crc: 4764DDC2 date: 2010-06-29 05:39:12
 C:\Windows\system32\MMDevAPI.DLL handle: 000007FEFB800000 size: 284160 crc: CDF2EF81 date: 2009-07-14 01:41:26
 C:\Windows\system32\PROPSYS.dll handle: 000007FEFB6D0000 size: 1212416 crc: 98D01BC9 date: 2009-07-14 01:41:53
 C:\Windows\system32\OLEAUT32.dll handle: 000007FEFEFD0000 size: 861184 crc: 112732BA date: 2010-04-07 07:37:39
 C:\Windows\system32\wdmaud.drv handle: 000007FEFAB90000 size: 217088 crc: AB6BC545 date: 2009-07-14 01:38:50
 C:\Windows\system32\ksuser.dll handle: 0000000074BC0000 size: 5120 crc: AA2071D9 date: 2009-07-14 01:41:13
 C:\Windows\system32\AVRT.dll handle: 000007FEFB640000 size: 18432 crc: 5CE53CB7 date: 2009-07-14 01:40:05
 C:\Windows\system32\SETUPAPI.dll handle: 000007FEFDFA0000 size: 1899520 crc: 91ED5D15 date: 2009-07-14 01:41:54
 C:\Windows\system32\CFGMGR32.dll handle: 000007FEFCF70000 size: 207360 crc: 369326FC date: 2009-07-14 01:40:15
 C:\Windows\system32\DEVOBJ.dll handle: 000007FEFCFF0000 size: 93184 crc: A7541AE2 date: 2009-07-14 01:40:28
 C:\Windows\system32\AUDIOSES.DLL handle: 000007FEFA9A0000 size: 296448 crc: 07CA71DE date: 2009-07-14 01:40:04
 C:\Windows\system32\msacm32.drv handle: 000007FEFA850000 size: 25600 crc: 2B579A05 date: 2009-07-14 01:38:50
 C:\Windows\system32\MSACM32.dll handle: 000007FEFA830000 size: 83456 crc: 3D67538B date: 2009-07-14 01:41:27
 C:\Windows\system32\midimap.dll handle: 000007FEFA820000 size: 20480 crc: CB902A13 date: 2009-07-14 01:41:23
 C:\Windows\system32\CRYPTBASE.dll handle: 000007FEFCDF0000 size: 44032 crc: F547C16E date: 2009-07-14 01:40:24
 C:\Windows\system32\CLBCatQ.DLL handle: 000007FEFD760000 size: 607744 crc: 939E35C9 date: 2009-07-14 01:40:15
 C:\Windows\system32\uxtheme.dll handle: 000007FEFB670000 size: 332288 crc: B0A13DF9 date: 2009-07-14 01:41:56
 C:\Windows\system32\dwmapi.dll handle: 000007FEFB260000 size: 82432 crc: A459F360 date: 2009-07-14 01:40:34
 C:\Windows\system32\mswsock.dll handle: 000007FEFC6F0000 size: 320000 crc: EA387916 date: 2009-07-14 01:41:34
 C:\Windows\System32\wshtcpip.dll handle: 000007FEFC0E0000 size: 13312 crc: 5D1E2C55 date: 2009-07-14 01:41:58
 C:\Windows\system32\psapi.dll handle: 0000000077120000 size: 9216 crc: 84B5E9BA date: 2009-07-14 01:41:53

---- gamelog start ----
Tick 0: new game started
     Revision text changed to 1.0.4, savegame version 138, not modified, _openttd_newgrf_version = 0x10485145
     New game mode: 1 landscape: 2
     Added NewGRF: GRF ID 52571201, checksum C1C7D8C53EB7E74EEE2F0EF29638B466, filename: egrvts.1.0\egrvts.grf
     Added NewGRF: GRF ID 44440A01, checksum EFEE1435093730D3DA55BDF69653CADC, filename: av8_aviators_aircraft_set-1.7\pb_av8w.grf
     Added NewGRF: GRF ID 535A0901, checksum BECE0FB994E34EBDF6DB76EC3B566914, filename: purno_s_new_railway_fence.1\fencew.grf
     Added NewGRF: GRF ID 56430001, checksum AF3E0A1E6EF0B98DB966594578D1775B, filename: total_town_replacement_set-3.02a\ttrs3w.grf
---- gamelog end ----

*** End of OpenTTD Crash Report ***
