*** OpenTTD Crash Report ***

Crash at: Tue Feb 08 11:06:55 2011
In game date: 1918-10-01 (0)

Crash reason:
 Exception: E1212012
 Location:  7C812AEB
 Message:   Assertion failed at line 107 of ..\src\company_cmd.cpp: IsLocalCompany()

OpenTTD version:
 Version:    1.1.0-beta5 (0)
 NewGRF ver: 110055cf
 Bits:       32
 Endian:     little
 Dedicated:  no
 Build date: Feb  4 2011 20:29:31

Registers:
 EAX: 0013F378 EBX: 00000016 ECX: 00000000 EDX: 00BD00C8
 ESI: 00000000 EDI: 00000000 EBP: 0013F3C8 ESP: 0013F374
 EIP: 7C812AEB EFLAGS: 00000246

 Bytes at instruction pointer:
 5E C9 C2 10 00 85 FF 0F 8E 36 93 FF FF 8B 55 FC 89 55 0C 0F B7 16 8B 7D

Stack trace:
 00BCFFE8 E1212012 00000000 00000000 7C812AEB 00000000 00000000 00000000
 00000000 00000000 00000000 0013F3DC 0064A898 7C90D7EC 7C9133F6 FFFFFFFF
 00000024 0013F3C4 00000004 00000000 359722D9 0013F428 0057319B E1212012
 00000000 00000000 00000000 00645BC6 00000016 FB3F16DA 0013F770 00000200
 000000FF 7C9133F6 FFFFFFFF 00000000 0013F410 0057318B 00000001 0013F3E8
 0013EF90 0013FA2C 0064BDB0 FB96B2BA FFFFFFFE 0013F760 00645000 00000016
 00000200 006465A9 0013F488 00BB3718 012B2DC0 00658EE4 00000000 FFFFFFF0
 0013F6E4 0064EF20 00000000 0013F770 0013F770 0064EFAC 012B0000 0013F74C
 00000000 00000007 FFFFFFFF 00010000 00000000 00BB3718 012B2DC0 012B1E90
 0013F401 0013F708 00000000 00000000 00000000 00B2FDD9 00000000 00000000
 00000000 03FFE458 00000048 0013F988 00000010 00B67324 FFFFFFFF 00FFFFFF
 00000000 012B0000 7C910202 00000003 012B0718 012B0000 01439AF0 0013F4E0
 0043F2F4 0013F724 7C90E900 7C910208 FFFFFFFF 7C910202 7C91017B 7C9101BB
 7C9100A4 00000010 00000000 013732D8 00FF00FF 00000010 0013F6BC 00000000
 7E42934B 00000010 0013F6BC 00000000 00BD4328 0013F538 80000000 0013FA2C
 7E44048F 7E429350 0000F902 0013F6B0 7E43A2BC 0013F6BC 0013F770 00000200
 7E43A2D6 00000001 00000023 00000023 00000000 00D00850 00000000 0154DCC0
 00000000 00000000 00000000 7E4120EC 00000000 00000001 012B0748 012B0000
 03EF0220 0013F5A8 00506FCD 0013F7EC 7C90E900 7C910208 FFFFFFFF 7C910202
 7C91017B 025161C8 7C9100A4 013732D8 00000001 00FF00FF 0013F620 012B0000
 7C910202 00000004 77F18693 77F2C727 580107A0 013732D8 00000000 0013F63C
 00000005 00000001 0013FA3C 013732D8 00000000 013732D8 00000001 0013F63C
 77F18632 77F15B70 00204470 00244874 0013F654 0013F658 00000000 7C910098
 013732D0 0013F724 7C910021 012B06E8 7C91003D 025161E2 013732D8 00000000

Operating system:
 Name:     Windows
 Release:  5.1.2600 (Service Pack 3)
 Compiler: MSVC 1500

Configuration:
 Blitter:      8bpp-optimized
 Graphics set: OpenGFX (589)
 Language:     E:\TTD v1.0.5\lang\english_US.lng
 Music driver: dmusic
 Music set:    OpenMSX (96)
 Network:      server
 Sound driver: win32
 Sound set:    OpenSFX (87)
 Video driver: win32

AI Configuration (local: 0):
  0: Human
  1: Human
  2: Denver & Rio Grande (v1)
  3: Denver & Rio Grande (v1)

Libraries:
 FreeType:   2.4.4
 ICU:        4.4.2
 LZMA:       5.0.0
 LZO:        2.03
 PNG:        1.4.5
 Zlib:       1.2.5

Module information:
 E:\TTD v1.0.5\openttd.exe handle: 00400000 size: 8219136 crc: 3014E0C2 date: 2011-02-04 20:32:44
 C:\WINDOWS\system32\ntdll.dll handle: 7C900000 size: 706048 crc: 791555FA date: 2008-04-14 02:41:26
 C:\WINDOWS\system32\kernel32.dll handle: 7C800000 size: 989696 crc: 98CCF9A3 date: 2008-04-14 02:41:58
 C:\WINDOWS\system32\WINMM.dll handle: 76B40000 size: 176128 crc: 9676D976 date: 2008-04-14 02:42:10
 C:\WINDOWS\system32\ADVAPI32.dll handle: 77DD0000 size: 617472 crc: 78174499 date: 2008-04-14 02:41:50
 C:\WINDOWS\system32\RPCRT4.dll handle: 77E70000 size: 584704 crc: 78EC50DB date: 2008-04-14 02:42:06
 C:\WINDOWS\system32\Secur32.dll handle: 77FE0000 size: 56320 crc: 25AFC491 date: 2008-04-14 02:42:06
 C:\WINDOWS\system32\GDI32.dll handle: 77F10000 size: 285184 crc: 148CE77D date: 2008-04-14 02:41:56
 C:\WINDOWS\system32\USER32.dll handle: 7E410000 size: 578560 crc: F7C72264 date: 2008-04-14 02:42:10
 C:\WINDOWS\system32\WS2_32.dll handle: 71AB0000 size: 82432 crc: 7C519ECA date: 2008-04-14 02:42:12
 C:\WINDOWS\system32\msvcrt.dll handle: 77C10000 size: 343040 crc: 0B7B1677 date: 2008-04-14 02:42:02
 C:\WINDOWS\system32\WS2HELP.dll handle: 71AA0000 size: 19968 crc: 3F24E096 date: 2008-04-14 02:42:12
 C:\WINDOWS\system32\SHELL32.dll handle: 7C9C0000 size: 8461312 crc: 0EB5453F date: 2008-04-14 02:42:06
 C:\WINDOWS\system32\SHLWAPI.dll handle: 77F60000 size: 474112 crc: 3230A338 date: 2008-04-14 02:42:06
 C:\WINDOWS\WinSxS\x86_Microsoft.Windows.Common-Controls_6595b64144ccf1df_6.0.2600.5512_x-ww_35d4ce83\comctl32.dll handle: 773D0000 size: 1054208 crc: 06939D35 date: 2008-04-14 02:42:52
 C:\WINDOWS\system32\comctl32.dll handle: 5D090000 size: 617472 crc: 519837A9 date: 2008-04-14 02:41:52
 C:\WINDOWS\system32\SHFolder.dll handle: 76780000 size: 25088 crc: 8009EA65 date: 2008-04-14 02:42:06
 C:\WINDOWS\system32\WINTRUST.dll handle: 76C30000 size: 176640 crc: 98E1211C date: 2008-04-14 02:42:10
 C:\WINDOWS\system32\CRYPT32.dll handle: 77A80000 size: 599040 crc: F04E4319 date: 2008-04-14 02:41:52
 C:\WINDOWS\system32\MSASN1.dll handle: 77B20000 size: 57344 crc: B280A6F9 date: 2008-04-14 02:42:00
 C:\WINDOWS\system32\IMAGEHLP.dll handle: 76C90000 size: 144384 crc: F7A06429 date: 2008-04-14 02:41:56
 C:\WINDOWS\system32\wdmaud.drv handle: 72D20000 size: 23552 crc: EEB914CA date: 2008-04-14 02:51:44
 C:\WINDOWS\system32\msacm32.drv handle: 72D10000 size: 20480 crc: D5406BAE date: 2004-08-04 12:00:00
 C:\WINDOWS\system32\MSACM32.dll handle: 77BE0000 size: 71680 crc: EDE4B266 date: 2008-04-14 02:42:00
 C:\WINDOWS\system32\midimap.dll handle: 77BD0000 size: 18944 crc: 2E6D5FD1 date: 2008-04-14 02:41:58
 C:\WINDOWS\system32\ole32.dll handle: 774E0000 size: 1287168 crc: 3908D33A date: 2008-04-14 02:42:04
 C:\WINDOWS\system32\CLBCATQ.DLL handle: 76FD0000 size: 498688 crc: F43789FF date: 2008-04-14 02:41:52
 C:\WINDOWS\system32\COMRes.dll handle: 77050000 size: 792064 crc: 868482D5 date: 2008-04-14 02:41:52
 C:\WINDOWS\system32\OLEAUT32.dll handle: 77120000 size: 551936 crc: 1EE83658 date: 2008-04-14 02:42:04
 C:\WINDOWS\system32\VERSION.dll handle: 77C00000 size: 18944 crc: 558B1DAF date: 2008-04-14 02:42:10
 C:\WINDOWS\system32\dmime.dll handle: 5C570000 size: 181248 crc: A021AC64 date: 2008-04-14 02:41:54
 C:\WINDOWS\system32\DSOUND.dll handle: 73F10000 size: 367616 crc: 33C2A52C date: 2008-04-14 02:41:54
 C:\WINDOWS\system32\dmusic.dll handle: 6C980000 size: 104448 crc: E9A2B682 date: 2008-04-14 02:41:54
 C:\WINDOWS\system32\KsUser.dll handle: 73EE0000 size: 4096 crc: BD8E6BD9 date: 2008-04-13 19:41:58
 C:\WINDOWS\system32\dmsynth.dll handle: 6C9A0000 size: 103424 crc: 3E2BFB05 date: 2008-04-14 02:41:54
 C:\WINDOWS\system32\dmloader.dll handle: 6CA10000 size: 35840 crc: 9271DC2B date: 2008-04-14 02:41:54
 C:\WINDOWS\system32\mswsock.dll handle: 71A50000 size: 245248 crc: 121DE7EF date: 2008-04-14 02:42:02
 C:\WINDOWS\system32\hnetcfg.dll handle: 662B0000 size: 344064 crc: 96358152 date: 2008-04-14 02:41:56
 C:\WINDOWS\System32\wshtcpip.dll handle: 71A90000 size: 19456 crc: F5533E87 date: 2008-04-14 02:42:12
 C:\WINDOWS\system32\dmstyle.dll handle: 6C9C0000 size: 105984 crc: 65DF8D9B date: 2008-04-14 02:41:54
 C:\WINDOWS\system32\dmband.dll handle: 6CBC0000 size: 28672 crc: B752817F date: 2008-04-14 02:41:54
 C:\WINDOWS\system32\DNSAPI.dll handle: 76F20000 size: 147968 crc: 7DCFCC2E date: 2008-04-14 02:41:54
 C:\Program Files\Bonjour\mdnsNSP.dll handle: 64000000 size: 152864 crc: C12491A2 date: 2010-05-18 06:35:14
 C:\WINDOWS\system32\Iphlpapi.dll handle: 76D60000 size: 94720 crc: E4D0E9E4 date: 2008-04-14 02:41:56
 C:\WINDOWS\system32\rasadhlp.dll handle: 76FC0000 size: 7680 crc: 3AB3D6CF date: 2008-04-14 02:42:04
 C:\WINDOWS\system32\psapi.dll handle: 76BF0000 size: 23040 crc: 75BBDCAD date: 2008-04-14 02:42:04

---- gamelog start ----
Tick 0: new game started
     Revision text changed to 1.1.0-beta4, savegame version 157, not modified, _openttd_newgrf_version = 0x11005570
     New game mode: 1 landscape: 0
     Added NewGRF: GRF ID 27711003, checksum 1DD625FFF9805756C848E19BDDA162C3, filename: 2cc_trainset-2.0.0beta4.1\2cctrainset.grf (md5sum matches)
     Added NewGRF: GRF ID 424B5462, checksum 83FE5AA7CAFF0A307B44B297F2A259D6, filename: bk_enhanced_tunnel_set-1.0\bktunw.grf (md5sum matches)
     Added NewGRF: GRF ID 4D420000, checksum F99A61C58F6F61148465464C653C70B1, filename: bobs_random_vehicles_-0.6.1\brbv v0.6.1w.grf (md5sum matches)
     Added NewGRF: GRF ID 52455400, checksum 1600687C50C5AB1E72EDD487CAD50E2A, filename: coded_by_aegir._artwork_by_aegir-1\ae_cityw.grf (md5sum matches)
     Added NewGRF: GRF ID 52571201, checksum C1C7D8C53EB7E74EEE2F0EF29638B466, filename: egrvts.1.0\egrvts.grf (md5sum matches)
     Added NewGRF: GRF ID 414E0101, checksum 9FE1949FF50A22F6260A6D2D3FA45A2D, filename: fish_ship_set-0.8.2\fish.grf (md5sum matches)
     Added NewGRF: GRF ID 41501202, checksum 341646D3E73F9368E856A80856EC89B0, filename: heqs_heavy_equipment_set-1.0\heqs.grf (md5sum matches)
     Added NewGRF: GRF ID 24251D2C, checksum 6E380EAEFD09E9FABACD48B7C5228E3A, filename: hungarian_truck_set-2.1\teherautow.grf (md5sum matches)
     Added NewGRF: GRF ID 4E474C56, checksum B780A10427B64320EE8529AD9711868E, filename: light_road_vehicle_set-0.2beta2\lrvs-0.2.grf (md5sum matches)
     Added NewGRF: GRF ID 46420801, checksum 2D654630F22AA4C78A58710024C514B3, filename: new_tram_tracks.0.4.1\newtramtracksw_v0.4.1.grf (md5sum matches)
     Added NewGRF: GRF ID 46727806, checksum 09E95562B1894A4D55D5532C6A889621, filename: opengfx_trees-0.2.2\opengfx+trees.grf (md5sum matches)
     Added NewGRF: GRF ID 4A4D0101, checksum 9ABAA3211849E0C55FB642521ECFB16F, filename: sailing_ships-0.3\sailing_ships.grf (md5sum matches)
     Added NewGRF: GRF ID 52455200, checksum 0E5A9C5ACD2BCAF7FA0658C3F905A660, filename: rural_stations-1\ae_ruraw.grf (md5sum matches)
     Added NewGRF: GRF ID 52455300, checksum 37C0B839B13C4B18051580C81EEDF427, filename: suburban_stations-1\ae_subuw.grf (md5sum matches)
     Added NewGRF: GRF ID 41533031, checksum 911AC4448EE52CFDF171FA358404DD23, filename: swedish_houses-1.1\swehouses.grf (md5sum matches)
     Added NewGRF: GRF ID 72777473, checksum 431E58F4ACA83A2B4E25EEC5FD2E1EEF, filename: uk_town_set-2.1\ukts_2.1.grf (md5sum matches)
     Added NewGRF: GRF ID 4D570102, checksum 8C41066F2430A1762047AB077B51EE63, filename: hover_bus.1.0\hoverbus_1.0.grf (md5sum matches)
     Added NewGRF: GRF ID 4D656F17, checksum 8A4F8A04256C90BECF818D134C91C816, filename: long_vehicles-v404oct2008\4lvw.grf (md5sum matches)
     Added NewGRF: GRF ID 44440301, checksum 8B73D8C3F5922AD35AE6F292A7B735E6, filename: nars_v1.1.0\pb_nars.grf (md5sum matches)
     Added NewGRF: GRF ID 045C030C, checksum F42CF9EBF107CEEF90A58BAE812A0A9D, filename: narvw-2.00\narvsw.grf (md5sum matches)
     Added NewGRF: GRF ID 48530101, checksum EC17E22A38C037D156BD22A96F4A8523, filename: reduced_passenger_payment.1.0\reducedpassengerpayment.grf (md5sum matches)
     Added NewGRF: GRF ID 3B170000, checksum 933C37C9255A77F3314A5E2F34BDEBF4, filename: romanian_road_vehicle_set.0.5.0\rvr_050w.grf (md5sum matches)
     Added NewGRF: GRF ID 4A430002, checksum 0728ADCB4DF2F1EB9247ABD449296F4E, filename: industrial_stations_renewal.0.8.0\indstatrw.grf (md5sum matches)
     Added NewGRF: GRF ID 32434353, checksum 1820C48040541B9E6FD4EA0F1D205438, filename: 2cc_subways_from_the_2cc_set-1.0\2cc_subways.grf (md5sum matches)
     Added NewGRF: GRF ID 11223301, checksum 474A7FF52E675DED3154101B58B3E3C7, filename: 2cc_chimaera_addon.2\chim.grf (md5sum matches)
     Added NewGRF: GRF ID 4D470303, checksum 8F903FAC3099CA3C9A296AAECBB27A75, filename: basemod-3.2\basecosts.grf (md5sum matches)
     Added NewGRF: GRF ID 444A0201, checksum 45054312E8038955B33606A427BAFF2F, filename: generic_european_train_set_ges-alpha2.1\ges_pa2.1.grf (md5sum matches)
     Added NewGRF: GRF ID 52570103, checksum EDB2D26F9D81423734CA12412F309CF3, filename: generic_tram_set.0.4\generictrams.grf (md5sum matches)
     Added NewGRF: GRF ID 45530500, checksum FA231F55E8CC472EA98271F7C2AA9EFF, filename: japanese_stations-2.0a\jpstationsw.grf (md5sum matches)
     Added NewGRF: GRF ID 44540000, checksum 827631B2FEEED78400419E98877F3331, filename: lithuanian_transportation_set.beta_1.1\ltts - beta 1.1w.grf (md5sum matches)
     Added NewGRF: GRF ID 5245F0F0, checksum 02538A8208D8816284B0079764783534, filename: newtree-2010.08.29\newtree.grf (md5sum matches)
     Added NewGRF: GRF ID 54431588, checksum 9B9DBE44ED2DBBCC23547E16B9E746D1, filename: nzr_class_de.1.2\nzrde.grf (md5sum matches)
     Added NewGRF: GRF ID 51560000, checksum BFF369655BCEFB9F4905BB474C05EBE7, filename: polish_pkp_set-1.6\pkp_set_1.6.grf (md5sum matches)
     Added NewGRF: GRF ID 451A0000, checksum 0A228FEDFDB7BD2B5409989FB5BE9E62, filename: romanian_train_set.0.2\romtrain_v0.2_passengercarsw.grf (md5sum matches)
     Added NewGRF: GRF ID 53455230, checksum 96E9D62FA0916B48367BE56220356EC3, filename: swedish_rails-0.6.0\swedishrails.grf (md5sum matches)
     Added NewGRF: GRF ID 41490006, checksum 37860FF76C7645EFD0B8B1B2D26BAF05, filename: swedish_trains.7.3\ai_swedish.grf (md5sum matches)
     Added NewGRF: GRF ID 414F0000, checksum B92D75D55691BDE65BFD3C377FF7152F, filename: the_danish_transport_set-0.0.3.b\danish_transport_setw.grf (md5sum matches)
     Added NewGRF: GRF ID 44442202, checksum 3DAC7433C0DA14AD3C5E8C89D73A6A2E, filename: uk_renewal_set_addon_pack.3.04\ukrsap1w.grf (md5sum matches)
     Added NewGRF: GRF ID 44440111, checksum 9B5051E70D60EF2926A249B923AFB0CA, filename: uk_renewal_set.3.04\pb_ukrs.grf (md5sum matches)
     Added NewGRF: GRF ID 444E0400, checksum 735D3D74D5DCADBF1FD6EF7A9C5A3519, filename: vast_station_tiles-0.2.0\vast.grf (md5sum matches)
     Added NewGRF: GRF ID 44440A01, checksum 0BF8636EFEEF4F0617CAE47D77FF4C43, filename: av8_aviators_aircraft_set-1.81\pb_av8w.grf (md5sum matches)
     Added NewGRF: GRF ID 44440A03, checksum 6205E0297104502240D946EC26B195CA, filename: av8_extra_aircraft.1.501\pb_av8exw.grf (md5sum matches)
     Added NewGRF: GRF ID 44440A11, checksum 9CC25A10F25815ABD68C21520C822894, filename: general_av8ion.0.2\genav8w.grf (md5sum matches)
     Added NewGRF: GRF ID 57A50001, checksum 792E1A8AB892DE5FF0A758701FB06BFA, filename: was_world_airliners_set-alpha2\was.grf (md5sum matches)
     Added NewGRF: GRF ID 6D620004, checksum 70649F1AFC954942173B0AA89C1E8B14, filename: newshipsw.grf (md5sum matches)
     Added NewGRF: GRF ID 444A5401, checksum 270DC9806B684364A21D2C9EDBCA04CD, filename: nutracks-1.0.0beta5\nutracks.grf (md5sum matches)
     Added NewGRF: GRF ID F1250005, checksum 959E062DDA24E9009B3FD2890FF7D24F, filename: firs-0.5.5\firs-0.5.5\firs.grf (md5sum matches)
     Added NewGRF: GRF ID 44573452, checksum 39A1EB2C5FE2AD2164C807DDE631B3DD, filename: dwestationtiles_industrial_ter-v0.6\dwe_stat_r.grf (md5sum matches)
     Added NewGRF: GRF ID FBFB0102, checksum 803D38F242F016C4A8212FA05C0F9B7E, filename: dutch_tram_set.rc1\dutchtramsetw.grf (md5sum matches)
     Added NewGRF: GRF ID 56430001, checksum F7837F12E59EBC51B341A9CC5188CE28, filename: ttrs3w-nightly-r24\ttrs3w-nightly\ttrs3w.grf (md5sum matches)
Tick 27347: game loaded
     Revision text changed to 1.1.0-beta5, savegame version 159, not modified, _openttd_newgrf_version = 0x110055cf
---- gamelog end ----

*** End of OpenTTD Crash Report ***

Decoded stack trace:
[00] ???                  0x7C812AEB x±—|RaiseException + 82
[01] ???                  0x0057319B
[02] ???                  0x00645000
[03] ???                  0x0042FDC7
[04] ???                  0x004A29DD
[05] ???                  0x004A3E12
[06] ???                  0x0040C304
[07] ???                  0x0040C4CD
[08] ???                  0x0040977B
[09] ???                  0x00431951
[10] ???                  0x004249FA
[11] ???                  0x00431B39

*** End of additional info ***
