*** OpenTTD Crash Report ***

Crash at: Fri Jun  6 05:50:34 2014
In game date: 2010-02-22 (65)

Crash reason:
 Signal:  Aborted (6)
 Message: Assertion failed at line 115 of /home/planetmaker/ottd/trunk/src/strings_func.h: this->HasTypeInformation()

OpenTTD version:
 Version:    h3718f7ddM (2)
 NewGRF ver: 150067f5
 Bits:       64
 Endian:     little
 Dedicated:  no
 Build date: May 25 2014 07:47:09

Stacktrace:
 [00] /home/planetmaker/ottd/trunk/bin/openttd(_ZNK12CrashLogUnix13LogStacktraceEPcPKc+0x37) [0x70da17]
 [01] /home/planetmaker/ottd/trunk/bin/openttd(_ZNK8CrashLog12FillCrashLogEPcPKc+0xeb) [0x5fe43b]
 [02] /home/planetmaker/ottd/trunk/bin/openttd(_ZNK8CrashLog12MakeCrashLogEv+0x48) [0x5fe678]
 [03] /home/planetmaker/ottd/trunk/bin/openttd() [0x70d925]
 [04] /lib64/libc.so.6(+0x35cb0) [0x7f1e36a87cb0]
 [05] /lib64/libc.so.6(gsignal+0x39) [0x7f1e36a87c39]
 [06] /lib64/libc.so.6(abort+0x148) [0x7f1e36a89348]
 [07] /home/planetmaker/ottd/trunk/bin/openttd() [0x6fb758]
 [08] /home/planetmaker/ottd/trunk/bin/openttd() [0x7e219e]
 [09] /home/planetmaker/ottd/trunk/bin/openttd(_Z17GetStringWithArgsPctP16StringParametersPKcjb+0xc1) [0x7e2331]
 [10] /home/planetmaker/ottd/trunk/bin/openttd() [0x7ded17]
 [11] /home/planetmaker/ottd/trunk/bin/openttd() [0x7e188d]
 [12] /home/planetmaker/ottd/trunk/bin/openttd(_Z17GetStringWithArgsPctP16StringParametersPKcjb+0xc1) [0x7e2331]
 [13] /home/planetmaker/ottd/trunk/bin/openttd() [0x7dedd9]
 [14] /home/planetmaker/ottd/trunk/bin/openttd() [0x7e188d]
 [15] /home/planetmaker/ottd/trunk/bin/openttd(_Z17GetStringWithArgsPctP16StringParametersPKcjb+0xc1) [0x7e2331]
 [16] /home/planetmaker/ottd/trunk/bin/openttd(_Z10DrawStringiiit10TextColour15StringAlignmentb8FontSize+0x3e) [0x64809e]
 [17] /home/planetmaker/ottd/trunk/bin/openttd(_ZNK12OrdersWindow10DrawWidgetERK4Recti+0x1f3) [0x708ba3]
 [18] /home/planetmaker/ottd/trunk/bin/openttd(_ZN17NWidgetBackground4DrawEPK6Window+0x136) [0x8431a6]
 [19] /home/planetmaker/ottd/trunk/bin/openttd(_ZN19NWidgetPIPContainer4DrawEPK6Window+0x24) [0x840fe4]
 [20] /home/planetmaker/ottd/trunk/bin/openttd(_ZN19NWidgetPIPContainer4DrawEPK6Window+0x24) [0x840fe4]
 [21] /home/planetmaker/ottd/trunk/bin/openttd(_ZN19NWidgetPIPContainer4DrawEPK6Window+0x24) [0x840fe4]
 [22] /home/planetmaker/ottd/trunk/bin/openttd(_ZNK6Window11DrawWidgetsEv+0x1e) [0x843f6e]
 [23] /home/planetmaker/ottd/trunk/bin/openttd() [0x848a90]
 [24] /home/planetmaker/ottd/trunk/bin/openttd(_Z26DrawOverlappedWindowForAlliiii+0x8d) [0x84a32d]
 [25] /home/planetmaker/ottd/trunk/bin/openttd(_Z16RedrawScreenRectiiii+0x54) [0x647444]
 [26] /home/planetmaker/ottd/trunk/bin/openttd(_Z15DrawDirtyBlocksv+0x179) [0x647639]
 [27] /home/planetmaker/ottd/trunk/bin/openttd(_Z13UpdateWindowsv+0xc1) [0x84beb1]
 [28] /home/planetmaker/ottd/trunk/bin/openttd(_ZN15VideoDriver_SDL8MainLoopEv+0x21d) [0x83169d]
 [29] /home/planetmaker/ottd/trunk/bin/openttd(_Z12openttd_mainiPPc+0x13d3) [0x6fcef3]
 [30] /lib64/libc.so.6(__libc_start_main+0xf5) [0x7f1e36a73d65]
 [31] /home/planetmaker/ottd/trunk/bin/openttd() [0x5585ad]

Operating system:
 Name:     Linux
 Release:  3.14.4-200.fc20.x86_64
 Version:  #1 SMP Tue May 13 13:51:08 UTC 2014
 Machine:  x86_64
 Compiler: GCC 4.8.2 "4.8.2 20131212 (Red Hat 4.8.2-7)"

Configuration:
 Blitter:      32bpp-anim
 Graphics set: OpenGFX (5243)
 Language:     /home/planetmaker/ottd/trunk/bin/lang/korean.lng
 Music driver: extmidi
 Music set:    OpenMSX (96)
 Network:      no
 Sound driver: sdl
 Sound set:    OpenSFX (87)
 Video driver: sdl

Fonts:
 Small:  NanumGothic
 Medium: NanumGothic
 Large:  NanumGothic
 Mono:   sprite

AI Configuration (local: 0):
  0: Human
 GS: NoCarGoal (v9)

Libraries:
 FontConfig: 2.11.0
 FreeType:   2.5.0
 ICU:        50.1.2
 LZMA:       5.1.2alpha
 LZO:        2.06
 PNG:        1.6.6
 SDL:        1.2.15
 Zlib:       1.2.8

---- gamelog start ----
Tick 0: new game started
Revision text changed to h3718f7ddM, savegame version 190, modified, _openttd_newgrf_version = 0x150067f5
New game mode: 1 landscape: 1
Added NewGRF: GRF ID 4F472B33, checksum 667ABB831BB0DA3AAA46080C0C3E358B, filename: ogfx-industries.grf (md5sum matches)
Added NewGRF: GRF ID 4A4D0101, checksum AFE4E75999A3FF92D4B01DBEE9A803E9, filename: sailing_ships-0.62/ss.grf (md5sum matches)
Added NewGRF: GRF ID 4F472B31, checksum 4E0B2D42462F295F36AFBA90D239A323, filename: opengfx_trains-0.3.0/ogfx-trains.grf (md5sum matches)
---- gamelog end ----

*** End of OpenTTD Crash Report ***
