*** OpenTTD Crash Report ***
Date: 2008-05-06 13:23:48
Build: 0.6.1-RC1 built on Apr 26 2008 23:40:00
Reason: Assertion failed at ..\src\water_cmd.cpp:215: IsTileType(tile, MP_WATER) || (IsTileType(tile, MP_STATION) && (IsBuoy(tile) || IsDock(tile)))
Exception C0000005 at 0049E95E
Registers:
 EAX: 04707A00 EBX: 00000000 ECX: 0012F594 EDX: 04707A8D
 ESI: 003FB73F EDI: 04768E58 EBP: 0012F7C4 ESP: 0012F7AC
 EIP: 0049E95E EFLAGS: 00010206

Bytes at CS:EIP:
 C6 05 00 00 00 00 00 8B C6 E8 AB 8C FE FF 83 E8 00 74 32 48 74 17 48 75

Stack trace: 
 0012F7F4 0048AE13 00000010 00000000 00000001 003FB73F 0012F7E0 0048C9E7
 00000001 0012F838 003FE695 004170F9 04768E58 0012F804 0041711C 00000001
 003FE695 0012F8E0 00000000 000001C3 00000000 0001FFFF 0012F84C 0040530C
 00000001 00000000 00000000 00000000 000001C3 0012F84C 004170F9 00000000
 000001C3 00000000 00405A77 00000000 00000000 000001C3 0001FFFF 54B3B825
 0012F914 0041731C 003FE695 00000000 00000000 00000001 00000004 003FE695
 00000001 00000001 01000000 00000695 000007FC 000007FC 00000695 00006958
 00007FC8 00000695 000007FC 0012F970 00000000 00000000 00000000 0001FFFF
 00000000 000001C3 00000000 0001FFFF 000000FF 54B3B662 00000000 0001FFFF
 00000000 00000000 000001C3 00000000 0001FFFF 00000001 00000000 2DB080EE
 20202D20 000000FF 54B3B662 00000000 0001FFFF 00000000 00405761 000B8569
 00000021 00000000 0012F980 00405794 00000001 003FE695 00000000 003FE695
 0012F9E4 00000001 DCBAABCD 01000000 00007FC0 00006950 0041712D 00000096
 00000000 0012F9AC 000001C3 00000000 7E01FFFF 00000000 000001C3 00000000
 0001FFFF 00000001 00000000 00000000 00000010 0012F9A8 004671EF 003FE695
 003FE695 00000000 00452339 00960054 00000001 00000000 00667D00 003FE695
 0045F251 00000004 00667DDC 0012F9D4 00000000 0012F9D0 00667EA8 0012F9EC
 00000202 00440AA4 0012FA00 00440B64 00000000 00000202 00000015 00006959
 00007FCD 003FE695 003FE695 00000004 00000000 0012FA3C 00445E12 00000000
 00000202 00000000 0041B51C 00000000 00000000 00000000 00000000 0012FAD0
 7C90EAE3 0012FA38 00000018 00839850 00000000 00446139 00000000 00000000
 00000000 00000202 0012FAD0 00000000 004D6A2C 0012FB38 004D65DD 00000000
 0012FAB0 004D65DD 0012FADC 7E418BD9 7FFDF000 0012FADC 7E41885A 0012FA9C
 7E41882A 00000000 019D0500 00839850 00000014 00000001 00000000 00000000

Module information:
 G:\Program Files\OpenTTD\OpenTTD.exe handle: 00400000 size: 1813504 crc: 95439F8F date: 2008-04-26 21:42:46
 G:\WINDOWS\system32\ntdll.dll handle: 7C900000 size: 708096 crc: A5A50370 date: 2004-08-04 07:56:36
 G:\WINDOWS\system32\kernel32.dll handle: 7C800000 size: 984576 crc: 2CCFBF2B date: 2007-04-16 15:52:53
 G:\WINDOWS\system32\WINMM.dll handle: 76B40000 size: 176128 crc: 123646FA date: 2004-08-04 07:56:46
 G:\WINDOWS\system32\USER32.dll handle: 7E410000 size: 577536 crc: DF3237C6 date: 2007-03-08 15:36:28
 G:\WINDOWS\system32\GDI32.dll handle: 77F10000 size: 282624 crc: 18201B20 date: 2008-02-20 06:51:05
 G:\WINDOWS\system32\ADVAPI32.dll handle: 77DD0000 size: 616960 crc: 5E7A2F0A date: 2004-08-04 07:56:41
 G:\WINDOWS\system32\RPCRT4.dll handle: 77E70000 size: 582656 crc: 33676481 date: 2007-07-09 13:16:16
 G:\WINDOWS\system32\WS2_32.dll handle: 71AB0000 size: 82944 crc: 9738CC56 date: 2004-08-04 07:56:46
 G:\WINDOWS\system32\msvcrt.dll handle: 77C10000 size: 343040 crc: 5298C0C5 date: 2004-08-04 07:56:43
 G:\WINDOWS\system32\WS2HELP.dll handle: 71AA0000 size: 19968 crc: F5DD5AB6 date: 2004-08-04 07:56:46
 G:\WINDOWS\system32\IMM32.DLL handle: 76390000 size: 110080 crc: FD65A0DD date: 2004-08-04 07:56:42
 G:\WINDOWS\system32\SHFolder.dll handle: 76780000 size: 25088 crc: 2EC7582B date: 2004-08-04 07:56:45
 G:\WINDOWS\system32\SHLWAPI.dll handle: 77F60000 size: 474112 crc: 521D0CB3 date: 2006-09-23 11:12:50
 G:\WINDOWS\WinSxS\x86_Microsoft.Windows.Common-Controls_6595b64144ccf1df_6.0.2600.2982_x-ww_ac3f9c03\comctl32.dll handle: 773D0000 size: 1054208 crc: 58D6578C date: 2006-08-25 15:45:55
 G:\WINDOWS\system32\comctl32.dll handle: 5D090000 size: 617472 crc: 232F6674 date: 2006-08-25 15:45:58
 G:\WINDOWS\system32\WINTRUST.dll handle: 76C30000 size: 176640 crc: 88D208BD date: 2004-08-04 07:56:46
 G:\WINDOWS\system32\CRYPT32.dll handle: 77A80000 size: 597504 crc: 971ECFAA date: 2004-08-04 07:56:41
 G:\WINDOWS\system32\MSASN1.dll handle: 77B20000 size: 57344 crc: D5127637 date: 2004-08-04 07:56:42
 G:\WINDOWS\system32\IMAGEHLP.dll handle: 76C90000 size: 144384 crc: 714A70BC date: 2004-08-04 07:56:42
 G:\WINDOWS\system32\wdmaud.drv handle: 72D20000 size: 23552 crc: 982E84EE date: 2004-08-04 07:56:58
 G:\WINDOWS\system32\msacm32.drv handle: 72D10000 size: 20480 crc: D5406BAE date: 2002-08-29 12:00:00
 G:\WINDOWS\system32\MSACM32.dll handle: 77BE0000 size: 71680 crc: 6A21891E date: 2004-08-04 07:56:42
 G:\WINDOWS\system32\midimap.dll handle: 77BD0000 size: 18944 crc: 502B5282 date: 2004-08-04 07:56:42
 G:\WINDOWS\system32\ole32.dll handle: 774E0000 size: 1285120 crc: AD325A7F date: 2005-07-26 04:39:48
 G:\WINDOWS\system32\uxtheme.dll handle: 5AD70000 size: 218624 crc: 5AA98F22 date: 2004-08-04 07:56:46
 G:\PROGRA~1\COMMON~1\SYMANT~1\ANTISPAM\asOEHook.dll handle: 67330000 size: 198232 crc: 84F312B1 date: 2005-02-02 08:59:54
 G:\WINDOWS\system32\MSVCR71.dll handle: 7C340000 size: 348160 crc: 35563170 date: 2003-02-21 04:42:22
 G:\WINDOWS\system32\CLBCATQ.DLL handle: 76FD0000 size: 498688 crc: 9DED030F date: 2005-07-26 04:39:43
 G:\WINDOWS\system32\COMRes.dll handle: 77050000 size: 792064 crc: 5A12B4A2 date: 2004-08-04 07:56:41
 G:\WINDOWS\system32\OLEAUT32.dll handle: 77120000 size: 550912 crc: 18657280 date: 2007-12-04 18:38:13
 G:\WINDOWS\system32\VERSION.dll handle: 77C00000 size: 18944 crc: CFE439BB date: 2004-08-04 07:56:46
 G:\WINDOWS\System32\dmime.dll handle: 5C570000 size: 181248 crc: F18E50F8 date: 2004-08-04 07:56:42
 G:\WINDOWS\System32\DSOUND.dll handle: 73F10000 size: 367616 crc: F0EFB582 date: 2004-08-04 07:56:42
 G:\WINDOWS\System32\dmusic.dll handle: 6C980000 size: 104448 crc: 0C1C73CE date: 2004-08-04 07:56:42
 G:\WINDOWS\system32\KsUser.dll handle: 73EE0000 size: 4096 crc: 519CF22C date: 2004-08-04 07:56:42
 G:\WINDOWS\System32\dmsynth.dll handle: 6C9A0000 size: 103424 crc: ECEFF055 date: 2004-08-04 07:56:42
 G:\WINDOWS\System32\dmloader.dll handle: 6CA10000 size: 35840 crc: CCCBFD58 date: 2004-08-04 07:56:42
 G:\WINDOWS\system32\msctfime.ime handle: 755C0000 size: 177152 crc: 6A712F98 date: 2004-08-04 07:56:13
 G:\WINDOWS\system32\mswsock.dll handle: 71A50000 size: 245248 crc: E2309390 date: 2004-08-04 07:56:44
 G:\WINDOWS\system32\hnetcfg.dll handle: 662B0000 size: 344064 crc: 6CF15ACF date: 2004-08-04 07:56:42
 G:\WINDOWS\System32\wshtcpip.dll handle: 71A90000 size: 19968 crc: B88CC0E5 date: 2004-08-04 07:56:46
 G:\WINDOWS\System32\dmstyle.dll handle: 6C9C0000 size: 105984 crc: 41F12E87 date: 2004-08-04 07:56:42
 G:\WINDOWS\System32\dmband.dll handle: 6CBC0000 size: 28672 crc: 7CAFFAE0 date: 2004-08-04 07:56:42
 G:\WINDOWS\system32\psapi.dll handle: 76BF0000 size: 23040 crc: 97A44A88 date: 2004-08-04 07:56:44

System information:
 Windows version 5.1 2600 S
