*** OpenTTD Crash Report ***

Crash at: Wed Mar 05 17:53:51 2014
In game date: 2116-05-26 (52)

Crash reason:
 Exception: C0000005
 Location:  000000013FED1E0F
 Message:   <none>

OpenTTD version:
 Version:    1.3.3 (0)
 NewGRF ver: 13386618
 Bits:       64
 Endian:     little
 Dedicated:  no
 Build date: Nov 29 2013 12:26:13

Registers:
 RAX: 0000000000000200 RBX: 0000000004F2A7D9 RCX: 0000000000000000 RDX: 000000000E55FCC0
 RSI: 000000000024DE00 RDI: 00000000C4F3AABA RBP: 000000000024DDA0 RSP: 000000000024DD30
 R8:  0000000000000001 R9:  000000000E561880 R10: 0000000000000000 R11: 00000000000000FF
 R12: 000000000000000D R13: 000000000E55FCF4 R14: 000000000EBB8C80 R15: 000000000D391720
 RIP: 000000013FED1E0F EFLAGS: 00010293

 Bytes at instruction pointer:
 44 8B 07 48 63 46 38 4C 63 66 10 4C 03 C7 4D 8D 14 81 49 63 47 10 4C 89

Stack trace:
 01F80000 00000000 0000000A 00000000 000005B0 00000000 000005C0 00000000
 01F80838 00000000 0024DE40 00000000 00000001 00000000 7720B4EA 00000000
 00000000 00000000 04F2A7D9 00000000 C4F3AABA 00000000 0EBB8C80 00000000
 0E561880 00000000 E4AC6B6D 000007FE 0000008A 00000000 00000000 00000000
 00000000 00000000 000001D0 00000000 0000000D 00000000 FFFFF0A8 00000000
 0024DE40 00000000 3FD2355F 00000001 0D391720 00000000 0024DE00 00000000
 00000002 00000000 E4AC7E08 000007FE 04F29AA8 00000000 04E41039 00000000
 00000000 00000000 0000000D 00000012 00000034 00000048 000001D0 0000008A
 0E470000 00000000 000006F0 00000001 00050278 00000000 00000000 00000000
 00000005 00000000 00050278 00000000 0024DF49 00000000 3FD22A01 00000001
 00000000 00000000 000001D0 00000000 0000008A 00000000 00000000 00000001
 0E470000 00000000 00000000 00000000 00000002 00000000 00000005 00000000
 0D391720 00000000 3FD23C60 00000001 408B2898 00000001 00000000 00000000
 00000000 00000000 0D391720 00000000 00000000 00000000 00000000 00000000
 03E806F0 00000000 3FF2AAEC 00000001 00000000 00000000 00000000 00000000
 03E806F0 00000000 0024E8C0 00000000 00000000 00000000 77342DD0 00000000
 01F834E0 00000000 0E013BB0 00000000 00000000 00000000 00000010 00000000
 00000000 00000000 00000000 00000000 00000000 00000000 00000000 00000000
 00000000 00000000 00000000 00000000 0010000F 00001FA0 002B0033 0053002B
 00000005 00000000 00000000 00000000 00050278 00000000 76FF9BD1 00000000
 00000005 00000000 00000001 00000000 00000000 00000000 0024DE01 00000000
 0024DF50 00000000 0024DEC0 00000000 00000001 00000000 00000000 00000000
 00000000 00000000 00000000 00000000 00000048 00000000 00000001 00000000
 00000000 00000000 00000000 00000000 00000030 00000000 FFFFFFFF FFFFFFFF

Operating system:
 Name:     Windows
 Release:  6.1.7601 (Service Pack 1)
 Compiler: MSVC 1600

Configuration:
 Blitter:      32bpp-anim
 Graphics set: zBase (251)
 Language:     C:\Games\OpenTTD\lang\english.lng
 Music driver: win32
 Music set:    Modern Motion (1)
 Network:      no
 Sound driver: win32
 Sound set:    OpenSFX (87)
 Video driver: win32

AI Configuration (local: 0):
  0: Human

Libraries:
 FreeType:   2.4.11
 ICU:        51.2
 LZMA:       5.0.4
 LZO:        2.06
 PNG:        1.5.14
 Zlib:       1.2.7

Module information:
 C:\Games\OpenTTD\openttd.exe handle: 000000013FD00000 size: 13174784 crc: CBDDBB1E date: 2013-11-29 12:30:04
 C:\Windows\SYSTEM32\ntdll.dll handle: 0000000077200000 size: 1732032 crc: 5BF564D3 date: 2013-08-29 02:16:35
 C:\Windows\system32\kernel32.dll handle: 00000000770E0000 size: 1161216 crc: ED45D5AA date: 2013-08-02 02:13:34
 C:\Windows\system32\KERNELBASE.dll handle: 000007FEFC550000 size: 424448 crc: 816D1584 date: 2013-08-02 02:13:34
 C:\Windows\system32\WINMM.dll handle: 000007FEFA180000 size: 217600 crc: 7BC1529F date: 2009-07-14 01:41:56
 C:\Windows\system32\msvcrt.dll handle: 000007FEFE630000 size: 634880 crc: 9D1B448A date: 2011-12-16 08:46:06
 C:\Windows\system32\USER32.dll handle: 0000000076FE0000 size: 1008128 crc: 70FF7D7F date: 2010-11-21 03:24:09
 C:\Windows\system32\GDI32.dll handle: 000007FEFC6F0000 size: 404480 crc: DCBD7E30 date: 2013-10-03 02:23:48
 C:\Windows\system32\LPK.dll handle: 000007FEFE7C0000 size: 41472 crc: EE04F660 date: 2013-06-06 05:50:51
 C:\Windows\system32\USP10.dll handle: 000007FEFCAE0000 size: 800768 crc: ED52987B date: 2012-11-22 05:44:23
 C:\Windows\system32\WS2_32.dll handle: 000007FEFCE30000 size: 297984 crc: 0F68689B date: 2010-11-21 03:24:28
 C:\Windows\system32\RPCRT4.dll handle: 000007FEFC5C0000 size: 1217024 crc: 91581142 date: 2013-07-09 05:51:16
 C:\Windows\system32\NSI.dll handle: 000007FEFE7D0000 size: 13824 crc: 53B46F6C date: 2009-07-14 01:41:53
 C:\Windows\system32\IMM32.dll handle: 000007FEFE600000 size: 167424 crc: 41B2805A date: 2009-07-14 01:41:09
 C:\Windows\system32\MSCTF.dll handle: 000007FEFE4F0000 size: 1067008 crc: 798DDDA0 date: 2009-07-14 01:41:28
 C:\Windows\system32\ADVAPI32.dll handle: 000007FEFC9E0000 size: 878080 crc: D0A62838 date: 2013-08-29 02:13:28
 C:\Windows\SYSTEM32\sechost.dll handle: 000007FEFC760000 size: 113664 crc: 978CFAE5 date: 2009-07-14 01:41:53
 C:\Windows\system32\SHELL32.dll handle: 000007FEFCE80000 size: 14172672 crc: 1287D1E7 date: 2013-07-26 02:24:57
 C:\Windows\system32\SHLWAPI.dll handle: 000007FEFC780000 size: 448512 crc: 086DF743 date: 2010-11-21 03:24:22
 C:\Windows\system32\apphelp.dll handle: 000007FEFC060000 size: 342016 crc: A7EFC74B date: 2010-11-21 03:24:03
 C:\Windows\AppPatch\AppPatch64\AcXtrnal.DLL handle: 000007FEE4AC0000 size: 135168 crc: 3A026090 date: 2013-04-13 05:49:23
 C:\Windows\system32\ole32.dll handle: 000007FEFE2E0000 size: 2086912 crc: 72F91CD0 date: 2010-11-21 03:23:48
 C:\Windows\system32\uxtheme.dll handle: 000007FEFA780000 size: 332288 crc: B0A13DF9 date: 2009-07-14 01:41:56
 C:\Windows\system32\CRYPTBASE.dll handle: 000007FEFC0C0000 size: 44032 crc: F547C16E date: 2009-07-14 01:40:24
 C:\Windows\system32\CLBCatQ.DLL handle: 000007FEFCD90000 size: 607744 crc: 939E35C9 date: 2009-07-14 01:40:15
 C:\Windows\system32\OLEAUT32.dll handle: 000007FEFDC70000 size: 861696 crc: 1F331414 date: 2011-10-13 13:18:04
 C:\Windows\system32\mswsock.dll handle: 000007FEFBA00000 size: 327168 crc: 2C87855E date: 2013-09-08 02:27:14
 C:\Windows\System32\wshtcpip.dll handle: 000007FEFB370000 size: 13312 crc: 5D1E2C55 date: 2009-07-14 01:41:58
 C:\Windows\system32\MMDevAPI.DLL handle: 000007FEFAF70000 size: 284160 crc: CDF2EF81 date: 2009-07-14 01:41:26
 C:\Windows\system32\PROPSYS.dll handle: 000007FEFAE40000 size: 1212416 crc: B83FA3BE date: 2010-11-21 03:23:55
 C:\Windows\system32\wdmaud.drv handle: 000007FEF50C0000 size: 217088 crc: 12829973 date: 2010-11-21 03:24:32
 C:\Windows\system32\ksuser.dll handle: 0000000074DD0000 size: 5120 crc: AA2071D9 date: 2009-07-14 01:41:13
 C:\Windows\system32\AVRT.dll handle: 000007FEFAE30000 size: 18432 crc: 5CE53CB7 date: 2009-07-14 01:40:05
 C:\Windows\system32\SETUPAPI.dll handle: 000007FEFCBB0000 size: 1900544 crc: A364BD6A date: 2010-11-21 03:24:28
 C:\Windows\system32\CFGMGR32.dll handle: 000007FEFC250000 size: 207872 crc: 1984C339 date: 2010-11-21 03:24:00
 C:\Windows\system32\DEVOBJ.dll handle: 000007FEFC520000 size: 93184 crc: A7541AE2 date: 2009-07-14 01:40:28
 C:\Windows\system32\AUDIOSES.DLL handle: 000007FEF9F00000 size: 296448 crc: 90389554 date: 2010-11-21 03:24:32
 C:\Windows\system32\msacm32.drv handle: 000007FEF8E50000 size: 25600 crc: 2B579A05 date: 2009-07-14 01:38:50
 C:\Windows\system32\MSACM32.dll handle: 000007FEF4620000 size: 83456 crc: 3D67538B date: 2009-07-14 01:41:27
 C:\Windows\system32\midimap.dll handle: 000007FEF5BF0000 size: 20480 crc: CB902A13 date: 2009-07-14 01:41:23
 C:\Windows\system32\dwmapi.dll handle: 000007FEFA3A0000 size: 82432 crc: A459F360 date: 2009-07-14 01:40:34
 C:\Windows\system32\psapi.dll handle: 00000000773C0000 size: 9216 crc: 84B5E9BA date: 2009-07-14 01:41:53

---- gamelog start ----
Tick 11496: game loaded
     Revision text changed to 1.3.0, savegame version 180, not modified, _openttd_newgrf_version = 0x130061eb
     New game mode: 1 landscape: 0
Tick 11496: game loaded
     Revision text changed to 1.3.3, savegame version 180, not modified, _openttd_newgrf_version = 0x13386618
     New game mode: 0 landscape: 0
---- gamelog end ----

*** End of OpenTTD Crash Report ***

Decoded stack trace:
[00] openttd              0x000000013FED1E0F
[01] openttd              0x000000013FD2355F
[02] openttd              0x000000013FD22A01
[03] openttd              0x000000013FD23C60
[04] openttd              0x000000013FF2AAEC
[05] USER32               0x0000000076FF9BD1 TranslateMessageEx + 673
[06] USER32               0x0000000076FF6AA8 SetTimer + 376
[07] USER32               0x0000000076FF26F8 GetSystemMenu + 312
[08] USER32               0x0000000076FF760E SetWindowTextW + 1466
[09] uxtheme              0x000007FEFA781644
[10] uxtheme              0x000007FEFA781445
[11] USER32               0x0000000076FF89D3 GetWindowDC + 227
[12] openttd              0x000000013FF2B100
[13] USER32               0x0000000076FF8971 GetWindowDC + 129
[14] USER32               0x0000000076FF72CB SetWindowTextW + 631
[15] USER32               0x0000000076FF2651 GetSystemMenu + 145
[16] ntdll                0x00000000772511F5 KiUserCallbackDispatcher + 31
[17] USER32               0x000000007700395A mouse_event + 198
[18] USER32               0x000000007700378B ChangeDisplaySettingsW + 31
[19] openttd              0x000000013FF2AA19
[20] USER32               0x0000000076FF9BD1 TranslateMessageEx + 673
[21] USER32               0x0000000076FF72CB SetWindowTextW + 631
[22] USER32               0x0000000076FF6829 IsDialogMessageW + 361
[23] ntdll                0x00000000772511F5 KiUserCallbackDispatcher + 31
[24] USER32               0x0000000076FECBFA DestroyWindow + 10
[25] openttd              0x000000013FF29E16
[26] openttd              0x000000013FF2BA54
[27] openttd              0x000000013FD2498C
[28] openttd              0x000000013FE42C7E
[29] openttd              0x000000013FE56571
[30] openttd              0x000000013FE5686A
[31] openttd              0x000000013FD425EE
[32] openttd              0x000000013FD442AF
[33] openttd              0x000000013FD451FE
[34] openttd              0x000000013FF2B93D
[35] openttd              0x000000013FD43CA7
[36] openttd              0x000000013FF2DF2F
[37] openttd              0x000000014001A4C4
[38] kernel32             0x00000000770F652D BaseThreadInitThunk + 13
[39] ntdll                0x000000007722C541 RtlUserThreadStart + 33

*** End of additional info ***
