*** OpenTTD Crash Report ***
Date: 2008-01-09 12:17:04
Build: 0.6.0-beta2 built on Dec  9 2007 22:47:34
Reason: Assertion failed at d:\developpement\ottd\0.6.0-beta2\src\oldpool.h:123: index < this->GetSize()
Exception C0000005 at 004226DD
Registers:
 EAX: 048F74C0 EBX: 00663907 ECX: 0012F178 EDX: 048F7521
 ESI: 00030000 EDI: 005966E8 EBP: 0012F68C ESP: 0012F390
 EIP: 004226DD EFLAGS: 00010206

Bytes at CS:EIP:
 C6 05 00 00 00 00 00 8B 4F 08 33 C0 40 D3 E0 48 23 C6 0F AF 47 20 D3 EE

Stack trace: 
 0012F694 0043331E 00000037 00000000 00663708 000A0176 0066370B 00000000
 00E6AC82 005DF2E8 0012F3EC 0000E009 7E39B785 FFFFFFFF 00000000 00000000
 00000000 0012F3C4 0012FB18 0012FB18 7E3C0457 7E39B788 FFFFFFFF 7E39B785
 1006CFC8 00000000 0012FB78 0012FB6C 0012FB74 0000D57B 00000000 00001010
 0012F6BC 7C91EE18 0012F758 00000008 00000008 00020024 0012F74C 0012F6CC
 7C920970 7C98E4C0 9CD50302 00000000 00000000 15CF0000 00000000 00000002
 0000003A 00020024 7FFDF000 00000000 000A0008 7C923E88 0000021A 00000000
 00000000 00000008 0012F724 0000006C 00000000 006E0040 0012F4A4 002E002C
 00695A40 0012F4A4 00000005 00170258 01000000 003A0043 0041005C 00630072
 00690068 006F0076 00200073 00650064 00000000 00000000 004322E5 00000001
 00000000 0000000A 00000000 0012FA53 0012F80C 0012FAB3 00690072 00000000
 00000000 00000000 0012F804 00000003 0012FAB3 0012FA56 0012F804 004335AD
 0000010E FFFFFFFC 0012FA50 00000000 0012FA58 00000000 00E7648A 005DF2E8
 00000000 00000000 00000000 00000000 00000000 00000000 00000000 00000000
 00000000 00000000 00000000 0012F590 003D0000 7C920732 00000009 003D0838
 003D0000 01A68198 0012F568 00000000 0012F7AC 7C91EE18 7C920738 FFFFFFFF
 7C920732 7C9206AB 7C9206EB 00000040 00000000 7C9205D4 00000000 00000000
 00000000 00000000 00000000 00000000 00000000 00000000 00000000 00000000
 00000000 00000000 00000000 00000000 00000000 00000000 00000000 00000000
 00000000 00000000 00000000 00000000 00000000 00000000 00000000 00000000
 00000000 00000000 00000000 00000000 00000000 00000000 00000000 00000000
 00000000 00000000 00170258 00000000 00000000 00000000 00000000 00000000
 00000000 00000000 00000000 00000000 00000000 00000000 00000000 00000000
 00000000 00000000 00000000 00000000 00000000 00000000 00000000 0012F8B0

Module information:
 C:\Archivos de programa\OpenTTD\openttd.exe handle: 00400000 size: 1751040 crc: ED0BA8D6 date: 2007-12-09 21:50:02
 C:\WINDOWS\system32\ntdll.dll handle: 7C910000 size: 732672 crc: 50BF285A date: 2004-08-19 13:41:32
 C:\WINDOWS\system32\kernel32.dll handle: 7C800000 size: 1037824 crc: C888DC7E date: 2007-04-16 15:54:21
 C:\WINDOWS\system32\WINMM.dll handle: 76B00000 size: 180224 crc: CD7BC740 date: 2004-08-19 13:42:32
 C:\WINDOWS\system32\USER32.dll handle: 7E390000 size: 578560 crc: 752456D0 date: 2007-03-08 15:36:30
 C:\WINDOWS\system32\GDI32.dll handle: 77EF0000 size: 282112 crc: 7631233C date: 2007-06-19 13:30:47
 C:\WINDOWS\system32\ADVAPI32.dll handle: 77DA0000 size: 684544 crc: D291E7A2 date: 2004-08-19 13:41:42
 C:\WINDOWS\system32\RPCRT4.dll handle: 77E50000 size: 584192 crc: A0805E35 date: 2007-07-09 13:11:11
 C:\WINDOWS\system32\Secur32.dll handle: 77FC0000 size: 55808 crc: B5C71D27 date: 2004-08-19 13:42:24
 C:\WINDOWS\system32\WS2_32.dll handle: 71A30000 size: 82944 crc: CE6E5CA4 date: 2004-08-19 13:42:32
 C:\WINDOWS\system32\msvcrt.dll handle: 77BE0000 size: 343040 crc: 7C9C2B03 date: 2004-08-19 13:42:18
 C:\WINDOWS\system32\WS2HELP.dll handle: 71A20000 size: 19968 crc: A8ABC521 date: 2004-08-19 13:42:32
 C:\WINDOWS\system32\IMM32.DLL handle: 76340000 size: 110080 crc: AB130F3B date: 2004-08-19 13:42:10
 C:\WINDOWS\system32\SHFolder.dll handle: 76740000 size: 25088 crc: 21813322 date: 2004-08-19 13:42:26
 C:\WINDOWS\system32\SHLWAPI.dll handle: 77F40000 size: 474624 crc: F55E021D date: 2007-08-22 12:57:27
 C:\WINDOWS\WinSxS\x86_Microsoft.Windows.Common-Controls_6595b64144ccf1df_6.0.2600.2982_x-ww_ac3f9c03\comctl32.dll handle: 773A0000 size: 1054208 crc: D3DE3826 date: 2006-08-25 15:46:26
 C:\WINDOWS\system32\comctl32.dll handle: 58C30000 size: 617472 crc: B615B818 date: 2006-08-25 15:46:29
 C:\WINDOWS\system32\wdmaud.drv handle: 72CA0000 size: 23552 crc: 3C7B7A24 date: 2004-08-19 19:43:26
 C:\WINDOWS\system32\WINTRUST.dll handle: 76BF0000 size: 176640 crc: F96D863B date: 2004-08-19 13:42:32
 C:\WINDOWS\system32\CRYPT32.dll handle: 77A50000 size: 603648 crc: 0D1E4159 date: 2004-08-19 13:41:56
 C:\WINDOWS\system32\MSASN1.dll handle: 77AF0000 size: 57344 crc: EF294E6F date: 2004-08-19 13:42:16
 C:\WINDOWS\system32\IMAGEHLP.dll handle: 76C50000 size: 144384 crc: FE791659 date: 2004-08-19 13:42:10
 C:\WINDOWS\system32\msacm32.drv handle: 72C90000 size: 20992 crc: FE55644F date: 2001-08-24 11:00:00
 C:\WINDOWS\system32\MSACM32.dll handle: 77BB0000 size: 72192 crc: 39886712 date: 2004-08-19 13:42:16
 C:\WINDOWS\system32\midimap.dll handle: 77BA0000 size: 18944 crc: 11632801 date: 2004-08-19 13:42:14
 C:\WINDOWS\system32\MSCTF.dll handle: 746B0000 size: 294400 crc: C838B170 date: 2004-08-19 13:42:16
 C:\WINDOWS\system32\nview.dll handle: 10000000 size: 1478656 crc: 55535C8C date: 2007-10-04 21:14:00
 C:\WINDOWS\system32\SHELL32.dll handle: 7E6A0000 size: 8502272 crc: D19466EB date: 2007-10-25 16:43:27
 C:\WINDOWS\system32\PSAPI.DLL handle: 76BB0000 size: 23040 crc: 3139EB88 date: 2004-08-19 13:42:22
 C:\WINDOWS\system32\ole32.dll handle: 774B0000 size: 1284608 crc: 78E589AB date: 2005-07-26 04:40:00
 C:\WINDOWS\system32\OLEAUT32.dll handle: 770F0000 size: 549376 crc: D6233858 date: 2007-05-17 11:30:03
 C:\WINDOWS\system32\VERSION.dll handle: 77BD0000 size: 18944 crc: 198A03FD date: 2004-08-19 13:42:28
 C:\WINDOWS\system32\NTMARTA.DLL handle: 77660000 size: 119808 crc: E0022EA7 date: 2004-08-19 13:42:20
 C:\WINDOWS\system32\WLDAP32.dll handle: 76F20000 size: 172544 crc: 6A6CB5B1 date: 2004-08-19 13:42:32
 C:\WINDOWS\system32\SAMLIB.dll handle: 71B90000 size: 64000 crc: AAC38AE2 date: 2004-08-19 13:42:22
 C:\WINDOWS\system32\NVWRSESM.DLL handle: 01420000 size: 327680 crc: 2AA59E04 date: 2007-10-04 21:14:00
 C:\Archivos de programa\Alwil Software\Avast4\AhJsctNs.dll handle: 65780000 size: 139264 crc: 62B4E958 date: 2007-12-04 12:57:49
 C:\WINDOWS\system32\msctfime.ime handle: 75160000 size: 177152 crc: 4EC6CE35 date: 2004-08-19 13:39:24
 C:\WINDOWS\system32\mswsock.dll handle: 719D0000 size: 248320 crc: B692973C date: 2004-08-19 13:42:20
 C:\WINDOWS\system32\hnetcfg.dll handle: 66740000 size: 347136 crc: 319FF15B date: 2004-08-19 13:42:10
 C:\WINDOWS\System32\wshtcpip.dll handle: 71A10000 size: 19968 crc: 6877CE70 date: 2004-08-19 13:42:32
 C:\WINDOWS\system32\nvwddi.dll handle: 01AC0000 size: 81920 crc: A6E03380 date: 2007-10-04 21:14:00
 C:\WINDOWS\system32\Amhooker.dll handle: 01AF0000 size: 36864 crc: C8AAB96E date: 2004-08-24 06:43:52
 C:\WINDOWS\system32\mciseq.dll handle: 621E0000 size: 23040 crc: FE90EE52 date: 2004-08-19 13:42:14

System information:
 Windows version 5.1 2600 S
