dbg: [net] [core] starting network...
dbg: [net] [core] loading windows socket library
dbg: [net] [udp] initializing listeners
dbg: [net] [core] network online, multiplayer available
dbg: [net] Detected broadcast addresses:
dbg: [net] 0) 192.168.1.255
dbg: [net] [udp] closed listeners
dbg: [net] [udp] initializing listeners
dbg: [net] [udp] closed listeners
dbg: [net] [udp] initializing listeners
dbg: [net] starting listeners for clients
dbg: [net] [tcp] listening on IPv6 port [::]:3986 (IPv6)
dbg: [net] [tcp] listening on IPv4 port 0.0.0.0:3986 (IPv4)
dbg: [net] starting listeners for incoming server queries
dbg: [net] [udp] listening on IPv6 port [::]:3986 (IPv6)
dbg: [net] [udp] listening on IPv4 port 0.0.0.0:3986 (IPv4)
dbg: [net] [udp] advertising to master server
dbg: [net] [udp] listening on IPv4 port 0.0.0.0:0 (IPv4)
dbg: [net] [udp] listening on IPv6 port [::]:0 (IPv6)
dbg: [net] Generating map, please wait...
dbg: [net] Map generation percentage complete: 5
dbg: [net] Map generation percentage complete: 10
dbg: [net] Map generation percentage complete: 15
dbg: [net] Map generation percentage complete: 20
dbg: [net] Map generation percentage complete: 25
dbg: [net] Map generation percentage complete: 30
dbg: [net] Map generation percentage complete: 35
dbg: [net] Map generation percentage complete: 40
dbg: [net] Map generation percentage complete: 45
dbg: [net] Map generation percentage complete: 50
dbg: [net] Map generation percentage complete: 55
dbg: [net] Map generation percentage complete: 60
dbg: [net] Map generation percentage complete: 65
dbg: [net] Map generation percentage complete: 70
dbg: [net] Map generation percentage complete: 75
dbg: [net] Map generation percentage complete: 80
dbg: [net] Map generation percentage complete: 85
dbg: [net] Map generation percentage complete: 90
dbg: [net] Map generation percentage complete: 99
dbg: [net] Map generated, starting game
dbg: [net] [udp] advertising to master server
dbg: [net] [udp] advertising to master server
dbg: [net] [udp] advertising to master server
dbg: [net] [udp] advertising to master server
dbg: [net] [udp] advertising to master server
dbg: [net] [udp] advertising to master server
dbg: [net] [udp] advertising to master server
dbg: [net] [udp] advertising to master server
dbg: [net] [udp] advertising to master server
dbg: [net] [server] Client connected from ::1 on frame 255061
‎*** Game paused (connecting clients)
‎*** Xarick Preto has joined the game (Client #2)
‎*** Game unpaused (connecting clients)
dbg: [net] [udp] advertising to master server
dbg: [net] [server] Client connected from 89.103.41.48 on frame 283436
dbg: [net] Closed client connection 3
dbg: [net] [server] Client connected from 89.103.41.48 on frame 284087
‎*** Game paused (connecting clients)
‎*** Player has joined the game (Client #4)
‎*** Game unpaused (connecting clients)
dbg: [net] [udp] advertising to master server
dbg: [net] recv failed with error 10054
‎*** Player has left the game (connection lost)
dbg: [net] Closed client connection 4
dbg: [net] [udp] advertising to master server
dbg: [net] [udp] advertising to master server
dbg: [net] [server] Client connected from 58.8.151.61 on frame 347554
dbg: [net] Closed client connection 5
dbg: [net] [server] Client connected from 58.8.151.61 on frame 347892
‎*** Game paused (connecting clients)
‎*** shogoon has joined the game (Client #6)
‎*** Game unpaused (connecting clients)
‎*** shogoon has left the game (leaving)
dbg: [net] Closed client connection 6
dbg: [net] [udp] advertising to master server
dbg: [net] [udp] advertising to master server
dbg: [net] [udp] advertising to master server
dbg: [net] [udp] advertising to master server
dbg: [net] [udp] advertising to master server
dbg: [net] [udp] advertising to master server
dbg: [net] [udp] advertising to master server
dbg: [net] [server] Client connected from 178.255.168.68 on frame 568997
dbg: [net] Closed client connection 7
dbg: [net] [server] Client connected from 178.255.168.68 on frame 569173
‎*** Game paused (connecting clients)
‎*** Player has joined the game (Client #8)
‎*** Game unpaused (connecting clients)
‎*** Player has left the game (desync error)
dbg: [net] Closed client connection 8
dbg: [net] [udp] advertising to master server
dbg: [net] [udp] advertising to master server
dbg: [net] [udp] advertising to master server
dbg: [net] [udp] advertising to master server
dbg: [net] [udp] advertising to master server
dbg: [net] [udp] advertising to master server
dbg: [net] [udp] advertising to master server
dbg: [net] [udp] advertising to master server
Current value for 'difficulty.max_no_competitors' is: '14' (min: 0, max: 14)
dbg: [net] [udp] advertising to master server
dbg: [net] [udp] advertising to master server
dbg: [net] [udp] advertising to master server
dbg: [net] [udp] advertising to master server
dbg: [net] [udp] advertising to master server
dbg: [net] [udp] advertising to master server
dbg: [net] [udp] advertising to master server
dbg: [net] [udp] advertising to master server
dbg: [net] [udp] advertising to master server
dbg: [net] [udp] advertising to master server
dbg: [net] [udp] advertising to master server
dbg: [net] [udp] advertising to master server
dbg: [net] [udp] advertising to master server
dbg: [net] [udp] advertising to master server
dbg: [net] [udp] advertising to master server
dbg: [net] [udp] advertising to master server
dbg: [net] [udp] advertising to master server
dbg: [net] [udp] advertising to master server
dbg: [net] [udp] advertising to master server
dbg: [net] [udp] advertising to master server
dbg: [net] [udp] advertising to master server
dbg: [net] [udp] advertising to master server
dbg: [net] [udp] advertising to master server
dbg: [net] [udp] advertising to master server
dbg: [net] [udp] advertising to master server
dbg: [net] [udp] advertising to master server
dbg: [net] [udp] advertising to master server
dbg: [net] [udp] advertising to master server
