*** OpenTTD Crash Report ***

Crash at: Fri Dec 31 01:23:52 2010
In game date: 1941-06-04 (19)

Crash reason:
 Exception: E1212012
 Location:  7C812AFB
 Message:   Assertion failed at line 1024 of ..\src\viewport.cpp: type < HT_DIR_END

OpenTTD version:
 Version:    r21615 (0)
 NewGRF ver: 1100546f
 Bits:       32
 Endian:     little
 Dedicated:  no
 Build date: Dec 23 2010 23:18:25

Registers:
 EAX: 0012F438 EBX: 00000016 ECX: 00000000 EDX: 00BCCDE8
 ESI: 00000000 EDI: 00000000 EBP: 0012F488 ESP: 0012F434
 EIP: 7C812AFB EFLAGS: 00000246

 Bytes at instruction pointer:
 5E C9 C2 10 00 85 FF 0F 8E 36 93 FF FF 8B 55 FC 89 55 0C 0F B7 16 8B 7D

Stack trace:
 00BCCD08 E1212012 00000000 00000000 7C812AFB 00000000 00000000 0012F42C
 00000000 0012F4E0 7C839AD8 7C809C48 FFFFFFFF 7C90D80A 7C913416 FFFFFFFF
 00000024 0012F484 00000004 00000000 75063D8D 0012F4E8 0057014D E1212012
 00000000 00000000 00000000 00642B76 00000016 C3690D73 0012F830 00000200
 00000007 7C913416 FFFFFFFF 00000000 0012F4D0 0057013D 00000001 0012F4A8
 0012F050 0012FFB0 00648D60 C3C1E493 FFFFFFFE 0012F820 00641FB0 00000016
 00000200 00643559 0012F548 00BB0718 011B2FD0 00655E9D 00000000 FFFFFFEF
 0012F7A4 0064BE77 00000000 0012F830 0012F830 0064BF03 0012F568 0063E31F
 00000000 00000007 0012F55C 00651100 00000000 00BB0718 011B2FD0 011B1E90
 020DD601 0012F7C8 00000000 00000000 00000000 00B2CDD9 00000000 00000000
 00000000 000000E7 00000047 0012FA48 00000011 00B70B6C FFFFFFFF 00003EC2
 00000000 011B0000 020E9DA0 0012F590 005C004E 0012F7D4 7C90E920 7C910228
 FFFFFFFF 7C910222 7C91019B 7C9101DB 0012F5F8 011B0000 7C910222 0000000D
 011B08F8 011B0000 012E2A48 0012F5D0 59191C88 00000010 0012F77C 00000000
 7E42934B 00000010 0012F77C 00000000 31011D82 0012F5F8 0000001C 0012FFB0
 7E44048F 7E429350 00003002 0012F770 7E43A2BC 0012F77C 0012F830 00000200
 7E43A2D6 00000001 00204470 00244874 00284C78 00D00850 00305480 006484A8
 00D8F4FC 00000000 00000000 7E4120EC 00000000 00000001 004C1808 006C2C18
 00904834 00FC9400 00FCAC00 00FCC400 00FC3C00 00FC5400 00FC6C00 00FC7C00
 00140000 00FF0000 00000000 00000000 00F0D000 00000000 00000200 00000200
 FFFFFFFE 00000200 012FA910 0012F6FC 00643F5A 011B22BC 0012F70C 0064A54E
 00000008 0064A545 C3690E97 00000000 00BAF998 000000C0 0064A545 00000200
 0012F6DC 000000BF 00000000 0000004D 00000023 0012F7C4 003C73DC 0012F7DC
 5AD73ABD 00000023 0012F8C0 00000000 00000000 00010000 00020001 000000A0

Operating system:
 Name:     Windows
 Release:  5.1.2600 (Service Pack 3)
 Compiler: MSVC 1500

Configuration:
 Blitter:      8bpp-optimized
 Graphics set: OpenGFX (542)
 Language:     d:\Games\OpenTTD\lang\slovak.lng
 Music driver: dmusic
 Music set:    OpenMSX (96)
 Network:      no
 Sound driver: win32
 Sound set:    OpenSFX (87)
 Video driver: win32

AI Configuration (local: 0):
  0: Human

Libraries:
 FreeType:   2.4.4
 ICU:        4.4.2
 LZMA:       5.0.0
 LZO:        2.03
 PNG:        1.4.5
 Zlib:       1.2.5

Module information:
 d:\Games\OpenTTD\openttd.exe handle: 00400000 size: 8204288 crc: 3E0BC7D5 date: 2010-12-23 22:22:14
 C:\WINDOWS\system32\ntdll.dll handle: 7C900000 size: 714752 crc: 56E74C35 date: 2009-02-09 12:10:48
 C:\WINDOWS\system32\kernel32.dll handle: 7C800000 size: 989696 crc: 8A0508E5 date: 2009-03-21 14:06:58
 C:\WINDOWS\system32\WINMM.dll handle: 76B40000 size: 176128 crc: 9676D976 date: 2008-04-14 04:42:10
 C:\WINDOWS\system32\ADVAPI32.dll handle: 77DD0000 size: 617472 crc: C9027432 date: 2009-02-09 12:10:48
 C:\WINDOWS\system32\RPCRT4.dll handle: 77E70000 size: 590848 crc: E9ECB923 date: 2010-08-16 08:45:00
 C:\WINDOWS\system32\Secur32.dll handle: 77FE0000 size: 56832 crc: 3D0002B7 date: 2009-06-25 08:25:26
 C:\WINDOWS\system32\GDI32.dll handle: 77F10000 size: 286720 crc: B5F6B116 date: 2008-10-23 12:36:14
 C:\WINDOWS\system32\USER32.dll handle: 7E410000 size: 578560 crc: F7C72264 date: 2008-04-14 04:42:10
 C:\WINDOWS\system32\WS2_32.dll handle: 71AB0000 size: 82432 crc: 7C519ECA date: 2008-04-14 04:42:12
 C:\WINDOWS\system32\msvcrt.dll handle: 77C10000 size: 343040 crc: 0B7B1677 date: 2008-04-14 04:42:02
 C:\WINDOWS\system32\WS2HELP.dll handle: 71AA0000 size: 19968 crc: 3F24E096 date: 2008-04-14 04:42:12
 C:\WINDOWS\system32\SHELL32.dll handle: 7C9C0000 size: 8462336 crc: 73D4EFBD date: 2010-07-27 06:30:35
 C:\WINDOWS\system32\SHLWAPI.dll handle: 77F60000 size: 474112 crc: BDFA6F45 date: 2009-12-08 09:23:28
 C:\WINDOWS\system32\IMM32.DLL handle: 76390000 size: 110080 crc: C1486DA0 date: 2008-04-14 04:41:56
 C:\WINDOWS\system32\LPK.DLL handle: 629C0000 size: 22016 crc: 9689B06F date: 2008-04-14 04:41:58
 C:\WINDOWS\system32\USP10.dll handle: 74D90000 size: 406016 crc: 80584A23 date: 2010-04-16 15:36:56
 C:\WINDOWS\WinSxS\x86_Microsoft.Windows.Common-Controls_6595b64144ccf1df_6.0.2600.6028_x-ww_61e65202\comctl32.dll handle: 773D0000 size: 1054208 crc: 350BBD1B date: 2010-08-23 16:12:02
 C:\WINDOWS\system32\comctl32.dll handle: 5D090000 size: 617472 crc: B00C920E date: 2010-08-23 16:12:04
 C:\WINDOWS\system32\SHFolder.dll handle: 76780000 size: 25088 crc: 8009EA65 date: 2008-04-14 04:42:06
 C:\WINDOWS\system32\wdmaud.drv handle: 72D20000 size: 23552 crc: EEB914CA date: 2008-04-14 03:42:46
 C:\WINDOWS\system32\WINTRUST.dll handle: 76C30000 size: 178176 crc: 65DA2472 date: 2009-12-24 06:42:44
 C:\WINDOWS\system32\CRYPT32.dll handle: 77A80000 size: 599552 crc: DCACA8C1 date: 2008-11-13 14:18:34
 C:\WINDOWS\system32\MSASN1.dll handle: 77B20000 size: 58880 crc: 63D6A79F date: 2009-09-04 21:03:36
 C:\WINDOWS\system32\IMAGEHLP.dll handle: 76C90000 size: 144384 crc: F7A06429 date: 2008-04-14 04:41:56
 C:\WINDOWS\system32\msacm32.drv handle: 72D10000 size: 20480 crc: D5406BAE date: 2001-08-23 11:00:00
 C:\WINDOWS\system32\MSACM32.dll handle: 77BE0000 size: 71680 crc: EDE4B266 date: 2008-04-14 04:42:00
 C:\WINDOWS\system32\midimap.dll handle: 77BD0000 size: 18944 crc: 2E6D5FD1 date: 2008-04-14 04:41:58
 C:\WINDOWS\system32\uxtheme.dll handle: 5AD70000 size: 218624 crc: 05AB2A5C date: 2010-06-09 22:28:55
 C:\WINDOWS\system32\MSCTF.dll handle: 74720000 size: 297984 crc: 392BE0B0 date: 2008-04-14 04:42:00
 C:\WINDOWS\system32\msctfime.ime handle: 755C0000 size: 177152 crc: 8C1D2F99 date: 2009-02-27 04:56:38
 C:\WINDOWS\system32\ole32.dll handle: 774E0000 size: 1288192 crc: 2C4B341E date: 2010-07-16 12:05:55
 C:\WINDOWS\system32\CLBCATQ.DLL handle: 76FD0000 size: 498688 crc: F43789FF date: 2008-04-14 04:41:52
 C:\WINDOWS\system32\COMRes.dll handle: 77050000 size: 792064 crc: 868482D5 date: 2008-04-14 04:41:52
 C:\WINDOWS\system32\OLEAUT32.dll handle: 77120000 size: 551936 crc: 1EE83658 date: 2008-04-14 04:42:04
 C:\WINDOWS\system32\VERSION.dll handle: 77C00000 size: 18944 crc: 558B1DAF date: 2008-04-14 04:42:10
 C:\WINDOWS\system32\DMIME.DLL handle: 5C570000 size: 181248 crc: A021AC64 date: 2008-04-14 04:41:54
 C:\WINDOWS\system32\DSOUND.dll handle: 73F10000 size: 367616 crc: 33C2A52C date: 2008-04-14 04:41:54
 C:\WINDOWS\system32\DMUSIC.DLL handle: 6C980000 size: 104448 crc: E9A2B682 date: 2008-04-14 04:41:54
 C:\WINDOWS\system32\KsUser.dll handle: 73EE0000 size: 4096 crc: BD8E6BD9 date: 2008-04-14 03:41:58
 C:\WINDOWS\system32\DMSYNTH.DLL handle: 6C9A0000 size: 103424 crc: 3E2BFB05 date: 2008-04-14 04:41:54
 C:\WINDOWS\system32\DMLOADER.DLL handle: 6CA10000 size: 35840 crc: 9271DC2B date: 2008-04-14 04:41:54
 C:\WINDOWS\system32\mswsock.dll handle: 71A50000 size: 245248 crc: FBBA0828 date: 2008-06-20 17:46:57
 C:\WINDOWS\system32\hnetcfg.dll handle: 662B0000 size: 344064 crc: 96358152 date: 2008-04-14 04:41:56
 C:\WINDOWS\System32\wshtcpip.dll handle: 71A90000 size: 19456 crc: F5533E87 date: 2008-04-14 04:42:12
 C:\WINDOWS\System32\wship6.dll handle: 58D40000 size: 14336 crc: 91CC7DB5 date: 2008-04-14 04:42:12
 C:\WINDOWS\system32\DNSAPI.dll handle: 76F20000 size: 147968 crc: 6145C1AF date: 2008-06-20 17:46:57
 C:\WINDOWS\system32\rasadhlp.dll handle: 76FC0000 size: 7680 crc: 3AB3D6CF date: 2008-04-14 04:42:04
 C:\WINDOWS\BisonCam\KBHookDLL.dll handle: 10000000 size: 28672 crc: F41B1FEE date: 2008-03-25 13:44:08
 C:\WINDOWS\system32\MFC42.DLL handle: 73DD0000 size: 974848 crc: 9032B140 date: 2010-09-18 06:53:25
 C:\WINDOWS\system32\psapi.dll handle: 76BF0000 size: 23040 crc: 75BBDCAD date: 2008-04-14 04:42:04

---- gamelog start ----
Tick 0: new game started
     Revision text changed to r21615, savegame version 155, not modified, _openttd_newgrf_version = 0x1100546f
     New game mode: 1 landscape: 0
     Added NewGRF: GRF ID 54560103, checksum 381A11BC5B0F0489B410A0A3B4967844, filename: smooth_snow_transition.1.2\smoothsnoww.grf (md5sum matches)
     Added NewGRF: GRF ID 52570103, checksum EDB2D26F9D81423734CA12412F309CF3, filename: generic_tram_set.0.4\generictrams.grf (md5sum matches)
     Added NewGRF: GRF ID 48420807, checksum 020A92868F6CEDD4C04172A76C06A3BE, filename: close_down_banks_watertowerpow-v0.2\close down bank watertowerw v0.2.grf (md5sum matches)
     Added NewGRF: GRF ID 4F472B31, checksum A82F71D8F32D10557DE8AAD5794E58AB, filename: opengfx_trains-0.2.1\ogfx-trains.grf (md5sum matches)
     Added NewGRF: GRF ID 46727806, checksum 09E95562B1894A4D55D5532C6A889621, filename: opengfx_trees-0.2.2\opengfx+trees.grf (md5sum matches)
     Added NewGRF: GRF ID 4F472B32, checksum B42B3DD63720C1F2483B357575736087, filename: opengfx_road_vehicles-0.1.0\ogfx-rv.grf (md5sum matches)
     Added NewGRF: GRF ID 4444F000, checksum 875F485E4DB617B27C58543C4000F0FB, filename: old_wagons_new_cargos.1.1\oldwagons-newcargos.grf (md5sum matches)
     Added NewGRF: GRF ID 44460000, checksum 794F4247978D52C300939D120EA29176, filename: openttd_plus.0.1\ottdpp.grf (md5sum matches)
---- gamelog end ----

*** End of OpenTTD Crash Report ***

Decoded stack trace:
[00] ???                  0x7C812AFB xá—|RaiseException + 82
[01] ???                  0x0057014D
[02] ???                  0x00641FB0
[03] ???                  0x0042F807
[04] ???                  0x00449878

*** End of additional info ***
