*** OpenTTD Crash Report ***

Crash at: Sun Mar 06 20:56:00 2011
In game date: 1956-06-01 (0)

Crash reason:
 Exception: E1212012
 Location:  000007FEFDDFA49D
 Message:   Assertion failed at line 50 of c:\openttd\compile\src\core/pool_type.hpp: index < this->first_unused

OpenTTD version:
 Version:    1.1.0-RC2 (0)
 NewGRF ver: 110056a8
 Bits:       64
 Endian:     little
 Dedicated:  no
 Build date: Mar  4 2011 21:22:36

Registers:
 RAX: 00000000758A5BBC RBX: 0000000000000016 RCX: 00000000001BD690 RDX: 0000000000000000
 RSI: 0000000000000000 RDI: 0000000000000008 RBP: 00000001408F221F RSP: 00000000001BDCA0
 R8:  0000000000000000 R9:  0000000000000000 R10: 0000000000000000 R11: 0000000000000286
 R12: 00000001408677B0 R13: 0000000140152838 R14: 0000000000000001 R15: 00000000008FD800
 RIP: 000007FEFDDFA49D EFLAGS: 00000202

 Bytes at instruction pointer:
 48 81 C4 C8 00 00 00 C3 48 85 F6 74 08 83 3B 00 76 03 66 89 16 BD 01 00

Stack trace:
 00000016 00000000 00000000 00000000 00000008 00000000 00000000 00000000
 E1212012 00000000 00000000 00000000 FDDFA49D 000007FE 00000000 00000000
 00000000 00000000 77A4F629 00000000 00070000 00000000 00000202 00000000
 00000001 00000000 00000000 00000000 00000000 00000000 77A4F5FB 00000000
 00370230 00000000 77B73BFA 00000000 003703D8 00000000 00370268 00000000
 00000070 00000000 FFFFFFFF FFFFFFFF 00000000 00000000 77A59B43 00000000
 00000001 00000000 4024BEB1 00000001 00000016 00000000 5D0ED9C1 00000000
 003EAA80 00000000 00370230 00000000 001BDED0 00000000 77B69C7A 00000000
 008FD6B0 00000000 008FD800 00000000 00000000 00000000 00000001 00000000
 3FFC6B54 00000001 408F21C0 00000001 408F21C0 00000001 4024B136 00000001
 00000001 00000000 0000E007 00000000 04629670 00000000 00000002 00000000
 008FD6B0 00000000 77A567C2 00000000 00000000 00000000 00000000 00000000
 77BC819C 00000000 03000003 00000000 000001CB 00000000 00000001 00000000
 00000000 FFFFFA80 77A59055 00000000 008F6058 00000000 77A57931 00000000
 00000000 00000000 00000000 00000000 00000016 00000000 00000001 00000000
 000A0462 00000000 00000001 00000000 008FD6B0 00000000 77A65034 00000000
 002404E2 00000000 008FD6B0 00000000 00000001 00000000 00000001 00000000
 00000001 00000000 230A1671 00000000 00000000 00000000 00000000 00000000
 00000001 00000000 00000010 00000000 003CFC10 00000000 00370000 00000000
 003CFC00 00000000 77B9413D 00000000 00370000 00000000 003CFC01 00000000
 00000000 00000000 003CFC10 00000000 002404E2 00000000 77AB33F4 00000000
 00000001 00000000 002404E2 00000000 77AB33F4 00000000 001BE2A0 00000000
 00000000 00000000 408F0EAA 00000001 00010003 00000000 00000001 00000000
 00000000 00000000 77AB2955 00000000 003CFC10 00000000 003CFC10 00000000

Operating system:
 Name:     Windows
 Release:  6.1.7601 (Service Pack 1)
 Compiler: MSVC 1500

Configuration:
 Blitter:      8bpp-optimized
 Graphics set: OpenGFX (589)
 Language:     C:\Program Files\OpenTTD\lang\norwegian_bokmal.lng
 Music driver: win32
 Music set:    NoMusic (0)
 Network:      no
 Sound driver: win32
 Sound set:    NoSound (2)
 Video driver: win32

AI Configuration (local: 0):
  0: Human

Libraries:
 FreeType:   2.4.4
 ICU:        4.4.2
 LZMA:       5.0.0
 LZO:        2.03
 PNG:        1.4.5
 Zlib:       1.2.5

Module information:
 C:\Program Files\OpenTTD\openttd.exe handle: 000000013FF30000 size: 9912320 crc: 4D2698BC date: 2011-03-04 21:26:36
 C:\Windows\SYSTEM32\ntdll.dll handle: 0000000077B40000 size: 1731936 crc: 7AB8D690 date: 2010-11-20 13:28:37
 C:\Windows\system32\kernel32.dll handle: 0000000077920000 size: 1161216 crc: 2FA6DA84 date: 2010-11-20 13:26:42
 C:\Windows\system32\KERNELBASE.dll handle: 000007FEFDDF0000 size: 419840 crc: 54E131D4 date: 2010-11-20 13:26:42
 C:\Windows\system32\WINMM.dll handle: 000007FEFB770000 size: 217600 crc: 7BC1529F date: 2009-07-14 01:41:56
 C:\Windows\system32\msvcrt.dll handle: 000007FEFF680000 size: 634880 crc: 7F3E716F date: 2009-07-14 01:41:32
 C:\Windows\system32\USER32.dll handle: 0000000077A40000 size: 1008128 crc: 70FF7D7F date: 2010-11-20 13:27:27
 C:\Windows\system32\GDI32.dll handle: 000007FEFF840000 size: 403968 crc: 3D5BC405 date: 2010-11-20 13:26:25
 C:\Windows\system32\LPK.dll handle: 000007FEFF610000 size: 41984 crc: 350AF03B date: 2009-07-14 01:41:19
 C:\Windows\system32\USP10.dll handle: 000007FEFF540000 size: 800256 crc: B511F4B9 date: 2010-11-20 13:27:27
 C:\Windows\system32\WS2_32.dll handle: 000007FEFE0A0000 size: 297984 crc: 0F68689B date: 2010-11-20 13:27:29
 C:\Windows\system32\RPCRT4.dll handle: 000007FEFFCF0000 size: 1219584 crc: 5217F07C date: 2010-11-20 13:27:24
 C:\Windows\system32\NSI.dll handle: 000007FEFF530000 size: 13824 crc: 53B46F6C date: 2009-07-14 01:41:53
 C:\Windows\system32\ADVAPI32.dll handle: 000007FEFE0F0000 size: 877056 crc: FA615A20 date: 2009-07-14 01:40:01
 C:\Windows\SYSTEM32\sechost.dll handle: 000007FEFF510000 size: 113664 crc: 978CFAE5 date: 2009-07-14 01:41:53
 C:\Windows\system32\SHELL32.dll handle: 000007FEFE300000 size: 14174208 crc: EA53E806 date: 2010-11-20 13:27:25
 C:\Windows\system32\SHLWAPI.dll handle: 000007FEFF090000 size: 448512 crc: 086DF743 date: 2010-11-20 13:27:25
 C:\Windows\system32\IMM32.DLL handle: 000007FEFFE20000 size: 167424 crc: 41B2805A date: 2009-07-14 01:41:09
 C:\Windows\system32\MSCTF.dll handle: 000007FEFF1F0000 size: 1067008 crc: 798DDDA0 date: 2009-07-14 01:41:28
 C:\Windows\system32\SHFolder.dll handle: 000007FEFA920000 size: 10240 crc: 08A48DE3 date: 2009-07-14 01:41:54
 C:\Windows\system32\ole32.dll handle: 000007FEFF300000 size: 2086912 crc: 72F91CD0 date: 2010-11-20 13:27:23
 C:\Windows\system32\MMDevAPI.DLL handle: 000007FEFC070000 size: 284160 crc: CDF2EF81 date: 2009-07-14 01:41:26
 C:\Windows\system32\PROPSYS.dll handle: 000007FEFC4E0000 size: 1212416 crc: B83FA3BE date: 2010-11-20 13:27:23
 C:\Windows\system32\OLEAUT32.dll handle: 000007FEFF110000 size: 861696 crc: 5E0F5F12 date: 2010-11-20 13:27:23
 C:\Windows\system32\wdmaud.drv handle: 000007FEF8160000 size: 217088 crc: 12829973 date: 2010-11-20 13:24:21
 C:\Windows\system32\ksuser.dll handle: 0000000074A80000 size: 5120 crc: AA2071D9 date: 2009-07-14 01:41:13
 C:\Windows\system32\AVRT.dll handle: 000007FEFB800000 size: 18432 crc: 5CE53CB7 date: 2009-07-14 01:40:05
 C:\Windows\system32\SETUPAPI.dll handle: 000007FEFFB10000 size: 1900544 crc: A364BD6A date: 2010-11-20 13:27:25
 C:\Windows\system32\CFGMGR32.dll handle: 000007FEFDB40000 size: 207872 crc: 1984C339 date: 2010-11-20 13:25:50
 C:\Windows\system32\DEVOBJ.dll handle: 000007FEFDD30000 size: 93184 crc: A7541AE2 date: 2009-07-14 01:40:28
 C:\Windows\system32\AUDIOSES.DLL handle: 000007FEFB5F0000 size: 296448 crc: 90389554 date: 2010-11-20 13:25:42
 C:\Windows\system32\msacm32.drv handle: 000007FEFBC70000 size: 25600 crc: 2B579A05 date: 2009-07-14 01:38:50
 C:\Windows\system32\MSACM32.dll handle: 000007FEFB110000 size: 83456 crc: 3D67538B date: 2009-07-14 01:41:27
 C:\Windows\system32\midimap.dll handle: 000007FEFB080000 size: 20480 crc: CB902A13 date: 2009-07-14 01:41:23
 C:\Windows\system32\CRYPTBASE.dll handle: 000007FEFD9C0000 size: 44032 crc: F547C16E date: 2009-07-14 01:40:24
 C:\Windows\system32\CLBCatQ.DLL handle: 000007FEFDE60000 size: 607744 crc: 939E35C9 date: 2009-07-14 01:40:15
 C:\Windows\system32\uxtheme.dll handle: 000007FEFC480000 size: 332288 crc: B0A13DF9 date: 2009-07-14 01:41:56
 C:\Windows\system32\dwmapi.dll handle: 000007FEFC050000 size: 82432 crc: A459F360 date: 2009-07-14 01:40:34
 C:\Program Files\Acer\Acer ePower Management\SysHook.dll handle: 0000000180000000 size: 271904 crc: 7825677C date: 2010-06-11 21:28:48
 C:\Windows\system32\WINSPOOL.DRV handle: 000007FEF9CF0000 size: 442368 crc: EA901B11 date: 2010-11-20 13:24:22
 C:\Windows\system32\mswsock.dll handle: 000007FEFD300000 size: 326144 crc: 136B1525 date: 2010-11-20 13:27:10
 C:\Windows\System32\wshtcpip.dll handle: 000007FEFCC70000 size: 13312 crc: 5D1E2C55 date: 2009-07-14 01:41:58
 C:\Program Files\Elantech\ETDApix.dll handle: 0000000000300000 size: 390536 crc: C6CB3708 date: 2010-04-13 07:35:12
 C:\Windows\system32\VERSION.dll handle: 000007FEFCBA0000 size: 29184 crc: 628CCE3F date: 2009-07-14 01:41:56
 C:\Windows\system32\psapi.dll handle: 0000000077D10000 size: 9216 crc: 84B5E9BA date: 2009-07-14 01:41:53

---- gamelog start ----
Tick 0: new game started
     Revision text changed to 1.1.0-RC2, savegame version 160, not modified, _openttd_newgrf_version = 0x110056a8
     New game mode: 1 landscape: 0
     Added NewGRF: GRF ID 44440A01, checksum 0BF8636EFEEF4F0617CAE47D77FF4C43, filename: av8_aviators_aircraft_set-1.81\pb_av8w.grf (md5sum matches)
     Added NewGRF: GRF ID 414E0101, checksum 1922958963E54992E395CAE86EBF4649, filename: fish_ship_set-0.9.0\fish.grf (md5sum matches)
     Added NewGRF: GRF ID 4D570102, checksum 8C41066F2430A1762047AB077B51EE63, filename: hoverbus_1.0.grf (md5sum matches)
     Added NewGRF: GRF ID 4A430002, checksum 0728ADCB4DF2F1EB9247ABD449296F4E, filename: industrial_stations_renewal.0.8.0\indstatrw.grf (md5sum matches)
     Added NewGRF: GRF ID 4D656F03, checksum 380E73C6E0627AF7AD474923D970ECE2, filename: VolvoTrucksw.grf (md5sum matches)
     Added NewGRF: GRF ID 4D656F05, checksum 3B13491D1D6BC32DBCCF81194B8D2778, filename: SpitzerTrucksw.grf (md5sum matches)
     Added NewGRF: GRF ID 4D656F02, checksum B0CDF5AB98D7B8B3364C5E06BE6910DE, filename: ScaniaTrucksw.grf (md5sum matches)
     Added NewGRF: GRF ID 4D656F04, checksum BB723FE61FAF1D6BD4DFD1E83DA709A1, filename: NavistarTrucksw.grf (md5sum matches)
     Added NewGRF: GRF ID 4D656F01, checksum 2179ABF789745CA84DE8F0FD39DD3981, filename: McTrucksw.grf (md5sum matches)
     Added NewGRF: GRF ID 4D656F00, checksum 97C6741906450C460568C6F5F8FB997F, filename: LongBusesw.grf (md5sum matches)
     Added NewGRF: GRF ID 4D656F17, checksum 8A4F8A04256C90BECF818D134C91C816, filename: long_vehicles-v404oct2008\4lvw.grf (md5sum matches)
     Added NewGRF: GRF ID 49450001, checksum 4ED0486DD7293A177D52A6E96F378840, filename: newfactoryw.grf (md5sum matches)
     Added NewGRF: GRF ID 6D620004, checksum 70649F1AFC954942173B0AA89C1E8B14, filename: newshipsw.grf (md5sum matches)
     Added NewGRF: GRF ID 4A4D0101, checksum 45B5C29ED97AACB48E026145905010D0, filename: sailing_ships-0.4\sailing_ships.grf (md5sum matches)
     Added NewGRF: GRF ID 414C0101, checksum 8868C6AA5191153F4255C129C9472043, filename: stations_name_from_nearby_indus-1.2.4\station_name.grf (md5sum matches)
     Added NewGRF: GRF ID 4F472B34, checksum 5E70585708092DAC05B17144E0957496, filename: opengfx_landscape-0.2.0\ogfx-landscape.grf (md5sum matches)
     Added NewGRF: GRF ID 4F472B31, checksum 28B38CDB8C31F59C807F0A72BE5CDC30, filename: opengfx_trains-0.2.2\ogfx-trains.grf (md5sum matches)
     Added NewGRF: GRF ID 46727806, checksum 09E95562B1894A4D55D5532C6A889621, filename: opengfx_trees-0.2.2\opengfx+trees.grf (md5sum matches)
     Added NewGRF: GRF ID 4F472B32, checksum B42B3DD63720C1F2483B357575736087, filename: opengfx_road_vehicles-0.1.0\ogfx-rv.grf (md5sum matches)
---- gamelog end ----

*** End of OpenTTD Crash Report ***

Decoded stack trace:
[00] KERNELBASE           0x000007FEFDDFA49D RaiseException + 61
[01] openttd              0x000000014024BEB1
[02] openttd              0x000000014024B136
[03] openttd              0x000000013FF73CE1
[04] openttd              0x000000013FF8B541
[05] openttd              0x000000013FF89185
[06] openttd              0x000000013FF8840C
[07] openttd              0x000000013FF88474
[08] openttd              0x000000013FFC6AB7
[09] openttd              0x000000013FFC6B42
[10] openttd              0x000000013FFC6BB8
[11] openttd              0x000000014000D801
[12] openttd              0x000000013FFC697C
[13] openttd              0x000000013FFA7F65
[14] openttd              0x00000001401511AA
[15] openttd              0x000000013FF75A01
[16] openttd              0x000000014015361A
[17] openttd              0x000000014024DDD9
[18] kernel32             0x000000007793652D BaseThreadInitThunk + 13
[19] ntdll                0x0000000077B6C521 RtlUserThreadStart + 33

*** End of additional info ***
