*** OpenTTD Crash Report ***

Crash at: Sun Mar 25 13:52:47 2018
In game date: 1900-05-19 (38)

Crash reason:
 Exception: C0000005
 Location:  00007FF63F715440
 Message:   <none>

OpenTTD version:
 Version:    1.7.2 (0)
 NewGRF ver: 17286d2d
 Bits:       64
 Endian:     little
 Dedicated:  no
 Build date: Dec 24 2017 12:25:35

Registers:
 RAX: 0000000000000000 RBX: 000000000000BA00 RCX: 0000000000000000 RDX: 0000000000000000
 RSI: 0000000000000000 RDI: 0000000000000001 RBP: 0000000029CDD080 RSP: 00000000006FD950
 R8:  0000000029CDFA5C R9:  000000002C11EFFF R10: 000000000000AF89 R11: 0000000000000004
 R12: 00000000006FDA28 R13: 00000000006FDC10 R14: 0000000000000000 R15: 000000000000BA00
 RIP: 00007FF63F715440 EFLAGS: 00010202

 Bytes at instruction pointer:
 41 0F B7 01 66 89 84 24 B8 00 00 00 0F B6 C8 66 C1 E1 08 0F B7 D1 0F B6

Stack trace:
 0000BA00 00000000 00000000 00000000 00000029 00000000 00000005 00000000
 006FE0F0 00000000 02AB0CC0 00000000 000000BA 00000000 2C11DB0F 00000000
 FFFFFFFE FFFFFFFF 04702A50 00000000 47535542 00000000 006FDA28 00000000
 2C11D1B6 00000000 00001B64 00000000 00000000 00000000 006FDC10 00000000
 47535542 00000000 006FDD60 00000000 00000002 00000000 3F70CA01 00007FF6
 006FE0F0 00000000 006FDA50 00000000 006FDC10 00000000 006F0000 00000000
 00000000 00000000 00000002 00000000 FFFFFFFE FFFFFFFF 04702A50 00000000
 47535542 FFFFFFFF 006FDAC0 00000000 2C11D1B6 00000000 00001B64 00000000
 006FDAC9 00000000 3F7137C6 00007FF6 006FDD60 00000000 00000007 00000000
 2C1191A6 00000000 04702A50 00000000 00000000 00000000 006FE0F0 00000000
 FFFFFFFE FFFFFFFF 04702A50 00000000 47535542 FFFFFFFF 006FDDD8 00000000
 2C118030 00000000 00006CEA 00000000 04702A50 00000000 47535542 00000000
 006FDA98 00000000 2C11D1B6 00000000 00001B64 00000000 267BFDEC 00000000
 00000000 00000000 00000007 00000000 006FDD60 00000000 006FDD60 00000000
 006FDB80 00000000 3F70CAFF 00007FF6 006FE0F0 00000000 006FDC10 00000000
 00000007 00000000 00000000 00000000 00000000 00000000 86510000 00000000
 FFFFFFFE FFFFFFFF 04702A50 00000000 47535542 00000000 006FDCA0 00000000
 2C1191A6 00000000 00005B74 00000000 006FDC90 00000000 3F70CEC8 00007FF6
 00000000 00000000 00000001 00000000 006FE0F0 00000000 00000000 00000000
 00000000 00000000 006FE0F0 00000000 2C6C8298 00000000 00000000 00000000
 FFFF0100 00000000 04702A50 00000000 47535542 00000000 006FDD68 00000000
 2C11919E 00000000 00005B7C 00000000 FFFFFFFE FFFFFFFF 47535542 00000000
 3FF14600 00007FF6 00000001 00000000 00000063 FFFFFFFF 006FDF00 00000000
 00000000 00000000 FFFFFFFF FFFFFFFF FFFF0000 80000000 00000000 00000000

Operating system:
 Name:     Windows
 Release:  6.2.9200 ()
 Compiler: MSVC 1600

Configuration:
 Blitter:      32bpp-sse4-anim
 Graphics set: zBase (5588)
 Language:     K:\OpenTTD\lang\english_US.lng
 Music driver: win32
 Music set:    OpenMSX (96)
 Network:      no
 Sound driver: win32
 Sound set:    OpenSFX (87)
 Video driver: win32

Fonts:
 Small:  Tahoma
 Medium: Tahoma
 Large:  Times New Roman
 Mono:   sprite

AI Configuration (local: 0):
  0: Human

Libraries:
 FreeType:   2.4.11
 ICU i18n:   51.2
 ICU lx:     51.2
 LZMA:       5.0.4
 LZO:        2.06
 PNG:        1.5.14
 Zlib:       1.2.7

Module information:
 K:\OpenTTD\openttd.exe handle: 00007FF63F390000 size: 13542912 crc: 5E314712 date: 2017-12-24 12:29:56
 C:\WINDOWS\SYSTEM32\ntdll.dll handle: 00007FFE5DA10000 size: 1954048 crc: E8BB04BB date: 2018-02-10 06:15:34
 C:\Program Files\AVAST Software\Avast\x64\aswhooka.dll handle: 00007FFE45DA0000 size: 214576 crc: 1C9B9E43 date: 2018-03-10 13:40:57
 C:\WINDOWS\System32\KERNEL32.DLL handle: 00007FFE5B740000 size: 702568 crc: 26053BED date: 2017-09-29 13:42:04
 C:\WINDOWS\System32\KERNELBASE.dll handle: 00007FFE5A350000 size: 2514936 crc: D2BF9DDD date: 2018-03-01 07:40:10
 C:\WINDOWS\System32\WS2_32.dll handle: 00007FFE5C040000 size: 428352 crc: D6B4E02D date: 2017-09-29 13:41:43
 C:\WINDOWS\System32\RPCRT4.dll handle: 00007FFE5BF20000 size: 1173576 crc: 105686CE date: 2018-03-01 07:27:48
 C:\WINDOWS\System32\IMM32.dll handle: 00007FFE5B5E0000 size: 173640 crc: D95A028D date: 2017-09-29 13:41:45
 C:\WINDOWS\System32\USER32.dll handle: 00007FFE5AF40000 size: 1634288 crc: AB65005C date: 2017-12-07 23:34:35
 C:\WINDOWS\System32\win32u.dll handle: 00007FFE59EC0000 size: 119440 crc: 7CB2506F date: 2017-09-29 13:41:31
 C:\WINDOWS\System32\GDI32.dll handle: 00007FFE5B6B0000 size: 154008 crc: 988E7AE4 date: 2017-09-29 13:41:28
 C:\WINDOWS\System32\gdi32full.dll handle: 00007FFE5A010000 size: 1636376 crc: 7EBC1C7F date: 2017-11-26 13:38:37
 C:\WINDOWS\System32\msvcp_win.dll handle: 00007FFE5A1B0000 size: 628632 crc: 97093F9A date: 2018-02-10 06:02:17
 C:\WINDOWS\System32\ucrtbase.dll handle: 00007FFE5A250000 size: 1002592 crc: DAF7FB12 date: 2018-02-10 06:14:51
 C:\WINDOWS\System32\combase.dll handle: 00007FFE5B2B0000 size: 3180720 crc: 87207CC3 date: 2017-09-29 13:41:44
 C:\WINDOWS\System32\bcryptPrimitives.dll handle: 00007FFE59EE0000 size: 464408 crc: E51422D3 date: 2017-11-26 13:27:43
 C:\WINDOWS\System32\ADVAPI32.dll handle: 00007FFE5D930000 size: 649304 crc: 1EA4BBC8 date: 2018-01-01 12:47:06
 C:\WINDOWS\System32\msvcrt.dll handle: 00007FFE5B1B0000 size: 630752 crc: D96A352D date: 2017-12-07 23:28:09
 C:\WINDOWS\System32\sechost.dll handle: 00007FFE5BEC0000 size: 371424 crc: 5F5ADC2E date: 2017-09-29 13:41:43
 C:\WINDOWS\System32\SHELL32.dll handle: 00007FFE5C4E0000 size: 21351624 crc: 0E930F2D date: 2018-02-22 01:59:28
 C:\WINDOWS\System32\cfgmgr32.dll handle: 00007FFE59E70000 size: 287944 crc: B2701D08 date: 2017-09-29 13:41:44
 C:\WINDOWS\System32\shcore.dll handle: 00007FFE5C210000 size: 671024 crc: 34F13DE7 date: 2017-09-29 13:41:37
 C:\WINDOWS\System32\windows.storage.dll handle: 00007FFE5A790000 size: 7675784 crc: 65195CA0 date: 2018-03-01 07:14:32
 C:\WINDOWS\System32\shlwapi.dll handle: 00007FFE5B6E0000 size: 327008 crc: 6A326994 date: 2017-09-29 13:41:57
 C:\WINDOWS\System32\kernel.appcore.dll handle: 00007FFE59D80000 size: 54368 crc: 292B0640 date: 2017-09-29 13:41:30
 C:\WINDOWS\System32\powrprof.dll handle: 00007FFE59DC0000 size: 299688 crc: 2A10AD8C date: 2017-09-29 13:41:43
 C:\WINDOWS\System32\profapi.dll handle: 00007FFE59DA0000 size: 93640 crc: 37910F15 date: 2017-09-29 13:41:44
 C:\WINDOWS\SYSTEM32\WINMM.dll handle: 00007FFE56C70000 size: 123072 crc: C756E1A2 date: 2017-09-29 13:41:25
 C:\WINDOWS\SYSTEM32\WINMMBASE.dll handle: 00007FFE56B70000 size: 159680 crc: 0801FBAD date: 2017-09-29 13:41:25
 C:\WINDOWS\system32\uxtheme.dll handle: 00007FFE582F0000 size: 587776 crc: EECA9649 date: 2017-09-29 13:42:00
 C:\WINDOWS\System32\MSCTF.dll handle: 00007FFE5BD50000 size: 1463856 crc: 8AD1E1B5 date: 2017-11-22 20:39:46
 C:\WINDOWS\System32\OLEAUT32.dll handle: 00007FFE5B0E0000 size: 793960 crc: 1C598840 date: 2017-09-29 13:41:43
 C:\WINDOWS\SYSTEM32\TextInputFramework.dll handle: 00007FFE50200000 size: 617304 crc: 40AD10FB date: 2018-02-10 06:02:15
 C:\WINDOWS\SYSTEM32\CoreUIComponents.dll handle: 00007FFE55D10000 size: 3074824 crc: AC875490 date: 2017-09-29 13:41:28
 C:\WINDOWS\SYSTEM32\CoreMessaging.dll handle: 00007FFE57870000 size: 898216 crc: D40FE329 date: 2018-01-01 12:46:23
 C:\WINDOWS\SYSTEM32\ntmarta.dll handle: 00007FFE58E90000 size: 187064 crc: BCFBDC90 date: 2017-09-29 13:41:43
 C:\WINDOWS\SYSTEM32\wintypes.dll handle: 00007FFE56130000 size: 1269616 crc: 4A31FEED date: 2017-09-29 13:41:44
 C:\WINDOWS\system32\dwmapi.dll handle: 00007FFE58600000 size: 147864 crc: E074A2FB date: 2017-09-29 13:41:41
 C:\WINDOWS\system32\mswsock.dll handle: 00007FFE595F0000 size: 402992 crc: C9E3ADEF date: 2017-09-29 13:41:44
 C:\WINDOWS\SYSTEM32\MMDevAPI.DLL handle: 00007FFE51B70000 size: 438608 crc: 967DA176 date: 2017-09-29 13:41:23
 C:\WINDOWS\SYSTEM32\DEVOBJ.dll handle: 00007FFE59B70000 size: 150528 crc: 8531EECF date: 2017-09-29 13:41:44
 C:\WINDOWS\SYSTEM32\PROPSYS.dll handle: 00007FFE56900000 size: 1777848 crc: EB7DC555 date: 2017-09-29 13:41:31
 C:\WINDOWS\SYSTEM32\wdmaud.drv handle: 00007FFE3B0E0000 size: 244224 crc: 1C9D0D5D date: 2017-09-29 13:41:23
 C:\WINDOWS\SYSTEM32\ksuser.dll handle: 00007FFE4A880000 size: 23352 crc: 92FC8D38 date: 2017-09-29 13:41:25
 C:\WINDOWS\SYSTEM32\AVRT.dll handle: 00007FFE563A0000 size: 30048 crc: 8A8EFA03 date: 2017-09-29 13:41:23
 C:\WINDOWS\SYSTEM32\AUDIOSES.DLL handle: 00007FFE3B9C0000 size: 1170008 crc: B9349960 date: 2018-02-10 06:04:29
 C:\WINDOWS\SYSTEM32\msacm32.drv handle: 00007FFE4A520000 size: 28672 crc: E81668A1 date: 2017-09-29 13:41:23
 C:\WINDOWS\SYSTEM32\MSACM32.dll handle: 00007FFE49CC0000 size: 106472 crc: BEC2999B date: 2017-09-29 13:41:23
 C:\WINDOWS\SYSTEM32\midimap.dll handle: 00007FFE4A090000 size: 24576 crc: AFE10C07 date: 2017-09-29 13:41:23
 C:\WINDOWS\System32\clbcatq.dll handle: 00007FFE5B610000 size: 626592 crc: CCEF35B2 date: 2017-09-29 13:41:41
 C:\Windows\System32\Windows.UI.dll handle: 00007FFE502A0000 size: 1077968 crc: 0975C708 date: 2017-09-29 13:42:04
 C:\WINDOWS\SYSTEM32\DNSAPI.dll handle: 00007FFE593C0000 size: 739696 crc: 2B25CD3C date: 2018-02-10 06:16:57
 C:\WINDOWS\System32\NSI.dll handle: 00007FFE5C200000 size: 23992 crc: 22021CA4 date: 2017-09-29 13:41:43
 C:\WINDOWS\SYSTEM32\IPHLPAPI.DLL handle: 00007FFE59380000 size: 221696 crc: 47B86AA3 date: 2017-09-29 13:41:44
 C:\Windows\System32\rasadhlp.dll handle: 00007FFE51ED0000 size: 16896 crc: 49ECBD76 date: 2017-09-29 13:41:57
 C:\WINDOWS\System32\fwpuclnt.dll handle: 00007FFE530E0000 size: 441344 crc: 5C124D19 date: 2017-09-29 13:41:31
 C:\WINDOWS\SYSTEM32\bcrypt.dll handle: 00007FFE598C0000 size: 137544 crc: B75F4C6B date: 2017-12-07 23:22:54
 C:\WINDOWS\SYSTEM32\mciseq.dll handle: 00007FFE56EB0000 size: 29696 crc: 929934AA date: 2017-09-29 13:41:23
 C:\WINDOWS\System32\psapi.dll handle: 00007FFE5D920000 size: 18712 crc: DD419C6C date: 2017-09-29 13:41:41

---- gamelog start ----
Tick 0: new game started
Revision text changed to 1.7.2, savegame version 196, not modified, _openttd_newgrf_version = 0x17286d2d
New game mode: 1 landscape: 0
Added NewGRF: GRF ID 444A5401, checksum B9E9E16F258B32DC91E8BABEF037AFA7, filename: nutracks-r247\nutracks.grf (md5sum matches)
Added NewGRF: GRF ID 27711003, checksum 30EF819C36EA5E003976E26A8A25CF71, filename: 2cc_trainset-2.0.0beta5\2cctrainset.grf (md5sum matches)
Added NewGRF: GRF ID F1250005, checksum 04817A8E04171941B350B8363AF798AB, filename: firs_industry_replacement_set-1.4.5\firs.grf (md5sum matches)
Added NewGRF: GRF ID 43485053, checksum 107210078AB4C22C7D83BA65ED9AF16F, filename: chips_station_set-1.8.0\chips.grf (md5sum matches)
Added NewGRF: GRF ID 4A430002, checksum 93EAC5F5396584B92D4C5F0AAAF3F6C5, filename: industrial_stations_renewal-1.0.2\indstatr.grf (md5sum matches)
Added NewGRF: GRF ID 52571203, checksum 7CE88A25DDB058C1BE577B88D049B274, filename: egrvts2-188\egrvts2.grf (md5sum matches)
Added NewGRF: GRF ID 414E0101, checksum 5D665C64693A438E3046C22666F46E08, filename: fish_ship_set-0.9.2\fish.grf (md5sum matches)
Added NewGRF: GRF ID 504E0002, checksum 6E6944E09CE6C3AC130DF72C542EE4B1, filename: generic_buffers.0.1\buffers.grf (md5sum matches)
Added NewGRF: GRF ID 43415000, checksum 4DA9FE9A87DD330EBAD43916771BAF21, filename: opengfx_airports-0.4.2\ogfx-airports.grf (md5sum matches)
Added NewGRF: GRF ID 4F472B34, checksum 136D889FDAEAA3491F8320248A04425C, filename: opengfx_landscape-1.1.2\ogfx-landscape.grf (md5sum matches)
Added NewGRF: GRF ID 46727806, checksum BBE029FCDD7A16F85876D417FF318D23, filename: opengfx_trees-0.8.0\opengfx+trees.grf (md5sum matches)
Added NewGRF: GRF ID 56430001, checksum 2AD089EE6B73F25D79F286AD43765914, filename: total_town_replacement_set-3.14\ttrs3w.grf (md5sum matches)
Added NewGRF: GRF ID 576D0301, checksum 69D589CBE85C11DA52BC31E7729D7224, filename: progressive_rail_set-2\progressive_rails.2.0.2.grf (md5sum matches)
Added NewGRF: GRF ID 44440A01, checksum FCEEC76CF44EC23E7FE9C88048CF11CC, filename: av8_aviators_aircraft_set-2.21\pb_av8w.grf (md5sum matches)
Added NewGRF: GRF ID 41501202, checksum B13DD8FB0D7C34CACAC2FE68BD137BB9, filename: heqs_heavy_equipment_set-1.5.2\heqs.grf (md5sum matches)
Added NewGRF: GRF ID 444E0C00, checksum B5D2AB5FC93A09E1FAB5F0DB82307ECF, filename: vast_fences-0.2.0\vastfences.grf (md5sum matches)
Added NewGRF: GRF ID 4D656F17, checksum 8A4F8A04256C90BECF818D134C91C816, filename: long_vehicles-v404oct2008\4lvw.grf (md5sum matches)
---- gamelog end ----

*** End of OpenTTD Crash Report ***

Decoded stack trace:
[00] openttd              0x00007FF63F715440
[01] openttd              0x00007FF63F70CA01
[02] openttd              0x00007FF63F7137C6
[03] openttd              0x00007FF63F70CAFF
[04] openttd              0x00007FF63F70CEC8
[05] openttd              0x00007FF63F708A37
[06] openttd              0x00007FF63F709AFB
[07] openttd              0x00007FF63F70960D
[08] openttd              0x00007FF63F705260
[09] openttd              0x00007FF63F6DE877
[10] openttd              0x00007FF63F3C06E4
[11] openttd              0x00007FF63F3BB4D7
[12] openttd              0x00007FF63F3BB56C
[13] openttd              0x00007FF63F45E1F7
[14] openttd              0x00007FF63F415B91
[15] openttd              0x00007FF63F413520
[16] openttd              0x00007FF63F41413F
[17] openttd              0x00007FF63F413520
[18] openttd              0x00007FF63F419E4A
[19] openttd              0x00007FF63F45DFA7
[20] openttd              0x00007FF63F45E869
[21] openttd              0x00007FF63F45EF3E
[22] openttd              0x00007FF63F3E6CAA
[23] openttd              0x00007FF63F3E6EF7
[24] openttd              0x00007FF63F5F86D0
[25] openttd              0x00007FF63F3E5864
[26] openttd              0x00007FF63F5FADB9
[27] openttd              0x00007FF63F6E71D0
[28] KERNEL32             0x00007FFE5B751FE4 BaseThreadInitThunk + 20
[29] ntdll                0x00007FFE5DA7EFC1 RtlUserThreadStart + 33

*** End of additional info ***
