*** OpenTTD Crash Report ***

Crash at: Sun Apr 03 05:52:38 2011
In game date: 2033-01-26 (36)

Crash reason:
 Exception: C0000094
 Location:  0044BED1
 Message:   <none>

OpenTTD version:
 Version:    1.1.0 (0)
 NewGRF ver: 1108570a
 Bits:       32
 Endian:     little
 Dedicated:  no
 Build date: Mar 31 2011 21:39:49

Registers:
 EAX: 00035C27 EBX: 00000161 ECX: 00000245 EDX: 00000000
 ESI: 043A1DD8 EDI: 00000161 EBP: 0012FBB8 ESP: 0012FBA4
 EIP: 0044BED1 EFLAGS: 00210202

 Bytes at instruction pointer:
 F7 3D A4 45 BC 00 3B C3 7C 02 8B C3 80 7D FF 00 74 0A 2B F8 8B C7 85 C0

Stack trace:
 00000273 00000245 00000000 01976248 0015E5BA 0012FBE4 0044C38B 00000273
 00000245 00000000 FFFC7C00 FFFC9400 019762B4 004667EA 00000002 01976248
 00000000 0044C765 00000000 00000000 0000FFFF 00000000 00000000 00000000
 00000000 0044C890 01F019B1 01F019C1 00000000 0042DD38 00000000 00556555
 00BC5020 01982498 0012FCDC 00000000 0012FC20 01F019C1 01F019DF 00000000
 00000000 000E047C 00000113 00000001 005555EE 01F019B1 00000273 00000245
 0042CFD7 0012FCF4 0012FDF8 00000001 01000000 00000000 00000000 00000000
 00000000 00000000 00000000 00000000 FFFFFFFF 00000000 00000000 0012FCF4
 00000000 FFFFFFFF 00000000 00000000 00000000 0012FEF8 00000000 00000000
 00000000 FFFFFFFF 0012FDFC 00B4AF78 00000000 00000000 0012FEF8 00558516
 00000001 0012FDF8 FFFFFFFE 00000000 5C3A4322 676F7250 206D6172 656C6946
 704F5C73 54546E65 706F5C44 74746E65 78652E64 00200065 76F7E0ED 002269BD
 FFFFFFFE 76FB2FE7 76FB2E82 76FB2DD6 00000018 0012FEB4 00000000 002A0035
 00000001 0000002D 76FB2FE7 76CB8BC9 76FB2DD6 01A6019C 01A60000 0020001F
 00000001 006E0008 00000007 01930048 01930164 001D0020 00000001 006C0009
 00000007 0012FD1C 00000002 00000000 00000020 0000000B 0012FDBC 00625073
 01A60000 00000000 00000018 01A6EC28 0012FEB4 0012FEC0 0012FDD4 006262BA
 00000018 76F7E0ED 002269BD FFFFFFFE 0012FE50 004E1C0B 00000018 005155D6
 01A6A1B0 0051565C 01A6EC28 01A6A290 0012FEB4 0012FCF5 01930164 00000002
 00000000 00000020 00000010 0012FE30 00625073 01A60000 00000000 01A69850
 01A69BDC 0012FE6C 006310A8 01A60000 00000000 76FA6054 76FBA2AC FFFFFFFF
 00000024 0012FE54 00000004 00000000 5C9B0C5C 0012FE68 00630910 01A69BE0
 01A69BE0 00000001 00000001 00B9E45C 0012FE80 0062F8E7 00BAC1B8 0012FEC0
 006298FD 00000008 006251EA 006251E4 0012FEC4 006309CC 00000015 0012FEC4

Operating system:
 Name:     Windows
 Release:  6.1.7601 (Service Pack 1)
 Compiler: MSVC 1500

Configuration:
 Blitter:      8bpp-optimized
 Graphics set: OpenGFX (622)
 Language:     C:\Program Files\OpenTTD\lang\english_US.lng
 Music driver: dmusic
 Music set:    OpenMSX (96)
 Network:      no
 Sound driver: win32
 Sound set:    OpenSFX (87)
 Video driver: win32

AI Configuration (local: 0):
  0: Human

Libraries:
 FreeType:   2.4.4
 ICU:        4.4.2
 LZMA:       5.0.0
 LZO:        2.03
 PNG:        1.4.5
 Zlib:       1.2.5

Module information:
 C:\Program Files\OpenTTD\openttd.exe handle: 00400000 size: 8073728 crc: 668E2CE7 date: 2011-03-31 21:43:16
 C:\Windows\SYSTEM32\ntdll.dll handle: 76F60000 size: 1288488 crc: 4AF5D7E5 date: 2010-11-20 10:24:38
 C:\Windows\system32\kernel32.dll handle: 758B0000 size: 857600 crc: 7254951A date: 2010-11-20 10:19:28
 C:\Windows\system32\KERNELBASE.dll handle: 752A0000 size: 288256 crc: 5613EDEB date: 2010-11-20 10:19:28
 C:\Windows\system32\WINMM.dll handle: 737D0000 size: 194048 crc: 849223C7 date: 2010-11-20 10:21:38
 C:\Windows\system32\msvcrt.dll handle: 76210000 size: 690688 crc: 554C94A4 date: 2009-07-14 01:15:50
 C:\Windows\system32\USER32.dll handle: 75700000 size: 811520 crc: A7CBE597 date: 2010-11-20 10:21:34
 C:\Windows\system32\GDI32.dll handle: 762C0000 size: 304640 crc: 7034A7D3 date: 2010-11-20 10:19:06
 C:\Windows\system32\LPK.dll handle: 756C0000 size: 26624 crc: 13E68B63 date: 2009-07-14 01:15:36
 C:\Windows\system32\USP10.dll handle: 75810000 size: 626176 crc: A5ECB486 date: 2010-11-20 10:21:34
 C:\Windows\system32\WS2_32.dll handle: 757D0000 size: 206848 crc: FD00A753 date: 2010-11-20 10:21:40
 C:\Windows\system32\RPCRT4.dll handle: 75510000 size: 653312 crc: 859C9823 date: 2010-11-20 10:21:04
 C:\Windows\system32\NSI.dll handle: 770A0000 size: 8704 crc: 2ACE9671 date: 2009-07-14 01:16:11
 C:\Windows\system32\ADVAPI32.dll handle: 75BE0000 size: 640512 crc: 34D5363F date: 2010-11-20 10:18:04
 C:\Windows\SYSTEM32\sechost.dll handle: 756E0000 size: 92160 crc: B624B29A date: 2009-07-14 01:16:13
 C:\Windows\system32\SHELL32.dll handle: 76310000 size: 12872192 crc: 23AAF5A3 date: 2010-11-20 10:21:20
 C:\Windows\system32\SHLWAPI.dll handle: 75FC0000 size: 350208 crc: 23E05F73 date: 2010-11-20 10:21:20
 C:\Windows\system32\IMM32.DLL handle: 77170000 size: 118272 crc: B45269DC date: 2010-11-20 10:19:24
 C:\Windows\system32\MSCTF.dll handle: 76140000 size: 828928 crc: DFE09EEB date: 2009-07-14 01:15:43
 C:\Windows\system32\SHFolder.dll handle: 71880000 size: 7168 crc: 683AAC32 date: 2009-07-14 01:16:14
 C:\Windows\system32\ole32.dll handle: 753B0000 size: 1414144 crc: 74A1E844 date: 2010-11-20 10:20:50
 C:\Windows\system32\MMDevAPI.DLL handle: 73C80000 size: 213504 crc: 93C0AA4F date: 2010-11-20 10:19:40
 C:\Windows\system32\PROPSYS.dll handle: 73B80000 size: 988160 crc: 888D0BCB date: 2010-11-20 10:20:58
 C:\Windows\system32\OLEAUT32.dll handle: 760B0000 size: 571904 crc: 922A078B date: 2010-11-20 10:20:50
 C:\Windows\system32\wdmaud.drv handle: 73400000 size: 172032 crc: D5B9F5FA date: 2010-11-20 10:16:52
 C:\Windows\system32\ksuser.dll handle: 733F0000 size: 4608 crc: EBE07232 date: 2009-07-14 01:15:35
 C:\Windows\system32\AVRT.dll handle: 73D10000 size: 14336 crc: 9818237B date: 2009-07-14 01:14:58
 C:\Windows\system32\SETUPAPI.dll handle: 759C0000 size: 1667584 crc: 1D0104E8 date: 2010-11-20 10:21:16
 C:\Windows\system32\CFGMGR32.dll handle: 75250000 size: 145920 crc: 4DDC6E9A date: 2010-11-20 10:18:14
 C:\Windows\system32\DEVOBJ.dll handle: 75280000 size: 64512 crc: 2B501D62 date: 2009-07-14 01:15:11
 C:\Windows\system32\AUDIOSES.DLL handle: 732E0000 size: 195584 crc: 0A7E52B1 date: 2010-11-20 10:18:06
 C:\Windows\system32\msacm32.drv handle: 732D0000 size: 20992 crc: 73923147 date: 2009-07-14 01:14:08
 C:\Windows\system32\MSACM32.dll handle: 732B0000 size: 72192 crc: ABA25814 date: 2009-07-14 01:15:42
 C:\Windows\system32\midimap.dll handle: 732A0000 size: 16896 crc: C000494C date: 2009-07-14 01:15:40
 C:\Windows\system32\CRYPTBASE.dll handle: 75000000 size: 36864 crc: 00308E17 date: 2009-07-14 01:15:07
 C:\Windows\system32\CLBCatQ.DLL handle: 76020000 size: 522240 crc: 6C130B8A date: 2009-07-14 01:15:03
 C:\Windows\system32\uxtheme.dll handle: 74100000 size: 249856 crc: 1CD7BB78 date: 2009-07-14 01:16:17
 C:\Program Files\Common Files\microsoft shared\ink\tiptsf.dll handle: 6E6D0000 size: 348160 crc: 7D193B81 date: 2009-07-14 01:16:16
 C:\Windows\system32\dwmapi.dll handle: 73B60000 size: 67072 crc: FC7CA4B8 date: 2009-07-14 01:15:13
 C:\Windows\system32\version.dll handle: 745A0000 size: 21504 crc: 88D9D0F1 date: 2009-07-14 01:16:17
 C:\Windows\system32\oleacc.dll handle: 70F50000 size: 233472 crc: DCDB7650 date: 2009-07-14 01:16:12
 C:\Windows\System32\dmime.dll handle: 6EF00000 size: 179712 crc: 179D7CFB date: 2009-07-14 01:15:12
 C:\Windows\System32\DSOUND.dll handle: 70930000 size: 453632 crc: EC24F2F8 date: 2009-07-14 01:15:13
 C:\Windows\System32\POWRPROF.dll handle: 73A80000 size: 145408 crc: 9957ABF4 date: 2009-07-14 01:16:12
 C:\Windows\System32\dmusic.dll handle: 6EE60000 size: 101376 crc: F5D0AA6B date: 2009-07-14 01:15:12
 C:\Windows\system32\WINTRUST.dll handle: 75380000 size: 172032 crc: B7CADF2A date: 2010-11-20 10:21:38
 C:\Windows\system32\CRYPT32.dll handle: 75130000 size: 1154048 crc: 61BB81F2 date: 2010-11-20 10:18:26
 C:\Windows\system32\MSASN1.dll handle: 75120000 size: 34304 crc: BE7DA129 date: 2010-11-20 10:19:46
 C:\Windows\System32\dmsynth.dll handle: 6ED00000 size: 105472 crc: 3B102040 date: 2009-07-14 01:15:12
 C:\Windows\System32\dmloader.dll handle: 71BB0000 size: 38400 crc: 8A3F45D2 date: 2009-07-14 01:15:12
 C:\Windows\system32\mswsock.dll handle: 74AF0000 size: 232448 crc: 47C95B42 date: 2010-11-20 10:19:58
 C:\Windows\System32\wshtcpip.dll handle: 74630000 size: 9216 crc: BA963A19 date: 2009-07-14 01:16:20
 C:\Windows\System32\dmstyle.dll handle: 6EA70000 size: 105984 crc: 306B797C date: 2009-07-14 01:15:12
 C:\Windows\System32\dmband.dll handle: 6EED0000 size: 30720 crc: B880FDE2 date: 2009-07-14 01:15:12
 C:\Windows\System32\wship6.dll handle: 74AE0000 size: 10752 crc: 99DFC9DA date: 2009-07-14 01:16:20
 C:\Windows\system32\DNSAPI.dll handle: 749B0000 size: 270336 crc: C61A4A98 date: 2010-11-20 10:18:34
 C:\Windows\system32\IPHLPAPI.DLL handle: 73210000 size: 103936 crc: E8D425A2 date: 2010-11-20 10:19:24
 C:\Windows\system32\WINNSI.DLL handle: 72A40000 size: 16896 crc: 484CAF17 date: 2009-07-14 01:16:19
 C:\Windows\system32\rasadhlp.dll handle: 6F210000 size: 11776 crc: C799823B date: 2009-07-14 01:16:12
 C:\Windows\System32\fwpuclnt.dll handle: 72640000 size: 216576 crc: 8E8F779E date: 2010-11-20 10:19:04
 C:\Windows\WinSxS\x86_microsoft.windows.common-controls_6595b64144ccf1df_6.0.7601.17514_none_41e6975e2bd6f2b2\comctl32.dll handle: 74140000 size: 1680896 crc: C8DD191E date: 2010-11-20 09:55:10
 C:\Windows\system32\ntmarta.dll handle: 73D40000 size: 121856 crc: EE55B9FC date: 2009-07-14 01:16:11
 C:\Windows\system32\WLDAP32.dll handle: 770C0000 size: 269824 crc: 88472362 date: 2010-11-20 10:21:38
 C:\Windows\system32\CRYPTSP.dll handle: 74B30000 size: 78848 crc: 63C1B844 date: 2009-07-14 01:15:07
 C:\Windows\system32\rsaenh.dll handle: 748D0000 size: 242936 crc: 1C7C0295 date: 2009-07-14 01:17:54
 C:\Windows\system32\RpcRtRemote.dll handle: 750A0000 size: 46080 crc: 375FC97F date: 2010-11-20 10:21:04
 C:\Windows\system32\mssprxy.dll handle: 6FED0000 size: 35328 crc: F549BB70 date: 2009-07-14 01:15:48
 C:\Windows\system32\psapi.dll handle: 770B0000 size: 6144 crc: 25B988F9 date: 2009-07-14 01:16:12

---- gamelog start ----
Tick 36983: game loaded
     Revision text changed to 1.1.0, savegame version 160, not modified, _openttd_newgrf_version = 0x110056d0
     New game mode: 1 landscape: 2
Tick 37074: game loaded
     Revision text changed to 1.1.0, savegame version 160, not modified, _openttd_newgrf_version = 0x1108570a
     New game mode: 0 landscape: 2
---- gamelog end ----

*** End of OpenTTD Crash Report ***

Decoded stack trace:
[00] ???                  0x0044BED1
[01] ???                  0x0044C38B
[02] ???                  0x0044C765

*** End of additional info ***
