*** OpenTTD Crash Report ***

Crash at: Wed Apr 25 21:15:45 2012
In game date: 2051-05-09 (27)

Crash reason:
 Signal:  Aborted (6)
 Message: NOT_REACHED triggered at line 3226 of /home/felix/openttd_trunk/src/station_cmd.cpp

OpenTTD version:
 Version:    r24178M (2)
 NewGRF ver: 13005e72
 Bits:       64
 Endian:     little
 Dedicated:  no
 Build date: Apr 25 2012 23:08:41

Stacktrace:
 [00] ./bin/openttd(_ZNK12CrashLogUnix13LogStacktraceEPcPKc+0x3c) [0x6f215c]
 [01] ./bin/openttd(_ZNK8CrashLog12FillCrashLogEPcPKc+0xe8) [0x58bff8]
 [02] ./bin/openttd(_ZNK8CrashLog12MakeCrashLogEv+0x70) [0x58c0f0]
 [03] ./bin/openttd [0x6f20af]
 [04] /lib64/libc.so.6 [0x30e60302f0]
 [05] /lib64/libc.so.6(gsignal+0x35) [0x30e6030285]
 [06] /lib64/libc.so.6(abort+0x110) [0x30e6031d30]
 [07] ./bin/openttd [0x6d9b65]
 [08] ./bin/openttd [0x7bef99]
 [09] ./bin/openttd(_Z17CallLandscapeTickv+0x13) [0x62cac3]
 [10] ./bin/openttd(_Z13StateGameLoopv+0xa1a) [0x6dad0a]
 [11] ./bin/openttd(_Z8GameLoopv+0x127) [0x6dafa7]
 [12] ./bin/openttd(_ZN15VideoDriver_SDL8MainLoopEv+0x3e2) [0x852862]
 [13] ./bin/openttd(_Z8ttd_mainiPPc+0x11fd) [0x6dc30d]
 [14] /lib64/libc.so.6(__libc_start_main+0xf4) [0x30e601d994]
 [15] ./bin/openttd(__gxx_personality_v0+0x309) [0x4c3d89]

Operating system:
 Name:     Linux
 Release:  2.6.18-308.4.1.el5.centos.plus
 Version:  #1 SMP Tue Apr 17 21:00:16 EDT 2012
 Machine:  x86_64
 Compiler: GCC 4.1.2 "4.1.2 20080704 (Red Hat 4.1.2-52)"

Configuration:
 Blitter:      8bpp-optimized
 Graphics set: OpenGFX (974)
 Language:     /home/felix/openttd_trunk/bin/lang/german.lng
 Music driver: extmidi
 Music set:    OpenMSX (96)
 Network:      no
 Sound driver: sdl
 Sound set:    OpenSFX (87)
 Video driver: sdl

AI Configuration (local: 0):
  0: Human

Libraries:
 FontConfig: 2.4.1
 FreeType:   2.2.1
 ICU:        3.6
 LZMA:       4.999.9beta
 LZO:        2.06
 PNG:        1.2.10
 SDL:        1.2.10
 Zlib:       1.2.3

---- gamelog start ----
Tick 62675: game loaded
     Conversion from OTTD savegame without gamelog: version 4, 1
     Revision text changed to r24178M, savegame version 175, modified, _openttd_newgrf_version = 0x13005e72
     New game mode: 0 landscape: 1
---- gamelog end ----

*** End of OpenTTD Crash Report ***
