*** OpenTTD Crash Report ***

Crash at: Sun Apr 26 13:40:51 2015
In game date: 1953-10-30 (30)

Crash reason:
 Signal:  Bus error (10)
 Message: <none>

OpenTTD version:
 Version:    1.5.0 (0)
 NewGRF ver: 15086a51
 Bits:       64
 Endian:     little
 Dedicated:  no
 Build date: Apr 24 2015 10:38:03

Stacktrace:
 Not supported.

Operating system:
 Name:     FreeBSD
 Release:  10.1-RELEASE-p6
 Version:  FreeBSD 10.1-RELEASE-p6 #0: Tue Feb 24 19:00:21 UTC 2015     root@amd64-builder.daemonology.net:/usr/obj/usr/src/sys/GENERIC
 Machine:  amd64
 Compiler: GCC 4.2.1 "4.2.1 Compatible FreeBSD Clang 3.4.1 (tags/RELEASE_34/dot1-final 208032)"

Configuration:
 Blitter:      32bpp-anim
 Graphics set: OpenGFX (5580)
 Language:     /usr/local/share/openttd/lang/hungarian.lng
 Music driver: extmidi
 Music set:    NoMusic (0)
 Network:      no
 Sound driver: sdl
 Sound set:    NoSound (2)
 Video driver: sdl

Fonts:
 Small:  sprite
 Medium: sprite
 Large:  sprite
 Mono:   sprite

AI Configuration (local: 0):
  0: Human
  1: RoadRunner (v9)
 GS: Balanced_City_Growth (v3)

Libraries:
 FontConfig: 2.11.1
 FreeType:   2.5.5
 ICU:        55.1
 LZMA:       5.0.5
 LZO:        2.09
 PNG:        1.6.16
 SDL:        1.2.15
 Zlib:       1.2.8

---- gamelog start ----
Tick 0: new game started
Revision text changed to 1.5.0, savegame version 194, not modified, _openttd_newgrf_version = 0x15086a51
New game mode: 1 landscape: 0
---- gamelog end ----

*** End of OpenTTD Crash Report ***
