*** OpenTTD Crash Report ***

Crash at: Thu Dec 20 10:51:31 2012
In game date: 1959-05-16 (53)

Crash reason:
 Exception: C0000005
 Location:  000000014006E3D6
 Message:   <none>

OpenTTD version:
 Version:    1.2.3 (0)
 NewGRF ver: 12386051
 Bits:       64
 Endian:     little
 Dedicated:  no
 Build date: Oct 31 2012 21:47:16

Registers:
 RAX: 0000000000000000 RBX: 0000000001CDEDF0 RCX: 0000000000000000 RDX: 4065736142746542
 RSI: 0000000000000000 RDI: 000000000000B0B7 RBP: 0000000004E2DA08 RSP: 000000000021EE10
 R8:  00000001408C1DB0 R9:  FFFFFFFFFFFFFDE8 R10: E368564D55403E2D R11: 000000000021EDE0
 R12: 00000001408C1DB0 R13: 00000001408C1D88 R14: 0000000000000000 R15: 0000000000000001
 RIP: 000000014006E3D6 EFLAGS: 00010246

 Bytes at instruction pointer:
 0F 95 C0 3B C8 0F 84 81 00 00 00 39 73 70 76 1F 48 8B 4B 68 48 39 31 74

Stack trace:
 00000001 00000000 01CDEDF0 00000000 00000000 00000000 3FFCCEF7 00000001
 00000000 00000000 04E2DA08 00000000 008FF545 00000000 40010CC0 00000001
 01CDEDF0 00000000 00000001 00000000 0000B0B7 00000000 00000000 00000000
 008FF500 00000000 3FFE21FD 00000001 008FF500 00000000 00000001 00000000
 00000001 00000000 0000B0B7 00000000 00000000 00000000 408CC400 00000001
 408F7F7C 00000001 00210001 00000000 4080DDC0 00000001 0000052F 00000000
 FFFFFFFE FFFFFFFF 00000000 00000000 00000000 00000000 00000001 0000000B
 00000000 00000000 775E1225 00000000 00000070 00000000 FFFFFFFF FFFFFFFF
 FFFFFFFF FFFFFFFF 770D9B43 00000000 0021EF58 00000000 00000030 00000002
 770E8BCA 00000000 0021EFB8 00000000 00000002 00000000 0021EF88 00000000
 00000001 00000000 008856D0 00000000 00000084 00000000 00000000 00000000
 032E06D2 00000000 401BD464 00000001 775D1500 00000000 401BCE57 00000001
 00010152 00000000 0021F200 00000000 00000001 00000000 770D6840 00000000
 000006D2 0000032E 00000000 00000016 00000113 00000000 00000000 00000000
 00000000 00000000 770D92F1 00000000 0021F200 00000000 00000001 00000000
 008FF563 00000000 00000000 00000000 008FF545 00000000 3FFE244B 00000001
 008FF500 00000000 008FF500 00000000 0021F200 00000000 000005C0 00000562
 00000048 00000000 00000001 00000002 00000000 00000000 00000000 00000000
 00000070 00000000 FFFFFFFF FFFFFFFF C00000BB FFFFFFFF 00000000 00000000
 770D92F1 00000000 FDC11203 000007FE 0021F138 00000000 00000000 00000000
 00000000 00000000 770D9A1E 00000000 FFFFD8F0 FFFFFFFF 0021F0A0 00000000
 00000048 00000000 00000001 00000000 00000000 00000000 00000000 00000000
 00000000 00000000 00000000 00000000 00000000 00000000 FE7311AD 000007FE
 00000000 00000000 00000000 00000000 008FF526 00000000 008FF544 00000000

Operating system:
 Name:     Windows
 Release:  6.1.7601 (Service Pack 1)
 Compiler: MSVC 1600

Configuration:
 Blitter:      8bpp-optimized
 Graphics set: OpenGFX (974)
 Language:     C:\Program Files\OpenTTD\lang\english_US.lng
 Music driver: win32
 Music set:    OpenMSX (96)
 Network:      no
 Sound driver: win32
 Sound set:    OpenSFX (87)
 Video driver: win32

AI Configuration (local: 0):
  0: Human

Libraries:
 FreeType:   2.4.5
 ICU:        4.4.2
 LZMA:       5.0.3
 LZO:        2.05
 PNG:        1.5.4
 Zlib:       1.2.5

Module information:
 C:\Program Files\OpenTTD\openttd.exe handle: 000000013FFA0000 size: 9872384 crc: 9DD5C297 date: 2012-10-31 21:50:56
 C:\Windows\SYSTEM32\ntdll.dll handle: 0000000077590000 size: 1731936 crc: 7AB8D690 date: 2010-11-21 03:23:51
 C:\Windows\system32\kernel32.dll handle: 00000000771C0000 size: 1161216 crc: 2FA6DA84 date: 2010-11-21 03:24:07
 C:\Windows\system32\KERNELBASE.dll handle: 000007FEFDC10000 size: 419840 crc: 54E131D4 date: 2010-11-21 03:24:26
 C:\Windows\system32\WINMM.dll handle: 000007FEF7BC0000 size: 217600 crc: 7BC1529F date: 2009-07-14 01:41:56
 C:\Windows\system32\msvcrt.dll handle: 000007FEFE590000 size: 634880 crc: 7F3E716F date: 2009-07-14 01:41:32
 C:\Windows\system32\USER32.dll handle: 00000000770C0000 size: 1008128 crc: 70FF7D7F date: 2010-11-21 03:24:09
 C:\Windows\system32\GDI32.dll handle: 000007FEFE730000 size: 403968 crc: 3D5BC405 date: 2010-11-21 03:24:03
 C:\Windows\system32\LPK.dll handle: 000007FEFE700000 size: 41984 crc: 350AF03B date: 2009-07-14 01:41:19
 C:\Windows\system32\USP10.dll handle: 000007FEFE630000 size: 800256 crc: B511F4B9 date: 2010-11-21 03:24:08
 C:\Windows\system32\WS2_32.dll handle: 000007FEFF850000 size: 297984 crc: 0F68689B date: 2010-11-21 03:24:28
 C:\Windows\system32\RPCRT4.dll handle: 000007FEFE460000 size: 1219584 crc: 5217F07C date: 2010-11-21 03:24:02
 C:\Windows\system32\NSI.dll handle: 000007FEFF7C0000 size: 13824 crc: 53B46F6C date: 2009-07-14 01:41:53
 C:\Windows\system32\ADVAPI32.dll handle: 000007FEFDF40000 size: 877056 crc: FA615A20 date: 2009-07-14 01:40:01
 C:\Windows\SYSTEM32\sechost.dll handle: 000007FEFE710000 size: 113664 crc: 978CFAE5 date: 2009-07-14 01:41:53
 C:\Windows\system32\SHELL32.dll handle: 000007FEFE7A0000 size: 14174208 crc: EA53E806 date: 2010-11-21 03:23:55
 C:\Windows\system32\SHLWAPI.dll handle: 000007FEFF530000 size: 448512 crc: 086DF743 date: 2010-11-21 03:24:22
 C:\Windows\system32\IMM32.DLL handle: 000007FEFF5B0000 size: 167424 crc: 41B2805A date: 2009-07-14 01:41:09
 C:\Windows\system32\MSCTF.dll handle: 000007FEFE020000 size: 1067008 crc: 798DDDA0 date: 2009-07-14 01:41:28
 C:\Windows\system32\SHFolder.dll handle: 000007FEFBD30000 size: 10240 crc: 08A48DE3 date: 2009-07-14 01:41:54
 C:\Windows\system32\ole32.dll handle: 000007FEFE1D0000 size: 2086912 crc: 72F91CD0 date: 2010-11-21 03:23:48
 C:\Windows\system32\uxtheme.dll handle: 000007FEFC2E0000 size: 332288 crc: B0A13DF9 date: 2009-07-14 01:41:56
 C:\Windows\system32\dwmapi.dll handle: 000007FEFBEB0000 size: 82432 crc: A459F360 date: 2009-07-14 01:40:34
 C:\Windows\system32\CRYPTBASE.dll handle: 000007FEFD8E0000 size: 44032 crc: F547C16E date: 2009-07-14 01:40:24
 C:\Windows\system32\mswsock.dll handle: 000007FEFD220000 size: 326144 crc: 136B1525 date: 2010-11-21 03:24:00
 C:\Windows\System32\wshtcpip.dll handle: 000007FEFCC20000 size: 13312 crc: 5D1E2C55 date: 2009-07-14 01:41:58
 C:\Windows\system32\MMDevAPI.DLL handle: 000007FEFBED0000 size: 284160 crc: CDF2EF81 date: 2009-07-14 01:41:26
 C:\Windows\system32\PROPSYS.dll handle: 000007FEFC4E0000 size: 1212416 crc: B83FA3BE date: 2010-11-21 03:23:55
 C:\Windows\system32\OLEAUT32.dll handle: 000007FEFDDC0000 size: 861696 crc: 5E0F5F12 date: 2010-11-21 03:23:51
 C:\Windows\system32\wdmaud.drv handle: 000007FEFA8B0000 size: 217088 crc: 12829973 date: 2010-11-21 03:24:32
 C:\Windows\system32\ksuser.dll handle: 00000000734B0000 size: 5120 crc: AA2071D9 date: 2009-07-14 01:41:13
 C:\Windows\system32\AVRT.dll handle: 000007FEFB950000 size: 18432 crc: 5CE53CB7 date: 2009-07-14 01:40:05
 C:\Windows\system32\SETUPAPI.dll handle: 000007FEFF5E0000 size: 1900544 crc: A364BD6A date: 2010-11-21 03:24:28
 C:\Windows\system32\CFGMGR32.dll handle: 000007FEFDC80000 size: 207872 crc: 1984C339 date: 2010-11-21 03:24:00
 C:\Windows\system32\DEVOBJ.dll handle: 000007FEFDDA0000 size: 93184 crc: A7541AE2 date: 2009-07-14 01:40:28
 C:\Windows\system32\AUDIOSES.DLL handle: 000007FEFA860000 size: 296448 crc: 90389554 date: 2010-11-21 03:24:32
 C:\Windows\system32\msacm32.drv handle: 000007FEFA850000 size: 25600 crc: 2B579A05 date: 2009-07-14 01:38:50
 C:\Windows\system32\MSACM32.dll handle: 000007FEF9EB0000 size: 83456 crc: 3D67538B date: 2009-07-14 01:41:27
 C:\Windows\system32\midimap.dll handle: 000007FEF7BB0000 size: 20480 crc: CB902A13 date: 2009-07-14 01:41:23
 C:\Windows\system32\CLBCatQ.DLL handle: 000007FEFE130000 size: 607744 crc: 939E35C9 date: 2009-07-14 01:40:15
 C:\Windows\system32\mciseq.dll handle: 000007FEF94F0000 size: 28672 crc: 61BC1358 date: 2009-07-14 01:41:21
 C:\Windows\system32\psapi.dll handle: 0000000077760000 size: 9216 crc: 84B5E9BA date: 2009-07-14 01:41:53

---- gamelog start ----
Tick 0: new game started
     Revision text changed to 1.2.3, savegame version 174, not modified, _openttd_newgrf_version = 0x12386051
     New game mode: 1 landscape: 0
---- gamelog end ----

*** End of OpenTTD Crash Report ***

Decoded stack trace:
[00] openttd              0x000000014006E3D6
[01] openttd              0x0000000140010CC0
[02] openttd              0x000000013FFE21FD
[03] openttd              0x000000013FFE244B
[04] openttd              0x00000001401BE3B5
[05] openttd              0x000000013FFE0DE3
[06] openttd              0x00000001401C08CE
[07] openttd              0x00000001402BB9AC
[08] kernel32             0x00000000771D652D BaseThreadInitThunk + 13
[09] ntdll                0x00000000775BC521 RtlUserThreadStart + 33

*** End of additional info ***
