*** OpenTTD Crash Report ***

Crash at: Fri Jan  1 18:49:07 2010

Crash reason:
 Signal:  Segmentation fault (11)
 Message: <none>

OpenTTD version:
 Version:    r18669 (0)
 NewGRF ver: 100048ed
 Bits:       64
 Endian:     little
 Dedicated:  no
 Build date: Jan  1 2010 19:30:10


Stacktrace:
 [00] openttd              0x000000010017891d (CrashLog::FillCrashLog(char*, char const*) const + 253)
 [01] openttd              0x0000000100255ce7 (HandleCrash(int) + 215)
 [02] libSystem.B.dylib    0x00007fff870eeeaa (_sigtramp + 26)
 [03] ???                  0x0000000000000004
 [04] openttd              0x00000001001f258b (NetworkUndrawChatMessage() + 235)
 [05] openttd              0x00000001001a77bc (RedrawScreenRect(int, int, int, int) + 348)
 [06] openttd              0x00000001001a7c99 (DrawDirtyBlocks() + 1161)
 [07] openttd              0x0000000100395251 (UpdateWindows() + 193)
 [08] openttd              0x0000000100379bb4 (VideoDriver_SDL::MainLoop() + 1876)
 [09] openttd              0x0000000100249c95 (ttd_main(int, char**) + 5381)
 [10] openttd              0x0000000100256b8a (SDL_main + 106)
 [11] openttd              0x000000010039e480 (-[SDLMain applicationDidFinishLaunching:] + 48)
 [12] Foundation           0x00007fff80abf85a (_nsnote_callback + 167)
 [13] CoreFoundation       0x00007fff80874e3a (__CFXNotificationPost + 954)
 [14] CoreFoundation       0x00007fff808613e8 (_CFXNotificationPostNotification + 200)
 [15] Foundation           0x00007fff80ab67c4 (-[NSNotificationCenter postNotificationName:object:userInfo:] + 101)
 [16] AppKit               0x00007fff84cab772 (-[NSApplication _postDidFinishNotification] + 100)
 [17] AppKit               0x00007fff84cab6a7 (-[NSApplication _sendFinishLaunchingNotification] + 66)
 [18] AppKit               0x00007fff84d76645 (-[NSApplication(NSAppleEventHandling) _handleAEOpen:] + 219)
 [19] AppKit               0x00007fff84d762c1 (-[NSApplication(NSAppleEventHandling) _handleCoreEvent:withReplyEvent:] + 77)
 [20] Foundation           0x00007fff80aee156 (-[NSAppleEventManager dispatchRawAppleEvent:withRawReply:handlerRefCon:] + 360)
 [21] Foundation           0x00007fff80aedf86 (_NSAppleEventManagerGenericHandler + 114)
 [22] AE                   0x00007fff85acd292 (aeDispatchAppleEvent(AEDesc const*, AEDesc*, unsigned int, unsigned char*) + 162)
 [23] AE                   0x00007fff85acd18b (dispatchEventAndSendReply(AEDesc const*, AEDesc*) + 32)
 [24] AE                   0x00007fff85acd095 (aeProcessAppleEvent + 210)
 [25] HIToolbox            0x00007fff82e7e879 (AEProcessAppleEvent + 48)
 [26] AppKit               0x00007fff84c7b3d5 (_DPSNextEvent + 1191)
 [27] AppKit               0x00007fff84c7ab41 (-[NSApplication nextEventMatchingMask:untilDate:inMode:dequeue:] + 155)
 [28] AppKit               0x00007fff84c40747 (-[NSApplication run] + 395)
 [29] openttd              0x000000010039ead3 (main + 1299)
 [30] openttd              0x000000010008b128 (start + 52)
 [31] ???                  0x0000000000000001

Operating system:
 Name:    Mac OS X
 Release: 10.6.2
 Machine: Intel 80486
 Min Ver: 1050

Configuration:
 Blitter:      32bpp-anim
 Graphics set: OpenGFX
 Language:     german.lng
 Music driver: cocoa
 Music set:    NoMusic
 Sound driver: cocoa
 Sound set:    OpenSFX
 Video driver: sdl

AI Configuration:
  0: Human

Libraries:
 FreeType:   2.3.11
 ICU:        4.2.1
 PNG:        1.2.40
 SDL:        1.2.14

---- gamelog start ----
Tick 0: new game started
     Revision text changed to r18529, savegame version 132, not modified, _openttd_newgrf_version = 0x08004861
     New game mode: 1 landscape: 1
     Added NewGRF: GRF ID 4D470501, checksum 921D08A4B3430BDCC14715B6A1288350, filename: ottdc_grfpack/z_legacy7.2/0_info.grf
     Added NewGRF: GRF ID 424B5461, checksum D8B7E0175E66D485634CFEA8CAE2ACC6, filename: ottdc_grfpack/4_infrastructure/bktun/BKTunw.grf
     Added NewGRF: GRF ID 58534602, checksum 181DF5910D8F6B29E3D2940DEDE43042, filename: ottdc_grfpack/4_infrastructure/found/found.grf
     Added NewGRF: GRF ID 74677462, checksum A2396FFDCC0F1BA37A2A89EF525CDF21, filename: ottdc_grfpack/4_infrastructure/totalbridges/total_bridges.grf
     Added NewGRF: GRF ID 52455400, checksum 1600687C50C5AB1E72EDD487CAD50E2A, filename: ottdc_grfpack/7_stations/ae_city/ae_cityw.GRF
     Added NewGRF: GRF ID 52455200, checksum 0E5A9C5ACD2BCAF7FA0658C3F905A660, filename: ottdc_grfpack/7_stations/ae_rura/ae_ruraw.GRF
     Added NewGRF: GRF ID 52455300, checksum 37C0B839B13C4B18051580C81EEDF427, filename: ottdc_grfpack/7_stations/ae_subu/ae_subuw.GRF
     Added NewGRF: GRF ID 45520102, checksum 1406B06F6475037445A944963CA6D5CE, filename: ottdc_grfpack/7_stations/basic_platforms/basic_platformsw.grf
     Added NewGRF: GRF ID 45520400, checksum 1D00426064137AA49B6FC4F4BCFF173F, filename: ottdc_grfpack/7_stations/brickfreight/brickfreightw.GRF
     Added NewGRF: GRF ID 504E0002, checksum 6E6944E09CE6C3AC130DF72C542EE4B1, filename: ottdc_grfpack/7_stations/buffers/buffers.grf
     Added NewGRF: GRF ID 43415463, checksum 422B1603DC1CEDA4E59E715E12EAD332, filename: ottdc_grfpack/7_stations/canstn/canstnw.grf
     Added NewGRF: GRF ID 45530400, checksum 1D13F6976C0C032F3FB8F76B84B6EBA8, filename: ottdc_grfpack/7_stations/jpstats/jpstatsw.grf
     Added NewGRF: GRF ID 58534453, checksum 2E100BCA91DB8371CD9D57DBEC3AB0C8, filename: ottdc_grfpack/7_stations/dutchstat/dutchstatw.grf
     Added NewGRF: GRF ID 4A430002, checksum 0728ADCB4DF2F1EB9247ABD449296F4E, filename: ottdc_grfpack/z_obsolete/indstatr/indstatrw_063.grf
     Added NewGRF: GRF ID 45520500, checksum 7E30CA79D5A8B3A6CBE873E26096D7D2, filename: ottdc_grfpack/7_stations/modernsuburban/modernsuburbanw.GRF
     Added NewGRF: GRF ID 6D620601, checksum 44EB2F155862E4D4F0AB671D7021AF54, filename: ottdc_grfpack/7_stations/newstats/newstatsw.grf
     Added NewGRF: GRF ID 19060801, checksum 6CFC6328D999C140851BFE6514BA277A, filename: bigger_depots.0.3/bigdepot.grf
     Added NewGRF: GRF ID 504E0001, checksum E7781323D2B0086E2E76342DAA036054, filename: ottdc_grfpack/7_stations/ukwaypoints/ukwaypointsw.grf
     Added NewGRF: GRF ID 54570200, checksum 3DEB9B30A6254AE8606A5A9A99A9A696, filename: ottdc_grfpack/7_stations/usstats/usstatsw.grf
     Added NewGRF: GRF ID 52571201, checksum C1C7D8C53EB7E74EEE2F0EF29638B466, filename: ottdc_grfpack/8_vehicles/road_vehicles/grvts/egrvts.grf
     Added NewGRF: GRF ID 6D620004, checksum 70649F1AFC954942173B0AA89C1E8B14, filename: ottdc_grfpack/8_vehicles/ships/newships/newshipsw.grf
     Added NewGRF: GRF ID 44440A01, checksum D48D7AD02CA355B92FAE081DC4A36868, filename: ottdc_grfpack/8_vehicles/planes/pb_av8/pb_av8w.grf
     Added NewGRF: GRF ID 43414E61, checksum 3233EAB371490D899A348A0AE8C59591, filename: ottdc_grfpack/z_legacy7.2/1_other/townnames/canadian/CaNames.grf
     Added NewGRF: GRF ID 4D413032, checksum EB482BE1789BC292CD6CAC011F2932C3, filename: ottdc_grfpack/8_vehicles/trains_wagons/empty/empty.grf
     Added NewGRF: GRF ID 54560103, checksum 381A11BC5B0F0489B410A0A3B4967844, filename: ottdc_grfpack/2_landscape/smoothsnow/smoothsnoww.grf
     Added NewGRF: GRF ID 44440302, checksum 439275017478C2E5E7AA25F5E191903D, filename: ottdc_grfpack/8_vehicles/trains_wagons/nars2/nars2w.grf
     Added NewGRF: GRF ID 41424631, checksum C3BCFB890BE4207032E5B94889DDBC33, filename: ottdc_grfpack/6_town_buildings/partysquare/partysquare.grf
Tick 0: game loaded
     Revision text changed to r18577, savegame version 132, not modified, _openttd_newgrf_version = 0x08004891
Tick 47: game loaded
     Revision text changed to r18669, savegame version 132, modified, _openttd_newgrf_version = 0x100048ed
Tick 56599: game loaded
     Revision text changed to r18669, savegame version 132, not modified, _openttd_newgrf_version = 0x100048ed
---- gamelog end ----

*** End of OpenTTD Crash Report ***
