*** OpenTTD Crash Report ***
Date: 2008-01-11 12:45:17
Build: 0.6.0-beta2 built on Dec  9 2007 22:47:34
Reason: !String 0xC2D4 is invalid. Probably because an old version of the .lng file.

Exception C0000005 at 00423885
Registers:
 EAX: 0012EF80 EBX: 00000001 ECX: 00000FFB EDX: 000F0001
 ESI: 00000200 EDI: 000002D4 EBP: 0012F180 ESP: 0012EF78
 EIP: 00423885 EFLAGS: 00010246

Bytes at CS:EIP:
 C6 05 00 00 00 00 00 8B 0D 48 50 5A 00 85 C9 74 05 8B 01 FF 50 04 68 2C

Stack trace: 
 FFFFFFFE 0012F908 72745321 20676E69 32437830 69203444 6E692073 696C6176
 50202E64 61626F72 20796C62 61636562 20657375 6F206E61 7620646C 69737265
 6F206E6F 68742066 6C2E2065 6620676E 2E656C69 0000000A 0012F2CC 004335AD
 005965CC 0012F5DC 0012FA17 00000000 0012F827 00000000 00CA961D 0012F398
 0050CA1B 00000000 00000000 00000000 004322E5 00000001 00000000 0000000A
 00000000 0012F8DB 0012F34C 0012FACF 00000000 00000000 004322E5 00000003
 0012FA87 00000000 0012F33C 004335AD 005965CC 0012F64C 0012FA87 00000000
 0012F8A1 00000000 00CA961D 0012F408 0012FAF7 00000000 0012F36C 004335AD
 0012F8FB 0012F6B4 0012FAF7 00000045 58114902 00000000 00CB2A69 0012F380
 0012F1B4 00000000 01000000 0012F160 43695A40 00000000 00000000 00695A94
 0012F9FF 0000006E 0012F3BC 004335AD 0000033D FFFFFFE6 0012F800 0012F40C
 0012F80E 00000000 00CA3B97 005DF2E8 00000345 00000000 00677938 00000150
 004B5A56 0012F32F 0000001C 0012F63C 0012F87B 0012F330 004320A2 005DF2F8
 00677938 00000150 004B5A56 0012F357 0000001C 0012F664 0012F8A3 0012F358
 004320A2 005DF2F8 00000000 0012FA9F 0012F8A3 0012F664 0012FA9F 0012F378
 208281EE 736E6F74 00677884 0000009C 004B5A56 0012F39F 0000000D 0012F6AC
 0012F8EB 0012F3A0 0012F3A0 00432031 0057EFC8 0000C2D4 0012F908 0012F6AC
 0012FAE7 0000000A 208281EE 656C6162 666F2073 6F6F7720 7263006C 0073706F
 000003E9 FFFFFFE6 0012F6F0 005DF2E8 0012F6F6 00000000 00CA4EF7 005DF2E8
 0012F5E8 00000000 0012F5E7 00BCBE08 6C617449 006E6169 63697265 00006E61
 296C616E 0012F60C 00433C32 0012F60B 00BCBE02 6D726547 61006E61 6369006E
 6F006E61 296C616E 00000000 00000000 00000000 00000000 00000000 00000000
 00000000 00000000 00000000 00000000 00000000 43444631 33313331 00000000
 31393200 30323331 0012F2A4 D5240736 D5240732 0012F2B0 005070D2 0012F290

Module information:
 C:\Program Files\OpenTTD\openttd.exe handle: 00400000 size: 1751040 crc: ED0BA8D6 date: 2007-12-09 21:50:02
 C:\WINDOWS\system32\ntdll.dll handle: 7C900000 size: 708096 crc: A5A50370 date: 2004-08-04 10:00:00
 C:\WINDOWS\system32\kernel32.dll handle: 7C800000 size: 984576 crc: 2CCFBF2B date: 2007-04-16 15:52:53
 C:\WINDOWS\system32\WINMM.dll handle: 76B40000 size: 176128 crc: 123646FA date: 2004-08-04 10:00:00
 C:\WINDOWS\system32\USER32.dll handle: 7E410000 size: 577536 crc: DF3237C6 date: 2007-03-08 15:36:28
 C:\WINDOWS\system32\GDI32.dll handle: 77F10000 size: 282112 crc: F0029774 date: 2007-06-19 13:31:19
 C:\WINDOWS\system32\ADVAPI32.dll handle: 77DD0000 size: 616960 crc: 5E7A2F0A date: 2004-08-04 10:00:00
 C:\WINDOWS\system32\RPCRT4.dll handle: 77E70000 size: 584192 crc: B1CE66F6 date: 2007-07-09 13:09:42
 C:\WINDOWS\system32\Secur32.dll handle: 77FE0000 size: 55808 crc: 5A32C057 date: 2004-08-04 10:00:00
 C:\WINDOWS\system32\WS2_32.dll handle: 71AB0000 size: 82944 crc: 9738CC56 date: 2004-08-04 10:00:00
 C:\WINDOWS\system32\msvcrt.dll handle: 77C10000 size: 343040 crc: 5298C0C5 date: 2004-08-04 10:00:00
 C:\WINDOWS\system32\WS2HELP.dll handle: 71AA0000 size: 19968 crc: F5DD5AB6 date: 2004-08-04 10:00:00
 C:\WINDOWS\system32\IMM32.DLL handle: 76390000 size: 110080 crc: FD65A0DD date: 2004-08-04 10:00:00
 C:\WINDOWS\system32\SHFolder.dll handle: 76780000 size: 25088 crc: 2EC7582B date: 2004-08-04 10:00:00
 C:\WINDOWS\system32\SHLWAPI.dll handle: 77F60000 size: 474112 crc: 44116647 date: 2007-06-15 08:12:30
 C:\WINDOWS\WinSxS\x86_Microsoft.Windows.Common-Controls_6595b64144ccf1df_6.0.2600.2982_x-ww_ac3f9c03\comctl32.dll handle: 773D0000 size: 1054208 crc: 58D6578C date: 2006-08-25 13:45:56
 C:\WINDOWS\system32\comctl32.dll handle: 5D090000 size: 617472 crc: 232F6674 date: 2006-08-25 15:45:58
 C:\WINDOWS\system32\wdmaud.drv handle: 72D20000 size: 23552 crc: 982E84EE date: 2004-08-04 10:00:00
 C:\WINDOWS\system32\WINTRUST.dll handle: 76C30000 size: 176640 crc: 88D208BD date: 2004-08-04 10:00:00
 C:\WINDOWS\system32\CRYPT32.dll handle: 77A80000 size: 597504 crc: 971ECFAA date: 2004-08-04 10:00:00
 C:\WINDOWS\system32\MSASN1.dll handle: 77B20000 size: 57344 crc: D5127637 date: 2004-08-04 10:00:00
 C:\WINDOWS\system32\IMAGEHLP.dll handle: 76C90000 size: 144384 crc: 714A70BC date: 2004-08-04 10:00:00
 C:\WINDOWS\system32\msacm32.drv handle: 72D10000 size: 20480 crc: D5406BAE date: 2004-08-04 10:00:00
 C:\WINDOWS\system32\MSACM32.dll handle: 77BE0000 size: 71680 crc: 6A21891E date: 2004-08-04 10:00:00
 C:\WINDOWS\system32\midimap.dll handle: 77BD0000 size: 18944 crc: 502B5282 date: 2004-08-04 10:00:00
 C:\WINDOWS\system32\uxtheme.dll handle: 5AD70000 size: 218624 crc: 5AA98F22 date: 2004-08-04 10:00:00
 C:\WINDOWS\system32\MSCTF.dll handle: 74720000 size: 294400 crc: BBD2E653 date: 2004-08-04 10:00:00
 C:\WINDOWS\system32\msctfime.ime handle: 755C0000 size: 177152 crc: 6A712F98 date: 2004-08-04 10:00:00
 C:\WINDOWS\system32\ole32.dll handle: 774E0000 size: 1285120 crc: AD325A7F date: 2005-07-26 04:39:48
 C:\WINDOWS\system32\mswsock.dll handle: 71A50000 size: 245248 crc: E2309390 date: 2004-08-04 10:00:00
 C:\WINDOWS\system32\hnetcfg.dll handle: 662B0000 size: 344064 crc: 6CF15ACF date: 2004-08-04 10:00:00
 C:\WINDOWS\System32\wshtcpip.dll handle: 71A90000 size: 19968 crc: B88CC0E5 date: 2004-08-04 10:00:00
 C:\WINDOWS\system32\OLEAUT32.DLL handle: 77120000 size: 549376 crc: 5A89C9E1 date: 2007-05-17 11:28:05
 C:\WINDOWS\system32\mciseq.dll handle: 61D70000 size: 23040 crc: 0D33FD94 date: 2004-08-04 10:00:00
 C:\WINDOWS\system32\psapi.dll handle: 76BF0000 size: 23040 crc: 97A44A88 date: 2004-08-04 10:00:00

System information:
 Windows version 5.1 2600 S
