*** OpenTTD Crash Report ***

Crash at: Mon Mar 08 15:55:57 2010
In game date: 1956-09-01 (22)

Crash reason:
 Exception: C0000005
 Location:  00000002
 Message:   <none>

OpenTTD version:
 Version:    r19312-1.0 (0)
 NewGRF ver: 10004b70
 Bits:       32
 Endian:     little
 Dedicated:  no
 Build date: Mar  8 2010 12:05:16

Registers:
 EAX: 00000001 EBX: 0022F114 ECX: 00000002 EDX: 474E5543
 ESI: 00000000 EDI: 0B2A0C98 EBP: 0022F128 ESP: 0022F0EC
 EIP: 00000002 EFLAGS: 00010202

 Bytes at instruction pointer:
 ?? ?? ?? ?? ?? ?? ?? ?? ?? ?? ?? ?? ?? ?? ?? ?? ?? ?? ?? ?? ?? ?? ?? ??

Stack trace:
 00657ADC 00000001 00000001 432B2B00 474E5543 0B2A0C98 0022F114 0046F810
 0022F1FC 00000000 0022F64C 0022F1FC 0B2A0C98 00000000 0B2A0C98 0022F158
 0065802A 0B2A0C98 0075A034 0022F14C 00630AF0 0022F0F0 0022F0E0 00756BFC
 0B2A0C98 0084D840 00000000 0022F178 0062E3BE 0B2A0C98 00000000 0022F2B8
 0022F1FC 0A3BEF58 0A37BB50 0022F2B8 004396DB 0B2A0C98 0AC61318 0022F258
 0044363F 0022F1FC 0A40C308 00000001 00000002 00000001 00000001 0A4384C8
 0022F1E0 0062E069 00000000 00000000 00000001 0075644E 00000000 00756448
 00000005 00000010 0A37BBA8 0A40C308 0AC22160 0B2A0C98 00000001 00000001
 0022F4DB 0022F530 0A37BB50 00000001 0022F64C 00000001 0B2A0C98 00000001
 0022F240 0062E069 0062DBA0 00756B40 0022F2A0 00439024 0022F180 00000001
 0022F4DC 08000100 0AE960F0 432B2B00 474E5543 05000002 01000002 00756C60
 0AC22128 0A37BBA8 0A5FCF80 0022F2B8 00443DDD 00000000 00000000 08000200
 0A3BEF58 00000000 00000000 00000006 0000000C 00000000 00000001 00000000
 00000000 08000200 0A3BEF58 00000000 0000000B 0000000A 00000000 0A37BBA8
 0A5FCEE8 0A37BB50 00000011 0022F568 0043FFA5 0A37BB50 0A3BEF58 00000002
 0000000B 0022F530 0022F4DB 765D7209 765D71F1 00000000 0022F30C 765D697E
 765D6ADA 89010F88 89010F88 0022F7A4 0185000F 00000000 00000001 00000000
 0022F31C 765D6A3E 89010F88 00010000 76A07B7F 006103D2 00160556 0022F7A4
 00000001 000003C2 00000242 89010F88 0AC22178 0AC22100 0000000B 0AB54F60
 0AB54F60 00000000 0B241A50 0022F3C8 0070161C 00804700 00000004 0185000F
 0A4ABEF0 0B241A58 0AB54F68 0AFEFE40 0AC66530 0000001C 00000005 00000000
 00010001 0AFEFE40 00000000 0A4ABEF0 0ABD39B0 0AB54F68 0A4ABED8 0ABD39B0
 0AC26250 00000000 00000000 00000000 0B241A50 00000014 0B241A50 0022F4C8
 00700922 0A37BBA8 0B241A50 00000000 00000004 00010D27 0A37BBA8 0022F490

Operating system:
 Name:     Windows
 Release:  6.1.7600 ()
 Compiler: GCC 3.4.2 "3.4.2 (mingw-special)"

Configuration:
 Blitter:      32bpp-optimized
 Graphics set: OpenGFX
 Language:     english.lng
 Music driver: win32
 Music set:    NoMusic
 Network:      no
 Sound driver: win32
 Sound set:    NoSound
 Video driver: win32

AI Configuration (local: 0):
  0: Human
  1: Trans (v100307)
  2: TransCargo (v1)
  3: rocketAI (v1)
  4: TownCars (v4)
  5: TrueAncestor (v1)
  6: Denver & Rio Grande (v1)
  7: PathZilla (v6)

Libraries:
 LZO:        2.03
 PNG:        1.2.8
 Zlib:       1.2.3

Module information:
 C:\bottd2\msys\home\DELL\ottd\bin\openttd.exe handle: 00400000 size: 39618203 crc: C49CDBAB date: 2010-03-08 05:11:30
 C:\Windows\SYSTEM32\ntdll.dll handle: 77D10000 size: 1286144 crc: D1A0A49D date: 2009-07-14 01:17:51
 C:\Windows\system32\kernel32.dll handle: 76F50000 size: 857088 crc: 1DC306D9 date: 2009-12-08 11:33:31
 C:\Windows\system32\KERNELBASE.dll handle: 76020000 size: 288256 crc: 37432389 date: 2009-07-14 01:15:35
 C:\Windows\system32\GDI32.dll handle: 765D0000 size: 304640 crc: 252D0177 date: 2009-07-14 01:15:22
 C:\Windows\system32\USER32.dll handle: 769F0000 size: 811520 crc: F5A646DD date: 2009-07-14 01:16:17
 C:\Windows\system32\LPK.dll handle: 77E90000 size: 26624 crc: 13E68B63 date: 2009-07-14 01:15:36
 C:\Windows\system32\USP10.dll handle: 77EA0000 size: 627200 crc: 3887C4C8 date: 2009-07-14 01:16:17
 C:\Windows\system32\msvcrt.dll handle: 76390000 size: 690688 crc: 554C94A4 date: 2009-07-14 01:15:50
 C:\Windows\system32\SHELL32.DLL handle: 770C0000 size: 12866560 crc: 1FCAA9C5 date: 2009-07-14 01:16:14
 C:\Windows\system32\SHLWAPI.dll handle: 76620000 size: 350208 crc: 8D9B2C39 date: 2009-07-14 01:16:14
 C:\Windows\system32\WINMM.DLL handle: 6EDF0000 size: 194048 crc: 2FBEB05C date: 2009-07-14 01:16:19
 C:\Windows\system32\WS2_32.DLL handle: 769B0000 size: 206336 crc: 4C23BF22 date: 2009-07-14 01:16:20
 C:\Windows\system32\RPCRT4.dll handle: 76800000 size: 652288 crc: 14458268 date: 2009-07-14 01:16:13
 C:\Windows\system32\NSI.dll handle: 76450000 size: 8704 crc: 2ACE9671 date: 2009-07-14 01:16:11
 C:\Windows\system32\IMM32.DLL handle: 77E70000 size: 118272 crc: F2F44531 date: 2009-07-14 01:15:32
 C:\Windows\system32\MSCTF.dll handle: 76D40000 size: 828928 crc: DFE09EEB date: 2009-07-14 01:15:43
 C:\Windows\system32\SHFolder.dll handle: 751E0000 size: 7168 crc: 683AAC32 date: 2009-07-14 01:16:14
 C:\Windows\system32\ole32.dll handle: 76470000 size: 1412608 crc: 4ACC7A3A date: 2009-07-14 01:16:12
 C:\Windows\system32\ADVAPI32.dll handle: 76680000 size: 640000 crc: 24248FE4 date: 2009-07-14 01:14:53
 C:\Windows\SYSTEM32\sechost.dll handle: 77E50000 size: 92160 crc: B624B29A date: 2009-07-14 01:16:13
 C:\Windows\system32\MMDevAPI.DLL handle: 74820000 size: 213504 crc: 352DF99F date: 2009-07-14 01:15:41
 C:\Windows\system32\PROPSYS.dll handle: 74C90000 size: 988160 crc: 0700E8D7 date: 2009-07-14 01:16:12
 C:\Windows\system32\OLEAUT32.dll handle: 76770000 size: 571904 crc: DCE3E850 date: 2009-07-14 01:16:12
 C:\Windows\system32\wdmaud.drv handle: 6E6E0000 size: 172032 crc: 03BEEBE2 date: 2009-07-14 01:14:08
 C:\Windows\system32\ksuser.dll handle: 6E6D0000 size: 4608 crc: EBE07232 date: 2009-07-14 01:15:35
 C:\Windows\system32\AVRT.dll handle: 751F0000 size: 14336 crc: 9818237B date: 2009-07-14 01:14:58
 C:\Windows\system32\SETUPAPI.dll handle: 761F0000 size: 1668608 crc: F909EF01 date: 2009-07-14 01:16:14
 C:\Windows\system32\CFGMGR32.dll handle: 76130000 size: 145920 crc: 6377C630 date: 2009-07-14 01:15:02
 C:\Windows\system32\DEVOBJ.dll handle: 76000000 size: 64512 crc: 2B501D62 date: 2009-07-14 01:15:11
 C:\Windows\system32\AUDIOSES.DLL handle: 6E490000 size: 195584 crc: BC939745 date: 2009-07-14 01:14:57
 C:\Windows\system32\msacm32.drv handle: 6E380000 size: 20992 crc: 73923147 date: 2009-07-14 01:14:08
 C:\Windows\system32\MSACM32.dll handle: 6E360000 size: 72192 crc: ABA25814 date: 2009-07-14 01:15:42
 C:\Windows\system32\midimap.dll handle: 6E350000 size: 16896 crc: C000494C date: 2009-07-14 01:15:40
 C:\Windows\system32\CRYPTBASE.dll handle: 75DB0000 size: 36864 crc: 00308E17 date: 2009-07-14 01:15:07
 C:\Windows\system32\CLBCatQ.DLL handle: 77030000 size: 522240 crc: 6C130B8A date: 2009-07-14 01:15:03
 C:\Windows\system32\uxtheme.dll handle: 74C50000 size: 249856 crc: 1CD7BB78 date: 2009-07-14 01:16:17
 C:\Windows\system32\dwmapi.dll handle: 74980000 size: 67072 crc: FC7CA4B8 date: 2009-07-14 01:15:13
 C:\Program Files\WIDCOMM\Bluetooth Software\btmmhook.dll handle: 10000000 size: 226592 crc: AD402B36 date: 2009-07-02 00:03:26
 C:\Windows\system32\PSAPI.DLL handle: 76460000 size: 6144 crc: 25B988F9 date: 2009-07-14 01:16:12
 C:\Windows\system32\mswsock.dll handle: 758A0000 size: 232448 crc: 32400D27 date: 2009-07-14 01:15:51
 C:\Windows\System32\wshtcpip.dll handle: 753F0000 size: 9216 crc: BA963A19 date: 2009-07-14 01:16:20
 C:\Program Files\WIDCOMM\Bluetooth Software\btkeyind.dll handle: 049B0000 size: 132384 crc: 168553E9 date: 2009-07-02 00:03:24

---- gamelog start ----
Tick 0: new game started
     Revision text changed to r19312-1.0, savegame version 138, not modified, _openttd_newgrf_version = 0x10004b70
     New game mode: 1 landscape: 0
---- gamelog end ----

*** End of OpenTTD Crash Report ***
