*** OpenTTD Crash Report ***

Crash at: Mon Feb 22 03:38:12 2010
In game date: 0-01-01 (0)

Crash reason:
 Exception: C0000005
 Location:  6CEC7156
 Message:   <none>

OpenTTD version:
 Version:    1.0.0-RC1 (0)
 NewGRF ver: 10004ad5
 Bits:       32
 Endian:     little
 Dedicated:  no
 Build date: Feb 17 2010 23:21:15

Registers:
 EAX: 003DA8CC EBX: 003DA8C0 ECX: 003DA8C0 EDX: 003D0608
 ESI: 003DA8C0 EDI: 00000000 EBP: 0013F81C ESP: 0013F7F8
 EIP: 6CEC7156 EFLAGS: 00210246

 Bytes at instruction pointer:
 ?? ?? ?? ?? ?? ?? ?? ?? ?? ?? ?? ?? ?? ?? ?? ?? ?? ?? ?? ?? ?? ?? ?? ??

Stack trace:
 6C987A9E 003DA8CC 00000004 0000001F 6C98710D 6C98937A 003DA4D0 003DA8C0
 003DA538 0013F838 6C991007 003DA538 003D7C50 003DA4D0 00000000 00000000
 0013F864 6C988690 003DA538 003D7C50 003DA4D0 00000000 003DA538 0013F8E4
 00000000 003DA4D0 00000004 0013F8BC 6C98AE88 003DA538 003D7C50 00000007
 0013F8E4 0013F948 0013F8E4 00000000 003D7768 0013F878 0013F948 00000008
 003D7C50 5C5711C8 FFFFFFFF 77C2C3CE 58C2B4D0 11D146E7 A000AC89 294105C9
 00003DE3 0013FAB4 5C57605F 003D7C50 5C5711C8 0013F8E4 0013F948 00000000
 00000000 00000000 00000001 00000024 00000006 00000000 00000001 00000002
 00000000 00000000 00000000 00000000 003D79E4 32303131 003D7A2C 00000000
 75732632 73797362 3630385F 30313131 65722632 37305F76 00000001 00000000
 00000001 23383326 00000000 003D8130 00000000 00000000 7C90D8EF 7C8016BE
 000001C4 000001A0 00000000 0013F9E4 0013F9E4 002F0003 0013FA48 00000018
 0013FA78 7C801694 0013FA1C 6C981DD4 00000000 7C80B937 00000000 00000000
 0013F980 000001A0 0013FFB0 7C839AA8 7C810AB0 FFFFFFFF 7C801694 6C98FA26
 000001C4 002F0003 7C90D592 7C809B8B 000001A0 0013F9F8 6C98FA7A 000001A0
 6C981DD4 0013FA58 0013FA9C 00000000 00000008 00000000 00000000 000001A0
 0013FA20 6C98FD78 000001C4 002F0003 0013FA48 00000018 0013FA78 00000008
 0013FA1C 00000008 0013FA60 6C990787 000001C4 00000018 0013FA48 00000008
 0013FA78 00000000 00000000 003D7CB0 FEDFAE26 11D1E46E 0000CEAA 12AC75F8
 00000000 00000001 0013FA80 6C983AD2 003D7C40 0013FA78 003D7768 00000000
 C9784FE8 0000004B 0013FAA8 5C5741FA 5C574252 003D7A2C 003D7A58 003D7768
 7C8308AD 7C90E591 00000000 00000000 00000000 00000000 0000FDC0 0013FAD4
 5C57A6D7 00000000 00000000 0013F8E4 00000000 00D977D0 00000000 0013FC94
 0054D2DE 003D7768 00000000 007685BC 00409F6B 00000000 00000000 00000000

Operating system:
 Name:     Windows
 Release:  5.1.2600 (Service Pack 2)
 Compiler: MSVC 1500

Configuration:
 Blitter:      8bpp-optimized
 Graphics set: OpenGFX
 Language:     english.lng
 Music driver: none
 Music set:    NoMusic
 Network:      no
 Sound driver: win32
 Sound set:    OpenSFX
 Video driver: win32

AI Configuration (local: 0):

Libraries:
 FreeType:   2.3.11
 ICU:        4.2.1
 LZO:        2.03
 PNG:        1.2.40
 Zlib:       1.2.3

Module information:
 C:\Program Files\OpenTTD\openttd.exe handle: 00400000 size: 3665408 crc: 6524A6E1 date: 2010-02-17 23:24:16
 C:\WINDOWS\system32\ntdll.dll handle: 7C900000 size: 708096 crc: A5A50370 date: 2004-08-04 12:00:00
 C:\WINDOWS\system32\kernel32.dll handle: 7C800000 size: 984576 crc: 2CCFBF2B date: 2007-04-16 15:52:53
 C:\WINDOWS\system32\WINMM.dll handle: 76B40000 size: 176128 crc: 123646FA date: 2004-08-04 12:00:00
 C:\WINDOWS\system32\USER32.dll handle: 7E410000 size: 577536 crc: DF3237C6 date: 2007-03-08 15:36:28
 C:\WINDOWS\system32\GDI32.dll handle: 77F10000 size: 282112 crc: F0029774 date: 2007-06-19 13:31:19
 C:\WINDOWS\system32\ADVAPI32.dll handle: 77DD0000 size: 616960 crc: 5E7A2F0A date: 2004-08-04 12:00:00
 C:\WINDOWS\system32\RPCRT4.dll handle: 77E70000 size: 581120 crc: 3AE05623 date: 2004-08-04 12:00:00
 C:\WINDOWS\system32\WS2_32.dll handle: 71AB0000 size: 82944 crc: 9738CC56 date: 2004-08-04 12:00:00
 C:\WINDOWS\system32\msvcrt.dll handle: 77C10000 size: 343040 crc: 5298C0C5 date: 2004-08-04 12:00:00
 C:\WINDOWS\system32\WS2HELP.dll handle: 71AA0000 size: 19968 crc: F5DD5AB6 date: 2004-08-04 12:00:00
 C:\WINDOWS\system32\SHELL32.dll handle: 7C9C0000 size: 8453632 crc: 08BB85F6 date: 2006-12-19 21:52:18
 C:\WINDOWS\system32\SHLWAPI.dll handle: 77F60000 size: 474112 crc: 44116647 date: 2007-06-15 08:12:30
 C:\WINDOWS\WinSxS\x86_Microsoft.Windows.Common-Controls_6595b64144ccf1df_6.0.2600.2982_x-ww_ac3f9c03\comctl32.dll handle: 773D0000 size: 1054208 crc: 58D6578C date: 2006-08-25 15:45:55
 C:\WINDOWS\system32\comctl32.dll handle: 5D090000 size: 617472 crc: 232F6674 date: 2006-08-25 15:45:58
 C:\WINDOWS\system32\SHFolder.dll handle: 76780000 size: 25088 crc: 2EC7582B date: 2004-08-04 12:00:00
 C:\WINDOWS\system32\wdmaud.drv handle: 72D20000 size: 23552 crc: 982E84EE date: 2004-08-04 04:56:58
 C:\WINDOWS\system32\WINTRUST.dll handle: 76C30000 size: 176640 crc: 88D208BD date: 2004-08-04 12:00:00
 C:\WINDOWS\system32\CRYPT32.dll handle: 77A80000 size: 597504 crc: 971ECFAA date: 2004-08-04 12:00:00
 C:\WINDOWS\system32\MSASN1.dll handle: 77B20000 size: 57344 crc: D5127637 date: 2004-08-04 12:00:00
 C:\WINDOWS\system32\IMAGEHLP.dll handle: 76C90000 size: 144384 crc: 714A70BC date: 2004-08-04 12:00:00
 C:\WINDOWS\system32\msacm32.drv handle: 72D10000 size: 20480 crc: D5406BAE date: 2004-08-04 12:00:00
 C:\WINDOWS\system32\MSACM32.dll handle: 77BE0000 size: 71680 crc: 6A21891E date: 2004-08-04 12:00:00
 C:\WINDOWS\system32\midimap.dll handle: 77BD0000 size: 18944 crc: 502B5282 date: 2004-08-04 12:00:00
 C:\WINDOWS\system32\uxtheme.dll handle: 5AD70000 size: 218624 crc: 5AA98F22 date: 2004-08-04 12:00:00
 C:\WINDOWS\system32\ole32.dll handle: 774E0000 size: 1285120 crc: AD325A7F date: 2005-07-26 04:39:48
 C:\WINDOWS\system32\CLBCATQ.DLL handle: 76FD0000 size: 498688 crc: 9DED030F date: 2005-07-26 04:39:43
 C:\WINDOWS\system32\COMRes.dll handle: 77050000 size: 792064 crc: 5A12B4A2 date: 2004-08-04 12:00:00
 C:\WINDOWS\system32\OLEAUT32.dll handle: 77120000 size: 549376 crc: 5A89C9E1 date: 2007-05-17 11:28:05
 C:\WINDOWS\system32\VERSION.dll handle: 77C00000 size: 18944 crc: CFE439BB date: 2004-08-04 12:00:00
 C:\WINDOWS\system32\dmime.dll handle: 5C570000 size: 181248 crc: F18E50F8 date: 2004-08-04 12:00:00
 C:\WINDOWS\system32\DSOUND.dll handle: 73F10000 size: 367616 crc: F0EFB582 date: 2004-08-04 12:00:00
 C:\WINDOWS\system32\dmusic.dll handle: 6C980000 size: 104448 crc: 0C1C73CE date: 2004-08-04 12:00:00
 C:\WINDOWS\system32\KsUser.dll handle: 73EE0000 size: 4096 crc: 519CF22C date: 2004-08-04 04:56:44
 C:\WINDOWS\system32\dmsynth.dll handle: 6C9A0000 size: 103424 crc: ECEFF055 date: 2004-08-04 12:00:00
 C:\WINDOWS\system32\psapi.dll handle: 76BF0000 size: 23040 crc: 97A44A88 date: 2004-08-04 12:00:00

---- gamelog start ----
---- gamelog end ----

*** End of OpenTTD Crash Report ***
