*** OpenTTD Crash Report ***

Crash at: Sat Apr 10 17:59:19 2010
In game date: 1968-02-09 (62)

Crash reason:
 Exception: C0000005
 Location:  000007FEFC2957DA
 Message:   <none>

OpenTTD version:
 Version:    1.0.0 (0)
 NewGRF ver: 10084c4a
 Bits:       64
 Endian:     little
 Dedicated:  no
 Build date: Mar 31 2010 22:38:15

Registers:
 RAX: 0000000005CE91F0 RBX: 000000000031D1C0 RCX: 0000000000000000 RDX: 0000000000000000
 RSI: 0000000000000001 RDI: 0000000000359E51 RBP: 0000000000000200 RSP: 0000000003DAF7F0
 R8:  0000000003DAF788 R9:  0000000000000200 R10: 0000000000000000 R11: 0000000000000212
 R12: 0000000000000000 R13: 0000000000000000 R14: 0000000000000000 R15: 0000000000000001
 RIP: 000007FEFC2957DA EFLAGS: 00010206

 Bytes at instruction pointer:
 48 8B 01 48 89 43 18 8B 49 08 48 8D 54 01 FF 48 89 53 20 E9 7C FF FF FF

Stack trace:
 00359E40 00000000 FC29407C 00000100 000002C0 00000000 000011A0 000007FE
 00000000 00000000 00000000 00000000 0031D1C0 00000000 FC29407C 000007FE
 C00000BB 00000000 00000000 00000000 0031D1C0 00000000 FDD01203 000007FE
 00359E51 00000000 FC294C77 000007FE 0031D1C0 00000000 00359E40 00000000
 FFFF63C0 FFFFFFFF 03DAF870 00000000 00000048 00000000 00000000 00000000
 00000000 00000000 33A525B9 0000DAE7 00000002 00000000 00000001 00000000
 00000000 00000000 00000000 00000000 00359E40 00000000 00000001 00000000
 00000200 00000000 FC295A62 000007FE 0031D1C0 00000000 F79ABBF1 000007FE
 0031D1C0 00000000 05C9D8A0 00000000 00000000 00000000 FC294479 000007FE
 00359E40 00000000 05CE91F0 00000000 00360D90 00000000 00000200 00000000
 00000000 00000000 00000134 00000000 00000001 00000000 00000001 00000000
 00355840 00000000 FC29313A 000007FE 00360D90 00000000 00000200 00000000
 00355858 00000000 00000000 00000000 61746164 06000008 00000000 00000000
 00000000 00000000 00000000 00000000 00000000 00000000 00000000 00000000
 00000000 00000000 00000000 00000000 00000000 00000000 FDD01512 000007FE
 33A524B9 0000DAE7 05CC0750 00000000 00000000 00000000 00000000 00000000
 00000000 00000000 00000000 00000000 00000000 00000000 F79AF46C 000007FE
 05CC0750 00000000 00000000 00000000 00000000 00000000 00000000 00000000
 00000278 00000000 00360D90 00000000 FC292F54 000007FE 00000000 00000000
 00000000 00000000 77A4F56D 00000000 00000000 00000000 00000000 00000000
 00000000 00000000 00000000 00000000 00000000 00000000 77C83281 00000000
 00000000 00000000 00000000 00000000 00000000 00000000 00000000 00000000
 77AC9220 00000000 77AC9220 00000000 03DAEAE0 00000000 00000000 00000000
 00000000 00000000 00000000 00000000 00000000 00000000 00000000 00000000

Operating system:
 Name:     Windows
 Release:  6.1.7600 ()
 Compiler: MSVC 1500

Configuration:
 Blitter:      8bpp-optimized
 Graphics set: OpenGFX
 Language:     swedish.lng
 Music driver: win32
 Music set:    OpenMSX
 Network:      server
 Sound driver: win32
 Sound set:    OpenSFX
 Video driver: win32

AI Configuration (local: 0):
  0: Human
  1: Human

Libraries:
 FreeType:   2.3.12
 ICU:        4.2.1
 LZO:        2.03
 PNG:        1.2.43
 Zlib:       1.2.3

Module information:
 C:\Program Files\OpenTTD\openttd.exe handle: 000000013F8A0000 size: 4869120 crc: FA10B9B7 date: 2010-03-31 22:41:42
 C:\Windows\SYSTEM32\ntdll.dll handle: 0000000077C50000 size: 1736792 crc: 5523175A date: 2009-07-14 01:43:10
 C:\Windows\system32\kernel32.dll handle: 0000000077A30000 size: 1162240 crc: 822946F0 date: 2009-07-14 01:41:13
 C:\Windows\system32\KERNELBASE.dll handle: 000007FEFDD00000 size: 421376 crc: 68F689E4 date: 2009-07-14 01:41:13
 C:\Windows\system32\WINMM.dll handle: 000007FEF7990000 size: 217600 crc: 7BC1529F date: 2009-07-14 01:41:56
 C:\Windows\system32\msvcrt.dll handle: 000007FEFFAD0000 size: 634880 crc: 7F3E716F date: 2009-07-14 01:41:32
 C:\Windows\system32\USER32.dll handle: 0000000077B50000 size: 1008640 crc: 95FA0345 date: 2009-07-14 01:41:56
 C:\Windows\system32\GDI32.dll handle: 000007FEFDF80000 size: 404480 crc: 0F1BAE69 date: 2009-07-14 01:40:56
 C:\Windows\system32\LPK.dll handle: 000007FEFF910000 size: 41984 crc: 350AF03B date: 2009-07-14 01:41:19
 C:\Windows\system32\USP10.dll handle: 000007FEFE140000 size: 801280 crc: 32EFA120 date: 2009-07-14 01:41:56
 C:\Windows\system32\WS2_32.dll handle: 000007FEFE4D0000 size: 296448 crc: B9553AFD date: 2009-07-14 01:41:58
 C:\Windows\system32\RPCRT4.dll handle: 000007FEFF920000 size: 1221632 crc: D5B6358C date: 2009-07-14 01:41:53
 C:\Windows\system32\NSI.dll handle: 000007FEFE390000 size: 13824 crc: 53B46F6C date: 2009-07-14 01:41:53
 C:\Windows\system32\ADVAPI32.dll handle: 000007FEFDFF0000 size: 877056 crc: FA615A20 date: 2009-07-14 01:40:01
 C:\Windows\SYSTEM32\sechost.dll handle: 000007FEFE120000 size: 113664 crc: 978CFAE5 date: 2009-07-14 01:41:53
 C:\Windows\system32\SHELL32.dll handle: 000007FEFE780000 size: 14161920 crc: EAA55AE5 date: 2009-07-14 01:41:54
 C:\Windows\system32\SHLWAPI.dll handle: 000007FEFFA50000 size: 449536 crc: 0BFDF102 date: 2009-07-14 01:41:54
 C:\Windows\system32\IMM32.DLL handle: 000007FEFFBF0000 size: 167424 crc: 41B2805A date: 2009-07-14 01:41:09
 C:\Windows\system32\MSCTF.dll handle: 000007FEFFE30000 size: 1067008 crc: 798DDDA0 date: 2009-07-14 01:41:28
 C:\Windows\system32\SHFolder.dll handle: 000007FEFA5A0000 size: 10240 crc: 08A48DE3 date: 2009-07-14 01:41:54
 C:\Windows\system32\ole32.dll handle: 000007FEFFC20000 size: 2084352 crc: 40D2CC46 date: 2009-07-14 01:41:53
 C:\Windows\system32\MMDevAPI.DLL handle: 000007FEFC4D0000 size: 284160 crc: CDF2EF81 date: 2009-07-14 01:41:26
 C:\Windows\system32\PROPSYS.dll handle: 000007FEFC3A0000 size: 1212416 crc: 98D01BC9 date: 2009-07-14 01:41:53
 C:\Windows\system32\OLEAUT32.dll handle: 000007FEFF790000 size: 861184 crc: C4351602 date: 2009-07-14 01:41:53
 C:\Windows\system32\wdmaud.drv handle: 000007FEF73C0000 size: 217088 crc: AB6BC545 date: 2009-07-14 01:38:50
 C:\Windows\system32\ksuser.dll handle: 00000000749C0000 size: 5120 crc: AA2071D9 date: 2009-07-14 01:41:13
 C:\Windows\system32\AVRT.dll handle: 000007FEFC520000 size: 18432 crc: 5CE53CB7 date: 2009-07-14 01:40:05
 C:\Windows\system32\SETUPAPI.dll handle: 000007FEFF5B0000 size: 1899520 crc: 91ED5D15 date: 2009-07-14 01:41:54
 C:\Windows\system32\CFGMGR32.dll handle: 000007FEFDDB0000 size: 207360 crc: 369326FC date: 2009-07-14 01:40:15
 C:\Windows\system32\DEVOBJ.dll handle: 000007FEFDF60000 size: 93184 crc: A7541AE2 date: 2009-07-14 01:40:28
 C:\Windows\system32\AUDIOSES.DLL handle: 000007FEF7370000 size: 296448 crc: 07CA71DE date: 2009-07-14 01:40:04
 C:\Windows\system32\msacm32.drv handle: 000007FEF7720000 size: 25600 crc: 2B579A05 date: 2009-07-14 01:38:50
 C:\Windows\system32\MSACM32.dll handle: 000007FEF7350000 size: 83456 crc: 3D67538B date: 2009-07-14 01:41:27
 C:\Windows\system32\midimap.dll handle: 000007FEF7710000 size: 20480 crc: CB902A13 date: 2009-07-14 01:41:23
 C:\Windows\system32\CRYPTBASE.dll handle: 000007FEFDAE0000 size: 44032 crc: F547C16E date: 2009-07-14 01:40:24
 C:\Windows\system32\CLBCatQ.DLL handle: 000007FEFF870000 size: 607744 crc: 939E35C9 date: 2009-07-14 01:40:15
 C:\Windows\system32\uxtheme.dll handle: 000007FEFC200000 size: 332288 crc: B0A13DF9 date: 2009-07-14 01:41:56
 C:\Windows\system32\dwmapi.dll handle: 000007FEFBD30000 size: 82432 crc: A459F360 date: 2009-07-14 01:40:34
 C:\Program Files\WIDCOMM\Bluetooth Software\btmmhook.dll handle: 0000000010000000 size: 391456 crc: AF456122 date: 2009-07-17 16:20:44
 C:\Windows\system32\PSAPI.DLL handle: 0000000077E10000 size: 9216 crc: 84B5E9BA date: 2009-07-14 01:41:53
 C:\Windows\system32\mswsock.dll handle: 000007FEFD3E0000 size: 320000 crc: EA387916 date: 2009-07-14 01:41:34
 C:\Windows\System32\wshtcpip.dll handle: 000007FEFCDF0000 size: 13312 crc: 5D1E2C55 date: 2009-07-14 01:41:58
 C:\Program Files\WIDCOMM\Bluetooth Software\btkeyind.dll handle: 0000000001D00000 size: 173344 crc: F51C123D date: 2009-07-17 16:20:42
 C:\Windows\System32\wship6.dll handle: 000007FEFD3D0000 size: 13824 crc: E3FBF123 date: 2009-07-14 01:41:58
 C:\Windows\system32\mciseq.dll handle: 000007FEFC290000 size: 28672 crc: 61BC1358 date: 2009-07-14 01:41:21

---- gamelog start ----
Tick 0: new game started
     Revision text changed to 1.0.0, savegame version 138, not modified, _openttd_newgrf_version = 0x10084c4a
     New game mode: 1 landscape: 2
---- gamelog end ----

*** End of OpenTTD Crash Report ***
