Process:         openttd [6768]
Path:            /Users/USER/Documents/*/OpenTTD.app/Contents/MacOS/openttd
Identifier:      org.openttd.openttd
Version:         r26444M (r26444M)
Code Type:       X86-64 (Native)
Parent Process:  bash [485]
Responsible:     Terminal [479]
User ID:         501

Date/Time:       2014-04-06 18:34:19.199 +0200
OS Version:      Mac OS X 10.9.2 (13C64)
Report Version:  11
Anonymous UUID:  8C64F49E-04B6-7453-416D-0A72F578A21F

Sleep/Wake UUID: A4DD144F-9635-4E06-8475-EB1AA96E1C0E

Crashed Thread:  9  com.apple.audio.IOThread.client

Exception Type:  EXC_BAD_ACCESS (SIGSEGV)
Exception Codes: EXC_I386_GPFLT

Thread 0:: Dispatch queue: com.apple.main-thread
0   org.openttd.openttd           	0x000000010a40f483 GamelogTestEmergency() + 131
1   org.openttd.openttd           	0x000000010a5ba036 HandleCrash(int) + 118
2   libsystem_platform.dylib      	0x00007fff935675aa _sigtramp + 26
3   libsystem_platform.dylib      	0x00007fff935681ba _platform_memmove$VARIANT$Nehalem + 474
4   org.openttd.openttd           	0x000000010a792381 Textbuf::DeleteText(unsigned short, unsigned short, bool) + 273
5   org.openttd.openttd           	0x000000010a7924b7 Textbuf::DiscardMarkedText(bool) + 103
6   org.openttd.openttd           	0x000000010a791f6a Textbuf::InsertString(char const*, bool, char const*, char const*, char const*) + 490
7   org.openttd.openttd           	0x000000010a382c06 IConsoleWindow::InsertTextString(int, char const*, bool, char const*, char const*, char const*) + 102
8   org.openttd.openttd           	0x000000010a85233e HandleTextInput(char const*, bool, char const*, char const*, char const*) + 190
9   org.openttd.openttd           	0x000000010a85b53b -[OTTD_CocoaView insertText:replacementRange:] + 379
10  com.apple.AppKit              	0x00007fff962a3a18 -[NSTextInputContext handleTSMEvent:] + 8271
11  com.apple.AppKit              	0x00007fff962a19a5 _NSTSMEventHandler + 205
12  com.apple.HIToolbox           	0x00007fff8d50c1d4 DispatchEventToHandlers(EventTargetRec*, OpaqueEventRef*, HandlerCallRec*) + 892
13  com.apple.HIToolbox           	0x00007fff8d50b787 SendEventToEventTargetInternal(OpaqueEventRef*, OpaqueEventTargetRef*, HandlerCallRec*) + 385
14  com.apple.HIToolbox           	0x00007fff8d51f880 SendEventToEventTarget + 40
15  com.apple.HIToolbox           	0x00007fff8d560d0d SendTSMEvent + 33
16  com.apple.HIToolbox           	0x00007fff8d70dc1a SendUpdateActiveInputAreaForDeadKey + 1179
17  com.apple.HIToolbox           	0x00007fff8d70f120 ProcessDeadKeyInlineSession + 823
18  com.apple.HIToolbox           	0x00007fff8d560503 TSMKeyEvent + 400
19  com.apple.HIToolbox           	0x00007fff8d54d2b7 TSMProcessRawKeyEvent + 3807
20  com.apple.AppKit              	0x00007fff962a11f0 -[NSTextInputContext handleEvent:] + 731
21  com.apple.AppKit              	0x00007fff96280abd -[NSView interpretKeyEvents:] + 180
22  org.openttd.openttd           	0x000000010a85e8af QZ_PollEvent() + 2303
23  org.openttd.openttd           	0x000000010a85dc1c QZ_GameLoop() + 236
24  org.openttd.openttd           	0x000000010a859026 -[OTTDMain launchGameEngine:] + 54
25  com.apple.CoreFoundation      	0x00007fff97925e0c __CFNOTIFICATIONCENTER_IS_CALLING_OUT_TO_AN_OBSERVER__ + 12
26  com.apple.CoreFoundation      	0x00007fff97819a6d _CFXNotificationPost + 2893
27  com.apple.Foundation          	0x00007fff945b97ba -[NSNotificationCenter postNotificationName:object:userInfo:] + 68
28  org.openttd.openttd           	0x000000010a85912b -[OTTDMain applicationDidFinishLaunching:] + 187
29  com.apple.CoreFoundation      	0x00007fff97925e0c __CFNOTIFICATIONCENTER_IS_CALLING_OUT_TO_AN_OBSERVER__ + 12
30  com.apple.CoreFoundation      	0x00007fff97819a6d _CFXNotificationPost + 2893
31  com.apple.Foundation          	0x00007fff945b97ba -[NSNotificationCenter postNotificationName:object:userInfo:] + 68
32  com.apple.AppKit              	0x00007fff96052cf9 -[NSApplication _postDidFinishNotification] + 289
33  com.apple.AppKit              	0x00007fff96052a2c -[NSApplication _sendFinishLaunchingNotification] + 195
34  com.apple.AppKit              	0x00007fff9604f916 -[NSApplication(NSAppleEventHandling) _handleAEOpenEvent:] + 570
35  com.apple.AppKit              	0x00007fff9604f36b -[NSApplication(NSAppleEventHandling) _handleCoreEvent:withReplyEvent:] + 242
36  com.apple.Foundation          	0x00007fff945d7f0a -[NSAppleEventManager dispatchRawAppleEvent:withRawReply:handlerRefCon:] + 294
37  com.apple.Foundation          	0x00007fff945d7d7d _NSAppleEventManagerGenericHandler + 106
38  com.apple.AE                  	0x00007fff8d2eae1f aeDispatchAppleEvent(AEDesc const*, AEDesc*, unsigned int, unsigned char*) + 381
39  com.apple.AE                  	0x00007fff8d2eac32 dispatchEventAndSendReply(AEDesc const*, AEDesc*) + 31
40  com.apple.AE                  	0x00007fff8d2eab36 aeProcessAppleEvent + 315
41  com.apple.HIToolbox           	0x00007fff8d53f161 AEProcessAppleEvent + 56
42  com.apple.AppKit              	0x00007fff9604b246 _DPSNextEvent + 1026
43  com.apple.AppKit              	0x00007fff9604aa2b -[NSApplication nextEventMatchingMask:untilDate:inMode:dequeue:] + 122
44  com.apple.AppKit              	0x00007fff9603eb2c -[NSApplication run] + 553
45  org.openttd.openttd           	0x000000010a859ede VideoDriver_Cocoa::MainLoop() + 126
46  org.openttd.openttd           	0x000000010a59d4fb openttd_main(int, char**) + 5019
47  org.openttd.openttd           	0x000000010a5bb9eb main + 171
48  libdyld.dylib                 	0x00007fff8d4955fd start + 1
