*** OpenTTD Crash Report ***

Crash at: Mon Dec 27 17:37:15 2010
In game date: 1950-07-26 (37)

Crash reason:
 Exception: E1212012
 Location:  7C812AFB
 Message:   Assertion failed at line 1024 of ..\src\viewport.cpp: type < HT_DIR_END

OpenTTD version:
 Version:    r21615 (0)
 NewGRF ver: 1100546f
 Bits:       32
 Endian:     little
 Dedicated:  no
 Build date: Dec 23 2010 23:18:25

Registers:
 EAX: 0012F458 EBX: 00000016 ECX: 00000000 EDX: 00BCCDE8
 ESI: 00000000 EDI: 00000000 EBP: 0012F4A8 ESP: 0012F454
 EIP: 7C812AFB EFLAGS: 00000246

 Bytes at instruction pointer:
 5E C9 C2 10 00 85 FF 0F 8E 36 93 FF FF 8B 55 FC 89 55 0C 0F B7 16 8B 7D

Stack trace:
 00BCCD08 E1212012 00000000 00000000 7C812AFB 00000000 00000200 00BCE35C
 0012F4B0 00643F5A 011A253C 7C90D9DA 7C801879 7C90D80A 7C913416 FFFFFFFF
 00000024 0012F4A4 00000004 00000000 68D6E147 0012F508 0057014D E1212012
 00000000 00000000 00000000 00642B76 00000016 3AA31B81 0012F850 00000200
 00000007 7C913416 FFFFFFFF 00000000 0012F4F0 0057013D 00000001 0012F4C8
 0012F070 0012FFB0 00648D60 3A0BF381 FFFFFFFE 0012F840 00641FB0 00000016
 00000200 00643559 0012F568 00BB0718 011A2DD0 00655E9D 00000000 FFFFFFEF
 0012F7C4 0064BE77 00000000 0012F850 0012F850 0064BF03 00000200 0012FA18
 00000000 00000007 00000000 0012F5D8 00000000 00BB0718 011A2DD0 011A1E90
 00000701 0012F7E8 00000000 00000000 00000000 00B2CDD9 00000000 00000000
 00000000 011A0000 00000047 0012FA68 00000011 00B70B6C FFFFFFFF 00910228
 00000000 7C910222 7C91019B 7C9101DB 7C9100C4 0000000C 013D8960 7C9101DB
 0012F608 011A0000 7C910222 0000000C 011A08C8 011A0000 0557D500 0564EFB8
 7C90E920 0012F824 77F18693 77F2C80A AA011096 00000010 0012F79C 00000000
 7E42934B 00000010 0012F79C 00000000 AA011096 0012F618 0000001C 0012FFB0
 7E44048F 7E429350 00003E1B 0012F790 7E43A2BC 0012F79C 0012F850 00000200
 7E43A2D6 00000001 00ACD0E0 0084ACC4 00B06C54 00D00850 004C1808 006C2C18
 00904834 00000000 00000000 7E4120EC 00000000 00000001 00FC6C00 00FC7C00
 00140000 00FF0000 00000000 00000000 00F0D000 00000000 00002004 00000000
 0001429A 00000000 00000014 00000000 0001FFFF 00000000 00000014 00000000
 0001FFFF 000000AA 0012F710 011A0000 7C910222 00000003 011A0718 011A0000
 05838FF0 0012F6E8 00002B9E 0012F92C 7C90E920 7C910228 FFFFFFFF 7C910222
 7C91019B 0012F74C 011A0000 7C910222 00000005 011A0778 011A0000 01286988
 0012F724 00000000 0012F968 7C90E920 7C910228 FFFFFFFF 7C910222 7C91019B

Operating system:
 Name:     Windows
 Release:  5.1.2600 (Service Pack 3)
 Compiler: MSVC 1500

Configuration:
 Blitter:      8bpp-optimized
 Graphics set: OpenGFX (589)
 Language:     C:\Programfiler\OpenTTD\lang\norwegian_bokmal.lng
 Music driver: dmusic
 Music set:    OpenMSX (96)
 Network:      no
 Sound driver: win32
 Sound set:    OpenSFX (87)
 Video driver: win32

AI Configuration (local: 0):
  0: Human

Libraries:
 FreeType:   2.4.4
 ICU:        4.4.2
 LZMA:       5.0.0
 LZO:        2.03
 PNG:        1.4.5
 Zlib:       1.2.5

Module information:
 C:\Programfiler\OpenTTD\openttd.exe handle: 00400000 size: 8204288 crc: 3E0BC7D5 date: 2010-12-23 23:21:30
 C:\WINDOWS\system32\ntdll.dll handle: 7C900000 size: 710656 crc: 3794F3B0 date: 2009-02-09 10:56:06
 C:\WINDOWS\system32\kernel32.dll handle: 7C800000 size: 990720 crc: FBD0A9EC date: 2009-03-21 14:09:58
 C:\WINDOWS\system32\WINMM.dll handle: 76B30000 size: 175104 crc: 7BEDE23C date: 2008-04-14 16:22:32
 C:\WINDOWS\system32\ADVAPI32.dll handle: 77DC0000 size: 680448 crc: 103E350D date: 2009-02-09 10:56:06
 C:\WINDOWS\system32\RPCRT4.dll handle: 77E70000 size: 590848 crc: 096661E4 date: 2010-08-16 08:45:19
 C:\WINDOWS\system32\Secur32.dll handle: 77FE0000 size: 56832 crc: CD8BD83C date: 2009-06-25 08:27:58
 C:\WINDOWS\system32\GDI32.dll handle: 77F10000 size: 286720 crc: BDD87B48 date: 2008-10-23 12:43:42
 C:\WINDOWS\system32\USER32.dll handle: 7E410000 size: 578560 crc: 1718C5B9 date: 2008-04-14 16:22:30
 C:\WINDOWS\system32\WS2_32.dll handle: 71AA0000 size: 82432 crc: 143EDF88 date: 2008-04-14 16:22:32
 C:\WINDOWS\system32\msvcrt.dll handle: 77C00000 size: 343040 crc: D029EA11 date: 2008-04-14 16:22:13
 C:\WINDOWS\system32\WS2HELP.dll handle: 71A90000 size: 19968 crc: F4C43B5D date: 2008-04-14 16:22:32
 C:\WINDOWS\system32\SHELL32.dll handle: 7C9C0000 size: 8468480 crc: 25EABB1F date: 2010-07-27 06:30:30
 C:\WINDOWS\system32\SHLWAPI.dll handle: 77F60000 size: 474112 crc: BCE7C13A date: 2009-12-08 09:25:46
 C:\WINDOWS\system32\IMM32.DLL handle: 76370000 size: 110080 crc: 71249ABB date: 2008-04-14 16:22:03
 C:\WINDOWS\WinSxS\x86_Microsoft.Windows.Common-Controls_6595b64144ccf1df_6.0.2600.6028_x-ww_61e65202\comctl32.dll handle: 773C0000 size: 1054208 crc: BA2F88FF date: 2010-08-23 16:13:23
 C:\WINDOWS\system32\comctl32.dll handle: 5D5D0000 size: 617472 crc: 054E7AE6 date: 2010-08-23 16:13:25
 C:\WINDOWS\system32\SHFolder.dll handle: 76770000 size: 25088 crc: 6DD9C0E2 date: 2008-04-14 16:22:21
 C:\WINDOWS\system32\WINTRUST.dll handle: 76C20000 size: 178176 crc: E345F23B date: 2009-12-24 06:44:26
 C:\WINDOWS\system32\CRYPT32.dll handle: 77A70000 size: 600576 crc: 42BD84CD date: 2008-11-13 14:21:03
 C:\WINDOWS\system32\MSASN1.dll handle: 77B10000 size: 58880 crc: FE6C833A date: 2009-09-04 21:05:29
 C:\WINDOWS\system32\IMAGEHLP.dll handle: 76C80000 size: 144384 crc: D2FDB25D date: 2008-04-14 16:22:02
 C:\WINDOWS\system32\wdmaud.drv handle: 72CF0000 size: 23552 crc: 5BA618B8 date: 2008-04-14 16:23:22
 C:\WINDOWS\system32\msacm32.drv handle: 72CE0000 size: 20480 crc: 52BC6A6F date: 2001-10-09 12:00:00
 C:\WINDOWS\system32\MSACM32.dll handle: 77BD0000 size: 71680 crc: 34E73AB4 date: 2008-04-14 16:22:09
 C:\WINDOWS\system32\midimap.dll handle: 77BC0000 size: 18944 crc: 1660BD48 date: 2008-04-14 16:22:06
 C:\WINDOWS\system32\uxtheme.dll handle: 5B290000 size: 218624 crc: C168CF0D date: 2008-04-14 16:22:30
 C:\WINDOWS\system32\MSCTF.dll handle: 746F0000 size: 297984 crc: B188498A date: 2008-04-14 16:22:10
 C:\PROGRAMFILER\NORTON INTERNET SECURITY\ENGINE\18.1.0.37\ASOEHOOK.DLL handle: 60C70000 size: 413552 crc: A76FDF93 date: 2010-08-17 03:39:11
 C:\WINDOWS\system32\ole32.dll handle: 774D0000 size: 1287680 crc: 5F49D34B date: 2010-07-16 12:01:22
 C:\WINDOWS\system32\OLEAUT32.dll handle: 77110000 size: 551936 crc: E928ACA1 date: 2008-04-14 16:22:17
 C:\WINDOWS\WinSxS\x86_Microsoft.VC90.CRT_1fc8b3b9a1e18e3b_9.0.30729.4148_x-ww_d495ac4e\MSVCR90.dll handle: 78520000 size: 653120 crc: 60CFF652 date: 2009-07-11 22:02:02
 C:\WINDOWS\WinSxS\x86_Microsoft.VC90.CRT_1fc8b3b9a1e18e3b_9.0.30729.4148_x-ww_d495ac4e\MSVCP90.dll handle: 78480000 size: 569664 crc: DC8BFAFD date: 2009-07-11 22:02:00
 C:\WINDOWS\system32\msctfime.ime handle: 75320000 size: 177152 crc: 9FFB4C2C date: 2009-02-27 04:58:24
 C:\WINDOWS\system32\CLBCATQ.DLL handle: 76FC0000 size: 498688 crc: 7B1966FF date: 2008-04-14 16:21:55
 C:\WINDOWS\system32\COMRes.dll handle: 77040000 size: 798208 crc: F110494A date: 2008-04-14 16:21:55
 C:\WINDOWS\system32\VERSION.dll handle: 77BF0000 size: 18944 crc: 04EE54BC date: 2008-04-14 16:22:30
 C:\WINDOWS\system32\dmime.dll handle: 60D90000 size: 181248 crc: 5381C55E date: 2008-04-14 16:21:58
 C:\WINDOWS\system32\DSOUND.dll handle: 73EE0000 size: 367616 crc: 79D28148 date: 2008-04-14 16:21:58
 C:\WINDOWS\system32\dmusic.dll handle: 6CF20000 size: 104448 crc: B1A2C6BC date: 2008-04-14 16:21:58
 C:\WINDOWS\system32\KsUser.dll handle: 73EB0000 size: 4096 crc: AE362D46 date: 2008-04-14 16:22:06
 C:\WINDOWS\system32\dmsynth.dll handle: 6CF40000 size: 103424 crc: 6533BCCB date: 2008-04-14 16:21:58
 C:\WINDOWS\system32\dmloader.dll handle: 6CFB0000 size: 35840 crc: 068B572D date: 2008-04-14 16:21:58
 C:\WINDOWS\system32\mswsock.dll handle: 71A40000 size: 246784 crc: A67BF78A date: 2008-06-20 17:49:37
 C:\WINDOWS\system32\hnetcfg.dll handle: 698D0000 size: 345088 crc: 7D6C7F3C date: 2008-04-14 16:22:02
 C:\WINDOWS\System32\wshtcpip.dll handle: 71A80000 size: 19456 crc: 087F87B5 date: 2008-04-14 16:22:33
 C:\WINDOWS\system32\dmstyle.dll handle: 6CF60000 size: 105984 crc: D68E14B5 date: 2008-04-14 16:21:58
 C:\WINDOWS\system32\dmband.dll handle: 6D160000 size: 28672 crc: 8430E0E6 date: 2008-04-14 16:21:58
 C:\WINDOWS\System32\wship6.dll handle: 59220000 size: 14336 crc: ECC26477 date: 2008-04-14 16:22:32
 C:\WINDOWS\system32\DNSAPI.dll handle: 76F10000 size: 147968 crc: 0A1E2F85 date: 2008-06-20 17:49:37
 C:\WINDOWS\system32\rasadhlp.dll handle: 76FB0000 size: 7680 crc: 854FF88A date: 2008-04-14 16:22:19
 C:\WINDOWS\system32\SETUPAPI.dll handle: 77910000 size: 987136 crc: 87A80E6F date: 2008-04-14 07:22:22
 C:\WINDOWS\system32\psapi.dll handle: 76BE0000 size: 23040 crc: 344E9591 date: 2008-04-14 16:22:18

---- gamelog start ----
Tick 0: new game started
     Revision text changed to r21615, savegame version 155, not modified, _openttd_newgrf_version = 0x1100546f
     New game mode: 1 landscape: 0
     Added NewGRF: GRF ID 424B5462, checksum 83FE5AA7CAFF0A307B44B297F2A259D6, filename: bk_enhanced_tunnel_set-1.0\bktunw.grf (md5sum matches)
     Added NewGRF: GRF ID FBFB9905, checksum F747797A14AAA646402DC4E16DE5E82C, filename: longer_girder__steel_bridge.1\longergirdersteelbridge.grf (md5sum matches)
     Added NewGRF: GRF ID 535A0901, checksum BECE0FB994E34EBDF6DB76EC3B566914, filename: purno_s_new_railway_fence.1\fencew.grf (md5sum matches)
     Added NewGRF: GRF ID 74677462, checksum A2396FFDCC0F1BA37A2A89EF525CDF21, filename: total_bridge_renewal_set.1.12\total_bridges.grf (md5sum matches)
     Added NewGRF: GRF ID 44440A01, checksum EFEE1435093730D3DA55BDF69653CADC, filename: av8_aviators_aircraft_set-1.7\pb_av8w.grf (md5sum matches)
     Added NewGRF: GRF ID 19060801, checksum 6CFC6328D999C140851BFE6514BA277A, filename: bigger_depots.0.3\bigdepot.grf (md5sum matches)
     Added NewGRF: GRF ID 4D656F17, checksum 29C4591139251FA114B328F7B76098AD, filename: 4LVw.grf (md5sum matches)
     Added NewGRF: GRF ID 52455400, checksum 1600687C50C5AB1E72EDD487CAD50E2A, filename: coded_by_aegir._artwork_by_aegir-1\ae_cityw.grf (md5sum matches)
     Added NewGRF: GRF ID 41501202, checksum EA844EF3C0427A1ABD520A7861979AA9, filename: heqs_heavy_equipment_set-0.9.5\heqs.grf (md5sum matches)
     Added NewGRF: GRF ID 52571201, checksum C1C7D8C53EB7E74EEE2F0EF29638B466, filename: egrvts.1.0\egrvts.grf (md5sum matches)
     Added NewGRF: GRF ID 444A0201, checksum 45054312E8038955B33606A427BAFF2F, filename: ges_pa2.1.grf (md5sum matches)
     Added NewGRF: GRF ID 4A430002, checksum 0728ADCB4DF2F1EB9247ABD449296F4E, filename: industrial_stations_renewal.0.8.0\indstatrw.grf (md5sum matches)
     Added NewGRF: GRF ID 44501401, checksum 5F46A5DE67D0168B638A878FB2D49AEB, filename: japanese_maglevs.0.1\jpmaglevw.grf (md5sum matches)
     Added NewGRF: GRF ID 41420000, checksum 91B1E5631A3A4926CC7C1DBDBBC585CD, filename: metro_subway_set-prealpha3.1\metro subway set.grf (md5sum matches)
     Added NewGRF: GRF ID FBFB0402, checksum C5D462B520ED5EEB3AF5619DA165DA35, filename: metro_track_set-1.1.0\metrotrk.grf (md5sum matches)
     Added NewGRF: GRF ID 44450002, checksum 94F025F7345888FC3062F233C569D248, filename: modular_locomotive_shed_stations-0.2.6\mlss026.grf (md5sum matches)
     Added NewGRF: GRF ID 6D620004, checksum 70649F1AFC954942173B0AA89C1E8B14, filename: newshipsw.grf (md5sum matches)
     Added NewGRF: GRF ID 44440302, checksum 439275017478C2E5E7AA25F5E191903D, filename: north_american_renewal_set.2_03\nars2w.grf (md5sum matches)
     Added NewGRF: GRF ID 44440301, checksum 8B73D8C3F5922AD35AE6F292A7B735E6, filename: nars_v1.1.0\pb_nars.grf (md5sum matches)
     Added NewGRF: GRF ID 045C030C, checksum F42CF9EBF107CEEF90A58BAE812A0A9D, filename: narvw-2.00\narvsw.grf (md5sum matches)
     Added NewGRF: GRF ID 4A530101, checksum 9C78028CB9346C54D73F296250C104A8, filename: PlaneSetw.grf (md5sum matches)
     Added NewGRF: GRF ID 52455200, checksum 0E5A9C5ACD2BCAF7FA0658C3F905A660, filename: rural_stations-1\ae_ruraw.grf (md5sum matches)
     Added NewGRF: GRF ID 4A4D0101, checksum 9ABAA3211849E0C55FB642521ECFB16F, filename: sailing_ships-0.3\sailing_ships.grf (md5sum matches)
     Added NewGRF: GRF ID 52455300, checksum 37C0B839B13C4B18051580C81EEDF427, filename: suburban_stations-1\ae_subuw.grf (md5sum matches)
     Added NewGRF: GRF ID 41490006, checksum 37860FF76C7645EFD0B8B1B2D26BAF05, filename: swedish_trains.7.3\ai_swedish.grf (md5sum matches)
     Added NewGRF: GRF ID 414F0000, checksum B3A84C7C6A98A501B7C4ADB07963FF7E, filename: the_danish_transport_set-0.0.2.b\danish_transport_setw.grf (md5sum matches)
     Added NewGRF: GRF ID FBFB0202, checksum D8395AAB346181680157E7792D5CD875, filename: transrapid_track_set-0.9.0beta\traratrk.grf (md5sum matches)
     Added NewGRF: GRF ID 44441001, checksum A9752611C2A92A76693AAB2855DE776A, filename: ukrs2_uk_railway_addon_set-1.0\pj1kadd.grf (md5sum matches)
     Added NewGRF: GRF ID 44440111, checksum 9B5051E70D60EF2926A249B923AFB0CA, filename: uk_renewal_set.3.04\pb_ukrs.grf (md5sum matches)
     Added NewGRF: GRF ID 444E0400, checksum 735D3D74D5DCADBF1FD6EF7A9C5A3519, filename: vast_station_tiles-0.2.0\vast.grf (md5sum matches)
     Added NewGRF: GRF ID 425F0101, checksum 5E6DC9FD3D9364AC6ABE21E6B4D8CE3E, filename: very_large_ships.0.1\vl_shipw.grf (md5sum matches)
     Added NewGRF: GRF ID 57A50001, checksum 792E1A8AB892DE5FF0A758701FB06BFA, filename: was_world_airliners_set-alpha2\was.grf (md5sum matches)
---- gamelog end ----

*** End of OpenTTD Crash Report ***

Decoded stack trace:
[00] ???                  0x7C812AFB xá—|RaiseException + 82
[01] ???                  0x0057014D
[02] ???                  0x00641FB0
[03] ???                  0x0042F807
[04] ???                  0x00449878

*** End of additional info ***
