*** OpenTTD Crash Report ***

Crash at: Sat Jan  2 13:50:40 2010

Crash reason:
 Signal:  Segmentation fault (11)
 Message: <none>

OpenTTD version:
 Version:    r18669 (0)
 NewGRF ver: 100048ed
 Bits:       64
 Endian:     little
 Dedicated:  no
 Build date: Jan  1 2010 15:32:42

Stacktrace:
 [00] ./openttd(_ZNK12CrashLogUnix13LogStacktraceEPcPKc+0x3c) [0x65b51c]
 [01] ./openttd(_ZNK8CrashLog12FillCrashLogEPcPKc+0xa1) [0x58a641]
 [02] ./openttd(_ZNK8CrashLog12MakeCrashLogEv+0x70) [0x58a720]
 [03] ./openttd [0x65b496]
 [04] /lib/libc.so.6 [0x2b3119ad12d0]
 [05] ./openttd(_ZN17NetworkChatWindow17OnInitialPositionEPK10WindowDescssi+0x38) [0x601f28]
 [06] ./openttd(_ZN6Window16FinishInitNestedEPK10WindowDesci+0x43) [0x7791b3]
 [07] ./openttd(_Z26ShowNetworkChatQueryWindow8DestTypei+0xd2) [0x601dc2]
 [08] ./openttd(_ZN10MainWindow10OnKeyPressEtt+0x1db) [0x5e372b]
 [09] ./openttd(_Z14HandleKeypressj+0x84) [0x7793e4]
 [10] ./openttd(_ZN15VideoDriver_SDL8MainLoopEv+0x270) [0x761ed0]
 [11] ./openttd(_Z8ttd_mainiPPc+0x1035) [0x64d4e5]
 [12] /lib/libc.so.6(__libc_start_main+0xf4) [0x2b3119abe5e4]
 [13] ./openttd(__gxx_personality_v0+0x2d9) [0x4aeb19]

Operating system:
 Name:    Linux
 Release: 2.6.24-gentoo-r8
 Version: #11 SMP Sat May 17 23:48:15 CEST 2008
 Machine: x86_64

Configuration:
 Blitter:      8bpp-optimized
 Graphics set: original_windows
 Language:     english.lng
 Music driver: extmidi
 Music set:    NoMusic
 Sound driver: sdl
 Sound set:    original_windows
 Video driver: sdl

AI Configuration:
  0: Human

Libraries:
 FontConfig: 2.6.0
 FreeType:   2.3.9
 ICU:        4.0.1
 PNG:        1.2.35
 SDL:        1.2.13

---- gamelog start ----
Tick 0: new game started
     Revision text changed to r18529, savegame version 132, not modified, _openttd_newgrf_version = 0x08004861
     New game mode: 1 landscape: 1
     Added NewGRF: GRF ID 4D470501, checksum 921D08A4B3430BDCC14715B6A1288350, filename: ottdc_grfpack/0_info.grf
     Added NewGRF: GRF ID 424B5461, checksum D8B7E0175E66D485634CFEA8CAE2ACC6, filename: ottdc_grfpack/4_infrastructure/bktun/BKTunw.grf
     Added NewGRF: GRF ID 58534602, checksum 181DF5910D8F6B29E3D2940DEDE43042, filename: ottdc_grfpack/4_infrastructure/found/found.grf
     Added NewGRF: GRF ID 74677462, checksum A2396FFDCC0F1BA37A2A89EF525CDF21, filename: ottdc_grfpack/4_infrastructure/totalbridges/total_bridges.grf
     Added NewGRF: GRF ID 52455400, checksum 1600687C50C5AB1E72EDD487CAD50E2A, filename: ottdc_grfpack/7_stations/ae_city/ae_cityw.GRF
     Added NewGRF: GRF ID 52455200, checksum 0E5A9C5ACD2BCAF7FA0658C3F905A660, filename: ottdc_grfpack/7_stations/ae_rura/ae_ruraw.GRF
     Added NewGRF: GRF ID 52455300, checksum 37C0B839B13C4B18051580C81EEDF427, filename: ottdc_grfpack/7_stations/ae_subu/ae_subuw.GRF
     Added NewGRF: GRF ID 45520102, checksum 1406B06F6475037445A944963CA6D5CE, filename: ottdc_grfpack/7_stations/basic_platforms/basic_platformsw.grf
     Added NewGRF: GRF ID 45520400, checksum 1D00426064137AA49B6FC4F4BCFF173F, filename: ottdc_grfpack/7_stations/brickfreight/brickfreightw.GRF
     Added NewGRF: GRF ID 504E0002, checksum 6E6944E09CE6C3AC130DF72C542EE4B1, filename: ottdc_grfpack/7_stations/buffers/buffers.grf
     Added NewGRF: GRF ID 43415463, checksum 422B1603DC1CEDA4E59E715E12EAD332, filename: ottdc_grfpack/7_stations/canstn/canstnw.grf
     Added NewGRF: GRF ID 45530400, checksum 1D13F6976C0C032F3FB8F76B84B6EBA8, filename: ottdc_grfpack/7_stations/jpstats/jpstatsw.grf
     Added NewGRF: GRF ID 58534453, checksum 2E100BCA91DB8371CD9D57DBEC3AB0C8, filename: ottdc_grfpack/7_stations/dutchstat/dutchstatw.grf
     Added NewGRF: GRF ID 4A430002, checksum 0728ADCB4DF2F1EB9247ABD449296F4E, filename: ottdc_grfpack/z_obsolete/indstatr/indstatrw_6.grf
     Added NewGRF: GRF ID 45520500, checksum 7E30CA79D5A8B3A6CBE873E26096D7D2, filename: ottdc_grfpack/7_stations/modernsuburban/modernsuburbanw.GRF
     Added NewGRF: GRF ID 6D620601, checksum 44EB2F155862E4D4F0AB671D7021AF54, filename: ottdc_grfpack/7_stations/newstats/newstatsw.grf
     Added NewGRF: GRF ID 19060801, checksum 6CFC6328D999C140851BFE6514BA277A, filename: bigger_depots.0.3/bigdepot.grf
     Added NewGRF: GRF ID 504E0001, checksum E7781323D2B0086E2E76342DAA036054, filename: ottdc_grfpack/7_stations/ukwaypoints/ukwaypointsw.grf
     Added NewGRF: GRF ID 54570200, checksum 3DEB9B30A6254AE8606A5A9A99A9A696, filename: ottdc_grfpack/7_stations/usstats/usstatsw.grf
     Added NewGRF: GRF ID 52571201, checksum C1C7D8C53EB7E74EEE2F0EF29638B466, filename: ottdc_grfpack/8_vehicles/road_vehicles/grvts/egrvts.grf
     Added NewGRF: GRF ID 6D620004, checksum 70649F1AFC954942173B0AA89C1E8B14, filename: ottdc_grfpack/8_vehicles/ships/newships/newshipsw.grf
     Added NewGRF: GRF ID 44440A01, checksum D48D7AD02CA355B92FAE081DC4A36868, filename: ottdc_grfpack/8_vehicles/planes/pb_av8/pb_av8w.grf
     Added NewGRF: GRF ID 43414E61, checksum 3233EAB371490D899A348A0AE8C59591, filename: ottdc_grfpack/1_other/townnames/canadian/CaNames.grf
     Added NewGRF: GRF ID 4D413032, checksum EB482BE1789BC292CD6CAC011F2932C3, filename: ottdc_grfpack/8_vehicles/trains_wagons/empty/empty.grf
     Added NewGRF: GRF ID 54560103, checksum 381A11BC5B0F0489B410A0A3B4967844, filename: ottdc_grfpack/2_landscape/smoothsnow/smoothsnoww.grf
     Added NewGRF: GRF ID 44440302, checksum 439275017478C2E5E7AA25F5E191903D, filename: ottdc_grfpack/8_vehicles/trains_wagons/nars2/nars2w.grf
     Added NewGRF: GRF ID 41424631, checksum C3BCFB890BE4207032E5B94889DDBC33, filename: ottdc_grfpack/6_town_buildings/partysquare/partysquare.grf
Tick 0: game loaded
     Revision text changed to r18577, savegame version 132, not modified, _openttd_newgrf_version = 0x08004891
Tick 47: game loaded
     Revision text changed to r18669, savegame version 132, modified, _openttd_newgrf_version = 0x100048ed
Tick 51584: game loaded
     Revision text changed to r18669, savegame version 132, not modified, _openttd_newgrf_version = 0x100048ed
Tick 51996: GRF config changed
     Added NewGRF: GRF ID 49420105, checksum A6E7B72F9C52F08303204C6FB3A3700A
Tick 52179: GRF config changed
     Removed NewGRF: 49420105
Tick 52856: game loaded
     Revision text changed to r18669, savegame version 132, modified, _openttd_newgrf_version = 0x100048ed
Tick 49668: game loaded
     Revision text changed to r18669, savegame version 132, not modified, _openttd_newgrf_version = 0x100048ed
---- gamelog end ----

*** End of OpenTTD Crash Report ***
