*** OpenTTD Crash Report ***
Date: 2009-01-22 21:04:53
Build: r15209 built on Jan 22 2009 19:22:13
Language: 
Exception C0000005 at 77AB5844
Registers:
 EAX: D104D8F8 EBX: D104D900 ECX: 00589C3D EDX: 6F6D6E04
 ESI: 018C0000 EDI: 00000000 EBP: 0012EBA0 ESP: 0012EB94
 EIP: 77AB5844 EFLAGS: 00010246

Bytes at CS:EIP:
 80 78 07 05 0F 84 C0 AC 00 00 F6 40 07 3F 0F 84 C4 AC 00 00 3B C7 89 45

Stack trace: 
 D104D900 01765CB8 FFFFFFFF 0012EBB4 7731C56F 018C0000 00000000 D104D900
 0012EBF4 00589C1E 018C0000 00000000 D104D900 8B8B1F5B 01765CB8 01765CB8
 FFFFFFFF FFFFFFFF 0012EBC8 0012E7A8 0012EC90 00590D00 8BFD99AF FFFFFFFE
 0012EC9C 004D65EC D104D900 00000000 00000000 00000000 00000000 00000000
 00000000 004D658A 00000000 004D6FFE 00000001 01768798 00000000 01768248
 004D3453 01772368 00000001 01768798 00000000 00000000 08000200 01768248
 00000000 00000000 00000002 00000005 00000000 00000001 00000000 00000000
 08000200 01768248 01768798 01772360 0000000E 00000009 0012EC38 0012ED5C
 005A470C 00000003 0012ED68 004D1D5F 01768248 00000000 0000000B 0012ECD8
 0012ECE5 01768798 00000001 00000000 00000000 01768798 00000001 0000000B
 00000000 08000200 01768248 0000000E FFFFFFFE 01768824 0012ED00 0A008000
 01764B78 8B8B198B 00000000 77AA7F00 00000000 00000000 006AF240 000000C0
 0012ED20 0058D777 018C0AB4 0012ED60 00594C66 00000003 00594C5D 8B8B19CF
 00000000 00653130 00000000 0012ED2C 00000000 0012ED30 00590D00 0012EDAC
 00590D00 8BFD87E7 0012EDB4 005A487D 00000001 0012EDC0 004D4037 01768888
 00000009 00000001 00000009 0012EDE8 00000001 FFFFFFFF 00000000 01768798
 00000001 00000000 004C1CEB 00000000 0012ED90 08002000 0012FC48 00590D00
 0012FC48 005A444A FFFFFFFF 0012EDF4 004C3834 01768888 00000001 00000009
 0012EDE8 00000001 FFFFFFFF 01768798 00000400 01000001 00000000 01763450
 0012F484 004C1F93 00000000 00000001 FFFFFFFF 00000104 01763450 00653130
 004E8A70 0012F338 00000001 0061B58D 0012F8A9 00000400 002D37B0 555C3A43
 73726573 6275505C 5C63696C 6E65704F 20445454 6867694E 5C796C74 6C5C6961
 61726269 705C7972 66687461 65646E69 6F725C72 005C6461 002EF420 00000000
 000007FF 76000F79 002D00C4 00000001 00000000 002EF420 0000000C 000C0002

Module information:
 C:\Users\Public\OpenTTD Nightly\openttd.exe handle: 00400000 size: 2573824 crc: C0C4C643 date: 2009-01-22 19:26:08
 C:\Windows\system32\ntdll.dll handle: 77A50000 size: 1203792 crc: 7CFCEC95 date: 2008-01-19 07:38:14
 C:\Windows\system32\kernel32.dll handle: 772D0000 size: 888320 crc: 33D9889B date: 2008-01-19 07:34:36
 C:\Windows\system32\WINMM.dll handle: 74710000 size: 189952 crc: D22FC585 date: 2008-01-19 07:36:55
 C:\Windows\system32\msvcrt.dll handle: 763B0000 size: 680448 crc: E5AE7FEC date: 2008-01-19 07:35:15
 C:\Windows\system32\USER32.dll handle: 773B0000 size: 627200 crc: B687ED70 date: 2008-01-19 07:36:46
 C:\Windows\system32\GDI32.dll handle: 76460000 size: 296960 crc: AA2880BF date: 2008-10-21 05:25:18
 C:\Windows\system32\ADVAPI32.dll handle: 77570000 size: 798720 crc: F58CDFCB date: 2008-01-19 07:33:43
 C:\Windows\system32\RPCRT4.dll handle: 778B0000 size: 784896 crc: 3E044E39 date: 2008-04-12 03:32:11
 C:\Windows\system32\ole32.dll handle: 770F0000 size: 1315328 crc: 6B931D39 date: 2008-01-19 07:36:01
 C:\Windows\system32\OLEAUT32.dll handle: 77C20000 size: 563200 crc: B69E10E1 date: 2008-01-19 07:36:01
 C:\Windows\system32\OLEACC.dll handle: 746D0000 size: 215040 crc: EF3061D3 date: 2008-01-19 07:36:01
 C:\Windows\system32\WS2_32.dll handle: 762D0000 size: 179200 crc: 5D581120 date: 2008-01-19 07:37:09
 C:\Windows\system32\NSI.dll handle: 77C00000 size: 8192 crc: 10729B39 date: 2008-01-19 07:35:57
 C:\Windows\system32\IMM32.DLL handle: 77450000 size: 114688 crc: 57C1E0CD date: 2008-01-19 07:34:33
 C:\Windows\system32\MSCTF.dll handle: 77980000 size: 806912 crc: 66ABCC79 date: 2008-01-19 07:34:55
 C:\Windows\system32\LPK.DLL handle: 77C10000 size: 23552 crc: 3277B148 date: 2008-01-19 07:34:43
 C:\Windows\system32\USP10.dll handle: 77470000 size: 501760 crc: 09CF36C9 date: 2008-01-19 07:36:47
 C:\Windows\system32\avgrsstx.dll handle: 10000000 size: 10520 crc: D2B9D9CC date: 2008-07-08 08:54:20
 C:\Windows\system32\SHFolder.dll handle: 71690000 size: 7168 crc: 1CA14A5C date: 2006-11-02 09:46:13
 C:\Windows\system32\SHELL32.dll handle: 764B0000 size: 11580928 crc: CE4BF6CB date: 2008-11-06 13:14:25
 C:\Windows\system32\SHLWAPI.dll handle: 76300000 size: 351744 crc: F95C1869 date: 2008-01-19 07:36:29
 C:\Windows\WinSxS\x86_microsoft.windows.common-controls_6595b64144ccf1df_6.0.6001.18000_none_5cdbaa5a083979cc\comctl32.dll handle: 75070000 size: 1684480 crc: 57ECDF87 date: 2008-01-19 07:26:34
 C:\Windows\system32\psapi.dll handle: 76230000 size: 12288 crc: D7B812C5 date: 2006-11-02 09:46:12

System information:
 Windows version 6.0 6001 Service Pack 1

---- gamelog start ----
---- gamelog end ----
