*** OpenTTD Crash Report ***
Date: 2009-04-26 09:46:56
Build: r16137 (0) built on Apr 24 2009 18:23:46
Reason: Assertion failed at ..\src\town_cmd.cpp:2079: IsTileType(tile, MP_HOUSE)
Language: czech.lng
Exception C0000005 at 004A767C
Registers:
 EAX: 00DF3600 EBX: 00017508 ECX: 0012F9A8 EDX: 00DF3649
 ESI: 00017509 EDI: 00017509 EBP: 0012FBE4 ESP: 0012FBC0
 EIP: 004A767C EFLAGS: 00010206

Bytes at CS:EIP:
 C6 05 00 00 00 00 00 FF 74 24 10 8B 74 24 10 E8 93 AA 06 00 57 E8 97 5C

Stack trace: 
 022C8F68 0000004B 004A77F3 022C8F68 0000004B 00017508 022C8F68 00000004
 0000004A 0012FC14 004A53A8 00603D90 00017508 006450EC 00000003 0000004A
 00603D90 006B3430 4CF1E633 006450EC 00017508 00000290 0041D86C 0012FC54
 7E37A78F 00107C37 00000000 0042BBDB 7E37A78F 00107C37 0012FC54 00000000
 0012FC54 00000000 00000000 00422249 7E37A837 0012FC64 0042BE21 00000000
 0012FC4C 00000000 005320EB 006AB31C 00000000 0012FD14 00000000 0012FC68
 00107C37 00107C55 00000000 00000000 000500FA 0000000F 00000000 00000000
 00107C17 00000104 00000193 0042B2D1 0012FD2C 00000001 00000001 01000001
 00000000 00000000 00000000 00000000 00D2F868 FFFFFFFF 00000000 00000000
 00000104 00000000 FFFFFFFF 00000000 0012FF30 00000000 00000000 00000000
 FFFFFFFF 0012FE34 0064CD30 00000000 0000E9D6 0012FF30 004460A2 00000001
 0012FE30 FFFFFFFE 00000000 5C3A4322 676F7250 206D6172 656C6946 704F5C73
 54546E65 706F5C44 74746E65 78652E64 00200065 00C50178 00C570C0 0000000D
 00C50178 00C50178 00C572B8 00C50178 00000004 00C572A0 00000000 00C50178
 00C50178 00C50178 00C50178 00C572B0 00C50168 00000000 00000000 00C572B0
 00000020 00C572B8 00C56D38 00C50178 00000020 00000178 00C50000 0012FBB4
 00C50178 0012FE7C 7C90E920 7C9101E0 FFFFFFFF 7C9101DB 00594066 00C50000
 00000000 00000018 00C57068 0012FEEC 0012FEF8 0012FE0C 005940FC 00000018
 00C57098 00C50168 00000000 0012FE88 004F70B5 00000018 00409A49 00C570A0
 00409ACF 00C57068 00C57270 0012FEEC 0012FD2D 0012FC2C 00C57298 00C50168
 00000000 00000000 00C57298 00000018 00C572A0 00000000 00C52C4C 00000000
 0012FEA4 0059FEB7 00C50000 00000000 7C90D80A 7C913416 FFFFFFFF 00000024
 0012FE8C 00000004 00000000 002911AE 0012FEA0 0059CD38 00C52C50 00C52C50
 0012FEC0 0059624F 00EC3DFE 00758DC0 0059ACFD 00692100 0012FEF8 005974A2

Module information:
 C:\Program Files\OpenTTD\openttd.exe handle: 00400000 size: 2730496 crc: E993703D date: 2009-04-24 18:27:58
 C:\WINDOWS\system32\ntdll.dll handle: 7C900000 size: 709632 crc: BAF97B9A date: 2009-02-09 10:56:05
 C:\WINDOWS\system32\kernel32.dll handle: 7C800000 size: 988160 crc: 7F6413F3 date: 2009-03-21 14:09:02
 C:\WINDOWS\system32\WINMM.dll handle: 76B30000 size: 174592 crc: 97C69A23 date: 2008-04-14 03:22:05
 C:\WINDOWS\system32\ADVAPI32.dll handle: 77DC0000 size: 684032 crc: 27DFA0E8 date: 2009-02-09 10:56:05
 C:\WINDOWS\system32\RPCRT4.dll handle: 77E70000 size: 584704 crc: E8278DD0 date: 2008-04-14 03:21:54
 C:\WINDOWS\system32\Secur32.dll handle: 77FE0000 size: 56832 crc: 89138FBE date: 2009-02-03 19:58:42
 C:\WINDOWS\system32\GDI32.dll handle: 77F10000 size: 286720 crc: 558CB163 date: 2008-10-23 12:42:52
 C:\WINDOWS\system32\USER32.dll handle: 7E360000 size: 578560 crc: 810EA445 date: 2008-04-14 03:22:04
 C:\WINDOWS\system32\WS2_32.dll handle: 71A90000 size: 82432 crc: 54E7139D date: 2008-04-14 03:22:06
 C:\WINDOWS\system32\msvcrt.dll handle: 77C00000 size: 343040 crc: 82A18593 date: 2008-04-14 03:21:49
 C:\WINDOWS\system32\WS2HELP.dll handle: 71A80000 size: 19968 crc: 16A4F56E date: 2008-04-14 03:22:06
 C:\WINDOWS\system32\SHELL32.dll handle: 7C9C0000 size: 8465408 crc: 832DFB9B date: 2008-06-17 19:02:56
 C:\WINDOWS\system32\SHLWAPI.dll handle: 77F60000 size: 474112 crc: A5A650CE date: 2008-04-14 03:21:55
 C:\WINDOWS\system32\IMM32.DLL handle: 76370000 size: 110080 crc: 7CC3FB3C date: 2008-04-14 03:21:43
 C:\WINDOWS\WinSxS\x86_Microsoft.Windows.Common-Controls_6595b64144ccf1df_6.0.2600.5512_x-ww_35d4ce83\comctl32.dll handle: 773C0000 size: 1054208 crc: CE734765 date: 2008-04-14 03:07:05
 C:\WINDOWS\system32\comctl32.dll handle: 5D5A0000 size: 617472 crc: EF37BB95 date: 2008-04-14 03:21:38
 C:\WINDOWS\system32\SHFolder.dll handle: 76770000 size: 25088 crc: C487B370 date: 2008-04-14 03:21:55
 C:\WINDOWS\system32\WINTRUST.dll handle: 76C20000 size: 176640 crc: 6AB4DBF4 date: 2008-04-14 03:22:05
 C:\WINDOWS\system32\CRYPT32.dll handle: 77A70000 size: 602112 crc: 8BA8D385 date: 2008-04-14 03:21:38
 C:\WINDOWS\system32\MSASN1.dll handle: 77B10000 size: 57344 crc: EAFD178F date: 2008-04-14 03:21:47
 C:\WINDOWS\system32\IMAGEHLP.dll handle: 76C80000 size: 144384 crc: 77B067D2 date: 2008-04-14 03:21:43
 C:\WINDOWS\system32\wdmaud.drv handle: 72CE0000 size: 23552 crc: D4EA0544 date: 2008-04-14 03:22:58
 C:\WINDOWS\system32\msacm32.drv handle: 72CD0000 size: 20480 crc: D2823952 date: 2001-10-25 14:00:00
 C:\WINDOWS\system32\MSACM32.dll handle: 77BD0000 size: 71680 crc: 0F11E98F date: 2008-04-14 03:21:46
 C:\WINDOWS\system32\midimap.dll handle: 77BC0000 size: 18944 crc: 6C0FE179 date: 2008-04-14 03:21:45
 C:\WINDOWS\system32\ole32.dll handle: 774D0000 size: 1287168 crc: D88DA305 date: 2008-04-14 03:21:53
 C:\WINDOWS\system32\uxtheme.dll handle: 5B250000 size: 219648 crc: A269DCE7 date: 2008-04-14 03:22:04
 C:\WINDOWS\system32\MSCTF.dll handle: 746F0000 size: 297984 crc: 7E4D8B79 date: 2008-04-14 03:21:47
 C:\WINDOWS\system32\CLBCATQ.DLL handle: 76FC0000 size: 498688 crc: 7485F944 date: 2008-04-14 03:21:38
 C:\WINDOWS\system32\COMRes.dll handle: 77040000 size: 806912 crc: 0037EB49 date: 2008-04-14 03:21:38
 C:\WINDOWS\system32\OLEAUT32.dll handle: 77110000 size: 551936 crc: 8BC4BD61 date: 2008-04-14 03:21:53
 C:\WINDOWS\system32\VERSION.dll handle: 77BF0000 size: 18944 crc: D999F19B date: 2008-04-14 03:22:04
 C:\WINDOWS\system32\dmime.dll handle: 60D60000 size: 181248 crc: 051A53CA date: 2008-04-14 03:21:39
 C:\WINDOWS\system32\DSOUND.dll handle: 73ED0000 size: 367616 crc: D00E35F8 date: 2008-04-14 03:21:40
 C:\WINDOWS\system32\dmusic.dll handle: 6CF00000 size: 104448 crc: 661BBD3C date: 2008-04-14 03:21:39
 C:\WINDOWS\system32\KsUser.dll handle: 73EA0000 size: 4096 crc: 5FA40F0A date: 2008-04-14 03:21:45
 C:\WINDOWS\system32\dmsynth.dll handle: 6CF20000 size: 103424 crc: 15A88EB7 date: 2008-04-14 03:21:39
 C:\WINDOWS\system32\dmloader.dll handle: 6CF90000 size: 35840 crc: 37FCABDE date: 2008-04-14 03:21:39
 C:\WINDOWS\system32\msctfime.ime handle: 751A0000 size: 177152 crc: 8CE75743 date: 2008-04-14 03:18:29
 C:\WINDOWS\system32\imon.dll handle: 20B00000 size: 298104 crc: 983856C0 date: 2007-09-21 12:41:33
 C:\WINDOWS\system32\WSOCK32.dll handle: 71AB0000 size: 24576 crc: B1A5ECA7 date: 2008-04-14 03:22:06
 C:\Program Files\Eset\pr_imon.dll handle: 20C00000 size: 52280 crc: 69F04959 date: 2007-09-21 12:41:33
 C:\Program Files\Ashampoo\Ashampoo FireWall FREE\spi.dll handle: 01A40000 size: 393728 crc: 20DAD5BD date: 2008-06-02 11:01:14
 C:\WINDOWS\system32\mswsock.dll handle: 71A30000 size: 247296 crc: AA868B0C date: 2008-06-20 17:49:25
 C:\WINDOWS\system32\hnetcfg.dll handle: 698B0000 size: 345088 crc: 8D58532C date: 2008-04-14 03:21:42
 C:\WINDOWS\System32\wshtcpip.dll handle: 71A70000 size: 19456 crc: 3807F96C date: 2008-04-14 03:22:06
 C:\WINDOWS\system32\psapi.dll handle: 76BE0000 size: 23040 crc: E668331A date: 2008-04-14 03:21:53

System information:
 Windows version 5.1 2600 Service Pack 3

---- gamelog start ----
Tick 58651: game loaded
     Conversion from OTTD savegame without gamelog: version 92, 0
     Revision text changed to r16137, savegame version 118, not modified, _openttd_newgrf_version = 0x08003f09
     New game mode: 1 landscape: 0
     Added NewGRF: GRF ID 56430001, checksum AF3E0A1E6EF0B98DB966594578D1775B
     Added NewGRF: GRF ID 45520102, checksum 1406B06F6475037445A944963CA6D5CE
     Added NewGRF: GRF ID 45520101, checksum 37E00D26B29004DCCFE545F5EFE7C211
     Added NewGRF: GRF ID 6D620401, checksum C5ACB6D5536A464FD78871D91840A35F, filename: dbsetxlw.grf
     Added NewGRF: GRF ID 4D656F09, checksum 8ABA3EA830D014726241151CFBBE9E53
     Added NewGRF: GRF ID 4D656F12, checksum 2B473E85DC9B7A4F14B3803B9C103668
     Added NewGRF: GRF ID 4D656F11, checksum AFBF42E82884F287692237EA10607DC6
     Added NewGRF: GRF ID 4D656F0C, checksum 81176D46045F9442D1A7614C7F3203B6
     Added NewGRF: GRF ID 4D656F07, checksum CFC3E1515BE0BB16E2EA0A769CFD1600
     Added NewGRF: GRF ID 4D656F0B, checksum 555E588A6AB9BA401058F48CD7C74274
     Added NewGRF: GRF ID 4D656F0E, checksum DCF7E4B763E1007400795ECF35B70103
     Added NewGRF: GRF ID 4D656F0A, checksum BAF381AB927C4A791DC74D20622ECEB4
     Added NewGRF: GRF ID 4D656F10, checksum 96045A75C3909166E482A1BDE4888FF2
     Added NewGRF: GRF ID 49450001, checksum 672017DC3DEDF479A011617DAE7DB591
     Added NewGRF: GRF ID 4A500101, checksum 674CF12118CAFD9F3565259B1EBD97EB, filename: coalminew.grf
     Added NewGRF: GRF ID 4A500201, checksum 9FF3A1563C4A8B35585E2AD14A56AF16, filename: ironminew.grf
     Added NewGRF: GRF ID 49450004, checksum 65808F2417ED5EF296337B36C96F3E7F
     Added NewGRF: GRF ID 535A0501, checksum 44B7893026BB8599A79DFAB05C3149AB
     Added NewGRF: GRF ID 49450003, checksum 629878DD8E230B7E390EB5268499FBDD
     Added NewGRF: GRF ID 6D620004, checksum 70649F1AFC954942173B0AA89C1E8B14, filename: newshipsw.grf
     Added NewGRF: GRF ID 4A530101, checksum 89B3FF23B0FA9EB728D5FFB4A96C3EC9
     Added NewGRF: GRF ID 5463C002, checksum 225853AB4CD4BD86D312B1269FF9CD12, filename: unifont.grf
     Added NewGRF: GRF ID 45520001, checksum 4F6DAB25CE0EA99584803A4C3AE77143
     Added NewGRF: GRF ID 45520003, checksum 0E5A15E514FDDC1C20721912BE8F6CF1
     Added NewGRF: GRF ID 4D656F08, checksum F43C549E393AD6D3E9CA7FB1C44394A8
     Added NewGRF: GRF ID 4D656F0D, checksum 332E18FBD7B8D753D30A0D152B7558FA
     Added NewGRF: GRF ID 45520004, checksum FAE5D547D28D5EA8CF3148F84CEF2D8E
     Added NewGRF: GRF ID 45520002, checksum 91BE852679BF24F3E1FB2D51D60083A3
     Added NewGRF: GRF ID 54430201, checksum C837D48D657129DD915830D60D68E09F, filename: csstationsw.grf
     Added NewGRF: GRF ID 54430202, checksum 081B62FD686AF2161866A0CF6EA043AC, filename: csplatformsw.grf
     Added NewGRF: GRF ID 54632301, checksum 27C47A20D48022AF9A29B9ECBDD3232D, filename: stat-cs_extras-win.grf
     Added NewGRF: GRF ID 52570103, checksum EDB2D26F9D81423734CA12412F309CF3
     Added NewGRF: GRF ID 54631001, checksum F0D24AD4A7510CDFF45D07A40BCB564B
     Removed NewGRF: 56430001
     Removed NewGRF: 45520102
     Removed NewGRF: 45520101
     Removed NewGRF: 4D656F09
     Removed NewGRF: 4D656F12
     Removed NewGRF: 4D656F11
     Removed NewGRF: 4D656F0C
     Removed NewGRF: 4D656F07
     Removed NewGRF: 4D656F0B
     Removed NewGRF: 4D656F0E
     Removed NewGRF: 4D656F0A
     Removed NewGRF: 4D656F10
     Removed NewGRF: 49450001
     Removed NewGRF: 49450004
     Removed NewGRF: 535A0501
     Removed NewGRF: 49450003
     Removed NewGRF: 4A530101
     Removed NewGRF: 45520001
     Removed NewGRF: 45520003
     Removed NewGRF: 4D656F08
     Removed NewGRF: 4D656F0D
     Removed NewGRF: 45520004
     Removed NewGRF: 45520002
     Removed NewGRF: 52570103
     Removed NewGRF: 54631001
Tick 58651: GRF config changed
     Removed NewGRF: 54632301, filename: stat-cs_extras-win.grf
Tick 59686: GRF config changed
     Added NewGRF: GRF ID 74677462, checksum A2396FFDCC0F1BA37A2A89EF525CDF21, filename: total_bridge_renewal_set.1.12\total_bridges.grf
     Added NewGRF: GRF ID 414C0101, checksum 3ACD79DA44566BE19753528E5E0D778E, filename: station_name.grf
     Added NewGRF: GRF ID 4D656F17, checksum 29C4591139251FA114B328F7B76098AD, filename: 4LVw.grf
     Added NewGRF: GRF ID 00000002, checksum 7D5AA45F332F9F205C605BFF1B03C217, filename: csdsignalsetw.grf
     Added NewGRF: GRF ID 54631002, checksum 8A4C46A4E6BE179023A39A6E6202061E, filename: rail-cs-ottd.grf
     Added NewGRF: GRF ID 54630002, checksum 5B3013612B24CE7C7478E683AAFDDBD0, filename: road-cs-ottd.grf
Tick 60639: GRF config changed
     Added NewGRF: GRF ID 42414753, checksum 5C384730817B74DDF2092DB3F8E8E91E, filename: glassstationw.grf
---- gamelog end ----
