*** OpenTTD Crash Report ***

Crash at: Mon Dec 16 15:00:31 2013
In game date: 2063-02-01 (0)

Crash reason:
 Signal:  Aborted (6)
 Message: <none>

OpenTTD version:
 Version:    1.3.3 (0)
 NewGRF ver: 13386618
 Bits:       32
 Endian:     little
 Dedicated:  no
 Build date: Nov 29 2013 17:56:05

Stacktrace:
 [00] openttd(_ZNK12CrashLogUnix13LogStacktraceEPcPKc+0x43) [0x8302b43]
 [01] openttd(_ZNK8CrashLog12FillCrashLogEPcPKc+0x102) [0x8208032]
 [02] openttd(_ZNK8CrashLog12MakeCrashLogEv+0xc0) [0x8208310]
 [03] openttd() [0x8302a91]
 [04] [0xb7767400]
 [05] [0xb7767424]
 [06] /lib/i386-linux-gnu/libc.so.6(gsignal+0x4f) [0xb6f2a1df]
 [07] /lib/i386-linux-gnu/libc.so.6(abort+0x175) [0xb6f2d825]
 [08] /lib/i386-linux-gnu/libc.so.6(+0x6b39a) [0xb6f6739a]
 [09] /lib/i386-linux-gnu/libc.so.6(+0x75ee2) [0xb6f71ee2]
 [10] openttd(_ZN17PersistentStorageD0Ev+0x2a) [0x82cafda]
 [11] openttd(_ZN8IndustryD2Ev+0x187) [0x826e2d7]
 [12] openttd(_Z19IndustryMonthlyLoopv+0x68) [0x8271f18]
 [13] openttd(_Z12IncreaseDatev+0x12a) [0x8208a5a]
 [14] openttd(_Z13StateGameLoopv+0x2cf) [0x82f5bef]
 [15] openttd(_Z8GameLoopv+0xc4) [0x82f6594]
 [16] openttd(_ZN15VideoDriver_SDL8MainLoopEv+0x188) [0x8406a08]
 [17] openttd(_Z8ttd_mainiPPc+0x13dd) [0x82f4abd]
 [18] openttd(main+0x48) [0x8144c58]
 [19] /lib/i386-linux-gnu/libc.so.6(__libc_start_main+0xf3) [0xb6f154d3]
 [20] openttd() [0x8166c9d]

Operating system:
 Name:     Linux
 Release:  3.2.0-57-generic-pae
 Version:  #87-Ubuntu SMP Tue Nov 12 21:57:43 UTC 2013
 Machine:  i686
 Compiler: GCC 4.6.3 "4.6.3"

Configuration:
 Blitter:      8bpp-optimized
 Graphics set: OpenGFX (1021)
 Language:     /usr/share/games/openttd/lang/swedish.lng
 Music driver: extmidi
 Music set:    OpenMSX (96)
 Network:      no
 Sound driver: sdl
 Sound set:    OpenSFX (87)
 Video driver: sdl

AI Configuration (local: 0):
  0: Human

Libraries:
 FontConfig: 2.8.0
 FreeType:   2.4.8
 ICU:        4.8.1.1
 LZMA:       5.1.0alpha
 LZO:        2.06
 PNG:        1.2.46
 SDL:        1.2.14
 Zlib:       1.2.3.4

---- gamelog start ----
Tick 0: new game started
     Revision text changed to 1.3.1, savegame version 180, not modified, _openttd_newgrf_version = 0x131862de
     New game mode: 1 landscape: 0
     Added NewGRF: GRF ID 54430201, checksum C837D48D657129DD915830D60D68E09F, filename: cs_stationset_v0.1-1/csstationsw.grf (md5sum matches)
     Added NewGRF: GRF ID 54430202, checksum 081B62FD686AF2161866A0CF6EA043AC, filename: cs_platforms_set-1/csplatformsw.grf (md5sum matches)
     Added NewGRF: GRF ID 54632301, checksum 27C47A20D48022AF9A29B9ECBDD3232D, filename: cs_extras_set-1/stat-cs_extras-win.grf (md5sum matches)
     Added NewGRF: GRF ID 43415463, checksum 422B1603DC1CEDA4E59E715E12EAD332, filename: ottdc_grfpack/7_stations/canstn/canstnw.grf (md5sum matches)
     Added NewGRF: GRF ID 43485053, checksum 2E3CD4DEF5781D546081B382C2E25A93, filename: chips_station_set-1.0.0/chips.grf (md5sum matches)
     Added NewGRF: GRF ID 52455400, checksum 1600687C50C5AB1E72EDD487CAD50E2A, filename: coded_by_aegir._artwork_by_aegir-1/ae_cityw.grf (md5sum matches)
     Added NewGRF: GRF ID 58534453, checksum 2E100BCA91DB8371CD9D57DBEC3AB0C8, filename: ottdc_grfpack/7_stations/dutchstat/dutchstatw.grf (md5sum matches)
     Added NewGRF: GRF ID 44578619, checksum B30A5E35634A59D2BDD9C2389CEDBF2C, filename: dwestationtiles__fences-v1.2/fences.grf (md5sum matches)
     Added NewGRF: GRF ID 44573452, checksum 48CF5FC0DEB895136F337A7E563FC66D, filename: dwestationtiles_industrial_ter-v0.7/dwe_stat_r.grf (md5sum matches)
     Added NewGRF: GRF ID 4A430002, checksum EFB21CFA6828362FDA9B2D629B5EEEB4, filename: industrial_stations_renewal-0.8.1/indstatr.grf (md5sum matches)
     Added NewGRF: GRF ID 45520500, checksum 7E30CA79D5A8B3A6CBE873E26096D7D2, filename: ottdc_grfpack/7_stations/modernsuburban/modernsuburbanw.GRF (md5sum matches)
     Added NewGRF: GRF ID 52455200, checksum 0E5A9C5ACD2BCAF7FA0658C3F905A660, filename: rural_stations-1/ae_ruraw.grf (md5sum matches)
     Added NewGRF: GRF ID 54570200, checksum 3DEB9B30A6254AE8606A5A9A99A9A696, filename: ottdc_grfpack/7_stations/usstats/usstatsw.grf (md5sum matches)
     Added NewGRF: GRF ID 444E0400, checksum 735D3D74D5DCADBF1FD6EF7A9C5A3519, filename: vast_station_tiles-0.2.0/vast.grf (md5sum matches)
     Added NewGRF: GRF ID 424B5462, checksum 83FE5AA7CAFF0A307B44B297F2A259D6, filename: bk_enhanced_tunnel_set-1.0/bktunw.grf (md5sum matches)
     Added NewGRF: GRF ID 44573553, checksum EF7529EBEAF35758EE07E628B25F608D, filename: dwenewobjects-v0.1/dwe_newobj.grf (md5sum matches)
     Added NewGRF: GRF ID 504E0002, checksum 6E6944E09CE6C3AC130DF72C542EE4B1, filename: generic_buffers.0.1/buffers.grf (md5sum matches)
     Added NewGRF: GRF ID 45530400, checksum 0CB1191FF67BA594F64B2934CFAEDF58, filename: ottdc_grfpack/7_stations/jpstats/jpstatsw.grf (md5sum matches)
     Added NewGRF: GRF ID 414E0101, checksum 5D665C64693A438E3046C22666F46E08, filename: fish_ship_set-0.9.2/fish.grf (md5sum matches)
     Added NewGRF: GRF ID 52577801, checksum 20B5D8122F2B4AD74ADDA30E44BA8233, filename: opengfx_biggui-2.0.0/ogfx-biggui.grf (md5sum matches)
     Added NewGRF: GRF ID 43415000, checksum C6AE1C574FD881A706AA2B623FB83BC1, filename: climate_dependant_airports-0.3.0/airportsplus.grf (md5sum matches)
     Added NewGRF: GRF ID 46727806, checksum 09E95562B1894A4D55D5532C6A889621, filename: opengfx_trees-0.2.2/opengfx+trees.grf (md5sum matches)
     Added NewGRF: GRF ID 45520600, checksum 346457CB4632554B6A175785236883E4, filename: ottdc_grfpack/z_obsolete/platforms/platformsw.GRF (md5sum matches)
     Added NewGRF: GRF ID 57A50001, checksum 792E1A8AB892DE5FF0A758701FB06BFA, filename: was_world_airliners_set-alpha2/was.grf (md5sum matches)
     Added NewGRF: GRF ID 41533031, checksum F3A0A556505B7A94733D85B892C2070C, filename: swedish_houses-1.1.1/swehouses.grf (md5sum matches)
     Added NewGRF: GRF ID 4444F000, checksum 875F485E4DB617B27C58543C4000F0FB, filename: old_wagons_new_cargos.1.1/oldwagons-newcargos.grf (md5sum matches)
     Added NewGRF: GRF ID 41490006, checksum 37860FF76C7645EFD0B8B1B2D26BAF05, filename: swedish_trains.7.3/ai_swedish.grf (md5sum matches)
     Added NewGRF: GRF ID 44440602, checksum 3D1DAA1E983E8F0188CD1E022ED8CF2C, filename: ottdc_grfpack/5_industries_cargos/pikkind/pikkindw.grf (md5sum matches)
     Added NewGRF: GRF ID 6D620601, checksum 345E3A5AFFED67377A86E8168EAAEA84, filename: newstats.grf (md5sum matches)
     Added NewGRF: GRF ID 53455230, checksum BA910273DD867CE5AC7CEFAA7A2C7895, filename: swedish_rails-0.8.0/swedishrails.grf (md5sum matches)
     Added NewGRF: GRF ID 52571203, checksum DEE3FEBD0D9F5F45191C05620F581655, filename: egrvts2-175/egrvts2.grf (md5sum matches)
Tick 41107: game loaded
     Revision text changed to 1.3.2, savegame version 180, not modified, _openttd_newgrf_version = 0x13286420
Tick 11391: game loaded
     Revision text changed to 1.3.3, savegame version 180, not modified, _openttd_newgrf_version = 0x13386618
---- gamelog end ----

*** End of OpenTTD Crash Report ***
