*** OpenTTD Crash Report ***

Crash at: Fri May 07 21:07:13 2010
In game date: 1990-10-03 (71)

Crash reason:
 Exception: C0000005
 Location:  004E81F3
 Message:   <none>

OpenTTD version:
 Version:    1.0.1 (0)
 NewGRF ver: 10184d1e
 Bits:       32
 Endian:     little
 Dedicated:  no
 Build date: Apr 30 2010 21:40:36

Registers:
 EAX: 004E81EA EBX: 00000000 ECX: 00000001 EDX: 00000003
 ESI: 00000001 EDI: 00000000 EBP: 0012FB04 ESP: 0012FAC8
 EIP: 004E81F3 EFLAGS: 00010206

 Bytes at instruction pointer:
 8A 47 11 33 DB 89 65 F0 3A C3 0F 85 F0 00 00 00 8B 47 08 38 58 0C 0F 85

Stack trace:
 01500DE8 00000001 00000000 04F8EC30 000000FF 00695415 00CC7490 00CC74A0
 00CC74A0 0051B526 00CC74A0 004E81EA 0012FFB0 00625B6A FFFFFFFF 0012FC30
 004DE95C 00000000 01500DE8 015021FC 000000FF 00428147 01500DE8 00000000
 00000001 00000364 00000000 00000000 00000000 00000000 00000000 00000000
 00000000 00000000 000000D2 0012FB80 7E398734 00090066 00000113 00000001
 015021FC 00533FB6 DCBAABCD 00000000 0012FBBC 00533FB6 0012FBE8 7E398BD9
 7FFDF000 0012FBE8 7E39989A 0012FBA8 7E39986B 00000000 0012FC80 00000000
 00000014 00000001 00000000 00000000 00000010 00000000 00000001 00000001
 00000000 00090066 0012FB9C 00000001 0012FC30 7E3C048F 7E399870 FFFFFFFF
 7E39986B 7E399791 00000000 00533FB6 00090066 00000113 00000001 7E3989EA
 01500DE8 005370CB 00CC3E64 00422C92 01500DE8 015021FC 0012FC4C 00000000
 00002733 00422DFE 0012FC4C 0041F1EB 01500DE8 0041F400 00000000 00002733
 015021FC 00000000 00428338 00000000 00534EA8 00772064 00000000 0012FD14
 00000000 0012FC58 015021FC 0150221A 00000000 00000000 00090066 00000113
 00000001 00533FB6 015021FC 00000142 000000D2 004275EB 0012FD2C 0012FE30
 00000001 01000025 00000000 00000000 00000000 00000000 00000000 FFFFFFFF
 00000000 0000FDE9 00000000 00000000 00000000 00000000 FFFFFFFF 00000000
 00000000 00000000 0012FF30 00000000 00000000 00000000 FFFFFFFF 0012FE34
 006EFBC0 00000000 00000000 0012FF30 00536BDC 00000001 0012FE30 FFFFFFFE
 00000000 5C3A4422 676F7250 616D6172 704F5C73 54546E65 706F5C44 74746E65
 78652E64 00200065 00CC0178 00CC0178 00CC7548 0000000D 00CC0178 00CC0178
 00CC7740 00CC0178 00000004 00CC7728 00000000 00CC0178 00CC0178 00CC0178
 00CC0178 00CC7738 00CC0168 00000000 00000000 00CC7738 00000020 00CC7740
 00CC71C0 00CC0178 00000020 00000178 00CC0000 0012FBB4 00CC0178 0012FE7C

Operating system:
 Name:     Windows
 Release:  5.1.2600 (Service Pack 3)
 Compiler: MSVC 1500

Configuration:
 Blitter:      8bpp-optimized
 Graphics set: OpenGFX
 Language:     portuguese.lng
 Music driver: dmusic
 Music set:    OpenMSX
 Network:      no
 Sound driver: win32
 Sound set:    OpenSFX
 Video driver: win32

AI Configuration (local: 255):
  0: Human
  1: Human
  2: Human
  3: Human
  4: Human
  5: Human
  6: Human
  7: Human
  8: Human
  9: Human
 10: Human
 11: Human
 12: Human
 13: Human
 14: Human

Libraries:
 FreeType:   2.3.12
 ICU:        4.2.1
 LZO:        2.03
 PNG:        1.2.43
 Zlib:       1.2.3

Module information:
 D:\Programas\OpenTTD\openttd.exe handle: 00400000 size: 3542016 crc: 9FC5D0CD date: 2010-04-30 21:43:32
 D:\WINDOWS\system32\ntdll.dll handle: 7C910000 size: 737792 crc: 90856CB4 date: 2009-02-09 10:53:17
 D:\WINDOWS\system32\kernel32.dll handle: 7C800000 size: 1039360 crc: 6B952D19 date: 2009-03-21 14:07:54
 D:\WINDOWS\system32\WINMM.dll handle: 76B00000 size: 180224 crc: 02314D66 date: 2008-04-14 16:09:33
 D:\WINDOWS\system32\ADVAPI32.dll handle: 77DA0000 size: 684032 crc: 142987AB date: 2009-02-09 10:53:17
 D:\WINDOWS\system32\RPCRT4.dll handle: 77E50000 size: 585216 crc: 4C165761 date: 2009-04-15 14:52:42
 D:\WINDOWS\system32\Secur32.dll handle: 77FC0000 size: 56832 crc: C9E50430 date: 2009-06-25 08:26:47
 D:\WINDOWS\system32\GDI32.dll handle: 77EF0000 size: 286720 crc: 61A9FB39 date: 2008-10-23 12:36:52
 D:\WINDOWS\system32\USER32.dll handle: 7E390000 size: 579584 crc: 00AC72D5 date: 2008-04-14 16:09:31
 D:\WINDOWS\system32\WS2_32.dll handle: 71A50000 size: 82432 crc: 0B1B54C5 date: 2008-04-14 16:09:34
 D:\WINDOWS\system32\msvcrt.dll handle: 77BE0000 size: 343040 crc: B7923E0B date: 2008-04-14 16:09:16
 D:\WINDOWS\system32\WS2HELP.dll handle: 71A40000 size: 19968 crc: E1CD405E date: 2008-04-14 16:09:34
 D:\WINDOWS\system32\SHELL32.dll handle: 7E6A0000 size: 8502272 crc: 8904B125 date: 2008-06-17 19:01:41
 D:\WINDOWS\system32\SHLWAPI.dll handle: 77F40000 size: 474624 crc: 70813767 date: 2009-12-08 09:24:25
 D:\WINDOWS\system32\IMM32.DLL handle: 76340000 size: 110080 crc: 9908BD0E date: 2008-04-14 16:09:10
 D:\WINDOWS\WinSxS\x86_Microsoft.Windows.Common-Controls_6595b64144ccf1df_6.0.2600.5512_x-ww_35d4ce83\comctl32.dll handle: 773A0000 size: 1054208 crc: 995A5ADE date: 2008-04-14 16:06:52
 D:\WINDOWS\system32\comctl32.dll handle: 5D4E0000 size: 617472 crc: 9E34DC97 date: 2008-04-14 16:09:06
 D:\WINDOWS\system32\SHFolder.dll handle: 76740000 size: 25088 crc: D757BD6D date: 2008-04-14 16:09:26
 D:\WINDOWS\system32\WINTRUST.dll handle: 76BF0000 size: 177664 crc: 5CED8417 date: 2009-12-24 07:00:35
 D:\WINDOWS\system32\CRYPT32.dll handle: 77A50000 size: 603136 crc: C560122D date: 2008-04-14 16:09:07
 D:\WINDOWS\system32\MSASN1.dll handle: 77AF0000 size: 58880 crc: 4A0C2ECA date: 2009-09-04 21:04:25
 D:\WINDOWS\system32\IMAGEHLP.dll handle: 76C50000 size: 144384 crc: C20A1E96 date: 2008-04-14 16:09:10
 D:\WINDOWS\system32\wdmaud.drv handle: 72CB0000 size: 23552 crc: 552BCBFA date: 2008-04-14 16:10:12
 D:\WINDOWS\system32\msacm32.drv handle: 72CA0000 size: 20992 crc: B0BC52A1 date: 2001-11-20 12:00:00
 D:\WINDOWS\system32\MSACM32.dll handle: 77BB0000 size: 71680 crc: 6156A967 date: 2008-04-14 16:09:14
 D:\WINDOWS\system32\midimap.dll handle: 77BA0000 size: 18944 crc: E1AD032F date: 2008-04-14 16:09:12
 D:\WINDOWS\system32\uxtheme.dll handle: 5B180000 size: 219648 crc: 3BA62C19 date: 2008-04-14 16:09:31
 D:\WINDOWS\system32\MSCTF.dll handle: 746C0000 size: 297984 crc: E33AB509 date: 2008-04-14 16:09:15
 D:\WINDOWS\system32\msctfime.ime handle: 75270000 size: 177152 crc: E282B933 date: 2008-04-14 16:07:45
 D:\WINDOWS\system32\ole32.dll handle: 774B0000 size: 1287168 crc: 4FA4711C date: 2008-04-14 16:09:23
 D:\WINDOWS\system32\CLBCATQ.DLL handle: 76F90000 size: 498688 crc: B0809A1E date: 2008-04-14 16:09:06
 D:\WINDOWS\system32\COMRes.dll handle: 77010000 size: 834048 crc: 186DF49B date: 2008-04-14 16:09:06
 D:\WINDOWS\system32\OLEAUT32.dll handle: 770F0000 size: 551936 crc: AEF6D5CF date: 2008-04-14 16:09:23
 D:\WINDOWS\system32\VERSION.dll handle: 77BD0000 size: 18944 crc: 5FB3B288 date: 2008-04-14 16:09:31
 D:\WINDOWS\System32\dmime.dll handle: 59A30000 size: 181248 crc: E7EF2A05 date: 2008-04-14 16:09:08
 D:\WINDOWS\System32\DSOUND.dll handle: 73EA0000 size: 367616 crc: 15D6EE1C date: 2008-04-14 16:09:08
 D:\WINDOWS\System32\dmusic.dll handle: 6CEB0000 size: 104448 crc: 217E0A2E date: 2008-04-14 16:09:08
 D:\WINDOWS\system32\KsUser.dll handle: 73E70000 size: 4096 crc: 359A7643 date: 2008-04-14 16:09:12
 D:\WINDOWS\System32\dmsynth.dll handle: 6CED0000 size: 103424 crc: E457D715 date: 2008-04-14 16:09:08
 D:\WINDOWS\System32\dmloader.dll handle: 6CF40000 size: 35840 crc: 6CFCCF0A date: 2008-04-14 16:09:08
 D:\WINDOWS\system32\mswsock.dll handle: 719F0000 size: 248320 crc: 502855A9 date: 2008-06-20 17:47:20
 D:\WINDOWS\system32\hnetcfg.dll handle: 66760000 size: 346624 crc: 84F0A19D date: 2008-04-14 16:09:10
 D:\WINDOWS\System32\wshtcpip.dll handle: 71A30000 size: 19456 crc: 31568F89 date: 2008-04-14 16:09:34
 D:\WINDOWS\System32\dmstyle.dll handle: 6CEF0000 size: 105984 crc: 3941A3A2 date: 2008-04-14 16:09:08
 D:\WINDOWS\System32\dmband.dll handle: 6D0F0000 size: 28672 crc: 58CAF209 date: 2008-04-14 16:09:08
 D:\WINDOWS\system32\DNSAPI.dll handle: 76EE0000 size: 147968 crc: 35F9F116 date: 2008-06-20 17:47:20
 D:\WINDOWS\system32\rasadhlp.dll handle: 76F80000 size: 7680 crc: 6D59E0BE date: 2008-04-14 16:09:24
 D:\WINDOWS\system32\psapi.dll handle: 76BB0000 size: 23040 crc: 02E4014D date: 2008-04-14 16:09:23

---- gamelog start ----
Tick 0: new game started
     Revision text changed to 1.0.1, savegame version 138, not modified, _openttd_newgrf_version = 0x10184d1e
     New game mode: 1 landscape: 0
---- gamelog end ----

*** End of OpenTTD Crash Report ***
