*** OpenTTD Crash Report ***

Crash at: Wed May 25 16:20:09 2011
In game date: 2226-02-01 (54)

Crash reason:
 Exception: E1212012
 Location:  000007FEFDE1AA7D
 Message:   Assertion failed at line 1857 of ..\src\vehicle.cpp: this->IsGroundVehicle()

OpenTTD version:
 Version:    1.1.1-RC1 (0)
 NewGRF ver: 111057c5
 Bits:       64
 Endian:     little
 Dedicated:  no
 Build date: May 15 2011 19:06:53

Registers:
 RAX: 000000002C61408A RBX: 0000000000000016 RCX: 000000000030DFF0 RDX: 0000000000000000
 RSI: 0000000000000000 RDI: 0000000000000008 RBP: 000000013FE24200 RSP: 000000000030E600
 R8:  0000000000000000 R9:  0000000000000000 R10: 0000000000000000 R11: 0000000000000286
 R12: 000000013FDD97B0 R13: 000000013F6C3E5C R14: 0000000000000001 R15: 000000007717F59B
 RIP: 000007FEFDE1AA7D EFLAGS: 00000202

 Bytes at instruction pointer:
 48 81 C4 C8 00 00 00 C3 90 90 90 90 90 90 90 90 90 90 90 48 83 EC 48 83

Stack trace:
 00000016 00000000 00000000 00000000 00000008 00000000 0030E638 00000000
 E1212012 00000000 00000000 00000000 FDE1AA7D 000007FE 00000000 00000000
 00000048 00000000 00000001 00000000 00000000 00000000 00000000 00000000
 00000070 00000000 FFFFFFFF FFFFFFFF FFFFFFFF FFFFFFFF 7718C333 00000000
 7718C3DF 00000000 7788FBEA 00000000 00000000 00000000 00000000 00000000
 00000000 00000000 7718A01B 00000000 00000000 00000000 778736B8 00000000
 00000001 00000000 3F7BD501 00000001 00000016 00000000 329FA0D2 00000000
 00ACCA08 00000000 00000001 00000000 00000000 00000000 778877DA 00000000
 00ACC9E0 00000000 7717F59B 00000000 00000000 00000000 00000000 00000000
 0000FFFF 00000000 5C3E9A02 00000000 05D140C0 00000000 3F7BC786 00000001
 00000001 00000000 080E9AF0 00000000 00000000 00000000 00000002 00000000
 00000000 00000000 7789F5E5 00000000 00000000 00000000 00000000 00000000
 778D937C 00000000 00000001 00000000 0030E7C8 00000000 00000030 00000003
 7717F5BA 00000000 7718BAF9 00000000 00A57F38 00000000 0030E7F8 00000000
 00000000 00000000 00ACC9E0 00000000 00000082 FFFFF900 00000000 00000000
 00000000 00000000 778736B8 00000000 77895810 00000000 7719764C 00000000
 03690CAC 00000000 00ACC9E0 00000000 00000001 00000000 00000001 00000000
 00000001 00000000 BF0A17C3 FFFFFFFF 47442180 00000000 00000202 00000000
 00000000 00000000 00120023 00000000 5C3EA69F 0000043B 0000025A 00000000
 00000000 00000000 00000000 00000000 77170000 00000000 004F7A10 00000000
 00000000 00000000 771974A5 00000000 03690CAC 00000000 771E32C4 00000000
 00000001 00000000 03690CAC 00000000 00000000 00000000 00000000 00000000
 00000001 00000000 00000010 00000000 00010003 00000000 00000001 00000000
 00000001 00000000 771E2825 00000000 004F7A10 00000000 004F7A10 00000000

Operating system:
 Name:     Windows
 Release:  6.1.7600 ()
 Compiler: MSVC 1500

Configuration:
 Blitter:      8bpp-optimized
 Graphics set: OpenGFX (622)
 Language:     C:\Program Files\OpenTTD\lang\english_US.lng
 Music driver: win32
 Music set:    OpenMSX (96)
 Network:      no
 Sound driver: win32
 Sound set:    OpenSFX (87)
 Video driver: win32

AI Configuration (local: 0):
  0: Human
  1: DictatorAI (v101)

Libraries:
 FreeType:   2.4.4
 ICU:        4.4.2
 LZMA:       5.0.0
 LZO:        2.03
 PNG:        1.4.5
 Zlib:       1.2.5

Module information:
 C:\Program Files\OpenTTD\openttd.exe handle: 000000013F4A0000 size: 9918464 crc: 7CDAE79B date: 2011-05-15 19:10:32
 C:\Windows\SYSTEM32\ntdll.dll handle: 0000000077850000 size: 1739176 crc: 08AFD0C3 date: 2010-10-27 05:16:01
 C:\Windows\system32\kernel32.dll handle: 00000000773D0000 size: 1162240 crc: 822946F0 date: 2009-07-14 01:41:13
 C:\Windows\system32\KERNELBASE.dll handle: 000007FEFDE10000 size: 421376 crc: 68F689E4 date: 2009-07-14 01:41:13
 C:\Windows\system32\WINMM.dll handle: 000007FEFB030000 size: 217600 crc: 7BC1529F date: 2009-07-14 01:41:56
 C:\Windows\system32\msvcrt.dll handle: 000007FEFED30000 size: 634880 crc: 7F3E716F date: 2009-07-14 01:41:32
 C:\Windows\system32\USER32.dll handle: 0000000077170000 size: 1008640 crc: 95FA0345 date: 2009-07-14 01:41:56
 C:\Windows\system32\GDI32.dll handle: 000007FEFE3B0000 size: 404480 crc: 0F1BAE69 date: 2009-07-14 01:40:56
 C:\Windows\system32\LPK.dll handle: 000007FEFE3A0000 size: 41984 crc: 350AF03B date: 2009-07-14 01:41:19
 C:\Windows\system32\USP10.dll handle: 000007FEFE420000 size: 801280 crc: 32EFA120 date: 2009-07-14 01:41:56
 C:\Windows\system32\WS2_32.dll handle: 000007FEFECE0000 size: 296448 crc: B9553AFD date: 2009-07-14 01:41:58
 C:\Windows\system32\RPCRT4.dll handle: 000007FEFE620000 size: 1221632 crc: D5B6358C date: 2009-07-14 01:41:53
 C:\Windows\system32\NSI.dll handle: 000007FEFE4F0000 size: 13824 crc: 53B46F6C date: 2009-07-14 01:41:53
 C:\Windows\system32\ADVAPI32.dll handle: 000007FEFE750000 size: 877056 crc: FA615A20 date: 2009-07-14 01:40:01
 C:\Windows\SYSTEM32\sechost.dll handle: 000007FEFE330000 size: 113664 crc: 978CFAE5 date: 2009-07-14 01:41:53
 C:\Windows\system32\SHELL32.dll handle: 000007FEFEDD0000 size: 14162944 crc: 38C0D5D7 date: 2010-07-27 14:59:11
 C:\Windows\system32\SHLWAPI.dll handle: 000007FEFE090000 size: 449536 crc: 0BFDF102 date: 2009-07-14 01:41:54
 C:\Windows\system32\IMM32.DLL handle: 000007FEFE1F0000 size: 167424 crc: 41B2805A date: 2009-07-14 01:41:09
 C:\Windows\system32\MSCTF.dll handle: 000007FEFE220000 size: 1067008 crc: 798DDDA0 date: 2009-07-14 01:41:28
 C:\Windows\system32\SHFolder.dll handle: 000007FEF77C0000 size: 10240 crc: 08A48DE3 date: 2009-07-14 01:41:54
 C:\Windows\system32\ole32.dll handle: 000007FEFEA30000 size: 2085376 crc: 4764DDC2 date: 2010-06-29 05:39:12
 C:\Windows\system32\MMDevAPI.DLL handle: 000007FEFC600000 size: 284160 crc: CDF2EF81 date: 2009-07-14 01:41:26
 C:\Windows\system32\PROPSYS.dll handle: 000007FEFC4D0000 size: 1212416 crc: 98D01BC9 date: 2009-07-14 01:41:53
 C:\Windows\system32\OLEAUT32.dll handle: 000007FEFE110000 size: 861184 crc: 112732BA date: 2010-04-07 07:37:39
 C:\Windows\system32\wdmaud.drv handle: 000007FEF7AA0000 size: 217088 crc: AB6BC545 date: 2009-07-14 01:38:50
 C:\Windows\system32\ksuser.dll handle: 0000000075100000 size: 5120 crc: AA2071D9 date: 2009-07-14 01:41:13
 C:\Windows\system32\AVRT.dll handle: 000007FEFC4C0000 size: 18432 crc: 5CE53CB7 date: 2009-07-14 01:40:05
 C:\Windows\system32\SETUPAPI.dll handle: 000007FEFE830000 size: 1899520 crc: 91ED5D15 date: 2009-07-14 01:41:54
 C:\Windows\system32\CFGMGR32.dll handle: 000007FEFDEC0000 size: 207360 crc: 369326FC date: 2009-07-14 01:40:15
 C:\Windows\system32\DEVOBJ.dll handle: 000007FEFDF00000 size: 93184 crc: A7541AE2 date: 2009-07-14 01:40:28
 C:\Windows\system32\AUDIOSES.DLL handle: 000007FEFAF80000 size: 296448 crc: 07CA71DE date: 2009-07-14 01:40:04
 C:\Windows\system32\msacm32.drv handle: 000007FEFC900000 size: 25600 crc: 2B579A05 date: 2009-07-14 01:38:50
 C:\Windows\system32\MSACM32.dll handle: 000007FEFAAC0000 size: 83456 crc: 3D67538B date: 2009-07-14 01:41:27
 C:\Windows\system32\midimap.dll handle: 000007FEFAFF0000 size: 20480 crc: CB902A13 date: 2009-07-14 01:41:23
 C:\Windows\system32\CRYPTBASE.dll handle: 000007FEFDB50000 size: 44032 crc: F547C16E date: 2009-07-14 01:40:24
 C:\Windows\system32\CLBCatQ.DLL handle: 000007FEFEC40000 size: 607744 crc: 939E35C9 date: 2009-07-14 01:40:15
 C:\Windows\system32\uxtheme.dll handle: 000007FEFC3F0000 size: 332288 crc: B0A13DF9 date: 2009-07-14 01:41:56
 C:\Windows\system32\dwmapi.dll handle: 000007FEFAFD0000 size: 82432 crc: A459F360 date: 2009-07-14 01:40:34
 C:\Program Files\WIDCOMM\Bluetooth Software\btmmhook.dll handle: 0000000010000000 size: 391456 crc: E9824290 date: 2010-06-08 22:55:24
 C:\Windows\system32\PSAPI.DLL handle: 0000000077A10000 size: 9216 crc: 84B5E9BA date: 2009-07-14 01:41:53
 C:\Windows\system32\mswsock.dll handle: 000007FEFD4F0000 size: 320000 crc: EA387916 date: 2009-07-14 01:41:34
 C:\Windows\System32\wshtcpip.dll handle: 000007FEFCEB0000 size: 13312 crc: 5D1E2C55 date: 2009-07-14 01:41:58
 C:\Windows\system32\mciseq.dll handle: 000007FEFB000000 size: 28672 crc: 61BC1358 date: 2009-07-14 01:41:21

---- gamelog start ----
Tick 0: new game started
     Revision text changed to 1.1.0, savegame version 160, not modified, _openttd_newgrf_version = 0x1108570a
     New game mode: 1 landscape: 1
     Added NewGRF: GRF ID 05102002, checksum A8B77B8D1F20D43B6FA521B4C3A8FC50, filename: monolev_replacement_set_v0.3.6-0.3.7\mrsv037.grf (md5sum matches)
     Added NewGRF: GRF ID 444E0601, checksum 888D2F784E25AF042B66905740A2B1BE, filename: monorail_infra_set-1.2.0\mics.grf (md5sum matches)
     Added NewGRF: GRF ID 44440A01, checksum 0BF8636EFEEF4F0617CAE47D77FF4C43, filename: av8_aviators_aircraft_set-1.81\pb_av8w.grf (md5sum matches)
     Added NewGRF: GRF ID 444A5901, checksum 23CEC795D97265752C21EA8F02564A61, filename: vacuum_tube_train-0.22\vactrain.grf (md5sum matches)
     Added NewGRF: GRF ID 54560301, checksum ED22416EE087725E4B5A9AF8F0357F29, filename: trolleybus_set-0.2\trolley.grf (md5sum matches)
     Added NewGRF: GRF ID 52571201, checksum C1C7D8C53EB7E74EEE2F0EF29638B466, filename: egrvts.1.0\egrvts.grf (md5sum matches)
Tick 20768: game loaded
     Revision text changed to 1.1.1-RC1, savegame version 160, not modified, _openttd_newgrf_version = 0x111057c5
---- gamelog end ----

*** End of OpenTTD Crash Report ***

Decoded stack trace:
[00] KERNELBASE           0x000007FEFDE1AA7D RaiseException + 61
[01] openttd              0x000000013F7BD501
[02] openttd              0x000000013F7BC786
[03] openttd              0x000000013F4E35D9
[04] openttd              0x000000013F506C02
[05] openttd              0x000000013F5830AE
[06] openttd              0x000000013F583250
[07] openttd              0x000000013F583B0A
[08] openttd              0x000000013F583A5A
[09] openttd              0x000000013F584058
[10] openttd              0x000000013F504774
[11] openttd              0x000000013F4E674C
[12] openttd              0x000000013F4E69C9
[13] openttd              0x000000013F6C279D
[14] openttd              0x000000013F4E52F9
[15] openttd              0x000000013F6C4C72
[16] openttd              0x000000013F7BF5FD
[17] kernel32             0x00000000773EF56D BaseThreadInitThunk + 13
[18] ntdll                0x0000000077882CC1 RtlUserThreadStart + 33

*** End of additional info ***
