*** OpenTTD Crash Report ***

Crash at: Wed May 29 14:02:21 2013
In game date: 1957-08-15 (72)

Crash reason:
 Exception: C0000005
 Location:  000000014010FD1C
 Message:   <none>

OpenTTD version:
 Version:    1.3.0 (0)
 NewGRF ver: 1308622f
 Bits:       64
 Endian:     little
 Dedicated:  no
 Build date: Mar 31 2013 21:06:12

Registers:
 RAX: 000000000E6B3D70 RBX: 0000000000000000 RCX: 0000000000000000 RDX: 000000000019EFB8
 RSI: 0000000000000000 RDI: 000000000E726700 RBP: 000000014010FD00 RSP: 000000000019EF40
 R8:  000000000019EFB8 R9:  0000000000000002 R10: 000000000000008A R11: 00000000000000FF
 R12: 0000000000000002 R13: 0000000000000000 R14: 0000000000000000 R15: 0000000000000000
 RIP: 000000014010FD1C EFLAGS: 00010202

 Bytes at instruction pointer:
 48 8B 89 B8 11 00 00 E8 AC C0 FC FF 48 8B 05 91 4E 81 00 0F B6 0D 43 C2

Stack trace:
 00000000 00000000 00000002 00000000 0E726700 00000000 00000000 00000000
 4010FD00 00000001 3FF86EE5 00000001 0000012E 00000000 00EBF337 00000000
 00002710 00000000 00000002 00000000 0000012E 00000000 4010FD00 00000001
 0E726788 00000000 4090A200 00000001 00000070 00000000 000000FF 00000000
 00000000 00000000 4000FFFF 00000000 00000001 00000000 00000000 00000000
 00EBF319 00000000 00EBF337 00000000 0E726770 00000000 3FFB6F73 00000001
 4090A2C8 00000001 00002710 00000000 0019F300 00000000 00000000 00000000
 4010FD00 00000001 0E726788 00000000 00000001 00000000 00EBF319 00000000
 00000003 00000000 3FFB1C94 00000001 00000001 00000000 00EBF319 00000000
 00EBF319 00000000 00000001 00000000 00000000 00000000 00000000 00000001
 00EBF319 00000000 00000000 00000000 00000000 00000000 3FFC3141 00000001
 00EBF300 00000000 00EBF300 00000000 0019F300 00000000 0000000E 00000000
 0019F0F8 00000000 00000030 00000002 777C6E5A 00000000 401A6AA6 00000001
 00000001 00000000 0019F128 00000000 C00000BB 00000000 00000000 00000000
 0000000F 000002D0 FD741203 000007FE 0019F1C8 00000000 401A5EE4 00000001
 778F1500 00000000 777C6E6C 00000000 FFFFD8F0 FFFFFFFF 0019F130 00000000
 00000048 00000000 00000001 00000000 00000000 00000000 00000000 00000000
 00000000 00000000 00000000 00000000 00000000 00000000 FF8011AD 000007FE
 00000000 00000000 00000000 00000000 00EBF2FA 00000000 00EBF318 00000000
 00000000 00000000 401A6E35 00000001 00EBF319 00000000 0019F300 00000000
 00EBF309 00000000 00000000 00000000 00000001 00000000 00000001 00000001
 000B0740 00000000 0000000F 00000000 00000000 00000000 00000000 00000000
 00EBF2FA 000002AD 000000B8 00000000 00000000 00000000 00000000 00000000
 00000006 00000000 00000007 00000000 00000001 00000000 3FFC1B87 00000001

Operating system:
 Name:     Windows
 Release:  6.1.7601 (Service Pack 1)
 Compiler: MSVC 1600

Configuration:
 Blitter:      8bpp-optimized
 Graphics set: original_windows (0)
 Language:     C:\Program Files\OpenTTD\lang\english.lng
 Music driver: win32
 Music set:    OpenMSX (96)
 Network:      server
 Sound driver: win32
 Sound set:    original_windows (0)
 Video driver: win32

AI Configuration (local: 0):
  0: Human
  2: OtviAI (v415)
  3: Human
  4: Trans (v100307)
  5: TutorialShipAI (v17)
  6: WmDOT (v12)
  7: SimpleAI (v8)
  8: Human
  9: Human
 10: Human

Libraries:
 FreeType:   2.4.5
 ICU:        4.4.2
 LZMA:       5.0.3
 LZO:        2.05
 PNG:        1.5.4
 Zlib:       1.2.5

Module information:
 C:\Program Files\OpenTTD\openttd.exe handle: 000000013FF80000 size: 9960448 crc: 633A1ABA date: 2013-03-31 21:10:06
 C:\Windows\SYSTEM32\ntdll.dll handle: 00000000778B0000 size: 1731920 crc: 71D20A99 date: 2011-11-17 06:41:18
 C:\Windows\system32\kernel32.dll handle: 0000000077690000 size: 1161216 crc: EC2F4AD5 date: 2012-11-30 05:41:07
 C:\Windows\system32\KERNELBASE.dll handle: 000007FEFD740000 size: 424448 crc: 2907A4D9 date: 2012-11-30 05:41:07
 C:\Windows\system32\WINMM.dll handle: 000007FEF8AB0000 size: 217600 crc: 7BC1529F date: 2009-07-14 01:41:56
 C:\Windows\system32\msvcrt.dll handle: 000007FEFF910000 size: 634880 crc: 9D1B448A date: 2011-12-16 08:46:06
 C:\Windows\system32\USER32.dll handle: 00000000777B0000 size: 1008128 crc: 70FF7D7F date: 2010-11-20 04:27:28
 C:\Windows\system32\GDI32.dll handle: 000007FEFF800000 size: 403968 crc: 3D5BC405 date: 2010-11-20 04:26:26
 C:\Windows\system32\LPK.dll handle: 000007FEFEFF0000 size: 41984 crc: 350AF03B date: 2009-07-14 01:41:19
 C:\Windows\system32\USP10.dll handle: 000007FEFEF20000 size: 800768 crc: ED52987B date: 2012-11-22 05:44:23
 C:\Windows\system32\WS2_32.dll handle: 000007FEFDAC0000 size: 297984 crc: 0F68689B date: 2010-11-20 04:27:30
 C:\Windows\system32\RPCRT4.dll handle: 000007FEFF9B0000 size: 1219584 crc: 5217F07C date: 2010-11-20 04:27:26
 C:\Windows\system32\NSI.dll handle: 000007FEFDBC0000 size: 13824 crc: 53B46F6C date: 2009-07-14 01:41:53
 C:\Windows\system32\ADVAPI32.dll handle: 000007FEFDD80000 size: 877056 crc: FA615A20 date: 2009-07-14 01:40:01
 C:\Windows\SYSTEM32\sechost.dll handle: 000007FEFF8F0000 size: 113664 crc: 978CFAE5 date: 2009-07-14 01:41:53
 C:\Windows\system32\SHELL32.dll handle: 000007FEFDE60000 size: 14172672 crc: CD9AB1F6 date: 2013-02-27 05:52:56
 C:\Windows\system32\SHLWAPI.dll handle: 000007FEFEE00000 size: 448512 crc: 086DF743 date: 2010-11-20 04:27:26
 C:\Windows\system32\IMM32.DLL handle: 000007FEFDB90000 size: 167424 crc: 41B2805A date: 2009-07-14 01:41:09
 C:\Windows\system32\MSCTF.dll handle: 000007FEFDBD0000 size: 1067008 crc: 798DDDA0 date: 2009-07-14 01:41:28
 C:\Windows\system32\SHFolder.dll handle: 000007FEFB2F0000 size: 10240 crc: 08A48DE3 date: 2009-07-14 01:41:54
 C:\Windows\system32\ole32.dll handle: 000007FEFEBF0000 size: 2086912 crc: 72F91CD0 date: 2010-11-20 04:27:24
 C:\Windows\system32\uxtheme.dll handle: 000007FEFBE70000 size: 332288 crc: B0A13DF9 date: 2009-07-14 01:41:56
 C:\Windows\system32\CRYPTBASE.dll handle: 000007FEFD5C0000 size: 44032 crc: F547C16E date: 2009-07-14 01:40:24
 C:\Windows\system32\CLBCatQ.DLL handle: 000007FEFEE80000 size: 607744 crc: 939E35C9 date: 2009-07-14 01:40:15
 C:\Windows\system32\OLEAUT32.dll handle: 000007FEFFAE0000 size: 861696 crc: 1F331414 date: 2011-08-27 05:37:49
 C:\Windows\system32\mswsock.dll handle: 000007FEFCF00000 size: 326144 crc: 136B1525 date: 2010-11-20 04:27:12
 C:\Windows\System32\wshtcpip.dll handle: 000007FEFC8C0000 size: 13312 crc: 5D1E2C55 date: 2009-07-14 01:41:58
 C:\Windows\system32\MMDevAPI.DLL handle: 000007FEFB800000 size: 284160 crc: CDF2EF81 date: 2009-07-14 01:41:26
 C:\Windows\system32\PROPSYS.dll handle: 000007FEFBED0000 size: 1212416 crc: B83FA3BE date: 2010-11-20 04:27:24
 C:\Windows\system32\wdmaud.drv handle: 000007FEF5BC0000 size: 217088 crc: 12829973 date: 2010-11-20 04:24:22
 C:\Windows\system32\ksuser.dll handle: 0000000072CB0000 size: 5120 crc: AA2071D9 date: 2009-07-14 01:41:13
 C:\Windows\system32\AVRT.dll handle: 000007FEFB6C0000 size: 18432 crc: 5CE53CB7 date: 2009-07-14 01:40:05
 C:\Windows\system32\SETUPAPI.dll handle: 000007FEFF620000 size: 1900544 crc: A364BD6A date: 2010-11-20 04:27:26
 C:\Windows\system32\CFGMGR32.dll handle: 000007FEFD920000 size: 207872 crc: 1984C339 date: 2010-11-20 04:25:52
 C:\Windows\system32\DEVOBJ.dll handle: 000007FEFD960000 size: 93184 crc: A7541AE2 date: 2009-07-14 01:40:28
 C:\Windows\system32\AUDIOSES.DLL handle: 000007FEF5A30000 size: 296448 crc: 90389554 date: 2010-11-20 04:25:44
 C:\Windows\system32\msacm32.drv handle: 000007FEF5BB0000 size: 25600 crc: 2B579A05 date: 2009-07-14 01:38:50
 C:\Windows\system32\MSACM32.dll handle: 000007FEF3BB0000 size: 83456 crc: 3D67538B date: 2009-07-14 01:41:27
 C:\Windows\system32\midimap.dll handle: 000007FEF3BA0000 size: 20480 crc: CB902A13 date: 2009-07-14 01:41:23
 C:\Windows\system32\dwmapi.dll handle: 000007FEFB7E0000 size: 82432 crc: A459F360 date: 2009-07-14 01:40:34
 C:\Windows\System32\wship6.dll handle: 000007FEFCEF0000 size: 13824 crc: E3FBF123 date: 2009-07-14 01:41:58
 C:\Windows\system32\DNSAPI.dll handle: 000007FEFCD80000 size: 357888 crc: 194CAF1C date: 2011-03-03 06:24:15
 C:\Windows\system32\IPHLPAPI.DLL handle: 000007FEFB270000 size: 145920 crc: 000D9F17 date: 2010-11-20 04:26:40
 C:\Windows\system32\WINNSI.DLL handle: 000007FEFADE0000 size: 26112 crc: 744B2434 date: 2009-07-14 01:41:56
 C:\Windows\System32\fwpuclnt.dll handle: 000007FEFAD10000 size: 324096 crc: 37B502C2 date: 2009-07-14 01:40:55
 C:\Windows\system32\rasadhlp.dll handle: 000007FEF9B50000 size: 16384 crc: C5FD1616 date: 2009-07-14 01:41:53
 C:\Windows\system32\psapi.dll handle: 0000000077A80000 size: 9216 crc: 84B5E9BA date: 2009-07-14 01:41:53

---- gamelog start ----
Tick 0: new game started
     Revision text changed to 1.3.0, savegame version 180, not modified, _openttd_newgrf_version = 0x1308622f
     New game mode: 1 landscape: 0
---- gamelog end ----

*** End of OpenTTD Crash Report ***

Decoded stack trace:
[00] openttd              0x000000014010FD1C
[01] openttd              0x000000013FF86EE5
[02] openttd              0x000000013FFB6F73
[03] openttd              0x000000013FFB1C94
[04] openttd              0x000000013FFC3141
[05] openttd              0x00000001401A6E35
[06] openttd              0x000000013FFC1B87
[07] openttd              0x00000001401A9346
[08] openttd              0x00000001402A491C
[09] kernel32             0x00000000776A652D BaseThreadInitThunk + 13
[10] ntdll                0x00000000778DC521 RtlUserThreadStart + 33

*** End of additional info ***
