*** OpenTTD Crash Report ***

Crash at: Mon Jan 31 08:00:56 2011
In game date: 1982-04-11 (10)

Crash reason:
 Exception: E1212012
 Location:  7629B727
 Message:   Assertion failed at line 1408 of D:/MinGW/msys/1.0/home/terkhen/__stable/1.0.5/src/station_cmd.cpp: ta.w != 0 && ta.h != 0

OpenTTD version:
 Version:    1.0.5 (0)
 NewGRF ver: 1058531e
 Bits:       32
 Endian:     little
 Dedicated:  no
 Build date: Jan 31 2011 08:55:34

Registers:
 EAX: 0028E840 EBX: 00000016 ECX: 00000000 EDX: 0008E3B8
 ESI: 75863180 EDI: 00000000 EBP: 0028E890 ESP: 0028E840
 EIP: 7629B727 EFLAGS: 00000246

 Bytes at instruction pointer:
 C9 C2 10 00 CC CC CC CC CC 8B FF 55 8B EC 56 8B 75 08 83 FE F4 72 18 83

Stack trace:
 E1212012 00000000 00000000 7629B727 00000000 0028E874 761FFE81 00030592
 758664A8 758103D8 00012010 00000000 FFFFFFFF 0028E890 761FFEC6 00030592
 778CFA7A 778F0E92 FFFFFFFF 00000024 0028E8FC 004F86AF E1212012 00000000
 00000000 00000000 75860290 0028E8FC 75825E81 75825E87 00000016 F0A716DF
 05CFE538 05CFE538 0028EC4C 778CFA7A 778E9BBC 00000000 00000024 004F8688
 00000001 0028E8BC 0028E3E4 0028F918 757E8CD5 850DA093 FFFFFFFE 0028EC34
 75828E8A 00000016 05CFE538 001B053A 00DC2280 00DC2558 000B0020 00000031
 00000000 010001D0 00000000 00000188 01010000 0028E86C 761C288A 0028F918
 779203DD 0036FEB7 FFFFFFFE 778E2E3A 778E2A32 00000000 00DC2280 00010003
 00000000 0028EB78 00DC2278 0028EA14 761FF908 00D60000 00000000 00DC2280
 00000001 0028EB78 00000001 0000001C 0000000F 00000000 009A0FA0 00000010
 00030592 00B51E3D 00000006 00000000 00000000 00000500 000002F8 00000000
 00000179 0028EB78 0000018D 00000000 00007F01 00000000 00000001 0000002D
 50022080 00000035 00000020 00000000 00000000 000001E6 757DA462 00DC2280
 00FE135C 00000000 00DC22EC 00FE13C8 00000125 0028EB6C 761FFBAC 00000010
 05CFE538 05CFE538 761FFBE4 00000001 008FDDD4 0028EA64 757DAA42 00B51E3C
 00000000 00FE0E04 00000016 7FFFFFFF 00000000 00000000 00000000 761FFBFC
 00000000 00000001 757DA8C1 00B51E3C 008FDDD4 00000016 0028EA84 7FFFFFFF
 00000000 75862BD0 00B516B8 00B507D0 00000000 0028EAC4 757DA9C8 00B51E3C
 00000001 00000016 00000001 00B5194C 00B51E3D 75862BD0 0028EAE4 00000000
 0028EB98 0028EAE0 006D6CB5 00000001 00000000 0000000A 00000000 0028EAFC
 31343038 00889494 00000000 0028EAF8 757CA442 FFFFFFFF 006D6B92 757DA490
 00000007 757DA462 F0A71517 05CFE538 0000007F 0028EC4C 009A0FA0 00000200
 0028ECC7 0028EB48 762C46EF 009A0FA0 00000000 0028EB44 009A1088 009A13A0

Operating system:
 Name:     Windows
 Release:  6.1.7600 ()
 Compiler: GCC 4.5.0 "4.5.0"

Configuration:
 Blitter:      8bpp-optimized
 Graphics set: OpenGFX (589)
 Language:     german.lng
 Music driver: win32
 Music set:    original_windows (1)
 Network:      no
 Sound driver: win32
 Sound set:    original_windows (0)
 Video driver: win32

AI Configuration (local: 0):
  0: Human
  1: Human
  2: Human
  3: Human

Libraries:
 FreeType:   2.4.3
 ICU:        4.6
 LZO:        2.04
 PNG:        1.4.4
 Zlib:       1.2.5

Module information:
 D:\MinGW\msys\1.0\home\terkhen\__stable\1.0.5\bin\openttd.exe handle: 00400000 size: 5750286 crc: 91E02B89 date: 2011-01-31 07:56:35
 C:\Windows\SysWOW64\ntdll.dll handle: 778b0000 size: 1289528 crc: DD5862D0 date: 2010-03-24 06:37:04
 C:\Windows\syswow64\kernel32.dll handle: 75480000 size: 836608 crc: C271BF8C date: 2009-07-14 01:11:23
 C:\Windows\syswow64\KERNELBASE.dll handle: 76290000 size: 269824 crc: 778A4077 date: 2009-07-14 01:11:23
 C:\Windows\syswow64\ADVAPI32.DLL handle: 759f0000 size: 640000 crc: 24248FE4 date: 2009-07-14 01:14:53
 C:\Windows\syswow64\msvcrt.dll handle: 757c0000 size: 690688 crc: 554C94A4 date: 2009-07-14 01:15:50
 C:\Windows\SysWOW64\sechost.dll handle: 75710000 size: 92160 crc: B624B29A date: 2009-07-14 01:16:13
 C:\Windows\syswow64\RPCRT4.dll handle: 77280000 size: 662528 crc: 21A3ED97 date: 2009-07-14 01:11:23
 C:\Windows\syswow64\SspiCli.dll handle: 75420000 size: 96768 crc: 88D768A6 date: 2009-12-11 07:36:33
 C:\Windows\syswow64\CRYPTBASE.dll handle: 75410000 size: 36864 crc: 00308E17 date: 2009-07-14 01:15:07
 C:\Windows\syswow64\GDI32.dll handle: 75580000 size: 310784 crc: D911CA67 date: 2009-07-14 01:11:21
 C:\Windows\syswow64\USER32.dll handle: 76190000 size: 833024 crc: E462ECF7 date: 2009-07-14 01:11:24
 C:\Windows\syswow64\LPK.dll handle: 75870000 size: 25600 crc: 3C6CC57C date: 2009-07-14 01:11:23
 C:\Windows\syswow64\USP10.dll handle: 758e0000 size: 627200 crc: 3887C4C8 date: 2009-07-14 01:16:17
 C:\Windows\syswow64\SHELL32.DLL handle: 765c0000 size: 12867584 crc: E1911954 date: 2010-07-27 14:03:24
 C:\Windows\syswow64\SHLWAPI.dll handle: 77220000 size: 350208 crc: 8D9B2C39 date: 2009-07-14 01:16:14
 C:\Windows\system32\WINMM.DLL handle: 73110000 size: 194048 crc: 2FBEB05C date: 2009-07-14 01:16:19
 C:\Windows\syswow64\WS2_32.dll handle: 759b0000 size: 206336 crc: 4C23BF22 date: 2009-07-14 01:16:20
 C:\Windows\syswow64\NSI.dll handle: 77880000 size: 8704 crc: 2ACE9671 date: 2009-07-14 01:16:11
 C:\Windows\system32\IMM32.DLL handle: 75880000 size: 119808 crc: BC43D00A date: 2009-07-14 01:11:21
 C:\Windows\syswow64\MSCTF.dll handle: 75b80000 size: 828928 crc: DFE09EEB date: 2009-07-14 01:15:43
 C:\Windows\system32\SHFolder.dll handle: 74280000 size: 7168 crc: 683AAC32 date: 2009-07-14 01:16:14
 C:\Windows\syswow64\ole32.dll handle: 75ef0000 size: 1413632 crc: 082ED659 date: 2010-06-29 05:02:02
 C:\Windows\system32\MMDevAPI.DLL handle: 731f0000 size: 213504 crc: 352DF99F date: 2009-07-14 01:15:41
 C:\Windows\system32\PROPSYS.dll handle: 72e10000 size: 988160 crc: 0700E8D7 date: 2009-07-14 01:16:12
 C:\Windows\syswow64\OLEAUT32.dll handle: 75730000 size: 571904 crc: 9BF754BE date: 2010-04-07 07:10:36
 C:\Windows\system32\wdmaud.drv handle: 72960000 size: 172032 crc: 03BEEBE2 date: 2009-07-14 01:14:08
 C:\Windows\system32\ksuser.dll handle: 732e0000 size: 4608 crc: EBE07232 date: 2009-07-14 01:15:35
 C:\Windows\system32\AVRT.dll handle: 73db0000 size: 14336 crc: 9818237B date: 2009-07-14 01:14:58
 C:\Windows\syswow64\SETUPAPI.dll handle: 762e0000 size: 1668608 crc: F909EF01 date: 2009-07-14 01:16:14
 C:\Windows\syswow64\CFGMGR32.dll handle: 75980000 size: 145920 crc: 6377C630 date: 2009-07-14 01:15:02
 C:\Windows\syswow64\DEVOBJ.dll handle: 76050000 size: 64512 crc: 2B501D62 date: 2009-07-14 01:15:11
 C:\Windows\system32\AUDIOSES.DLL handle: 72920000 size: 195584 crc: BC939745 date: 2009-07-14 01:14:57
 C:\Windows\system32\msacm32.drv handle: 72910000 size: 20992 crc: 73923147 date: 2009-07-14 01:14:08
 C:\Windows\system32\MSACM32.dll handle: 728f0000 size: 72192 crc: ABA25814 date: 2009-07-14 01:15:42
 C:\Windows\system32\midimap.dll handle: 728e0000 size: 16896 crc: C000494C date: 2009-07-14 01:15:40
 C:\Windows\syswow64\CLBCatQ.DLL handle: 75c60000 size: 522240 crc: 6C130B8A date: 2009-07-14 01:15:03
 C:\Windows\system32\uxtheme.dll handle: 73030000 size: 245760 crc: 60C5C746 date: 2009-07-14 01:11:24
 C:\Windows\system32\dwmapi.dll handle: 73010000 size: 67072 crc: FC7CA4B8 date: 2009-07-14 01:15:13
 C:\Windows\system32\mswsock.dll handle: 73840000 size: 232448 crc: 32400D27 date: 2009-07-14 01:15:51
 C:\Windows\System32\wshtcpip.dll handle: 73600000 size: 9216 crc: BA963A19 date: 2009-07-14 01:16:20
 C:\Windows\syswow64\psapi.dll handle: 75c50000 size: 6144 crc: 25B988F9 date: 2009-07-14 01:16:12

---- gamelog start ----
Tick 0: new game started
     Revision text changed to 1.0.5, savegame version 138, not modified, _openttd_newgrf_version = 0x1058531e
     New game mode: 1 landscape: 0
---- gamelog end ----

*** End of OpenTTD Crash Report ***
