*** OpenTTD Crash Report ***

Crash at: Sat Mar 06 23:59:44 2010
In game date: 2006-09-16 (63)

Crash reason:
 Exception: E1212012
 Location:  7610FBAE
 Message:   Assertion failed at line 831 of ..\src\ai\ai_gui.cpp: info != NULL

OpenTTD version:
 Version:    r19359 (0)
 NewGRF ver: 11004b9f
 Bits:       32
 Endian:     little
 Dedicated:  no
 Build date: Mar  6 2010 19:16:44

Registers:
 EAX: 0012F2E0 EBX: 00000016 ECX: 00000000 EDX: 77285E74
 ESI: 0077B348 EDI: 00000000 EBP: 0012F330 ESP: 0012F2E0
 EIP: 7610FBAE EFLAGS: 00200246

 Bytes at instruction pointer:
 C9 C2 10 00 90 90 90 90 90 8B FF 55 8B EC 51 51 83 7D 10 00 56 0F 84 7F

Stack trace:
 E1212012 00000000 00000000 7610FBAE 00000000 00000000 00000000 03840040
 009C0000 1B01001A 7465FE55 FFFFFFFE 77284E60 7724C6C2 FFFFFFFF 00000024
 0012F32C 00000004 00000000 00000016 0012F390 00552542 E1212012 00000000
 00000000 00000000 00620FD2 00000016 01D2BEBE 0012F6D8 00000200 04317690
 7725A296 FFFFFFFF 00000000 0012F378 00552532 00000001 0012F350 0012EEFC
 0012FA40 00625CC0 01B401A6 FFFFFFFE 0012F6C8 0062035B 00000016 00000200
 00000080 00000134 00000018 6A00305A 00000026 01552D10 00A9FD18 00000000
 00000000 759B4A11 00000026 009C40E8 00000000 00000000 00000001 009C40A0
 000D06DA 03840048 03840248 000C002D 00281412 00000000 00000130 01010100
 0012F338 759D2DC0 0012FA40 772299FA 00EB2DC5 FFFFFFFE 77287512 77287545
 00000000 03840048 00000000 00010003 0012F624 0012F4C8 759FCD80 009C0000
 00000000 03840040 00000001 0012F624 00000001 00000000 00000000 00000780
 000003FC 00000000 007D0398 00000010 0000001C 0000000F 00140364 00000006
 00000000 00000000 00000146 00000008 50022080 00000000 00000000 00000035
 00007F01 03840048 00000001 0000000F 00000020 7F01FFFF 0000009F 00000000
 000001B3 038400C8 0012F618 759FD2CA 00000010 0012F6D8 00000200 759FD302
 00000001 5C647474 74736E69 616C6C61 008A077C 616C5C73 6E207473 74686769
 00000000 00000000 759FD31C 00000000 00000001 2E6E6961 0074756E 000A87BE
 00000003 0012F5E4 772299FA 03E82E20 00000001 03E83A00 0012F54C 772866EA
 000001F0 02370000 03F19BF0 0012F664 7725DE7C 02370000 00000002 7725DE90
 77DE9651 02370000 000003E0 03E83A08 009EB2C0 009D8B30 009C7F84 009EB2C0
 00000000 009A0098 007D0398 0012FAA4 0000004C 00000002 00000000 00000098
 02200048 0470CFE8 0469CA80 00020019 0000017C 000000AF 00000007 FFFF0000
 0000017B 0470CFF0 00000096 00000006 01D2B8FA 0012F618 01D2B8F2 0012F620

Operating system:
 Name:     Windows
 Release:  6.0.6002 (Service Pack 2)
 Compiler: MSVC 1500

Configuration:
 Blitter:      8bpp-optimized
 Graphics set: OpenGFX
 Language:     english.lng
 Music driver: dmusic
 Music set:    NoMusic
 Network:      no
 Sound driver: win32
 Sound set:    OpenSFX
 Video driver: win32

AI Configuration (local: 0):
  0: Human
  1: Chopper (v7)
  2: AdmiralAI (v22)
  3: ChooChoo (v306)
  4: CluelessPlus (v17)
  5: Human
  6: Human
  7: Human

Libraries:
 FreeType:   2.3.11
 ICU:        4.2.1
 LZO:        2.03
 PNG:        1.2.40
 Zlib:       1.2.3

Module information:
 C:\Users\Leif\Documents\OpenTTD\Installations\Last Nightly\openttd.exe handle: 00400000 size: 3681280 crc: EFCFC108 date: 2010-03-06 19:21:02
 C:\Windows\system32\ntdll.dll handle: 77220000 size: 1202168 crc: 11EF8EE5 date: 2009-04-11 06:27:49
 C:\Windows\system32\kernel32.dll handle: 760D0000 size: 891392 crc: 1164F2B3 date: 2009-04-11 06:28:20
 C:\Windows\system32\WINMM.dll handle: 74270000 size: 189952 crc: 3E8CBFF5 date: 2009-04-11 06:28:25
 C:\Windows\system32\msvcrt.dll handle: 75DF0000 size: 679936 crc: B0E5331E date: 2009-04-11 06:28:22
 C:\Windows\system32\USER32.dll handle: 759A0000 size: 627712 crc: 80F0F3C5 date: 2009-04-11 06:28:25
 C:\Windows\system32\GDI32.dll handle: 77350000 size: 297472 crc: 69625D80 date: 2009-04-11 06:28:19
 C:\Windows\system32\ADVAPI32.dll handle: 76260000 size: 800768 crc: D7864B03 date: 2009-04-11 06:28:17
 C:\Windows\system32\RPCRT4.dll handle: 773A0000 size: 784896 crc: 35185859 date: 2009-04-23 12:15:07
 C:\Windows\system32\ole32.dll handle: 76480000 size: 1316864 crc: CB56BE6B date: 2009-04-11 06:28:23
 C:\Windows\system32\OLEAUT32.dll handle: 75F50000 size: 563712 crc: 12E9F438 date: 2009-04-11 06:28:23
 C:\Windows\system32\OLEACC.dll handle: 74230000 size: 234496 crc: 82CE51D9 date: 2009-10-08 21:08:01
 C:\Windows\system32\WS2_32.dll handle: 763D0000 size: 179200 crc: 5D581120 date: 2008-01-21 02:24:48
 C:\Windows\system32\NSI.dll handle: 77470000 size: 8192 crc: 10729B39 date: 2008-01-21 02:24:47
 C:\Windows\system32\SHELL32.dll handle: 76710000 size: 11584000 crc: 766AA8BB date: 2009-04-11 06:28:24
 C:\Windows\system32\SHLWAPI.dll handle: 75EF0000 size: 353280 crc: 681AC986 date: 2009-04-11 06:28:24
 C:\Windows\system32\ShimEng.dll handle: 5AC40000 size: 111104 crc: 4C4AA1E6 date: 2006-11-02 09:46:13
 C:\Windows\system32\apphelp.dll handle: 75700000 size: 171008 crc: D24585BB date: 2009-04-11 06:28:17
 C:\Windows\AppPatch\AcGenral.DLL handle: 571F0000 size: 2159616 crc: D91B8290 date: 2010-01-06 15:38:39
 C:\Windows\system32\UxTheme.dll handle: 741F0000 size: 240128 crc: 5F29223E date: 2008-01-21 02:23:43
 C:\Windows\system32\NETAPI32.dll handle: 755D0000 size: 467456 crc: AB04ABC0 date: 2009-04-11 06:28:23
 C:\Windows\system32\PSAPI.DLL handle: 75830000 size: 12288 crc: D7B812C5 date: 2006-11-02 09:46:12
 C:\Windows\system32\MSACM32.dll handle: 6B000000 size: 71680 crc: A2E8F836 date: 2008-01-21 02:24:53
 C:\Windows\system32\VERSION.dll handle: 74F90000 size: 20480 crc: 8C605EC4 date: 2009-04-11 06:28:25
 C:\Windows\system32\sfc.dll handle: 72570000 size: 4608 crc: 5D5C8D17 date: 2006-11-02 09:46:13
 C:\Windows\system32\sfc_os.dll handle: 71F30000 size: 38912 crc: 705BDC57 date: 2008-01-21 02:24:15
 C:\Windows\system32\SETUPAPI.dll handle: 75C50000 size: 1591296 crc: A225D6A1 date: 2009-04-11 06:28:24
 C:\Windows\system32\USERENV.dll handle: 75780000 size: 108544 crc: CC1E5DD3 date: 2009-04-11 06:28:25
 C:\Windows\system32\Secur32.dll handle: 75760000 size: 72704 crc: C962EC8E date: 2009-06-15 14:53:43
 C:\Windows\system32\dwmapi.dll handle: 731C0000 size: 39936 crc: 2E8C92C0 date: 2008-01-21 02:24:06
 C:\Windows\system32\urlmon.dll handle: 765D0000 size: 1208832 crc: F1E12D75 date: 2010-01-02 06:38:04
 C:\Windows\system32\iertutil.dll handle: 75A60000 size: 1985536 crc: BD35374C date: 2010-01-02 06:32:33
 C:\Windows\system32\MPR.dll handle: 75300000 size: 68608 crc: 30B1204C date: 2009-04-11 06:28:20
 C:\Windows\system32\IMM32.DLL handle: 75A40000 size: 114688 crc: 8D83D50A date: 2009-04-11 06:28:20
 C:\Windows\system32\MSCTF.dll handle: 758D0000 size: 807424 crc: 78787E19 date: 2009-04-11 06:28:20
 C:\Windows\system32\LPK.DLL handle: 763C0000 size: 23552 crc: 2E03F135 date: 2009-06-15 14:52:42
 C:\Windows\system32\USP10.dll handle: 761E0000 size: 502272 crc: 33F7104F date: 2009-04-11 06:28:25
 C:\Windows\WinSxS\x86_microsoft.windows.common-controls_6595b64144ccf1df_6.0.6002.18005_none_5cb72f96088b0de0\comctl32.dll handle: 74830000 size: 1686016 crc: 1453762E date: 2009-04-11 06:21:38
 C:\Windows\system32\SHFolder.dll handle: 6FB20000 size: 7168 crc: 1CA14A5C date: 2006-11-02 09:46:13
 C:\Windows\system32\wdmaud.drv handle: 6B840000 size: 167424 crc: AE942463 date: 2009-04-11 06:27:12
 C:\Windows\system32\ksuser.dll handle: 6E720000 size: 4608 crc: 4C647881 date: 2006-11-02 09:46:05
 C:\Windows\system32\MMDevAPI.DLL handle: 747B0000 size: 150528 crc: 481F98E7 date: 2009-04-11 06:28:20
 C:\Windows\system32\AVRT.dll handle: 74BC0000 size: 12800 crc: EB589AA0 date: 2008-01-21 02:24:54
 C:\Windows\system32\WINTRUST.dll handle: 74A20000 size: 171520 crc: EE6B6CCB date: 2008-01-21 02:24:35
 C:\Windows\system32\CRYPT32.dll handle: 75200000 size: 978944 crc: CE0B7499 date: 2009-04-11 06:28:18
 C:\Windows\system32\MSASN1.dll handle: 75360000 size: 60928 crc: D62CDC5B date: 2009-09-04 11:41:59
 C:\Windows\system32\imagehlp.dll handle: 761B0000 size: 153088 crc: EEF49677 date: 2008-01-21 02:24:06
 C:\Windows\system32\AUDIOSES.DLL handle: 740C0000 size: 115712 crc: 9E346B3A date: 2009-04-11 06:28:18
 C:\Windows\system32\audioeng.dll handle: 739C0000 size: 397312 crc: 17666E45 date: 2008-01-21 02:24:54
 C:\Windows\system32\msacm32.drv handle: 6B990000 size: 21504 crc: 28704D00 date: 2009-04-11 06:27:12
 C:\Windows\system32\midimap.dll handle: 6AFF0000 size: 17408 crc: 9FC56E7F date: 2009-04-11 06:28:20
 C:\Windows\system32\CLBCatQ.DLL handle: 76330000 size: 523776 crc: C2EBF5E6 date: 2008-01-21 02:24:24
 C:\Program Files\Common Files\microsoft shared\ink\tiptsf.dll handle: 72DD0000 size: 380416 crc: 6E255BB3 date: 2009-04-11 06:28:24
 C:\Windows\system32\dmime.dll handle: 5A9A0000 size: 178688 crc: 3063C87B date: 2008-01-21 02:23:37
 C:\Windows\system32\DSOUND.dll handle: 74570000 size: 444416 crc: 2196E709 date: 2009-04-11 06:28:19
 C:\Windows\system32\POWRPROF.dll handle: 74BD0000 size: 98816 crc: F5FB120D date: 2009-04-11 06:28:23
 C:\Windows\system32\dmusic.dll handle: 5AC20000 size: 101888 crc: 9C95E7AB date: 2009-04-11 06:28:18
 C:\Windows\system32\dmsynth.dll handle: 622B0000 size: 105472 crc: A572B2E6 date: 2009-04-11 06:28:18
 C:\Windows\system32\dmloader.dll handle: 703F0000 size: 38400 crc: 43D1875C date: 2008-01-21 02:23:37
 C:\Windows\system32\mswsock.dll handle: 74F20000 size: 223232 crc: 9C4248CA date: 2009-04-11 06:28:22
 C:\Windows\System32\wshtcpip.dll handle: 74BB0000 size: 9216 crc: 10C50FC1 date: 2008-01-21 02:24:04

---- gamelog start ----
Tick 0: new game started
     Revision text changed to 1.0.0-RC1, savegame version 138, not modified, _openttd_newgrf_version = 0x10004ad5
     New game mode: 1 landscape: 0
---- gamelog end ----

*** End of OpenTTD Crash Report ***
