*** OpenTTD Crash Report ***

Crash at: Mon Apr 23 19:55:32 2012
In game date: 2100-01-01 (0)

Crash reason:
 Exception: E1212012
 Location:  000007FEFD7ACACD
 Message:   Assertion failed at line 670 of c:\bamboo-agent-home\xml-data\build-dir\ottd-nightly-w64bit\src\widget_type.h: num >= 0

OpenTTD version:
 Version:    r24174 (0)
 NewGRF ver: 13005e6e
 Bits:       64
 Endian:     little
 Dedicated:  no
 Build date: Apr 23 2012 18:15:01

Registers:
 RAX: 0000000077946BF7 RBX: 0000000000000016 RCX: 000000000016E1E0 RDX: 0000000000000000
 RSI: 0000000000000000 RDI: 0000000000000008 RBP: 0000000000000001 RSP: 000000000016E7F0
 R8:  0000000000000000 R9:  0000000000000000 R10: 0000000000000000 R11: 0000000000000286
 R12: 000000013FC6B818 R13: 000000013F55403C R14: 0000000000000001 R15: 0000008200000000
 RIP: 000007FEFD7ACACD EFLAGS: 00000202

 Bytes at instruction pointer:
 48 81 C4 C8 00 00 00 C3 90 90 90 90 90 90 90 90 90 90 90 48 89 5C 24 18

Stack trace:
 00000016 00000000 00000000 00000000 00000008 00000000 00000078 00000000
 E1212012 00000000 00000000 00000000 FD7ACACD 000007FE 00000000 00000000
 3FCFC820 00000001 76C2146B 00000000 000000F0 00000000 000E0888 00000000
 00000010 00000000 3FBE2F38 00000001 00000050 00000000 000E0888 00000000
 00000000 00000000 772C3BFA 00000000 3FBE2F38 00000001 00000010 00000000
 00000000 00000000 00000000 00000000 00000000 00000000 00000000 00000000
 00000001 00000000 3F64E215 00000001 00000016 00000000 44A16F27 00000000
 00000001 00000000 772B9C7A 00000000 00000000 00000000 00000000 00000082
 000000AB 00000000 00000010 00000000 00000001 00000000 00000008 00000000
 00000000 00000000 3F64D5D4 00000001 00000001 00000000 3FCFC820 00000001
 00000000 00000000 FFFFFFFF 00000000 00000000 00000000 3F2F7183 00000001
 0A387A80 00000000 00000001 00000000 00000000 00000000 3F32CC40 00000001
 65737341 6F697472 6166206E 64656C69 20746120 656E696C 30373620 20666F20
 625C3A63 6F626D61 67612D6F 2D746E65 656D6F68 6C6D785C 7461642D 75625C61
 2D646C69 5C726964 6474746F 67696E2D 796C7468 3436772D 5C746962 5C637273
 67646977 745F7465 2E657079 6E203A68 3E206D75 0030203D 0000000C 00000000
 00000000 00000000 000000C8 00000000 00000000 00000000 000000D8 00000000
 00000000 00000000 3F32C7F7 00000001 0A3FD9C0 00000000 0000011E 00000000
 0000000C 00000000 00000000 00000000 0000000C 00000000 0000000C 0000000C
 00000000 00000000 05AB9EE0 00000000 00000000 00000000 3F669E56 00000001
 00000000 00000000 3F32CC40 00000001 0000000C 00000000 000000CA 00000000
 00000000 00000000 3FC63DC8 00000001 3FC63DF0 00000001 3F669F2B 00000001
 0A38C4E0 00000000 3F669E56 00000001 00000000 00000000 00000000 00000000
 00000000 00000000 3FC63DC8 00000001 3FC63FB8 00000001 00000000 00000000

Operating system:
 Name:     Windows
 Release:  6.1.7601 (Service Pack 1)
 Compiler: MSVC 1600

Configuration:
 Blitter:      8bpp-optimized
 Graphics set: original_windows (0)
 Language:     C:\OpenTTD\Last Nightly\lang\english.lng
 Music driver: win32
 Music set:    NoMusic (0)
 Network:      no
 Sound driver: win32
 Sound set:    original_windows (0)
 Video driver: win32

AI Configuration (local: 0):
  0: Human

Libraries:
 FreeType:   2.4.5
 ICU:        4.4.2
 LZMA:       5.0.3
 LZO:        2.05
 PNG:        1.5.4
 Zlib:       1.2.5

Module information:
 C:\OpenTTD\Last Nightly\openttd.exe handle: 000000013F2B0000 size: 10480640 crc: 599C8FB1 date: 2012-04-23 18:19:10
 C:\Windows\SYSTEM32\ntdll.dll handle: 0000000077290000 size: 1731920 crc: 71D20A99 date: 2011-11-17 06:41:18
 C:\Windows\system32\kernel32.dll handle: 0000000076E10000 size: 1162752 crc: 4F9F79FE date: 2011-07-16 05:37:12
 C:\Windows\system32\KERNELBASE.dll handle: 000007FEFD7A0000 size: 421888 crc: D7A16149 date: 2011-07-16 05:37:12
 C:\Windows\system32\WINMM.dll handle: 000007FEF9E00000 size: 217600 crc: 7BC1529F date: 2009-07-14 01:41:56
 C:\Windows\system32\msvcrt.dll handle: 000007FEFF2F0000 size: 634880 crc: 9D1B448A date: 2011-12-16 08:46:06
 C:\Windows\system32\USER32.dll handle: 0000000076BB0000 size: 1008128 crc: 70FF7D7F date: 2010-11-21 03:24:09
 C:\Windows\system32\GDI32.dll handle: 000007FEFEB20000 size: 403968 crc: 3D5BC405 date: 2010-11-21 03:24:03
 C:\Windows\system32\LPK.dll handle: 000007FEFECA0000 size: 41984 crc: 350AF03B date: 2009-07-14 01:41:19
 C:\Windows\system32\USP10.dll handle: 000007FEFEE60000 size: 800256 crc: 9669BC0C date: 2011-10-05 16:34:00
 C:\Windows\system32\WS2_32.dll handle: 000007FEFDC70000 size: 297984 crc: 0F68689B date: 2010-11-21 03:24:28
 C:\Windows\system32\RPCRT4.dll handle: 000007FEFED30000 size: 1219584 crc: 5217F07C date: 2010-11-21 03:24:02
 C:\Windows\system32\NSI.dll handle: 000007FEFEAF0000 size: 13824 crc: 53B46F6C date: 2009-07-14 01:41:53
 C:\Windows\system32\ADVAPI32.dll handle: 000007FEFEF50000 size: 877056 crc: FA615A20 date: 2009-07-14 01:40:01
 C:\Windows\SYSTEM32\sechost.dll handle: 000007FEFEB00000 size: 113664 crc: 978CFAE5 date: 2009-07-14 01:41:53
 C:\Windows\system32\SHELL32.dll handle: 000007FEFDD60000 size: 14172672 crc: AD5D74FF date: 2012-01-04 10:44:25
 C:\Windows\system32\SHLWAPI.dll handle: 000007FEFDB60000 size: 448512 crc: 086DF743 date: 2010-11-21 03:24:22
 C:\Windows\system32\IMM32.DLL handle: 000007FEFDBE0000 size: 167424 crc: 41B2805A date: 2009-07-14 01:41:09
 C:\Windows\system32\MSCTF.dll handle: 000007FEFEB90000 size: 1067008 crc: 798DDDA0 date: 2009-07-14 01:41:28
 C:\Windows\system32\nvinitx.dll handle: 000007FEFD6B0000 size: 226920 crc: 5BA0200C date: 2011-04-22 16:13:00
 C:\Program Files\NVIDIA Corporation\CoProcManager\detoured.dll handle: 000000000F000000 size: 4096 crc: 64388172 date: 2011-04-22 16:13:00
 C:\Program Files\NVIDIA Corporation\CoProcManager\nvd3d9wrapx.dll handle: 000007FEF9B40000 size: 256512 crc: 73D557E6 date: 2011-04-22 16:13:00
 C:\Windows\system32\SETUPAPI.dll handle: 000007FEFF110000 size: 1900544 crc: A364BD6A date: 2010-11-21 03:24:28
 C:\Windows\system32\CFGMGR32.dll handle: 000007FEFD980000 size: 207872 crc: 1984C339 date: 2010-11-21 03:24:00
 C:\Windows\system32\OLEAUT32.dll handle: 000007FEFF030000 size: 861696 crc: 1F331414 date: 2011-08-27 05:37:49
 C:\Windows\system32\ole32.dll handle: 000007FEFF390000 size: 2086912 crc: 72F91CD0 date: 2010-11-21 03:23:48
 C:\Windows\system32\DEVOBJ.dll handle: 000007FEFD9C0000 size: 93184 crc: A7541AE2 date: 2009-07-14 01:40:28
 C:\Program Files\NVIDIA Corporation\CoProcManager\nvdxgiwrapx.dll handle: 000007FEF99C0000 size: 250368 crc: B6604AFC date: 2011-04-22 16:13:00
 C:\Program Files\CheckPoint\ZAForceField\Plugins\ISWSHEX.dll handle: 00000000222F0000 size: 1049728 crc: 776D51AE date: 2011-11-03 14:44:46
 C:\Windows\WinSxS\amd64_microsoft.vc80.crt_1fc8b3b9a1e18e3b_8.0.50727.4940_none_88df89932faf0bf6\MSVCR80.dll handle: 00000000728A0000 size: 802640 crc: D267CA51 date: 2010-11-21 03:23:55
 C:\Windows\system32\WINTRUST.dll handle: 000007FEFD9E0000 size: 220672 crc: 25DE8ED6 date: 2012-03-01 06:38:27
 C:\Windows\system32\CRYPT32.dll handle: 000007FEFD810000 size: 1456128 crc: D9DB05FA date: 2010-11-21 03:24:32
 C:\Windows\system32\MSASN1.dll handle: 0000000000410000 size: 46592 crc: 50F9CBBE date: 2010-11-21 03:24:22
 C:\Windows\WinSxS\amd64_microsoft.vc80.crt_1fc8b3b9a1e18e3b_8.0.50727.4940_none_88df89932faf0bf6\MSVCP80.dll handle: 0000000072790000 size: 1068368 crc: 015AD445 date: 2010-11-21 03:23:55
 C:\Windows\system32\ntmarta.dll handle: 000007FEFC330000 size: 162304 crc: 5344798C date: 2009-07-14 01:41:53
 C:\Windows\system32\WLDAP32.dll handle: 000007FEFDC10000 size: 312832 crc: 38AE3CF8 date: 2010-11-21 03:24:07
 C:\Windows\system32\SHFolder.dll handle: 000007FEF44C0000 size: 10240 crc: 08A48DE3 date: 2009-07-14 01:41:54
 C:\Windows\system32\uxtheme.dll handle: 000007FEFB640000 size: 332288 crc: B0A13DF9 date: 2009-07-14 01:41:56
 C:\Windows\system32\dwmapi.dll handle: 000007FEFB260000 size: 82432 crc: A459F360 date: 2009-07-14 01:40:34
 C:\Windows\system32\CRYPTBASE.dll handle: 000007FEFD5E0000 size: 44032 crc: F547C16E date: 2009-07-14 01:40:24
 C:\Windows\system32\CLBCatQ.DLL handle: 000007FEFDAC0000 size: 607744 crc: 939E35C9 date: 2009-07-14 01:40:15
 C:\Windows\system32\mswsock.dll handle: 000007FEFCF20000 size: 326144 crc: 136B1525 date: 2010-11-21 03:24:00
 C:\Windows\System32\wshtcpip.dll handle: 000007FEFC870000 size: 13312 crc: 5D1E2C55 date: 2009-07-14 01:41:58
 C:\Windows\system32\MMDevAPI.DLL handle: 000007FEFC490000 size: 284160 crc: CDF2EF81 date: 2009-07-14 01:41:26
 C:\Windows\system32\PROPSYS.dll handle: 000007FEFC360000 size: 1212416 crc: B83FA3BE date: 2010-11-21 03:23:55
 C:\Windows\system32\wdmaud.drv handle: 000007FEF7190000 size: 217088 crc: 12829973 date: 2010-11-21 03:24:32
 C:\Windows\system32\ksuser.dll handle: 0000000071AD0000 size: 5120 crc: AA2071D9 date: 2009-07-14 01:41:13
 C:\Windows\system32\AVRT.dll handle: 000007FEFC5F0000 size: 18432 crc: 5CE53CB7 date: 2009-07-14 01:40:05
 C:\Windows\system32\AUDIOSES.DLL handle: 000007FEF7390000 size: 296448 crc: 90389554 date: 2010-11-21 03:24:32
 C:\Windows\system32\msacm32.drv handle: 000007FEF70F0000 size: 25600 crc: 2B579A05 date: 2009-07-14 01:38:50
 C:\Windows\system32\MSACM32.dll handle: 000007FEF70D0000 size: 83456 crc: 3D67538B date: 2009-07-14 01:41:27
 C:\Windows\system32\midimap.dll handle: 000007FEF70C0000 size: 20480 crc: CB902A13 date: 2009-07-14 01:41:23
 C:\Windows\system32\psapi.dll handle: 0000000077460000 size: 9216 crc: 84B5E9BA date: 2009-07-14 01:41:53

---- gamelog start ----
Tick 0: new game started
     Revision text changed to r24174, savegame version 175, not modified, _openttd_newgrf_version = 0x13005e6e
     New game mode: 1 landscape: 0
     Added NewGRF: GRF ID 6D620C00, checksum C5987ACC9C19F4720085C6456EE915D8, filename: maricow.grf (md5sum matches)
---- gamelog end ----

*** End of OpenTTD Crash Report ***

Decoded stack trace:
[00] KERNELBASE           0x000007FEFD7ACACD RaiseException + 61
[01] openttd              0x000000013F64E215
[02] openttd              0x000000013F64D5D4
[03] openttd              0x000000013F2F7183
[04] openttd              0x000000013F32B320
[05] openttd              0x000000013F32CD97
[06] openttd              0x000000013F3815D1
[07] openttd              0x000000013F382450
[08] openttd              0x000000013F3A5C28
[09] openttd              0x000000013F3318E3
[10] openttd              0x000000013F334757
[11] openttd              0x000000013F3349FF
[12] openttd              0x000000013F551ECC
[13] USER32               0x0000000076BC9BD1 TranslateMessageEx + 673
[14] USER32               0x0000000076BC98DA TranslateMessage + 490
[15] openttd              0x000000013F5526D0
[16] openttd              0x000000013F2F91E7
[17] openttd              0x000000013F554E22
[18] openttd              0x000000013F64FF1C
[19] kernel32             0x0000000076E2652D BaseThreadInitThunk + 13
[20] ntdll                0x00000000772BC521 RtlUserThreadStart + 33

*** End of additional info ***
