*** OpenTTD Crash Report ***

Crash at: Sun Feb 17 01:47:27 2013
In game date: 1967-04-19 (7)

Crash reason:
 Signal:  Aborted (6)
 Message: <none>

OpenTTD version:
 Version:    1.2.3 (0)
 NewGRF ver: 12386051
 Bits:       32
 Endian:     little
 Dedicated:  no
 Build date: Oct 31 2012 21:41:20

Stacktrace:
 [00] ./openttd(_ZNK12CrashLogUnix13LogStacktraceEPcPKc+0x43) [0x82fb8a3]
 [01] ./openttd(_ZNK8CrashLog12FillCrashLogEPcPKc+0x102) [0x81d6d02]
 [02] ./openttd(_ZNK8CrashLog12MakeCrashLogEv+0x9c) [0x81d6e2c]
 [03] ./openttd() [0x82fb7ee]
 [04] [0xb77d1400]
 [05] [0xb77d1424]
 [06] /lib/i386-linux-gnu/libc.so.6(gsignal+0x4f) [0xb743b1df]
 [07] /lib/i386-linux-gnu/libc.so.6(abort+0x175) [0xb743e825]
 [08] /usr/lib/i386-linux-gnu/libstdc++.so.6(_ZN9__gnu_cxx27__verbose_terminate_handlerEv+0x14d) [0xb779113d]
 [09] /usr/lib/i386-linux-gnu/libstdc++.so.6(+0xaaed3) [0xb778eed3]
 [10] /usr/lib/i386-linux-gnu/libstdc++.so.6(+0xaaf0f) [0xb778ef0f]
 [11] /usr/lib/i386-linux-gnu/libstdc++.so.6(+0xabb82) [0xb778fb82]
 [12] ./openttd(_ZN30ServerNetworkGameSocketHandler7SendMapEv+0x3f) [0x8297c3f]
 [13] ./openttd(_ZN30ServerNetworkGameSocketHandler4SendEv+0x5a) [0x8297fea]
 [14] ./openttd(_Z8GameLoopv+0x9f) [0x82ed5cf]
 [15] ./openttd(_ZN21VideoDriver_Dedicated8MainLoopEv+0x200) [0x841b6d0]
 [16] ./openttd(_Z8ttd_mainiPPc+0x10a0) [0x82ecda0]
 [17] ./openttd(main+0x48) [0x82fbbc8]
 [18] /lib/i386-linux-gnu/libc.so.6(__libc_start_main+0xf3) [0xb74264d3]
 [19] ./openttd() [0x812cf51]

Operating system:
 Name:     Linux
 Release:  3.2.0-37-generic-pae
 Version:  #58-Ubuntu SMP Thu Jan 24 15:51:02 UTC 2013
 Machine:  i686
 Compiler: GCC 4.4.5 "4.4.5"

Configuration:
 Blitter:      null
 Graphics set: OpenGFX (446)
 Language:     /openttd-1.2.3-bigger1/lang/english.lng
 Music driver: null
 Music set:    NoMusic (0)
 Network:      server
 Sound driver: null
 Sound set:    OpenSFX (87)
 Video driver: dedicated

AI Configuration (local: 255):
  0: Human
  1: Human
  2: Human
  3: Human
  5: Human
  6: Human
 GS: CityDomination (v11)

Libraries:
 FontConfig: 2.8.0
 FreeType:   2.4.2
 ICU:        4.4.1
 LZMA:       5.0.3
 LZO:        2.03
 PNG:        1.2.44
 SDL:        1.2.14
 Zlib:       1.2.3.4

---- gamelog start ----
Tick 0: new game started
     Revision text changed to 1.2.3, savegame version 174, not modified, _openttd_newgrf_version = 0x12386051
     New game mode: 1 landscape: 0
     Added NewGRF: GRF ID 51560000, checksum BFF369655BCEFB9F4905BB474C05EBE7, filename: pkp_set_1.6.GRF (md5sum matches)
---- gamelog end ----

*** End of OpenTTD Crash Report ***
