*** OpenTTD Crash Report ***

Crash at: Sun Apr 08 18:26:30 2012
In game date: 3024-04-30 (49)

Crash reason:
 Exception: C0000005
 Location:  000000013F465018
 Message:   <none>

OpenTTD version:
 Version:    1.2.0-RC4 (0)
 NewGRF ver: 12005e14
 Bits:       64
 Endian:     little
 Dedicated:  no
 Build date: Mar 31 2012 22:00:48

Registers:
 RAX: 000000000020E890 RBX: 0000000008C41450 RCX: 0000000000000000 RDX: 0000000008BB0230
 RSI: 0000000002353DD0 RDI: 0000000008BB0230 RBP: 00000000091F4020 RSP: 000000000020E820
 R8:  0000000002355840 R9:  0000000002355840 R10: 0000000000000044 R11: 0000000002355840
 R12: 000000013F4C34F0 R13: 000000000000001F R14: 0000000000000000 R15: 0000000008000000
 RIP: 000000013F465018 EFLAGS: 00010202

 Bytes at instruction pointer:
 4C 8B 41 20 4C 8B DA 49 8B 00 EB 26 48 8B 48 10 4D 8B CB 4C 2B C9 0F B6

Stack trace:
 00000002 FFFFFFFF 00000008 00000000 FFFFFFFE FFFFFFFF 3F663C2F 00000001
 08BB023A 00000000 3F463961 00000001 02355840 00000000 02355840 00000000
 08C41450 00000000 08BB0230 00000000 08BB023A 00000000 3F4A72ED 00000001
 08BB0230 00000000 08BB0230 00000000 02355840 00000000 02353DD0 00000000
 FFFFFFFE FFFFFFFF 02353DD0 00000000 00000001 00000001 3F46B4C3 00000001
 0020E930 00000000 00000001 00000000 00000021 00000000 0946F1C0 00000000
 00000001 00000000 3F49D3E8 00000001 091F4020 00000000 0020EE20 00000000
 09585FC8 00000000 0946F960 00000000 FFFFFFFE FFFFFFFF 00000047 00000000
 091F4020 00000000 3F488368 00000001 022CC080 00000000 3F483DCF 00000001
 0227E090 00000000 3F488B54 00000001 00000006 00000000 0946F1C0 00000000
 0000001C 00000000 00000021 00000000 0000001C 00000000 3F46A3D1 00000001
 00000000 00000000 00000000 00000000 08000200 00000000 0946F1C0 00000000
 00000000 00000000 00000000 00000003 00000005 00000000 00000001 00000000
 00000000 00000000 00000000 00000000 FFFFFFFE FFFFFFFF 0227E090 00000000
 FFFFFFFF FFFFFFFF 0227E018 00000000 091F4020 00000000 00000002 00000000
 00000001 00000000 3F485E24 00000001 091F4020 00000000 091F4140 00000000
 00000001 00000000 0000001F 00000000 0020EA58 00000000 0020EA71 00000000
 00000059 00000000 0020EA98 00000000 00000000 00000000 08000200 00000001
 0946F1C0 00000000 0000001F 00000000 08C10000 00000000 00000002 00000000
 00000021 00000000 0A008000 00003AD0 09562E20 00000000 00000001 00000000
 00000001 00000000 3F425C88 00000001 FFFFE228 00003AA4 00000020 00000000
 0020EB39 00000000 08C0FE50 00000000 0943AFC0 00000000 00000001 00000000
 08C0FE50 00000000 3F31EA7E 00000001 05000002 00000000 00000001 00000000
 00000945 00000000 00360003 00000021 0000002D 00000000 00000000 00000000

Operating system:
 Name:     Windows
 Release:  6.1.7601 (Service Pack 1)
 Compiler: MSVC 1600

Configuration:
 Blitter:      8bpp-optimized
 Graphics set: OpenGFX (928)
 Language:     C:\Games\OpenTTD\lang\english.lng
 Music driver: win32
 Music set:    NoMusic (0)
 Network:      no
 Sound driver: win32
 Sound set:    OpenSFX (87)
 Video driver: win32

AI Configuration (local: 0):
  0: Human
  1: Human
  2: Human
  3: Human
 GS: CityDomination (v9)

Libraries:
 FreeType:   2.4.5
 ICU:        4.4.2
 LZMA:       5.0.3
 LZO:        2.05
 PNG:        1.5.4
 Zlib:       1.2.5

Module information:
 C:\Games\OpenTTD\openttd.exe handle: 000000013F2B0000 size: 10469888 crc: 3D3EBDC9 date: 2012-03-31 22:05:26
 C:\Windows\SYSTEM32\ntdll.dll handle: 0000000076EE0000 size: 1731920 crc: 71D20A99 date: 2011-11-17 06:41:18
 C:\Windows\system32\kernel32.dll handle: 0000000076A50000 size: 1162752 crc: 4F9F79FE date: 2011-07-16 05:37:12
 C:\Windows\system32\KERNELBASE.dll handle: 000007FEFD6A0000 size: 421888 crc: D7A16149 date: 2011-07-16 05:37:12
 C:\Windows\system32\WINMM.dll handle: 000007FEF7AF0000 size: 217600 crc: 7BC1529F date: 2009-07-14 01:41:56
 C:\Windows\system32\msvcrt.dll handle: 000007FEFF0F0000 size: 634880 crc: 9D1B448A date: 2011-12-16 08:46:06
 C:\Windows\system32\USER32.dll handle: 0000000076950000 size: 1008128 crc: 70FF7D7F date: 2010-11-20 13:27:27
 C:\Windows\system32\GDI32.dll handle: 000007FEFDF50000 size: 403968 crc: 3D5BC405 date: 2010-11-20 13:26:25
 C:\Windows\system32\LPK.dll handle: 000007FEFD970000 size: 41984 crc: 350AF03B date: 2009-07-14 01:41:19
 C:\Windows\system32\USP10.dll handle: 000007FEFD980000 size: 800256 crc: B511F4B9 date: 2010-11-20 13:27:27
 C:\Windows\system32\WS2_32.dll handle: 000007FEFD840000 size: 297984 crc: 0F68689B date: 2010-11-20 13:27:29
 C:\Windows\system32\RPCRT4.dll handle: 000007FEFD710000 size: 1219584 crc: 5217F07C date: 2010-11-20 13:27:24
 C:\Windows\system32\NSI.dll handle: 000007FEFDB30000 size: 13824 crc: 53B46F6C date: 2009-07-14 01:41:53
 C:\Windows\system32\ADVAPI32.dll handle: 000007FEFD890000 size: 877056 crc: FA615A20 date: 2009-07-14 01:40:01
 C:\Windows\SYSTEM32\sechost.dll handle: 000007FEFDFE0000 size: 113664 crc: 978CFAE5 date: 2009-07-14 01:41:53
 C:\Windows\system32\SHELL32.dll handle: 000007FEFE150000 size: 14172672 crc: AD5D74FF date: 2012-01-04 10:44:25
 C:\Windows\system32\SHLWAPI.dll handle: 000007FEFE0A0000 size: 448512 crc: 086DF743 date: 2010-11-20 13:27:25
 C:\Windows\system32\IMM32.DLL handle: 000007FEFE120000 size: 167424 crc: 41B2805A date: 2009-07-14 01:41:09
 C:\Windows\system32\MSCTF.dll handle: 000007FEFDC60000 size: 1067008 crc: 798DDDA0 date: 2009-07-14 01:41:28
 C:\Windows\system32\SHFolder.dll handle: 000007FEF80A0000 size: 10240 crc: 08A48DE3 date: 2009-07-14 01:41:54
 C:\Windows\system32\ole32.dll handle: 000007FEFEEE0000 size: 2086912 crc: 72F91CD0 date: 2010-11-20 13:27:23
 C:\Windows\system32\uxtheme.dll handle: 000007FEFBD20000 size: 332288 crc: B0A13DF9 date: 2009-07-14 01:41:56
 C:\Windows\system32\dwmapi.dll handle: 000007FEFB7A0000 size: 82432 crc: A459F360 date: 2009-07-14 01:40:34
 C:\Windows\system32\CRYPTBASE.dll handle: 000007FEFD270000 size: 44032 crc: F547C16E date: 2009-07-14 01:40:24
 C:\Windows\system32\mswsock.dll handle: 000007FEFC890000 size: 326144 crc: 136B1525 date: 2010-11-20 13:27:10
 C:\Windows\System32\wshtcpip.dll handle: 000007FEFCDA0000 size: 13312 crc: 5D1E2C55 date: 2009-07-14 01:41:58
 C:\Windows\system32\MMDevAPI.DLL handle: 000007FEFB960000 size: 284160 crc: CDF2EF81 date: 2009-07-14 01:41:26
 C:\Windows\system32\PROPSYS.dll handle: 000007FEFBD80000 size: 1212416 crc: B83FA3BE date: 2010-11-20 13:27:23
 C:\Windows\system32\OLEAUT32.dll handle: 000007FEFDA50000 size: 861696 crc: 1F331414 date: 2011-08-27 05:37:49
 C:\Windows\system32\wdmaud.drv handle: 000007FEF2B40000 size: 217088 crc: 12829973 date: 2010-11-20 13:24:21
 C:\Windows\system32\ksuser.dll handle: 00000000741D0000 size: 5120 crc: AA2071D9 date: 2009-07-14 01:41:13
 C:\Windows\system32\AVRT.dll handle: 000007FEFCA40000 size: 18432 crc: 5CE53CB7 date: 2009-07-14 01:40:05
 C:\Windows\system32\SETUPAPI.dll handle: 000007FEFDD70000 size: 1900544 crc: A364BD6A date: 2010-11-20 13:27:25
 C:\Windows\system32\CFGMGR32.dll handle: 000007FEFD410000 size: 207872 crc: 1984C339 date: 2010-11-20 13:25:50
 C:\Windows\system32\DEVOBJ.dll handle: 000007FEFD3F0000 size: 93184 crc: A7541AE2 date: 2009-07-14 01:40:28
 C:\Windows\system32\AUDIOSES.DLL handle: 000007FEF7080000 size: 296448 crc: 90389554 date: 2010-11-20 13:25:42
 C:\Windows\system32\msacm32.drv handle: 000007FEF9410000 size: 25600 crc: 2B579A05 date: 2009-07-14 01:38:50
 C:\Windows\system32\MSACM32.dll handle: 000007FEF9360000 size: 83456 crc: 3D67538B date: 2009-07-14 01:41:27
 C:\Windows\system32\midimap.dll handle: 000007FEF93E0000 size: 20480 crc: CB902A13 date: 2009-07-14 01:41:23
 C:\Windows\system32\CLBCatQ.DLL handle: 000007FEFE000000 size: 607744 crc: 939E35C9 date: 2009-07-14 01:40:15
 C:\Program Files (x86)\Classic Start Menu\VistaHookDll.dll handle: 0000000180000000 size: 671096 crc: 67423536 date: 2010-07-08 10:08:10
 C:\Windows\system32\PSAPI.DLL handle: 00000000770A0000 size: 9216 crc: 84B5E9BA date: 2009-07-14 01:41:53
 C:\Windows\system32\profapi.dll handle: 000007FEFD340000 size: 44032 crc: A0F2DD9D date: 2009-07-14 01:41:53

---- gamelog start ----
Tick 2179: game loaded
     Revision text changed to 1.2.0, savegame version 174, not modified, _openttd_newgrf_version = 0x12005dce
     New game mode: 1 landscape: 0
Tick 2179: game loaded
     Revision text changed to 1.2.0-RC4, savegame version 174, not modified, _openttd_newgrf_version = 0x12005e14
     New game mode: 0 landscape: 0
---- gamelog end ----

*** End of OpenTTD Crash Report ***

Decoded stack trace:
[00] openttd              0x000000013F465018
[01] openttd              0x000000013F463961
[02] openttd              0x000000013F4A72ED
[03] openttd              0x000000013F49D3E8
[04] openttd              0x000000013F488368
[05] openttd              0x000000013F485E24
[06] openttd              0x000000013F4680E0
[07] openttd              0x000000013F465F66
[08] openttd              0x000000013F4A7ED4
[09] openttd              0x000000013F2FA9D8
[10] openttd              0x000000013F2FAD4B
[11] openttd              0x000000013F5510A1
[12] openttd              0x000000013F2F8DD2
[13] openttd              0x000000013F55358E
[14] openttd              0x000000013F64E68C
[15] kernel32             0x0000000076A6652D BaseThreadInitThunk + 13
[16] ntdll                0x0000000076F0C521 RtlUserThreadStart + 33

*** End of additional info ***
