*** OpenTTD Crash Report ***

Crash at: Tue Dec 28 18:43:33 2010
In game date: 1975-01-12 (60)

Crash reason:
 Signal:  Segmentation fault (11)
 Message: <none>

OpenTTD version:
 Version:    r21649 (0)
 NewGRF ver: 11005491
 Bits:       32
 Endian:     big
 Dedicated:  no
 Build date: Dec 27 2010 19:25:47


Stacktrace:
 [00] openttd              0x001e166c (CrashLogOSX::LogStacktrace(char*, char const*) const + 60)
 [01] openttd              0x000ed904 (CrashLog::FillCrashLog(char*, char const*) const + 292)
 [02] openttd              0x001e1404 (HandleCrash(int) + 244)
 [03] libSystem.B.dylib    0x90130f54 (_sigtramp + 104)
 [04] openttd              0x00311630 (DrawFrameRect(int, int, int, int, Colours, FrameFlags) + 16)

Operating system:
 Name:     Mac OS X
 Release:  10.4.11
 Machine:  PowerPC 7450
 Min Ver:  1030
 Compiler: GCC 4.0.1 "4.0.1 (Apple Inc. build 5490)"

Configuration:
 Blitter:      32bpp-simple
 Graphics set: OpenGFX (589)
 Language:     /Applications/OpenTTD/OpenTTD N.app/Contents/Resources/lang/english.lng
 Music driver: cocoa
 Music set:    original_windows (1)
 Network:      no
 Sound driver: cocoa
 Sound set:    original_windows (0)
 Video driver: cocoa

AI Configuration (local: 0):
  0: Human

Libraries:
 FreeType:   2.4.3
 ICU:        4.6
 LZMA:       5.0.0
 LZO:        2.03
 PNG:        1.4.4
 Zlib:       1.2.3

---- gamelog start ----
Tick 0: new game started
     Revision text changed to r21649, savegame version 155, not modified, _openttd_newgrf_version = 0x11005491
     New game mode: 1 landscape: 0
     Added NewGRF: GRF ID 44441000, checksum B463AED22FB8FE374E620897A8B451E6, filename: ukrs2__the_uk_railway_set-0.7/proj1000.grf (md5sum matches)
     Added NewGRF: GRF ID 44441001, checksum A9752611C2A92A76693AAB2855DE776A, filename: ukrs2_uk_railway_addon_set-1.0/pj1kadd.grf (md5sum matches)
     Added NewGRF: GRF ID 44440603, checksum 4D4BB789FD5FAD91EE1728F74D946764, filename: ottdc_grfpack/5_industries_cargos/pikkind/z/pikbrikw.grf (md5sum matches)
     Added NewGRF: GRF ID 44440601, checksum DA0C2B53D2F75ACDE86B5B30B306D2D8, filename: pb_ukrsi.grf (md5sum matches)
     Added NewGRF: GRF ID 554B5201, checksum 0D9C15FF1DC9AA50702780A730D9C650, filename: uk_roadset.1.1/ukroadsetw.grf (md5sum matches)
     Added NewGRF: GRF ID 52571201, checksum C1C7D8C53EB7E74EEE2F0EF29638B466, filename: egrvts.1.0/egrvts.grf (md5sum matches)
     Added NewGRF: GRF ID 44440A01, checksum EFEE1435093730D3DA55BDF69653CADC, filename: av8_aviators_aircraft_set-1.7/pb_av8w.grf (md5sum matches)
     Added NewGRF: GRF ID 44440A11, checksum 9CC25A10F25815ABD68C21520C822894, filename: general_av8ion.0.2/genav8w.grf (md5sum matches)
     Added NewGRF: GRF ID 4B5A0007, checksum BC51D7FBCBC3E9BD5EB7F0D1C7A400EC, filename: newairport.grf (md5sum matches)
     Added NewGRF: GRF ID 424B5461, checksum C022EB5453072B93712207212E728377, filename: ottdc_grfpack/z_obsolete/bktun/BKTunw.grf (md5sum matches)
     Added NewGRF: GRF ID 52455400, checksum 1600687C50C5AB1E72EDD487CAD50E2A, filename: ae_cityw.GRF (md5sum matches)
     Added NewGRF: GRF ID 52455200, checksum 0E5A9C5ACD2BCAF7FA0658C3F905A660, filename: ae_ruraw.GRF (md5sum matches)
     Added NewGRF: GRF ID 45520004, checksum FAE5D547D28D5EA8CF3148F84CEF2D8E, filename: ottdc_grfpack/z_obsolete/pgs/pgs-counw.grf (md5sum matches)
     Added NewGRF: GRF ID 45520002, checksum 91BE852679BF24F3E1FB2D51D60083A3, filename: ottdc_grfpack/z_obsolete/pgs/pgs-freiw.grf (md5sum matches)
     Added NewGRF: GRF ID 45520003, checksum 0E5A15E514FDDC1C20721912BE8F6CF1, filename: ottdc_grfpack/z_obsolete/pgs/pgs-silvw.grf (md5sum matches)
     Added NewGRF: GRF ID 45520001, checksum 4F6DAB25CE0EA99584803A4C3AE77143, filename: ottdc_grfpack/z_obsolete/pgs/pgs-subuw.grf (md5sum matches)
     Added NewGRF: GRF ID 52455300, checksum 37C0B839B13C4B18051580C81EEDF427, filename: ae_subuw.GRF (md5sum matches)
     Added NewGRF: GRF ID 504E0001, checksum E7781323D2B0086E2E76342DAA036054, filename: ottdc_grfpack/7_stations/ukwaypoints/ukwaypointsw.grf (md5sum matches)
     Added NewGRF: GRF ID 444E0400, checksum 735D3D74D5DCADBF1FD6EF7A9C5A3519, filename: vast_station_tiles-0.2.0/vast.grf (md5sum matches)
     Added NewGRF: GRF ID 45520500, checksum 7E30CA79D5A8B3A6CBE873E26096D7D2, filename: modernsuburbanw.GRF (md5sum matches)
     Added NewGRF: GRF ID 4A430002, checksum 0728ADCB4DF2F1EB9247ABD449296F4E, filename: industrial_stations_renewal.0.8.0/indstatrw.grf (md5sum matches)
     Added NewGRF: GRF ID 43415463, checksum 422B1603DC1CEDA4E59E715E12EAD332, filename: ottdc_grfpack/7_stations/canstn/canstnw.grf (md5sum matches)
     Added NewGRF: GRF ID 45520400, checksum 1D00426064137AA49B6FC4F4BCFF173F, filename: brickfreightw.GRF (md5sum matches)
     Added NewGRF: GRF ID 45520102, checksum 1406B06F6475037445A944963CA6D5CE, filename: ottdc_grfpack/7_stations/basic_platforms/basic_platformsw.grf (md5sum matches)
     Added NewGRF: GRF ID 41533031, checksum 911AC4448EE52CFDF171FA358404DD23, filename: swedish_houses-1.1/swehouses.grf (md5sum matches)
     Added NewGRF: GRF ID 6D620601, checksum 44EB2F155862E4D4F0AB671D7021AF54, filename: newstatsw.grf (md5sum matches)
     Added NewGRF: GRF ID 44450002, checksum 94F025F7345888FC3062F233C569D248, filename: modular_locomotive_shed_stations-0.2.6/mlss026.grf (md5sum matches)
     Added NewGRF: GRF ID 54570200, checksum 3DEB9B30A6254AE8606A5A9A99A9A696, filename: ottdc_grfpack/7_stations/usstats/usstatsw.grf (md5sum matches)
     Added NewGRF: GRF ID 45530500, checksum FA231F55E8CC472EA98271F7C2AA9EFF, filename: japanese_stations-2.0a/jpstationsw.grf (md5sum matches)
     Added NewGRF: GRF ID 4D570102, checksum 8C41066F2430A1762047AB077B51EE63, filename: hover_bus.1.0/hoverbus_1.0.grf (md5sum matches)
     Added NewGRF: GRF ID 53410100, checksum 2898A009F1822E324A88FFA754396B34, filename: infra_landscapew.grf (md5sum matches)
     Added NewGRF: GRF ID 524B0301, checksum BB7BBE4FF23B349D17ED0A682503680C, filename: lightrailtramtracks-0.2/tramtrkw.grf (md5sum matches)
     Added NewGRF: GRF ID 4D470601, checksum 9C21B80FAAA6B5A5BB91815E5915B91C, filename: logic_train.0.6/logic.grf (md5sum matches)
     Added NewGRF: GRF ID 4F472B31, checksum A82F71D8F32D10557DE8AAD5794E58AB, filename: opengfx_trains-0.2.1/ogfx-trains.grf (md5sum matches)
     Added NewGRF: GRF ID 46727806, checksum 09E95562B1894A4D55D5532C6A889621, filename: opengfx_trees-0.2.2/opengfx+trees.grf (md5sum matches)
     Added NewGRF: GRF ID 4F472B32, checksum B42B3DD63720C1F2483B357575736087, filename: opengfx_road_vehicles-0.1.0/ogfx-rv.grf (md5sum matches)
     Added NewGRF: GRF ID 45520600, checksum 346457CB4632554B6A175785236883E4, filename: ottdc_grfpack/z_obsolete/platforms/platformsw.GRF (md5sum matches)
     Added NewGRF: GRF ID 41424631, checksum C3BCFB890BE4207032E5B94889DDBC33, filename: ottdc_grfpack/6_town_buildings/partysquare/partysquare.grf (md5sum matches)
     Added NewGRF: GRF ID 52453C00, checksum C5B4EC240B33E2DB8D1EA64C97898B5E, filename: stolen_trees-1/stolentreesw_162.grf (md5sum matches)
     Added NewGRF: GRF ID 4C410002, checksum 5AC8C496DDB45DF5E3803CD557271E43, filename: ottdc_grfpack/6_town_buildings/streetlights/streetlights.grf (md5sum matches)
     Added NewGRF: GRF ID 72777473, checksum A12E6E5E0FC4FEE6F9A35E909B0A8FF5, filename: uk_town_set-2/ukts_v2.grf (md5sum matches)
     Added NewGRF: GRF ID 62637272, checksum F127F6375437DAB2766E953C2B282D24, filename: ottdc_grfpack/4_infrastructure/yarrs/yarrs.grf (md5sum matches)
---- gamelog end ----

*** End of OpenTTD Crash Report ***
