*** OpenTTD Crash Report ***
Date: 2009-05-24 15:19:58
Build: r16404 (0) built on May 23 2009 18:24:28
Reason: Assertion failed at ..\src\strings.cpp:672: i != NULL
Language: english.lng
Exception C0000005 at 00438965
Registers:
 EAX: 047DBC88 EBX: 00000000 ECX: 0012F4D8 EDX: 047DBCBE
 ESI: 00000000 EDI: 00000000 EBP: 0012F7DC ESP: 0012F6F0
 EIP: 00438965 EFLAGS: 00210206

Bytes at CS:EIP:
 88 1D 00 00 00 00 8B 46 0C 0F B7 00 99 89 84 24 A8 00 00 00 89 94 24 AC

Stack trace: 
 00000041 006C32F0 0012F828 76E9231C 0012F841 0181068A 00000000 76EE861F
 006AEDB8 00000000 003F0000 03AD0020 0463C768 04C21008 03A00020 00000001
 03AD00D8 0000ADBF 00534A90 0000ADBF 005272D0 003F0000 003F2FE8 003F2FE8
 003F2FE8 003F2FE8 00000200 00000000 00000009 00000001 00000000 041C3568
 00000003 00000003 00000003 00000003 00000200 00000003 00433BEB 0000C9C0
 004944F7 0049451B 0000C9C0 00494574 002C1000 00000927 00000000 03AD0000
 00000000 00000000 03A00000 0046918E 0012F7F0 00000000 003F0000 046E2BB8
 003F0000 010001A8 008B001C 0012F800 00437A99 006AEDC8 00000000 0012FA27
 0189CA70 006C32F0 00000000 0012F828 0012FB54 00437AB3 006AEDB8 0012FA27
 00475E6C 0012FA27 0189CA70 0183AC80 00000000 0059ECFE EE8381EE 6F438380
 70206C61 75646F72 6F697463 7461206E 00000020 0012F8C8 0012F834 0012F838
 0012F890 005A66A0 19703CD9 FFFFFFFE 0059ED1D 00528CC7 046E2BB8 00000000
 0012F8C8 00539B94 0012F95C 0012F94C 005286DF 0000000D 03AD0028 0068058C
 0012F9A4 005BC343 FFFFFFFF 0012F9B4 00527AEB 0012F8C8 041C3568 00000003
 0000C9C1 01024AED 00000009 0000CBC1 0000000C 041C3500 00000000 00000000
 00000000 00000000 00000000 00000000 00032000 00000000 00000000 03AD00AC
 03AD0080 006AE2D0 00002710 041C3568 00000004 00000000 00000000 00000000
 00000000 00000000 00000000 00000000 00000000 00000000 00000000 00000000
 00000000 00000000 00000000 00000000 00000000 00000000 00000003 0000208E
 00000000 006F949C 00520000 00000000 006FAE18 0000CBC1 0000000C FFFFFFFF
 000000FF 00000001 00499201 00000008 0000C3C1 00435BD9 00000730 00FFFFFF
 0012F998 000002E0 0012F9C8 004410B2 0012FA9C 00000001 FFFFF741 FFFFF781
 000009FF 000009FF FFFFF760 00000A08 FFFFF760 00000A08 0012FA18 0041D977
 00001505 00435BD9 00000731 00435BD9 0000073F 00FFFFFF 0012F9F0 000002E0

Module information:
 C:\hry\OpenTTD\OpenTTD.exe handle: 00400000 size: 2829824 crc: 48994395 date: 2009-05-23 16:28:34
 C:\Windows\system32\ntdll.dll handle: 76E80000 size: 1203792 crc: 7CFCEC95 date: 2008-01-21 02:34:50
 C:\Windows\system32\kernel32.dll handle: 77000000 size: 888832 crc: 62FA7623 date: 2009-02-13 08:49:05
 C:\Windows\system32\WINMM.dll handle: 741E0000 size: 189952 crc: D22FC585 date: 2008-01-21 02:33:49
 C:\Windows\system32\msvcrt.dll handle: 757D0000 size: 680448 crc: E5AE7FEC date: 2008-01-21 02:34:20
 C:\Windows\system32\USER32.dll handle: 76810000 size: 627200 crc: B687ED70 date: 2008-01-21 02:34:02
 C:\Windows\system32\GDI32.dll handle: 76C20000 size: 296960 crc: AA2880BF date: 2008-10-21 05:25:18
 C:\Windows\system32\ADVAPI32.dll handle: 768B0000 size: 798720 crc: F58CDFCB date: 2008-01-21 02:34:11
 C:\Windows\system32\RPCRT4.dll handle: 75700000 size: 784896 crc: 3E044E39 date: 2008-04-12 03:32:11
 C:\Windows\system32\ole32.dll handle: 76A00000 size: 1315328 crc: 6B931D39 date: 2008-01-21 02:34:47
 C:\Windows\system32\OLEAUT32.dll handle: 76D90000 size: 563200 crc: B69E10E1 date: 2008-01-21 02:34:50
 C:\Windows\system32\OLEACC.dll handle: 741A0000 size: 215040 crc: EF3061D3 date: 2008-01-21 02:33:25
 C:\Windows\system32\WS2_32.dll handle: 75A40000 size: 179200 crc: 5D581120 date: 2008-01-21 02:34:36
 C:\Windows\system32\NSI.dll handle: 76D70000 size: 8192 crc: 10729B39 date: 2008-01-21 02:34:35
 C:\Windows\system32\SHELL32.dll handle: 75B70000 size: 11580928 crc: CE4BF6CB date: 2008-11-06 13:14:25
 C:\Windows\system32\SHLWAPI.dll handle: 76E20000 size: 351744 crc: F95C1869 date: 2008-01-21 02:34:22
 C:\Windows\system32\IMM32.DLL handle: 75B50000 size: 114688 crc: 57C1E0CD date: 2008-01-21 02:34:05
 C:\Windows\system32\MSCTF.dll handle: 75A70000 size: 806912 crc: 66ABCC79 date: 2008-01-21 02:34:46
 C:\Windows\system32\LPK.DLL handle: 75B40000 size: 23552 crc: 3277B148 date: 2008-01-21 02:33:53
 C:\Windows\system32\USP10.dll handle: 76CA0000 size: 501760 crc: 09CF36C9 date: 2008-01-21 02:33:53
 C:\Windows\WinSxS\x86_microsoft.windows.common-controls_6595b64144ccf1df_6.0.6001.18000_none_5cdbaa5a083979cc\comctl32.dll handle: 74450000 size: 1684480 crc: 57ECDF87 date: 2008-01-21 02:33:14
 C:\Windows\system32\SHFolder.dll handle: 70F10000 size: 7168 crc: 1CA14A5C date: 2006-11-02 09:46:13
 C:\Windows\system32\wdmaud.drv handle: 73060000 size: 166912 crc: 5FC059D1 date: 2008-01-21 02:34:44
 C:\Windows\system32\ksuser.dll handle: 735B0000 size: 4608 crc: 4C647881 date: 2006-11-02 09:46:05
 C:\Windows\system32\MMDevAPI.DLL handle: 74110000 size: 149504 crc: 29FF5B91 date: 2008-01-21 02:34:32
 C:\Windows\system32\AVRT.dll handle: 74190000 size: 12800 crc: EB589AA0 date: 2008-01-21 02:34:43
 C:\Windows\system32\SETUPAPI.dll handle: 76680000 size: 1590272 crc: BB6B35BF date: 2008-01-21 02:34:34
 C:\Windows\system32\WINTRUST.dll handle: 74850000 size: 171520 crc: EE6B6CCB date: 2008-01-21 02:34:19
 C:\Windows\system32\CRYPT32.dll handle: 75000000 size: 977408 crc: 49821E3F date: 2008-01-21 02:34:42
 C:\Windows\system32\MSASN1.dll handle: 75160000 size: 59904 crc: 7A69072B date: 2006-11-02 09:46:06
 C:\Windows\system32\USERENV.dll handle: 755B0000 size: 108032 crc: AC76B003 date: 2008-01-21 02:33:46
 C:\Windows\system32\Secur32.dll handle: 75590000 size: 72704 crc: C6E7699B date: 2009-02-13 08:49:10
 C:\Windows\system32\imagehlp.dll handle: 76C70000 size: 153088 crc: EEF49677 date: 2008-01-21 02:33:42
 C:\Windows\system32\AUDIOSES.DLL handle: 73030000 size: 116224 crc: 30C70121 date: 2008-01-21 02:34:43
 C:\Windows\system32\audioeng.dll handle: 72F40000 size: 397312 crc: 17666E45 date: 2008-01-21 02:34:43
 C:\Windows\system32\PSAPI.DLL handle: 75660000 size: 12288 crc: D7B812C5 date: 2006-11-02 09:46:12
 C:\Windows\system32\msacm32.drv handle: 73020000 size: 21504 crc: 1F6A62A4 date: 2008-01-21 02:33:17
 C:\Windows\system32\MSACM32.dll handle: 72DC0000 size: 71680 crc: A2E8F836 date: 2008-01-21 02:34:42
 C:\Windows\system32\midimap.dll handle: 72DB0000 size: 17408 crc: 44FD6876 date: 2008-01-21 02:33:17
 C:\Windows\system32\CLBCatQ.DLL handle: 75880000 size: 523776 crc: C2EBF5E6 date: 2008-01-21 02:34:05
 C:\Windows\system32\uxtheme.dll handle: 74750000 size: 240128 crc: 5F29223E date: 2008-01-21 02:33:14
 C:\Windows\system32\dmime.dll handle: 6C130000 size: 178688 crc: 3063C87B date: 2008-01-21 02:33:05
 C:\Windows\system32\DSOUND.dll handle: 6B4E0000 size: 444416 crc: 1F6BF3CC date: 2008-01-21 02:33:43
 C:\Windows\system32\POWRPROF.dll handle: 74A00000 size: 97280 crc: 968A09AC date: 2008-01-21 02:34:51
 C:\Windows\system32\dmusic.dll handle: 6C3B0000 size: 101888 crc: C5478A00 date: 2008-01-21 02:33:05
 C:\Windows\system32\dmsynth.dll handle: 6C1A0000 size: 105472 crc: 246B7E26 date: 2008-01-21 02:33:05
 C:\Windows\system32\dmloader.dll handle: 720D0000 size: 38400 crc: 43D1875C date: 2008-01-21 02:33:05
 C:\Windows\system32\btmmhook.dll handle: 10000000 size: 208896 crc: F0F47C22 date: 2008-09-11 15:45:30
 C:\Windows\system32\mswsock.dll handle: 74D20000 size: 223232 crc: 3746AAB9 date: 2008-01-21 02:33:36
 C:\Windows\System32\wshtcpip.dll handle: 749E0000 size: 9216 crc: 10C50FC1 date: 2008-01-21 02:33:40
 C:\Program Files\totalcmd\Plugins\WLX\IEView\ieview.wlx handle: 03390000 size: 118784 crc: 9BA0F354 date: 2005-07-14 21:35:30
 C:\Windows\WinSxS\x86_microsoft.windows.common-controls_6595b64144ccf1df_5.82.6001.18000_none_886786f450a74a05\COMCTL32.dll handle: 732D0000 size: 531968 crc: 9831221E date: 2008-01-21 02:33:48
 C:\Program Files\WIDCOMM\Bluetooth Software\btkeyind.dll handle: 033B0000 size: 126976 crc: 5B0D440F date: 2008-09-11 15:40:18

System information:
 Windows version 6.0 6001 Service Pack 1

---- gamelog start ----
Tick 0: new game started
     Revision text changed to r14876, savegame version 105, not modified, _openttd_newgrf_version = 0x07003a1c
     New game mode: 1 landscape: 0
Tick 238: cheat was used
     New game mode: 1 landscape: 3
Tick 238: cheat was used
     New game mode: 1 landscape: 0
Tick 238: cheat was used
     New game mode: 1 landscape: 3
Tick 238: cheat was used
     New game mode: 1 landscape: 0
Tick 238: cheat was used
     New game mode: 1 landscape: 3
Tick 238: cheat was used
     New game mode: 1 landscape: 0
Tick 238: cheat was used
     New game mode: 1 landscape: 1
Tick 238: cheat was used
     New game mode: 1 landscape: 2
Tick 238: cheat was used
     New game mode: 1 landscape: 3
Tick 238: cheat was used
     New game mode: 1 landscape: 0
Tick 238: settings changed
     Setting changed: vehicle.never_expire_vehicles : 0 -> 1
Tick 238: settings changed
     Setting changed: vehicle.dynamic_engines : 0 -> 1
Tick 238: settings changed
     Setting changed: order.improved_load : 0 -> 1
Tick 238: settings changed
     Setting changed: station.always_small_airport : 0 -> 1
Tick 4232: game loaded
     Revision text changed to r15297, savegame version 112, not modified, _openttd_newgrf_version = 0x07003bc1
Tick 35106: game loaded
     Revision text changed to r15581, savegame version 113, not modified, _openttd_newgrf_version = 0x07003cdd
Tick 60051: game loaded
     Revision text changed to r15589, savegame version 113, not modified, _openttd_newgrf_version = 0x07003ce5
Tick 62266: game loaded
     Revision text changed to r15591, savegame version 113, not modified, _openttd_newgrf_version = 0x07003ce7
Tick 30909: game loaded
     Revision text changed to r15985, savegame version 116, not modified, _openttd_newgrf_version = 0x08003e71
Tick 29558: game loaded
     Revision text changed to r16058, savegame version 117, not modified, _openttd_newgrf_version = 0x08003eba
Tick 22870: game loaded
     Revision text changed to r16297, savegame version 119, not modified, _openttd_newgrf_version = 0x08003fa9
Tick 27670: game loaded
     Revision text changed to r16404, savegame version 119, not modified, _openttd_newgrf_version = 0x08004014
---- gamelog end ----
