*** OpenTTD Crash Report ***

Crash at: Sat May 14 22:55:40 2011
In game date: 1861-07-21 (13)

Crash reason:
 Exception: E1212012
 Location:  7C812AFB
 Message:   Assertion failed at line 268 of c:\openttd\compile\src\core\smallvec_type.hpp: index <= this->items

OpenTTD version:
 Version:    r22458 (0)
 NewGRF ver: 120057ba
 Bits:       32
 Endian:     little
 Dedicated:  no
 Build date: May 14 2011 18:18:00

Registers:
 EAX: 0012F420 EBX: 00000016 ECX: 00000000 EDX: 00BD5648
 ESI: 00000000 EDI: 00000000 EBP: 0012F470 ESP: 0012F41C
 EIP: 7C812AFB EFLAGS: 00200246

 Bytes at instruction pointer:
 5E C9 C2 10 00 85 FF 0F 8E 36 93 FF FF 8B 55 FC 89 55 0C 0F B7 16 8B 7D

Stack trace:
 00BD5568 E1212012 00000000 00000000 7C812AFB 00000000 00000000 00000000
 00000000 069038F0 00000000 00000000 00000000 7C90D80A 7C9132F0 FFFFFFFF
 00000024 0012F46C 00000004 00000000 EBD7E1D0 0012F4D0 00575F10 E1212012
 00000000 00000000 00000000 00648926 00000016 07DC25AB 0012F818 00000200
 06790490 7C9132F0 FFFFFFFF 00000000 0012F4B8 00575F00 00000001 0012F490
 0012F038 0012FBD0 0064EB10 0774482B FFFFFFFE 0012F808 00647D60 00000016
 00000200 00649309 0012F530 00BB8718 01212DE0 0065BC4D 00000000 FFFFFFEC
 0012F78C 00651C36 00000000 0012F818 0012F818 00651CC2 00154078 0012F5E4
 00000000 00000007 7C91005D C00000A3 00000000 00BB8718 01212DE0 01211E90
 00000001 0012F7B0 00000000 00000000 00000000 00B33E59 00000000 00000000
 00000000 00000005 00000063 0012FA30 00000014 00B673E4 FFFFFFFF 00830F97
 00000000 00000000 0012F764 FFFFFFFF 00C34F48 06911008 00C34F48 00000541
 00C34F48 FFFFFFFF 00000000 0012F764 06919010 7C90F65C 06911000 C00000A3
 00000000 00000000 06911000 00002A08 06911008 00000010 0012F764 00000000
 7E37934B 00000010 0012F764 00000000 06911594 0012F5E0 0012F698 0012FBD0
 7E39048F 7E379350 00005832 0012F758 7E38A2BC 0012F764 0012F818 00000200
 7E38A2D6 00000001 00000104 00B95F20 00000000 00D70850 0012F878 0043D42C
 06911594 00000000 00000000 7E3620EC 00000000 00000001 0012F664 06911548
 0057662D 06911548 0057663C 00000002 00000000 00000000 00000001 003A0041
 0000005C 003A0043 0000005C 003A0044 0000005C 003A0045 0000005C 003A0046
 0000005C 00000000 7C910222 02322390 01210718 01210000 06941F78 00000000
 7C910435 7C91043E 0012FA38 00020024 0012F808 0012F700 0064EFDC 0000000B
 00000000 0012F6FC 00649309 0012F734 00BB8718 01212DE0 0065BC4D 00000000
 0012F990 006514E6 0000005C 00651525 0673B6A0 0673B6A0 00651CC2 FFFFFFFF

Operating system:
 Name:     Windows
 Release:  5.1.2600 (Szervizcsomag 3)
 Compiler: MSVC 1500

Configuration:
 Blitter:      8bpp-optimized
 Graphics set: OpenGFX (622)
 Language:     D:\Games\openttd nightly\lang\english.lng
 Music driver: dmusic
 Music set:    NoMusic (0)
 Network:      no
 Sound driver: win32
 Sound set:    NoSound (2)
 Video driver: win32

AI Configuration (local: 0):
  0: Human

Libraries:
 FreeType:   2.4.4
 ICU:        4.4.2
 LZMA:       5.0.0
 LZO:        2.03
 PNG:        1.4.5
 Zlib:       1.2.5

Module information:
 D:\Games\openttd nightly\openttd.exe handle: 00400000 size: 8238592 crc: E4721F2A date: 2011-05-14 16:21:48
 C:\WINDOWS\system32\ntdll.dll handle: 7C900000 size: 724992 crc: 8782D49D date: 2010-12-09 15:15:29
 C:\WINDOWS\system32\kernel32.dll handle: 7C800000 size: 1008128 crc: F8007375 date: 2009-03-21 14:09:14
 C:\WINDOWS\system32\WINMM.dll handle: 76B20000 size: 177664 crc: CDC94910 date: 2008-04-14 16:02:05
 C:\WINDOWS\system32\ADVAPI32.dll handle: 77DC0000 size: 684544 crc: 10C1E4D9 date: 2009-02-09 10:54:17
 C:\WINDOWS\system32\RPCRT4.dll handle: 77E70000 size: 590848 crc: FCD07612 date: 2010-08-16 08:45:23
 C:\WINDOWS\system32\Secur32.dll handle: 77FE0000 size: 56832 crc: 021335FE date: 2009-06-25 08:28:10
 C:\WINDOWS\system32\GDI32.dll handle: 77F10000 size: 286720 crc: 7ADBA499 date: 2008-10-23 12:42:23
 C:\WINDOWS\system32\USER32.dll handle: 7E360000 size: 578560 crc: 6A806D26 date: 2008-04-14 16:02:04
 C:\WINDOWS\system32\WS2_32.dll handle: 71A50000 size: 82432 crc: 93BE5030 date: 2008-04-14 16:02:06
 C:\WINDOWS\system32\msvcrt.dll handle: 77C00000 size: 343040 crc: 19C62F48 date: 2008-04-14 16:01:56
 C:\WINDOWS\system32\WS2HELP.dll handle: 71A40000 size: 19968 crc: E2F5FEA7 date: 2008-04-14 16:02:06
 C:\WINDOWS\system32\SHELL32.dll handle: 7C9C0000 size: 8483328 crc: 135614EB date: 2011-01-21 14:44:12
 C:\WINDOWS\system32\SHLWAPI.dll handle: 77F60000 size: 474112 crc: 9CCD5F7A date: 2009-12-08 09:25:46
 C:\WINDOWS\system32\IMM32.DLL handle: 76360000 size: 110080 crc: 148CDFF5 date: 2008-04-14 16:01:51
 C:\WINDOWS\WinSxS\x86_Microsoft.Windows.Common-Controls_6595b64144ccf1df_6.0.2600.6028_x-ww_61e65202\comctl32.dll handle: 773C0000 size: 1054208 crc: 6C2D57C0 date: 2010-08-23 16:12:51
 C:\WINDOWS\system32\comctl32.dll handle: 5D520000 size: 617472 crc: C33C5AD6 date: 2010-08-23 16:12:53
 C:\WINDOWS\system32\SHFolder.dll handle: 76760000 size: 25088 crc: 613C5773 date: 2008-04-14 16:01:59
 C:\WINDOWS\system32\WINTRUST.dll handle: 76C20000 size: 177664 crc: BF92A1D1 date: 2009-12-24 07:05:11
 C:\WINDOWS\system32\CRYPT32.dll handle: 77A70000 size: 602624 crc: 8E810098 date: 2008-04-14 16:01:48
 C:\WINDOWS\system32\MSASN1.dll handle: 77B10000 size: 58880 crc: B9C14C16 date: 2009-09-04 21:05:39
 C:\WINDOWS\system32\IMAGEHLP.dll handle: 76C80000 size: 144384 crc: FD8F7EC9 date: 2008-04-14 16:01:51
 C:\WINDOWS\system32\wdmaud.drv handle: 72CB0000 size: 23552 crc: EC552226 date: 2008-04-14 16:02:35
 C:\WINDOWS\system32\msacm32.drv handle: 72CA0000 size: 20480 crc: 4789F187 date: 2004-08-18 12:00:00
 C:\WINDOWS\system32\MSACM32.dll handle: 77BD0000 size: 71680 crc: 67A7F1DA date: 2008-04-14 16:01:53
 C:\WINDOWS\system32\midimap.dll handle: 77BC0000 size: 18944 crc: 53CBA365 date: 2008-04-14 16:01:53
 C:\WINDOWS\system32\MSCTF.dll handle: 746D0000 size: 297984 crc: 917B1B03 date: 2008-04-14 16:01:53
 C:\WINDOWS\system32\msctfime.ime handle: 75180000 size: 177152 crc: 0C612EB1 date: 2009-02-27 04:58:02
 C:\WINDOWS\system32\ole32.dll handle: 774D0000 size: 1287680 crc: 25540870 date: 2010-07-16 12:01:14
 C:\WINDOWS\system32\ctagent.dll handle: 10000000 size: 57344 crc: 0F70E5D6 date: 2003-08-28 08:45:56
 C:\WINDOWS\system32\CLBCATQ.DLL handle: 76FC0000 size: 498688 crc: 145BADEB date: 2008-04-14 16:01:48
 C:\WINDOWS\system32\COMRes.dll handle: 77040000 size: 816640 crc: FBD03867 date: 2008-04-14 16:01:48
 C:\WINDOWS\system32\OLEAUT32.dll handle: 77110000 size: 551936 crc: EEAE5FDC date: 2008-04-14 16:01:58
 C:\WINDOWS\system32\VERSION.dll handle: 77BF0000 size: 18944 crc: 054B9D13 date: 2008-04-14 16:02:04
 C:\WINDOWS\system32\dmime.dll handle: 59A80000 size: 181248 crc: 011BEF76 date: 2008-04-14 16:01:49
 C:\WINDOWS\system32\DSOUND.dll handle: 73EA0000 size: 367616 crc: EB93E293 date: 2008-04-14 16:01:50
 C:\WINDOWS\system32\dmusic.dll handle: 6CEC0000 size: 104448 crc: CFA51DF9 date: 2008-04-14 16:01:49
 C:\WINDOWS\system32\KsUser.dll handle: 73E70000 size: 4096 crc: 6216A303 date: 2008-04-14 16:01:52
 C:\WINDOWS\system32\dmsynth.dll handle: 6CEE0000 size: 103424 crc: DA20F4DE date: 2008-04-14 16:01:49
 C:\WINDOWS\system32\dmloader.dll handle: 6CF50000 size: 35840 crc: FB8D932B date: 2008-04-14 16:01:49
 C:\WINDOWS\system32\mswsock.dll handle: 719F0000 size: 246784 crc: 4DB75624 date: 2008-06-20 16:04:25
 C:\WINDOWS\system32\hnetcfg.dll handle: 66780000 size: 346624 crc: A126A5D0 date: 2008-04-14 16:01:50
 C:\WINDOWS\System32\wshtcpip.dll handle: 71A30000 size: 19456 crc: 9DC1DF6D date: 2008-04-14 16:02:06
 C:\WINDOWS\system32\DNSAPI.dll handle: 76F10000 size: 149504 crc: AC221A13 date: 2011-03-03 06:55:00
 C:\WINDOWS\system32\iphlpapi.dll handle: 76D50000 size: 95232 crc: CCA836BE date: 2008-04-14 16:01:52
 C:\WINDOWS\system32\rasadhlp.dll handle: 76FB0000 size: 7680 crc: 0F51E65C date: 2008-04-14 16:01:58
 C:\WINDOWS\system32\psapi.dll handle: 76BE0000 size: 23040 crc: 76A89FF8 date: 2008-04-14 16:01:58

---- gamelog start ----
Tick 0: new game started
     Revision text changed to r22458, savegame version 160, not modified, _openttd_newgrf_version = 0x120057ba
     New game mode: 1 landscape: 0
     Added NewGRF: GRF ID 4F472B33, checksum BE000C93EE1F4C119E55A8094078ADE0, filename: opengfx_industries-0.3.1\ogfx-industries.grf (md5sum matches)
     Added NewGRF: GRF ID 4F472B34, checksum 5030F25CA77DE5080DB906235CD70005, filename: opengfx_landscape-0.2.1\ogfx-landscape.grf (md5sum matches)
     Added NewGRF: GRF ID 46727806, checksum 09E95562B1894A4D55D5532C6A889621, filename: opengfx_trees-0.2.2\opengfx+trees.grf (md5sum matches)
     Added NewGRF: GRF ID 4F472B32, checksum B42B3DD63720C1F2483B357575736087, filename: opengfx_road_vehicles-0.1.0\ogfx-rv.grf (md5sum matches)
     Added NewGRF: GRF ID 27711003, checksum 1AA60ACCF4BB2BEEB3CAC7E574892C63, filename: 2cctrainset-nightly\2cctrainset.grf (md5sum matches)
Tick 20949: settings changed
     Setting changed: vehicle.freight_trains : 2 -> 1
Tick 20949: settings changed
     Setting changed: vehicle.freight_trains : 1 -> 2
Tick 20949: settings changed
     Setting changed: vehicle.freight_trains : 2 -> 3
Tick 20949: settings changed
     Setting changed: vehicle.freight_trains : 3 -> 4
Tick 20949: settings changed
     Setting changed: vehicle.freight_trains : 4 -> 5
Tick 20949: settings changed
     Setting changed: vehicle.freight_trains : 5 -> 6
Tick 20949: settings changed
     Setting changed: vehicle.freight_trains : 6 -> 7
Tick 20949: settings changed
     Setting changed: vehicle.freight_trains : 7 -> 8
Tick 20949: settings changed
     Setting changed: vehicle.freight_trains : 8 -> 9
Tick 20949: settings changed
     Setting changed: vehicle.freight_trains : 9 -> 8
Tick 20949: settings changed
     Setting changed: vehicle.freight_trains : 8 -> 7
Tick 20949: settings changed
     Setting changed: vehicle.freight_trains : 7 -> 6
Tick 20949: settings changed
     Setting changed: vehicle.freight_trains : 6 -> 5
Tick 20949: settings changed
     Setting changed: vehicle.freight_trains : 5 -> 4
Tick 20949: settings changed
     Setting changed: vehicle.freight_trains : 4 -> 3
Tick 20949: settings changed
     Setting changed: vehicle.freight_trains : 3 -> 2
Tick 20949: settings changed
     Setting changed: vehicle.freight_trains : 2 -> 1
---- gamelog end ----

*** End of OpenTTD Crash Report ***

Decoded stack trace:
[00] ???                  0x7C812AFB ¬% + 82
[01] ???                  0x00575F10
[02] ???                  0x00647D60
[03] ???                  0x004307D4
[04] ???                  0x004636FA
[05] ???                  0x00452DB0
[06] ???                  0x00454F94
[07] ???                  0x004551B0

*** End of additional info ***
