*** OpenTTD Crash Report ***
Date: 2008-04-24 21:45:33
Build: 0.6.0 built on Apr  1 2008 00:57:52
Exception C0000005 at 00430E8E
Registers:
 EAX: 000009B3 EBX: 0012F8C8 ECX: 00C75F08 EDX: 00000011
 ESI: FFFFFFF7 EDI: 0000884B EBP: 0012F8B0 ESP: 0012F888
 EIP: 00430E8E EFLAGS: 00010212

Bytes at CS:EIP:
 8B 04 81 C3 81 E1 FF 07 FF FF 81 C1 00 10 00 00 5E E9 04 25 08 00 81 E1

Stack trace: 
 00430FB1 005CEDD8 00000000 0012FAC7 00000C13 0065210C 0000884B 00B80178
 00000122 0012FADC 0012FAC8 00431014 005CEDD8 0012FAC7 00413423 0012FAC7
 0012F954 00000001 00000000 00000020 000000B9 00000000 C00000A3 00000000
 02402860 00000000 00000000 00B80178 0012F8E0 0018B588 00002733 0012F8BC
 02402870 0012FFB0 719D71C8 00B80178 FFFFFFFF 02402878 00B80178 02401AF0
 0000000C 00B80178 0012F96C 0012F978 71A12B32 00000003 006515C0 000018A3
 01360000 0012FA0C 0043B45A FFFFFA73 00000F9C FFFFCE11 00000FB3 00000FB3
 00007584 00433689 FFFFFA73 00000F9C 02402878 00000FB3 00000000 0043379C
 FFFF8A7C 00000803 00007584 0012F9A4 02402888 6D6F636E E2203A65 00B80178
 3836312C 02402890 7C92056D 02401AF0 0000000C 00B80178 7C9206F0 FFFFFFFF
 7C9206EB 004FDCFB 00B80000 0002D7A0 02401AF8 00427F05 0000001B 00000004
 00000000 0042829F FFFF8A7C 00000028 004A33D4 018ECB03 00000028 0000007D
 00C7BFC8 0012FB70 00412FC3 018E0303 0000007D 00000000 00000028 00000077
 00000011 000000E4 00000003 00000011 018E0303 0012FA74 0043DB24 00000000
 00000000 0000007D 00000029 00000028 00C88478 00000002 000000F5 00413CA4
 00000C13 01E39460 0000884B 0012FAD4 01B4033C 005A752C 00000000 00000000
 00000007 FFFFFFBE 00000007 00000007 00000000 0000006B 018E0303 00000500
 00000000 00000000 0012FB70 0012FACC 00413ACE 00000002 00000049 00000000
 0012FAF4 00466C10 00000008 000000ED 0000007B 00000000 0065210C 0012FB18
 00000000 0065210C 0001210C 0012FB10 00466E0F 0065210C 00651B10 0012FB70
 0000007D 0065210C 0012FB34 00440112 00080102 0012FB24 00000000 0000000A
 000002F6 000001FE 004400EA 0012FB50 004400F9 00000002 00000090 00000080
 00651B10 00000003 0012FB94 004142E6 00000067 00651B34 00000090 00000006
 000003AA 00000090 018E0303 00000003 00000011 0000007D 00000029 00000500

Module information:
 d:\openttd\openttd.exe handle: 00400000 size: 1723392 crc: E2126F6A date: 2008-03-31 23:00:00
 C:\WINDOWS\system32\ntdll.dll handle: 7C910000 size: 733696 crc: 56C42453 date: 2004-08-04 07:57:08
 C:\WINDOWS\system32\kernel32.dll handle: 7C800000 size: 1058304 crc: 5D9F6DED date: 2007-04-16 15:53:05
 C:\WINDOWS\system32\WINMM.dll handle: 76AF0000 size: 178176 crc: 54E937C2 date: 2004-08-04 07:57:37
 C:\WINDOWS\system32\USER32.dll handle: 7E360000 size: 579072 crc: 83B958D8 date: 2007-03-08 15:36:30
 C:\WINDOWS\system32\GDI32.dll handle: 77EF0000 size: 282112 crc: 6DA9FC51 date: 2007-06-19 13:31:19
 C:\WINDOWS\system32\ADVAPI32.dll handle: 77DA0000 size: 677888 crc: 23CAF27D date: 2004-08-04 07:57:14
 C:\WINDOWS\system32\RPCRT4.dll handle: 77E50000 size: 584192 crc: 37604E23 date: 2007-07-09 13:11:35
 C:\WINDOWS\system32\Secur32.dll handle: 77FC0000 size: 55808 crc: 892C4A1D date: 2004-08-04 07:57:33
 C:\WINDOWS\system32\WS2_32.dll handle: 71A10000 size: 82944 crc: 52750A2E date: 2004-08-04 07:57:39
 C:\WINDOWS\system32\msvcrt.dll handle: 77BE0000 size: 343040 crc: 0A2A7946 date: 2004-08-04 07:57:28
 C:\WINDOWS\system32\WS2HELP.dll handle: 71A00000 size: 19968 crc: E839B627 date: 2004-08-04 07:57:39
 C:\WINDOWS\system32\IMM32.DLL handle: 76330000 size: 110080 crc: CC88C1A0 date: 2004-08-04 07:57:21
 C:\WINDOWS\system32\SHFolder.dll handle: 76730000 size: 25088 crc: EB76CAE0 date: 2004-08-04 07:57:33
 C:\WINDOWS\system32\SHLWAPI.dll handle: 77F40000 size: 474624 crc: 13089905 date: 2006-09-23 11:12:38
 C:\WINDOWS\WinSxS\x86_Microsoft.Windows.Common-Controls_6595b64144ccf1df_6.0.2600.2982_x-ww_ac3f9c03\comctl32.dll handle: 773A0000 size: 1054208 crc: A5D18B7A date: 2006-08-25 15:46:44
 C:\WINDOWS\system32\comctl32.dll handle: 5D450000 size: 617472 crc: 3BDFF4D0 date: 2006-08-25 15:46:47
 C:\WINDOWS\system32\wdmaud.drv handle: 72C90000 size: 23552 crc: 47C9B021 date: 2004-08-04 07:58:26
 C:\WINDOWS\system32\WINTRUST.dll handle: 76BF0000 size: 176640 crc: 73F3B134 date: 2004-08-04 07:57:37
 C:\WINDOWS\system32\CRYPT32.dll handle: 77A50000 size: 602624 crc: FC4F0978 date: 2004-08-04 07:57:16
 C:\WINDOWS\system32\MSASN1.dll handle: 77AF0000 size: 57344 crc: 37DBC108 date: 2004-08-04 07:57:24
 C:\WINDOWS\system32\IMAGEHLP.dll handle: 76C50000 size: 144384 crc: DA63FF61 date: 2004-08-04 07:57:21
 C:\WINDOWS\system32\msacm32.drv handle: 72C80000 size: 20992 crc: E6F1E346 date: 2003-04-02 12:00:00
 C:\WINDOWS\system32\MSACM32.dll handle: 77BB0000 size: 72192 crc: 4F83C9A6 date: 2004-08-04 07:57:24
 C:\WINDOWS\system32\midimap.dll handle: 77BA0000 size: 18944 crc: 9D83D9D8 date: 2004-08-04 07:57:23
 C:\WINDOWS\system32\ole32.dll handle: 774B0000 size: 1285120 crc: 2CDC009F date: 2005-07-26 04:39:49
 C:\WINDOWS\system32\uxtheme.dll handle: 5B0F0000 size: 219648 crc: 05E13E75 date: 2004-08-04 07:57:36
 C:\WINDOWS\system32\MSCTF.dll handle: 746A0000 size: 294400 crc: 5866086F date: 2004-08-04 07:57:24
 C:\WINDOWS\system32\CLBCATQ.DLL handle: 76F90000 size: 498688 crc: 7728098B date: 2005-07-26 04:39:44
 C:\WINDOWS\system32\COMRes.dll handle: 77010000 size: 846848 crc: 36F6CAE5 date: 2004-08-04 07:57:16
 C:\WINDOWS\system32\OLEAUT32.dll handle: 770F0000 size: 550912 crc: 456F8C84 date: 2007-12-04 18:40:03
 C:\WINDOWS\system32\VERSION.dll handle: 77BD0000 size: 18944 crc: 14F8DA2B date: 2004-08-04 07:57:37
 C:\WINDOWS\System32\dmime.dll handle: 5C900000 size: 181248 crc: 3672A64B date: 2004-08-04 07:57:17
 C:\WINDOWS\System32\DSOUND.dll handle: 73E70000 size: 367616 crc: 6BA90018 date: 2004-08-04 07:57:17
 C:\WINDOWS\System32\dmusic.dll handle: 6CE60000 size: 104448 crc: 0A743302 date: 2004-08-04 07:57:17
 C:\WINDOWS\system32\KsUser.dll handle: 73E40000 size: 4096 crc: 931FDB2C date: 2004-08-04 07:57:22
 C:\WINDOWS\System32\dmsynth.dll handle: 6CE80000 size: 103424 crc: 9FC739C1 date: 2004-08-04 07:57:17
 C:\WINDOWS\System32\dmloader.dll handle: 6CEF0000 size: 35840 crc: A2BBF945 date: 2004-08-04 07:57:17
 C:\WINDOWS\system32\msctfime.ime handle: 75250000 size: 177152 crc: 4F2CB557 date: 2004-08-04 07:55:26
 C:\WINDOWS\system32\mswsock.dll handle: 719B0000 size: 247296 crc: 2CF6ECFF date: 2004-08-04 07:57:28
 C:\WINDOWS\system32\hnetcfg.dll handle: 66710000 size: 348672 crc: 8F6C63C9 date: 2004-08-04 07:57:20
 C:\WINDOWS\System32\wshtcpip.dll handle: 719F0000 size: 19968 crc: 6AFA7EE1 date: 2004-08-04 07:57:39
 C:\WINDOWS\system32\mslbui.dll handle: 609D0000 size: 25600 crc: C37FC7D7 date: 2004-08-04 07:57:26
 C:\WINDOWS\system32\DNSAPI.dll handle: 76EE0000 size: 148480 crc: B18D6C21 date: 2006-06-26 17:40:34
 C:\WINDOWS\System32\winrnr.dll handle: 76F70000 size: 16896 crc: C9046F73 date: 2004-08-04 07:57:37
 C:\WINDOWS\system32\WLDAP32.dll handle: 76F20000 size: 173056 crc: 13AEF378 date: 2004-08-04 07:57:37
 C:\WINDOWS\system32\rasadhlp.dll handle: 76F80000 size: 8192 crc: 43704FC7 date: 2006-06-26 17:40:34
 C:\WINDOWS\system32\psapi.dll handle: 76BB0000 size: 23040 crc: 4963BF76 date: 2004-08-04 07:57:32

System information:
 Windows version 5.1 2600 S
