*** OpenTTD Crash Report ***
Date: 2008-03-01 07:36:30
Build: 0.6.0-beta4 built on Feb 18 2008 22:59:36
Reason: Assertion failed at ..\src\openttd.cpp:113: 0
Exception C0000005 at 004243FB
Registers:
 EAX: 02176F50 EBX: 00000001 ECX: 0012F42C EDX: 02176F7E
 ESI: 00000200 EDI: 0059FB68 EBP: 0012F84C ESP: 0012F640
 EIP: 004243FB EFLAGS: 00010206

Bytes at CS:EIP:
 C6 05 00 00 00 00 00 E8 8F B2 0E 00 CC 55 8B EC 81 EC 00 04 00 00 56 8D

Stack trace: 
 00000001 0012F944 00000000 5F544F4E 43414552 20444548 67697274 65726567
 74612064 6E696C20 32392065 666F2035 5C2E2E20 5C637273 69727473 2E73676E
 00707063 00000000 00000000 00000000 00000000 00000000 00000000 00000000
 00000000 00000000 00000000 00000000 00000000 00000000 00000000 00000000
 00000000 00000000 00000000 00000000 00000000 00000000 00000000 00000000
 00000000 00000000 02213888 00BD0000 02213888 02210990 0012F72C 00BD0000
 000000B9 021B3900 0012F938 7C922270 7C921596 7C9206EB 000005C0 00000000
 7C9205D4 7C920738 FFFFFFFF 7C920732 7C9206AB 7C9206EB 00000070 00000000
 7C9205D4 0012F758 00413964 005E1D20 005E1788 00000000 0012F83C 00435489
 0000037F 006651EC 0012F878 0012F899 00000000 00CB4042 005E1D20 00BD0178
 00000003 0012F7BC 00000000 0012F7A0 00413964 005E1D20 005E1788 00000000
 0012F884 02000000 0000037F 006651EC 0012F8C0 0012F8E1 00000038 00000000
 005E1D20 0012F904 00000000 00CB1A0C 005E1D20 021B3908 00000074 00000000
 01B27E14 005BA474 00000000 FFFFFEAC 0012F848 7E39D309 0012F810 000000B6
 000000BD 00000000 0080B960 00000002 00000000 00000008 00000500 000003E2
 00002061 00000000 00000003 7C91D8EF 719D2BE9 022103D0 00000003 0012F874
 006A2F50 0012F858 00413964 0012F93C 004354AE 005773DC 0000039D 00586EFC
 00000138 006A2F50 006A2F50 006A2F50 00000000 00CC3278 005E1D20 C00000A3
 00000103 0012F878 7C91D8EF 0012F908 7C91EE18 7C91FB78 FFFFFFFF 7C91FB71
 719D3CCB C00000A3 C00000A3 0012F918 00000000 00000000 0068BF00 00B96F48
 00000000 0012F950 00000001 00000000 00000020 000000B9 00000000 C00000A3
 00000000 00000394 00000000 00000000 00000000 0012F8DC 0017C6B0 00002733
 0012F8B8 000005C8 0012FFB0 719F71C8 719D44B8 FFFFFFFF 719D44B0 71A361C9
 000003E4 0012F950 00000001 0012F968 0012F974 71A32B32 00B96F48 0012F960

Module information:
 C:\Programmi\OpenTTD\openttd.exe handle: 00400000 size: 1802752 crc: 264B9914 date: 2008-02-18 22:02:38
 C:\WINDOWS\system32\ntdll.dll handle: 7C910000 size: 729600 crc: 02189822 date: 2004-08-19 13:38:58
 C:\WINDOWS\system32\kernel32.dll handle: 7C800000 size: 1028608 crc: B970BEC0 date: 2007-04-16 15:54:18
 C:\WINDOWS\system32\WINMM.dll handle: 76B00000 size: 178688 crc: A4A87756 date: 2004-08-19 13:39:30
 C:\WINDOWS\system32\USER32.dll handle: 7E390000 size: 578560 crc: 20573DC0 date: 2007-03-08 15:37:44
 C:\WINDOWS\system32\GDI32.dll handle: 77E40000 size: 282112 crc: 25739645 date: 2007-06-19 13:30:47
 C:\WINDOWS\system32\ADVAPI32.dll handle: 77F40000 size: 683008 crc: 0840EB60 date: 2004-08-19 13:39:04
 C:\WINDOWS\system32\RPCRT4.dll handle: 77DA0000 size: 584192 crc: 6336B703 date: 2007-07-09 13:09:43
 C:\WINDOWS\system32\Secur32.dll handle: 77F10000 size: 55808 crc: 8312578E date: 2004-08-19 13:39:26
 C:\WINDOWS\system32\WS2_32.dll handle: 71A30000 size: 82944 crc: 851FBD42 date: 2004-08-19 13:39:34
 C:\WINDOWS\system32\msvcrt.dll handle: 77BE0000 size: 343040 crc: EBABDF93 date: 2004-08-19 13:39:20
 C:\WINDOWS\system32\WS2HELP.dll handle: 71A20000 size: 19968 crc: 9FEAC211 date: 2004-08-19 13:39:34
 C:\WINDOWS\system32\SHFolder.dll handle: 76740000 size: 25088 crc: BE7060A7 date: 2004-08-19 13:39:26
 C:\WINDOWS\system32\SHLWAPI.dll handle: 77E90000 size: 474624 crc: 1F1D8C8B date: 2007-12-07 01:06:07
 C:\WINDOWS\WinSxS\x86_Microsoft.Windows.Common-Controls_6595b64144ccf1df_6.0.2600.2982_x-ww_ac3f9c03\comctl32.dll handle: 773A0000 size: 1054208 crc: 63679B91 date: 2006-08-25 15:51:10
 C:\WINDOWS\system32\comctl32.dll handle: 5D4D0000 size: 617472 crc: 9170A54E date: 2006-08-25 15:51:12
 C:\WINDOWS\system32\wdmaud.drv handle: 72C90000 size: 23552 crc: CD3CFF85 date: 2004-08-19 13:50:30
 C:\WINDOWS\system32\WINTRUST.dll handle: 76BF0000 size: 176640 crc: 260FFDE4 date: 2004-08-19 13:39:32
 C:\WINDOWS\system32\CRYPT32.dll handle: 77A50000 size: 601600 crc: 6FA2B54D date: 2004-08-19 13:39:08
 C:\WINDOWS\system32\MSASN1.dll handle: 77AF0000 size: 57344 crc: 808D6902 date: 2004-08-19 13:39:18
 C:\WINDOWS\system32\IMAGEHLP.dll handle: 76C50000 size: 144384 crc: 2C62CFE1 date: 2004-08-19 13:39:14
 C:\WINDOWS\system32\msacm32.drv handle: 72C80000 size: 20992 crc: C33386C1 date: 2001-08-31 15:00:00
 C:\WINDOWS\system32\MSACM32.dll handle: 77BB0000 size: 71680 crc: 0152A918 date: 2004-08-19 13:39:18
 C:\WINDOWS\system32\midimap.dll handle: 77BA0000 size: 18944 crc: 723DC2EF date: 2004-08-19 13:39:16
 C:\WINDOWS\system32\ole32.dll handle: 774B0000 size: 1284608 crc: 5407AB05 date: 2005-07-26 04:40:28
 C:\WINDOWS\system32\nview.dll handle: 10000000 size: 1474560 crc: D5FF5C39 date: 2007-06-28 16:43:00
 C:\WINDOWS\system32\SHELL32.dll handle: 7C9D0000 size: 8483840 crc: C876BC1A date: 2007-10-25 16:54:49
 C:\WINDOWS\system32\PSAPI.DLL handle: 76BB0000 size: 23040 crc: CDC9CA33 date: 2004-08-19 13:39:24
 C:\WINDOWS\system32\OLEAUT32.dll handle: 770F0000 size: 550912 crc: CB41BDAA date: 2007-12-04 18:40:54
 C:\WINDOWS\system32\VERSION.dll handle: 77BD0000 size: 18944 crc: FE8F104D date: 2004-08-19 13:39:30
 C:\WINDOWS\system32\NTMARTA.DLL handle: 77660000 size: 119808 crc: 6D177786 date: 2004-08-19 13:39:22
 C:\WINDOWS\system32\WLDAP32.dll handle: 76F20000 size: 173056 crc: 6D87E411 date: 2004-08-19 13:39:32
 C:\WINDOWS\system32\SAMLIB.dll handle: 71B80000 size: 64000 crc: 5579DAF7 date: 2004-08-19 13:39:26
 C:\WINDOWS\system32\NVWRSIT.DLL handle: 01160000 size: 323584 crc: 93E3323F date: 2007-06-28 16:43:00
 C:\WINDOWS\system32\MSCTF.dll handle: 746B0000 size: 294400 crc: DF286FE0 date: 2004-08-19 13:39:18
 C:\WINDOWS\system32\CLBCATQ.DLL handle: 76F90000 size: 498688 crc: 85D073EE date: 2005-07-26 04:40:24
 C:\WINDOWS\system32\COMRes.dll handle: 77010000 size: 845824 crc: B8F26DFC date: 2004-08-19 13:39:08
 C:\WINDOWS\system32\dmime.dll handle: 59A30000 size: 181248 crc: BAF6AD4B date: 2004-08-19 13:39:08
 C:\WINDOWS\system32\DSOUND.dll handle: 73E80000 size: 367616 crc: 1DFC34C1 date: 2004-08-19 13:39:10
 C:\WINDOWS\system32\dmusic.dll handle: 6CEA0000 size: 104448 crc: 59D2385C date: 2004-08-19 13:39:08
 C:\WINDOWS\system32\KsUser.dll handle: 73E50000 size: 4096 crc: B7BF57B9 date: 2004-08-19 14:39:16
 C:\WINDOWS\system32\dmsynth.dll handle: 6CEC0000 size: 103424 crc: EBAD6CD1 date: 2004-08-19 13:39:08
 C:\WINDOWS\system32\dmloader.dll handle: 6CF30000 size: 35840 crc: C5136FDA date: 2004-08-19 13:39:08
 C:\WINDOWS\system32\VetRedir.dll handle: 01A60000 size: 79424 crc: 85603BB8 date: 2007-04-23 10:36:06
 C:\WINDOWS\system32\mswsock.dll handle: 719D0000 size: 247296 crc: 397EDD4D date: 2004-08-19 13:39:20
 C:\WINDOWS\system32\hnetcfg.dll handle: 66750000 size: 346624 crc: 4407644C date: 2004-08-19 13:39:12
 C:\WINDOWS\system32\ISafeIf.dll handle: 01AF0000 size: 99904 crc: 7A3D9D41 date: 2007-04-23 10:36:06
 C:\WINDOWS\System32\wshtcpip.dll handle: 71A10000 size: 19968 crc: F9706F4D date: 2004-08-19 13:39:34
 C:\WINDOWS\system32\nvwddi.dll handle: 01F40000 size: 81920 crc: C28771DC date: 2007-06-28 16:43:00
 C:\WINDOWS\system32\DNSAPI.dll handle: 76EE0000 size: 148480 crc: 8BDE8ED9 date: 2006-06-26 17:41:31
 C:\WINDOWS\System32\winrnr.dll handle: 76F70000 size: 16896 crc: 52D62ED2 date: 2004-08-19 13:39:30
 C:\WINDOWS\system32\rasadhlp.dll handle: 76F80000 size: 8192 crc: 4ACC2E5A date: 2006-06-26 17:41:31

System information:
 Windows version 5.1 2600 S
