*** OpenTTD Crash Report ***
Date: 2009-09-07 15:50:19
Build: r17425 (0) built on Sep  5 2009 18:27:29
Reason: Assertion failed at c:\openttd\compile\src\core/pool_type.hpp:43: index < this->first_unused
Language: english_US.lng
Exception C0000005 at 0043A81B
Registers:
 EAX: 05384BC0 EBX: 00000000 ECX: 0012EF78 EDX: 05384C1D
 ESI: 000003DD EDI: 00000000 EBP: 0012F26C ESP: 0012F190
 EIP: 0043A81B EFLAGS: 00210206

Bytes at CS:EIP:
 88 1D 00 00 00 00 A1 8C D9 6A 00 8B 34 B0 3B F3 75 22 68 B4 98 67 00 68

Stack trace: 
 0000001A 04CFE230 0012F2A8 0012F2AB 01DE1A1A 00000000 0012F2B8 006C0DA8
 01DD4CD6 00000000 0012F2C8 006C0DA8 01DE1A08 00000000 00000001 006C0DA8
 00000000 00000000 0012F208 0043A023 13C9577C 00000001 006BD2AA 0043A02D
 0012F220 0012F30C 00000000 00000000 00000003 0012F238 0000002D 0012F220
 0052F79B 00000000 00000000 00000000 0012F304 0043B34F 00000013 00000000
 00004818 00000000 74F635F6 00000330 00000250 00000000 0012F280 0041A2B0
 0012FA84 0041A69F 00000035 0000003E 0000000F 0012F280 00000010 0012F290
 004398EC 006C0DB0 00000000 0012FAA7 00000061 04CFE230 0012FB00 0012F2A8
 0012FAA8 00439906 006C0DA8 0012FAA7 0041A6BC 0012FAA7 42B980EE 69666E6F
 656C676E 614D2079 74656B72 72614620 8381EE6D 34322820 6E6F7420 2073656E
 6D20666F 657A6961 BB80EE29 25302820 61727420 6F70736E 64657472 64650029
 74720029 00296465 0012FB20 0000000D 0012F5A8 0012F328 004398EC 006C0DB0
 00000000 0041A2B0 0012FB40 0041A6DC 0000008D 00000180 00000001 0012F340
 00000001 00000001 00000000 00000001 2DB480EE 20202D20 4454544F 72542043
 70736E61 2074726F 2D202D20 00000000 00000000 0052DFB5 0012F43C 0012F488
 0012F39C 0052CB18 0012F404 0012F450 0012F441 0012F3A0 00000103 C00000A3
 C00000A3 0012F3C8 773B5C34 773B5C39 786F98DE C00000A3 C00000A3 00000103
 0012F3A0 773A8444 0012F440 77359834 0F46223E FFFFFFFE 773B5C39 74F616E5
 C00000A3 00000250 0012F450 74F6A65F 74F6A677 481A720A 01DB2D88 0193ACE0
 00000000 0012F490 00000001 00000000 00000020 0012FB68 0012FBEC 04550BD8
 00000001 C00000A3 00000000 04550BD8 00000250 001CFC48 00000000 0012F414
 00000000 00002733 0012F3E4 74F63466 0012FF78 74F8152B 3CFE20EA FFFFFFFE
 74F6A677 75A08E8E 00000330 0012F490 00000001 0012F4A8 0012F4B4 0012FB68
 0012FBEC 01DB2D88 0193ACE0 0012F4A0 75A0F6DD 00002733 0012F4D0 04621BE8

Module information:
 C:\Users\Peter\Desktop\OpenTTD multi\#openttdcoop Public Server\openttd.exe handle: 00400000 size: 2904064 crc: C5F64184 date: 2009-09-05 18:31:28
 C:\Windows\system32\ntdll.dll handle: 77350000 size: 1203792 crc: 7CFCEC95 date: 2008-01-21 02:25:01
 C:\Windows\system32\kernel32.dll handle: 75BC0000 size: 888832 crc: 62FA7623 date: 2009-02-13 08:49:05
 C:\Windows\system32\WINMM.dll handle: 74010000 size: 189952 crc: D22FC585 date: 2008-01-21 02:24:11
 C:\Windows\system32\msvcrt.dll handle: 75FA0000 size: 680448 crc: E5AE7FEC date: 2008-01-21 02:24:36
 C:\Windows\system32\USER32.dll handle: 75E70000 size: 627200 crc: B687ED70 date: 2008-01-21 02:24:21
 C:\Windows\system32\GDI32.dll handle: 77180000 size: 296960 crc: AA2880BF date: 2008-10-21 05:25:18
 C:\Windows\system32\ADVAPI32.dll handle: 76D00000 size: 798720 crc: F58CDFCB date: 2008-01-21 02:24:27
 C:\Windows\system32\RPCRT4.dll handle: 75A90000 size: 784896 crc: 091E6675 date: 2009-04-23 12:43:04
 C:\Windows\system32\ole32.dll handle: 75CA0000 size: 1315328 crc: 6B931D39 date: 2008-01-21 02:24:58
 C:\Windows\system32\OLEAUT32.dll handle: 771D0000 size: 563200 crc: B69E10E1 date: 2008-01-21 02:25:00
 C:\Windows\system32\OLEACC.dll handle: 73FD0000 size: 215040 crc: EF3061D3 date: 2008-01-21 02:23:53
 C:\Windows\system32\WS2_32.dll handle: 75A00000 size: 179200 crc: 5D581120 date: 2008-01-21 02:24:48
 C:\Windows\system32\NSI.dll handle: 75B60000 size: 8192 crc: 10729B39 date: 2008-01-21 02:24:47
 C:\Windows\system32\SHELL32.dll handle: 761F0000 size: 11580928 crc: CE4BF6CB date: 2008-11-06 13:14:25
 C:\Windows\system32\SHLWAPI.dll handle: 75A30000 size: 351744 crc: F95C1869 date: 2008-01-21 02:24:37
 C:\Windows\system32\IMM32.DLL handle: 77480000 size: 114688 crc: 57C1E0CD date: 2008-01-21 02:24:24
 C:\Windows\system32\MSCTF.dll handle: 774E0000 size: 806912 crc: 66ABCC79 date: 2008-01-21 02:24:57
 C:\Windows\system32\LPK.DLL handle: 76050000 size: 23552 crc: 3277B148 date: 2008-01-21 02:24:14
 C:\Windows\system32\USP10.dll handle: 75DF0000 size: 501760 crc: 09CF36C9 date: 2008-01-21 02:24:14
 C:\Windows\system32\avgrsstx.dll handle: 6C1B0000 size: 11952 crc: FFA7C6BD date: 2009-09-04 18:48:47
 C:\Windows\WinSxS\x86_microsoft.windows.common-controls_6595b64144ccf1df_6.0.6001.18000_none_5cdbaa5a083979cc\comctl32.dll handle: 74490000 size: 1684480 crc: 57ECDF87 date: 2008-01-21 02:23:44
 C:\Windows\system32\SHFolder.dll handle: 71330000 size: 7168 crc: 1CA14A5C date: 2006-11-02 09:46:13
 C:\Windows\system32\wdmaud.drv handle: 738B0000 size: 166912 crc: 5FC059D1 date: 2008-01-21 02:24:55
 C:\Windows\system32\ksuser.dll handle: 738A0000 size: 4608 crc: 4C647881 date: 2006-11-02 09:46:05
 C:\Windows\system32\MMDevAPI.DLL handle: 74730000 size: 149504 crc: 29FF5B91 date: 2008-01-21 02:24:44
 C:\Windows\system32\AVRT.dll handle: 74B50000 size: 12800 crc: EB589AA0 date: 2008-01-21 02:24:54
 C:\Windows\system32\SETUPAPI.dll handle: 76060000 size: 1590272 crc: BB6B35BF date: 2008-01-21 02:24:46
 C:\Windows\system32\WINTRUST.dll handle: 74A80000 size: 171520 crc: EE6B6CCB date: 2008-01-21 02:24:35
 C:\Windows\system32\CRYPT32.dll handle: 75290000 size: 977408 crc: 49821E3F date: 2008-01-21 02:24:53
 C:\Windows\system32\MSASN1.dll handle: 753F0000 size: 59904 crc: 7A69072B date: 2006-11-02 09:46:06
 C:\Windows\system32\USERENV.dll handle: 758B0000 size: 108032 crc: AC76B003 date: 2008-01-21 02:24:10
 C:\Windows\system32\Secur32.dll handle: 75890000 size: 72704 crc: C6E7699B date: 2009-02-13 08:49:10
 C:\Windows\system32\imagehlp.dll handle: 774B0000 size: 153088 crc: EEF49677 date: 2008-01-21 02:24:06
 C:\Windows\system32\AUDIOSES.DLL handle: 737E0000 size: 116224 crc: 30C70121 date: 2008-01-21 02:24:54
 C:\Windows\system32\audioeng.dll handle: 73120000 size: 397312 crc: 17666E45 date: 2008-01-21 02:24:54
 C:\Windows\system32\PSAPI.DLL handle: 759F0000 size: 12288 crc: D7B812C5 date: 2006-11-02 09:46:12
 C:\Windows\system32\msacm32.drv handle: 73260000 size: 21504 crc: 1F6A62A4 date: 2008-01-21 02:23:45
 C:\Windows\system32\MSACM32.dll handle: 73000000 size: 71680 crc: A2E8F836 date: 2008-01-21 02:24:53
 C:\Windows\system32\midimap.dll handle: 72FF0000 size: 17408 crc: 44FD6876 date: 2008-01-21 02:23:45
 C:\Windows\system32\CLBCatQ.DLL handle: 75F10000 size: 523776 crc: C2EBF5E6 date: 2008-01-21 02:24:24
 C:\Windows\system32\uxtheme.dll handle: 74790000 size: 240128 crc: 5F29223E date: 2008-01-21 02:23:43
 C:\Windows\system32\dmime.dll handle: 72B30000 size: 178688 crc: 3063C87B date: 2008-01-21 02:23:37
 C:\Windows\system32\DSOUND.dll handle: 72AC0000 size: 444416 crc: 1F6BF3CC date: 2008-01-21 02:24:07
 C:\Windows\system32\POWRPROF.dll handle: 74C90000 size: 97280 crc: 968A09AC date: 2008-01-21 02:25:01
 C:\Windows\system32\dmusic.dll handle: 740C0000 size: 101888 crc: C5478A00 date: 2008-01-21 02:23:37
 C:\Windows\system32\dmsynth.dll handle: 72B90000 size: 105472 crc: 246B7E26 date: 2008-01-21 02:23:37
 C:\Windows\system32\dmloader.dll handle: 72B80000 size: 38400 crc: 43D1875C date: 2008-01-21 02:23:37
 C:\Windows\system32\mswsock.dll handle: 74F60000 size: 223232 crc: 3746AAB9 date: 2008-01-21 02:24:02
 C:\Windows\System32\wshtcpip.dll handle: 74C80000 size: 9216 crc: 10C50FC1 date: 2008-01-21 02:24:04
 C:\Windows\System32\wship6.dll handle: 74FE0000 size: 9216 crc: 2CDA59E0 date: 2008-01-21 02:24:04
 C:\Windows\system32\NLAapi.dll handle: 746A0000 size: 48128 crc: 75FBFFE9 date: 2008-01-21 02:23:44
 C:\Windows\system32\IPHLPAPI.DLL handle: 751F0000 size: 91648 crc: 6165879E date: 2008-01-21 02:24:35
 C:\Windows\system32\dhcpcsvc.DLL handle: 751B0000 size: 204288 crc: 20A7BFCB date: 2008-01-21 02:24:02
 C:\Windows\system32\DNSAPI.dll handle: 75430000 size: 165888 crc: 78800308 date: 2008-01-21 0---- gamelog start ----
Tick 0: new game started
     Revision text changed to r17170, savegame version 125, not modified, _openttd_newgrf_version = 0x08004312
     New game mode: 2 landscape: 2
     Added NewGRF: GRF ID 27711002, checksum 26CB5C82F6FD7674E6910185A529E1C3, filename: 2cc_trainset.1.0.0\2cc_trainset.grf
Tick 0: GRF config changed
     Added NewGRF: GRF ID 41501201, checksum 4D8604EE336EB60F31A16462804ECE07, filename: heqs__heavy_equipment_set_.0.5b\heqs.grf
     Added NewGRF: GRF ID 52571701, checksum 53AED72390B4293C65008840AF44D9F5, filename: urban_suspended_monorail.1.1\susmon1.1.grf
     Added NewGRF: GRF ID 74677462, checksum A2396FFDCC0F1BA37A2A89EF525CDF21, filename: ottdc_grfpack\4_infrastructure\totalbridges\total_bridges.grf
     Added NewGRF: GRF ID 44440A01, checksum D48D7AD02CA355B92FAE081DC4A36868, filename: ottdc_grfpack\8_vehicles\planes\pb_av8\pb_av8w.grf
     Added NewGRF: GRF ID 43415362, checksum CA3610878862F77B603CD8583310D113, filename: ottdc_grfpack\8_vehicles\trains_wagons\canset\Cansetw.grf
     Added NewGRF: GRF ID 52455400, checksum 1600687C50C5AB1E72EDD487CAD50E2A, filename: ottdc_grfpack\7_stations\ae_city\ae_cityw.GRF
     Added NewGRF: GRF ID 45520102, checksum 1406B06F6475037445A944963CA6D5CE, filename: ottdc_grfpack\7_stations\basic_platforms\basic_platformsw.grf
     Added NewGRF: GRF ID 43415463, checksum 422B1603DC1CEDA4E59E715E12EAD332, filename: ottdc_grfpack\7_stations\canstn\canstnw.grf
     Added NewGRF: GRF ID 45520400, checksum 1D00426064137AA49B6FC4F4BCFF173F, filename: ottdc_grfpack\7_stations\brickfreight\brickfreightw.GRF
     Added NewGRF: GRF ID 58534453, checksum 2E100BCA91DB8371CD9D57DBEC3AB0C8, filename: ottdc_grfpack\7_stations\dutchstat\dutchstatw.grf
     Added NewGRF: GRF ID 4A430002, checksum 0728ADCB4DF2F1EB9247ABD449296F4E, filename: ottdc_grfpack\z_obsolete\indstatr\indstatrw_6.grf
     Added NewGRF: GRF ID 6D620601, checksum 44EB2F155862E4D4F0AB671D7021AF54, filename: ottdc_grfpack\7_stations\newstats\newstatsw.grf
     Added NewGRF: GRF ID 52455300, checksum 37C0B839B13C4B18051580C81EEDF427, filename: ottdc_grfpack\7_stations\ae_subu\ae_subuw.GRF
     Added NewGRF: GRF ID 54570200, checksum 3DEB9B30A6254AE8606A5A9A99A9A696, filename: ottdc_grfpack\7_stations\usstats\usstatsw.grf
     Removed NewGRF: 27711002, filename: 2cc_trainset.1.0.0\2cc_trainset.grf
Tick 0: GRF config changed
     GRF order changed: 43415362 moved 4 places up, filename: ottdc_grfpack\8_vehicles\trains_wagons\canset\Cansetw.grf
Tick 0: GRF config changed
     Removed NewGRF: 43415362, filename: ottdc_grfpack\8_vehicles\trains_wagons\canset\Cansetw.grf
     Added NewGRF: GRF ID 44444040, checksum 310EE1B199D5A858BB1A7FB5F52F9969, filename: ottdc_grfpack\8_vehicles\trains_wagons\troprs\troprsw.grf
Tick 0: settings changed
     Setting changed: vehicle.dynamic_engines : 1 -> 0
Tick 0: settings changed
     Setting changed: station.never_expire_airports : 0 -> 1
Tick 0: settings changed
     Setting changed: vehicle.wagon_speed_limits : 1 -> 0
Tick 0: GRF config changed
     Added NewGRF: GRF ID 4D470501, checksum 921D08A4B3430BDCC14715B6A1288350, filename: ottdc_grfpack\0_info.grf
     Added NewGRF: GRF ID 44550001, checksum 95B0CEAA497BF62B8796E3CF68BDBEA0, filename: ottdc_grfpack\8_vehicles\road_vehicles\germanrv\germanrvw.grf
     GRF order changed: 74677462 moved 2 places down, filename: ottdc_grfpack\4_infrastructure\totalbridges\total_bridges.grf
     GRF order changed: 44444040 moved 9 places up, filename: ottdc_grfpack\8_vehicles\trains_wagons\troprs\troprsw.grf
     Removed NewGRF: 44444040, filename: ottdc_grfpack\8_vehicles\trains_wagons\troprs\troprsw.grf
Tick 0: GRF config changed
     Removed NewGRF: 44550001, filename: ottdc_grfpack\8_vehicles\road_vehicles\germanrv\germanrvw.grf
Tick 0: game loaded
     New game mode: 1 landscape: 2
Tick 1662: game loaded
     Revision text changed to r17425, savegame version 125, not modified, _openttd_newgrf_version = 0x08004411
Tick 22195: game loaded
     Revision text changed to r17425, savegame version 125, modified, _openttd_newgrf_version = 0x08004411
Tick 15414: game loaded
     Revision text changed to r17425, savegame version 125, not modified, _openttd_newgrf_version = 0x08004411
---- gamelog end ----
