*** OpenTTD Crash Report ***

Crash at: Thu Sep 23 09:36:00 2010
In game date: 1986-11-06 (65)

Crash reason:
 Exception: C0000005
 Location:  770F3625
 Message:   <none>

OpenTTD version:
 Version:    1.0.3 (0)
 NewGRF ver: 10384f2b
 Bits:       32
 Endian:     little
 Dedicated:  no
 Build date: Jul 31 2010 21:21:31

Registers:
 EAX: 00000FF8 EBX: 01700000 ECX: 02CB0000 EDX: 771164F4
 ESI: 00000000 EDI: 00000000 EBP: 0012F724 ESP: 0012F654
 EIP: 770F3625 EFLAGS: 00210212

 Bytes at instruction pointer:
 66 89 41 18 0F B6 45 E7 0C 02 8B 4D D8 88 41 1A 8B 45 0C 8B 4D D8 89 41

Stack trace:
 775711CE 7712210D 00000000 01700000 01702AF0 00040012 00000000 01008180
 0000017F 00000000 01702AF0 0012F9BC 05B59008 00000F46 000007FF 00000000
 000007FF 00008001 7712231E 775711CE 7712210D 0170020C 01700000 0505E360
 00000000 0035001D 0002753B 00000000 01702C14 01700000 00000000 0123001E
 0002753B 00130EC7 00000002 00000001 77571182 00000002 01703814 01700000
 00000000 00060002 02CB0000 01005F89 01700000 0112F7F0 0012F654 0012F254
 0012F7E4 770ED75D 0057EFA2 00000000 0012F7A8 7712353A 00300008 00301000
 00000000 0012F798 7712210D 00300008 00000000 01712AD8 00000408 0012F6E4
 01702C14 0012F818 770ED75D 0057F5DA FFFFFFFE 7712231E 771221B9 7712210D
 0042947D 0012F804 0012F7D8 0000A293 00000000 00428999 00428C09 0000A293
 05CEC048 00000003 00000000 00300010 0012F810 0012F7C8 005BC336 01700000
 00000000 00300008 05A22FF0 00000000 0012F8EC 0012F7F0 00527CA8 00300008
 0012F904 0012F850 04A20010 04A20010 0012F92C 005DF157 00000000 0012F828
 005264E8 0012F904 05CEC048 298C4FBD 00001CAB 0012F904 05CEC048 00009A8E
 00070005 0012F938 0052681F 0000A293 000000A0 0012F938 00524D23 00000000
 00000022 05CEC048 74C664B4 00000428 0000A293 00000009 05CEC001 05A22FF0
 05A38FD8 00000000 05B59008 00000000 00000000 00032000 02BE0020 00000000
 00000000 00000000 006EAE18 00002710 05CEC048 00000000 00000000 00000000
 00000000 00000000 00000000 00000000 00000000 00000000 00000000 00000000
 00000000 00000000 00000000 00000000 00000000 00000000 00000000 00000000
 00428D9C 00000000 04D5A980 00420000 059FCFF0 0073B710 0000A293 00000009
 FFFFFFFF 000000FF 00000001 00000001 00000002 0000A092 0000FFFF 0000000E
 0012F974 05CEC048 00000000 00428999 004AF2A9 0000A193 0012F9EC 005DFA2D
 00000000 0012F96C 00524844 00000003 00000022 0012F997 00001201 0012F9A8

Operating system:
 Name:     Windows
 Release:  6.1.7600 ()
 Compiler: MSVC 1500

Configuration:
 Blitter:      8bpp-optimized
 Graphics set: original_windows (0)
 Language:     english.lng
 Music driver: dmusic
 Music set:    original_windows (1)
 Network:      client
 Sound driver: win32
 Sound set:    OpenSFX (87)
 Video driver: win32

AI Configuration (local: 4):
  0: Human
  1: Human
  2: Human
  3: Human
  4: Human
  6: Human

Libraries:
 FreeType:   2.3.12
 ICU:        4.4.1
 LZO:        2.03
 PNG:        1.4.3
 Zlib:       1.2.5

Module information:
 F:\Matthias\Transport Tycoon Deluxe\OpenTTD\openttd.exe handle: 00400000 size: 3073024 crc: E3B1BF14 date: 2010-07-31 21:24:28
 C:\Windows\SYSTEM32\ntdll.dll handle: 770D0000 size: 1286456 crc: F8E255B8 date: 2010-03-24 06:37:04
 C:\Windows\system32\kernel32.dll handle: 75DD0000 size: 857088 crc: 1DC306D9 date: 2009-12-08 11:33:31
 C:\Windows\system32\KERNELBASE.dll handle: 753B0000 size: 288256 crc: 37432389 date: 2009-07-14 01:15:35
 C:\Windows\system32\WINMM.dll handle: 6F1D0000 size: 194048 crc: 2FBEB05C date: 2009-07-14 01:16:19
 C:\Windows\system32\msvcrt.dll handle: 75580000 size: 690688 crc: 554C94A4 date: 2009-07-14 01:15:50
 C:\Windows\system32\USER32.dll handle: 756D0000 size: 811520 crc: F5A646DD date: 2009-07-14 01:16:17
 C:\Windows\system32\GDI32.dll handle: 76D10000 size: 304640 crc: 252D0177 date: 2009-07-14 01:15:22
 C:\Windows\system32\LPK.dll handle: 75570000 size: 26624 crc: 13E68B63 date: 2009-07-14 01:15:36
 C:\Windows\system32\USP10.dll handle: 75630000 size: 627200 crc: 3887C4C8 date: 2009-07-14 01:16:17
 C:\Windows\system32\WS2_32.dll handle: 77260000 size: 206336 crc: 4C23BF22 date: 2009-07-14 01:16:20
 C:\Windows\system32\RPCRT4.dll handle: 76D60000 size: 652288 crc: 14458268 date: 2009-07-14 01:16:13
 C:\Windows\system32\NSI.dll handle: 77220000 size: 8704 crc: 2ACE9671 date: 2009-07-14 01:16:11
 C:\Windows\system32\ADVAPI32.dll handle: 76E90000 size: 640000 crc: 24248FE4 date: 2009-07-14 01:14:53
 C:\Windows\SYSTEM32\sechost.dll handle: 75EB0000 size: 92160 crc: B624B29A date: 2009-07-14 01:16:13
 C:\Windows\system32\SHELL32.dll handle: 760C0000 size: 12867584 crc: E1911954 date: 2010-07-27 14:03:24
 C:\Windows\system32\SHLWAPI.dll handle: 77070000 size: 350208 crc: 8D9B2C39 date: 2009-07-14 01:16:14
 C:\Windows\system32\IMM32.DLL handle: 77230000 size: 118272 crc: F2F44531 date: 2009-07-14 01:15:32
 C:\Windows\system32\MSCTF.dll handle: 75FF0000 size: 828928 crc: DFE09EEB date: 2009-07-14 01:15:43
 C:\Windows\system32\SHFolder.dll handle: 73450000 size: 7168 crc: 683AAC32 date: 2009-07-14 01:16:14
 C:\Windows\system32\ole32.dll handle: 75A70000 size: 1412608 crc: 4ACC7A3A date: 2009-07-14 01:16:12
 C:\Windows\system32\MMDevAPI.DLL handle: 73F10000 size: 213504 crc: 352DF99F date: 2009-07-14 01:15:41
 C:\Windows\system32\PROPSYS.dll handle: 74000000 size: 988160 crc: 0700E8D7 date: 2009-07-14 01:16:12
 C:\Windows\system32\OLEAUT32.dll handle: 75F60000 size: 571904 crc: 9BF754BE date: 2010-04-07 07:10:36
 C:\Windows\system32\wdmaud.drv handle: 6E8C0000 size: 172032 crc: 03BEEBE2 date: 2009-07-14 01:14:08
 C:\Windows\system32\ksuser.dll handle: 6E8B0000 size: 4608 crc: EBE07232 date: 2009-07-14 01:15:35
 C:\Windows\system32\AVRT.dll handle: 74420000 size: 14336 crc: 9818237B date: 2009-07-14 01:14:58
 C:\Windows\system32\SETUPAPI.dll handle: 757A0000 size: 1668608 crc: F909EF01 date: 2009-07-14 01:16:14
 C:\Windows\system32\CFGMGR32.dll handle: 752A0000 size: 145920 crc: 6377C630 date: 2009-07-14 01:15:02
 C:\Windows\system32\DEVOBJ.dll handle: 75390000 size: 64512 crc: 2B501D62 date: 2009-07-14 01:15:11
 C:\Windows\system32\AUDIOSES.DLL handle: 6E870000 size: 195584 crc: BC939745 date: 2009-07-14 01:14:57
 C:\Windows\system32\msacm32.drv handle: 6E860000 size: 20992 crc: 73923147 date: 2009-07-14 01:14:08
 C:\Windows\system32\MSACM32.dll handle: 6E950000 size: 72192 crc: ABA25814 date: 2009-07-14 01:15:42
 C:\Windows\system32\midimap.dll handle: 6E850000 size: 16896 crc: C000494C date: 2009-07-14 01:15:40
 C:\Windows\system32\CRYPTBASE.dll handle: 75170000 size: 36864 crc: 00308E17 date: 2009-07-14 01:15:07
 C:\Windows\system32\CLBCatQ.DLL handle: 75ED0000 size: 522240 crc: 6C130B8A date: 2009-07-14 01:15:03
 C:\Windows\system32\uxtheme.dll handle: 73EB0000 size: 249856 crc: 1CD7BB78 date: 2009-07-14 01:16:17
 C:\Windows\system32\dwmapi.dll handle: 74100000 size: 67072 crc: FC7CA4B8 date: 2009-07-14 01:15:13
 C:\Windows\System32\dmime.dll handle: 68D60000 size: 179712 crc: 179D7CFB date: 2009-07-14 01:15:12
 C:\Windows\System32\DSOUND.dll handle: 67A70000 size: 453632 crc: EC24F2F8 date: 2009-07-14 01:15:13
 C:\Windows\System32\POWRPROF.dll handle: 73F50000 size: 145408 crc: 9957ABF4 date: 2009-07-14 01:16:12
 C:\Windows\System32\dmusic.dll handle: 6DDB0000 size: 101376 crc: F5D0AA6B date: 2009-07-14 01:15:12
 C:\Windows\system32\WINTRUST.dll handle: 75360000 size: 172032 crc: EA2D5BBA date: 2009-12-29 06:55:34
 C:\Windows\system32\CRYPT32.dll handle: 75400000 size: 1151488 crc: CC34327C date: 2009-07-14 01:15:07
 C:\Windows\system32\MSASN1.dll handle: 75290000 size: 34816 crc: 4F65C9C8 date: 2009-08-29 06:57:31
 C:\Windows\System32\dmsynth.dll handle: 68C40000 size: 105472 crc: 3B102040 date: 2009-07-14 01:15:12
 C:\Windows\System32\dmloader.dll handle: 68D50000 size: 38400 crc: 8A3F45D2 date: 2009-07-14 01:15:12
 C:\Windows\system32\mswsock.dll handle: 74C60000 size: 232448 crc: 32400D27 date: 2009-07-14 01:15:51
 C:\Windows\System32\wshtcpip.dll handle: 747B0000 size: 9216 crc: BA963A19 date: 2009-07-14 01:16:20
 C:\Windows\System32\dmstyle.dll handle: 68C20000 size: 105984 crc: 306B797C date: 2009-07-14 01:15:12
 C:\Windows\System32\dmband.dll handle: 69B60000 size: 30720 crc: B880FDE2 date: 2009-07-14 01:15:12
 C:\Windows\System32\wship6.dll handle: 74C50000 size: 10752 crc: 99DFC9DA date: 2009-07-14 01:16:20
 C:\Windows\system32\DNSAPI.dll handle: 74B20000 size: 269824 crc: 85C25AB3 date: 2009-07-14 01:15:12
 C:\Windows\system32\IPHLPAPI.DLL handle: 738F0000 size: 103936 crc: 0D4054DF date: 2009-07-14 01:15:33
 C:\Windows\system32\WINNSI.DLL handle: 738E0000 size: 16896 crc: 484CAF17 date: 2009-07-14 01:16:19
 C:\Windows\system32\rasadhlp.dll handle: 71760000 size: 11776 crc: C799823B date: 2009-07-14 01:16:12
 C:\Windows\System32\fwpuclnt.dll handle: 73860000 size: 216576 crc: 930BF51D date: 2009-07-14 01:15:21
 C:\Windows\WinSxS\x86_microsoft.windows.common-controls_6595b64144ccf1df_6.0.7600.16385_none_421189da2b7fabfc\comctl32.dll handle: 74180000 size: 1680896 crc: CC06183A date: 2009-07-14 01:03:50
 C:\Windows\system32\ntmarta.dll handle: 73B50000 size: 121856 crc: EE55B9FC date: 2009-07-14 01:16:11
 C:\Windows\system32\WLDAP32.dll handle: 75520000 size: 268800 crc: EC09CC0E date: 2009-07-14 01:16:19
 C:\Windows\system32\CRYPTSP.dll handle: 74CA0000 size: 78848 crc: 63C1B844 date: 2009-07-14 01:15:07
 C:\Windows\system32\rsaenh.dll handle: 74A40000 size: 242936 crc: 1C7C0295 date: 2009-07-14 01:17:54
 C:\Windows\system32\RpcRtRemote.dll handle: 75210000 size: 45568 crc: 5E5254A2 date: 2009-07-14 01:16:13
 C:\Windows\system32\mssprxy.dll handle: 6A0B0000 size: 35328 crc: F549BB70 date: 2009-07-14 01:15:48
 C:\Windows\system32\psapi.dll handle: 77250000 size: 6144 crc: 25B988F9 date: 2009-07-14 01:16:12

---- gamelog start ----
Tick 0: new game started
     Revision text changed to 1.0.3, savegame version 138, not modified, _openttd_newgrf_version = 0x10384f2b
     New game mode: 1 landscape: 0
---- gamelog end ----

*** End of OpenTTD Crash Report ***
