*** OpenTTD Crash Report ***
Date: 2008-01-03 15:47:14
Build: 0.6.0-beta2 built on Dec  9 2007 22:47:34
Reason: Assertion failed at ..\src\command.cpp:629: res.GetCost() == res2.GetCost() && CmdFailed(res) == CmdFailed(res2)
Exception C0000005 at 004056D4
Registers:
 EAX: 00CE0160 EBX: 0000FF00 ECX: 0013F748 EDX: 00CE01D1
 ESI: 00000000 EDI: 00000000 EBP: 0013F9A8 ESP: 0013F960
 EIP: 004056D4 EFLAGS: 00010206

Bytes at CS:EIP:
 C6 05 00 00 00 00 00 66 8B 4C 24 38 83 EC 0C 8B C4 89 38 89 70 04 66 89

Stack trace: 
 01E8A6E0 00000000 00000041 00FFFFFF 00007600 00003230 00005014 00494DAF
 00000000 00000468 00000000 0001FFFF 00000468 00000000 0001FFFF 00000000
 00000000 0000FFFF 00662434 00445489 003B0323 003B1B23 00008103 0044543F
 50140005 00000001 0044554F 00000001 01E8A6E0 00662434 0013F9E8 00000041
 00662434 00662434 0013FA14 0044206C 0000002E 00662434 00000004 00000041
 0000002E 00000002 0044376F 00000068 0013FA54 0013FA54 00443C6D 00000000
 00006969 0000011C 00000000 000003DF 00000000 004CB41F 00000000 00000000
 80502E78 004CB41F 84A87C18 ACE42000 ACE41D64 00000001 00443D7D 00000001
 00000000 00000001 00000201 0013FAEC 00000000 004CB884 0013FB54 004CB41F
 00000000 7E418806 7FFDF000 0013FAE8 7E41884A 0013FAA8 7E41881A 00000000
 02DE0332 00000102 00000014 00000001 00000000 00000000 00000010 00000000
 00000000 00000000 00000000 00000000 0013FA9C 00000000 0013FB2C 7E440477
 7E418820 FFFFFFFF 7E41881A 0013FB18 7E418724 02DE0332 00000201 00000001
 0068011C 004CB41F DCBAABCD 00000000 0013FB54 004CB41F 0013FB80 7E418806
 004CB41F 02DE0332 00000201 00000001 0068011C 0013FC28 0013FC20 0090A230
 00000014 00000001 00000000 00000000 00000010 00000000 00000000 00000000
 00000000 00000000 0013FB34 0013F584 0013FBD0 7E440477 7E418820 00000000
 0013FBE0 7E4189BD 00000000 004CB41F 02DE0332 00000201 00000001 0068011C
 0090A244 00000001 4349FA76 7E41928B 00000000 0013FBE0 7E4193F2 0013FC20
 00000001 00000000 0013FBA8 0013F584 0013FFB0 7E440477 7E4189E0 FFFFFFFF
 0013FBF0 7E418A00 0013FC20 00000000 7E41E63A 004CBF2C 0013FC20 00665860
 005DED8C 0013FD10 00000000 4349FA67 4349FA85 00000000 00000000 00000000
 02DE0332 00000201 00000001 0068011C 4349FA76 0000011C 0000007B 004242EF
 0013FD24 00000001 00000001 0001FC80 00000000 00000008 FFFFFFFF 00000000

Module information:
 E:\OpenTTD\openttd.exe handle: 00400000 size: 1751040 crc: ED0BA8D6 date: 2007-12-09 22:50:02
 C:\WINDOWS\system32\ntdll.dll handle: 7C900000 size: 708096 crc: A5A50370 date: 2004-08-04 12:00:00
 C:\WINDOWS\system32\kernel32.dll handle: 7C800000 size: 984576 crc: 2CCFBF2B date: 2007-04-16 15:52:53
 C:\WINDOWS\system32\WINMM.dll handle: 76B40000 size: 176128 crc: 123646FA date: 2004-08-04 12:00:00
 C:\WINDOWS\system32\USER32.dll handle: 7E410000 size: 578048 crc: DBF908BB date: 2007-03-08 15:48:36
 C:\WINDOWS\system32\GDI32.dll handle: 77F10000 size: 282112 crc: 7C6349D0 date: 2007-06-19 13:37:21
 C:\WINDOWS\system32\ADVAPI32.dll handle: 77DD0000 size: 616960 crc: 5E7A2F0A date: 2004-08-04 12:00:00
 C:\WINDOWS\system32\RPCRT4.dll handle: 77E70000 size: 584192 crc: B1CE66F6 date: 2007-07-09 13:09:42
 C:\WINDOWS\system32\Secur32.dll handle: 77FE0000 size: 55808 crc: 5A32C057 date: 2004-08-04 12:00:00
 C:\WINDOWS\system32\WS2_32.dll handle: 71AB0000 size: 82944 crc: 9738CC56 date: 2004-08-04 12:00:00
 C:\WINDOWS\system32\msvcrt.dll handle: 77C10000 size: 343040 crc: 5298C0C5 date: 2004-08-04 12:00:00
 C:\WINDOWS\system32\WS2HELP.dll handle: 71AA0000 size: 19968 crc: F5DD5AB6 date: 2004-08-04 12:00:00
 C:\WINDOWS\system32\SHFolder.dll handle: 76780000 size: 25088 crc: 2EC7582B date: 2004-08-04 12:00:00
 C:\WINDOWS\system32\SHLWAPI.dll handle: 77F60000 size: 474112 crc: 2976560D date: 2007-10-11 05:57:40
 C:\WINDOWS\WinSxS\x86_Microsoft.Windows.Common-Controls_6595b64144ccf1df_6.0.2600.2982_x-ww_ac3f9c03\comctl32.dll handle: 773D0000 size: 1054208 crc: 58D6578C date: 2006-08-25 15:45:55
 C:\WINDOWS\system32\comctl32.dll handle: 5D090000 size: 617472 crc: 232F6674 date: 2006-08-25 15:45:58
 C:\WINDOWS\system32\WINTRUST.dll handle: 76C30000 size: 176640 crc: 88D208BD date: 2004-08-04 12:00:00
 C:\WINDOWS\system32\CRYPT32.dll handle: 77A80000 size: 597504 crc: 971ECFAA date: 2004-08-04 12:00:00
 C:\WINDOWS\system32\MSASN1.dll handle: 77B20000 size: 57344 crc: D5127637 date: 2004-08-04 12:00:00
 C:\WINDOWS\system32\IMAGEHLP.dll handle: 76C90000 size: 144384 crc: 714A70BC date: 2004-08-04 12:00:00
 C:\WINDOWS\system32\wdmaud.drv handle: 72D20000 size: 23552 crc: 982E84EE date: 2004-08-04 12:00:00
 C:\WINDOWS\system32\msacm32.drv handle: 72D10000 size: 20480 crc: D5406BAE date: 2004-08-04 12:00:00
 C:\WINDOWS\system32\MSACM32.dll handle: 77BE0000 size: 71680 crc: 6A21891E date: 2004-08-04 12:00:00
 C:\WINDOWS\system32\midimap.dll handle: 77BD0000 size: 18944 crc: 502B5282 date: 2004-08-04 12:00:00
 C:\WINDOWS\system32\SynTPFcs.dll handle: 63000000 size: 65536 crc: 844498C8 date: 2007-08-10 15:30:34
 C:\WINDOWS\system32\VERSION.dll handle: 77C00000 size: 18944 crc: CFE439BB date: 2004-08-04 12:00:00
 C:\WINDOWS\system32\mswsock.dll handle: 71A50000 size: 245248 crc: E2309390 date: 2004-08-04 12:00:00
 C:\WINDOWS\system32\hnetcfg.dll handle: 662B0000 size: 344064 crc: 6CF15ACF date: 2004-08-04 12:00:00
 C:\WINDOWS\System32\wshtcpip.dll handle: 71A90000 size: 19968 crc: B88CC0E5 date: 2004-08-04 12:00:00
 C:\WINDOWS\system32\psapi.dll handle: 76BF0000 size: 23040 crc: 97A44A88 date: 2004-08-04 12:00:00

System information:
 Windows version 5.1 2600 S
