*** OpenTTD Crash Report ***

Crash at: Mon Jul 11 22:45:16 2011
In game date: 1904-01-01 (36)

Crash reason:
 Signal:  Bus error (10)
 Message: <none>

OpenTTD version:
 Version:    g4dd2678f-cd (0)
 NewGRF ver: 12005807
 Bits:       32
 Endian:     big
 Dedicated:  no
 Build date: Jun  5 2011 04:28:04


Stacktrace:
 [00] openttd              0x001fe9fc (CrashLogOSX::LogStacktrace(char*, char const*) const + 60)
 [01] openttd              0x000f4204 (CrashLog::FillCrashLog(char*, char const*) const + 292)
 [02] openttd              0x001fe794 (HandleCrash(int) + 244)
 [03] libSystem.B.dylib    0x90130f54 (_sigtramp + 104)
 [04] openttd              0x00160510 (LinkGraphOverlay::DrawLinks(DrawPixelInfo const*) const + 16)

Operating system:
 Name:     Mac OS X
 Release:  10.4.11
 Machine:  PowerPC 7400
 Min Ver:  1030
 Compiler: GCC 4.0.1 "4.0.1 (Apple Inc. build 5490)"

Configuration:
 Blitter:      8bpp-optimized
 Graphics set: OpenGFX (672)
 Language:     /Users/francis/Desktop/OTTD CargoDist/OpenTTD (CargoDist).app/Contents/Resources/lang/english.lng
 Music driver: cocoa
 Music set:    OpenMSX (96)
 Network:      no
 Sound driver: cocoa
 Sound set:    OpenSFX (87)
 Video driver: cocoa

AI Configuration (local: 0):
  0: Human

Libraries:
 FreeType:   2.4.3
 ICU:        4.6
 LZMA:       5.0.0
 LZO:        2.03
 PNG:        1.4.4
 Zlib:       1.2.3

---- gamelog start ----
Tick 0: new game started
     Revision text changed to 1.1.1, savegame version 160, not modified, _openttd_newgrf_version = 0x11185800
     New game mode: 1 landscape: 1
     Added NewGRF: GRF ID 4F472B34, checksum 5030F25CA77DE5080DB906235CD70005, filename: opengfx_landscape-0.2.1/ogfx-landscape.grf (md5sum matches)
     Added NewGRF: GRF ID 56430001, checksum 3D04866AA668C450C6838727BAC3791F, filename: total_town_replacement_set-3.11/ttrs3w.grf (md5sum matches)
     Added NewGRF: GRF ID F1250005, checksum 68324A5AA784441E014C642E851D8524, filename: firs.grf (md5sum matches)
     Added NewGRF: GRF ID 5245F0F0, checksum 02538A8208D8816284B0079764783534, filename: newtree-2010.08.29/newtree.grf (md5sum matches)
     Added NewGRF: GRF ID FBFB9905, checksum F747797A14AAA646402DC4E16DE5E82C, filename: longer_girder__steel_bridge.1/longergirdersteelbridge.grf (md5sum matches)
     Added NewGRF: GRF ID 444A5401, checksum 08E917177251248212A27F8473F09F81, filename: nutracks-1.1.1/nutracks.grf (md5sum matches)
     Added NewGRF: GRF ID 4A430002, checksum 0728ADCB4DF2F1EB9247ABD449296F4E, filename: indstatrw.grf (md5sum matches)
     Added NewGRF: GRF ID 44441000, checksum B4CDD4056EF2212AADD9F51168AF5645, filename: ukrs2__the_uk_railway_set-0.8/proj1000.grf (md5sum matches)
     Added NewGRF: GRF ID 44441001, checksum 47C32136806D45FB7CDD6D82E67D9E77, filename: ukrs2_uk_railway_addon_set-1.1/pj1kadd.grf (md5sum matches)
     Added NewGRF: GRF ID 554B5201, checksum 0D9C15FF1DC9AA50702780A730D9C650, filename: uk_roadset.1.1/ukroadsetw.grf (md5sum matches)
     Added NewGRF: GRF ID 41501202, checksum 97F6FC9CF2E46FC9B559A13CB6DB19CE, filename: heqs_heavy_equipment_set-1.1.0/heqs.grf (md5sum matches)
     Added NewGRF: GRF ID 52570103, checksum EDB2D26F9D81423734CA12412F309CF3, filename: generic_tram_set.0.4/generictrams.grf (md5sum matches)
     Added NewGRF: GRF ID 52571201, checksum C1C7D8C53EB7E74EEE2F0EF29638B466, filename: egrvts.1.0/egrvts.grf (md5sum matches)
     Added NewGRF: GRF ID 4A4D0101, checksum 45B5C29ED97AACB48E026145905010D0, filename: sailing_ships-0.4/sailing_ships.grf (md5sum matches)
     Added NewGRF: GRF ID 414E0101, checksum 666379AB845FE71F40E70396EC8B6A20, filename: fish_ship_set-0.9.1/fish.grf (md5sum matches)
     Added NewGRF: GRF ID 46420801, checksum 2D654630F22AA4C78A58710024C514B3, filename: new_tram_tracks.0.4.1/newtramtracksw_v0.4.1.grf (md5sum matches)
     Added NewGRF: GRF ID 46727806, checksum 09E95562B1894A4D55D5532C6A889621, filename: opengfx_trees-0.2.2/opengfx+trees.grf (md5sum matches)
     Added NewGRF: GRF ID 74677462, checksum A2396FFDCC0F1BA37A2A89EF525CDF21, filename: total_bridge_renewal_set.1.12/total_bridges.grf (md5sum matches)
Tick 36: game loaded
     Revision text changed to g4dd2678f-cd, savegame version 205, not modified, _openttd_newgrf_version = 0x12005807
---- gamelog end ----

*** End of OpenTTD Crash Report ***
