*** OpenTTD Crash Report ***

Crash at: Sat Jan 09 01:54:40 2010
In game date: 1950-04-30 (43)

Crash reason:
 Exception: E1212012
 Location:  7C812AFB
 Message:   Assertion failed at line 1113 of ..\src\economy.cpp: v->time_counter != 0

OpenTTD version:
 Version:    1.0.0-beta2 (0)
 NewGRF ver: 1000492f
 Bits:       32
 Endian:     little
 Dedicated:  no
 Build date: Jan  5 2010 21:16:15

Registers:
 EAX: 0012F450 EBX: 00000016 ECX: 00000000 EDX: 0076F8E0
 ESI: 00000000 EDI: 00000000 EBP: 0012F4A0 ESP: 0012F44C
 EIP: 7C812AFB EFLAGS: 00200246

 Bytes at instruction pointer:
 5E C9 C2 10 00 85 FF 0F 8E 36 93 FF FF 8B 55 FC 89 55 0C 0F B7 16 8B 7D

Stack trace:
 0076F800 E1212012 00000000 00000000 7C812AFB 00000000 000001FE 0012F698
 7C911028 7C911086 7C9101DB 00001008 00001008 7C90D80A 7C913416 FFFFFFFF
 00000024 0012F49C 00000004 00000000 A6FB3D35 0012F500 00549222 E1212012
 00000000 00000000 00000000 00617247 00000016 8D87A540 02038228 00000200
 00FA48A8 7C913416 FFFFFFFF 00000000 0012F4E8 00549212 00000001 0012F4C0
 0012F068 0012FFB0 0061BFB0 8DE6F7E8 FFFFFFFE 0012F838 006165CB 00000016
 00000200 0000000E 00000000 0012F534 00617C2A 0012F56C 0075B960 00E92CF8
 0061E561 00000000 FFFFFFEC 0012F7C8 0061F06D 00000000 02038228 0012F848
 0061F0F9 00E90000 02105000 00000000 00000007 02010000 02010000 00000000
 0075B960 00E92CF8 00E91E90 00000001 0012F7EC 00000000 00000000 00000000
 006CA495 00000000 00000000 00000000 00008000 00000049 0012FA60 00000014
 006FED4C FFFFFFFF 0012F680 00000000 00E90608 7C91005D 0012F710 02047650
 00000000 01640000 01640000 02047648 00E90178 02132FE8 02047650 00000000
 00000000 00FA48A8 00E90178 0012F5AC 02088FD0 00000010 0012F794 00000000
 7E42934B 00000010 0012F794 00000000 02088FD8 0012F610 00004008 0012FFB0
 7E44048F 7E429350 00003CE3 0012F788 7E43A2BC 0012F794 02038228 00000200
 7E43A2D6 00000001 00E90000 00000000 00000000 00890850 00000082 0012F5C4
 0012F5C8 00000000 00000000 7E4120EC 00000000 00000001 00611F25 00E90000
 00000000 00611F44 8D87A680 0012F710 02047654 00000000 00FA4800 0012F694
 0012F698 0012F6EC 0061BFB0 8DE6F480 FFFFFFFE 00611F44 00546259 02047650
 00000000 00FA4800 00541201 0012F7A4 0012F710 00535C0C 0012F7C8 00000C8C
 0012F7DC 00636DF8 FFFFFFFF 0012F7E8 005351CD 0012F710 00FA4946 020487F8
 00FA48A8 00000000 00000000 00000000 00000000 00000000 00000000 00032000
 00000000 02210058 00000000 00000000 0052A791 00000005 00000C8C 0052BDE3

Operating system:
 Name:    Windows
 Release: 5.1.2600 (Service Pack 3)
 MSVC:    Yes

Configuration:
 Blitter:      8bpp-optimized
 Graphics set: original_windows
 Language:     english.lng
 Music driver: dmusic
 Music set:    NoMusic
 Sound driver: win32
 Sound set:    original_windows
 Video driver: win32

AI Configuration:
  0: Human

Libraries:
 FreeType:   2.3.11
 ICU:        4.2.1
 PNG:        1.2.40

Module information:
 U:\OTTD_1-0\openttd.exe handle: 00400000 size: 3637760 crc: 7216D70B date: 2010-01-05 20:20:38
 T:\WINNT\system32\ntdll.dll handle: 7C900000 size: 714752 crc: 56E74C35 date: 2009-02-09 12:10:48
 T:\WINNT\system32\kernel32.dll handle: 7C800000 size: 989696 crc: 8A0508E5 date: 2009-03-21 14:06:58
 T:\WINNT\system32\WINMM.dll handle: 76B40000 size: 176128 crc: 9676D976 date: 2008-04-14 00:12:09
 T:\WINNT\system32\ADVAPI32.dll handle: 77DD0000 size: 617472 crc: C9027432 date: 2009-02-09 12:10:48
 T:\WINNT\system32\RPCRT4.dll handle: 77E70000 size: 585216 crc: E2046CB3 date: 2009-04-15 14:51:25
 T:\WINNT\system32\Secur32.dll handle: 77FE0000 size: 56832 crc: 3D0002B7 date: 2009-06-25 08:25:26
 T:\WINNT\system32\GDI32.dll handle: 77F10000 size: 286720 crc: B5F6B116 date: 2008-10-23 12:36:14
 T:\WINNT\system32\USER32.dll handle: 7E410000 size: 578560 crc: F7C72264 date: 2008-04-14 00:12:08
 T:\WINNT\system32\WS2_32.dll handle: 71AB0000 size: 82432 crc: 7C519ECA date: 2008-04-14 00:12:10
 T:\WINNT\system32\msvcrt.dll handle: 77C10000 size: 343040 crc: 0B7B1677 date: 2008-04-14 00:12:01
 T:\WINNT\system32\WS2HELP.dll handle: 71AA0000 size: 19968 crc: 3F24E096 date: 2008-04-14 00:12:10
 T:\WINNT\system32\SHELL32.dll handle: 7C9C0000 size: 8461312 crc: 2221EFBA date: 2008-06-17 19:02:19
 T:\WINNT\system32\SHLWAPI.dll handle: 77F60000 size: 474112 crc: 3230A338 date: 2008-04-14 00:12:05
 T:\WINNT\system32\IMM32.DLL handle: 76390000 size: 110080 crc: C1486DA0 date: 2008-04-14 00:11:54
 T:\WINNT\system32\guard32.dll handle: 10000000 size: 171552 crc: 9F8A2CF0 date: 2009-11-27 13:52:43
 T:\WINNT\system32\VERSION.dll handle: 77C00000 size: 18944 crc: 558B1DAF date: 2008-04-14 00:12:08
 T:\WINNT\system32\fltlib.dll handle: 4FFE0000 size: 16896 crc: 936EEE49 date: 2008-04-14 00:11:53
 T:\WINNT\WinSxS\x86_Microsoft.Windows.Common-Controls_6595b64144ccf1df_6.0.2600.5512_x-ww_35d4ce83\comctl32.dll handle: 773D0000 size: 1054208 crc: 06939D35 date: 2008-04-14 03:42:52
 T:\WINNT\system32\comctl32.dll handle: 5D090000 size: 617472 crc: 519837A9 date: 2008-04-14 00:11:51
 T:\WINNT\system32\SHFolder.dll handle: 76780000 size: 25088 crc: 8009EA65 date: 2008-04-14 00:12:05
 T:\WINNT\system32\WINTRUST.dll handle: 76C30000 size: 176640 crc: 98E1211C date: 2008-04-14 00:12:09
 T:\WINNT\system32\CRYPT32.dll handle: 77A80000 size: 599040 crc: F04E4319 date: 2008-04-14 00:11:51
 T:\WINNT\system32\MSASN1.dll handle: 77B20000 size: 58880 crc: 63D6A79F date: 2009-09-04 21:03:36
 T:\WINNT\system32\IMAGEHLP.dll handle: 76C90000 size: 144384 crc: F7A06429 date: 2008-04-14 00:11:54
 T:\WINNT\system32\wdmaud.drv handle: 72D20000 size: 23552 crc: EEB914CA date: 2008-04-14 00:12:45
 T:\WINNT\system32\msacm32.drv handle: 72D10000 size: 20480 crc: D5406BAE date: 2001-08-23 12:00:00
 T:\WINNT\system32\MSACM32.dll handle: 77BE0000 size: 71680 crc: EDE4B266 date: 2008-04-14 00:11:58
 T:\WINNT\system32\midimap.dll handle: 77BD0000 size: 18944 crc: 2E6D5FD1 date: 2008-04-14 00:11:57
 T:\WINNT\system32\MSCTF.dll handle: 74720000 size: 297984 crc: 392BE0B0 date: 2008-04-14 00:11:58
 T:\progs_t\reinst\graphics_card_tools\pstrip\pshook.dll handle: 00F20000 size: 20992 crc: F8CCDD5C date: 2001-07-23 23:31:36
 T:\WINNT\system32\oleaut32.dll handle: 77120000 size: 551936 crc: 1EE83658 date: 2008-04-14 00:12:02
 T:\WINNT\system32\ole32.dll handle: 774E0000 size: 1287168 crc: 3908D33A date: 2008-04-14 00:12:02
 T:\WINNT\system32\ctagent.dll handle: 02000000 size: 7168 crc: 8991329B date: 2006-08-11 13:56:02
 T:\WINNT\system32\msctfime.ime handle: 755C0000 size: 177152 crc: 6D3663FE date: 2008-04-14 00:10:06
 T:\WINNT\system32\CLBCATQ.DLL handle: 76FD0000 size: 498688 crc: F43789FF date: 2008-04-14 00:11:50
 T:\WINNT\system32\COMRes.dll handle: 77050000 size: 792064 crc: 868482D5 date: 2008-04-14 00:11:51
 T:\WINNT\system32\dmime.dll handle: 5C570000 size: 181248 crc: A021AC64 date: 2008-04-14 00:11:52
 T:\WINNT\system32\DSOUND.dll handle: 73F10000 size: 367616 crc: 33C2A52C date: 2008-04-14 00:11:52
 T:\WINNT\system32\dmusic.dll handle: 6C980000 size: 104448 crc: E9A2B682 date: 2008-04-14 00:11:52
 T:\WINNT\system32\KsUser.dll handle: 73EE0000 size: 4096 crc: BD8E6BD9 date: 2008-04-14 00:11:56
 T:\WINNT\system32\dmsynth.dll handle: 6C9A0000 size: 103424 crc: 3E2BFB05 date: 2008-04-14 00:11:52
 T:\WINNT\system32\dmloader.dll handle: 6CA10000 size: 35840 crc: 9271DC2B date: 2008-04-14 00:11:52
 T:\WINNT\system32\mswsock.dll handle: 71A50000 size: 245248 crc: FBBA0828 date: 2008-06-20 17:46:57
 T:\WINNT\system32\hnetcfg.dll handle: 662B0000 size: 344064 crc: 96358152 date: 2008-04-14 00:11:54
 T:\WINNT\System32\wshtcpip.dll handle: 71A90000 size: 19456 crc: F5533E87 date: 2008-04-14 00:12:10
 T:\PROGRA~1\Logitech\MOUSEW~1\SYSTEM\LGMOUSHK.dll handle: 01630000 size: 24576 crc: BAB07794 date: 2002-08-13 08:50:00
 T:\WINNT\system32\psapi.dll handle: 76BF0000 size: 23040 crc: 75BBDCAD date: 2008-04-14 00:12:03

---- gamelog start ----
Tick 0: new game started
     Revision text changed to r18627, savegame version 132, not modified, _openttd_newgrf_version = 0x100048c3
     New game mode: 1 landscape: 1
Tick 8720: game loaded
     Revision text changed to 1.0.0-beta2, savegame version 135, not modified, _openttd_newgrf_version = 0x1000492f
---- gamelog end ----

*** End of OpenTTD Crash Report ***
