*** OpenTTD Crash Report ***
Date: 2009-07-29 13:54:32
Build: r16973 (0) built on Jul 28 2009 18:25:04
Language: english_US.lng
Exception C0000005 at 005B0297
Registers:
 EAX: 0002F000 EBX: 0234E8C0 ECX: 00000000 EDX: 00244813
 ESI: 00629B20 EDI: 0067CB94 EBP: 0012FAE0 ESP: 0012FAC8
 EIP: 005B0297 EFLAGS: 00010206

Bytes at CS:EIP:
 85 00 EB E9 6A 0C 68 60 65 69 00 E8 55 13 00 00 33 DB 89 5D E4 33 C0 8B

Stack trace: 
 0234E8C0 005437F2 0234E8C0 0012FFB0 005C924D FFFFFFFF 0012FB54 004A7C8D
 00000003 0000002A 0000002A 00000003 00000000 00000000 00000000 00000000
 0012FB6C 00487A00 00007E18 00DE6328 0234E8C0 0043E69F 00244813 0234E8C0
 00000000 00000000 00000000 0012FBA0 004C7CDD 00000000 0000002A 0041F09A
 00000000 000000FF 00000003 0012FBA0 004A8087 00244813 00000003 0000002A
 0234E8C0 0234E8C0 00663324 0234AED0 0234AED0 00663324 00000138 0000489F
 00245013 00244813 00000138 0000489F 00245013 00244813 00663388 004A81E1
 00629B20 0043F81E 7E42A78F 008BB6F7 0012FC20 00000000 0012FC04 00000A04
 00000001 003FB7FC 0012FC04 003FB7FC 0041EC11 003FAFFD 003FB7FC 003FAFFD
 00000007 004C7B80 004C7B8C 00629B20 003FAFFD 00669204 0012FC0C 00000000
 00000008 00000001 0000000F 0000000F 7E42A78F 008BB6F7 0012FC4C 0042E7F7
 7E42A78F 008BB6F7 0012FC4C 00000000 0012FC4C 00000000 00000000 00424255
 7E42A837 0012FC5C 0042ECDC 00000000 0012FC44 00000000 00547751 006D0D40
 00663034 0012FD14 00000000 0012FC60 008BB6F7 008BB715 00000000 00000000
 001D06B4 00000113 00000001 00546832 008BB6F7 0000037E 000001A3 0042DCBB
 0012FD2C 00000001 00000001 010000E9 00D7D5A0 00D7D5A0 00D7D5A0 00D7D5A0
 00D7D5A0 FFFFFFFF 00000000 00020614 00000000 00000000 FFFFFFFF 00000000
 00000000 00000000 0012FF30 00000000 00000000 00000000 FFFFFFFF 0012FE34
 0067109C 00000000 0000E960 0012FF30 0044C401 00000001 0012FE30 FFFFFFFE
 00000000 5C3A4422 58445454 65704F5C 704F5C6E 54546E65 78652E44 00200065
 00CC0640 00CC0640 00CC0178 00CC0178 00CC7410 0000000D 00000003 00CC0178
 00CC7608 00CC0178 00000004 00CC75F0 00000000 00CC0178 00CC0178 00CC0178
 00CC0178 00CC7600 00CC0168 00000000 00000000 00CC7600 00000020 00CC7608
 00CC7088 00CC0178 00000020 00000178 00CC0000 0012FBB4 00CC0178 0012FE7C

Module information:
 D:\TTDX\Open\OpenTTD.exe handle: 00400000 size: 2882048 crc: 4FC62605 date: 2009-07-28 18:29:12
 C:\WINDOWS\system32\ntdll.dll handle: 7C900000 size: 714752 crc: 56E74C35 date: 2009-02-09 12:10:48
 C:\WINDOWS\system32\kernel32.dll handle: 7C800000 size: 989696 crc: 8A0508E5 date: 2009-03-21 14:06:58
 C:\WINDOWS\system32\WINMM.dll handle: 76B40000 size: 176128 crc: 9676D976 date: 2008-04-14 03:42:10
 C:\WINDOWS\system32\ADVAPI32.dll handle: 77DD0000 size: 617472 crc: C9027432 date: 2009-02-09 12:10:48
 C:\WINDOWS\system32\RPCRT4.dll handle: 77E70000 size: 585216 crc: E2046CB3 date: 2009-04-15 14:51:25
 C:\WINDOWS\system32\Secur32.dll handle: 77FE0000 size: 56832 crc: 8FEFBB63 date: 2009-02-03 19:59:07
 C:\WINDOWS\system32\GDI32.dll handle: 77F10000 size: 286720 crc: B5F6B116 date: 2008-10-23 12:36:14
 C:\WINDOWS\system32\USER32.dll handle: 7E410000 size: 578560 crc: F7C72264 date: 2008-04-14 03:42:10
 C:\WINDOWS\system32\WS2_32.dll handle: 71AB0000 size: 82432 crc: 7C519ECA date: 2008-04-14 03:42:12
 C:\WINDOWS\system32\msvcrt.dll handle: 77C10000 size: 343040 crc: 0B7B1677 date: 2008-04-14 03:42:02
 C:\WINDOWS\system32\WS2HELP.dll handle: 71AA0000 size: 19968 crc: 3F24E096 date: 2008-04-14 03:42:12
 C:\WINDOWS\system32\SHELL32.dll handle: 7C9C0000 size: 8461312 crc: 2221EFBA date: 2008-06-17 19:02:19
 C:\WINDOWS\system32\SHLWAPI.dll handle: 77F60000 size: 474112 crc: 3230A338 date: 2008-04-14 03:42:06
 C:\WINDOWS\system32\IMM32.DLL handle: 76390000 size: 110080 crc: C1486DA0 date: 2008-04-14 03:41:56
 C:\WINDOWS\WinSxS\x86_Microsoft.Windows.Common-Controls_6595b64144ccf1df_6.0.2600.5512_x-ww_35d4ce83\comctl32.dll handle: 773D0000 size: 1054208 crc: 06939D35 date: 2008-04-14 03:42:52
 C:\WINDOWS\system32\comctl32.dll handle: 5D090000 size: 617472 crc: 519837A9 date: 2008-04-14 03:41:52
 C:\WINDOWS\system32\SHFolder.dll handle: 76780000 size: 25088 crc: 8009EA65 date: 2008-04-14 03:42:06
 C:\WINDOWS\system32\wdmaud.drv handle: 72D20000 size: 23552 crc: EEB914CA date: 2008-04-14 03:51:44
 C:\WINDOWS\system32\WINTRUST.dll handle: 76C30000 size: 176640 crc: 98E1211C date: 2008-04-14 03:42:10
 C:\WINDOWS\system32\CRYPT32.dll handle: 77A80000 size: 599040 crc: F04E4319 date: 2008-04-14 03:41:52
 C:\WINDOWS\system32\MSASN1.dll handle: 77B20000 size: 57344 crc: B280A6F9 date: 2008-04-14 03:42:00
 C:\WINDOWS\system32\IMAGEHLP.dll handle: 76C90000 size: 144384 crc: F7A06429 date: 2008-04-14 03:41:56
 C:\WINDOWS\system32\msacm32.drv handle: 72D10000 size: 20480 crc: D5406BAE date: 2001-08-18 11:00:00
 C:\WINDOWS\system32\MSACM32.dll handle: 77BE0000 size: 71680 crc: EDE4B266 date: 2008-04-14 03:42:00
 C:\WINDOWS\system32\midimap.dll handle: 77BD0000 size: 18944 crc: 2E6D5FD1 date: 2008-04-14 03:41:58
 C:\WINDOWS\system32\ole32.dll handle: 774E0000 size: 1287168 crc: 3908D33A date: 2008-04-14 03:42:04
 C:\WINDOWS\system32\uxtheme.dll handle: 5AD70000 size: 218624 crc: EA4C9A63 date: 2008-04-25 18:41:40
 C:\WINDOWS\system32\MSCTF.dll handle: 74720000 size: 297984 crc: 392BE0B0 date: 2008-04-14 03:42:00
 C:\Program Files\Xfire\xfire_toucan_38312.dll handle: 10000000 size: 882064 crc: 7EA354B0 date: 2009-07-24 01:57:08
 C:\WINDOWS\system32\WSOCK32.dll handle: 71AD0000 size: 22528 crc: ABED57E0 date: 2008-04-14 03:42:12
 C:\WINDOWS\system32\OLEAUT32.dll handle: 77120000 size: 551936 crc: 1EE83658 date: 2008-04-14 03:42:04
 C:\WINDOWS\system32\MSIMG32.dll handle: 76380000 size: 4608 crc: 8FFFA7F2 date: 2008-04-14 03:42:00
 C:\WINDOWS\system32\MSVCR71.DLL handle: 7C360000 size: 348160 crc: F83AD7CD date: 2006-07-11 17:35:38
 C:\WINDOWS\system32\CLBCATQ.DLL handle: 76FD0000 size: 498688 crc: F43789FF date: 2008-04-14 03:41:52
 C:\WINDOWS\system32\COMRes.dll handle: 77050000 size: 792064 crc: 868482D5 date: 2008-04-14 03:41:52
 C:\WINDOWS\system32\VERSION.dll handle: 77C00000 size: 18944 crc: 558B1DAF date: 2008-04-14 03:42:10
 C:\WINDOWS\system32\dmime.dll handle: 5C570000 size: 181248 crc: A021AC64 date: 2008-04-14 03:41:54
 C:\WINDOWS\system32\DSOUND.dll handle: 73F10000 size: 367616 crc: 33C2A52C date: 2008-04-14 03:41:54
 C:\WINDOWS\system32\dmusic.dll handle: 6C980000 size: 104448 crc: E9A2B682 date: 2008-04-14 03:41:54
 C:\WINDOWS\system32\KsUser.dll handle: 5EF80000 size: 4096 crc: 853DEC10 date: 2002-12-11 23:14:32
 C:\WINDOWS\system32\dmsynth.dll handle: 6C9A0000 size: 103424 crc: 3E2BFB05 date: 2008-04-14 03:41:54
 C:\WINDOWS\system32\dmloader.dll handle: 6CA10000 size: 35840 crc: 9271DC2B date: 2008-04-14 03:41:54
 C:\WINDOWS\system32\msctfime.ime handle: 755C0000 size: 177152 crc: 8C1D2F99 date: 2009-02-27 04:56:38
 C:\WINDOWS\system32\mswsock.dll handle: 71A50000 size: 245248 crc: FBBA0828 date: 2008-06-20 17:46:57
 C:\WINDOWS\system32\hnetcfg.dll handle: 662B0000 size: 344064 crc: 96358152 date: 2008-04-14 03:41:56
 C:\WINDOWS\System32\wshtcpip.dll handle: 71A90000 size: 19456 crc: F5533E87 date: 2008-04-14 03:42:12
 C:\WINDOWS\system32\psapi.dll handle: 76BF0000 size: 23040 crc: 75BBDCAD date: 2008-04-14 03:42:04

System information:
 Windows version 5.1 2600 Service Pack 3

---- gamelog start ----
Tick 41344: game loaded
     Conversion from OTTD savegame without gamelog: version 92, 0
     Revision text changed to r14575, savegame version 102, not modified, _openttd_newgrf_version = 0x070038ef
     New game mode: 1 landscape: 0
     Added NewGRF: GRF ID 52571201, checksum 15128ED01E1DBB8A71A01F1B3D975A38, filename: OTTD Coop\ottdc_grfpack\8_vehicles\road_vehicles\egrvts\egrvts.grf
     Added NewGRF: GRF ID 6D620401, checksum C5ACB6D5536A464FD78871D91840A35F, filename: dbsetxlw.grf
     Added NewGRF: GRF ID 504E0002, checksum 6E6944E09CE6C3AC130DF72C542EE4B1, filename: buffers.grf
     Added NewGRF: GRF ID 524B0104, checksum E513211298CDEC4CF469B655CC4B71AB, filename: gertramsw.grf
     Added NewGRF: GRF ID 44440A01, checksum A7EA6FB6732157AEE44627A64EBCDAE6, filename: pb_av8w.grf
     Added NewGRF: GRF ID 44550002, checksum AF3E5FAC975E947C1CA19FAD48D66E68, filename: newgrf\germantowns.grf
     Added NewGRF: GRF ID 6D620601, checksum 44EB2F155862E4D4F0AB671D7021AF54, filename: newgrf\newstatsw.grf
     Added NewGRF: GRF ID 52453C00, checksum C5B4EC240B33E2DB8D1EA64C97898B5E, filename: newgrf\stolentreesw_162_108.grf
     Added NewGRF: GRF ID 4D4C0100, checksum 1E2A243600434194FB100E72E507D5EF, filename: OTTD Coop\ottdc_grfpack\4_infrastructure\dutchcat\dutchcatw.grf
Tick 36798: GRF config changed
     Added NewGRF: GRF ID 43415463, checksum 422B1603DC1CEDA4E59E715E12EAD332, filename: OTTD Coop\ottdc_grfpack\7_stations\canstn\canstnw.grf
Tick 36798: GRF config changed
     Removed NewGRF: 43415463, filename: OTTD Coop\ottdc_grfpack\7_stations\canstn\canstnw.grf
Tick 36798: GRF config changed
     Added NewGRF: GRF ID 52455200, checksum 0E5A9C5ACD2BCAF7FA0658C3F905A660, filename: OTTD Coop\ottdc_grfpack\7_stations\ae_rura\ae_ruraw.GRF
Tick 36798: GRF config changed
     Added NewGRF: GRF ID 45530400, checksum 0CB1191FF67BA594F64B2934CFAEDF58, filename: OTTD Coop\ottdc_grfpack\7_stations\jpstats\jpstatsw.grf
     Removed NewGRF: 52455200, filename: OTTD Coop\ottdc_grfpack\7_stations\ae_rura\ae_ruraw.GRF
Tick 36798: GRF config changed
     Removed NewGRF: 45530400, filename: OTTD Coop\ottdc_grfpack\7_stations\jpstats\jpstatsw.grf
Tick 3075: game loaded
     Revision text changed to r14577, savegame version 102, not modified, _openttd_newgrf_version = 0x070038f1
Tick 44132: game loaded
     Revision text changed to r14597, savegame version 102, not modified, _openttd_newgrf_version = 0x07003905
Tick 61030: game loaded
     Revision text changed to r14626, savegame version 103, not modified, _openttd_newgrf_version = 0x07003922
Tick 31408: game loaded
     Revision text changed to r14639, savegame version 103, not modified, _openttd_newgrf_version = 0x0700392f
Tick 32160: GRF config changed
     Added NewGRF: GRF ID 43415463, checksum 422B1603DC1CEDA4E59E715E12EAD332, filename: OTTD Coop\ottdc_grfpack\7_stations\canstn\canstnw.grf
Tick 32160: GRF config changed
     Added NewGRF: GRF ID 52455300, checksum 37C0B839B13C4B18051580C81EEDF427, filename: OTTD Coop\ottdc_grfpack\7_stations\ae_subu\ae_subuw.GRF
     Added NewGRF: GRF ID 54570200, checksum 3DEB9B30A6254AE8606A5A9A99A9A696, filename: newgrf\usstatsw.grf
Tick 32160: GRF config changed
     Added NewGRF: GRF ID 52455400, checksum 1600687C50C5AB1E72EDD487CAD50E2A, filename: OTTD Coop\ottdc_grfpack\7_stations\ae_city\ae_cityw.GRF
Tick 32160: game loaded
     Revision text changed to r14655, savegame version 103, not modified, _openttd_newgrf_version = 0x0700393f
Tick 33396: GRF config changed
     Added NewGRF: GRF ID 4A430000, checksum A8B0E3328517AF70653FBDF7CDAFE005, filename: OTTD Coop\ottdc_grfpack\z_obsolete\jcindsta\jcindstaw.grf
Tick 36153: GRF config changed
     Added NewGRF: GRF ID 4A430002, checksum 586499B6B66A461D0CB653B46FCB1433, filename: newgrf\indstatrw.grf
Tick 34687: game loaded
     Revision text changed to r14657, savegame version 103, not modified, _openttd_newgrf_version = 0x07003941
Tick 61280: game loaded
     Revision text changed to r14936, savegame version 106, not modified, _openttd_newgrf_version = 0x07003a58
Tick 11545: game loaded
     Revision text changed to r15113, savegame version 109, not modified, _openttd_newgrf_version = 0x07003b09
Tick 11373: game loaded
     Revision text changed to r15130, savegame version 109, not modified, _openttd_newgrf_version = 0x07003b1a
Tick 11373: game loaded
     Revision text changed to r15557, savegame version 113, not modified, _openttd_newgrf_version = 0x07003cc5
Tick 24756: game loaded
     Revision text changed to r16973, savegame version 123, not modified, _openttd_newgrf_version = 0x0800424d
---- gamelog end ----
