*** OpenTTD Crash Report ***

Crash at: Thu Aug 26 20:17:11 2010
In game date: 1970-01-01 (0)

Crash reason:
 Exception: E1212012
 Location:  000007FEFDA7AA7D
 Message:   NOT_REACHED triggered at line 735 of ..\src\gamelog.cpp

OpenTTD version:
 Version:    1.0.3 (0)
 NewGRF ver: 10384f2b
 Bits:       64
 Endian:     little
 Dedicated:  no
 Build date: Jul 31 2010 21:31:09

Registers:
 RAX: 0000000076C10E4F RBX: 0000000000000016 RCX: 000000000025DDA0 RDX: 0000000000000000
 RSI: 0000000000000000 RDI: 0000000000000008 RBP: 0000000004C0B770 RSP: 000000000025E3B0
 R8:  0000000000000000 R9:  0000000000000000 R10: 0000000000000000 R11: 0000000000000286
 R12: 000000013FBBA790 R13: 000000013F9921BC R14: 0000000000000001 R15: 000000007790F59B
 RIP: 000007FEFDA7AA7D EFLAGS: 00000202

 Bytes at instruction pointer:
 48 81 C4 C8 00 00 00 C3 90 90 90 90 90 90 90 90 90 90 90 48 83 EC 48 83

Stack trace:
 00000016 00000000 00000000 00000000 00000008 00000000 0025E3E8 00000000
 E1212012 00000000 00000000 00000000 FDA7AA7D 000007FE 00000000 00000000
 00000048 00000000 00000001 00000000 00000000 00000000 00000000 00000000
 00000070 00000000 FFFFFFFF FFFFFFFF FFFFFFFF FFFFFFFF 7791C333 00000000
 7791C3DF 00000000 77A3FF9A 00000000 00000000 00000000 00000000 00000000
 00000000 00000000 7791A01B 00000000 00000000 00000000 77A23908 00000000
 00000001 00000000 3FA32681 00000001 00000016 00000000 DAA0B741 00000000
 0090C508 00000000 00000001 00000000 00000000 00000000 77A37B3A 00000000
 0090C4E0 00000000 7790F59B 00000000 00000090 00000000 00000108 00000000
 00000002 00000000 00000010 00000000 051D7940 00000000 3FA31906 00000001
 00000001 00000000 04C09630 00000000 00000001 00000000 00000002 00000000
 00000000 00000000 77A4FC65 00000000 00000000 00000000 00000000 00000000
 77A88B3C 00000000 00000001 00000000 0025E578 00000000 00000030 00000003
 7790F5BA 00000000 7791BAF9 00000000 009089B8 00000000 0025E5A8 00000000
 00000000 00000000 0090C4E0 00000000 00000082 FFFFF900 00000000 00000000
 00000000 00000000 77A23908 00000000 77A45BC0 00000000 7792764C 00000000
 004006C0 00000000 0090C4E0 00000000 00000001 00000000 00000001 00000000
 00000001 00000000 F60A1D7C FFFFFFFF 000908F8 00000000 00000202 FFFFF900
 00000000 00000000 00090017 00000000 0157CAA5 00000307 00000237 00000000
 00000000 00000000 00000000 00000000 77900000 00000000 0034F240 00000000
 00000000 00000000 779274A5 00000000 004006C0 00000000 779732C4 00000000
 00000001 00000000 004006C0 00000000 00000000 00000000 00000000 00000000
 00000008 00000000 00000010 00000000 00010003 00000000 00000001 00000000
 00000001 00000000 77972825 00000000 0034F240 00000000 0034F240 00000000

Operating system:
 Name:     Windows
 Release:  6.1.7600 ()
 Compiler: MSVC 1500

Configuration:
 Blitter:      8bpp-optimized
 Graphics set: OpenGFX (446)
 Language:     english_US.lng
 Music driver: win32
 Music set:    NoMusic (0)
 Network:      no
 Sound driver: win32
 Sound set:    NoSound (2)
 Video driver: win32

AI Configuration (local: 0):
  0: Human

Libraries:
 FreeType:   2.3.12
 ICU:        4.4.1
 LZO:        2.03
 PNG:        1.4.3
 Zlib:       1.2.5

Module information:
 C:\Users\Awesome\Desktop\ottd\openttd.exe handle: 000000013F7E0000 size: 4230144 crc: 473724AC date: 2010-08-01 01:35:46
 C:\Windows\SYSTEM32\ntdll.dll handle: 0000000077A00000 size: 1736608 crc: 51E6A99D date: 2010-03-24 06:59:44
 C:\Windows\system32\kernel32.dll handle: 00000000777E0000 size: 1162240 crc: 822946F0 date: 2009-07-14 01:41:13
 C:\Windows\system32\KERNELBASE.dll handle: 000007FEFDA70000 size: 421376 crc: 68F689E4 date: 2009-07-14 01:41:13
 C:\Windows\system32\WINMM.dll handle: 000007FEFB760000 size: 217600 crc: 7BC1529F date: 2009-07-14 01:41:56
 C:\Windows\system32\msvcrt.dll handle: 000007FEFDD50000 size: 634880 crc: 7F3E716F date: 2009-07-14 01:41:32
 C:\Windows\system32\USER32.dll handle: 0000000077900000 size: 1008640 crc: 95FA0345 date: 2009-07-14 01:41:56
 C:\Windows\system32\GDI32.dll handle: 000007FEFFB50000 size: 404480 crc: 0F1BAE69 date: 2009-07-14 01:40:56
 C:\Windows\system32\LPK.dll handle: 000007FEFFB40000 size: 41984 crc: 350AF03B date: 2009-07-14 01:41:19
 C:\Windows\system32\USP10.dll handle: 000007FEFFBC0000 size: 801280 crc: 32EFA120 date: 2009-07-14 01:41:56
 C:\Windows\system32\WS2_32.dll handle: 000007FEFF700000 size: 296448 crc: B9553AFD date: 2009-07-14 01:41:58
 C:\Windows\system32\RPCRT4.dll handle: 000007FEFEEB0000 size: 1221632 crc: D5B6358C date: 2009-07-14 01:41:53
 C:\Windows\system32\NSI.dll handle: 000007FEFDDF0000 size: 13824 crc: 53B46F6C date: 2009-07-14 01:41:53
 C:\Windows\system32\ADVAPI32.dll handle: 000007FEFF620000 size: 877056 crc: FA615A20 date: 2009-07-14 01:40:01
 C:\Windows\SYSTEM32\sechost.dll handle: 000007FEFDD30000 size: 113664 crc: 978CFAE5 date: 2009-07-14 01:41:53
 C:\Windows\system32\SHELL32.dll handle: 000007FEFE120000 size: 14162944 crc: 38C0D5D7 date: 2010-07-27 14:59:11
 C:\Windows\system32\SHLWAPI.dll handle: 000007FEFF4E0000 size: 449536 crc: 0BFDF102 date: 2009-07-14 01:41:54
 C:\Windows\system32\IMM32.DLL handle: 000007FEFF1B0000 size: 167424 crc: 41B2805A date: 2009-07-14 01:41:09
 C:\Windows\system32\MSCTF.dll handle: 000007FEFDE00000 size: 1067008 crc: 798DDDA0 date: 2009-07-14 01:41:28
 C:\Windows\system32\SHFolder.dll handle: 000007FEFB8B0000 size: 10240 crc: 08A48DE3 date: 2009-07-14 01:41:54
 C:\Windows\system32\ole32.dll handle: 000007FEFF750000 size: 2084352 crc: 40D2CC46 date: 2009-07-14 01:41:53
 C:\Windows\system32\MMDevAPI.DLL handle: 000007FEFBE50000 size: 284160 crc: CDF2EF81 date: 2009-07-14 01:41:26
 C:\Windows\system32\PROPSYS.dll handle: 000007FEFC2C0000 size: 1212416 crc: 98D01BC9 date: 2009-07-14 01:41:53
 C:\Windows\system32\OLEAUT32.dll handle: 000007FEFE040000 size: 861184 crc: C4351602 date: 2009-07-14 01:41:53
 C:\Windows\system32\wdmaud.drv handle: 000007FEFB720000 size: 217088 crc: AB6BC545 date: 2009-07-14 01:38:50
 C:\Windows\system32\ksuser.dll handle: 0000000075710000 size: 5120 crc: AA2071D9 date: 2009-07-14 01:41:13
 C:\Windows\system32\AVRT.dll handle: 000007FEFB8D0000 size: 18432 crc: 5CE53CB7 date: 2009-07-14 01:40:05
 C:\Windows\system32\SETUPAPI.dll handle: 000007FEFF960000 size: 1899520 crc: 91ED5D15 date: 2009-07-14 01:41:54
 C:\Windows\system32\CFGMGR32.dll handle: 000007FEFDAE0000 size: 207360 crc: 369326FC date: 2009-07-14 01:40:15
 C:\Windows\system32\DEVOBJ.dll handle: 000007FEFDA50000 size: 93184 crc: A7541AE2 date: 2009-07-14 01:40:28
 C:\Windows\system32\AUDIOSES.DLL handle: 000007FEFB410000 size: 296448 crc: 07CA71DE date: 2009-07-14 01:40:04
 C:\Windows\system32\msacm32.drv handle: 000007FEFB400000 size: 25600 crc: 2B579A05 date: 2009-07-14 01:38:50
 C:\Windows\system32\MSACM32.dll handle: 000007FEFB3E0000 size: 83456 crc: 3D67538B date: 2009-07-14 01:41:27
 C:\Windows\system32\midimap.dll handle: 000007FEFB3C0000 size: 20480 crc: CB902A13 date: 2009-07-14 01:41:23
 C:\Windows\system32\CRYPTBASE.dll handle: 000007FEFD850000 size: 44032 crc: F547C16E date: 2009-07-14 01:40:24
 C:\Windows\system32\CLBCatQ.DLL handle: 000007FEFF1E0000 size: 607744 crc: 939E35C9 date: 2009-07-14 01:40:15
 C:\Windows\system32\uxtheme.dll handle: 000007FEFC260000 size: 332288 crc: B0A13DF9 date: 2009-07-14 01:41:56
 C:\Windows\system32\dwmapi.dll handle: 000007FEFBE30000 size: 82432 crc: A459F360 date: 2009-07-14 01:40:34
 C:\Windows\system32\mswsock.dll handle: 000007FEFD170000 size: 320000 crc: EA387916 date: 2009-07-14 01:41:34
 C:\Windows\System32\wshtcpip.dll handle: 000007FEFCBA0000 size: 13312 crc: 5D1E2C55 date: 2009-07-14 01:41:58
 C:\Windows\system32\psapi.dll handle: 0000000077BD0000 size: 9216 crc: 84B5E9BA date: 2009-07-14 01:41:53

---- gamelog start ----
Tick 0: new game started
     Revision text changed to r16277, savegame version 119, modified, _openttd_newgrf_version = 0x08003f95
     New game mode: 2 landscape: 0
     Added NewGRF: GRF ID 54570604, checksum 09E2627CACBE087959BCD2B86A07DB4E, filename: z_obsolete\harbour\harbourw_456.grf
     Added NewGRF: GRF ID 4A430000, checksum A8B0E3328517AF70653FBDF7CDAFE005, filename: z_obsolete\jcindsta\jcindstaw.grf
     Added NewGRF: GRF ID 45520600, checksum 346457CB4632554B6A175785236883E4, filename: z_obsolete\platforms\platformsw.GRF
     Added NewGRF: GRF ID 41501201, checksum 957526EFF098BCF3BC5478AFC75A3F91, filename: 8_vehicles\road_vehicles\heqsdt\heqs_preview_v0.4.grf
     Added NewGRF: GRF ID 4A430002, checksum 0728ADCB4DF2F1EB9247ABD449296F4E, filename: z_obsolete\indstatr\indstatrw_6.grf
     Added NewGRF: GRF ID 4D470801, checksum 9334A7D4A35429A09EDEA5CAD8B33225
     Added NewGRF: GRF ID 44440111, checksum 9B5051E70D60EF2926A249B923AFB0CA, filename: uk_renewal_set.3.04\pb_ukrs.grf
     Added NewGRF: GRF ID 44442202, checksum 3DAC7433C0DA14AD3C5E8C89D73A6A2E, filename: uk_renewal_set_addon_pack.3.04\ukrsap1w.grf
     Added NewGRF: GRF ID 52453C00, checksum C5B4EC240B33E2DB8D1EA64C97898B5E
     Added NewGRF: GRF ID 53410100, checksum 2898A009F1822E324A88FFA754396B34
Tick 0: game loaded
     Revision text changed to r16341, savegame version 119, modified, _openttd_newgrf_version = 0x08003fd5
Tick 0: game loaded
     Revision text changed to 1.0.2, savegame version 138, maybe modified, _openttd_newgrf_version = 0x10284e20
Tick 0: GRF config changed
     Added NewGRF: GRF ID 62636E62, checksum 81E7724A80E0A4119749B3F5305B86F8, filename: z_obsolete\OpenGFX\newbuildings.grf
     Added NewGRF: GRF ID 62636D62, checksum 48002AA5EAE7AE221274371213D75846, filename: z_obsolete\OpenGFX\morebuildings.grf
     Added NewGRF: GRF ID 5257131F, checksum DE4AC817985F5C5C242BD7673227262D, filename: z_obsolete\OpenGFX\OpenGFX_-_newInfrastructure_-_newBridges_v0.1.grf
Tick 0: GRF config changed
     Added NewGRF: GRF ID FF06FE01, checksum 45F29AC95624D69BE774E3AE7719A6AB
Tick 0: GRF config changed
     GRF order changed: 56430001 moved 5 places down, filename: total_town_replacement_set-3.02a\ttrs3w.grf
     Added NewGRF: GRF ID 56430001, checksum AF3E0A1E6EF0B98DB966594578D1775B, filename: total_town_replacement_set-3.02a\ttrs3w.grf
Tick 0: GRF config changed
     Removed NewGRF: 62636E62, filename: z_obsolete\OpenGFX\newbuildings.grf
     Removed NewGRF: 62636D62, filename: z_obsolete\OpenGFX\morebuildings.grf
     Removed NewGRF: 5257131F, filename: z_obsolete\OpenGFX\OpenGFX_-_newInfrastructure_-_newBridges_v0.1.grf
     Removed NewGRF: FF06FE01
Tick 0: game loaded
     Revision text changed to 1.0.3, savegame version 138, not modified, _openttd_newgrf_version = 0x10384f2b
     New game mode: 1 landscape: 0
     Compatible NewGRF loaded: GRF ID 41501201, checksum 86F5F29AAA9EBF4F5449F1D0DC6E4825, filename: 8_vehicles\road_vehicles\heqsdt\heqs_preview_v0.4.grf
     Removed NewGRF: 4D470801
     Removed NewGRF: 52453C00
     Compatible NewGRF loaded: GRF ID 424B5461, checksum C022EB5453072B93712207212E728377, filename: z_obsolete\bktun\BKTunw.grf
---- gamelog end ----

*** End of OpenTTD Crash Report ***
