*** OpenTTD Crash Report ***

Crash at: Wed Dec 23 14:30:57 2009

Crash reason:
 Signal:  Aborted (6)
 Message: Assertion failed at line 527 of /usr/src/OpenTTD/compile/src/aircraft_cmd.cpp: st != NULL

OpenTTD version:
 Version:    r18604 (0)
 NewGRF ver: 080048ac
 Bits:       32
 Endian:     little
 Dedicated:  no
 Build date: Dec 22 2009 19:26:03

Stacktrace:
 [00] /usr/games/openttd(_ZNK12CrashLogUnix13LogStacktraceEPcPKc+0x43) [0x825a223]
 [01] /usr/games/openttd(_ZNK8CrashLog12FillCrashLogEPcPKc+0xaf) [0x81a05ff]
 [02] /usr/games/openttd(_ZNK8CrashLog12MakeCrashLogEv+0x9c) [0x81a070c]
 [03] /usr/games/openttd [0x825a17b]
 [04] [0xb7815400]
 [05] [0xb7815424]
 [06] /lib/i686/cmov/libc.so.6(gsignal+0x50) [0xb66d28e0]
 [07] /lib/i686/cmov/libc.so.6(abort+0x185) [0xb66d5e15]
 [08] /usr/games/openttd [0x824cd2e]

Operating system:
 Name:    Linux
 Release: 2.6.31-1-686
 Version: #1 SMP Sun Nov 15 20:39:33 UTC 2009
 Machine: i686

Configuration:
 Blitter:      8bpp-optimized
 Graphics set: OpenGFX
 Language:     russian.lng
 Music driver: extmidi
 Sound driver: sdl
 Sound set:    OpenSFX
 Video driver: sdl

AI Configuration:
  0: Human
  1: NoCAB (v336)
  2: Denver & Rio Grande (v1)

Libraries:
 FontConfig: 2.6.0
 FreeType:   2.3.11
 ICU:        3.8.1
 PNG:        1.2.41
 SDL:        1.2.13

---- gamelog start ----
Tick 0: new game started
     Revision text changed to r18604, savegame version 132, not modified, _openttd_newgrf_version = 0x080048ac
     New game mode: 1 landscape: 1
---- gamelog end ----

*** End of OpenTTD Crash Report ***
