*** OpenTTD Crash Report ***
Date: 2009-10-05 12:58:01
Build: 0.7.2 (0) built on Jul 31 2009 22:53:33
Language: dutch.lng
Exception C0000005 at 004E4E01
Registers:
 EAX: 0000A551 EBX: 02957348 ECX: 0297F2FC EDX: 02A3CB00
 ESI: 028E7048 EDI: 02957308 EBP: 0012F958 ESP: 0012F8F0
 EIP: 004E4E01 EFLAGS: 00010246

Bytes at CS:EIP:
 80 78 10 01 74 6F 8B 41 08 80 78 10 01 75 15 8B 01 FF 75 08 C6 40 10 01

Stack trace: 
 028BAAB8 0012F990 0012F9C0 FFFFFFFF FFFFFFFF FFFFFFFF FFFFFFFF FFFFFFFF
 FFFFFFFF FFFFFFFF FFFFFFFF FFFFFFFF FFFFFFFF FFFFFFFF FFFFFFFF FFFFFFFF
 FFFFFFFF FFFFFFFF FFFFFFFF FFFFFFFF FFFFFFFF FFFFFFFF 004E4C61 0012FA28
 0059AB2B FFFFFFFF 0012F988 004E4589 028BAAB8 0012F978 0293F898 028E7048
 00000001 0012F9C0 02957328 0012F9BC 0293F898 02957348 0012F9C8 004E3FE2
 0293F898 028E7048 0293F898 028E7048 0294C0E4 0294C0B0 0294C0E4 02278C28
 0293F898 02957348 0293F898 028E7048 0293F898 028E7048 0012F9F8 004E27B0
 028BAAB8 0012FA00 021D5B68 0012FA54 00000004 0069EC68 00000001 004C767D
 028CCEA8 004BA694 0012FA34 004DD854 00009F50 00000004 021D5B68 0012FA54
 00000004 00000000 00000000 00000000 00009F50 00000004 0012FA78 00599DCF
 00000000 0012FA84 004D6733 0294C0B0 004E2762 021D5B68 021D5C10 01FEB638
 004DC8CE 0A008000 028BAB28 021D5C10 021D5B68 00000004 01D1F238 0294C0B0
 029365E0 0012FA44 0012FAE4 0059AF25 00000000 0012FAF0 004CB018 028CF458
 00000009 021D5B68 00000000 00000000 08000200 01FEB638 00000000 00000000
 0000000A 0000000F 00000000 00000001 00000000 00000000 08000200 01FEB638
 021D5B68 021D5BC0 00000034 00000025 0012FA8C 0012FB98 0059AF8D 00000003
 0012FBA4 004C99DD 01FEB638 00000001 0000002F 0012FB70 0012FBAF 0298D4D0
 02940500 00000000 00000000 00000000 00000000 00000000 00000000 00000000
 00000000 00000000 00000000 00000000 00000000 00000000 00000000 00000000
 00000000 00000000 000000F1 0012FC14 00000020 0012FC10 01DF1230 00491709
 08000200 01FEB638 00000000 00000001 00000034 00000000 021D5BF8 00000000
 021D5B68 0012FB0C 0012FC08 0059B24C 00000004 0012FBD8 004B8CB6 00651464
 00000034 0000002F 00000009 0012FBD0 00000001 00000003 00000000 00000000
 01000001 00000000 0012FC14 004D584C 7E3AA78F 028C9CFC 0000D301 00000000

Module information:
 C:\Program Files\OpenTTD\openttd.exe handle: 00400000 size: 2524672 crc: 30F92EB7 date: 2009-07-31 22:56:32
 C:\WINDOWS\system32\ntdll.dll handle: 7C900000 size: 735744 crc: 810A5742 date: 2009-02-09 10:56:06
 C:\WINDOWS\system32\kernel32.dll handle: 7C7D0000 size: 1030656 crc: E62CE906 date: 2009-03-21 14:09:59
 C:\WINDOWS\system32\WINMM.dll handle: 76AF0000 size: 179200 crc: 14C886F9 date: 2008-04-15 12:00:00
 C:\WINDOWS\system32\ADVAPI32.dll handle: 77F40000 size: 684544 crc: 386B374F date: 2009-02-09 10:56:07
 C:\WINDOWS\system32\RPCRT4.dll handle: 77DA0000 size: 585216 crc: 857DC3DC date: 2009-04-15 14:55:06
 C:\WINDOWS\system32\Secur32.dll handle: 77F10000 size: 56832 crc: 24F7E205 date: 2009-02-03 19:59:02
 C:\WINDOWS\system32\GDI32.dll handle: 77E40000 size: 286720 crc: AD0D7A5A date: 2008-10-23 12:43:45
 C:\WINDOWS\system32\USER32.dll handle: 7E390000 size: 580096 crc: A1DEF669 date: 2008-04-15 12:00:00
 C:\WINDOWS\system32\WS2_32.dll handle: 71A30000 size: 82432 crc: 1CF0E4F7 date: 2008-04-15 12:00:00
 C:\WINDOWS\system32\msvcrt.dll handle: 77BE0000 size: 343040 crc: 914594B7 date: 2008-04-15 12:00:00
 C:\WINDOWS\system32\WS2HELP.dll handle: 71A20000 size: 19968 crc: 25A9B9EA date: 2008-04-15 12:00:00
 C:\WINDOWS\system32\SHELL32.dll handle: 7C9C0000 size: 8508416 crc: 1CE36AED date: 2008-06-17 19:03:19
 C:\WINDOWS\system32\SHLWAPI.dll handle: 77E90000 size: 474624 crc: D3BD2EB0 date: 2008-04-15 12:00:00
 C:\WINDOWS\system32\IMM32.DLL handle: 76330000 size: 110080 crc: BC278F31 date: 2008-04-15 12:00:00
 C:\WINDOWS\WinSxS\x86_Microsoft.Windows.Common-Controls_6595b64144ccf1df_6.0.2600.5512_x-ww_35d4ce83\comctl32.dll handle: 77390000 size: 1054208 crc: D48C9A27 date: 2008-04-15 12:00:00
 C:\WINDOWS\system32\comctl32.dll handle: 5D4E0000 size: 617472 crc: 3039BA4F date: 2008-04-15 12:00:00
 C:\Program Files\Common Files\Logishrd\LVMVFM\LVPrcInj.dll handle: 00CC0000 size: 109080 crc: 1F16CC4F date: 2007-10-19 12:19:10
 C:\WINDOWS\system32\SHFolder.dll handle: 76730000 size: 25088 crc: D4F9262A date: 2008-04-15 12:00:00
 C:\WINDOWS\system32\WINTRUST.dll handle: 76BF0000 size: 176640 crc: 20C532EF date: 2008-04-15 12:00:00
 C:\WINDOWS\system32\CRYPT32.dll handle: 77A40000 size: 602624 crc: 7EA0028A date: 2008-04-15 12:00:00
 C:\WINDOWS\system32\MSASN1.dll handle: 77AE0000 size: 57344 crc: 576F740E date: 2008-04-15 12:00:00
 C:\WINDOWS\system32\IMAGEHLP.dll handle: 76C50000 size: 144384 crc: 4D6F22DF date: 2008-04-15 12:00:00
 C:\WINDOWS\system32\wdmaud.drv handle: 72C90000 size: 23552 crc: F3E22527 date: 2008-04-14 20:33:24
 C:\WINDOWS\system32\msacm32.drv handle: 72C80000 size: 20992 crc: 59696C97 date: 2008-04-15 12:00:00
 C:\WINDOWS\system32\MSACM32.dll handle: 77BB0000 size: 71680 crc: 4C6A08FD date: 2008-04-15 12:00:00
 C:\WINDOWS\system32\midimap.dll handle: 77BA0000 size: 18944 crc: 4F148956 date: 2008-04-15 12:00:00
 C:\WINDOWS\system32\ole32.dll handle: 774A0000 size: 1287168 crc: C44C98F7 date: 2008-04-15 12:00:00
 C:\WINDOWS\system32\MSCTF.dll handle: 746A0000 size: 297984 crc: D0327D58 date: 2008-04-15 12:00:00
 C:\WINDOWS\system32\CLBCATQ.DLL handle: 76F90000 size: 498688 crc: 23CAAAF9 date: 2008-04-15 12:00:00
 C:\WINDOWS\system32\COMRes.dll handle: 77010000 size: 822784 crc: 01C741E4 date: 2008-04-15 12:00:00
 C:\WINDOWS\system32\OLEAUT32.dll handle: 770E0000 size: 551936 crc: 56F4315C date: 2008-04-15 12:00:00
 C:\WINDOWS\system32\VERSION.dll handle: 77BD0000 size: 18944 crc: FC19E92F date: 2008-04-15 12:00:00
 C:\WINDOWS\system32\dmime.dll handle: 59A40000 size: 181248 crc: 42675F28 date: 2008-04-15 12:00:00
 C:\WINDOWS\system32\DSOUND.dll handle: 73E80000 size: 367616 crc: 79EDF214 date: 2008-04-15 12:00:00
 C:\WINDOWS\system32\dmusic.dll handle: 6CE90000 size: 104448 crc: C8018462 date: 2008-04-15 12:00:00
 C:\WINDOWS\system32\KsUser.dll handle: 73E50000 size: 4096 crc: D76DE7B2 date: 2008-04-14 20:32:30
 C:\WINDOWS\system32\dmsynth.dll handle: 6CEB0000 size: 103424 crc: 406D85F2 date: 2008-04-15 12:00:00
 C:\WINDOWS\system32\dmloader.dll handle: 6CF20000 size: 35840 crc: A482F803 date: 2008-04-15 12:00:00
 C:\WINDOWS\system32\msctfime.ime handle: 75250000 size: 177152 crc: 97E80D46 date: 2009-02-27 04:58:27
 C:\WINDOWS\system32\mswsock.dll handle: 719D0000 size: 247296 crc: AB503995 date: 2008-06-20 17:49:21
 C:\WINDOWS\system32\hnetcfg.dll handle: 61200000 size: 347648 crc: DAE28AF3 date: 2008-04-15 12:00:00
 C:\WINDOWS\System32\wshtcpip.dll handle: 71A10000 size: 19456 crc: C10DDDD3 date: 2008-04-15 12:00:00
 C:\WINDOWS\system32\dmstyle.dll handle: 6CED0000 size: 105984 crc: 58D06A78 date: 2008-04-15 12:00:00
 C:\WINDOWS\system32\dmband.dll handle: 6D0D0000 size: 28672 crc: CADFBA78 date: 2008-04-15 12:00:00
 C:\WINDOWS\system32\SETUPAPI.dll handle: 778E0000 size: 1001472 crc: 53119FEB date: 2008-04-15 12:00:00
 C:\WINDOWS\system32\DNSAPI.dll handle: 76EE0000 size: 147968 crc: 7B435E9C date: 2008-06-20 17:49:21
 C:\WINDOWS\System32\winrnr.dll handle: 76F70000 size: 16896 crc: 250735F2 date: 2008-04-15 12:00:00
 C:\WINDOWS\system32\WLDAP32.dll handle: 76F20000 size: 172544 crc: C90DF2F6 date: 2008-04-15 12:00:00
 C:\WINDOWS\system32\rasadhlp.dll handle: 76F80000 size: 7680 crc: D7513AA6 date: 2008-04-15 12:00:00
 C:\WINDOWS\system32\psapi.dll handle: 76BB0000 size: 23040 crc: 8CDC5A38 date: 2008-04-15 12:00:00

System information:
 Windows version 5.1 2600 Service Pack 3

---- gamelog start ----
Tick 0: new game started
     Revision text changed to 0.7.2, savegame version 116, not modified, _openttd_newgrf_version = 0x07284272
     New game mode: 1 landscape: 0
     Added NewGRF: GRF ID 6D620601, checksum 44EB2F155862E4D4F0AB671D7021AF54, filename: 7_stations\newstats\newstatsw.grf
     Added NewGRF: GRF ID 52570103, checksum EDB2D26F9D81423734CA12412F309CF3, filename: 8_vehicles\trams\generictrams\generictrams_v0.4.grf
     Added NewGRF: GRF ID 554B5201, checksum 0D9C15FF1DC9AA50702780A730D9C650, filename: 4_infrastructure\ukroadset\UKRoadsetw.grf
     Added NewGRF: GRF ID FBFB0102, checksum 803D38F242F016C4A8212FA05C0F9B7E, filename: 8_vehicles\trams\dutchtramset\DutchTramSetW.grf
     Added NewGRF: GRF ID 4D470501, checksum 921D08A4B3430BDCC14715B6A1288350, filename: 0_info.grf
Tick 0: GRF config changed
     Removed NewGRF: 554B5201, filename: 4_infrastructure\ukroadset\UKRoadsetw.grf
     Added NewGRF: GRF ID 54438301, checksum 50AF2469F40A96ADC0D42840E0D950E4, filename: 8_vehicles\trams\cstramset\cstramsetw.grf
     Added NewGRF: GRF ID 554B5400, checksum 807D388BF686B56934FB3D9C26C4EB71, filename: 8_vehicles\trams\ukts\ukts_r1.grf
     Added NewGRF: GRF ID 44490010, checksum 740873951A2167289C83462B599D75F1, filename: 8_vehicles\trams\sts\stsw.grf
     Added NewGRF: GRF ID 46520107, checksum FC0469A7B5D9267EED4CCAC17F56019E, filename: fontreneww.grf
     Added NewGRF: GRF ID 52571302, checksum 94F0FDACF165EA5D868B886C39D68C9C, filename: 1_other\OpenGFX\OpenGFX_-_newTerrain_v0.4.grf
     Added NewGRF: GRF ID 4F424403, checksum 4D4DA9DBFCD2446425E0D18DB65A9C4E, filename: 2_landscape\grassyknoll\grassyknoll.grf
     Added NewGRF: GRF ID 53485300, checksum 2D757E4411127F56C948EFB5F1EA1EA2, filename: newairportw.grf
     Added NewGRF: GRF ID 44442411, checksum BE9A79F60827058108F4FD1700833886, filename: tai_uk_houses.0.2\tai_uk.grf
     Added NewGRF: GRF ID 44440A01, checksum D48D7AD02CA355B92FAE081DC4A36868, filename: 8_vehicles\planes\pb_av8\pb_av8w.grf
Tick 4702: GRF config changed
     GRF parameter changed: 4F424403, filename: 2_landscape\grassyknoll\grassyknoll.grf
---- gamelog end ----
