*** OpenTTD Crash Report ***

Crash at: Thu Dec 23 03:55:59 2010
In game date: 2004-10-06 (64)

Crash reason:
 Exception: C0000005
 Location:  0040C177
 Message:   <none>

OpenTTD version:
 Version:    1.0.4 (0)
 NewGRF ver: 10485145
 Bits:       32
 Endian:     little
 Dedicated:  no
 Build date: Sep 14 2010 16:50:57

Registers:
 EAX: 00000001 EBX: 00000005 ECX: 00000000 EDX: 030D4BC8
 ESI: 0012F8F8 EDI: 02CA3D00 EBP: 0012F8B4 ESP: 0012F890
 EIP: 0040C177 EFLAGS: 00010202

 Bytes at instruction pointer:
 01 9A 00 02 00 00 85 DB 76 06 09 82 88 00 00 00 C1 E1 06 81 C1 E8 6B 72

Stack trace:
 038E2908 00000000 00C30718 00C30000 0275F3F0 0012F894 0012F898 0012FAD8
 000002CE 0012F904 0040C712 00000005 00000000 0000A3EA 0000002C 030D4BC8
 00000001 00000018 02E8C188 0012F9B0 02B59A64 7C910222 7C91019B 7C9101DB
 00000043 0012F910 7E428DD9 0001045A 00000084 0012F9B8 004040B0 038E2908
 02E8C188 00000005 02B59998 02B59998 02CA3DA0 7E428D8B 00000000 00000084
 00000000 00000000 00000000 00000001 0012F928 000002C1 0286CCC0 02927600
 7E428D90 FFFFFFFF 7E428D8B 0053677C 0001045A 00000084 00000000 012302CE
 0012FA54 00536258 00000000 00000000 00727838 0012F9B4 00000001 01B59F31
 00000002 0012F9F4 0041864A 00000000 00000000 00CDC3A0 00000806 02B59A64
 0286CCC0 02B33D40 0012FA24 0040CD8E 02B59A5C 00000000 00000005 00000000
 038E2908 00000002 02CA3D00 0012FAB8 00000000 01F44148 0044228A 00000061
 030F9B38 0044417E 00000000 00000011 00000002 00000000 038E2908 02CA3D00
 00000000 00000005 00000000 0000001A 01000000 0012FAC0 0040D2FE 0012FA38
 00000000 00000002 000000FC 00000000 00000000 00000000 00000000 00000000
 00000000 00000000 00000000 00000000 00000000 00000000 00000000 00000000
 00000000 00000000 00000000 00000000 00000000 00000000 00000000 00000000
 00000000 00000000 00000000 00000000 00000000 00000000 00000000 00000000
 00000000 00000000 02AF4780 02DB0F30 0012FB30 004385B6 06DBCC6F 06DBCCAE
 00000000 000001C0 0000EA2B 0012FB1C 0000E9DA 006845FC 0012FB1C 006845FC
 0000E9DA 0041BD1C 0000FAFB 0000F9FC 004BC103 FFFF0000 00000001 0000FAFB
 00000000 0000FAFB 00000008 00000000 00000000 0012FC4C 0000000F 06DBCC6F
 0012FC4C 00428ACC 06DBCC6F 00000000 00000013 00000400 00000258 000002CE
 00000123 0012FB80 7E418734 0001045A 00000113 00000001 06DBCCAE 00535F80
 DCBAABCD 00000000 0012FBBC 00535F80 0012FBE8 7E419857 7FFDE000 0012FBE8

Operating system:
 Name:     Windows
 Release:  5.1.2600 (Service Pack 3)
 Compiler: MSVC 1500

Configuration:
 Blitter:      8bpp-optimized
 Graphics set: OpenGFX (542)
 Language:     english_US.lng
 Music driver: dmusic
 Music set:    OpenMSX (96)
 Network:      no
 Sound driver: win32
 Sound set:    OpenSFX (87)
 Video driver: win32

AI Configuration (local: 0):
  0: Human

Libraries:
 FreeType:   2.3.12
 ICU:        4.4.1
 LZO:        2.03
 PNG:        1.4.3
 Zlib:       1.2.5

Module information:
 C:\Program Files\OpenTTD\openttd.exe handle: 00400000 size: 3076608 crc: 78E4E4AA date: 2010-09-14 16:54:06
 C:\WINDOWS\system32\ntdll.dll handle: 7C900000 size: 714752 crc: 56E74C35 date: 2009-02-09 12:10:48
 C:\WINDOWS\system32\kernel32.dll handle: 7C800000 size: 989696 crc: 8A0508E5 date: 2009-03-21 14:06:58
 C:\WINDOWS\system32\WINMM.dll handle: 76B40000 size: 176128 crc: 9676D976 date: 2008-04-14 12:00:00
 C:\WINDOWS\system32\ADVAPI32.dll handle: 77DD0000 size: 617472 crc: C9027432 date: 2009-02-09 12:10:48
 C:\WINDOWS\system32\RPCRT4.dll handle: 77E70000 size: 590848 crc: E9ECB923 date: 2010-08-16 08:45:00
 C:\WINDOWS\system32\Secur32.dll handle: 77FE0000 size: 56832 crc: 3D0002B7 date: 2009-06-25 08:25:26
 C:\WINDOWS\system32\GDI32.dll handle: 77F10000 size: 286720 crc: B5F6B116 date: 2008-10-23 12:36:14
 C:\WINDOWS\system32\USER32.dll handle: 7E410000 size: 578560 crc: F7C72264 date: 2008-04-14 12:00:00
 C:\WINDOWS\system32\WS2_32.dll handle: 71AB0000 size: 82432 crc: 7C519ECA date: 2008-04-14 12:00:00
 C:\WINDOWS\system32\msvcrt.dll handle: 77C10000 size: 343040 crc: 0B7B1677 date: 2008-04-14 12:00:00
 C:\WINDOWS\system32\WS2HELP.dll handle: 71AA0000 size: 19968 crc: 3F24E096 date: 2008-04-14 12:00:00
 C:\WINDOWS\system32\SHELL32.dll handle: 7C9C0000 size: 8462336 crc: 73D4EFBD date: 2010-07-27 06:30:35
 C:\WINDOWS\system32\SHLWAPI.dll handle: 77F60000 size: 474112 crc: BDFA6F45 date: 2009-12-08 09:23:28
 C:\WINDOWS\system32\IMM32.DLL handle: 76390000 size: 110080 crc: C1486DA0 date: 2008-04-14 12:00:00
 C:\WINDOWS\system32\LPK.DLL handle: 629C0000 size: 22016 crc: 9689B06F date: 2008-04-14 12:00:00
 C:\WINDOWS\system32\USP10.dll handle: 74D90000 size: 406016 crc: 80584A23 date: 2010-04-16 15:36:56
 C:\WINDOWS\WinSxS\x86_Microsoft.Windows.Common-Controls_6595b64144ccf1df_6.0.2600.6028_x-ww_61e65202\comctl32.dll handle: 773D0000 size: 1054208 crc: 350BBD1B date: 2010-08-23 16:12:02
 C:\WINDOWS\system32\comctl32.dll handle: 5D090000 size: 617472 crc: B00C920E date: 2010-08-23 16:12:04
 C:\WINDOWS\system32\SHFolder.dll handle: 76780000 size: 25088 crc: 8009EA65 date: 2008-04-14 12:00:00
 C:\WINDOWS\system32\wdmaud.drv handle: 72D20000 size: 23552 crc: EEB914CA date: 2008-04-14 09:42:46
 C:\WINDOWS\system32\WINTRUST.dll handle: 76C30000 size: 177664 crc: 10F114B4 date: 2009-12-24 06:59:40
 C:\WINDOWS\system32\CRYPT32.dll handle: 77A80000 size: 599040 crc: F04E4319 date: 2008-04-14 12:00:00
 C:\WINDOWS\system32\MSASN1.dll handle: 77B20000 size: 58880 crc: 63D6A79F date: 2009-09-04 21:03:36
 C:\WINDOWS\system32\IMAGEHLP.dll handle: 76C90000 size: 144384 crc: F7A06429 date: 2008-04-14 12:00:00
 C:\WINDOWS\system32\msacm32.drv handle: 72D10000 size: 20480 crc: D5406BAE date: 2008-04-14 12:00:00
 C:\WINDOWS\system32\MSACM32.dll handle: 77BE0000 size: 71680 crc: EDE4B266 date: 2008-04-14 12:00:00
 C:\WINDOWS\system32\midimap.dll handle: 77BD0000 size: 18944 crc: 2E6D5FD1 date: 2008-04-14 12:00:00
 C:\WINDOWS\system32\MSCTF.dll handle: 74720000 size: 297984 crc: 392BE0B0 date: 2008-04-14 12:00:00
 C:\WINDOWS\system32\msctfime.ime handle: 755C0000 size: 177152 crc: 8C1D2F99 date: 2009-02-27 04:56:38
 C:\WINDOWS\system32\ole32.dll handle: 774E0000 size: 1288192 crc: 2C4B341E date: 2010-07-16 12:05:55
 C:\WINDOWS\system32\CLBCATQ.DLL handle: 76FD0000 size: 498688 crc: F43789FF date: 2008-04-14 12:00:00
 C:\WINDOWS\system32\COMRes.dll handle: 77050000 size: 792064 crc: 868482D5 date: 2008-04-14 12:00:00
 C:\WINDOWS\system32\OLEAUT32.dll handle: 77120000 size: 551936 crc: 1EE83658 date: 2008-04-14 12:00:00
 C:\WINDOWS\system32\VERSION.dll handle: 77C00000 size: 18944 crc: 558B1DAF date: 2008-04-14 12:00:00
 C:\WINDOWS\system32\dmime.dll handle: 5C570000 size: 181248 crc: A021AC64 date: 2008-04-14 12:00:00
 C:\WINDOWS\system32\DSOUND.dll handle: 73F10000 size: 367616 crc: 33C2A52C date: 2008-04-14 12:00:00
 C:\WINDOWS\system32\dmusic.dll handle: 6C980000 size: 104448 crc: E9A2B682 date: 2008-04-14 12:00:00
 C:\WINDOWS\system32\KsUser.dll handle: 73EE0000 size: 4096 crc: BD8E6BD9 date: 2008-04-14 12:41:58
 C:\WINDOWS\system32\dmsynth.dll handle: 6C9A0000 size: 103424 crc: 3E2BFB05 date: 2008-04-14 12:00:00
 C:\WINDOWS\system32\dmloader.dll handle: 6CA10000 size: 35840 crc: 9271DC2B date: 2008-04-14 12:00:00
 C:\WINDOWS\system32\mswsock.dll handle: 71A50000 size: 245248 crc: FBBA0828 date: 2008-06-20 17:46:57
 C:\WINDOWS\system32\hnetcfg.dll handle: 662B0000 size: 344064 crc: 96358152 date: 2008-04-14 12:00:00
 C:\WINDOWS\System32\wshtcpip.dll handle: 71A90000 size: 19456 crc: F5533E87 date: 2008-04-14 12:00:00
 C:\WINDOWS\system32\mslbui.dll handle: 605D0000 size: 25088 crc: D9D805D6 date: 2008-04-14 12:00:00
 C:\WINDOWS\system32\psapi.dll handle: 76BF0000 size: 23040 crc: 75BBDCAD date: 2008-04-14 12:00:00

---- gamelog start ----
Tick 0: new game started
     Revision text changed to 1.0.4, savegame version 138, not modified, _openttd_newgrf_version = 0x10485145
     New game mode: 1 landscape: 0
---- gamelog end ----

*** End of OpenTTD Crash Report ***
