*** OpenTTD Crash Report ***

Crash at: Fri Jan 21 18:54:09 2011
In game date: 1921-03-15 (47)

Crash reason:
 Exception: C0000005
 Location:  0046D13B
 Message:   <none>

OpenTTD version:
 Version:    1.1.0-beta4 (0)
 NewGRF ver: 11005570
 Bits:       32
 Endian:     little
 Dedicated:  no
 Build date: Jan 20 2011 22:33:57

Registers:
 EAX: 00000000 EBX: 00000000 ECX: 00000000 EDX: 00000352
 ESI: 045E9370 EDI: 00000000 EBP: 0012FA18 ESP: 0012FA14
 EIP: 0046D13B EFLAGS: 00210246

 Bytes at instruction pointer:
 8B 48 20 85 C9 75 05 8B 55 08 EB 1B 7E 07 8B 55 08 D3 E2 EB 12 33 D2 42

Stack trace:
 045E9370 00000000 004531EB FFFFFFEA 00000017 000004AE FFFFFFFA 0012FA60
 00000001 0006ABC8 004535CF 000004AE FFFFFFFA 00000001 FFFFF67E 000021DB
 00000000 0012FB64 00BFF560 00000000 004539DE 00000000 00000000 FFFFFFFA
 000004AE 0012FB00 00000000 00000000 00570836 0012FB7C 00000200 00000000
 0044AB7F FFFFF680 000020A8 00000352 0012FB64 000002FB 045E9370 0000154C
 00000D48 00001680 00000057 0012FAEC 0044AC17 000002FB 000005A0 00000352
 045E9370 04404590 00000057 000002FB 0012FB7C 0012FC48 00000000 0044F6EA
 045E9370 04404590 0048AD0C 0012FB2C 7640FD72 00060C64 00000200 00000001
 FFFA04AE 00000200 DCBAABCD 00000000 0012FB7C 00000200 0012FBA4 7640FE4A
 00570428 00060C64 00000200 00000001 FFFA04AE 4A7500E7 0012FC50 0012FC48
 012EF4E8 00000024 00000001 00000000 00000000 00000030 FFFFFFFF FFFFFFFF
 7640FDF3 00000000 00000000 00000001 00000000 00000000 0012FB48 0012F62C
 0012FBF8 7645522D 3C27052B 00000000 0012FC08 7641018D 00000000 00570428
 00060C64 00000200 00000001 FFFA04AE 012EF4FC 00000001 4A75074B 0010ABF7
 7641045A 00000000 0012FC08 7641054D 00000001 00000000 00000000 0012FBCC
 0012F62C 0012FF78 7645522D 3C26FA53 FFFFFFFE 0012FC18 7641022B 00570428
 00000000 00000000 00570E96 0012FC48 00BE8008 0246A270 0012FCDC 00000000
 0012FC20 0010ABF7 0010AC15 00000000 00000000 00060C64 00000200 00000001
 FFFA04AE 0010AC17 000004AE 0000000E 004308AA 0012FCF4 0012FDF8 00000001
 01000060 00000000 00000000 00000000 00000000 0246A290 00000000 0246A290
 FFFFFFFF 00000000 00000000 00000104 00000000 FFFFFFFF 00000000 00000000
 00000000 0012FEF8 00000000 00000000 00000000 FFFFFFFF 0012FDFC 00B67B88
 00000000 00000000 0012FEF8 00573048 00000001 0012FDF8 FFFFFFFE 00000000
 5C3A4422 676F7250 206D6172 656C6946 704F5C73 54546E65 706F5C44 74746E65

Operating system:
 Name:     Windows
 Release:  6.0.6002 (Service Pack 2)
 Compiler: MSVC 1500

Configuration:
 Blitter:      8bpp-optimized
 Graphics set: OpenGFX (589)
 Language:     D:\Program Files\OpenTTD\lang\english.lng
 Music driver: dmusic
 Music set:    OpenMSX (96)
 Network:      client
 Sound driver: win32
 Sound set:    OpenSFX (87)
 Video driver: win32

AI Configuration (local: 1):
  0: Human
  1: Human
  2: Human
  3: Human

Libraries:
 FreeType:   2.4.4
 ICU:        4.4.2
 LZMA:       5.0.0
 LZO:        2.03
 PNG:        1.4.5
 Zlib:       1.2.5

Module information:
 D:\Program Files\OpenTTD\openttd.exe handle: 00400000 size: 8216064 crc: 17DBF4AA date: 2011-01-20 22:37:54
 C:\Windows\system32\ntdll.dll handle: 77780000 size: 1202168 crc: 11EF8EE5 date: 2009-04-10 22:27:50
 C:\Windows\system32\kernel32.dll handle: 77900000 size: 891392 crc: 1164F2B3 date: 2009-04-10 22:28:22
 C:\Windows\system32\WINMM.dll handle: 74710000 size: 189952 crc: 3E8CBFF5 date: 2009-04-10 22:28:26
 C:\Windows\system32\msvcrt.dll handle: 76490000 size: 679936 crc: B0E5331E date: 2009-04-10 22:28:24
 C:\Windows\system32\USER32.dll handle: 763F0000 size: 627712 crc: 80F0F3C5 date: 2009-04-10 22:28:26
 C:\Windows\system32\GDI32.dll handle: 76060000 size: 297472 crc: 69625D80 date: 2009-04-10 22:28:20
 C:\Windows\system32\ADVAPI32.dll handle: 75E50000 size: 800768 crc: D7864B03 date: 2009-04-10 22:28:18
 C:\Windows\system32\RPCRT4.dll handle: 76320000 size: 784896 crc: 35185859 date: 2009-04-23 12:15:07
 C:\Windows\system32\ole32.dll handle: 76610000 size: 1316864 crc: 35DF2E64 date: 2010-06-28 17:00:21
 C:\Windows\system32\OLEAUT32.dll handle: 767C0000 size: 563712 crc: 12E9F438 date: 2009-04-10 22:28:24
 C:\Windows\system32\OLEACC.dll handle: 746D0000 size: 234496 crc: 82CE51D9 date: 2009-10-08 21:08:01
 C:\Windows\system32\WS2_32.dll handle: 778D0000 size: 179200 crc: 5D581120 date: 2008-01-18 22:37:10
 C:\Windows\system32\NSI.dll handle: 778C0000 size: 8192 crc: 10729B39 date: 2008-01-18 22:35:58
 C:\Windows\system32\SHELL32.dll handle: 76A70000 size: 11584512 crc: 93B423E4 date: 2010-07-26 15:51:48
 C:\Windows\system32\SHLWAPI.dll handle: 76760000 size: 353280 crc: 681AC986 date: 2009-04-10 22:28:26
 C:\Windows\system32\IMM32.DLL handle: 75E30000 size: 114688 crc: 8D83D50A date: 2009-04-10 22:28:22
 C:\Windows\system32\MSCTF.dll handle: 76540000 size: 807424 crc: 78787E19 date: 2009-04-10 22:28:22
 C:\Windows\system32\LPK.DLL handle: 778B0000 size: 23552 crc: 2E03F135 date: 2009-06-15 14:52:42
 C:\Windows\system32\USP10.dll handle: 77580000 size: 502272 crc: A57A818A date: 2010-04-16 16:46:48
 C:\Windows\system32\guard32.dll handle: 10000000 size: 285480 crc: CF4DDD8F date: 2011-01-11 18:44:23
 C:\Windows\system32\VERSION.dll handle: 75CB0000 size: 20480 crc: 8C605EC4 date: 2009-04-10 22:28:26
 C:\Windows\system32\fltlib.dll handle: 75CA0000 size: 14848 crc: A5DB6642 date: 2006-11-02 09:46:04
 C:\Windows\WinSxS\x86_microsoft.windows.common-controls_6595b64144ccf1df_6.0.6002.18305_none_5cb72f2a088b0ed3\comctl32.dll handle: 74DF0000 size: 1686016 crc: 3AB5D2D1 date: 2010-08-31 15:43:52
 C:\Windows\system32\SHFolder.dll handle: 6E690000 size: 7168 crc: 1CA14A5C date: 2006-11-02 09:46:13
 C:\Windows\system32\wdmaud.drv handle: 73C90000 size: 167424 crc: AE942463 date: 2009-04-10 22:27:14
 C:\Windows\system32\ksuser.dll handle: 73C80000 size: 4608 crc: 4C647881 date: 2006-11-02 09:46:05
 C:\Windows\system32\MMDevAPI.DLL handle: 74000000 size: 150528 crc: 481F98E7 date: 2009-04-10 22:28:22
 C:\Windows\system32\AVRT.dll handle: 73FF0000 size: 12800 crc: EB589AA0 date: 2008-01-18 22:33:48
 C:\Windows\system32\SETUPAPI.dll handle: 760B0000 size: 1591296 crc: A225D6A1 date: 2009-04-10 22:28:26
 C:\Windows\system32\WINTRUST.dll handle: 74980000 size: 172032 crc: 0FB3BA99 date: 2009-12-23 11:33:29
 C:\Windows\system32\CRYPT32.dll handle: 75740000 size: 978944 crc: CE0B7499 date: 2009-04-10 22:28:20
 C:\Windows\system32\MSASN1.dll handle: 758B0000 size: 60928 crc: D62CDC5B date: 2009-09-04 11:41:59
 C:\Windows\system32\USERENV.dll handle: 75CE0000 size: 108544 crc: CC1E5DD3 date: 2009-04-10 22:28:26
 C:\Windows\system32\Secur32.dll handle: 75CC0000 size: 72704 crc: C962EC8E date: 2009-06-15 14:53:43
 C:\Windows\system32\imagehlp.dll handle: 76850000 size: 153088 crc: EEF49677 date: 2008-01-18 22:34:34
 C:\Windows\system32\AUDIOSES.DLL handle: 73BB0000 size: 115712 crc: 9E346B3A date: 2009-04-10 22:28:20
 C:\Windows\system32\audioeng.dll handle: 73AD0000 size: 397312 crc: 17666E45 date: 2008-01-18 22:33:46
 C:\Windows\system32\PSAPI.DLL handle: 75D90000 size: 12288 crc: D7B812C5 date: 2006-11-02 09:46:12
 C:\Windows\system32\msacm32.drv handle: 73970000 size: 21504 crc: 28704D00 date: 2009-04-10 22:27:14
 C:\Windows\system32\MSACM32.dll handle: 73950000 size: 71680 crc: A2E8F836 date: 2008-01-18 22:34:56
 C:\Windows\system32\midimap.dll handle: 73940000 size: 17408 crc: 9FC56E7F date: 2009-04-10 22:28:22
 C:\Windows\system32\CLBCatQ.DLL handle: 77600000 size: 523776 crc: C2EBF5E6 date: 2008-01-18 22:33:54
 C:\Windows\system32\uxtheme.dll handle: 743C0000 size: 240128 crc: 5F29223E date: 2008-01-18 22:36:48
 C:\Windows\system32\dmime.dll handle: 5BE60000 size: 178688 crc: 3063C87B date: 2008-01-18 22:34:06
 C:\Windows\system32\DSOUND.dll handle: 73B40000 size: 444416 crc: 2196E709 date: 2009-04-10 22:28:20
 C:\Windows\system32\POWRPROF.dll handle: 750D0000 size: 98816 crc: F5FB120D date: 2009-04-10 22:28:24
 C:\Windows\system32\dmusic.dll handle: 6E570000 size: 101888 crc: 9C95E7AB date: 2009-04-10 22:28:20
 C:\Windows\system32\dmsynth.dll handle: 62710000 size: 105472 crc: A572B2E6 date: 2009-04-10 22:28:20
 C:\Windows\system32\dmloader.dll handle: 62700000 size: 38400 crc: 43D1875C date: 2008-01-18 22:34:06
 C:\Windows\system32\mswsock.dll handle: 75470000 size: 223232 crc: 9C4248CA date: 2009-04-10 22:28:24
 C:\Windows\System32\wshtcpip.dll handle: 74B30000 size: 9216 crc: 10C50FC1 date: 2008-01-18 22:37:12
 C:\Windows\system32\msiltcfg.dll handle: 6E6D0000 size: 15872 crc: C5A6E3F3 date: 2006-11-02 09:46:07
 C:\Windows\system32\msi.dll handle: 74750000 size: 2241536 crc: 63F4B3D8 date: 2009-04-10 22:28:22
 C:\Windows\system32\SFC.DLL handle: 72920000 size: 4608 crc: 5D5C8D17 date: 2006-11-02 09:46:13
 C:\Windows\system32\sfc_os.dll handle: 6E650000 size: 38912 crc: 705BDC57 date: 2008-01-18 22:36:26
 C:\Windows\System32\wship6.dll handle: 75460000 size: 9216 crc: 2CDA59E0 date: 2008-01-18 22:37:12

---- gamelog start ----
Tick 0: new game started
     Revision text changed to 1.0.1, savegame version 138, not modified, _openttd_newgrf_version = 0x10184d1e
     New game mode: 1 landscape: 2
     Added NewGRF: GRF ID 4D470303, checksum 8F903FAC3099CA3C9A296AAECBB27A75, filename: basemod-3.2\basecosts.grf (md5sum matches)
     Added NewGRF: GRF ID 4A430002, checksum 0728ADCB4DF2F1EB9247ABD449296F4E, filename: industrial_stations_renewal.0.8.0\indstatrw.grf (md5sum matches)
     Added NewGRF: GRF ID 45530500, checksum FA231F55E8CC472EA98271F7C2AA9EFF, filename: japanese_stations-2.0a\jpstationsw.grf (md5sum matches)
     Added NewGRF: GRF ID 52455200, checksum 0E5A9C5ACD2BCAF7FA0658C3F905A660, filename: ae_ruraw.GRF (md5sum matches)
     Added NewGRF: GRF ID 44440A01, checksum EFEE1435093730D3DA55BDF69653CADC, filename: av8_aviators_aircraft_set-1.7\pb_av8w.grf (md5sum matches)
     Added NewGRF: GRF ID 444E0400, checksum 40B3F8F1BFEA3342027129792C560677, filename: vast_station_tiles-0.1.0\vast.grf (md5sum matches)
     Added NewGRF: GRF ID 44450002, checksum 94F025F7345888FC3062F233C569D248, filename: modular_locomotive_shed_stations-0.2.6\mlss026.grf (md5sum matches)
     Added NewGRF: GRF ID 52455400, checksum 1600687C50C5AB1E72EDD487CAD50E2A, filename: ae_cityw.GRF (md5sum matches)
     Added NewGRF: GRF ID FBFB0102, checksum 803D38F242F016C4A8212FA05C0F9B7E, filename: dutch_tram_set.rc1\dutchtramsetw.grf (md5sum matches)
     Added NewGRF: GRF ID 44578619, checksum B30A5E35634A59D2BDD9C2389CEDBF2C, filename: dwestationtiles__fences-v1.2\fences.grf (md5sum matches)
     Added NewGRF: GRF ID 44444040, checksum 310EE1B199D5A858BB1A7FB5F52F9969, filename: troprsw.grf (md5sum matches)
     Added NewGRF: GRF ID 44440302, checksum 439275017478C2E5E7AA25F5E191903D, filename: nars2w.grf (md5sum matches)
     Added NewGRF: GRF ID 74677462, checksum A2396FFDCC0F1BA37A2A89EF525CDF21, filename: total_bridge_renewal_set.1.12\total_bridges.grf (md5sum matches)
     Added NewGRF: GRF ID 52571201, checksum C1C7D8C53EB7E74EEE2F0EF29638B466, filename: egrvts.1.0\egrvts.grf (md5sum matches)
     Added NewGRF: GRF ID 4D570102, checksum 8C41066F2430A1762047AB077B51EE63, filename: hover_bus.1.0\hoverbus_1.0.grf (md5sum matches)
     Added NewGRF: GRF ID 424B5462, checksum 83FE5AA7CAFF0A307B44B297F2A259D6, filename: bk_enhanced_tunnel_set-1.0\bktunw.grf (md5sum matches)
     Added NewGRF: GRF ID 52453400, checksum 5983783733079BB1978B69668064C0EC, filename: japanese_buildings-2.0\jpbuild2w.grf (md5sum matches)
Tick 22485: settings changed
     Setting changed: vehicle.freight_trains : 1 -> 2
Tick 22485: settings changed
     Setting changed: vehicle.freight_trains : 2 -> 3
Tick 22485: settings changed
     Setting changed: vehicle.freight_trains : 3 -> 4
Tick 22485: settings changed
     Setting changed: vehicle.freight_trains : 4 -> 5
Tick 22485: game loaded
     Revision text changed to 1.1.0-beta4, savegame version 157, modified, _openttd_newgrf_version = 0x11005571
Tick 48147: game loaded
     Revision text changed to 1.1.0-beta4, savegame version 157, not modified, _openttd_newgrf_version = 0x11005570
---- gamelog end ----

*** End of OpenTTD Crash Report ***

Decoded stack trace:
[00] ???                  0x0046D13B
[01] ???                  0x004531EB

*** End of additional info ***
