*** OpenTTD Crash Report ***

Crash at: Fri Feb 26 19:59:31 2010
In game date: 2008-01-01 (0)

Crash reason:
 Exception: E1212012
 Location:  7697FBAE
 Message:   Assertion failed at line 3371 of ..\src\station_cmd.cpp: IsTileType(tile, MP_ROAD)

OpenTTD version:
 Version:    r19253 (0)
 NewGRF ver: 11004b35
 Bits:       32
 Endian:     little
 Dedicated:  no
 Build date: Feb 25 2010 19:16:04

Registers:
 EAX: 0012F360 EBX: 00000016 ECX: 00000000 EDX: 77025E74
 ESI: 00779208 EDI: 00000000 EBP: 0012F3B0 ESP: 0012F360
 EIP: 7697FBAE EFLAGS: 00200246

 Bytes at instruction pointer:
 C9 C2 10 00 90 90 90 90 90 8B FF 55 8B EC 51 51 83 7D 10 00 56 0F 84 7F

Stack trace:
 E1212012 00000000 00000000 7697FBAE 00000000 00000000 00000000 02EE3620
 001F0000 57010056 A113D890 FFFFFFFE 77024E60 76FEC6C2 FFFFFFFF 00000024
 0012F3AC 00000004 00000000 00000016 0012F410 00550B94 E1212012 00000000
 00000000 00000000 0061F622 00000016 D47E8D71 0012F758 00000200 000000FF
 76FFA296 FFFFFFFF 00000000 0012F3F8 00550B84 00000001 0012F3D0 0012EF7C
 0012FA2C 00624310 D4184E11 FFFFFFFE 0012F748 0061E9AB 00000016 00000200
 00000080 000000C6 00000018 DA00568C 0000002A 00D508B0 002AFB88 00000000
 00000000 757F4A11 0000002A 001F383C 00000000 00000000 00000001 001F3800
 004E0D34 02EE3628 02EE3C00 00140039 0074A44A 00000000 00000150 01010100
 0012F3B8 75812DC0 0012FA2C 76FC99FA 1867ACA2 FFFFFFFE 77027512 77027545
 00000000 02EE3628 00000000 00010003 0012F6A4 0012F548 7583CD80 001F0000
 00000000 02EE3620 00000001 0012F6A4 00000001 00000000 00000000 000005A0
 00000366 00000000 007CE7B0 00000010 0000001C 0000000F 004908CE 00000006
 00000000 00000000 0000016C 00000001 50022080 00000000 00000000 00000035
 00007F01 02EE3628 00000001 0000001E 00000020 7F01FFFF 0000009F 00000000
 000001D9 02EE36A8 0012F698 7583D2CA 00000010 0012F758 00000200 7583D302
 00000001 0012F624 0012FB90 0012F644 00C2077C 0064034C 00000000 0012F624
 00000000 00000000 7583D31C 00000000 00000001 0012F5F8 0064034C 038CEFD8
 0012F624 756A7071 756ABF69 3501411C 000000D9 0000001C 0012F5E4 00000005
 00000001 0012F9E4 0054EAF5 3501411C 000000D9 0000001C 0012F5E4 756A6B13
 756A62A0 00204470 00244874 00284C78 002C507C 00305480 006484A8 00486490
 00486490 006484A8 00D8F4FC 004C1808 006C2C18 00904834 00B06C54 00D49480
 00FC5400 00FC6C00 00FC7C00 00FC9400 00FCAC00 00FCC400 00FC3C00 00FF0000
 00140000 00000000 00000000 00000000 00F0D000 00000000 00000000 00000000

Operating system:
 Name:     Windows
 Release:  6.0.6002 (Service Pack 2)
 Compiler: MSVC 1500

Configuration:
 Blitter:      8bpp-optimized
 Graphics set: OpenGFX
 Language:     english.lng
 Music driver: dmusic
 Music set:    NoMusic
 Network:      no
 Sound driver: win32
 Sound set:    OpenSFX
 Video driver: win32

AI Configuration (local: 0):
  0: Human
  1: AdmiralAI (v22)
  2: AdmiralAI (v22)
  3: AdmiralAI (v22)
  4: AdmiralAI (v22)
  5: AdmiralAI (v22)
  6: AdmiralAI (v22)
  7: AdmiralAI (v22)
  8: Convoy (v11)
  9: WrightAI (v3)

Libraries:
 FreeType:   2.3.11
 ICU:        4.2.1
 LZO:        2.03
 PNG:        1.2.40
 Zlib:       1.2.3

Module information:
 C:\Program Files\OpenTTD\openttd.exe handle: 00400000 size: 3678720 crc: 3E50A608 date: 2010-02-26 00:20:12
 C:\Windows\system32\ntdll.dll handle: 76FC0000 size: 1202168 crc: 11EF8EE5 date: 2009-04-11 03:27:50
 C:\Windows\system32\kernel32.dll handle: 76940000 size: 891392 crc: 1164F2B3 date: 2009-04-11 03:28:22
 C:\Windows\system32\WINMM.dll handle: 73FB0000 size: 189952 crc: 3E8CBFF5 date: 2009-04-11 03:28:26
 C:\Windows\system32\msvcrt.dll handle: 76890000 size: 679936 crc: B0E5331E date: 2009-04-11 03:28:24
 C:\Windows\system32\USER32.dll handle: 757E0000 size: 627712 crc: 80F0F3C5 date: 2009-04-11 03:28:26
 C:\Windows\system32\GDI32.dll handle: 756A0000 size: 297472 crc: 69625D80 date: 2009-04-11 03:28:20
 C:\Windows\system32\ADVAPI32.dll handle: 75CB0000 size: 800768 crc: D7864B03 date: 2009-04-11 03:28:18
 C:\Windows\system32\RPCRT4.dll handle: 77100000 size: 784896 crc: 35185859 date: 2009-04-23 12:15:07
 C:\Windows\system32\ole32.dll handle: 758B0000 size: 1316864 crc: CB56BE6B date: 2009-04-11 03:28:24
 C:\Windows\system32\OLEAUT32.dll handle: 75A00000 size: 563712 crc: 12E9F438 date: 2009-04-11 03:28:24
 C:\Windows\system32\OLEACC.dll handle: 73F70000 size: 234496 crc: 82CE51D9 date: 2009-10-08 21:08:01
 C:\Windows\system32\WS2_32.dll handle: 75880000 size: 179200 crc: 5D581120 date: 2008-01-19 07:37:09
 C:\Windows\system32\NSI.dll handle: 76B20000 size: 8192 crc: 10729B39 date: 2008-01-19 07:35:57
 C:\Windows\system32\SHELL32.dll handle: 75D80000 size: 11584000 crc: 766AA8BB date: 2009-04-11 03:28:26
 C:\Windows\system32\SHLWAPI.dll handle: 75780000 size: 353280 crc: 681AC986 date: 2009-04-11 03:28:26
 C:\Windows\system32\IMM32.DLL handle: 75680000 size: 114688 crc: 8D83D50A date: 2009-04-11 03:28:22
 C:\Windows\system32\MSCTF.dll handle: 76B30000 size: 807424 crc: 78787E19 date: 2009-04-11 03:28:22
 C:\Windows\system32\LPK.DLL handle: 75670000 size: 23552 crc: 2E03F135 date: 2009-06-15 14:52:42
 C:\Windows\system32\USP10.dll handle: 76A20000 size: 502272 crc: 33F7104F date: 2009-04-11 03:28:26
 C:\Windows\WinSxS\x86_microsoft.windows.common-controls_6595b64144ccf1df_6.0.6002.18005_none_5cb72f96088b0de0\comctl32.dll handle: 745D0000 size: 1686016 crc: 1453762E date: 2009-04-11 03:21:40
 C:\Windows\system32\SHFolder.dll handle: 717E0000 size: 7168 crc: 1CA14A5C date: 2006-11-02 09:46:13
 C:\Windows\system32\wdmaud.drv handle: 72DA0000 size: 167424 crc: AE942463 date: 2009-04-11 03:27:14
 C:\Windows\system32\ksuser.dll handle: 73160000 size: 4608 crc: 4C647881 date: 2006-11-02 09:46:05
 C:\Windows\system32\MMDevAPI.DLL handle: 73EC0000 size: 150528 crc: 481F98E7 date: 2009-04-11 03:28:22
 C:\Windows\system32\AVRT.dll handle: 741A0000 size: 12800 crc: EB589AA0 date: 2008-01-19 07:33:47
 C:\Windows\system32\SETUPAPI.dll handle: 76C00000 size: 1591296 crc: A225D6A1 date: 2009-04-11 03:28:26
 C:\Windows\system32\WINTRUST.dll handle: 747C0000 size: 171520 crc: EE6B6CCB date: 2008-01-19 07:36:56
 C:\Windows\system32\CRYPT32.dll handle: 74FB0000 size: 978944 crc: CE0B7499 date: 2009-04-11 03:28:20
 C:\Windows\system32\MSASN1.dll handle: 75110000 size: 60928 crc: D62CDC5B date: 2009-09-04 11:41:59
 C:\Windows\system32\USERENV.dll handle: 75610000 size: 108544 crc: CC1E5DD3 date: 2009-04-11 03:28:26
 C:\Windows\system32\Secur32.dll handle: 755F0000 size: 72704 crc: C962EC8E date: 2009-06-15 14:53:43
 C:\Windows\system32\imagehlp.dll handle: 75C80000 size: 153088 crc: EEF49677 date: 2008-01-19 07:34:32
 C:\Windows\system32\AUDIOSES.DLL handle: 72CD0000 size: 115712 crc: 9E346B3A date: 2009-04-11 03:28:20
 C:\Windows\system32\audioeng.dll handle: 72C60000 size: 397312 crc: 17666E45 date: 2008-01-19 07:33:45
 C:\Windows\system32\PSAPI.DLL handle: 75660000 size: 12288 crc: D7B812C5 date: 2006-11-02 09:46:12
 C:\Windows\system32\msacm32.drv handle: 73150000 size: 21504 crc: 28704D00 date: 2009-04-11 03:27:14
 C:\Windows\system32\MSACM32.dll handle: 72C40000 size: 71680 crc: A2E8F836 date: 2008-01-19 07:34:54
 C:\Windows\system32\midimap.dll handle: 72D90000 size: 17408 crc: 9FC56E7F date: 2009-04-11 03:28:22
 C:\Windows\system32\CLBCatQ.DLL handle: 756F0000 size: 523776 crc: C2EBF5E6 date: 2008-01-19 07:33:52
 C:\Windows\system32\uxtheme.dll handle: 74350000 size: 240128 crc: 5F29223E date: 2008-01-19 07:36:47
 C:\Program Files\Stardock\ObjectDock\DockShellHook.dll handle: 10000000 size: 112400 crc: B136F0C5 date: 2007-04-24 22:25:44
 C:\Windows\system32\dmime.dll handle: 71120000 size: 178688 crc: 3063C87B date: 2008-01-19 07:34:04
 C:\Windows\system32\DSOUND.dll handle: 707B0000 size: 444416 crc: 2196E709 date: 2009-04-11 03:28:20
 C:\Windows\system32\POWRPROF.dll handle: 74970000 size: 98816 crc: F5FB120D date: 2009-04-11 03:28:24
 C:\Windows\system32\dmusic.dll handle: 71190000 size: 101888 crc: 9C95E7AB date: 2009-04-11 03:28:20
 C:\Windows\system32\dmsynth.dll handle: 71170000 size: 105472 crc: A572B2E6 date: 2009-04-11 03:28:20
 C:\Windows\system32\dmloader.dll handle: 729A0000 size: 38400 crc: 43D1875C date: 2008-01-19 07:34:04
 C:\Windows\system32\mswsock.dll handle: 74C90000 size: 223232 crc: 9C4248CA date: 2009-04-11 03:28:24
 C:\Windows\System32\wshtcpip.dll handle: 74890000 size: 9216 crc: 10C50FC1 date: 2008-01-19 07:37:11

---- gamelog start ----
Tick 0: new game started
     Revision text changed to r19253, savegame version 138, not modified, _openttd_newgrf_version = 0x11004b35
     New game mode: 1 landscape: 2
---- gamelog end ----

*** End of OpenTTD Crash Report ***
