*** OpenTTD Crash Report ***

Crash at: Sun Apr 04 18:26:33 2010
In game date: 1950-01-24 (35)

Crash reason:
 Exception: C0000094
 Location:  00444A79
 Message:   <none>

OpenTTD version:
 Version:    r19561 (0)
 NewGRF ver: 11004c69
 Bits:       32
 Endian:     little
 Dedicated:  no
 Build date: Apr  4 2010 20:57:53

Registers:
 EAX: 0000014D EBX: 00000000 ECX: 00000000 EDX: 00000000
 ESI: 0012FB30 EDI: 0000000E EBP: 0012FB0C ESP: 0012FAF0
 EIP: 00444A79 EFLAGS: 00010206

 Bytes at instruction pointer:
 F7 7D 08 C1 E9 08 83 E7 0F C1 E7 03 89 4D FC 89 45 F0 8B 46 0C 2B 46 04

Stack trace:
 00000000 02008068 FFFFFF91 00000000 0012FB48 00000000 00000020 0012FB44
 0044701E 00000000 00000000 02008068 00000000 02008008 00447100 02008068
 00000000 0000000E 0000014C 00000061 00000000 0200E5D8 0047932D 0200E5D8
 01F72E90 0047932D 0200E5D8 01F67F90 0047932D 0200E5D8 00E12958 0047932D
 0200E5D8 0200E5D8 00445370 0200E5D8 00000000 0045550C 0200E5D8 0012FBCC
 0012FBB4 0000007A 0200E5D8 00000020 00448425 00000092 0200E5D8 00000018
 00000000 0012FBE8 00448483 00000018 0000016E 00000092 0000016E 012F7800
 00000000 00000000 0000016E 0000007A 00000500 00000000 0012FC38 0041AA9F
 00000000 00000018 0000016E 00000092 0000016E 00000014 0041AC0E 00000000
 0CE54993 00000000 0000FFFF FF000000 000003D0 00000500 00000092 00E6B114
 00000000 00000018 0012FC54 0044A3DC 0CE54993 0CE549A3 00000000 0012FC50
 77F15987 00000000 0055BEB6 007AC370 00E258E8 0012FD10 00000000 0012FC58
 0CE549A3 0CE549C1 00000000 00000000 006802FE 00000113 00000001 0055AFA8
 0CE549A3 000002C3 000001E7 0042B45D 0012FD24 0012FE28 00000001 010000E9
 00000000 00000000 00000000 00000000 00000000 FFFFFFFF 00000000 00020950
 00000000 00000000 00000000 00000000 FFFFFFFF 00000000 00000000 00000000
 0000FDE9 00000000 00000000 00000000 FFFFFFFF 0012FE2C 00718760 00000000
 0012FF28 0055DC13 0012FE28 00000A28 00000002 5C3A4322 656D6147 704F5C73
 54546E65 706F5C44 74746E65 78652E64 00200065 0000000C 00D47B58 00D40178
 00D40178 00D40178 00D4B788 00D4B770 0000000D 00000006 00D40640 00D40178
 00D4B9A0 00D4B7A8 00000004 00D40178 00000000 00D40178 00D40178 00D40178
 00150478 00D4B998 00D40168 00000000 00000000 00D4B998 00000020 00D4B9A0
 00D40178 00D40178 00000020 00000310 00D40000 0012FBBC 00000000 0012FE84
 7C90E920 7C9101E0 FFFFFFFF 7C9101DB 006267F6 00D40000 00000000 00000018

Operating system:
 Name:     Windows
 Release:  5.1.2600 (Service Pack 3)
 Compiler: MSVC 1400

Configuration:
 Blitter:      8bpp-optimized
 Graphics set: original_windows
 Language:     russian.lng
 Music driver: dmusic
 Music set:    original_windows
 Network:      server
 Sound driver: win32
 Sound set:    original_windows
 Video driver: win32

AI Configuration (local: 0):
  0: Human

Libraries:
 FreeType:   2.3.11
 ICU:        4.2.1
 LZO:        2.03
 PNG:        1.2.40
 Zlib:       1.2.3

Module information:
 C:\Games\OpenTTD\openttd.exe handle: 00400000 size: 3784192 crc: 62C7BBF4 date: 2010-04-04 17:00:57
 C:\WINDOWS\system32\ntdll.dll handle: 7C900000 size: 718848 crc: A52E48A1 date: 2009-02-09 10:54:16
 C:\WINDOWS\system32\kernel32.dll handle: 7C800000 size: 995840 crc: 3FD79A4B date: 2009-03-21 14:09:06
 C:\WINDOWS\system32\WINMM.dll handle: 76B20000 size: 177152 crc: E53DCA68 date: 2008-04-14 17:40:48
 C:\WINDOWS\system32\ADVAPI32.dll handle: 77DC0000 size: 687616 crc: D12FB736 date: 2009-02-09 10:54:17
 C:\WINDOWS\system32\RPCRT4.dll handle: 77E70000 size: 585216 crc: CFEE021D date: 2009-04-15 14:53:56
 C:\WINDOWS\system32\Secur32.dll handle: 77FE0000 size: 56832 crc: CF6DEAD9 date: 2009-06-25 08:27:19
 C:\WINDOWS\system32\GDI32.dll handle: 77F10000 size: 286720 crc: CDA80B35 date: 2008-10-23 12:42:24
 C:\WINDOWS\system32\USER32.dll handle: 7E360000 size: 579072 crc: 265197E6 date: 2008-04-14 17:40:48
 C:\WINDOWS\system32\WS2_32.dll handle: 71A90000 size: 82432 crc: 273DBAE2 date: 2008-04-14 17:40:48
 C:\WINDOWS\system32\msvcrt.dll handle: 77C00000 size: 343040 crc: 6B153717 date: 2008-04-14 17:40:42
 C:\WINDOWS\system32\WS2HELP.dll handle: 71A80000 size: 19968 crc: DCFE07A3 date: 2008-04-14 17:40:48
 C:\WINDOWS\system32\SHELL32.dll handle: 7C9C0000 size: 8478720 crc: 5C1F2A42 date: 2008-06-17 19:02:35
 C:\WINDOWS\system32\SHLWAPI.dll handle: 77F60000 size: 474112 crc: 6EAAB13D date: 2009-12-08 09:25:26
 C:\WINDOWS\WinSxS\x86_Microsoft.Windows.Common-Controls_6595b64144ccf1df_6.0.2600.5512_x-ww_35d4ce83\comctl32.dll handle: 773C0000 size: 1054208 crc: 3154DA33 date: 2008-04-14 17:38:38
 C:\WINDOWS\system32\comctl32.dll handle: 5D5B0000 size: 617472 crc: CE341B1A date: 2008-04-14 17:40:36
 C:\WINDOWS\system32\SHFolder.dll handle: 76760000 size: 25088 crc: 96E89477 date: 2008-04-14 17:40:46
 C:\WINDOWS\system32\wdmaud.drv handle: 72CE0000 size: 23552 crc: A9B03F84 date: 2008-04-14 17:41:18
 C:\WINDOWS\system32\WINTRUST.dll handle: 76C20000 size: 176640 crc: 6BDCCE37 date: 2008-04-14 17:40:48
 C:\WINDOWS\system32\CRYPT32.dll handle: 77A70000 size: 602112 crc: D8067B47 date: 2008-04-14 17:40:36
 C:\WINDOWS\system32\MSASN1.dll handle: 77B10000 size: 58880 crc: 2E26F032 date: 2009-09-04 21:04:58
 C:\WINDOWS\system32\IMAGEHLP.dll handle: 76C80000 size: 144384 crc: B9642A2F date: 2008-04-14 17:40:38
 C:\WINDOWS\system32\msacm32.drv handle: 72CD0000 size: 20992 crc: 384BF092 date: 2001-10-20 13:00:00
 C:\WINDOWS\system32\MSACM32.dll handle: 77BD0000 size: 71680 crc: 51B220A7 date: 2008-04-14 17:40:40
 C:\WINDOWS\system32\midimap.dll handle: 77BC0000 size: 18944 crc: 6BE584C7 date: 2008-04-14 17:40:40
 C:\WINDOWS\system32\uxtheme.dll handle: 5B260000 size: 219648 crc: 056626DA date: 2008-04-14 17:40:48
 C:\WINDOWS\system32\MSCTF.dll handle: 746E0000 size: 297984 crc: 7C10BD28 date: 2008-04-14 17:40:40
 C:\Program Files\Ad Muncher\AM31376.dll handle: 00DB0000 size: 30208 crc: C79E0A27 date: 2010-02-09 15:05:24
 C:\WINDOWS\system32\ole32.dll handle: 774D0000 size: 1287168 crc: 5F08A9E9 date: 2008-04-14 17:40:44
 C:\WINDOWS\system32\CLBCATQ.DLL handle: 76FC0000 size: 498688 crc: AD9AE34C date: 2008-04-14 17:40:36
 C:\WINDOWS\system32\COMRes.dll handle: 77040000 size: 797696 crc: CB1A8BF9 date: 2008-04-14 17:40:36
 C:\WINDOWS\system32\OLEAUT32.dll handle: 77110000 size: 551936 crc: EDA1C792 date: 2008-04-14 17:40:44
 C:\WINDOWS\system32\VERSION.dll handle: 77BF0000 size: 18944 crc: E48F4232 date: 2008-04-14 17:40:48
 C:\windows\system32\dmime.dll handle: 60D70000 size: 181248 crc: 57F1D58E date: 2008-04-14 17:40:36
 C:\windows\system32\DSOUND.dll handle: 73ED0000 size: 367616 crc: CCCE212B date: 2008-04-14 17:40:38
 C:\windows\system32\dmusic.dll handle: 6CF10000 size: 104448 crc: 58243ABF date: 2008-04-14 17:40:36
 C:\WINDOWS\system32\KsUser.dll handle: 73EA0000 size: 4096 crc: 287950DE date: 2008-04-14 17:40:40
 C:\windows\system32\dmsynth.dll handle: 6CF30000 size: 103424 crc: B5A8B429 date: 2008-04-14 17:40:36
 C:\windows\system32\dmloader.dll handle: 6CFA0000 size: 35840 crc: 267CFC56 date: 2008-04-14 17:40:36
 C:\Program Files\DrWeb\drwebsp.dll handle: 10000000 size: 136944 crc: 493CFD32 date: 2009-11-26 13:11:50
 C:\WINDOWS\system32\msv1_0.dll handle: 77C60000 size: 136192 crc: 3B2E0192 date: 2009-09-11 14:19:22
 C:\WINDOWS\system32\cryptdll.dll handle: 76770000 size: 33280 crc: 38F3355F date: 2008-04-14 17:40:36
 C:\WINDOWS\system32\iphlpapi.dll handle: 76D50000 size: 95744 crc: 4F03B862 date: 2008-04-14 17:40:40
 C:\WINDOWS\system32\mswsock.dll handle: 71A30000 size: 247296 crc: 5AD7674D date: 2008-06-20 17:48:23
 C:\WINDOWS\system32\hnetcfg.dll handle: 698B0000 size: 344064 crc: 5D5A4DDC date: 2008-04-14 17:40:38
 C:\WINDOWS\System32\wshtcpip.dll handle: 71A70000 size: 19456 crc: 5CCF1D03 date: 2008-04-14 17:40:48
 C:\WINDOWS\system32\DNSAPI.dll handle: 76F10000 size: 147968 crc: 65E1FCE1 date: 2008-06-20 17:48:23
 C:\WINDOWS\system32\rasadhlp.dll handle: 76FB0000 size: 7680 crc: 888BC615 date: 2008-04-14 17:40:44
 C:\WINDOWS\system32\psapi.dll handle: 76BE0000 size: 23040 crc: 5523D8EF date: 2008-04-14 17:40:44

---- gamelog start ----
Tick 0: new game started
     Revision text changed to r19561, savegame version 140, not modified, _openttd_newgrf_version = 0x11004c69
     New game mode: 1 landscape: 0
     Added NewGRF: GRF ID 535A1344, checksum EE64CDD6E4600C717B448583026DF24D, filename: temperate_oil_wells_can_increase.v2\oilsgoup.grf
     Added NewGRF: GRF ID 54570200, checksum 3DEB9B30A6254AE8606A5A9A99A9A696, filename: usstatsw.grf
     Added NewGRF: GRF ID 6D620601, checksum 44EB2F155862E4D4F0AB671D7021AF54, filename: newstatsw.grf
     Added NewGRF: GRF ID 414E0101, checksum 0AE09FA165825191E392C228230C96A8, filename: fish.grf
     Added NewGRF: GRF ID 05102002, checksum A8B77B8D1F20D43B6FA521B4C3A8FC50, filename: MRSV037.grf
     Added NewGRF: GRF ID 52571201, checksum C1C7D8C53EB7E74EEE2F0EF29638B466, filename: egrvts.grf
     Added NewGRF: GRF ID 79750705, checksum 9642DC3F1C84BF93734DEA3BC6132BE9, filename: rusrailrw.grf
---- gamelog end ----

*** End of OpenTTD Crash Report ***
