*** OpenTTD Crash Report ***

Crash at: Sun Aug 11 06:25:20 2013
In game date: 0-01-01 (0)

Crash reason:
 Exception: C0000005
 Location:  0044F63D
 Message:   <none>

OpenTTD version:
 Version:    r25716 (0)
 NewGRF ver: 14006474
 Bits:       32
 Endian:     little
 Dedicated:  no
 Build date: Aug 10 2013 18:08:37

Registers:
 EAX: 00000001 EBX: 00000000 ECX: 00000000 EDX: 00000002
 ESI: 00000002 EDI: 00000000 EBP: 0012E9F0 ESP: 0012E9E0
 EIP: 0044F63D EFLAGS: 00010246

 Bytes at instruction pointer:
 0F B6 43 10 3B C6 74 0C FF 75 08 8B C3 E8 B8 FE FF FF EB 3D 83 7D 08 00

Stack trace:
 00FE3628 01618080 00EF5A28 00000000 0012EA30 0041C736 00000000 00000000
 004574C6 4000003F 00FE3CE8 0012EC4C 00000000 016FC630 0012EA2C 00623B79
 00F7DE90 00457672 01618080 0041DA18 0012EB64 0041DA20 00000001 00172A90
 00000000 EBB4B5EA 4700BCA6 6D696C75 005C0000 00730077 00740068 00700063
 00700069 0064002E 006C006C 7FFD0000 00150178 0012EA00 001DD5D8 00000000
 00000000 00000000 00150178 00000000 00000000 00000000 00000000 00000000
 7C946F01 00251F18 7FFDD000 0012EB8C 7C946F0D 0012EAF4 7C93EADC 00000346
 7C93EA41 FFFFFFFF 0012EB7C 0012EB8C 0012EB08 00251F18 00150178 7C946E7F
 002AD0C4 00152ED8 0012EBC4 7C8032DC 0012EC50 002AD238 00000010 001625A8
 00EF44D8 0000F606 0012EDC8 00000000 00000000 0012EC50 00000000 00000000
 001625A0 7FFDDC00 00000000 00000000 001625A0 0007B030 001625A8 77E2BD80
 00150178 0007B030 04000687 00000000 00000000 00000000 2000009F 00000000
 0170E208 0012EB98 77E2BD02 00172A9C 00172C08 00000004 0112EC4C 8B010D08
 0012F218 00000000 001DD5CC A1161A95 0007B024 0007B024 0012EBBC 77E2BC29
 8B010D08 00000000 001625A8 0041D893 0012EC4C 00000003 00000001 0012EC4C
 0041DB06 8B010D08 0012EBE4 0041D893 0012EC4C 00000000 0012F218 00F7E2C0
 00F7DE90 00000000 719D02B2 00000050 00000000 719D0270 01000000 0000004C
 77FC0000 7C93D80A 7C9432F0 FFFFFFFF 00000024 0012EC20 00000004 00000000
 89146959 0012EC40 006C2F38 0161F76C 006CF4CD 00F7C5A0 0012EC78 0041DA62
 0012FA1C 0070834C 00000000 00F7DE90 800002A7 39D77CF9 00000010 00000000
 00080000 00000000 00080000 00000000 00FE3628 01706808 00000032 00000032
 0012FA28 0045770C 00000412 00FE3628 00000000 00FADCEC 00FADCEC 00000002
 00000000 7C94BED7 00153D00 719E0288 00000000 00000074 7C851920 7FFDDBF8
 00000000 002533F0 7C946F01 002533F0 7FFDD000 0012EDB4 7C946F0D 0012ED1C

Operating system:
 Name:     Windows
 Release:  5.1.2600 (Service Pack 3)
 Compiler: MSVC 1600

Configuration:
 Blitter:      8bpp-optimized
 Graphics set: none (4294967295)
 Language:     D:\openttd\openttd-trunk-r25716-windows-win32\lang\korean.lng
 Music driver: none
 Music set:    none (4294967295)
 Network:      no
 Sound driver: none
 Sound set:    none (4294967295)
 Video driver: win32

AI Configuration (local: 0):

Libraries:
 FreeType:   2.4.11
 ICU:        51.2
 LZMA:       5.0.4
 LZO:        2.06
 PNG:        1.5.14
 Zlib:       1.2.7

Module information:
 D:\openttd\openttd-trunk-r25716-windows-win32\openttd.exe handle: 00400000 size: 12074496 crc: C9FA4536 date: 2013-08-10 09:13:08
 C:\WINDOWS\system32\ntdll.dll handle: 7C930000 size: 636416 crc: F2073700 date: 2010-12-09 15:15:31
 C:\WINDOWS\system32\kernel32.dll handle: 7C7D0000 size: 1227776 crc: 1964B5CB date: 2012-10-03 04:58:06
 C:\WINDOWS\system32\WINMM.dll handle: 76AF0000 size: 167936 crc: A28CFAC2 date: 2011-10-14 14:47:27
 C:\WINDOWS\system32\ADVAPI32.dll handle: 77F50000 size: 671744 crc: A959C8FE date: 2009-02-09 10:52:04
 C:\WINDOWS\system32\RPCRT4.dll handle: 77D80000 size: 590848 crc: 3DB98A37 date: 2010-08-16 08:44:16
 C:\WINDOWS\system32\Secur32.dll handle: 77EF0000 size: 56832 crc: D980001E date: 2009-06-25 08:25:26
 C:\WINDOWS\system32\GDI32.dll handle: 77E20000 size: 286720 crc: A0F657C6 date: 2008-10-23 12:37:01
 C:\WINDOWS\system32\USER32.dll handle: 77CF0000 size: 576000 crc: 516B2AD9 date: 2008-04-14 02:27:03
 C:\WINDOWS\system32\WS2_32.dll handle: 719E0000 size: 82432 crc: A266DB0C date: 2008-04-14 02:27:05
 C:\WINDOWS\system32\msvcrt.dll handle: 77BC0000 size: 343040 crc: 08497741 date: 2008-04-14 02:26:49
 C:\WINDOWS\system32\WS2HELP.dll handle: 719D0000 size: 19968 crc: 8BA80AD9 date: 2012-08-15 12:36:15
 C:\WINDOWS\system32\IMM32.dll handle: 762E0000 size: 110080 crc: 06F4414B date: 2008-04-14 02:26:43
 C:\WINDOWS\system32\SHELL32.dll handle: 7D5A0000 size: 8357376 crc: 20711E0B date: 2012-06-08 14:25:13
 C:\WINDOWS\system32\SHLWAPI.dll handle: 77E70000 size: 473088 crc: 762BFF8C date: 2009-12-08 09:23:31
 C:\WINDOWS\system32\LPK.DLL handle: 62340000 size: 22016 crc: 396EF851 date: 2008-04-14 02:26:44
 C:\WINDOWS\system32\USP10.dll handle: 73F80000 size: 406016 crc: 9937CC14 date: 2010-04-16 15:36:56
 C:\WINDOWS\WinSxS\x86_Microsoft.Windows.Common-Controls_6595b64144ccf1df_6.0.2600.6028_x-ww_61e65202\comctl32.dll handle: 77160000 size: 1054208 crc: A83AC035 date: 2010-08-23 16:11:37
 C:\WINDOWS\system32\comctl32.dll handle: 5C820000 size: 617472 crc: 0A191914 date: 2010-08-23 16:11:39
 C:\WINDOWS\system32\uxtheme.dll handle: 5A480000 size: 217600 crc: 9F85ECDE date: 2008-04-14 02:27:03
 C:\WINDOWS\system32\MSCTF.dll handle: 74660000 size: 297472 crc: F70D49A4 date: 2008-04-14 02:26:47
 C:\WINDOWS\system32\msctfime.ime handle: 75110000 size: 177152 crc: 6C1C938B date: 2009-02-27 04:56:13
 C:\WINDOWS\system32\ole32.dll handle: 76970000 size: 1288192 crc: A67B3445 date: 2011-11-01 16:07:03
 C:\WINDOWS\system32\IMKR14.IME handle: 3A700000 size: 436576 crc: 12D6992E date: 2010-01-20 16:45:36
 C:\WINDOWS\system32\OLEAUT32.dll handle: 770D0000 size: 552448 crc: 1223613A date: 2013-01-26 03:55:42
 C:\WINDOWS\WinSxS\x86_Microsoft.VC90.CRT_1fc8b3b9a1e18e3b_9.0.30729.6161_x-ww_31a54e43\MSVCR90.dll handle: 78520000 size: 653136 crc: 15571C55 date: 2011-04-18 13:51:18
 C:\WINDOWS\WinSxS\x86_Microsoft.VC90.CRT_1fc8b3b9a1e18e3b_9.0.30729.6161_x-ww_31a54e43\MSVCP90.dll handle: 78480000 size: 569680 crc: B340E0B4 date: 2011-04-18 13:51:18
 C:\Program Files\MarkAny\ContentSAFER\MaCSProHook.DLL handle: 10000000 size: 163840 crc: CF29A220 date: 2011-01-04 07:10:58
 C:\WINDOWS\system32\WINSPOOL.DRV handle: 72F50000 size: 146432 crc: A1773744 date: 2008-04-14 02:27:40
 C:\WINDOWS\system32\mswsock.dll handle: 71980000 size: 243200 crc: D23C1AEE date: 2008-06-20 16:03:10
 C:\WINDOWS\system32\hnetcfg.dll handle: 65CB0000 size: 336896 crc: C4039038 date: 2008-04-14 02:26:42
 C:\WINDOWS\System32\wshtcpip.dll handle: 719C0000 size: 19456 crc: 8E2319E5 date: 2008-04-14 02:27:05
 C:\WINDOWS\system32\psapi.dll handle: 76BA0000 size: 23040 crc: 864516EB date: 2008-04-14 02:26:55

---- gamelog start ----
---- gamelog end ----

*** End of OpenTTD Crash Report ***

Decoded stack trace:
[00] ???                  0x0044F63D
[01] ???                  0x0041C736
[02] ???                  0x0041DA20
[03] ???                  0x77E2BD02 EnumFontFamiliesExW + 265
[04] ???                  0x77E2BC29 EnumFontFamiliesExW + 48
[05] ???                  0x0041DB06
[06] ???                  0x800002A7

*** End of additional info ***
