*** OpenTTD Crash Report ***

Crash at: Thu Jul 22 20:59:25 2010
In game date: 1950-01-04 (26)

Crash reason:
 Signal:  Segmentation fault (11)
 Message: <none>

OpenTTD version:
 Version:    1.0.2 (1)
 NewGRF ver: 10284e20
 Bits:       32
 Endian:     big
 Dedicated:  no
 Build date: Jul 22 2010 22:34:25


Stacktrace:
 [00] openttd              0x00375984 (OrdersWindow::UpdateButtonState() + 11124)
 [01] openttd              0x000b6dbc (_mh_execute_header + 744892)
 [02] openttd              0x00162744 (_mh_execute_header + 1447748)
 [03] libSystem.B.dylib    0x90130f54 (_sigtramp + 104)
 [04] CoreAudio            0x7001f1c8 (DLSMusicDeviceEntry + 43776)

Operating system:
 Name:     Mac OS X
 Release:  10.4.11
 Machine:  PowerPC 7450
 Min Ver:  1030
 Compiler: GCC 4.0.1 "4.0.1 (Apple Computer, Inc. build 5370)"

Configuration:
 Blitter:      8bpp-optimized
 Graphics set: original_windows
 Language:     spanish.lng
 Music driver: cocoa
 Music set:    OpenMSX
 Network:      no
 Sound driver: cocoa
 Sound set:    OpenSFX
 Video driver: cocoa

AI Configuration (local: 0):
  0: Human

Libraries:
 FreeType:   2.3.9
 LZO:        2.03
 PNG:        1.2.35
 Zlib:       1.2.3

---- gamelog start ----
Tick 0: new game started
     Revision text changed to 1.0.2, savegame version 138, maybe modified, _openttd_newgrf_version = 0x10284e20
     New game mode: 1 landscape: 0
---- gamelog end ----

*** End of OpenTTD Crash Report ***
