*** OpenTTD Crash Report ***
Date: 2007-04-08 14:27:47
Build: 0.5.1-RC2 built on Mar 24 2007 00:03:26
Exception C0000005 at 0045EBA9
Registers:
 EAX: 01B62A48 EBX: 00000000 ECX: 00000010 EDX: 00000000
 ESI: 01B62508 EDI: 01B62A48 EBP: 0013F9D0 ESP: 0013F9CC
 EIP: 0045EBA9 EFLAGS: 00010246

Bytes at CS:EIP:
 0F B7 52 08 0F B6 40 14 C1 E2 05 0B D1 C1 E2 0B 0B D0 81 CA 00 01 00 00

Stack trace: 
 00000009 0013FA24 0045F65D 01B62508 0045EBCC 00000001 0045EC2A 0045EBCC
 8000FFFF 00000910 004024DD 0000042A 00000000 00C00DA8 01B62508 00000056
 FFFFFFFF 00000000 00008849 000002A0 00000000 00000018 0013FA6C 0044A576
 00002A91 0000042A 00000000 00000000 8849002C 005BE9F8 00438FB4 00000055
 005BE9F8 00000000 00000055 00000056 00000005 0043A34D 00000055 0000006E
 0013FAA8 0043A787 00000055 0013FB98 00000201 00000000 74724636 00000000
 00000055 0013FBB8 74730455 00000000 00050006 0013FAB8 7E41F896 0013FB30
 0043A7F7 00000001 00000000 00000001 00438303 0013FB98 00437E97 00000000
 00000102 0013FB14 74730E6C 00030149 00000000 00000001 74730E71 00000000
 7FFDD000 00000102 01080000 00030149 0013FAE8 747309A9 0013FB5C 7475E548
 74730E78 FFFFFFFF 74730E71 7E41F84A 00000000 00000001 0013FBB0 00000000
 0013FC5C 0013FB5C 7E418734 000B034E 00000201 00000001 006E0055 00437E97
 DCBAABCD 00000000 0013FB98 00437E97 0013FBC4 7E418816 00437E97 000B034E
 00000201 00000001 006E0055 0013FC64 0013FC5C 00823110 00000014 00000001
 00000000 00000000 00000010 00000000 00000030 00000001 00000000 00000000
 0013FB78 0013F5F0 0013FC14 7E440457 7E418830 00000000 0013FC24 7E4189CD
 00000000 00437E97 000B034E 00000201 00000001 006E0055 00823124 00000001
 00000000 7E41929B 00DDBF17 0013FC24 7E419402 0013FC5C 00000001 00000000
 0013FBEC 0013F5F0 0013FFB0 7E440457 7E4189F0 FFFFFFFF 0013FC34 7E418A10
 0013FC5C 00000000 7E41F3B3 00438BF8 0013FC5C 005C17FC 005C35D8 0013FCA0
 00000000 00DDBF35 00000000 00000000 000B034E 00000201 00000001 006E0055
 00DDBF17 00000115 0000010B 0042284F 00000A28 00000001 00000001 0000FD00
 000207D4 00000000 00020854 0013FCC0 7C821692 00000043 FFFFFFFF 00000000
 00000104 0000FDE9 0013FD24 00000001 00000040 0013FCEC 7C8215EB 0000FD00

Module information:
 C:\Program Files\Transport Tycoon Deluxe\OpenTTD\openttd.exe handle: 00400000 size: 1352704 crc: 63421654 date: 2007-03-23 23:04:32
 C:\WINDOWS\system32\ntdll.dll handle: 7C900000 size: 708096 crc: A5A50370 date: 2004-08-04 07:56:36
 C:\WINDOWS\system32\kernel32.dll handle: 7C800000 size: 984064 crc: FAF3AFF3 date: 2006-07-05 10:55:01
 C:\WINDOWS\system32\WINMM.dll handle: 76B40000 size: 176128 crc: 123646FA date: 2004-08-04 07:56:46
 C:\WINDOWS\system32\USER32.dll handle: 7E410000 size: 577536 crc: DF3237C6 date: 2007-03-08 15:36:28
 C:\WINDOWS\system32\GDI32.dll handle: 77F10000 size: 281600 crc: 6CF43825 date: 2007-03-08 15:36:28
 C:\WINDOWS\system32\ADVAPI32.dll handle: 77DD0000 size: 616960 crc: 5E7A2F0A date: 2004-08-04 07:56:41
 C:\WINDOWS\system32\RPCRT4.dll handle: 77E70000 size: 581120 crc: 3AE05623 date: 2004-08-04 07:56:44
 C:\WINDOWS\system32\WS2_32.dll handle: 71AB0000 size: 82944 crc: 9738CC56 date: 2004-08-04 07:56:46
 C:\WINDOWS\system32\msvcrt.dll handle: 77C10000 size: 343040 crc: 5298C0C5 date: 2004-08-04 07:56:43
 C:\WINDOWS\system32\WS2HELP.dll handle: 71AA0000 size: 19968 crc: F5DD5AB6 date: 2004-08-04 07:56:46
 C:\WINDOWS\system32\IMM32.DLL handle: 76390000 size: 110080 crc: FD65A0DD date: 2004-08-04 07:56:42
 C:\WINDOWS\system32\LPK.DLL handle: 629C0000 size: 22016 crc: 3AC484CC date: 2004-08-04 07:56:42
 C:\WINDOWS\system32\USP10.dll handle: 74D90000 size: 406528 crc: 826D7E56 date: 2004-08-04 07:56:46
 C:\WINDOWS\system32\serwvdrv.dll handle: 5CD70000 size: 14848 crc: F5919143 date: 2002-08-29 02:00:00
 C:\WINDOWS\system32\umdmxfrm.dll handle: 5B0A0000 size: 13312 crc: DAFF19A8 date: 2002-08-29 02:00:00
 C:\WINDOWS\system32\WINTRUST.dll handle: 76C30000 size: 176640 crc: 88D208BD date: 2004-08-04 07:56:46
 C:\WINDOWS\system32\CRYPT32.dll handle: 77A80000 size: 597504 crc: 971ECFAA date: 2004-08-04 07:56:41
 C:\WINDOWS\system32\MSASN1.dll handle: 77B20000 size: 57344 crc: D5127637 date: 2004-08-04 07:56:42
 C:\WINDOWS\system32\IMAGEHLP.dll handle: 76C90000 size: 144384 crc: 714A70BC date: 2004-08-04 07:56:42
 C:\WINDOWS\system32\wdmaud.drv handle: 72D20000 size: 23552 crc: 982E84EE date: 2004-08-04 07:56:57
 C:\WINDOWS\system32\msacm32.drv handle: 72D10000 size: 20480 crc: D5406BAE date: 2002-08-29 02:00:00
 C:\WINDOWS\system32\MSACM32.dll handle: 77BE0000 size: 71680 crc: 6A21891E date: 2004-08-04 07:56:42
 C:\WINDOWS\system32\midimap.dll handle: 77BD0000 size: 18944 crc: 502B5282 date: 2004-08-04 07:56:42
 C:\WINDOWS\system32\ole32.dll handle: 774E0000 size: 1285120 crc: AD325A7F date: 2005-07-26 04:39:48
 C:\WINDOWS\system32\uxtheme.dll handle: 5AD70000 size: 218624 crc: 5AA98F22 date: 2004-08-04 07:56:46
 C:\WINDOWS\system32\MSCTF.dll handle: 74720000 size: 294400 crc: BBD2E653 date: 2004-08-04 07:56:42
 C:\WINDOWS\system32\CLBCATQ.DLL handle: 76FD0000 size: 498688 crc: 9DED030F date: 2005-07-26 04:39:43
 C:\WINDOWS\system32\COMRes.dll handle: 77050000 size: 792064 crc: 5A12B4A2 date: 2004-08-04 07:56:41
 C:\WINDOWS\system32\OLEAUT32.dll handle: 77120000 size: 553472 crc: 78035CFF date: 2004-08-04 07:56:44
 C:\WINDOWS\system32\VERSION.dll handle: 77C00000 size: 18944 crc: CFE439BB date: 2004-08-04 07:56:46
 C:\WINDOWS\System32\dmime.dll handle: 5C570000 size: 181248 crc: F18E50F8 date: 2004-08-04 07:56:42
 C:\WINDOWS\System32\DSOUND.dll handle: 73F10000 size: 367616 crc: F0EFB582 date: 2004-08-04 07:56:42
 C:\WINDOWS\System32\dmusic.dll handle: 6C980000 size: 104448 crc: 0C1C73CE date: 2004-08-04 07:56:42
 C:\WINDOWS\system32\KsUser.dll handle: 73EE0000 size: 4096 crc: 519CF22C date: 2004-08-04 08:56:42
 C:\WINDOWS\System32\dmsynth.dll handle: 6C9A0000 size: 103424 crc: ECEFF055 date: 2004-08-04 07:56:42
 C:\WINDOWS\System32\dmloader.dll handle: 6CA10000 size: 35840 crc: CCCBFD58 date: 2004-08-04 07:56:42
 C:\WINDOWS\system32\apphelp.dll handle: 77B40000 size: 126976 crc: 76A66CAD date: 2004-08-04 07:56:41
 C:\WINDOWS\system32\msctfime.ime handle: 755C0000 size: 177152 crc: 6A712F98 date: 2004-08-04 07:56:13
 C:\WINDOWS\system32\Secur32.dll handle: 77FE0000 size: 55808 crc: 5A32C057 date: 2004-08-04 07:56:44
 C:\WINDOWS\system32\mslbui.dll handle: 605D0000 size: 25088 crc: F676E045 date: 2004-08-04 07:56:43
 C:\WINDOWS\system32\mswsock.dll handle: 71A50000 size: 245248 crc: E2309390 date: 2004-08-04 07:56:44
 C:\WINDOWS\system32\hnetcfg.dll handle: 662B0000 size: 344064 crc: 6CF15ACF date: 2004-08-04 07:56:42
 C:\WINDOWS\System32\wshtcpip.dll handle: 71A90000 size: 19968 crc: B88CC0E5 date: 2004-08-04 07:56:46
 C:\WINDOWS\System32\dmstyle.dll handle: 6C9C0000 size: 105984 crc: 41F12E87 date: 2004-08-04 07:56:42
 C:\WINDOWS\System32\dmband.dll handle: 6CBC0000 size: 28672 crc: 7CAFFAE0 date: 2004-08-04 07:56:42
 C:\WINDOWS\system32\psapi.dll handle: 76BF0000 size: 23040 crc: 97A44A88 date: 2004-08-04 07:56:44

System information:
 Windows version 5.1 2600 S
