*** OpenTTD Crash Report ***

Crash at: Tue May 20 09:39:31 2014
In game date: 2182-05-31 (15)

Crash reason:
 Signal:  Floating point exception (8)
 Message: <none>

OpenTTD version:
 Version:    1.4.0 (0)
 NewGRF ver: 14086748
 Bits:       32
 Endian:     little
 Dedicated:  no
 Build date: Apr  1 2014 19:12:39


Stacktrace:
 [00] ???                  0x00000800

Operating system:
 Name:     Mac OS X
 Release:  10.6.8
 Machine:  Intel 80486
 Min Ver:  1040
 Compiler: GCC 4.0.1 "4.0.1 (Apple Inc. build 5490)"

Configuration:
 Blitter:      8bpp-optimized
 Graphics set: OpenGFX (5203)
 Language:     /Applications/openttd-1.4.0-macosx-universal-1/OpenTTD.app/Contents/Resources/lang/english.lng
 Music driver: cocoa
 Music set:    OpenMSX (96)
 Network:      no
 Sound driver: cocoa
 Sound set:    OpenSFX (87)
 Video driver: cocoa

Fonts:
 Small:  sprite
 Medium: sprite
 Large:  sprite
 Mono:   sprite

AI Configuration (local: 0):
  0: Human
  1: Human
  2: Human
  3: Human
  4: Human
  5: Human

Libraries:
 FreeType:   2.4.3
 ICU:        51.2
 LZMA:       5.0.0
 LZO:        2.03
 PNG:        1.4.4
 Zlib:       1.2.3

---- gamelog start ----
Tick 0: new game started
     Revision text changed to 1.4.0-beta1, savegame version 188, not modified, _openttd_newgrf_version = 0x14006642
     New game mode: 1 landscape: 0
Tick 9193: game loaded
     Revision text changed to 1.4.0-beta2, savegame version 188, not modified, _openttd_newgrf_version = 0x14006677
Tick 22340: game loaded
     Revision text changed to h8bd9b807, savegame version 188, not modified, _openttd_newgrf_version = 0x14006721
Tick 471: game loaded
     Revision text changed to 1.4.0, savegame version 188, not modified, _openttd_newgrf_version = 0x14086748
     New game mode: 0 landscape: 0
---- gamelog end ----

*** End of OpenTTD Crash Report ***
