*** OpenTTD Crash Report ***

Crash at: Fri Feb 04 19:11:39 2011
In game date: 2033-02-06 (61)

Crash reason:
 Exception: E1212012
 Location:  000007FEFCFAAA7D
 Message:   Assertion failed at line 519 of ..\src\ai\api\ai_order.cpp: GetOrderFlags(vehicle_id, order_position) == order_flags

OpenTTD version:
 Version:    1.1.0-beta4 (0)
 NewGRF ver: 11005570
 Bits:       64
 Endian:     little
 Dedicated:  no
 Build date: Jan 20 2011 22:43:37

Registers:
 RAX: 00000000770011C1 RBX: 0000000000000016 RCX: 00000000001BD880 RDX: 0000000000000000
 RSI: 0000000000000000 RDI: 0000000000000008 RBP: 0000000000000108 RSP: 00000000001BDE90
 R8:  0000000000000000 R9:  0000000000000000 R10: 0000000000000000 R11: 0000000000000286
 R12: 00000001401A4790 R13: 000000013FA8F598 R14: 0000000000000001 R15: 0000000076D7F59B
 RIP: 000007FEFCFAAA7D EFLAGS: 00000202

 Bytes at instruction pointer:
 48 81 C4 C8 00 00 00 C3 90 90 90 90 90 90 90 90 90 90 90 48 83 EC 48 83

Stack trace:
 00000016 00000000 00000000 00000000 00000008 00000000 001BDEC8 00000000
 E1212012 00000000 00000000 00000000 FCFAAA7D 000007FE 00000000 00000000
 00000048 00000000 00000001 00000000 00000000 00000000 00000000 00000000
 00000070 00000000 FFFFFFFF FFFFFFFF FFFFFFFF FFFFFFFF 76D8C333 00000000
 76D8C3DF 00000000 76FCFF9A 00000000 00000000 00000000 00000000 00000000
 00000000 00000000 76D8A01B 00000000 00000000 00000000 76FB3908 00000000
 00000001 00000000 3FB88D31 00000001 00000016 00000000 0CF8E57B 00000000
 00838DF8 00000000 00000001 00000000 00000000 00000000 76FC7B3A 00000000
 00838DD0 00000000 76D7F59B 00000000 00000002 00000000 0000001C 00000000
 00000001 00000000 00000021 00000000 064B96A0 00000000 3FB87FB6 00000001
 00000001 00000000 00000002 00000000 00000378 00000000 00000002 00000000
 00000000 00000000 76FDFC65 00000000 00000000 00000000 00000000 00000000
 77018B3C 00000000 00000001 00000000 001BE058 00000000 00000030 00000003
 76D7F5BA 00000000 76D8BAF9 00000000 0083B5F8 00000000 001BE088 00000000
 00000000 00000000 00838DD0 00000000 00000082 FFFFF900 00000000 00000000
 00000000 00000000 76FB3908 00000000 76FD5BC0 00000000 76D9764C 00000000
 00020600 00000000 00838DD0 00000000 00000001 00000000 00000001 00000000
 00000001 00000000 740A1126 00000000 00090506 00000000 00000202 00000000
 00000000 00000000 000C0010 00000000 0072B923 0000034C 000001FA 00000000
 00000000 00000000 00000000 00000000 76D70000 00000000 05BB4EC0 00000000
 00000000 00000000 76D974A5 00000000 00020600 00000000 76DE32C4 00000000
 00000001 00000000 00020600 00000000 00000000 00000000 00000000 00000000
 00000001 00000000 00000010 00000000 00010003 00000000 00000001 00000000
 00000001 00000000 76DE2825 00000000 05BB4EC0 00000000 05BB4EC0 00000000

Operating system:
 Name:     Windows
 Release:  6.1.7600 ()
 Compiler: MSVC 1500

Configuration:
 Blitter:      8bpp-optimized
 Graphics set: OpenGFX (589)
 Language:     C:\Program Files\OpenTTD\lang\german.lng
 Music driver: win32
 Music set:    OpenMSX (96)
 Network:      no
 Sound driver: win32
 Sound set:    OpenSFX (87)
 Video driver: win32

AI Configuration (local: 0):
  0: Human
  1: PAXLink (v14)
  2: StreetTraffic (v1)
  3: NoCAB (v495)
  4: StreetTraffic (v1)
  5: TownCars (v4)
  6: Denver & Rio Grande (v1)
  7: Trans (v100307)
  8: AIAI (v15)

Libraries:
 FreeType:   2.4.4
 ICU:        4.4.2
 LZMA:       5.0.0
 LZO:        2.03
 PNG:        1.4.5
 Zlib:       1.2.5

Module information:
 C:\Program Files\OpenTTD\openttd.exe handle: 000000013F870000 size: 9897984 crc: A42101B0 date: 2011-01-20 22:47:26
 C:\Windows\SYSTEM32\ntdll.dll handle: 0000000076F90000 size: 1736608 crc: 51E6A99D date: 2010-03-24 06:59:44
 C:\Windows\system32\kernel32.dll handle: 0000000076E70000 size: 1162240 crc: 822946F0 date: 2009-07-14 01:41:13
 C:\Windows\system32\KERNELBASE.dll handle: 000007FEFCFA0000 size: 421376 crc: 68F689E4 date: 2009-07-14 01:41:13
 C:\Windows\system32\WINMM.dll handle: 000007FEFAFF0000 size: 217600 crc: 7BC1529F date: 2009-07-14 01:41:56
 C:\Windows\system32\msvcrt.dll handle: 000007FEFF200000 size: 634880 crc: 7F3E716F date: 2009-07-14 01:41:32
 C:\Windows\system32\USER32.dll handle: 0000000076D70000 size: 1008640 crc: 95FA0345 date: 2009-07-14 01:41:56
 C:\Windows\system32\GDI32.dll handle: 000007FEFD720000 size: 404480 crc: 0F1BAE69 date: 2009-07-14 01:40:56
 C:\Windows\system32\LPK.dll handle: 000007FEFF070000 size: 41984 crc: 350AF03B date: 2009-07-14 01:41:19
 C:\Windows\system32\USP10.dll handle: 000007FEFDDB0000 size: 801280 crc: 32EFA120 date: 2009-07-14 01:41:56
 C:\Windows\system32\WS2_32.dll handle: 000007FEFD3D0000 size: 296448 crc: B9553AFD date: 2009-07-14 01:41:58
 C:\Windows\system32\RPCRT4.dll handle: 000007FEFDC80000 size: 1221632 crc: D5B6358C date: 2009-07-14 01:41:53
 C:\Windows\system32\NSI.dll handle: 000007FEFEF00000 size: 13824 crc: 53B46F6C date: 2009-07-14 01:41:53
 C:\Windows\system32\ADVAPI32.dll handle: 000007FEFEDF0000 size: 877056 crc: FA615A20 date: 2009-07-14 01:40:01
 C:\Windows\SYSTEM32\sechost.dll handle: 000007FEFF030000 size: 113664 crc: 978CFAE5 date: 2009-07-14 01:41:53
 C:\Windows\system32\SHELL32.dll handle: 000007FEFDE80000 size: 14162944 crc: 38C0D5D7 date: 2010-07-27 14:59:11
 C:\Windows\system32\SHLWAPI.dll handle: 000007FEFEF10000 size: 449536 crc: 0BFDF102 date: 2009-07-14 01:41:54
 C:\Windows\system32\IMM32.DLL handle: 000007FEFEED0000 size: 167424 crc: 41B2805A date: 2009-07-14 01:41:09
 C:\Windows\system32\MSCTF.dll handle: 000007FEFD2C0000 size: 1067008 crc: 798DDDA0 date: 2009-07-14 01:41:28
 C:\Windows\system32\SHFolder.dll handle: 000007FEF82D0000 size: 10240 crc: 08A48DE3 date: 2009-07-14 01:41:54
 C:\Windows\system32\ole32.dll handle: 000007FEFD790000 size: 2085376 crc: 4764DDC2 date: 2010-06-29 05:39:12
 C:\Windows\system32\MMDevAPI.DLL handle: 000007FEFB750000 size: 284160 crc: CDF2EF81 date: 2009-07-14 01:41:26
 C:\Windows\system32\PROPSYS.dll handle: 000007FEFB620000 size: 1212416 crc: 98D01BC9 date: 2009-07-14 01:41:53
 C:\Windows\system32\OLEAUT32.dll handle: 000007FEFD510000 size: 861184 crc: 112732BA date: 2010-04-07 07:37:39
 C:\Windows\system32\wdmaud.drv handle: 000007FEFAE40000 size: 217088 crc: AB6BC545 date: 2009-07-14 01:38:50
 C:\Windows\system32\ksuser.dll handle: 0000000074B70000 size: 5120 crc: AA2071D9 date: 2009-07-14 01:41:13
 C:\Windows\system32\AVRT.dll handle: 000007FEFB8D0000 size: 18432 crc: 5CE53CB7 date: 2009-07-14 01:40:05
 C:\Windows\system32\SETUPAPI.dll handle: 000007FEFEC10000 size: 1899520 crc: 91ED5D15 date: 2009-07-14 01:41:54
 C:\Windows\system32\CFGMGR32.dll handle: 000007FEFD1C0000 size: 207360 crc: 369326FC date: 2009-07-14 01:40:15
 C:\Windows\system32\DEVOBJ.dll handle: 000007FEFD200000 size: 93184 crc: A7541AE2 date: 2009-07-14 01:40:28
 C:\Windows\system32\AUDIOSES.DLL handle: 000007FEFA040000 size: 296448 crc: 07CA71DE date: 2009-07-14 01:40:04
 C:\Windows\system32\msacm32.drv handle: 000007FEFA030000 size: 25600 crc: 2B579A05 date: 2009-07-14 01:38:50
 C:\Windows\system32\MSACM32.dll handle: 000007FEFA010000 size: 83456 crc: 3D67538B date: 2009-07-14 01:41:27
 C:\Windows\system32\midimap.dll handle: 000007FEFA000000 size: 20480 crc: CB902A13 date: 2009-07-14 01:41:23
 C:\Windows\system32\CRYPTBASE.dll handle: 000007FEFCE20000 size: 44032 crc: F547C16E date: 2009-07-14 01:40:24
 C:\Windows\system32\CLBCatQ.DLL handle: 000007FEFD420000 size: 607744 crc: 939E35C9 date: 2009-07-14 01:40:15
 C:\Windows\system32\uxtheme.dll handle: 000007FEFB820000 size: 332288 crc: B0A13DF9 date: 2009-07-14 01:41:56
 C:\Windows\system32\dwmapi.dll handle: 000007FEFAC20000 size: 82432 crc: A459F360 date: 2009-07-14 01:40:34
 C:\Windows\system32\mswsock.dll handle: 000007FEFC760000 size: 320000 crc: EA387916 date: 2009-07-14 01:41:34
 C:\Windows\System32\wshtcpip.dll handle: 000007FEFC110000 size: 13312 crc: 5D1E2C55 date: 2009-07-14 01:41:58
 C:\Windows\system32\mciseq.dll handle: 000007FEFB8A0000 size: 28672 crc: 61BC1358 date: 2009-07-14 01:41:21
 C:\Windows\system32\psapi.dll handle: 0000000077150000 size: 9216 crc: 84B5E9BA date: 2009-07-14 01:41:53

---- gamelog start ----
Tick 0: new game started
     Revision text changed to r21615, savegame version 155, not modified, _openttd_newgrf_version = 0x1100546f
     New game mode: 1 landscape: 0
     Added NewGRF: GRF ID 52570103, checksum EDB2D26F9D81423734CA12412F309CF3, filename: generic_tram_set.0.4\generictrams.grf (md5sum matches)
     Added NewGRF: GRF ID 4A430002, checksum 0728ADCB4DF2F1EB9247ABD449296F4E, filename: industrial_stations_renewal.0.8.0\indstatrw.grf (md5sum matches)
     Added NewGRF: GRF ID 504E0002, checksum 6E6944E09CE6C3AC130DF72C542EE4B1, filename: generic_buffers.0.1\buffers.grf (md5sum matches)
     Added NewGRF: GRF ID 274C2348, checksum E44A7D977D1980908B1DBF09F73F514C, filename: db_double_deck_coaches.v0.1\dbddw.grf (md5sum matches)
     Added NewGRF: GRF ID 52455400, checksum 1600687C50C5AB1E72EDD487CAD50E2A, filename: coded_by_aegir._artwork_by_aegir-1\ae_cityw.grf (md5sum matches)
     Added NewGRF: GRF ID 41420000, checksum 91B1E5631A3A4926CC7C1DBDBBC585CD, filename: metro_subway_set-prealpha3.1\metro subway set.grf (md5sum matches)
     Added NewGRF: GRF ID 44440A01, checksum EFEE1435093730D3DA55BDF69653CADC, filename: av8_aviators_aircraft_set-1.7\pb_av8w.grf (md5sum matches)
     Added NewGRF: GRF ID 44440A02, checksum CC43F806C0D6838DBE3E68434F3726F3, filename: apache_helicopter.1\apache_w.grf (md5sum matches)
     Added NewGRF: GRF ID 444E0601, checksum 888D2F784E25AF042B66905740A2B1BE, filename: monorail_infra_set-1.2.0\mics.grf (md5sum matches)
     Added NewGRF: GRF ID 4D656F9D, checksum CCCAF4A57D7530367F045F764FB64440, filename: ecs_houses.b5__13_dec_2009_\ecshousew.grf (md5sum matches)
     Added NewGRF: GRF ID 56430001, checksum AF3E0A1E6EF0B98DB966594578D1775B, filename: total_town_replacement_set-3.02a\ttrs3w.grf (md5sum matches)
     Added NewGRF: GRF ID 52455300, checksum 37C0B839B13C4B18051580C81EEDF427, filename: suburban_stations-1\ae_subuw.grf (md5sum matches)
     Added NewGRF: GRF ID FBFB0402, checksum C5D462B520ED5EEB3AF5619DA165DA35, filename: metro_track_set-1.1.0\metrotrk.grf (md5sum matches)
     Added NewGRF: GRF ID 4A4D0101, checksum 9ABAA3211849E0C55FB642521ECFB16F, filename: sailing_ships-0.3\sailing_ships.grf (md5sum matches)
     Added NewGRF: GRF ID 414E0101, checksum 342908F59A1D69F2F5D9A3A24918BC62, filename: fish_ship_set-0.6.2\fish.grf (md5sum matches)
Tick 50154: game loaded
     Revision text changed to 1.1.0-beta2, savegame version 155, not modified, _openttd_newgrf_version = 0x110054b0
Tick 17418: game loaded
     Revision text changed to 1.1.0-beta4, savegame version 157, not modified, _openttd_newgrf_version = 0x11005570
---- gamelog end ----

*** End of OpenTTD Crash Report ***

Decoded stack trace:
[00] KERNELBASE           0x000007FEFCFAAA7D RaiseException + 61
[01] openttd              0x000000013FB88D31
[02] openttd              0x000000013FB87FB6
[03] openttd              0x000000013F8B2FA9
[04] openttd              0x000000013FA25B1F
[05] openttd              0x000000013FA0EBFE
[06] openttd              0x000000013F9F209F
[07] openttd              0x000000013F9EEFB9
[08] openttd              0x000000013F9D102E
[09] openttd              0x000000013FA05E63
[10] openttd              0x000000013F9F4CEA
[11] openttd              0x000000013F8B639D
[12] openttd              0x000000013F8B6646
[13] openttd              0x000000013FA8DED9
[14] openttd              0x000000013F8B4CF8
[15] openttd              0x000000013FA90496
[16] openttd              0x000000013FB8AC59
[17] kernel32             0x0000000076E8F56D BaseThreadInitThunk + 13
[18] ntdll                0x0000000076FC3021 RtlUserThreadStart + 33

*** End of additional info ***
