*** OpenTTD Crash Report ***

Crash at: Tue Jan 14 18:00:25 2014
In game date: 2073-05-26 (57)

Crash reason:
 Exception: E1212012
 Location:  000007FEFD23BCCD
 Message:   Assertion failed at line 728 of ..\src\command.cpp: res.GetCost() == res2.GetCost() && res.Failed() == res2.Failed()

OpenTTD version:
 Version:    1.4.0-beta2 (0)
 NewGRF ver: 14006677
 Bits:       64
 Endian:     little
 Dedicated:  no
 Build date: Jan  7 2014 19:57:07

Registers:
 RAX: 00000000DCD00667 RBX: 0000000000000016 RCX: 00000000001EE1B0 RDX: 0000000000000000
 RSI: 0000000000000000 RDI: 0000000000000008 RBP: 00000000001EEC29 RSP: 00000000001EE7C0
 R8:  0000000000000000 R9:  0000000000000000 R10: 0000000000000000 R11: 0000000000000286
 R12: 000000014067B6D0 R13: 000000013FC48E08 R14: 0000000000000001 R15: 0000005400000000
 RIP: 000007FEFD23BCCD EFLAGS: 00000202

 Bytes at instruction pointer:
 48 81 C4 C8 00 00 00 C3 90 90 90 90 90 90 90 90 90 90 90 48 89 5C 24 18

Stack trace:
 00000016 00000000 00000000 00000000 00000008 00000000 00000000 00000000
 E1212012 00000000 00000000 00000000 FD23BCCD 000007FE 00000000 00000000
 40B8F330 00000001 7731146B 00000000 56B488BF 000007FE 002D316A 00000000
 00000010 00000000 405EA118 00000001 00000050 00000000 002D316A 00000000
 00000000 00000000 773D3BFA 00000000 405EA118 00000001 00000010 00000000
 00000000 00000000 00000000 00000000 00000000 00000000 00000000 00000000
 00000001 00000000 3FD347C9 00000001 00000016 00000000 AD49FC86 00000000
 00000001 00000000 773C9C7A 00000000 00000000 00000000 00000000 00000054
 0000B05E 00000000 00000000 00000000 00000001 00000000 00000000 00000000
 00002E52 00000000 3FD33B80 00000001 00000001 00000000 00000000 00000000
 001EECB8 00000000 FFFFFFFF 00000000 00000000 00000000 3F9BD4EF 00000001
 00000000 00000000 001EEC29 00000000 001EECB8 00000000 01D10080 00000000
 65737341 6F697472 6166206E 64656C69 20746120 656E696C 38323720 20666F20
 735C2E2E 635C6372 616D6D6F 632E646E 203A7070 2E736572 43746547 2874736F
 3D3D2029 73657220 65472E32 736F4374 20292874 72202626 462E7365 656C6961
 20292864 72203D3D 2E327365 6C696146 29286465 00000000 0E8F50A0 00000000
 00000344 00000000 3F9F3992 00000001 00000000 00000000 3FD2EBD8 00000001
 00000001 00000000 3FD2F357 00000001 00002DE0 00000000 3F9F3A02 00000001
 0E8F50A0 00000000 3FAD88F1 00000001 FFFFFD90 00000000 00000009 00000000
 00002DE0 00000000 00009C5F 00000000 00000000 00000000 3FAC3BB5 00000001
 0000925B 00100004 001EEAF9 00000000 00000009 00000000 00000000 00000000
 00000009 00000000 0000009A 00000000 0000044A 00000000 FFFFFFFF 00000000
 00000000 00000000 000000FF 00000000 00000000 00000000 3F000D71 00000000
 00000000 FFFFFFFF 00000000 00000000 00002E52 00000000 0001FFFF 00000000

Operating system:
 Name:     Windows
 Release:  6.1.7601 (Service Pack 1)
 Compiler: MSVC 1600

Configuration:
 Blitter:      8bpp-optimized
 Graphics set: original_windows (0)
 Language:     C:\bin\1.4\lang\english_US.lng
 Music driver: win32
 Music set:    NoMusic (0)
 Network:      no
 Sound driver: win32
 Sound set:    original_windows (0)
 Video driver: win32

Fonts:
 Small:  sprite
 Medium: sprite
 Large:  sprite
 Mono:   sprite

AI Configuration (local: 0):
  0: Human

Libraries:
 FreeType:   2.4.11
 ICU:        51.2
 LZMA:       5.0.4
 LZO:        2.06
 PNG:        1.5.14
 Zlib:       1.2.7

Module information:
 C:\bin\1.4\openttd.exe handle: 000000013F960000 size: 14058496 crc: AC9CB049 date: 2014-01-07 20:02:40
 C:\Windows\SYSTEM32\ntdll.dll handle: 00000000773A0000 size: 1731920 crc: 71D20A99 date: 2011-11-17 06:41:18
 C:\Windows\system32\kernel32.dll handle: 0000000077180000 size: 1161216 crc: C42E980B date: 2012-10-04 17:41:16
 C:\Windows\system32\KERNELBASE.dll handle: 000007FEFD230000 size: 424960 crc: 269F2242 date: 2012-10-04 17:41:16
 C:\Windows\system32\WINMM.dll handle: 000007FEFAE60000 size: 217600 crc: 7BC1529F date: 2009-07-14 01:41:56
 C:\Windows\system32\msvcrt.dll handle: 000007FEFDA00000 size: 634880 crc: 9D1B448A date: 2011-12-16 08:46:06
 C:\Windows\system32\USER32.dll handle: 00000000772A0000 size: 1008128 crc: 70FF7D7F date: 2010-11-20 13:27:27
 C:\Windows\system32\GDI32.dll handle: 000007FEFDD70000 size: 403968 crc: 3D5BC405 date: 2010-11-20 13:26:25
 C:\Windows\system32\LPK.dll handle: 000007FEFD9F0000 size: 41984 crc: 350AF03B date: 2009-07-14 01:41:19
 C:\Windows\system32\USP10.dll handle: 000007FEFDEF0000 size: 800256 crc: B511F4B9 date: 2010-11-20 13:27:27
 C:\Windows\system32\WS2_32.dll handle: 000007FEFD970000 size: 297984 crc: 0F68689B date: 2010-11-20 13:27:29
 C:\Windows\system32\RPCRT4.dll handle: 000007FEFD840000 size: 1219584 crc: 5217F07C date: 2010-11-20 13:27:24
 C:\Windows\system32\NSI.dll handle: 000007FEFE0A0000 size: 13824 crc: 53B46F6C date: 2009-07-14 01:41:53
 C:\Windows\system32\IMM32.dll handle: 000007FEFD9C0000 size: 167424 crc: 41B2805A date: 2009-07-14 01:41:09
 C:\Windows\system32\MSCTF.dll handle: 000007FEFDDE0000 size: 1067008 crc: 798DDDA0 date: 2009-07-14 01:41:28
 C:\Windows\system32\ADVAPI32.dll handle: 000007FEFE4C0000 size: 877056 crc: FA615A20 date: 2009-07-14 01:40:01
 C:\Windows\SYSTEM32\sechost.dll handle: 000007FEFE5A0000 size: 113664 crc: 978CFAE5 date: 2009-07-14 01:41:53
 C:\Windows\system32\SHELL32.dll handle: 000007FEFE920000 size: 14172672 crc: 80527F5B date: 2012-06-09 05:43:10
 C:\Windows\system32\SHLWAPI.dll handle: 000007FEFDFC0000 size: 448512 crc: 086DF743 date: 2010-11-20 13:27:25
 C:\Windows\system32\ole32.dll handle: 000007FEFE0B0000 size: 2086912 crc: 72F91CD0 date: 2010-11-20 13:27:23
 C:\Windows\system32\uxtheme.dll handle: 000007FEFB7D0000 size: 332288 crc: B0A13DF9 date: 2009-07-14 01:41:56
 C:\Windows\system32\dwmapi.dll handle: 000007FEFAC10000 size: 82432 crc: A459F360 date: 2009-07-14 01:40:34
 C:\Windows\system32\CRYPTBASE.dll handle: 000007FEFD010000 size: 44032 crc: F547C16E date: 2009-07-14 01:40:24
 C:\Windows\system32\CLBCatQ.DLL handle: 000007FEFE2C0000 size: 607744 crc: 939E35C9 date: 2009-07-14 01:40:15
 C:\Windows\system32\OLEAUT32.dll handle: 000007FEFE5C0000 size: 861696 crc: 1F331414 date: 2011-08-27 05:37:49
 C:\Windows\system32\mswsock.dll handle: 000007FEFC960000 size: 326144 crc: 136B1525 date: 2010-11-20 13:27:10
 C:\Windows\System32\wshtcpip.dll handle: 000007FEFC580000 size: 13312 crc: 5D1E2C55 date: 2009-07-14 01:41:58
 C:\Windows\system32\MMDevAPI.DLL handle: 000007FEFBB70000 size: 284160 crc: CDF2EF81 date: 2009-07-14 01:41:26
 C:\Windows\system32\PROPSYS.dll handle: 000007FEFB830000 size: 1212416 crc: B83FA3BE date: 2010-11-20 13:27:23
 C:\Windows\system32\wdmaud.drv handle: 000007FEFACB0000 size: 217088 crc: 12829973 date: 2010-11-20 13:24:21
 C:\Windows\system32\ksuser.dll handle: 0000000062770000 size: 5120 crc: AA2071D9 date: 2009-07-14 01:41:13
 C:\Windows\system32\AVRT.dll handle: 000007FEFBB60000 size: 18432 crc: 5CE53CB7 date: 2009-07-14 01:40:05
 C:\Windows\system32\SETUPAPI.dll handle: 000007FEFE6A0000 size: 1900544 crc: A364BD6A date: 2010-11-20 13:27:25
 C:\Windows\system32\CFGMGR32.dll handle: 000007FEFD380000 size: 207872 crc: 1984C339 date: 2010-11-20 13:25:50
 C:\Windows\system32\DEVOBJ.dll handle: 000007FEFD2C0000 size: 93184 crc: A7541AE2 date: 2009-07-14 01:40:28
 C:\Windows\system32\AUDIOSES.DLL handle: 000007FEFA910000 size: 296448 crc: 90389554 date: 2010-11-20 13:25:42
 C:\Windows\system32\msacm32.drv handle: 000007FEFBE60000 size: 25600 crc: 2B579A05 date: 2009-07-14 01:38:50
 C:\Windows\system32\MSACM32.dll handle: 000007FEFA8B0000 size: 83456 crc: 3D67538B date: 2009-07-14 01:41:27
 C:\Windows\system32\midimap.dll handle: 000007FEFBDF0000 size: 20480 crc: CB902A13 date: 2009-07-14 01:41:23
 C:\Windows\system32\psapi.dll handle: 0000000077570000 size: 9216 crc: 84B5E9BA date: 2009-07-14 01:41:53

---- gamelog start ----
Tick 0: new game started
     Revision text changed to 1.4.0-beta2, savegame version 188, not modified, _openttd_newgrf_version = 0x14006677
     New game mode: 1 landscape: 0
     Added NewGRF: GRF ID 4A430002, checksum EFB21CFA6828362FDA9B2D629B5EEEB4, filename: industrial_stations_renewal-0.8.1\indstatr.grf (md5sum matches)
     Added NewGRF: GRF ID 414C0101, checksum 8868C6AA5191153F4255C129C9472043, filename: stations_name_from_nearby_indus-1.2.4\station_name.grf (md5sum matches)
     Added NewGRF: GRF ID 44440A01, checksum ECEB9DF262403B15841B9610C1300BDF, filename: av8_aviators_aircraft_set-2.11\pb_av8w.grf (md5sum matches)
     Added NewGRF: GRF ID 4D470303, checksum 476460AE75B233F7CF0736256F6008D4, filename: basemod-4.0\basecosts.grf (md5sum matches)
     Added NewGRF: GRF ID 4C410002, checksum 5AC8C496DDB45DF5E3803CD557271E43, filename: ottdc_grfpack\6_town_buildings\streetlights\streetlights.grf (md5sum matches)
     Added NewGRF: GRF ID 52455400, checksum 1600687C50C5AB1E72EDD487CAD50E2A, filename: coded_by_aegir._artwork_by_aegir-1\ae_cityw.grf (md5sum matches)
     Added NewGRF: GRF ID 43485053, checksum A9263D9912A394DD8D3564F31BDF33AD, filename: chips_station_set-1.0.1\chips.grf (md5sum matches)
     Added NewGRF: GRF ID 83310111, checksum 2B1EA7D9A8117D9EC79A125E7C9966D9, filename: ottdc_grfpack\4_infrastructure\cantilever\cantilever11w.grf (md5sum matches)
     Added NewGRF: GRF ID 54570604, checksum 09E2627CACBE087959BCD2B86A07DB4E, filename: ottdc_grfpack\z_obsolete\harbour\harbourw_456.grf (md5sum matches)
     Added NewGRF: GRF ID 43415463, checksum 422B1603DC1CEDA4E59E715E12EAD332, filename: ottdc_grfpack\7_stations\canstn\canstnw.grf (md5sum matches)
     Added NewGRF: GRF ID 52453400, checksum 87E88EFA687F91CE44548E54DA55059F, filename: japanese_buildings-3.0\jpbuild.grf (md5sum matches)
     Added NewGRF: GRF ID 45530500, checksum 9B4FA4BD36869D64820D6A7EF45A718D, filename: japanese_stations-3.0\jpstations.grf (md5sum matches)
     Added NewGRF: GRF ID 52453300, checksum EF6A4519AD4C18B9B9112B8D7083862D, filename: japanese_trees-3.0\jptrees.grf (md5sum matches)
     Added NewGRF: GRF ID 48410101, checksum 6CE9745A13E50AB5DBFF858541A97F10, filename: nuts_unrealistic_train_set-0.6.3\nuts.grf (md5sum matches)
     Added NewGRF: GRF ID 424B5462, checksum 83FE5AA7CAFF0A307B44B297F2A259D6, filename: bk_enhanced_tunnel_set-1.0\bktunw.grf (md5sum matches)
     Added NewGRF: GRF ID 54420210, checksum 2526945EE57F065E0AB27A0F7AB92680, filename: us_town_names-1.0\us_towns.grf (md5sum matches)
---- gamelog end ----

*** End of OpenTTD Crash Report ***

Decoded stack trace:
[00] KERNELBASE           0x000007FEFD23BCCD RaiseException + 61
[01] openttd              0x000000013FD347C9
[02] openttd              0x000000013FD33B80
[03] openttd              0x000000013F9BD4EF
[04] openttd              0x000000013F96CAEB
[05] openttd              0x000000013F96C46D
[06] openttd              0x000000013FA5CDAF
[07] openttd              0x000000013F9F5DBF
[08] openttd              0x000000013FA0129D
[09] openttd              0x000000013FA0183F
[10] openttd              0x000000013FC46BF3
[11] USER32               0x00000000772B9BD1 TranslateMessageEx + 673
[12] USER32               0x00000000772B98DA TranslateMessage + 490
[13] openttd              0x000000013FC473DD
[14] openttd              0x000000013F9BF70C
[15] openttd              0x000000013FC49C2F
[16] openttd              0x000000013FD36244
[17] kernel32             0x000000007719652D BaseThreadInitThunk + 13
[18] ntdll                0x00000000773CC521 RtlUserThreadStart + 33

*** End of additional info ***
