*** OpenTTD Crash Report ***
Date: 2009-01-11 13:35:29
Build: r14977 built on Jan 10 2009 19:17:40
Reason: Assertion failed at ..\src\spritecache.cpp:391: i != _spritecache_items
Language: english_US.lng
Exception C0000005 at 0042F73D
Registers:
 EAX: 075A0020 EBX: 0520D110 ECX: 0012F9F0 EDX: 062A95C0
 ESI: 0520C530 EDI: 0000A800 EBP: 0520D10C ESP: 0012FC08
 EIP: 0042F73D EFLAGS: 00210202

Bytes at CS:EIP:
 C6 05 00 00 00 00 00 83 44 24 10 14 8B 4C 24 10 47 39 1C 01 75 C1 6B FF

Stack trace: 
 0012FC2C 00000000 0AFBE47B 0AFBE48B 000D2000 0042F682 00427816 00000000
 0012FC18 00000000 004F6359 0063ECE0 006298EC 0012FCDC 00000000 0012FC30
 0AFBE48B 0AFBE4A9 00000000 00000000 008E03AA 0000000F 00000000 00000000
 0AFBE46B 0000037F 000000F8 00426D98 0012FCF4 00000001 00000001 01000004
 00000000 00000000 00000000 00000000 FFFFFFFF 00000000 00000000 00000000
 00000000 00000000 FFFFFFFF 00000000 0012FEF8 00000000 00000000 00000000
 FFFFFFFF 0012FDFC 005ED8C4 00000000 00000000 0012FEF8 004409E7 00000001
 0012FDF8 FFFFFFFE 00000000 5C3A4322 6C697053 65704F5C 4454546E 65706F5C
 6474746E 6578652E 00002000 01C20498 0012FCC0 01C31C38 0012FE44 775E9834
 0AA7E56A FFFFFFFE 77645B87 77645955 776458A6 00000018 0012FEB4 001A0039
 002C0000 00000001 00000076 00000000 002C11EF 00000080 01C31C38 00000011
 77645B87 7DD1547E 002C0000 00000000 002C0194 002F001A 00000001 0012FE40
 775E9834 002C001B 00000001 00000000 00000020 0012FDBC 00557406 002C0000
 00000000 00000018 002C8F48 0012FEB4 0012FEC0 0012FDD4 0055749C 00000018
 002C8F40 0012FEE0 775E9834 0012FE50 004D49E7 00000018 004B9FC3 002C6528
 004BA049 002C8F48 002C6608 0012FEB4 0012FCF5 00000000 00000000 00000000
 0012FE50 00557A10 002C0000 00000000 002C11F0 00000000 01C31C38 01C31CD0
 0012FE6C 005620F7 002C0000 00000000 77638A94 7760FB7D FFFFFFFF 00000024
 0012FE54 00000004 00000000 BFD95863 0012FE68 0055EF70 01C31CD4 01C31CD4
 00000000 00000001 006120A0 0012FE80 0055CECD 00621A20 0012FEC0 0055A092
 00000008 0055963D 00559637 0012FEC4 00000000 002C07C8 0012FEC4 0055F206
 00000000 00000000 0012FED0 0055F213 0012FED0 00558C08 002F1D1C 0012FEE0
 00568C56 00000000 0060BD70 002C1688 002C07C8 00571401 0012FEF8 00568CA9
 00000000 00000022 00000000 00000004 0012FF88 0055BB59 00400000 00000000

Module information:
 C:\Spil\OpenTTD\openttd.exe handle: 00400000 size: 2274304 crc: 00E84738 date: 2009-01-10 18:21:10
 C:\Windows\system32\ntdll.dll handle: 775E0000 size: 1203792 crc: 7CFCEC95 date: 2008-01-19 07:38:14
 C:\Windows\system32\kernel32.dll handle: 75E60000 size: 888320 crc: 33D9889B date: 2008-01-19 07:34:36
 C:\Windows\system32\WINMM.dll handle: 74460000 size: 189952 crc: D22FC585 date: 2008-01-19 07:36:55
 C:\Windows\system32\msvcrt.dll handle: 77790000 size: 680448 crc: E5AE7FEC date: 2008-01-19 07:35:15
 C:\Windows\system32\USER32.dll handle: 77060000 size: 627200 crc: B687ED70 date: 2008-01-19 07:36:46
 C:\Windows\system32\GDI32.dll handle: 76E00000 size: 296960 crc: AA2880BF date: 2008-10-21 05:25:18
 C:\Windows\system32\ADVAPI32.dll handle: 75FD0000 size: 798720 crc: F58CDFCB date: 2008-01-19 07:33:43
 C:\Windows\system32\RPCRT4.dll handle: 76BD0000 size: 784896 crc: 3E044E39 date: 2008-04-12 03:32:11
 C:\Windows\system32\ole32.dll handle: 77290000 size: 1315328 crc: 6B931D39 date: 2008-01-19 07:36:01
 C:\Windows\system32\OLEAUT32.dll handle: 76CA0000 size: 563200 crc: B69E10E1 date: 2008-01-19 07:36:01
 C:\Windows\system32\OLEACC.dll handle: 74420000 size: 215040 crc: EF3061D3 date: 2008-01-19 07:36:01
 C:\Windows\system32\WS2_32.dll handle: 77710000 size: 179200 crc: 5D581120 date: 2008-01-19 07:37:09
 C:\Windows\system32\NSI.dll handle: 77780000 size: 8192 crc: 10729B39 date: 2008-01-19 07:35:57
 C:\Windows\system32\IMM32.DLL handle: 760A0000 size: 114688 crc: 57C1E0CD date: 2008-01-19 07:34:33
 C:\Windows\system32\MSCTF.dll handle: 773E0000 size: 806912 crc: 66ABCC79 date: 2008-01-19 07:34:55
 C:\Windows\system32\LPK.DLL handle: 76F50000 size: 23552 crc: 3277B148 date: 2008-01-19 07:34:43
 C:\Windows\system32\USP10.dll handle: 76E50000 size: 501760 crc: 09CF36C9 date: 2008-01-19 07:36:47
 C:\Windows\system32\SHFolder.dll handle: 6BC00000 size: 7168 crc: 1CA14A5C date: 2006-11-02 09:46:13
 C:\Windows\system32\SHELL32.dll handle: 760C0000 size: 11580928 crc: CE4BF6CB date: 2008-11-06 13:14:25
 C:\Windows\system32\SHLWAPI.dll handle: 77000000 size: 351744 crc: F95C1869 date: 2008-01-19 07:36:29
 C:\Windows\WinSxS\x86_microsoft.windows.common-controls_6595b64144ccf1df_6.0.6001.18000_none_5cdbaa5a083979cc\comctl32.dll handle: 74DD0000 size: 1684480 crc: 57ECDF87 date: 2008-01-19 07:26:34
 C:\Windows\system32\wdmaud.drv handle: 742F0000 size: 166912 crc: 5FC059D1 date: 2008-01-19 07:32:56
 C:\Windows\system32\ksuser.dll handle: 74830000 size: 4608 crc: 4C647881 date: 2006-11-02 09:46:05
 C:\Windows\system32\MMDevAPI.DLL handle: 74D60000 size: 149504 crc: 29FF5B91 date: 2008-01-19 07:34:49
 C:\Windows\system32\AVRT.dll handle: 74F70000 size: 12800 crc: EB589AA0 date: 2008-01-19 07:33:47
 C:\Windows\system32\SETUPAPI.dll handle: 77100000 size: 1590272 crc: BB6B35BF date: 2008-01-19 07:36:24
 C:\Windows\system32\WINTRUST.dll handle: 74D30000 size: 171520 crc: EE6B6CCB date: 2008-01-19 07:36:56
 C:\Windows\system32\CRYPT32.dll handle: 75790000 size: 977408 crc: 49821E3F date: 2008-01-19 07:34:00
 C:\Windows\system32\MSASN1.dll handle: 758F0000 size: 59904 crc: 7A69072B date: 2006-11-02 09:46:06
 C:\Windows\system32\USERENV.dll handle: 75D10000 size: 108032 crc: AC76B003 date: 2008-01-19 07:36:46
 C:\Windows\system32\Secur32.dll handle: 75CF0000 size: 72704 crc: A389B60F date: 2008-01-19 07:36:21
 C:\Windows\system32\imagehlp.dll handle: 77740000 size: 153088 crc: EEF49677 date: 2008-01-19 07:34:32
 C:\Windows\system32\AUDIOSES.DLL handle: 742C0000 size: 116224 crc: 30C70121 date: 2008-01-19 07:33:45
 C:\Windows\system32\audioeng.dll handle: 74160000 size: 397312 crc: 17666E45 date: 2008-01-19 07:33:45
 C:\Windows\system32\PSAPI.DLL handle: 75E50000 size: 12288 crc: D7B812C5 date: 2006-11-02 09:46:12
 C:\Windows\system32\msacm32.drv handle: 74280000 size: 21504 crc: 1F6A62A4 date: 2008-01-19 07:32:56
 C:\Windows\system32\MSACM32.dll handle: 74260000 size: 71680 crc: A2E8F836 date: 2008-01-19 07:34:54
 C:\Windows\system32\midimap.dll handle: 74120000 size: 17408 crc: 44FD6876 date: 2008-01-19 07:34:46
 C:\Windows\system32\CLBCatQ.DLL handle: 75F40000 size: 523776 crc: C2EBF5E6 date: 2008-01-19 07:33:52
 C:\Windows\system32\uxtheme.dll handle: 74FB0000 size: 240128 crc: 5F29223E date: 2008-01-19 07:36:47
 C:\Windows\system32\dmime.dll handle: 6A580000 size: 178688 crc: 3063C87B date: 2008-01-19 07:34:04
 C:\Windows\system32\DSOUND.dll handle: 6F610000 size: 444416 crc: 1F6BF3CC date: 2008-01-19 07:34:07
 C:\Windows\system32\POWRPROF.dll handle: 75170000 size: 97280 crc: 968A09AC date: 2008-01-19 07:36:07
 C:\Windows\system32\dmusic.dll handle: 74520000 size: 101888 crc: C5478A00 date: 2008-01-19 07:34:04
 C:\Windows\system32\dmsynth.dll handle: 743E0000 size: 105472 crc: 246B7E26 date: 2008-01-19 07:34:04
 C:\Windows\system32\dmloader.dll handle: 72100000 size: 38400 crc: 43D1875C date: 2008-01-19 07:34:04
 C:\Windows\system32\mswsock.dll handle: 754B0000 size: 223232 crc: 3746AAB9 date: 2008-01-19 07:35:15
 C:\Windows\System32\wshtcpip.dll handle: 75080000 size: 9216 crc: 10C50FC1 date: 2008-01-19 07:37:11
 C:\Windows\system32\dmstyle.dll handle: 71710000 size: 105472 crc: 3B1A1D06 date: 2006-11-02 12:34:33
 C:\Windows\system32\dmband.dll handle: 71760000 size: 30208 crc: 1AE3457D date: 2006-11-02 12:34:33

System information:
 Windows version 6.0 6001 Service Pack 1

---- gamelog start ----
Tick 0: new game started
     Revision text changed to r14977, savegame version 106, not modified, _openttd_newgrf_version = 0x07003a81
     New game mode: 1 landscape: 1
     Added NewGRF: GRF ID 75870102, checksum D44C92F7D2372838A73C63B322E042A4, filename: Landscape\newterrainw.grf
     Added NewGRF: GRF ID 4D666F01, checksum 1C3723AAE56C6648B61BC211EA344835, filename: Landscape\testw.grf
     Added NewGRF: GRF ID 54560103, checksum 381A11BC5B0F0489B410A0A3B4967844, filename: Landscape\smoothsnoww.grf
     Added NewGRF: GRF ID 4D656F91, checksum CA4A8AD81A2C58DA72AF4A8F9EE82320, filename: Industries\ECSTownw\ECSTownw.grf
     Added NewGRF: GRF ID 4D656F92, checksum CDFBF0208C7EF33712598402EFC5B911, filename: Industries\ECSBasicw\ECSBasicw.grf
     Added NewGRF: GRF ID 4D656F97, checksum 32CCF219881852DAB06D0DA746391DA4, filename: Industries\ECSAgriw\ECSAgriw.grf
     Added NewGRF: GRF ID 4D656F9C, checksum 2010BA2DA6DD7AA4E3528D2481A1C632, filename: Industries\ECSChem2w\ECSChem2w.grf
     Added NewGRF: GRF ID 4D656F96, checksum 4F1360F19D3A4077878112BD8067381F, filename: Industries\ECSConstw\ECSConstw.grf
     Added NewGRF: GRF ID 4D656F95, checksum B45A14D1546ECAA0E62CA514D1AE2093, filename: Industries\ECSWoodw\ECSWoodw.grf
     Added NewGRF: GRF ID 4D656F94, checksum EC825D3D1F935CFEB22F214DDBCCD475, filename: Industries\ECSMachw\ECSMachw.grf
     Added NewGRF: GRF ID 545701A0, checksum A93ECF06EA10E54E89D78247CF63C811, filename: Towns\ustowns\ustowns.grf
     Added NewGRF: GRF ID 56430001, checksum AF3E0A1E6EF0B98DB966594578D1775B, filename: Towns\ttrs3.02awin\ttrs3w.GRF
     Added NewGRF: GRF ID 43414361, checksum 4FF21D837F0C19EF91DB383B62FB3151, filename: Towns\NACityw\NACityw.grf
     Added NewGRF: GRF ID 50430105, checksum CBE5AFC3F7CA6E284B78C5D4F7DCC95A, filename: Towns\mcdonalds.grf
     Added NewGRF: GRF ID 43415261, checksum 808FD3F3D2863F86DD18B18AA6C4E990, filename: Towns\NARoadsw\NARoadsw.grf
     Added NewGRF: GRF ID 74677462, checksum DCE498065ACF0D1C92AA13356489DD82, filename: Bridges\total_bridges_NAR_narrow.grf
     Added NewGRF: GRF ID 4D694A00, checksum 872F61B9B338CE92420A9DB31C3DA670, filename: Landscape\tunel002.grf
     Added NewGRF: GRF ID 4E480102, checksum 8D15ADBA3E86C6B5B22A088CF929F02B, filename: Tunnels\nhfoundationsw.grf
     Added NewGRF: GRF ID 4E480201, checksum C3BB1694AAD8ABF5599AADB352BEE2B1, filename: Stations\nhdepw.grf
     Added NewGRF: GRF ID 4D4C0100, checksum 1E2A243600434194FB100E72E507D5EF, filename: Misc\dutchcatw.grf
     Added NewGRF: GRF ID 504E0001, checksum E7781323D2B0086E2E76342DAA036054, filename: Stations\ukwaypointsw.grf
     Added NewGRF: GRF ID 504E0002, checksum 6E6944E09CE6C3AC130DF72C542EE4B1, filename: Stations\Genericbuffers\buffers.grf
     Added NewGRF: GRF ID 45520101, checksum 37E00D26B29004DCCFE545F5EFE7C211, filename: Stations\bare_tilesw.GRF
     Added NewGRF: GRF ID 45520600, checksum 346457CB4632554B6A175785236883E4, filename: Stations\platformsw.GRF
     Added NewGRF: GRF ID 4A5A0401, checksum 54BC35DCCB000AA83ED9A25B8B697B06, filename: Stations\jstatsw.grf
     Added NewGRF: GRF ID 4A430002, checksum 0728ADCB4DF2F1EB9247ABD449296F4E, filename: Stations\indstatrw.grf
     Added NewGRF: GRF ID FBFB0001, checksum 3E8CE81C4C3C79FDE37D371878A15CEC, filename: Stations\OpenGFX_-_RailStations.grf
     Added NewGRF: GRF ID 6D620601, checksum 44EB2F155862E4D4F0AB671D7021AF54, filename: Stations\newstatsw\newstatsw.grf
     Added NewGRF: GRF ID 45520500, checksum 7E30CA79D5A8B3A6CBE873E26096D7D2, filename: Stations\modernsuburbanw.GRF
     Added NewGRF: GRF ID 52455400, checksum 1600687C50C5AB1E72EDD487CAD50E2A, filename: Stations\ae_cityw.GRF
     Added NewGRF: GRF ID 54570200, checksum 3DEB9B30A6254AE8606A5A9A99A9A696, filename: Stations\usstatsw\usstatsw.grf
     Added NewGRF: GRF ID 43415463, checksum 422B1603DC1CEDA4E59E715E12EAD332, filename: Stations\CanStnw\canstnw.grf
     Added NewGRF: GRF ID 44440502, checksum 9B2267C916691C45A2C85BE1FF54F7C3, filename: Signals\ussigzw\ussigzw.grf
     Added NewGRF: GRF ID 44440302, checksum 68C94BF363F78A648F91E902ACBF5776, filename: Trains\NARS2\nars2w.grf
     Added NewGRF: GRF ID 44440A01, checksum A7EA6FB6732157AEE44627A64EBCDAE6, filename: Vehicles\pb_av8w.grf
     Added NewGRF: GRF ID 4D656F17, checksum 29C4591139251FA114B328F7B76098AD, filename: Vehicles\4LVw.grf
     Added NewGRF: GRF ID 41501201, checksum 86F5F29AAA9EBF4F5449F1D0DC6E4825, filename: Vehicles\HEQS\heqs.grf
     Added NewGRF: GRF ID 6D620004, checksum 70649F1AFC954942173B0AA89C1E8B14, filename: Vehicles\newshipsw\newshipsw.grf
     Added NewGRF: GRF ID 62633273, checksum 9418C3F0141D551BF7F394F669D3BD23, filename: Vehicles\2ccshipsw\2ccshipsw.grf
     Added NewGRF: GRF ID 659E5728, checksum A63335CE72E5E4844675C4632598B76B, filename: Misc\shiptoolv4.grf
     Added NewGRF: GRF ID 44442301, checksum D6DABF4E1803911F2BADE94641A944C8, filename: Misc\pb_build.grf
     Added NewGRF: GRF ID 4D4E0101, checksum 09BDA538474B3F9C906A2313EA3BFB0C, filename: Misc\bridgeprop.grf
     Added NewGRF: GRF ID 4D470302, checksum 52BFBEA55B7EDB8192DE26040FF03CC9, filename: Misc\basecosts.grf
---- gamelog end ----
