*** OpenTTD Crash Report ***

Crash at: Sun Feb 23 10:57:57 2014
In game date: 1999-01-01 (0)

Crash reason:
 Signal:  Aborted (6)
 Message: <none>

OpenTTD version:
 Version:    1.3.3 (0)
 NewGRF ver: 13386618
 Bits:       64
 Endian:     little
 Dedicated:  no
 Build date: Dec  5 2013 23:25:45

Stacktrace:
 [00] openttd(_ZNK12CrashLogUnix13LogStacktraceEPcPKc+0x39) [0x7f64b5f02e69]
 [01] openttd(_ZNK8CrashLog12FillCrashLogEPcPKc+0xf7) [0x7f64b5e12947]
 [02] openttd(_ZNK8CrashLog12MakeCrashLogEv+0x84) [0x7f64b5e12bb4]
 [03] openttd(+0x331d4f) [0x7f64b5f02d4f]
 [04] /lib/x86_64-linux-gnu/libc.so.6(+0x35250) [0x7f64b3236250]
 [05] /lib/x86_64-linux-gnu/libc.so.6(gsignal+0x35) [0x7f64b32361d5]
 [06] /lib/x86_64-linux-gnu/libc.so.6(abort+0x148) [0x7f64b3239388]
 [07] /lib/x86_64-linux-gnu/libc.so.6(+0x707bb) [0x7f64b32717bb]
 [08] /lib/x86_64-linux-gnu/libc.so.6(+0x7aa16) [0x7f64b327ba16]
 [09] /lib/x86_64-linux-gnu/libc.so.6(+0x7b793) [0x7f64b327c793]
 [10] openttd(_ZN17PersistentStorageD0Ev+0x32) [0x7f64b5ecd052]
 [11] openttd(_ZN4PoolI17PersistentStoragejLm1ELm1044480EL8PoolType1ELb0ELb1EE9CleanPoolEv+0x32) [0x7f64b5eea092]
 [12] openttd(_ZN8PoolBase5CleanE8PoolType+0x4c) [0x7f64b5e1208c]
 [13] openttd(_Z14InitializeGamejjbb+0x99) [0x7f64b5e84b79]
 [14] openttd(+0x386b9c) [0x7f64b5f57b9c]
 [15] openttd(_Z10SaveOrLoadPKci12Subdirectoryb+0x132) [0x7f64b5f5cf22]
 [16] openttd(+0x32295b) [0x7f64b5ef395b]
 [17] openttd(_Z12SwitchToMode10SwitchMode+0x3d2) [0x7f64b5ef6302]
 [18] openttd(_Z8GameLoopv+0x62) [0x7f64b5ef7022]
 [19] openttd(_ZN15VideoDriver_SDL8MainLoopEv+0x232) [0x7f64b5fffc72]
 [20] openttd(_Z8ttd_mainiPPc+0x1515) [0x7f64b5ef5725]
 [21] /lib/x86_64-linux-gnu/libc.so.6(__libc_start_main+0xf5) [0x7f64b3222995]
 [22] openttd(+0x1a8eb4) [0x7f64b5d79eb4]

Operating system:
 Name:     Linux
 Release:  3.12-1-amd64
 Version:  #1 SMP Debian 3.12.9-1 (2014-02-01)
 Machine:  x86_64
 Compiler: GCC 4.8.2 "4.8.2"

Configuration:
 Blitter:      8bpp-optimized
 Graphics set: OpenGFX (1021)
 Language:     /usr/share/games/openttd/lang/russian.lng
 Music driver: extmidi
 Music set:    NoMusic (0)
 Network:      no
 Sound driver: sdl
 Sound set:    OpenSFX (87)
 Video driver: sdl

AI Configuration (local: 255):

Libraries:
 FontConfig: 2.11.0
 FreeType:   2.5.2
 ICU:        52.1
 LZMA:       5.1.0alpha
 LZO:        2.06
 PNG:        1.2.50
 SDL:        1.2.15
 Zlib:       1.2.8

---- gamelog start ----
Tick 0: new game started
     Revision text changed to 1.3.3, savegame version 180, not modified, _openttd_newgrf_version = 0x13386618
     New game mode: 1 landscape: 1
     Added NewGRF: GRF ID 4D656F91, checksum 937BA8D623EC2298B8B703EB183B2587, filename: ecs_town_vector-1.1.219jun2011/ecstown.grf (md5sum matches)
     Added NewGRF: GRF ID 4D656F9F, checksum C3C038168C5E7273BD17D833C353E35B, filename: ecs_basic_vector_ii-1.1.219jun2011/ecsbas2.grf (md5sum matches)
     Added NewGRF: GRF ID 4D656F94, checksum A6BC43D8CF1F931FAB6955CEC6DE7F19, filename: ecs_machinery_vector-1.1.219jun2011/ecsmach.grf (md5sum matches)
     Added NewGRF: GRF ID 4D656F97, checksum EDD51D4944C05B7C07872D68B0373069, filename: ecs_agricultural_vector-1.1.219jun2011/ecsagri.grf (md5sum matches)
     Added NewGRF: GRF ID 4D656F9C, checksum 1F6B20372197A5E937F1AE434ED0C2FA, filename: ecs_chemical_vector_ii-1.1.219jun2011/ecschem2.grf (md5sum matches)
     Added NewGRF: GRF ID 4D656F96, checksum 682C2B4B460032782186BF03AE2C156C, filename: ecs_construction_vector-b527dec2010/ecsconstw.grf (md5sum matches)
     Added NewGRF: GRF ID 4D656F95, checksum CD1F5F59485681A857648BE5322EDCE8, filename: ecs_wood_vector-1.1.219jun2011/ecswood.grf (md5sum matches)
     Added NewGRF: GRF ID 4D656F9D, checksum A4D9273D4C56BD2432E8994B95652D65, filename: ecs_houses-1.1.219jun2011/ecshouse.grf (md5sum matches)
     Added NewGRF: GRF ID 4A530881, checksum 2720AECA1F5E4B10E1DFFEDBB5BF9DEF, filename: ll_basecosts-2012.07.05/llbasecosts.grf (md5sum matches)
     Added NewGRF: GRF ID 4A530A07, checksum 8D6C07EE611F97070FD483C29D246223, filename: pcb_server-2014.01.17/pcbserver.grf (md5sum matches)
     Added NewGRF: GRF ID 4A53D0D1, checksum 480BF18EBD4EAE266523ADE5A40D09B6, filename: luukland_trainset-2013.06.25/lltrainset.grf (md5sum matches)
     Added NewGRF: GRF ID 4A530117, checksum 45C629AE46A650BF6DDF785F9D4A2B75, filename: ecs__firs_vehicle_set-2012.08.04/efrefit.grf (md5sum matches)
---- gamelog end ----

*** End of OpenTTD Crash Report ***
