*** OpenTTD Crash Report ***

Crash at: Sun Jan 03 03:49:54 2010

Crash reason:
 Exception: E1212012
 Location:  7C812A6B
 Message:   Assertion failed at line 266 of c:\openttd\compile\src\window_gui.h: this->count <= this->cap ? (position == 0) : (position + this->cap <= this->count)

OpenTTD version:
 Version:    1.0.0-beta1 (0)
 NewGRF ver: 100048bf
 Bits:       32
 Endian:     little
 Dedicated:  no
 Build date: Dec 23 2009 23:31:33

Registers:
 EAX: 0012F470 EBX: 00000016 ECX: 00000000 EDX: 0076E860
 ESI: 00000000 EDI: 00000000 EBP: 0012F4C0 ESP: 0012F46C
 EIP: 7C812A6B EFLAGS: 00000246

 Bytes at instruction pointer:
 5E C9 C2 10 00 85 FF 0F 8E 36 93 FF FF 8B 55 FC 89 55 0C 0F B7 16 8B 7D

Stack trace:
 0076E780 E1212012 00000000 00000000 7C812A6B 00000000 71A77228 71A53350
 FFFFFFFF 71A53346 71AB2D96 0000049C 0012F4D0 7C90D80A 7C91342E FFFFFFFF
 00000024 0012F4BC 00000004 00000000 DCB5305B 0012F520 00547BAD E1212012
 00000000 00000000 00000000 00615BD7 00000016 E0AD6EB2 00000055 00000200
 00000075 7C91342E FFFFFFFF 00000000 0012F508 00547B9D 00000001 0012F4E0
 0012F088 0012FBD0 0061A940 E0CC0D52 FFFFFFFE 0012F858 00614F5B 00000016
 00000200 0000000B 00000000 0012F554 006165BA 0012F58C 0075A960 00D02CB0
 0061CF4A 00000000 FFFFFFAE 0012F7E8 0061DA56 00000000 00000055 0012F868
 0061DAE2 009101DB 00000008 00000000 00000007 022C8000 022C7838 00000000
 0075A960 00D02CB0 00D01E90 0012F501 0012F80C 00000000 00000000 00000000
 006C9475 00000000 00000000 00000000 0012F5F0 00000097 0012FA80 00000052
 0070C938 FFFFFFFF 00289910 00000000 00000108 0012F80C 7C90E920 7C910228
 FFFFFFFF 7C910222 7C91019B 7C9101DB 0012F630 00D00000 7C910222 0000000C
 00D008C8 77D484FC 77D4BA0E 0018146E 00000001 00000010 0012F7B4 00000000
 77D4B96B 00000010 0012F7B4 00000000 00000000 0012F630 00000000 0012FBD0
 77D70467 77D4B970 0000854F 0012F7A8 77D6A294 0012F7B4 00000055 00000200
 77D6A2AE 00000001 7C91019B 7C9101DB 00000000 003F0850 00000000 7C910222
 7C91019B 00000000 00000000 77D420FC 00000000 00000001 007C2600 0012F6BC
 0061E797 00617045 00D0217C 0012F6C8 00000001 7C9100B8 022FCBF8 0012F794
 7C910041 00D009B8 0012F708 00D00000 0012F710 00D00000 7C910222 00000004
 00D00748 00D00000 01FC4F10 0012F6E8 7C90E920 0012F92C 0012F738 00000023
 0012F7C8 00C847D4 0012F7DC 5AD73B1B 00000023 0012F8C0 00C84778 00000000
 00010000 00020001 000000A0 0000001F 00000011 00000004 00000003 00000000
 00000000 00000004 00000003 00000000 00000000 00000004 00000003 00000004

Operating system:
 Name:    Windows
 Release: 5.1.2600 (Service Pack 2)
 MSVC:    Yes

Configuration:
 Blitter:      8bpp-optimized
 Graphics set: OpenGFX
 Language:     english.lng
 Music driver: dmusic
 Music set:    NoMusic
 Sound driver: win32
 Sound set:    OpenSFX
 Video driver: win32

AI Configuration:
  0: Human

Libraries:
 FreeType:   2.3.11
 ICU:        4.2.1
 PNG:        1.2.40

Module information:
 C:\Documents and Settings\Zahary\My Documents\apps\ottd\versions\openttd-1.0.0-beta1-windows-win32\openttd.exe handle: 00400000 size: 3631104 crc: 639ECE82 date: 2009-12-26 23:55:24
 C:\WINDOWS\system32\ntdll.dll handle: 7C900000 size: 715264 crc: 67E518E8 date: 2009-02-09 10:01:52
 C:\WINDOWS\system32\kernel32.dll handle: 7C800000 size: 986112 crc: 0A8B60F0 date: 2009-03-21 14:18:57
 C:\WINDOWS\system32\WINMM.dll handle: 76B40000 size: 176128 crc: 123646FA date: 2004-08-04 12:00:00
 C:\WINDOWS\system32\USER32.dll handle: 77D40000 size: 577024 crc: 68A1AA4A date: 2005-03-02 18:09:30
 C:\WINDOWS\system32\GDI32.dll handle: 77F10000 size: 283648 crc: 1126793B date: 2008-10-23 13:01:36
 C:\WINDOWS\system32\ADVAPI32.dll handle: 77DD0000 size: 617984 crc: FADF0FE4 date: 2009-02-09 10:01:53
 C:\WINDOWS\system32\RPCRT4.dll handle: 77E70000 size: 584192 crc: 184BC00C date: 2009-04-15 15:11:19
 C:\WINDOWS\system32\Secur32.dll handle: 77FE0000 size: 56320 crc: E29CA1CE date: 2009-06-25 08:17:27
 C:\WINDOWS\system32\WS2_32.dll handle: 71AB0000 size: 82944 crc: 9738CC56 date: 2004-08-04 12:00:00
 C:\WINDOWS\system32\msvcrt.dll handle: 77C10000 size: 343040 crc: 5298C0C5 date: 2004-08-04 12:00:00
 C:\WINDOWS\system32\WS2HELP.dll handle: 71AA0000 size: 19968 crc: F5DD5AB6 date: 2004-08-04 12:00:00
 C:\WINDOWS\system32\SHELL32.dll handle: 7C9C0000 size: 8454656 crc: B441E258 date: 2008-07-03 13:16:57
 C:\WINDOWS\system32\SHLWAPI.dll handle: 77F60000 size: 474112 crc: 03B30DAE date: 2009-09-25 05:49:02
 C:\WINDOWS\system32\IMM32.DLL handle: 76390000 size: 110080 crc: FD65A0DD date: 2004-08-04 12:00:00
 C:\WINDOWS\WinSxS\x86_Microsoft.Windows.Common-Controls_6595b64144ccf1df_6.0.2600.2180_x-ww_a84f1ff9\comctl32.dll handle: 773D0000 size: 1050624 crc: 893FE926 date: 2004-08-04 12:00:00
 C:\WINDOWS\system32\comctl32.dll handle: 5D090000 size: 611328 crc: DD782FC8 date: 2004-08-04 12:00:00
 C:\WINDOWS\system32\SHFolder.dll handle: 76780000 size: 25088 crc: 2EC7582B date: 2004-08-04 12:00:00
 C:\WINDOWS\system32\WINTRUST.dll handle: 76C30000 size: 176640 crc: 88D208BD date: 2004-08-04 12:00:00
 C:\WINDOWS\system32\CRYPT32.dll handle: 77A80000 size: 597504 crc: 971ECFAA date: 2004-08-04 12:00:00
 C:\WINDOWS\system32\MSASN1.dll handle: 77B20000 size: 58880 crc: 547FDD77 date: 2009-09-04 20:45:26
 C:\WINDOWS\system32\IMAGEHLP.dll handle: 76C90000 size: 144384 crc: 714A70BC date: 2004-08-04 12:00:00
 C:\WINDOWS\system32\wdmaud.drv handle: 72D20000 size: 23552 crc: 982E84EE date: 2004-08-03 23:56:58
 C:\WINDOWS\system32\msacm32.drv handle: 72D10000 size: 20480 crc: D5406BAE date: 2004-08-04 12:00:00
 C:\WINDOWS\system32\MSACM32.dll handle: 77BE0000 size: 71680 crc: 6A21891E date: 2004-08-04 12:00:00
 C:\WINDOWS\system32\midimap.dll handle: 77BD0000 size: 18944 crc: 502B5282 date: 2004-08-04 12:00:00
 C:\WINDOWS\system32\uxtheme.dll handle: 5AD70000 size: 218624 crc: 5AA98F22 date: 2004-08-04 12:00:00
 C:\WINDOWS\system32\MSCTF.dll handle: 74720000 size: 294912 crc: 5B427982 date: 2008-02-26 11:59:50
 C:\PROGRA~1\COMMON~1\SYMANT~1\ANTISPAM\ASOEHOOK.DLL handle: 651B0000 size: 123488 crc: 93E978D6 date: 2006-01-25 08:16:00
 C:\WINDOWS\system32\MSVCR71.dll handle: 7C340000 size: 348160 crc: 35563170 date: 2003-02-21 20:42:22
 C:\Program Files\Common Files\Symantec Shared\ccL40.dll handle: 6AF90000 size: 377960 crc: 4E5885BE date: 2007-01-22 21:25:58
 C:\WINDOWS\system32\ole32.dll handle: 774E0000 size: 1285120 crc: AD325A7F date: 2005-07-26 04:39:48
 C:\WINDOWS\system32\OLEAUT32.dll handle: 77120000 size: 553472 crc: 78035CFF date: 2004-08-04 12:00:00
 C:\WINDOWS\system32\MSVCP71.dll handle: 7C3A0000 size: 499712 crc: 5A3B11D4 date: 2003-03-19 12:14:52
 C:\WINDOWS\system32\msctfime.ime handle: 755C0000 size: 177152 crc: 6A712F98 date: 2004-08-04 12:00:00
 C:\WINDOWS\system32\CLBCATQ.DLL handle: 76FD0000 size: 498688 crc: 9DED030F date: 2005-07-26 04:39:43
 C:\WINDOWS\system32\COMRes.dll handle: 77050000 size: 792064 crc: 5A12B4A2 date: 2004-08-04 12:00:00
 C:\WINDOWS\system32\VERSION.dll handle: 77C00000 size: 18944 crc: CFE439BB date: 2004-08-04 12:00:00
 C:\WINDOWS\system32\dmime.dll handle: 5C570000 size: 181248 crc: F18E50F8 date: 2004-08-04 12:00:00
 C:\WINDOWS\system32\DSOUND.dll handle: 73F10000 size: 367616 crc: F0EFB582 date: 2004-08-04 12:00:00
 C:\WINDOWS\system32\dmusic.dll handle: 6C980000 size: 104448 crc: 0C1C73CE date: 2004-08-04 12:00:00
 C:\WINDOWS\system32\KsUser.dll handle: 73EE0000 size: 4096 crc: 519CF22C date: 2004-08-03 23:56:44
 C:\WINDOWS\system32\dmsynth.dll handle: 6C9A0000 size: 103424 crc: ECEFF055 date: 2004-08-04 12:00:00
 C:\WINDOWS\system32\dmloader.dll handle: 6CA10000 size: 35840 crc: CCCBFD58 date: 2004-08-04 12:00:00
 C:\WINDOWS\system32\mswsock.dll handle: 71A50000 size: 245248 crc: CE1B185F date: 2008-06-20 17:41:10
 C:\WINDOWS\system32\hnetcfg.dll handle: 662B0000 size: 344064 crc: 6CF15ACF date: 2004-08-04 12:00:00
 C:\WINDOWS\System32\wshtcpip.dll handle: 71A90000 size: 19968 crc: B88CC0E5 date: 2004-08-04 12:00:00
 C:\WINDOWS\system32\mslbui.dll handle: 605D0000 size: 25088 crc: F676E045 date: 2004-08-04 12:00:00
 C:\WINDOWS\system32\DNSAPI.dll handle: 76F20000 size: 148992 crc: 3325C2AE date: 2008-06-20 17:41:10
 C:\WINDOWS\system32\rasadhlp.dll handle: 76FC0000 size: 8192 crc: EFB09679 date: 2004-08-04 12:00:00
 C:\Program Files\WordWeb\WCapture.dll handle: 067F0000 size: 221400 crc: E2A7CDE8 date: 2008-10-05 19:53:54
 C:\WINDOWS\system32\OLEACC.dll handle: 74C80000 size: 163328 crc: 5E164907 date: 2004-08-04 12:00:00
 C:\WINDOWS\system32\MSVCP60.dll handle: 76080000 size: 413696 crc: CF40E5C3 date: 2004-08-04 12:00:00
 C:\WINDOWS\system32\psapi.dll handle: 76BF0000 size: 23040 crc: 97A44A88 date: 2004-08-04 12:00:00

---- gamelog start ----
Tick 0: new game started
     Revision text changed to 1.0.0-beta1, savegame version 132, not modified, _openttd_newgrf_version = 0x100048bf
     New game mode: 2 landscape: 0
Tick 0: game loaded
     New game mode: 1 landscape: 0
---- gamelog end ----

*** End of OpenTTD Crash Report ***
