*** OpenTTD Crash Report ***

Crash at: Fri Sep 02 23:13:35 2011
In game date: 2000-01-01 (0)

Crash reason:
 Exception: C0000005
 Location:  0043D862
 Message:   <none>

OpenTTD version:
 Version:    r22804 (0)
 NewGRF ver: 12005914
 Bits:       32
 Endian:     little
 Dedicated:  no
 Build date: Aug 21 2011 18:02:09

Registers:
 EAX: 00000000 EBX: 00000000 ECX: 03345FF0 EDX: 03355938
 ESI: 0012E16C EDI: 03345FF4 EBP: 0012E138 ESP: 0012E134
 EIP: 0043D862 EFLAGS: 00010206

 Bytes at instruction pointer:
 8A 10 B9 80 00 00 00 88 55 FF 84 D1 75 0A 0F B6 C2 89 06 33 C0 40 C9 C3

Stack trace:
 03345FF0 0012E3C0 0043E91D 03DADB60 00C33068 00000000 0012E6A7 7C910222
 0012E380 7C90E920 7C910228 FFFFFFFF 00000000 0000E04D 0000E04D 0012E6A4
 00BBBF90 00000032 0012E1B0 011F0000 00000000 00000003 00000000 033E69B8
 03355938 00000008 00000000 00000002 7C90E920 7C910228 FFFFFFFF 0012E6A4
 7C91019B 7C9101DB 00000000 00000000 00000010 00000000 00000000 00000000
 003E003C 0012E4C8 00000000 0012E1EC 03345FF0 01000000 00000000 00000000
 00000000 00000000 00000000 00000000 00730079 00650074 0033006D 0012E700
 0065082F 0000000B 0012E240 006509D6 00000000 00B6760C 0012E274 0012E240
 0012E244 00000000 7C9100B8 033E69B0 0012E310 7C910041 011F06E8 0012E260
 0012E264 00000000 7C9100B8 033E69B0 0012E330 7C910041 011F06E8 7C91005D
 03345FF0 0012E3C0 00000000 00000001 00000000 00000000 00000000 00000003
 00B6760E 00000005 00000000 00000000 00000000 00000000 00000018 00000003
 0012E4C3 0012E2C8 0012E2CC 00000000 7C9100B8 033E69B0 0012E398 7C910041
 011F06E8 7C91005D 03345FF0 0012E428 00000000 03DADB28 0012E3B8 7C910041
 011F0808 7C91005D 00C3306A 00000005 00000000 0012E32C 00000080 0012EB4C
 00419FA7 00000003 0012E32C 00000000 7C9100B8 033E69B0 00000008 00000000
 00000018 00000010 03345FF0 00000028 00000000 00000000 03345FF0 6C616963
 0012E64C 00000018 00000000 03DADB30 0012E15C 0064306F 00000040 7C00E920
 011F0000 0012E170 00000002 0012E64C 7C90E920 7C9101E0 FFFFFFFF 7C9101DB
 0064306F 011F0000 00000000 00000032 0012E6A4 00BBBF90 00000000 0012E3CC
 0012E64C 006699E6 00000000 0012E658 0043E836 00BBBF90 00000000 0012EEA3
 00000001 0012E6A4 00000053 000000E0 0012E6A4 0012E420 7C90E920 7C910060
 FFFFFFFF 7C91005D 00000000 03C9E0B9 03DADB30 033E69B8 0012E42C 005262F8
 033E69B8 0012E70A 03345FF0 0012E6AC 00000000 00000000 00000000 00000000

Operating system:
 Name:     Windows
 Release:  5.1.2600 (Service Pack 3)
 Compiler: MSVC 1600

Configuration:
 Blitter:      32bpp-optimized
 Graphics set: original_windows (0)
 Language:     F:\GAMES\OpenTTD\lang\english.lng
 Music driver: dmusic
 Music set:    NoMusic (0)
 Network:      no
 Sound driver: win32
 Sound set:    NoSound (2)
 Video driver: win32

AI Configuration (local: 0):
  0: Human

Libraries:
 FreeType:   2.4.5
 ICU:        4.4.2
 LZMA:       5.0.3
 LZO:        2.05
 PNG:        1.5.4
 Zlib:       1.2.5

Module information:
 F:\GAMES\OpenTTD\openttd.exe handle: 00400000 size: 8241664 crc: FA9968B5 date: 2011-08-21 14:05:00
 C:\WINDOWS\system32\ntdll.dll handle: 7C900000 size: 718336 crc: EA097CED date: 2010-12-09 15:15:09
 C:\WINDOWS\system32\kernel32.dll handle: 7C800000 size: 989696 crc: 8A0508E5 date: 2009-03-21 14:06:58
 C:\WINDOWS\system32\WINMM.dll handle: 76B40000 size: 176128 crc: 9676D976 date: 2008-04-14 02:42:10
 C:\WINDOWS\system32\ADVAPI32.dll handle: 77DD0000 size: 617472 crc: C9027432 date: 2009-02-09 12:10:48
 C:\WINDOWS\system32\RPCRT4.dll handle: 77E70000 size: 590848 crc: E9ECB923 date: 2010-08-16 08:45:00
 C:\WINDOWS\system32\Secur32.dll handle: 77FE0000 size: 56832 crc: 3D0002B7 date: 2009-06-25 08:25:26
 C:\WINDOWS\system32\GDI32.dll handle: 77F10000 size: 286720 crc: B5F6B116 date: 2008-10-23 12:36:14
 C:\WINDOWS\system32\USER32.dll handle: 7E410000 size: 578560 crc: F7C72264 date: 2008-04-14 02:42:10
 C:\WINDOWS\system32\WS2_32.dll handle: 71AB0000 size: 82432 crc: 7C519ECA date: 2008-04-14 02:42:12
 C:\WINDOWS\system32\msvcrt.dll handle: 77C10000 size: 343040 crc: 0B7B1677 date: 2008-04-14 02:42:02
 C:\WINDOWS\system32\WS2HELP.dll handle: 71AA0000 size: 19968 crc: 3F24E096 date: 2008-04-14 02:42:12
 C:\WINDOWS\system32\SHELL32.dll handle: 7C9C0000 size: 8462336 crc: A88619FE date: 2011-01-21 14:44:37
 C:\WINDOWS\system32\SHLWAPI.dll handle: 77F60000 size: 474112 crc: BDFA6F45 date: 2009-12-08 09:23:28
 C:\WINDOWS\system32\IMM32.DLL handle: 76390000 size: 110080 crc: C1486DA0 date: 2008-04-14 02:41:56
 C:\WINDOWS\WinSxS\x86_Microsoft.Windows.Common-Controls_6595b64144ccf1df_6.0.2600.6028_x-ww_61e65202\comctl32.dll handle: 773D0000 size: 1054208 crc: 350BBD1B date: 2010-08-23 16:12:02
 C:\WINDOWS\system32\comctl32.dll handle: 5D090000 size: 617472 crc: B00C920E date: 2010-08-23 16:12:04
 C:\WINDOWS\system32\SHFolder.dll handle: 76780000 size: 25088 crc: 8009EA65 date: 2008-04-14 02:42:06
 C:\WINDOWS\system32\WINTRUST.dll handle: 76C30000 size: 177664 crc: 10F114B4 date: 2009-12-24 06:59:40
 C:\WINDOWS\system32\CRYPT32.dll handle: 77A80000 size: 599040 crc: F04E4319 date: 2008-04-14 02:41:52
 C:\WINDOWS\system32\MSASN1.dll handle: 77B20000 size: 58880 crc: 63D6A79F date: 2009-09-04 21:03:36
 C:\WINDOWS\system32\IMAGEHLP.dll handle: 76C90000 size: 144384 crc: F7A06429 date: 2008-04-14 02:41:56
 C:\WINDOWS\system32\wdmaud.drv handle: 72D20000 size: 23552 crc: EEB914CA date: 2008-04-14 02:42:46
 C:\WINDOWS\system32\msacm32.drv handle: 72D10000 size: 20480 crc: D5406BAE date: 2001-08-23 11:00:00
 C:\WINDOWS\system32\MSACM32.dll handle: 77BE0000 size: 71680 crc: EDE4B266 date: 2008-04-14 02:42:00
 C:\WINDOWS\system32\midimap.dll handle: 77BD0000 size: 18944 crc: 2E6D5FD1 date: 2008-04-14 02:41:58
 C:\WINDOWS\system32\uxtheme.dll handle: 5AD70000 size: 218624 crc: A4A915A5 date: 2008-04-14 02:42:10
 C:\WINDOWS\system32\MSCTF.dll handle: 74720000 size: 297984 crc: 392BE0B0 date: 2008-04-14 02:42:00
 C:\WINDOWS\system32\msctfime.ime handle: 755C0000 size: 177152 crc: 6D3663FE date: 2008-04-14 02:40:08
 C:\WINDOWS\system32\ole32.dll handle: 774E0000 size: 1288192 crc: 2C4B341E date: 2010-07-16 12:05:55
 C:\Program Files\Yandex\Punto Switcher\pshook.dll handle: 08000000 size: 22376 crc: F75436EA date: 2011-05-12 12:34:18
 C:\WINDOWS\system32\CLBCATQ.DLL handle: 76FD0000 size: 498688 crc: F43789FF date: 2008-04-14 02:41:52
 C:\WINDOWS\system32\COMRes.dll handle: 77050000 size: 792064 crc: 868482D5 date: 2008-04-14 02:41:52
 C:\WINDOWS\system32\OLEAUT32.dll handle: 77120000 size: 551936 crc: B6E16806 date: 2010-12-20 17:32:15
 C:\WINDOWS\system32\VERSION.dll handle: 77C00000 size: 18944 crc: 558B1DAF date: 2008-04-14 02:42:10
 C:\WINDOWS\system32\dmime.dll handle: 5C570000 size: 181248 crc: A021AC64 date: 2008-04-14 02:41:54
 C:\WINDOWS\system32\DSOUND.dll handle: 73F10000 size: 367616 crc: 33C2A52C date: 2008-04-14 02:41:54
 C:\WINDOWS\system32\dmusic.dll handle: 6C980000 size: 104448 crc: E9A2B682 date: 2008-04-14 02:41:54
 C:\WINDOWS\system32\KsUser.dll handle: 73EE0000 size: 4096 crc: BD8E6BD9 date: 2008-04-14 02:41:58
 C:\WINDOWS\system32\dmsynth.dll handle: 6C9A0000 size: 103424 crc: 3E2BFB05 date: 2008-04-14 02:41:54
 C:\WINDOWS\system32\dmloader.dll handle: 6CA10000 size: 35840 crc: 9271DC2B date: 2008-04-14 02:41:54
 C:\Program Files\DrWeb\drwebsp.dll handle: 10000000 size: 136944 crc: 493CFD32 date: 2009-11-26 13:11:50
 C:\WINDOWS\system32\msv1_0.dll handle: 77C70000 size: 136192 crc: E8B51352 date: 2009-09-11 14:18:39
 C:\WINDOWS\system32\cryptdll.dll handle: 76790000 size: 33280 crc: 15B1DB06 date: 2008-04-14 02:41:52
 C:\WINDOWS\system32\iphlpapi.dll handle: 76D60000 size: 94720 crc: E4D0E9E4 date: 2008-04-14 02:41:56
 C:\WINDOWS\system32\mswsock.dll handle: 71A50000 size: 245248 crc: 8244D3EE date: 2008-06-20 16:02:47
 C:\WINDOWS\system32\hnetcfg.dll handle: 662B0000 size: 344064 crc: 96358152 date: 2008-04-14 02:41:56
 C:\WINDOWS\System32\wshtcpip.dll handle: 71A90000 size: 19456 crc: F5533E87 date: 2008-04-14 02:42:12
 C:\Program Files\ABBYY Lingvo 12\LvHook.dll handle: 3AA00000 size: 258048 crc: D9B65660 date: 2006-12-13 21:08:20
 C:\WINDOWS\system32\psapi.dll handle: 76BF0000 size: 23040 crc: 75BBDCAD date: 2008-04-14 02:42:04

---- gamelog start ----
Tick 0: new game started
     Revision text changed to r22804, savegame version 163, not modified, _openttd_newgrf_version = 0x12005914
     New game mode: 1 landscape: 2
     Added NewGRF: GRF ID 46727806, checksum 09E95562B1894A4D55D5532C6A889621, filename: opengfx_trees-0.2.2\opengfx+trees.grf (md5sum matches)
     Added NewGRF: GRF ID 54560103, checksum 381A11BC5B0F0489B410A0A3B4967844, filename: smooth_snow_transition.1.2\smoothsnoww.grf (md5sum matches)
     Added NewGRF: GRF ID 4D656F91, checksum 12F9FE259342479F9EBAE143CC6B0186, filename: ECS(George)\ECSTown.grf (md5sum matches)
     Added NewGRF: GRF ID 4D656F94, checksum 6261FF7B5C177CD309BEB4AE77DA3723, filename: ECS(George)\ECSMach.grf (md5sum matches)
     Added NewGRF: GRF ID 4D656F9D, checksum C21F31F6A5E688C9B0CBBF42E78EC60D, filename: ECS(George)\ECSHouse.grf (md5sum matches)
     Added NewGRF: GRF ID 24251D2C, checksum 6E380EAEFD09E9FABACD48B7C5228E3A, filename: hungarian_truck_set-2.1\teherautow.grf (md5sum matches)
     Added NewGRF: GRF ID 6D620401, checksum C5ACB6D5536A464FD78871D91840A35F, filename: dbsetxlw.grf (md5sum matches)
     Added NewGRF: GRF ID 6D620402, checksum AE741625570BD08CA058BD4D3A7ED636, filename: dbxl_ecs.grf (md5sum matches)
     Added NewGRF: GRF ID 41533031, checksum F3A0A556505B7A94733D85B892C2070C, filename: swedish_houses-1.1.1\swehouses.grf (md5sum matches)
     Added NewGRF: GRF ID 4A430002, checksum 0728ADCB4DF2F1EB9247ABD449296F4E, filename: indstatrw.grf (md5sum matches)
     Added NewGRF: GRF ID 6D620601, checksum 44EB2F155862E4D4F0AB671D7021AF54, filename: newstatsw.grf (md5sum matches)
     Added NewGRF: GRF ID 78560007, checksum 4FF96B8C2A55CA3DE21F8049F9DF046F, filename: ikarus_set-5.3\ikarus2w.grf (md5sum matches)
---- gamelog end ----

*** End of OpenTTD Crash Report ***

Decoded stack trace:
[00] ???                  0x0043D862
[01] ???                  0x0043E91D
[02] ???                  0x0043E836
[03] ???                  0x0043DE01
[04] ???                  0x0043DE5C
[05] ???                  0x0047000E
[06] ???                  0x0044FF4B
[07] ???                  0x00450A67
[08] ???                  0x0044FF4B
[09] ???                  0x00453757
[10] ???                  0x00453F5B
[11] ???                  0x00470580
[12] ???                  0x00404DC5
[13] ???                  0x0046B04D
[14] ???                  0x0044CFCC
[15] ???                  0x004550DD
[16] ???                  0x0045539D

*** End of additional info ***
