*** OpenTTD Crash Report ***

Crash at: Tue Mar 26 17:28:19 2013
In game date: 1947-01-30 (17)

Crash reason:
 Signal:  Segmentation fault (11)
 Message: <none>

OpenTTD version:
 Version:    1.2.3 (0)
 NewGRF ver: 12386051
 Bits:       64
 Endian:     little
 Dedicated:  yes
 Build date: Nov  1 2012 13:12:56

Stacktrace:
 [00] /opt/openttd2/games/openttd2(_ZNK12CrashLogUnix13LogStacktraceEPcPKc+0x39) [0x687c49]
 [01] /opt/openttd2/games/openttd2(_ZNK8CrashLog12FillCrashLogEPcPKc+0xf0) [0x57c3c0]
 [02] /opt/openttd2/games/openttd2(_ZNK8CrashLog12MakeCrashLogEv+0x84) [0x57c664]
 [03] /opt/openttd2/games/openttd2() [0x687bb4]
 [04] /lib64/libc.so.6(+0x35b90) [0x7fd32c463b90]
 [05] /opt/openttd2/games/openttd2(_ZN12PacketWriter5WriteEPhm+0x2f) [0x62936f]
 [06] /opt/openttd2/games/openttd2() [0x6e183b]
 [07] /opt/openttd2/games/openttd2(_ZN20ThreadObject_pthread12stThreadProcEPv+0xb) [0x74c23b]
 [08] /lib64/libpthread.so.0(+0x7da6) [0x7fd32d35dda6]
 [09] /lib64/libc.so.6(clone+0x6d) [0x7fd32c51999d]

Operating system:
 Name:     Linux
 Release:  3.2.13-grsec-xxxx-grs-ipv6-64
 Version:  #1 SMP Thu Mar 29 09:48:59 UTC 2012
 Machine:  x86_64
 Compiler: GCC 4.5.4 "4.5.4"

Configuration:
 Blitter:      null
 Graphics set: OpenGFX (672)
 Language:     /opt/openttd2//share/games/openttd/lang/english.lng
 Music driver: null
 Music set:    NoMusic (0)
 Network:      server
 Sound driver: null
 Sound set:    NoSound (2)
 Video driver: dedicated

AI Configuration (local: 255):
  0: Human
  1: Human
  2: Human
  3: Human

Libraries:
 LZMA:       5.0.4
 LZO:        2.06
 PNG:        1.5.13
 Zlib:       1.2.7

---- gamelog start ----
Tick 0: new game started
     Revision text changed to 1.2.3, savegame version 174, not modified, _openttd_newgrf_version = 0x12386051
     New game mode: 1 landscape: 0
---- gamelog end ----

*** End of OpenTTD Crash Report ***
