*** OpenTTD Crash Report ***

Crash at: Mon Jan 11 21:02:19 2010

Crash reason:
 Exception: E1212012
 Location:  75979617
 Message:   NOT_REACHED triggered at line 389 of ..\src\roadstop.cpp

OpenTTD version:
 Version:    1.0.0-beta1 (0)
 NewGRF ver: 100048bf
 Bits:       32
 Endian:     little
 Dedicated:  no
 Build date: Dec 23 2009 23:31:33

Registers:
 EAX: 0012F590 EBX: 00000016 ECX: 00000000 EDX: 777064F4
 ESI: 0076E780 EDI: 00000000 EBP: 0012F5E0 ESP: 0012F590
 EIP: 75979617 EFLAGS: 00200246

 Bytes at instruction pointer:
 C9 C2 10 00 89 45 C0 EB ED 90 90 90 90 90 8B FF 55 8B EC 83 EC 1C 6A 00

Stack trace:
 E1212012 00000000 00000000 75979617 00000000 75EE88C9 0012F5EC 00000001
 00000000 001F0000 00000001 00238FB0 7770549C 77723263 FFFFFFFF 00000024
 0012F5DC 00000004 00000000 00000016 0012F640 00547BAD E1212012 00000000
 00000000 00000000 00615BD7 00000016 47D27909 002422A1 00000200 0012FBA8
 7771F037 FFFFFFFF 00000000 0012F628 00547B9D 00000001 0012F600 0012F194
 0012FF78 0061A940 47B31989 FFFFFFFE 0012F978 00614F5B 00000016 00000200
 0026B550 75EEF2AF 00000011 75EE4356 001F0178 00000000 001F0150 00000000
 75F05280 00238FB8 00265888 00000001 00000020 00000000 01000000 00000000
 00000100 01010305 0012F5D0 00000000 0012FF78 776DD74D 026F74D3 FFFFFFFE
 7771316F 77712D68 00000000 00238FB8 00000000 00010003 0012F8C4 00238FB0
 0012F768 75F2E16D 001F0000 00000000 00238FB8 00000001 0012F8C4 00000001
 00000000 00000000 00000500 00000320 00000000 007C0D18 00000010 0000001C
 0000000F 001203F2 00000006 00000360 00000000 0000027F 00000000 00000133
 00000008 50022080 003B0D48 00000000 00000000 00000035 00007F01 00238FB8
 00000000 0000000F 00000000 00000020 000001A0 0023901C 0012F8B8 75F2E6B9
 00000010 002422A1 00000200 75F2E6F1 00000001 00000000 0012F8F0 0034001C
 003B0784 000001C4 0000023C 00000FB0 00000000 00000000 75F2E70C 00000000
 00000001 000003A0 00001190 000016F4 01820000 092EBFE8 00000000 092EBFE8
 0012F7F4 7771A5E0 092EBFE8 092EBFE0 01820000 750C846B 0012F770 01820000
 0012F888 776DD74D 026E81CB FFFFFFFE 7771EC50 7771EFBF 776C0000 0012F860
 00000000 0012F8F0 7771ED7E 750C84F3 0012F8F8 00000000 0012F8F8 750C8403
 0012F8C0 0012F990 770D0000 00000000 00001613 000000E0 770D00E0 00000000
 0012F82C 092C0F48 0012F944 776DD74D 00110010 7718ED40 00000000 00000024
 00010003 00000008 0012F75C 00000000 00010004 0000007F 0012F988 007C0D18

Operating system:
 Name:    Windows
 Release: 6.1.7600 ()
 MSVC:    Yes

Configuration:
 Blitter:      8bpp-optimized
 Graphics set: OpenGFX
 Language:     english.lng
 Music driver: dmusic
 Music set:    original_windows
 Sound driver: win32
 Sound set:    OpenSFX
 Video driver: win32

AI Configuration:
  0: Human
  1: StreetTraffic (v1)
  3: StreetTraffic (v1)
  4: ChooChoo (v306)
  5: OtviAI (v283)
  7: AdmiralAI (v22)
  8: StreetTraffic (v1)

Libraries:
 FreeType:   2.3.11
 ICU:        4.2.1
 PNG:        1.2.40

Module information:
 D:\Program Files\OpenTTD\openttd.exe handle: 00400000 size: 3631104 crc: 639ECE82 date: 2009-12-23 23:34:48
 D:\Windows\SYSTEM32\ntdll.dll handle: 776C0000 size: 1286144 crc: D1A0A49D date: 2009-07-14 01:17:51
 D:\Windows\system32\kernel32.dll handle: 770D0000 size: 857088 crc: BBC23B70 date: 2009-07-14 01:15:35
 D:\Windows\system32\KERNELBASE.dll handle: 75970000 size: 288256 crc: 37432389 date: 2009-07-14 01:15:35
 D:\Windows\system32\WINMM.dll handle: 73D10000 size: 194048 crc: 2FBEB05C date: 2009-07-14 01:16:19
 D:\Windows\system32\msvcrt.dll handle: 75C10000 size: 690688 crc: 554C94A4 date: 2009-07-14 01:15:50
 D:\Windows\system32\USER32.dll handle: 75ED0000 size: 811520 crc: F5A646DD date: 2009-07-14 01:16:17
 D:\Windows\system32\GDI32.dll handle: 761B0000 size: 304640 crc: 252D0177 date: 2009-07-14 01:15:22
 D:\Windows\system32\LPK.dll handle: 761A0000 size: 26624 crc: 13E68B63 date: 2009-07-14 01:15:36
 D:\Windows\system32\USP10.dll handle: 762C0000 size: 627200 crc: 3887C4C8 date: 2009-07-14 01:16:17
 D:\Windows\system32\WS2_32.dll handle: 77090000 size: 206336 crc: 4C23BF22 date: 2009-07-14 01:16:20
 D:\Windows\system32\RPCRT4.dll handle: 771B0000 size: 652288 crc: 14458268 date: 2009-07-14 01:16:13
 D:\Windows\system32\NSI.dll handle: 75CC0000 size: 8704 crc: 2ACE9671 date: 2009-07-14 01:16:11
 D:\Windows\system32\ADVAPI32.dll handle: 76220000 size: 640000 crc: 24248FE4 date: 2009-07-14 01:14:53
 D:\Windows\SYSTEM32\sechost.dll handle: 778D0000 size: 92160 crc: B624B29A date: 2009-07-14 01:16:13
 D:\Windows\system32\SHELL32.dll handle: 763E0000 size: 12866560 crc: 1FCAA9C5 date: 2009-07-14 01:16:14
 D:\Windows\system32\SHLWAPI.dll handle: 77870000 size: 350208 crc: 8D9B2C39 date: 2009-07-14 01:16:14
 D:\Windows\system32\IMM32.DLL handle: 76200000 size: 118272 crc: F2F44531 date: 2009-07-14 01:15:32
 D:\Windows\system32\MSCTF.dll handle: 775F0000 size: 828928 crc: DFE09EEB date: 2009-07-14 01:15:43
 D:\Windows\system32\SHFolder.dll handle: 6EC70000 size: 7168 crc: 683AAC32 date: 2009-07-14 01:16:14
 D:\Windows\system32\ole32.dll handle: 77490000 size: 1412608 crc: 4ACC7A3A date: 2009-07-14 01:16:12
 D:\Windows\system32\MMDevAPI.DLL handle: 74310000 size: 213504 crc: 352DF99F date: 2009-07-14 01:15:41
 D:\Windows\system32\PROPSYS.dll handle: 74630000 size: 988160 crc: 0700E8D7 date: 2009-07-14 01:16:12
 D:\Windows\system32\OLEAUT32.dll handle: 76110000 size: 571904 crc: DCE3E850 date: 2009-07-14 01:16:12
 D:\Windows\system32\wdmaud.drv handle: 73C40000 size: 172032 crc: 03BEEBE2 date: 2009-07-14 01:14:08
 D:\Windows\system32\ksuser.dll handle: 73C30000 size: 4608 crc: EBE07232 date: 2009-07-14 01:15:35
 D:\Windows\system32\AVRT.dll handle: 74300000 size: 14336 crc: 9818237B date: 2009-07-14 01:14:58
 D:\Windows\system32\SETUPAPI.dll handle: 772F0000 size: 1668608 crc: F909EF01 date: 2009-07-14 01:16:14
 D:\Windows\system32\CFGMGR32.dll handle: 75890000 size: 145920 crc: 6377C630 date: 2009-07-14 01:15:02
 D:\Windows\system32\DEVOBJ.dll handle: 758C0000 size: 64512 crc: 2B501D62 date: 2009-07-14 01:15:11
 D:\Windows\system32\AUDIOSES.DLL handle: 73B60000 size: 195584 crc: BC939745 date: 2009-07-14 01:14:57
 D:\Windows\system32\msacm32.drv handle: 73B00000 size: 20992 crc: 73923147 date: 2009-07-14 01:14:08
 D:\Windows\system32\MSACM32.dll handle: 73AE0000 size: 72192 crc: ABA25814 date: 2009-07-14 01:15:42
 D:\Windows\system32\midimap.dll handle: 73AD0000 size: 16896 crc: C000494C date: 2009-07-14 01:15:40
 D:\Windows\system32\CRYPTBASE.dll handle: 75790000 size: 36864 crc: 00308E17 date: 2009-07-14 01:15:07
 D:\Windows\system32\CLBCatQ.DLL handle: 77260000 size: 522240 crc: 6C130B8A date: 2009-07-14 01:15:03
 D:\Windows\system32\uxtheme.dll handle: 745F0000 size: 249856 crc: 1CD7BB78 date: 2009-07-14 01:16:17
 D:\Program Files\Real\browserrecord\chrome\hook\rpchromebrowserrecordhelper.dll handle: 600E0000 size: 102400 crc: E632B3A4 date: 2009-11-27 02:49:19
 D:\Windows\WinSxS\x86_microsoft.windows.gdiplus_6595b64144ccf1df_1.1.7600.16385_none_72fc7cbf861225ca\gdiplus.dll handle: 74460000 size: 1624576 crc: CB3C117C date: 2009-07-14 01:03:50
 D:\Windows\system32\MSVCP71.dll handle: 7C3A0000 size: 499712 crc: 5A3B11D4 date: 2009-10-19 19:42:33
 D:\Windows\system32\MSVCR71.dll handle: 7C340000 size: 348160 crc: 35563170 date: 2009-10-19 19:42:34
 D:\Windows\system32\dwmapi.dll handle: 742C0000 size: 67072 crc: FC7CA4B8 date: 2009-07-14 01:15:13
 D:\Windows\System32\dmime.dll handle: 738B0000 size: 179712 crc: 179D7CFB date: 2009-07-14 01:15:12
 D:\Windows\System32\DSOUND.dll handle: 6C080000 size: 453632 crc: EC24F2F8 date: 2009-07-14 01:15:13
 D:\Windows\System32\POWRPROF.dll handle: 740E0000 size: 145408 crc: 9957ABF4 date: 2009-07-14 01:16:12
 D:\Windows\System32\dmusic.dll handle: 73AA0000 size: 101376 crc: F5D0AA6B date: 2009-07-14 01:15:12
 D:\Windows\system32\WINTRUST.dll handle: 75AE0000 size: 172544 crc: 3753F315 date: 2009-07-14 01:16:19
 D:\Windows\system32\CRYPT32.dll handle: 759C0000 size: 1151488 crc: CC34327C date: 2009-07-14 01:15:07
 D:\Windows\system32\MSASN1.dll handle: 75880000 size: 34816 crc: 4F65C9C8 date: 2009-08-29 06:57:31
 D:\Windows\System32\dmsynth.dll handle: 73820000 size: 105472 crc: 3B102040 date: 2009-07-14 01:15:12
 D:\Windows\System32\dmloader.dll handle: 73D80000 size: 38400 crc: 8A3F45D2 date: 2009-07-14 01:15:12
 D:\Windows\system32\mswsock.dll handle: 75280000 size: 232448 crc: 32400D27 date: 2009-07-14 01:15:51
 D:\Windows\System32\wshtcpip.dll handle: 74DA0000 size: 9216 crc: BA963A19 date: 2009-07-14 01:16:20
 D:\Windows\system32\psapi.dll handle: 77800000 size: 6144 crc: 25B988F9 date: 2009-07-14 01:16:12

---- gamelog start ----
Tick 0: game loaded
     Conversion from OTTD savegame without gamelog: version 92, 0
     Revision text changed to r14239, savegame version 101, not modified, _openttd_newgrf_version = 0x0700379f
     New game mode: 2 landscape: 0
     Added NewGRF: GRF ID 6D620900, checksum 923A716E2E8F22D61659B94C003C7CD5
Tick 0: game loaded
     Revision text changed to r15130, savegame version 109, not modified, _openttd_newgrf_version = 0x07003b1a
Tick 0: settings changed
     Setting changed: vehicle.dynamic_engines : 0 -> 1
Tick 0: game loaded
     Revision text changed to r15298, savegame version 112, not modified, _openttd_newgrf_version = 0x07003bc2
Tick 0: GRF config changed
     Removed NewGRF: 6D620900
Tick 0: game loaded
     Revision text changed to 0.7.2, savegame version 116, not modified, _openttd_newgrf_version = 0x07284272
     New game mode: 1 landscape: 0
Tick 52768: game loaded
     Revision text changed to 0.7.3, savegame version 116, not modified, _openttd_newgrf_version = 0x0738450e
Tick 23821: game loaded
     Revision text changed to 1.0.0-beta1, savegame version 132, not modified, _openttd_newgrf_version = 0x100048bf
---- gamelog end ----

*** End of OpenTTD Crash Report ***
