*** OpenTTD Crash Report ***

Crash at: Fri Feb 11 15:47:42 2011
In game date: 2334-02-11 (24)

Crash reason:
 Signal:  Aborted (6)
 Message: Assertion failed at line 2411 of /home/ttdistas/openttd-1.1.0-beta5/src/saveload/saveload.cpp: !_sl.saveinprogress

OpenTTD version:
 Version:    1.1.0-beta5 (1)
 NewGRF ver: 110055d0
 Bits:       32
 Endian:     little
 Dedicated:  yes
 Build date: Feb  8 2011 20:48:18

Stacktrace:
 [00] /usr/local/games/openttd(_ZNK12CrashLogUnix13LogStacktraceEPcPKc+0x43) [0x82b2253]
 [01] /usr/local/games/openttd(_ZNK8CrashLog12FillCrashLogEPcPKc+0x102) [0x81ac492]
 [02] /usr/local/games/openttd(_ZNK8CrashLog12MakeCrashLogEv+0xc4) [0x81ac5e4]
 [03] /usr/local/games/openttd [0x82b217e]
 [04] [0xb7813400]
 [05] [0xb7813430]
 [06] /lib/tls/i686/cmov/libc.so.6(gsignal+0x51) [0xb75824d1]
 [07] /lib/tls/i686/cmov/libc.so.6(abort+0x182) [0xb7585932]
 [08] /usr/local/games/openttd [0x829ffed]

Operating system:
 Name:     Linux
 Release:  2.6.31-22-generic-pae
 Version:  #70-Ubuntu SMP Thu Dec 2 00:54:52 UTC 2010
 Machine:  i686
 Compiler: GCC 4.4.1 "4.4.1"

Configuration:
 Blitter:      null
 Graphics set: original_windows (0)
 Language:     /usr/local/share/games/openttd/lang/english.lng
 Music driver: null
 Music set:    NoMusic (0)
 Network:      server
 Sound driver: null
 Sound set:    original_windows (0)
 Video driver: dedicated

AI Configuration (local: 255):
  0: Human
  1: Human
  2: Human
  3: Human
  4: Human
  5: Human
  6: Human
  7: Human
  8: Human
  9: Human
 10: Human

Libraries:
 LZMA:       4.999.8beta
 Zlib:       1.2.3.3

---- gamelog start ----
Tick 0: new game started
     Revision text changed to 0.7.0, savegame version 116, not modified, _openttd_newgrf_version = 0x07083e29
     New game mode: 2 landscape: 1
Tick 0: game loaded
     Revision text changed to 0.7.3, savegame version 116, not modified, _openttd_newgrf_version = 0x0738450e
Tick 0: GRF config changed
     Added NewGRF: GRF ID 54630002, checksum 5B3013612B24CE7C7478E683AAFDDBD0, filename: newgrf/road-cs-ottd.grf (md5sum matches)
Tick 0: game loaded
     Revision text changed to 0.7.4, savegame version 116, not modified, _openttd_newgrf_version = 0x074847b3
Tick 0: game loaded
     Revision text changed to 0.7.3, savegame version 116, not modified, _openttd_newgrf_version = 0x0738450e
Tick 0: game loaded
     Revision text changed to 0.7.4, savegame version 116, not modified, _openttd_newgrf_version = 0x074847b3
Tick 0: game loaded
     Revision text changed to 0.7.5, savegame version 116, not modified, _openttd_newgrf_version = 0x075848bb
Tick 0: settings changed
     Setting changed: vehicle.freight_trains : 1 -> 2
Tick 0: settings changed
     Setting changed: vehicle.freight_trains : 2 -> 3
Tick 0: settings changed
     Setting changed: vehicle.freight_trains : 3 -> 4
Tick 0: settings changed
     Setting changed: vehicle.freight_trains : 4 -> 5
Tick 0: settings changed
     Setting changed: vehicle.freight_trains : 5 -> 6
Tick 0: settings changed
     Setting changed: vehicle.freight_trains : 6 -> 5
Tick 0: settings changed
     Setting changed: vehicle.dynamic_engines : 0 -> 1
Tick 0: settings changed
     Setting changed: vehicle.dynamic_engines : 1 -> 0
Tick 0: settings changed
     Setting changed: vehicle.dynamic_engines : 0 -> 1
Tick 0: settings changed
     Setting changed: vehicle.plane_speed : 4 -> 3
Tick 0: settings changed
     Setting changed: vehicle.plane_speed : 3 -> 2
Tick 0: settings changed
     Setting changed: vehicle.plane_speed : 2 -> 1
Tick 0: GRF config changed
     Added NewGRF: GRF ID 535A0901, checksum BECE0FB994E34EBDF6DB76EC3B566914, unknown GRF
     Added NewGRF: GRF ID 504E0002, checksum 6E6944E09CE6C3AC130DF72C542EE4B1, unknown GRF
     Added NewGRF: GRF ID 52570103, checksum EDB2D26F9D81423734CA12412F309CF3, unknown GRF
     Added NewGRF: GRF ID 44440A01, checksum D48D7AD02CA355B92FAE081DC4A36868, unknown GRF
     Added NewGRF: GRF ID 27711002, checksum 3E2A2578101FFB3DD8AFC451CC43C8D0, unknown GRF
     Added NewGRF: GRF ID 52571201, checksum C1C7D8C53EB7E74EEE2F0EF29638B466, filename: egrvts.1.0/egrvts.grf (md5sum matches)
     Added NewGRF: GRF ID 41501201, checksum 4D8604EE336EB60F31A16462804ECE07, unknown GRF
     Added NewGRF: GRF ID 4D570102, checksum 8C41066F2430A1762047AB077B51EE63, filename: hover_bus.1.0/hoverbus_1.0.grf (md5sum matches)
     Added NewGRF: GRF ID 45520500, checksum 7E30CA79D5A8B3A6CBE873E26096D7D2, filename: newgrf/modernsuburbanw.GRF (md5sum matches)
     Added NewGRF: GRF ID 52455400, checksum 1600687C50C5AB1E72EDD487CAD50E2A, filename: coded_by_aegir._artwork_by_aegir-1/ae_cityw.grf (md5sum matches)
     Added NewGRF: GRF ID 4D4C0100, checksum 1E2A243600434194FB100E72E507D5EF, filename: newgrf/dutchcatw.grf (md5sum matches)
     Added NewGRF: GRF ID 524B0301, checksum BB7BBE4FF23B349D17ED0A682503680C, filename: lightrailtramtracks-0.2/tramtrkw.grf (md5sum matches)
     Added NewGRF: GRF ID 52455200, checksum 0E5A9C5ACD2BCAF7FA0658C3F905A660, filename: rural_stations-1/ae_ruraw.grf (md5sum matches)
     Added NewGRF: GRF ID 4D470302, checksum 52BFBEA55B7EDB8192DE26040FF03CC9, unknown GRF
     Added NewGRF: GRF ID 52455300, checksum 37C0B839B13C4B18051580C81EEDF427, filename: suburban_stations-1/ae_subuw.grf (md5sum matches)
     Added NewGRF: GRF ID 54560103, checksum 381A11BC5B0F0489B410A0A3B4967844, unknown GRF
     Added NewGRF: GRF ID 56430001, checksum AF3E0A1E6EF0B98DB966594578D1775B, filename: total_town_replacement_set-3.02a/ttrs3w.grf (md5sum matches)
     Added NewGRF: GRF ID 4A430002, checksum 0728ADCB4DF2F1EB9247ABD449296F4E, filename: industrial_stations_renewal.0.8.0/indstatrw.grf (md5sum matches)
     Added NewGRF: GRF ID 6D620004, checksum 70649F1AFC954942173B0AA89C1E8B14, filename: newgrf/newshipsw.grf (md5sum matches)
     Added NewGRF: GRF ID FBFB0401, checksum E497AFEB67D7501658FFC709C2E474A9, unknown GRF
Tick 0: game loaded
     New game mode: 1 landscape: 1
Tick 13: cheat was used
     New game mode: 1 landscape: 0
Tick 13: GRF config changed
     GRF order changed: 54560103 moved 13 places downGRF ID 54560103, unknown GRF
     Added NewGRF: GRF ID 4D656F91, checksum 080E81A6E0C9F250F84B9A5F8AB4C0DE, unknown GRF
     Added NewGRF: GRF ID 4D656F9C, checksum B0075347E455B3D995E905EE95CACF61, unknown GRF
     Added NewGRF: GRF ID 4D656F97, checksum 259C114EE60AA36D21865B829D1694DB, unknown GRF
     Added NewGRF: GRF ID 4D656F96, checksum 7F89EBFE06473B0F467E1F3544BDE63C, unknown GRF
     Added NewGRF: GRF ID 4D656F92, checksum 623D110A69F1768C7DCD8E9B7DB1D503, unknown GRF
     Added NewGRF: GRF ID 4D656F94, checksum FE9DDFD06CB759F1D6222AA84348983B, unknown GRF
     Added NewGRF: GRF ID 4D656F95, checksum B639051F51C2634403F42D2556E42C68, unknown GRF
     Added NewGRF: GRF ID 11223301, checksum 474A7FF52E675DED3154101B58B3E3C7, unknown GRF
     Added NewGRF: GRF ID 54560103, checksum 381A11BC5B0F0489B410A0A3B4967844, unknown GRF. Gamelog inconsistency: GrfID was already added!
Tick 13: game loaded
     New game mode: 2 landscape: 0
Tick 13: game loaded
     New game mode: 1 landscape: 0
Tick 25975: game loaded
     New game mode: 2 landscape: 0
Tick 25975: game loaded
     Revision text changed to 0.7.5, savegame version 116, maybe modified, _openttd_newgrf_version = 0x075848bb
Tick 25975: game loaded
     Revision text changed to 0.7.5, savegame version 116, not modified, _openttd_newgrf_version = 0x075848bb
     New game mode: 1 landscape: 0
Tick 25975: game loaded
     New game mode: 2 landscape: 0
Tick 25975: GRF config changed
     GRF order changed: 41501201 moved 11 places downGRF ID 41501201, unknown GRF
Tick 25975: game loaded
     New game mode: 1 landscape: 0
Tick 25975: game loaded
     New game mode: 2 landscape: 0
Tick 25975: game loaded
     New game mode: 1 landscape: 0
Tick 26330: cheat was used
     New game mode: 1 landscape: 1
Tick 29176: GRF config changed
     Added NewGRF: GRF ID 49420105, checksum A6E7B72F9C52F08303204C6FB3A3700A, filename: snow_line_mod-1.0.0/snowlinemod.grf (matches GRFID only)
Tick 29910: GRF config changed
     GRF order changed: 49420105 moved 17 places upGRF ID 49420105, filename: snow_line_mod-1.0.0/snowlinemod.grf (matches GRFID only)
     Removed NewGRF: GRF ID 49420105, filename: snow_line_mod-1.0.0/snowlinemod.grf (matches GRFID only)
Tick 34040: game loaded
     New game mode: 2 landscape: 1
Tick 34040: GRF config changed
     GRF order changed: 41501201 moved 12 places upGRF ID 41501201, unknown GRF
     Removed NewGRF: GRF ID 49420105, filename: snow_line_mod-1.0.0/snowlinemod.grf (matches GRFID only). Gamelog inconsistency: GrfID was never added!
     Added NewGRF: GRF ID 4D656F9D, checksum CCCAF4A57D7530367F045F764FB64440, unknown GRF
     Removed NewGRF: GRF ID 11223301, unknown GRF
     Added NewGRF: GRF ID 44501401, checksum 5F46A5DE67D0168B638A878FB2D49AEB, unknown GRF
Tick 34040: GRF config changed
     Removed NewGRF: GRF ID 535A0901, unknown GRF
     GRF order changed: 44440A01 moved 2 places downGRF ID 44440A01, unknown GRF
     Removed NewGRF: GRF ID 4D470302, unknown GRF
     Added NewGRF: GRF ID 554B5201, checksum 0D9C15FF1DC9AA50702780A730D9C650, unknown GRF
     Removed NewGRF: GRF ID 54630002, filename: newgrf/road-cs-ottd.grf (md5sum matches)
     GRF parameter changed: GRF ID 4D656F91, unknown GRF
     GRF parameter changed: GRF ID 4D656F9C, unknown GRF
     GRF parameter changed: GRF ID 4D656F97, unknown GRF
     GRF parameter changed: GRF ID 4D656F96, unknown GRF
     GRF parameter changed: GRF ID 4D656F92, unknown GRF
     GRF parameter changed: GRF ID 4D656F94, unknown GRF
     GRF parameter changed: GRF ID 4D656F95, unknown GRF
     Added NewGRF: GRF ID 05102002, checksum A8B77B8D1F20D43B6FA521B4C3A8FC50, filename: monolev_replacement_set_v0.3.6-0.3.7/mrsv037.grf (md5sum matches)
     Added NewGRF: GRF ID EC0D9110, checksum D1510A1006B03BCDAAFE562D5D05BACF, filename: raise_landscaping_costs.2/raise_landscaping_costs.grf (md5sum matches)
Tick 34040: game loaded
     Revision text changed to 1.0.0, savegame version 138, maybe modified, _openttd_newgrf_version = 0x10084c4a
Tick 34040: settings changed
     Setting changed: vehicle.never_expire_vehicles : 0 -> 1
Tick 34040: settings changed
     Setting changed: station.never_expire_airports : 0 -> 1
Tick 34040: GRF config changed
     Removed NewGRF: GRF ID 44501401, unknown GRF
     Added NewGRF: GRF ID FBFB0201, checksum C3714CCDCE206A9D1A3903A3A90D351E, unknown GRF
Tick 34040: GRF config changed
     GRF parameter changed: GRF ID EC0D9110, filename: raise_landscaping_costs.2/raise_landscaping_costs.grf (md5sum matches)
Tick 34040: game loaded
     New game mode: 1 landscape: 1
Tick 34040: game loaded
     New game mode: 2 landscape: 1
Tick 34040: game loaded
     Revision text changed to 1.0.1-RC1, savegame version 138, maybe modified, _openttd_newgrf_version = 0x10104cd3
Tick 34040: GRF config changed
     Removed NewGRF: GRF ID 554B5201, unknown GRF
     Added NewGRF: GRF ID 54630002, checksum 5B3013612B24CE7C7478E683AAFDDBD0, filename: newgrf/road-cs-ottd.grf (md5sum matches)
Tick 34040: game loaded
     Revision text changed to 1.0.2, savegame version 138, maybe modified, _openttd_newgrf_version = 0x10284e20
Tick 34040: GRF config changed
     Removed NewGRF: GRF ID 504E0002, unknown GRF
     Removed NewGRF: GRF ID 52570103, unknown GRF
     Removed NewGRF: GRF ID 44440A01, unknown GRF
     Removed NewGRF: GRF ID 45520500, filename: newgrf/modernsuburbanw.GRF (md5sum matches)
     Removed NewGRF: GRF ID 52455400, filename: coded_by_aegir._artwork_by_aegir-1/ae_cityw.grf (md5sum matches)
     Removed NewGRF: GRF ID 4D4C0100, filename: newgrf/dutchcatw.grf (md5sum matches)
     Removed NewGRF: GRF ID 524B0301, filename: lightrailtramtracks-0.2/tramtrkw.grf (md5sum matches)
     Removed NewGRF: GRF ID 52455200, filename: rural_stations-1/ae_ruraw.grf (md5sum matches)
     Removed NewGRF: GRF ID 52455300, filename: suburban_stations-1/ae_subuw.grf (md5sum matches)
     Removed NewGRF: GRF ID 56430001, filename: total_town_replacement_set-3.02a/ttrs3w.grf (md5sum matches)
     Removed NewGRF: GRF ID 4A430002, filename: industrial_stations_renewal.0.8.0/indstatrw.grf (md5sum matches)
     Removed NewGRF: GRF ID 54560103, unknown GRF
     Removed NewGRF: GRF ID FBFB0201, unknown GRF
Tick 34040: game loaded
     Revision text changed to 1.0.3, savegame version 138, maybe modified, _openttd_newgrf_version = 0x10384f2b
Tick 34040: GRF config changed
     Added NewGRF: GRF ID FBFB0402, checksum C5D462B520ED5EEB3AF5619DA165DA35, filename: metro_track_set-1.1.0/metrotrk.grf (md5sum matches)
     Removed NewGRF: GRF ID FBFB0401, unknown GRF
Tick 34040: GRF config changed
     Added NewGRF: GRF ID 27711003, checksum 332CA2515DAB3E8D6C72F28F6918630E, filename: 2cc_trainset-2.0.0beta3/2cctrainset.grf (md5sum matches)
     Removed NewGRF: GRF ID 27711002, unknown GRF
     Compatible NewGRF loaded: GRF ID 41501201, checksum C91BD14FAC7CA989FA0580DD7D792DD2, unknown GRF
     Removed NewGRF: GRF ID 4D656F91, unknown GRF
     Removed NewGRF: GRF ID 4D656F9C, unknown GRF
     Removed NewGRF: GRF ID 4D656F97, unknown GRF
     Removed NewGRF: GRF ID 4D656F96, unknown GRF
     Removed NewGRF: GRF ID 4D656F92, unknown GRF
     Removed NewGRF: GRF ID 4D656F94, unknown GRF
     Removed NewGRF: GRF ID 4D656F95, unknown GRF
     Removed NewGRF: GRF ID 4D656F9D, unknown GRF
Tick 34040: game loaded
     Revision text changed to 1.0.4, savegame version 138, maybe modified, _openttd_newgrf_version = 0x10485145
Tick 34040: GRF config changed
     Added NewGRF: GRF ID 52455400, checksum 1600687C50C5AB1E72EDD487CAD50E2A, filename: coded_by_aegir._artwork_by_aegir-1/ae_cityw.grf (md5sum matches)
     Added NewGRF: GRF ID 4A430002, checksum 0728ADCB4DF2F1EB9247ABD449296F4E, filename: industrial_stations_renewal.0.8.0/indstatrw.grf (md5sum matches)
     Added NewGRF: GRF ID 45520500, checksum 7E30CA79D5A8B3A6CBE873E26096D7D2, filename: newgrf/modernsuburbanw.GRF (md5sum matches)
     Added NewGRF: GRF ID 52455200, checksum 0E5A9C5ACD2BCAF7FA0658C3F905A660, filename: rural_stations-1/ae_ruraw.grf (md5sum matches)
     Added NewGRF: GRF ID 52455300, checksum 37C0B839B13C4B18051580C81EEDF427, filename: suburban_stations-1/ae_subuw.grf (md5sum matches)
     Added NewGRF: GRF ID 444E0400, checksum 735D3D74D5DCADBF1FD6EF7A9C5A3519, filename: vast_station_tiles-0.2.0/vast.grf (md5sum matches)
Tick 34040: game loaded
     Revision text changed to 1.0.5, savegame version 138, not modified, _openttd_newgrf_version = 0x1058531e
     Missing NewGRF: GRF ID 41501201, unknown GRF
Tick 34040: GRF config changed
     Removed NewGRF: GRF ID 27711003, filename: 2cc_trainset-2.0.0beta3/2cctrainset.grf (md5sum matches)
     Removed NewGRF: GRF ID FBFB0402, filename: metro_track_set-1.1.0/metrotrk.grf (md5sum matches)
     Removed NewGRF: GRF ID 05102002, filename: monolev_replacement_set_v0.3.6-0.3.7/mrsv037.grf (md5sum matches)
     Removed NewGRF: GRF ID 52455400, filename: coded_by_aegir._artwork_by_aegir-1/ae_cityw.grf (md5sum matches)
     Removed NewGRF: GRF ID 45520500, filename: newgrf/modernsuburbanw.GRF (md5sum matches)
     Removed NewGRF: GRF ID 52455200, filename: rural_stations-1/ae_ruraw.grf (md5sum matches)
     Removed NewGRF: GRF ID 52455300, filename: suburban_stations-1/ae_subuw.grf (md5sum matches)
     Added NewGRF: GRF ID 41501202, checksum 341646D3E73F9368E856A80856EC89B0, filename: heqs_heavy_equipment_set-1.0/heqs.grf (md5sum matches)
Tick 34040: GRF config changed
     Removed NewGRF: GRF ID 6D620004, filename: newgrf/newshipsw.grf (md5sum matches)
     Added NewGRF: GRF ID 46727806, checksum 09E95562B1894A4D55D5532C6A889621, filename: opengfx_trees-0.2.2/opengfx+trees.grf (md5sum matches)
     Added NewGRF: GRF ID 52571208, checksum DC83DAB2933FACCB91678D4F75ABCCC6, filename: generic_cars-0.4/cars.grf (md5sum matches)
     Added NewGRF: GRF ID 49420105, checksum AA49A3545A80BFC1AE361F5D0B6D75BC, filename: snow_line_mod-1.0.0/snowlinemod.grf (md5sum matches)
Tick 34040: game loaded
     New game mode: 1 landscape: 1
Tick 34040: game loaded
     Revision text changed to 1.0.5, savegame version 138, maybe modified, _openttd_newgrf_version = 0x1058531e
Tick 7115: game loaded
     Revision text changed to 1.1.0-beta5, savegame version 159, maybe modified, _openttd_newgrf_version = 0x110055d0
---- gamelog end ----

*** End of OpenTTD Crash Report ***
