*** OpenTTD Crash Report ***

Crash at: Fri Mar 06 11:07:17 2015
In game date: 2182-05-31 (15)

Crash reason:
 Exception: C0000005
 Location:  0042C246
 Message:   <none>

OpenTTD version:
 Version:    1.4.4 (0)
 NewGRF ver: 14486995
 Bits:       32
 Endian:     little
 Dedicated:  no
 Build date: Oct 21 2014 18:42:11

Registers:
 EAX: 00000000 EBX: 0DD281D8 ECX: 0DE01CB0 EDX: 0DE01CB0
 ESI: 0DEBFF28 EDI: 0E7BFE1C EBP: 0E7BFE00 ESP: 0E7BFDEC
 EIP: 0042C246 EFLAGS: 00010246

 Bytes at instruction pointer:
 8B 00 89 47 14 A1 44 F3 2E 01 8B 4D F4 89 47 18 64 89 0D 00 00 00 00 5E

Stack trace:
 0DD28200 0DEAF440 0E7BFE78 006D1BC0 FFFFFFFF 0E7BFE84 0042D11B 0DE01CB0
 00000080 012EE7F4 00000000 0E7BFEFC 0DB85128 02A40000 0DEAF3A0 00000002
 02A40000 00000000 00000000 0E7BFE4C 0DEAF400 00000001 0DE8D048 00000001
 0DE8D828 0DEAF440 77856501 00000000 0DEAF440 0DB85128 0DD28200 773F9D06
 00000000 00000002 00000002 0E7BFEDC 006D208D 00000001 0E7BFEEC 0042CA18
 0E7BFEFC 00000000 0E7BFEC8 012EE7F4 00000004 0DB85128 0DEBFF48 00B85128
 00000000 0DE01EC0 00000000 00000002 00000016 0DEBFF48 0000007F 0DE8D830
 0DE8D838 0DE8D838 00000000 0DD5E280 0E7BFF30 006D209F 00000000 03FD1010
 0E7BFF04 0042C02D 0E7BFEFC 0DB85128 0DB85128 FFFFFFFF 0E7BFF3C 0042BDA2
 0DB85128 00000000 0DEAF2A0 041AB4A8 005C2225 00000000 041AB4A8 041AB4A8
 0E7BFF20 0E7BFF6C 006CF960 00000000 0E7BFF7C 005C2202 0DEAF2A0 00693EFE
 0DEAF2A0 D393E013 00000000 041AB4A8 041AB4A8 C0000005 0E7BFF50 0E7BFA00
 0E7BFFC4 00698BD0 DD18BA0F 00000000 0E7BFF88 00693F88 00000000 0E7BFF94
 773FD3C9 041AB4A8 0E7BFFD4 77831603 041AB4A8 79A5A731 00000000 00000000
 041AB4A8 C0000005 77450971 77450971 0E7BFFA0 0E7BFA04 FFFFFFFF 777F9AA2
 005A11CD 00000000 0E7BFFEC 778315D6 00693F24 041AB4A8 00000000 00000000
 00000000 00000000 00693F24 041AB4A8 00000000 00000000 00000000 00000000
 00000000 00000000 00000000 00000000 00000000 00000000 00000000 00000000
 00000000 00000000 00000000 00000000 00000000 00000000 00000000 00000000
 00000000 00000000 00000000 00000000 00000000 00000000 00000000 00000000
 00000000 00000000 00000000 00000000 00000000 00000000 00000000 00000000
 00000000 00000000 00000000 00000000 00000000 00000000 00000000 00000000
 00000000 00000000 00000000 00000000 00000000 00000000 00000000 00000000
 00000000 00000000 00000000 00000000 00000000 00000000 00000000 00000000

Operating system:
 Name:     Windows
 Release:  6.0.6002 (Service Pack 2)
 Compiler: MSVC 1600

Configuration:
 Blitter:      8bpp-optimized
 Graphics set: OpenGFX (5203)
 Language:     C:\Program Files\OpenTTD\lang\english.lng
 Music driver: dmusic
 Music set:    OpenMSX (96)
 Network:      no
 Sound driver: win32
 Sound set:    OpenSFX (87)
 Video driver: win32

Fonts:
 Small:  sprite
 Medium: sprite
 Large:  sprite
 Mono:   sprite

AI Configuration (local: 0):
  0: Human
  1: Human
  2: Human
  3: Human
  4: Human
  5: Human

Libraries:
 FreeType:   2.4.11
 ICU:        51.2
 LZMA:       5.0.4
 LZO:        2.06
 PNG:        1.5.14
 Zlib:       1.2.7

Module information:
 C:\Program Files\OpenTTD\openttd.exe handle: 00400000 size: 11819520 crc: E749FB92 date: 2015-02-27 13:05:46
 C:\Windows\system32\ntdll.dll handle: 777F0000 size: 1205168 crc: 3A34FB84 date: 2013-07-09 12:10:36
 C:\Windows\system32\kernel32.dll handle: 773B0000 size: 894464 crc: 4E3A1E95 date: 2014-02-06 01:56:54
 C:\Windows\system32\WINMM.dll handle: 74FD0000 size: 189952 crc: FE5FC521 date: 2011-10-14 16:03:25
 C:\Windows\system32\msvcrt.dll handle: 76040000 size: 680448 crc: 2BA89372 date: 2011-12-14 16:17:47
 C:\Windows\system32\USER32.dll handle: 76400000 size: 627712 crc: 80F0F3C5 date: 2009-04-11 06:28:25
 C:\Windows\system32\GDI32.dll handle: 75E90000 size: 297984 crc: 860CEFE7 date: 2014-08-23 01:03:46
 C:\Windows\system32\ADVAPI32.dll handle: 760F0000 size: 800768 crc: D7864B03 date: 2009-04-11 06:28:17
 C:\Windows\system32\RPCRT4.dll handle: 76330000 size: 783360 crc: A869E4A0 date: 2013-07-10 09:47:00
 C:\Windows\system32\ole32.dll handle: 76530000 size: 1316864 crc: 35DF2E64 date: 2010-06-28 17:00:21
 C:\Windows\system32\OLEAUT32.dll handle: 764A0000 size: 564224 crc: 3BE86D0D date: 2014-11-26 02:05:50
 C:\Windows\system32\OLEACC.dll handle: 74AE0000 size: 238080 crc: 49653460 date: 2011-08-25 16:14:01
 C:\Windows\system32\WS2_32.dll handle: 77990000 size: 179200 crc: 5D581120 date: 2008-01-21 02:24:48
 C:\Windows\system32\NSI.dll handle: 77960000 size: 8192 crc: 10729B39 date: 2008-01-21 02:24:47
 C:\Windows\system32\IMM32.dll handle: 77970000 size: 114688 crc: 8D83D50A date: 2009-04-11 06:28:20
 C:\Windows\system32\MSCTF.dll handle: 75F10000 size: 807424 crc: 78787E19 date: 2009-04-11 06:28:20
 C:\Windows\system32\SHELL32.dll handle: 76890000 size: 11587584 crc: A0DC60FF date: 2014-03-25 13:26:04
 C:\Windows\system32\SHLWAPI.dll handle: 75FE0000 size: 353280 crc: 8C1197B8 date: 2012-11-22 03:54:36
 C:\Windows\system32\LPK.DLL handle: 77950000 size: 23552 crc: 2E03F135 date: 2009-06-15 14:52:42
 C:\Windows\system32\USP10.dll handle: 76810000 size: 502784 crc: 74912CFE date: 2014-04-26 16:01:22
 C:\Windows\WinSxS\x86_microsoft.windows.common-controls_6595b64144ccf1df_6.0.6002.18305_none_5cb72f2a088b0ed3\comctl32.dll handle: 74C00000 size: 1686016 crc: 3AB5D2D1 date: 2010-08-31 15:43:52
 C:\WINDOWS\system32\guard32.dll handle: 75AA0000 size: 386768 crc: 63F50437 date: 2015-01-30 12:27:45
 C:\Windows\system32\VERSION.dll handle: 75B70000 size: 20480 crc: 8C605EC4 date: 2009-04-11 06:28:25
 C:\Windows\system32\PSAPI.DLL handle: 77930000 size: 12288 crc: D7B812C5 date: 2006-11-02 09:46:12
 C:\Windows\system32\fltlib.dll handle: 75B10000 size: 14848 crc: A5DB6642 date: 2006-11-02 09:46:04
 C:\Windows\system32\uxtheme.dll handle: 746C0000 size: 240128 crc: 5F29223E date: 2008-01-21 02:23:43
 C:\Windows\system32\mswsock.dll handle: 754A0000 size: 223232 crc: 9C4248CA date: 2009-04-11 06:28:22
 C:\Windows\System32\wshtcpip.dll handle: 753D0000 size: 9216 crc: 10C50FC1 date: 2008-01-21 02:24:04
 C:\Windows\system32\wdmaud.drv handle: 73D30000 size: 167424 crc: AE942463 date: 2009-04-11 06:27:12
 C:\Windows\system32\ksuser.dll handle: 73D20000 size: 4608 crc: 4C647881 date: 2006-11-02 09:46:05
 C:\Windows\system32\MMDevAPI.DLL handle: 73DB0000 size: 150528 crc: 481F98E7 date: 2009-04-11 06:28:20
 C:\Windows\system32\AVRT.dll handle: 73D80000 size: 12800 crc: EB589AA0 date: 2008-01-21 02:24:54
 C:\Windows\system32\SETUPAPI.dll handle: 76680000 size: 1591296 crc: A225D6A1 date: 2009-04-11 06:28:24
 C:\Windows\system32\WINTRUST.dll handle: 750A0000 size: 172544 crc: 87BD4379 date: 2013-07-08 04:20:04
 C:\Windows\system32\CRYPT32.dll handle: 75740000 size: 993792 crc: 5B4F1B58 date: 2013-10-03 12:45:45
 C:\Windows\system32\MSASN1.dll handle: 758A0000 size: 60928 crc: D62CDC5B date: 2009-09-04 11:41:59
 C:\Windows\system32\USERENV.dll handle: 75D40000 size: 108544 crc: CC1E5DD3 date: 2009-04-11 06:28:25
 C:\Windows\system32\Secur32.dll handle: 75D20000 size: 72704 crc: DFC8B400 date: 2011-11-16 16:23:08
 C:\Windows\system32\imagehlp.dll handle: 75EE0000 size: 158208 crc: 089B335F date: 2013-10-22 07:19:59
 C:\Windows\system32\AUDIOSES.DLL handle: 73C60000 size: 115712 crc: 9E346B3A date: 2009-04-11 06:28:18
 C:\Windows\system32\audioeng.dll handle: 73BF0000 size: 396800 crc: 767DA743 date: 2014-10-03 01:17:16
 C:\Windows\system32\msacm32.drv handle: 73100000 size: 21504 crc: 28704D00 date: 2009-04-11 06:27:12
 C:\Windows\system32\MSACM32.dll handle: 730E0000 size: 71680 crc: A2E8F836 date: 2008-01-21 02:24:53
 C:\Windows\system32\midimap.dll handle: 730D0000 size: 17408 crc: 9FC56E7F date: 2009-04-11 06:28:20
 C:\Windows\system32\CLBCatQ.DLL handle: 779C0000 size: 523776 crc: C2EBF5E6 date: 2008-01-21 02:24:24
 C:\Windows\system32\dmime.dll handle: 73B10000 size: 178688 crc: 3063C87B date: 2008-01-21 02:23:37
 C:\Windows\system32\DSOUND.dll handle: 642B0000 size: 444416 crc: 2196E709 date: 2009-04-11 06:28:19
 C:\Windows\system32\POWRPROF.dll handle: 75100000 size: 98816 crc: F5FB120D date: 2009-04-11 06:28:23
 C:\Windows\system32\dmusic.dll handle: 73AD0000 size: 101888 crc: 9C95E7AB date: 2009-04-11 06:28:18
 C:\Windows\system32\dmsynth.dll handle: 73AB0000 size: 105472 crc: A572B2E6 date: 2009-04-11 06:28:18
 C:\Windows\system32\dmloader.dll handle: 73B00000 size: 38400 crc: 43D1875C date: 2008-01-21 02:23:37

---- gamelog start ----
Tick 0: new game started
     Revision text changed to 1.4.0-beta1, savegame version 188, not modified, _openttd_newgrf_version = 0x14006642
     New game mode: 1 landscape: 0
Tick 9193: game loaded
     Revision text changed to 1.4.0-beta2, savegame version 188, not modified, _openttd_newgrf_version = 0x14006677
Tick 22340: game loaded
     Revision text changed to h8bd9b807, savegame version 188, not modified, _openttd_newgrf_version = 0x14006721
Tick 471: game loaded
     Revision text changed to 1.4.4, savegame version 188, not modified, _openttd_newgrf_version = 0x14486995
     New game mode: 0 landscape: 0
---- gamelog end ----

*** End of OpenTTD Crash Report ***

Decoded stack trace:
[00] openttd              0x0042C246
[01] openttd              0x0042D11B
[02] openttd              0x0042CA18
[03] openttd              0x0042C02D
[04] openttd              0x0042BDA2
[05] openttd              0x005C2202
[06] openttd              0x00693F88
[07] kernel32             0x773FD3C9 BaseThreadInitThunk + 18
[08] ntdll                0x77831603 RtlInitializeExceptionChain + 99
[09] ntdll                0x778315D6 RtlInitializeExceptionChain + 54

*** End of additional info ***
