*** OpenTTD Crash Report ***

Crash at: Fri Jan 29 20:36:34 2010
In game date: 2080-01-23 (34)

Crash reason:
 Exception: E1212012
 Location:  7712FBAE
 Message:   NOT_REACHED triggered at line 582 of ..\src\saveload\saveload.cpp

OpenTTD version:
 Version:    r18951 (0)
 NewGRF ver: 10004a07
 Bits:       32
 Endian:     little
 Dedicated:  no
 Build date: Jan 29 2010 19:16:37

Registers:
 EAX: 0012F4E0 EBX: 00000016 ECX: 00000000 EDX: 77B05E74
 ESI: 00771F88 EDI: 00000000 EBP: 0012F530 ESP: 0012F4E0
 EIP: 7712FBAE EFLAGS: 00200246

 Bytes at instruction pointer:
 C9 C2 10 00 90 90 90 90 90 8B FF 55 8B EC 51 51 83 7D 10 00 56 0F 84 7F

Stack trace:
 E1212012 00000000 00000000 7712FBAE 00000000 776C4A0B 00000000 00273A38
 001C0000 57010056 00239590 0012F520 77B04E60 77ACC6C2 FFFFFFFF 00000024
 0012F52C 00000004 00000000 00000016 0012F590 0054A09C E1212012 00000000
 00000000 00000000 00618AB7 00000016 1C3AD0C1 007660E4 00000200 006F2054
 77ADA296 FFFFFFFF 00000000 0012F578 0054A08C 00000001 0012F550 0012F0FC
 0012FBB8 0061D820 1C5BE099 FFFFFFFE 0012F8C8 00617E3B 00000016 00000200
 00000080 0000077F 00000018 800038B8 00000025 00DA90F0 00289A28 00000000
 00000000 00000000 00000025 001C39D8 00000000 00000000 00000001 001C38C8
 000704A6 00273A40 00273EE8 000A002B 0087DE40 00000000 00000128 01010100
 0012F538 776E2DC0 0012FBB8 77AA99FA 009EBC3F FFFFFFFE 77B07512 77B07545
 00000000 00273A40 00000000 00010003 0012F824 0012F6C8 7770CD80 001C0000
 00000000 00273A38 00000001 0012F824 00000001 00000000 00000000 00000500
 00000304 00000000 007C4618 00000010 0000001F 0000000D 00200644 00000006
 00000000 00000000 000000C0 00000003 50022080 00000000 00000000 00000032
 00007F01 00273A40 00000001 0000001A 00000020 7F01FFFF 00000091 00000000
 00000122 00273AC0 0012F818 7770D2CA 00000010 007660E4 00000200 7770D302
 00000001 00000000 00000000 00000000 00C2077C 00000000 00000000 00000000
 00000000 00000000 7770D31C 00000000 00000001 00000000 00000000 00000000
 00000000 00000000 00000000 00000000 00000000 00000000 00000000 00000000
 00000000 00000000 00000000 00000000 00000000 00000000 00000000 00000000
 00000000 00000000 00000000 00000000 00000000 00000000 00000000 00000000
 00000000 00000000 00000000 00000000 00000000 00000000 00000000 00000000
 00000000 00000000 00000000 00000000 00000000 00000000 00000000 00000000
 00000000 00000000 00000000 00000000 00000000 00000000 00000000 00000000

Operating system:
 Name:     Windows
 Release:  6.0.6002 (Service Pack 2)
 Compiler: MSVC 1500

Configuration:
 Blitter:      32bpp-anim
 Graphics set: original_windows
 Language:     english_US.lng
 Music driver: dmusic
 Music set:    NoMusic
 Network:      no
 Sound driver: win32
 Sound set:    original_windows
 Video driver: win32

AI Configuration (local: 0):

Libraries:
 FreeType:   2.3.11
 ICU:        4.2.1
 LZO:        2.03
 PNG:        1.2.40
 Zlib:       1.2.3

Module information:
 C:\Program Files\OpenTTD\openttd.exe handle: 00400000 size: 3645952 crc: 67584747 date: 2010-01-29 19:20:36
 C:\Windows\system32\ntdll.dll handle: 77AA0000 size: 1202168 crc: 11EF8EE5 date: 2009-04-11 06:27:49
 C:\Windows\system32\kernel32.dll handle: 770F0000 size: 891392 crc: 1164F2B3 date: 2009-04-11 06:28:20
 C:\Windows\system32\WINMM.dll handle: 74C40000 size: 189952 crc: 3E8CBFF5 date: 2009-04-11 06:28:25
 C:\Windows\system32\msvcrt.dll handle: 76EA0000 size: 679936 crc: B0E5331E date: 2009-04-11 06:28:22
 C:\Windows\system32\USER32.dll handle: 776B0000 size: 627712 crc: 80F0F3C5 date: 2009-04-11 06:28:25
 C:\Windows\system32\GDI32.dll handle: 76160000 size: 297472 crc: 69625D80 date: 2009-04-11 06:28:19
 C:\Windows\system32\ADVAPI32.dll handle: 773F0000 size: 800768 crc: D7864B03 date: 2009-04-11 06:28:17
 C:\Windows\system32\RPCRT4.dll handle: 771D0000 size: 784896 crc: 35185859 date: 2009-04-23 12:15:07
 C:\Windows\system32\ole32.dll handle: 772A0000 size: 1316864 crc: CB56BE6B date: 2009-04-11 06:28:23
 C:\Windows\system32\OLEAUT32.dll handle: 761B0000 size: 563712 crc: 12E9F438 date: 2009-04-11 06:28:23
 C:\Windows\system32\OLEACC.dll handle: 74C00000 size: 234496 crc: 82CE51D9 date: 2009-10-08 21:08:01
 C:\Windows\system32\WS2_32.dll handle: 77BF0000 size: 179200 crc: 5D581120 date: 2008-01-19 07:37:09
 C:\Windows\system32\NSI.dll handle: 76150000 size: 8192 crc: 10729B39 date: 2008-01-19 07:35:57
 C:\Windows\system32\SHELL32.dll handle: 76390000 size: 11584000 crc: 766AA8BB date: 2009-04-11 06:28:24
 C:\Windows\system32\SHLWAPI.dll handle: 76330000 size: 353280 crc: 681AC986 date: 2009-04-11 06:28:24
 C:\Windows\system32\IMM32.DLL handle: 77BD0000 size: 114688 crc: 8D83D50A date: 2009-04-11 06:28:20
 C:\Windows\system32\MSCTF.dll handle: 76F50000 size: 807424 crc: 78787E19 date: 2009-04-11 06:28:20
 C:\Windows\system32\LPK.DLL handle: 77C30000 size: 23552 crc: 2E03F135 date: 2009-06-15 14:52:42
 C:\Windows\system32\USP10.dll handle: 77750000 size: 502272 crc: 33F7104F date: 2009-04-11 06:28:25
 C:\Windows\WinSxS\x86_microsoft.windows.common-controls_6595b64144ccf1df_6.0.6002.18005_none_5cb72f96088b0de0\comctl32.dll handle: 74EC0000 size: 1686016 crc: 1453762E date: 2009-04-11 06:21:38
 C:\Windows\system32\SHFolder.dll handle: 70CF0000 size: 7168 crc: 1CA14A5C date: 2006-11-02 09:46:13
 C:\Windows\system32\wdmaud.drv handle: 73E80000 size: 167424 crc: AE942463 date: 2009-04-11 06:27:12
 C:\Windows\system32\ksuser.dll handle: 73EC0000 size: 4608 crc: 4C647881 date: 2006-11-02 09:46:05
 C:\Windows\system32\MMDevAPI.DLL handle: 74B40000 size: 150528 crc: 481F98E7 date: 2009-04-11 06:28:20
 C:\Windows\system32\AVRT.dll handle: 74BC0000 size: 12800 crc: EB589AA0 date: 2008-01-19 07:33:47
 C:\Windows\system32\SETUPAPI.dll handle: 777D0000 size: 1591296 crc: A225D6A1 date: 2009-04-11 06:28:24
 C:\Windows\system32\WINTRUST.dll handle: 752C0000 size: 171520 crc: EE6B6CCB date: 2008-01-19 07:36:56
 C:\Windows\system32\CRYPT32.dll handle: 75A60000 size: 978944 crc: CE0B7499 date: 2009-04-11 06:28:18
 C:\Windows\system32\MSASN1.dll handle: 75BC0000 size: 60928 crc: D62CDC5B date: 2009-09-04 11:41:59
 C:\Windows\system32\USERENV.dll handle: 76000000 size: 108544 crc: CC1E5DD3 date: 2009-04-11 06:28:25
 C:\Windows\system32\Secur32.dll handle: 75FE0000 size: 72704 crc: C962EC8E date: 2009-06-15 14:53:43
 C:\Windows\system32\imagehlp.dll handle: 77C40000 size: 153088 crc: EEF49677 date: 2008-01-19 07:34:32
 C:\Windows\system32\AUDIOSES.DLL handle: 73E50000 size: 115712 crc: 9E346B3A date: 2009-04-11 06:28:18
 C:\Windows\system32\audioeng.dll handle: 73C20000 size: 397312 crc: 17666E45 date: 2008-01-19 07:33:45
 C:\Windows\system32\PSAPI.DLL handle: 76140000 size: 12288 crc: D7B812C5 date: 2006-11-02 09:46:12
 C:\Windows\system32\msacm32.drv handle: 73C10000 size: 21504 crc: 28704D00 date: 2009-04-11 06:27:12
 C:\Windows\system32\MSACM32.dll handle: 73BF0000 size: 71680 crc: A2E8F836 date: 2008-01-19 07:34:54
 C:\Windows\system32\midimap.dll handle: 73BE0000 size: 17408 crc: 9FC56E7F date: 2009-04-11 06:28:20
 C:\Windows\system32\CLBCatQ.DLL handle: 77C70000 size: 523776 crc: C2EBF5E6 date: 2008-01-19 07:33:52
 C:\Windows\system32\btmmhook.dll handle: 10000000 size: 208896 crc: A099EF11 date: 2007-03-29 18:11:16
 C:\Windows\system32\dmime.dll handle: 6A0A0000 size: 178688 crc: 3063C87B date: 2008-01-19 07:34:04
 C:\Windows\system32\DSOUND.dll handle: 716C0000 size: 444416 crc: 2196E709 date: 2009-04-11 06:28:19
 C:\Windows\system32\POWRPROF.dll handle: 75410000 size: 98816 crc: F5FB120D date: 2009-04-11 06:28:23
 C:\Windows\system32\dmusic.dll handle: 6C790000 size: 101888 crc: 9C95E7AB date: 2009-04-11 06:28:18
 C:\Windows\system32\dmsynth.dll handle: 6C750000 size: 105472 crc: A572B2E6 date: 2009-04-11 06:28:18
 C:\Windows\system32\dmloader.dll handle: 6C980000 size: 38400 crc: 43D1875C date: 2008-01-19 07:34:04
 C:\Program Files\Avira\AntiVir Desktop\avsda.dll handle: 02620000 size: 118017 crc: AF523B64 date: 2009-10-31 06:12:58
 C:\Windows\system32\mswsock.dll handle: 756F0000 size: 223232 crc: 9C4248CA date: 2009-04-11 06:28:22
 C:\Windows\System32\wshtcpip.dll handle: 75380000 size: 9216 crc: 10C50FC1 date: 2008-01-19 07:37:11

---- gamelog start ----
Tick 0: new game started
     Revision text changed to r15298, savegame version 112, not modified, _openttd_newgrf_version = 0x07003bc2
     New game mode: 2 landscape: 1
     Added NewGRF: GRF ID 4D656F97, checksum A0D76CE54A7B4FAF47387C5F386775BB, filename: ecs_agricultural_vector.b5__15_jan_2009_\ecsagriw.grf
     Added NewGRF: GRF ID 4D656F92, checksum 5E5462235E620BF92E63085907C9E4C3, filename: ecs_basic_vector.b5__13_jan_2009_\ecsbasicw.grf
     Added NewGRF: GRF ID 4D656F9C, checksum 2BEDF12F237807DF212DD48DE6B9C061, filename: ecs_chemical_vector_ii.b5__13_jan_2009_\ecschem2w.grf
     Added NewGRF: GRF ID 4D656F96, checksum 6B960BF239B6A67B81BD53D526474A3B, filename: ecs_construction_vector.b5__02_aug_2009_\ecsconstw.grf
     Added NewGRF: GRF ID 4D656F9D, checksum 77103E227D053EB21B2D51A6D042816F
     Added NewGRF: GRF ID 4D656F94, checksum 715B1D8B28F44F4E95C1270D83E07EF8, filename: ecs_machinery_vector.b5__13_jan_2009_\ecsmachw.grf
     Added NewGRF: GRF ID 4D656F95, checksum 309B65C58FA9A6ABE4AC2932882FC6E0, filename: ecs_wood_vector.b5__13_jan_2009_\ecswoodw.grf
Tick 0: settings changed
     Setting changed: station.always_small_airport : 0 -> 1
Tick 0: settings changed
     Setting changed: vehicle.dynamic_engines : 0 -> 1
Tick 0: GRF config changed
     Removed NewGRF: 4D656F97, filename: ecs_agricultural_vector.b5__15_jan_2009_\ecsagriw.grf
     Removed NewGRF: 4D656F92, filename: ecs_basic_vector.b5__13_jan_2009_\ecsbasicw.grf
     Removed NewGRF: 4D656F9C, filename: ecs_chemical_vector_ii.b5__13_jan_2009_\ecschem2w.grf
     Removed NewGRF: 4D656F96, filename: ecs_construction_vector.b5__02_aug_2009_\ecsconstw.grf
     Removed NewGRF: 4D656F9D
     Removed NewGRF: 4D656F94, filename: ecs_machinery_vector.b5__13_jan_2009_\ecsmachw.grf
     Removed NewGRF: 4D656F95, filename: ecs_wood_vector.b5__13_jan_2009_\ecswoodw.grf
Tick 0: game loaded
     Revision text changed to r18649, savegame version 132, not modified, _openttd_newgrf_version = 0x100048d9
     New game mode: 1 landscape: 1
Tick 16585: game loaded
     Revision text changed to r18773, savegame version 136, not modified, _openttd_newgrf_version = 0x10004955
Tick 41685: game loaded
     Revision text changed to r18781, savegame version 136, not modified, _openttd_newgrf_version = 0x1000495d
Tick 57835: game loaded
     Revision text changed to r18795, savegame version 136, not modified, _openttd_newgrf_version = 0x1000496b
Tick 57835: GRF config changed
     Added NewGRF: GRF ID 44550002, checksum 59CADBDBCF2BE70FB6B7CFE7536C057D, filename: germantowns.grf
     Added NewGRF: GRF ID 43414E61, checksum 3233EAB371490D899A348A0AE8C59591, filename: CaNames.grf
     Added NewGRF: GRF ID 455B0101, checksum F113BF1AA04EB43AED862C7491BCDFE2, filename: indonesian_town_names.0.1\indonesian-towns.grf
     Added NewGRF: GRF ID 45520C00, checksum FCF4EE39F19C02D9E8603D07621DDD99, filename: jpset_namw.GRF
     Added NewGRF: GRF ID CF6F0000, checksum D4A07FD09EA013E83D3DB388A3F2043B, filename: ukrainian_town_names.1.0\ukrainian_townnames.grf
     Added NewGRF: GRF ID 4D470401, checksum 05C22E8B47819FC428AC32A720B8B8D0, filename: swisstownnames.1.1\swisstowns.grf
     Added NewGRF: GRF ID FBFB9905, checksum F747797A14AAA646402DC4E16DE5E82C, filename: longer_girder__steel_bridge.1\longergirdersteelbridge.grf
Tick 57876: GRF config changed
     Removed NewGRF: FBFB9905, filename: longer_girder__steel_bridge.1\longergirdersteelbridge.grf
Tick 58797: GRF config changed
     Removed NewGRF: 44550002, filename: germantowns.grf
     Removed NewGRF: 43414E61, filename: CaNames.grf
     Removed NewGRF: 455B0101, filename: indonesian_town_names.0.1\indonesian-towns.grf
     Removed NewGRF: 45520C00, filename: jpset_namw.GRF
     Removed NewGRF: CF6F0000, filename: ukrainian_town_names.1.0\ukrainian_townnames.grf
     Removed NewGRF: 4D470401, filename: swisstownnames.1.1\swisstowns.grf
Tick 29966: game loaded
     Revision text changed to r18830, savegame version 136, not modified, _openttd_newgrf_version = 0x1000498e
Tick 33404: game loaded
     Revision text changed to r18863, savegame version 136, not modified, _openttd_newgrf_version = 0x100049af
Tick 15538: settings changed
     Setting changed: vehicle.never_expire_vehicles : 0 -> 1
Tick 15565: settings changed
     Setting changed: vehicle.never_expire_vehicles : 1 -> 0
Tick 15589: settings changed
     Setting changed: vehicle.never_expire_vehicles : 0 -> 1
Tick 15637: settings changed
     Setting changed: vehicle.never_expire_vehicles : 1 -> 0
Tick 15804: settings changed
     Setting changed: vehicle.plane_speed : 3 -> 4
Tick 15842: settings changed
     Setting changed: vehicle.plane_speed : 4 -> 3
Tick 15902: settings changed
     Setting changed: vehicle.plane_speed : 3 -> 2
Tick 15975: settings changed
     Setting changed: vehicle.plane_speed : 2 -> 3
Tick 16022: settings changed
     Setting changed: vehicle.plane_speed : 3 -> 2
Tick 33474: settings changed
     Setting changed: vehicle.plane_speed : 2 -> 3
Tick 52953: settings changed
     Setting changed: vehicle.never_expire_vehicles : 0 -> 1
Tick 47022: game loaded
     Revision text changed to r18867, savegame version 136, not modified, _openttd_newgrf_version = 0x100049b3
Tick 4767: game loaded
     Revision text changed to r18888, savegame version 136, not modified, _openttd_newgrf_version = 0x100049c8
Tick 61070: game loaded
     Revision text changed to r18898, savegame version 136, not modified, _openttd_newgrf_version = 0x100049d2
Tick 64835: game loaded
     Revision text changed to r18909, savegame version 136, not modified, _openttd_newgrf_version = 0x100049dd
Tick 48789: game loaded
     Revision text changed to r18917, savegame version 137, not modified, _openttd_newgrf_version = 0x100049e5
Tick 50270: game loaded
     Revision text changed to r18920, savegame version 137, not modified, _openttd_newgrf_version = 0x100049e8
Tick 59702: game loaded
     Revision text changed to r18927, savegame version 137, not modified, _openttd_newgrf_version = 0x100049ef
Tick 64774: game loaded
     Revision text changed to r18936, savegame version 137, not modified, _openttd_newgrf_version = 0x100049f8
---- gamelog end ----

*** End of OpenTTD Crash Report ***
