*** OpenTTD Crash Report ***

Crash at: Thu Jan 30 22:20:31 2014
In game date: 2018-01-14 (17)

Crash reason:
 Signal:  Aborted (6)
 Message: Assertion failed at line 728 of /bamboo/src/command.cpp: res.GetCost() == res2.GetCost() && res.Failed() == res2.Failed()

OpenTTD version:
 Version:    1.4.0-beta3 (0)
 NewGRF ver: 140066a1
 Bits:       64
 Endian:     little
 Dedicated:  no
 Build date: Jan 21 2014 20:12:16

Stacktrace:
 [00] /home/taede/OpenTTD/Welcome Server/openttd(_ZNK12CrashLogUnix13LogStacktraceEPcPKc+0x39) [0x7658c9]
 [01] /home/taede/OpenTTD/Welcome Server/openttd(_ZNK8CrashLog12FillCrashLogEPcPKc+0xf0) [0x5e6390]
 [02] /home/taede/OpenTTD/Welcome Server/openttd(_ZNK8CrashLog12MakeCrashLogEv+0x63) [0x5e6473]
 [03] /home/taede/OpenTTD/Welcome Server/openttd() [0x76581d]
 [04] /lib/x86_64-linux-gnu/libc.so.6(+0x36ff0) [0x7f94550a5ff0]
 [05] /lib/x86_64-linux-gnu/libc.so.6(gsignal+0x37) [0x7f94550a5f77]
 [06] /lib/x86_64-linux-gnu/libc.so.6(abort+0x148) [0x7f94550a95e8]
 [07] /home/taede/OpenTTD/Welcome Server/openttd() [0x74f9ef]
 [08] /home/taede/OpenTTD/Welcome Server/openttd(_Z18DoCommandPInternaljjjjPFvRK11CommandCostjjjEPKcbb+0x4c9) [0x5c5429]
 [09] /home/taede/OpenTTD/Welcome Server/openttd(_Z10DoCommandPjjjjPFvRK11CommandCostjjjEPKcb+0xe7) [0x5c58c7]
 [10] /home/taede/OpenTTD/Welcome Server/openttd(_ZN22BuildRailToolbarWindow14OnPlaceMouseUpE19ViewportPlaceMethod32ViewportDragDropSelectionProcess5Pointjj+0x1d2) [0x7ad972]
 [11] /home/taede/OpenTTD/Welcome Server/openttd(_Z23VpHandlePlaceSizingDragv+0x117) [0x8ebe57]
 [12] /home/taede/OpenTTD/Welcome Server/openttd(_Z17HandleMouseEventsv+0x151) [0x909cf1]
 [13] /home/taede/OpenTTD/Welcome Server/openttd(_ZN15VideoDriver_SDL9PollEventEv+0x105) [0x8e7905]
 [14] /home/taede/OpenTTD/Welcome Server/openttd(_ZN15VideoDriver_SDL8MainLoopEv+0x90) [0x8e7be0]
 [15] /home/taede/OpenTTD/Welcome Server/openttd(_Z12openttd_mainiPPc+0x11a2) [0x752062]
 [16] /lib/x86_64-linux-gnu/libc.so.6(__libc_start_main+0xf5) [0x7f9455090de5]
 [17] /home/taede/OpenTTD/Welcome Server/openttd() [0x51b6e9]

Operating system:
 Name:     Linux
 Release:  3.11.0-12-generic
 Version:  #19-Ubuntu SMP Wed Oct 9 16:20:46 UTC 2013
 Machine:  x86_64
 Compiler: GCC 4.4.5 "4.4.5"

Configuration:
 Blitter:      32bpp-anim
 Graphics set: original_windows (0)
 Language:     /home/taede/OpenTTD/Welcome Server/lang/english.lng
 Music driver: extmidi
 Music set:    original_windows (1)
 Network:      no
 Sound driver: sdl
 Sound set:    original_windows (0)
 Video driver: sdl

Fonts:
 Small:  sprite
 Medium: sprite
 Large:  sprite
 Mono:   sprite

AI Configuration (local: 1):
  0: Human
  1: Human
  2: Human
  3: Human
  4: Human
  5: Human
  6: Human

Libraries:
 FontConfig: 2.10.93
 FreeType:   2.4.2
 ICU:        4.4.1
 LZMA:       5.0.3
 LZO:        2.03
 PNG:        1.2.44
 SDL:        1.2.15
 Zlib:       1.2.8

---- gamelog start ----
Tick 0: new game started
     Revision text changed to 1.4.0-beta3, savegame version 188, not modified, _openttd_newgrf_version = 0x140066a1
     New game mode: 1 landscape: 2
     Added NewGRF: GRF ID 4D470305, checksum 2E96B9AB2BEA686BFF94961AD433A701, filename: basecosts-5.0/basecosts.grf (md5sum matches)
     Added NewGRF: GRF ID 4A53AA01, checksum E4C0F82E58963374BC14F7875C4AA59D, filename: nogridland-2010.10.14/nogridland.grf (md5sum matches)
     Added NewGRF: GRF ID 43485053, checksum 68B7DC640138E4F4B712F3CFB88167D6, filename: chips_station_set-1.4.0/chips.grf (md5sum matches)
     Added NewGRF: GRF ID 4A430002, checksum AA5AE6DC023A50FFFBEE98E0C9995D5F, filename: industrial_stations_renewal-0.9.3/indstatr.grf (md5sum matches)
     Added NewGRF: GRF ID 45530500, checksum 9B4FA4BD36869D64820D6A7EF45A718D, filename: japanese_stations-3.0/jpstations.grf (md5sum matches)
     Added NewGRF: GRF ID F1250005, checksum 71231BAE6D5F4A5878933ADB74CABEE5, filename: firs_industry_replacement_set-1.3.0/firs.grf (md5sum matches)
     Added NewGRF: GRF ID 41501202, checksum 7FD3A30F749BFA5D5E1DF61326AD9B08, filename: heqs_heavy_equipment_set-1.5.1/heqs.grf (md5sum matches)
     Added NewGRF: GRF ID 52453400, checksum 87E88EFA687F91CE44548E54DA55059F, filename: japanese_buildings-3.0/jpbuild.grf (md5sum matches)
     Added NewGRF: GRF ID 54420210, checksum 2526945EE57F065E0AB27A0F7AB92680, filename: us_town_names-1.0/us_towns.grf (md5sum matches)
     Added NewGRF: GRF ID 74677462, checksum 1D2A4E03D9F30922788C166254C27619, filename: total_bridge_renewal_set-1.2/total_bridges.grf (md5sum matches)
     Added NewGRF: GRF ID 56420202, checksum 1AFF9BDD5893C71281911C405D3246C1, filename: purr_universal_rainbow_rails-0.0.3/purr.grf (md5sum matches)
     Added NewGRF: GRF ID 48410101, checksum 82C23CD45F3C57FF663FF1D87C53EB90, filename: nuts_unrealistic_train_set-0.6.4/nuts.grf (md5sum matches)
     Added NewGRF: GRF ID 4F472B32, checksum 3FD44FD23CAC8D29AA314BF6A304B684, filename: opengfx_road_vehicles-0.4.0/ogfx-rv.grf (md5sum matches)
Tick 1335: game loaded
     New game mode: 2 landscape: 2
Tick 1335: game loaded
     New game mode: 1 landscape: 2
---- gamelog end ----

*** End of OpenTTD Crash Report ***
