*** OpenTTD Crash Report ***

Crash at: Mon Dec 30 13:35:41 2013
In game date: 2035-02-13 (5)

Crash reason:
 Signal:  Abort trap: 6 (6)
 Message: Assertion failed at line 451 of /bamboo/src/widgets/../window_gui.h: widget_index < this->nested_array_size

OpenTTD version:
 Version:    1.4.0-beta1 (0)
 NewGRF ver: 14006642
 Bits:       32
 Endian:     little
 Dedicated:  no
 Build date: Dec 24 2013 06:22:36


Stacktrace:
 [00] ???                  0x00000600

Operating system:
 Name:     Mac OS X
 Release:  10.9.1
 Machine:  Intel 80486
 Min Ver:  1040
 Compiler: GCC 4.0.1 "4.0.1 (Apple Inc. build 5490)"

Configuration:
 Blitter:      32bpp-anim
 Graphics set: original_windows (0)
 Language:     /Applications/OpenTTD.app/Contents/Resources/lang/english_US.lng
 Music driver: cocoa
 Music set:    NoMusic (0)
 Network:      no
 Sound driver: cocoa
 Sound set:    NoSound (2)
 Video driver: cocoa

Fonts:
 Small:  sprite
 Medium: sprite
 Large:  sprite
 Mono:   sprite

AI Configuration (local: 0):
  0: Human
  3: Convoy (v11)
  4: PathZilla (v6)
  5: Convoy (v11)
  6: Convoy (v11)
  7: PathZilla (v6)

Libraries:
 FreeType:   2.4.3
 ICU:        51.2
 LZMA:       5.0.0
 LZO:        2.03
 PNG:        1.4.4
 Zlib:       1.2.5

---- gamelog start ----
Tick 0: new game started
     Revision text changed to 1.4.0-beta1, savegame version 188, not modified, _openttd_newgrf_version = 0x14006642
     New game mode: 1 landscape: 0
     Added NewGRF: GRF ID FBFB0501, checksum 32533DE8356B7D38137770523929DFA3, filename: dutch_road_furniture-0.6.0/dutchroadfurniture.grf (md5sum matches)
     Added NewGRF: GRF ID FBFB0102, checksum FF36ECFC309CE45F6A340ADE2D3A2FF2, filename: dutch_tram_set-2.0.0/dutchtramset.grf (md5sum matches)
---- gamelog end ----

*** End of OpenTTD Crash Report ***
