*** OpenTTD Crash Report ***

Crash at: Tue Dec 29 19:27:59 2009

Crash reason:
 Signal:  Segmentation fault (11)
 Message: <none>

OpenTTD version:
 Version:    h3514f1c5 (0)
 NewGRF ver: 100048e0
 Bits:       64
 Endian:     little
 Dedicated:  no
 Build date: Dec 29 2009 19:54:38


Stacktrace:
 [00] openttd              0x00000001001781bd (CrashLog::FillCrashLog(char*, char const*) const + 253)
 [01] openttd              0x0000000100255657 (HandleCrash(int) + 215)
 [02] libSystem.B.dylib    0x00007fff870eeeaa (_sigtramp + 26)
 [03] ???                  0x0000000101d0b420
 [04] AppKit               0x00007fff84d4e2a8 (-[NSCGSContext dealloc] + 24)
 [05] AppKit               0x00007fff84d4e289 (-[NSWindowGraphicsContext dealloc] + 67)
 [06] CoreFoundation       0x00007fff80851246 (_CFAutoreleasePoolPop + 230)
 [07] Foundation           0x00007fff80ab1e87 (-[NSAutoreleasePool release] + 158)
 [08] openttd              0x0000000100256501 (SDL_main + 113)
 [09] openttd              0x000000010039dc90 (-[SDLMain applicationDidFinishLaunching:] + 48)
 [10] Foundation           0x00007fff80abf85a (_nsnote_callback + 167)
 [11] CoreFoundation       0x00007fff80874e3a (__CFXNotificationPost + 954)
 [12] CoreFoundation       0x00007fff808613e8 (_CFXNotificationPostNotification + 200)
 [13] Foundation           0x00007fff80ab67c4 (-[NSNotificationCenter postNotificationName:object:userInfo:] + 101)
 [14] AppKit               0x00007fff84cab772 (-[NSApplication _postDidFinishNotification] + 100)
 [15] AppKit               0x00007fff84cab6a7 (-[NSApplication _sendFinishLaunchingNotification] + 66)
 [16] AppKit               0x00007fff84d76645 (-[NSApplication(NSAppleEventHandling) _handleAEOpen:] + 219)
 [17] AppKit               0x00007fff84d762c1 (-[NSApplication(NSAppleEventHandling) _handleCoreEvent:withReplyEvent:] + 77)
 [18] Foundation           0x00007fff80aee156 (-[NSAppleEventManager dispatchRawAppleEvent:withRawReply:handlerRefCon:] + 360)
 [19] Foundation           0x00007fff80aedf86 (_NSAppleEventManagerGenericHandler + 114)
 [20] AE                   0x00007fff85acd292 (aeDispatchAppleEvent(AEDesc const*, AEDesc*, unsigned int, unsigned char*) + 162)
 [21] AE                   0x00007fff85acd18b (dispatchEventAndSendReply(AEDesc const*, AEDesc*) + 32)
 [22] AE                   0x00007fff85acd095 (aeProcessAppleEvent + 210)
 [23] HIToolbox            0x00007fff82e7e879 (AEProcessAppleEvent + 48)
 [24] AppKit               0x00007fff84c7b3d5 (_DPSNextEvent + 1191)
 [25] AppKit               0x00007fff84c7ab41 (-[NSApplication nextEventMatchingMask:untilDate:inMode:dequeue:] + 155)
 [26] AppKit               0x00007fff84c40747 (-[NSApplication run] + 395)
 [27] openttd              0x000000010039e2e3 (main + 1299)
 [28] openttd              0x000000010008a9f8 (start + 52)

Operating system:
 Name:    Mac OS X
 Release: 10.6.2
 Machine: Intel 80486
 Min Ver: 1050

Configuration:
 Blitter:      32bpp-anim
 Graphics set: original_windows
 Language:     german.lng
 Music driver: cocoa
 Music set:    NoMusic
 Sound driver: cocoa
 Sound set:    OpenSFX
 Video driver: sdl

AI Configuration:

Libraries:
 FreeType:   2.3.11
 ICU:        4.2.1
 PNG:        1.2.40
 SDL:        1.2.14

---- gamelog start ----
---- gamelog end ----

*** End of OpenTTD Crash Report ***
