*** OpenTTD Crash Report ***

Crash at: Sun Dec 20 21:01:24 2009

Crash reason:
 Exception: E1212012
 Location:  76A9B727
 Message:   Assertion failed at line 956 of ..\src\strings.cpp: v != NULL

OpenTTD version:
 Version:    r18449 (0)
 NewGRF ver: 08004811
 Bits:       32
 Endian:     little
 Dedicated:  no
 Build date: Dec  9 2009 19:26:14

Registers:
 EAX: 0018F068 EBX: 00000016 ECX: 00000000 EDX: 0008E3B8
 ESI: 0076D660 EDI: 00000000 EBP: 0018F0B8 ESP: 0018F068
 EIP: 76A9B727 EFLAGS: 00000246

 Bytes at instruction pointer:
 C9 C2 10 00 CC CC CC CC CC 8B FF 55 8B EC 56 8B 75 08 83 FE F4 72 18 83

Stack trace:
 E1212012 00000000 00000000 76A9B727 00000000 0018F16C 7740371E 00870138
 774036FA 774D8A63 00000000 00870000 773EFA8A 77410E72 FFFFFFFF 00000024
 0018F0B4 00000004 00000000 00000016 0018F118 00545564 E1212012 00000000
 00000000 00000000 00613587 00000016 8AE656C2 00000000 00000200 00000000
 77409BEC FFFFFFFF 00000000 0018F100 00545554 00000001 0018F0D8 0018EC2C
 0018FF78 006182F0 8A8DDDAA FFFFFFFE 0018F450 0061290B 00000016 00000200
 00000001 000F031A 008C0BE0 008F5298 00000000 00000032 00000000 010002C0
 00000000 00000190 01010000 0018F08C 768F288A 0018FF78 7744041D 006ABDFF
 FFFFFFFE 774036FA 774032F2 00000000 008C0BE0 00010003 00000000 0018F398
 008C0BD8 0018F234 7692F908 00870000 00000000 008C0BE0 00000001 0018F398
 00000001 0000001C 0000000F 00000000 007BF818 00000010 00130024 00704768
 00000006 00000000 00000000 00000556 000002E2 00000000 0000012D 0018F398
 000001DE 00000000 00007F01 00000000 00000000 0000000F 50022080 00000035
 00000020 00000008 00000000 0000019A 00000000 008C0BE0 00AF135C 00000000
 008C0C44 00AF13C8 00000120 0018F38C 7692FBAC 00000010 00000000 00000200
 7692FBE4 00000001 0018FAB8 0044033C 00001F09 00001F4E 00000000 00AF0E04
 00000001 00000000 00000000 00000000 00000000 7692FBFC 00000000 00000001
 37A3C220 3734342C 0018FA00 00419BA1 00000128 0018F2C0 004347AE 00771B70
 00000000 00419762 0018FAD8 00419BA1 00000002 00000068 00000001 0018F2D8
 0000000C 00000001 00000000 00000001 31BF80EE 4F207473 31207463 00363639
 00000002 00000000 00000000 00000001 4D8381EE 202E7861 696C6552 6C696261
 3A797469 B580EE20 00253239 80EE203A 203531B5 72616579 773F0073 006C0A78
 0018F49C 773FFF13 773FE032 773FFEF8 774D8F93 00000001 773FFB97 00000000
 00000000 00000000 0018F4F0 00000000 00000000 0000007F 0018F460 007BF818

Operating system:
 Name:    Windows
 Release: 6.1.7600 ()
 MSVC:    Yes

Configuration:
 Blitter:      8bpp-optimized
 Graphics set: OpenGFX
 Language:     english.lng
 Music driver: dmusic
 Sound driver: win32
 Sound set:    OpenSFX
 Video driver: win32

AI Configuration:
  0: Human
  1: DummyAI (v1)
  2: DummyAI (v1)

Libraries:
 FreeType:   2.3.11
 ICU:        4.2.1
 PNG:        1.2.40

Module information:
 C:\Users\Pete\Desktop\OpenTTD\openttd-trunk-r18449-windows-win32\openttd.exe handle: 00400000 size: 3623936 crc: 9D8F11EF date: 2009-12-09 19:30:18
 C:\Windows\SysWOW64\ntdll.dll handle: 773D0000 size: 1289712 crc: BF7A7A2C date: 2009-07-14 01:17:51
 C:\Windows\syswow64\kernel32.dll handle: 76530000 size: 836608 crc: C271BF8C date: 2009-07-14 01:11:23
 C:\Windows\syswow64\KERNELBASE.dll handle: 76A90000 size: 269824 crc: 778A4077 date: 2009-07-14 01:11:23
 C:\Windows\system32\WINMM.dll handle: 6F410000 size: 194048 crc: 2FBEB05C date: 2009-07-14 01:16:19
 C:\Windows\syswow64\msvcrt.dll handle: 76EC0000 size: 690688 crc: 554C94A4 date: 2009-07-14 01:15:50
 C:\Windows\syswow64\USER32.dll handle: 768C0000 size: 833024 crc: E462ECF7 date: 2009-07-14 01:11:24
 C:\Windows\syswow64\GDI32.dll handle: 76C80000 size: 310784 crc: D911CA67 date: 2009-07-14 01:11:21
 C:\Windows\syswow64\LPK.dll handle: 768B0000 size: 25600 crc: 3C6CC57C date: 2009-07-14 01:11:23
 C:\Windows\syswow64\USP10.dll handle: 76D70000 size: 627200 crc: 3887C4C8 date: 2009-07-14 01:16:17
 C:\Windows\syswow64\ADVAPI32.dll handle: 76440000 size: 640000 crc: 24248FE4 date: 2009-07-14 01:14:53
 C:\Windows\SysWOW64\sechost.dll handle: 76E70000 size: 92160 crc: B624B29A date: 2009-07-14 01:16:13
 C:\Windows\syswow64\RPCRT4.dll handle: 75D70000 size: 662528 crc: 21A3ED97 date: 2009-07-14 01:11:23
 C:\Windows\syswow64\SspiCli.dll handle: 74F40000 size: 96768 crc: 39F99A13 date: 2009-07-14 01:11:24
 C:\Windows\syswow64\CRYPTBASE.dll handle: 74F30000 size: 36864 crc: 00308E17 date: 2009-07-14 01:15:07
 C:\Windows\syswow64\WS2_32.dll handle: 76D10000 size: 206336 crc: 4C23BF22 date: 2009-07-14 01:16:20
 C:\Windows\syswow64\NSI.dll handle: 76660000 size: 8704 crc: 2ACE9671 date: 2009-07-14 01:16:11
 C:\Windows\syswow64\SHELL32.dll handle: 74FA0000 size: 12866560 crc: 1FCAA9C5 date: 2009-07-14 01:16:14
 C:\Windows\syswow64\SHLWAPI.dll handle: 76E10000 size: 350208 crc: 8D9B2C39 date: 2009-07-14 01:16:14
 C:\Windows\system32\IMM32.DLL handle: 76F70000 size: 119808 crc: BC43D00A date: 2009-07-14 01:11:21
 C:\Windows\syswow64\MSCTF.dll handle: 769C0000 size: 828928 crc: DFE09EEB date: 2009-07-14 01:15:43
 C:\Windows\system32\SHFolder.dll handle: 731F0000 size: 7168 crc: 683AAC32 date: 2009-07-14 01:16:14
 C:\Windows\syswow64\ole32.dll handle: 761A0000 size: 1412608 crc: 4ACC7A3A date: 2009-07-14 01:16:12
 C:\Windows\system32\MMDevAPI.DLL handle: 737F0000 size: 213504 crc: 352DF99F date: 2009-07-14 01:15:41
 C:\Windows\system32\PROPSYS.dll handle: 72140000 size: 988160 crc: 0700E8D7 date: 2009-07-14 01:16:12
 C:\Windows\syswow64\OLEAUT32.dll handle: 75CE0000 size: 571904 crc: DCE3E850 date: 2009-07-14 01:16:12
 C:\Windows\system32\wdmaud.drv handle: 731C0000 size: 172032 crc: 03BEEBE2 date: 2009-07-14 01:14:08
 C:\Windows\system32\ksuser.dll handle: 73420000 size: 4608 crc: EBE07232 date: 2009-07-14 01:15:35
 C:\Windows\system32\AVRT.dll handle: 73780000 size: 14336 crc: 9818237B date: 2009-07-14 01:14:58
 C:\Windows\syswow64\SETUPAPI.dll handle: 76AE0000 size: 1668608 crc: F909EF01 date: 2009-07-14 01:16:14
 C:\Windows\syswow64\CFGMGR32.dll handle: 76E90000 size: 145920 crc: 6377C630 date: 2009-07-14 01:15:02
 C:\Windows\syswow64\DEVOBJ.dll handle: 76D50000 size: 64512 crc: 2B501D62 date: 2009-07-14 01:15:11
 C:\Windows\system32\AUDIOSES.DLL handle: 73740000 size: 195584 crc: BC939745 date: 2009-07-14 01:14:57
 C:\Windows\system32\msacm32.drv handle: 731B0000 size: 20992 crc: 73923147 date: 2009-07-14 01:14:08
 C:\Windows\system32\MSACM32.dll handle: 73190000 size: 72192 crc: ABA25814 date: 2009-07-14 01:15:42
 C:\Windows\system32\midimap.dll handle: 73180000 size: 16896 crc: C000494C date: 2009-07-14 01:15:40
 C:\Windows\syswow64\CLBCatQ.DLL handle: 76110000 size: 522240 crc: 6C130B8A date: 2009-07-14 01:15:03
 C:\Windows\system32\uxtheme.dll handle: 727C0000 size: 245760 crc: 60C5C746 date: 2009-07-14 01:11:24
 C:\Windows\system32\dwmapi.dll handle: 72840000 size: 67072 crc: FC7CA4B8 date: 2009-07-14 01:15:13
 C:\Windows\System32\dmime.dll handle: 73140000 size: 179712 crc: 179D7CFB date: 2009-07-14 01:15:12
 C:\Windows\System32\DSOUND.dll handle: 70070000 size: 453632 crc: EC24F2F8 date: 2009-07-14 01:15:13
 C:\Windows\System32\POWRPROF.dll handle: 70040000 size: 145408 crc: 9957ABF4 date: 2009-07-14 01:16:12
 C:\Windows\System32\dmusic.dll handle: 70020000 size: 101376 crc: F5D0AA6B date: 2009-07-14 01:15:12
 C:\Windows\syswow64\WINTRUST.dll handle: 76880000 size: 172544 crc: 3753F315 date: 2009-07-14 01:16:19
 C:\Windows\syswow64\CRYPT32.dll handle: 75FF0000 size: 1151488 crc: CC34327C date: 2009-07-14 01:15:07
 C:\Windows\syswow64\MSASN1.dll handle: 773A0000 size: 34816 crc: 4F65C9C8 date: 2009-08-29 06:57:31
 C:\Windows\System32\dmsynth.dll handle: 70000000 size: 105472 crc: 3B102040 date: 2009-07-14 01:15:12
 C:\Windows\System32\dmloader.dll handle: 6FFF0000 size: 38400 crc: 8A3F45D2 date: 2009-07-14 01:15:12
 C:\Windows\system32\mswsock.dll handle: 72A90000 size: 232448 crc: 32400D27 date: 2009-07-14 01:15:51
 C:\Windows\System32\wshtcpip.dll handle: 72A80000 size: 9216 crc: BA963A19 date: 2009-07-14 01:16:20
 C:\Windows\syswow64\psapi.dll handle: 76870000 size: 6144 crc: 25B988F9 date: 2009-07-14 01:16:12

---- gamelog start ----
Tick 0: new game started
     Revision text changed to r18449, savegame version 130, not modified, _openttd_newgrf_version = 0x08004811
     New game mode: 1 landscape: 0
---- gamelog end ----

*** End of OpenTTD Crash Report ***
