*** OpenTTD Crash Report ***

Crash at: Fri Nov 16 19:39:53 2012
In game date: 3024-04-30 (49)

Crash reason:
 Exception: C0000005
 Location:  005B4360
 Message:   <none>

OpenTTD version:
 Version:    1.2.3 (0)
 NewGRF ver: 12386051
 Bits:       32
 Endian:     little
 Dedicated:  no
 Build date: Oct 31 2012 21:42:02

Registers:
 EAX: 0B951E94 EBX: 0013F5D4 ECX: 00143FFD EDX: 00000000
 ESI: 0000202D EDI: 0B94B229 EBP: 0013D38C ESP: 0013D358
 EIP: 005B4360 EFLAGS: 00210202

 Bytes at instruction pointer:
 8B 11 89 10 83 EE 04 83 C0 04 83 C1 04 83 FE 04 73 EE 85 F6 76 20 8A 11

Stack trace:
 0B889D30 00000000 0013F5E0 0B96B1FC 00500F4B 0013D38C 00000000 0B94B1F8
 0013F5D4 00000000 0B96B1F8 0B94B1F8 00000000 00000000 00730073 0013D964
 0C112B07 0C114125 00002733 0B83D010 0586C2B1 005BCF4F 0C114125 0C112B07
 000000DF 00000004 002D0032 00310031 00310044 0042002D 00460045 00000043
 00020000 00000000 00460034 00000190 00060000 0005FFBC 00000000 0000005F
 00040000 0C0B9020 0B8434F0 00000000 04000000 03D289AC 00000000 00060000
 00000003 00060000 0000000B 0143D10D 0000161D 0000031B 0000664B 00000003
 01000000 00000000 00020000 00000000 00000000 0B88C358 00000000 0013D74C
 0000C806 005C1D9A 0B83D010 0B88B2E8 0B8B8C06 0013D74C 0000C806 03D289AC
 00000000 00060000 00000003 0B88C380 0B88B2EC 0B88C378 0000161D 0000031B
 0C0F9020 0B8D3CA8 0C0F9020 00020000 0013D748 005BE0C5 0B8D3CA8 0C0F9020
 00020000 0013D74C 0000C806 005C1D9A 0B8B8C06 0000C806 0B858570 0013D74C
 0B8585C8 005BF0B3 0B8D3CA8 00000000 32BBD7D9 0013D748 01C41B38 0013D74C
 0B858570 005BFAAF 0B8585C8 00000001 0B8D3CA8 00020000 0000C806 0B8D3CA8
 0013D748 00020000 00000000 0013D7B4 0000C806 77E066F9 0B822016 0000C806
 00040000 00000000 0B8585C8 005BF0B3 0B8B8C06 00000000 FFFBFFFF 7FFFFFFF
 00020000 00000000 0B858570 00020000 01C41B38 00000000 0B85C530 00020000
 0000C806 01C41B08 0013D74C 0B8D3CA8 0000C806 005B6B18 0B858570 00000000
 0B8B8C06 0013D74C 0000C806 0B8D3CA8 0013D748 00020000 00000000 00000000
 FFFBFFFF 7FFFFFFF 00020000 00000000 0000C806 0B8B8C06 0B97A540 00000000
 01C41C54 01C41C50 01C41B38 01C41BF8 0013D7B4 01C41B10 0000C806 005B6B18
 0B858570 00000000 0B822016 0013D7B4 0000C806 0B85C530 0013D7B0 00020000
 00000000 77E06938 0013D880 77E068D1 0013D8F0 00E9C998 0000C806 0B822016
 77E06931 00000000 0B97A65C 0B97A658 0B97A540 0B97A600 00000000 0B97A518

Operating system:
 Name:     Windows
 Release:  6.2.9200 ()
 Compiler: MSVC 1600

Configuration:
 Blitter:      8bpp-optimized
 Graphics set: OpenGFX (988)
 Language:     C:\Program Files\OpenTTD\lang\estonian.lng
 Music driver: dmusic
 Music set:    NoMusic (0)
 Network:      no
 Sound driver: win32
 Sound set:    NoSound (2)
 Video driver: win32

AI Configuration (local: 0):
  0: Human
  1: Human
  2: Human
  3: Human

Libraries:
 FreeType:   2.4.5
 ICU:        4.4.2
 LZMA:       5.0.3
 LZO:        2.05
 PNG:        1.5.4
 Zlib:       1.2.5

Module information:
 C:\Program Files\OpenTTD\openttd.exe handle: 00400000 size: 8422912 crc: 2305757A date: 2012-10-31 21:45:34
 C:\Windows\SYSTEM32\ntdll.dll handle: 77DE0000 size: 1472896 crc: 4A8EA76B date: 2012-07-26 04:17:18
 C:\Windows\system32\KERNEL32.DLL handle: 77CB0000 size: 1011712 crc: 198D8858 date: 2012-07-26 03:18:47
 C:\Windows\system32\KERNELBASE.dll handle: 754F0000 size: 756736 crc: E3D540B8 date: 2012-07-26 04:17:15
 C:\Windows\SYSTEM32\WINMM.dll handle: 71110000 size: 125440 crc: D3B412A5 date: 2012-07-26 03:20:25
 C:\Windows\system32\WS2_32.dll handle: 758F0000 size: 310784 crc: 30CBD6AD date: 2012-07-26 04:17:16
 C:\Windows\system32\USER32.dll handle: 75CE0000 size: 1171968 crc: 6C68F2B4 date: 2012-07-26 03:20:11
 C:\Windows\system32\GDI32.dll handle: 779A0000 size: 1073152 crc: 926A0835 date: 2012-07-26 03:18:32
 C:\Windows\system32\ADVAPI32.dll handle: 762C0000 size: 702464 crc: 50CE016F date: 2012-07-26 03:17:49
 C:\Windows\system32\SHELL32.dll handle: 76660000 size: 17559552 crc: C3E28597 date: 2012-07-26 03:19:59
 C:\Windows\SYSTEM32\WINMMBASE.dll handle: 70AC0000 size: 157184 crc: 9D5A7BAE date: 2012-07-26 03:20:25
 C:\Windows\system32\msvcrt.dll handle: 77730000 size: 709632 crc: 62B679CC date: 2012-07-26 04:17:18
 C:\Windows\system32\RPCRT4.dll handle: 75C00000 size: 842240 crc: F7F2B350 date: 2012-07-26 04:17:16
 C:\Windows\system32\NSI.dll handle: 777F0000 size: 12800 crc: AD02B533 date: 2012-07-26 04:17:16
 C:\Windows\SYSTEM32\sechost.dll handle: 75E30000 size: 199168 crc: BB308757 date: 2012-07-26 04:17:16
 C:\Windows\SYSTEM32\combase.dll handle: 77800000 size: 1247232 crc: 7E133FB0 date: 2012-07-26 03:18:07
 C:\Windows\system32\SHLWAPI.dll handle: 77AB0000 size: 246784 crc: 06B713EC date: 2012-07-26 03:19:59
 C:\Windows\system32\IMM32.DLL handle: 77DB0000 size: 163328 crc: 45CDD2ED date: 2012-07-26 03:18:42
 C:\Windows\system32\MSCTF.dll handle: 76400000 size: 887296 crc: 748F50A7 date: 2012-07-26 03:19:09
 C:\Windows\SYSTEM32\SHFolder.dll handle: 6EA50000 size: 7680 crc: C831C47F date: 2012-07-26 03:19:59
 C:\Windows\system32\SHCORE.dll handle: 75870000 size: 459264 crc: 6E9B8982 date: 2012-07-26 03:19:57
 C:\Windows\system32\uxtheme.dll handle: 74610000 size: 661504 crc: 9A969B24 date: 2012-07-26 03:20:11
 C:\Windows\SYSTEM32\dwmapi.dll handle: 735B0000 size: 92160 crc: 4B4F1A4E date: 2012-07-26 03:18:23
 C:\Windows\system32\ole32.dll handle: 76540000 size: 1150168 crc: F2E8F698 date: 2012-07-26 03:30:20
 C:\Windows\SYSTEM32\CRYPTBASE.dll handle: 75330000 size: 21504 crc: F5EE1C62 date: 2012-07-26 04:17:16
 C:\Windows\SYSTEM32\bcryptPrimitives.dll handle: 752D0000 size: 331952 crc: 9BDF533A date: 2012-07-26 04:17:15
 C:\Windows\system32\mswsock.dll handle: 74DE0000 size: 289280 crc: C3351650 date: 2012-07-26 03:19:18
 C:\Windows\SYSTEM32\MMDevAPI.DLL handle: 72E50000 size: 307200 crc: 06C2ADD1 date: 2012-07-26 03:34:26
 C:\Windows\system32\DEVOBJ.dll handle: 754D0000 size: 120200 crc: 8CBE5668 date: 2012-07-26 03:38:10
 C:\Windows\SYSTEM32\cfgmgr32.dll handle: 75600000 size: 284456 crc: BA724786 date: 2012-07-26 03:38:10
 C:\Windows\SYSTEM32\wdmaud.drv handle: 6BF80000 size: 172032 crc: 01BACC9A date: 2012-07-26 03:17:44
 C:\Windows\SYSTEM32\ksuser.dll handle: 67D20000 size: 14336 crc: 77C14FB4 date: 2012-07-26 03:34:26
 C:\Windows\SYSTEM32\AVRT.dll handle: 729D0000 size: 23664 crc: A00B3DBD date: 2012-07-26 03:38:01
 C:\Windows\SYSTEM32\AUDIOSES.DLL handle: 72230000 size: 323840 crc: B5699212 date: 2012-07-26 03:34:26
 C:\Windows\system32\OLEAUT32.dll handle: 76370000 size: 551936 crc: 75263BEB date: 2012-07-26 03:19:38
 C:\Windows\SYSTEM32\powrprof.dll handle: 753E0000 size: 244736 crc: 9B95BF78 date: 2012-07-26 03:19:43
 C:\Windows\SYSTEM32\msacm32.drv handle: 6E7F0000 size: 21504 crc: 62252195 date: 2012-07-26 03:17:44
 C:\Windows\SYSTEM32\MSACM32.dll handle: 6F5F0000 size: 71680 crc: F2999170 date: 2012-07-26 03:19:06
 C:\Windows\SYSTEM32\midimap.dll handle: 6D440000 size: 17920 crc: EAA387E1 date: 2012-07-26 03:19:00
 C:\Windows\SYSTEM32\clbcatq.dll handle: 75F10000 size: 454656 crc: 5B4E52BD date: 2012-07-26 03:18:05
 C:\Windows\System32\dmime.dll handle: 6BC70000 size: 180736 crc: 8246CD99 date: 2012-07-26 03:18:20
 C:\Windows\System32\DSOUND.dll handle: 57B40000 size: 523776 crc: CF5BEBF2 date: 2012-07-26 03:18:22
 C:\Windows\System32\dmusic.dll handle: 6BDF0000 size: 95744 crc: 29DCF2B5 date: 2012-07-26 03:18:20
 C:\Windows\System32\dmsynth.dll handle: 6B9B0000 size: 107008 crc: 649EFACC date: 2012-07-26 03:18:20
 C:\Windows\System32\dmloader.dll handle: 6BDE0000 size: 36352 crc: 5C6B9A4F date: 2012-07-26 03:18:20
 C:\Windows\system32\psapi.dll handle: 75E70000 size: 7168 crc: B87626B8 date: 2012-07-26 03:19:46

---- gamelog start ----
Tick 2179: game loaded
     Revision text changed to 1.2.0, savegame version 174, not modified, _openttd_newgrf_version = 0x12005dce
     New game mode: 1 landscape: 0
Tick 2179: game loaded
     Revision text changed to 1.2.3, savegame version 174, not modified, _openttd_newgrf_version = 0x12386051
     New game mode: 0 landscape: 0
---- gamelog end ----

*** End of OpenTTD Crash Report ***

Decoded stack trace:
[00] openttd              0x005B4360
[01] openttd              0x00730073 icudt44_dat + 107667

*** End of additional info ***
