*** OpenTTD Crash Report ***
Date: 2009-03-05 14:02:12
Build: 0.7.0-beta1 built on Feb 16 2009 23:32:26
Language: french.lng
Exception C0000005 at 004F49B0
Registers:
 EAX: 00000000 EBX: 00000000 ECX: FFFFFFFF EDX: 00000000
 ESI: 00004EFD EDI: 00000000 EBP: 0012F9E4 ESP: 0012F990
 EIP: 004F49B0 EFLAGS: 00010246

Bytes at CS:EIP:
 0F B7 40 04 50 8D 74 24 2C E8 CB 42 F9 FF 8A 44 24 21 EB 58 E8 67 95 F3

Stack trace: 
 00000002 00000000 000000FE 00000000 0065E838 00000044 00004EFD 0012F998
 00000002 00000044 006307EC 63DAA39E FFFFFFFE 0058B6FE 00404204 024DFF80
 02476908 0012FA2C 005A6F4B 00000000 00000044 0012FA38 004F48B4 00004EFD
 00000000 0012FA25 02283AC0 0230F3B8 004E9399 00000000 02283AC0 02283AC0
 0230F3B8 00000000 00000000 00000000 00004EFD 00000000 004E9300 0012FA64
 005A5121 00000000 0012FA70 004E5987 004F486F 02283AC0 02283B68 0230F3B8
 004D672B 02283AC0 00000005 0230F3A8 0012FA44 0012FAD0 005A5277 00000000
 0012FADC 004D59FB 02285770 00000016 02283AC0 00000000 00000000 08000200
 0230F3B8 00000000 00000000 00000017 0000001C 00000000 00000001 00000000
 00000000 08000200 0230F3B8 02283AC0 02283B18 0000002F 00000013 0012FA78
 0012FB9C 005A6098 00000003 0012FBAC 004D42EA 0230F3B8 00000001 0000002A
 0012FB18 0012FB25 0208A620 00E4A850 00000000 00000000 02283AC0 00000016
 0000002A 00000000 08000200 0230F3B8 0000002F 00000000 02283B50 00000000
 00000000 00000066 00000050 0000005C 00000000 0012FC0C 00000020 00E98000
 00E98874 0049B228 0000000F 0065F4FC FFFFFFF8 004A5EDC 01F8F820 00000000
 0000006A 00000001 0000006D 00000054 00000001 00000001 00000009 00000000
 0065F370 006EABC9 00000000 0012FC08 005A644E 00000001 00E4A850 0012FBD8
 004C3731 0065F62C 0000002F FFFFFFFF FFFFFFFF 0012FBD0 00000001 00000003
 01000001 00000000 0012FC14 004DF8D3 0065F370 01F4D20C 00000000 0049F644
 003C6C18 003C6C28 003C6C28 00510040 003C6C28 0012FBE0 0012FFB0 005A6A12
 00000004 0012FC50 004D72EB 0208A620 006EABC9 006EABC9 00000000 0042AA6C
 006EABC9 006EABC9 0012FC50 00000000 006EABC9 00000000 00000000 004214C3
 0012FC64 0042ACA7 006EABC9 00000000 0012FC4C 00000000 005297B3 0068A9F0
 00DE91B8 0012FD14 00000000 00000006 006EABC9 006EABE7 00000000 00000000

Module information:
 C:\Program Files\OpenTTD\openttd.exe handle: 00400000 size: 2581504 crc: 747E5D10 date: 2009-02-16 23:35:18
 C:\WINDOWS\system32\ntdll.dll handle: 7C910000 size: 733184 crc: 729E458C date: 2004-08-19 20:03:09
 C:\WINDOWS\system32\kernel32.dll handle: 7C800000 size: 1049600 crc: 5620F6DF date: 2007-04-16 15:53:11
 C:\WINDOWS\system32\WINMM.dll handle: 76AE0000 size: 180736 crc: 88B9A6EF date: 2004-08-19 20:10:54
 C:\WINDOWS\system32\USER32.dll handle: 7E390000 size: 578560 crc: DABDA253 date: 2007-03-08 15:37:50
 C:\WINDOWS\system32\GDI32.dll handle: 77EF0000 size: 283648 crc: 60722D07 date: 2008-10-23 13:00:15
 C:\WINDOWS\system32\ADVAPI32.dll handle: 77DA0000 size: 685056 crc: CBA2F6A9 date: 2004-08-19 19:56:22
 C:\WINDOWS\system32\RPCRT4.dll handle: 77E50000 size: 584192 crc: 2BD8EC2D date: 2007-07-09 13:11:46
 C:\WINDOWS\system32\Secur32.dll handle: 77FC0000 size: 55808 crc: 66DFBDBC date: 2004-08-19 20:05:30
 C:\WINDOWS\system32\WS2_32.dll handle: 719F0000 size: 82944 crc: A8BD47AE date: 2004-08-19 20:12:01
 C:\WINDOWS\system32\msvcrt.dll handle: 77BE0000 size: 343040 crc: 8807991A date: 2004-08-19 20:01:59
 C:\WINDOWS\system32\WS2HELP.dll handle: 719E0000 size: 19968 crc: 44E080C9 date: 2004-08-19 20:12:00
 C:\WINDOWS\system32\IMM32.DLL handle: 76320000 size: 110080 crc: EEBD84E6 date: 2004-08-19 19:58:40
 C:\WINDOWS\system32\avgrsstx.dll handle: 6C1B0000 size: 10520 crc: A76071B9 date: 2009-02-15 00:18:26
 C:\WINDOWS\system32\guard32.dll handle: 10000000 size: 155384 crc: CDA9A270 date: 2009-03-02 15:10:18
 C:\WINDOWS\system32\ole32.dll handle: 774A0000 size: 1284608 crc: E498A48C date: 2005-07-26 04:40:00
 C:\WINDOWS\system32\VERSION.dll handle: 77BD0000 size: 18944 crc: EF5C954F date: 2004-08-19 20:09:36
 C:\WINDOWS\system32\fltlib.dll handle: 5E100000 size: 16896 crc: 20761766 date: 2006-08-21 12:26:15
 C:\WINDOWS\system32\SHFolder.dll handle: 76720000 size: 25088 crc: F14E7509 date: 2004-08-19 20:05:55
 C:\WINDOWS\system32\SHLWAPI.dll handle: 77F40000 size: 474624 crc: 77EC8B7B date: 2006-09-23 18:12:56
 C:\WINDOWS\WinSxS\x86_Microsoft.Windows.Common-Controls_6595b64144ccf1df_6.0.2600.2982_x-ww_ac3f9c03\comctl32.dll handle: 77390000 size: 1054208 crc: 1A3E368F date: 2006-08-25 15:51:12
 C:\WINDOWS\system32\comctl32.dll handle: 58B50000 size: 617472 crc: BCC6451B date: 2006-08-25 15:51:14
 C:\WINDOWS\system32\shell32.dll handle: 7C9D0000 size: 8517120 crc: A8E2CD04 date: 2008-07-03 13:03:11
 C:\WINDOWS\system32\WINTRUST.dll handle: 76BE0000 size: 176640 crc: 7F612485 date: 2004-08-19 20:11:04
 C:\WINDOWS\system32\CRYPT32.dll handle: 779E0000 size: 604672 crc: D5F9D7C6 date: 2004-08-19 19:57:13
 C:\WINDOWS\system32\MSASN1.dll handle: 77A80000 size: 57344 crc: 3CE188A6 date: 2004-08-19 20:01:09
 C:\WINDOWS\system32\IMAGEHLP.dll handle: 76C40000 size: 144384 crc: 5611F46A date: 2004-08-19 19:58:40
 C:\WINDOWS\system32\wdmaud.drv handle: 72C70000 size: 23552 crc: 90140E55 date: 2004-08-04 05:55:04
 C:\WINDOWS\system32\msacm32.drv handle: 72C60000 size: 20992 crc: 34944160 date: 2004-08-19 20:01:05
 C:\WINDOWS\system32\MSACM32.dll handle: 77BB0000 size: 72192 crc: 23078E37 date: 2004-08-19 20:01:05
 C:\WINDOWS\system32\midimap.dll handle: 77BA0000 size: 18944 crc: A34E1D82 date: 2004-08-19 20:00:23
 C:\WINDOWS\system32\uxtheme.dll handle: 5B090000 size: 219648 crc: 1F4297C4 date: 2004-08-19 20:09:29
 C:\WINDOWS\system32\MSCTF.dll handle: 74690000 size: 294912 crc: 4936530B date: 2008-02-26 12:00:31
 C:\WINDOWS\system32\CLBCATQ.DLL handle: 76F80000 size: 498688 crc: BB85BB8D date: 2005-07-26 04:39:55
 C:\WINDOWS\system32\COMRes.dll handle: 77000000 size: 851968 crc: BC7322A6 date: 2004-08-19 19:57:09
 C:\WINDOWS\system32\OLEAUT32.dll handle: 770E0000 size: 550912 crc: E569FA80 date: 2007-12-04 18:41:36
 C:\WINDOWS\system32\dmime.dll handle: 5C8A0000 size: 181248 crc: 0E30665C date: 2004-08-19 19:57:34
 C:\WINDOWS\system32\DSOUND.dll handle: 73E60000 size: 367616 crc: 9BC3AE52 date: 2004-08-19 19:57:47
 C:\WINDOWS\system32\dmusic.dll handle: 6CE40000 size: 104448 crc: 690A58F4 date: 2004-08-19 19:57:35
 C:\WINDOWS\system32\KsUser.dll handle: 73E30000 size: 4096 crc: 53AA7980 date: 2004-08-04 05:54:30
 C:\WINDOWS\system32\dmsynth.dll handle: 6CE60000 size: 103424 crc: 0EF29A8F date: 2004-08-19 19:57:35
 C:\WINDOWS\system32\dmloader.dll handle: 6CED0000 size: 35840 crc: B87645A1 date: 2004-08-19 19:57:34
 C:\WINDOWS\system32\msctfime.ime handle: 75140000 size: 177152 crc: 08FEE84B date: 2004-08-19 20:01:12
 C:\WINDOWS\system32\mswsock.dll handle: 71990000 size: 247808 crc: 94929CA9 date: 2008-06-20 17:41:06
 C:\WINDOWS\system32\hnetcfg.dll handle: 62E40000 size: 347648 crc: 954B8C06 date: 2004-08-19 19:58:23
 C:\WINDOWS\System32\wshtcpip.dll handle: 719D0000 size: 19968 crc: 21EA4CD4 date: 2004-08-19 20:12:08
 C:\Program Files\Dell\QuickSet\dadkeyb.dll handle: 025D0000 size: 73728 crc: 7139237A date: 2006-06-29 17:13:50
 C:\WINDOWS\system32\psapi.dll handle: 76BA0000 size: 23040 crc: F55FE083 date: 2004-08-19 20:04:24

System information:
 Windows version 5.1 2600 Service Pack 2

---- gamelog start ----
Tick 0: new game started
     Revision text changed to 0.7.0-beta1, savegame version 113, maybe modified, _openttd_newgrf_version = 0x07003c8e
     New game mode: 1 landscape: 0
---- gamelog end ----
