*** OpenTTD Crash Report ***

Crash at: Wed Jun 22 08:42:14 2011
In game date: 1950-01-07 (57)

Crash reason:
 Exception: C0000005
 Location:  00492577
 Message:   <none>

OpenTTD version:
 Version:    r22604 (0)
 NewGRF ver: 1200584c
 Bits:       32
 Endian:     little
 Dedicated:  no
 Build date: Jun 20 2011 18:36:42

Registers:
 EAX: 021EDEB8 EBX: 00000001 ECX: 00000000 EDX: A1D800B1
 ESI: 000001A1 EDI: 00000183 EBP: 0012F8C0 ESP: 0012F894
 EIP: 00492577 EFLAGS: 00010206

 Bytes at instruction pointer:
 8B 89 14 05 00 00 D1 E9 22 CB 0F 94 C1 88 48 08 B9 41 01 00 00 89 58 04

Stack trace:
 00000014 021C8940 00000014 021C8940 00000000 021EDDE0 021EDD90 0049248C
 0012FA50 006662D7 FFFFFFFF 0012F8FC 00492F72 021E3DF0 021C8940 004520D5
 000001EA 00000008 00000014 00000001 000001EA 021C8940 00000008 00000014
 00000003 000001EA 0012F928 00454299 000001EA 00000008 00000001 000001EA
 00000008 00000000 0012F950 00000000 00000008 00000001 004544B5 00000001
 00000000 00000001 00000201 0012F9CC 00000000 00000000 00570C18 0012FA34
 00570804 00000000 00EB4040 00000000 00000000 00000102 0012F9B0 746E13D4
 0009015B 00000000 00000001 746E13D9 00000000 7FFDF000 00000102 012A0000
 0009015B 0012F984 746E0F0F 0012F9F8 7470F1A6 746E13E0 FFFFFFFF 746E13D9
 7E37B372 00000000 00000001 0012FA4C 00000000 0012FB00 0012F9F8 7E368734
 001E02F8 00000201 00000001 000801EA 00570804 DCBAABCD 00000000 0012FA34
 00570804 0012FA60 7E368816 00570804 001E02F8 00000201 00000001 000801EA
 0012FB08 0012FB00 00EDAD70 00000014 00000001 00000000 00000000 00000010
 00000000 00000030 00000000 00000000 00000000 0012FA14 0012F4B8 0012FAB0
 7E39048F 7E368830 00000000 0012FAC0 7E3689CD 00000000 00570804 001E02F8
 00000201 00000001 000801EA 00EDAD84 00000001 002AEDBF 7E36929B 7E37A78F
 0012FAC0 7E369402 0012FB00 00000001 00000000 0012FA88 0012F4B8 0012FFB0
 7E39048F 7E3689F0 FFFFFFFF 0012FAD0 7E368A10 0012FB00 00000000 00000000
 0057126F 0012FB00 00BEA924 0135D0F8 0012FD14 00000000 00FFFFFF 002AEDAF
 002AEDCD 00000000 00000000 001E02F8 00000201 00000001 000801EA 002AEDBF
 000001EA 0000001B 00430BA8 0012FD2C 0012FE30 7FFD7000 0124CEC8 0001005C
 00000000 0135D180 0135D180 0135D180 0000000A 00000000 00000000 01339E90
 00000000 00000000 0012FE34 00B54BC8 00000000 00000000 00000000 00780065
 00000000 00000000 00000000 00000000 00000000 FFFFFFFF 01240178 01240178

Operating system:
 Name:     Windows
 Release:  5.1.2600 (Szervizcsomag 3)
 Compiler: MSVC 1600

Configuration:
 Blitter:      8bpp-optimized
 Graphics set: original_dos (1)
 Language:     C:\Program Files\OpenTTD\OpenTTD r22604\lang\english.lng
 Music driver: dmusic
 Music set:    NoMusic (0)
 Network:      no
 Sound driver: win32
 Sound set:    original_dos (0)
 Video driver: win32

AI Configuration (local: 1):
  0: Human

Libraries:
 FreeType:   2.4.4
 ICU:        4.4.2
 LZMA:       5.0.0
 LZO:        2.03
 PNG:        1.4.5
 Zlib:       1.2.5

Module information:
 C:\Program Files\OpenTTD\OpenTTD r22604\openttd.exe handle: 00400000 size: 8224256 crc: 04D9ABFF date: 2011-06-20 16:39:26
 C:\WINDOWS\system32\ntdll.dll handle: 7C900000 size: 724992 crc: 372B415D date: 2010-12-09 15:15:54
 C:\WINDOWS\system32\kernel32.dll handle: 7C800000 size: 1008128 crc: F8007375 date: 2009-03-21 14:09:14
 C:\WINDOWS\system32\WINMM.dll handle: 76B20000 size: 177664 crc: CDC94910 date: 2008-04-14 07:02:06
 C:\WINDOWS\system32\ADVAPI32.dll handle: 77DC0000 size: 684544 crc: 239DD74B date: 2009-02-10 17:30:22
 C:\WINDOWS\system32\RPCRT4.dll handle: 77E70000 size: 590848 crc: FCD07612 date: 2010-08-16 08:45:23
 C:\WINDOWS\system32\Secur32.dll handle: 77FE0000 size: 56832 crc: 354EE7F5 date: 2009-06-25 08:42:56
 C:\WINDOWS\system32\GDI32.dll handle: 77F10000 size: 286720 crc: 7ADBA499 date: 2008-10-23 12:42:23
 C:\WINDOWS\system32\USER32.dll handle: 7E360000 size: 578560 crc: 6A806D26 date: 2008-04-14 07:02:06
 C:\WINDOWS\system32\WS2_32.dll handle: 71A50000 size: 82432 crc: 93BE5030 date: 2008-04-14 07:02:08
 C:\WINDOWS\system32\msvcrt.dll handle: 77C00000 size: 343040 crc: 19C62F48 date: 2008-04-14 07:01:58
 C:\WINDOWS\system32\WS2HELP.dll handle: 71A40000 size: 19968 crc: E2F5FEA7 date: 2008-04-14 07:02:08
 C:\WINDOWS\system32\SHELL32.dll handle: 7C9C0000 size: 8483328 crc: 135614EB date: 2011-01-21 14:44:12
 C:\WINDOWS\system32\SHLWAPI.dll handle: 77F60000 size: 474112 crc: 9CCD5F7A date: 2009-12-08 09:25:46
 C:\WINDOWS\system32\IMM32.DLL handle: 76360000 size: 110080 crc: 148CDFF5 date: 2008-04-14 07:01:52
 C:\WINDOWS\WinSxS\x86_Microsoft.Windows.Common-Controls_6595b64144ccf1df_6.0.2600.6028_x-ww_61e65202\comctl32.dll handle: 773C0000 size: 1054208 crc: 6C2D57C0 date: 2010-08-23 16:12:51
 C:\WINDOWS\system32\comctl32.dll handle: 5D520000 size: 617472 crc: C33C5AD6 date: 2010-08-23 16:12:53
 C:\WINDOWS\system32\SHFolder.dll handle: 76760000 size: 25088 crc: 613C5773 date: 2008-04-14 07:02:00
 C:\WINDOWS\system32\wdmaud.drv handle: 72CB0000 size: 23552 crc: EC552226 date: 2008-04-14 05:02:36
 C:\WINDOWS\system32\WINTRUST.dll handle: 76C20000 size: 177664 crc: BF92A1D1 date: 2009-12-24 07:05:11
 C:\WINDOWS\system32\CRYPT32.dll handle: 77A70000 size: 602624 crc: 8E810098 date: 2008-04-14 07:01:50
 C:\WINDOWS\system32\MSASN1.dll handle: 77B10000 size: 58880 crc: B9C14C16 date: 2009-09-04 21:05:39
 C:\WINDOWS\system32\IMAGEHLP.dll handle: 76C80000 size: 144384 crc: FD8F7EC9 date: 2008-04-14 07:01:52
 C:\WINDOWS\system32\msacm32.drv handle: 72CA0000 size: 20480 crc: 4789F187 date: 2008-04-15 12:00:00
 C:\WINDOWS\system32\MSACM32.dll handle: 77BD0000 size: 71680 crc: 67A7F1DA date: 2008-04-14 07:01:54
 C:\WINDOWS\system32\midimap.dll handle: 77BC0000 size: 18944 crc: 53CBA365 date: 2008-04-14 07:01:54
 C:\WINDOWS\system32\MSCTF.dll handle: 746D0000 size: 297984 crc: 917B1B03 date: 2008-04-14 07:01:54
 C:\WINDOWS\system32\msctfime.ime handle: 75180000 size: 177152 crc: 0C612EB1 date: 2009-02-27 04:58:02
 C:\WINDOWS\system32\ole32.dll handle: 774D0000 size: 1287680 crc: 25540870 date: 2010-07-16 12:01:14
 C:\WINDOWS\system32\CLBCATQ.DLL handle: 76FC0000 size: 498688 crc: 145BADEB date: 2008-04-14 07:01:50
 C:\WINDOWS\system32\COMRes.dll handle: 77040000 size: 816640 crc: FBD03867 date: 2008-04-14 07:01:50
 C:\WINDOWS\system32\OLEAUT32.dll handle: 77110000 size: 551936 crc: 30278811 date: 2010-12-20 17:32:08
 C:\WINDOWS\system32\VERSION.dll handle: 77BF0000 size: 18944 crc: 054B9D13 date: 2008-04-14 07:02:06
 C:\WINDOWS\system32\dmime.dll handle: 59A80000 size: 181248 crc: 011BEF76 date: 2008-04-14 07:01:50
 C:\WINDOWS\system32\DSOUND.dll handle: 73EA0000 size: 367616 crc: EB93E293 date: 2008-04-14 07:01:52
 C:\WINDOWS\system32\dmusic.dll handle: 6CEC0000 size: 104448 crc: CFA51DF9 date: 2008-04-14 07:01:50
 C:\WINDOWS\system32\KsUser.dll handle: 73E70000 size: 4096 crc: 6216A303 date: 2008-04-14 05:01:54
 C:\WINDOWS\system32\dmsynth.dll handle: 6CEE0000 size: 103424 crc: DA20F4DE date: 2008-04-14 07:01:50
 C:\WINDOWS\system32\dmloader.dll handle: 6CF50000 size: 35840 crc: FB8D932B date: 2008-04-14 07:01:50
 C:\WINDOWS\system32\mswsock.dll handle: 719F0000 size: 246784 crc: 092DC0E1 date: 2008-10-15 07:12:47
 C:\WINDOWS\system32\hnetcfg.dll handle: 66780000 size: 346624 crc: A126A5D0 date: 2008-04-14 07:01:52
 C:\WINDOWS\System32\wshtcpip.dll handle: 71A30000 size: 19456 crc: 9DC1DF6D date: 2008-04-14 07:02:08
 C:\WINDOWS\system32\psapi.dll handle: 76BE0000 size: 23040 crc: 76A89FF8 date: 2008-04-14 07:02:00

---- gamelog start ----
Tick 0: new game started
     Revision text changed to r22604, savegame version 161, not modified, _openttd_newgrf_version = 0x1200584c
     New game mode: 1 landscape: 0
     Added NewGRF: GRF ID 52571201, checksum C1C7D8C53EB7E74EEE2F0EF29638B466, filename: egrvts.1.0\egrvts.grf (md5sum matches)
---- gamelog end ----

*** End of OpenTTD Crash Report ***

Decoded stack trace:
[00] ???                  0x00492577
[01] ???                  0x00492F72
[02] ???                  0x00454299
[03] ???                  0x004544B5

*** End of additional info ***
