*** OpenTTD Crash Report ***

Crash at: Thu Sep 15 11:13:36 2011
In game date: 1934-01-22 (34)

Crash reason:
 Exception: E1212012
 Location:  00525DDB
 Message:   Assertion failed at line 694 of c:/buildslave/windows-win9x/build/src/command.cpp: res.GetCost() == res2.GetCost() && res.Failed() == res2.Failed()

OpenTTD version:
 Version:    1.1.3-RC1 (0)
 NewGRF ver: 1130596b
 Bits:       32
 Endian:     little
 Dedicated:  no
 Build date: Sep  4 2011 15:30:12

Registers:
 EAX: 81A49224 EBX: 78041B28 ECX: 00000001 EDX: 80007520
 ESI: 00525DB4 EDI: 00000010 EBP: 0102EEAC ESP: 0102EE58
 EIP: 00525DDB EFLAGS: 00000216

 Bytes at instruction pointer:
 83 EC 10 83 C4 1C C3 66 90 53 83 EC 28 8B 5C 24 34 8B 44 24 3C 85 C0 74

Stack trace:
 7803B5D0 0102EEAC 780102CE 780102D5 00000016 0000AFDB 0102F1F8 0102EED0
 00525DB4 0102EE98 BFF54144 00000988 00000001 80007520 00000010 00000000
 0102EB08 0102F844 7800F56A 780343E0 FFFFFFFF 005188B8 7800AC9C 00000016
 0000000A 0051ABDA 0102EED0 00000001 009219C8 0102F0E4 65737341 6F697472
 6166206E 64656C69 20746120 656E696C 34393620 20666F20 622F3A63 646C6975
 76616C73 69772F65 776F646E 69772D73 2F78396E 6C697562 72732F64 6F632F63
 6E616D6D 70632E64 72203A70 472E7365 6F437465 29287473 203D3D20 32736572
 7465472E 74736F43 26202928 65722026 61462E73 64656C69 3D202928 6572203D
 462E3273 656C6961 00292864 00000000 00A924B8 00518F01 00000157 00000003
 00000000 00A924B8 00000000 0000AFDB 00000000 00000000 01444086 0102EFBC
 00000258 00000000 00000054 BFF7B9C5 0000000B 00000000 014155C0 00000010
 00000001 0102F138 00000000 0000000E 00000001 0000000E 00010001 00000001
 00000001 0102F138 000E7D28 00A924B8 0000000E 01002A1F 01140F40 0102F010
 78001026 0102F4AC 01415650 00000001 00000001 0050D23C 014155C0 0102F4AC
 00000000 0102F03F 00000000 0000001C 0000001E 00000000 0001FFFF 00000000
 00FFFFFF 01002A1F 21202021 6A212020 2021215A 0102F4AC 01415730 07050007
 00000003 0050D23C 01415650 0102F4AC 07050007 0102F08F 0000001A 00000054
 00000003 00000000 00000006 012F7EC0 0000001E 00000000 0101FFFF 00000000
 21202853 009F18C8 0000AFDB 00000001 00000001 00000001 00000258 00000000
 00000004 00000008 0000007C 00000038 00000002 0000000B 0102F1F8 0000AFDB
 00000276 0046E16A 009219C8 000002B6 00921994 00921B9C 00000000 00000000
 00841BA7 000C0000 00130000 023C0320 0000844C 8910D160 2D000040 81320005
 0B418148 00000000 D1CC0158 167F0002 0000818C 817A0000 32E30000 06400000
 000000FF 00000000 00000000 00000000 C4000ADE 00000000 00000006 29B7167F

Operating system:
 Name:     Windows
 Release:  4.10.67766446 ( A )
 Compiler: GCC 4.5.2 "4.5.2"

Configuration:
 Blitter:      8bpp-optimized
 Graphics set: original_windows (0)
 Language:     C:\mpstest\OTTD 1.1.3RC\lang\french.lng
 Music driver: win32
 Music set:    NoMusic (0)
 Network:      no
 Sound driver: win32
 Sound set:    original_windows (0)
 Video driver: win32

AI Configuration (local: 0):
  0: Human

Libraries:
 FreeType:   2.4.4
 ICU:        4.6
 LZMA:       5.0.3
 LZO:        2.05
 PNG:        1.5.2
 Zlib:       1.2.5

Module information:
 C:\MPSTEST\OTTD 1.1.3RC\OPENTTD.EXE handle: 00400000 size: 10730493 crc: FEF3B830 date: 2011-09-04 13:31:16
 C:\WINDOWS\SYSTEM\MSAFD.DLL handle: 7b680000 size: 45056 crc: DE11B164 date: 1999-05-05 20:22:00
 C:\WINDOWS\SYSTEM\WSOCK32.DLL handle: 76590000 size: 40960 crc: 683A9673 date: 2000-12-16 19:11:12
 C:\WINDOWS\SYSTEM\MSWSOCK.DLL handle: 79930000 size: 86016 crc: 1C9D7912 date: 1999-05-05 20:22:00
 C:\WINDOWS\SYSTEM\SHFOLDER.DLL handle: 75f40000 size: 32768 crc: 52C3F6D9 date: 2000-06-08 20:00:00
 C:\WINDOWS\KERNELEX\PSAPI.DLL handle: 7d020000 size: 5120 crc: 8FBC056B date: 2010-07-30 20:48:58
 C:\WINDOWS\SYSTEM\WS2_32.DLL handle: 765f0000 size: 73728 crc: CB2FD4C4 date: 1999-05-05 20:22:00
 C:\WINDOWS\SYSTEM\WININET.DLL handle: 70200000 size: 485136 crc: DA4B24BC date: 2000-10-19 22:00:00
 C:\WINDOWS\SYSTEM\TAPI32.DLL handle: 7f950000 size: 122880 crc: 35D830E4 date: 1999-05-05 20:22:00
 C:\WINDOWS\SYSTEM\RPCRT4.DLL handle: 7fb90000 size: 339968 crc: F70D9B96 date: 1999-05-05 20:22:00
 C:\WINDOWS\SYSTEM\WS2HELP.DLL handle: 765d0000 size: 24576 crc: 97352F91 date: 1999-05-05 20:22:00
 C:\WINDOWS\SYSTEM\WINMM.DLL handle: bfdf0000 size: 65536 crc: B647DC51 date: 1999-05-05 20:22:00
 C:\WINDOWS\SYSTEM\SHELL32.DLL handle: 7fcb0000 size: 1417216 crc: 30F9329C date: 1999-05-05 20:22:00
 C:\WINDOWS\SYSTEM\COMCTL32.DLL handle: bfb70000 size: 569616 crc: A5BBD791 date: 2000-10-19 22:00:00
 C:\WINDOWS\SYSTEM\SHLWAPI.DLL handle: 70bd0000 size: 301328 crc: BACBF9C5 date: 2000-10-19 22:00:00
 C:\WINDOWS\SYSTEM\MSVCRT.DLL handle: 78000000 size: 295000 crc: 770C8856 date: 1999-12-10 12:00:00
 C:\WINDOWS\KERNELEX\KEXBASEN.DLL handle: 7d000000 size: 97792 crc: 8CB1859D date: 2010-07-30 20:48:26
 C:\WINDOWS\KERNELEX\KERNELEX.DLL handle: bfa00000 size: 61952 crc: F5D3D71D date: 2010-07-30 20:48:14
 C:\WINDOWS\KERNELEX\KEXBASES.DLL handle: bfa40000 size: 215552 crc: 86B71223 date: 2010-07-30 20:48:54
 C:\WINDOWS\SYSTEM\VERSION.DLL handle: bfe70000 size: 24576 crc: 281BDC3B date: 1999-05-05 20:22:00
 C:\WINDOWS\SYSTEM\USER32.DLL handle: bff50000 size: 69632 crc: 8D8869D1 date: 1999-05-05 20:22:00
 C:\WINDOWS\SYSTEM\GDI32.DLL handle: bff20000 size: 155648 crc: D8C3EA40 date: 1999-05-05 20:22:00
 C:\WINDOWS\SYSTEM\ADVAPI32.DLL handle: bfe80000 size: 65536 crc: 0C281972 date: 1999-05-05 20:22:00
 C:\WINDOWS\SYSTEM\KERNEL32.DLL handle: bff70000 size: 483328 crc: AFBBC991 date: 2010-09-11 05:58:00

---- gamelog start ----
Tick 0: new game started
     Revision text changed to 1.1.3-RC1, savegame version 160, not modified, _openttd_newgrf_version = 0x1130596b
     New game mode: 1 landscape: 0
     Added NewGRF: GRF ID 6D620004, checksum 37F5EA6277363B2A30A1D45D47DAE4C8, filename: nshipsxl.grf (md5sum matches)
     Added NewGRF: GRF ID 6D620601, checksum BD20E9A26139AE5550826D356A7E526B, filename: newstatsw.grf (md5sum matches)
     Added NewGRF: GRF ID 44550001, checksum 41A65972B89C2E18610F3017AFAB7559, filename: germanrvw.grf (md5sum matches)
     Added NewGRF: GRF ID F1250005, checksum 8FBA79BE1801507C96BB8DE8FFAA0F72, filename: firs_industry_replacement_set-0.6.1\firs.grf (md5sum matches)
     Added NewGRF: GRF ID 4D656F91, checksum 87E86B1E2DCDBFA25C9F07A70D09541E, filename: ecs_town_vector-1.031dec2010\ecstown.grf (md5sum matches)
     Added NewGRF: GRF ID 4D656F9F, checksum A71CCBB7CABE4622EE223D03DF3AD084, filename: ecs_basic_vector_ii-1.031dec2010\ecsbas2.grf (md5sum matches)
     Added NewGRF: GRF ID 6D620C00, checksum 828FD1291136445F999CBF348BD36283, filename: maricow.grf (md5sum matches)
---- gamelog end ----

*** End of OpenTTD Crash Report ***
