*** OpenTTD Crash Report ***

Crash at: Mon Apr 05 18:15:15 2010
In game date: 1958-07-17 (55)

Crash reason:
 Exception: C0000094
 Location:  00000001400593D7
 Message:   <none>

OpenTTD version:
 Version:    r19562 (0)
 NewGRF ver: 11004c6a
 Bits:       64
 Endian:     little
 Dedicated:  no
 Build date: Apr  4 2010 18:24:48

Registers:
 RAX: 00000000FFFFFFFF RBX: 00000000002BF810 RCX: 0000000000000000 RDX: 0000000000000000
 RSI: 0000000000000000 RDI: 0000000001D38470 RBP: 0000000001D38470 RSP: 00000000002BF720
 R8:  0000000001D38520 R9:  0000000001D38530 R10: 0000000000000000 R11: 00000000002BF5F0
 R12: 0000000000000000 R13: 000000000000000C R14: 0000000000000016 R15: 00000000000003C2
 RIP: 00000001400593D7 EFLAGS: 00010246

 Bytes at instruction pointer:
 F7 F1 48 8D 4F 2C 8B D0 E8 74 15 FF FF 8B 4F 10 0F B6 1D 94 E3 46 00 E8

Stack trace:
 002BF810 00000000 0000B17D FFF0D000 01D38470 00000000 00000000 00000000
 01C96C00 00000000 00001207 00000000 01C96C50 00000000 40066D6E 00000001
 00001277 00000000 00000000 00000000 00000000 00000000 400497AA 00000001
 0000000C 00000000 00000000 00000000 00000018 00000000 40046DAF 00000001
 002BF810 00000000 01D38470 00000000 00000000 00000000 00000193 00000000
 00000078 00000000 00000000 00000000 00000078 00000000 40005CB9 00000001
 01D38470 00000000 00000018 00000000 000001C0 00000000 000001C0 FFFFFFFF
 00000078 FFFFFFFF 00000000 00000000 02B87F80 00000000 00000000 00000000
 000001C0 00000060 00000550 00000000 00000018 00000000 40005E77 00000001
 00000580 00000000 00000000 00000000 000003C8 00000000 01C9FBA2 00000000
 00000000 00000000 00000000 00000000 18072C5B 00000000 18072C79 00000000
 00000000 00000000 400498DB 00000001 00000000 00000000 00000000 00000000
 00006000 00000000 18072C5A 00000000 18072C5B 00000000 401D28FE 00000001
 18072C00 00000000 00000000 00000000 18072C4B 00000000 00000000 00000000
 00000001 00000000 000003C2 00000001 00290AAE 00000000 00000113 00000000
 00000001 00000000 401D1658 00000001 18072C4B 00000029 0000024D 00000000
 00000000 00000000 00000000 00000000 01CA3120 00000000 4001DED2 00000001
 01CA3150 00000000 00000000 00000000 00000000 00000000 00000000 00000000
 00000301 00000000 0000005D 00000000 FFFFFFFF FFFFFFFF 002BFB38 00000000
 00000000 00000000 00000000 00000000 00000000 00000000 00190000 FFFFFFFF
 00000000 00000000 00000000 00000000 00000000 00000000 00000000 00000000
 00000000 00000000 FD356E07 000007FE 00000028 00000000 FFFFFFFE FFFFFFFF
 3FFE0000 00000001 00000000 00000000 00000050 00000000 01C5027C 00000000
 01C506E0 00000000 01C5000B 00000000 00000000 00000000 771636BA 00000000

Operating system:
 Name:     Windows
 Release:  6.1.7600 ()
 Compiler: MSVC 1500

Configuration:
 Blitter:      8bpp-optimized
 Graphics set: original_dos_de
 Language:     english.lng
 Music driver: win32
 Music set:    OpenMSX
 Network:      no
 Sound driver: win32
 Sound set:    original_dos
 Video driver: win32

AI Configuration (local: 0):
  0: Human

Libraries:
 FreeType:   2.3.12
 ICU:        4.2.1
 LZO:        2.03
 PNG:        1.2.43
 Zlib:       1.2.3

Module information:
 C:\Program Files\OpenTTD\openttd.exe handle: 000000013FFE0000 size: 5192704 crc: 5B1C2FAE date: 2010-04-04 19:42:47
 C:\Windows\SYSTEM32\ntdll.dll handle: 0000000077130000 size: 1736792 crc: 5523175A date: 2009-07-14 01:43:10
 C:\Windows\system32\kernel32.dll handle: 0000000076F10000 size: 1162240 crc: 822946F0 date: 2009-07-14 01:41:13
 C:\Windows\system32\KERNELBASE.dll handle: 000007FEFD350000 size: 421376 crc: 68F689E4 date: 2009-07-14 01:41:13
 C:\Windows\system32\WINMM.dll handle: 000007FEFAF30000 size: 217600 crc: 7BC1529F date: 2009-07-14 01:41:56
 C:\Windows\system32\msvcrt.dll handle: 000007FEFD960000 size: 634880 crc: 7F3E716F date: 2009-07-14 01:41:32
 C:\Windows\system32\USER32.dll handle: 0000000077030000 size: 1008640 crc: 95FA0345 date: 2009-07-14 01:41:56
 C:\Windows\system32\GDI32.dll handle: 000007FEFD480000 size: 404480 crc: 0F1BAE69 date: 2009-07-14 01:40:56
 C:\Windows\system32\LPK.dll handle: 000007FEFDC40000 size: 41984 crc: 350AF03B date: 2009-07-14 01:41:19
 C:\Windows\system32\USP10.dll handle: 000007FEFD500000 size: 801280 crc: 32EFA120 date: 2009-07-14 01:41:56
 C:\Windows\system32\WS2_32.dll handle: 000007FEFE9E0000 size: 296448 crc: B9553AFD date: 2009-07-14 01:41:58
 C:\Windows\system32\RPCRT4.dll handle: 000007FEFEF40000 size: 1221632 crc: D5B6358C date: 2009-07-14 01:41:53
 C:\Windows\system32\NSI.dll handle: 000007FEFD4F0000 size: 13824 crc: 53B46F6C date: 2009-07-14 01:41:53
 C:\Windows\system32\ADVAPI32.dll handle: 000007FEFDA00000 size: 877056 crc: FA615A20 date: 2009-07-14 01:40:01
 C:\Windows\SYSTEM32\sechost.dll handle: 000007FEFD460000 size: 113664 crc: 978CFAE5 date: 2009-07-14 01:41:53
 C:\Windows\system32\SHELL32.dll handle: 000007FEFDC50000 size: 14161920 crc: EAA55AE5 date: 2009-07-14 01:41:54
 C:\Windows\system32\SHLWAPI.dll handle: 000007FEFF070000 size: 449536 crc: 0BFDF102 date: 2009-07-14 01:41:54
 C:\Windows\system32\IMM32.DLL handle: 000007FEFDAE0000 size: 167424 crc: 41B2805A date: 2009-07-14 01:41:09
 C:\Windows\system32\MSCTF.dll handle: 000007FEFDB30000 size: 1067008 crc: 798DDDA0 date: 2009-07-14 01:41:28
 C:\Windows\system32\SHFolder.dll handle: 000007FEF7280000 size: 10240 crc: 08A48DE3 date: 2009-07-14 01:41:54
 C:\Windows\system32\ole32.dll handle: 000007FEFEAB0000 size: 2084352 crc: 40D2CC46 date: 2009-07-14 01:41:53
 C:\Windows\system32\MMDevAPI.DLL handle: 000007FEFB6D0000 size: 284160 crc: CDF2EF81 date: 2009-07-14 01:41:26
 C:\Windows\system32\PROPSYS.dll handle: 000007FEFBB40000 size: 1212416 crc: 98D01BC9 date: 2009-07-14 01:41:53
 C:\Windows\system32\OLEAUT32.dll handle: 000007FEFD750000 size: 861184 crc: C4351602 date: 2009-07-14 01:41:53
 C:\Windows\system32\wdmaud.drv handle: 000007FEFADE0000 size: 217088 crc: AB6BC545 date: 2009-07-14 01:38:50
 C:\Windows\system32\ksuser.dll handle: 0000000073F00000 size: 5120 crc: AA2071D9 date: 2009-07-14 01:41:13
 C:\Windows\system32\AVRT.dll handle: 000007FEFAF00000 size: 18432 crc: 5CE53CB7 date: 2009-07-14 01:40:05
 C:\Windows\system32\SETUPAPI.dll handle: 000007FEFED60000 size: 1899520 crc: 91ED5D15 date: 2009-07-14 01:41:54
 C:\Windows\system32\CFGMGR32.dll handle: 000007FEFD1A0000 size: 207360 crc: 369326FC date: 2009-07-14 01:40:15
 C:\Windows\system32\DEVOBJ.dll handle: 000007FEFD180000 size: 93184 crc: A7541AE2 date: 2009-07-14 01:40:28
 C:\Windows\system32\AUDIOSES.DLL handle: 000007FEFABA0000 size: 296448 crc: 07CA71DE date: 2009-07-14 01:40:04
 C:\Windows\system32\msacm32.drv handle: 000007FEFAAC0000 size: 25600 crc: 2B579A05 date: 2009-07-14 01:38:50
 C:\Windows\system32\MSACM32.dll handle: 000007FEFAAA0000 size: 83456 crc: 3D67538B date: 2009-07-14 01:41:27
 C:\Windows\system32\midimap.dll handle: 000007FEFAA90000 size: 20480 crc: CB902A13 date: 2009-07-14 01:41:23
 C:\Windows\system32\CRYPTBASE.dll handle: 000007FEFCFC0000 size: 44032 crc: F547C16E date: 2009-07-14 01:40:24
 C:\Windows\system32\CLBCatQ.DLL handle: 000007FEFF0F0000 size: 607744 crc: 939E35C9 date: 2009-07-14 01:40:15
 C:\Windows\system32\uxtheme.dll handle: 000007FEFBAE0000 size: 332288 crc: B0A13DF9 date: 2009-07-14 01:41:56
 C:\Windows\system32\dwmapi.dll handle: 000007FEFB6B0000 size: 82432 crc: A459F360 date: 2009-07-14 01:40:34
 C:\Windows\system32\mswsock.dll handle: 000007FEFC900000 size: 320000 crc: EA387916 date: 2009-07-14 01:41:34
 C:\Windows\System32\wshtcpip.dll handle: 000007FEFC2D0000 size: 13312 crc: 5D1E2C55 date: 2009-07-14 01:41:58
 C:\Windows\system32\psapi.dll handle: 00000000772F0000 size: 9216 crc: 84B5E9BA date: 2009-07-14 01:41:53

---- gamelog start ----
Tick 0: new game started
     Revision text changed to r19546, savegame version 140, not modified, _openttd_newgrf_version = 0x11004c5a
     New game mode: 1 landscape: 0
Tick 34044: game loaded
     Revision text changed to r19562, savegame version 140, not modified, _openttd_newgrf_version = 0x11004c6a
---- gamelog end ----

*** End of OpenTTD Crash Report ***
