*** OpenTTD Crash Report ***

Crash at: Sat Oct  9 16:30:00 2010
In game date: 2151-12-02 (18)

Crash reason:
 Signal:  Segmentation fault (11)
 Message: <none>

OpenTTD version:
 Version:    r20801 (0)
 NewGRF ver: 11005141
 Bits:       64
 Endian:     little
 Dedicated:  no
 Build date: Sep 16 2010 22:32:53


Stacktrace:
 [00] openttd              0x00000001001ab64b (CrashLog::FillCrashLog(char*, char const*) const + 331)
 [01] openttd              0x00000001002ba364 (HandleCrash(int) + 228)
 [02] libSystem.B.dylib    0x00007fff8474835a (_sigtramp + 26)
 [03] ???                  0x2820656661336230
 [04] openttd              0x000000010027eb9b (NIHelper::Resolve(unsigned int, unsigned int, unsigned int, bool*) const + 107)
 [05] openttd              0x000000010027fee6 (NewGRFInspectWindow::DrawWidget(OTTD_Rect const&, int) const + 454)
 [06] openttd              0x00000001003fec64 (NWidgetBackground::Draw(Window const*) + 628)
 [07] openttd              0x00000001003fdc6c (NWidgetPIPContainer::Draw(Window const*) + 44)
 [08] openttd              0x00000001003fdc6c (NWidgetPIPContainer::Draw(Window const*) + 44)
 [09] openttd              0x00000001003fdc6c (NWidgetPIPContainer::Draw(Window const*) + 44)
 [10] openttd              0x00000001003fe889 (Window::DrawWidgets() const + 25)
 [11] openttd              0x00000001004070ff (DrawOverlappedWindowForAll(int, int, int, int) + 159)
 [12] openttd              0x00000001001de049 (RedrawScreenRect(int, int, int, int) + 137)
 [13] openttd              0x00000001001de5ca (DrawDirtyBlocks() + 1114)
 [14] openttd              0x0000000100409651 (UpdateWindows() + 193)
 [15] openttd              0x000000010040f0f6 (QZ_GameLoop() + 2454)
 [16] openttd              0x000000010040d459 (-[OTTDMain applicationDidFinishLaunching:] + 9)
 [17] Foundation           0x00007fff82af284e (_nsnote_callback + 167)
 [18] CoreFoundation       0x00007fff84d5ea90 (__CFXNotificationPost + 1008)
 [19] CoreFoundation       0x00007fff84d4b008 (_CFXNotificationPostNotification + 200)
 [20] Foundation           0x00007fff82ae97b8 (-[NSNotificationCenter postNotificationName:object:userInfo:] + 101)
 [21] AppKit               0x00007fff8215f832 (-[NSApplication _postDidFinishNotification] + 100)
 [22] AppKit               0x00007fff8215f767 (-[NSApplication _sendFinishLaunchingNotification] + 66)
 [23] AppKit               0x00007fff8222a719 (-[NSApplication(NSAppleEventHandling) _handleAEOpen:] + 219)
 [24] AppKit               0x00007fff8222a395 (-[NSApplication(NSAppleEventHandling) _handleCoreEvent:withReplyEvent:] + 77)
 [25] Foundation           0x00007fff82b2114a (-[NSAppleEventManager dispatchRawAppleEvent:withRawReply:handlerRefCon:] + 360)
 [26] Foundation           0x00007fff82b20f7a (_NSAppleEventManagerGenericHandler + 114)
 [27] AE                   0x00007fff801da323 (aeDispatchAppleEvent(AEDesc const*, AEDesc*, unsigned int, unsigned char*) + 162)
 [28] AE                   0x00007fff801da21c (dispatchEventAndSendReply(AEDesc const*, AEDesc*) + 32)
 [29] AE                   0x00007fff801da123 (aeProcessAppleEvent + 210)
 [30] HIToolbox            0x00007fff80350741 (AEProcessAppleEvent + 48)
 [31] AppKit               0x00007fff8212f481 (_DPSNextEvent + 1191)
 [32] AppKit               0x00007fff8212ebed (-[NSApplication nextEventMatchingMask:untilDate:inMode:dequeue:] + 155)
 [33] AppKit               0x00007fff820f48d3 (-[NSApplication run] + 395)
 [34] openttd              0x00000001002abf8f (ttd_main(int, char**) + 5295)
 [35] openttd              0x00000001002bb22a (main + 106)
 [36] openttd              0x00000001000baba4 (start + 52)

Operating system:
 Name:     Mac OS X
 Release:  10.6.4
 Machine:  Intel 80486
 Min Ver:  1050
 Compiler: GCC 4.2.1 "4.2.1 (Apple Inc. build 5664)"

Configuration:
 Blitter:      32bpp-anim
 Graphics set: OpenGFX (542)
 Language:     english.lng
 Music driver: cocoa
 Music set:    OpenMSX (96)
 Network:      client
 Sound driver: cocoa
 Sound set:    original_windows (0)
 Video driver: cocoa

AI Configuration (local: 0):
  0: Human

Libraries:
 FreeType:   2.4.3
 ICU:        4.3.4
 LZO:        2.03
 PNG:        1.2.44
 Zlib:       1.2.5

---- gamelog start ----
Tick 0: new game started
     Revision text changed to r20801, savegame version 148, not modified, _openttd_newgrf_version = 0x11005141
     New game mode: 1 landscape: 0
     Added NewGRF: GRF ID 4D470501, checksum 921D08A4B3430BDCC14715B6A1288350, filename: ottdc_grfpack/0_info.grf
     Added NewGRF: GRF ID 45520102, checksum 1406B06F6475037445A944963CA6D5CE, filename: ottdc_grfpack/7_stations/basic_platforms/basic_platformsw.grf
     Added NewGRF: GRF ID 45520400, checksum 1D00426064137AA49B6FC4F4BCFF173F, filename: ottdc_grfpack/7_stations/brickfreight/brickfreightw.GRF
     Added NewGRF: GRF ID 43415463, checksum 422B1603DC1CEDA4E59E715E12EAD332, filename: ottdc_grfpack/7_stations/canstn/canstnw.grf
     Added NewGRF: GRF ID 52455400, checksum 1600687C50C5AB1E72EDD487CAD50E2A, filename: ottdc_grfpack/7_stations/ae_city/ae_cityw.GRF
     Added NewGRF: GRF ID 58534453, checksum 2E100BCA91DB8371CD9D57DBEC3AB0C8, filename: ottdc_grfpack/7_stations/dutchstat/dutchstatw.grf
     Added NewGRF: GRF ID 504E0002, checksum 6E6944E09CE6C3AC130DF72C542EE4B1, filename: ottdc_grfpack/7_stations/buffers/buffers.grf
     Added NewGRF: GRF ID 4A430002, checksum 0728ADCB4DF2F1EB9247ABD449296F4E, filename: ottdc_grfpack/z_obsolete/indstatr/indstatrw_6.grf
     Added NewGRF: GRF ID 4A430000, checksum A8B0E3328517AF70653FBDF7CDAFE005, filename: ottdc_grfpack/z_obsolete/jcindsta/jcindstaw.grf
     Added NewGRF: GRF ID 45530400, checksum 0CB1191FF67BA594F64B2934CFAEDF58, filename: ottdc_grfpack/7_stations/jpstats/jpstatsw.grf
     Added NewGRF: GRF ID 4D470801, checksum AB5909E50F9AFAC0DF4C5F66E241838A, filename: ottdc_grfpack/5_industries_cargos/lumbermill/lumbermill.grf
     Added NewGRF: GRF ID 45520500, checksum 7E30CA79D5A8B3A6CBE873E26096D7D2, filename: ottdc_grfpack/7_stations/modernsuburban/modernsuburbanw.GRF
     Added NewGRF: GRF ID 44442302, checksum AFF1124BD0B36FC6B875AF4226BF96AF, filename: ottdc_grfpack/1_other/BlackCC/purpletoblackw.grf
     Added NewGRF: GRF ID 6D620601, checksum 44EB2F155862E4D4F0AB671D7021AF54, filename: ottdc_grfpack/7_stations/newstats/newstatsw.grf
     Added NewGRF: GRF ID 52455200, checksum 0E5A9C5ACD2BCAF7FA0658C3F905A660, filename: ottdc_grfpack/7_stations/ae_rura/ae_ruraw.GRF
     Added NewGRF: GRF ID 52455300, checksum 37C0B839B13C4B18051580C81EEDF427, filename: ottdc_grfpack/7_stations/ae_subu/ae_subuw.GRF
     Added NewGRF: GRF ID 74677462, checksum A2396FFDCC0F1BA37A2A89EF525CDF21, filename: ottdc_grfpack/4_infrastructure/totalbridges/total_bridges.grf
     Added NewGRF: GRF ID 504E0001, checksum E7781323D2B0086E2E76342DAA036054, filename: ottdc_grfpack/7_stations/ukwaypoints/ukwaypointsw.grf
     Added NewGRF: GRF ID 62637272, checksum F127F6375437DAB2766E953C2B282D24, filename: ottdc_grfpack/4_infrastructure/yarrs/yarrs.grf
     Added NewGRF: GRF ID 54570200, checksum 3DEB9B30A6254AE8606A5A9A99A9A696, filename: ottdc_grfpack/7_stations/usstats/usstatsw.grf
     Added NewGRF: GRF ID 6D620004, checksum 70649F1AFC954942173B0AA89C1E8B14, filename: ottdc_grfpack/8_vehicles/ships/newships/newshipsw.grf
     Added NewGRF: GRF ID 6D620401, checksum C5ACB6D5536A464FD78871D91840A35F, filename: ottdc_grfpack/8_vehicles/trains_wagons/dbsetxl/dbsetxlw.grf
     Added NewGRF: GRF ID 44440A01, checksum EFEE1435093730D3DA55BDF69653CADC, filename: ottdc_grfpack/8_vehicles/planes/pb_av8/pb_av8w.grf
Tick 0: settings changed
     Setting changed: station.never_expire_airports : 0 -> 1
Tick 0: settings changed
     Setting changed: vehicle.dynamic_engines : 0 -> 1
Tick 7399: game loaded
     Revision text changed to r20801, savegame version 148, modified, _openttd_newgrf_version = 0x11005141
Tick 40143: game loaded
     Revision text changed to r20801, savegame version 148, not modified, _openttd_newgrf_version = 0x11005141
Tick 53651: settings changed
     Setting changed: vehicle.plane_speed : 4 -> 3
Tick 53657: settings changed
     Setting changed: vehicle.plane_speed : 3 -> 2
Tick 53663: settings changed
     Setting changed: vehicle.plane_speed : 2 -> 1
Tick 54659: game loaded
     Revision text changed to r20801, savegame version 148, modified, _openttd_newgrf_version = 0x11005141
Tick 8016: game loaded
     Revision text changed to r20801, savegame version 148, not modified, _openttd_newgrf_version = 0x11005141
Tick 14153: game loaded
     Revision text changed to r20801, savegame version 148, modified, _openttd_newgrf_version = 0x11005141
Tick 1434: game loaded
     Revision text changed to r20801, savegame version 148, not modified, _openttd_newgrf_version = 0x11005141
---- gamelog end ----

*** End of OpenTTD Crash Report ***
