*** OpenTTD Crash Report ***

Crash at: Sun Aug  8 18:04:35 2010
In game date: 1975-01-10 (5)

Crash reason:
 Signal:  Abort trap (6)
 Message: Assertion failed at line 53 of /home/krille/trunk/src/core/pool_type.hpp: index < this->first_unused

OpenTTD version:
 Version:    r20416 (0)
 NewGRF ver: 11004fc0
 Bits:       32
 Endian:     little
 Dedicated:  no
 Build date: Aug  8 2010 20:01:10

Stacktrace:
 Not supported.

Operating system:
 Name:     NetBSD
 Release:  5.0_STABLE
 Version:  NetBSD 5.0_STABLE (WEBSTER) #0: Sat Apr 17 18:25:43 CEST 2010  krille@webster.lan:/usr/src/sys/arch/i386/compile/WEBSTER
 Machine:  i386
 Compiler: GCC 4.1.3 "4.1.3 20080704 prerelease (NetBSD nb2 20081120)"

Configuration:
 Blitter:      8bpp-optimized
 Graphics set: original_windows (0)
 Language:     german.lng
 Music driver: extmidi
 Music set:    NoMusic (0)
 Network:      no
 Sound driver: sdl
 Sound set:    original_windows (0)
 Video driver: sdl

AI Configuration (local: 0):
  0: Human

Libraries:
 FontConfig: 2.6.0
 FreeType:   2.3.9
 ICU:        4.2.1
 LZO:        2.03
 PNG:        1.2.43
 SDL:        1.2.14
 Zlib:       1.2.3

---- gamelog start ----
Tick 0: new game started
     Revision text changed to r20416, savegame version 145, not modified, _openttd_newgrf_version = 0x11004fc0
     New game mode: 1 landscape: 0
---- gamelog end ----

*** End of OpenTTD Crash Report ***
