*** OpenTTD Crash Report ***
Date: 2008-11-18 23:30:34
Build: r14590 built on Nov 18 2008 19:17:10
Language: english.lng
Exception C00000FD at 00562FF7
Registers:
 EAX: 00032000 EBX: FFFFFFF8 ECX: 00000000 EDX: 00000000
 ESI: 0012F9FC EDI: 051989EC EBP: 0012F9D8 ESP: 0012F9C0
 EIP: 00562FF7 EFLAGS: 00210206

Bytes at CS:EIP:
 85 00 EB E9 A1 E8 64 60 00 83 C8 01 33 C9 39 05 0C C8 61 00 0F 94 C1 8B

Stack trace: 
 00000000 004C56B7 051989EC 00059062 00000000 0012FA30 0012FA28 00437E64
 0012F9FC 00437B02 00059062 00000000 0000050F 00000000 00000014 00000000
 00000000 00417CF3 03DEBB74 00000014 00000000 00000000 00437B02 0012FF78
 0056B04B 00000001 0012FA4C 00438311 005ECA38 00000000 0000050F 00000058
 04505B20 0000050F 0000005C 0012FA6C 00418B65 00000059 0000000F 00000000
 0514E4D0 00000058 0000005A 0012FAE0 004475B8 00000059 0000000F 00000000
 006383D4 0514E4D0 000000E5 004443AF 00FFECBF 0000141A 00000007 0012FB24
 0012FB24 00000000 0000050F 00001420 00000070 0012FAE4 00449D27 0000009C
 00000000 006383D4 0514E4D0 0012FB04 00469CAD 0000000E 0000006D 00000023
 0012FB04 00469CB6 0514E4D0 0012FB24 0044A0FA 00000040 00000300 006383D4
 0000021B 0012FB48 00419529 00000016 006383E4 00000040 00000300 00000006
 00000000 03DE701B 00000000 00000000 000000E5 0000002A 00000500 00000000
 00000016 006C3100 0012FB80 00419697 0000021B 00000010 006383D0 006383D0
 00001800 00000320 00000014 00000500 00000040 00000200 00000010 04504D90
 0012FB9C 0044BBDE 006C30F1 006C3100 00000000 0012FB98 75ED5CCB 00000000
 004F2132 00638C24 0062374C 0012FCDC 00000000 0012FBA0 006C3100 006C311E
 00000000 00000000 00120306 0000000F 00000000 00000000 006C30E1 00000328
 00000000 0042ACEA 0012FCF4 00000001 00000001 000103FE 00000000 0038BEDD
 01B68FF8 00000000 00000000 FFFFFFFF 00000000 FFFFFFFF 0012FDFC 005E9248
 00000000 FFFFFFFF 00000000 00000000 00000000 01B600C4 003F9800 00000000
 00000088 01010155 0012FB80 01B611E8 0012FD84 773F9834 0038BE00 FFFFFFFE
 7745861F 77458652 00000000 01B611F0 00000080 01C21B40 00000100 0012FD94
 0012FCF4 00000104 002B1678 0012FCB8 7613930B 002B16CE 0012FD00 0012FCF4
 00000104 00000000 FFFFFFFE 0012FCF4 00000001 0000002B 0012FE00 00449BF7

Module information:
 H:\hayate\bin\win32\OpenTTD\openttd.exe handle: 00400000 size: 2245632 crc: 9DDC140C date: 2008-11-18 19:20:26
 C:\Windows\system32\ntdll.dll handle: 773F0000 size: 1203792 crc: 7CFCEC95 date: 2008-01-21 02:25:01
 C:\Windows\system32\kernel32.dll handle: 760F0000 size: 888320 crc: 33D9889B date: 2008-01-21 02:24:13
 C:\Windows\system32\WINMM.dll handle: 73350000 size: 189952 crc: D22FC585 date: 2008-01-21 02:24:11
 C:\Windows\system32\msvcrt.dll handle: 75E20000 size: 680448 crc: E5AE7FEC date: 2008-01-21 02:24:36
 C:\Windows\system32\USER32.dll handle: 761D0000 size: 627200 crc: B687ED70 date: 2008-01-21 02:24:21
 C:\Windows\system32\GDI32.dll handle: 75ED0000 size: 295936 crc: F8FB6E93 date: 2008-02-22 04:57:23
 C:\Windows\system32\ADVAPI32.dll handle: 75F50000 size: 798720 crc: F58CDFCB date: 2008-01-21 02:24:27
 C:\Windows\system32\RPCRT4.dll handle: 75C70000 size: 784896 crc: 3E044E39 date: 2008-04-12 03:32:11
 C:\Windows\system32\ole32.dll handle: 763F0000 size: 1315328 crc: 6B931D39 date: 2008-01-21 02:24:58
 C:\Windows\system32\OLEAUT32.dll handle: 76340000 size: 563200 crc: B69E10E1 date: 2008-01-21 02:25:00
 C:\Windows\system32\OLEACC.dll handle: 73A50000 size: 215040 crc: EF3061D3 date: 2008-01-21 02:23:53
 C:\Windows\system32\WS2_32.dll handle: 75F20000 size: 179200 crc: 5D581120 date: 2008-01-21 02:24:48
 C:\Windows\system32\NSI.dll handle: 75E10000 size: 8192 crc: 10729B39 date: 2008-01-21 02:24:47
 C:\Windows\system32\IMM32.DLL handle: 763D0000 size: 114688 crc: 57C1E0CD date: 2008-01-21 02:24:24
 C:\Windows\system32\MSCTF.dll handle: 76270000 size: 806912 crc: 66ABCC79 date: 2008-01-21 02:24:57
 C:\Windows\system32\LPK.DLL handle: 77520000 size: 23552 crc: 3277B148 date: 2008-01-21 02:24:14
 C:\Windows\system32\USP10.dll handle: 76540000 size: 501760 crc: 09CF36C9 date: 2008-01-21 02:24:14
 C:\Windows\system32\NTMARTA.DLL handle: 75AD0000 size: 121344 crc: 287FE5B8 date: 2008-01-21 02:24:23
 C:\Windows\system32\WLDAP32.dll handle: 77540000 size: 289280 crc: 9155A155 date: 2008-01-21 02:24:13
 C:\Windows\system32\PSAPI.DLL handle: 75BD0000 size: 12288 crc: D7B812C5 date: 2006-11-02 09:46:12
 C:\Windows\system32\SAMLIB.dll handle: 75AB0000 size: 57344 crc: 7D288029 date: 2008-01-21 02:24:37
 C:\Windows\system32\SHFolder.dll handle: 752D0000 size: 7168 crc: 1CA14A5C date: 2006-11-02 09:46:13
 C:\Windows\system32\SHELL32.dll handle: 76750000 size: 11580416 crc: 78DE6C7E date: 2008-04-24 04:58:20
 C:\Windows\system32\SHLWAPI.dll handle: 766F0000 size: 351744 crc: F95C1869 date: 2008-01-21 02:24:37
 C:\Windows\WinSxS\x86_microsoft.windows.common-controls_6595b64144ccf1df_6.0.6001.18000_none_5cdbaa5a083979cc\comctl32.dll handle: 74B20000 size: 1684480 crc: 57ECDF87 date: 2008-01-21 02:23:44
 C:\Windows\system32\uxtheme.dll handle: 748A0000 size: 240128 crc: 5F29223E date: 2008-01-21 02:23:43
 C:\Windows\system32\wdmaud.drv handle: 72F90000 size: 166912 crc: 5FC059D1 date: 2008-01-21 02:24:55
 C:\Windows\system32\ksuser.dll handle: 738B0000 size: 4608 crc: 4C647881 date: 2006-11-02 09:46:05
 C:\Windows\system32\MMDevAPI.DLL handle: 74810000 size: 149504 crc: 29FF5B91 date: 2008-01-21 02:24:44
 C:\Windows\system32\AVRT.dll handle: 74F90000 size: 12800 crc: EB589AA0 date: 2008-01-21 02:24:54
 C:\Windows\system32\SETUPAPI.dll handle: 77260000 size: 1590272 crc: BB6B35BF date: 2008-01-21 02:24:46
 C:\Windows\system32\WINTRUST.dll handle: 74D30000 size: 171520 crc: EE6B6CCB date: 2008-01-21 02:24:35
 C:\Windows\system32\CRYPT32.dll handle: 75540000 size: 977408 crc: 49821E3F date: 2008-01-21 02:24:53
 C:\Windows\system32\MSASN1.dll handle: 756A0000 size: 59904 crc: 7A69072B date: 2006-11-02 09:46:06
 C:\Windows\system32\USERENV.dll handle: 75B20000 size: 108032 crc: AC76B003 date: 2008-01-21 02:24:10
 C:\Windows\system32\Secur32.dll handle: 75B00000 size: 72704 crc: A389B60F date: 2008-01-21 02:24:15
 C:\Windows\system32\imagehlp.dll handle: 77620000 size: 153088 crc: EEF49677 date: 2008-01-21 02:24:06
 C:\Windows\system32\AUDIOSES.DLL handle: 72F60000 size: 116224 crc: 30C70121 date: 2008-01-21 02:24:54
 C:\Windows\system32\audioeng.dll handle: 72EF0000 size: 397312 crc: 17666E45 date: 2008-01-21 02:24:54
 C:\Windows\system32\msacm32.drv handle: 732F0000 size: 21504 crc: 1F6A62A4 date: 2008-01-21 02:23:45
 C:\Windows\system32\MSACM32.dll handle: 72ED0000 size: 71680 crc: A2E8F836 date: 2008-01-21 02:24:53
 C:\Windows\system32\midimap.dll handle: 72EC0000 size: 17408 crc: 44FD6876 date: 2008-01-21 02:23:45
 C:\Windows\system32\CLBCatQ.DLL handle: 77590000 size: 523776 crc: C2EBF5E6 date: 2008-01-21 02:24:24
 C:\Windows\system32\dmime.dll handle: 73270000 size: 178688 crc: 3063C87B date: 2008-01-21 02:23:37
 C:\Windows\system32\DSOUND.dll handle: 6FE10000 size: 444416 crc: 1F6BF3CC date: 2008-01-21 02:24:07
 C:\Windows\system32\POWRPROF.dll handle: 74FB0000 size: 97280 crc: 968A09AC date: 2008-01-21 02:25:01
 C:\Windows\system32\dmusic.dll handle: 73250000 size: 101888 crc: C5478A00 date: 2008-01-21 02:23:37
 C:\Windows\system32\dmsynth.dll handle: 6EEE0000 size: 105472 crc: 246B7E26 date: 2008-01-21 02:23:37
 C:\Windows\system32\dmloader.dll handle: 6FC60000 size: 38400 crc: 43D1875C date: 2008-01-21 02:23:37
 C:\Windows\system32\IconCodecService.dll handle: 70E20000 size: 9728 crc: D8D965A6 date: 2006-11-02 12:34:33
 C:\Windows\system32\WindowsCodecs.dll handle: 73090000 size: 712192 crc: 44E707A7 date: 2008-01-21 02:24:37
 C:\Windows\system32\mswsock.dll handle: 75260000 size: 223232 crc: 3746AAB9 date: 2008-01-21 02:24:02
 C:\Windows\System32\wshtcpip.dll handle: 74EA0000 size: 9216 crc: 10C50FC1 date: 2008-01-21 02:24:04

System information:
 Windows version 6.0 6001 Service Pack 1

---- gamelog start ----
Tick 10900: game loaded
     Conversion from OTTD savegame without gamelog: version 89, 0
     Revision text changed to norev000, savegame version 100, maybe modified, _openttd_newgrf_version = 0x07000000
     New game mode: 1 landscape: 0
     Added NewGRF: GRF ID 4B5A0007, checksum BC51D7FBCBC3E9BD5EB7F0D1C7A400EC, filename: newairport.grf
     Added NewGRF: GRF ID 19892837, checksum BFC1956151E6D0AA287A0E03509E4C6D, filename: newroadsw.grf
     Added NewGRF: GRF ID 4D656F80, checksum 3B15B6C3F0D5ABDB9EE9F376283FEE60, filename: newmonorailw.grf
     Added NewGRF: GRF ID 49450008, checksum F7AB9FF79C9824E41F1FA073A87A70B1, filename: transmitter.grf
     Added NewGRF: GRF ID 6D620601, checksum AFEE0691EC36958286F69BC421674248, filename: newstatsw.grf
     Added NewGRF: GRF ID 4A530459, checksum 4567B275895E5B665FB51119A69ED140, filename: ottdc_grfpack\def\planeset\planesetw_459.grf
     Added NewGRF: GRF ID 44440201, checksum DBEE7FED4B51E27E53FB7A14E283BE38, filename: ottdc_grfpack\def\pb_viaduct\pb_viaduct.grf
     Added NewGRF: GRF ID 45520102, checksum 1406B06F6475037445A944963CA6D5CE, filename: ottdc_grfpack\def\basic_platforms\basic_platformsw.grf
     Added NewGRF: GRF ID 54570604, checksum 09E2627CACBE087959BCD2B86A07DB4E, filename: ottdc_grfpack\def\harbour\harbourw_456.grf
     Added NewGRF: GRF ID 4A430000, checksum A8B0E3328517AF70653FBDF7CDAFE005, filename: ottdc_grfpack\def\jcindsta\jcindstaw.grf
     Added NewGRF: GRF ID 44440111, checksum 9B5051E70D60EF2926A249B923AFB0CA, filename: ottdc_grfpack\uk\pb_ukrs\pb_ukrs.grf
     Added NewGRF: GRF ID 504E0001, checksum E7781323D2B0086E2E76342DAA036054, filename: ottdc_grfpack\def\ukwaypoints\ukwaypointsw.grf
     Added NewGRF: GRF ID 44440401, checksum 6AAD39D3A1E489E0060A9511B7DF8CDA, filename: ottdc_grfpack\uk\pb_hovs_bus\pb_hovs_bus.grf
     Added NewGRF: GRF ID 54570200, checksum 3DEB9B30A6254AE8606A5A9A99A9A696, filename: ottdc_grfpack\us\usstats\usstatsw.grf
Tick 37446: patch settings changed
     Patch setting changed: station.always_small_airport : 0 -> 1
Tick 44613: game loaded
     Revision text changed to r14590, savegame version 102, not modified, _openttd_newgrf_version = 0x070038fe
---- gamelog end ----
