*** OpenTTD Crash Report ***
Date: 2007-08-08 14:30:26
Build: 0.5.2 built on May 29 2007 20:45:46
Reason: !v->type == VEH_Ship
Exception C0000005 at 004221BB
Registers:
 EAX: 0012F9F8 EBX: 00000001 ECX: 00008633 EDX: 00E00000
 ESI: 00000200 EDI: 005C995C EBP: 0012FBF8 ESP: 0012F9F0
 EIP: 004221BB EFLAGS: 00010246

Bytes at CS:EIP:
 C6 05 00 00 00 00 00 A1 80 46 5C 00 85 C0 74 03 FF 50 04 53 E8 02 53 0A

Stack trace: 
 01AF14D0 00000001 3E2D7621 65707974 203D3D20 5F484556 70696853 00040000
 00007FE0 020D0020 0012FAE0 0012FB70 0012FAE0 0048D64E 00000000 00AD0000
 021A0000 00AD0000 00AD0000 00000000 00000000 01010000 00000084 0012F9A8
 0012F9AC 0012FA94 7C90EE18 7C910570 FFFFFFFF 7C91056D 004C4D1C 00AD0000
 00000000 004C4D3B 6FC57B87 0012FAE0 00BBDBD4 00000000 00000001 0012FA78
 0012FA7C 0012FB7C 004CA470 6F8411EB 00000008 01AE6A03 0012FB08 01AE6A28
 0041E513 01AE6A28 0012FB24 00000000 00000000 00000000 00000000 00000008
 00000000 00000000 00000000 01AC5000 01AE6A28 01AE6A28 01AC00CD 00000000
 0042EE34 0040E896 8000FFFF 0002B9DB 00000380 01A5EC80 0012FB44 0042E93E
 00000021 0012FB20 0042E90C 0046B45B 0046A5FD 8000FFFF 0002B5DC 0040E8B3
 004021C0 00000000 00000000 00000000 0002B5DC 0012FB7C 00000163 0040E874
 0012FB70 00000000 0040E893 00467BA9 0000000C 00000200 00B57F50 00000000
 00000000 00000000 00000000 00000000 00000000 00000000 00000000 00000000
 00000000 00000000 00000000 00000000 000001CF 0012FC0C 00467D2A 0012FBD8
 00B57F50 00467D88 00000000 00000000 00000025 00000025 000001D3 00000159
 000001D4 0000015F 0000010A 00000000 00000058 00000000 00000000 00000089
 00000000 01B191E8 7E41F3B3 0047A32F 00537FDC 00000007 005C99B9 00000001
 00475EA2 00475F19 00000000 00000000 005C33E0 0042301F 0A75F2EA 00000000
 004232F5 00000000 00438F6D 005C17FC 005C35D8 0012FC9C 00000000 0A75F308
 00000000 00000000 001F06D4 00000113 00000001 00438012 0A75F2EA 000000CE
 0000013D 0042299F 0012FD24 00000001 00000001 0000FD00 00020854 00000000
 00020900 0012FCBC 7C821692 00000059 FFFFFFFF 00000000 00000104 0000FDE9
 0012FD24 00000001 00000056 0012FCE8 7C8215EB 0000FD00 00000000 00020854
 FFFFFFFF 0012FD24 00000104 00000000 00000000 00000000 00000000 FFFFFFFF

Module information:
 C:\Documents and Settings\barabes\My Documents\My Music\New Folder\ottd\openttd.exe handle: 00400000 size: 1353728 crc: 2FFC558C date: 2007-05-29 18:46:46
 C:\WINDOWS\system32\ntdll.dll handle: 7C900000 size: 708096 crc: A5A50370 date: 2004-08-04 04:56:38
 C:\WINDOWS\system32\kernel32.dll handle: 7C800000 size: 984576 crc: 2CCFBF2B date: 2007-04-16 15:52:53
 C:\WINDOWS\system32\WINMM.dll handle: 76B40000 size: 176128 crc: 123646FA date: 2004-08-04 04:56:48
 C:\WINDOWS\system32\USER32.dll handle: 7E410000 size: 577536 crc: DF3237C6 date: 2007-03-08 15:36:28
 C:\WINDOWS\system32\GDI32.dll handle: 77F10000 size: 281600 crc: 6CF43825 date: 2007-03-08 15:36:28
 C:\WINDOWS\system32\ADVAPI32.dll handle: 77DD0000 size: 616960 crc: 5E7A2F0A date: 2004-08-04 04:56:42
 C:\WINDOWS\system32\RPCRT4.dll handle: 77E70000 size: 581632 crc: 34F85332 date: 2005-11-11 03:22:21
 C:\WINDOWS\system32\WS2_32.dll handle: 71AB0000 size: 82944 crc: 9738CC56 date: 2004-08-04 04:56:48
 C:\WINDOWS\system32\msvcrt.dll handle: 77C10000 size: 343040 crc: 5298C0C5 date: 2004-08-04 04:56:44
 C:\WINDOWS\system32\WS2HELP.dll handle: 71AA0000 size: 19968 crc: F5DD5AB6 date: 2004-08-04 04:56:48
 C:\WINDOWS\system32\IMM32.DLL handle: 76390000 size: 110080 crc: FD65A0DD date: 2004-08-04 04:56:44
 C:\WINDOWS\system32\wdmaud.drv handle: 72D20000 size: 23552 crc: 982E84EE date: 2004-08-04 04:56:58
 C:\WINDOWS\system32\WINTRUST.dll handle: 76C30000 size: 176640 crc: 88D208BD date: 2004-08-04 04:56:48
 C:\WINDOWS\system32\CRYPT32.dll handle: 77A80000 size: 597504 crc: 971ECFAA date: 2004-08-04 04:56:42
 C:\WINDOWS\system32\MSASN1.dll handle: 77B20000 size: 57344 crc: D5127637 date: 2004-08-04 04:56:44
 C:\WINDOWS\system32\IMAGEHLP.dll handle: 76C90000 size: 144384 crc: 714A70BC date: 2004-08-04 04:56:44
 C:\WINDOWS\system32\msacm32.drv handle: 72D10000 size: 20480 crc: D5406BAE date: 2001-08-23 12:00:00
 C:\WINDOWS\system32\MSACM32.dll handle: 77BE0000 size: 71680 crc: 6A21891E date: 2004-08-04 04:56:44
 C:\WINDOWS\system32\midimap.dll handle: 77BD0000 size: 18944 crc: 502B5282 date: 2004-08-04 04:56:44
 C:\WINDOWS\system32\ole32.dll handle: 774E0000 size: 1285120 crc: AD325A7F date: 2005-07-26 04:39:48
 C:\Program Files\Logitech\MouseWare\System\LgWndHk.dll handle: 10000000 size: 6144 crc: 03DEAF62 date: 2003-12-18 13:50:00
 C:\WINDOWS\system32\MSCTF.dll handle: 74720000 size: 294400 crc: BBD2E653 date: 2004-08-04 04:56:44
 C:\WINDOWS\system32\CLBCATQ.DLL handle: 76FD0000 size: 498688 crc: 9DED030F date: 2005-07-26 04:39:43
 C:\WINDOWS\system32\COMRes.dll handle: 77050000 size: 792064 crc: 5A12B4A2 date: 2004-08-04 04:56:42
 C:\WINDOWS\system32\OLEAUT32.dll handle: 77120000 size: 553472 crc: 78035CFF date: 2004-08-04 04:56:46
 C:\WINDOWS\system32\VERSION.dll handle: 77C00000 size: 18944 crc: CFE439BB date: 2004-08-04 04:56:48
 C:\WINDOWS\System32\dmime.dll handle: 5C570000 size: 181248 crc: F18E50F8 date: 2004-08-04 04:56:44
 C:\WINDOWS\System32\DSOUND.dll handle: 73F10000 size: 367616 crc: F0EFB582 date: 2004-08-04 04:56:44
 C:\WINDOWS\System32\dmusic.dll handle: 6C980000 size: 104448 crc: 0C1C73CE date: 2004-08-04 04:56:44
 C:\WINDOWS\system32\KsUser.dll handle: 73EE0000 size: 4096 crc: 519CF22C date: 2004-08-04 04:56:44
 C:\WINDOWS\System32\dmsynth.dll handle: 6C9A0000 size: 103424 crc: ECEFF055 date: 2004-08-04 04:56:44
 C:\WINDOWS\System32\dmloader.dll handle: 6CA10000 size: 35840 crc: CCCBFD58 date: 2004-08-04 04:56:44
 C:\WINDOWS\system32\msctfime.ime handle: 755C0000 size: 177152 crc: 6A712F98 date: 2004-08-04 04:56:14
 C:\WINDOWS\system32\mswsock.dll handle: 71A50000 size: 245248 crc: E2309390 date: 2004-08-04 04:56:46
 C:\WINDOWS\system32\hnetcfg.dll handle: 662B0000 size: 344064 crc: 6CF15ACF date: 2004-08-04 04:56:44
 C:\WINDOWS\System32\wshtcpip.dll handle: 71A90000 size: 19968 crc: B88CC0E5 date: 2004-08-04 04:56:48
 C:\Program Files\Common Files\Logitech\Scrolling\LgMsgHk.dll handle: 01970000 size: 24064 crc: DEE63923 date: 2003-12-18 13:50:00
 C:\WINDOWS\system32\MSVCP60.dll handle: 76080000 size: 413696 crc: CF40E5C3 date: 2004-08-04 04:56:44
 C:\WINDOWS\System32\dmstyle.dll handle: 6C9C0000 size: 105984 crc: 41F12E87 date: 2004-08-04 04:56:44
 C:\WINDOWS\System32\dmband.dll handle: 6CBC0000 size: 28672 crc: 7CAFFAE0 date: 2004-08-04 04:56:44
 C:\WINDOWS\system32\psapi.dll handle: 76BF0000 size: 23040 crc: 97A44A88 date: 2004-08-04 04:56:46

System information:
 Windows version 5.1 2600 S
