*** OpenTTD Crash Report ***

Crash at: Fri Feb 18 16:24:56 2011
In game date: 1931-05-11 (61)

Crash reason:
 Exception: E1212012
 Location:  000007FEFD4BAA7D
 Message:   Assertion failed at line 127 of c:\openttd\compile\src\core/pool_func.hpp: this->checked != 0

OpenTTD version:
 Version:    r22087 (0)
 NewGRF ver: 12005647
 Bits:       64
 Endian:     little
 Dedicated:  no
 Build date: Feb 15 2011 19:27:19

Registers:
 RAX: 0000000076FDE13E RBX: 0000000000000016 RCX: 000000000016D990 RDX: 0000000000000000
 RSI: 0000000000000000 RDI: 0000000000000008 RBP: 000000000421AFC0 RSP: 000000000016DFA0
 R8:  0000000000000000 R9:  0000000000000000 R10: 0000000000000000 R11: 0000000000000286
 R12: 00000001400D8830 R13: 000000013F9C3498 R14: 0000000000000001 R15: 00000000007A8CD0
 RIP: 000007FEFD4BAA7D EFLAGS: 00000202

 Bytes at instruction pointer:
 48 81 C4 C8 00 00 00 C3 90 90 90 90 90 90 90 90 90 90 90 48 83 EC 48 83

Stack trace:
 00000016 00000000 00000000 00000000 00000008 00000000 00000000 00000000
 E1212012 00000000 00000000 00000000 FD4BAA7D 000007FE 00000000 00000000
 00000000 00000000 76922049 00000000 00070000 00000000 00000202 00000000
 00000001 00000000 00000000 00000000 00000000 00000000 7692201B 00000000
 00350230 00000000 76DBFBEA 00000000 003503C8 00000000 0035026C 00000000
 00000070 00000000 FFFFFFFF FFFFFFFF 00000000 00000000 7692C333 00000000
 00000001 00000000 3FABCB01 00000001 00000016 00000000 5E0EA776 00000000
 0041AB00 00000000 00350230 00000000 0016E1D0 00000000 76DB77DA 00000000
 0078D1C0 00000000 007A8CD0 00000000 00000000 00000000 047E1530 00000000
 FFFFFFFF FFFFFFFF 00000000 00000000 0016E9D8 00000000 3FABBD86 00000001
 00000001 00000000 00000009 00000000 0016EA88 00000000 00000002 00000000
 0078D1C0 00000000 76929FAC 00000000 00000000 00000000 00000000 00000000
 76E0937C 00000000 02000002 00000000 00000001 00000000 0000C82F 00000000
 00000000 00000000 7692BAF9 00000000 007A7D58 00000000 7692A54D 00000000
 00000000 00000000 00000000 00000000 00000015 00000000 00000001 00000000
 00030198 00000000 00000001 00000000 0078D1C0 00000000 76937604 00000000
 000202E6 00000000 0078D1C0 00000000 00000001 00000000 00000001 00000000
 00000001 00000000 FB0A095F FFFFFFFF 00000000 00000000 00000000 00000000
 00000001 00000000 00000010 00000000 00414C70 00000000 00350000 00000000
 00414C60 00000000 76DD1885 00000000 00350000 00000000 00414C01 00000000
 00000000 00000000 00414C70 00000000 000202E6 00000000 769832C4 00000000
 00000001 00000000 000202E6 00000000 769832C4 00000000 0016E5A0 00000000
 00000000 00000000 40161F1C 00000001 00010003 00000000 00000001 00000000
 00000000 00000000 76982825 00000000 00414C70 00000000 00414C70 00000000

Operating system:
 Name:     Windows
 Release:  6.1.7600 ()
 Compiler: MSVC 1500

Configuration:
 Blitter:      8bpp-optimized
 Graphics set: OpenGFX (593)
 Language:     P:\Games\OpenTTD\lang\dutch.lng
 Music driver: win32
 Music set:    OpenMSX (96)
 Network:      no
 Sound driver: win32
 Sound set:    OpenSFX (87)
 Video driver: win32

AI Configuration (local: 0):
  0: Human

Libraries:
 FreeType:   2.4.4
 ICU:        4.4.2
 LZMA:       5.0.0
 LZO:        2.03
 PNG:        1.4.5
 Zlib:       1.2.5

Module information:
 P:\Games\OpenTTD\openttd.exe handle: 000000013F7A0000 size: 9914880 crc: 29D28FE4 date: 2011-02-17 19:15:50
 D:\Windows\SYSTEM32\ntdll.dll handle: 0000000076D80000 size: 1739176 crc: 08AFD0C3 date: 2010-10-27 05:16:01
 D:\Windows\system32\kernel32.dll handle: 00000000767F0000 size: 1162240 crc: 822946F0 date: 2009-07-14 01:41:13
 D:\Windows\system32\KERNELBASE.dll handle: 000007FEFD4B0000 size: 421376 crc: 68F689E4 date: 2009-07-14 01:41:13
 D:\Windows\system32\WINMM.dll handle: 000007FEFAE60000 size: 217600 crc: 7BC1529F date: 2009-07-14 01:41:56
 D:\Windows\system32\msvcrt.dll handle: 000007FEFEE40000 size: 634880 crc: 7F3E716F date: 2009-07-14 01:41:32
 D:\Windows\system32\USER32.dll handle: 0000000076910000 size: 1008640 crc: 95FA0345 date: 2009-07-14 01:41:56
 D:\Windows\system32\GDI32.dll handle: 000007FEFEC70000 size: 404480 crc: 0F1BAE69 date: 2009-07-14 01:40:56
 D:\Windows\system32\LPK.dll handle: 000007FEFEB80000 size: 41984 crc: 350AF03B date: 2009-07-14 01:41:19
 D:\Windows\system32\USP10.dll handle: 000007FEFEFB0000 size: 801280 crc: 32EFA120 date: 2009-07-14 01:41:56
 D:\Windows\system32\WS2_32.dll handle: 000007FEFEF60000 size: 296448 crc: B9553AFD date: 2009-07-14 01:41:58
 D:\Windows\system32\RPCRT4.dll handle: 000007FEFD930000 size: 1221632 crc: D5B6358C date: 2009-07-14 01:41:53
 D:\Windows\system32\NSI.dll handle: 000007FEFF080000 size: 13824 crc: 53B46F6C date: 2009-07-14 01:41:53
 D:\Windows\system32\ADVAPI32.dll handle: 000007FEFEB90000 size: 877056 crc: FA615A20 date: 2009-07-14 01:40:01
 D:\Windows\SYSTEM32\sechost.dll handle: 000007FEFD910000 size: 113664 crc: 978CFAE5 date: 2009-07-14 01:41:53
 D:\Windows\system32\SHELL32.dll handle: 000007FEFDA60000 size: 14162944 crc: 38C0D5D7 date: 2010-07-27 14:59:11
 D:\Windows\system32\SHLWAPI.dll handle: 000007FEFE8D0000 size: 449536 crc: 0BFDF102 date: 2009-07-14 01:41:54
 D:\Windows\system32\IMM32.DLL handle: 000007FEFD700000 size: 167424 crc: 41B2805A date: 2009-07-14 01:41:09
 D:\Windows\system32\MSCTF.dll handle: 000007FEFECE0000 size: 1067008 crc: 798DDDA0 date: 2009-07-14 01:41:28
 D:\Windows\system32\SHFolder.dll handle: 000007FEF7970000 size: 10240 crc: 08A48DE3 date: 2009-07-14 01:41:54
 D:\Windows\system32\ole32.dll handle: 000007FEFE970000 size: 2085376 crc: 4764DDC2 date: 2010-06-29 05:39:12
 D:\Windows\system32\MMDevAPI.DLL handle: 000007FEFBAA0000 size: 284160 crc: CDF2EF81 date: 2009-07-14 01:41:26
 D:\Windows\system32\PROPSYS.dll handle: 000007FEFB970000 size: 1212416 crc: 98D01BC9 date: 2009-07-14 01:41:53
 D:\Windows\system32\OLEAUT32.dll handle: 000007FEFE7F0000 size: 861184 crc: 112732BA date: 2010-04-07 07:37:39
 D:\Windows\system32\wdmaud.drv handle: 000007FEFAC60000 size: 217088 crc: AB6BC545 date: 2009-07-14 01:38:50
 D:\Windows\system32\ksuser.dll handle: 0000000074630000 size: 5120 crc: AA2071D9 date: 2009-07-14 01:41:13
 D:\Windows\system32\AVRT.dll handle: 000007FEFBF50000 size: 18432 crc: 5CE53CB7 date: 2009-07-14 01:40:05
 D:\Windows\system32\SETUPAPI.dll handle: 000007FEFD730000 size: 1899520 crc: 91ED5D15 date: 2009-07-14 01:41:54
 D:\Windows\system32\CFGMGR32.dll handle: 000007FEFD560000 size: 207360 crc: 369326FC date: 2009-07-14 01:40:15
 D:\Windows\system32\DEVOBJ.dll handle: 000007FEFD5A0000 size: 93184 crc: A7541AE2 date: 2009-07-14 01:40:28
 D:\Windows\system32\AUDIOSES.DLL handle: 000007FEFAC10000 size: 296448 crc: 07CA71DE date: 2009-07-14 01:40:04
 D:\Windows\system32\msacm32.drv handle: 000007FEFABA0000 size: 25600 crc: 2B579A05 date: 2009-07-14 01:38:50
 D:\Windows\system32\MSACM32.dll handle: 000007FEFAB80000 size: 83456 crc: 3D67538B date: 2009-07-14 01:41:27
 D:\Windows\system32\midimap.dll handle: 000007FEFAB70000 size: 20480 crc: CB902A13 date: 2009-07-14 01:41:23
 D:\Windows\system32\CRYPTBASE.dll handle: 000007FEFD120000 size: 44032 crc: F547C16E date: 2009-07-14 01:40:24
 D:\Windows\system32\CLBCatQ.DLL handle: 000007FEFD5C0000 size: 607744 crc: 939E35C9 date: 2009-07-14 01:40:15
 D:\Windows\system32\uxtheme.dll handle: 000007FEFB910000 size: 332288 crc: B0A13DF9 date: 2009-07-14 01:41:56
 D:\Windows\system32\dwmapi.dll handle: 000007FEFBAF0000 size: 82432 crc: A459F360 date: 2009-07-14 01:40:34
 D:\Windows\system32\mswsock.dll handle: 000007FEFCA60000 size: 320000 crc: EA387916 date: 2009-07-14 01:41:34
 D:\Windows\System32\wshtcpip.dll handle: 000007FEFC410000 size: 13312 crc: 5D1E2C55 date: 2009-07-14 01:41:58
 D:\Windows\System32\wship6.dll handle: 000007FEFCA50000 size: 13824 crc: E3FBF123 date: 2009-07-14 01:41:58
 D:\Windows\system32\DNSAPI.dll handle: 000007FEFC8E0000 size: 356352 crc: D15B6D28 date: 2009-07-14 01:40:31
 D:\Windows\system32\IPHLPAPI.DLL handle: 000007FEFA3D0000 size: 145920 crc: FFC0BAF8 date: 2009-07-14 01:41:10
 D:\Windows\system32\WINNSI.DLL handle: 000007FEFA3C0000 size: 26112 crc: 744B2434 date: 2009-07-14 01:41:56
 D:\Windows\system32\rasadhlp.dll handle: 000007FEF81B0000 size: 16384 crc: C5FD1616 date: 2009-07-14 01:41:53
 D:\Windows\System32\fwpuclnt.dll handle: 000007FEFA280000 size: 324096 crc: 37B502C2 date: 2009-07-14 01:40:55
 D:\Windows\system32\psapi.dll handle: 0000000076F40000 size: 9216 crc: 84B5E9BA date: 2009-07-14 01:41:53

---- gamelog start ----
Tick 0: new game started
     Revision text changed to r22087, savegame version 160, not modified, _openttd_newgrf_version = 0x12005647
     New game mode: 1 landscape: 0
     Added NewGRF: GRF ID 6D620401, checksum C5ACB6D5536A464FD78871D91840A35F, filename: dbsetxlw.grf (md5sum matches)
     Added NewGRF: GRF ID FBFB0102, checksum 803D38F242F016C4A8212FA05C0F9B7E, filename: dutch_tram_set.rc1\dutchtramsetw.grf (md5sum matches)
     Added NewGRF: GRF ID 42010000, checksum 6FE46BEACFA8B4191B9F8FEAEFBE819F, filename: german_signals.0.4\gersignw.grf (md5sum matches)
     Added NewGRF: GRF ID 4A430002, checksum 0728ADCB4DF2F1EB9247ABD449296F4E, filename: indstatrw.grf (md5sum matches)
     Added NewGRF: GRF ID 504E0002, checksum 6E6944E09CE6C3AC130DF72C542EE4B1, filename: generic_buffers.0.1\buffers.grf (md5sum matches)
     Added NewGRF: GRF ID 52571208, checksum DC83DAB2933FACCB91678D4F75ABCCC6, filename: generic_cars-0.4\cars.grf (md5sum matches)
     Added NewGRF: GRF ID FBFB9905, checksum F747797A14AAA646402DC4E16DE5E82C, filename: longer_girder__steel_bridge.1\longergirdersteelbridge.grf (md5sum matches)
     Added NewGRF: GRF ID 535A0901, checksum BECE0FB994E34EBDF6DB76EC3B566914, filename: purno_s_new_railway_fence.1\fencew.grf (md5sum matches)
     Added NewGRF: GRF ID 4444F000, checksum 875F485E4DB617B27C58543C4000F0FB, filename: old_wagons_new_cargos.1.1\oldwagons-newcargos.grf (md5sum matches)
     Added NewGRF: GRF ID 27711002, checksum 3E2A2578101FFB3DD8AFC451CC43C8D0, filename: 2cc_trainset.1.0.1\2cctrainset.grf (md5sum matches)
     Added NewGRF: GRF ID 19060801, checksum 6CFC6328D999C140851BFE6514BA277A, filename: bigger_depots.0.3\bigdepot.grf (md5sum matches)
     Added NewGRF: GRF ID 554B5201, checksum 0D9C15FF1DC9AA50702780A730D9C650, filename: uk_roadset.1.1\ukroadsetw.grf (md5sum matches)
     Added NewGRF: GRF ID 44440502, checksum 9B2267C916691C45A2C85BE1FF54F7C3, filename: combined_american_signal_set.1.1\ussigzw.grf (md5sum matches)
     Added NewGRF: GRF ID 535A5644, checksum 5390BFF2E600595DC74E1C6247DA762D, filename: better_vehicle_names.v1\bvehname.grf (md5sum matches)
     Added NewGRF: GRF ID 4F460A02, checksum D8FF84F759520F43F24F1C2C2645F214, filename: improved_road_vehicles__for_db_s.1.0\irv.grf (md5sum matches)
     Added NewGRF: GRF ID 52455200, checksum 0E5A9C5ACD2BCAF7FA0658C3F905A660, filename: Newgrf\ae_ruraw.GRF (md5sum matches)
     Added NewGRF: GRF ID 45520100, checksum E99FA3CB0505B6237F1F4C84DD9BC425, filename: Newgrf\nabsw.GRF (md5sum matches)
     Added NewGRF: GRF ID 45520600, checksum 346457CB4632554B6A175785236883E4, filename: Newgrf\platformsw.GRF (md5sum matches)
     Added NewGRF: GRF ID 4A530117, checksum 89A2A4BFC9BFFE1158A6BBBBEA33975B, filename: ecs__firs_vehicle_set-2011.01.01\efrefit.grf (md5sum matches)
     Added NewGRF: GRF ID 72777473, checksum A12E6E5E0FC4FEE6F9A35E909B0A8FF5, filename: uk_town_set-2\ukts_v2.grf (md5sum matches)
     Added NewGRF: GRF ID 27711003, checksum 1DD625FFF9805756C848E19BDDA162C3, filename: 2cc_trainset-2.0.0beta4.1\2cctrainset.grf (md5sum matches)
     Added NewGRF: GRF ID 6D620402, checksum 66ADF9AC90D97C59ED783FEC7E9706F9, filename: ottdc_grfpack\8_vehicles\trains_wagons\dbsetxl\z_ecs\dbxl_ecs.grf (md5sum matches)
     Added NewGRF: GRF ID 414E0101, checksum 9FE1949FF50A22F6260A6D2D3FA45A2D, filename: fish_ship_set-0.8.2\fish.grf (md5sum matches)
     Added NewGRF: GRF ID 52571201, checksum 611EF5A5B4D7F63B9D72DA57EA68EAAC, filename: Newgrf\grvts.grf (md5sum matches)
     Added NewGRF: GRF ID 41501202, checksum 341646D3E73F9368E856A80856EC89B0, filename: heqs_heavy_equipment_set-1.0\heqs.grf (md5sum matches)
     Added NewGRF: GRF ID 4F472B31, checksum 28B38CDB8C31F59C807F0A72BE5CDC30, filename: opengfx_trains-0.2.2\ogfx-trains.grf (md5sum matches)
     Added NewGRF: GRF ID 4F472B32, checksum B42B3DD63720C1F2483B357575736087, filename: opengfx_road_vehicles-0.1.0\ogfx-rv.grf (md5sum matches)
     Added NewGRF: GRF ID 4A4D0101, checksum 9ABAA3211849E0C55FB642521ECFB16F, filename: sailing_ships-0.3\sailing_ships.grf (md5sum matches)
     Added NewGRF: GRF ID 52455300, checksum 37C0B839B13C4B18051580C81EEDF427, filename: suburban_stations-1\ae_subuw.grf (md5sum matches)
     Added NewGRF: GRF ID F1250005, checksum 8FBA79BE1801507C96BB8DE8FFAA0F72, filename: firs_industry_replacement_set-0.6.1\firs.grf (md5sum matches)
---- gamelog end ----

*** End of OpenTTD Crash Report ***

Decoded stack trace:
[00] KERNELBASE           0x000007FEFD4BAA7D RaiseException + 61
[01] openttd              0x000000013FABCB01
[02] openttd              0x000000013FABBD86
[03] openttd              0x000000013F7E3E7D
[04] openttd              0x000000013F89F109
[05] openttd              0x000000013F7A7DFF
[06] openttd              0x000000013F7A7746
[07] openttd              0x000000013F8557FC
[08] openttd              0x000000013F87D65F
[09] openttd              0x000000013F80D641
[10] openttd              0x000000013F817D5B
[11] openttd              0x000000013F818187
[12] openttd              0x000000013F9C13F2
[13] USER32               0x000000007692C3C1 GetSystemMetrics + 689
[14] USER32               0x000000007692C60A GetSystemMetrics + 1274
[15] openttd              0x000000013F9C1BE5
[16] openttd              0x000000013F7E5B99
[17] openttd              0x000000013F9C427A
[18] openttd              0x000000013FABEA29
[19] kernel32             0x000000007680F56D BaseThreadInitThunk + 13
[20] ntdll                0x0000000076DB2CC1 RtlUserThreadStart + 33

*** End of additional info ***
