*** OpenTTD Crash Report ***

Crash at: Tue Mar 30 22:16:16 2010
In game date: 2008-01-18 (70)

Crash reason:
 Exception: C0000005
 Location:  004CC64E
 Message:   <none>

OpenTTD version:
 Version:    1.0.0-RC3 (0)
 NewGRF ver: 10004bf7
 Bits:       32
 Endian:     little
 Dedicated:  no
 Build date: Mar 17 2010 23:37:08

Registers:
 EAX: 0204A4A8 EBX: 00000000 ECX: 00000001 EDX: 00000005
 ESI: 00000000 EDI: 00020000 EBP: 0000FFFF ESP: 0012F8D0
 EIP: 004CC64E EFLAGS: 00010202

 Bytes at instruction pointer:
 80 7E 11 00 75 1D 41 3B CA 72 DA 5E C3 68 34 17 70 00 68 D0 16 70 00 6A

Stack trace:
 0204B450 004CFEF1 00773060 00773018 0012F910 00000000 00773018 00000000
 00020000 0012F8E0 0012F9B4 0012F9B4 006226B0 B668C1E6 FFFFFFFE 0061A2B2
 0012F9C0 004D83D8 00000001 00000000 00000000 006264BA 0061EDAA 00D121FC
 0012F970 006265B3 00000005 006265AA B60E245E 00000000 00762B90 00000000
 0012F93C 00000000 0012F940 006226B0 0012F9BC 006226B0 B668FFA6 FFFFFFFE
 006265AA 0061A23D 00000005 00621A97 00D3B350 0012F990 006199BC 00000015
 0012F9CC 0061A2DE 00762B90 0061A2B2 B60E24E2 5A54544F 00008A00 00D931E0
 0012F918 0012FFB0 0063E962 00000000 0012F9F0 00423379 00708188 00000000
 00000002 00000000 00D931E0 00DF96B8 0012F9F0 00000000 02DF96B8 00DF96B8
 0012FC38 004238C8 00D931E0 00000000 00000000 00000000 00421D05 00D931E0
 00DC9193 00DC91A3 00000000 00000000 00000001 0000039C 00000000 0012FA3C
 77F16E71 39011002 77D4B4D1 0054D09F 0021030E 0012FA80 0012FB2C 0054CD5C
 00000000 39011002 E6010D65 00D34258 0188000B 0185000F 01337ECF 00000084
 0000000C 005196CE 01348C16 0000000C E6010D65 00000001 00000000 00000000
 00000690 000003E2 00000000 00000000 B8338558 0054CD5C 804E3B2C 88F71008
 00000000 00000000 00000000 00000000 0000004C 0012FAF0 77D48709 0021030E
 0000000F 00000000 00000000 0054CD5C DCBAABCD 00000000 0012FB2C 0054CD5C
 0012FB58 77D48BB1 7FFDF000 0012FB58 77D48832 0012FB18 77D487FF 00000000
 0021030E 009481D8 00000014 00000001 00DC9193 00DC91A3 00000001 0000039C
 00000000 00000001 00000000 00000000 0012FB0C 00478884 0012FB9C 77D70494
 77D48808 FFFFFFFF 77D487FF 77D4B368 00000000 0054CD5C 0021030E 0000000F
 00000000 00000000 009481EC 77D4B373 0012FC88 0012FC80 009481D8 0012FBFC
 00000000 0012FB80 00000000 0012FC30 77D70494 77D4B378 FFFFFFFF 77D4B373
 77D4B3B4 009481D8 0000000F 00000000 77D4B3C4 00000000 00000000 00000000

Operating system:
 Name:     Windows
 Release:  5.1.2600 (Service Pack 2)
 Compiler: MSVC 1500

Configuration:
 Blitter:      8bpp-optimized
 Graphics set: original_windows
 Language:     english_US.lng
 Music driver: dmusic
 Music set:    NoMusic
 Network:      client
 Sound driver: win32
 Sound set:    original_windows
 Video driver: win32

AI Configuration (local: 0):
  0: Human
  1: Human
  2: Human
  3: Human
  4: Human

Libraries:
 FreeType:   2.3.12
 ICU:        4.2.1
 LZO:        2.03
 PNG:        1.2.43
 Zlib:       1.2.3

Module information:
 C:\Program Files\OpenTTD\openttd.exe handle: 00400000 size: 3670016 crc: 90FC6823 date: 2010-03-17 23:40:26
 C:\WINDOWS\system32\ntdll.dll handle: 7C900000 size: 714752 crc: 569A1EBE date: 2009-02-09 10:20:33
 C:\WINDOWS\system32\kernel32.dll handle: 7C800000 size: 986112 crc: 0A8B60F0 date: 2009-03-21 14:18:57
 C:\WINDOWS\system32\WINMM.dll handle: 76B40000 size: 176128 crc: 123646FA date: 2004-08-12 14:09:32
 C:\WINDOWS\system32\USER32.dll handle: 77D40000 size: 577024 crc: 23C4ACD0 date: 2004-08-12 14:08:06
 C:\WINDOWS\system32\GDI32.dll handle: 77F10000 size: 283648 crc: 1126793B date: 2008-10-23 13:01:36
 C:\WINDOWS\system32\ADVAPI32.dll handle: 77DD0000 size: 616960 crc: 21F8DD42 date: 2009-02-09 10:20:33
 C:\WINDOWS\system32\RPCRT4.dll handle: 77E70000 size: 584192 crc: 184BC00C date: 2009-04-15 15:11:19
 C:\WINDOWS\system32\Secur32.dll handle: 77FE0000 size: 56320 crc: 654C159D date: 2009-06-25 08:44:41
 C:\WINDOWS\system32\WS2_32.dll handle: 71AB0000 size: 82944 crc: 9738CC56 date: 2004-08-12 14:10:27
 C:\WINDOWS\system32\msvcrt.dll handle: 77C10000 size: 343040 crc: 5298C0C5 date: 2004-08-12 14:01:23
 C:\WINDOWS\system32\WS2HELP.dll handle: 71AA0000 size: 19968 crc: F5DD5AB6 date: 2004-08-12 14:10:26
 C:\WINDOWS\system32\SHELL32.dll handle: 7C9C0000 size: 8454656 crc: B441E258 date: 2008-07-03 13:16:57
 C:\WINDOWS\system32\SHLWAPI.dll handle: 77F60000 size: 474112 crc: 58D37A96 date: 2009-12-08 09:13:51
 C:\WINDOWS\WinSxS\x86_Microsoft.Windows.Common-Controls_6595b64144ccf1df_6.0.2600.2180_x-ww_a84f1ff9\comctl32.dll handle: 773D0000 size: 1050624 crc: 893FE926 date: 2004-08-12 13:55:50
 C:\WINDOWS\system32\comctl32.dll handle: 5D090000 size: 611328 crc: DD782FC8 date: 2004-08-12 13:56:07
 C:\WINDOWS\system32\SHFolder.dll handle: 76780000 size: 25088 crc: 2EC7582B date: 2004-08-12 14:05:10
 C:\WINDOWS\system32\wdmaud.drv handle: 72D20000 size: 23552 crc: 982E84EE date: 2004-08-04 05:56:58
 C:\WINDOWS\system32\WINTRUST.dll handle: 76C30000 size: 176640 crc: 88D208BD date: 2004-08-12 14:09:41
 C:\WINDOWS\system32\CRYPT32.dll handle: 77A80000 size: 597504 crc: 971ECFAA date: 2004-08-12 13:56:36
 C:\WINDOWS\system32\MSASN1.dll handle: 77B20000 size: 58880 crc: 547FDD77 date: 2009-09-04 20:45:26
 C:\WINDOWS\system32\IMAGEHLP.dll handle: 76C90000 size: 144384 crc: 714A70BC date: 2004-08-12 13:58:03
 C:\WINDOWS\system32\msacm32.drv handle: 72D10000 size: 20480 crc: D5406BAE date: 2004-08-12 14:00:29
 C:\WINDOWS\system32\MSACM32.dll handle: 77BE0000 size: 71680 crc: 6A21891E date: 2004-08-12 14:00:28
 C:\WINDOWS\system32\midimap.dll handle: 77BD0000 size: 18944 crc: 502B5282 date: 2004-08-12 13:59:47
 C:\WINDOWS\system32\uxtheme.dll handle: 5AD70000 size: 218624 crc: 5AA98F22 date: 2004-08-12 14:08:15
 C:\WINDOWS\system32\ole32.dll handle: 774E0000 size: 1281536 crc: 8A7E66C7 date: 2004-08-12 14:02:57
 C:\WINDOWS\system32\CLBCATQ.DLL handle: 76FD0000 size: 501248 crc: 258B91EE date: 2004-08-12 13:56:05
 C:\WINDOWS\system32\OLEAUT32.dll handle: 77120000 size: 553472 crc: 78035CFF date: 2004-08-12 14:02:58
 C:\WINDOWS\system32\COMRes.dll handle: 77050000 size: 792064 crc: 5A12B4A2 date: 2004-08-12 13:56:32
 C:\WINDOWS\system32\VERSION.dll handle: 77C00000 size: 18944 crc: CFE439BB date: 2004-08-12 14:08:21
 C:\WINDOWS\system32\dmime.dll handle: 5C570000 size: 181248 crc: F18E50F8 date: 2004-08-12 13:56:57
 C:\WINDOWS\system32\DSOUND.dll handle: 73F10000 size: 367616 crc: F0EFB582 date: 2004-08-12 13:57:09
 C:\WINDOWS\system32\dmusic.dll handle: 6C980000 size: 104448 crc: 0C1C73CE date: 2004-08-12 13:56:58
 C:\WINDOWS\system32\KsUser.dll handle: 73EE0000 size: 4096 crc: 519CF22C date: 2004-08-04 05:56:44
 C:\WINDOWS\system32\dmsynth.dll handle: 6C9A0000 size: 103424 crc: ECEFF055 date: 2004-08-12 13:56:58
 C:\WINDOWS\system32\dmloader.dll handle: 6CA10000 size: 35840 crc: CCCBFD58 date: 2004-08-12 13:56:57
 C:\WINDOWS\system32\mswsock.dll handle: 71A50000 size: 245248 crc: CE1B185F date: 2008-06-20 17:41:10
 C:\WINDOWS\system32\hnetcfg.dll handle: 662B0000 size: 344064 crc: 6CF15ACF date: 2004-08-12 13:57:46
 C:\WINDOWS\System32\wshtcpip.dll handle: 71A90000 size: 19968 crc: B88CC0E5 date: 2004-08-12 14:10:34
 C:\WINDOWS\system32\DNSAPI.dll handle: 76F20000 size: 148992 crc: 3325C2AE date: 2008-06-20 17:41:10
 C:\WINDOWS\system32\rasadhlp.dll handle: 76FC0000 size: 8192 crc: EFB09679 date: 2004-08-12 14:04:00
 C:\WINDOWS\system32\psapi.dll handle: 76BF0000 size: 23040 crc: 97A44A88 date: 2004-08-12 14:03:47

---- gamelog start ----
Tick 0: new game started
     Revision text changed to 1.0.0-RC3, savegame version 138, maybe modified, _openttd_newgrf_version = 0x10004bf7
     New game mode: 1 landscape: 0
Tick 20948: game loaded
     Revision text changed to 1.0.0-RC3, savegame version 138, not modified, _openttd_newgrf_version = 0x10004bf7
---- gamelog end ----

*** End of OpenTTD Crash Report ***
