*** OpenTTD Crash Report ***

Crash at: Fri Aug 16 17:37:56 2013
In game date: 0-01-01 (0)

Crash reason:
 Exception: C0000005
 Location:  000000013FE625A4
 Message:   <none>

OpenTTD version:
 Version:    r25723 (0)
 NewGRF ver: 1400647b
 Bits:       64
 Endian:     little
 Dedicated:  no
 Build date: Aug 15 2013 18:14:06

Registers:
 RAX: 0000000000000000 RBX: 00000000028C3320 RCX: 0000000000000000 RDX: 00000000028D90E0
 RSI: 0000000000000001 RDI: 000000000DE4D5B0 RBP: 00000000001CE430 RSP: 00000000001CE300
 R8:  0000000000000000 R9:  75746AC100130019 R10: 00000000001CDCB8 R11: 00000000001CE1C0
 R12: 000000000DEE31C0 R13: 00000000001CE4D8 R14: 00000000001CE532 R15: 0000000000000000
 RIP: 000000013FE625A4 EFLAGS: 00010202

 Bytes at instruction pointer:
 48 63 14 88 41 3B D0 7D 3B 48 8B 43 70 48 8D 0C 90 66 66 66 0F 1F 84 00

Stack trace:
 00000000 00000000 0DEE31C0 00000000 0DE4D5B0 00000000 00000001 00000000
 028C3320 00000000 3FADE519 00000001 0DE4D5B0 00000000 029AC070 00000000
 00000000 00000000 0DE4D5B0 00000000 0DEE324C 00000000 00000000 00000000
 00000000 00000000 02574AFE 00000000 00000008 00000000 001CE3A8 00000000
 00000000 00000000 00000000 0000000C 00000003 00000000 00000001 00000000
 028C3320 00000000 00000008 00000000 00000000 00000000 00000033 00000000
 00000000 00000000 00000000 00000000 029B5600 00000000 02574AC0 00000000
 00000000 00000000 0000000F 00000000 0DE464C0 00000000 0DE20000 00000000
 02570000 00000000 02574AC0 00000000 FFFFFFFE FFFFFFFF 3FF2ECA8 00000001
 00000600 00000000 00000000 00000000 00000002 00000002 00000000 00000000
 00000000 00000000 00000000 00000000 40786F08 00000001 00000000 00000000
 00000000 00000000 00000000 00000000 029DCA60 00000000 029DAF60 00000000
 406E7C40 00000001 0DE48500 00000000 001CED80 00000000 3FADA3FD 00000001
 001CE4D8 00000000 001CE532 00000000 7FFFFFFF 00000000 0000000C 00000001
 00000000 00000000 001CED80 00000000 FFFFFFFE FFFFFFFF 00000000 00000000
 00000000 00000000 001CE520 00000000 029DAF60 00000000 3FADA48B 00000001
 0DE48500 00000000 406E7C40 00000001 000000A1 00000000 000003FF 00000000
 4F8581EE 546E6570 72204454 32373532 02570033 00000000 02574AC0 00000000
 02574AC0 00000000 0DE588B0 00000000 0DE588B0 00000000 00000010 00000000
 029E7A01 00000000 00000020 00000000 00000910 00000000 00000880 00000000
 00000DBC 00000000 00000000 00000000 00000880 00000000 02574AC0 00000000
 02000002 00000000 0DE588B0 00000000 001CE5E0 00000000 00000010 00000000
 A400399D 00000000 00000000 00000000 00000000 00000000 02570230 00000000
 00000000 00000000 00000200 00000000 028776E0 00000000 02570158 00000000

Operating system:
 Name:     Windows
 Release:  6.1.7601 (Service Pack 1)
 Compiler: MSVC 1600

Configuration:
 Blitter:      8bpp-optimized
 Graphics set: OpenGFX (1021)
 Language:     C:\Users\terkhen\Desktop\Platy World Builder for FfH2\openttd-trunk-r25723-windows-win64\lang\spanish.lng
 Music driver: win32
 Music set:    OpenMSX (96)
 Network:      no
 Sound driver: win32
 Sound set:    OpenSFX (87)
 Video driver: win32

AI Configuration (local: 255):

Libraries:
 FreeType:   2.4.11
 ICU:        51.2
 LZMA:       5.0.4
 LZO:        2.06
 PNG:        1.5.14
 Zlib:       1.2.7

Module information:
 C:\Users\terkhen\Desktop\Platy World Builder for FfH2\openttd-trunk-r25723-windows-win64\openttd.exe handle: 000000013FAB0000 size: 13921280 crc: AD7B7F49 date: 2013-08-15 16:18:40
 C:\Windows\SYSTEM32\ntdll.dll handle: 0000000077530000 size: 1731920 crc: 71D20A99 date: 2011-11-17 06:41:18
 C:\Windows\system32\kernel32.dll handle: 0000000077310000 size: 1161216 crc: EC2F4AD5 date: 2012-11-30 05:41:07
 C:\Windows\system32\KERNELBASE.dll handle: 000007FEFD4E0000 size: 424448 crc: 2907A4D9 date: 2012-11-30 05:41:07
 C:\Windows\system32\WINMM.dll handle: 000007FEFB130000 size: 217600 crc: 7BC1529F date: 2009-07-14 01:41:56
 C:\Windows\system32\msvcrt.dll handle: 000007FEFF740000 size: 634880 crc: 9D1B448A date: 2011-12-16 08:46:06
 C:\Windows\system32\USER32.dll handle: 0000000077430000 size: 1008128 crc: 70FF7D7F date: 2010-11-21 03:24:09
 C:\Windows\system32\GDI32.dll handle: 000007FEFF1D0000 size: 403968 crc: 3D5BC405 date: 2010-11-21 03:24:03
 C:\Windows\system32\LPK.dll handle: 000007FEFF240000 size: 41984 crc: 350AF03B date: 2009-07-14 01:41:19
 C:\Windows\system32\USP10.dll handle: 000007FEFD740000 size: 800768 crc: ED52987B date: 2012-11-22 05:44:23
 C:\Windows\system32\WS2_32.dll handle: 000007FEFF250000 size: 297984 crc: 0F68689B date: 2010-11-21 03:24:28
 C:\Windows\system32\RPCRT4.dll handle: 000007FEFDF80000 size: 1219584 crc: 5217F07C date: 2010-11-21 03:24:02
 C:\Windows\system32\NSI.dll handle: 000007FEFDCA0000 size: 13824 crc: 53B46F6C date: 2009-07-14 01:41:53
 C:\Windows\system32\IMM32.dll handle: 000007FEFF480000 size: 167424 crc: 41B2805A date: 2009-07-14 01:41:09
 C:\Windows\system32\MSCTF.dll handle: 000007FEFEFE0000 size: 1067008 crc: 798DDDA0 date: 2009-07-14 01:41:28
 C:\Windows\system32\ADVAPI32.dll handle: 000007FEFEF00000 size: 877056 crc: FA615A20 date: 2009-07-14 01:40:01
 C:\Windows\SYSTEM32\sechost.dll handle: 000007FEFE0B0000 size: 113664 crc: 978CFAE5 date: 2009-07-14 01:41:53
 C:\Windows\system32\SHELL32.dll handle: 000007FEFE170000 size: 14172672 crc: 80527F5B date: 2012-06-09 05:43:10
 C:\Windows\system32\SHLWAPI.dll handle: 000007FEFF4B0000 size: 448512 crc: 086DF743 date: 2010-11-21 03:24:22
 C:\Windows\system32\nvinitx.dll handle: 000007FEFD2C0000 size: 266448 crc: 3463F76B date: 2013-06-21 12:06:36
 C:\Program Files\NVIDIA Corporation\CoProcManager\detoured.dll handle: 000000000F000000 size: 4096 crc: 64388172 date: 2013-03-15 05:53:06
 C:\Program Files\NVIDIA Corporation\CoProcManager\nvd3d9wrapx.dll handle: 000007FEFA6B0000 size: 330344 crc: 93E43F63 date: 2013-06-21 12:06:36
 C:\Windows\system32\SETUPAPI.dll handle: 000007FEFF2A0000 size: 1900544 crc: A364BD6A date: 2010-11-21 03:24:28
 C:\Windows\system32\CFGMGR32.dll handle: 000007FEFD550000 size: 207872 crc: 1984C339 date: 2010-11-21 03:24:00
 C:\Windows\system32\OLEAUT32.dll handle: 000007FEFF0F0000 size: 861696 crc: 1F331414 date: 2011-08-27 05:37:49
 C:\Windows\system32\ole32.dll handle: 000007FEFF530000 size: 2086912 crc: 72F91CD0 date: 2010-11-21 03:23:48
 C:\Windows\system32\DEVOBJ.dll handle: 000007FEFD5B0000 size: 93184 crc: A7541AE2 date: 2009-07-14 01:40:28
 C:\Program Files\NVIDIA Corporation\CoProcManager\nvdxgiwrapx.dll handle: 000007FEFA670000 size: 229392 crc: 86526BE1 date: 2013-06-21 12:06:36
 C:\Windows\system32\uxtheme.dll handle: 000007FEFBA10000 size: 332288 crc: B0A13DF9 date: 2009-07-14 01:41:56
 C:\Windows\system32\dwmapi.dll handle: 000007FEFB9F0000 size: 82432 crc: A459F360 date: 2009-07-14 01:40:34
 C:\Windows\system32\CRYPTBASE.dll handle: 000007FEFD1F0000 size: 44032 crc: F547C16E date: 2009-07-14 01:40:24
 C:\Windows\system32\CLBCatQ.DLL handle: 000007FEFDCB0000 size: 607744 crc: 939E35C9 date: 2009-07-14 01:40:15
 C:\Windows\system32\mswsock.dll handle: 000007FEFCB30000 size: 326144 crc: 136B1525 date: 2010-11-21 03:24:00
 C:\Windows\System32\wshtcpip.dll handle: 000007FEFC390000 size: 13312 crc: 5D1E2C55 date: 2009-07-14 01:41:58
 C:\Windows\system32\MMDevAPI.DLL handle: 000007FEFBA90000 size: 284160 crc: CDF2EF81 date: 2009-07-14 01:41:26
 C:\Windows\system32\PROPSYS.dll handle: 000007FEFB8B0000 size: 1212416 crc: B83FA3BE date: 2010-11-21 03:23:55
 C:\Windows\system32\wdmaud.drv handle: 000007FEFAF80000 size: 217088 crc: 12829973 date: 2010-11-21 03:24:32
 C:\Windows\system32\ksuser.dll handle: 00000000750F0000 size: 5120 crc: AA2071D9 date: 2009-07-14 01:41:13
 C:\Windows\system32\AVRT.dll handle: 000007FEFBB10000 size: 18432 crc: 5CE53CB7 date: 2009-07-14 01:40:05
 C:\Windows\system32\AUDIOSES.DLL handle: 000007FEFAC80000 size: 296448 crc: 90389554 date: 2010-11-21 03:24:32
 C:\Windows\system32\msacm32.drv handle: 000007FEFA8D0000 size: 25600 crc: 2B579A05 date: 2009-07-14 01:38:50
 C:\Windows\system32\MSACM32.dll handle: 000007FEFA8B0000 size: 83456 crc: 3D67538B date: 2009-07-14 01:41:27
 C:\Windows\system32\midimap.dll handle: 000007FEFA7A0000 size: 20480 crc: CB902A13 date: 2009-07-14 01:41:23
 C:\Windows\system32\psapi.dll handle: 0000000077700000 size: 9216 crc: 84B5E9BA date: 2009-07-14 01:41:53

---- gamelog start ----
Tick 0: new game started
     Revision text changed to r25723, savegame version 185, not modified, _openttd_newgrf_version = 0x1400647b
     New game mode: 0 landscape: 0
---- gamelog end ----

*** End of OpenTTD Crash Report ***

Decoded stack trace:
[00] openttd              0x000000013FE625A4
[01] openttd              0x000000013FADE519
[02] openttd              0x000000013FADA3FD
[03] openttd              0x000000013FADA48B
[04] openttd              0x000000013FB42A67
[05] openttd              0x000000013FB405D5
[06] openttd              0x000000013FB47711
[07] openttd              0x000000013FB7F74A
[08] openttd              0x000000013FAD8FE6
[09] openttd              0x000000013FB08401
[10] openttd              0x000000013FD7DFA7
[11] openttd              0x000000013FE6A5B4
[12] kernel32             0x000000007732652D BaseThreadInitThunk + 13
[13] ntdll                0x000000007755C521 RtlUserThreadStart + 33

*** End of additional info ***
